ERROR 15
ERROR 20
ERROR 21
ERROR 23
ERROR 27
ERROR 31
ERROR 32
ERROR 35
ERROR 36
ERROR 38
ERROR 39
ERROR 44
ERROR 52
ERROR 54
ERROR 56
ERROR 57
ERROR 58
ERROR 60
ERROR 66
ERROR 67
ERROR 72
ERROR 78
ERROR 84
ERROR 90
ERROR 93
ERROR 95
ERROR 97
ERROR 99
ERROR 102
ERROR 105
ERROR 107
ERROR 108
ERROR 109
ERROR 111
ERROR 112
ERROR 113
ERROR 114
ERROR 115
ERROR 119
ERROR 120
ERROR 123
ERROR 126
ERROR 127
ERROR 128
ERROR 129
ERROR 130
ERROR 133
ERROR 136
ERROR 137
ERROR 146
ERROR 147
ERROR 151
ERROR 156
ERROR 157
ERROR 160
ERROR 162
ERROR 165
ERROR 167
ERROR 172
ERROR 174
ERROR 175
ERROR 177
ERROR 179
ERROR 181
ERROR 185
ERROR 187
ERROR 188
ERROR 189
ERROR 190
ERROR 191
ERROR 192
ERROR 193
ERROR 202
ERROR 203
ERROR 205
ERROR 206
ERROR 207
ERROR 210
ERROR 212
ERROR 213
ERROR 217
ERROR 218
ERROR 221
ERROR 223
ERROR 225
ERROR 227
ERROR 229
ERROR 230
ERROR 235
ERROR 237
ERROR 241
ERROR 244
ERROR 246
ERROR 247
ERROR 251
ERROR 253
ERROR 255
ERROR 256
ERROR 260
ERROR 262
ERROR 264
ERROR 265
ERROR 270
ERROR 271
ERROR 272
ERROR 275
ERROR 276
ERROR 277
ERROR 278
ERROR 279
ERROR 280
ERROR 284
ERROR 286
ERROR 287
ERROR 289
ERROR 291
ERROR 292
ERROR 298
ERROR 299
ERROR 300
ERROR 301
ERROR 303
ERROR 305
ERROR 306
ERROR 307
ERROR 308
ERROR 309
ERROR 310
ERROR 311
ERROR 314
ERROR 315
ERROR 319
ERROR 320
ERROR 324
ERROR 325
ERROR 326
ERROR 327
ERROR 328
ERROR 331
ERROR 333
ERROR 334
ERROR 335
ERROR 339
ERROR 340
ERROR 341
ERROR 343
ERROR 344
ERROR 345
ERROR 347
ERROR 349
ERROR 351
ERROR 352
ERROR 353
ERROR 355
ERROR 359
ERROR 360
ERROR 361
ERROR 362
ERROR 363
ERROR 365
ERROR 370
ERROR 371
ERROR 372
ERROR 380
ERROR 381
ERROR 382
ERROR 383
ERROR 384
ERROR 385
ERROR 387
ERROR 389
ERROR 390
ERROR 391
ERROR 394
ERROR 399
ERROR 400
ERROR 402
ERROR 404
ERROR 409
ERROR 410
ERROR 412
ERROR 413
ERROR 414
ERROR 415
ERROR 416
ERROR 418
ERROR 419
ERROR 420
ERROR 421
ERROR 422
ERROR 423
ERROR 428
ERROR 430
ERROR 431
ERROR 432
ERROR 433
ERROR 438
ERROR 440
ERROR 441
ERROR 442
ERROR 443
ERROR 445
ERROR 448
ERROR 449
ERROR 451
ERROR 452
ERROR 455
ERROR 456
ERROR 457
ERROR 458
ERROR 459
ERROR 460
ERROR 461
ERROR 463
ERROR 465
ERROR 466
ERROR 468
ERROR 469
ERROR 472
ERROR 474
ERROR 475
ERROR 479
ERROR 480
ERROR 481
ERROR 483
ERROR 484
ERROR 486
ERROR 487
ERROR 488
ERROR 490
ERROR 492
ERROR 498
ERROR 500
ERROR 501
ERROR 503
ERROR 504
ERROR 508
ERROR 509
ERROR 510
ERROR 511
ERROR 512
ERROR 513
ERROR 514
ERROR 516
ERROR 519
ERROR 520
ERROR 521
ERROR 525
ERROR 527
ERROR 528
ERROR 530
ERROR 531
ERROR 532
ERROR 534
ERROR 538
ERROR 540
ERROR 541
ERROR 545
ERROR 547
ERROR 548
ERROR 551
ERROR 552
ERROR 559
ERROR 562
ERROR 565
ERROR 568
ERROR 570
ERROR 572
ERROR 573
ERROR 575
ERROR 576
ERROR 580
ERROR 581
ERROR 582
ERROR 583
ERROR 585
ERROR 586
ERROR 588
ERROR 590
ERROR 591
ERROR 593
ERROR 594
ERROR 597
ERROR 598
ERROR 599
