ERROR 9
ERROR 14
ERROR 15
ERROR 21
ERROR 23
ERROR 24
ERROR 26
ERROR 27
ERROR 28
ERROR 31
ERROR 32
ERROR 34
ERROR 35
ERROR 39
ERROR 40
ERROR 41
ERROR 42
ERROR 43
ERROR 47
ERROR 48
ERROR 49
ERROR 52
ERROR 53
ERROR 54
ERROR 58
ERROR 59
ERROR 64
ERROR 65
ERROR 67
ERROR 68
ERROR 69
ERROR 70
ERROR 72
ERROR 74
ERROR 75
ERROR 78
ERROR 80
ERROR 81
ERROR 84
ERROR 86
ERROR 87
ERROR 92
ERROR 95
ERROR 99
ERROR 103
ERROR 107
ERROR 109
ERROR 110
ERROR 112
ERROR 115
ERROR 117
ERROR 120
ERROR 123
ERROR 125
ERROR 126
ERROR 129
ERROR 133
ERROR 136
ERROR 137
ERROR 138
ERROR 141
ERROR 143
ERROR 145
ERROR 149
ERROR 151
ERROR 152
ERROR 153
ERROR 154
ERROR 159
ERROR 160
ERROR 161
ERROR 164
ERROR 165
ERROR 167
ERROR 169
ERROR 171
ERROR 173
ERROR 175
ERROR 176
ERROR 180
ERROR 181
ERROR 187
ERROR 188
ERROR 189
ERROR 191
ERROR 192
ERROR 202
ERROR 204
ERROR 211
ERROR 212
ERROR 214
ERROR 217
ERROR 218
ERROR 219
ERROR 221
ERROR 222
ERROR 223
ERROR 225
ERROR 227
ERROR 228
ERROR 229
ERROR 234
ERROR 235
ERROR 238
ERROR 241
ERROR 244
ERROR 246
ERROR 248
ERROR 250
ERROR 257
ERROR 259
ERROR 260
ERROR 261
ERROR 264
ERROR 270
ERROR 271
ERROR 272
ERROR 277
ERROR 284
ERROR 285
ERROR 286
ERROR 290
ERROR 291
ERROR 293
ERROR 294
ERROR 296
ERROR 297
ERROR 300
ERROR 301
ERROR 303
ERROR 304
ERROR 306
ERROR 308
ERROR 314
ERROR 315
ERROR 320
ERROR 321
ERROR 326
ERROR 328
ERROR 330
ERROR 332
ERROR 334
ERROR 336
ERROR 337
ERROR 341
ERROR 342
ERROR 344
ERROR 345
ERROR 350
ERROR 351
ERROR 352
ERROR 355
ERROR 358
ERROR 359
ERROR 361
ERROR 363
ERROR 365
ERROR 369
ERROR 373
ERROR 375
ERROR 376
ERROR 378
ERROR 390
ERROR 392
ERROR 395
ERROR 397
ERROR 399
ERROR 402
ERROR 403
ERROR 407
ERROR 408
ERROR 409
ERROR 414
ERROR 415
ERROR 416
ERROR 417
ERROR 418
ERROR 419
ERROR 421
ERROR 422
ERROR 423
ERROR 430
ERROR 433
ERROR 436
ERROR 437
ERROR 438
ERROR 441
ERROR 443
ERROR 446
ERROR 447
ERROR 449
ERROR 450
ERROR 451
ERROR 452
ERROR 453
ERROR 455
ERROR 456
ERROR 459
ERROR 460
ERROR 462
ERROR 466
ERROR 468
ERROR 472
ERROR 473
ERROR 478
ERROR 480
ERROR 481
ERROR 483
ERROR 484
ERROR 489
ERROR 491
ERROR 492
ERROR 494
ERROR 496
ERROR 498
ERROR 500
ERROR 501
ERROR 503
ERROR 504
ERROR 506
ERROR 507
ERROR 509
ERROR 510
ERROR 512
ERROR 513
ERROR 515
ERROR 518
ERROR 520
ERROR 521
ERROR 522
ERROR 530
ERROR 531
ERROR 532
ERROR 536
ERROR 537
ERROR 538
ERROR 539
ERROR 542
ERROR 544
ERROR 546
ERROR 547
ERROR 548
ERROR 549
ERROR 554
ERROR 555
ERROR 557
ERROR 558
ERROR 559
ERROR 560
ERROR 561
ERROR 562
ERROR 564
ERROR 565
ERROR 567
ERROR 568
ERROR 569
ERROR 572
ERROR 573
ERROR 577
ERROR 579
ERROR 582
ERROR 585
ERROR 587
ERROR 589
ERROR 591
ERROR 594
ERROR 596
ERROR 597
ERROR 599
ERROR 600
ERROR 601
ERROR 602
ERROR 603
ERROR 604
ERROR 606
ERROR 608
ERROR 609
ERROR 610
ERROR 618
ERROR 619
ERROR 620
ERROR 621
ERROR 622
ERROR 626
ERROR 628
ERROR 630
ERROR 631
ERROR 633
ERROR 634
ERROR 635
ERROR 638
ERROR 640
ERROR 642
ERROR 646
ERROR 647
