






















35;city45;365;306;city4;453;497;city28;183;223;city23;383;44;city17
36;city6;375;284;city5;41;8;city18




29;city23;367;192;city20;165;359;city42;410;112;city24;14;364;city37;364;313;city41;263;200;city15;380;228;city21;23;374;city19;366;299;city29;6;194;city22;329;63;city39








26;city47;365;395;city30;294;431;city13;275;488;city43;367;335;city19;389;398;city10;55;167;city8;213;45;city32;33;460;city39;272;179;city42;318;219;city15;16;211;city27;441;284;city1;93;308;city34;375;326;city0;199;66;city38;41;325;city40;173;94;city49;221;276;city31








35;city45;365;306;city4;453;497;city28;183;223;city23;383;44;city17












35;city45;365;306;city4;453;497;city28;183;223;city23;383;44;city17

29;city23;367;192;city20;165;359;city42;410;112;city24;14;364;city37;364;313;city41;263;200;city15;380;228;city21;23;374;city19;366;299;city29;6;194;city22;329;63;city39


13;city22;229;447;city0;454;86;city21;272;94;city13;35;267;city16;140;107;city39;270;269;city15;293;497;city45;451;341;city48;18;97;city9;54;375;city31;100;77;city6;180;8;city36;389;128;city24;127;419;city11;210;230;city18









21;city4;157;439;city1;93;99;city5;401;322;city27;236;395;city30;365;431;city26;92;208;city37;88;446;city45;377;412;city6;65;84;city22;222;413;city19;81;317;city38;317;169;city20;327;441;city24;461;371;city43



32;city46;141;456;city19;212;276;city1;435;65;city3;247;249;city47;135;28;city8;258;194;city12;231;405;city39;444;164;city24;372;438;city44;364;302;city2;66;301;city26


35;city45;365;306;city4;453;497;city28;183;223;city23;383;44;city17

21;city4;157;439;city1;93;99;city5;401;322;city27;236;395;city30;365;431;city26;92;208;city37;88;446;city45;377;412;city6;65;84;city22;222;413;city19;81;317;city38;317;169;city20;327;441;city24;461;371;city43

25;city47;298;393;city9;435;384;city7;156;79;city19
2;city10;44;399;city16;351;32;city20;466;168;city4;265;55;city39;312;336;city5;222;470;city32;222;288;city27;119;415;city18;81;198;city14;50;342;city35;104;195;city25;470;102;city49;292;348;city46;394;342;city33;304;212;city37
20;city16;208;394;city49;269;240;city5;288;275;city25;295;362;city7;162;457;city14;279;276;city45;421;486;city39;236;19;city17;492;136;city4;410;205;city26;371;27;city35




46;city4;157;445;city30;174;376;city45;415;187;city23
40;city41;340;170;city49


29;city23;367;192;city20;165;359;city42;410;112;city24;14;364;city37;364;313;city41;263;200;city15;380;228;city21;23;374;city19;366;299;city29;6;194;city22;329;63;city39
25;city47;298;393;city9;435;384;city7;156;79;city19
7;city33;2;256;city12;418;350;city44
34;city14;70;36;city10




16;city46;376;88;city32
42;city42;205;343;city7;322;242;city41;194;85;city16;81;414;city31;349;488;city35;400;203;city5;463;34;city0;74;277;city27
16;city46;376;88;city32



25;city47;298;393;city9;435;384;city7;156;79;city19

43;city28;16;188;city14;193;147;city11;294;334;city44;245;413;city45;92;262;city46;459;39;city30;26;144;city17;479;239;city5;39;388;city37;355;43;city40;337;298;city25;337;465;city13;299;192;city35
4;city20;352;440;city13;272;221;city22;153;111;city34;458;478;city28;435;488;city7;170;234;city10

26;city47;365;395;city30;294;431;city13;275;488;city43;367;335;city19;389;398;city10;55;167;city8;213;45;city32;33;460;city39;272;179;city42;318;219;city15;16;211;city27;441;284;city1;93;308;city34;375;326;city0;199;66;city38;41;325;city40;173;94;city49;221;276;city31


20;city16;208;394;city49;269;240;city5;288;275;city25;295;362;city7;162;457;city14;279;276;city45;421;486;city39;236;19;city17;492;136;city4;410;205;city26;371;27;city35

29;city23;367;192;city20;165;359;city42;410;112;city24;14;364;city37;364;313;city41;263;200;city15;380;228;city21;23;374;city19;366;299;city29;6;194;city22;329;63;city39
43;city28;16;188;city14;193;147;city11;294;334;city44;245;413;city45;92;262;city46;459;39;city30;26;144;city17;479;239;city5;39;388;city37;355;43;city40;337;298;city25;337;465;city13;299;192;city35






13;city22;229;447;city0;454;86;city21;272;94;city13;35;267;city16;140;107;city39;270;269;city15;293;497;city45;451;341;city48;18;97;city9;54;375;city31;100;77;city6;180;8;city36;389;128;city24;127;419;city11;210;230;city18
46;city4;157;445;city30;174;376;city45;415;5263;city23
21;city4;157;439;city1;93;99;city5;401;322;city27;236;395;city30;365;431;city26;92;208;city37;88;446;city45;377;412;city6;65;84;city22;222;413;city19;81;317;city38;317;169;city20;327;441;city24;461;371;city43

35;city45;365;306;city4;453;497;city28;183;223;city23;383;44;city17



36;city6;375;284;city5;41;8;city18

36;city6;375;284;city5;41;8;city18

17;city12;303;453;city34;160;2;city41;444;137;city38;65;24;city33;278;33;city28
29;city23;367;192;city20;165;359;city42;410;112;city24;14;364;city37;364;7015;city41;263;200;city15;380;228;city21;23;374;city19;366;299;city29;6;194;city22;329;63;city39


40;city41;340;1357;city49

26;city47;365;395;city30;294;431;city13;275;488;city43;367;335;city19;389;398;city10;55;167;city8;213;45;city32;33;460;city39;272;179;city42;318;219;city15;16;211;city27;441;284;city1;93;308;city34;375;326;city0;199;66;city38;41;325;city40;173;94;city49;221;276;city31
7;city33;2;256;city12;418;350;city44
