ERROR 1
ERROR 5
ERROR 6
ERROR 7
ERROR 8
ERROR 13
ERROR 16
ERROR 19
ERROR 21
ERROR 23
ERROR 28
ERROR 30
ERROR 32
ERROR 33
ERROR 34
ERROR 38
ERROR 45
ERROR 47
ERROR 48
ERROR 63
ERROR 67
ERROR 68
ERROR 69
ERROR 71
ERROR 76
ERROR 77
ERROR 78
ERROR 81
ERROR 82
ERROR 86
ERROR 87
ERROR 88
ERROR 89
ERROR 97
ERROR 98
ERROR 102
ERROR 104
ERROR 107
ERROR 112
ERROR 113
ERROR 115
ERROR 124
ERROR 125
ERROR 127
ERROR 129
ERROR 131
ERROR 135
ERROR 138
ERROR 140
ERROR 141
ERROR 144
ERROR 145
ERROR 147
ERROR 150
ERROR 152
ERROR 153
ERROR 154
ERROR 155
ERROR 156
ERROR 158
ERROR 159
ERROR 162
ERROR 165
ERROR 167
ERROR 170
ERROR 171
ERROR 172
ERROR 173
ERROR 177
ERROR 180
ERROR 183
ERROR 184
ERROR 186
ERROR 187
ERROR 188
ERROR 189
ERROR 191
ERROR 194
ERROR 199
ERROR 202
ERROR 205
ERROR 209
ERROR 210
ERROR 211
ERROR 212
ERROR 213
ERROR 215
ERROR 217
ERROR 218
ERROR 220
ERROR 221
ERROR 224
ERROR 231
ERROR 233
ERROR 234
ERROR 235
ERROR 236
ERROR 237
ERROR 238
ERROR 239
ERROR 240
ERROR 245
ERROR 247
ERROR 248
ERROR 249
ERROR 250
ERROR 251
ERROR 252
ERROR 255
ERROR 256
ERROR 259
ERROR 261
ERROR 265
ERROR 267
ERROR 269
ERROR 270
ERROR 271
ERROR 273
ERROR 275
ERROR 276
ERROR 277
ERROR 278
ERROR 284
ERROR 285
ERROR 287
ERROR 288
ERROR 290
ERROR 294
ERROR 299
ERROR 300
ERROR 305
ERROR 307
ERROR 312
ERROR 314
ERROR 316
ERROR 318
ERROR 319
ERROR 322
ERROR 323
ERROR 325
ERROR 326
ERROR 328
ERROR 329
ERROR 331
ERROR 332
ERROR 333
ERROR 334
ERROR 337
ERROR 341
ERROR 343
ERROR 347
ERROR 348
ERROR 350
ERROR 351
ERROR 353
ERROR 356
ERROR 357
ERROR 358
ERROR 359
ERROR 361
ERROR 362
ERROR 363
ERROR 365
ERROR 368
ERROR 370
ERROR 372
ERROR 373
ERROR 374
ERROR 381
ERROR 382
ERROR 385
ERROR 386
ERROR 387
ERROR 388
ERROR 389
ERROR 391
ERROR 392
ERROR 394
ERROR 396
ERROR 400
ERROR 403
ERROR 405
ERROR 408
ERROR 409
ERROR 410
ERROR 413
ERROR 415
ERROR 417
ERROR 419
ERROR 425
ERROR 428
ERROR 430
ERROR 431
ERROR 433
ERROR 436
ERROR 439
ERROR 441
ERROR 444
ERROR 446
ERROR 448
ERROR 449
ERROR 455
ERROR 457
ERROR 458
ERROR 459
ERROR 461
ERROR 463
ERROR 464
ERROR 466
ERROR 467
ERROR 468
ERROR 469
ERROR 470
ERROR 471
ERROR 474
ERROR 475
ERROR 476
ERROR 478
ERROR 482
ERROR 484
ERROR 485
ERROR 486
ERROR 487
ERROR 489
ERROR 490
ERROR 493
ERROR 494
ERROR 495
ERROR 497
ERROR 499
ERROR 501
ERROR 503
ERROR 504
ERROR 506
ERROR 510
ERROR 513
ERROR 515
ERROR 517
ERROR 519
ERROR 520
ERROR 521
ERROR 522
ERROR 527
ERROR 529
ERROR 531
ERROR 532
ERROR 533
ERROR 534
ERROR 535
ERROR 538
ERROR 541
ERROR 543
ERROR 544
ERROR 546
ERROR 549
ERROR 551
ERROR 553
ERROR 554
ERROR 556
ERROR 559
ERROR 560
ERROR 561
ERROR 562
ERROR 565
ERROR 567
ERROR 568
ERROR 570
ERROR 575
ERROR 576
ERROR 577
ERROR 578
ERROR 580
ERROR 582
ERROR 584
ERROR 585
ERROR 586
ERROR 590
ERROR 592
ERROR 593
ERROR 595
ERROR 597
ERROR 599
ERROR 600
ERROR 601
ERROR 602
ERROR 604
ERROR 606
ERROR 608
ERROR 613
ERROR 614
ERROR 617
ERROR 620
ERROR 622
ERROR 624
ERROR 625
ERROR 627
ERROR 629
ERROR 631
ERROR 633
ERROR 634
ERROR 637
ERROR 638
ERROR 639
ERROR 641
ERROR 642
ERROR 643
ERROR 647
ERROR 648
ERROR 649
ERROR 650
ERROR 651
ERROR 652
ERROR 653
ERROR 655
ERROR 656
ERROR 657
ERROR 659
ERROR 661
ERROR 663
ERROR 670
ERROR 673
ERROR 674
ERROR 675
ERROR 679
ERROR 680
ERROR 681
ERROR 682
ERROR 684
ERROR 687
ERROR 688
ERROR 689
ERROR 690
ERROR 692
ERROR 694
ERROR 695
ERROR 696
ERROR 698
ERROR 700
ERROR 704
ERROR 705
ERROR 707
ERROR 709
ERROR 711
ERROR 712
ERROR 713
ERROR 715
ERROR 717
ERROR 718
ERROR 719
ERROR 721
ERROR 722
ERROR 724
ERROR 725
ERROR 726
ERROR 727
ERROR 729
ERROR 731
ERROR 732
ERROR 733
ERROR 734
ERROR 735
ERROR 736
ERROR 739
ERROR 740
ERROR 741
ERROR 744
ERROR 745
ERROR 748
ERROR 752
ERROR 753
ERROR 754
ERROR 756
ERROR 757
ERROR 758
ERROR 761
ERROR 762
ERROR 763
ERROR 764
ERROR 766
ERROR 767
ERROR 768
ERROR 769
ERROR 772
ERROR 776
ERROR 777
ERROR 780
ERROR 782
ERROR 783
ERROR 785
ERROR 792
ERROR 793
ERROR 796
ERROR 797
ERROR 799
ERROR 800
ERROR 801
ERROR 802
ERROR 805
ERROR 808
ERROR 809
ERROR 811
ERROR 812
ERROR 813
ERROR 814
ERROR 815
ERROR 818
ERROR 819
ERROR 820
ERROR 824
ERROR 826
ERROR 828
ERROR 830
ERROR 831
ERROR 835
ERROR 836
ERROR 837
ERROR 839
ERROR 840
ERROR 842
ERROR 843
ERROR 847
ERROR 850
ERROR 852
ERROR 855
ERROR 856
ERROR 857
ERROR 858
ERROR 859
ERROR 860
ERROR 862
ERROR 863
ERROR 867
ERROR 868
ERROR 869
ERROR 871
ERROR 872
ERROR 873
ERROR 875
ERROR 881
ERROR 882
ERROR 883
ERROR 884
ERROR 886
ERROR 891
ERROR 892
ERROR 893
ERROR 894
ERROR 895
ERROR 897
ERROR 898
ERROR 899
ERROR 900
ERROR 901
ERROR 904
ERROR 906
ERROR 908
ERROR 909
ERROR 910
ERROR 912
ERROR 913
ERROR 914
ERROR 917
ERROR 918
ERROR 919
ERROR 921
