ERROR 1
ERROR 6
ERROR 10
ERROR 15
ERROR 19
ERROR 27
ERROR 29
ERROR 30
ERROR 31
ERROR 34
ERROR 35
ERROR 36
ERROR 37
ERROR 38
ERROR 40
ERROR 41
ERROR 44
ERROR 45
ERROR 47
ERROR 48
ERROR 54
ERROR 58
ERROR 63
ERROR 64
ERROR 67
ERROR 69
ERROR 70
ERROR 73
ERROR 74
ERROR 75
ERROR 76
ERROR 77
ERROR 78
ERROR 79
ERROR 80
ERROR 83
ERROR 84
ERROR 85
ERROR 86
ERROR 87
ERROR 89
ERROR 90
ERROR 92
ERROR 94
ERROR 97
ERROR 98
ERROR 101
ERROR 103
ERROR 105
ERROR 106
ERROR 108
ERROR 111
ERROR 112
ERROR 115
ERROR 117
ERROR 121
ERROR 122
ERROR 124
ERROR 128
ERROR 130
ERROR 131
ERROR 134
ERROR 140
ERROR 146
ERROR 147
ERROR 148
ERROR 149
ERROR 150
ERROR 151
ERROR 153
ERROR 155
ERROR 158
ERROR 159
ERROR 160
ERROR 162
ERROR 163
ERROR 166
ERROR 167
ERROR 170
ERROR 171
ERROR 172
ERROR 173
ERROR 176
ERROR 178
ERROR 179
ERROR 180
ERROR 181
ERROR 184
ERROR 186
ERROR 187
ERROR 191
ERROR 192
ERROR 196
ERROR 197
ERROR 198
ERROR 200
ERROR 201
ERROR 202
ERROR 203
ERROR 205
ERROR 210
ERROR 212
ERROR 214
ERROR 215
ERROR 217
ERROR 221
ERROR 222
ERROR 226
ERROR 228
ERROR 230
ERROR 232
ERROR 236
ERROR 237
ERROR 238
ERROR 239
ERROR 242
ERROR 243
ERROR 244
ERROR 245
ERROR 249
ERROR 250
ERROR 251
ERROR 252
ERROR 253
ERROR 254
ERROR 255
ERROR 256
ERROR 257
ERROR 259
ERROR 261
ERROR 262
ERROR 270
ERROR 272
ERROR 274
ERROR 277
ERROR 278
ERROR 280
ERROR 283
ERROR 284
ERROR 286
ERROR 288
ERROR 289
ERROR 290
ERROR 291
ERROR 292
ERROR 293
ERROR 295
ERROR 298
ERROR 300
ERROR 302
ERROR 306
ERROR 307
ERROR 308
ERROR 309
ERROR 312
ERROR 313
ERROR 315
ERROR 316
ERROR 317
ERROR 319
ERROR 321
ERROR 322
ERROR 323
ERROR 325
ERROR 326
ERROR 328
ERROR 329
ERROR 332
ERROR 336
ERROR 338
ERROR 339
ERROR 340
ERROR 341
ERROR 342
ERROR 343
ERROR 347
ERROR 348
ERROR 350
ERROR 355
ERROR 357
ERROR 358
ERROR 361
ERROR 362
ERROR 363
ERROR 365
ERROR 367
ERROR 368
ERROR 369
ERROR 373
ERROR 376
ERROR 379
ERROR 380
ERROR 381
ERROR 382
ERROR 384
ERROR 387
ERROR 390
ERROR 392
ERROR 394
ERROR 395
ERROR 398
ERROR 399
ERROR 400
ERROR 401
ERROR 405
ERROR 406
ERROR 409
ERROR 411
ERROR 413
ERROR 414
ERROR 419
ERROR 420
ERROR 422
ERROR 425
ERROR 426
ERROR 436
ERROR 438
ERROR 441
ERROR 442
ERROR 448
ERROR 451
ERROR 453
ERROR 454
ERROR 456
ERROR 458
ERROR 459
ERROR 460
ERROR 462
ERROR 463
ERROR 465
ERROR 466
ERROR 467
ERROR 470
ERROR 473
ERROR 474
ERROR 477
ERROR 478
ERROR 480
ERROR 481
ERROR 482
ERROR 483
ERROR 485
ERROR 487
ERROR 488
ERROR 489
ERROR 490
ERROR 491
ERROR 496
ERROR 497
ERROR 499
ERROR 502
ERROR 503
ERROR 504
ERROR 509
ERROR 510
ERROR 511
ERROR 513
ERROR 514
ERROR 515
ERROR 517
ERROR 522
ERROR 523
ERROR 524
ERROR 525
ERROR 526
ERROR 527
ERROR 530
