







11;city2;405;315;city28;417;157;city6;104;31;city26;321;379;city43;499;374;city29;86;477;city15;204;239;city30;406;205;city13;77;260;city5;14;413;city25;262;195;city17;277;106;city14;59;237;city38;57;140;city16;438;254;city41;106;426;city0;335;303;city10;178;311;city24
31;city41;252;232;city42;102;88;city32;260;56;city0;142;425;city22;347;84;city24









14;city28;16;404;city8;253;168;city17

46;city27;116;344;city24;375;344;city35;94;118;city15;470;294;city8;146;372;city40

22;city45;136;484;city13;7;5;city6;174;275;city36;79;435;city18;294;228;city41;149;412;city11;82;53;city27

5;city9;352;128;city21;357;229;city46;394;467;city33;200;360;city17;205;263;city49;408;28;city10


11;city2;405;315;city28;417;157;city6;104;31;city26;321;379;city43;499;374;city29;86;477;city15;204;239;city30;406;205;city13;77;260;city5;14;413;city25;262;195;city17;277;106;city14;59;237;city38;57;140;city16;438;254;city41;106;426;city0;335;303;city10;178;311;city24
31;city41;252;232;city42;102;88;city32;260;56;city0;142;425;city22;347;84;city24


43;city0;401;97;city11;145;372;city42;169;244;city34;491;134;city9;371;412;city33;341;223;city7;326;199;city19;358;478;city31;186;265;city5;80;394;city16;341;196;city26






43;city0;401;97;city11;145;372;city42;169;244;city34;491;134;city9;371;412;city33;341;223;city7;326;199;city19;358;478;city31;186;265;city5;80;394;city16;341;196;city26
36;city2;491;193;city18;218;223;city14



22;city45;136;484;city13;7;5;city6;174;275;city36;79;435;city18;294;228;city41;149;412;city11;82;53;city27

6;city4;139;166;city11;292;439;city31;421;302;city40;159;462;city30;432;419;city25;292;351;city26;247;183;city27
15;city42;266;452;city29;197;130;city38;274;304;city1;83;306;city44;468;442;city43;446;471;city3;222;473;city47;462;294;city19


6;city4;139;166;city11;292;439;city31;421;302;city40;159;462;city30;432;419;city25;292;351;city26;247;183;city27
31;city41;252;232;city42;102;88;city32;260;56;city0;142;425;city22;347;84;city24

5;city9;352;128;city21;357;229;city46;394;467;city33;200;360;city17;205;263;city49;408;28;city10


1;city26;96;456;city46;56;398;city14;24;428;city20;271;26;city33;420;313;city36;74;369;city12;500;376;city11;212;332;city49;347;369;city27
34;city7;3;115;city18;477;484;city21;405;470;city14;49;237;city28;30;72;city15;217;83;city2;248;435;city34;203;90;city10;287;485;city46;64;191;city9;295;126;city48
7;city45;207;387;city0;409;451;city1;303;89;city49;305;91;city42
21;city37;286;201;city42;408;5296;city18;47;383;city20;246;83;city8;302;90;city35;294;177;city46

44;city38;380;273;city21;211;447;city48;269;473;city43;232;90;city35;483;261;city33
26;city44;284;417;city42;182;295;city4
1;city26;96;456;city46;56;398;city14;24;428;city20;271;26;city33;420;313;city36;74;369;city12;500;376;city11;212;332;city49;347;369;city27
23;city29;75;101;city28;388;28;city39


45;city34;406;39;city41

23;city29;75;101;city28;388;28;city39
7;city45;207;387;city0;409;451;city1;303;89;city49;305;91;city42
11;city2;405;315;city28;417;157;city6;104;31;city26;321;379;city43;499;374;city29;86;477;city15;204;239;city30;406;205;city13;77;260;city5;14;413;city25;262;195;city17;277;106;city14;59;237;city38;57;140;city16;438;254;city41;106;426;city0;335;303;city10;178;311;city24
31;city41;252;232;city42;102;88;city32;260;56;city0;142;425;city22;347;84;city24
37;city43;60;338;city22;326;234;city5
49;city6;45;257;city24;360;110;city14;111;318;city7;181;413;city11;395;141;city30;282;217;city5

17;city34;313;278;city20;11;94;city48;197;457;city22;325;448;city3;163;117;city0

35;city30;483;432;city45;386;385;city23;253;334;city24;106;151;city31;48;77;city1;14;417;city7;10;114;city41;231;35;city13


41;city33;134;464;city29;201;97;city25;254;414;city10;289;356;city37;77;247;city38;358;131;city35;451;434;city23;282;368;city21;53;114;city24;296;303;city28;246;248;city27;328;159;city42;302;17;city2;394;3;city36;202;269;city48;19;699;city8


35;city30;483;432;city45;386;385;city23;253;334;city24;106;151;city31;48;77;city1;14;417;city7;10;114;city41;231;35;city13

41;city33;134;464;city29;201;97;city25;254;414;city10;289;356;city37;77;247;city38;358;131;city35;451;434;city23;282;368;city21;53;114;city24;296;303;city28;246;248;city27;328;159;city42;302;17;city2;394;3;city36;202;269;city48;19;699;city8


36;city2;491;193;city18;218;223;city14
5;city9;352;128;city21;357;229;city46;394;467;city33;200;360;city17;205;263;city49;408;28;city10

34;city7;3;115;city18;477;484;city21;405;470;city14;49;237;city28;30;72;city15;217;83;city2;248;435;city34;203;90;city10;287;485;city46;64;191;city9;295;126;city48
44;city38;380;273;city21;211;447;city48;269;473;city43;232;90;city35;483;261;city33


45;city34;406;39;city41

41;city33;134;464;city29;201;97;city25;254;414;city10;289;356;city37;77;247;city38;358;131;city35;451;434;city23;282;368;city21;53;114;city24;296;303;city28;246;248;city27;328;159;city42;302;17;city2;394;3;city36;202;269;city48;19;699;city8
7;city45;207;387;city0;409;451;city1;303;89;city49;305;91;city42

17;city34;313;278;city20;11;94;city48;197;457;city22;325;448;city3;163;117;city0
3;city46;367;9661;city1;354;437;city15
41;city33;134;464;city29;201;97;city25;254;414;city10;289;356;city37;77;247;city38;358;131;city35;451;434;city23;282;368;city21;53;114;city24;296;303;city28;246;248;city27;328;159;city42;302;17;city2;394;3;city36;202;269;city48;19;699;city8
45;city34;406;39;city41
12;city27;241;169;city1;280;305;city25
23;city29;75;101;city28;388;28;city39

15;city42;266;452;city29;197;130;city38;274;304;city1;83;306;city44;468;442;city43;446;471;city3;222;473;city47;462;294;city19
6;city4;139;166;city11;292;439;city31;421;302;city40;159;462;city30;432;419;city25;292;351;city26;247;183;city27
34;city7;3;115;city18;477;484;city21;405;470;city14;49;237;city28;30;72;city15;217;83;city2;248;435;city34;203;90;city10;287;485;city46;64;191;city9;295;126;city48
41;city33;134;464;city29;201;97;city25;254;414;city10;289;356;city37;77;247;city38;358;131;city35;451;434;city23;282;368;city21;53;114;city24;296;303;city28;246;248;city27;328;159;city42;302;17;city2;394;3;city36;202;269;city48;19;699;city8

38;city11;15;305;city37;438;329;city6
4;city4;307;329;city12;469;486;city3;205;211;city23;34;154;city5;213;61;city21;438;19;city16;225;308;city10
41;city33;134;464;city29;201;97;city25;254;414;city10;289;356;city37;77;247;city38;358;131;city35;451;434;city23;282;368;city21;53;114;city24;296;303;city28;246;248;city27;328;159;city42;302;17;city2;394;3;city36;202;269;city48;19;699;city8

12;city27;241;169;city1;280;305;city25
26;city44;284;417;city42;182;295;city4
39;city36;68;281;city47;341;12;city32;9;344;city11
47;city12;500;250;city17


38;city11;15;305;city37;438;329;city6
39;city36;68;281;city47;341;12;city32;9;344;city11

4;city4;307;329;city12;469;486;city3;205;211;city23;34;154;city5;213;61;city21;438;19;city16;225;308;city10


31;city41;252;232;city42;102;88;city32;260;56;city0;142;425;city22;347;84;city24
49;city6;45;257;city24;360;110;city14;111;318;city7;181;413;city11;395;141;city30;282;217;city5

49;city6;45;257;city24;360;110;city14;111;318;city7;181;413;city11;395;141;city30;282;217;city5



14;city28;16;404;city8;253;168;city17

13;city31;159;206;city7;399;229;city3;339;259;city14;470;323;city13;274;290;city28;139;273;city43;23;91;city27

13;city31;159;206;city7;399;229;city3;339;259;city14;470;323;city13;274;290;city28;139;273;city43;23;91;city27
31;city41;252;232;city42;102;88;city32;260;56;city0;142;425;city22;347;84;city24
34;city7;3;115;city18;477;484;city21;405;470;city14;49;237;city28;30;72;city15;217;83;city2;248;435;city34;203;90;city10;287;485;city46;64;191;city9;295;126;city48
8;city19;179;472;city46;195;70;city25;341;193;city43
3;city46;367;9661;city1;354;437;city15
38;city11;15;305;city37;438;329;city6
45;city34;406;39;city41
14;city28;16;404;city8;253;168;city17
6;city4;139;166;city11;292;439;city31;421;302;city40;159;462;city30;432;419;city25;292;351;city26;247;183;city27


7;city45;207;387;city0;409;451;city1;303;89;city49;305;91;city42
47;city12;500;250;city17
14;city28;16;404;city8;253;168;city17

11;city2;405;315;city28;417;157;city6;104;31;city26;321;3450;city43;499;374;city29;86;477;city15;204;239;city30;406;205;city13;77;260;city5;14;413;city25;262;195;city17;277;106;city14;59;237;city38;57;140;city16;438;254;city41;106;426;city0;335;303;city10;178;311;city24
3;city46;367;9661;city1;354;437;city15

22;city45;136;484;city13;7;5;city6;174;275;city36;79;435;city18;294;228;city41;149;412;city11;82;53;city27
16;city44;396;267;city45;435;259;city5;287;187;city1;442;21;city48


15;city42;266;452;city29;197;130;city38;274;304;city1;83;306;city44;468;442;city43;446;471;city3;222;473;city47;462;2568;city19
35;city30;483;432;city45;386;385;city23;253;334;city24;106;151;city31;48;77;city1;14;417;city7;10;114;city41;231;35;city13
36;city2;491;193;city18;218;223;city14
26;city44;284;417;city42;182;295;city4
45;city34;406;39;city41

37;city43;60;338;city22;326;234;city5
4;city4;307;329;city12;469;486;city3;205;211;city23;34;154;city5;213;61;city21;438;19;city16;225;308;city10

37;city43;60;338;city22;326;234;city5

7;city45;207;387;city0;409;451;city1;303;89;city49;305;91;city42
14;city28;16;404;city8;253;168;city17
15;city42;266;452;city29;197;130;city38;274;304;city1;83;306;city44;468;442;city43;446;471;city3;222;473;city47;462;2568;city19
23;city29;75;101;city28;388;28;city39

6;city4;139;166;city11;292;439;city31;421;302;city40;159;462;city30;432;419;city25;292;351;city26;247;183;city27
37;city43;60;338;city22;326;234;city5
6;city4;139;166;city11;292;439;city31;421;302;city40;159;462;city30;432;419;city25;292;351;city26;247;183;city27
22;city45;136;484;city13;7;5;city6;174;275;city36;79;435;city18;294;228;city41;149;412;city11;82;53;city27


19;city31;352;175;city20;197;349;city43;223;262;city18;182;75;city48;418;94;city19;81;471;city10;90;340;city22;47;179;city17;36;460;city21;392;241;city26;473;451;city47;221;4715;city40;298;23;city4;125;89;city0;452;139;city24;492;124;city34;297;95;city35;109;81;city14;321;213;city32
23;city29;75;101;city28;388;28;city39
34;city7;3;115;city18;477;484;city21;405;470;city14;49;237;city28;30;72;city15;217;83;city2;248;435;city34;203;90;city10;287;485;city46;64;191;city9;295;126;city48
38;city11;15;305;city37;438;329;city6
13;city31;159;206;city7;399;229;city3;339;9583;city14;470;323;city13;274;290;city28;139;273;city43;23;91;city27
12;city27;241;169;city1;280;305;city25



13;city31;159;206;city7;399;229;city3;339;9583;city14;470;323;city13;274;290;city28;139;273;city43;23;91;city27
22;city45;136;484;city13;7;5;city6;174;275;city36;79;435;city18;294;228;city41;149;412;city11;82;53;city27
43;city0;401;97;city11;145;372;city42;169;244;city34;491;134;city9;371;412;city33;341;223;city7;326;199;city19;358;478;city31;186;265;city5;80;394;city16;341;196;city26
5;city9;352;128;city21;357;229;city46;394;467;city33;200;4867;city17;205;263;city49;408;28;city10

11;city2;405;315;city28;417;157;city6;104;31;city26;321;3450;city43;499;374;city29;86;477;city15;204;239;city30;406;205;city13;77;260;city5;14;413;city25;262;195;city17;277;106;city14;59;237;city38;57;140;city16;438;254;city41;106;426;city0;335;303;city10;178;311;city24
5;city9;352;128;city21;357;229;city46;394;467;city33;200;4867;city17;205;263;city49;408;28;city10
9;city6;418;198;city14;24;705;city29;178;477;city12;28;300;city31;47;478;city35;496;195;city27;251;9517;city33;370;190;city28;434;413;city19
22;city45;136;484;city13;7;5;city6;174;275;city36;79;435;city18;294;228;city41;149;412;city11;82;53;city27
15;city42;266;452;city29;197;130;city38;274;304;city1;83;306;city44;468;442;city43;446;471;city3;222;473;city47;462;2568;city19

16;city44;396;267;city45;435;259;city5;287;187;city1;442;21;city48
31;city41;252;232;city42;102;88;city32;260;56;city0;142;425;city22;347;84;city24
12;city27;241;169;city1;280;305;city25
28;city38;340;232;city45;236;413;city29
