




12;city18;45;113;city34;15;444;city1;272;247;city16;418;20;city19;424;481;city23





12;city18;45;113;city34;15;444;city1;272;247;city16;418;20;city19;424;481;city23
12;city18;45;113;city34;15;444;city1;272;247;city16;418;20;city19;424;481;city23










24;city41;183;102;city30;104;288;city7;201;408;city22;121;462;city35;366;275;city36;29;34;city14;189;492;city47;390;348;city24;107;4620;city33;315;73;city15;211;330;city12;371;179;city3;140;129;city25




45;city48;262;353;city2;193;125;city41;119;459;city34;420;205;city40;200;126;city30;406;192;city45;69;69;city43
38;city10;308;216;city6;317;361;city18;229;20;city3;14;246;city15;494;42;city2;92;26;city47;431;373;city21;279;84;city9;294;42;city24;392;485;city0;20;70;city12;284;480;city39



3;city32;299;13;city16;297;276;city28;377;183;city19;462;423;city8
36;city33;151;181;city31;387;240;city1;246;13;city13;430;358;city6;224;307;city11;202;299;city18;115;113;city22;93;412;city10;47;316;city27;333;475;city19;116;259;city35;24;102;city7;354;17;city34;379;275;city2;69;146;city8;70;175;city40
7;city47;51;323;city26;46;461;city41;112;41;city6;65;141;city24;30;380;city42;189;416;city17;398;323;city13;193;444;city19;65;298;city0


45;city48;262;353;city2;193;125;city41;119;459;city34;420;205;city40;200;126;city30;406;192;city45;69;69;city43
24;city41;183;102;city30;104;288;city7;201;408;city22;121;462;city35;366;275;city36;29;34;city14;189;492;city47;390;348;city24;107;4620;city33;315;73;city15;211;330;city12;371;179;city3;140;129;city25
36;city33;151;181;city31;387;240;city1;246;13;city13;430;358;city6;224;307;city11;202;299;city18;115;113;city22;93;412;city10;47;316;city27;333;475;city19;116;259;city35;24;102;city7;354;17;city34;379;275;city2;69;146;city8;70;175;city40
32;city31;50;97;city32
18;city10;411;454;city9;277;275;city17;76;360;city8
40;city29;15;161;city7;439;7;city47;151;360;city49;55;51;city35;268;264;city8;342;139;city36;174;23;city13

1;city39;188;499;city14;405;6;city22;71;469;city25;136;1127;city21;88;349;city38;427;14;city6





10;city11;105;467;city29;356;369;city27;21;246;city38;4;291;city35;445;118;city41;71;34;city12


7;city47;51;323;city26;46;461;city41;112;41;city6;65;141;city24;30;380;city42;189;416;city17;398;323;city13;193;444;city19;65;298;city0

18;city10;411;454;city9;277;275;city17;76;360;city8

32;city31;50;97;city32
38;city10;308;216;city6;317;361;city18;229;20;city3;14;246;city15;494;42;city2;92;26;city47;431;373;city21;279;84;city9;294;42;city24;392;485;city0;20;70;city12;284;480;city39

1;city39;188;499;city14;405;6;city22;71;469;city25;136;1127;city21;88;349;city38;427;14;city6

41;city7;361;123;city2;60;196;city36;156;60;city38;337;161;city29;491;333;city21;103;406;city39;478;281;city35;251;361;city26
7;city47;51;323;city26;46;461;city41;112;41;city6;65;141;city24;30;380;city42;189;416;city17;398;323;city13;193;444;city19;65;298;city0

1;city39;188;499;city14;405;6;city22;71;469;city25;136;1127;city21;88;349;city38;427;14;city6
41;city7;361;123;city2;60;196;city36;156;60;city38;337;161;city29;491;333;city21;103;406;city39;478;281;city35;251;361;city26
31;city46;189;440;city40;125;458;city37;287;192;city20;432;149;city7;248;282;city5;438;1149;city43;468;175;city42;343;408;city18;403;303;city49
7;city47;51;323;city26;46;461;city41;112;41;city6;65;141;city24;30;380;city42;189;416;city17;398;323;city13;193;444;city19;65;298;city0

7;city47;51;323;city26;46;461;city41;112;41;city6;65;141;city24;30;380;city42;189;416;city17;398;323;city13;193;444;city19;65;298;city0
32;city31;50;97;city32
28;city36;314;265;city44;321;143;city39
31;city46;189;440;city40;125;458;city37;287;192;city20;432;149;city7;248;282;city5;438;1149;city43;468;175;city42;343;408;city18;403;303;city49


31;city46;189;440;city40;125;458;city37;287;192;city20;432;149;city7;248;282;city5;438;1149;city43;468;175;city42;343;408;city18;403;303;city49
8;city41;236;221;city7;116;273;city33;496;276;city19;123;59;city12
38;city10;308;216;city6;317;361;city18;229;20;city3;14;246;city15;494;42;city2;92;26;city47;431;373;city21;279;84;city9;294;42;city24;392;485;city0;20;70;city12;284;480;city39

31;city46;189;440;city40;125;458;city37;287;192;city20;432;149;city7;248;282;city5;438;1149;city43;468;175;city42;343;408;city18;403;303;city49
9;city5;385;364;city23;279;178;city39
24;city41;183;102;city30;104;288;city7;201;408;city22;121;462;city35;366;9190;city36;29;34;city14;189;492;city47;390;348;city24;107;4620;city33;315;73;city15;211;330;city12;371;179;city3;140;129;city25
45;city48;262;353;city2;193;125;city41;119;459;city34;420;205;city40;200;126;city30;406;192;city45;69;69;city43


37;city13;364;444;city29
11;city36;67;154;city28;232;80;city15;274;239;city43;74;256;city16;112;239;city40;358;56;city3;356;32;city30;121;153;city44;2;342;city10;423;249;city46;280;8;city22
32;city31;50;97;city32
39;city7;414;403;city40;81;478;city44;294;125;city14;98;386;city37;119;42;city47;375;80;city31;360;201;city41;197;446;city24;231;442;city13;66;454;city3;275;473;city21;487;292;city4;102;478;city11;460;481;city5


36;city33;151;181;city31;387;240;city1;246;13;city13;430;358;city6;224;307;city11;202;299;city18;115;113;city22;93;412;city10;47;316;city27;333;475;city19;116;259;city35;24;102;city7;354;17;city34;379;275;city2;69;146;city8;70;175;city40



3;city32;299;13;city16;297;276;city28;377;183;city19;462;423;city8
29;city17;496;434;city48;254;189;city24





45;city48;262;353;city2;193;125;city41;119;459;city34;420;205;city40;200;126;city30;406;192;city45;69;69;city43



45;city48;262;353;city2;193;125;city41;119;459;city34;420;205;city40;200;126;city30;406;192;city45;69;69;city43




45;city48;262;353;city2;193;125;city41;119;459;city34;420;205;city40;200;126;city30;406;192;city45;69;69;city43
20;city28;138;257;city31;459;38;city36
22;city4;84;213;city13

7;city47;51;8781;city26;46;461;city41;112;41;city6;65;141;city24;30;380;city42;189;416;city17;398;323;city13;193;444;city19;65;298;city0

12;city18;45;113;city34;15;444;city1;272;247;city16;418;20;city19;424;481;city23

22;city4;84;213;city13

28;city36;314;265;city44;321;143;city39
11;city36;67;154;city28;232;80;city15;274;239;city43;74;256;city16;112;239;city40;358;56;city3;356;32;city30;121;153;city44;2;342;city10;423;249;city46;280;8;city22
1;city39;188;499;city14;405;6;city22;71;469;city25;136;1127;city21;88;349;city38;427;14;city6
18;city10;411;454;city9;277;275;city17;76;360;city8

12;city18;45;113;city34;15;444;city1;272;247;city16;418;20;city19;424;481;city23
3;city32;299;13;city16;297;276;city28;377;183;city19;462;423;city8
18;city10;411;454;city9;277;275;city17;76;360;city8
38;city10;308;216;city6;317;361;city18;229;20;city3;14;246;city15;494;42;city2;92;26;city47;431;373;city21;279;84;city9;294;42;city24;392;485;city0;20;70;city12;284;480;city39
29;city17;496;434;city48;254;189;city24
38;city10;308;216;city6;317;361;city18;229;20;city3;14;246;city15;494;42;city2;92;26;city47;431;373;city21;279;84;city9;294;42;city24;392;485;city0;20;70;city12;284;480;city39
18;city10;411;454;city9;277;275;city17;76;360;city8


39;city7;414;403;city40;81;478;city44;294;125;city14;98;386;city37;119;42;city47;375;80;city31;360;201;city41;197;446;city24;231;442;city13;66;454;city3;275;473;city21;487;292;city4;102;478;city11;460;481;city5

35;city45;479;283;city25

32;city31;50;97;city32
18;city10;411;454;city9;277;275;city17;76;360;city8

11;city36;67;154;city28;232;80;city15;274;239;city43;74;256;city16;112;239;city40;358;56;city3;356;32;city30;121;153;city44;2;342;city10;423;249;city46;280;8;city22
11;city36;67;154;city28;232;80;city15;274;239;city43;74;256;city16;112;239;city40;358;56;city3;356;32;city30;121;153;city44;2;342;city10;423;249;city46;280;8;city22

36;city33;151;181;city31;387;240;city1;246;13;city13;430;358;city6;224;307;city11;202;299;city18;115;113;city22;93;412;city10;47;316;city27;333;475;city19;116;259;city35;24;102;city7;354;17;city34;379;275;city2;69;146;city8;70;175;city40

29;city17;496;434;city48;254;189;city24
10;city11;105;467;city29;356;369;city27;21;246;city38;4;291;city35;445;118;city41;71;34;city12
3;city32;299;13;city16;297;276;city28;377;183;city19;462;423;city8
7;city47;51;8781;city26;46;461;city41;112;41;city6;65;141;city24;30;380;city42;189;416;city17;398;323;city13;193;444;city19;65;298;city0


8;city41;236;221;city7;116;273;city33;496;276;city19;123;59;city12
20;city28;138;257;city31;459;38;city36

37;city13;364;444;city29
34;city20;405;132;city16;359;4204;city15;319;164;city49;50;179;city39;469;2571;city32;227;240;city4;219;108;city41
29;city17;496;434;city48;254;189;city24

2;city25;485;333;city0;137;288;city42
24;city41;183;102;city30;104;288;city7;201;408;city22;121;462;city35;366;9190;city36;29;34;city14;189;492;city47;390;348;city24;107;4620;city33;315;73;city15;211;330;city12;371;179;city3;140;129;city25
39;city7;414;403;city40;81;478;city44;294;125;city14;98;386;city37;119;42;city47;375;80;city31;360;201;city41;197;446;city24;231;442;city13;66;454;city3;275;473;city21;487;292;city4;102;478;city11;460;481;city5

31;city46;189;440;city40;125;458;city37;287;192;city20;432;149;city7;248;282;city5;438;1149;city43;468;175;city42;343;408;city18;403;303;city49

29;city17;496;434;city48;254;189;city24

37;city13;364;444;city29
12;city18;45;113;city34;15;444;city1;272;247;city16;418;20;city19;424;481;city23

10;city11;105;467;city29;356;369;city27;21;246;city38;4;291;city35;445;118;city41;71;34;city12
22;city4;84;213;city13

39;city7;414;403;city40;81;478;city44;294;125;city14;98;386;city37;119;42;city47;375;80;city31;360;201;city41;197;446;city24;231;442;city13;66;454;city3;275;473;city21;487;292;city4;102;478;city11;460;481;city5
32;city31;50;97;city32

37;city13;364;444;city29
