










3;city1;393;69;city16;68;68;city10;159;286;city28;394;112;city47;71;288;city11;94;107;city4;386;327;city38;17;103;city45;322;127;city48;293;177;city2;145;318;city15;80;413;city8

3;city1;393;69;city16;68;68;city10;159;286;city28;394;112;city47;71;288;city11;94;107;city4;386;327;city38;17;103;city45;322;127;city48;293;177;city2;145;318;city15;80;413;city8
5;city38;50;355;city29;205;92;city4;314;231;city6;440;365;city13;35;182;city25

13;city21;368;102;city5;288;128;city34;451;293;city30;168;243;city47;81;69;city19;58;373;city17;195;208;city22;464;225;city25;163;483;city43;144;278;city27;336;447;city28;416;315;city11;361;70;city40;338;15;city44;318;98;city8;452;159;city41

23;city19;224;202;city2;276;7;city23;406;272;city11;105;475;city42;390;74;city30;36;199;city35;423;349;city31


2;city0;414;441;city13;442;366;city49;226;367;city19;22;209;city24;399;392;city2;289;153;city18;300;283;city27;13;280;city42;114;226;city22




15;city17;474;42;city20;84;177;city12;211;86;city34;312;449;city44;205;262;city1;51;229;city0;185;241;city16;351;178;city23;146;213;city43;371;441;city47;20;103;city21;263;124;city45;82;51;city22



17;city18;497;105;city48;310;401;city40;269;495;city30;296;483;city14;156;439;city22;200;150;city12;456;198;city9;96;431;city0;211;53;city46;387;260;city29
23;city19;224;202;city2;276;7;city23;406;272;city11;105;475;city42;390;74;city30;36;199;city35;423;349;city31








3;city1;393;69;city16;68;68;city10;159;286;city28;394;112;city47;71;288;city11;94;107;city4;386;327;city38;17;103;city45;322;127;city48;293;177;city2;145;318;city15;80;413;city8
2;city0;414;441;city13;442;366;city49;226;367;city19;22;209;city24;399;392;city2;289;153;city18;300;283;city27;13;280;city42;114;226;city22
42;city44;145;497;city13;220;161;city11;183;156;city16;213;497;city49
12;city17;280;53;city10;216;303;city11;163;136;city19;321;286;city48;394;46;city30;398;108;city49;163;70;city24;496;499;city6;352;13;city45;209;98;city8;498;481;city9;407;325;city16;19;363;city13;223;446;city18;110;491;city3

2;city0;414;441;city13;442;366;city49;226;367;city19;22;209;city24;399;392;city2;289;153;city18;300;283;city27;13;280;city42;114;226;city22





42;city44;145;497;city13;220;161;city11;183;156;city16;213;497;city49


12;city17;280;53;city10;216;303;city11;163;136;city19;321;286;city48;394;46;city30;398;108;city49;163;70;city24;496;499;city6;352;13;city45;209;98;city8;498;481;city9;407;325;city16;19;363;city13;223;446;city18;110;491;city3





4;city47;199;110;city4;51;229;city20;287;13;city10;63;64;city6;201;384;city1;422;189;city49;200;498;city5
39;city48;51;93;city11;485;237;city5;352;112;city0




11;city38;230;364;city19;254;474;city34;144;499;city28
4;city47;199;110;city4;51;229;city20;287;13;city10;63;64;city6;201;384;city1;422;189;city49;200;498;city5









42;city44;145;497;city13;220;161;city11;183;156;city16;213;497;city49

38;city46;459;107;city31;214;99;city18;398;404;city21;490;74;city33;385;380;city28;360;359;city40;137;255;city36;267;285;city24




4;city47;199;110;city4;51;229;city20;287;13;city10;63;64;city6;201;384;city1;422;189;city49;200;498;city5
2;city0;414;441;city13;442;366;city49;226;367;city19;22;209;city24;399;392;city2;289;153;city18;300;283;city27;13;280;city42;114;226;city22
34;city1;33;295;city5;229;383;city30;219;14;city24;406;426;city12;401;490;city43;260;431;city37;272;468;city38;338;404;city11;168;183;city9;461;363;city39;109;269;city20;384;438;city44;314;213;city0
12;city17;280;53;city10;216;303;city11;163;136;city19;321;286;city48;394;46;city30;398;108;city49;163;70;city24;496;499;city6;352;13;city45;209;98;city8;498;481;city9;407;3335;city16;19;363;city13;223;446;city18;110;491;city3
38;city46;459;107;city31;214;99;city18;398;404;city21;490;74;city33;385;380;city28;360;359;city40;137;255;city36;267;285;city24


12;city17;280;53;city10;216;303;city11;163;136;city19;321;286;city48;394;46;city30;398;108;city49;163;70;city24;496;499;city6;352;13;city45;209;98;city8;498;481;city9;407;3335;city16;19;363;city13;223;446;city18;110;491;city3
17;city18;497;105;city48;310;401;city40;269;495;city30;296;483;city14;156;439;city22;200;150;city12;456;198;city9;96;431;city0;211;53;city46;387;260;city29








5;city38;50;355;city29;205;92;city4;314;231;city6;440;365;city13;35;182;city25
11;city38;230;364;city19;254;474;city34;144;499;city28

12;city17;280;53;city10;216;303;city11;163;136;city19;321;286;city48;394;46;city30;398;108;city49;163;70;city24;496;499;city6;352;13;city45;209;98;city8;498;481;city9;407;3335;city16;19;363;city13;223;446;city18;110;491;city3
40;city6;254;159;city49;161;20;city25


46;city38;362;207;city7;332;438;city30;396;451;city21

25;city15;360;425;city45;175;71;city35
17;city18;497;105;city48;310;401;city40;269;495;city30;296;483;city14;156;439;city22;200;150;city12;456;198;city9;96;431;city0;211;53;city46;387;260;city29
11;city38;230;364;city19;254;474;city34;144;499;city28



12;city17;280;53;city10;216;303;city11;163;136;city19;321;286;city48;394;46;city30;398;108;city49;163;70;city24;496;499;city6;352;13;city45;209;98;city8;498;481;city9;407;3335;city16;19;363;city13;223;446;city18;110;491;city3

49;city29;413;112;city22;75;79;city33;298;4;city25;216;385;city15;443;367;city20;294;496;city19;194;361;city21;199;426;city32;54;47;city18;234;98;city42;231;65;city34




27;city16;172;365;city25;68;453;city39;312;222;city43;180;131;city32;66;102;city42
13;city21;368;102;city5;288;128;city34;451;293;city30;168;243;city47;81;69;city19;58;373;city17;195;208;city22;464;225;city25;163;483;city43;144;278;city27;336;447;city28;416;315;city11;361;70;city40;338;15;city44;318;98;city8;452;159;city41

40;city6;254;159;city49;161;20;city25
15;city17;474;42;city20;84;177;city12;211;86;city34;312;449;city44;205;2986;city1;51;229;city0;185;241;city16;351;178;city23;146;213;city43;371;441;city47;20;103;city21;263;124;city45;82;51;city22
40;city6;254;159;city49;161;20;city25
6;city31;182;84;city6;409;114;city42;372;446;city25;342;199;city12;121;45;city45
5;city38;50;355;city29;205;92;city4;314;231;city6;440;365;city13;35;182;city25
11;city38;230;364;city19;254;474;city34;144;499;city28

35;city19;446;222;city44
42;city44;145;497;city13;220;161;city11;183;156;city16;213;497;city49

4;city47;199;110;city4;51;229;city20;287;13;city10;63;64;city6;201;384;city1;422;189;city49;200;498;city5

39;city48;51;93;city11;485;237;city5;352;112;city0




5;city38;50;355;city29;205;92;city4;314;231;city6;440;365;city13;35;182;city25

40;city6;254;159;city49;161;20;city25
10;city13;36;209;city14;300;375;city17;203;10;city39;189;340;city31;470;116;city16;251;484;city29
27;city16;172;365;city25;68;453;city39;312;222;city43;180;131;city32;66;102;city42
4;city47;199;110;city4;51;229;city20;287;13;city10;63;64;city6;201;384;city1;422;189;city49;200;498;city5
6;city31;182;84;city6;409;114;city42;372;446;city25;342;199;city12;121;45;city45
38;city46;459;107;city31;214;99;city18;398;404;city21;490;74;city33;385;380;city28;360;359;city40;137;255;city36;267;285;city24
40;city6;254;159;city49;161;20;city25
19;city47;446;24;city44;94;235;city18
34;city1;33;295;city5;229;383;city30;219;14;city24;406;426;city12;401;490;city43;260;431;city37;272;468;city38;338;404;city11;168;183;city9;461;363;city39;109;269;city20;384;438;city44;314;213;city0
46;city38;362;207;city7;332;438;city30;396;451;city21
10;city13;36;209;city14;300;375;city17;203;10;city39;189;340;city31;470;116;city16;251;484;city29
23;city19;224;202;city2;276;7;city23;406;272;city11;105;475;city42;390;9018;city30;36;199;city35;423;349;city31
49;city29;413;112;city22;75;79;city33;298;4;city25;216;385;city15;443;367;city20;294;496;city19;194;361;city21;199;426;city32;54;47;city18;234;98;city42;231;65;city34

26;city15;25;72;city28;2;477;city41;295;104;city24
18;city24;315;336;city26;373;4;city43;300;226;city35;315;274;city27
49;city29;413;112;city22;75;79;city33;298;4;city25;216;385;city15;443;367;city20;294;496;city19;194;361;city21;199;426;city32;54;47;city18;234;98;city42;231;65;city34
42;city44;145;497;city13;220;161;city11;183;156;city16;213;497;city49
46;city38;362;207;city7;332;438;city30;396;451;city21


14;city22;191;134;city47;20;141;city37;500;330;city21;52;227;city48;331;424;city17;350;207;city23;489;63;city38;457;44;city39;315;9;city40
23;city19;224;202;city2;276;7;city23;406;272;city11;105;475;city42;390;9018;city30;36;199;city35;423;349;city31
26;city15;25;72;city28;2;477;city41;295;104;city24

49;city29;413;112;city22;75;79;city33;298;4;city25;216;385;city15;443;367;city20;294;496;city19;194;361;city21;199;426;city32;54;47;city18;234;98;city42;231;65;city34

24;city40;25;353;city45;497;251;city23;414;147;city3;5;140;city39;426;209;city18
16;city21;192;436;city31

12;city17;280;53;city10;216;303;city11;163;136;city19;321;286;city48;394;46;city30;398;108;city49;163;70;city24;496;499;city6;352;13;city45;209;98;city8;498;481;city9;407;3335;city16;19;363;city13;223;446;city18;110;491;city3
18;city24;315;336;city26;373;4;city43;300;226;city35;315;274;city27
17;city18;497;105;city48;310;401;city40;269;495;city30;296;483;city14;156;439;city22;200;150;city12;456;198;city9;96;431;city0;211;53;city46;387;260;city29
17;city18;497;105;city48;310;401;city40;269;495;city30;296;483;city14;156;439;city22;200;150;city12;456;198;city9;96;431;city0;211;53;city46;387;260;city29
34;city1;33;295;city5;229;383;city30;219;14;city24;406;426;city12;401;490;city43;260;431;city37;272;468;city38;338;5705;city11;168;183;city9;461;363;city39;109;269;city20;384;438;city44;314;213;city0

12;city17;280;53;city10;216;303;city11;163;136;city19;321;286;city48;394;46;city30;398;108;city49;163;70;city24;496;499;city6;352;13;city45;209;98;city8;498;481;city9;407;3335;city16;19;363;city13;223;446;city18;110;491;city3
12;city17;280;53;city10;216;303;city11;163;136;city19;321;286;city48;394;46;city30;398;108;city49;163;70;city24;496;499;city6;352;13;city45;209;98;city8;498;481;city9;407;3335;city16;19;363;city13;223;446;city18;110;491;city3
42;city44;145;497;city13;220;161;city11;183;156;city16;213;497;city49
17;city18;497;105;city48;310;401;city40;269;495;city30;296;483;city14;156;439;city22;200;150;city12;456;198;city9;96;431;city0;211;53;city46;387;260;city29
49;city29;413;112;city22;75;79;city33;298;4;city25;216;385;city15;443;367;city20;294;496;city19;194;361;city21;199;426;city32;54;47;city18;234;98;city42;231;65;city34


25;city15;360;425;city45;175;71;city35
19;city47;446;24;city44;94;235;city18
17;city18;497;105;city48;310;401;city40;269;495;city30;296;483;city14;156;439;city22;200;150;city12;456;198;city9;96;431;city0;211;53;city46;387;260;city29
39;city48;51;93;city11;485;237;city5;352;112;city0




40;city6;254;159;city49;161;20;city25
18;city24;315;336;city26;373;4;city43;300;226;city35;315;274;city27

16;city21;192;436;city31
13;city21;368;102;city5;288;128;city34;451;293;city30;168;243;city47;81;69;city19;58;373;city17;195;208;city22;464;5793;city25;163;483;city43;144;278;city27;336;447;city28;416;315;city11;361;70;city40;338;15;city44;318;98;city8;452;159;city41

