ERROR 1
ERROR 4
ERROR 7
ERROR 8
ERROR 10
ERROR 12
ERROR 16
ERROR 24
ERROR 28
ERROR 29
ERROR 31
ERROR 32
ERROR 35
ERROR 36
ERROR 40
ERROR 41
ERROR 44
ERROR 46
ERROR 50
ERROR 51
ERROR 52
ERROR 54
ERROR 56
ERROR 58
ERROR 61
ERROR 64
ERROR 65
ERROR 66
ERROR 67
ERROR 70
ERROR 77
ERROR 79
ERROR 80
ERROR 82
ERROR 85
ERROR 86
ERROR 87
ERROR 88
ERROR 89
ERROR 90
ERROR 91
ERROR 95
ERROR 96
ERROR 97
ERROR 100
ERROR 102
ERROR 106
ERROR 108
ERROR 112
ERROR 113
ERROR 114
ERROR 115
ERROR 117
ERROR 124
ERROR 125
ERROR 127
ERROR 128
ERROR 131
ERROR 133
ERROR 135
ERROR 137
ERROR 140
ERROR 145
ERROR 146
ERROR 147
ERROR 153
ERROR 154
ERROR 158
ERROR 159
ERROR 160
ERROR 164
ERROR 166
ERROR 169
ERROR 170
ERROR 177
ERROR 178
ERROR 182
ERROR 184
ERROR 185
ERROR 186
ERROR 187
ERROR 188
ERROR 190
ERROR 193
ERROR 195
ERROR 199
ERROR 200
ERROR 202
ERROR 206
ERROR 207
ERROR 209
ERROR 212
ERROR 213
ERROR 221
ERROR 222
ERROR 223
ERROR 224
ERROR 225
ERROR 227
ERROR 228
ERROR 230
ERROR 231
ERROR 233
ERROR 234
ERROR 237
ERROR 239
ERROR 241
ERROR 243
ERROR 244
ERROR 246
ERROR 247
ERROR 249
ERROR 250
ERROR 251
ERROR 254
ERROR 255
ERROR 258
ERROR 262
ERROR 263
ERROR 266
ERROR 267
ERROR 268
ERROR 269
ERROR 270
ERROR 272
ERROR 273
ERROR 275
ERROR 278
ERROR 279
ERROR 282
ERROR 287
ERROR 289
ERROR 290
ERROR 293
ERROR 295
ERROR 296
ERROR 300
ERROR 302
ERROR 303
ERROR 304
ERROR 305
ERROR 307
ERROR 308
ERROR 310
ERROR 311
ERROR 313
ERROR 315
ERROR 316
ERROR 318
ERROR 320
ERROR 321
ERROR 323
ERROR 324
ERROR 326
ERROR 330
ERROR 332
ERROR 333
ERROR 334
ERROR 336
ERROR 338
ERROR 341
ERROR 342
ERROR 345
ERROR 347
ERROR 348
ERROR 354
ERROR 356
ERROR 357
ERROR 358
ERROR 361
ERROR 365
ERROR 366
ERROR 367
ERROR 368
ERROR 369
ERROR 371
ERROR 372
ERROR 373
ERROR 375
ERROR 376
ERROR 378
ERROR 381
ERROR 382
ERROR 383
ERROR 384
ERROR 386
ERROR 387
ERROR 388
ERROR 389
ERROR 390
ERROR 391
ERROR 395
ERROR 396
ERROR 398
ERROR 399
ERROR 401
ERROR 402
ERROR 404
ERROR 409
ERROR 411
ERROR 412
ERROR 413
ERROR 414
ERROR 415
ERROR 418
ERROR 420
ERROR 422
ERROR 425
ERROR 427
ERROR 430
ERROR 431
ERROR 433
ERROR 435
ERROR 436
ERROR 437
ERROR 440
ERROR 441
ERROR 443
ERROR 444
ERROR 448
ERROR 450
ERROR 452
ERROR 453
ERROR 454
ERROR 457
ERROR 458
ERROR 460
ERROR 461
ERROR 463
ERROR 465
ERROR 466
ERROR 468
ERROR 469
ERROR 471
ERROR 472
ERROR 473
ERROR 474
ERROR 475
ERROR 477
ERROR 479
ERROR 481
ERROR 482
ERROR 486
ERROR 490
ERROR 491
ERROR 496
ERROR 497
ERROR 501
ERROR 502
ERROR 504
ERROR 505
ERROR 506
ERROR 507
ERROR 509
ERROR 511
ERROR 513
ERROR 514
ERROR 515
ERROR 516
ERROR 518
ERROR 521
ERROR 522
ERROR 527
ERROR 528
ERROR 529
ERROR 530
ERROR 531
ERROR 532
ERROR 534
ERROR 542
ERROR 544
ERROR 546
ERROR 547
ERROR 548
ERROR 549
ERROR 550
ERROR 553
ERROR 554
ERROR 555
ERROR 557
ERROR 558
ERROR 561
ERROR 562
ERROR 566
ERROR 568
ERROR 572
ERROR 573
ERROR 576
ERROR 577
ERROR 579
ERROR 580
ERROR 583
ERROR 587
ERROR 589
ERROR 590
ERROR 595
ERROR 597
ERROR 599
ERROR 600
ERROR 603
ERROR 605
ERROR 606
ERROR 608
ERROR 609
ERROR 610
ERROR 612
ERROR 613
ERROR 614
ERROR 615
ERROR 616
ERROR 617
ERROR 618
ERROR 619
ERROR 620
ERROR 623
ERROR 624
ERROR 625
ERROR 626
ERROR 629
ERROR 630
ERROR 633
ERROR 634
ERROR 635
ERROR 637
ERROR 638
ERROR 639
ERROR 641
ERROR 642
ERROR 643
ERROR 644
ERROR 650
ERROR 651
ERROR 652
ERROR 654
ERROR 657
ERROR 660
ERROR 662
ERROR 663
ERROR 666
ERROR 670
ERROR 672
ERROR 673
ERROR 674
ERROR 675
ERROR 676
ERROR 677
ERROR 678
ERROR 680
ERROR 681
ERROR 682
ERROR 684
ERROR 685
ERROR 686
ERROR 687
ERROR 689
ERROR 691
ERROR 692
ERROR 695
ERROR 697
ERROR 698
ERROR 699
ERROR 700
ERROR 702
ERROR 703
ERROR 705
ERROR 706
ERROR 708
ERROR 709
ERROR 710
ERROR 711
ERROR 717
ERROR 720
ERROR 722
ERROR 723
ERROR 726
ERROR 728
ERROR 733
ERROR 735
ERROR 737
ERROR 738
ERROR 739
ERROR 745
ERROR 749
ERROR 750
ERROR 752
ERROR 756
ERROR 758
ERROR 760
ERROR 771
ERROR 773
ERROR 775
ERROR 777
ERROR 778
ERROR 780
ERROR 783
ERROR 785
ERROR 790
ERROR 792
ERROR 793
ERROR 794
ERROR 795
ERROR 797
ERROR 798
ERROR 799
ERROR 800
ERROR 803
ERROR 804
ERROR 805
ERROR 807
ERROR 810
ERROR 812
ERROR 814
ERROR 816
ERROR 817
ERROR 818
ERROR 822
ERROR 823
ERROR 824
ERROR 826
ERROR 828
ERROR 829
ERROR 830
ERROR 831
ERROR 832
ERROR 833
ERROR 835
ERROR 836
ERROR 837
ERROR 838
ERROR 840
ERROR 844
ERROR 845
ERROR 846
ERROR 849
ERROR 850
ERROR 853
ERROR 854
ERROR 859
ERROR 860
ERROR 861
ERROR 863
ERROR 865
ERROR 866
ERROR 871
ERROR 877
ERROR 882
ERROR 885
ERROR 886
ERROR 889
ERROR 891
ERROR 896
ERROR 897
ERROR 900
ERROR 902
ERROR 905
ERROR 907
ERROR 909
ERROR 912
ERROR 915
ERROR 917
ERROR 918
ERROR 920
ERROR 921
ERROR 923
ERROR 924
ERROR 925
ERROR 928
ERROR 929
ERROR 930
ERROR 931
ERROR 932
ERROR 936
ERROR 938
ERROR 943
ERROR 944
ERROR 946
ERROR 948
ERROR 951
ERROR 952
ERROR 953
ERROR 954
ERROR 957
ERROR 958
ERROR 959
