






129;city283;180;288;city276;383;381;city203;247;63;city164;3;143;city132;134;193;city252;395;228;city137

148;city233;424;154;city106;177;307;city282;43;455;city114;408;397;city67;274;385;city113;55;270;city171;242;484;city186








157;city269;94;172;city150;248;346;city255;84;65;city146;148;344;city52;2;26;city230;424;242;city195;197;365;city159;480;452;city89;182;370;city67;354;347;city173;202;390;city164;434;53;city177;277;211;city215;332;426;city218;75;305;city261;107;109;city178;295;97;city188;416;413;city71







144;city138;462;416;city203;478;89;city291;53;221;city159;144;151;city62;460;109;city288;50;126;city75;66;353;city135;455;131;city92;487;93;city224;103;339;city283;434;220;city78;364;36;city147;332;444;city236;163;69;city141;272;304;city66;409;267;city153;106;146;city188

166;city282;441;106;city135;29;96;city123;226;106;city62;458;265;city207
147;city175;342;381;city99;472;205;city298;247;100;city57;71;89;city101;324;331;city164;164;99;city249;13;455;city230;396;168;city139;43;184;city134
136;city175;267;177;city136;242;206;city66;464;205;city186;374;225;city107;302;348;city68;429;340;city282;408;94;city156;235;431;city288;29;87;city273;451;464;city193;268;430;city294;345;112;city207;455;22;city106;184;52;city117;177;386;city227;49;270;city257;219;423;city271;54;473;city62

151;city180;423;71;city216;175;244;city282;352;305;city277;283;413;city112;94;406;city70;335;460;city241;347;131;city239;461;12;city201;382;84;city79;35;105;city146;366;59;city253;54;105;city247;329;384;city174;135;4;city265
147;city175;342;381;city99;472;205;city298;247;100;city57;71;89;city101;324;331;city164;164;99;city249;13;455;city230;396;168;city139;43;184;city134
168;city264;66;256;city267


163;city198;361;314;city194;343;491;city240;440;196;city184;455;7;city116;85;115;city249;413;256;city64;102;141;city52;307;471;city81;486;361;city132;173;291;city297;216;113;city79

166;city282;441;106;city135;29;96;city123;226;106;city62;458;265;city207
131;city217;42;471;city196;305;254;city247;203;451;city299;312;11;city100;290;351;city274;110;338;city79;151;278;city171;302;58;city261;92;458;city212;482;229;city186;95;184;city121;282;357;city113;298;47;city250
128;city111;445;235;city238;382;426;city250;131;243;city80;132;170;city273;498;439;city196;422;192;city159
143;city190;321;364;city175;141;153;city104

134;city66;440;418;city246;98;364;city120;48;296;city137;456;167;city53;222;463;city209;144;242;city97;310;31;city281;189;211;city156;12;485;city123
143;city190;321;364;city175;141;153;city104
133;city121;12;329;city135;269;2;city278;365;61;city228;158;457;city144;431;91;city212;165;499;city215
173;city289;113;310;city109;38;117;city84;124;89;city50
131;city217;42;471;city196;305;254;city247;203;451;city299;312;11;city100;290;351;city274;110;338;city79;151;278;city171;302;58;city261;92;458;city212;482;229;city186;95;184;city121;282;357;city113;298;47;city250
130;city80;256;171;city115;351;486;city271;462;87;city168;163;486;city57
129;city283;180;288;city276;383;381;city203;247;63;city164;3;143;city132;134;193;city252;395;228;city137
169;city227;283;398;city242;28;357;city118;159;330;city298;300;248;city87;148;356;city121;55;213;city67;6;299;city128;455;212;city237;66;491;city189;396;7;city90;497;81;city138;62;60;city150;327;258;city133;93;364;city212


173;city289;113;310;city109;38;117;city84;124;89;city50
140;city138;453;397;city53;438;452;city250;340;264;city252;207;306;city100;473;53;city107;354;248;city101;439;459;city151;151;379;city299;119;266;city167;127;138;city155
171;city202;458;156;city214;42;77;city175;311;84;city118;442;327;city176;299;307;city187;13;376;city51;243;37;city85;345;132;city66;456;265;city221;301;311;city209;113;50;city67;400;273;city165;48;108;city196;8;466;city246;475;137;city271



171;city202;458;156;city214;42;77;city175;311;84;city118;442;327;city176;299;307;city187;13;376;city51;243;37;city85;345;132;city66;456;265;city221;301;311;city209;113;50;city67;400;273;city165;48;108;city196;8;466;city246;475;137;city271

135;city82;122;401;city240;216;266;city185;345;204;city60;313;372;city91;202;175;city276;12;415;city205;22;139;city55;102;271;city214;482;128;city138;379;116;city273
140;city138;453;397;city53;438;452;city250;340;264;city252;207;306;city100;473;53;city107;354;248;city101;439;459;city151;151;379;city299;119;266;city167;127;138;city155
160;city279;140;202;city147;240;90;city58;72;93;city100;131;499;city194;185;296;city215;110;139;city201;113;6;city284
135;city82;122;401;city240;216;266;city185;345;204;city60;313;372;city91;202;175;city276;12;415;city205;22;139;city55;102;271;city214;482;128;city138;379;116;city273
161;city198;133;379;city153;298;462;city132;355;210;city118;488;483;city262;148;438;city85;112;304;city275;297;18;city179;471;370;city298;134;152;city271;270;483;city256;159;422;city219;335;53;city51;228;156;city259
133;city121;12;329;city135;269;2;city278;365;61;city228;158;457;city144;431;91;city212;165;499;city215
152;city108;294;459;city85;275;79;city57;444;18;city200;64;287;city117;358;242;city193;21;413;city77;344;247;city96;292;4;city182;361;105;city190;161;135;city66;470;416;city217;427;228;city205;495;316;city84;295;107;city95;214;207;city216;412;13;city110
143;city190;321;364;city175;141;153;city104
164;city206;434;388;city65;155;88;city203;460;230;city229;438;64;city63;350;446;city195;21;311;city62;88;294;city147;257;132;city173;332;408;city133;151;131;city102;318;222;city276;28;148;city174


147;city175;342;381;city99;472;205;city298;247;100;city57;71;89;city101;324;331;city164;164;99;city249;13;455;city230;396;168;city139;43;184;city134
151;city180;423;71;city216;175;244;city282;352;305;city277;283;413;city112;94;406;city70;335;460;city241;347;131;city239;461;12;city201;382;84;city79;35;105;city146;366;59;city253;54;105;city247;329;384;city174;135;4;city265
168;city264;66;256;city267
135;city82;122;401;city240;216;266;city185;345;204;city60;313;372;city91;202;175;city276;12;415;city205;22;139;city55;102;271;city214;482;128;city138;379;116;city273
129;city283;180;288;city276;383;381;city203;247;63;city164;3;143;city132;134;193;city252;395;228;city137
127;city87;458;19;city268;83;70;city190;271;462;city151;121;474;city147;348;212;city102
143;city190;321;364;city175;141;153;city104
168;city264;66;256;city267
148;city233;424;154;city106;177;307;city282;43;455;city114;408;397;city67;274;385;city113;55;270;city171;242;484;city186
136;city175;267;177;city136;242;206;city66;464;205;city186;374;225;city107;302;348;city68;429;340;city282;408;94;city156;235;431;city288;29;87;city273;451;464;city193;268;430;city294;345;112;city207;455;22;city106;184;52;city117;177;386;city227;49;270;city257;219;423;city271;54;473;city62
142;city73;311;217;city110;204;394;city225;220;354;city117;57;457;city287;305;136;city127;421;428;city124;264;445;city169;361;112;city170;415;301;city158;328;245;city54;456;216;city172;267;415;city79;317;127;city159;471;295;city266;172;470;city295;357;18;city226;229;232;city92

173;city289;113;310;city109;38;117;city84;124;89;city50
172;city173;62;348;city95
151;city180;423;71;city216;175;244;city282;352;305;city277;283;413;city112;94;406;city70;335;460;city241;347;131;city239;461;12;city201;382;84;city79;35;105;city146;366;59;city253;54;105;city247;329;384;city174;135;4;city265

169;city227;283;398;city242;28;357;city118;159;330;city298;300;248;city87;148;356;city121;55;213;city67;6;299;city128;455;212;city237;66;491;city189;396;7;city90;497;81;city138;62;60;city150;327;258;city133;93;364;city212

125;city57;470;96;city78;245;436;city196;125;98;city112;318;333;city173;57;70;city139;232;89;city133;100;269;city88;182;300;city194;66;340;city68;139;156;city157;125;341;city192
129;city283;180;288;city276;383;381;city203;247;63;city164;3;143;city132;134;193;city252;395;228;city137
168;city264;66;256;city267
129;city283;180;288;city276;383;381;city203;247;63;city164;3;143;city132;134;193;city252;395;228;city137

143;city190;321;364;city175;141;153;city104
168;city264;66;256;city267
127;city87;458;19;city268;83;70;city190;271;462;city151;121;474;city147;348;212;city102
163;city198;361;314;city194;343;491;city240;440;196;city184;455;7;city116;85;115;city249;413;256;city64;102;141;city52;307;471;city81;486;361;city132;173;291;city297;216;113;city79
161;city198;133;379;city153;298;462;city132;355;210;city118;488;483;city262;148;438;city85;112;304;city275;297;18;city179;471;370;city298;134;152;city271;270;483;city256;159;422;city219;335;53;city51;228;156;city259
128;city111;445;235;city238;382;426;city250;131;243;city80;132;170;city273;498;439;city196;422;192;city159
126;city109;111;260;city184;360;42;city105;418;262;city226;180;9;city57;184;225;city82;232;252;city127;188;461;city272

157;city269;94;172;city150;248;346;city255;84;65;city146;148;344;city52;2;26;city230;424;242;city195;197;365;city159;480;452;city89;182;370;city67;354;347;city173;202;390;city164;434;53;city177;277;211;city215;332;426;city218;75;305;city261;107;109;city178;295;97;city188;416;413;city71
138;city93;215;31;city138;74;258;city158;250;301;city223;148;221;city211;3;382;city76;113;390;city162;433;303;city246
144;city138;462;416;city203;478;89;city291;53;221;city159;144;151;city62;460;109;city288;50;126;city75;66;353;city135;455;131;city92;487;93;city224;103;339;city283;434;220;city78;364;36;city147;332;444;city236;163;69;city141;272;304;city66;409;267;city153;106;146;city188
134;city66;440;418;city246;98;364;city120;48;296;city137;456;167;city53;222;463;city209;144;242;city97;310;31;city281;189;211;city156;12;485;city123
174;city145;446;153;city282;396;123;city157;362;372;city208
172;city173;62;348;city95
135;city82;122;401;city240;216;266;city185;345;204;city60;313;372;city91;202;175;city276;12;415;city205;22;139;city55;102;271;city214;482;128;city138;379;116;city273
152;city108;294;459;city85;275;79;city57;444;18;city200;64;287;city117;358;242;city193;21;413;city77;344;247;city96;292;4;city182;361;105;city190;161;135;city66;470;416;city217;427;228;city205;495;316;city84;295;107;city95;214;207;city216;412;13;city110

150;city61;438;336;city275;297;77;city68;90;144;city214
139;city158;387;100;city191;46;247;city68;425;24;city264;452;133;city223;257;442;city83;367;104;city126;10;310;city160;397;215;city125

173;city289;113;310;city109;38;117;city84;124;89;city50
144;city138;462;416;city203;478;89;city291;53;221;city159;144;151;city62;460;109;city288;50;126;city75;66;353;city135;455;131;city92;487;93;city224;103;339;city283;434;220;city78;364;36;city147;332;444;city236;163;69;city141;272;304;city66;409;267;city153;106;146;city188
164;city206;434;388;city65;155;88;city203;460;230;city229;438;64;city63;350;446;city195;21;311;city62;88;294;city147;257;132;city173;332;408;city133;151;131;city102;318;222;city276;28;148;city174
170;city131;431;105;city209
169;city227;283;398;city242;28;357;city118;159;330;city298;300;248;city87;148;356;city121;55;213;city67;6;299;city128;455;212;city237;66;491;city189;396;7;city90;497;81;city138;62;60;city150;327;258;city133;93;364;city212
134;city66;440;418;city246;98;364;city120;48;296;city137;456;167;city53;222;463;city209;144;242;city97;310;31;city281;189;211;city156;12;485;city123
135;city82;122;401;city240;216;266;city185;345;204;city60;313;372;city91;202;175;city276;12;415;city205;22;139;city55;102;271;city214;482;128;city138;379;116;city273
165;city154;81;477;city107;370;306;city85;128;346;city142;41;164;city213;239;386;city131;259;415;city279;325;127;city83;308;253;city145;473;65;city188;498;205;city249;220;45;city151;357;274;city280;314;304;city86
158;city94;421;273;city276;238;24;city132;248;185;city299;399;419;city285;105;262;city153;179;354;city92;10;110;city269;252;279;city72
137;city156;366;240;city119;341;169;city159;238;300;city53;114;299;city219;140;310;city280;403;111;city188;151;116;city110;405;468;city91
150;city61;438;336;city275;297;77;city68;90;144;city214
152;city108;294;459;city85;275;79;city57;444;18;city200;64;287;city117;358;242;city193;21;413;city77;344;247;city96;292;4;city182;361;105;city190;161;135;city66;470;416;city217;427;228;city205;495;316;city84;295;107;city95;214;207;city216;412;13;city110
135;city82;122;401;city240;216;266;city185;345;204;city60;313;372;city91;202;175;city276;12;415;city205;22;139;city55;102;271;city214;482;128;city138;379;116;city273
172;city173;62;348;city95
129;city283;180;288;city276;383;381;city203;247;63;city164;3;143;city132;134;193;city252;395;228;city137
153;city171;376;211;city206;107;11;city62;471;423;city124;209;36;city154;265;479;city157;136;171;city178;461;356;city223;260;206;city222;43;463;city211
140;city138;453;397;city53;438;452;city250;340;264;city252;207;306;city100;473;53;city107;354;248;city101;439;459;city151;151;379;city299;119;266;city167;127;138;city155
165;city154;81;477;city107;370;306;city85;128;346;city142;41;164;city213;239;386;city131;259;415;city279;325;127;city83;308;253;city145;473;65;city188;498;205;city249;220;45;city151;357;274;city280;314;304;city86
161;city198;133;379;city153;298;462;city132;355;210;city118;488;483;city262;148;438;city85;112;304;city275;297;18;city179;471;370;city298;134;152;city271;270;483;city256;159;422;city219;335;53;city51;228;156;city259
163;city198;361;314;city194;343;491;city240;440;196;city184;455;7;city116;85;115;city249;413;256;city64;102;141;city52;307;471;city81;486;361;city132;173;291;city297;216;113;city79
138;city93;215;31;city138;74;258;city158;250;301;city223;148;221;city211;3;382;city76;113;390;city162;433;303;city246
153;city171;376;211;city206;107;11;city62;471;423;city124;209;36;city154;265;479;city157;136;171;city178;461;356;city223;260;206;city222;43;463;city211
136;city175;267;177;city136;242;206;city66;464;205;city186;374;225;city107;302;348;city68;429;340;city282;408;94;city156;235;431;city288;29;87;city273;451;464;city193;268;430;city294;345;112;city207;455;22;city106;184;52;city117;177;386;city227;49;270;city257;219;423;city271;54;473;city62
132;city229;474;362;city231;455;301;city52;485;125;city233;452;243;city145;418;368;city157;238;499;city134
132;city229;474;362;city231;455;301;city52;485;125;city233;452;243;city145;418;368;city157;238;499;city134
143;city190;321;364;city175;141;153;city104
132;city229;474;362;city231;455;301;city52;485;125;city233;452;243;city145;418;368;city157;238;499;city134
149;city131;478;194;city224
164;city206;434;388;city65;155;88;city203;460;230;city229;438;64;city63;350;446;city195;21;311;city62;88;294;city147;257;132;city173;332;408;city133;151;131;city102;318;222;city276;28;148;city174
148;city233;424;154;city106;177;307;city282;43;455;city114;408;397;city67;274;385;city113;55;270;city171;242;484;city186
174;city145;446;153;city282;396;123;city157;362;372;city208
127;city87;458;19;city268;83;70;city190;271;462;city151;121;474;city147;348;212;city102
152;city108;294;459;city85;275;79;city57;444;18;city200;64;287;city117;358;242;city193;21;413;city77;344;247;city96;292;4;city182;361;105;city190;161;135;city66;470;416;city217;427;228;city205;495;316;city84;295;107;city95;214;207;city216;412;13;city110
148;city233;424;154;city106;177;307;city282;43;455;city114;408;397;city67;274;385;city113;55;270;city171;242;484;city186
164;city206;434;388;city65;155;88;city203;460;230;city229;438;64;city63;350;446;city195;21;311;city62;88;294;city147;257;132;city173;332;408;city133;151;131;city102;318;222;city276;28;148;city174
156;city73;473;123;city214;155;51;city269;463;460;city246;257;201;city146;309;474;city186;90;304;city188;141;117;city271;76;309;city286;166;205;city101;238;261;city122;13;367;city129;137;79;city239;329;131;city172;281;91;city128;479;113;city138;468;2;city215;199;161;city213;407;235;city208
132;city229;474;362;city231;455;301;city52;485;125;city233;452;243;city145;418;368;city157;238;499;city134
148;city233;424;154;city106;177;307;city282;43;455;city114;408;397;city67;274;385;city113;55;270;city171;242;484;city186
170;city131;431;105;city209
170;city131;431;105;city209
163;city198;361;314;city194;343;491;city240;440;196;city184;455;7;city116;85;115;city249;413;256;city64;102;141;city52;307;471;city81;486;361;city132;173;291;city297;216;113;city79
156;city73;473;123;city214;155;51;city269;463;460;city246;257;201;city146;309;474;city186;90;304;city188;141;117;city271;76;309;city286;166;205;city101;238;261;city122;13;367;city129;137;79;city239;329;131;city172;281;91;city128;479;113;city138;468;2;city215;199;161;city213;407;235;city208
144;city138;462;416;city203;478;89;city291;53;221;city159;144;151;city62;460;109;city288;50;126;city75;66;353;city135;455;131;city92;487;93;city224;103;339;city283;434;220;city78;364;36;city147;332;444;city236;163;69;city141;272;304;city66;409;267;city153;106;146;city188
146;city246;369;355;city285;89;394;city111;437;382;city74;276;328;city185;386;309;city206;357;27;city296;402;27;city55;436;446;city126;474;352;city120;364;439;city161;352;263;city252;497;410;city105;458;468;city51;30;18;city183;75;41;city141;79;3;city280
142;city73;311;217;city110;204;394;city225;220;354;city117;57;457;city287;305;136;city127;421;428;city124;264;445;city169;361;112;city170;415;301;city158;328;245;city54;456;216;city172;267;415;city79;317;127;city159;471;295;city266;172;470;city295;357;18;city226;229;232;city92
149;city131;478;194;city224
169;city227;283;398;city242;28;357;city118;159;330;city298;300;248;city87;148;356;city121;55;213;city67;6;299;city128;455;212;city237;66;491;city189;396;7;city90;497;81;city138;62;60;city150;327;258;city133;93;364;city212
157;city269;94;172;city150;248;346;city255;84;65;city146;148;344;city52;2;26;city230;424;242;city195;197;365;city159;480;452;city89;182;370;city67;354;347;city173;202;390;city164;434;53;city177;277;211;city215;332;426;city218;75;305;city261;107;109;city178;295;97;city188;416;413;city71
135;city82;122;401;city240;216;266;city185;345;204;city60;313;372;city91;202;175;city276;12;415;city205;22;139;city55;102;271;city214;482;128;city138;379;116;city273
146;city246;369;355;city285;89;394;city111;437;382;city74;276;328;city185;386;309;city206;357;27;city296;402;27;city55;436;446;city126;474;352;city120;364;439;city161;352;263;city252;497;410;city105;458;468;city51;30;18;city183;75;41;city141;79;3;city280
145;city282;423;472;city115;486;374;city264;140;377;city254;180;17;city119;77;388;city121;279;32;city148;455;65;city267;390;459;city274;434;12;city195;454;306;city56;349;172;city281;42;9;city266;472;265;city128;387;290;city200;37;164;city140;30;9;city106
169;city227;283;398;city242;28;357;city118;159;330;city298;300;248;city87;148;356;city121;55;213;city67;6;299;city128;455;212;city237;66;491;city189;396;7;city90;497;81;city138;62;60;city150;327;258;city133;93;364;city212
172;city173;62;348;city95
132;city229;474;362;city231;455;301;city52;485;125;city233;452;243;city145;418;368;city157;238;499;city134
133;city121;12;329;city135;269;2;city278;365;61;city228;158;457;city144;431;91;city212;165;499;city215
148;city233;424;154;city106;177;307;city282;43;455;city114;408;397;city67;274;385;city113;55;270;city171;242;484;city186
139;city158;387;100;city191;46;247;city68;425;24;city264;452;133;city223;257;442;city83;367;104;city126;10;310;city160;397;215;city125
164;city206;434;388;city65;155;88;city203;460;230;city229;438;64;city63;350;446;city195;21;311;city62;88;294;city147;257;132;city173;332;408;city133;151;131;city102;318;222;city276;28;148;city174
144;city138;462;416;city203;478;89;city291;53;221;city159;144;151;city62;460;109;city288;50;126;city75;66;353;city135;455;131;city92;487;93;city224;103;339;city283;434;220;city78;364;36;city147;332;444;city236;163;69;city141;272;304;city66;409;267;city153;106;146;city188
170;city131;431;105;city209
152;city108;294;459;city85;275;79;city57;444;18;city200;64;287;city117;358;242;city193;21;413;city77;344;247;city96;292;4;city182;361;105;city190;161;135;city66;470;416;city217;427;228;city205;495;316;city84;295;107;city95;214;207;city216;412;13;city110
141;city180;6;181;city189;139;125;city79;49;479;city125;15;225;city82;177;290;city267;296;4;city170;374;251;city288;290;386;city290;272;475;city150;197;23;city281;84;64;city207;197;140;city102
130;city80;256;171;city115;351;486;city271;462;87;city168;163;486;city57
144;city138;462;416;city203;478;89;city291;53;221;city159;144;151;city62;460;109;city288;50;126;city75;66;353;city135;455;131;city92;487;93;city224;103;339;city283;434;220;city78;364;36;city147;332;444;city236;163;69;city141;272;304;city66;409;267;city153;106;146;city188
162;city52;200;59;city271;18;312;city172;320;163;city129;66;153;city198;340;441;city157;282;120;city112
153;city171;376;211;city206;107;11;city62;471;423;city124;209;36;city154;265;479;city157;136;171;city178;461;356;city223;260;206;city222;43;463;city211
131;city217;42;471;city196;305;254;city247;203;451;city299;312;11;city100;290;351;city274;110;338;city79;151;278;city171;302;58;city261;92;458;city212;482;229;city186;95;184;city121;282;357;city113;298;47;city250
144;city138;462;416;city203;478;89;city291;53;221;city159;144;151;city62;460;109;city288;50;126;city75;66;353;city135;455;131;city92;487;93;city224;103;339;city283;434;220;city78;364;36;city147;332;444;city236;163;69;city141;272;304;city66;409;267;city153;106;146;city188
128;city111;445;235;city238;382;426;city250;131;243;city80;132;170;city273;498;439;city196;422;192;city159
127;city87;458;19;city268;83;70;city190;271;462;city151;121;474;city147;348;212;city102
173;city289;113;310;city109;38;117;city84;124;89;city50
166;city282;441;106;city135;29;96;city123;226;106;city62;458;265;city207
161;city198;133;379;city153;298;462;city132;355;210;city118;488;483;city262;148;438;city85;112;304;city275;297;18;city179;471;370;city298;134;152;city271;270;483;city256;159;422;city219;335;53;city51;228;156;city259
173;city289;113;310;city109;38;117;city84;124;89;city50
149;city131;478;194;city224
166;city282;441;106;city135;29;96;city123;226;106;city62;458;265;city207
158;city94;421;273;city276;238;24;city132;248;185;city299;399;419;city285;105;262;city153;179;354;city92;10;110;city269;252;279;city72
170;city131;431;105;city209
148;city233;424;154;city106;177;307;city282;43;455;city114;408;397;city67;274;385;city113;55;270;city171;242;484;city186
126;city109;111;260;city184;360;42;city105;418;262;city226;180;9;city57;184;225;city82;232;252;city127;188;461;city272
139;city158;387;100;city191;46;247;city68;425;24;city264;452;133;city223;257;442;city83;367;104;city126;10;310;city160;397;215;city125
146;city246;369;355;city285;89;394;city111;437;382;city74;276;328;city185;386;309;city206;357;27;city296;402;27;city55;436;446;city126;474;352;city120;364;439;city161;352;263;city252;497;410;city105;458;468;city51;30;18;city183;75;41;city141;79;3;city280
140;city138;453;397;city53;438;452;city250;340;264;city252;207;306;city100;473;53;city107;354;248;city101;439;459;city151;151;379;city299;119;266;city167;127;138;city155
134;city66;440;418;city246;98;364;city120;48;296;city137;456;167;city53;222;463;city209;144;242;city97;310;31;city281;189;211;city156;12;485;city123
172;city173;62;348;city95
127;city87;458;19;city268;83;70;city190;271;462;city151;121;474;city147;348;212;city102
169;city227;283;398;city242;28;357;city118;159;330;city298;300;248;city87;148;356;city121;55;213;city67;6;299;city128;455;212;city237;66;491;city189;396;7;city90;497;81;city138;62;60;city150;327;258;city133;93;364;city212
142;city73;311;217;city110;204;394;city225;220;354;city117;57;457;city287;305;136;city127;421;428;city124;264;445;city169;361;112;city170;415;301;city158;328;245;city54;456;216;city172;267;415;city79;317;127;city159;471;295;city266;172;470;city295;357;18;city226;229;232;city92
127;city87;458;19;city268;83;70;city190;271;462;city151;121;474;city147;348;212;city102
160;city279;140;202;city147;240;90;city58;72;93;city100;131;499;city194;185;296;city215;110;139;city201;113;6;city284
136;city175;267;177;city136;242;206;city66;464;205;city186;374;225;city107;302;348;city68;429;340;city282;408;94;city156;235;431;city288;29;87;city273;451;464;city193;268;430;city294;345;112;city207;455;22;city106;184;52;city117;177;386;city227;49;270;city257;219;423;city271;54;473;city62
153;city171;376;211;city206;107;11;city62;471;423;city124;209;36;city154;265;479;city157;136;171;city178;461;356;city223;260;206;city222;43;463;city211
158;city94;421;273;city276;238;24;city132;248;185;city299;399;419;city285;105;262;city153;179;354;city92;10;110;city269;252;279;city72
174;city145;446;153;city282;396;123;city157;362;372;city208
132;city229;474;362;city231;455;301;city52;485;125;city233;452;243;city145;418;368;city157;238;499;city134
161;city198;133;379;city153;298;462;city132;355;210;city118;488;483;city262;148;438;city85;112;304;city275;297;18;city179;471;370;city298;134;152;city271;270;483;city256;159;422;city219;335;53;city51;228;156;city259
143;city190;321;364;city175;141;153;city104
127;city87;458;19;city268;83;70;city190;271;462;city151;121;474;city147;348;212;city102
127;city87;458;19;city268;83;70;city190;271;462;city151;121;474;city147;348;212;city102
149;city131;478;194;city224
159;city195;158;192;city272;199;393;city194;91;60;city104;34;363;city188;4;69;city92;95;216;city257;329;446;city180;331;167;city80;482;352;city123;278;58;city274;274;199;city122;124;62;city294;221;45;city262;118;134;city223;312;86;city84;66;146;city260;278;457;city213
137;city156;366;240;city119;341;169;city159;238;300;city53;114;299;city219;140;310;city280;403;111;city188;151;116;city110;405;468;city91
134;city66;440;418;city246;98;364;city120;48;296;city137;456;167;city53;222;463;city209;144;242;city97;310;31;city281;189;211;city156;12;485;city123
167;city126;49;165;city280;307;290;city281;456;152;city233;257;37;city92;228;385;city167;12;49;city208;293;77;city193;145;332;city286;313;415;city291;416;472;city118;93;342;city273;490;471;city104;488;311;city224;119;225;city71
162;city52;200;59;city271;18;312;city172;320;163;city129;66;153;city198;340;441;city157;282;120;city112
146;city246;369;355;city285;89;394;city111;437;382;city74;276;328;city185;386;309;city206;357;27;city296;402;27;city55;436;446;city126;474;352;city120;364;439;city161;352;263;city252;497;410;city105;458;468;city51;30;18;city183;75;41;city141;79;3;city280
174;city145;446;153;city282;396;123;city157;362;372;city208
150;city61;438;336;city275;297;77;city68;90;144;city214
135;city82;122;401;city240;216;266;city185;345;204;city60;313;372;city91;202;175;city276;12;415;city205;22;139;city55;102;271;city214;482;128;city138;379;116;city273
142;city73;311;217;city110;204;394;city225;220;354;city117;57;457;city287;305;136;city127;421;428;city124;264;445;city169;361;112;city170;415;301;city158;328;245;city54;456;216;city172;267;415;city79;317;127;city159;471;295;city266;172;470;city295;357;18;city226;229;232;city92
170;city131;431;105;city209
160;city279;140;202;city147;240;90;city58;72;93;city100;131;499;city194;185;296;city215;110;139;city201;113;6;city284
129;city283;180;288;city276;383;381;city203;247;63;city164;3;143;city132;134;193;city252;395;228;city137
162;city52;200;59;city271;18;312;city172;320;163;city129;66;153;city198;340;441;city157;282;120;city112
172;city173;62;348;city95
154;city105;401;393;city223;360;478;city233;354;41;city239;44;451;city139;238;241;city99;386;101;city273;485;165;city286
126;city109;111;260;city184;360;42;city105;418;262;city226;180;9;city57;184;225;city82;232;252;city127;188;461;city272
138;city93;215;31;city138;74;258;city158;250;301;city223;148;221;city211;3;382;city76;113;390;city162;433;303;city246
160;city279;140;202;city147;240;90;city58;72;93;city100;131;499;city194;185;296;city215;110;139;city201;113;6;city284
153;city171;376;211;city206;107;11;city62;471;423;city124;209;36;city154;265;479;city157;136;171;city178;461;356;city223;260;206;city222;43;463;city211
126;city109;111;260;city184;360;42;city105;418;262;city226;180;9;city57;184;225;city82;232;252;city127;188;461;city272
148;city233;424;154;city106;177;307;city282;43;455;city114;408;397;city67;274;385;city113;55;270;city171;242;484;city186
138;city93;215;31;city138;74;258;city158;250;301;city223;148;221;city211;3;382;city76;113;390;city162;433;303;city246
174;city145;446;153;city282;396;123;city157;362;372;city208
160;city279;140;202;city147;240;90;city58;72;93;city100;131;499;city194;185;296;city215;110;139;city201;113;6;city284
162;city52;200;59;city271;18;312;city172;320;163;city129;66;153;city198;340;441;city157;282;120;city112
157;city269;94;172;city150;248;346;city255;84;65;city146;148;344;city52;2;26;city230;424;242;city195;197;365;city159;480;452;city89;182;370;city67;354;347;city173;202;390;city164;434;53;city177;277;211;city215;332;426;city218;75;305;city261;107;109;city178;295;97;city188;416;413;city71
147;city175;342;381;city99;472;205;city298;247;100;city57;71;89;city101;324;331;city164;164;99;city249;13;455;city230;396;168;city139;43;184;city134
164;city206;434;388;city65;155;88;city203;460;230;city229;438;64;city63;350;446;city195;21;311;city62;88;294;city147;257;132;city173;332;408;city133;151;131;city102;318;222;city276;28;148;city174
149;city131;478;194;city224
172;city173;62;348;city95
137;city156;366;240;city119;341;169;city159;238;300;city53;114;299;city219;140;310;city280;403;111;city188;151;116;city110;405;468;city91
139;city158;387;100;city191;46;247;city68;425;24;city264;452;133;city223;257;442;city83;367;104;city126;10;310;city160;397;215;city125
127;city87;458;19;city268;83;70;city190;271;462;city151;121;474;city147;348;212;city102
134;city66;440;418;city246;98;364;city120;48;296;city137;456;167;city53;222;463;city209;144;242;city97;310;31;city281;189;211;city156;12;485;city123
145;city282;423;472;city115;486;374;city264;140;377;city254;180;17;city119;77;388;city121;279;32;city148;455;65;city267;390;459;city274;434;12;city195;454;306;city56;349;172;city281;42;9;city266;472;265;city128;387;290;city200;37;164;city140;30;9;city106
127;city87;458;19;city268;83;70;city190;271;462;city151;121;474;city147;348;212;city102
152;city108;294;459;city85;275;79;city57;444;18;city200;64;287;city117;358;242;city193;21;413;city77;344;247;city96;292;4;city182;361;105;city190;161;135;city66;470;416;city217;427;228;city205;495;316;city84;295;107;city95;214;207;city216;412;13;city110
132;city229;474;362;city231;455;301;city52;485;125;city233;452;243;city145;418;368;city157;238;499;city134
173;city289;113;310;city109;38;117;city84;124;89;city50
169;city227;283;398;city242;28;357;city118;159;330;city298;300;248;city87;148;356;city121;55;213;city67;6;299;city128;455;212;city237;66;491;city189;396;7;city90;497;81;city138;62;60;city150;327;258;city133;93;364;city212
161;city198;133;379;city153;298;462;city132;355;210;city118;488;483;city262;148;438;city85;112;304;city275;297;18;city179;471;370;city298;134;152;city271;270;483;city256;159;422;city219;335;53;city51;228;156;city259
162;city52;200;59;city271;18;312;city172;320;163;city129;66;153;city198;340;441;city157;282;120;city112
164;city206;434;388;city65;155;88;city203;460;230;city229;438;64;city63;350;446;city195;21;311;city62;88;294;city147;257;132;city173;332;408;city133;151;131;city102;318;222;city276;28;148;city174
132;city229;474;362;city231;455;301;city52;485;125;city233;452;243;city145;418;368;city157;238;499;city134
137;city156;366;240;city119;341;169;city159;238;300;city53;114;299;city219;140;310;city280;403;111;city188;151;116;city110;405;468;city91
147;city175;342;381;city99;472;205;city298;247;100;city57;71;89;city101;324;331;city164;164;99;city249;13;455;city230;396;168;city139;43;184;city134
149;city131;478;194;city224
154;city105;401;393;city223;360;478;city233;354;41;city239;44;451;city139;238;241;city99;386;101;city273;485;165;city286
129;city283;180;288;city276;383;381;city203;247;63;city164;3;143;city132;134;193;city252;395;228;city137
141;city180;6;181;city189;139;125;city79;49;479;city125;15;225;city82;177;290;city267;296;4;city170;374;251;city288;290;386;city290;272;475;city150;197;23;city281;84;64;city207;197;140;city102
159;city195;158;192;city272;199;393;city194;91;60;city104;34;363;city188;4;69;city92;95;216;city257;329;446;city180;331;167;city80;482;352;city123;278;58;city274;274;199;city122;124;62;city294;221;45;city262;118;134;city223;312;86;city84;66;146;city260;278;457;city213
136;city175;267;177;city136;242;206;city66;464;205;city186;374;225;city107;302;348;city68;429;340;city282;408;94;city156;235;431;city288;29;87;city273;451;464;city193;268;430;city294;345;112;city207;455;22;city106;184;52;city117;177;386;city227;49;270;city257;219;423;city271;54;473;city62
154;city105;401;393;city223;360;478;city233;354;41;city239;44;451;city139;238;241;city99;386;101;city273;485;165;city286
153;city171;376;211;city206;107;11;city62;471;423;city124;209;36;city154;265;479;city157;136;171;city178;461;356;city223;260;206;city222;43;463;city211
142;city73;311;217;city110;204;394;city225;220;354;city117;57;457;city287;305;136;city127;421;428;city124;264;445;city169;361;112;city170;415;301;city158;328;245;city54;456;216;city172;267;415;city79;317;127;city159;471;295;city266;172;470;city295;357;18;city226;229;232;city92
140;city138;453;397;city53;438;452;city250;340;264;city252;207;306;city100;473;53;city107;354;248;city101;439;459;city151;151;379;city299;119;266;city167;127;138;city155
159;city195;158;192;city272;199;393;city194;91;60;city104;34;363;city188;4;69;city92;95;216;city257;329;446;city180;331;167;city80;482;352;city123;278;58;city274;274;199;city122;124;62;city294;221;45;city262;118;134;city223;312;86;city84;66;146;city260;278;457;city213
160;city279;140;202;city147;240;90;city58;72;93;city100;131;499;city194;185;296;city215;110;139;city201;113;6;city284
132;city229;474;362;city231;455;301;city52;485;125;city233;452;243;city145;418;368;city157;238;499;city134
158;city94;421;273;city276;238;24;city132;248;185;city299;399;419;city285;105;262;city153;179;354;city92;10;8664;city269;252;279;city72
169;city227;283;398;city242;28;357;city118;159;330;city298;300;248;city87;148;356;city121;55;213;city67;6;299;city128;455;212;city237;66;491;city189;396;7;city90;497;81;city138;62;60;city150;327;258;city133;93;364;city212
145;city282;423;472;city115;486;374;city264;140;377;city254;180;17;city119;77;388;city121;279;32;city148;455;65;city267;390;459;city274;434;12;city195;454;306;city56;349;172;city281;42;9;city266;472;265;city128;387;290;city200;37;164;city140;30;9;city106
141;city180;6;181;city189;139;125;city79;49;479;city125;15;225;city82;177;290;city267;296;4;city170;374;251;city288;290;386;city290;272;475;city150;197;23;city281;84;64;city207;197;140;city102
149;city131;478;194;city224
132;city229;474;362;city231;455;301;city52;485;125;city233;452;243;city145;418;368;city157;238;499;city134
155;city153;192;86;city183;27;71;city205;206;254;city116
