



143;city174;88;268;city72;385;275;city78




127;city176;116;137;city128;200;233;city194;499;289;city168;360;196;city198;201;171;city215;333;485;city139;101;354;city189;53;35;city274;310;495;city187;381;4;city285;305;230;city249;485;341;city72;11;435;city289









131;city274;183;167;city154;334;25;city94;322;58;city126;83;412;city299;372;392;city117;325;402;city270;71;17;city280;121;353;city227;201;223;city297;84;287;city238;10;289;city51;233;116;city254;153;302;city162;470;149;city271;487;473;city104;186;449;city231;47;187;city120;262;282;city59

142;city109;223;103;city153;299;456;city119;191;404;city75
168;city245;101;31;city265;365;427;city124;334;207;city78;130;337;city86;88;46;city173;457;366;city69;115;330;city235;173;222;city123
167;city257;358;92;city153;181;276;city298;497;134;city241;130;436;city222;100;448;city282;478;479;city176

164;city289;343;329;city193;104;450;city189;452;457;city236;23;151;city103;472;195;city200;477;135;city246;90;50;city194
150;city71;273;279;city97;367;297;city215;241;181;city75;257;455;city297;86;389;city69;190;229;city251;237;126;city126;197;290;city66;141;99;city286;369;402;city78;62;382;city240;169;456;city186;229;445;city290

138;city192;459;463;city249;55;356;city293;111;50;city170;98;22;city274;57;431;city281;457;158;city250;243;377;city105;226;113;city232;143;110;city79;278;44;city139;495;34;city140;406;170;city153;276;335;city120;194;205;city173


168;city245;101;31;city265;365;427;city124;334;207;city78;130;337;city86;88;46;city173;457;366;city69;115;330;city235;173;222;city123

152;city217;366;276;city288;355;156;city286;32;129;city289;337;60;city55;398;168;city268
127;city176;116;137;city128;200;233;city194;499;289;city168;360;196;city198;201;171;city215;333;485;city139;101;354;city189;53;35;city274;310;495;city187;381;4;city285;305;230;city249;485;341;city72;11;435;city289

157;city238;263;372;city140;64;15;city60;423;135;city243;449;81;city246;363;310;city107;456;355;city179;357;197;city52;41;155;city213;346;124;city217;140;132;city282;56;343;city178;449;232;city174;207;248;city241;254;476;city256;451;472;city97;159;37;city64;237;267;city212;7;50;city94;117;240;city129
174;city220;172;193;city181;209;126;city107;414;42;city227;374;27;city185;377;469;city249;409;215;city160;463;164;city254

139;city109;380;133;city262
169;city193;409;64;city99;156;400;city278;440;24;city132;321;264;city189;382;217;city257;460;370;city276;425;127;city131;427;346;city120;251;391;city233;155;89;city81;65;61;city206;146;440;city122;285;229;city194
144;city174;140;331;city254;15;380;city222;217;353;city271;29;467;city62;261;357;city234;155;148;city115;487;27;city206;136;468;city183;241;438;city233;448;158;city230;317;475;city277;460;364;city79;432;260;city169;241;257;city164;424;453;city239;380;188;city172;5;288;city77;356;143;city124;300;88;city213
139;city109;380;133;city262




139;city109;380;133;city262
137;city54;210;414;city166;458;251;city211;203;84;city67;75;262;city131;192;207;city163;417;66;city137;259;467;city241;459;74;city257;158;323;city150
164;city289;343;329;city193;104;450;city189;452;457;city236;23;151;city103;472;195;city200;477;135;city246;90;50;city194

142;city109;223;103;city153;299;456;city119;191;404;city75
168;city245;101;31;city265;365;427;city124;334;207;city78;130;337;city86;88;46;city173;457;366;city69;115;330;city235;173;222;city123


157;city238;263;372;city140;64;15;city60;423;135;city243;449;81;city246;363;310;city107;456;355;city179;357;197;city52;41;155;city213;346;124;city217;140;132;city282;56;343;city178;449;232;city174;207;248;city241;254;476;city256;451;472;city97;159;37;city64;237;267;city212;7;50;city94;117;240;city129
158;city299;350;458;city118;163;399;city267;60;201;city153;269;477;city296;227;50;city104;238;160;city289;376;119;city179;322;453;city112;385;334;city91;318;397;city85;411;178;city259;308;217;city121;199;142;city82;40;19;city187;480;193;city123;356;475;city124;2;350;city155;73;232;city293;238;463;city210
143;city174;88;268;city72;385;275;city78
141;city241;115;49;city240;133;478;city223;20;398;city173;249;177;city281;377;396;city186;67;414;city288;412;31;city180;32;136;city104;80;191;city107;243;428;city143;287;62;city179;405;293;city280;32;116;city277;347;455;city197
128;city248;486;398;city269;48;420;city150;249;36;city88;244;232;city260



148;city109;19;180;city163;275;157;city196;195;179;city117;499;6;city247;190;288;city238;227;100;city54;156;417;city221;469;410;city92;482;390;city274
165;city170;442;325;city129;445;240;city200;476;62;city69;36;344;city245





151;city159;281;226;city197;369;345;city90;162;347;city146;285;421;city228;137;134;city117;77;226;city142;29;29;city170;322;27;city193;483;376;city86;286;157;city66
164;city289;343;329;city193;104;450;city189;452;457;city236;23;151;city103;472;195;city200;477;135;city246;90;50;city194
152;city217;366;276;city288;355;156;city286;32;129;city289;337;60;city55;398;168;city268

129;city223;499;294;city80
127;city176;116;137;city128;200;233;city194;499;289;city168;360;196;city198;201;171;city215;333;485;city139;101;354;city189;53;35;city274;310;495;city187;381;4;city285;305;230;city249;485;341;city72;11;435;city289
141;city241;115;49;city240;133;478;city223;20;398;city173;249;177;city281;377;396;city186;67;414;city288;412;31;city180;32;136;city104;80;191;city107;243;428;city143;287;62;city179;405;293;city280;32;116;city277;347;455;city197
139;city109;380;133;city262
163;city199;177;362;city72;249;454;city105;273;411;city96;74;91;city62;334;135;city142;340;386;city83;202;333;city267;399;134;city231;453;202;city163;441;224;city54;408;290;city243;312;60;city240;228;150;city174
152;city217;366;276;city288;355;156;city286;32;129;city289;337;60;city55;398;168;city268
147;city164;346;117;city295;324;480;city98;366;131;city203;353;360;city276;146;410;city241;339;499;city223;250;311;city126;183;399;city253;141;21;city176
130;city196;33;50;city140;443;286;city198
134;city144;331;29;city217;404;224;city229;98;67;city139;206;470;city63;300;158;city71;187;233;city95

163;city199;177;362;city72;249;454;city105;273;411;city96;74;91;city62;334;135;city142;340;386;city83;202;333;city267;399;134;city231;453;202;city163;441;224;city54;408;290;city243;312;60;city240;228;150;city174
154;city192;364;363;city271;232;13;city212;485;261;city78

159;city94;145;30;city227;373;65;city268;277;404;city245;328;243;city116;44;498;city170;314;478;city287;256;318;city93;87;25;city238;345;351;city171;432;98;city282;457;270;city249;451;112;city61;23;28;city86;290;143;city63;243;119;city278;204;14;city266;79;18;city151;78;410;city66;215;132;city104
152;city217;366;276;city288;355;156;city286;32;129;city289;337;60;city55;398;168;city268
158;city299;350;458;city118;163;399;city267;60;201;city153;269;477;city296;227;50;city104;238;160;city289;376;119;city179;322;453;city112;385;334;city91;318;397;city85;411;178;city259;308;217;city121;199;142;city82;40;19;city187;480;193;city123;356;475;city124;2;350;city155;73;232;city293;238;463;city210
127;city176;116;137;city128;200;233;city194;499;289;city168;360;196;city198;201;171;city215;333;485;city139;101;354;city189;53;35;city274;310;495;city187;381;4;city285;305;230;city249;485;341;city72;11;435;city289
149;city209;352;144;city233;457;331;city105;324;219;city134;258;112;city177;423;293;city183;158;176;city97;104;92;city167;479;437;city244;49;144;city180;140;43;city211;77;218;city102;433;139;city66;335;453;city161

155;city155;128;123;city112

137;city54;210;414;city166;458;251;city211;203;84;city67;75;262;city131;192;207;city163;417;66;city137;259;467;city241;459;74;city257;158;323;city150
174;city220;172;193;city181;209;126;city107;414;42;city227;374;27;city185;377;469;city249;409;215;city160;463;164;city254
166;city151;207;500;city277;383;242;city242;470;443;city174;228;370;city257;403;96;city152;237;489;city276;236;238;city83;311;366;city208;338;306;city281;31;213;city175
157;city238;263;372;city140;64;15;city60;423;135;city243;449;81;city246;363;310;city107;456;355;city179;357;197;city52;41;155;city213;346;124;city217;140;132;city282;56;343;city178;449;232;city174;207;248;city241;254;476;city256;451;472;city97;159;37;city64;237;267;city212;7;50;city94;117;240;city129
163;city199;177;362;city72;249;454;city105;273;411;city96;74;91;city62;334;135;city142;340;386;city83;202;333;city267;399;134;city231;453;202;city163;441;224;city54;408;290;city243;312;60;city240;228;150;city174
131;city274;183;167;city154;334;25;city94;322;58;city126;83;412;city299;372;392;city117;325;402;city270;71;17;city280;121;353;city227;201;223;city297;84;287;city238;10;289;city51;233;116;city254;153;302;city162;470;149;city271;487;473;city104;186;449;city231;47;187;city120;262;282;city59
143;city174;88;268;city72;385;275;city78
151;city159;281;226;city197;369;345;city90;162;347;city146;285;421;city228;137;134;city117;77;226;city142;29;29;city170;322;27;city193;483;376;city86;286;157;city66
158;city299;350;458;city118;163;399;city267;60;201;city153;269;477;city296;227;50;city104;238;160;city289;376;119;city179;322;453;city112;385;334;city91;318;397;city85;411;178;city259;308;217;city121;199;142;city82;40;19;city187;480;193;city123;356;475;city124;2;350;city155;73;232;city293;238;463;city210

134;city144;331;29;city217;404;224;city229;98;67;city139;206;470;city63;300;158;city71;187;233;city95

154;city192;364;363;city271;232;13;city212;485;261;city78
150;city71;273;279;city97;367;297;city215;241;181;city75;257;455;city297;86;389;city69;190;229;city251;237;126;city126;197;290;city66;141;99;city286;369;402;city78;62;382;city240;169;456;city186;229;445;city290
136;city100;166;398;city68;328;165;city105;410;153;city258;355;389;city154;154;261;city261;332;445;city277
138;city192;459;463;city249;55;356;city293;111;50;city170;98;22;city274;57;431;city281;457;158;city250;243;377;city105;226;113;city232;143;110;city79;278;44;city139;495;34;city140;406;170;city153;276;335;city120;194;205;city173
131;city274;183;167;city154;334;25;city94;322;58;city126;83;412;city299;372;392;city117;325;402;city270;71;17;city280;121;353;city227;201;223;city297;84;287;city238;10;289;city51;233;116;city254;153;302;city162;470;149;city271;487;473;city104;186;449;city231;47;187;city120;262;282;city59
146;city226;14;444;city266;160;419;city190;343;364;city125;273;249;city167;43;7;city159
127;city176;116;137;city128;200;233;city194;499;289;city168;360;196;city198;201;171;city215;333;485;city139;101;354;city189;53;35;city274;310;495;city187;381;4;city285;305;230;city249;485;341;city72;11;435;city289
164;city289;343;329;city193;104;450;city189;452;457;city236;23;151;city103;472;195;city200;477;135;city246;90;50;city194
153;city277;275;183;city225
153;city277;275;183;city225
144;city174;140;331;city254;15;380;city222;217;353;city271;29;467;city62;261;357;city234;155;148;city115;487;27;city206;136;468;city183;241;438;city233;448;158;city230;317;475;city277;460;364;city79;432;260;city169;241;257;city164;424;453;city239;380;188;city172;5;288;city77;356;143;city124;300;88;city213
135;city249;33;311;city140;217;54;city106;12;313;city121;178;143;city137;457;89;city259;367;239;city141;89;84;city116;344;420;city231;281;220;city258;330;70;city222;458;137;city227
171;city203;403;55;city129;338;255;city283;220;260;city70;66;83;city177;226;16;city50;316;406;city62;181;250;city113;284;100;city269;464;471;city108;468;416;city167;497;375;city140
169;city193;409;64;city99;156;400;city278;440;24;city132;321;264;city189;382;217;city257;460;370;city276;425;127;city131;427;346;city120;251;391;city233;155;89;city81;65;61;city206;146;440;city122;285;229;city194
143;city174;88;268;city72;385;275;city78
166;city151;207;500;city277;383;242;city242;470;443;city174;228;370;city257;403;96;city152;237;489;city276;236;238;city83;311;366;city208;338;306;city281;31;213;city175
143;city174;88;268;city72;385;275;city78
128;city248;486;398;city269;48;420;city150;249;36;city88;244;232;city260
166;city151;207;500;city277;383;242;city242;470;443;city174;228;370;city257;403;96;city152;237;489;city276;236;238;city83;311;366;city208;338;306;city281;31;213;city175
168;city245;101;31;city265;365;427;city124;334;207;city78;130;337;city86;88;46;city173;457;366;city69;115;330;city235;173;222;city123
146;city226;14;444;city266;160;419;city190;343;364;city125;273;249;city167;43;7;city159
138;city192;459;463;city249;55;356;city293;111;50;city170;98;22;city274;57;431;city281;457;158;city250;243;377;city105;226;113;city232;143;110;city79;278;44;city139;495;34;city140;406;170;city153;276;335;city120;194;205;city173
154;city192;364;363;city271;232;13;city212;485;261;city78
135;city249;33;311;city140;217;54;city106;12;313;city121;178;143;city137;457;89;city259;367;239;city141;89;84;city116;344;420;city231;281;220;city258;330;70;city222;458;137;city227
143;city174;88;268;city72;385;275;city78
134;city144;331;29;city217;404;224;city229;98;67;city139;206;470;city63;300;158;city71;187;233;city95
141;city241;115;49;city240;133;478;city223;20;398;city173;249;177;city281;377;396;city186;67;414;city288;412;31;city180;32;136;city104;80;191;city107;243;428;city143;287;62;city179;405;293;city280;32;116;city277;347;455;city197
129;city223;499;294;city80
150;city71;273;279;city97;367;297;city215;241;181;city75;257;455;city297;86;389;city69;190;229;city251;237;126;city126;197;290;city66;141;99;city286;369;402;city78;62;382;city240;169;456;city186;229;445;city290
168;city245;101;31;city265;365;427;city124;334;207;city78;130;337;city86;88;46;city173;457;366;city69;115;330;city235;173;222;city123


127;city176;116;137;city128;200;233;city194;499;289;city168;360;196;city198;201;171;city215;333;485;city139;101;354;city189;53;35;city274;310;495;city187;381;4;city285;305;230;city249;485;341;city72;11;435;city289
129;city223;499;294;city80
157;city238;263;372;city140;64;15;city60;423;135;city243;449;81;city246;363;310;city107;456;355;city179;357;197;city52;41;155;city213;346;124;city217;140;132;city282;56;343;city178;449;232;city174;207;248;city241;254;476;city256;451;472;city97;159;37;city64;237;267;city212;7;50;city94;117;240;city129
166;city151;207;500;city277;383;242;city242;470;443;city174;228;370;city257;403;96;city152;237;489;city276;236;238;city83;311;366;city208;338;306;city281;31;213;city175
163;city199;177;362;city72;249;454;city105;273;411;city96;74;91;city62;334;135;city142;340;386;city83;202;333;city267;399;134;city231;453;202;city163;441;224;city54;408;290;city243;312;60;city240;228;150;city174
169;city193;409;64;city99;156;400;city278;440;24;city132;321;264;city189;382;217;city257;460;370;city276;425;127;city131;427;346;city120;251;391;city233;155;89;city81;65;61;city206;146;440;city122;285;229;city194
134;city144;331;29;city217;404;224;city229;98;67;city139;206;470;city63;300;158;city71;187;233;city95
127;city176;116;137;city128;200;233;city194;499;289;city168;360;196;city198;201;171;city215;333;485;city139;101;354;city189;53;35;city274;310;495;city187;381;4;city285;305;230;city249;485;341;city72;11;435;city289
129;city223;499;294;city80
160;city270;329;391;city209;298;481;city141;168;93;city292;249;481;city118;471;393;city282;140;210;city97;479;66;city96;241;498;city276;410;132;city68;318;186;city126;294;169;city229;41;234;city180;101;63;city143;224;290;city250;108;492;city73;444;450;city98;436;403;city219;110;499;city204;12;208;city188
128;city248;486;398;city269;48;420;city150;249;36;city88;244;232;city260
132;city130;145;61;city265;349;69;city259;118;370;city56;122;325;city291;369;84;city285;89;355;city292;235;332;city205;407;112;city93;22;312;city212;403;241;city156;257;146;city128;292;442;city188;22;15;city267;262;370;city235
157;city238;263;372;city140;64;15;city60;423;135;city243;449;81;city246;363;310;city107;456;355;city179;357;197;city52;41;155;city213;346;124;city217;140;132;city282;56;343;city178;449;232;city174;207;248;city241;254;476;city256;451;472;city97;159;37;city64;237;267;city212;7;50;city94;117;240;city129
145;city268;446;289;city295;497;113;city171;143;264;city71;286;203;city116;30;218;city168;265;498;city109;228;347;city181;258;407;city265;120;270;city68;234;338;city166;127;91;city72;409;182;city270;431;483;city250;34;383;city67;40;200;city256;237;12;city147;312;363;city257;410;130;city53;146;454;city169
152;city217;366;276;city288;355;156;city286;32;129;city289;337;60;city55;398;168;city268
154;city192;364;363;city271;232;13;city212;485;261;city78
172;city233;408;14;city106;103;381;city205;58;161;city278;161;234;city52;214;285;city276;387;67;city110;93;224;city289;63;422;city292;484;116;city182;358;281;city125;321;51;city73;495;328;city103;418;332;city66
134;city144;331;29;city217;404;224;city229;98;67;city139;206;470;city63;300;158;city71;187;233;city95
143;city174;88;268;city72;385;275;city78
164;city289;343;329;city193;104;450;city189;452;457;city236;23;151;city103;472;195;city200;477;135;city246;90;50;city194
141;city241;115;49;city240;133;478;city223;20;398;city173;249;177;city281;377;396;city186;67;414;city288;412;31;city180;32;136;city104;80;191;city107;243;428;city143;287;62;city179;405;293;city280;32;116;city277;347;455;city197
160;city270;329;391;city209;298;481;city141;168;93;city292;249;481;city118;471;393;city282;140;210;city97;479;66;city96;241;498;city276;410;132;city68;318;186;city126;294;169;city229;41;234;city180;101;63;city143;224;290;city250;108;492;city73;444;450;city98;436;403;city219;110;499;city204;12;208;city188
169;city193;409;64;city99;156;400;city278;440;24;city132;321;264;city189;382;217;city257;460;370;city276;425;127;city131;427;346;city120;251;391;city233;155;89;city81;65;61;city206;146;440;city122;285;229;city194
153;city277;275;183;city225
132;city130;145;61;city265;349;69;city259;118;370;city56;122;325;city291;369;84;city285;89;355;city292;235;332;city205;407;112;city93;22;312;city212;403;241;city156;257;146;city128;292;442;city188;22;15;city267;262;370;city235
145;city268;446;289;city295;497;113;city171;143;264;city71;286;203;city116;30;218;city168;265;498;city109;228;347;city181;258;407;city265;120;270;city68;234;338;city166;127;91;city72;409;182;city270;431;483;city250;34;383;city67;40;200;city256;237;12;city147;312;363;city257;410;130;city53;146;454;city169
138;city192;459;463;city249;55;356;city293;111;50;city170;98;22;city274;57;431;city281;457;158;city250;243;377;city105;226;113;city232;143;110;city79;278;44;city139;495;34;city140;406;170;city153;276;335;city120;194;205;city173
129;city223;499;294;city80
166;city151;207;500;city277;383;242;city242;470;443;city174;228;370;city257;403;96;city152;237;489;city276;236;238;city83;311;366;city208;338;306;city281;31;213;city175
165;city170;442;325;city129;445;240;city200;476;62;city69;36;344;city245
151;city159;281;226;city197;369;345;city90;162;347;city146;285;421;city228;137;134;city117;77;226;city142;29;29;city170;322;27;city193;483;376;city86;286;157;city66
128;city248;486;398;city269;48;420;city150;249;36;city88;244;232;city260
158;city299;350;458;city118;163;399;city267;60;201;city153;269;477;city296;227;50;city104;238;160;city289;376;119;city179;322;453;city112;385;334;city91;318;397;city85;411;178;city259;308;217;city121;199;142;city82;40;19;city187;480;193;city123;356;475;city124;2;350;city155;73;232;city293;238;463;city210
138;city192;459;463;city249;55;356;city293;111;50;city170;98;22;city274;57;431;city281;457;158;city250;243;377;city105;226;113;city232;143;110;city79;278;44;city139;495;34;city140;406;170;city153;276;335;city120;194;205;city173
156;city177;33;454;city229;410;250;city276;322;307;city273;274;44;city141;21;410;city231;307;344;city136;278;219;city133;281;441;city170;53;482;city291;337;124;city265;305;431;city280
150;city71;273;279;city97;367;297;city215;241;181;city75;257;455;city297;86;389;city69;190;229;city251;237;126;city126;197;290;city66;141;99;city286;369;402;city78;62;382;city240;169;456;city186;229;445;city290
159;city94;145;30;city227;373;65;city268;277;404;city245;328;243;city116;44;498;city170;314;478;city287;256;318;city93;87;25;city238;345;351;city171;432;98;city282;457;270;city249;451;112;city61;23;28;city86;290;143;city63;243;119;city278;204;14;city266;79;18;city151;78;410;city66;215;132;city104
155;city155;128;123;city112
128;city248;486;398;city269;48;420;city150;249;36;city88;244;232;city260
136;city100;166;398;city68;328;165;city105;410;153;city258;355;389;city154;154;261;city261;332;445;city277
142;city109;223;103;city153;299;456;city119;191;404;city75
167;city257;358;92;city153;181;276;city298;497;134;city241;130;436;city222;100;448;city282;478;479;city176
136;city100;166;398;city68;328;165;city105;410;153;city258;355;389;city154;154;261;city261;332;445;city277
162;city174;416;284;city283;446;327;city176;60;13;city262;195;318;city145;275;294;city263;425;190;city111;83;6;city291;490;22;city192;309;196;city251;451;101;city194;113;38;city212;371;94;city109;278;470;city281;170;476;city288;424;263;city98
146;city226;14;444;city266;160;419;city190;343;364;city125;273;249;city167;43;7;city159
171;city203;403;55;city129;338;255;city283;220;260;city70;66;83;city177;226;16;city50;316;406;city62;181;250;city113;284;100;city269;464;471;city108;468;416;city167;497;375;city140
128;city248;486;398;city269;48;420;city150;249;36;city88;244;232;city260
136;city100;166;398;city68;328;165;city105;410;153;city258;355;389;city154;154;261;city261;332;445;city277
169;city193;409;64;city99;156;400;city278;440;24;city132;321;264;city189;382;217;city257;460;370;city276;425;127;city131;427;346;city120;251;391;city233;155;89;city81;65;61;city206;146;440;city122;285;229;city194
174;city220;172;193;city181;209;126;city107;414;42;city227;374;9706;city185;377;469;city249;409;215;city160;463;164;city254
156;city177;33;454;city229;410;250;city276;322;307;city273;274;44;city141;21;410;city231;307;344;city136;278;219;city133;281;441;city170;53;482;city291;337;124;city265;305;431;city280
141;city241;115;49;city240;133;478;city223;20;398;city173;249;177;city281;377;396;city186;67;414;city288;412;31;city180;32;136;city104;80;191;city107;243;428;city143;287;62;city179;405;293;city280;32;116;city277;347;455;city197
162;city174;416;284;city283;446;327;city176;60;13;city262;195;318;city145;275;294;city263;425;190;city111;83;6;city291;490;22;city192;309;196;city251;451;101;city194;113;38;city212;371;94;city109;278;470;city281;170;476;city288;424;263;city98
145;city268;446;289;city295;497;113;city171;143;264;city71;286;203;city116;30;218;city168;265;498;city109;228;347;city181;258;407;city265;120;270;city68;234;338;city166;127;91;city72;409;182;city270;431;483;city250;34;383;city67;40;200;city256;237;12;city147;312;363;city257;410;130;city53;146;454;city169
158;city299;350;458;city118;163;399;city267;60;201;city153;269;477;city296;227;50;city104;238;160;city289;376;119;city179;322;453;city112;385;334;city91;318;397;city85;411;178;city259;308;217;city121;199;142;city82;40;19;city187;480;193;city123;356;475;city124;2;350;city155;73;232;city293;238;463;city210
159;city94;145;30;city227;373;65;city268;277;404;city245;328;243;city116;44;498;city170;314;478;city287;256;318;city93;87;25;city238;345;351;city171;432;98;city282;457;270;city249;451;112;city61;23;28;city86;290;143;city63;243;119;city278;204;14;city266;79;18;city151;78;410;city66;215;132;city104
145;city268;446;289;city295;497;113;city171;143;264;city71;286;203;city116;30;218;city168;265;498;city109;228;347;city181;258;407;city265;120;270;city68;234;338;city166;127;91;city72;409;182;city270;431;483;city250;34;383;city67;40;200;city256;237;12;city147;312;363;city257;410;130;city53;146;454;city169
136;city100;166;398;city68;328;165;city105;410;153;city258;355;389;city154;154;261;city261;332;445;city277
127;city176;116;137;city128;200;233;city194;499;289;city168;360;196;city198;201;171;city215;333;485;city139;101;354;city189;53;35;city274;310;495;city187;381;4;city285;305;230;city249;485;341;city72;11;435;city289
173;city77;136;246;city195;160;201;city177;3;107;city81;271;282;city171
146;city226;14;444;city266;160;419;city190;343;364;city125;273;249;city167;43;7;city159
143;city174;88;268;city72;385;275;city78
133;city228;391;404;city230;350;307;city280;133;409;city278;451;309;city268;318;145;city52;219;408;city107;500;326;city168;76;229;city287;310;149;city116;151;409;city117;325;344;city151;431;326;city275;25;168;city181;248;172;city182
164;city289;343;329;city193;104;450;city189;452;457;city236;23;151;city103;472;195;city200;477;135;city246;90;50;city194
170;city96;325;224;city203;497;133;city287;30;58;city249;334;421;city125;333;250;city108;286;276;city198;177;131;city147;236;370;city199;321;191;city70
169;city193;409;64;city99;156;400;city278;440;24;city132;321;264;city189;382;217;city257;460;370;city276;425;127;city131;427;346;city120;251;391;city233;155;89;city81;65;61;city206;146;440;city122;285;229;city194
129;city223;499;294;city80
156;city177;33;454;city229;410;250;city276;322;307;city273;274;44;city141;21;410;city231;307;344;city136;278;219;city133;281;441;city170;53;482;city291;337;124;city265;305;431;city280
133;city228;391;404;city230;350;307;city280;133;409;city278;451;309;city268;318;145;city52;219;408;city107;500;326;city168;76;229;city287;310;149;city116;151;409;city117;325;344;city151;431;326;city275;25;168;city181;248;172;city182
127;city176;116;137;city128;200;233;city194;499;289;city168;360;196;city198;201;171;city215;333;485;city139;101;354;city189;53;35;city274;310;495;city187;381;4;city285;305;230;city249;485;341;city72;11;435;city289
137;city54;210;414;city166;458;251;city211;203;84;city67;75;262;city131;192;207;city163;417;66;city137;259;467;city241;459;74;city257;158;323;city150
165;city170;442;325;city129;445;240;city200;476;62;city69;36;344;city245
145;city268;446;289;city295;497;113;city171;143;264;city71;286;203;city116;30;218;city168;265;498;city109;228;347;city181;258;407;city265;120;270;city68;234;338;city166;127;91;city72;409;182;city270;431;483;city250;34;383;city67;40;200;city256;237;12;city147;312;363;city257;410;130;city53;146;454;city169
150;city71;273;279;city97;367;297;city215;241;181;city75;257;455;city297;86;389;city69;190;229;city251;237;126;city126;197;290;city66;141;99;city286;369;402;city78;62;382;city240;169;456;city186;229;445;city290
146;city226;14;444;city266;160;419;city190;343;364;city125;273;249;city167;43;7;city159
160;city270;329;391;city209;298;481;city141;168;93;city292;249;481;city118;471;393;city282;140;210;city97;479;66;city96;241;498;city276;410;132;city68;318;186;city126;294;4934;city229;41;234;city180;101;63;city143;224;290;city250;108;492;city73;444;450;city98;436;403;city219;110;499;city204;12;208;city188
145;city268;446;289;city295;497;113;city171;143;264;city71;286;203;city116;30;218;city168;265;498;city109;228;347;city181;258;407;city265;120;270;city68;234;338;city166;127;91;city72;409;182;city270;431;483;city250;34;383;city67;40;200;city256;237;12;city147;312;363;city257;410;130;city53;146;454;city169
129;city223;499;294;city80
170;city96;325;224;city203;497;133;city287;30;58;city249;334;421;city125;333;250;city108;286;276;city198;177;131;city147;236;370;city199;321;191;city70
164;city289;343;329;city193;104;450;city189;452;457;city236;23;151;city103;472;195;city200;477;135;city246;90;50;city194
171;city203;403;55;city129;338;255;city283;220;260;city70;66;83;city177;226;16;city50;316;406;city62;181;250;city113;284;100;city269;464;471;city108;468;416;city167;497;375;city140
127;city176;116;137;city128;200;233;city194;499;289;city168;360;196;city198;201;171;city215;333;485;city139;101;354;city189;53;35;city274;310;495;city187;381;4;city285;305;230;city249;485;341;city72;11;435;city289
136;city100;166;398;city68;328;165;city105;410;153;city258;355;389;city154;154;261;city261;332;445;city277
150;city71;273;279;city97;367;297;city215;241;181;city75;257;455;city297;86;389;city69;190;229;city251;237;126;city126;197;290;city66;141;99;city286;369;402;city78;62;382;city240;169;456;city186;229;445;city290
152;city217;366;276;city288;355;156;city286;32;129;city289;337;60;city55;398;168;city268
153;city277;275;183;city225
143;city174;88;268;city72;385;275;city78
144;city174;140;331;city254;15;380;city222;217;353;city271;29;467;city62;261;357;city234;155;148;city115;487;27;city206;136;468;city183;241;438;city233;448;158;city230;317;475;city277;460;364;city79;432;260;city169;241;257;city164;424;453;city239;380;188;city172;5;288;city77;356;143;city124;300;88;city213
126;city66;308;386;city189;58;320;city98;210;343;city99;23;415;city85;244;139;city156;399;407;city296;91;475;city117;258;301;city279;60;444;city201;88;395;city63;91;133;city269;281;313;city89
135;city249;33;311;city140;217;54;city106;12;313;city121;178;143;city137;457;89;city259;367;239;city141;89;84;city116;344;420;city231;281;220;city258;330;70;city222;458;137;city227
153;city277;275;183;city225
170;city96;325;224;city203;497;133;city287;30;58;city249;334;421;city125;333;250;city108;286;276;city198;177;131;city147;236;370;city199;321;191;city70
154;city192;364;363;city271;232;13;city212;485;261;city78
164;city289;343;329;city193;104;450;city189;452;457;city236;23;151;city103;472;195;city200;477;135;city246;90;50;city194
135;city249;33;311;city140;217;54;city106;12;313;city121;178;143;city137;457;89;city259;367;239;city141;89;84;city116;344;420;city231;281;220;city258;330;70;city222;458;137;city227
150;city71;273;279;city97;367;297;city215;241;181;city75;257;455;city297;86;389;city69;190;229;city251;237;126;city126;197;290;city66;141;99;city286;369;402;city78;62;382;city240;169;456;city186;229;445;city290
158;city299;350;458;city118;163;399;city267;60;201;city153;269;477;city296;227;50;city104;238;160;city289;376;119;city179;322;453;city112;385;334;city91;318;397;city85;411;178;city259;308;217;city121;199;142;city82;40;19;city187;480;193;city123;356;475;city124;2;350;city155;73;232;city293;238;463;city210
165;city170;442;325;city129;445;240;city200;476;62;city69;36;344;city245
166;city151;207;500;city277;383;242;city242;470;443;city174;228;370;city257;403;96;city152;237;489;city276;236;238;city83;311;366;city208;338;306;city281;31;213;city175
129;city223;499;294;city80
154;city192;364;363;city271;232;13;city212;485;261;city78
141;city241;115;49;city240;133;478;city223;20;398;city173;249;177;city281;377;396;city186;67;414;city288;412;31;city180;32;136;city104;80;191;city107;243;428;city143;287;62;city179;405;293;city280;32;116;city277;347;455;city197
151;city159;281;226;city197;369;345;city90;162;347;city146;285;421;city228;137;134;city117;77;226;city142;29;29;city170;322;27;city193;483;376;city86;286;157;city66
150;city71;273;279;city97;367;297;city215;241;181;city75;257;455;city297;86;389;city69;190;229;city251;237;126;city126;197;290;city66;141;99;city286;369;402;city78;62;382;city240;169;456;city186;229;445;city290
147;city164;346;117;city295;324;480;city98;366;131;city203;353;360;city276;146;410;city241;339;499;city223;250;311;city126;183;399;city253;141;21;city176
147;city164;346;117;city295;324;480;city98;366;131;city203;353;360;city276;146;410;city241;339;499;city223;250;311;city126;183;399;city253;141;21;city176
172;city233;408;14;city106;103;381;city205;58;161;city278;161;234;city52;214;285;city276;387;67;city110;93;224;city289;63;422;city292;484;116;city182;358;281;city125;321;51;city73;495;328;city103;418;332;city66
129;city223;499;294;city80
166;city151;207;500;city277;383;242;city242;470;443;city174;228;370;city257;403;96;city152;237;489;city276;236;238;city83;311;366;city208;338;306;city281;31;213;city175

158;city299;350;458;city118;163;399;city267;60;201;city153;269;477;city296;227;50;city104;238;160;city289;376;119;city179;322;453;city112;385;334;city91;318;397;city85;411;178;city259;308;217;city121;199;142;city82;40;19;city187;480;193;city123;356;475;city124;2;350;city155;73;232;city293;238;463;city210
167;city257;358;92;city153;181;276;city298;497;134;city241;130;436;city222;100;448;city282;478;479;city176
128;city248;486;398;city269;48;420;city150;249;36;city88;244;232;city260
160;city270;329;391;city209;298;481;city141;168;93;city292;249;481;city118;471;393;city282;140;210;city97;479;66;city96;241;498;city276;410;132;city68;318;186;city126;294;4934;city229;41;234;city180;101;63;city143;224;290;city250;108;492;city73;444;450;city98;436;403;city219;110;499;city204;12;208;city188
161;city149;305;49;city240;338;318;city235;185;292;city81;78;174;city108
162;city174;416;284;city283;446;327;city176;60;13;city262;195;318;city145;275;294;city263;425;190;city111;83;6;city291;490;22;city192;309;196;city251;451;101;city194;113;38;city212;371;94;city109;278;470;city281;170;476;city288;424;263;city98
156;city177;33;454;city229;410;250;city276;322;307;city273;274;44;city141;21;410;city231;307;344;city136;278;219;city133;281;441;city170;53;482;city291;337;124;city265;305;431;city280
134;city144;331;29;city217;404;224;city229;98;67;city139;206;470;city63;300;158;city71;187;233;city95
132;city130;145;61;city265;349;69;city259;118;370;city56;122;325;city291;369;84;city285;89;355;city292;235;332;city205;407;112;city93;22;312;city212;403;241;city156;257;146;city128;292;442;city188;22;15;city267;262;370;city235
160;city270;329;391;city209;298;481;city141;168;93;city292;249;481;city118;471;393;city282;140;210;city97;479;66;city96;241;498;city276;410;132;city68;318;186;city126;294;4934;city229;41;234;city180;101;63;city143;224;290;city250;108;492;city73;444;450;city98;436;403;city219;110;499;city204;12;208;city188
133;city228;391;404;city230;350;307;city280;133;409;city278;451;309;city268;318;145;city52;219;408;city107;500;326;city168;76;229;city287;310;149;city116;151;409;city117;325;344;city151;431;326;city275;25;168;city181;248;172;city182
155;city155;128;123;city112
152;city217;366;276;city288;355;156;city286;32;129;city289;337;60;city55;398;168;city268
160;city270;329;391;city209;298;481;city141;168;93;city292;249;481;city118;471;393;city282;140;210;city97;479;66;city96;241;498;city276;410;132;city68;318;186;city126;294;4934;city229;41;234;city180;101;63;city143;224;290;city250;108;492;city73;444;450;city98;436;403;city219;110;499;city204;12;208;city188
154;city192;364;363;city271;232;13;city212;485;261;city78
132;city130;145;61;city265;349;69;city259;118;370;city56;122;325;city291;369;84;city285;89;355;city292;235;332;city205;407;112;city93;22;312;city212;403;241;city156;257;146;city128;292;442;city188;22;15;city267;262;370;city235
156;city177;33;454;city229;410;250;city276;322;307;city273;274;44;city141;21;410;city231;307;344;city136;278;219;city133;281;441;city170;53;482;city291;337;124;city265;305;431;city280
134;city144;331;29;city217;404;224;city229;98;67;city139;206;470;city63;300;158;city71;187;233;city95
160;city270;329;391;city209;298;481;city141;168;93;city292;249;481;city118;471;393;city282;140;210;city97;479;66;city96;241;498;city276;410;132;city68;318;186;city126;294;4934;city229;41;234;city180;101;63;city143;224;290;city250;108;492;city73;444;450;city98;436;403;city219;110;499;city204;12;208;city188
168;city245;101;31;city265;365;427;city124;334;207;city78;130;337;city86;88;46;city173;457;366;city69;115;330;city235;173;222;city123
153;city277;275;183;city225
150;city71;273;279;city97;367;297;city215;241;181;city75;257;455;city297;86;389;city69;190;229;city251;237;126;city126;197;290;city66;141;99;city286;369;402;city78;62;382;city240;169;456;city186;229;445;city290
161;city149;305;49;city240;338;318;city235;185;292;city81;78;174;city108
173;city77;136;246;city195;160;201;city177;3;107;city81;271;282;city171
136;city100;166;398;city68;328;165;city105;410;153;city258;355;389;city154;154;261;city261;332;445;city277
145;city268;446;289;city295;497;113;city171;143;264;city71;286;203;city116;30;218;city168;265;498;city109;228;347;city181;258;407;city265;120;270;city68;234;338;city166;127;91;city72;409;182;city270;431;483;city250;34;383;city67;40;200;city256;237;12;city147;312;363;city257;410;130;city53;146;454;city169
138;city192;459;463;city249;55;356;city293;111;50;city170;98;22;city274;57;431;city281;457;158;city250;243;377;city105;226;113;city232;143;110;city79;278;44;city139;495;34;city140;406;170;city153;276;335;city120;194;205;city173
166;city151;207;500;city277;383;242;city242;470;443;city174;228;370;city257;403;96;city152;237;489;city276;236;238;city83;311;366;city208;338;306;city281;31;213;city175
133;city228;391;404;city230;350;307;city280;133;409;city278;451;309;city268;318;145;city52;219;408;city107;500;326;city168;76;229;city287;310;149;city116;151;409;city117;325;344;city151;431;326;city275;25;168;city181;248;172;city182
157;city238;263;372;city140;64;15;city60;423;135;city243;449;81;city246;363;310;city107;456;355;city179;357;197;city52;41;155;city213;346;124;city217;140;132;city282;56;343;city178;449;232;city174;207;248;city241;254;476;city256;451;472;city97;159;37;city64;237;267;city212;7;50;city94;117;240;city129
149;city209;352;144;city233;457;331;city105;324;219;city134;258;112;city177;423;293;city183;158;176;city97;104;92;city167;479;437;city244;49;144;city180;140;43;city211;77;218;city102;433;139;city66;335;453;city161
131;city274;183;167;city154;334;25;city94;322;58;city126;83;412;city299;372;392;city117;325;402;city270;71;17;city280;121;353;city227;201;223;city297;84;287;city238;10;289;city51;233;116;city254;153;302;city162;470;149;city271;487;473;city104;186;449;city231;47;187;city120;262;282;city59
170;city96;325;224;city203;497;133;city287;30;58;city249;334;421;city125;333;250;city108;286;276;city198;177;131;city147;236;370;city199;321;191;city70
171;city203;403;55;city129;338;255;city283;220;260;city70;66;83;city177;226;16;city50;316;406;city62;181;250;city113;284;100;city269;464;471;city108;468;416;city167;497;375;city140
143;city174;88;268;city72;385;275;city78
159;city94;145;30;city227;373;65;city268;277;404;city245;328;243;city116;44;498;city170;314;478;city287;256;318;city93;87;25;city238;345;351;city171;432;98;city282;457;270;city249;451;112;city61;23;28;city86;290;143;city63;243;119;city278;204;14;city266;79;18;city151;78;410;city66;215;132;city104
156;city177;33;454;city229;410;250;city276;322;307;city273;274;44;city141;21;410;city231;307;344;city136;278;219;city133;281;441;city170;53;482;city291;337;124;city265;305;431;city280
128;city248;486;398;city269;48;420;city150;249;36;city88;244;232;city260
150;city71;273;279;city97;367;297;city215;241;181;city75;257;455;city297;86;389;city69;190;229;city251;237;126;city126;197;290;city66;141;99;city286;369;402;city78;62;382;city240;169;456;city186;229;445;city290
159;city94;145;30;city227;373;65;city268;277;404;city245;328;243;city116;44;498;city170;314;478;city287;256;318;city93;87;25;city238;345;351;city171;432;98;city282;457;270;city249;451;112;city61;23;28;city86;290;143;city63;243;119;city278;204;14;city266;79;18;city151;78;410;city66;215;132;city104
158;city299;350;458;city118;163;399;city267;60;201;city153;269;477;city296;227;50;city104;238;160;city289;376;119;city179;322;453;city112;385;334;city91;318;397;city85;411;178;city259;308;217;city121;199;142;city82;40;19;city187;480;193;city123;356;475;city124;2;350;city155;73;232;city293;238;463;city210
