




161;city281;172;238;city172;494;410;city188;439;245;city233;34;496;city293;196;222;city154;151;360;city70;74;129;city78;297;300;city150;368;153;city151;29;64;city106;255;377;city223;184;495;city295;124;335;city140;307;359;city266


157;city277;487;270;city239;100;306;city175;366;228;city216;13;325;city176;249;230;city235;246;91;city256





161;city281;172;238;city172;494;410;city188;439;245;city233;34;496;city293;196;222;city154;151;360;city70;74;129;city78;297;300;city150;368;153;city151;29;64;city106;255;377;city223;184;495;city295;124;335;city140;307;359;city266





137;city199;326;337;city250;199;88;city93;487;94;city242;56;96;city225;307;79;city144;360;225;city218;101;449;city204;410;447;city95;459;48;city273;384;419;city58


140;city157;292;4;city293;263;500;city187;426;148;city225;3;478;city59;55;13;city216;205;57;city64;362;92;city233;416;145;city85;164;165;city66;122;20;city94;267;152;city253;412;285;city84;415;275;city286;35;311;city262;435;38;city289;317;134;city242;272;344;city291




162;city54;111;406;city87;140;135;city207;188;298;city75;242;26;city90;401;238;city69;226;231;city91;403;495;city165;255;319;city297;275;34;city149
132;city134;201;221;city184;452;216;city237;398;98;city294;266;384;city272;182;129;city189;205;9;city101;288;18;city262;64;41;city185;444;371;city50;76;164;city138;427;424;city198;447;302;city251;424;437;city259;246;6;city113


148;city57;44;257;city198;424;286;city176;93;495;city128;239;142;city227;69;198;city90;215;56;city264;325;305;city157;353;337;city191
171;city271;166;88;city193;409;56;city184;195;411;city81;487;367;city279;332;261;city75;83;288;city127;332;207;city171;500;253;city264;472;182;city268;54;358;city69
148;city57;44;257;city198;424;286;city176;93;495;city128;239;142;city227;69;198;city90;215;56;city264;325;305;city157;353;337;city191

137;city199;326;337;city250;199;88;city93;487;94;city242;56;96;city225;307;79;city144;360;225;city218;101;449;city204;410;447;city95;459;48;city273;384;419;city58


148;city57;44;257;city198;424;286;city176;93;495;city128;239;142;city227;69;198;city90;215;56;city264;325;305;city157;353;337;city191

153;city232;278;28;city137;263;424;city214;354;117;city155;4;481;city275;262;438;city154;394;270;city296;185;412;city89;189;214;city211;484;78;city65


141;city233;292;71;city65;392;363;city214;197;436;city133;275;38;city181

162;city54;111;406;city87;140;135;city207;188;298;city75;242;26;city90;401;238;city69;226;231;city91;403;495;city165;255;319;city297;275;34;city149


171;city271;166;88;city193;409;56;city184;195;411;city81;487;367;city279;332;261;city75;83;288;city127;332;207;city171;500;253;city264;472;182;city268;54;358;city69


148;city57;44;257;city198;424;286;city176;93;495;city128;239;142;city227;69;198;city90;215;56;city264;325;305;city157;353;337;city191
162;city54;111;406;city87;140;135;city207;188;298;city75;242;26;city90;401;238;city69;226;231;city91;403;495;city165;255;319;city297;275;34;city149
137;city199;326;337;city250;199;88;city93;487;94;city242;56;96;city225;307;79;city144;360;225;city218;101;449;city204;410;447;city95;459;48;city273;384;419;city58

169;city171;43;170;city136;81;423;city242;228;176;city57;358;454;city92;178;238;city155;64;405;city178;165;208;city123

135;city234;199;3;city283;310;142;city94;415;65;city173;324;80;city196;166;159;city216;117;416;city70
173;city124;53;158;city197;337;41;city61;140;358;city280;340;42;city141;49;399;city287;480;321;city215;494;105;city223;376;292;city86;145;427;city290;332;49;city105;275;375;city166;198;448;city131;64;132;city88;191;27;city209;233;40;city67;344;89;city256;114;316;city63;321;25;city291
168;city234;110;297;city205;258;27;city51;360;207;city298;343;372;city273;344;475;city121;451;181;city136;118;131;city221;388;8;city275;401;36;city175
132;city134;201;221;city184;452;216;city237;398;98;city294;266;384;city272;182;129;city189;205;9;city101;288;18;city262;64;41;city185;444;371;city50;76;164;city138;427;424;city198;447;302;city251;424;437;city259;246;6;city113
160;city101;353;471;city145;460;74;city174;212;119;city181;347;472;city70;236;158;city89;480;420;city299;499;133;city67;394;146;city276;47;101;city150

148;city57;44;257;city198;424;286;city176;93;495;city128;239;142;city227;69;198;city90;215;56;city264;325;305;city157;353;337;city191
126;city96;434;29;city249;498;81;city294
135;city234;199;3;city283;310;142;city94;415;65;city173;324;80;city196;166;159;city216;117;416;city70

134;city122;148;210;city187;265;440;city291;432;29;city110;311;338;city131;223;374;city67;227;103;city137;17;102;city162;138;62;city204;422;277;city256;31;309;city283;94;467;city171;283;181;city193;88;271;city138;3;282;city144;347;413;city90;180;53;city244;116;338;city71
143;city299;62;280;city191;330;260;city229;419;102;city282;284;461;city138;451;106;city98;171;321;city140;499;73;city141;194;258;city154;100;124;city123;207;3;city226;246;85;city65;95;69;city84;263;3;city202;464;186;city235;237;49;city106;96;278;city255
160;city101;353;471;city145;460;74;city174;212;119;city181;347;472;city70;236;158;city89;480;420;city299;499;133;city67;394;146;city276;47;101;city150
139;city83;430;243;city257;335;41;city219;263;479;city294;230;320;city157;117;393;city121;87;367;city84


147;city184;208;67;city177;384;134;city249;153;48;city255;344;462;city84;3;388;city95;330;17;city288;150;404;city69;379;424;city208;313;142;city297;183;286;city112;441;387;city291;339;326;city192;179;311;city75;457;6;city295;303;134;city121
170;city98;53;229;city156;8;243;city154;388;145;city75;324;298;city242;162;253;city114;101;212;city272;352;250;city199;432;406;city133;470;375;city225
144;city96;478;252;city132;327;203;city56;231;236;city87;186;335;city136;349;251;city84;86;335;city159;95;445;city192;474;440;city100;197;3;city130;168;486;city293;498;156;city64;409;78;city226;347;440;city147;69;189;city274;430;411;city214;180;439;city51
139;city83;430;243;city257;335;41;city219;263;479;city294;230;320;city157;117;393;city121;87;367;city84
158;city160;53;18;city148;69;177;city216;172;46;city107;409;459;city258
143;city299;62;280;city191;330;260;city229;419;102;city282;284;461;city138;451;106;city98;171;321;city140;499;73;city141;194;258;city154;100;124;city123;207;3;city226;246;85;city65;95;69;city84;263;3;city202;464;186;city235;237;49;city106;96;278;city255
168;city234;110;297;city205;258;27;city51;360;207;city298;343;372;city273;344;475;city121;451;181;city136;118;131;city221;388;8;city275;401;36;city175
144;city96;478;252;city132;327;203;city56;231;236;city87;186;335;city136;349;251;city84;86;335;city159;95;445;city192;474;440;city100;197;3;city130;168;486;city293;498;156;city64;409;78;city226;347;440;city147;69;189;city274;430;411;city214;180;439;city51
127;city141;305;492;city236;164;400;city259;475;43;city169;71;197;city150;320;76;city227;287;87;city196;360;219;city182;134;442;city127;64;435;city162;337;108;city100;434;471;city63;152;83;city158;473;228;city170;64;126;city129
151;city280;198;440;city233;316;163;city53;106;69;city275;96;93;city76;228;14;city294;13;48;city182;208;239;city149;366;373;city142;155;350;city58;82;279;city151;18;132;city57
153;city232;278;28;city137;263;424;city214;354;117;city155;4;481;city275;262;438;city154;394;270;city296;185;412;city89;189;214;city211;484;78;city65

142;city150;55;404;city265;351;431;city185;321;181;city90;99;285;city283;88;16;city128;315;468;city92;113;172;city183;37;43;city204;428;302;city106;460;371;city218;124;416;city181;162;244;city112;459;28;city133;277;375;city245;422;272;city58
142;city150;55;404;city265;351;431;city185;321;181;city90;99;285;city283;88;16;city128;315;468;city92;113;172;city183;37;43;city204;428;302;city106;460;371;city218;124;416;city181;162;244;city112;459;28;city133;277;375;city245;422;272;city58
155;city184;105;177;city285;401;3;city189;64;153;city87;59;207;city82;217;147;city183;12;412;city164;429;395;city288;382;22;city60;228;363;city73;218;252;city242;31;430;city170;324;346;city185;125;139;city58;430;401;city153;153;100;city61;465;285;city268;134;172;city75;357;99;city202
168;city234;110;297;city205;258;27;city51;360;207;city298;343;372;city273;344;475;city121;451;181;city136;118;131;city221;388;8;city275;401;36;city175
167;city172;356;140;city293;217;37;city263;284;5;city60;369;115;city88;162;102;city252;180;464;city268


147;city184;208;67;city177;384;134;city249;153;48;city255;344;462;city84;3;388;city95;330;17;city288;150;404;city69;379;424;city208;313;142;city297;183;286;city112;441;387;city291;339;326;city192;179;311;city75;457;6;city295;303;134;city121
132;city134;201;221;city184;452;216;city237;398;98;city294;266;384;city272;182;129;city189;205;9;city101;288;18;city262;64;41;city185;444;371;city50;76;164;city138;427;424;city198;447;302;city251;424;437;city259;246;6;city113

153;city232;278;28;city137;263;424;city214;354;117;city155;4;481;city275;262;438;city154;394;270;city296;185;412;city89;189;214;city211;484;78;city65
148;city57;44;257;city198;424;286;city176;93;495;city128;239;142;city227;69;198;city90;215;56;city264;325;305;city157;353;337;city191
169;city171;43;170;city136;81;423;city242;228;176;city57;358;454;city92;178;238;city155;64;405;city178;165;208;city123
137;city199;326;337;city250;199;88;city93;487;94;city242;56;96;city225;307;79;city144;360;225;city218;101;449;city204;410;447;city95;459;48;city273;384;419;city58
148;city57;44;257;city198;424;286;city176;93;495;city128;239;142;city227;69;198;city90;215;56;city264;325;305;city157;353;337;city191
146;city96;257;272;city233;87;236;city216;86;352;city55;245;372;city212;69;38;city296;349;103;city199;8;264;city222;414;419;city249;337;136;city129;171;294;city232;67;287;city234;406;106;city144
132;city134;201;221;city184;452;216;city237;398;98;city294;266;384;city272;182;129;city189;205;9;city101;288;18;city262;64;41;city185;444;371;city50;76;164;city138;427;424;city198;447;302;city251;424;437;city259;246;6;city113
143;city299;62;280;city191;330;260;city229;419;102;city282;284;461;city138;451;106;city98;171;321;city140;499;73;city141;194;258;city154;100;124;city123;207;3;city226;246;85;city65;95;69;city84;263;3;city202;464;186;city235;237;49;city106;96;278;city255
159;city59;460;7723;city218;439;342;city121;420;300;city212;208;402;city243;185;350;city96;363;155;city195;42;63;city231;219;92;city269;453;55;city141
169;city171;43;170;city136;81;423;city242;228;176;city57;358;454;city92;178;238;city155;64;405;city178;165;208;city123
169;city171;43;170;city136;81;423;city242;228;176;city57;358;454;city92;178;238;city155;64;405;city178;165;208;city123

132;city134;201;221;city184;452;216;city237;398;98;city294;266;384;city272;182;129;city189;205;9;city101;288;18;city262;64;41;city185;444;371;city50;76;164;city138;427;424;city198;447;302;city251;424;437;city259;246;6;city113
171;city271;166;88;city193;409;56;city184;195;411;city81;487;367;city279;332;261;city75;83;288;city127;332;207;city171;500;253;city264;472;182;city268;54;358;city69

163;city182;81;422;city205;426;188;city126



140;city157;292;4;city293;263;500;city187;426;148;city225;3;478;city59;55;13;city216;205;57;city64;362;92;city233;416;145;city85;164;165;city66;122;20;city94;267;152;city253;412;285;city84;415;275;city286;35;311;city262;435;38;city289;317;134;city242;272;344;city291
171;city271;166;88;city193;409;56;city184;195;411;city81;487;367;city279;332;261;city75;83;288;city127;332;207;city171;500;253;city264;472;182;city268;54;358;city69
157;city277;487;270;city239;100;306;city175;366;228;city216;13;325;city176;249;230;city235;246;91;city256
127;city141;305;492;city236;164;400;city259;475;43;city169;71;197;city150;320;76;city227;287;87;city196;360;219;city182;134;442;city127;64;435;city162;337;108;city100;434;471;city63;152;83;city158;473;228;city170;64;126;city129
166;city79;254;158;city187;128;73;city212;146;168;city274;51;500;city194;68;189;city246;326;132;city263


164;city297;7;67;city245;38;172;city131;243;106;city109;200;375;city161;237;112;city225;195;96;city189;71;57;city164;388;338;city60;496;360;city162;496;131;city258;6;461;city137;243;445;city270;232;23;city119;188;278;city53;333;170;city229;190;12;city163
162;city54;111;406;city87;140;135;city207;188;298;city75;242;26;city90;401;238;city69;226;231;city91;403;495;city165;255;319;city297;275;34;city149

167;city172;356;140;city293;217;37;city263;284;5;city60;369;115;city88;162;102;city252;180;464;city268

148;city57;44;257;city198;424;286;city176;93;495;city128;239;142;city227;69;198;city90;215;56;city264;325;305;city157;353;337;city191
142;city150;55;404;city265;351;431;city185;321;181;city90;99;285;city283;88;16;city128;315;468;city92;113;172;city183;37;43;city204;428;302;city106;460;371;city218;124;416;city181;162;244;city112;459;28;city133;277;375;city245;422;272;city58
171;city271;166;88;city193;409;56;city184;195;411;city81;487;367;city279;332;261;city75;83;288;city127;332;207;city171;500;253;city264;472;182;city268;54;358;city69
170;city98;53;229;city156;8;243;city154;388;145;city75;324;298;city242;162;253;city114;101;212;city272;352;250;city199;432;406;city133;470;375;city225
165;city75;432;249;city86
142;city150;55;404;city265;351;431;city185;321;181;city90;99;285;city283;88;16;city128;315;468;city92;113;172;city183;37;43;city204;428;302;city106;460;371;city218;124;416;city181;162;244;city112;459;28;city133;277;375;city245;422;272;city58
172;city136;443;450;city165;386;7;city106
130;city256;335;41;city273;112;318;city151;87;139;city201;136;338;city247;462;207;city138;341;176;city255;346;75;city81;236;79;city105;468;338;city234;3;423;city166;141;6;city243;479;99;city281;183;23;city77
147;city184;208;67;city177;384;134;city249;153;48;city255;344;462;city84;3;388;city95;330;17;city288;150;404;city69;379;424;city208;313;142;city297;183;286;city112;441;387;city291;339;326;city192;179;311;city75;457;6;city295;303;134;city121
157;city277;487;270;city239;100;306;city175;366;228;city216;13;325;city176;249;230;city235;246;91;city256
126;city96;434;29;city249;498;81;city294



147;city184;208;67;city177;384;134;city249;153;48;city255;344;462;city84;3;388;city95;330;17;city288;150;404;city69;379;424;city208;313;142;city297;183;286;city112;441;387;city291;339;326;city192;179;311;city75;457;6;city295;303;134;city121
132;city134;201;221;city184;452;216;city237;398;98;city294;266;384;city272;182;129;city189;205;9;city101;288;18;city262;64;41;city185;444;371;city50;76;164;city138;427;424;city198;447;302;city251;424;437;city259;246;6;city113
160;city101;353;471;city145;460;74;city174;212;119;city181;347;472;city70;236;158;city89;480;420;city299;499;133;city67;394;146;city276;47;101;city150
159;city59;460;7723;city218;439;342;city121;420;300;city212;208;402;city243;185;350;city96;363;155;city195;42;63;city231;219;92;city269;453;55;city141
169;city171;43;170;city136;81;423;city242;228;176;city57;358;454;city92;178;238;city155;64;405;city178;165;208;city123
140;city157;292;4;city293;263;500;city187;426;148;city225;3;478;city59;55;13;city216;205;57;city64;362;92;city233;416;145;city85;164;165;city66;122;20;city94;267;152;city253;412;285;city84;415;275;city286;35;311;city262;435;38;city289;317;134;city242;272;344;city291
152;city299;410;42;city168;66;493;city263;21;319;city89;441;117;city189;261;113;city146;183;291;city157;44;249;city188
152;city299;410;42;city168;66;493;city263;21;319;city89;441;117;city189;261;113;city146;183;291;city157;44;249;city188
139;city83;430;243;city257;335;41;city219;263;479;city294;230;320;city157;117;393;city121;87;367;city84
143;city299;62;280;city191;330;260;city229;419;102;city282;284;461;city138;451;106;city98;171;321;city140;499;73;city141;194;258;city154;100;124;city123;207;3;city226;246;85;city65;95;69;city84;263;3;city202;464;186;city235;237;49;city106;96;278;city255
131;city251;108;343;city164;214;27;city233;309;393;city151;121;151;city103
144;city96;478;252;city132;327;203;city56;231;236;city87;186;335;city136;349;251;city84;86;335;city159;95;445;city192;474;440;city100;197;3;city130;168;486;city293;498;156;city64;409;78;city226;347;440;city147;69;189;city274;430;411;city214;180;439;city51
174;city82;169;229;city153;20;201;city227;343;375;city58;346;429;city294;379;158;city299;24;94;city142;371;365;city196;83;133;city54;38;190;city235;138;300;city224;298;39;city199;285;266;city62;141;94;city169;214;106;city236;73;153;city158;241;128;city293;424;315;city73;35;304;city226;447;362;city174
146;city96;257;272;city233;87;236;city216;86;352;city55;245;372;city212;69;38;city296;349;103;city199;8;264;city222;414;419;city249;337;136;city129;171;294;city232;67;287;city234;406;106;city144
143;city299;62;280;city191;330;260;city229;419;102;city282;284;461;city138;451;106;city98;171;321;city140;499;73;city141;194;258;city154;100;124;city123;207;3;city226;246;85;city65;95;69;city84;263;3;city202;464;186;city235;237;49;city106;96;278;city255

144;city96;478;252;city132;327;203;city56;231;236;city87;186;335;city136;349;251;city84;86;335;city159;95;445;city192;474;440;city100;197;3;city130;168;486;city293;498;156;city64;409;78;city226;347;440;city147;69;189;city274;430;411;city214;180;439;city51
131;city251;108;343;city164;214;27;city233;309;393;city151;121;151;city103
127;city141;305;492;city236;164;400;city259;475;43;city169;71;197;city150;320;76;city227;287;87;city196;360;219;city182;134;442;city127;64;435;city162;337;108;city100;434;471;city63;152;83;city158;473;228;city170;64;126;city129
136;city197;321;181;city280
165;city75;432;249;city86
125;city245;111;39;city146
157;city277;487;270;city239;100;306;city175;366;228;city216;13;325;city176;249;230;city235;246;91;city256
156;city125;120;459;city178
154;city274;222;223;city281;8;75;city50;88;210;city201;132;442;city146
174;city82;169;229;city153;20;201;city227;343;375;city58;346;429;city294;379;158;city299;24;94;city142;371;365;city196;83;133;city54;38;190;city235;138;300;city224;298;39;city199;285;266;city62;141;94;city169;214;106;city236;73;153;city158;241;128;city293;424;315;city73;35;304;city226;447;362;city174
130;city256;335;41;city273;112;318;city151;87;139;city201;136;338;city247;462;207;city138;341;176;city255;346;75;city81;236;79;city105;468;338;city234;3;423;city166;141;6;city243;479;99;city281;183;23;city77
156;city125;120;459;city178
164;city297;7;67;city245;38;172;city131;243;106;city109;200;375;city161;237;112;city225;195;96;city189;71;57;city164;388;338;city60;496;360;city162;496;131;city258;6;461;city137;243;445;city270;232;23;city119;188;278;city53;333;170;city229;190;12;city163
125;city245;111;39;city146
174;city82;169;229;city153;20;201;city227;343;375;city58;346;429;city294;379;158;city299;24;94;city142;371;365;city196;83;133;city54;38;190;city235;138;300;city224;298;39;city199;285;266;city62;141;94;city169;214;106;city236;73;153;city158;241;128;city293;424;315;city73;35;304;city226;447;362;city174
162;city54;111;406;city87;140;135;city207;188;298;city75;242;26;city90;401;238;city69;226;231;city91;403;495;city165;255;319;city297;275;34;city149
155;city184;105;177;city285;401;3;city189;64;153;city87;59;207;city82;217;147;city183;12;412;city164;429;395;city288;382;22;city60;228;363;city73;218;252;city242;31;430;city170;324;346;city185;125;139;city58;430;401;city153;153;100;city61;465;285;city268;134;172;city75;357;99;city202
168;city234;110;297;city205;258;27;city51;360;207;city298;343;372;city273;344;475;city121;451;181;city136;118;131;city221;388;8;city275;401;36;city175
140;city157;292;4;city293;263;500;city187;426;148;city225;3;478;city59;55;13;city216;205;57;city64;362;92;city233;416;145;city85;164;165;city66;122;20;city94;267;152;city253;412;285;city84;415;275;city286;35;311;city262;435;38;city289;317;134;city242;272;344;city291
173;city124;53;158;city197;337;41;city61;140;358;city280;340;42;city141;49;399;city287;480;321;city215;494;105;city223;376;292;city86;145;427;city290;332;49;city105;275;375;city166;198;448;city131;64;132;city88;191;27;city209;233;40;city67;344;89;city256;114;316;city63;321;25;city291
166;city79;254;158;city187;128;73;city212;146;168;city274;51;500;city194;68;189;city246;326;132;city263
160;city101;353;471;city145;460;74;city174;212;119;city181;347;472;city70;236;158;city89;480;420;city299;499;133;city67;394;146;city276;47;101;city150
135;city234;199;3;city283;310;142;city94;415;65;city173;324;80;city196;166;159;city216;117;416;city70
146;city96;257;272;city233;87;236;city216;86;352;city55;245;372;city212;69;38;city296;349;103;city199;8;264;city222;414;419;city249;337;136;city129;171;294;city232;67;287;city234;406;106;city144
165;city75;432;249;city86
163;city182;81;422;city205;426;188;city126
131;city251;108;343;city164;214;27;city233;309;393;city151;121;151;city103
155;city184;105;177;city285;401;3;city189;64;153;city87;59;207;city82;217;147;city183;12;412;city164;429;395;city288;382;22;city60;228;363;city73;218;252;city242;31;430;city170;324;346;city185;125;139;city58;430;401;city153;153;100;city61;465;285;city268;134;172;city75;357;99;city202
149;city158;16;188;city139;162;262;city151;482;407;city202;254;176;city132;419;62;city100;473;80;city91;278;486;city150;475;357;city122;336;497;city281;289;19;city223;285;218;city157;53;497;city174;176;417;city60;43;227;city131;26;339;city63;126;477;city95;39;359;city80;77;420;city163;154;416;city242
129;city94;357;346;city92;42;422;city135;160;418;city127;98;4;city131;55;124;city139;317;391;city93;198;118;city225;157;360;city202;168;226;city203;70;29;city101;487;30;city193
125;city245;111;39;city146
171;city271;166;88;city193;409;56;city184;195;411;city81;487;367;city279;332;261;city75;83;288;city127;332;207;city171;500;253;city264;472;182;city268;54;358;city69
164;city297;7;67;city245;38;172;city131;243;106;city109;200;375;city161;237;112;city225;195;96;city189;71;57;city164;388;338;city60;496;360;city162;496;131;city258;6;461;city137;243;445;city270;232;23;city119;188;278;city53;333;170;city229;190;12;city163
136;city197;321;181;city280
157;city277;487;270;city239;100;306;city175;366;228;city216;13;325;city176;249;230;city235;246;91;city256
146;city96;257;272;city233;87;236;city216;86;352;city55;245;372;city212;69;38;city296;349;103;city199;8;264;city222;414;419;city249;337;136;city129;171;294;city232;67;287;city234;406;106;city144
144;city96;478;252;city132;327;203;city56;231;236;city87;186;335;city136;349;251;city84;86;335;city159;95;445;city192;474;440;city100;197;3;city130;168;486;city293;498;156;city64;409;78;city226;347;440;city147;69;189;city274;430;411;city214;180;439;city51
150;city100;119;416;city251;291;486;city141;399;476;city207
155;city184;105;177;city285;401;3;city189;64;153;city87;59;207;city82;217;147;city183;12;412;city164;429;395;city288;382;22;city60;228;363;city73;218;252;city242;31;430;city170;324;346;city185;125;139;city58;430;401;city153;153;100;city61;465;285;city268;134;172;city75;357;99;city202
125;city245;111;39;city146
150;city100;119;416;city251;291;486;city141;399;476;city207
133;city239;299;480;city219;225;169;city78;65;135;city195;301;42;city205;109;247;city60;214;116;city109;71;97;city127;177;406;city276;401;78;city179
156;city125;120;459;city178
131;city251;108;343;city164;214;27;city233;309;393;city151;121;151;city103
142;city150;55;404;city265;351;431;city185;321;181;city90;99;285;city283;88;16;city128;315;468;city92;113;172;city183;37;43;city204;428;302;city106;460;371;city218;124;416;city181;162;244;city112;459;28;city133;277;375;city245;422;272;city58
147;city184;208;67;city177;384;134;city249;153;48;city255;344;462;city84;3;388;city95;330;17;city288;150;404;city69;379;424;city208;313;142;city297;183;286;city112;441;387;city291;339;326;city192;179;311;city75;457;6;city295;303;134;city121
170;city98;53;229;city156;8;243;city154;388;145;city75;324;298;city242;162;253;city114;101;212;city272;352;250;city199;432;406;city133;470;375;city225
133;city239;299;480;city219;225;169;city78;65;135;city195;301;42;city205;109;247;city60;214;116;city109;71;97;city127;177;406;city276;401;78;city179
152;city299;410;42;city168;66;493;city263;21;319;city89;441;117;city189;261;113;city146;183;291;city157;44;249;city188
161;city281;172;238;city172;494;410;city188;439;245;city233;34;496;city293;196;222;city154;151;360;city70;74;129;city78;297;300;city150;368;153;city151;29;64;city106;255;377;city223;184;495;city295;124;335;city140;307;359;city266
129;city94;357;346;city92;42;422;city135;160;418;city127;98;4;city131;55;124;city139;317;391;city93;198;118;city225;157;360;city202;168;226;city203;70;29;city101;487;30;city193
132;city134;201;221;city184;452;216;city237;398;98;city294;266;384;city272;182;129;city189;205;9;city101;288;18;city262;64;41;city185;444;371;city50;76;164;city138;427;424;city198;447;302;city251;424;437;city259;246;6;city113
130;city256;335;41;city273;112;318;city151;87;139;city201;136;338;city247;462;207;city138;341;176;city255;346;75;city81;236;79;city105;468;338;city234;3;423;city166;141;6;city243;479;99;city281;183;23;city77
167;city172;356;140;city293;217;37;city263;284;5;city60;369;115;city88;162;102;city252;180;464;city268
134;city122;148;210;city187;265;440;city291;432;29;city110;311;338;city131;223;374;city67;227;103;city137;17;102;city162;138;62;city204;422;277;city256;31;309;city283;94;467;city171;283;181;city193;88;271;city138;3;282;city144;347;413;city90;180;53;city244;116;338;city71
157;city277;487;270;city239;100;306;city175;366;228;city216;13;325;city176;249;230;city235;246;91;city256
133;city239;299;480;city219;225;169;city78;65;135;city195;301;42;city205;109;247;city60;214;116;city109;71;97;city127;177;406;city276;401;78;city179
126;city96;434;29;city249;498;81;city294
167;city172;356;140;city293;217;37;city263;284;5;city60;369;115;city88;162;102;city252;180;464;city268
133;city239;299;480;city219;225;169;city78;65;135;city195;301;42;city205;109;247;city60;214;116;city109;71;97;city127;177;406;city276;401;78;city179
136;city197;321;181;city280
130;city256;335;41;city273;112;318;city151;87;139;city201;136;338;city247;462;207;city138;341;176;city255;346;75;city81;236;79;city105;468;338;city234;3;423;city166;141;6;city243;479;99;city281;183;23;city77

137;city199;326;337;city250;199;88;city93;487;94;city242;56;96;city225;307;79;city144;360;225;city218;101;449;city204;410;447;city95;459;48;city273;384;419;city58
169;city171;43;170;city136;81;423;city242;228;176;city57;358;454;city92;178;238;city155;64;405;city178;165;208;city123
129;city94;357;346;city92;42;422;city135;160;418;city127;98;4;city131;55;124;city139;317;391;city93;198;118;city225;157;360;city202;168;226;city203;70;29;city101;487;30;city193
142;city150;55;404;city265;351;431;city185;321;181;city90;99;285;city283;88;16;city128;315;468;city92;113;172;city183;37;43;city204;428;302;city106;460;371;city218;124;416;city181;162;244;city112;459;28;city133;277;375;city245;422;272;city58
163;city182;81;422;city205;426;188;city126
140;city157;292;4;city293;263;500;city187;426;148;city225;3;478;city59;55;13;city216;205;57;city64;362;92;city233;416;145;city85;164;165;city66;122;20;city94;267;152;city253;412;285;city84;415;275;city286;35;311;city262;435;38;city289;317;134;city242;272;344;city291
160;city101;353;471;city145;460;74;city174;212;119;city181;347;472;city70;236;158;city89;480;420;city299;499;133;city67;394;146;city276;47;101;city150
160;city101;353;471;city145;460;74;city174;212;119;city181;347;472;city70;236;158;city89;480;420;city299;499;133;city67;394;146;city276;47;101;city150
170;city98;53;229;city156;8;243;city154;388;145;city75;324;298;city242;162;253;city114;101;212;city272;352;250;city199;432;406;city133;470;375;city225
139;city83;430;243;city257;335;41;city219;263;479;city294;230;320;city157;117;393;city121;87;367;city84
155;city184;105;177;city285;401;3;city189;64;153;city87;59;207;city82;217;147;city183;12;412;city164;429;395;city288;382;22;city60;228;363;city73;218;252;city242;31;430;city170;324;346;city185;125;139;city58;430;401;city153;153;100;city61;465;285;city268;134;172;city75;357;99;city202
136;city197;321;181;city280
172;city136;443;450;city165;386;7;city106
130;city256;335;41;city273;112;318;city151;87;139;city201;136;338;city247;462;207;city138;341;176;city255;346;75;city81;236;79;city105;468;338;city234;3;423;city166;141;6;city243;479;99;city281;183;23;city77
140;city157;292;4;city293;263;500;city187;426;148;city225;3;478;city59;55;13;city216;205;57;city64;362;92;city233;416;145;city85;164;165;city66;122;20;city94;267;152;city253;412;285;city84;415;275;city286;35;311;city262;435;38;city289;317;134;city242;272;344;city291
139;city83;430;243;city257;335;41;city219;263;479;city294;230;320;city157;117;393;city121;87;367;city84
160;city101;353;471;city145;460;74;city174;212;119;city181;347;472;city70;236;158;city89;480;420;city299;499;133;city67;394;146;city276;47;101;city150
135;city234;199;3;city283;310;142;city94;415;65;city173;324;80;city196;166;159;city216;117;416;city70
151;city280;198;440;city233;316;163;city53;106;69;city275;96;93;city76;228;14;city294;13;48;city182;208;239;city149;366;373;city142;155;350;city58;82;279;city151;18;132;city57
168;city234;110;297;city205;258;27;city51;360;207;city298;343;372;city273;344;475;city121;451;181;city136;118;131;city221;388;8;city275;401;36;city175
130;city256;335;41;city273;112;318;city151;87;139;city201;136;338;city247;462;207;city138;341;176;city255;346;75;city81;236;79;city105;468;338;city234;3;423;city166;141;6;city243;479;99;city281;183;23;city77
158;city160;53;18;city148;69;177;city216;172;46;city107;409;459;city258
157;city277;487;270;city239;100;306;city175;366;228;city216;13;325;city176;249;230;city235;246;91;city256
148;city57;44;257;city198;424;286;city176;93;495;city128;239;142;city227;69;198;city90;215;56;city264;325;305;city157;353;337;city191
126;city96;434;29;city249;498;81;city294
174;city82;169;229;city153;20;201;city227;343;375;city58;346;429;city294;379;158;city299;24;94;city142;371;365;city196;83;133;city54;38;190;city235;138;300;city224;298;39;city199;285;266;city62;141;94;city169;214;106;city236;73;153;city158;241;128;city293;424;315;city73;35;304;city226;447;362;city174
155;city184;105;177;city285;401;3;city189;64;153;city87;59;207;city82;217;147;city183;12;412;city164;429;395;city288;382;22;city60;228;363;city73;218;252;city242;31;430;city170;324;346;city185;125;139;city58;430;401;city153;153;100;city61;465;285;city268;134;172;city75;357;99;city202
138;city76;481;450;city279
155;city184;105;177;city285;401;3;city189;64;153;city87;59;207;city82;217;147;city183;12;412;city164;429;395;city288;382;22;city60;228;363;city73;218;252;city242;31;430;city170;324;346;city185;125;139;city58;430;401;city153;153;100;city61;465;285;city268;134;172;city75;357;99;city202
130;city256;335;41;city273;112;318;city151;87;139;city201;136;338;city247;462;207;city138;341;176;city255;346;75;city81;236;79;city105;468;338;city234;3;423;city166;141;6;city243;479;99;city281;183;23;city77
130;city256;335;41;city273;112;318;city151;87;139;city201;136;338;city247;462;207;city138;341;176;city255;346;75;city81;236;79;city105;468;338;city234;3;423;city166;141;6;city243;479;99;city281;183;23;city77
138;city76;481;450;city279
137;city199;326;337;city250;199;88;city93;487;94;city242;56;96;city225;307;79;city144;360;225;city218;101;449;city204;410;447;city95;459;48;city273;384;419;city58
160;city101;353;471;city145;460;74;city174;212;119;city181;347;472;city70;236;158;city89;480;420;city299;499;133;city67;394;146;city276;47;101;city150
165;city75;432;249;city86
140;city157;292;4;city293;263;500;city187;426;148;city225;3;478;city59;55;13;city216;205;57;city64;362;92;city233;416;145;city85;164;165;city66;122;20;city94;267;152;city253;412;285;city84;415;275;city286;35;311;city262;435;38;city289;317;134;city242;272;344;city291

148;city57;44;257;city198;424;286;city176;93;495;city128;239;142;city227;69;198;city90;215;56;city264;325;305;city157;353;337;city191
174;city82;169;229;city153;20;201;city227;343;375;city58;346;429;city294;379;158;city299;24;94;city142;371;365;city196;83;133;city54;38;190;city235;138;300;city224;298;39;city199;285;266;city62;141;94;city169;214;106;city236;73;153;city158;241;128;city293;424;315;city73;35;304;city226;447;362;city174
150;city100;119;416;city251;291;486;city141;399;476;city207

128;city145;323;100;city90;108;24;city171;335;236;city117;399;403;city281;47;112;city259;151;89;city295
167;city172;356;140;city293;217;37;city263;284;5;city60;369;115;city88;162;102;city252;180;464;city268
169;city171;43;170;city136;81;423;city242;228;176;city57;358;454;city92;178;238;city155;64;405;city178;165;208;city123
146;city96;257;272;city233;87;236;city216;86;352;city55;245;372;city212;69;38;city296;349;103;city199;8;264;city222;414;419;city249;337;136;city129;171;294;city232;67;287;city234;406;106;city144
134;city122;148;210;city187;265;440;city291;432;29;city110;311;338;city131;223;374;city67;227;9899;city137;17;102;city162;138;62;city204;422;277;city256;31;309;city283;94;467;city171;283;181;city193;88;271;city138;3;282;city144;347;413;city90;180;53;city244;116;338;city71
172;city136;443;450;city165;386;7;city106
141;city233;292;71;city65;392;363;city214;197;436;city133;275;38;city181
144;city96;478;252;city132;327;203;city56;231;236;city87;186;335;city136;349;251;city84;86;335;city159;95;445;city192;474;440;city100;197;3;city130;168;486;city293;498;156;city64;409;78;city226;347;440;city147;69;189;city274;430;411;city214;180;439;city51
126;city96;434;29;city249;498;81;city294
169;city171;43;170;city136;81;423;city242;228;176;city57;358;454;city92;178;238;city155;64;405;city178;165;208;city123
157;city277;487;270;city239;100;306;city175;366;228;city216;13;325;city176;249;230;city235;246;91;city256
156;city125;120;459;city178
173;city124;53;158;city197;337;41;city61;140;358;city280;340;42;city141;49;399;city287;480;321;city215;494;105;city223;376;292;city86;145;427;city290;332;49;city105;275;375;city166;198;448;city131;64;132;city88;191;27;city209;233;40;city67;344;89;city256;114;316;city63;321;25;city291
168;city234;110;297;city205;258;27;city51;360;207;city298;343;372;city273;344;475;city121;451;181;city136;118;131;city221;388;8;city275;401;36;city175
128;city145;323;100;city90;108;24;city171;335;236;city117;399;403;city281;47;112;city259;151;89;city295
154;city274;222;223;city281;8;75;city50;88;210;city201;132;442;city146
131;city251;108;343;city164;214;27;city233;309;393;city151;121;151;city103
157;city277;487;270;city239;100;306;city175;366;228;city216;13;325;city176;249;230;city235;246;91;city256
163;city182;81;422;city205;426;188;city126
128;city145;323;100;city90;108;24;city171;335;236;city117;399;403;city281;47;112;city259;151;89;city295
167;city172;356;140;city293;217;37;city263;284;5;city60;369;115;city88;162;102;city252;180;464;city268
174;city82;169;229;city153;20;201;city227;343;375;city58;346;429;city294;379;158;city299;24;94;city142;371;365;city196;83;133;city54;38;190;city235;138;300;city224;298;39;city199;285;266;city62;141;94;city169;214;106;city236;73;153;city158;241;128;city293;424;315;city73;35;304;city226;447;362;city174
172;city136;443;450;city165;386;7;city106
135;city234;199;3;city283;310;142;city94;415;65;city173;324;80;city196;166;159;city216;117;416;city70
132;city134;201;221;city184;452;216;city237;398;98;city294;266;384;city272;182;129;city189;205;9;city101;288;18;city262;64;41;city185;444;371;city50;76;164;city138;427;424;city198;447;302;city251;424;437;city259;246;6;city113
171;city271;166;88;city193;409;56;city184;195;411;city81;487;367;city279;332;261;city75;83;288;city127;332;207;city171;500;253;city264;472;182;city268;54;358;city69
137;city199;326;337;city250;199;88;city93;487;94;city242;56;96;city225;307;79;city144;360;225;city218;101;449;city204;410;447;city95;459;48;city273;384;419;city58
131;city251;108;343;city164;214;27;city233;309;393;city151;121;151;city103
142;city150;55;404;city265;351;431;city185;321;181;city90;99;285;city283;88;16;city128;315;468;city92;113;172;city183;37;43;city204;428;302;city106;460;371;city218;124;416;city181;162;244;city112;459;28;city133;277;375;city245;422;272;city58
142;city150;55;404;city265;351;431;city185;321;181;city90;99;285;city283;88;16;city128;315;468;city92;113;172;city183;37;43;city204;428;302;city106;460;371;city218;124;416;city181;162;244;city112;459;28;city133;277;375;city245;422;272;city58
138;city76;481;450;city279
160;city101;353;471;city145;460;74;city174;212;119;city181;347;472;city70;236;158;city89;480;420;city299;499;133;city67;394;146;city276;47;101;city150
141;city233;292;71;city65;392;363;city214;197;436;city133;275;38;city181
148;city57;44;257;city198;424;286;city176;93;495;city128;239;142;city227;69;198;city90;215;56;city264;325;305;city157;353;337;city191
131;city251;108;343;city164;214;27;city233;309;393;city151;121;151;city103
128;city145;323;100;city90;108;24;city171;335;236;city117;399;403;city281;47;112;city259;151;89;city295
164;city297;7;67;city245;38;172;city131;243;106;city109;200;375;city161;237;112;city225;195;96;city189;71;57;city164;388;338;city60;496;360;city162;496;131;city258;6;461;city137;243;445;city270;232;23;city119;188;278;city53;333;170;city229;190;12;city163
137;city199;326;337;city250;199;88;city93;487;94;city242;56;96;city225;307;79;city144;360;225;city218;101;449;city204;410;447;city95;459;48;city273;384;419;city58
166;city79;254;158;city187;128;73;city212;146;168;city274;51;500;city194;68;189;city246;326;132;city263
145;city79;165;276;city96;301;282;city213;26;164;city102;339;230;city288;186;174;city211;490;154;city157;38;453;city159;279;379;city250;122;470;city266;134;498;city252;160;249;city90;155;183;city217;25;250;city76;76;347;city156;217;3;city182;76;368;city151;373;280;city148;296;147;city199
152;city299;410;42;city168;66;493;city263;21;319;city89;441;117;city189;261;113;city146;183;291;city157;44;249;city188
145;city79;165;276;city96;301;282;city213;26;164;city102;339;230;city288;186;174;city211;490;154;city157;38;453;city159;279;379;city250;122;470;city266;134;498;city252;160;249;city90;155;183;city217;25;250;city76;76;347;city156;217;3;city182;76;368;city151;373;280;city148;296;147;city199
154;city274;222;223;city281;8;75;city50;88;210;city201;132;442;city146
135;city234;199;3;city283;310;142;city94;415;65;city173;324;80;city196;166;159;city216;117;416;city70
135;city234;199;3;city283;310;142;city94;415;65;city173;324;80;city196;166;159;city216;117;416;city70
163;city182;81;422;city205;426;188;city126
159;city59;460;7723;city218;439;342;city121;420;300;city212;208;402;city243;185;350;city96;363;155;city195;42;63;city231;219;92;city269;453;55;city141
129;city94;357;346;city92;42;422;city135;160;418;city127;98;4;city131;55;124;city139;317;391;city93;198;118;city225;157;360;city202;168;226;city203;70;29;city101;487;30;city193
128;city145;323;100;city90;108;24;city171;335;236;city117;399;403;city281;47;112;city259;151;89;city295
148;city57;44;257;city198;424;286;city176;93;495;city128;239;142;city227;69;198;city90;215;56;city264;325;305;city157;353;337;city191
168;city234;110;297;city205;258;27;city51;360;207;city298;343;372;city273;344;475;city121;451;181;city136;118;131;city221;388;8;city275;401;36;city175
156;city125;120;459;city178
125;city245;111;39;city146
148;city57;44;257;city198;424;286;city176;93;495;city128;239;142;city227;69;198;city90;215;56;city264;325;305;city157;353;337;city191
150;city100;119;416;city251;291;486;city141;399;476;city207
171;city271;166;88;city193;409;56;city184;195;411;city81;487;367;city279;332;261;city75;83;288;city127;332;207;city171;500;253;city264;472;182;city268;54;358;city69
150;city100;119;416;city251;291;486;city141;399;476;city207
167;city172;356;140;city293;217;37;city263;284;5;city60;369;115;city88;162;102;city252;180;464;city268
133;city239;299;480;city219;225;169;city78;65;135;city195;301;42;city205;109;247;city60;214;116;city109;71;97;city127;177;406;city276;401;78;city179
134;city122;148;210;city187;265;440;city291;432;29;city110;311;338;city131;223;374;city67;227;9899;city137;17;102;city162;138;62;city204;422;277;city256;31;309;city283;94;467;city171;283;181;city193;88;271;city138;3;282;city144;347;413;city90;180;53;city244;116;338;city71
151;city280;198;440;city233;316;163;city53;106;69;city275;96;93;city76;228;14;city294;13;48;city182;208;239;city149;366;373;city142;155;350;city58;82;279;city151;18;132;city57
136;city197;321;181;city280
135;city234;199;3;city283;310;142;city94;415;65;city173;324;80;city196;166;159;city216;117;416;city70
146;city96;257;272;city233;87;236;city216;86;352;city55;245;372;city212;69;38;city296;349;103;city199;8;264;city222;414;419;city249;337;136;city129;171;294;city232;67;287;city234;406;106;city144
151;city280;198;440;city233;316;163;city53;106;69;city275;96;93;city76;228;14;city294;13;48;city182;208;239;city149;366;373;city142;155;350;city58;82;279;city151;18;132;city57
137;city199;326;337;city250;199;88;city93;487;94;city242;56;96;city225;307;79;city144;360;225;city218;101;449;city204;410;447;city95;459;48;city273;384;419;city58
155;city184;105;177;city285;401;3;city189;64;153;city87;59;207;city82;217;147;city183;12;412;city164;429;395;city288;382;22;city60;228;363;city73;218;252;city242;31;430;city170;324;346;city185;125;139;city58;430;401;city153;153;100;city61;465;285;city268;134;172;city75;357;99;city202
133;city239;299;480;city219;225;169;city78;65;135;city195;301;42;city205;109;247;city60;214;116;city109;71;97;city127;177;406;city276;401;78;city179
157;city277;487;270;city239;100;306;city175;366;228;city216;13;325;city176;249;230;city235;246;91;city256
165;city75;432;249;city86
143;city299;62;280;city191;330;260;city229;419;102;city282;284;461;city138;451;106;city98;171;321;city140;499;73;city141;194;258;city154;100;124;city123;207;3;city226;246;85;city65;95;69;city84;263;3;city202;464;186;city235;237;49;city106;96;278;city255
142;city150;55;404;city265;351;431;city185;321;181;city90;99;285;city283;88;16;city128;315;468;city92;113;172;city183;37;43;city204;428;302;city106;460;371;city218;124;416;city181;162;244;city112;459;28;city133;277;375;city245;422;272;city58
146;city96;257;272;city233;87;236;city216;86;352;city55;245;372;city212;69;38;city296;349;103;city199;8;264;city222;414;419;city249;337;136;city129;171;294;city232;67;287;city234;406;106;city144
144;city96;478;252;city132;327;203;city56;231;236;city87;186;335;city136;349;251;city84;86;335;city159;95;445;city192;474;440;city100;197;3;city130;168;486;city293;498;156;city64;409;78;city226;347;440;city147;69;189;city274;430;411;city214;180;439;city51
163;city182;81;422;city205;426;188;city126
150;city100;119;416;city251;291;486;city141;399;476;city207
160;city101;353;471;city145;460;74;city174;212;119;city181;347;472;city70;236;158;city89;480;420;city299;499;133;city67;394;146;city276;47;101;city150
153;city232;278;28;city137;263;424;city214;354;117;city155;4;481;city275;262;438;city154;394;270;city296;185;412;city89;189;214;city211;484;78;city65
144;city96;478;252;city132;327;203;city56;231;236;city87;186;335;city136;349;251;city84;86;335;city159;95;445;city192;474;440;city100;197;3;city130;168;486;city293;498;156;city64;409;78;city226;347;440;city147;69;189;city274;430;411;city214;180;439;city51
150;city100;119;416;city251;291;486;city141;399;476;city207
166;city79;254;158;city187;128;73;city212;146;168;city274;51;500;city194;68;189;city246;326;132;city263
134;city122;148;210;city187;265;440;city291;432;29;city110;311;338;city131;223;374;city67;227;9899;city137;17;102;city162;138;62;city204;422;277;city256;31;309;city283;94;467;city171;283;181;city193;88;271;city138;3;282;city144;347;413;city90;180;53;city244;116;338;city71
141;city233;292;71;city65;392;363;city214;197;436;city133;275;38;city181
138;city76;481;450;city279
163;city182;81;422;city205;426;188;city126
160;city101;353;471;city145;460;74;city174;212;119;city181;347;472;city70;236;158;city89;480;420;city299;499;133;city67;394;146;city276;47;101;city150
131;city251;108;343;city164;214;27;city233;309;393;city151;121;151;city103
171;city271;166;88;city193;409;56;city184;195;411;city81;487;367;city279;332;261;city75;83;288;city127;332;207;city171;500;253;city264;472;182;city268;54;358;city69
131;city251;108;343;city164;214;27;city233;309;393;city151;121;151;city103
129;city94;357;346;city92;42;422;city135;160;418;city127;98;4;city131;55;124;city139;317;391;city93;198;118;city225;157;360;city202;168;226;city203;70;29;city101;487;30;city193
173;city124;53;158;city197;337;41;city61;140;358;city280;340;42;city141;49;399;city287;480;321;city215;494;105;city223;376;292;city86;145;427;city290;332;49;city105;275;375;city166;198;448;city131;64;132;city88;191;27;city209;233;40;city67;344;89;city256;114;316;city63;321;25;city291
149;city158;16;188;city139;162;262;city151;482;407;city202;254;176;city132;419;62;city100;473;80;city91;278;486;city150;475;357;city122;336;497;city281;289;19;city223;285;218;city157;53;497;city174;176;417;city60;43;227;city131;26;339;city63;126;477;city95;39;359;city80;77;420;city163;154;416;city242
167;city172;356;140;city293;217;37;city263;284;5;city60;369;115;city88;162;102;city252;180;464;city268
163;city182;81;422;city205;426;188;city126
150;city100;119;416;city251;291;486;city141;399;476;city207
132;city134;201;221;city184;452;216;city237;398;98;city294;266;384;city272;182;129;city189;205;9;city101;288;18;city262;64;41;city185;444;371;city50;76;164;city138;427;424;city198;447;302;city251;424;437;city259;246;6;city113
157;city277;487;270;city239;100;306;city175;366;228;city216;13;325;city176;249;230;city235;246;91;city256
154;city274;222;223;city281;8;75;city50;88;210;city201;132;442;city146
155;city184;105;177;city285;401;3;city189;64;153;city87;59;207;city82;217;147;city183;12;412;city164;429;395;city288;382;22;city60;228;363;city73;218;252;city242;31;430;city170;324;346;city185;125;139;city58;430;401;city153;153;100;city61;465;285;city268;134;172;city75;357;99;city202
137;city199;326;337;city250;199;88;city93;487;94;city242;56;96;city225;307;79;city144;360;225;city218;101;449;city204;410;447;city95;459;48;city273;384;419;city58
