











162;city52;495;28;city280;384;278;city161;391;139;city196;442;142;city240;271;62;city190;197;392;city165;302;31;city119;83;442;city125;386;89;city122;9;109;city227;451;62;city152;319;112;city213;395;195;city162;484;67;city50;60;165;city235
125;city83;382;119;city181;230;266;city201;401;196;city232;479;286;city255;15;250;city118;433;420;city167;176;44;city134;200;326;city286
151;city165;395;41;city260;155;453;city66;309;162;city185;321;440;city146;495;81;city266;201;303;city194;226;119;city225;444;98;city197;209;422;city67;468;300;city297;465;19;city283;73;457;city218;467;222;city221;435;366;city231;46;100;city208;281;44;city138;52;62;city251;309;327;city226



137;city128;131;204;city117;121;433;city87;386;197;city144;350;93;city184;7;65;city106
160;city99;266;217;city241;5;403;city123;337;465;city277;392;359;city125;121;457;city172;400;44;city243
139;city252;453;418;city117;127;299;city107;178;367;city220;341;224;city72;209;287;city275;369;5;city128;313;365;city286;450;322;city289;322;240;city229;351;235;city67;323;394;city221;284;45;city112;216;85;city55;459;370;city106;398;262;city267
169;city208;383;457;city256;437;79;city259;65;130;city209;472;199;city113;384;132;city267;350;205;city102;315;167;city141;401;43;city186




149;city112;229;7;city144;443;168;city52;120;208;city281;421;282;city69;497;313;city122;52;252;city72;16;247;city274;69;11;city152;45;339;city278;341;243;city92;305;367;city127;56;458;city59;330;48;city187;322;413;city280;189;138;city87;393;278;city62;297;262;city66


168;city274;371;72;city134;343;494;city126;127;492;city213;55;223;city204;458;400;city84;355;191;city115;106;35;city199;306;170;city138;226;244;city225;169;63;city128



143;city121;159;405;city296;53;31;city284;53;108;city272;88;360;city79;395;72;city104;341;350;city132;247;406;city238;175;104;city130;174;299;city169;207;208;city190;280;218;city257;5;181;city161;261;371;city159;239;113;city95;344;418;city229;6;401;city158;468;297;city235
167;city165;66;263;city95;217;134;city172;336;66;city178


168;city274;371;72;city134;343;494;city126;127;492;city213;55;223;city204;458;400;city84;355;191;city115;106;35;city199;306;170;city138;226;244;city225;169;63;city128


163;city178;384;209;city262;5;130;city154;453;173;city116;416;255;city216;65;111;city65;415;60;city224;203;205;city294;2;496;city191;482;445;city82;335;378;city148;58;55;city268;485;388;city114;12;57;city130;379;198;city222;496;140;city138;345;368;city257;496;405;city142;416;133;city109;385;325;city75
141;city249;312;343;city254;409;152;city207;391;120;city135;195;88;city82;133;157;city141;428;312;city157;445;284;city75;239;95;city262;318;51;city153;272;204;city101;201;111;city276;172;356;city259;348;190;city167;4;479;city216;335;405;city165;497;374;city173;21;174;city239
125;city83;382;119;city181;230;266;city201;401;196;city232;479;286;city255;15;250;city118;433;420;city167;176;44;city134;200;326;city286
151;city165;395;41;city260;155;453;city66;309;162;city185;321;440;city146;495;81;city266;201;303;city194;226;119;city225;444;98;city197;209;422;city67;468;300;city297;465;19;city283;73;457;city218;467;222;city221;435;366;city231;46;100;city208;281;44;city138;52;62;city251;309;327;city226

172;city289;174;104;city67


147;city91;260;477;city184;376;328;city53;11;2;city171;499;418;city274;34;202;city155;55;224;city116;93;496;city98;69;170;city154;473;470;city122;374;482;city218;427;167;city101
147;city91;260;477;city184;376;328;city53;11;2;city171;499;418;city274;34;202;city155;55;224;city116;93;496;city98;69;170;city154;473;470;city122;374;482;city218;427;167;city101
128;city192;133;380;city131;466;177;city296;236;196;city97;346;296;city193



169;city208;383;457;city256;437;79;city259;65;130;city209;472;199;city113;384;132;city267;350;205;city102;315;167;city141;401;43;city186

128;city192;133;380;city131;466;177;city296;236;196;city97;346;296;city193


145;city187;350;291;city225;144;107;city70;315;452;city137;431;282;city252;465;68;city172;339;14;city80
153;city195;436;493;city196;158;421;city281;287;488;city213;15;404;city256;445;60;city234;60;461;city52;236;400;city238;286;172;city204
168;city274;371;72;city134;343;494;city126;127;492;city213;55;223;city204;458;400;city84;355;191;city115;106;35;city199;306;170;city138;226;244;city225;169;63;city128
168;city274;371;72;city134;343;494;city126;127;492;city213;55;223;city204;458;400;city84;355;191;city115;106;35;city199;306;170;city138;226;244;city225;169;63;city128
141;city249;312;343;city254;409;152;city207;391;120;city135;195;88;city82;133;157;city141;428;312;city157;445;284;city75;239;95;city262;318;51;city153;272;204;city101;201;111;city276;172;356;city259;348;190;city167;4;479;city216;335;405;city165;497;374;city173;21;174;city239

162;city52;495;28;city280;384;278;city161;391;139;city196;442;142;city240;271;62;city190;197;392;city165;302;31;city119;83;442;city125;386;89;city122;9;109;city227;451;62;city152;319;112;city213;395;195;city162;484;67;city50;60;165;city235
133;city106;96;461;city233;316;402;city291;264;131;city103;179;230;city209;444;37;city235;367;63;city59;399;243;city171;393;53;city91;266;105;city92;61;313;city88;417;84;city154;364;387;city109;288;84;city124;447;56;city202;322;351;city149;18;365;city194;470;236;city211;190;137;city247
156;city116;194;55;city131;114;313;city94;395;105;city109;150;464;city51;177;27;city218;8;211;city277;344;212;city97;341;148;city66;338;64;city240;175;66;city146;348;224;city221;284;241;city286;478;370;city161;416;100;city252
157;city99;145;20;city63;384;30;city100
126;city125;313;390;city255;249;241;city111;159;467;city172;115;29;city88;266;271;city220;86;339;city270;27;444;city170;371;492;city60;166;114;city93
134;city171;208;236;city89;362;242;city140;189;217;city114;441;500;city299;443;344;city225;424;423;city145;407;17;city132

143;city121;159;405;city296;53;31;city284;53;108;city272;88;360;city79;395;72;city104;341;350;city132;247;406;city238;175;104;city130;174;299;city169;207;208;city190;280;218;city257;5;181;city161;261;371;city159;239;113;city95;344;418;city229;6;401;city158;468;297;city235
160;city99;266;217;city241;5;403;city123;337;465;city277;392;359;city125;121;457;city172;400;44;city243
143;city121;159;405;city296;53;31;city284;53;108;city272;88;360;city79;395;72;city104;341;350;city132;247;406;city238;175;104;city130;174;299;city169;207;208;city190;280;218;city257;5;181;city161;261;371;city159;239;113;city95;344;418;city229;6;401;city158;468;297;city235
157;city99;145;20;city63;384;30;city100

154;city132;330;207;city114;327;345;city283
144;city156;421;206;city278;450;429;city83;112;171;city60;2;250;city70;371;390;city106;358;487;city139;99;357;city72;175;151;city214;475;435;city192;250;139;city280;377;357;city184;319;94;city185;471;225;city80;174;184;city116;146;401;city169;386;315;city120
139;city252;453;418;city117;127;299;city107;178;367;city220;341;224;city72;209;287;city275;369;5;city128;313;365;city286;450;322;city289;322;240;city229;351;235;city67;323;394;city221;284;45;city112;216;85;city55;459;370;city106;398;262;city267
156;city116;194;55;city131;114;313;city94;395;105;city109;150;464;city51;177;27;city218;8;211;city277;344;212;city97;341;148;city66;338;64;city240;175;66;city146;348;224;city221;284;241;city286;478;370;city161;416;100;city252
143;city121;159;405;city296;53;31;city284;53;108;city272;88;360;city79;395;72;city104;341;350;city132;247;406;city238;175;104;city130;174;299;city169;207;208;city190;280;218;city257;5;181;city161;261;371;city159;239;113;city95;344;418;city229;6;401;city158;468;297;city235

144;city156;421;206;city278;450;429;city83;112;171;city60;2;250;city70;371;390;city106;358;487;city139;99;357;city72;175;151;city214;475;435;city192;250;139;city280;377;357;city184;319;94;city185;471;225;city80;174;184;city116;146;401;city169;386;315;city120
144;city156;421;206;city278;450;429;city83;112;171;city60;2;250;city70;371;390;city106;358;487;city139;99;357;city72;175;151;city214;475;435;city192;250;139;city280;377;357;city184;319;94;city185;471;225;city80;174;184;city116;146;401;city169;386;315;city120
125;city83;382;119;city181;230;266;city201;401;196;city232;479;286;city255;15;250;city118;433;420;city167;176;44;city134;200;326;city286
144;city156;421;206;city278;450;429;city83;112;171;city60;2;250;city70;371;390;city106;358;487;city139;99;357;city72;175;151;city214;475;435;city192;250;139;city280;377;357;city184;319;94;city185;471;225;city80;174;184;city116;146;401;city169;386;315;city120
148;city281;244;448;city162;91;185;city193;56;4;city72;246;286;city104;78;85;city154;65;92;city60;23;195;city148;10;358;city212;159;19;city146;240;47;city220;35;405;city230

142;city208;404;409;city127;263;177;city198;10;162;city192;294;57;city82;493;398;city292;175;174;city147;270;172;city71;433;116;city120;345;273;city251;371;196;city98;338;81;city274;47;462;city162;329;201;city283;45;89;city184;194;384;city115;3;42;city285;470;245;city108;161;179;city105;267;395;city204
159;city74;166;162;city63;251;248;city272;132;49;city259;322;441;city282;362;175;city170;180;314;city141;134;91;city187;426;258;city129;9;374;city59;26;132;city267;246;172;city149;269;41;city100;357;54;city209;6;399;city175;107;118;city296;339;139;city227
133;city106;96;461;city233;316;402;city291;264;131;city103;179;230;city209;444;37;city235;367;63;city59;399;243;city171;393;53;city91;266;105;city92;61;313;city88;417;84;city154;364;387;city109;288;84;city124;447;56;city202;322;351;city149;18;365;city194;470;236;city211;190;137;city247
127;city128;43;5;city273;429;170;city244;5;278;city81;46;262;city203;295;455;city127;294;125;city274;59;201;city217;67;392;city160;149;120;city270;322;83;city134;69;477;city180;15;370;city125;485;376;city170;148;81;city257;103;228;city226;23;137;city155;398;93;city269;24;464;city201;249;59;city280
148;city281;244;448;city162;91;185;city193;56;4;city72;246;286;city104;78;85;city154;65;92;city60;23;195;city148;10;358;city212;159;19;city146;240;47;city220;35;405;city230

168;city274;371;72;city134;343;494;city126;127;492;city213;55;223;city204;458;400;city84;355;191;city115;106;35;city199;306;170;city138;226;244;city225;169;63;city128
163;city178;384;209;city262;5;130;city154;453;173;city116;416;255;city216;65;111;city65;415;60;city224;203;205;city294;2;496;city191;482;445;city82;335;378;city148;58;55;city268;485;388;city114;12;57;city130;379;198;city222;496;140;city138;345;368;city257;496;405;city142;416;133;city109;385;325;city75

142;city208;404;409;city127;263;177;city198;10;162;city192;294;57;city82;493;398;city292;175;174;city147;270;172;city71;433;116;city120;345;273;city251;371;196;city98;338;81;city274;47;462;city162;329;201;city283;45;89;city184;194;384;city115;3;42;city285;470;245;city108;161;179;city105;267;395;city204
139;city252;453;418;city117;127;299;city107;178;367;city220;341;224;city72;209;287;city275;369;5;city128;313;365;city286;450;322;city289;322;240;city229;351;235;city67;323;394;city221;284;45;city112;216;85;city55;459;370;city106;398;262;city267
162;city52;495;28;city280;384;278;city161;391;139;city196;442;142;city240;271;62;city190;197;392;city165;302;31;city119;83;442;city125;386;89;city122;9;109;city227;451;62;city152;319;112;city213;395;195;city162;484;67;city50;60;165;city235
129;city251;247;363;city154;324;380;city69;23;36;city166;82;483;city221;99;497;city159;175;40;city271;108;400;city151;92;8;city131;163;342;city82;45;85;city90;340;100;city242;407;100;city71;77;64;city94;475;250;city267;260;469;city223;46;143;city156;261;434;city259;365;389;city253;186;309;city224
170;city209;477;183;city79;25;112;city88;161;278;city106;362;457;city216;243;338;city256;2;495;city287;387;64;city202;159;201;city266;40;400;city243;294;286;city236;180;408;city191;2;397;city97;456;424;city244;162;442;city169
137;city128;131;204;city117;121;433;city87;386;197;city144;350;93;city184;7;65;city106
166;city210;198;421;city73;177;19;city114;362;407;city183;332;475;city82;299;497;city167;389;109;city213;314;473;city118

157;city99;145;20;city63;384;30;city100
162;city52;495;28;city280;384;278;city161;391;139;city196;442;142;city240;271;62;city190;197;392;city165;302;31;city119;83;442;city125;386;89;city122;9;109;city227;451;62;city152;319;112;city213;395;195;city162;484;67;city50;60;165;city235

154;city132;330;207;city114;327;345;city283
159;city74;166;162;city63;251;248;city272;132;49;city259;322;441;city282;362;175;city170;180;314;city141;134;91;city187;426;258;city129;9;374;city59;26;132;city267;246;172;city149;269;41;city100;357;54;city209;6;399;city175;107;118;city296;339;139;city227
131;city102;329;216;city128;200;31;city59;445;132;city225;175;139;city226;273;153;city64;301;110;city256;321;262;city268;421;96;city105;139;125;city192;479;115;city287;407;12;city207;407;24;city148;354;318;city75
172;city289;174;104;city67

144;city156;421;206;city278;450;429;city83;112;171;city60;2;250;city70;371;390;city106;358;487;city139;99;357;city72;175;151;city214;475;435;city192;250;139;city280;377;357;city184;319;94;city185;471;225;city80;174;184;city116;146;401;city169;386;315;city120
169;city208;383;457;city256;437;79;city259;65;130;city209;472;199;city113;384;132;city267;350;205;city102;315;167;city141;401;43;city186
128;city192;133;380;city131;466;177;city296;236;196;city97;346;296;city193

137;city128;131;204;city117;121;433;city87;386;197;city144;350;93;city184;7;65;city106


139;city252;453;418;city117;127;299;city107;178;367;city220;341;224;city72;209;287;city275;369;5;city128;313;365;city286;450;322;city289;322;240;city229;351;235;city67;323;394;city221;284;45;city112;216;85;city55;459;370;city106;398;262;city267
160;city99;266;217;city241;5;403;city123;337;465;city277;392;359;city125;121;457;city172;400;44;city243
141;city249;312;343;city254;409;152;city207;391;120;city135;195;88;city82;133;157;city141;428;312;city157;445;284;city75;239;95;city262;318;51;city153;272;204;city101;201;111;city276;172;356;city259;348;190;city167;4;479;city216;335;405;city165;497;374;city173;21;174;city239

148;city281;244;448;city162;91;185;city193;56;4;city72;246;286;city104;78;85;city154;65;92;city60;23;195;city148;10;358;city212;159;19;city146;240;47;city220;35;405;city230

143;city121;159;405;city296;53;31;city284;53;108;city272;88;360;city79;395;72;city104;341;350;city132;247;406;city238;175;104;city130;174;299;city169;207;208;city190;280;218;city257;5;181;city161;261;371;city159;239;113;city95;344;418;city229;6;401;city158;468;297;city235

167;city165;66;263;city95;217;134;city172;336;66;city178
133;city106;96;461;city233;316;402;city291;264;131;city103;179;230;city209;444;37;city235;367;63;city59;399;243;city171;393;53;city91;266;105;city92;61;313;city88;417;84;city154;364;387;city109;288;84;city124;447;56;city202;322;351;city149;18;365;city194;470;236;city211;190;137;city247
169;city208;383;457;city256;437;79;city259;65;130;city209;472;199;city113;384;132;city267;350;205;city102;315;167;city141;401;43;city186
169;city208;383;457;city256;437;79;city259;65;130;city209;472;199;city113;384;132;city267;350;205;city102;315;167;city141;401;43;city186
135;city187;180;397;city268
129;city251;247;363;city154;324;380;city69;23;36;city166;82;483;city221;99;497;city159;175;40;city271;108;400;city151;92;8;city131;163;342;city82;45;85;city90;340;100;city242;407;100;city71;77;64;city94;475;250;city267;260;469;city223;46;143;city156;261;434;city259;365;389;city253;186;309;city224
169;city208;383;457;city256;437;79;city259;65;130;city209;472;199;city113;384;132;city267;350;205;city102;315;167;city141;401;43;city186
138;city142;202;293;city100;186;492;city140;400;60;city146;314;274;city68;132;357;city122;287;441;city52;231;282;city221;82;449;city223;226;70;city102

127;city128;43;5;city273;429;170;city244;5;278;city81;46;262;city203;295;455;city127;294;125;city274;59;201;city217;67;392;city160;149;120;city270;322;83;city134;69;477;city180;15;370;city125;485;376;city170;148;81;city257;103;228;city226;23;137;city155;398;93;city269;24;464;city201;249;59;city280
132;city298;28;79;city286;66;6;city224;435;389;city147;116;207;city175;175;485;city186;382;208;city227;200;340;city195;212;196;city288;487;277;city202;356;117;city263;202;417;city112;31;92;city283;428;385;city198;33;403;city267;118;203;city160
161;city180;98;180;city201;259;403;city71;304;442;city53
125;city83;382;119;city181;230;266;city201;401;196;city232;479;286;city255;15;250;city118;433;420;city167;176;44;city134;200;326;city286
167;city165;66;263;city95;217;134;city172;336;66;city178
169;city208;383;457;city256;437;79;city259;65;130;city209;472;199;city113;384;132;city267;350;205;city102;315;167;city141;401;43;city186

138;city142;202;293;city100;186;492;city140;400;60;city146;314;274;city68;132;357;city122;287;441;city52;231;282;city221;82;449;city223;226;70;city102

145;city187;350;291;city225;144;107;city70;315;452;city137;431;282;city252;465;68;city172;339;14;city80
147;city91;260;477;city184;376;328;city53;11;2;city171;499;418;city274;34;202;city155;55;224;city116;93;496;city98;69;170;city154;473;470;city122;374;482;city218;427;167;city101
141;city249;312;343;city254;409;152;city207;391;120;city135;195;88;city82;133;157;city141;428;312;city157;445;284;city75;239;95;city262;318;51;city153;272;204;city101;201;111;city276;172;356;city259;348;190;city167;4;479;city216;335;405;city165;497;374;city173;21;174;city239
127;city128;43;5;city273;429;170;city244;5;278;city81;46;262;city203;295;455;city127;294;125;city274;59;201;city217;67;392;city160;149;120;city270;322;83;city134;69;477;city180;15;370;city125;485;376;city170;148;81;city257;103;228;city226;23;137;city155;398;93;city269;24;464;city201;249;59;city280
128;city192;133;380;city131;466;177;city296;236;196;city97;346;296;city193
142;city208;404;409;city127;263;177;city198;10;162;city192;294;57;city82;493;398;city292;175;174;city147;270;172;city71;433;116;city120;345;273;city251;371;196;city98;338;81;city274;47;462;city162;329;201;city283;45;89;city184;194;384;city115;3;42;city285;470;245;city108;161;179;city105;267;395;city204

153;city195;436;493;city196;158;421;city281;287;488;city213;15;404;city256;445;60;city234;60;461;city52;236;400;city238;286;172;city204
133;city106;96;461;city233;316;402;city291;264;131;city103;179;230;city209;444;37;city235;367;63;city59;399;243;city171;393;53;city91;266;105;city92;61;313;city88;417;84;city154;364;387;city109;288;84;city124;447;56;city202;322;351;city149;18;365;city194;470;236;city211;190;137;city247
154;city132;330;207;city114;327;345;city283
174;city183;486;318;city191;287;414;city181;467;489;city147;113;102;city132;117;163;city268;119;10;city99;25;348;city229;271;362;city98;337;84;city137;300;157;city102;418;290;city259;39;9;city70;399;416;city105;298;219;city66

162;city52;495;28;city280;384;278;city161;391;139;city196;442;142;city240;271;62;city190;197;392;city165;302;31;city119;83;442;city125;386;89;city122;9;109;city227;451;62;city152;319;112;city213;395;195;city162;484;67;city50;60;165;city235
166;city210;198;421;city73;177;19;city114;362;407;city183;332;475;city82;299;497;city167;389;109;city213;314;473;city118
165;city87;356;38;city157;108;367;city61;472;269;city98;120;45;city67;453;469;city70;436;96;city103;102;463;city74;386;478;city255;185;184;city100;226;3;city246;367;75;city84;142;91;city158;68;220;city109;80;144;city188;25;283;city204;476;470;city282;375;30;city147;101;383;city203;13;483;city214
161;city180;98;180;city201;259;403;city71;304;442;city53
162;city52;495;28;city280;384;278;city161;391;139;city196;442;142;city240;271;62;city190;197;392;city165;302;31;city119;83;442;city125;386;89;city122;9;109;city227;451;62;city152;319;112;city213;395;195;city162;484;67;city50;60;165;city235
141;city249;312;343;city254;409;152;city207;391;120;city135;195;88;city82;133;157;city141;428;312;city157;445;284;city75;239;95;city262;318;51;city153;272;204;city101;201;111;city276;172;356;city259;348;190;city167;4;479;city216;335;405;city165;497;374;city173;21;174;city239
125;city83;382;119;city181;230;266;city201;401;196;city232;479;286;city255;15;250;city118;433;420;city167;176;44;city134;200;326;city286
160;city99;266;217;city241;5;403;city123;337;465;city277;392;359;city125;121;457;city172;400;44;city243
165;city87;356;38;city157;108;367;city61;472;269;city98;120;45;city67;453;469;city70;436;96;city103;102;463;city74;386;478;city255;185;184;city100;226;3;city246;367;75;city84;142;91;city158;68;220;city109;80;144;city188;25;283;city204;476;470;city282;375;30;city147;101;383;city203;13;483;city214
174;city183;486;318;city191;287;414;city181;467;489;city147;113;102;city132;117;163;city268;119;10;city99;25;348;city229;271;362;city98;337;84;city137;300;157;city102;418;290;city259;39;9;city70;399;416;city105;298;219;city66
174;city183;486;318;city191;287;414;city181;467;489;city147;113;102;city132;117;163;city268;119;10;city99;25;348;city229;271;362;city98;337;84;city137;300;157;city102;418;290;city259;39;9;city70;399;416;city105;298;219;city66
147;city91;260;477;city184;376;328;city53;11;2;city171;499;418;city274;34;202;city155;55;224;city116;93;496;city98;69;170;city154;473;470;city122;374;482;city218;427;167;city101
151;city165;395;41;city260;155;453;city66;309;162;city185;321;440;city146;495;81;city266;201;303;city194;226;119;city225;444;98;city197;209;422;city67;468;300;city297;465;19;city283;73;457;city218;467;222;city221;435;366;city231;46;100;city208;281;44;city138;52;62;city251;309;327;city226
146;city192;497;128;city268;469;494;city87;117;3597;city123;470;59;city93;182;220;city143;250;16;city250;201;265;city295;152;354;city167;463;309;city59;377;406;city124;316;118;city173;68;216;city224;306;169;city229;24;345;city155;93;91;city222;88;377;city122;107;456;city120;373;317;city181
145;city187;350;291;city225;144;107;city70;315;452;city137;431;282;city252;465;68;city172;339;14;city80

140;city176;181;316;city269;476;103;city120;126;217;city189;266;413;city272;46;132;city145;108;456;city90;447;288;city187;167;485;city299;475;194;city125;353;147;city52;444;206;city181;427;50;city78;198;94;city231;441;371;city83;194;108;city115
174;city183;486;318;city191;287;414;city181;467;489;city147;113;102;city132;117;163;city268;119;10;city99;25;348;city229;271;362;city98;337;84;city137;300;157;city102;418;290;city259;39;9;city70;399;416;city105;298;219;city66
152;city93;421;305;city156;281;266;city98;279;412;city268;285;269;city221;250;135;city96;155;52;city202;286;46;city89;266;192;city236;389;444;city297;356;107;city59;245;480;city238;112;487;city232
154;city132;330;207;city114;327;345;city283
153;city195;436;493;city196;158;421;city281;287;488;city213;15;404;city256;445;60;city234;60;461;city52;236;400;city238;286;172;city204
167;city165;66;263;city95;217;134;city172;336;66;city178
130;city112;446;85;city162;397;248;city64;313;101;city236
151;city165;395;41;city260;155;453;city66;309;162;city185;321;440;city146;495;81;city266;201;303;city194;226;119;city225;444;98;city197;209;422;city67;468;300;city297;465;19;city283;73;457;city218;467;222;city221;435;366;city231;46;100;city208;281;44;city138;52;62;city251;309;327;city226
134;city171;208;236;city89;362;242;city140;189;217;city114;441;500;city299;443;344;city225;424;423;city145;407;17;city132
142;city208;404;409;city127;263;177;city198;10;162;city192;294;57;city82;493;398;city292;175;174;city147;270;172;city71;433;116;city120;345;273;city251;371;196;city98;338;81;city274;47;462;city162;329;201;city283;45;89;city184;194;384;city115;3;42;city285;470;245;city108;161;179;city105;267;395;city204
126;city125;313;390;city255;249;241;city111;159;467;city172;115;29;city88;266;271;city220;86;339;city270;27;444;city170;371;492;city60;166;114;city93
166;city210;198;421;city73;177;19;city114;362;407;city183;332;475;city82;299;497;city167;389;109;city213;314;473;city118
152;city93;421;305;city156;281;266;city98;279;412;city268;285;269;city221;250;135;city96;155;52;city202;286;46;city89;266;192;city236;389;444;city297;356;107;city59;245;480;city238;112;487;city232
134;city171;208;236;city89;362;242;city140;189;217;city114;441;500;city299;443;344;city225;424;423;city145;407;17;city132
128;city192;133;380;city131;466;177;city296;236;196;city97;346;296;city193
144;city156;421;206;city278;450;429;city83;112;171;city60;2;250;city70;371;390;city106;358;487;city139;99;357;city72;175;151;city214;475;435;city192;250;139;city280;377;357;city184;319;94;city185;471;225;city80;174;184;city116;146;401;city169;386;315;city120
166;city210;198;421;city73;177;19;city114;362;407;city183;332;475;city82;299;497;city167;389;109;city213;314;473;city118
143;city121;159;405;city296;53;31;city284;53;108;city272;88;360;city79;395;72;city104;341;350;city132;247;406;city238;175;104;city130;174;299;city169;207;208;city190;280;218;city257;5;181;city161;261;371;city159;239;113;city95;344;418;city229;6;401;city158;468;297;city235
134;city171;208;236;city89;362;242;city140;189;217;city114;441;500;city299;443;344;city225;424;423;city145;407;17;city132
161;city180;98;180;city201;259;403;city71;304;442;city53
154;city132;330;207;city114;327;345;city283
150;city65;269;233;city119;438;12;city91;183;278;city198;205;8;city63
125;city83;382;119;city181;230;266;city201;401;196;city232;479;286;city255;15;250;city118;433;420;city167;176;44;city134;200;326;city286
154;city132;330;207;city114;327;345;city283
154;city132;330;207;city114;327;345;city283
126;city125;313;390;city255;249;241;city111;159;467;city172;115;29;city88;266;271;city220;86;339;city270;27;444;city170;371;492;city60;166;114;city93
141;city249;312;343;city254;409;152;city207;391;120;city135;195;88;city82;133;157;city141;428;312;city157;445;284;city75;239;95;city262;318;51;city153;272;204;city101;201;111;city276;172;356;city259;348;190;city167;4;479;city216;335;405;city165;497;374;city173;21;174;city239
169;city208;383;457;city256;437;79;city259;65;130;city209;472;199;city113;384;132;city267;350;205;city102;315;167;city141;401;43;city186
160;city99;266;217;city241;5;403;city123;337;465;city277;392;359;city125;121;457;city172;400;44;city243
128;city192;133;380;city131;466;177;city296;236;196;city97;346;296;city193
154;city132;330;207;city114;327;345;city283
149;city112;229;7;city144;443;168;city52;120;208;city281;421;282;city69;497;313;city122;52;252;city72;16;247;city274;69;11;city152;45;339;city278;341;243;city92;305;367;city127;56;458;city59;330;48;city187;322;413;city280;189;138;city87;393;278;city62;297;262;city66
147;city91;260;477;city184;376;328;city53;11;2;city171;499;418;city274;34;202;city155;55;224;city116;93;496;city98;69;170;city154;473;470;city122;374;482;city218;427;167;city101
146;city192;497;128;city268;469;494;city87;117;3597;city123;470;59;city93;182;220;city143;250;16;city250;201;265;city295;152;354;city167;463;309;city59;377;406;city124;316;118;city173;68;216;city224;306;169;city229;24;345;city155;93;91;city222;88;377;city122;107;456;city120;373;317;city181
161;city180;98;180;city201;259;403;city71;304;442;city53
171;city117;145;249;city214;388;202;city269;323;277;city161;386;238;city110;326;471;city191;59;164;city231;129;237;city174
150;city65;269;233;city119;438;12;city91;183;278;city198;205;8;city63
131;city102;329;216;city128;200;3855;city59;445;132;city225;175;139;city226;273;153;city64;301;110;city256;321;262;city268;421;96;city105;139;125;city192;479;8614;city287;407;12;city207;407;24;city148;354;318;city75
152;city93;421;305;city156;281;266;city98;279;412;city268;285;269;city221;250;135;city96;155;52;city202;286;46;city89;266;192;city236;389;444;city297;356;107;city59;245;480;city238;112;487;city232
157;city99;145;20;city63;384;30;city100
141;city249;312;343;city254;409;152;city207;391;120;city135;195;88;city82;133;157;city141;428;312;city157;445;284;city75;239;95;city262;318;51;city153;272;204;city101;201;111;city276;172;356;city259;348;190;city167;4;479;city216;335;405;city165;497;374;city173;21;174;city239
155;city246;146;85;city295;482;315;city132;424;47;city243;378;388;city212;28;464;city65;96;382;city282;260;391;city185;56;59;city250;110;396;city281;448;354;city71;444;421;city62;380;474;city224;305;305;city296;46;81;city202;384;289;city54;290;107;city85;486;352;city58;167;303;city74
167;city165;66;263;city95;217;134;city172;336;66;city178
168;city274;371;72;city134;343;494;city126;127;492;city213;55;223;city204;458;400;city84;355;191;city115;106;35;city199;306;170;city138;226;244;city225;169;63;city128
125;city83;382;119;city181;230;266;city201;401;196;city232;479;286;city255;15;250;city118;433;420;city167;176;44;city134;200;326;city286
162;city52;495;28;city280;384;278;city161;391;139;city196;442;142;city240;271;62;city190;197;392;city165;302;31;city119;83;442;city125;386;89;city122;9;109;city227;451;62;city152;319;112;city213;395;195;city162;484;67;city50;60;165;city235
147;city91;260;477;city184;376;328;city53;11;2;city171;499;418;city274;34;202;city155;55;224;city116;93;496;city98;69;170;city154;473;470;city122;374;482;city218;427;167;city101
159;city74;166;162;city63;251;248;city272;132;49;city259;322;441;city282;362;175;city170;180;314;city141;134;91;city187;426;258;city129;9;374;city59;26;132;city267;246;172;city149;269;41;city100;357;54;city209;6;399;city175;107;118;city296;339;139;city227
156;city116;194;55;city131;114;313;city94;395;105;city109;150;464;city51;177;27;city218;8;211;city277;344;212;city97;341;148;city66;338;64;city240;175;66;city146;348;224;city221;284;241;city286;478;370;city161;416;100;city252
131;city102;329;216;city128;200;3855;city59;445;132;city225;175;139;city226;273;153;city64;301;110;city256;321;262;city268;421;96;city105;139;125;city192;479;8614;city287;407;12;city207;407;24;city148;354;318;city75
148;city281;244;448;city162;91;185;city193;56;4;city72;246;286;city104;78;85;city154;65;92;city60;23;195;city148;10;358;city212;159;19;city146;240;47;city220;35;405;city230
165;city87;356;38;city157;108;367;city61;472;269;city98;120;45;city67;453;469;city70;436;96;city103;102;463;city74;386;478;city255;185;184;city100;226;3;city246;367;75;city84;142;91;city158;68;220;city109;80;144;city188;25;283;city204;476;470;city282;375;30;city147;101;383;city203;13;483;city214
140;city176;181;316;city269;476;103;city120;126;217;city189;266;413;city272;46;132;city145;108;456;city90;447;288;city187;167;485;city299;475;194;city125;353;147;city52;444;206;city181;427;50;city78;198;94;city231;441;371;city83;194;108;city115
144;city156;421;206;city278;450;429;city83;112;171;city60;2;250;city70;371;390;city106;358;487;city139;99;357;city72;175;151;city214;475;435;city192;250;139;city280;377;357;city184;319;94;city185;471;225;city80;174;184;city116;146;401;city169;386;315;city120
133;city106;96;461;city233;316;402;city291;264;131;city103;179;230;city209;444;37;city235;367;63;city59;399;243;city171;393;53;city91;266;105;city92;61;313;city88;417;84;city154;364;387;city109;288;84;city124;447;56;city202;322;351;city149;18;365;city194;470;236;city211;190;137;city247
148;city281;244;448;city162;91;185;city193;56;4;city72;246;286;city104;78;85;city154;65;92;city60;23;195;city148;10;358;city212;159;19;city146;240;47;city220;35;405;city230
162;city52;495;28;city280;384;278;city161;391;139;city196;442;142;city240;271;62;city190;197;392;city165;302;31;city119;83;442;city125;386;89;city122;9;109;city227;451;62;city152;319;112;city213;395;195;city162;484;67;city50;60;165;city235
134;city171;208;236;city89;362;242;city140;189;217;city114;441;500;city299;443;344;city225;424;423;city145;407;17;city132
142;city208;404;409;city127;263;177;city198;10;162;city192;294;57;city82;493;398;city292;175;174;city147;270;172;city71;433;116;city120;345;273;city251;371;196;city98;338;81;city274;47;462;city162;329;201;city283;45;89;city184;194;384;city115;3;42;city285;470;245;city108;161;179;city105;267;395;city204
163;city178;384;209;city262;5;130;city154;453;173;city116;416;255;city216;65;111;city65;415;60;city224;203;205;city294;2;496;city191;482;445;city82;335;378;city148;58;55;city268;485;388;city114;12;57;city130;379;198;city222;496;140;city138;345;368;city257;496;405;city142;416;133;city109;385;325;city75
128;city192;133;380;city131;466;177;city296;236;196;city97;346;296;city193
158;city111;351;471;city52;94;70;city253
137;city128;131;204;city117;121;433;city87;386;197;city144;350;93;city184;7;65;city106
138;city142;202;293;city100;186;492;city140;400;60;city146;314;274;city68;132;357;city122;287;441;city52;231;282;city221;82;449;city223;226;70;city102
156;city116;194;55;city131;114;313;city94;395;105;city109;150;464;city51;177;27;city218;8;211;city277;344;212;city97;341;148;city66;338;64;city240;175;66;city146;348;224;city221;284;241;city286;478;370;city161;416;100;city252
129;city251;247;363;city154;324;380;city69;23;36;city166;82;483;city221;99;497;city159;175;40;city271;108;400;city151;92;8;city131;163;342;city82;45;85;city90;340;100;city242;407;100;city71;77;64;city94;475;250;city267;260;469;city223;46;143;city156;261;434;city259;365;389;city253;186;309;city224
163;city178;384;209;city262;5;130;city154;453;173;city116;416;255;city216;65;111;city65;415;60;city224;203;205;city294;2;496;city191;482;445;city82;335;378;city148;58;55;city268;485;388;city114;12;57;city130;379;198;city222;496;140;city138;345;368;city257;496;405;city142;416;133;city109;385;325;city75
146;city192;497;128;city268;469;494;city87;117;3597;city123;470;59;city93;182;220;city143;250;16;city250;201;265;city295;152;354;city167;463;309;city59;377;406;city124;316;118;city173;68;216;city224;306;169;city229;24;345;city155;93;91;city222;88;377;city122;107;456;city120;373;317;city181
146;city192;497;128;city268;469;494;city87;117;3597;city123;470;59;city93;182;220;city143;250;16;city250;201;265;city295;152;354;city167;463;309;city59;377;406;city124;316;118;city173;68;216;city224;306;169;city229;24;345;city155;93;91;city222;88;377;city122;107;456;city120;373;317;city181
138;city142;202;293;city100;186;492;city140;400;60;city146;314;274;city68;132;357;city122;287;441;city52;231;282;city221;82;449;city223;226;70;city102
132;city298;28;79;city286;66;6;city224;435;389;city147;116;207;city175;175;485;city186;382;208;city227;200;340;city195;212;196;city288;487;277;city202;356;117;city263;202;417;city112;31;92;city283;428;385;city198;33;403;city267;118;203;city160
151;city165;395;41;city260;155;453;city66;309;162;city185;321;440;city146;495;81;city266;201;303;city194;226;119;city225;444;98;city197;209;422;city67;468;300;city297;465;19;city283;73;457;city218;467;222;city221;435;366;city231;46;100;city208;281;44;city138;52;62;city251;309;327;city226
172;city289;174;104;city67
151;city165;395;41;city260;155;453;city66;309;162;city185;321;440;city146;495;81;city266;201;303;city194;226;119;city225;444;98;city197;209;422;city67;468;300;city297;465;19;city283;73;457;city218;467;222;city221;435;366;city231;46;100;city208;281;44;city138;52;62;city251;309;327;city226
150;city65;269;233;city119;438;12;city91;183;278;city198;205;8;city63
138;city142;202;293;city100;186;492;city140;400;60;city146;314;274;city68;132;357;city122;287;441;city52;231;282;city221;82;449;city223;226;70;city102
164;city229;86;482;city50;336;452;city155;368;174;city156;376;301;city102;244;141;city278;136;123;city205;420;350;city103;455;47;city261;311;173;city123;193;302;city180
173;city235;131;20;city202;125;134;city161;349;422;city108;291;257;city279;212;382;city249;233;278;city201;491;190;city182;78;356;city99;264;396;city296;263;286;city79;96;85;city129;20;278;city231;436;66;city69;49;296;city127;365;70;city90;471;385;city50;91;459;city183;127;287;city77;411;207;city247
168;city274;371;72;city134;343;494;city126;127;492;city213;55;223;city204;458;400;city84;355;191;city115;106;35;city199;306;170;city138;226;244;city225;169;63;city128
151;city165;395;41;city260;155;453;city66;309;162;city185;321;440;city146;495;81;city266;201;303;city194;226;119;city225;444;98;city197;209;422;city67;468;300;city297;465;19;city283;73;457;city218;467;222;city221;435;366;city231;46;100;city208;281;44;city138;52;62;city251;309;327;city226
149;city112;229;7;city144;443;168;city52;120;208;city281;421;282;city69;497;313;city122;52;252;city72;16;247;city274;69;11;city152;45;339;city278;341;243;city92;305;367;city127;56;458;city59;330;48;city187;322;413;city280;189;138;city87;393;278;city62;297;262;city66
174;city183;486;318;city191;287;414;city181;467;489;city147;113;102;city132;117;163;city268;119;10;city99;25;348;city229;271;362;city98;337;84;city137;300;157;city102;418;290;city259;39;9;city70;399;416;city105;298;219;city66
149;city112;229;7;city144;443;168;city52;120;208;city281;421;282;city69;497;313;city122;52;252;city72;16;247;city274;69;11;city152;45;339;city278;341;243;city92;305;367;city127;56;458;city59;330;48;city187;322;413;city280;189;138;city87;393;278;city62;297;262;city66
162;city52;495;28;city280;384;278;city161;391;139;city196;442;142;city240;271;62;city190;197;392;city165;302;31;city119;83;442;city125;386;89;city122;9;109;city227;451;62;city152;319;112;city213;395;195;city162;484;67;city50;60;165;city235
161;city180;98;180;city201;259;403;city71;304;442;city53
150;city65;269;233;city119;438;12;city91;183;278;city198;205;8;city63
149;city112;229;7;city144;443;168;city52;120;208;city281;421;282;city69;497;313;city122;52;252;city72;16;247;city274;69;11;city152;45;339;city278;341;243;city92;305;367;city127;56;458;city59;330;48;city187;322;413;city280;189;138;city87;393;278;city62;297;262;city66
173;city235;131;20;city202;125;134;city161;349;422;city108;291;257;city279;212;382;city249;233;278;city201;491;190;city182;78;356;city99;264;396;city296;263;286;city79;96;85;city129;20;278;city231;436;66;city69;49;296;city127;365;70;city90;471;385;city50;91;459;city183;127;287;city77;411;207;city247
135;city187;180;397;city268
165;city87;356;38;city157;108;367;city61;472;269;city98;120;45;city67;453;469;city70;436;96;city103;102;463;city74;386;478;city255;185;184;city100;226;3;city246;367;75;city84;142;91;city158;68;220;city109;80;144;city188;25;283;city204;476;470;city282;375;30;city147;101;383;city203;13;483;city214
167;city165;66;263;city95;217;134;city172;336;66;city178
136;city183;446;107;city111;27;282;city115;489;160;city98;375;8;city286;363;496;city60;492;297;city259
161;city180;98;180;city201;259;403;city71;304;442;city53
125;city83;382;119;city181;230;266;city201;401;196;city232;479;286;city255;15;250;city118;433;420;city167;176;44;city134;200;326;city286
127;city128;43;5;city273;429;170;city244;5;278;city81;46;262;city203;295;455;city127;294;125;city274;59;201;city217;67;392;city160;149;120;city270;322;83;city134;69;477;city180;15;370;city125;485;1478;city170;148;81;city257;103;228;city226;23;137;city155;398;93;city269;24;464;city201;249;59;city280
142;city208;404;409;city127;263;177;city198;10;162;city192;294;57;city82;493;398;city292;175;174;city147;270;172;city71;433;116;city120;345;273;city251;371;196;city98;338;81;city274;47;462;city162;329;201;city283;45;89;city184;194;384;city115;3;42;city285;470;245;city108;161;179;city105;267;395;city204
133;city106;96;461;city233;316;402;city291;264;131;city103;179;230;city209;444;37;city235;367;63;city59;399;243;city171;393;53;city91;266;105;city92;61;313;city88;417;84;city154;364;387;city109;288;84;city124;447;56;city202;322;351;city149;18;365;city194;470;236;city211;190;137;city247
161;city180;98;180;city201;259;403;city71;304;442;city53
136;city183;446;107;city111;27;282;city115;489;160;city98;375;8;city286;363;496;city60;492;297;city259
170;city209;477;183;city79;25;112;city88;161;278;city106;362;457;city216;243;338;city256;2;495;city287;387;64;city202;159;201;city266;40;400;city243;294;286;city236;180;408;city191;2;397;city97;456;424;city244;162;442;city169
125;city83;382;119;city181;230;266;city201;401;196;city232;479;286;city255;15;250;city118;433;420;city167;176;44;city134;200;326;city286
164;city229;86;482;city50;336;452;city155;368;174;city156;376;301;city102;244;141;city278;136;123;city205;420;350;city103;455;47;city261;311;173;city123;193;302;city180
126;city125;313;390;city255;249;241;city111;159;467;city172;115;29;city88;266;271;city220;86;339;city270;27;444;city170;371;492;city60;166;114;city93
144;city156;421;206;city278;450;429;city83;112;171;city60;2;250;city70;371;390;city106;358;487;city139;99;357;city72;175;151;city214;475;435;city192;250;139;city280;377;357;city184;319;94;city185;471;225;city80;174;184;city116;146;401;city169;386;315;city120
163;city178;384;209;city262;5;130;city154;453;173;city116;416;255;city216;65;111;city65;415;60;city224;203;205;city294;2;496;city191;482;445;city82;335;378;city148;58;55;city268;485;388;city114;12;57;city130;379;198;city222;496;140;city138;345;368;city257;496;405;city142;416;133;city109;385;325;city75
144;city156;421;206;city278;450;429;city83;112;171;city60;2;250;city70;371;390;city106;358;487;city139;99;357;city72;175;151;city214;475;435;city192;250;139;city280;377;357;city184;319;94;city185;471;225;city80;174;184;city116;146;401;city169;386;315;city120
145;city187;350;291;city225;144;107;city70;315;452;city137;431;282;city252;465;68;city172;339;14;city80
173;city235;131;20;city202;125;134;city161;349;422;city108;291;257;city279;212;382;city249;233;278;city201;491;190;city182;78;356;city99;264;396;city296;263;286;city79;96;85;city129;20;278;city231;436;66;city69;49;296;city127;365;70;city90;471;385;city50;91;459;city183;127;287;city77;411;207;city247
159;city74;166;162;city63;251;248;city272;132;49;city259;322;441;city282;362;175;city170;180;314;city141;134;91;city187;426;258;city129;9;374;city59;26;132;city267;246;172;city149;269;41;city100;357;54;city209;6;399;city175;107;118;city296;339;2826;city227
149;city112;229;7;city144;443;168;city52;120;208;city281;421;282;city69;497;313;city122;52;252;city72;16;247;city274;69;11;city152;45;339;city278;341;243;city92;305;367;city127;56;458;city59;330;48;city187;322;413;city280;189;138;city87;393;278;city62;297;262;city66
125;city83;382;119;city181;230;266;city201;401;196;city232;479;286;city255;15;250;city118;433;420;city167;176;44;city134;200;326;city286
172;city289;174;104;city67
143;city121;159;405;city296;53;31;city284;53;108;city272;88;360;city79;395;72;city104;341;350;city132;247;406;city238;175;104;city130;174;299;city169;207;208;city190;280;218;city257;5;181;city161;261;371;city159;239;113;city95;344;418;city229;6;401;city158;468;297;city235
173;city235;131;20;city202;125;134;city161;349;422;city108;291;257;city279;212;382;city249;233;278;city201;491;190;city182;78;356;city99;264;396;city296;263;286;city79;96;85;city129;20;278;city231;436;66;city69;49;296;city127;365;70;city90;471;385;city50;91;459;city183;127;287;city77;411;207;city247
162;city52;495;28;city280;384;278;city161;391;139;city196;442;142;city240;271;62;city190;197;392;city165;302;31;city119;83;442;city125;386;89;city122;9;109;city227;451;62;city152;319;112;city213;395;195;city162;484;67;city50;60;165;city235
140;city176;181;316;city269;476;103;city120;126;217;city189;266;413;city272;46;132;city145;108;456;city90;447;288;city187;167;485;city299;475;194;city125;353;147;city52;444;206;city181;427;50;city78;198;94;city231;441;371;city83;194;108;city115
164;city229;86;482;city50;336;452;city155;368;174;city156;376;301;city102;244;141;city278;136;123;city205;420;350;city103;455;47;city261;311;173;city123;193;302;city180
136;city183;446;107;city111;27;282;city115;489;160;city98;375;8;city286;363;496;city60;492;297;city259
167;city165;66;263;city95;217;134;city172;336;66;city178
153;city195;436;493;city196;158;421;city281;287;488;city213;15;404;city256;445;60;city234;60;461;city52;236;400;city238;286;172;city204
138;city142;202;293;city100;186;492;city140;400;60;city146;314;274;city68;132;357;city122;287;441;city52;231;282;city221;82;449;city223;226;70;city102
150;city65;269;233;city119;438;12;city91;183;278;city198;205;8;city63
167;city165;66;263;city95;217;134;city172;336;66;city178
156;city116;194;55;city131;114;313;city94;395;105;city109;150;464;city51;177;27;city218;8;211;city277;344;212;city97;341;148;city66;338;64;city240;175;66;city146;348;224;city221;284;241;city286;478;370;city161;416;100;city252
151;city165;395;41;city260;155;453;city66;309;162;city185;321;440;city146;495;81;city266;201;303;city194;226;119;city225;444;98;city197;209;422;city67;468;300;city297;465;19;city283;73;457;city218;467;222;city221;435;366;city231;46;100;city208;281;44;city138;52;62;city251;309;327;city226
138;city142;202;293;city100;186;492;city140;400;60;city146;314;274;city68;132;357;city122;287;441;city52;231;282;city221;82;449;city223;226;70;city102
170;city209;477;183;city79;25;112;city88;161;278;city106;362;457;city216;243;338;city256;2;495;city287;387;64;city202;159;201;city266;40;400;city243;294;286;city236;180;408;city191;2;397;city97;456;424;city244;162;442;city169
168;city274;371;72;city134;343;494;city126;127;492;city213;55;223;city204;458;400;city84;355;191;city115;106;35;city199;306;170;city138;226;244;city225;169;63;city128
164;city229;86;482;city50;336;452;city155;368;174;city156;376;301;city102;244;141;city278;136;123;city205;420;350;city103;455;47;city261;311;173;city123;193;302;city180
163;city178;384;209;city262;5;130;city154;453;173;city116;416;255;city216;65;111;city65;415;60;city224;203;205;city294;2;496;city191;482;445;city82;335;378;city148;58;55;city268;485;388;city114;12;57;city130;379;198;city222;496;140;city138;345;368;city257;496;405;city142;416;133;city109;385;325;city75
159;city74;166;162;city63;251;248;city272;132;49;city259;322;441;city282;362;175;city170;180;314;city141;134;91;city187;426;258;city129;9;374;city59;26;132;city267;246;172;city149;269;41;city100;357;54;city209;6;399;city175;107;118;city296;339;2826;city227
137;city128;131;204;city117;121;433;city87;386;197;city144;350;93;city184;7;65;city106
125;city83;382;119;city181;230;266;city201;401;196;city232;479;286;city255;15;250;city118;433;420;city167;176;44;city134;200;326;city286
174;city183;486;318;city191;287;414;city181;467;489;city147;113;102;city132;117;163;city268;119;10;city99;25;348;city229;271;362;city98;337;84;city137;300;157;city102;418;290;city259;39;9;city70;399;416;city105;298;219;city66
155;city246;146;85;city295;482;315;city132;424;47;city243;378;388;city212;28;464;city65;96;382;city282;260;391;city185;56;59;city250;110;396;city281;448;354;city71;444;421;city62;380;474;city224;305;305;city296;46;81;city202;384;289;city54;290;107;city85;486;352;city58;167;303;city74
142;city208;404;409;city127;263;177;city198;10;162;city192;294;57;city82;493;398;city292;175;174;city147;270;172;city71;433;116;city120;345;273;city251;371;196;city98;338;81;city274;47;462;city162;329;201;city283;45;89;city184;194;384;city115;3;42;city285;470;245;city108;161;179;city105;267;395;city204
164;city229;86;482;city50;336;452;city155;368;174;city156;376;301;city102;244;141;city278;136;123;city205;420;350;city103;455;47;city261;311;173;city123;193;302;city180
157;city99;145;20;city63;384;30;city100
165;city87;356;38;city157;108;367;city61;472;269;city98;120;45;city67;453;469;city70;436;96;city103;102;463;city74;386;478;city255;185;184;city100;226;3;city246;367;75;city84;142;91;city158;68;220;city109;80;144;city188;25;283;city204;476;470;city282;375;30;city147;101;383;city203;13;483;city214
143;city121;159;405;city296;53;31;city284;53;108;city272;88;360;city79;395;72;city104;341;350;city132;247;406;city238;175;104;city130;174;299;city169;207;208;city190;280;218;city257;5;181;city161;261;371;city159;239;113;city95;344;418;city229;6;401;city158;468;297;city235
133;city106;96;461;city233;316;402;city291;264;131;city103;179;230;city209;444;37;city235;367;63;city59;399;243;city171;393;53;city91;266;105;city92;61;313;city88;417;84;city154;364;9017;city109;288;84;city124;447;56;city202;322;351;city149;18;365;city194;470;236;city211;190;137;city247
142;city208;404;409;city127;263;177;city198;10;162;city192;294;57;city82;493;398;city292;175;174;city147;270;172;city71;433;116;city120;345;273;city251;371;196;city98;338;81;city274;47;462;city162;329;201;city283;45;89;city184;194;384;city115;3;42;city285;470;245;city108;161;179;city105;267;395;city204
142;city208;404;409;city127;263;177;city198;10;162;city192;294;57;city82;493;398;city292;175;174;city147;270;172;city71;433;116;city120;345;273;city251;371;196;city98;338;81;city274;47;462;city162;329;201;city283;45;89;city184;194;384;city115;3;42;city285;470;245;city108;161;179;city105;267;395;city204
158;city111;351;471;city52;94;70;city253
152;city93;421;305;city156;281;266;city98;279;412;city268;285;269;city221;250;135;city96;155;52;city202;286;46;city89;266;192;city236;389;444;city297;356;107;city59;245;480;city238;112;487;city232
168;city274;371;72;city134;343;494;city126;127;492;city213;55;223;city204;458;400;city84;355;191;city115;106;35;city199;306;170;city138;226;244;city225;169;63;city128
165;city87;356;38;city157;108;367;city61;472;269;city98;120;45;city67;453;469;city70;436;96;city103;102;463;city74;386;478;city255;185;184;city100;226;3;city246;367;75;city84;142;91;city158;68;220;city109;80;144;city188;25;283;city204;476;470;city282;375;30;city147;101;383;city203;13;483;city214
162;city52;495;28;city280;384;278;city161;391;139;city196;442;142;city240;271;62;city190;197;392;city165;302;31;city119;83;442;city125;386;89;city122;9;109;city227;451;62;city152;319;112;city213;395;195;city162;484;67;city50;60;165;city235
159;city74;166;162;city63;251;248;city272;132;49;city259;322;441;city282;362;175;city170;180;314;city141;134;91;city187;426;258;city129;9;374;city59;26;132;city267;246;172;city149;269;41;city100;357;54;city209;6;399;city175;107;118;city296;339;2826;city227
126;city125;313;390;city255;249;241;city111;159;467;city172;115;29;city88;266;271;city220;86;339;city270;27;444;city170;371;492;city60;166;114;city93
172;city289;174;104;city67
174;city183;486;318;city191;287;414;city181;467;489;city147;113;102;city132;117;163;city268;119;10;city99;25;348;city229;271;362;city98;337;84;city137;300;157;city102;418;290;city259;39;9;city70;399;416;city105;298;219;city66
169;city208;383;457;city256;437;79;city259;65;130;city209;472;199;city113;384;132;city267;350;205;city102;315;167;city141;401;43;city186
166;city210;198;421;city73;177;19;city114;362;407;city183;332;475;city82;299;497;city167;389;109;city213;314;473;city118
128;city192;133;380;city131;466;177;city296;236;196;city97;346;296;city193
142;city208;404;409;city127;263;177;city198;10;162;city192;294;57;city82;493;398;city292;175;174;city147;270;172;city71;433;116;city120;345;273;city251;371;196;city98;338;81;city274;47;462;city162;329;201;city283;45;89;city184;194;384;city115;3;42;city285;470;245;city108;161;179;city105;267;395;city204
148;city281;244;448;city162;91;185;city193;56;4;city72;246;286;city104;78;85;city154;65;92;city60;23;195;city148;10;358;city212;159;19;city146;240;47;city220;35;405;city230
141;city249;312;343;city254;409;152;city207;391;120;city135;195;88;city82;133;157;city141;428;312;city157;445;284;city75;239;95;city262;318;51;city153;272;204;city101;201;111;city276;172;356;city259;348;190;city167;4;479;city216;335;405;city165;497;374;city173;21;174;city239
160;city99;266;217;city241;5;403;city123;337;465;city277;392;359;city125;121;457;city172;400;44;city243
151;city165;395;41;city260;155;453;city66;309;162;city185;321;440;city146;495;81;city266;201;303;city194;226;119;city225;444;98;city197;209;422;city67;468;300;city297;465;19;city283;73;457;city218;467;222;city221;435;366;city231;46;100;city208;281;44;city138;52;62;city251;309;327;city226
145;city187;350;291;city225;144;107;city70;315;452;city137;431;282;city252;465;68;city172;339;14;city80
163;city178;384;209;city262;5;130;city154;453;173;city116;416;255;city216;65;111;city65;415;60;city224;203;205;city294;2;496;city191;482;445;city82;335;378;city148;58;55;city268;485;388;city114;12;57;city130;379;198;city222;496;140;city138;345;368;city257;496;405;city142;416;133;city109;385;325;city75
133;city106;96;461;city233;316;402;city291;264;131;city103;179;230;city209;444;37;city235;367;63;city59;399;243;city171;393;53;city91;266;105;city92;61;313;city88;417;84;city154;364;9017;city109;288;84;city124;447;56;city202;322;351;city149;18;365;city194;470;236;city211;190;137;city247
143;city121;159;405;city296;53;31;city284;53;108;city272;88;360;city79;395;72;city104;341;350;city132;247;406;city238;175;104;city130;174;299;city169;207;208;city190;280;218;city257;5;181;city161;261;371;city159;239;113;city95;344;418;city229;6;401;city158;468;297;city235
131;city102;329;216;city128;200;3855;city59;445;132;city225;175;139;city226;273;153;city64;301;110;city256;321;262;city268;421;96;city105;139;125;city192;479;8614;city287;407;12;city207;407;24;city148;354;318;city75
135;city187;180;397;city268
147;city91;260;477;city184;376;328;city53;11;2;city171;499;418;city274;34;202;city155;55;224;city116;93;496;city98;69;170;city154;473;470;city122;374;482;city218;427;167;city101
146;city192;497;128;city268;469;494;city87;117;3597;city123;470;59;city93;182;220;city143;250;16;city250;201;265;city295;152;354;city167;463;309;city59;377;406;city124;316;118;city173;68;216;city224;306;169;city229;24;345;city155;93;91;city222;88;377;city122;107;456;city120;373;317;city181
170;city209;477;183;city79;25;112;city88;161;278;city106;362;457;city216;243;338;city256;2;495;city287;387;64;city202;159;201;city266;40;400;city243;294;286;city236;180;408;city191;2;397;city97;456;424;city244;162;442;city169
154;city132;330;207;city114;327;345;city283
167;city165;66;263;city95;217;134;city172;336;66;city178
159;city74;166;162;city63;251;248;city272;132;49;city259;322;441;city282;362;175;city170;180;314;city141;134;91;city187;426;258;city129;9;374;city59;26;132;city267;246;172;city149;269;41;city100;357;54;city209;6;399;city175;107;118;city296;339;2826;city227
159;city74;166;162;city63;251;248;city272;132;49;city259;322;441;city282;362;175;city170;180;314;city141;134;91;city187;426;258;city129;9;374;city59;26;132;city267;246;172;city149;269;41;city100;357;54;city209;6;399;city175;107;118;city296;339;2826;city227
153;city195;436;493;city196;158;421;city281;287;488;city213;15;404;city256;445;60;city234;60;461;city52;236;400;city238;286;172;city204
167;city165;66;263;city95;217;134;city172;336;66;city178
141;city249;312;343;city254;409;152;city207;391;120;city135;195;88;city82;133;157;city141;428;312;city157;445;284;city75;239;95;city262;318;51;city153;272;204;city101;201;111;city276;172;356;city259;348;190;city167;4;479;city216;335;405;city165;497;374;city173;21;174;city239
147;city91;260;477;city184;376;328;city53;11;2;city171;499;418;city274;34;202;city155;55;224;city116;93;496;city98;69;170;city154;473;470;city122;374;482;city218;427;167;city101
152;city93;421;305;city156;281;266;city98;279;412;city268;285;269;city221;250;135;city96;155;52;city202;286;46;city89;266;192;city236;389;444;city297;356;107;city59;245;480;city238;112;487;city232
133;city106;96;461;city233;316;402;city291;264;131;city103;179;230;city209;444;37;city235;367;63;city59;399;243;city171;393;53;city91;266;105;city92;61;313;city88;417;84;city154;364;9017;city109;288;84;city124;447;56;city202;322;351;city149;18;365;city194;470;236;city211;190;137;city247
137;city128;131;204;city117;121;433;city87;386;197;city144;350;93;city184;7;65;city106
145;city187;350;291;city225;144;107;city70;315;452;city137;431;282;city252;465;68;city172;339;14;city80
171;city117;145;249;city214;388;202;city269;323;277;city161;386;238;city110;326;471;city191;59;164;city231;129;237;city174
155;city246;146;85;city295;482;315;city132;424;47;city243;378;388;city212;28;464;city65;96;382;city282;260;391;city185;56;59;city250;110;396;city281;448;354;city71;444;421;city62;380;474;city224;305;305;city296;46;81;city202;384;289;city54;290;107;city85;486;352;city58;167;303;city74
163;city178;384;209;city262;5;130;city154;453;173;city116;416;255;city216;65;111;city65;415;60;city224;203;205;city294;2;496;city191;482;445;city82;335;378;city148;58;55;city268;485;388;city114;12;57;city130;379;198;city222;496;140;city138;345;368;city257;496;405;city142;416;133;city109;385;325;city75
152;city93;421;305;city156;281;266;city98;279;412;city268;285;269;city221;250;135;city96;155;52;city202;286;46;city89;266;192;city236;389;444;city297;356;107;city59;245;480;city238;112;487;city232
134;city171;208;236;city89;362;242;city140;189;217;city114;441;500;city299;443;344;city225;424;423;city145;407;17;city132
131;city102;329;216;city128;200;3855;city59;445;132;city225;175;139;city226;273;153;city64;301;110;city256;321;262;city268;421;96;city105;139;125;city192;479;8614;city287;407;12;city207;407;24;city148;354;318;city75
167;city165;66;263;city95;217;134;city172;336;66;city178
161;city180;98;180;city201;259;403;city71;304;442;city53
135;city187;180;397;city268
146;city192;497;128;city268;469;494;city87;117;3597;city123;470;59;city93;182;220;city143;250;16;city250;201;265;city295;152;354;city167;463;309;city59;377;406;city124;316;118;city173;68;216;city224;306;169;city229;24;345;city155;93;91;city222;88;377;city122;107;456;city120;373;317;city181
172;city289;174;104;city67
157;city99;145;20;city63;384;30;city100
136;city183;446;107;city111;27;282;city115;489;160;city98;375;8;city286;363;496;city60;492;297;city259
166;city210;198;421;city73;177;19;city114;362;407;city183;332;475;city82;299;497;city167;389;109;city213;314;473;city118
170;city209;477;183;city79;25;112;city88;161;278;city106;362;457;city216;243;338;city256;2;495;city287;387;64;city202;159;201;city266;40;400;city243;294;286;city236;180;408;city191;2;397;city97;456;424;city244;162;442;city169
130;city112;446;85;city162;397;248;city64;313;101;city236
128;city192;133;380;city131;466;177;city296;236;196;city97;346;296;city193
136;city183;446;107;city111;27;282;city115;489;160;city98;375;8;city286;363;496;city60;492;297;city259
147;city91;260;477;city184;376;328;city53;11;2;city171;499;418;city274;34;202;city155;55;224;city116;93;496;city98;69;170;city154;473;470;city122;374;482;city218;427;167;city101
161;city180;98;180;city201;259;403;city71;304;442;city53
151;city165;395;41;city260;155;453;city66;309;162;city185;321;440;city146;495;81;city266;201;303;city194;226;119;city225;444;98;city197;209;422;city67;468;300;city297;465;19;city283;73;457;city218;467;222;city221;435;366;city231;46;100;city208;281;44;city138;52;62;city251;309;327;city226
147;city91;260;477;city184;376;328;city53;11;2;city171;499;418;city274;34;202;city155;55;224;city116;93;496;city98;69;170;city154;473;470;city122;374;482;city218;427;167;city101
165;city87;356;38;city157;108;367;city61;472;269;city98;120;45;city67;453;469;city70;436;96;city103;102;463;city74;386;478;city255;185;184;city100;226;3;city246;367;75;city84;142;91;city158;68;220;city109;80;144;city188;25;283;city204;476;470;city282;375;30;city147;101;383;city203;13;483;city214
172;city289;174;104;city67
127;city128;43;5;city273;429;170;city244;5;278;city81;46;262;city203;295;455;city127;294;125;city274;59;201;city217;67;392;city160;149;120;city270;322;83;city134;69;477;city180;15;370;city125;485;1478;city170;148;81;city257;103;228;city226;23;137;city155;398;93;city269;24;464;city201;249;59;city280
148;city281;244;448;city162;91;185;city193;56;4;city72;246;286;city104;78;85;city154;65;92;city60;23;195;city148;10;358;city212;159;19;city146;240;47;city220;35;405;city230
148;city281;244;448;city162;91;185;city193;56;4;city72;246;286;city104;78;85;city154;65;92;city60;23;195;city148;10;358;city212;159;19;city146;240;47;city220;35;405;city230
134;city171;208;236;city89;362;242;city140;189;217;city114;441;500;city299;443;344;city225;424;423;city145;407;17;city132
140;city176;181;316;city269;476;103;city120;126;217;city189;266;413;city272;46;132;city145;108;456;city90;447;288;city187;167;485;city299;475;194;city125;353;147;city52;444;206;city181;427;50;city78;198;94;city231;441;371;city83;194;108;city115
131;city102;329;216;city128;200;3855;city59;445;132;city225;175;139;city226;273;153;city64;301;110;city256;321;262;city268;421;96;city105;139;125;city192;479;8614;city287;407;12;city207;407;24;city148;354;318;city75
166;city210;198;421;city73;177;19;city114;362;407;city183;332;475;city82;299;497;city167;389;109;city213;314;473;city118
168;city274;371;72;city134;343;494;city126;127;492;city213;55;223;city204;458;400;city84;355;191;city115;106;35;city199;306;170;city138;226;244;city225;169;63;city128
173;city235;131;20;city202;125;134;city161;349;422;city108;291;257;city279;212;382;city249;233;278;city201;491;190;city182;78;356;city99;264;396;city296;263;286;city79;96;85;city129;20;278;city231;436;66;city69;49;296;city127;365;70;city90;471;385;city50;91;459;city183;127;287;city77;411;207;city247
146;city192;497;128;city268;469;494;city87;117;3597;city123;470;59;city93;182;220;city143;250;16;city250;201;265;city295;152;354;city167;463;309;city59;377;406;city124;316;118;city173;68;216;city224;306;169;city229;24;345;city155;93;91;city222;88;377;city122;107;456;city120;373;317;city181
169;city208;383;457;city256;437;79;city259;65;130;city209;472;199;city113;384;132;city267;350;205;city102;315;167;city141;401;43;city186
