ERROR 1
ERROR 2
ERROR 5
ERROR 6
ERROR 7
ERROR 22
ERROR 24
ERROR 27
ERROR 30
ERROR 33
ERROR 34
ERROR 35
ERROR 37
ERROR 41
ERROR 42
ERROR 48
ERROR 52
ERROR 64
ERROR 65
ERROR 66
ERROR 68
ERROR 73
ERROR 74
ERROR 75
ERROR 77
ERROR 78
ERROR 80
ERROR 82
ERROR 83
ERROR 85
ERROR 93
ERROR 96
ERROR 99
ERROR 100
ERROR 102
ERROR 105
ERROR 108
ERROR 111
ERROR 113
ERROR 116
ERROR 120
ERROR 127
ERROR 133
ERROR 135
ERROR 138
ERROR 139
ERROR 141
ERROR 142
ERROR 144
ERROR 145
ERROR 148
ERROR 150
ERROR 153
ERROR 154
ERROR 155
ERROR 156
ERROR 158
ERROR 159
ERROR 162
ERROR 163
ERROR 166
ERROR 168
ERROR 173
ERROR 174
ERROR 178
ERROR 184
ERROR 186
ERROR 190
ERROR 191
ERROR 192
ERROR 193
ERROR 195
ERROR 196
ERROR 197
ERROR 201
ERROR 206
ERROR 210
ERROR 212
ERROR 219
ERROR 220
ERROR 225
ERROR 228
ERROR 231
ERROR 232
ERROR 234
ERROR 236
ERROR 240
ERROR 245
ERROR 246
ERROR 247
ERROR 249
ERROR 253
ERROR 254
ERROR 256
ERROR 260
ERROR 262
ERROR 264
ERROR 266
ERROR 267
ERROR 268
ERROR 269
ERROR 270
ERROR 276
ERROR 277
ERROR 278
ERROR 279
ERROR 280
ERROR 282
ERROR 284
ERROR 286
ERROR 289
ERROR 290
ERROR 292
ERROR 293
ERROR 294
ERROR 295
ERROR 299
ERROR 300
ERROR 306
ERROR 307
ERROR 309
ERROR 310
ERROR 313
ERROR 316
ERROR 317
ERROR 319
ERROR 321
ERROR 323
ERROR 324
ERROR 327
ERROR 333
ERROR 334
ERROR 336
ERROR 338
ERROR 339
ERROR 340
ERROR 341
ERROR 342
ERROR 343
ERROR 345
ERROR 346
ERROR 348
ERROR 350
ERROR 351
ERROR 353
ERROR 354
ERROR 355
ERROR 356
ERROR 357
ERROR 361
ERROR 363
ERROR 364
ERROR 367
ERROR 368
ERROR 369
ERROR 370
ERROR 372
ERROR 373
ERROR 375
ERROR 376
ERROR 380
ERROR 383
ERROR 388
ERROR 389
ERROR 390
ERROR 391
ERROR 392
ERROR 396
ERROR 397
ERROR 401
ERROR 403
ERROR 405
ERROR 407
ERROR 408
ERROR 409
ERROR 410
ERROR 411
ERROR 412
ERROR 413
ERROR 414
ERROR 415
ERROR 416
ERROR 420
ERROR 424
ERROR 425
ERROR 426
ERROR 427
ERROR 428
ERROR 429
ERROR 430
ERROR 431
ERROR 433
ERROR 434
ERROR 436
ERROR 437
ERROR 438
ERROR 441
ERROR 442
ERROR 444
ERROR 446
ERROR 448
ERROR 449
ERROR 451
ERROR 453
ERROR 454
ERROR 457
ERROR 458
ERROR 463
ERROR 465
ERROR 469
ERROR 473
ERROR 474
ERROR 475
ERROR 477
ERROR 478
ERROR 479
ERROR 480
ERROR 489
ERROR 492
ERROR 494
ERROR 495
ERROR 496
ERROR 497
ERROR 498
ERROR 500
ERROR 503
ERROR 504
ERROR 505
ERROR 506
ERROR 507
ERROR 511
ERROR 513
ERROR 516
ERROR 517
ERROR 522
ERROR 524
ERROR 527
ERROR 528
ERROR 530
ERROR 532
ERROR 536
ERROR 539
ERROR 540
ERROR 541
ERROR 543
ERROR 550
ERROR 555
ERROR 556
ERROR 557
ERROR 559
ERROR 563
ERROR 564
ERROR 565
ERROR 568
ERROR 569
ERROR 573
ERROR 574
ERROR 575
ERROR 578
ERROR 579
ERROR 580
ERROR 581
ERROR 583
ERROR 584
ERROR 585
ERROR 586
ERROR 587
ERROR 588
ERROR 593
ERROR 596
ERROR 598
ERROR 600
ERROR 601
ERROR 602
ERROR 603
ERROR 604
ERROR 605
ERROR 608
ERROR 611
ERROR 616
ERROR 617
ERROR 620
ERROR 622
ERROR 623
ERROR 624
ERROR 625
ERROR 626
ERROR 627
ERROR 629
ERROR 630
ERROR 631
ERROR 632
ERROR 633
ERROR 634
ERROR 638
ERROR 639
ERROR 641
ERROR 644
ERROR 645
ERROR 646
ERROR 649
ERROR 651
ERROR 653
ERROR 655
ERROR 656
ERROR 657
ERROR 659
ERROR 664
ERROR 665
ERROR 666
ERROR 667
ERROR 668
ERROR 669
ERROR 672
ERROR 678
ERROR 680
ERROR 681
ERROR 688
ERROR 690
ERROR 691
ERROR 692
ERROR 695
ERROR 696
ERROR 697
ERROR 702
ERROR 703
ERROR 710
ERROR 711
ERROR 712
ERROR 713
ERROR 715
ERROR 717
ERROR 719
ERROR 720
ERROR 723
ERROR 724
ERROR 725
ERROR 726
ERROR 728
ERROR 730
ERROR 733
ERROR 734
ERROR 736
ERROR 738
ERROR 739
ERROR 740
ERROR 746
ERROR 749
ERROR 752
ERROR 753
ERROR 754
ERROR 755
ERROR 757
ERROR 758
ERROR 759
ERROR 764
ERROR 765
ERROR 771
ERROR 772
ERROR 776
ERROR 777
ERROR 785
ERROR 789
ERROR 790
ERROR 791
ERROR 792
ERROR 795
ERROR 797
ERROR 798
ERROR 799
ERROR 800
ERROR 802
ERROR 804
ERROR 805
ERROR 806
ERROR 807
ERROR 810
ERROR 813
ERROR 814
ERROR 818
ERROR 824
ERROR 825
ERROR 827
ERROR 828
ERROR 830
ERROR 831
ERROR 833
ERROR 836
ERROR 837
ERROR 839
ERROR 840
ERROR 842
ERROR 843
ERROR 846
ERROR 848
ERROR 849
ERROR 851
ERROR 854
ERROR 855
ERROR 856
ERROR 858
ERROR 860
ERROR 864
ERROR 867
ERROR 868
ERROR 869
ERROR 872
ERROR 874
ERROR 875
ERROR 877
ERROR 878
ERROR 880
ERROR 882
ERROR 886
ERROR 887
ERROR 889
ERROR 894
ERROR 897
ERROR 900
ERROR 901
ERROR 903
ERROR 904
ERROR 908
ERROR 909
ERROR 910
ERROR 911
ERROR 912
ERROR 915
ERROR 917
ERROR 918
ERROR 920
ERROR 922
ERROR 923
ERROR 926
ERROR 928
ERROR 929
ERROR 936
ERROR 937
ERROR 939
ERROR 940
ERROR 941
ERROR 942
ERROR 945
ERROR 946
ERROR 947
ERROR 953
ERROR 954
ERROR 958
ERROR 959
ERROR 962
ERROR 965
ERROR 966
ERROR 967
ERROR 968
ERROR 970
ERROR 971
ERROR 972
ERROR 974
ERROR 975
ERROR 977
ERROR 978
ERROR 979
ERROR 980
ERROR 981
ERROR 984
ERROR 985
ERROR 986
ERROR 987
ERROR 992
ERROR 993
ERROR 995
ERROR 997
ERROR 998
ERROR 1005
ERROR 1006
ERROR 1007
ERROR 1008
ERROR 1011
ERROR 1012
ERROR 1013
ERROR 1014
ERROR 1015
ERROR 1019
ERROR 1020
ERROR 1023
ERROR 1024
ERROR 1026
ERROR 1027
ERROR 1028
ERROR 1031
ERROR 1032
ERROR 1033
ERROR 1034
ERROR 1036
ERROR 1037
ERROR 1039
ERROR 1040
ERROR 1041
ERROR 1042
ERROR 1044
ERROR 1046
ERROR 1047
ERROR 1048
ERROR 1050
ERROR 1051
ERROR 1052
ERROR 1055
ERROR 1056
ERROR 1058
ERROR 1064
ERROR 1067
ERROR 1069
ERROR 1071
ERROR 1073
ERROR 1077
ERROR 1083
ERROR 1085
ERROR 1086
ERROR 1087
ERROR 1088
ERROR 1089
ERROR 1091
ERROR 1092
ERROR 1093
ERROR 1097
ERROR 1098
ERROR 1101
ERROR 1102
ERROR 1103
ERROR 1104
ERROR 1105
ERROR 1106
ERROR 1109
ERROR 1111
ERROR 1113
ERROR 1114
ERROR 1117
ERROR 1118
ERROR 1124
ERROR 1125
ERROR 1127
ERROR 1128
ERROR 1129
ERROR 1130
ERROR 1131
ERROR 1133
ERROR 1138
ERROR 1139
ERROR 1140
ERROR 1141
ERROR 1142
ERROR 1143
ERROR 1144
ERROR 1145
ERROR 1146
ERROR 1149
ERROR 1150
ERROR 1152
ERROR 1153
ERROR 1154
ERROR 1155
ERROR 1156
ERROR 1157
ERROR 1158
ERROR 1159
ERROR 1160
ERROR 1168
ERROR 1171
ERROR 1173
ERROR 1174
ERROR 1178
ERROR 1179
ERROR 1180
ERROR 1181
ERROR 1182
ERROR 1183
ERROR 1184
ERROR 1186
ERROR 1187
ERROR 1188
ERROR 1189
ERROR 1190
ERROR 1191
ERROR 1192
ERROR 1193
ERROR 1196
ERROR 1199
ERROR 1201
ERROR 1206
ERROR 1208
ERROR 1210
ERROR 1212
ERROR 1214
ERROR 1217
ERROR 1219
ERROR 1220
ERROR 1222
ERROR 1223
ERROR 1225
ERROR 1227
ERROR 1229
ERROR 1230
ERROR 1231
ERROR 1232
ERROR 1233
ERROR 1234
ERROR 1238
ERROR 1239
ERROR 1243
ERROR 1245
ERROR 1246
ERROR 1248
ERROR 1249
ERROR 1250
ERROR 1251
ERROR 1254
ERROR 1255
ERROR 1256
ERROR 1257
ERROR 1259
ERROR 1260
ERROR 1265
ERROR 1266
ERROR 1268
ERROR 1269
ERROR 1272
ERROR 1273
ERROR 1274
ERROR 1275
ERROR 1277
ERROR 1279
ERROR 1280
ERROR 1282
ERROR 1283
ERROR 1289
ERROR 1290
ERROR 1291
ERROR 1293
ERROR 1295
ERROR 1296
ERROR 1297
ERROR 1299
ERROR 1300
ERROR 1301
ERROR 1302
ERROR 1303
ERROR 1305
ERROR 1306
ERROR 1307
ERROR 1309
ERROR 1311
ERROR 1312
ERROR 1313
ERROR 1315
ERROR 1316
ERROR 1320
ERROR 1322
ERROR 1323
ERROR 1324
ERROR 1325
ERROR 1327
ERROR 1328
ERROR 1330
ERROR 1331
ERROR 1333
ERROR 1335
ERROR 1341
ERROR 1342
ERROR 1347
ERROR 1348
ERROR 1349
ERROR 1352
ERROR 1354
ERROR 1356
ERROR 1357
ERROR 1361
ERROR 1366
ERROR 1367
ERROR 1368
ERROR 1369
ERROR 1371
ERROR 1372
ERROR 1377
ERROR 1379
ERROR 1380
ERROR 1382
ERROR 1383
ERROR 1384
ERROR 1385
ERROR 1387
ERROR 1388
ERROR 1389
ERROR 1392
ERROR 1393
ERROR 1396
ERROR 1397
ERROR 1398
ERROR 1399
ERROR 1401
ERROR 1404
ERROR 1407
ERROR 1409
ERROR 1414
ERROR 1415
ERROR 1416
ERROR 1417
ERROR 1419
ERROR 1420
ERROR 1423
ERROR 1424
ERROR 1426
ERROR 1427
ERROR 1428
ERROR 1430
ERROR 1438
ERROR 1439
ERROR 1441
ERROR 1451
ERROR 1454
ERROR 1455
ERROR 1457
ERROR 1458
