

133;city54;258;286;city101;321;297;city215;294;368;city290;260;424;city194;19;442;city62;215;235;city91;353;253;city143;68;221;city87;402;231;city150;33;144;city249


173;city205;341;419;city109;190;78;city225;332;3;city206;373;460;city220









158;city156;326;298;city267


152;city234;75;459;city175;136;42;city106;95;479;city289;302;379;city187;87;398;city104;455;44;city248;325;488;city150;385;213;city203;339;36;city194;319;329;city210;494;283;city235;164;395;city148;423;414;city256;15;107;city159






168;city181;186;366;city291;174;239;city83;472;349;city296;424;98;city175;165;113;city119;127;242;city225;74;276;city122;340;400;city104;47;41;city97;112;161;city92;455;100;city196;7;278;city74;16;341;city147;335;298;city230;429;376;city164;295;80;city267


133;city54;258;286;city101;321;297;city215;294;368;city290;260;424;city194;19;442;city62;215;235;city91;353;253;city143;68;221;city87;402;231;city150;33;144;city249
153;city104;467;422;city69;333;388;city242;185;21;city67;414;425;city192;316;400;city58;155;440;city144;386;91;city122;364;262;city51;470;476;city88;332;122;city222;92;91;city201;98;458;city163;99;418;city107;266;222;city112;153;294;city53;63;131;city92


129;city94;258;290;city99;447;273;city156;425;112;city202;317;144;city131

137;city92;141;259;city105;331;170;city162;490;57;city175



137;city92;141;259;city105;331;170;city162;490;57;city175
174;city166;55;84;city97
155;city119;142;140;city189

173;city205;341;419;city109;190;78;city225;332;3;city206;373;460;city220



174;city166;55;84;city97
169;city107;26;130;city233;233;27;city147;360;356;city260;395;286;city181;284;462;city78;332;127;city165


145;city63;113;414;city147;479;474;city187;41;98;city193;129;128;city101;346;362;city145;328;491;city99;429;192;city237
161;city281;229;417;city257;33;138;city183;154;398;city107;31;359;city251;394;408;city298;57;419;city225

152;city234;75;459;city175;136;42;city106;95;479;city289;302;379;city187;87;398;city104;455;44;city248;325;488;city150;385;213;city203;339;36;city194;319;329;city210;494;283;city235;164;395;city148;423;414;city256;15;107;city159
173;city205;341;419;city109;190;78;city225;332;3;city206;373;460;city220


161;city281;229;417;city257;33;138;city183;154;398;city107;31;359;city251;394;408;city298;57;419;city225
130;city216;425;348;city126;483;81;city230;272;144;city226;99;161;city171;275;314;city107
129;city94;258;290;city99;447;273;city156;425;112;city202;317;144;city131
154;city276;367;378;city198

158;city156;326;298;city267
149;city144;323;172;city265;340;28;city237
130;city216;425;348;city126;483;81;city230;272;144;city226;99;161;city171;275;314;city107
130;city216;425;348;city126;483;81;city230;272;144;city226;99;161;city171;275;314;city107

128;city277;435;238;city241;88;316;city119;222;27;city293;297;17;city148;140;77;city299;144;278;city285;222;132;city102;94;344;city170
144;city226;335;195;city152;190;57;city210;475;184;city274;308;439;city236;173;466;city127;479;381;city50;257;104;city200;304;159;city114;242;44;city52;119;259;city290;77;495;city218;191;182;city242
174;city166;55;84;city97
168;city181;186;366;city291;174;239;city83;472;349;city296;424;98;city175;165;113;city119;127;242;city225;74;276;city122;340;400;city104;47;41;city97;112;161;city92;455;100;city196;7;278;city74;16;341;city147;335;298;city230;429;376;city164;295;80;city267

130;city216;425;348;city126;483;81;city230;272;144;city226;99;161;city171;275;314;city107
161;city281;229;417;city257;33;138;city183;154;398;city107;31;359;city251;394;408;city298;57;419;city225
152;city234;75;459;city175;136;42;city106;95;479;city289;302;379;city187;87;398;city104;455;44;city248;325;488;city150;385;213;city203;339;36;city194;319;329;city210;494;283;city235;164;395;city148;423;414;city256;15;107;city159
133;city54;258;286;city101;321;297;city215;294;368;city290;260;424;city194;19;442;city62;215;235;city91;353;253;city143;68;221;city87;402;231;city150;33;144;city249
138;city206;9;252;city270;217;18;city121;56;68;city186;103;491;city165;299;244;city202;357;360;city218;148;342;city143;307;381;city198;263;415;city142;366;200;city288;287;56;city159;423;17;city249;108;56;city204;183;12;city174;244;20;city138;243;150;city120;84;207;city220;22;178;city144
174;city166;55;84;city97


152;city234;75;459;city175;136;42;city106;95;479;city289;302;379;city187;87;398;city104;455;44;city248;325;488;city150;385;213;city203;339;36;city194;319;329;city210;494;283;city235;164;395;city148;423;414;city256;15;107;city159
138;city206;9;252;city270;217;18;city121;56;68;city186;103;491;city165;299;244;city202;357;360;city218;148;342;city143;307;381;city198;263;415;city142;366;200;city288;287;56;city159;423;17;city249;108;56;city204;183;12;city174;244;20;city138;243;150;city120;84;207;city220;22;178;city144
152;city234;75;459;city175;136;42;city106;95;479;city289;302;379;city187;87;398;city104;455;44;city248;325;488;city150;385;213;city203;339;36;city194;319;329;city210;494;283;city235;164;395;city148;423;414;city256;15;107;city159
142;city138;166;127;city245;406;206;city90;179;445;city279;210;73;city112;169;12;city149

133;city54;258;286;city101;321;297;city215;294;368;city290;260;424;city194;19;442;city62;215;235;city91;353;253;city143;68;221;city87;402;231;city150;33;144;city249
169;city107;26;130;city233;233;27;city147;360;356;city260;395;286;city181;284;462;city78;332;127;city165
129;city94;258;290;city99;447;273;city156;425;112;city202;317;144;city131
133;city54;258;286;city101;321;297;city215;294;368;city290;260;424;city194;19;442;city62;215;235;city91;353;253;city143;68;221;city87;402;231;city150;33;144;city249

155;city119;142;140;city189
169;city107;26;130;city233;233;27;city147;360;356;city260;395;286;city181;284;462;city78;332;127;city165
160;city61;393;235;city199;260;406;city264;142;52;city262;126;77;city238;456;266;city128;272;278;city246;95;129;city186;422;480;city271;248;207;city253;164;413;city158;365;335;city103;314;434;city88;38;63;city259;6;227;city187
172;city113;184;492;city156;350;128;city68

143;city160;52;343;city61;247;345;city217;135;112;city71;82;167;city170;355;345;city65;249;93;city129;270;115;city274;219;375;city297;67;409;city144


162;city148;282;460;city64;143;144;city87;196;292;city275;215;318;city161;234;174;city150;494;177;city254;337;184;city212;459;246;city294;146;325;city138;383;15;city258;225;253;city241;209;342;city120;198;410;city180;409;385;city220;349;212;city216;408;93;city184
129;city94;258;290;city99;447;273;city156;425;112;city202;317;144;city131

137;city92;141;259;city105;331;170;city162;490;57;city175
144;city226;335;195;city152;190;57;city210;475;184;city274;308;439;city236;173;466;city127;479;381;city50;257;104;city200;304;159;city114;242;44;city52;119;259;city290;77;495;city218;191;182;city242
168;city181;186;366;city291;174;239;city83;472;349;city296;424;98;city175;165;113;city119;127;242;city225;74;276;city122;340;400;city104;47;41;city97;112;161;city92;455;100;city196;7;278;city74;16;341;city147;335;298;city230;429;376;city164;295;80;city267
152;city234;75;459;city175;136;42;city106;95;479;city289;302;379;city187;87;398;city104;455;44;city248;325;488;city150;385;213;city203;339;36;city194;319;329;city210;494;283;city235;164;395;city148;423;414;city256;15;107;city159
130;city216;425;348;city126;483;81;city230;272;144;city226;99;161;city171;275;314;city107

133;city54;258;286;city101;321;297;city215;294;368;city290;260;424;city194;19;442;city62;215;235;city91;353;253;city143;68;221;city87;402;231;city150;33;144;city249


134;city155;337;53;city188;329;334;city147;490;363;city236;195;24;city252;442;10;city64
154;city276;367;378;city198
149;city144;323;172;city265;340;28;city237
145;city63;113;414;city147;479;474;city187;41;98;city193;129;128;city101;346;362;city145;328;491;city99;429;192;city237
161;city281;229;417;city257;33;138;city183;154;398;city107;31;359;city251;394;408;city298;57;419;city225
161;city281;229;417;city257;33;138;city183;154;398;city107;31;359;city251;394;408;city298;57;419;city225
155;city119;142;140;city189
174;city166;55;84;city97
149;city144;323;172;city265;340;28;city237
126;city224;176;412;city283;145;244;city155;180;315;city200;144;330;city125;483;21;city199
174;city166;55;84;city97
158;city156;326;298;city267
143;city160;52;343;city61;247;345;city217;135;112;city71;82;167;city170;355;345;city65;249;93;city129;270;115;city274;219;375;city297;67;409;city144
155;city119;142;140;city189
127;city267;491;281;city179;230;245;city158;477;410;city295;264;461;city200;218;275;city181;117;136;city164;295;452;city107;76;448;city225;84;293;city126;324;386;city99;97;273;city270


158;city156;326;298;city267
168;city181;186;366;city291;174;239;city83;472;349;city296;424;98;city175;165;113;city119;127;242;city225;74;276;city122;340;400;city104;47;41;city97;112;161;city92;455;100;city196;7;278;city74;16;341;city147;335;298;city230;429;376;city164;295;80;city267
135;city211;109;158;city276;9;25;city147;196;449;city94;224;222;city201;497;289;city76;379;349;city281;368;402;city222;453;417;city260;179;435;city257;25;413;city104;225;364;city149;21;355;city206;361;167;city294;35;241;city287;139;107;city55;287;307;city267
162;city148;282;460;city64;143;144;city87;196;292;city275;215;318;city161;234;174;city150;494;177;city254;337;184;city212;459;246;city294;146;325;city138;383;15;city258;225;253;city241;209;342;city120;198;410;city180;409;385;city220;349;212;city216;408;93;city184
168;city181;186;366;city291;174;239;city83;472;349;city296;424;98;city175;165;113;city119;127;242;city225;74;276;city122;340;400;city104;47;41;city97;112;161;city92;455;100;city196;7;278;city74;16;341;city147;335;298;city230;429;376;city164;295;80;city267
165;city171;52;373;city297;27;350;city233;381;372;city69;116;264;city268;297;252;city154;495;398;city79;98;21;city145;368;44;city128;307;183;city203
160;city61;393;235;city199;260;406;city264;142;52;city262;126;77;city238;456;266;city128;272;278;city246;95;129;city186;422;480;city271;248;207;city253;164;413;city158;365;335;city103;314;434;city88;38;63;city259;6;227;city187
130;city216;425;348;city126;483;81;city230;272;144;city226;99;161;city171;275;314;city107

139;city249;234;48;city271;396;128;city185;74;129;city292;93;399;city252;252;87;city88;59;345;city63;136;168;city91;295;42;city146;387;187;city130
155;city119;142;140;city189

140;city201;228;49;city278
156;city158;500;86;city248;423;161;city272;306;30;city99;404;298;city288;477;226;city143;148;347;city133;6;82;city274;424;415;city282;307;148;city95

174;city166;55;84;city97
132;city201;276;5;city66;418;435;city69;326;337;city263;227;428;city214;256;401;city130;20;319;city123;364;285;city169;322;399;city148;375;173;city238;414;228;city97;369;202;city245;231;37;city87;96;314;city120;230;220;city163
169;city107;26;130;city233;233;27;city147;360;356;city260;395;286;city181;284;462;city78;332;127;city165
145;city63;113;414;city147;479;474;city187;41;98;city193;129;128;city101;346;362;city145;328;491;city99;429;192;city237
130;city216;425;348;city126;483;81;city230;272;144;city226;99;161;city171;275;314;city107
159;city158;56;68;city123;147;9;city71;105;387;city165
148;city228;394;43;city280;436;103;city286;126;412;city268;28;447;city132;161;485;city205;498;317;city253;295;56;city273;366;99;city196;377;223;city179;326;129;city290;35;6;city81;156;256;city84
130;city216;425;348;city126;483;81;city230;272;144;city226;99;161;city171;275;314;city107
154;city276;367;378;city198
162;city148;282;460;city64;143;144;city87;196;292;city275;215;318;city161;234;174;city150;494;177;city254;337;184;city212;459;246;city294;146;325;city138;383;15;city258;225;253;city241;209;342;city120;198;410;city180;409;385;city220;349;212;city216;408;93;city184
141;city107;278;308;city71;302;364;city185;370;203;city281;319;107;city219;430;287;city51;463;26;city174;211;105;city217;302;433;city72;476;143;city135
125;city289;118;249;city159;133;62;city134;484;432;city239;457;74;city90;311;297;city208;366;454;city267
148;city228;394;43;city280;436;103;city286;126;412;city268;28;447;city132;161;485;city205;498;317;city253;295;56;city273;366;99;city196;377;223;city179;326;129;city290;35;6;city81;156;256;city84
164;city76;371;427;city198;176;18;city93;261;287;city78;222;353;city273;97;65;city75;406;20;city163;403;245;city96
158;city156;326;298;city267
148;city228;394;43;city280;436;103;city286;126;412;city268;28;447;city132;161;485;city205;498;317;city253;295;56;city273;366;99;city196;377;223;city179;326;129;city290;35;6;city81;156;256;city84
131;city62;38;376;city215;124;247;city202;247;197;city277;319;428;city198;143;263;city164;385;276;city285;152;417;city268;405;67;city163;337;157;city89;275;326;city206;83;138;city221;112;208;city231;374;133;city87;479;323;city131
165;city171;52;373;city297;27;350;city233;381;372;city69;116;264;city268;297;252;city154;495;398;city79;98;21;city145;368;44;city128;307;183;city203
169;city107;26;130;city233;233;27;city147;360;356;city260;395;286;city181;284;462;city78;332;127;city165
166;city104;378;487;city258;353;205;city196;219;313;city234;18;55;city95;61;272;city223;208;308;city137;148;479;city189;499;236;city59;346;76;city210;278;278;city260;10;195;city160;416;339;city110;286;485;city108;287;303;city201;35;448;city194;283;461;city176;419;117;city86
138;city206;9;252;city270;217;18;city121;56;68;city186;103;491;city165;299;244;city202;357;360;city218;148;342;city143;307;381;city198;263;415;city142;366;200;city288;287;56;city159;423;17;city249;108;56;city204;183;12;city174;244;20;city138;243;150;city120;84;207;city220;22;178;city144
161;city281;229;417;city257;33;138;city183;154;398;city107;31;359;city251;394;408;city298;57;419;city225
145;city63;113;414;city147;479;474;city187;41;98;city193;129;128;city101;346;362;city145;328;491;city99;429;192;city237
144;city226;335;195;city152;190;57;city210;475;184;city274;308;439;city236;173;466;city127;479;381;city50;257;104;city200;304;159;city114;242;44;city52;119;259;city290;77;495;city218;191;182;city242
162;city148;282;460;city64;143;144;city87;196;292;city275;215;318;city161;234;174;city150;494;177;city254;337;184;city212;459;246;city294;146;325;city138;383;15;city258;225;253;city241;209;342;city120;198;410;city180;409;385;city220;349;212;city216;408;93;city184
126;city224;176;412;city283;145;244;city155;180;315;city200;144;330;city125;483;21;city199
171;city214;53;493;city187;291;58;city108;385;37;city196;473;448;city220
158;city156;326;298;city267
162;city148;282;460;city64;143;144;city87;196;292;city275;215;318;city161;234;174;city150;494;177;city254;337;184;city212;459;246;city294;146;325;city138;383;15;city258;225;253;city241;209;342;city120;198;410;city180;409;385;city220;349;212;city216;408;93;city184
146;city268;24;97;city66;218;95;city156;413;164;city292;244;100;city163;380;356;city269;347;414;city237;403;13;city54;306;191;city79;234;41;city65;457;500;city287
157;city72;468;47;city294;478;121;city249
172;city113;184;492;city156;350;128;city68
129;city94;258;290;city99;447;273;city156;425;112;city202;317;144;city131
172;city113;184;492;city156;350;128;city68
135;city211;109;158;city276;9;25;city147;196;449;city94;224;222;city201;497;289;city76;379;349;city281;368;402;city222;453;417;city260;179;435;city257;25;413;city104;225;364;city149;21;355;city206;361;167;city294;35;241;city287;139;107;city55;287;307;city267
166;city104;378;487;city258;353;205;city196;219;313;city234;18;55;city95;61;272;city223;208;308;city137;148;479;city189;499;236;city59;346;76;city210;278;278;city260;10;195;city160;416;339;city110;286;485;city108;287;303;city201;35;448;city194;283;461;city176;419;117;city86
163;city280;386;382;city188;436;95;city228
136;city235;318;453;city170;212;92;city150;21;74;city177;259;370;city254;389;405;city238;39;478;city174;62;90;city268;358;253;city143;227;70;city287;333;112;city68
136;city235;318;453;city170;212;92;city150;21;74;city177;259;370;city254;389;405;city238;39;478;city174;62;90;city268;358;253;city143;227;70;city287;333;112;city68
147;city128;80;335;city249;58;130;city268;342;225;city187;300;161;city262;430;373;city53;8;31;city114;479;54;city161;325;415;city165;406;257;city283;421;82;city106;427;256;city68;274;181;city96;258;482;city237;383;264;city163;121;7;city105;392;211;city54;88;60;city276
144;city226;335;195;city152;190;57;city210;475;184;city274;308;439;city236;173;466;city127;479;381;city50;257;104;city200;304;159;city114;242;44;city52;119;259;city290;77;495;city218;191;182;city242
126;city224;176;412;city283;145;244;city155;180;315;city200;144;330;city125;483;21;city199
174;city166;55;84;city97
139;city249;234;48;city271;396;128;city185;74;129;city292;93;399;city252;252;87;city88;59;345;city63;136;168;city91;295;42;city146;387;187;city130
155;city119;142;140;city189
148;city228;394;43;city280;436;103;city286;126;412;city268;28;447;city132;161;485;city205;498;317;city253;295;56;city273;366;99;city196;377;223;city179;326;129;city290;35;6;city81;156;256;city84
147;city128;80;335;city249;58;130;city268;342;225;city187;300;161;city262;430;373;city53;8;31;city114;479;54;city161;325;415;city165;406;257;city283;421;82;city106;427;256;city68;274;181;city96;258;482;city237;383;264;city163;121;7;city105;392;211;city54;88;60;city276
126;city224;176;412;city283;145;244;city155;180;315;city200;144;330;city125;483;21;city199
134;city155;337;53;city188;329;334;city147;490;363;city236;195;24;city252;442;10;city64
128;city277;435;238;city241;88;316;city119;222;27;city293;297;17;city148;140;77;city299;144;278;city285;222;132;city102;94;344;city170
140;city201;228;49;city278
146;city268;24;97;city66;218;95;city156;413;164;city292;244;100;city163;380;356;city269;347;414;city237;403;13;city54;306;191;city79;234;41;city65;457;500;city287
149;city144;323;172;city265;340;28;city237
159;city158;56;68;city123;147;9;city71;105;387;city165
143;city160;52;343;city61;247;345;city217;135;112;city71;82;167;city170;355;345;city65;249;93;city129;270;115;city274;219;375;city297;67;409;city144
143;city160;52;343;city61;247;345;city217;135;112;city71;82;167;city170;355;345;city65;249;93;city129;270;115;city274;219;375;city297;67;409;city144
138;city206;9;252;city270;217;18;city121;56;68;city186;103;491;city165;299;244;city202;357;360;city218;148;342;city143;307;381;city198;263;415;city142;366;200;city288;287;56;city159;423;17;city249;108;56;city204;183;12;city174;244;20;city138;243;150;city120;84;207;city220;22;178;city144
133;city54;258;286;city101;321;297;city215;294;368;city290;260;424;city194;19;442;city62;215;235;city91;353;253;city143;68;221;city87;402;231;city150;33;144;city249
142;city138;166;127;city245;406;206;city90;179;445;city279;210;73;city112;169;12;city149
160;city61;393;235;city199;260;406;city264;142;52;city262;126;77;city238;456;266;city128;272;278;city246;95;129;city186;422;480;city271;248;207;city253;164;413;city158;365;335;city103;314;434;city88;38;63;city259;6;227;city187
130;city216;425;348;city126;483;81;city230;272;144;city226;99;161;city171;275;314;city107
164;city76;371;427;city198;176;18;city93;261;287;city78;222;353;city273;97;65;city75;406;20;city163;403;245;city96

149;city144;323;172;city265;340;28;city237
144;city226;335;195;city152;190;57;city210;475;184;city274;308;439;city236;173;466;city127;479;381;city50;257;104;city200;304;159;city114;242;44;city52;119;259;city290;77;495;city218;191;182;city242
146;city268;24;97;city66;218;95;city156;413;164;city292;244;100;city163;380;356;city269;347;414;city237;403;13;city54;306;191;city79;234;41;city65;457;500;city287
143;city160;52;343;city61;247;345;city217;135;112;city71;82;167;city170;355;345;city65;249;93;city129;270;115;city274;219;375;city297;67;409;city144
126;city224;176;412;city283;145;244;city155;180;315;city200;144;330;city125;483;21;city199
158;city156;326;298;city267
146;city268;24;97;city66;218;95;city156;413;164;city292;244;100;city163;380;356;city269;347;414;city237;403;13;city54;306;191;city79;234;41;city65;457;500;city287
145;city63;113;414;city147;479;474;city187;41;98;city193;129;128;city101;346;362;city145;328;491;city99;429;192;city237
143;city160;52;343;city61;247;345;city217;135;112;city71;82;167;city170;355;345;city65;249;93;city129;270;115;city274;219;375;city297;67;409;city144
126;city224;176;412;city283;145;244;city155;180;315;city200;144;330;city125;483;21;city199
169;city107;26;130;city233;233;27;city147;360;356;city260;395;286;city181;284;462;city78;332;127;city165
163;city280;386;382;city188;436;95;city228
147;city128;80;335;city249;58;130;city268;342;225;city187;300;161;city262;430;373;city53;8;31;city114;479;54;city161;325;415;city165;406;257;city283;421;82;city106;427;256;city68;274;181;city96;258;482;city237;383;264;city163;121;7;city105;392;211;city54;88;60;city276
151;city227;230;390;city274;237;104;city138;178;341;city149;306;46;city139;385;354;city64;98;307;city186;296;67;city84;476;151;city279;150;342;city224
129;city94;258;290;city99;447;273;city156;425;112;city202;317;144;city131
166;city104;378;487;city258;353;205;city196;219;313;city234;18;55;city95;61;272;city223;208;308;city137;148;479;city189;499;236;city59;346;76;city210;278;278;city260;10;195;city160;416;339;city110;286;485;city108;287;303;city201;35;448;city194;283;461;city176;419;117;city86
129;city94;258;290;city99;447;273;city156;425;112;city202;317;144;city131
169;city107;26;130;city233;233;27;city147;360;356;city260;395;286;city181;284;462;city78;332;127;city165
168;city181;186;366;city291;174;239;city83;472;349;city296;424;98;city175;165;113;city119;127;242;city225;74;276;city122;340;400;city104;47;41;city97;112;161;city92;455;100;city196;7;278;city74;16;341;city147;335;298;city230;429;376;city164;295;80;city267
129;city94;258;290;city99;447;273;city156;425;112;city202;317;144;city131
169;city107;26;130;city233;233;27;city147;360;356;city260;395;286;city181;284;462;city78;332;127;city165
139;city249;234;48;city271;396;128;city185;74;129;city292;93;399;city252;252;87;city88;59;345;city63;136;168;city91;295;42;city146;387;187;city130
140;city201;228;49;city278
162;city148;282;460;city64;143;144;city87;196;292;city275;215;318;city161;234;174;city150;494;177;city254;337;184;city212;459;246;city294;146;325;city138;383;15;city258;225;253;city241;209;342;city120;198;410;city180;409;385;city220;349;212;city216;408;93;city184
142;city138;166;127;city245;406;206;city90;179;445;city279;210;73;city112;169;12;city149
165;city171;52;373;city297;27;350;city233;381;372;city69;116;264;city268;297;252;city154;495;398;city79;98;21;city145;368;44;city128;307;183;city203
172;city113;184;492;city156;350;128;city68
141;city107;278;308;city71;302;364;city185;370;203;city281;319;107;city219;430;287;city51;463;26;city174;211;105;city217;302;433;city72;476;143;city135
167;city283;303;239;city242;462;360;city128;244;494;city186;390;67;city243;311;194;city90;281;363;city149;82;284;city209
158;city156;326;298;city267
156;city158;500;86;city248;423;161;city272;306;30;city99;404;298;city288;477;226;city143;148;347;city133;6;82;city274;424;415;city282;307;148;city95
137;city92;141;259;city105;331;170;city162;490;57;city175
137;city92;141;259;city105;331;170;city162;490;57;city175
174;city166;55;84;city97
137;city92;141;259;city105;331;170;city162;490;57;city175
135;city211;109;158;city276;9;25;city147;196;449;city94;224;222;city201;497;289;city76;379;349;city281;368;402;city222;453;417;city260;179;435;city257;25;413;city104;225;364;city149;21;355;city206;361;167;city294;35;241;city287;139;107;city55;287;307;city267
155;city119;142;140;city189
161;city281;229;417;city257;33;138;city183;154;398;city107;31;359;city251;394;408;city298;57;419;city225
133;city54;258;286;city101;321;297;city215;294;368;city290;260;424;city194;19;442;city62;215;235;city91;353;253;city143;68;221;city87;402;231;city150;33;144;city249
172;city113;184;492;city156;350;128;city68
138;city206;9;252;city270;217;18;city121;56;68;city186;103;491;city165;299;244;city202;357;360;city218;148;342;city143;307;381;city198;263;415;city142;366;200;city288;287;56;city159;423;17;city249;108;56;city204;183;12;city174;244;20;city138;243;150;city120;84;207;city220;22;178;city144
141;city107;278;308;city71;302;364;city185;370;203;city281;319;107;city219;430;287;city51;463;26;city174;211;105;city217;302;433;city72;476;143;city135
145;city63;113;414;city147;479;474;city187;41;98;city193;129;128;city101;346;362;city145;328;491;city99;429;192;city237
127;city267;491;281;city179;230;245;city158;477;410;city295;264;461;city200;218;275;city181;117;136;city164;295;452;city107;76;448;city225;84;293;city126;324;386;city99;97;273;city270
174;city166;55;84;city97
165;city171;52;373;city297;27;350;city233;381;372;city69;116;264;city268;297;252;city154;495;398;city79;98;21;city145;368;44;city128;307;183;city203
160;city61;393;235;city199;260;406;city264;142;52;city262;126;77;city238;456;266;city128;272;278;city246;95;129;city186;422;480;city271;248;207;city253;164;413;city158;365;335;city103;314;434;city88;38;63;city259;6;227;city187
144;city226;335;195;city152;190;57;city210;475;184;city274;308;439;city236;173;466;city127;479;381;city50;257;104;city200;304;159;city114;242;44;city52;119;259;city290;77;495;city218;191;182;city242
154;city276;367;378;city198
140;city201;228;49;city278
171;city214;53;493;city187;291;58;city108;385;37;city196;473;448;city220
168;city181;186;366;city291;174;239;city83;472;349;city296;424;98;city175;165;113;city119;127;242;city225;74;276;city122;340;400;city104;47;41;city97;112;161;city92;455;100;city196;7;278;city74;16;341;city147;335;298;city230;429;376;city164;295;80;city267
155;city119;142;140;city189
161;city281;229;417;city257;33;138;city183;154;398;city107;31;359;city251;394;408;city298;57;419;city225
158;city156;326;298;city267
161;city281;229;417;city257;33;138;city183;154;398;city107;31;359;city251;394;408;city298;57;419;city225
151;city227;230;390;city274;237;104;city138;178;341;city149;306;46;city139;385;354;city64;98;307;city186;296;67;city84;476;151;city279;150;342;city224
164;city76;371;427;city198;176;18;city93;261;287;city78;222;353;city273;97;65;city75;406;20;city163;403;245;city96
172;city113;184;492;city156;350;128;city68
151;city227;230;390;city274;237;104;city138;178;341;city149;306;46;city139;385;354;city64;98;307;city186;296;67;city84;476;151;city279;150;342;city224
152;city234;75;459;city175;136;42;city106;95;479;city289;302;379;city187;87;398;city104;455;44;city248;325;488;city150;385;213;city203;339;36;city194;319;329;city210;494;283;city235;164;395;city148;423;414;city256;15;107;city159
160;city61;393;235;city199;260;406;city264;142;52;city262;126;77;city238;456;266;city128;272;278;city246;95;129;city186;422;480;city271;248;207;city253;164;413;city158;365;335;city103;314;434;city88;38;63;city259;6;227;city187
135;city211;109;158;city276;9;25;city147;196;449;city94;224;222;city201;497;289;city76;379;349;city281;368;402;city222;453;417;city260;179;435;city257;25;413;city104;225;364;city149;21;355;city206;361;167;city294;35;241;city287;139;107;city55;287;307;city267
154;city276;367;378;city198
146;city268;24;97;city66;218;95;city156;413;164;city292;244;100;city163;380;356;city269;347;414;city237;403;13;city54;306;191;city79;234;41;city65;457;500;city287
170;city157;6;365;city88;23;223;city147;181;95;city173;234;65;city117;427;155;city162;356;135;city233;324;111;city231;302;404;city257;423;49;city287;164;149;city127;321;23;city266
158;city156;326;298;city267
144;city226;335;195;city152;190;57;city210;475;184;city274;308;439;city236;173;466;city127;479;381;city50;257;104;city200;304;159;city114;242;44;city52;119;259;city290;77;495;city218;191;182;city242
136;city235;318;453;city170;212;92;city150;21;74;city177;259;370;city254;389;405;city238;39;478;city174;62;90;city268;358;253;city143;227;70;city287;333;112;city68
165;city171;52;373;city297;27;350;city233;381;372;city69;116;264;city268;297;252;city154;495;398;city79;98;21;city145;368;44;city128;307;183;city203
150;city148;39;257;city52;372;304;city66;378;230;city264;303;336;city183;392;215;city243
136;city235;318;453;city170;212;92;city150;21;74;city177;259;370;city254;389;405;city238;39;478;city174;62;90;city268;358;253;city143;227;70;city287;333;112;city68
147;city128;80;335;city249;58;130;city268;342;225;city187;300;161;city262;430;373;city53;8;31;city114;479;54;city161;325;415;city165;406;257;city283;421;82;city106;427;256;city68;274;181;city96;258;482;city237;383;264;city163;121;7;city105;392;211;city54;88;60;city276
145;city63;113;414;city147;479;474;city187;41;98;city193;129;128;city101;346;362;city145;328;491;city99;429;192;city237
