





140;city169;342;255;city194;143;212;city158;218;35;city286;9;256;city196;230;38;city59;167;41;city198;447;458;city96;378;268;city281;400;311;city89;163;407;city245;20;67;city176;130;250;city246;58;372;city128;164;304;city242;78;40;city282;270;282;city225;112;364;city187;253;237;city207












157;city160;305;375;city297;213;340;city275;314;15;city81;41;395;city194;209;76;city216;116;183;city109;107;434;city91;363;340;city137;241;391;city288;156;267;city70;93;307;city259;104;13;city52;452;172;city225;494;15;city90;450;114;city185;285;4;city223;126;175;city195



141;city135;382;297;city243;438;423;city203;235;447;city115;144;75;city133;153;402;city210;458;304;city161;401;229;city247;192;470;city219;69;57;city70;200;426;city68;389;194;city142;444;454;city187;100;339;city89;231;494;city81;434;163;city222
140;city169;342;255;city194;143;212;city158;218;35;city286;9;256;city196;230;38;city59;167;41;city198;447;458;city96;378;268;city281;400;311;city89;163;407;city245;20;67;city176;130;250;city246;58;372;city128;164;304;city242;78;40;city282;270;282;city225;112;364;city187;253;237;city207
141;city135;382;297;city243;438;423;city203;235;447;city115;144;75;city133;153;402;city210;458;304;city161;401;229;city247;192;470;city219;69;57;city70;200;426;city68;389;194;city142;444;454;city187;100;339;city89;231;494;city81;434;163;city222

151;city53;315;89;city73;53;56;city287;499;347;city201;471;263;city231;7;81;city169;243;125;city114;372;413;city270;424;312;city125;150;226;city271;471;13;city211;198;8;city156;25;191;city228;176;460;city65;174;4;city179;297;216;city88;436;486;city50;337;424;city240;166;73;city139;251;17;city61
144;city201;481;343;city200;212;355;city111

130;city132;242;247;city56;417;417;city158;35;394;city79;11;237;city249;94;431;city260;238;367;city297;49;180;city171;191;358;city97;64;232;city68;107;163;city239;412;175;city177;415;359;city116;112;28;city256;336;283;city218;500;324;city151;265;5;city215;469;438;city101
169;city139;118;193;city198;10;381;city280;431;466;city180;498;248;city206;195;135;city208;439;64;city237;442;316;city74;173;232;city170;288;449;city154;434;412;city63;457;316;city172;439;4;city88;221;110;city70;347;360;city59;37;175;city60;283;250;city287;100;483;city62
169;city139;118;193;city198;10;381;city280;431;466;city180;498;248;city206;195;135;city208;439;64;city237;442;316;city74;173;232;city170;288;449;city154;434;412;city63;457;316;city172;439;4;city88;221;110;city70;347;360;city59;37;175;city60;283;250;city287;100;483;city62




150;city153;56;15;city288;116;387;city57;263;29;city168;310;103;city162

146;city148;242;389;city89;39;181;city88;104;394;city239


156;city170;120;278;city56;456;325;city135;167;202;city141;448;123;city262
154;city224;214;181;city278;323;386;city283;402;88;city187
167;city240;304;310;city193;494;237;city194;108;411;city156;263;243;city180;16;421;city166;475;131;city288;199;343;city298;121;478;city227;185;426;city117;313;133;city167;384;370;city255;310;97;city118;289;401;city60

131;city209;90;170;city93;157;473;city121;197;274;city146;179;3631;city267;359;79;city129;355;270;city166;469;204;city287;129;118;city131;466;174;city68;97;2189;city58;317;459;city91;138;329;city168


167;city240;304;310;city193;494;237;city194;108;411;city156;263;243;city180;16;421;city166;475;131;city288;199;343;city298;121;478;city227;185;426;city117;313;133;city167;384;370;city255;310;97;city118;289;401;city60
157;city160;305;375;city297;213;340;city275;314;15;city81;41;395;city194;209;76;city216;116;183;city109;107;434;city91;363;340;city137;241;391;city288;156;267;city70;93;307;city259;104;13;city52;452;172;city225;494;15;city90;450;114;city185;285;4;city223;126;175;city195
167;city240;304;310;city193;494;237;city194;108;411;city156;263;243;city180;16;421;city166;475;131;city288;199;343;city298;121;478;city227;185;426;city117;313;133;city167;384;370;city255;310;97;city118;289;401;city60


131;city209;90;170;city93;157;473;city121;197;274;city146;179;3631;city267;359;79;city129;355;270;city166;469;204;city287;129;118;city131;466;174;city68;97;2189;city58;317;459;city91;138;329;city168
171;city50;58;139;city160;94;88;city287;245;147;city181;174;367;city219;283;448;city161
168;city244;200;91;city182;168;347;city151;93;332;city291;50;257;city70;290;397;city198;13;303;city208;236;74;city153;328;443;city139;474;284;city187;304;436;city93;377;32;city135;240;403;city52;315;425;city180;62;31;city260;333;185;city162;77;41;city181
156;city170;120;278;city56;456;325;city135;167;202;city141;448;123;city262
167;city240;304;310;city193;494;237;city194;108;411;city156;263;243;city180;16;421;city166;475;131;city288;199;343;city298;121;478;city227;185;426;city117;313;133;city167;384;370;city255;310;97;city118;289;401;city60
130;city132;242;247;city56;417;417;city158;35;394;city79;11;237;city249;94;431;city260;238;367;city297;49;180;city171;191;358;city97;64;232;city68;107;163;city239;412;175;city177;415;359;city116;112;28;city256;336;283;city218;500;324;city151;265;5;city215;469;438;city101
138;city271;150;94;city129;312;218;city203;389;88;city82;118;185;city136;384;467;city151;313;255;city154;14;288;city292;197;284;city62;189;479;city255;211;213;city213;55;65;city55;50;340;city113

172;city290;486;222;city97;14;73;city79;233;242;city83;341;215;city174;288;424;city212;292;174;city84;386;76;city129;84;328;city188;430;198;city215;408;7;city141;340;189;city293;292;125;city94;297;298;city186;500;466;city101
163;city81;341;417;city170;399;112;city128;188;72;city154;95;306;city68;493;75;city270;489;33;city66;64;256;city195;181;335;city162;417;486;city132;436;314;city143;101;442;city158;254;446;city257;89;333;city174;430;328;city196;189;484;city221
147;city225;161;481;city104;232;344;city87;346;138;city93;312;131;city124;176;408;city248;29;413;city61;71;390;city170;74;87;city108;338;477;city86
142;city192;49;461;city195;35;433;city172;308;186;city138;119;156;city253;282;457;city74;378;468;city240;38;366;city87;471;115;city229;169;360;city93;295;334;city60;227;343;city160;425;237;city68;477;149;city162;25;319;city126;284;74;city235;197;159;city146;135;309;city107;410;425;city191;161;31;city71
170;city95;332;266;city119;246;484;city126;240;464;city272;294;28;city164;133;209;city61;210;233;city198;200;219;city264;461;487;city145


134;city298;410;8129;city238;110;16;city158;59;436;city174;472;153;city175;493;185;city73;312;314;city197;407;482;city201;192;258;city55;192;340;city167;30;193;city56;313;310;city108;316;15;city192
158;city52;369;478;city134;81;174;city80;133;354;city89
145;city132;434;79;city53;26;285;city115;371;187;city143;490;59;city196;79;286;city150;298;45;city52;178;420;city104;2;441;city107;409;12;city282;484;428;city211;253;45;city249;220;324;city205;255;13;city82;485;148;city270;459;351;city186;478;493;city125;275;359;city83;34;27;city263;129;500;city262

162;city93;491;290;city72;459;450;city186;249;334;city78;113;74;city230;156;175;city258;34;498;city202;250;467;city80;189;297;city276;245;151;city178;481;295;city266;131;124;city270;404;296;city60;29;157;city267
129;city115;392;185;city140;336;49;city103;491;279;city229;113;315;city51;254;441;city251;324;366;city295;22;239;city237;215;162;city209;45;64;city91;195;92;city132;487;297;city63
139;city159;347;68;city237;372;126;city64;150;223;city57;379;400;city108;207;83;city122;299;210;city97;69;28;city82;469;59;city118;435;255;city84;246;416;city110;110;155;city282;7;239;city206;320;372;city99;89;397;city191;239;200;city137;224;405;city225
170;city95;332;266;city119;246;484;city126;240;464;city272;294;28;city164;133;209;city61;210;233;city198;200;219;city264;461;487;city145

170;city95;332;266;city119;246;484;city126;240;464;city272;294;28;city164;133;209;city61;210;233;city198;200;219;city264;461;487;city145

160;city180;405;246;city71;491;380;city107;316;498;city151
133;city234;458;196;city268;245;153;city205;47;475;city219
133;city234;458;196;city268;245;153;city205;47;475;city219

136;city265;478;364;city246;76;389;city120;315;44;city57;388;74;city73;63;380;city111;352;209;city121;197;436;city147;349;210;city194;272;490;city101;266;268;city220;230;448;city260;308;427;city274;117;323;city74;84;353;city55;68;367;city118;378;296;city290;406;220;city287;232;247;city82;237;301;city249
147;city225;161;481;city104;232;344;city87;346;138;city93;312;131;city124;176;408;city248;29;413;city61;71;390;city170;74;87;city108;338;477;city86



130;city132;242;247;city56;417;417;city158;35;394;city79;11;237;city249;94;431;city260;238;367;city297;49;180;city171;191;358;city97;64;232;city68;107;163;city239;412;175;city177;415;359;city116;112;28;city256;336;283;city218;500;324;city151;265;5;city215;469;438;city101
129;city115;392;185;city140;336;49;city103;491;279;city229;113;315;city51;254;441;city251;324;366;city295;22;239;city237;215;162;city209;45;64;city91;195;92;city132;487;297;city63
134;city298;410;8129;city238;110;16;city158;59;436;city174;472;153;city175;493;185;city73;312;314;city197;407;482;city201;192;258;city55;192;340;city167;30;193;city56;313;310;city108;316;15;city192
137;city134;162;320;city105;284;466;city87;160;93;city230;419;13;city81;155;234;city52;99;321;city154;478;51;city249;459;343;city248;397;44;city218;113;405;city53;57;61;city61
128;city278;339;117;city261;31;493;city236;494;219;city223;361;477;city293;133;452;city117

155;city249;268;310;city61;204;13;city118;291;492;city88;221;224;city240;359;8;city73
174;city193;128;138;city247;308;329;city279;261;388;city137;401;132;city105;74;86;city135;90;39;city109;401;199;city267;265;257;city57;481;36;city53;158;466;city226;210;313;city259;495;299;city172;81;322;city61;262;349;city111

147;city225;161;481;city104;232;344;city87;346;138;city93;312;131;city124;176;408;city248;29;413;city61;71;390;city170;74;87;city108;338;477;city86

147;city225;161;481;city104;232;344;city87;346;138;city93;312;131;city124;176;408;city248;29;413;city61;71;390;city170;74;87;city108;338;477;city86
169;city139;118;193;city198;10;381;city280;431;466;city180;498;248;city206;195;135;city208;439;64;city237;442;316;city74;173;232;city170;288;449;city154;434;412;city63;457;316;city172;439;4;city88;221;110;city70;347;360;city59;37;175;city60;283;250;city287;100;483;city62
127;city137;254;194;city94;233;116;city216;383;290;city90;107;170;city193;244;107;city56;148;499;city154;472;346;city125;57;311;city296;11;188;city229;108;22;city138;342;257;city89;159;81;city246;404;305;city61;497;188;city254;497;83;city198;195;445;city170;495;460;city244;225;315;city239
165;city107;497;105;city267;138;387;city153;186;239;city180;296;294;city163;321;326;city68;212;444;city200;440;114;city56;221;482;city91;72;230;city179;418;68;city97;297;125;city57


134;city298;410;8129;city238;110;16;city158;59;436;city174;472;153;city175;493;185;city73;312;314;city197;407;482;city201;192;258;city55;192;340;city167;30;193;city56;313;310;city108;316;15;city192
157;city160;305;375;city297;213;340;city275;314;15;city81;41;395;city194;209;76;city216;116;183;city109;107;434;city91;363;340;city137;241;391;city288;156;267;city70;93;307;city259;104;13;city52;452;172;city225;494;15;city90;450;114;city185;285;4;city223;126;175;city195
138;city271;150;94;city129;312;218;city203;389;88;city82;118;185;city136;384;467;city151;313;255;city154;14;288;city292;197;284;city62;189;479;city255;211;213;city213;55;65;city55;50;340;city113
130;city132;242;247;city56;417;417;city158;35;394;city79;11;237;city249;94;431;city260;238;367;city297;49;180;city171;191;358;city97;64;232;city68;107;163;city239;412;175;city177;415;359;city116;112;28;city256;336;283;city218;500;324;city151;265;5;city215;469;438;city101
154;city224;214;181;city278;323;386;city283;402;88;city187
144;city201;481;343;city200;212;355;city111
142;city192;49;461;city195;35;433;city172;308;186;city138;119;156;city253;282;457;city74;378;468;city240;38;366;city87;471;115;city229;169;360;city93;295;334;city60;227;343;city160;425;237;city68;477;149;city162;25;319;city126;284;74;city235;197;159;city146;135;309;city107;410;425;city191;161;31;city71

163;city81;341;417;city170;399;112;city128;188;72;city154;95;306;city68;493;75;city270;489;33;city66;64;256;city195;181;335;city162;417;486;city132;436;314;city143;101;442;city158;254;446;city257;89;333;city174;430;328;city196;189;484;city221

139;city159;347;68;city237;372;126;city64;150;223;city57;379;400;city108;207;83;city122;299;210;city97;69;28;city82;469;59;city118;435;255;city84;246;416;city110;110;155;city282;7;239;city206;320;372;city99;89;397;city191;239;200;city137;224;405;city225
134;city298;410;8129;city238;110;16;city158;59;436;city174;472;153;city175;493;185;city73;312;314;city197;407;482;city201;192;258;city55;192;340;city167;30;193;city56;313;310;city108;316;15;city192
146;city148;242;389;city89;39;181;city88;104;394;city239
167;city240;304;310;city193;494;237;city194;108;411;city156;263;243;city180;16;421;city166;475;131;city288;199;343;city298;121;478;city227;185;426;city117;313;133;city167;384;370;city255;310;97;city118;289;401;city60
130;city132;242;247;city56;417;417;city158;35;394;city79;11;237;city249;94;431;city260;238;367;city297;49;180;city171;191;358;city97;64;232;city68;107;163;city239;412;175;city177;415;359;city116;112;28;city256;336;283;city218;500;324;city151;265;5;city215;469;438;city101
172;city290;486;222;city97;14;73;city79;233;242;city83;341;215;city174;288;424;city212;292;174;city84;386;76;city129;84;328;city188;430;198;city215;408;7;city141;340;189;city293;292;125;city94;297;298;city186;500;466;city101
140;city169;342;255;city194;143;212;city158;218;35;city286;9;256;city196;230;38;city59;167;41;city198;447;458;city96;378;268;city281;400;311;city89;163;407;city245;20;67;city176;130;250;city246;58;372;city128;164;304;city242;78;40;city282;270;282;city225;112;364;city187;253;237;city207
125;city112;433;209;city122;64;112;city179
138;city271;150;94;city129;312;218;city203;389;88;city82;118;185;city136;384;467;city151;313;255;city154;14;288;city292;197;284;city62;189;479;city255;211;213;city213;55;65;city55;50;340;city113
154;city224;214;181;city278;323;386;city283;402;88;city187
163;city81;341;417;city170;399;112;city128;188;72;city154;95;306;city68;493;75;city270;489;33;city66;64;256;city195;181;335;city162;417;486;city132;436;314;city143;101;442;city158;254;446;city257;89;333;city174;430;328;city196;189;484;city221
125;city112;433;209;city122;64;112;city179
133;city234;458;196;city268;245;153;city205;47;475;city219
140;city169;342;255;city194;143;212;city158;218;35;city286;9;256;city196;230;38;city59;167;41;city198;447;458;city96;378;268;city281;400;311;city89;163;407;city245;20;67;city176;130;250;city246;58;372;city128;164;304;city242;78;40;city282;270;282;city225;112;364;city187;253;237;city207
136;city265;478;364;city246;76;389;city120;315;44;city57;388;74;city73;63;380;city111;352;209;city121;197;436;city147;349;210;city194;272;490;city101;266;268;city220;230;448;city260;308;427;city274;117;323;city74;84;353;city55;68;367;city118;378;296;city290;406;220;city287;232;247;city82;237;301;city249
158;city52;369;478;city134;81;174;city80;133;354;city89
158;city52;369;478;city134;81;174;city80;133;354;city89
142;city192;49;461;city195;35;433;city172;308;186;city138;119;156;city253;282;457;city74;378;468;city240;38;366;city87;471;115;city229;169;360;city93;295;334;city60;227;343;city160;425;237;city68;477;149;city162;25;319;city126;284;74;city235;197;159;city146;135;309;city107;410;425;city191;161;31;city71

136;city265;478;364;city246;76;389;city120;315;44;city57;388;74;city73;63;380;city111;352;209;city121;197;436;city147;349;210;city194;272;490;city101;266;268;city220;230;448;city260;308;427;city274;117;323;city74;84;353;city55;68;367;city118;378;296;city290;406;220;city287;232;247;city82;237;301;city249
144;city201;481;343;city200;212;355;city111
151;city53;315;89;city73;53;56;city287;499;347;city201;471;263;city231;7;81;city169;243;125;city114;372;413;city270;424;312;city125;150;226;city271;471;13;city211;198;8;city156;25;191;city228;176;460;city65;174;4;city179;297;216;city88;436;486;city50;337;424;city240;166;73;city139;251;17;city61
174;city193;128;138;city247;308;329;city279;261;388;city137;401;132;city105;74;86;city135;90;39;city109;401;199;city267;265;257;city57;481;36;city53;158;466;city226;210;313;city259;495;299;city172;81;322;city61;262;349;city111
127;city137;254;194;city94;233;116;city216;383;290;city90;107;170;city193;244;107;city56;148;499;city154;472;346;city125;57;311;city296;11;188;city229;108;22;city138;342;257;city89;159;81;city246;404;305;city61;497;188;city254;497;83;city198;195;445;city170;495;460;city244;225;315;city239
156;city170;120;278;city56;456;325;city135;167;202;city141;448;123;city262

128;city278;339;117;city261;31;493;city236;494;219;city223;361;477;city293;133;452;city117
136;city265;478;364;city246;76;389;city120;315;44;city57;388;74;city73;63;380;city111;352;209;city121;197;436;city147;349;210;city194;272;490;city101;266;268;city220;230;448;city260;308;427;city274;117;323;city74;84;353;city55;68;367;city118;378;296;city290;406;220;city287;232;247;city82;237;301;city249
134;city298;410;8129;city238;110;16;city158;59;436;city174;472;153;city175;493;185;city73;312;314;city197;407;482;city201;192;258;city55;192;340;city167;30;193;city56;313;310;city108;316;15;city192
161;city194;267;470;city131;222;307;city241;120;342;city99
166;city99;232;404;city51;267;217;city200;279;245;city297;61;236;city94;148;154;city121;491;380;city204;176;32;city117;197;60;city260;338;309;city224;468;330;city213;475;358;city263;8;142;city245;58;435;city151;462;295;city98;476;358;city220;438;414;city281;345;40;city215;153;360;city193
142;city192;49;461;city195;35;433;city172;308;186;city138;119;156;city253;282;457;city74;378;468;city240;38;366;city87;471;115;city229;169;360;city93;295;334;city60;227;343;city160;425;237;city68;477;149;city162;25;319;city126;284;74;city235;197;159;city146;135;309;city107;410;425;city191;161;31;city71
129;city115;392;185;city140;336;49;city103;491;279;city229;113;315;city51;254;441;city251;324;366;city295;22;239;city237;215;162;city209;45;64;city91;195;92;city132;487;297;city63
140;city169;342;255;city194;143;212;city158;218;35;city286;9;256;city196;230;38;city59;167;41;city198;447;458;city96;378;268;city281;400;311;city89;163;407;city245;20;67;city176;130;250;city246;58;372;city128;164;304;city242;78;40;city282;270;282;city225;112;364;city187;253;237;city207
170;city95;332;266;city119;246;484;city126;240;464;city272;294;28;city164;133;209;city61;210;233;city198;200;219;city264;461;487;city145
141;city135;382;297;city243;438;423;city203;235;447;city115;144;75;city133;153;402;city210;458;304;city161;401;229;city247;192;470;city219;69;57;city70;200;426;city68;389;194;city142;444;454;city187;100;339;city89;231;494;city81;434;163;city222
140;city169;342;255;city194;143;212;city158;218;35;city286;9;256;city196;230;38;city59;167;41;city198;447;458;city96;378;268;city281;400;311;city89;163;407;city245;20;67;city176;130;250;city246;58;372;city128;164;304;city242;78;40;city282;270;282;city225;112;364;city187;253;237;city207
126;city174;27;77;city253;357;29;city92;107;350;city282
138;city271;150;94;city129;312;218;city203;389;88;city82;118;185;city136;384;467;city151;313;255;city154;14;288;city292;197;284;city62;189;479;city255;211;213;city213;55;65;city55;50;340;city113
162;city93;491;290;city72;459;450;city186;249;334;city78;113;74;city230;156;175;city258;34;498;city202;250;467;city80;189;297;city276;245;151;city178;481;295;city266;131;124;city270;404;296;city60;29;157;city267
141;city135;382;297;city243;438;423;city203;235;447;city115;144;75;city133;153;402;city210;458;304;city161;401;229;city247;192;470;city219;69;57;city70;200;426;city68;389;194;city142;444;454;city187;100;339;city89;231;494;city81;434;163;city222
172;city290;486;222;city97;14;73;city79;233;242;city83;341;215;city174;288;424;city212;292;174;city84;386;76;city129;84;328;city188;430;198;city215;408;7;city141;340;189;city293;292;125;city94;297;298;city186;500;466;city101
173;city261;3;276;city125;257;242;city148;163;171;city122;327;467;city96;141;25;city146;300;370;city72;257;469;city193;256;161;city166;490;470;city124;121;250;city246;221;251;city231;67;11;city54
170;city95;332;266;city119;246;484;city126;240;464;city272;294;28;city164;133;209;city61;210;233;city198;200;219;city264;461;487;city145
150;city153;56;15;city288;116;387;city57;263;29;city168;310;103;city162
138;city271;150;94;city129;312;218;city203;389;88;city82;118;185;city136;384;467;city151;313;255;city154;14;288;city292;197;284;city62;189;479;city255;211;213;city213;55;65;city55;50;340;city113
130;city132;242;247;city56;417;417;city158;35;394;city79;11;237;city249;94;431;city260;238;367;city297;49;180;city171;191;358;city97;64;232;city68;107;163;city239;412;175;city177;415;359;city116;112;28;city256;336;283;city218;500;324;city151;265;5;city215;469;438;city101
140;city169;342;255;city194;143;212;city158;218;35;city286;9;256;city196;230;38;city59;167;41;city198;447;458;city96;378;268;city281;400;311;city89;163;407;city245;20;67;city176;130;250;city246;58;372;city128;164;304;city242;78;40;city282;270;282;city225;112;364;city187;253;237;city207
157;city160;305;375;city297;213;340;city275;314;15;city81;41;395;city194;209;76;city216;116;183;city109;107;434;city91;363;340;city137;241;391;city288;156;267;city70;93;307;city259;104;13;city52;452;172;city225;494;15;city90;450;114;city185;285;4;city223;126;175;city195
166;city99;232;404;city51;267;217;city200;279;245;city297;61;236;city94;148;154;city121;491;380;city204;176;32;city117;197;60;city260;338;309;city224;468;330;city213;475;358;city263;8;142;city245;58;435;city151;462;295;city98;476;358;city220;438;414;city281;345;40;city215;153;360;city193
129;city115;392;185;city140;336;49;city103;491;279;city229;113;315;city51;254;441;city251;324;366;city295;22;239;city237;215;162;city209;45;64;city91;195;92;city132;487;297;city63
137;city134;162;320;city105;284;466;city87;160;93;city230;419;13;city81;155;234;city52;99;321;city154;478;51;city249;459;343;city248;397;44;city218;113;405;city53;57;61;city61
154;city224;214;181;city278;323;386;city283;402;88;city187
163;city81;341;417;city170;399;112;city128;188;72;city154;95;306;city68;493;75;city270;489;33;city66;64;256;city195;181;335;city162;417;486;city132;436;314;city143;101;442;city158;254;446;city257;89;333;city174;430;328;city196;189;484;city221
138;city271;150;94;city129;312;218;city203;389;88;city82;118;185;city136;384;467;city151;313;255;city154;14;288;city292;197;284;city62;189;479;city255;211;213;city213;55;65;city55;50;340;city113
152;city268;106;211;city294;250;130;city256;64;418;city68
166;city99;232;404;city51;267;217;city200;279;245;city297;61;236;city94;148;154;city121;491;380;city204;176;32;city117;197;60;city260;338;309;city224;468;330;city213;475;358;city263;8;142;city245;58;435;city151;462;295;city98;476;358;city220;438;414;city281;345;40;city215;153;360;city193
167;city240;304;310;city193;494;237;city194;108;411;city156;263;243;city180;16;421;city166;475;131;city288;199;343;city298;121;478;city227;185;426;city117;313;133;city167;384;370;city255;310;97;city118;289;401;city60
129;city115;392;185;city140;336;49;city103;491;279;city229;113;315;city51;254;441;city251;324;366;city295;22;239;city237;215;162;city209;45;64;city91;195;92;city132;487;297;city63
135;city276;61;430;city159;20;223;city158
152;city268;106;211;city294;250;130;city256;64;418;city68
125;city112;433;209;city122;64;112;city179
157;city160;305;375;city297;213;340;city275;314;15;city81;41;395;city194;209;76;city216;116;183;city109;107;434;city91;363;340;city137;241;391;city288;156;267;city70;93;307;city259;104;13;city52;452;172;city225;494;15;city90;450;114;city185;285;4;city223;126;175;city195
154;city224;214;181;city278;323;386;city283;402;88;city187
130;city132;242;247;city56;417;417;city158;35;394;city79;11;237;city249;94;431;city260;238;367;city297;49;180;city171;191;358;city97;64;232;city68;107;163;city239;412;175;city177;415;359;city116;112;28;city256;336;283;city218;500;324;city151;265;5;city215;469;438;city101
125;city112;433;209;city122;64;112;city179
165;city107;497;105;city267;138;387;city153;186;239;city180;296;294;city163;321;326;city68;212;444;city200;440;114;city56;221;482;city91;72;230;city179;418;68;city97;297;125;city57
144;city201;481;343;city200;212;355;city111
129;city115;392;185;city140;336;49;city103;491;279;city229;113;315;city51;254;441;city251;324;366;city295;22;239;city237;215;162;city209;45;64;city91;195;92;city132;487;297;city63
143;city92;176;355;city273;18;269;city233
172;city290;486;222;city97;14;73;city79;233;242;city83;341;215;city174;288;424;city212;292;174;city84;386;76;city129;84;328;city188;430;198;city215;408;7;city141;340;189;city293;292;125;city94;297;298;city186;500;466;city101
133;city234;458;196;city268;245;153;city205;47;475;city219
136;city265;478;364;city246;76;389;city120;315;44;city57;388;74;city73;63;380;city111;352;209;city121;197;436;city147;349;210;city194;272;490;city101;266;268;city220;230;448;city260;308;427;city274;117;323;city74;84;353;city55;68;367;city118;378;296;city290;406;220;city287;232;247;city82;237;301;city249
145;city132;434;79;city53;26;285;city115;371;187;city143;490;59;city196;79;286;city150;298;45;city52;178;420;city104;2;441;city107;409;12;city282;484;428;city211;253;45;city249;220;324;city205;255;13;city82;485;148;city270;459;351;city186;478;493;city125;275;359;city83;34;27;city263;129;500;city262
173;city261;3;276;city125;257;242;city148;163;171;city122;327;467;city96;141;25;city146;300;370;city72;257;469;city193;256;161;city166;490;470;city124;121;250;city246;221;251;city231;67;11;city54
141;city135;382;297;city243;438;423;city203;235;447;city115;144;75;city133;153;402;city210;458;304;city161;401;229;city247;192;470;city219;69;57;city70;200;426;city68;389;194;city142;444;454;city187;100;339;city89;231;494;city81;434;163;city222
140;city169;342;255;city194;143;212;city158;218;35;city286;9;256;city196;230;38;city59;167;41;city198;447;458;city96;378;268;city281;400;311;city89;163;407;city245;20;67;city176;130;250;city246;58;372;city128;164;304;city242;78;40;city282;270;282;city225;112;364;city187;253;237;city207
130;city132;242;247;city56;417;417;city158;35;394;city79;11;237;city249;94;431;city260;238;367;city297;49;180;city171;191;358;city97;64;232;city68;107;163;city239;412;175;city177;415;359;city116;112;28;city256;336;283;city218;500;324;city151;265;5;city215;469;438;city101
141;city135;382;297;city243;438;423;city203;235;447;city115;144;75;city133;153;402;city210;458;304;city161;401;229;city247;192;470;city219;69;57;city70;200;426;city68;389;194;city142;444;454;city187;100;339;city89;231;494;city81;434;163;city222
168;city244;200;91;city182;168;347;city151;93;332;city291;50;257;city70;290;397;city198;13;303;city208;236;74;city153;328;443;city139;474;284;city187;304;436;city93;377;32;city135;240;403;city52;315;425;city180;62;31;city260;333;185;city162;77;41;city181
153;city254;487;182;city74;86;398;city188;119;414;city92;102;352;city270;199;19;city129;185;407;city228;365;477;city168;250;18;city248;10;406;city89;470;214;city172;487;422;city144;467;128;city164;202;452;city171;404;462;city78;172;21;city276;198;51;city295
171;city50;58;139;city160;94;88;city287;245;147;city181;174;367;city219;283;448;city161
169;city139;118;193;city198;10;381;city280;431;466;city180;498;248;city206;195;135;city208;439;64;city237;442;316;city74;173;232;city170;288;449;city154;434;412;city63;457;316;city172;439;4;city88;221;110;city70;347;360;city59;37;175;city60;283;250;city287;100;483;city62
125;city112;433;209;city122;64;112;city179
166;city99;232;404;city51;267;217;city200;279;245;city297;61;236;city94;148;154;city121;491;380;city204;176;32;city117;197;60;city260;338;309;city224;468;330;city213;475;358;city263;8;142;city245;58;435;city151;462;295;city98;476;358;city220;438;414;city281;345;40;city215;153;360;city193
163;city81;341;417;city170;399;112;city128;188;72;city154;95;306;city68;493;75;city270;489;33;city66;64;256;city195;181;335;city162;417;486;city132;436;314;city143;101;442;city158;254;446;city257;89;333;city174;430;328;city196;189;484;city221
154;city224;214;181;city278;323;386;city283;402;88;city187
138;city271;150;94;city129;312;218;city203;389;88;city82;118;185;city136;384;467;city151;313;255;city154;14;288;city292;197;284;city62;189;479;city255;211;213;city213;55;65;city55;50;340;city113
173;city261;3;276;city125;257;242;city148;163;171;city122;327;467;city96;141;25;city146;300;370;city72;257;469;city193;256;161;city166;490;470;city124;121;250;city246;221;251;city231;67;11;city54
168;city244;200;91;city182;168;347;city151;93;332;city291;50;257;city70;290;397;city198;13;303;city208;236;74;city153;328;443;city139;474;284;city187;304;436;city93;377;32;city135;240;403;city52;315;425;city180;62;31;city260;333;185;city162;77;41;city181
168;city244;200;91;city182;168;347;city151;93;332;city291;50;257;city70;290;397;city198;13;303;city208;236;74;city153;328;443;city139;474;284;city187;304;436;city93;377;32;city135;240;403;city52;315;425;city180;62;31;city260;333;185;city162;77;41;city181
167;city240;304;310;city193;494;237;city194;108;411;city156;263;243;city180;16;421;city166;475;131;city288;199;343;city298;121;478;city227;185;426;city117;313;133;city167;384;370;city255;310;97;city118;289;401;city60
134;city298;410;8129;city238;110;16;city158;59;436;city174;472;153;city175;493;185;city73;312;314;city197;407;482;city201;192;258;city55;192;340;city167;30;193;city56;313;310;city108;316;15;city192
172;city290;486;222;city97;14;73;city79;233;242;city83;341;215;city174;288;424;city212;292;174;city84;386;76;city129;84;328;city188;430;198;city215;408;7;city141;340;189;city293;292;125;city94;297;298;city186;500;466;city101
155;city249;268;310;city61;204;13;city118;291;492;city88;221;224;city240;359;8;city73
144;city201;481;343;city200;212;355;city111
158;city52;369;478;city134;81;174;city80;133;354;city89
155;city249;268;310;city61;204;13;city118;291;492;city88;221;224;city240;359;8;city73
135;city276;61;430;city159;20;223;city158
144;city201;481;343;city200;212;355;city111
135;city276;61;430;city159;20;223;city158
164;city176;480;37;city282;187;363;city281;421;234;city184;400;58;city137;493;237;city112;167;124;city102;98;268;city96;124;226;city53;47;356;city283;183;77;city298;366;367;city219;244;430;city150;23;394;city227;405;205;city177;11;436;city153;178;298;city88;30;141;city129;90;186;city142;413;143;city238
154;city224;214;181;city278;323;386;city283;402;88;city187
138;city271;150;94;city129;312;218;city203;389;88;city82;118;185;city136;384;467;city151;313;255;city154;14;288;city292;197;284;city62;189;479;city255;211;213;city213;55;65;city55;50;340;city113
166;city99;232;404;city51;267;217;city200;279;245;city297;61;236;city94;148;154;city121;491;380;city204;176;32;city117;197;60;city260;338;309;city224;468;330;city213;475;358;city263;8;142;city245;58;435;city151;462;295;city98;476;358;city220;438;414;city281;345;40;city215;153;360;city193
170;city95;332;266;city119;246;484;city126;240;464;city272;294;28;city164;133;209;city61;210;233;city198;200;219;city264;461;487;city145

130;city132;242;247;city56;417;417;city158;35;394;city79;11;237;city249;94;431;city260;238;367;city297;49;180;city171;191;358;city97;64;232;city68;107;163;city239;412;175;city177;415;359;city116;112;28;city256;336;283;city218;500;324;city151;265;5;city215;469;438;city101
125;city112;433;209;city122;64;112;city179
167;city240;304;310;city193;494;237;city194;108;411;city156;263;243;city180;16;421;city166;475;131;city288;199;343;city298;121;478;city227;185;426;city117;313;133;city167;384;370;city255;310;97;city118;289;401;city60
153;city254;487;182;city74;86;398;city188;119;414;city92;102;352;city270;199;19;city129;185;407;city228;365;477;city168;250;18;city248;10;406;city89;470;214;city172;487;422;city144;467;128;city164;202;452;city171;404;462;city78;172;21;city276;198;51;city295
153;city254;487;182;city74;86;398;city188;119;414;city92;102;352;city270;199;19;city129;185;407;city228;365;477;city168;250;18;city248;10;406;city89;470;214;city172;487;422;city144;467;128;city164;202;452;city171;404;462;city78;172;21;city276;198;51;city295
142;city192;49;461;city195;35;433;city172;308;186;city138;119;156;city253;282;457;city74;378;468;city240;38;366;city87;471;115;city229;169;360;city93;295;334;city60;227;343;city160;425;237;city68;477;149;city162;25;319;city126;284;74;city235;197;159;city146;135;309;city107;410;425;city191;161;31;city71
147;city225;161;481;city104;232;344;city87;346;138;city93;312;131;city124;176;408;city248;29;413;city61;71;390;city170;74;87;city108;338;477;city86
161;city194;267;470;city131;222;307;city241;120;342;city99
166;city99;232;404;city51;267;217;city200;279;245;city297;61;236;city94;148;154;city121;491;380;city204;176;32;city117;197;60;city260;338;309;city224;468;330;city213;475;358;city263;8;142;city245;58;435;city151;462;295;city98;476;358;city220;438;414;city281;345;40;city215;153;360;city193
146;city148;242;389;city89;39;181;city88;104;394;city239
133;city234;458;196;city268;245;153;city205;47;475;city219
174;city193;128;138;city247;308;329;city279;261;388;city137;401;132;city105;74;86;city135;90;39;city109;401;199;city267;265;257;city57;481;36;city53;158;466;city226;210;313;city259;495;299;city172;81;322;city61;262;349;city111
173;city261;3;276;city125;257;242;city148;163;171;city122;327;467;city96;141;25;city146;300;370;city72;257;469;city193;256;161;city166;490;470;city124;121;250;city246;221;251;city231;67;11;city54
138;city271;150;94;city129;312;218;city203;389;88;city82;118;185;city136;384;467;city151;313;255;city154;14;288;city292;197;284;city62;189;479;city255;211;213;city213;55;65;city55;50;340;city113
172;city290;486;222;city97;14;73;city79;233;242;city83;341;215;city174;288;424;city212;292;174;city84;386;76;city129;84;328;city188;430;198;city215;408;7;city141;340;189;city293;292;125;city94;297;298;city186;500;466;city101
144;city201;481;343;city200;212;355;city111
173;city261;3;276;city125;257;242;city148;163;171;city122;327;467;city96;141;25;city146;300;370;city72;257;469;city193;256;161;city166;490;470;city124;121;250;city246;221;251;city231;67;11;city54
126;city174;27;77;city253;357;29;city92;107;350;city282
147;city225;161;481;city104;232;344;city87;346;138;city93;312;131;city124;176;408;city248;29;413;city61;71;390;city170;74;87;city108;338;477;city86
139;city159;347;68;city237;372;126;city64;150;223;city57;379;400;city108;207;83;city122;299;210;city97;69;28;city82;469;59;city118;435;255;city84;246;416;city110;110;155;city282;7;239;city206;320;372;city99;89;397;city191;239;200;city137;224;405;city225
170;city95;332;266;city119;246;484;city126;240;464;city272;294;28;city164;133;209;city61;210;233;city198;200;219;city264;461;487;city145
164;city176;480;37;city282;187;363;city281;421;234;city184;400;58;city137;493;237;city112;167;124;city102;98;268;city96;124;226;city53;47;356;city283;183;77;city298;366;367;city219;244;430;city150;23;394;city227;405;205;city177;11;436;city153;178;298;city88;30;141;city129;90;186;city142;413;143;city238
144;city201;481;343;city200;212;355;city111
163;city81;341;417;city170;399;112;city128;188;72;city154;95;306;city68;493;75;city270;489;33;city66;64;256;city195;181;335;city162;417;486;city132;436;314;city143;101;442;city158;254;446;city257;89;333;city174;430;328;city196;189;484;city221
133;city234;458;196;city268;245;153;city205;47;475;city219
131;city209;90;170;city93;157;473;city121;197;274;city146;179;3631;city267;359;79;city129;355;270;city166;469;204;city287;129;118;city131;466;174;city68;97;2189;city58;317;459;city91;138;329;city168
172;city290;486;222;city97;14;73;city79;233;242;city83;341;215;city174;288;424;city212;292;174;city84;386;76;city129;84;328;city188;430;198;city215;408;7;city141;340;189;city293;292;125;city94;297;298;city186;500;466;city101
153;city254;487;182;city74;86;398;city188;119;414;city92;102;352;city270;199;19;city129;185;407;city228;365;477;city168;250;18;city248;10;406;city89;470;214;city172;487;422;city144;467;128;city164;202;452;city171;404;462;city78;172;21;city276;198;51;city295
138;city271;150;94;city129;312;218;city203;389;88;city82;118;185;city136;384;467;city151;313;255;city154;14;288;city292;197;284;city62;189;479;city255;211;213;city213;55;65;city55;50;340;city113
128;city278;339;117;city261;31;493;city236;494;219;city223;361;477;city293;133;452;city117
