












161;city269;188;45;city118;330;169;city134;286;478;city89;217;441;city86;26;382;city110;351;307;city137;443;450;city197



163;city242;128;487;city232








149;city236;416;409;city155;84;211;city142;54;10;city246;16;305;city78;491;472;city133;306;164;city70;216;134;city169;30;74;city200;170;247;city168;378;362;city227;46;320;city104;292;224;city159;326;354;city116;29;343;city224






129;city71;403;381;city81;489;61;city136;455;133;city149;259;209;city120;272;487;city158;228;270;city288;306;153;city262;148;415;city242;453;333;city72;126;408;city215;299;295;city266;420;396;city133;130;454;city117;468;300;city269;97;378;city257;128;4;city57
165;city275;464;454;city142;70;285;city124;408;57;city256;118;380;city125
165;city275;464;454;city142;70;285;city124;408;57;city256;118;380;city125

137;city54;455;269;city73;486;466;city224;332;96;city141;38;443;city84;149;410;city113;344;467;city251;339;290;city61;378;197;city98;223;219;city284;433;188;city275;486;121;city129;95;29;city97;267;456;city94;382;212;city102;393;294;city169;24;126;city286;366;4;city177;138;297;city223
152;city122;438;206;city206;79;467;city197;5;408;city131;415;350;city58;156;498;city162;47;145;city245;425;285;city84;392;168;city72;290;439;city289;454;396;city145
126;city82;187;111;city284;166;423;city104;169;207;city162;93;386;city156;251;337;city64;466;486;city174;149;204;city116;419;127;city177;473;240;city186;46;402;city277;206;104;city73
132;city264;374;150;city240;116;234;city288;97;184;city156;196;383;city236;326;110;city105;263;301;city173;366;55;city295;259;79;city89
164;city166;335;358;city65;310;382;city146;301;157;city288;227;176;city295;284;285;city151;336;18;city271;185;124;city144;265;487;city158;311;206;city78;203;449;city297;312;415;city229;400;61;city106;25;84;city299;84;271;city203;438;95;city226;182;479;city187

171;city151;263;128;city142;82;397;city200;309;441;city119

141;city127;296;397;city272;80;390;city214;133;147;city275;190;135;city223;410;384;city106;238;262;city58

142;city170;265;483;city208;450;389;city139;159;395;city118;445;374;city187;252;381;city122;304;309;city199;202;391;city290;389;204;city246;418;43;city202;464;391;city229;499;426;city260;101;84;city177;439;374;city51;40;307;city278;124;157;city181;407;7;city236;270;16;city174;106;350;city186;23;350;city80


134;city187;346;90;city146;331;442;city114;349;52;city214;161;69;city73;306;365;city251

140;city145;316;35;city141;437;297;city104;343;267;city196;464;108;city118;461;282;city190;94;342;city271;138;440;city84;196;308;city116;231;68;city164;52;427;city135;426;206;city161;423;79;city239;266;191;city79

133;city179;379;431;city121;320;433;city136;271;354;city281;82;489;city190;327;425;city68;195;197;city234;422;72;city150;487;298;city106;324;439;city129;148;269;city173;405;43;city230;390;298;city115;102;318;city52;13;429;city215;349;426;city183;478;458;city279
165;city275;464;454;city142;70;285;city124;408;57;city256;118;380;city125
128;city158;176;46;city223;472;405;city201;209;375;city275;429;36;city146;216;183;city243;401;439;city129;302;109;city105;26;268;city69;29;301;city267;96;487;city184;361;233;city77;340;323;city214;194;129;city194;83;393;city116;199;122;city91;243;153;city196
171;city151;263;128;city142;82;397;city200;309;441;city119
174;city236;72;499;city197;50;498;city57;319;185;city158;471;3;city257;308;460;city65;491;83;city111;383;105;city154;274;99;city129;77;234;city164;253;494;city92;5;111;city78



174;city236;72;499;city197;50;498;city57;319;185;city158;471;3;city257;308;460;city65;491;83;city111;383;105;city154;274;99;city129;77;234;city164;253;494;city92;5;111;city78
137;city54;455;269;city73;486;466;city224;332;96;city141;38;443;city84;149;410;city113;344;467;city251;339;290;city61;378;197;city98;223;219;city284;433;188;city275;486;121;city129;95;29;city97;267;456;city94;382;212;city102;393;294;city169;24;126;city286;366;4;city177;138;297;city223
163;city242;128;487;city232
125;city277;315;29;city114;306;443;city126;311;12;city143;96;103;city253;101;374;city170;156;389;city91;52;314;city246;364;316;city195;374;449;city151;352;35;city251;287;203;city292;202;168;city141;59;499;city121
157;city244;187;403;city273;329;106;city272



164;city166;335;358;city65;310;382;city146;301;157;city288;227;176;city295;284;285;city151;336;18;city271;185;124;city144;265;487;city158;311;206;city78;203;449;city297;312;415;city229;400;61;city106;25;84;city299;84;271;city203;438;95;city226;182;479;city187
130;city279;340;335;city196;389;113;city140
140;city145;316;35;city141;437;297;city104;343;267;city196;464;108;city118;461;282;city190;94;342;city271;138;440;city84;196;308;city116;231;68;city164;52;427;city135;426;206;city161;423;79;city239;266;191;city79

151;city66;220;435;city174

130;city279;340;335;city196;389;113;city140
149;city236;416;409;city155;84;211;city142;54;10;city246;16;305;city78;491;472;city133;306;164;city70;216;134;city169;30;74;city200;170;247;city168;378;362;city227;46;320;city104;292;224;city159;326;354;city116;29;343;city224
168;city62;183;32;city236;270;165;city69;190;116;city194;327;127;city65;367;113;city176;253;36;city196;342;359;city234;256;429;city161;439;381;city85;281;170;city146



142;city170;265;483;city208;450;389;city139;159;395;city118;445;374;city187;252;381;city122;304;309;city199;202;391;city290;389;204;city246;418;43;city202;464;391;city229;499;426;city260;101;84;city177;439;374;city51;40;307;city278;124;157;city181;407;7;city236;270;16;city174;106;350;city186;23;350;city80

126;city82;187;111;city284;166;423;city104;169;207;city162;93;386;city156;251;337;city64;466;486;city174;149;204;city116;419;127;city177;473;240;city186;46;402;city277;206;104;city73
136;city64;220;445;city56;291;132;city223;86;358;city266;274;413;city246;458;127;city55;431;38;city50
157;city244;187;403;city273;329;106;city272
125;city277;315;29;city114;306;443;city126;311;12;city143;96;103;city253;101;374;city170;156;389;city91;52;314;city246;364;316;city195;374;449;city151;352;35;city251;287;203;city292;202;168;city141;59;499;city121
174;city236;72;499;city197;50;498;city57;319;185;city158;471;3;city257;308;460;city65;491;83;city111;383;105;city154;274;99;city129;77;234;city164;253;494;city92;5;111;city78
152;city122;438;206;city206;79;467;city197;5;408;city131;415;350;city58;156;498;city162;47;145;city245;425;285;city84;392;168;city72;290;439;city289;454;396;city145
147;city159;281;55;city111;252;425;city129;459;341;city251;477;79;city96;8;398;city248;378;100;city234;179;268;city108;256;417;city161;375;175;city130;453;468;city235;431;478;city224;360;193;city92;419;196;city98;243;333;city53;474;91;city55;146;53;city215;210;13;city146
166;city117;275;184;city110;194;499;city205;467;437;city225;196;202;city273;269;215;city69;159;367;city93
160;city209;301;259;city125;251;406;city96;289;142;city188;434;49;city182;119;386;city286;318;297;city228

168;city62;183;32;city236;270;165;city69;190;116;city194;327;127;city65;367;113;city176;253;36;city196;342;359;city234;256;429;city161;439;381;city85;281;170;city146
144;city153;259;300;city121;56;401;city72;361;199;city177;245;54;city208;450;355;city292;491;489;city246
132;city264;374;150;city240;116;234;city288;97;184;city156;196;383;city236;326;110;city105;263;301;city173;366;55;city295;259;79;city89
155;city264;242;482;city234;202;472;city96;463;345;city134;73;127;city226;295;188;city240;21;149;city61;205;309;city167;67;118;city295;405;335;city249;305;37;city123;202;310;city280;396;57;city279;84;455;city95
164;city166;335;358;city65;310;382;city146;301;157;city288;227;176;city295;284;285;city151;336;18;city271;185;124;city144;265;487;city158;311;206;city78;203;449;city297;312;415;city229;400;61;city106;25;84;city299;84;271;city203;438;95;city226;182;479;city187
173;city214;430;384;city130;213;460;city171;458;134;city162;331;488;city67;358;60;city183;395;416;city272;198;158;city191;148;384;city240;77;387;city154;440;444;city83;370;451;city70;137;98;city135;63;288;city120;79;236;city248;359;325;city257;329;215;city127;199;440;city243;58;174;city212
166;city117;275;184;city110;194;499;city205;467;437;city225;196;202;city273;269;215;city69;159;367;city93

141;city127;296;397;city272;80;390;city214;133;147;city275;190;135;city223;410;384;city106;238;262;city58
134;city187;346;90;city146;331;442;city114;349;52;city214;161;69;city73;306;365;city251
170;city244;448;262;city127;52;239;city80;11;97;city268;179;460;city194

136;city64;220;445;city56;291;132;city223;86;358;city266;274;413;city246;458;127;city55;431;38;city50



164;city166;335;358;city65;310;382;city146;301;157;city288;227;176;city295;284;285;city151;336;18;city271;185;124;city144;265;487;city158;311;206;city78;203;449;city297;312;415;city229;400;61;city106;25;84;city299;84;271;city203;438;95;city226;182;479;city187
156;city141;152;278;city191;337;234;city297;257;31;city276;79;236;city97;119;141;city167;440;264;city212;322;42;city133;283;70;city109;318;75;city296;231;232;city272;125;27;city293;212;491;city126;209;445;city91;464;496;city175;187;458;city204;50;281;city172;150;279;city152
147;city159;281;55;city111;252;425;city129;459;341;city251;477;79;city96;8;398;city248;378;100;city234;179;268;city108;256;417;city161;375;175;city130;453;468;city235;431;478;city224;360;193;city92;419;196;city98;243;333;city53;474;91;city55;146;53;city215;210;13;city146
156;city141;152;278;city191;337;234;city297;257;31;city276;79;236;city97;119;141;city167;440;264;city212;322;42;city133;283;70;city109;318;75;city296;231;232;city272;125;27;city293;212;491;city126;209;445;city91;464;496;city175;187;458;city204;50;281;city172;150;279;city152
160;city209;301;259;city125;251;406;city96;289;142;city188;434;49;city182;119;386;city286;318;297;city228
129;city71;403;381;city81;489;61;city136;455;133;city149;259;209;city120;272;487;city158;228;270;city288;306;153;city262;148;415;city242;453;333;city72;126;408;city215;299;295;city266;420;396;city133;130;454;city117;468;300;city269;97;378;city257;128;4;city57
174;city236;72;499;city197;50;498;city57;319;185;city158;471;3;city257;308;460;city65;491;83;city111;383;105;city154;274;99;city129;77;234;city164;253;494;city92;5;111;city78
142;city170;265;483;city208;450;389;city139;159;395;city118;445;374;city187;252;381;city122;304;309;city199;202;391;city290;389;204;city246;418;43;city202;464;391;city229;499;426;city260;101;84;city177;439;374;city51;40;307;city278;124;157;city181;407;7;city236;270;16;city174;106;350;city186;23;350;city80
137;city54;455;269;city73;486;466;city224;332;96;city141;38;443;city84;149;410;city113;344;467;city251;339;290;city61;378;197;city98;223;219;city284;433;188;city275;486;121;city129;95;29;city97;267;456;city94;382;212;city102;393;294;city169;24;126;city286;366;4;city177;138;297;city223

164;city166;335;358;city65;310;382;city146;301;157;city288;227;176;city295;284;285;city151;336;18;city271;185;124;city144;265;487;city158;311;206;city78;203;449;city297;312;415;city229;400;61;city106;25;84;city299;84;271;city203;438;95;city226;182;479;city187
168;city62;183;32;city236;270;165;city69;190;116;city194;327;127;city65;367;113;city176;253;36;city196;342;359;city234;256;429;city161;439;381;city85;281;170;city146
144;city153;259;300;city121;56;401;city72;361;199;city177;245;54;city208;450;355;city292;491;489;city246
145;city174;260;269;city251;173;328;city187;109;238;city263;78;113;city178;66;54;city119;82;129;city81;287;392;city134;132;63;city201
171;city151;263;128;city142;82;397;city200;309;441;city119
160;city209;301;259;city125;251;406;city96;289;142;city188;434;49;city182;119;386;city286;318;297;city228
140;city145;316;35;city141;437;297;city104;343;267;city196;464;108;city118;461;282;city190;94;342;city271;138;440;city84;196;308;city116;231;68;city164;52;427;city135;426;206;city161;423;79;city239;266;191;city79
135;city279;153;145;city281;44;167;city262;309;273;city173;482;268;city217;219;334;city283;254;87;city136;298;57;city272;451;356;city260;139;465;city242;284;351;city104;259;381;city238;301;69;city182;276;442;city59;331;399;city227;295;60;city185;101;360;city204;127;72;city124;161;387;city245;213;242;city199
135;city279;153;145;city281;44;167;city262;309;273;city173;482;268;city217;219;334;city283;254;87;city136;298;57;city272;451;356;city260;139;465;city242;284;351;city104;259;381;city238;301;69;city182;276;442;city59;331;399;city227;295;60;city185;101;360;city204;127;72;city124;161;387;city245;213;242;city199
144;city153;259;300;city121;56;401;city72;361;199;city177;245;54;city208;450;355;city292;491;489;city246

167;city107;285;194;city115;155;30;city201;51;159;city236;477;230;city97;234;43;city139;283;98;city91;200;434;city269;472;224;city207;178;468;city203;473;3440;city196;482;428;city204;357;388;city280;394;285;city161;191;291;city244;130;438;city262;6;71;city114;293;405;city165;193;163;city135
141;city127;296;397;city272;80;390;city214;133;147;city275;190;135;city223;410;384;city106;238;262;city58
165;city275;464;454;city142;70;285;city124;408;57;city256;118;380;city125
128;city158;176;46;city223;472;405;city201;209;375;city275;429;36;city146;216;183;city243;401;439;city129;302;109;city105;26;268;city69;29;301;city267;96;487;city184;361;233;city77;340;323;city214;194;129;city194;83;393;city116;199;122;city91;243;153;city196
149;city236;416;409;city155;84;211;city142;54;10;city246;16;305;city78;491;472;city133;306;164;city70;216;134;city169;30;74;city200;170;247;city168;378;362;city227;46;320;city104;292;224;city159;326;354;city116;29;343;city224
152;city122;438;206;city206;79;467;city197;5;408;city131;415;350;city58;156;498;city162;47;145;city245;425;285;city84;392;168;city72;290;439;city289;454;396;city145

165;city275;464;454;city142;70;285;city124;408;57;city256;118;380;city125
171;city151;263;128;city142;82;397;city200;309;441;city119
160;city209;301;259;city125;251;406;city96;289;142;city188;434;49;city182;119;386;city286;318;297;city228
166;city117;275;184;city110;194;499;city205;467;437;city225;196;202;city273;269;215;city69;159;367;city93

154;city296;127;76;city245;137;183;city50;422;476;city99;366;2;city182;81;206;city276;125;311;city114;397;241;city71;14;114;city224;62;232;city158;178;71;city56;225;419;city291;282;394;city101;180;2998;city64;245;51;city67;64;86;city218
154;city296;127;76;city245;137;183;city50;422;476;city99;366;2;city182;81;206;city276;125;311;city114;397;241;city71;14;114;city224;62;232;city158;178;71;city56;225;419;city291;282;394;city101;180;2998;city64;245;51;city67;64;86;city218

152;city122;438;206;city206;79;467;city197;5;408;city131;415;350;city58;156;498;city162;47;145;city245;425;285;city84;392;168;city72;290;439;city289;454;396;city145
161;city269;188;45;city118;330;169;city134;286;478;city89;217;441;city86;26;382;city110;351;307;city137;443;450;city197
173;city214;430;384;city130;213;460;city171;458;134;city162;331;488;city67;358;60;city183;395;416;city272;198;158;city191;148;384;city240;77;387;city154;440;444;city83;370;451;city70;137;98;city135;63;288;city120;79;236;city248;359;325;city257;329;215;city127;199;440;city243;58;174;city212
141;city127;296;397;city272;80;390;city214;133;147;city275;190;135;city223;410;384;city106;238;262;city58

170;city244;448;262;city127;52;239;city80;11;97;city268;179;460;city194
126;city82;187;111;city284;166;423;city104;169;207;city162;93;386;city156;251;337;city64;466;486;city174;149;204;city116;419;127;city177;473;240;city186;46;402;city277;206;104;city73



168;city62;183;32;city236;270;165;city69;190;116;city194;327;127;city65;367;113;city176;253;36;city196;342;359;city234;256;429;city161;439;381;city85;281;170;city146

134;city187;346;90;city146;331;442;city114;349;52;city214;161;69;city73;306;365;city251
173;city214;430;384;city130;213;460;city171;458;134;city162;331;488;city67;358;60;city183;395;416;city272;198;158;city191;148;384;city240;77;387;city154;440;444;city83;370;451;city70;137;98;city135;63;288;city120;79;236;city248;359;325;city257;329;215;city127;199;440;city243;58;174;city212
152;city122;438;206;city206;79;467;city197;5;408;city131;415;350;city58;156;498;city162;47;145;city245;425;285;city84;392;168;city72;290;439;city289;454;396;city145
130;city279;340;335;city196;389;113;city140
161;city269;188;45;city118;330;169;city134;286;478;city89;217;441;city86;26;382;city110;351;307;city137;443;450;city197
159;city131;428;428;city142;272;375;city235;226;124;city203;95;412;city98;40;24;city196;336;140;city276;348;308;city93;339;202;city220;59;68;city172;123;493;city97;320;207;city50;277;349;city144
162;city52;13;310;city256;364;220;city89;283;244;city164;67;376;city209;146;71;city122;265;459;city290
136;city64;220;445;city56;291;132;city223;86;358;city266;274;413;city246;458;127;city55;431;38;city50
133;city179;379;431;city121;320;433;city136;271;354;city281;82;489;city190;327;425;city68;195;197;city234;422;72;city150;487;298;city106;324;439;city129;148;269;city173;405;43;city230;390;298;city115;102;318;city52;13;429;city215;349;426;city183;478;458;city279
128;city158;176;46;city223;472;405;city201;209;375;city275;429;36;city146;216;183;city243;401;439;city129;302;109;city105;26;268;city69;29;301;city267;96;487;city184;361;233;city77;340;323;city214;194;129;city194;83;393;city116;199;122;city91;243;153;city196
157;city244;187;403;city273;329;106;city272
143;city90;94;114;city265;361;498;city62;286;493;city297;355;198;city123;447;444;city291;238;140;city191;498;479;city220
158;city294;356;87;city57;47;258;city241;389;207;city138;144;110;city139;118;149;city192;251;253;city142;246;430;city64;433;427;city51;17;402;city274;347;419;city216;297;109;city118;371;299;city228;170;311;city199;204;344;city154;96;484;city187;115;231;city190;51;99;city173;325;462;city276
141;city127;296;397;city272;80;390;city214;133;147;city275;190;135;city223;410;384;city106;238;262;city58

159;city131;428;428;city142;272;375;city235;226;124;city203;95;412;city98;40;24;city196;336;140;city276;348;308;city93;339;202;city220;59;68;city172;123;493;city97;320;207;city50;277;349;city144
143;city90;94;114;city265;361;498;city62;286;493;city297;355;198;city123;447;444;city291;238;140;city191;498;479;city220
160;city209;301;259;city125;251;406;city96;289;142;city188;434;49;city182;119;386;city286;318;297;city228
164;city166;335;358;city65;310;382;city146;301;157;city288;227;176;city295;284;285;city151;336;18;city271;185;124;city144;265;487;city158;311;206;city78;203;449;city297;312;415;city229;400;61;city106;25;84;city299;84;271;city203;438;95;city226;182;479;city187
125;city277;315;29;city114;306;443;city126;311;12;city143;96;103;city253;101;374;city170;156;389;city91;52;314;city246;364;316;city195;374;449;city151;352;35;city251;287;203;city292;202;168;city141;59;499;city121
145;city174;260;269;city251;173;328;city187;109;238;city263;78;113;city178;66;54;city119;82;129;city81;287;392;city134;132;63;city201
171;city151;263;128;city142;82;397;city200;309;441;city119
148;city103;460;396;city151;326;370;city245;64;366;city127;227;289;city116;316;178;city251;209;192;city206;327;169;city243;126;267;city221;249;400;city263;166;59;city164;428;210;city177;391;449;city106;11;348;city136
134;city187;346;90;city146;331;442;city114;349;52;city214;161;69;city73;306;365;city251
156;city141;152;278;city191;337;234;city297;257;31;city276;79;236;city97;119;141;city167;440;264;city212;322;42;city133;283;70;city109;318;75;city296;231;232;city272;125;27;city293;212;491;city126;209;445;city91;464;496;city175;187;458;city204;50;281;city172;150;279;city152

152;city122;438;206;city206;79;467;city197;5;408;city131;415;350;city58;156;498;city162;47;145;city245;425;285;city84;392;168;city72;290;439;city289;454;396;city145
169;city124;368;454;city93;69;20;city161;485;431;city199;307;478;city139;342;199;city142;489;309;city133;347;402;city243
153;city55;291;310;city260;114;302;city245;72;333;city153;185;268;city298;329;261;city215;426;165;city123;387;143;city217;295;223;city106;243;51;city240;400;19;city159
173;city214;430;384;city130;213;460;city171;458;134;city162;331;488;city67;358;60;city183;395;416;city272;198;158;city191;148;384;city240;77;387;city154;440;444;city83;370;451;city70;137;98;city135;63;288;city120;79;236;city248;359;325;city257;329;215;city127;199;440;city243;58;174;city212
133;city179;379;431;city121;320;433;city136;271;354;city281;82;489;city190;327;425;city68;195;197;city234;422;72;city150;487;298;city106;324;439;city129;148;269;city173;405;43;city230;390;298;city115;102;318;city52;13;429;city215;349;426;city183;478;458;city279
129;city71;403;381;city81;489;61;city136;455;133;city149;259;209;city120;272;487;city158;228;270;city288;306;153;city262;148;415;city242;453;333;city72;126;408;city215;299;295;city266;420;396;city133;130;454;city117;468;300;city269;97;378;city257;128;4;city57

148;city103;460;396;city151;326;370;city245;64;366;city127;227;289;city116;316;178;city251;209;192;city206;327;169;city243;126;267;city221;249;400;city263;166;59;city164;428;210;city177;391;449;city106;11;348;city136
146;city278;191;132;city66;321;420;city148;242;50;city62;446;263;city223;303;164;city100;301;460;city116
163;city242;128;487;city232
150;city254;495;414;city95;348;25;city248;190;8;city150;105;105;city74;70;50;city64;46;497;city223;435;24;city247;87;276;city69;329;297;city220;330;384;city129;181;241;city132;395;403;city236;309;64;city147;351;17;city225;10;103;city224
157;city244;187;403;city273;329;106;city272
149;city236;416;409;city155;84;211;city142;54;10;city246;16;305;city78;491;472;city133;306;164;city70;216;134;city169;30;74;city200;170;247;city168;378;362;city227;46;320;city104;292;224;city159;326;354;city116;29;343;city224
130;city279;340;335;city196;389;113;city140
126;city82;187;111;city284;166;423;city104;169;207;city162;93;386;city156;251;337;city64;466;486;city174;149;204;city116;419;127;city177;473;240;city186;46;402;city277;206;104;city73
130;city279;340;335;city196;389;113;city140
163;city242;128;487;city232
146;city278;191;132;city66;321;420;city148;242;50;city62;446;263;city223;303;164;city100;301;460;city116
155;city264;242;482;city234;202;472;city96;463;345;city134;73;127;city226;295;188;city240;21;149;city61;205;309;city167;67;118;city295;405;335;city249;305;37;city123;202;310;city280;396;57;city279;84;455;city95
128;city158;176;46;city223;472;405;city201;209;375;city275;429;36;city146;216;183;city243;401;439;city129;302;109;city105;26;268;city69;29;301;city267;96;487;city184;361;233;city77;340;323;city214;194;129;city194;83;393;city116;199;122;city91;243;153;city196
155;city264;242;482;city234;202;472;city96;463;345;city134;73;127;city226;295;188;city240;21;149;city61;205;309;city167;67;118;city295;405;335;city249;305;37;city123;202;310;city280;396;57;city279;84;455;city95
145;city174;260;269;city251;173;328;city187;109;238;city263;78;113;city178;66;54;city119;82;129;city81;287;392;city134;132;63;city201
150;city254;495;414;city95;348;25;city248;190;8;city150;105;105;city74;70;50;city64;46;497;city223;435;24;city247;87;276;city69;329;297;city220;330;384;city129;181;241;city132;395;403;city236;309;64;city147;351;17;city225;10;103;city224
134;city187;346;90;city146;331;442;city114;349;52;city214;161;69;city73;306;365;city251
154;city296;127;76;city245;137;183;city50;422;476;city99;366;2;city182;81;206;city276;125;311;city114;397;241;city71;14;114;city224;62;232;city158;178;71;city56;225;419;city291;282;394;city101;180;2998;city64;245;51;city67;64;86;city218
133;city179;379;431;city121;320;433;city136;271;354;city281;82;489;city190;327;425;city68;195;197;city234;422;72;city150;487;298;city106;324;439;city129;148;269;city173;405;43;city230;390;298;city115;102;318;city52;13;429;city215;349;426;city183;478;458;city279
135;city279;153;145;city281;44;167;city262;309;273;city173;482;268;city217;219;334;city283;254;87;city136;298;57;city272;451;356;city260;139;465;city242;284;351;city104;259;381;city238;301;69;city182;276;442;city59;331;399;city227;295;60;city185;101;360;city204;127;72;city124;161;387;city245;213;242;city199
154;city296;127;76;city245;137;183;city50;422;476;city99;366;2;city182;81;206;city276;125;311;city114;397;241;city71;14;114;city224;62;232;city158;178;71;city56;225;419;city291;282;394;city101;180;2998;city64;245;51;city67;64;86;city218
136;city64;220;445;city56;291;132;city223;86;358;city266;274;413;city246;458;127;city55;431;38;city50
141;city127;296;397;city272;80;390;city214;133;147;city275;190;135;city223;410;384;city106;238;262;city58
173;city214;430;384;city130;213;460;city171;458;134;city162;331;488;city67;358;60;city183;395;416;city272;198;158;city191;148;384;city240;77;387;city154;440;444;city83;370;451;city70;137;98;city135;63;288;city120;79;236;city248;359;325;city257;329;215;city127;199;440;city243;58;174;city212
148;city103;460;396;city151;326;370;city245;64;366;city127;227;289;city116;316;178;city251;209;192;city206;327;169;city243;126;267;city221;249;400;city263;166;59;city164;428;210;city177;391;449;city106;11;348;city136

157;city244;187;403;city273;329;106;city272
167;city107;285;194;city115;155;30;city201;51;159;city236;477;230;city97;234;43;city139;283;98;city91;200;434;city269;472;224;city207;178;468;city203;473;3440;city196;482;428;city204;357;388;city280;394;285;city161;191;291;city244;130;438;city262;6;71;city114;293;405;city165;193;163;city135
172;city251;478;11;city260;132;482;city50;292;390;city217;34;471;city298;247;32;city148;302;17;city277;364;368;city206;395;102;city52
164;city166;335;358;city65;310;382;city146;301;157;city288;227;176;city295;284;285;city151;336;18;city271;185;124;city144;265;487;city158;311;206;city78;203;449;city297;312;415;city229;400;61;city106;25;84;city299;84;271;city203;438;95;city226;182;479;city187
130;city279;340;335;city196;389;113;city140
125;city277;315;29;city114;306;443;city126;311;12;city143;96;103;city253;101;374;city170;156;389;city91;52;314;city246;364;316;city195;374;449;city151;352;35;city251;287;203;city292;202;168;city141;59;499;city121
173;city214;430;384;city130;213;460;city171;458;134;city162;331;488;city67;358;60;city183;395;416;city272;198;158;city191;148;384;city240;77;387;city154;440;444;city83;370;451;city70;137;98;city135;63;288;city120;79;236;city248;359;325;city257;329;215;city127;199;440;city243;58;174;city212
149;city236;416;409;city155;84;211;city142;54;10;city246;16;305;city78;491;472;city133;306;164;city70;216;134;city169;30;74;city200;170;247;city168;378;362;city227;46;320;city104;292;224;city159;326;354;city116;29;343;city224
130;city279;340;335;city196;389;113;city140
146;city278;191;132;city66;321;420;city148;242;50;city62;446;263;city223;303;164;city100;301;460;city116
173;city214;430;384;city130;213;460;city171;458;134;city162;331;488;city67;358;60;city183;395;416;city272;198;158;city191;148;384;city240;77;387;city154;440;444;city83;370;451;city70;137;98;city135;63;288;city120;79;236;city248;359;325;city257;329;215;city127;199;440;city243;58;174;city212
171;city151;263;128;city142;82;397;city200;309;441;city119
140;city145;316;35;city141;437;297;city104;343;267;city196;464;108;city118;461;282;city190;94;342;city271;138;440;city84;196;308;city116;231;68;city164;52;427;city135;426;206;city161;423;79;city239;266;191;city79
167;city107;285;194;city115;155;30;city201;51;159;city236;477;230;city97;234;43;city139;283;98;city91;200;434;city269;472;224;city207;178;468;city203;473;3440;city196;482;428;city204;357;388;city280;394;285;city161;191;291;city244;130;438;city262;6;71;city114;293;405;city165;193;163;city135
168;city62;183;32;city236;270;165;city69;190;116;city194;327;127;city65;367;113;city176;253;36;city196;342;359;city234;256;429;city161;439;381;city85;281;170;city146
142;city170;265;483;city208;450;389;city139;159;395;city118;445;374;city187;252;381;city122;304;309;city199;202;391;city290;389;204;city246;418;43;city202;464;391;city229;499;426;city260;101;84;city177;439;374;city51;40;307;city278;124;157;city181;407;7;city236;270;16;city174;106;350;city186;23;350;city80
160;city209;301;259;city125;251;406;city96;289;142;city188;434;49;city182;119;386;city286;318;297;city228

173;city214;430;384;city130;213;460;city171;458;134;city162;331;488;city67;358;60;city183;395;416;city272;198;158;city191;148;384;city240;77;387;city154;440;444;city83;370;451;city70;137;98;city135;63;288;city120;79;236;city248;359;325;city257;329;215;city127;199;440;city243;58;174;city212
168;city62;183;32;city236;270;165;city69;190;116;city194;327;127;city65;367;113;city176;253;36;city196;342;359;city234;256;429;city161;439;381;city85;281;170;city146
150;city254;495;414;city95;348;25;city248;190;8;city150;105;105;city74;70;50;city64;46;497;city223;435;24;city247;87;276;city69;329;297;city220;330;384;city129;181;241;city132;395;403;city236;309;64;city147;351;17;city225;10;103;city224
172;city251;478;11;city260;132;482;city50;292;390;city217;34;471;city298;247;32;city148;302;17;city277;364;368;city206;395;102;city52
137;city54;455;269;city73;486;466;city224;332;96;city141;38;443;city84;149;410;city113;344;467;city251;339;290;city61;378;197;city98;223;219;city284;433;188;city275;486;121;city129;95;29;city97;267;456;city94;382;212;city102;393;294;city169;24;126;city286;366;4;city177;138;297;city223
161;city269;188;45;city118;330;169;city134;286;478;city89;217;441;city86;26;382;city110;351;307;city137;443;450;city197
145;city174;260;269;city251;173;328;city187;109;238;city263;78;113;city178;66;54;city119;82;129;city81;287;392;city134;132;63;city201
150;city254;495;414;city95;348;25;city248;190;8;city150;105;105;city74;70;50;city64;46;497;city223;435;24;city247;87;276;city69;329;297;city220;330;384;city129;181;241;city132;395;403;city236;309;64;city147;351;17;city225;10;103;city224
147;city159;281;55;city111;252;425;city129;459;341;city251;477;79;city96;8;398;city248;378;100;city234;179;268;city108;256;417;city161;375;175;city130;453;468;city235;431;478;city224;360;193;city92;419;196;city98;243;333;city53;474;91;city55;146;53;city215;210;13;city146
170;city244;448;262;city127;52;239;city80;11;97;city268;179;460;city194

141;city127;296;397;city272;80;390;city214;133;147;city275;190;135;city223;410;384;city106;238;262;city58
170;city244;448;262;city127;52;239;city80;11;97;city268;179;460;city194
164;city166;335;358;city65;310;382;city146;301;157;city288;227;176;city295;284;285;city151;336;18;city271;185;124;city144;265;487;city158;311;206;city78;203;449;city297;312;415;city229;400;61;city106;25;84;city299;84;271;city203;438;95;city226;182;479;city187
142;city170;265;483;city208;450;389;city139;159;395;city118;445;374;city187;252;381;city122;304;309;city199;202;391;city290;389;204;city246;418;43;city202;464;391;city229;499;426;city260;101;84;city177;439;374;city51;40;307;city278;124;157;city181;407;7;city236;270;16;city174;106;350;city186;23;350;city80
154;city296;127;76;city245;137;183;city50;422;476;city99;366;2;city182;81;206;city276;125;311;city114;397;241;city71;14;114;city224;62;232;city158;178;71;city56;225;419;city291;282;394;city101;180;2998;city64;245;51;city67;64;86;city218
165;city275;464;454;city142;70;285;city124;408;57;city256;118;380;city125
172;city251;478;11;city260;132;482;city50;292;390;city217;34;471;city298;247;32;city148;302;17;city277;364;368;city206;395;102;city52
161;city269;188;45;city118;330;169;city134;286;478;city89;217;441;city86;26;382;city110;351;307;city137;443;450;city197
153;city55;291;310;city260;114;302;city245;72;333;city153;185;268;city298;329;261;city215;426;165;city123;387;143;city217;295;223;city106;243;51;city240;400;19;city159
132;city264;374;150;city240;116;234;city288;97;184;city156;196;383;city236;326;110;city105;263;301;city173;366;55;city295;259;79;city89
144;city153;259;300;city121;56;401;city72;361;199;city177;245;54;city208;450;355;city292;491;489;city246
142;city170;265;483;city208;450;389;city139;159;395;city118;445;374;city187;252;381;city122;304;309;city199;202;391;city290;389;204;city246;418;43;city202;464;391;city229;499;426;city260;101;84;city177;439;374;city51;40;307;city278;124;157;city181;407;7;city236;270;16;city174;106;350;city186;23;350;city80
171;city151;263;128;city142;82;397;city200;309;441;city119
134;city187;346;90;city146;331;442;city114;349;52;city214;161;69;city73;306;365;city251
162;city52;13;310;city256;364;220;city89;283;244;city164;67;376;city209;146;71;city122;265;459;city290
141;city127;296;397;city272;80;390;city214;133;147;city275;190;135;city223;410;384;city106;238;262;city58
141;city127;296;397;city272;80;390;city214;133;147;city275;190;135;city223;410;384;city106;238;262;city58
159;city131;428;428;city142;272;375;city235;226;124;city203;95;412;city98;40;24;city196;336;140;city276;348;308;city93;339;202;city220;59;68;city172;123;493;city97;320;207;city50;277;349;city144
127;city173;234;398;city182;467;150;city193;183;23;city114;171;472;city86;30;308;city121;57;163;city170;490;417;city102;29;105;city246;121;227;city111
144;city153;259;300;city121;56;401;city72;361;199;city177;245;54;city208;450;355;city292;491;489;city246
133;city179;379;431;city121;320;433;city136;271;354;city281;82;489;city190;327;425;city68;195;197;city234;422;72;city150;487;298;city106;324;439;city129;148;269;city173;405;43;city230;390;298;city115;102;318;city52;13;429;city215;349;426;city183;478;458;city279
142;city170;265;483;city208;450;389;city139;159;395;city118;445;374;city187;252;381;city122;304;309;city199;202;391;city290;389;204;city246;418;43;city202;464;391;city229;499;426;city260;101;84;city177;439;374;city51;40;307;city278;124;157;city181;407;7;city236;270;16;city174;106;350;city186;23;350;city80
128;city158;176;46;city223;472;405;city201;209;375;city275;429;36;city146;216;183;city243;401;439;city129;302;109;city105;26;268;city69;29;301;city267;96;487;city184;361;233;city77;340;323;city214;194;129;city194;83;393;city116;199;122;city91;243;153;city196
164;city166;335;358;city65;310;382;city146;301;157;city288;227;176;city295;284;285;city151;336;18;city271;185;124;city144;265;487;city158;311;206;city78;203;449;city297;312;415;city229;400;61;city106;25;84;city299;84;271;city203;438;95;city226;182;479;city187
150;city254;495;414;city95;348;25;city248;190;8;city150;105;105;city74;70;50;city64;46;497;city223;435;24;city247;87;276;city69;329;297;city220;330;384;city129;181;241;city132;395;403;city236;309;64;city147;351;17;city225;10;103;city224
140;city145;316;35;city141;437;297;city104;343;267;city196;464;108;city118;461;282;city190;94;342;city271;138;440;city84;196;308;city116;231;68;city164;52;427;city135;426;206;city161;423;79;city239;266;191;city79
155;city264;242;482;city234;202;472;city96;463;345;city134;73;127;city226;295;188;city240;21;149;city61;205;309;city167;67;118;city295;405;335;city249;305;37;city123;202;310;city280;396;57;city279;84;455;city95
139;city93;366;202;city282;40;174;city118;216;470;city227;399;471;city181;323;120;city195;479;179;city72;139;302;city125;365;134;city269
162;city52;13;310;city256;364;220;city89;283;244;city164;67;376;city209;146;71;city122;265;459;city290
135;city279;153;145;city281;44;167;city262;309;273;city173;482;268;city217;219;334;city283;254;87;city136;298;57;city272;451;356;city260;139;465;city242;284;351;city104;259;381;city238;301;69;city182;276;442;city59;331;399;city227;295;60;city185;101;360;city204;127;72;city124;161;387;city245;213;242;city199
170;city244;448;262;city127;52;239;city80;11;97;city268;179;460;city194
167;city107;285;194;city115;155;30;city201;51;159;city236;477;230;city97;234;43;city139;283;98;city91;200;434;city269;472;224;city207;178;468;city203;473;3440;city196;482;428;city204;357;388;city280;394;285;city161;191;291;city244;130;438;city262;6;71;city114;293;405;city165;193;163;city135
145;city174;260;269;city251;173;328;city187;109;238;city263;78;113;city178;66;54;city119;82;129;city81;287;392;city134;132;63;city201
147;city159;281;55;city111;252;425;city129;459;341;city251;477;79;city96;8;398;city248;378;100;city234;179;268;city108;256;417;city161;375;175;city130;453;468;city235;431;478;city224;360;193;city92;419;196;city98;243;333;city53;474;91;city55;146;53;city215;210;13;city146
160;city209;301;259;city125;251;406;city96;289;142;city188;434;49;city182;119;386;city286;318;297;city228
161;city269;188;45;city118;330;169;city134;286;478;city89;217;441;city86;26;382;city110;351;307;city137;443;450;city197
163;city242;128;487;city232
139;city93;366;202;city282;40;174;city118;216;470;city227;399;471;city181;323;120;city195;479;179;city72;139;302;city125;365;134;city269
169;city124;368;454;city93;69;20;city161;485;431;city199;307;478;city139;342;199;city142;489;309;city133;347;402;city243
126;city82;187;111;city284;166;423;city104;169;207;city162;93;386;city156;251;337;city64;466;486;city174;149;204;city116;419;127;city177;473;240;city186;46;402;city277;206;104;city73
147;city159;281;55;city111;252;425;city129;459;341;city251;477;79;city96;8;398;city248;378;100;city234;179;268;city108;256;417;city161;375;175;city130;453;468;city235;431;478;city224;360;193;city92;419;196;city98;243;333;city53;474;91;city55;146;53;city215;210;13;city146
137;city54;455;269;city73;486;466;city224;332;96;city141;38;443;city84;149;410;city113;344;467;city251;339;290;city61;378;197;city98;223;219;city284;433;188;city275;486;121;city129;95;29;city97;267;456;city94;382;212;city102;393;294;city169;24;126;city286;366;4;city177;138;297;city223
167;city107;285;194;city115;155;30;city201;51;159;city236;477;230;city97;234;43;city139;283;98;city91;200;434;city269;472;224;city207;178;468;city203;473;3440;city196;482;428;city204;357;388;city280;394;285;city161;191;291;city244;130;438;city262;6;71;city114;293;405;city165;193;163;city135
138;city76;235;477;city69;5;406;city295;186;434;city99;49;470;city93;259;393;city186;171;282;city57
171;city151;263;128;city142;82;397;city200;309;441;city119
126;city82;187;111;city284;166;423;city104;169;207;city162;93;386;city156;251;337;city64;466;486;city174;149;204;city116;419;127;city177;473;240;city186;46;402;city277;206;104;city73
135;city279;153;145;city281;44;167;city262;309;273;city173;482;268;city217;219;334;city283;254;87;city136;298;57;city272;451;356;city260;139;465;city242;284;351;city104;259;381;city238;301;69;city182;276;442;city59;331;399;city227;295;60;city185;101;360;city204;127;72;city124;161;387;city245;213;242;city199
141;city127;296;397;city272;80;390;city214;133;147;city275;190;135;city223;410;384;city106;238;262;city58
154;city296;127;76;city245;137;183;city50;422;476;city99;366;2;city182;81;206;city276;125;311;city114;397;241;city71;14;114;city224;62;232;city158;178;71;city56;225;419;city291;282;394;city101;180;2998;city64;245;51;city67;64;86;city218
164;city166;335;358;city65;310;382;city146;301;157;city288;227;176;city295;284;285;city151;336;18;city271;185;124;city144;265;487;city158;311;206;city78;203;449;city297;312;415;city229;400;61;city106;25;84;city299;84;271;city203;438;95;city226;182;479;city187
129;city71;403;381;city81;489;61;city136;455;133;city149;259;209;city120;272;487;city158;228;270;city288;306;153;city262;148;415;city242;453;333;city72;126;408;city215;299;295;city266;420;396;city133;130;454;city117;468;300;city269;97;378;city257;128;4;city57
170;city244;448;262;city127;52;239;city80;11;97;city268;179;460;city194
156;city141;152;278;city191;337;234;city297;257;31;city276;79;236;city97;119;141;city167;440;264;city212;322;42;city133;283;70;city109;318;75;city296;231;232;city272;125;27;city293;212;491;city126;209;445;city91;464;496;city175;187;458;city204;50;281;city172;150;279;city152
131;city103;274;270;city263;496;322;city273;39;60;city72;182;97;city264;464;473;city266;387;373;city251;95;481;city276;34;173;city85;309;153;city115
147;city159;281;55;city111;252;425;city129;459;341;city251;477;79;city96;8;398;city248;378;100;city234;179;268;city108;256;417;city161;375;175;city130;453;468;city235;431;478;city224;360;193;city92;419;196;city98;243;333;city53;474;91;city55;146;53;city215;210;13;city146
159;city131;428;428;city142;272;375;city235;226;124;city203;95;412;city98;40;24;city196;336;140;city276;348;308;city93;339;202;city220;59;68;city172;123;493;city97;320;207;city50;277;349;city144
168;city62;183;32;city236;270;165;city69;190;116;city194;327;127;city65;367;113;city176;253;36;city196;342;359;city234;256;429;city161;439;381;city85;281;170;city146
153;city55;291;310;city260;114;302;city245;72;333;city153;185;268;city298;329;261;city215;426;165;city123;387;143;city217;295;223;city106;243;51;city240;400;19;city159
134;city187;346;90;city146;331;442;city114;349;52;city214;161;69;city73;306;365;city251
149;city236;416;409;city155;84;211;city142;54;10;city246;16;305;city78;491;472;city133;306;164;city70;216;134;city169;30;74;city200;170;247;city168;378;362;city227;46;320;city104;292;224;city159;326;354;city116;29;343;city224
137;city54;455;269;city73;486;466;city224;332;96;city141;38;443;city84;149;410;city113;344;467;city251;339;290;city61;378;197;city98;223;219;city284;433;188;city275;486;121;city129;95;29;city97;267;456;city94;382;212;city102;393;294;city169;24;126;city286;366;4;city177;138;297;city223
161;city269;188;45;city118;330;169;city134;286;478;city89;217;441;city86;26;382;city110;351;307;city137;443;450;city197
125;city277;315;29;city114;306;443;city126;311;12;city143;96;103;city253;101;374;city170;156;389;city91;52;314;city246;364;316;city195;374;449;city151;352;35;city251;287;203;city292;202;168;city141;59;499;city121
