




136;city202;59;428;city153;496;463;city190;474;353;city73;127;424;city170;73;107;city215;261;364;city115;353;251;city58;252;41;city235;76;58;city125;161;203;city175;434;93;city145;429;479;city247;329;319;city257;252;330;city206;456;197;city64;290;283;city207;4;173;city134;4;399;city219

169;city239;3;155;city254;264;261;city241;238;245;city235;310;291;city247;270;19;city155;207;26;city174;328;254;city227
165;city97;212;227;city262;324;344;city219;408;55;city233;207;341;city60;72;86;city260;52;70;city149;471;98;city140;498;10;city168;455;475;city193;227;317;city120;161;487;city167;214;439;city55;332;316;city121;420;203;city282;488;215;city151;424;474;city75;368;345;city210;48;274;city223;264;164;city134


171;city76;348;250;city296;311;259;city294;418;274;city52;382;293;city70;101;470;city197;423;63;city122;447;186;city248;90;239;city111;413;89;city128;275;136;city257;249;193;city208;310;193;city177;156;212;city89;363;13;city186;17;309;city61;439;271;city96
165;city97;212;227;city262;324;344;city219;408;55;city233;207;341;city60;72;86;city260;52;70;city149;471;98;city140;498;10;city168;455;475;city193;227;317;city120;161;487;city167;214;439;city55;332;316;city121;420;203;city282;488;215;city151;424;474;city75;368;345;city210;48;274;city223;264;164;city134
171;city76;348;250;city296;311;259;city294;418;274;city52;382;293;city70;101;470;city197;423;63;city122;447;186;city248;90;239;city111;413;89;city128;275;136;city257;249;193;city208;310;193;city177;156;212;city89;363;13;city186;17;309;city61;439;271;city96



136;city202;59;428;city153;496;463;city190;474;353;city73;127;424;city170;73;107;city215;261;364;city115;353;251;city58;252;41;city235;76;58;city125;161;203;city175;434;93;city145;429;479;city247;329;319;city257;252;330;city206;456;197;city64;290;283;city207;4;173;city134;4;399;city219

144;city66;47;49;city132;458;459;city238;457;204;city235;230;450;city245;320;341;city103;155;48;city289;133;332;city239;414;257;city277;385;214;city295;383;264;city133;49;448;city230


158;city192;26;156;city107;51;135;city223;358;422;city74;384;40;city57;240;212;city252;272;225;city242;376;330;city276;428;458;city246;278;215;city106


162;city191;158;318;city161;172;270;city280;456;492;city135;119;106;city239;253;453;city245;397;313;city173;18;167;city293;456;415;city108;23;200;city96;315;19;city284;87;44;city84;361;294;city160;209;185;city271;122;73;city273;162;205;city202;250;48;city212


126;city224;390;113;city86;166;378;city294;487;353;city237;171;451;city221;481;497;city214;88;460;city229;416;465;city174

151;city225;149;152;city55;27;491;city222;469;408;city198;129;184;city256;54;27;city187;137;9;city218;227;237;city134;144;410;city197;195;472;city57
166;city209;21;139;city211;342;148;city116;272;169;city143;313;393;city227;436;207;city72
165;city97;212;227;city262;324;344;city219;408;55;city233;207;341;city60;72;86;city260;52;70;city149;471;98;city140;498;10;city168;455;475;city193;227;317;city120;161;487;city167;214;439;city55;332;316;city121;420;203;city282;488;215;city151;424;474;city75;368;345;city210;48;274;city223;264;164;city134
136;city202;59;428;city153;496;463;city190;474;353;city73;127;424;city170;73;107;city215;261;364;city115;353;251;city58;252;41;city235;76;58;city125;161;203;city175;434;93;city145;429;479;city247;329;319;city257;252;330;city206;456;197;city64;290;283;city207;4;173;city134;4;399;city219
126;city224;390;113;city86;166;378;city294;487;353;city237;171;451;city221;481;497;city214;88;460;city229;416;465;city174
143;city246;281;312;city219;306;238;city67;418;340;city61;5;143;city153;171;11;city88;181;273;city71;107;96;city269;73;100;city249;308;403;city188;101;64;city235;323;35;city261;457;168;city168;411;325;city157
150;city187;165;454;city110;393;333;city198;25;393;city221;31;137;city54;393;54;city248;90;31;city72;220;236;city96;241;322;city227;252;194;city119;96;88;city91;412;331;city89;357;339;city275;46;362;city211;38;86;city121
138;city181;130;467;city173;481;58;city165;274;42;city214;179;329;city294;263;407;city109;194;67;city81;194;182;city137;427;302;city287;363;306;city176;187;440;city200;271;257;city76;491;17;city298;420;271;city183;267;134;city161;233;114;city291;346;225;city220;74;424;city57;102;477;city94;385;319;city88
139;city259;380;110;city105;42;273;city100;279;491;city205;99;354;city121;250;392;city172;280;116;city169;73;387;city75;269;425;city104
151;city225;149;152;city55;27;491;city222;469;408;city198;129;184;city256;54;27;city187;137;9;city218;227;237;city134;144;410;city197;195;472;city57
140;city84;219;320;city223;200;84;city297;197;237;city111;315;272;city96;132;429;city169;241;311;city185;206;384;city268;489;498;city266;132;232;city150;468;251;city218;326;3;city120;399;363;city171;90;24;city249;499;299;city262


139;city259;380;110;city105;42;273;city100;279;491;city205;99;354;city121;250;392;city172;280;116;city169;73;387;city75;269;425;city104


168;city227;324;205;city164;273;24;city203;498;144;city173;152;248;city252;176;416;city229;259;63;city192;429;189;city122;380;480;city290;65;76;city296;488;284;city223

162;city191;158;318;city161;172;270;city280;456;492;city135;119;106;city239;253;453;city245;397;313;city173;18;167;city293;456;415;city108;23;200;city96;315;19;city284;87;44;city84;361;294;city160;209;185;city271;122;73;city273;162;205;city202;250;48;city212

161;city143;93;166;city77;427;144;city159;491;92;city297;127;10;city73;411;93;city221;200;497;city164;229;125;city53;318;334;city264;161;83;city249;163;294;city150;266;367;city274;164;168;city104;191;123;city107;421;401;city245;178;104;city222;320;256;city240
138;city181;130;467;city173;481;58;city165;274;42;city214;179;329;city294;263;407;city109;194;67;city81;194;182;city137;427;302;city287;363;306;city176;187;440;city200;271;257;city76;491;17;city298;420;271;city183;267;134;city161;233;114;city291;346;225;city220;74;424;city57;102;477;city94;385;319;city88
162;city191;158;318;city161;172;270;city280;456;492;city135;119;106;city239;253;453;city245;397;313;city173;18;167;city293;456;415;city108;23;200;city96;315;19;city284;87;44;city84;361;294;city160;209;185;city271;122;73;city273;162;205;city202;250;48;city212
157;city113;454;119;city174;310;212;city50;469;227;city167;164;123;city244
166;city209;21;139;city211;342;148;city116;272;169;city143;313;393;city227;436;207;city72
160;city74;260;51;city118;74;448;city231;408;34;city188;481;317;city252;435;477;city103;46;241;city145;388;163;city216;440;474;city211;204;473;city154;389;13;city77;94;498;city133;282;382;city50;172;53;city108;325;109;city243;274;165;city102;486;228;city295;409;305;city168;25;489;city67;158;113;city220

174;city95;254;123;city99;275;144;city189;318;441;city201;264;301;city150;4;349;city142;250;385;city66


162;city191;158;318;city161;172;270;city280;456;492;city135;119;106;city239;253;453;city245;397;313;city173;18;167;city293;456;415;city108;23;200;city96;315;19;city284;87;44;city84;361;294;city160;209;185;city271;122;73;city273;162;205;city202;250;48;city212
130;city263;472;207;city195;378;461;city181;113;343;city277;313;406;city72;87;403;city241;246;191;city287;185;311;city289;42;95;city140;424;313;city155;472;259;city296;149;114;city115;423;168;city202;233;497;city95;482;95;city230;371;388;city284;413;296;city79;133;279;city244;21;353;city135;366;14;city188
165;city97;212;227;city262;324;344;city219;408;55;city233;207;341;city60;72;86;city260;52;70;city149;471;98;city140;498;10;city168;455;475;city193;227;317;city120;161;487;city167;214;439;city55;332;316;city121;420;203;city282;488;215;city151;424;474;city75;368;345;city210;48;274;city223;264;164;city134
170;city111;336;48;city224;241;186;city258;29;180;city206;469;184;city161;244;69;city226;389;192;city56;128;115;city110;340;45;city79;354;473;city84;269;423;city88;422;354;city268;5;94;city135;158;206;city138;257;87;city204;457;5;city233;357;82;city200;299;409;city237;353;76;city151;295;239;city107
126;city224;390;113;city86;166;378;city294;487;353;city237;171;451;city221;481;497;city214;88;460;city229;416;465;city174

137;city115;342;331;city283;160;430;city125;71;236;city157;237;57;city132;198;491;city252;105;298;city119;130;6;city182;377;241;city162;134;379;city210
130;city263;472;207;city195;378;461;city181;113;343;city277;313;406;city72;87;403;city241;246;191;city287;185;311;city289;42;95;city140;424;313;city155;472;259;city296;149;114;city115;423;168;city202;233;497;city95;482;95;city230;371;388;city284;413;296;city79;133;279;city244;21;353;city135;366;14;city188
147;city69;3;236;city154;220;432;city111;149;491;city211;181;258;city188;67;445;city215;310;55;city249;241;11;city131;461;300;city179;474;427;city155;393;473;city157
137;city115;342;331;city283;160;430;city125;71;236;city157;237;57;city132;198;491;city252;105;298;city119;130;6;city182;377;241;city162;134;379;city210

157;city113;454;119;city174;310;212;city50;469;227;city167;164;123;city244
145;city207;371;340;city219;351;342;city73;15;55;city141;94;148;city269;224;30;city86;117;38;city178;42;34;city284;334;92;city298;188;4;city149;438;63;city106;248;477;city278;496;65;city181;390;480;city121;357;344;city92;62;297;city119;454;279;city103;13;226;city214;99;186;city147;438;469;city58
126;city224;390;113;city86;166;378;city294;487;353;city237;171;451;city221;481;497;city214;88;460;city229;416;465;city174
161;city143;93;166;city77;427;144;city159;491;92;city297;127;10;city73;411;93;city221;200;497;city164;229;125;city53;318;334;city264;161;83;city249;163;294;city150;266;367;city274;164;168;city104;191;123;city107;421;401;city245;178;104;city222;320;256;city240
160;city74;260;51;city118;74;448;city231;408;34;city188;481;317;city252;435;477;city103;46;241;city145;388;163;city216;440;474;city211;204;473;city154;389;13;city77;94;498;city133;282;382;city50;172;53;city108;325;109;city243;274;165;city102;486;228;city295;409;305;city168;25;489;city67;158;113;city220
139;city259;380;110;city105;42;273;city100;279;491;city205;99;354;city121;250;392;city172;280;116;city169;73;387;city75;269;425;city104
125;city77;143;163;city194;395;363;city69;301;354;city220;10;469;city221;173;366;city182;172;7;city281;18;304;city113;2;80;city116;326;359;city253;255;398;city50;99;146;city269;340;439;city225;83;271;city265;339;196;city261;37;99;city79;5;457;city202;471;170;city240
162;city191;158;318;city161;172;270;city280;456;492;city135;119;106;city239;253;453;city245;397;313;city173;18;167;city293;456;415;city108;23;200;city96;315;19;city284;87;44;city84;361;294;city160;209;185;city271;122;73;city273;162;205;city202;250;48;city212
168;city227;324;205;city164;273;24;city203;498;144;city173;152;248;city252;176;416;city229;259;63;city192;429;189;city122;380;480;city290;65;76;city296;488;284;city223
139;city259;380;110;city105;42;273;city100;279;491;city205;99;354;city121;250;392;city172;280;116;city169;73;387;city75;269;425;city104
150;city187;165;454;city110;393;333;city198;25;393;city221;31;137;city54;393;54;city248;90;31;city72;220;236;city96;241;322;city227;252;194;city119;96;88;city91;412;331;city89;357;339;city275;46;362;city211;38;86;city121
143;city246;281;312;city219;306;238;city67;418;340;city61;5;143;city153;171;11;city88;181;273;city71;107;96;city269;73;100;city249;308;403;city188;101;64;city235;323;35;city261;457;168;city168;411;325;city157
139;city259;380;110;city105;42;273;city100;279;491;city205;99;354;city121;250;392;city172;280;116;city169;73;387;city75;269;425;city104
149;city59;181;98;city203
149;city59;181;98;city203
162;city191;158;318;city161;172;270;city280;456;492;city135;119;106;city239;253;453;city245;397;313;city173;18;167;city293;456;415;city108;23;200;city96;315;19;city284;87;44;city84;361;294;city160;209;185;city271;122;73;city273;162;205;city202;250;48;city212
161;city143;93;166;city77;427;144;city159;491;92;city297;127;10;city73;411;93;city221;200;497;city164;229;125;city53;318;334;city264;161;83;city249;163;294;city150;266;367;city274;164;168;city104;191;123;city107;421;401;city245;178;104;city222;320;256;city240
143;city246;281;312;city219;306;238;city67;418;340;city61;5;143;city153;171;11;city88;181;273;city71;107;96;city269;73;100;city249;308;403;city188;101;64;city235;323;35;city261;457;168;city168;411;325;city157
133;city211;330;119;city245;401;115;city161;2;481;city273;446;155;city57;460;431;city262;320;342;city143;398;77;city82;252;422;city170;236;12;city225;410;449;city177

145;city207;371;340;city219;351;342;city73;15;55;city141;94;148;city269;224;30;city86;117;38;city178;42;34;city284;334;92;city298;188;4;city149;438;63;city106;248;477;city278;496;65;city181;390;480;city121;357;344;city92;62;297;city119;454;279;city103;13;226;city214;99;186;city147;438;469;city58
150;city187;165;454;city110;393;333;city198;25;393;city221;31;137;city54;393;54;city248;90;31;city72;220;236;city96;241;322;city227;252;194;city119;96;88;city91;412;331;city89;357;339;city275;46;362;city211;38;86;city121
132;city159;467;266;city255;266;208;city297;253;58;city175;108;361;city91;245;278;city96;414;263;city232;86;383;city52;355;233;city189;141;39;city212;62;7;city235;439;273;city174
127;city50;66;129;city147;463;428;city248;95;485;city188;487;342;city281;412;92;city243;300;152;city249;30;180;city183;469;312;city60;314;135;city259
174;city95;254;123;city99;275;144;city189;318;441;city201;264;301;city150;4;349;city142;250;385;city66

142;city125;481;55;city280;416;88;city265;29;150;city52;121;57;city142;369;82;city241;250;381;city99;165;186;city286;264;224;city117;269;261;city263;46;161;city294;83;51;city81;63;108;city277
166;city209;21;139;city211;342;148;city116;272;169;city143;313;393;city227;436;207;city72
166;city209;21;139;city211;342;148;city116;272;169;city143;313;393;city227;436;207;city72
152;city199;382;163;city57;314;193;city124;194;74;city163;323;15;city123;168;91;city108;20;349;city120
135;city102;191;51;city256;194;239;city245;152;152;city150;296;337;city140;193;213;city151
144;city66;47;49;city132;458;459;city238;457;204;city235;230;450;city245;320;341;city103;155;48;city289;133;332;city239;414;257;city277;385;214;city295;383;264;city133;49;448;city230
133;city211;330;119;city245;401;115;city161;2;481;city273;446;155;city57;460;431;city262;320;342;city143;398;77;city82;252;422;city170;236;12;city225;410;449;city177
133;city211;330;119;city245;401;115;city161;2;481;city273;446;155;city57;460;431;city262;320;342;city143;398;77;city82;252;422;city170;236;12;city225;410;449;city177
148;city102;270;323;city228;299;171;city198;112;52;city261;365;9225;city285;149;223;city200;90;408;city169;27;25;city66;333;14;city202;140;185;city138;498;343;city187;482;337;city271;242;322;city288;50;326;city252
143;city246;281;312;city219;306;238;city67;418;340;city61;5;143;city153;171;11;city88;181;273;city71;107;96;city269;73;100;city249;308;403;city188;101;64;city235;323;35;city261;457;168;city168;411;325;city157
168;city227;324;205;city164;273;24;city203;498;144;city173;152;248;city252;176;416;city229;259;63;city192;429;189;city122;380;480;city290;65;76;city296;488;284;city223
133;city211;330;119;city245;401;115;city161;2;481;city273;446;155;city57;460;431;city262;320;342;city143;398;77;city82;252;422;city170;236;12;city225;410;449;city177
128;city211;310;106;city177;378;87;city230;332;191;city83;217;109;city138;106;391;city194;87;444;city59;464;183;city101;437;27;city185;228;89;city184;385;131;city157;91;179;city293;435;282;city178;173;302;city231;395;250;city68;263;54;city147;292;174;city219;314;136;city171
128;city211;310;106;city177;378;87;city230;332;191;city83;217;109;city138;106;391;city194;87;444;city59;464;183;city101;437;27;city185;228;89;city184;385;131;city157;91;179;city293;435;282;city178;173;302;city231;395;250;city68;263;54;city147;292;174;city219;314;136;city171
152;city199;382;163;city57;314;193;city124;194;74;city163;323;15;city123;168;91;city108;20;349;city120
169;city239;3;155;city254;264;261;city241;238;245;city235;310;291;city247;270;19;city155;207;26;city174;328;254;city227
156;city95;182;119;city291;476;426;city141;179;357;city72;113;66;city242;359;2;city157;301;13;city170;237;16;city223;465;276;city251;264;305;city172;220;348;city66;463;286;city209;58;475;city137;339;79;city230
140;city84;219;320;city223;200;84;city297;197;237;city111;315;272;city96;132;429;city169;241;311;city185;206;384;city268;489;498;city266;132;232;city150;468;251;city218;326;3;city120;399;363;city171;90;24;city249;499;299;city262
152;city199;382;163;city57;314;193;city124;194;74;city163;323;15;city123;168;91;city108;20;349;city120
133;city211;330;119;city245;401;115;city161;2;481;city273;446;155;city57;460;431;city262;320;342;city143;398;77;city82;252;422;city170;236;12;city225;410;449;city177
127;city50;66;129;city147;463;428;city248;95;485;city188;487;342;city281;412;92;city243;300;152;city249;30;180;city183;469;312;city60;314;135;city259
125;city77;143;163;city194;395;363;city69;301;354;city220;10;469;city221;173;366;city182;172;7;city281;18;304;city113;2;80;city116;326;359;city253;255;398;city50;99;146;city269;340;439;city225;83;271;city265;339;196;city261;37;99;city79;5;457;city202;471;170;city240
174;city95;254;123;city99;275;144;city189;318;441;city201;264;301;city150;4;349;city142;250;385;city66
168;city227;324;205;city164;273;24;city203;498;144;city173;152;248;city252;176;416;city229;259;63;city192;429;189;city122;380;480;city290;65;76;city296;488;284;city223
163;city253;78;41;city245
154;city176;284;29;city136;204;27;city118;101;448;city77;215;149;city250;4;402;city239;500;218;city100;153;87;city154;317;402;city246;203;18;city210;42;88;city132;158;245;city159;76;307;city94;85;390;city148;4;133;city242
132;city159;467;266;city255;266;208;city297;253;58;city175;108;361;city91;245;278;city96;414;263;city232;86;383;city52;355;233;city189;141;39;city212;62;7;city235;439;273;city174
130;city263;472;207;city195;378;461;city181;113;343;city277;313;406;city72;87;403;city241;246;191;city287;185;311;city289;42;95;city140;424;313;city155;472;259;city296;149;114;city115;423;168;city202;233;497;city95;482;95;city230;371;388;city284;413;296;city79;133;279;city244;21;353;city135;366;14;city188
126;city224;390;113;city86;166;378;city294;487;353;city237;171;451;city221;481;497;city214;88;460;city229;416;465;city174
163;city253;78;41;city245
127;city50;66;129;city147;463;428;city248;95;485;city188;487;342;city281;412;92;city243;300;152;city249;30;180;city183;469;312;city60;314;135;city259
164;city215;2;151;city93;264;85;city241;284;284;city161;374;348;city143;201;224;city216
146;city163;381;384;city63;54;470;city69;446;339;city131;187;171;city246
139;city259;380;110;city105;42;273;city100;279;491;city205;99;354;city121;250;392;city172;280;116;city169;73;387;city75;269;425;city104
149;city59;181;98;city203
149;city59;181;98;city203
164;city215;2;151;city93;264;85;city241;284;284;city161;374;348;city143;201;224;city216
160;city74;260;51;city118;74;448;city231;408;34;city188;481;317;city252;435;477;city103;46;241;city145;388;163;city216;440;474;city211;204;473;city154;389;13;city77;94;498;city133;282;382;city50;172;53;city108;325;109;city243;274;165;city102;486;228;city295;409;305;city168;25;489;city67;158;113;city220
148;city102;270;323;city228;299;171;city198;112;52;city261;365;9225;city285;149;223;city200;90;408;city169;27;25;city66;333;14;city202;140;185;city138;498;343;city187;482;337;city271;242;322;city288;50;326;city252
142;city125;481;55;city280;416;88;city265;29;150;city52;121;57;city142;369;82;city241;250;381;city99;165;186;city286;264;224;city117;269;261;city263;46;161;city294;83;51;city81;63;108;city277
153;city234;41;92;city199;42;132;city92;484;386;city50;351;170;city169;181;190;city288;195;337;city262
170;city111;336;48;city224;241;186;city258;29;180;city206;469;184;city161;244;69;city226;389;192;city56;128;115;city110;340;45;city79;354;473;city84;269;423;city88;422;354;city268;5;94;city135;158;206;city138;257;87;city204;457;5;city233;357;82;city200;299;409;city237;353;76;city151;295;239;city107
156;city95;182;119;city291;476;426;city141;179;357;city72;113;66;city242;359;2;city157;301;13;city170;237;16;city223;465;276;city251;264;305;city172;220;348;city66;463;286;city209;58;475;city137;339;79;city230
147;city69;3;236;city154;220;432;city111;149;491;city211;181;258;city188;67;445;city215;310;55;city249;241;11;city131;461;300;city179;474;427;city155;393;473;city157
168;city227;324;205;city164;273;24;city203;498;144;city173;152;248;city252;176;416;city229;259;63;city192;429;189;city122;380;480;city290;65;76;city296;488;284;city223
169;city239;3;155;city254;264;261;city241;238;245;city235;310;291;city247;270;19;city155;207;26;city174;328;254;city227
170;city111;336;48;city224;241;186;city258;29;180;city206;469;184;city161;244;69;city226;389;192;city56;128;115;city110;340;45;city79;354;473;city84;269;423;city88;422;354;city268;5;94;city135;158;206;city138;257;87;city204;457;5;city233;357;82;city200;299;409;city237;353;76;city151;295;239;city107
127;city50;66;129;city147;463;428;city248;95;485;city188;487;342;city281;412;92;city243;300;152;city249;30;180;city183;469;312;city60;314;135;city259
138;city181;130;467;city173;481;58;city165;274;42;city214;179;329;city294;263;407;city109;194;67;city81;194;182;city137;427;302;city287;363;306;city176;187;440;city200;271;257;city76;491;17;city298;420;271;city183;267;134;city161;233;114;city291;346;225;city220;74;424;city57;102;477;city94;385;319;city88
166;city209;21;139;city211;342;148;city116;272;169;city143;313;393;city227;436;207;city72
157;city113;454;119;city174;310;212;city50;469;227;city167;164;123;city244
132;city159;467;266;city255;266;208;city297;253;58;city175;108;361;city91;245;278;city96;414;263;city232;86;383;city52;355;233;city189;141;39;city212;62;7;city235;439;273;city174
152;city199;382;163;city57;314;193;city124;194;74;city163;323;15;city123;168;91;city108;20;349;city120
144;city66;47;49;city132;458;459;city238;457;204;city235;230;450;city245;320;341;city103;155;48;city289;133;332;city239;414;257;city277;385;214;city295;383;264;city133;49;448;city230
168;city227;324;205;city164;273;24;city203;498;144;city173;152;248;city252;176;416;city229;259;63;city192;429;189;city122;380;480;city290;65;76;city296;488;284;city223
151;city225;149;152;city55;27;491;city222;469;408;city198;129;184;city256;54;27;city187;137;9;city218;227;237;city134;144;410;city197;195;472;city57
145;city207;371;340;city219;351;342;city73;15;55;city141;94;148;city269;224;30;city86;117;38;city178;42;34;city284;334;92;city298;188;4;city149;438;63;city106;248;477;city278;496;65;city181;390;480;city121;357;344;city92;62;297;city119;454;279;city103;13;226;city214;99;186;city147;438;469;city58
128;city211;310;106;city177;378;87;city230;332;191;city83;217;109;city138;106;391;city194;87;444;city59;464;183;city101;437;27;city185;228;89;city184;385;131;city157;91;179;city293;435;282;city178;173;302;city231;395;250;city68;263;54;city147;292;174;city219;314;136;city171
132;city159;467;266;city255;266;208;city297;253;58;city175;108;361;city91;245;278;city96;414;263;city232;86;383;city52;355;233;city189;141;39;city212;62;7;city235;439;273;city174
130;city263;472;207;city195;378;461;city181;113;343;city277;313;406;city72;87;403;city241;246;191;city287;185;311;city289;42;95;city140;424;313;city155;472;259;city296;149;114;city115;423;168;city202;233;497;city95;482;95;city230;371;388;city284;413;296;city79;133;279;city244;21;353;city135;366;14;city188
143;city246;281;312;city219;306;238;city67;418;340;city61;5;143;city153;171;11;city88;181;273;city71;107;96;city269;73;100;city249;308;403;city188;101;64;city235;323;35;city261;457;168;city168;411;325;city157
173;city280;184;140;city158;65;247;city242;144;48;city51;273;31;city173;252;437;city138;88;74;city189;8;30;city200;299;80;city92;357;461;city196;269;409;city97;113;28;city111;169;130;city197;144;187;city93;138;236;city213;342;239;city145;131;147;city231;390;277;city278
164;city215;2;151;city93;264;85;city241;284;284;city161;374;348;city143;201;224;city216
164;city215;2;151;city93;264;85;city241;284;284;city161;374;348;city143;201;224;city216
150;city187;165;454;city110;393;333;city198;25;393;city221;31;137;city54;393;54;city248;90;31;city72;220;236;city96;241;322;city227;252;194;city119;96;88;city91;412;331;city89;357;339;city275;46;362;city211;38;86;city121
162;city191;158;318;city161;172;270;city280;456;492;city135;119;106;city239;253;453;city245;397;313;city173;18;167;city293;456;415;city108;23;200;city96;315;19;city284;87;44;city84;361;294;city160;209;185;city271;122;73;city273;162;205;city202;250;48;city212
140;city84;219;320;city223;200;84;city297;197;237;city111;315;272;city96;132;429;city169;241;311;city185;206;384;city268;489;498;city266;132;232;city150;468;251;city218;326;3;city120;399;363;city171;90;24;city249;499;299;city262
136;city202;59;428;city153;496;463;city190;474;353;city73;127;424;city170;73;107;city215;261;364;city115;353;251;city58;252;41;city235;76;58;city125;161;203;city175;434;2262;city145;429;479;city247;329;319;city257;252;330;city206;456;197;city64;290;283;city207;4;173;city134;4;399;city219
140;city84;219;320;city223;200;84;city297;197;237;city111;315;272;city96;132;429;city169;241;311;city185;206;384;city268;489;498;city266;132;232;city150;468;251;city218;326;3;city120;399;363;city171;90;24;city249;499;299;city262
141;city77;492;19;city115;440;368;city83
130;city263;472;207;city195;378;461;city181;113;343;city277;313;406;city72;87;403;city241;246;191;city287;185;311;city289;42;95;city140;424;313;city155;472;259;city296;149;114;city115;423;168;city202;233;497;city95;482;95;city230;371;388;city284;413;296;city79;133;279;city244;21;353;city135;366;14;city188
162;city191;158;318;city161;172;270;city280;456;492;city135;119;106;city239;253;453;city245;397;313;city173;18;167;city293;456;415;city108;23;200;city96;315;19;city284;87;44;city84;361;294;city160;209;185;city271;122;73;city273;162;205;city202;250;48;city212
168;city227;324;205;city164;273;24;city203;498;144;city173;152;248;city252;176;416;city229;259;63;city192;429;189;city122;380;480;city290;65;76;city296;488;284;city223
157;city113;454;119;city174;310;212;city50;469;227;city167;164;123;city244
126;city224;390;113;city86;166;378;city294;487;353;city237;171;451;city221;481;497;city214;88;460;city229;416;465;city174
155;city159;447;427;city57;487;180;city110;85;91;city205;18;494;city268;52;356;city117;28;295;city60;409;280;city204;37;127;city79;225;96;city138;422;153;city115;444;453;city98;497;34;city163;252;243;city70;144;471;city172;205;244;city283;426;376;city171
136;city202;59;428;city153;496;463;city190;474;353;city73;127;424;city170;73;107;city215;261;364;city115;353;251;city58;252;41;city235;76;58;city125;161;203;city175;434;2262;city145;429;479;city247;329;319;city257;252;330;city206;456;197;city64;290;283;city207;4;173;city134;4;399;city219
162;city191;158;318;city161;172;270;city280;456;492;city135;119;106;city239;253;453;city245;397;313;city173;18;167;city293;456;415;city108;23;200;city96;315;19;city284;87;44;city84;361;294;city160;209;185;city271;122;73;city273;162;205;city202;250;48;city212
143;city246;281;312;city219;306;238;city67;418;340;city61;5;143;city153;171;11;city88;181;273;city71;107;96;city269;73;100;city249;308;403;city188;101;64;city235;323;35;city261;457;168;city168;411;325;city157
170;city111;336;48;city224;241;186;city258;29;180;city206;469;184;city161;244;69;city226;389;192;city56;128;115;city110;340;45;city79;354;473;city84;269;423;city88;422;354;city268;5;94;city135;158;206;city138;257;87;city204;457;5;city233;357;3890;city200;299;409;city237;353;76;city151;295;239;city107
169;city239;3;155;city254;264;261;city241;238;245;city235;310;291;city247;270;19;city155;207;26;city174;328;254;city227
166;city209;21;139;city211;342;148;city116;272;169;city143;313;393;city227;436;207;city72
135;city102;191;51;city256;194;239;city245;152;152;city150;296;337;city140;193;213;city151
128;city211;310;106;city177;378;87;city230;332;191;city83;217;109;city138;106;391;city194;87;444;city59;464;183;city101;437;27;city185;228;89;city184;385;131;city157;91;179;city293;435;282;city178;173;302;city231;395;250;city68;263;54;city147;292;174;city219;314;136;city171
165;city97;212;227;city262;324;344;city219;408;55;city233;207;341;city60;72;86;city260;52;70;city149;471;98;city140;498;10;city168;455;475;city193;227;317;city120;161;487;city167;214;439;city55;332;316;city121;420;203;city282;488;215;city151;424;474;city75;368;345;city210;48;274;city223;264;164;city134
138;city181;130;467;city173;481;58;city165;274;42;city214;179;329;city294;263;407;city109;194;67;city81;194;182;city137;427;302;city287;363;306;city176;187;440;city200;271;257;city76;491;17;city298;420;271;city183;267;134;city161;233;114;city291;346;225;city220;74;424;city57;102;477;city94;385;319;city88
141;city77;492;19;city115;440;368;city83
172;city284;91;333;city287;327;245;city104;279;106;city137
127;city50;66;129;city147;463;428;city248;95;485;city188;487;342;city281;412;92;city243;300;152;city249;30;180;city183;469;312;city60;314;135;city259
160;city74;260;51;city118;74;448;city231;408;34;city188;481;317;city252;435;477;city103;46;241;city145;388;163;city216;440;474;city211;204;473;city154;389;13;city77;94;498;city133;282;382;city50;172;53;city108;325;109;city243;274;165;city102;486;228;city295;409;305;city168;25;489;city67;158;113;city220
132;city159;467;266;city255;266;208;city297;253;58;city175;108;361;city91;245;278;city96;414;263;city232;86;383;city52;355;233;city189;141;39;city212;62;7;city235;439;273;city174
137;city115;342;331;city283;160;430;city125;71;236;city157;237;57;city132;198;491;city252;105;298;city119;130;6;city182;377;241;city162;134;379;city210
172;city284;91;333;city287;327;245;city104;279;106;city137
174;city95;254;123;city99;275;144;city189;318;441;city201;264;301;city150;4;349;city142;250;385;city66
149;city59;181;98;city203
128;city211;310;106;city177;378;87;city230;332;191;city83;217;109;city138;106;391;city194;87;444;city59;464;183;city101;437;27;city185;228;89;city184;385;131;city157;91;179;city293;435;282;city178;173;302;city231;395;250;city68;263;54;city147;292;174;city219;314;136;city171
128;city211;310;106;city177;378;87;city230;332;191;city83;217;109;city138;106;391;city194;87;444;city59;464;183;city101;437;27;city185;228;89;city184;385;131;city157;91;179;city293;435;282;city178;173;302;city231;395;250;city68;263;54;city147;292;174;city219;314;136;city171
132;city159;467;266;city255;266;208;city297;253;58;city175;108;361;city91;245;278;city96;414;263;city232;86;383;city52;355;233;city189;141;39;city212;62;7;city235;439;273;city174
133;city211;330;119;city245;401;115;city161;2;481;city273;446;155;city57;460;431;city262;320;342;city143;398;77;city82;252;422;city170;236;12;city225;410;449;city177
158;city192;26;156;city107;51;135;city223;358;422;city74;384;40;city57;240;212;city252;272;225;city242;376;330;city276;428;458;city246;278;215;city106
149;city59;181;98;city203
169;city239;3;155;city254;264;261;city241;238;245;city235;310;291;city247;270;19;city155;207;26;city174;328;254;city227
157;city113;454;119;city174;310;212;city50;469;227;city167;164;123;city244
136;city202;59;428;city153;496;463;city190;474;353;city73;127;424;city170;73;107;city215;261;364;city115;353;251;city58;252;41;city235;76;58;city125;161;203;city175;434;2262;city145;429;479;city247;329;319;city257;252;330;city206;456;197;city64;290;283;city207;4;173;city134;4;399;city219
167;city165;200;102;city260;293;254;city130;42;353;city144;404;264;city55;222;415;city74
148;city102;270;323;city228;299;171;city198;112;52;city261;365;9225;city285;149;223;city200;90;408;city169;27;25;city66;333;14;city202;140;185;city138;498;343;city187;482;337;city271;242;322;city288;50;326;city252
142;city125;481;55;city280;416;88;city265;29;150;city52;121;57;city142;369;82;city241;250;381;city99;165;186;city286;264;224;city117;269;261;city263;46;161;city294;83;51;city81;63;108;city277
172;city284;91;333;city287;327;245;city104;279;106;city137
168;city227;324;205;city164;273;24;city203;498;144;city173;152;248;city252;176;416;city229;259;63;city192;429;189;city122;380;480;city290;65;76;city296;488;284;city223
134;city103;78;377;city208;483;293;city178;279;317;city156;293;295;city232;355;314;city157;457;438;city286;120;477;city292;92;208;city298;434;98;city189;442;176;city102
155;city159;447;427;city57;487;180;city110;85;91;city205;18;494;city268;52;356;city117;28;295;city60;409;280;city204;37;127;city79;225;96;city138;422;153;city115;444;453;city98;497;34;city163;252;243;city70;144;471;city172;205;244;city283;426;376;city171
153;city234;41;92;city199;42;132;city92;484;386;city50;351;170;city169;181;190;city288;195;337;city262
131;city192;175;194;city115;305;99;city279;50;209;city188;178;465;city130;162;366;city120;351;498;city229;297;410;city104;39;285;city128;445;236;city259;41;452;city147;194;75;city233;207;401;city106;341;144;city213;334;254;city283
134;city103;78;377;city208;483;293;city178;279;317;city156;293;295;city232;355;314;city157;457;438;city286;120;477;city292;92;208;city298;434;98;city189;442;176;city102
144;city66;47;49;city132;458;459;city238;457;204;city235;230;450;city245;320;341;city103;155;48;city289;133;332;city239;414;257;city277;385;214;city295;383;264;city133;49;448;city230
173;city280;184;140;city158;65;247;city242;144;48;city51;273;31;city173;252;437;city138;88;74;city189;8;30;city200;299;80;city92;357;461;city196;269;409;city97;113;28;city111;169;130;city197;144;187;city93;138;236;city213;342;239;city145;131;147;city231;390;277;city278
143;city246;281;312;city219;306;238;city67;418;340;city61;5;143;city153;171;11;city88;181;273;city71;107;96;city269;73;100;city249;308;403;city188;101;64;city235;323;35;city261;457;168;city168;411;325;city157
137;city115;342;331;city283;160;430;city125;71;236;city157;237;57;city132;198;491;city252;105;298;city119;130;6;city182;377;241;city162;134;379;city210
130;city263;472;207;city195;378;461;city181;113;343;city277;313;406;city72;87;403;city241;246;191;city287;185;311;city289;42;95;city140;424;313;city155;472;259;city296;149;114;city115;423;168;city202;233;497;city95;482;95;city230;371;388;city284;413;296;city79;133;279;city244;21;353;city135;366;14;city188
164;city215;2;151;city93;264;85;city241;284;284;city161;374;348;city143;201;224;city216
152;city199;382;163;city57;314;193;city124;194;74;city163;323;15;city123;168;91;city108;20;349;city120
140;city84;219;320;city223;200;84;city297;197;237;city111;315;272;city96;132;429;city169;241;311;city185;206;384;city268;489;498;city266;132;232;city150;468;251;city218;326;3;city120;399;363;city171;90;24;city249;499;299;city262
153;city234;41;92;city199;42;132;city92;484;386;city50;351;170;city169;181;190;city288;195;337;city262
148;city102;270;323;city228;299;171;city198;112;52;city261;365;9225;city285;149;223;city200;90;408;city169;27;25;city66;333;14;city202;140;185;city138;498;343;city187;482;337;city271;242;322;city288;50;326;city252
160;city74;260;51;city118;74;448;city231;408;34;city188;481;317;city252;435;477;city103;46;241;city145;388;163;city216;440;474;city211;204;473;city154;389;13;city77;94;498;city133;282;382;city50;172;53;city108;325;109;city243;274;165;city102;486;228;city295;409;305;city168;25;489;city67;158;113;city220
158;city192;26;156;city107;51;135;city223;358;422;city74;384;40;city57;240;212;city252;272;225;city242;376;330;city276;428;458;city246;278;215;city106
162;city191;158;318;city161;172;270;city280;456;492;city135;119;106;city239;253;453;city245;397;313;city173;18;167;city293;456;415;city108;23;200;city96;315;19;city284;87;44;city84;361;294;city160;209;185;city271;122;73;city273;162;205;city202;250;48;city212
170;city111;336;48;city224;241;186;city258;29;180;city206;469;184;city161;244;69;city226;389;192;city56;128;115;city110;340;45;city79;354;473;city84;269;423;city88;422;354;city268;5;94;city135;158;206;city138;257;87;city204;457;5;city233;357;3890;city200;299;409;city237;353;76;city151;295;239;city107
143;city246;281;312;city219;306;238;city67;418;340;city61;5;143;city153;171;11;city88;181;273;city71;107;96;city269;73;100;city249;308;403;city188;101;64;city235;323;35;city261;457;168;city168;411;325;city157
168;city227;324;205;city164;273;24;city203;498;144;city173;152;248;city252;176;416;city229;259;63;city192;429;189;city122;380;480;city290;65;76;city296;488;284;city223
141;city77;492;19;city115;440;368;city83
154;city176;284;29;city136;204;27;city118;101;448;city77;215;149;city250;4;402;city239;500;218;city100;153;87;city154;317;402;city246;203;18;city210;42;88;city132;158;245;city159;76;307;city94;85;390;city148;4;133;city242
154;city176;284;29;city136;204;27;city118;101;448;city77;215;149;city250;4;402;city239;500;218;city100;153;87;city154;317;402;city246;203;18;city210;42;88;city132;158;245;city159;76;307;city94;85;390;city148;4;133;city242
153;city234;41;92;city199;42;132;city92;484;386;city50;351;170;city169;181;190;city288;195;337;city262
173;city280;184;140;city158;65;247;city242;144;48;city51;273;31;city173;252;437;city138;88;74;city189;8;30;city200;299;80;city92;357;461;city196;269;409;city97;113;28;city111;169;130;city197;144;187;city93;138;236;city213;342;239;city145;131;147;city231;390;277;city278
160;city74;260;51;city118;74;448;city231;408;34;city188;481;317;city252;435;477;city103;46;241;city145;388;163;city216;440;474;city211;204;473;city154;389;13;city77;94;498;city133;282;382;city50;172;53;city108;325;109;city243;274;165;city102;486;228;city295;409;305;city168;25;489;city67;158;113;city220
147;city69;3;236;city154;220;432;city111;149;491;city211;181;258;city188;67;445;city215;310;55;city249;241;11;city131;461;300;city179;474;427;city155;393;473;city157
142;city125;481;55;city280;416;88;city265;29;150;city52;121;57;city142;369;82;city241;250;381;city99;165;186;city286;264;224;city117;269;261;city263;46;161;city294;83;51;city81;63;108;city277
163;city253;78;41;city245
147;city69;3;236;city154;220;432;city111;149;491;city211;181;258;city188;67;445;city215;310;55;city249;241;11;city131;461;300;city179;474;427;city155;393;473;city157
132;city159;467;266;city255;266;208;city297;253;58;city175;108;361;city91;245;278;city96;414;263;city232;86;383;city52;355;233;city189;141;39;city212;62;7;city235;439;273;city174
153;city234;41;92;city199;42;132;city92;484;386;city50;351;170;city169;181;190;city288;195;337;city262
133;city211;330;119;city245;401;115;city161;2;481;city273;446;155;city57;460;431;city262;320;342;city143;398;77;city82;252;422;city170;236;12;city225;410;449;city177
172;city284;91;333;city287;327;245;city104;279;106;city137
149;city59;181;98;city203
161;city143;93;166;city77;427;144;city159;491;92;city297;127;10;city73;411;93;city221;200;497;city164;229;125;city53;318;334;city264;161;83;city249;163;294;city150;266;367;city274;164;168;city104;191;123;city107;421;401;city245;178;104;city222;320;256;city240
127;city50;66;129;city147;463;428;city248;95;485;city188;487;342;city281;412;92;city243;300;152;city249;30;180;city183;469;312;city60;314;135;city259
150;city187;165;454;city110;393;333;city198;25;393;city221;31;137;city54;393;54;city248;90;31;city72;220;236;city96;241;322;city227;252;194;city119;96;88;city91;412;331;city89;357;339;city275;46;362;city211;38;86;city121
174;city95;254;123;city99;275;144;city189;318;441;city201;264;301;city150;4;349;city142;250;385;city66
168;city227;324;205;city164;273;24;city203;498;144;city173;152;248;city252;176;416;city229;259;63;city192;429;189;city122;380;480;city290;65;76;city296;488;284;city223
160;city74;260;51;city118;74;448;city231;408;34;city188;481;317;city252;435;477;city103;46;241;city145;388;163;city216;440;474;city211;204;473;city154;389;13;city77;94;498;city133;282;382;city50;172;53;city108;325;109;city243;274;165;city102;486;228;city295;409;305;city168;25;489;city67;158;113;city220
168;city227;324;205;city164;273;24;city203;498;144;city173;152;248;city252;176;416;city229;259;63;city192;429;189;city122;380;480;city290;65;76;city296;488;284;city223
130;city263;472;207;city195;378;461;city181;113;343;city277;313;406;city72;87;403;city241;246;191;city287;185;311;city289;42;95;city140;424;313;city155;472;259;city296;149;114;city115;423;168;city202;233;497;city95;482;95;city230;371;388;city284;413;296;city79;133;279;city244;21;353;city135;366;14;city188
146;city163;381;384;city63;54;470;city69;446;339;city131;187;171;city246
131;city192;175;194;city115;305;99;city279;50;209;city188;178;465;city130;162;366;city120;351;498;city229;297;410;city104;39;285;city128;445;236;city259;41;452;city147;194;75;city233;207;401;city106;341;144;city213;334;254;city283
165;city97;212;227;city262;324;344;city219;408;55;city233;207;341;city60;72;86;city260;52;70;city149;471;98;city140;498;10;city168;455;475;city193;227;317;city120;161;487;city167;214;439;city55;332;316;city121;420;203;city282;488;215;city151;424;474;city75;368;345;city210;48;274;city223;264;164;city134
128;city211;310;106;city177;378;87;city230;332;191;city83;217;109;city138;106;391;city194;87;444;city59;464;183;city101;437;27;city185;228;89;city184;385;131;city157;91;179;city293;435;5582;city178;173;302;city231;395;250;city68;263;54;city147;292;174;city219;314;136;city171
133;city211;330;119;city245;401;115;city161;2;481;city273;446;155;city57;460;431;city262;320;342;city143;398;77;city82;252;422;city170;236;12;city225;410;449;city177
143;city246;281;312;city219;306;238;city67;418;340;city61;5;143;city153;171;11;city88;181;273;city71;107;96;city269;73;100;city249;308;403;city188;101;64;city235;323;35;city261;457;168;city168;411;325;city157
140;city84;219;320;city223;200;84;city297;197;237;city111;315;272;city96;132;429;city169;241;311;city185;206;384;city268;489;498;city266;132;232;city150;468;251;city218;326;3;city120;399;363;city171;90;24;city249;499;299;city262
143;city246;281;312;city219;306;238;city67;418;340;city61;5;143;city153;171;11;city88;181;273;city71;107;96;city269;73;100;city249;308;403;city188;101;64;city235;323;35;city261;457;168;city168;411;325;city157
174;city95;254;123;city99;275;144;city189;318;441;city201;264;301;city150;4;349;city142;250;385;city66
154;city176;284;29;city136;204;27;city118;101;448;city77;215;149;city250;4;402;city239;500;218;city100;153;87;city154;317;402;city246;203;18;city210;42;88;city132;158;245;city159;76;307;city94;85;390;city148;4;133;city242
146;city163;381;384;city63;54;470;city69;446;339;city131;187;171;city246
148;city102;270;323;city228;299;171;city198;112;52;city261;365;9225;city285;149;223;city200;90;408;city169;27;25;city66;333;14;city202;140;185;city138;498;343;city187;482;337;city271;242;322;city288;50;326;city252
157;city113;454;119;city174;310;212;city50;469;227;city167;164;123;city244
129;city212;411;22;city99;25;361;city246;145;242;city139;195;392;city211;175;221;city84;435;193;city78;327;146;city65;386;175;city279;333;32;city176
129;city212;411;22;city99;25;361;city246;145;242;city139;195;392;city211;175;221;city84;435;193;city78;327;146;city65;386;175;city279;333;32;city176
133;city211;330;119;city245;401;115;city161;2;481;city273;446;155;city57;460;431;city262;320;342;city143;398;77;city82;252;422;city170;236;12;city225;410;449;city177
156;city95;182;119;city291;476;426;city141;179;357;city72;113;66;city242;359;2;city157;301;13;city170;237;16;city223;465;276;city251;264;305;city172;220;348;city66;463;286;city209;58;475;city137;339;79;city230
130;city263;472;207;city195;378;461;city181;113;343;city277;313;406;city72;87;403;city241;246;191;city287;185;311;city289;42;95;city140;424;313;city155;472;259;city296;149;114;city115;423;168;city202;233;497;city95;482;95;city230;371;388;city284;413;296;city79;133;279;city244;21;353;city135;366;14;city188
160;city74;260;51;city118;74;448;city231;408;34;city188;481;317;city252;435;477;city103;46;241;city145;388;163;city216;440;474;city211;204;473;city154;389;13;city77;94;498;city133;282;382;city50;172;53;city108;325;109;city243;274;165;city102;486;228;city295;409;305;city168;25;489;city67;158;113;city220
136;city202;59;428;city153;496;463;city190;474;353;city73;127;424;city170;73;107;city215;261;364;city115;353;251;city58;252;41;city235;76;58;city125;161;203;city175;434;2262;city145;429;479;city247;329;319;city257;252;330;city206;456;197;city64;290;283;city207;4;173;city134;4;399;city219
137;city115;342;331;city283;160;430;city125;71;236;city157;237;57;city132;198;491;city252;105;298;city119;130;6;city182;377;241;city162;134;379;city210
136;city202;59;428;city153;496;463;city190;474;353;city73;127;424;city170;73;107;city215;261;364;city115;353;251;city58;252;41;city235;76;58;city125;161;203;city175;434;2262;city145;429;479;city247;329;319;city257;252;330;city206;456;197;city64;290;283;city207;4;173;city134;4;399;city219
130;city263;472;207;city195;378;461;city181;113;343;city277;313;406;city72;87;403;city241;246;191;city287;185;311;city289;42;95;city140;424;313;city155;472;259;city296;149;114;city115;423;168;city202;233;497;city95;482;95;city230;371;388;city284;413;296;city79;133;279;city244;21;353;city135;366;14;city188
150;city187;165;454;city110;393;333;city198;25;393;city221;31;137;city54;393;54;city248;90;31;city72;220;236;city96;241;322;city227;252;194;city119;96;88;city91;412;331;city89;357;339;city275;46;362;city211;38;86;city121
129;city212;411;22;city99;25;361;city246;145;242;city139;195;392;city211;175;221;city84;435;193;city78;327;146;city65;386;175;city279;333;32;city176
151;city225;149;152;city55;27;491;city222;469;408;city198;129;184;city256;54;27;city187;137;9;city218;227;237;city134;144;410;city197;195;472;city57
141;city77;492;19;city115;440;368;city83
141;city77;492;19;city115;440;368;city83
164;city215;2;151;city93;264;85;city241;284;284;city161;374;348;city143;201;224;city216
146;city163;381;384;city63;54;470;city69;446;339;city131;187;171;city246
129;city212;411;22;city99;25;361;city246;145;242;city139;195;392;city211;175;221;city84;435;193;city78;327;146;city65;386;175;city279;333;32;city176
166;city209;21;139;city211;342;148;city116;272;169;city143;313;393;city227;436;207;city72
135;city102;191;51;city256;194;239;city245;152;152;city150;296;337;city140;193;213;city151
147;city69;3;236;city154;220;432;city111;149;491;city211;181;258;city188;67;445;city215;310;55;city249;241;11;city131;461;300;city179;474;427;city155;393;473;city157
168;city227;324;205;city164;273;24;city203;498;144;city173;152;248;city252;176;416;city229;259;63;city192;429;189;city122;380;480;city290;65;76;city296;488;284;city223
148;city102;270;323;city228;299;171;city198;112;52;city261;365;9225;city285;149;223;city200;90;408;city169;27;25;city66;333;14;city202;140;185;city138;498;343;city187;482;337;city271;242;322;city288;50;326;city252
141;city77;492;19;city115;440;368;city83
131;city192;175;194;city115;305;99;city279;50;209;city188;178;465;city130;162;366;city120;351;498;city229;297;410;city104;39;285;city128;445;236;city259;41;452;city147;194;75;city233;207;401;city106;341;144;city213;334;254;city283
129;city212;411;22;city99;25;361;city246;145;242;city139;195;392;city211;175;221;city84;435;193;city78;327;146;city65;386;175;city279;333;32;city176
144;city66;47;49;city132;458;459;city238;457;204;city235;230;450;city245;320;341;city103;155;48;city289;133;332;city239;414;257;city277;385;214;city295;383;264;city133;49;448;city230
152;city199;382;163;city57;314;193;city124;194;74;city163;323;15;city123;168;91;city108;20;349;city120
147;city69;3;236;city154;220;432;city111;149;491;city211;181;258;city188;67;445;city215;310;55;city249;241;11;city131;461;300;city179;474;427;city155;393;473;city157
157;city113;454;119;city174;310;212;city50;469;227;city167;164;123;city244
168;city227;324;205;city164;273;24;city203;498;144;city173;152;248;city252;176;416;city229;259;63;city192;429;189;city122;380;480;city290;65;76;city296;488;284;city223
126;city224;390;113;city86;166;378;city294;487;353;city237;171;451;city221;481;497;city214;88;460;city229;416;465;city174
164;city215;2;151;city93;264;85;city241;284;284;city161;374;348;city143;201;224;city216
174;city95;254;123;city99;275;144;city189;318;441;city201;264;301;city150;4;349;city142;250;385;city66
143;city246;281;312;city219;306;238;city67;418;340;city61;5;143;city153;171;11;city88;181;273;city71;107;96;city269;73;100;city249;308;403;city188;101;64;city235;323;35;city261;457;168;city168;411;325;city157
156;city95;182;119;city291;476;426;city141;179;357;city72;113;66;city242;359;2;city157;301;13;city170;237;16;city223;465;276;city251;264;305;city172;220;348;city66;463;286;city209;58;475;city137;339;79;city230
169;city239;3;155;city254;264;261;city241;238;245;city235;310;291;city247;270;19;city155;207;26;city174;328;254;city227
152;city199;382;163;city57;314;193;city124;194;74;city163;323;15;city123;168;91;city108;20;349;city120
138;city181;130;467;city173;481;58;city165;274;42;city214;179;329;city294;263;407;city109;194;67;city81;194;182;city137;427;302;city287;363;306;city176;187;440;city200;271;257;city76;491;17;city298;420;271;city183;267;134;city161;233;114;city291;346;225;city220;74;424;city57;102;477;city94;385;319;city88
158;city192;26;156;city107;51;135;city223;358;422;city74;384;40;city57;240;212;city252;272;225;city242;376;330;city276;428;458;city246;278;215;city106
138;city181;130;467;city173;481;58;city165;274;42;city214;179;329;city294;263;407;city109;194;67;city81;194;182;city137;427;302;city287;363;306;city176;187;440;city200;271;257;city76;491;17;city298;420;271;city183;267;134;city161;233;114;city291;346;225;city220;74;424;city57;102;477;city94;385;319;city88
148;city102;270;323;city228;299;171;city198;112;52;city261;365;9225;city285;149;223;city200;90;408;city169;27;25;city66;333;14;city202;140;185;city138;498;343;city187;482;337;city271;242;322;city288;50;326;city252
148;city102;270;323;city228;299;171;city198;112;52;city261;365;9225;city285;149;223;city200;90;408;city169;27;25;city66;333;14;city202;140;185;city138;498;343;city187;482;337;city271;242;322;city288;50;326;city252
160;city74;260;51;city118;74;448;city231;408;34;city188;481;317;city252;435;477;city103;46;241;city145;388;163;city216;440;474;city211;204;473;city154;389;13;city77;94;498;city133;282;382;city50;172;53;city108;325;109;city243;274;165;city102;486;228;city295;409;305;city168;25;489;city67;158;113;city220
149;city59;181;98;city203
155;city159;447;427;city57;487;180;city110;85;91;city205;18;494;city268;52;356;city117;28;295;city60;409;280;city204;37;127;city79;225;96;city138;422;153;city115;444;453;city98;497;34;city163;252;243;city70;144;471;city172;205;244;city283;426;376;city171
144;city66;47;49;city132;458;459;city238;457;204;city235;230;450;city245;320;341;city103;155;48;city289;133;332;city239;414;257;city277;385;214;city295;383;264;city133;49;448;city230
149;city59;181;98;city203
136;city202;59;428;city153;496;463;city190;474;353;city73;127;424;city170;73;107;city215;261;364;city115;353;251;city58;252;41;city235;76;58;city125;161;203;city175;434;2262;city145;429;479;city247;329;319;city257;252;330;city206;456;197;city64;290;283;city207;4;173;city134;4;399;city219
161;city143;93;166;city77;427;144;city159;491;92;city297;127;10;city73;411;93;city221;200;497;city164;229;125;city53;318;334;city264;161;83;city249;163;294;city150;266;367;city274;164;168;city104;191;123;city107;421;401;city245;178;104;city222;320;256;city240
143;city246;281;312;city219;306;238;city67;418;340;city61;5;143;city153;171;11;city88;181;273;city71;107;96;city269;73;100;city249;308;403;city188;101;64;city235;323;35;city261;457;168;city168;411;325;city157
166;city209;21;139;city211;342;148;city116;272;169;city143;313;393;city227;436;207;city72
135;city102;191;51;city256;194;239;city245;152;152;city150;296;337;city140;193;213;city151
137;city115;342;331;city283;160;430;city125;71;236;city157;237;57;city132;198;491;city252;105;298;city119;130;6;city182;377;241;city162;134;379;city210
127;city50;66;129;city147;463;428;city248;95;485;city188;487;342;city281;412;92;city243;300;152;city249;30;180;city183;469;312;city60;314;135;city259
160;city74;260;51;city118;74;448;city231;408;34;city188;481;317;city252;435;477;city103;46;241;city145;388;163;city216;440;474;city211;204;473;city154;389;13;city77;94;498;city133;282;382;city50;172;53;city108;325;109;city243;274;165;city102;486;228;city295;409;305;city168;25;489;city67;158;113;city220
130;city263;472;207;city195;378;461;city181;113;343;city277;313;406;city72;87;403;city241;246;191;city287;185;311;city289;42;95;city140;424;313;city155;472;259;city296;149;114;city115;423;168;city202;233;497;city95;482;95;city230;371;388;city284;413;296;city79;133;279;city244;21;353;city135;366;14;city188
128;city211;310;106;city177;378;87;city230;332;191;city83;217;109;city138;106;391;city194;87;444;city59;464;183;city101;437;27;city185;228;89;city184;385;131;city157;91;179;city293;435;5582;city178;173;302;city231;395;250;city68;263;54;city147;292;174;city219;314;136;city171
125;city77;143;163;city194;395;363;city69;301;354;city220;10;469;city221;173;366;city182;172;7;city281;18;304;city113;2;80;city116;326;359;city253;255;398;city50;99;146;city269;340;439;city225;83;271;city265;339;196;city261;37;99;city79;5;457;city202;471;170;city240
135;city102;191;51;city256;194;239;city245;152;152;city150;296;337;city140;193;213;city151
151;city225;149;152;city55;27;491;city222;469;408;city198;129;184;city256;54;27;city187;137;9;city218;227;237;city134;144;410;city197;195;472;city57
151;city225;149;152;city55;27;491;city222;469;408;city198;129;184;city256;54;27;city187;137;9;city218;227;237;city134;144;410;city197;195;472;city57
173;city280;184;140;city158;65;247;city242;144;48;city51;273;31;city173;252;437;city138;88;74;city189;8;30;city200;299;80;city92;357;461;city196;269;409;city97;113;28;city111;169;130;city197;144;187;city93;138;236;city213;342;239;city145;131;147;city231;390;277;city278
143;city246;281;312;city219;306;238;city67;418;340;city61;5;143;city153;171;11;city88;181;273;city71;107;96;city269;73;100;city249;308;403;city188;101;64;city235;323;35;city261;457;168;city168;411;325;city157
155;city159;447;427;city57;487;180;city110;85;91;city205;18;494;city268;52;356;city117;28;295;city60;409;280;city204;37;127;city79;225;96;city138;422;153;city115;444;453;city98;497;34;city163;252;243;city70;144;471;city172;205;244;city283;426;376;city171
126;city224;390;113;city86;166;378;city294;487;353;city237;171;451;city221;481;497;city214;88;460;city229;416;465;city174
171;city76;348;250;city296;311;259;city294;418;274;city52;382;293;city70;101;470;city197;423;63;city122;447;186;city248;90;239;city111;413;89;city128;275;136;city257;249;193;city208;310;193;city177;156;212;city89;363;13;city186;17;309;city61;439;271;city96
135;city102;191;51;city256;194;239;city245;152;152;city150;296;337;city140;193;213;city151
172;city284;91;333;city287;327;245;city104;279;106;city137
172;city284;91;333;city287;327;245;city104;279;106;city137
169;city239;3;155;city254;264;261;city241;238;245;city235;310;291;city247;270;19;city155;207;26;city174;328;254;city227
139;city259;380;110;city105;42;273;city100;279;491;city205;99;354;city121;250;392;city172;280;116;city169;73;387;city75;269;425;city104
140;city84;219;320;city223;200;84;city297;197;237;city111;315;272;city96;132;429;city169;241;311;city185;206;384;city268;489;498;city266;132;232;city150;468;251;city218;326;3;city120;399;363;city171;90;24;city249;499;299;city262
150;city187;165;454;city110;393;333;city198;25;393;city221;31;137;city54;393;54;city248;90;31;city72;220;236;city96;241;322;city227;252;194;city119;96;88;city91;412;331;city89;357;339;city275;46;362;city211;38;86;city121
152;city199;382;163;city57;314;8051;city124;194;74;city163;323;15;city123;168;91;city108;20;349;city120
171;city76;348;250;city296;311;259;city294;418;274;city52;382;293;city70;101;470;city197;423;63;city122;447;186;city248;90;239;city111;413;89;city128;275;136;city257;249;193;city208;310;193;city177;156;212;city89;363;13;city186;17;309;city61;439;271;city96
154;city176;284;29;city136;204;27;city118;101;448;city77;215;149;city250;4;402;city239;500;218;city100;153;87;city154;317;402;city246;203;18;city210;42;88;city132;158;245;city159;76;307;city94;85;390;city148;4;133;city242
153;city234;41;92;city199;42;132;city92;484;386;city50;351;170;city169;181;190;city288;195;337;city262
142;city125;481;55;city280;416;88;city265;29;150;city52;121;57;city142;369;82;city241;250;381;city99;165;186;city286;264;224;city117;269;261;city263;46;161;city294;83;51;city81;63;108;city277
141;city77;492;19;city115;440;368;city83
137;city115;342;331;city283;160;430;city125;71;236;city157;237;57;city132;198;491;city252;105;298;city119;130;6;city182;377;241;city162;134;379;city210
126;city224;390;113;city86;166;378;city294;487;353;city237;171;451;city221;481;497;city214;88;460;city229;416;465;city174
139;city259;380;110;city105;42;273;city100;279;491;city205;99;354;city121;250;392;city172;280;116;city169;73;387;city75;269;425;city104
145;city207;371;340;city219;351;342;city73;15;55;city141;94;148;city269;224;30;city86;117;38;city178;42;34;city284;334;92;city298;188;4;city149;438;63;city106;248;477;city278;496;65;city181;390;480;city121;357;344;city92;62;297;city119;454;279;city103;13;226;city214;99;186;city147;438;469;city58
150;city187;165;454;city110;393;333;city198;25;393;city221;31;137;city54;393;54;city248;90;31;city72;220;236;city96;241;322;city227;252;194;city119;96;88;city91;412;331;city89;357;339;city275;46;362;city211;38;86;city121
139;city259;380;110;city105;42;273;city100;279;491;city205;99;354;city121;250;392;city172;280;116;city169;73;387;city75;269;425;city104
158;city192;26;156;city107;51;135;city223;358;422;city74;384;40;city57;240;212;city252;272;225;city242;376;330;city276;428;458;city246;278;215;city106
148;city102;270;323;city228;299;171;city198;112;52;city261;365;9225;city285;149;223;city200;90;408;city169;27;25;city66;333;14;city202;140;185;city138;498;343;city187;482;337;city271;242;322;city288;50;326;city252
127;city50;66;129;city147;463;428;city248;95;485;city188;487;342;city281;412;92;city243;300;152;city249;30;180;city183;469;312;city60;314;135;city259
126;city224;390;113;city86;166;378;city294;487;353;city237;171;451;city221;481;497;city214;88;460;city229;416;465;city174
126;city224;390;113;city86;166;378;city294;487;353;city237;171;451;city221;481;497;city214;88;460;city229;416;465;city174
135;city102;191;51;city256;194;239;city245;152;152;city150;296;337;city140;193;213;city151
127;city50;66;129;city147;463;428;city248;95;485;city188;487;342;city281;412;92;city243;300;152;city249;30;180;city183;469;312;city60;314;135;city259
146;city163;381;384;city63;54;470;city69;446;339;city131;187;171;city246
139;city259;380;110;city105;42;273;city100;279;491;city205;99;354;city121;250;392;city172;280;116;city169;73;387;city75;269;425;city104
130;city263;472;207;city195;378;461;city181;113;343;city277;313;406;city72;87;403;city241;246;191;city287;185;311;city289;42;95;city140;424;313;city155;472;259;city296;149;114;city115;423;168;city202;233;497;city95;482;95;city230;371;388;city284;413;296;city79;133;279;city244;21;353;city135;366;14;city188
152;city199;382;163;city57;314;8051;city124;194;74;city163;323;15;city123;168;91;city108;20;349;city120
169;city239;3;155;city254;264;261;city241;238;245;city235;310;291;city247;270;19;city155;207;26;city174;328;254;city227
167;city165;200;102;city260;293;254;city130;42;353;city144;404;264;city55;222;415;city74
133;city211;330;119;city245;401;115;city161;2;481;city273;446;155;city57;460;431;city262;320;342;city143;398;77;city82;252;422;city170;236;12;city225;410;449;city177
151;city225;149;152;city55;27;491;city222;469;408;city198;129;184;city256;54;27;city187;137;9;city218;227;237;city134;144;410;city197;195;472;city57
148;city102;270;323;city228;299;171;city198;112;52;city261;365;9225;city285;149;223;city200;90;408;city169;27;25;city66;333;14;city202;140;185;city138;498;343;city187;482;337;city271;242;322;city288;50;326;city252
127;city50;66;129;city147;463;428;city248;95;485;city188;487;342;city281;412;92;city243;300;152;city249;30;180;city183;469;312;city60;314;135;city259
135;city102;191;51;city256;194;239;city245;152;152;city150;296;337;city140;193;213;city151
144;city66;47;49;city132;458;459;city238;457;204;city235;230;450;city245;320;341;city103;155;48;city289;133;332;city239;414;257;city277;385;214;city295;383;264;city133;49;448;city230
125;city77;143;163;city194;395;363;city69;301;354;city220;10;469;city221;173;366;city182;172;7;city281;18;304;city113;2;80;city116;326;359;city253;255;398;city50;99;146;city269;340;439;city225;83;271;city265;339;196;city261;37;99;city79;5;457;city202;471;170;city240
134;city103;78;377;city208;483;293;city178;279;317;city156;293;295;city232;355;314;city157;457;438;city286;120;477;city292;92;208;city298;434;98;city189;442;176;city102
144;city66;47;49;city132;458;459;city238;457;204;city235;230;450;city245;320;341;city103;155;48;city289;133;332;city239;414;257;city277;385;214;city295;383;264;city133;49;448;city230
172;city284;91;333;city287;327;245;city104;279;106;city137
139;city259;380;110;city105;42;273;city100;279;491;city205;99;354;city121;250;392;city172;280;116;city169;73;387;city75;269;425;city104
156;city95;182;119;city291;476;426;city141;179;357;city72;113;66;city242;359;2;city157;301;13;city170;237;16;city223;465;276;city251;264;305;city172;220;348;city66;463;286;city209;58;475;city137;339;79;city230
142;city125;481;55;city280;416;88;city265;29;150;city52;121;57;city142;369;82;city241;250;381;city99;165;186;city286;264;224;city117;269;261;city263;46;161;city294;83;51;city81;63;108;city277
144;city66;47;49;city132;458;459;city238;457;204;city235;230;450;city245;320;341;city103;155;48;city289;133;332;city239;414;257;city277;385;214;city295;383;264;city133;49;448;city230
131;city192;175;194;city115;305;99;city279;50;209;city188;178;465;city130;162;366;city120;351;498;city229;297;410;city104;39;285;city128;445;236;city259;41;452;city147;194;75;city233;207;401;city106;341;144;city213;334;254;city283
154;city176;284;29;city136;204;27;city118;101;448;city77;215;149;city250;4;402;city239;500;218;city100;153;87;city154;317;402;city246;203;18;city210;42;88;city132;158;245;city159;76;307;city94;85;390;city148;4;133;city242
154;city176;284;29;city136;204;27;city118;101;448;city77;215;149;city250;4;402;city239;500;218;city100;153;87;city154;317;402;city246;203;18;city210;42;88;city132;158;245;city159;76;307;city94;85;390;city148;4;133;city242
165;city97;212;227;city262;324;344;city219;408;55;city233;207;341;city60;72;86;city260;52;70;city149;471;98;city140;498;10;city168;455;475;city193;227;317;city120;161;487;city167;214;439;city55;332;316;city121;420;203;city282;488;215;city151;424;474;city75;368;345;city210;48;274;city223;264;164;city134
134;city103;78;377;city208;483;293;city178;279;317;city156;293;295;city232;355;314;city157;457;438;city286;120;477;city292;92;208;city298;434;98;city189;442;176;city102
130;city263;472;207;city195;378;461;city181;113;343;city277;313;406;city72;87;403;city241;246;191;city287;185;311;city289;42;95;city140;424;313;city155;472;259;city296;149;114;city115;423;168;city202;233;497;city95;482;95;city230;371;388;city284;413;296;city79;133;279;city244;21;353;city135;366;14;city188
132;city159;467;266;city255;266;208;city297;253;58;city175;108;361;city91;245;278;city96;414;263;city232;86;383;city52;355;233;city189;141;39;city212;62;7;city235;439;273;city174
168;city227;324;205;city164;273;24;city203;498;144;city173;152;248;city252;176;416;city229;259;63;city192;429;189;city122;380;480;city290;65;76;city296;488;284;city223
141;city77;492;19;city115;440;368;city83
128;city211;310;106;city177;378;87;city230;332;191;city83;217;109;city138;106;391;city194;87;444;city59;464;183;city101;437;27;city185;228;89;city184;385;131;city157;91;179;city293;435;5582;city178;173;302;city231;395;250;city68;263;54;city147;292;174;city219;314;136;city171
163;city253;78;41;city245
158;city192;26;156;city107;51;135;city223;358;422;city74;384;40;city57;240;212;city252;272;225;city242;376;330;city276;428;458;city246;278;215;city106
174;city95;254;123;city99;275;144;city189;318;441;city201;264;301;city150;4;349;city142;250;385;city66
138;city181;130;467;city173;481;58;city165;274;42;city214;179;329;city294;263;407;city109;194;67;city81;194;182;city137;427;302;city287;363;306;city176;187;440;city200;271;257;city76;491;17;city298;420;271;city183;267;134;city161;233;114;city291;346;225;city220;74;424;city57;102;477;city94;385;319;city88
135;city102;191;51;city256;194;239;city245;152;152;city150;296;337;city140;193;213;city151
130;city263;472;207;city195;378;461;city181;113;343;city277;313;406;city72;87;403;city241;246;191;city287;185;311;city289;42;95;city140;424;313;city155;472;259;city296;149;114;city115;423;168;city202;233;497;city95;482;95;city230;371;388;city284;413;296;city79;133;279;city244;21;353;city135;366;14;city188
170;city111;336;48;city224;241;186;city258;29;180;city206;469;184;city161;244;69;city226;389;192;city56;128;115;city110;340;45;city79;354;473;city84;269;423;city88;422;354;city268;5;94;city135;158;206;city138;257;87;city204;457;5;city233;357;3890;city200;299;409;city237;353;76;city151;295;239;city107
137;city115;342;331;city283;160;430;city125;71;236;city157;237;57;city132;198;491;city252;105;298;city119;130;6;city182;377;241;city162;134;379;city210
149;city59;181;98;city203
169;city239;3;155;city254;264;261;city241;238;245;city235;310;291;city247;270;19;city155;207;26;city174;328;254;city227
126;city224;390;113;city86;166;378;city294;487;353;city237;171;451;city221;481;497;city214;88;460;city229;416;465;city174
154;city176;284;29;city136;204;27;city118;101;448;city77;215;149;city250;4;402;city239;500;218;city100;153;87;city154;317;402;city246;203;18;city210;42;88;city132;158;245;city159;76;307;city94;85;390;city148;4;133;city242
149;city59;181;98;city203
166;city209;21;139;city211;342;148;city116;272;169;city143;313;393;city227;436;207;city72
155;city159;447;427;city57;487;180;city110;85;91;city205;18;494;city268;52;356;city117;28;295;city60;409;280;city204;37;127;city79;225;96;city138;422;153;city115;444;453;city98;497;34;city163;252;243;city70;144;471;city172;205;244;city283;426;376;city171
150;city187;165;454;city110;393;333;city198;25;393;city221;31;137;city54;393;54;city248;90;31;city72;220;236;city96;241;322;city227;252;194;city119;96;88;city91;412;331;city89;357;339;city275;46;362;city211;38;86;city121
161;city143;93;166;city77;427;144;city159;491;92;city297;127;10;city73;411;93;city221;200;497;city164;229;125;city53;318;334;city264;161;83;city249;163;294;city150;266;367;city274;164;168;city104;191;123;city107;421;401;city245;178;104;city222;320;256;city240
146;city163;381;384;city63;54;470;city69;446;339;city131;187;171;city246
132;city159;467;266;city255;266;208;city297;253;58;city175;108;361;city91;245;278;city96;414;263;city232;86;383;city52;355;233;city189;141;39;city212;62;7;city235;439;273;city174
159;city107;294;129;city119;331;269;city259;249;56;city117;138;406;city243;33;95;city233;282;283;city162;101;451;city118;137;101;city267
152;city199;382;163;city57;314;8051;city124;194;74;city163;323;15;city123;168;91;city108;20;349;city120
140;city84;219;320;city223;200;84;city297;197;237;city111;315;272;city96;132;429;city169;241;311;city185;206;384;city268;489;498;city266;132;232;city150;468;251;city218;326;3;city120;399;363;city171;90;24;city249;499;299;city262
144;city66;47;49;city132;458;459;city238;457;204;city235;230;450;city245;320;341;city103;155;48;city289;133;332;city239;414;257;city277;385;214;city295;383;264;city133;49;448;city230
173;city280;184;140;city158;65;247;city242;144;48;city51;273;31;city173;252;437;city138;88;74;city189;8;30;city200;299;80;city92;357;461;city196;269;409;city97;113;28;city111;169;130;city197;144;187;city93;138;236;city213;342;239;city145;131;147;city231;390;277;city278
168;city227;324;205;city164;273;24;city203;498;144;city173;152;248;city252;176;416;city229;259;63;city192;429;189;city122;380;480;city290;65;76;city296;488;284;city223
159;city107;294;129;city119;331;269;city259;249;56;city117;138;406;city243;33;95;city233;282;283;city162;101;451;city118;137;101;city267
164;city215;2;151;city93;264;85;city241;284;284;city161;374;348;city143;201;224;city216
138;city181;130;467;city173;481;58;city165;274;42;city214;179;329;city294;263;407;city109;194;67;city81;194;182;city137;427;302;city287;363;306;city176;187;440;city200;271;257;city76;491;17;city298;420;271;city183;267;134;city161;233;114;city291;346;225;city220;74;424;city57;102;477;city94;385;319;city88
152;city199;382;163;city57;314;8051;city124;194;74;city163;323;15;city123;168;91;city108;20;349;city120
136;city202;59;428;city153;496;463;city190;474;353;city73;127;424;city170;73;107;city215;261;364;city115;353;251;city58;252;41;city235;76;58;city125;161;203;city175;434;2262;city145;429;479;city247;329;319;city257;252;330;city206;456;197;city64;290;3149;city207;4;173;city134;4;399;city219
161;city143;93;166;city77;427;144;city159;491;92;city297;127;10;city73;411;93;city221;200;497;city164;229;125;city53;318;334;city264;161;83;city249;163;294;city150;266;367;city274;164;168;city104;191;123;city107;421;401;city245;178;104;city222;320;256;city240
173;city280;184;140;city158;65;247;city242;144;48;city51;273;31;city173;252;437;city138;88;74;city189;8;30;city200;299;80;city92;357;461;city196;269;409;city97;113;28;city111;169;130;city197;144;187;city93;138;236;city213;342;239;city145;131;147;city231;390;277;city278
166;city209;21;139;city211;342;148;city116;272;169;city143;313;393;city227;436;207;city72
174;city95;254;123;city99;275;144;city189;318;441;city201;264;301;city150;4;349;city142;250;385;city66
140;city84;219;320;city223;200;84;city297;197;237;city111;315;272;city96;132;429;city169;241;311;city185;206;384;city268;489;498;city266;132;232;city150;468;251;city218;326;3;city120;399;363;city171;90;24;city249;499;299;city262
