








132;city128;320;297;city268;79;388;city143;500;113;city272;257;474;city188;301;245;city79;276;382;city159;262;144;city225;17;193;city189;191;123;city265;316;347;city83;154;480;city129


159;city211;329;182;city291;8;82;city272;166;262;city248;76;76;city96;191;225;city151;383;65;city197;314;341;city262;428;21;city226;295;58;city135;351;30;city50;299;403;city76;492;6;city287;337;310;city139;337;316;city269




132;city128;320;297;city268;79;388;city143;500;113;city272;257;474;city188;301;245;city79;276;382;city159;262;144;city225;17;193;city189;191;123;city265;316;347;city83;154;480;city129





150;city198;298;475;city258;384;287;city214;437;252;city221;186;179;city192;77;218;city50;492;190;city256;370;82;city97;274;173;city234;120;69;city152;408;77;city249;110;300;city98;457;353;city147;336;419;city120;474;481;city252;98;376;city262;243;489;city219;390;424;city168;499;41;city64
136;city224;242;380;city92;396;91;city204;358;499;city232;362;393;city152;121;71;city207;390;256;city285;461;49;city98;291;332;city75;178;425;city179;29;19;city109;172;179;city71;144;387;city99;194;83;city167;57;100;city119;451;197;city111;141;183;city213;257;98;city76;32;423;city255


173;city213;68;274;city267;66;306;city119;366;234;city99;26;179;city219;336;141;city207;332;388;city166


151;city152;30;262;city233;239;422;city99;427;64;city285;194;460;city281;326;372;city128;351;239;city63;174;346;city119;408;391;city52;415;158;city268;137;270;city187
164;city57;175;119;city73;224;182;city152;205;214;city257
159;city211;329;182;city291;8;82;city272;166;262;city248;76;76;city96;191;225;city151;383;65;city197;314;341;city262;428;21;city226;295;58;city135;351;30;city50;299;403;city76;492;6;city287;337;310;city139;337;316;city269
167;city134;177;116;city65;43;183;city168;242;185;city124;181;51;city273;13;273;city86;70;165;city51;203;148;city84;86;23;city251;214;294;city131;65;11;city249;470;159;city240;389;311;city218

168;city68;262;22;city257;82;331;city102;343;500;city117;193;258;city206;218;248;city213

165;city102;58;56;city239;26;114;city264;266;369;city247;139;442;city134;223;43;city99;319;127;city114;229;452;city227;204;346;city157;431;447;city282;49;460;city130;296;352;city234;116;153;city65
165;city102;58;56;city239;26;114;city264;266;369;city247;139;442;city134;223;43;city99;319;127;city114;229;452;city227;204;346;city157;431;447;city282;49;460;city130;296;352;city234;116;153;city65
164;city57;175;119;city73;224;182;city152;205;214;city257



173;city213;68;274;city267;66;306;city119;366;234;city99;26;179;city219;336;141;city207;332;388;city166

153;city100;419;3;city120;146;362;city221;15;274;city256;308;225;city117;369;462;city263;360;107;city228;336;83;city114


129;city111;90;382;city259;283;132;city105;113;4;city122;178;222;city177;354;112;city251;349;361;city54;222;301;city96;245;379;city241;310;330;city129;270;266;city97;166;68;city212;174;309;city163;190;382;city114;129;64;city186

173;city213;68;274;city267;66;306;city119;366;234;city99;26;179;city219;336;141;city207;332;388;city166
170;city157;359;273;city87;341;401;city114
132;city128;320;297;city268;79;388;city143;500;113;city272;257;474;city188;301;245;city79;276;382;city159;262;144;city225;17;193;city189;191;123;city265;316;347;city83;154;480;city129
126;city142;270;255;city194;456;500;city150;168;66;city217

150;city198;298;475;city258;384;287;city214;437;252;city221;186;179;city192;77;218;city50;492;190;city256;370;82;city97;274;173;city234;120;69;city152;408;77;city249;110;300;city98;457;353;city147;336;419;city120;474;481;city252;98;376;city262;243;489;city219;390;424;city168;499;41;city64

132;city128;320;297;city268;79;388;city143;500;113;city272;257;474;city188;301;245;city79;276;382;city159;262;144;city225;17;193;city189;191;123;city265;316;347;city83;154;480;city129


139;city265;205;298;city51;144;134;city298;22;210;city266;405;79;city290;43;474;city160;191;457;city53;88;433;city252;497;406;city107;224;457;city264;468;483;city235;308;346;city163;437;307;city138;56;122;city58;108;38;city259

151;city152;30;262;city233;239;422;city99;427;64;city285;194;460;city281;326;372;city128;351;239;city63;174;346;city119;408;391;city52;415;158;city268;137;270;city187

148;city156;474;314;city205;395;137;city173;242;209;city118;296;21;city181;276;165;city246;192;387;city297;186;254;city264;347;193;city142;79;6;city150;89;114;city144;294;189;city245;200;94;city220;3;253;city201

142;city136;97;471;city277;459;429;city213;426;415;city187
165;city102;58;56;city239;26;114;city264;266;369;city247;139;442;city134;223;43;city99;319;127;city114;229;452;city227;204;346;city157;431;447;city282;49;460;city130;296;352;city234;116;153;city65


139;city265;205;298;city51;144;134;city298;22;210;city266;405;79;city290;43;474;city160;191;457;city53;88;433;city252;497;406;city107;224;457;city264;468;483;city235;308;346;city163;437;307;city138;56;122;city58;108;38;city259

147;city124;418;490;city171;425;147;city288;385;480;city149;4;481;city68;468;23;city295;224;30;city254;200;404;city267;282;69;city181;258;271;city253;316;273;city201;174;44;city107;90;165;city284
150;city198;298;475;city258;384;287;city214;437;252;city221;186;179;city192;77;218;city50;492;190;city256;370;82;city97;274;173;city234;120;69;city152;408;77;city249;110;300;city98;457;353;city147;336;419;city120;474;481;city252;98;376;city262;243;489;city219;390;424;city168;499;41;city64
163;city84;331;357;city282;77;240;city109;130;374;city269
142;city136;97;471;city277;459;429;city213;426;415;city187
166;city219;388;471;city121;262;232;city207;325;291;city221;439;66;city208;484;16;city167;60;448;city252;75;269;city230;132;486;city165
129;city111;90;382;city259;283;132;city105;113;4;city122;178;222;city177;354;112;city251;349;361;city54;222;301;city96;245;379;city241;310;330;city129;270;266;city97;166;68;city212;174;309;city163;190;382;city114;129;64;city186
133;city135;66;314;city268;480;144;city286;174;261;city296
155;city157;6;327;city196;331;182;city82;73;210;city93;136;334;city226;29;397;city282;402;268;city144;335;128;city112;167;367;city298
131;city173;480;374;city281;494;323;city239;437;395;city262;50;166;city77
162;city73;316;453;city91;190;202;city166;129;288;city195;488;114;city105;110;391;city156;109;199;city118;419;479;city149;85;236;city101;421;318;city60;422;283;city251;428;459;city78;265;167;city253;209;79;city97;191;378;city120;16;169;city178;121;481;city248;365;487;city241

170;city157;359;273;city87;341;401;city114
147;city124;418;490;city171;425;147;city288;385;480;city149;4;481;city68;468;23;city295;224;30;city254;200;404;city267;282;69;city181;258;271;city253;316;273;city201;174;44;city107;90;165;city284
155;city157;6;327;city196;331;182;city82;73;210;city93;136;334;city226;29;397;city282;402;268;city144;335;128;city112;167;367;city298
168;city68;262;22;city257;82;331;city102;343;500;city117;193;258;city206;218;248;city213
156;city218;236;153;city96;137;411;city144;87;304;city291;67;187;city60;395;137;city268;31;193;city240;297;244;city106;302;9;city254;22;289;city67;96;495;city292;274;173;city235;84;273;city227;213;343;city112;337;65;city128
158;city294;418;335;city71;492;55;city248;491;359;city91;241;331;city133;378;29;city292;232;312;city229;215;413;city58;201;192;city132;492;126;city70;150;317;city280;368;116;city115
126;city142;270;255;city194;456;500;city150;168;66;city217
174;city199;410;298;city110;324;308;city168;4;47;city206
138;city292;30;301;city115;358;292;city195;209;77;city108;471;346;city254;308;153;city175;154;339;city262;336;318;city56;87;354;city127
155;city157;6;327;city196;331;182;city82;73;210;city93;136;334;city226;29;397;city282;402;268;city144;335;128;city112;167;367;city298
139;city265;205;298;city51;144;134;city298;22;210;city266;405;79;city290;43;474;city160;191;457;city53;88;433;city252;497;406;city107;224;457;city264;468;483;city235;308;346;city163;437;307;city138;56;122;city58;108;38;city259
146;city262;20;348;city76;444;495;city211;96;112;city122

161;city265;178;261;city140;395;35;city125;136;422;city115
155;city157;6;327;city196;331;182;city82;73;210;city93;136;334;city226;29;397;city282;402;268;city144;335;128;city112;167;367;city298
128;city102;406;59;city203;402;184;city108;248;402;city56;181;391;city255;438;266;city254;485;343;city105;157;152;city138;436;95;city219;251;333;city71;188;246;city178;42;137;city139;202;474;city69;127;67;city68;226;39;city144;357;50;city165
161;city265;178;261;city140;395;35;city125;136;422;city115
141;city122;232;218;city120;340;294;city277;436;32;city249;144;383;city146

154;city56;227;4;city211;102;46;city232
146;city262;20;348;city76;444;495;city211;96;112;city122
132;city128;320;297;city268;79;388;city143;500;113;city272;257;474;city188;301;245;city79;276;382;city159;262;144;city225;17;193;city189;191;123;city265;316;347;city83;154;480;city129
151;city152;30;262;city233;239;422;city99;427;64;city285;194;460;city281;326;372;city128;351;239;city63;174;346;city119;408;391;city52;415;158;city268;137;270;city187
146;city262;20;348;city76;444;495;city211;96;112;city122
128;city102;406;59;city203;402;184;city108;248;402;city56;181;391;city255;438;266;city254;485;343;city105;157;152;city138;436;95;city219;251;333;city71;188;246;city178;42;137;city139;202;474;city69;127;67;city68;226;39;city144;357;50;city165
144;city223;142;375;city170;80;173;city51;110;149;city111;221;186;city125;21;308;city280;254;430;city213;16;394;city106;138;324;city59;435;36;city226
162;city73;316;453;city91;190;202;city166;129;288;city195;488;114;city105;110;391;city156;109;199;city118;419;479;city149;85;236;city101;421;318;city60;422;283;city251;428;459;city78;265;167;city253;209;79;city97;191;378;city120;16;169;city178;121;481;city248;365;487;city241
164;city57;175;119;city73;224;182;city152;205;214;city257
163;city84;331;357;city282;77;240;city109;130;374;city269
131;city173;480;374;city281;494;323;city239;437;395;city262;50;166;city77
126;city142;270;255;city194;456;500;city150;168;66;city217
150;city198;298;475;city258;384;287;city214;437;252;city221;186;179;city192;77;218;city50;492;190;city256;370;82;city97;274;173;city234;120;69;city152;408;77;city249;110;300;city98;457;353;city147;336;419;city120;474;481;city252;98;376;city262;243;489;city219;390;424;city168;499;41;city64
145;city215;410;278;city101;467;393;city65;277;54;city127;268;94;city210;281;60;city96;431;409;city157;380;70;city174;311;112;city182;148;339;city99;458;314;city95;376;423;city286;271;232;city86;53;302;city281;213;8;city110;234;483;city137;457;158;city104
128;city102;406;59;city203;402;184;city108;248;402;city56;181;391;city255;438;266;city254;485;343;city105;157;152;city138;436;95;city219;251;333;city71;188;246;city178;42;137;city139;202;474;city69;127;67;city68;226;39;city144;357;50;city165
128;city102;406;59;city203;402;184;city108;248;402;city56;181;391;city255;438;266;city254;485;343;city105;157;152;city138;436;95;city219;251;333;city71;188;246;city178;42;137;city139;202;474;city69;127;67;city68;226;39;city144;357;50;city165
136;city224;242;380;city92;396;91;city204;358;499;city232;362;393;city152;121;71;city207;390;256;city285;461;49;city98;291;332;city75;178;425;city179;29;19;city109;172;179;city71;144;387;city99;194;83;city167;57;100;city119;451;197;city111;141;183;city213;257;98;city76;32;423;city255
137;city184;251;282;city106;114;478;city235;44;282;city207;363;456;city176;288;372;city164
152;city90;477;385;city101;260;439;city177;56;391;city186;227;406;city259;273;81;city200;14;358;city138;422;358;city74;253;184;city261;314;35;city201;399;210;city229;458;418;city188;379;490;city178;244;385;city104;308;155;city120;45;192;city187;150;430;city238;40;414;city78
166;city219;388;471;city121;262;232;city207;325;291;city221;439;66;city208;484;16;city167;60;448;city252;75;269;city230;132;486;city165
133;city135;66;314;city268;480;144;city286;174;261;city296
148;city156;474;314;city205;395;137;city173;242;209;city118;296;21;city181;276;165;city246;192;387;city297;186;254;city264;347;193;city142;79;6;city150;89;114;city144;294;189;city245;200;94;city220;3;253;city201
160;city241;449;359;city230;284;436;city142
131;city173;480;374;city281;494;323;city239;437;395;city262;50;166;city77
154;city56;227;4;city211;102;46;city232
151;city152;30;262;city233;239;422;city99;427;64;city285;194;460;city281;326;372;city128;351;239;city63;174;346;city119;408;391;city52;415;158;city268;137;270;city187
142;city136;97;471;city277;459;429;city213;426;415;city187
140;city245;443;363;city260;36;148;city296
144;city223;142;375;city170;80;173;city51;110;149;city111;221;186;city125;21;308;city280;254;430;city213;16;394;city106;138;324;city59;435;36;city226
139;city265;205;298;city51;144;134;city298;22;210;city266;405;79;city290;43;474;city160;191;457;city53;88;433;city252;497;406;city107;224;457;city264;468;483;city235;308;346;city163;437;307;city138;56;122;city58;108;38;city259
154;city56;227;4;city211;102;46;city232
137;city184;251;282;city106;114;478;city235;44;282;city207;363;456;city176;288;372;city164
129;city111;90;382;city259;283;132;city105;113;4;city122;178;222;city177;354;112;city251;349;361;city54;222;301;city96;245;379;city241;310;330;city129;270;266;city97;166;68;city212;174;309;city163;190;382;city114;129;64;city186
167;city134;177;116;city65;43;183;city168;242;185;city124;181;51;city273;13;273;city86;70;165;city51;203;148;city84;86;23;city251;214;294;city131;65;11;city249;470;159;city240;389;311;city218
138;city292;30;301;city115;358;292;city195;209;77;city108;471;346;city254;308;153;city175;154;339;city262;336;318;city56;87;354;city127
161;city265;178;261;city140;395;35;city125;136;422;city115
151;city152;30;262;city233;239;422;city99;427;64;city285;194;460;city281;326;372;city128;351;239;city63;174;346;city119;408;391;city52;415;158;city268;137;270;city187
142;city136;97;471;city277;459;429;city213;426;415;city187
153;city100;419;3;city120;146;362;city221;15;274;city256;308;225;city117;369;462;city263;360;107;city228;336;83;city114
167;city134;177;116;city65;43;183;city168;242;185;city124;181;51;city273;13;273;city86;70;165;city51;203;148;city84;86;23;city251;214;294;city131;65;11;city249;470;159;city240;389;311;city218
130;city259;137;418;city256;340;101;city118;77;94;city212;361;100;city105;334;96;city169;359;379;city147;393;335;city245;369;460;city177;407;142;city294;154;240;city296;321;234;city199;238;126;city230

167;city134;177;116;city65;43;183;city168;242;185;city124;181;51;city273;13;273;city86;70;165;city51;203;148;city84;86;23;city251;214;294;city131;65;11;city249;470;159;city240;389;311;city218
160;city241;449;359;city230;284;436;city142
163;city84;331;357;city282;77;240;city109;130;374;city269
160;city241;449;359;city230;284;436;city142
151;city152;30;262;city233;239;422;city99;427;64;city285;194;460;city281;326;372;city128;351;239;city63;174;346;city119;408;391;city52;415;158;city268;137;270;city187
157;city263;420;102;city253;426;214;city114;481;427;city283;166;241;city147;345;51;city276;32;240;city88;431;62;city180;41;85;city275;120;438;city112;99;141;city146;81;31;city181;415;387;city212;174;317;city60;118;333;city245;337;17;city265;125;310;city96;44;132;city89;149;497;city130;357;286;city248
165;city102;58;56;city239;26;114;city264;266;369;city247;139;442;city134;223;43;city99;319;127;city114;229;452;city227;204;346;city157;431;447;city282;49;460;city130;296;352;city234;116;153;city65
164;city57;175;119;city73;224;182;city152;205;214;city257
128;city102;406;59;city203;402;184;city108;248;402;city56;181;391;city255;438;266;city254;485;343;city105;157;152;city138;436;95;city219;251;333;city71;188;246;city178;42;137;city139;202;474;city69;127;67;city68;226;39;city144;357;50;city165
147;city124;418;490;city171;425;147;city288;385;480;city149;4;481;city68;468;23;city295;224;30;city254;200;404;city267;282;69;city181;258;271;city253;316;273;city201;174;44;city107;90;165;city284

156;city218;236;153;city96;137;411;city144;87;304;city291;67;187;city60;395;137;city268;31;193;city240;297;244;city106;302;9;city254;22;289;city67;96;495;city292;274;173;city235;84;273;city227;213;343;city112;337;65;city128
140;city245;443;363;city260;36;148;city296
129;city111;90;382;city259;283;132;city105;113;4;city122;178;222;city177;354;112;city251;349;361;city54;222;301;city96;245;379;city241;310;330;city129;270;266;city97;166;68;city212;174;309;city163;190;382;city114;129;64;city186
155;city157;6;327;city196;331;182;city82;73;210;city93;136;334;city226;29;397;city282;402;268;city144;335;128;city112;167;367;city298
126;city142;270;255;city194;456;500;city150;168;66;city217
172;city248;226;302;city76;342;348;city212;446;121;city90;273;160;city243;414;465;city292;419;132;city265;5;453;city258;11;226;city96;404;302;city105;499;487;city146;80;457;city172;473;355;city206;82;69;city123;237;191;city145;405;151;city178;421;331;city274;223;430;city264;191;241;city175
156;city218;236;153;city96;137;411;city144;87;304;city291;67;187;city60;395;137;city268;31;193;city240;297;244;city106;302;9;city254;22;289;city67;96;495;city292;274;173;city235;84;273;city227;213;343;city112;337;65;city128
143;city131;39;136;city165;429;137;city208;167;379;city59;226;294;city221;293;333;city189;224;155;city198;237;93;city253;132;288;city245;299;169;city279;28;82;city56;422;318;city270;67;193;city58;208;366;city181;30;74;city99;132;199;city126;316;453;city62;15;415;city57;431;189;city82
134;city186;54;2;city62;403;385;city267;158;345;city202;329;484;city293;429;160;city119;378;133;city100;162;465;city107
138;city292;30;301;city115;358;292;city195;209;77;city108;471;346;city254;308;153;city175;154;339;city262;336;318;city56;87;354;city127
149;city179;262;239;city199;13;330;city112;13;29;city274;296;27;city125;268;164;city93;250;178;city131;163;144;city50
145;city215;410;278;city101;467;393;city65;277;54;city127;268;94;city210;281;60;city96;431;409;city157;380;70;city174;311;112;city182;148;339;city99;458;314;city95;376;423;city286;271;232;city86;53;302;city281;213;8;city110;234;483;city137;457;158;city104
130;city259;137;418;city256;340;101;city118;77;94;city212;361;100;city105;334;96;city169;359;379;city147;393;335;city245;369;460;city177;407;142;city294;154;240;city296;321;234;city199;238;126;city230
155;city157;6;327;city196;331;182;city82;73;210;city93;136;334;city226;29;397;city282;402;268;city144;335;128;city112;167;367;city298
170;city157;359;273;city87;341;401;city114
172;city248;226;302;city76;342;348;city212;446;121;city90;273;160;city243;414;465;city292;419;132;city265;5;453;city258;11;226;city96;404;302;city105;499;487;city146;80;457;city172;473;355;city206;82;69;city123;237;191;city145;405;151;city178;421;331;city274;223;430;city264;191;241;city175
140;city245;443;363;city260;36;148;city296
125;city125;182;442;city181;113;15;city266;311;198;city113;252;9;city97;295;117;city137;486;238;city154;54;234;city200;379;250;city214;139;160;city160;256;284;city101;132;267;city84;8;498;city109
163;city84;331;357;city282;77;240;city109;130;374;city269
128;city102;406;59;city203;402;184;city108;248;402;city56;181;391;city255;438;266;city254;485;343;city105;157;152;city138;436;95;city219;251;333;city71;188;246;city178;42;137;city139;202;474;city69;127;67;city68;226;39;city144;357;50;city165
148;city156;474;314;city205;395;137;city173;242;209;city118;296;21;city181;276;165;city246;192;387;city297;186;254;city264;347;193;city142;79;6;city150;89;114;city144;294;189;city245;200;94;city220;3;253;city201
150;city198;298;475;city258;384;287;city214;437;252;city221;186;179;city192;77;218;city50;492;190;city256;370;82;city97;274;173;city234;120;69;city152;408;77;city249;110;300;city98;457;353;city147;336;419;city120;474;481;city252;98;376;city262;243;489;city219;390;424;city168;499;41;city64
145;city215;410;278;city101;467;393;city65;277;54;city127;268;94;city210;281;60;city96;431;409;city157;380;70;city174;311;112;city182;148;339;city99;458;314;city95;376;423;city286;271;232;city86;53;302;city281;213;8;city110;234;483;city137;457;158;city104
133;city135;66;314;city268;480;144;city286;174;261;city296
157;city263;420;102;city253;426;214;city114;481;427;city283;166;241;city147;345;51;city276;32;240;city88;431;62;city180;41;85;city275;120;438;city112;99;141;city146;81;31;city181;415;387;city212;174;317;city60;118;333;city245;337;17;city265;125;310;city96;44;132;city89;149;497;city130;357;286;city248
139;city265;205;298;city51;144;134;city298;22;210;city266;405;79;city290;43;474;city160;191;457;city53;88;433;city252;497;406;city107;224;457;city264;468;483;city235;308;346;city163;437;307;city138;56;122;city58;108;38;city259
166;city219;388;471;city121;262;232;city207;325;291;city221;439;66;city208;484;16;city167;60;448;city252;75;269;city230;132;486;city165
157;city263;420;102;city253;426;214;city114;481;427;city283;166;241;city147;345;51;city276;32;240;city88;431;62;city180;41;85;city275;120;438;city112;99;141;city146;81;31;city181;415;387;city212;174;317;city60;118;333;city245;337;17;city265;125;310;city96;44;132;city89;149;497;city130;357;286;city248
152;city90;477;385;city101;260;439;city177;56;391;city186;227;406;city259;273;81;city200;14;358;city138;422;358;city74;253;184;city261;314;35;city201;399;210;city229;458;418;city188;379;490;city178;244;385;city104;308;155;city120;45;192;city187;150;430;city238;40;414;city78
162;city73;316;453;city91;190;202;city166;129;288;city195;488;114;city105;110;391;city156;109;199;city118;419;479;city149;85;236;city101;421;318;city60;422;283;city251;428;459;city78;265;167;city253;209;79;city97;191;378;city120;16;169;city178;121;481;city248;365;487;city241
158;city294;418;335;city71;492;55;city248;491;359;city91;241;331;city133;378;29;city292;232;312;city229;215;413;city58;201;192;city132;492;126;city70;150;317;city280;368;116;city115
166;city219;388;471;city121;262;232;city207;325;291;city221;439;66;city208;484;16;city167;60;448;city252;75;269;city230;132;486;city165
141;city122;232;218;city120;340;294;city277;436;32;city249;144;383;city146
168;city68;262;22;city257;82;331;city102;343;500;city117;193;258;city206;218;248;city213
129;city111;90;382;city259;283;132;city105;113;4;city122;178;222;city177;354;112;city251;349;361;city54;222;301;city96;245;379;city241;310;330;city129;270;266;city97;166;68;city212;174;309;city163;190;382;city114;129;64;city186
131;city173;480;374;city281;494;323;city239;437;395;city262;50;166;city77
148;city156;474;314;city205;395;137;city173;242;209;city118;296;21;city181;276;165;city246;192;387;city297;186;254;city264;347;193;city142;79;6;city150;89;114;city144;294;189;city245;200;94;city220;3;253;city201
138;city292;30;301;city115;358;292;city195;209;77;city108;471;346;city254;308;153;city175;154;339;city262;336;318;city56;87;354;city127
154;city56;227;4;city211;102;46;city232
164;city57;175;119;city73;224;182;city152;205;214;city257
143;city131;39;136;city165;429;137;city208;167;379;city59;226;294;city221;293;333;city189;224;155;city198;237;93;city253;132;288;city245;299;169;city279;28;82;city56;422;318;city270;67;193;city58;208;366;city181;30;74;city99;132;199;city126;316;453;city62;15;415;city57;431;189;city82
129;city111;90;382;city259;283;132;city105;113;4;city122;178;222;city177;354;112;city251;349;361;city54;222;301;city96;245;379;city241;310;330;city129;270;266;city97;166;68;city212;174;309;city163;190;382;city114;129;64;city186
130;city259;137;418;city256;340;101;city118;77;94;city212;361;100;city105;334;96;city169;359;379;city147;393;335;city245;369;460;city177;407;142;city294;154;240;city296;321;234;city199;238;126;city230
153;city100;419;5524;city120;146;362;city221;15;274;city256;308;225;city117;369;462;city263;360;107;city228;336;83;city114
154;city56;227;4;city211;102;46;city232
144;city223;142;375;city170;80;173;city51;110;149;city111;221;186;city125;21;308;city280;254;430;city213;16;394;city106;138;324;city59;435;36;city226
171;city72;430;224;city254;19;49;city98;310;498;city116;5;171;city173;112;260;city271;462;453;city270
153;city100;419;5524;city120;146;362;city221;15;274;city256;308;225;city117;369;462;city263;360;107;city228;336;83;city114
160;city241;449;359;city230;284;436;city142
133;city135;66;314;city268;480;144;city286;174;261;city296
167;city134;177;116;city65;43;183;city168;242;185;city124;181;51;city273;13;273;city86;70;165;city51;203;148;city84;86;23;city251;214;294;city131;65;11;city249;470;159;city240;389;311;city218
151;city152;30;262;city233;239;422;city99;427;64;city285;194;460;city281;326;372;city128;351;239;city63;174;346;city119;408;391;city52;415;158;city268;137;270;city187
132;city128;320;297;city268;79;388;city143;500;113;city272;257;474;city188;301;245;city79;276;382;city159;262;144;city225;17;193;city189;191;123;city265;316;347;city83;154;480;city129
172;city248;226;302;city76;342;348;city212;446;121;city90;273;160;city243;414;465;city292;419;132;city265;5;453;city258;11;226;city96;404;302;city105;499;487;city146;80;457;city172;473;355;city206;82;69;city123;237;191;city145;405;151;city178;421;331;city274;223;430;city264;191;241;city175
161;city265;178;261;city140;395;35;city125;136;422;city115
142;city136;97;471;city277;459;429;city213;426;415;city187
156;city218;236;153;city96;137;411;city144;87;304;city291;67;187;city60;395;137;city268;31;193;city240;297;244;city106;302;9;city254;22;289;city67;96;495;city292;274;173;city235;84;273;city227;213;343;city112;337;65;city128
126;city142;270;255;city194;456;500;city150;168;66;city217
144;city223;142;375;city170;80;173;city51;110;149;city111;221;186;city125;21;308;city280;254;430;city213;16;394;city106;138;324;city59;435;36;city226
164;city57;175;119;city73;224;182;city152;205;214;city257
154;city56;227;4;city211;102;46;city232
137;city184;251;282;city106;114;478;city235;44;282;city207;363;456;city176;288;372;city164
140;city245;443;363;city260;36;148;city296
130;city259;137;418;city256;340;101;city118;77;94;city212;361;100;city105;334;96;city169;359;379;city147;393;335;city245;369;460;city177;407;142;city294;154;240;city296;321;234;city199;238;126;city230
156;city218;236;153;city96;137;411;city144;87;304;city291;67;187;city60;395;137;city268;31;193;city240;297;244;city106;302;9;city254;22;289;city67;96;495;city292;274;173;city235;84;273;city227;213;343;city112;337;65;city128
148;city156;474;314;city205;395;137;city173;242;209;city118;296;21;city181;276;165;city246;192;387;city297;186;254;city264;347;193;city142;79;6;city150;89;114;city144;294;189;city245;200;94;city220;3;253;city201
163;city84;331;357;city282;77;240;city109;130;374;city269
138;city292;30;301;city115;358;292;city195;209;77;city108;471;346;city254;308;153;city175;154;339;city262;336;318;city56;87;354;city127
125;city125;182;442;city181;113;15;city266;311;198;city113;252;9;city97;295;117;city137;486;238;city154;54;234;city200;379;250;city214;139;160;city160;256;284;city101;132;267;city84;8;498;city109
129;city111;90;382;city259;283;132;city105;113;4;city122;178;222;city177;354;112;city251;349;361;city54;222;301;city96;245;379;city241;310;330;city129;270;266;city97;166;68;city212;174;309;city163;190;382;city114;129;64;city186
172;city248;226;302;city76;342;348;city212;446;121;city90;273;160;city243;414;465;city292;419;132;city265;5;453;city258;11;226;city96;404;302;city105;499;487;city146;80;457;city172;473;355;city206;82;69;city123;237;191;city145;405;151;city178;421;331;city274;223;430;city264;191;241;city175
170;city157;359;273;city87;341;401;city114
160;city241;449;359;city230;284;436;city142
142;city136;97;471;city277;459;429;city213;426;415;city187
142;city136;97;471;city277;459;429;city213;426;415;city187
153;city100;419;5524;city120;146;362;city221;15;274;city256;308;225;city117;369;462;city263;360;107;city228;336;83;city114
173;city213;68;274;city267;66;306;city119;366;234;city99;26;179;city219;336;141;city207;332;388;city166
158;city294;418;335;city71;492;55;city248;491;359;city91;241;331;city133;378;29;city292;232;312;city229;215;413;city58;201;192;city132;492;126;city70;150;317;city280;368;116;city115
174;city199;410;298;city110;324;308;city168;4;47;city206
146;city262;20;348;city76;444;495;city211;96;112;city122
160;city241;449;359;city230;284;436;city142
140;city245;443;363;city260;36;148;city296
149;city179;262;239;city199;13;330;city112;13;29;city274;296;27;city125;268;164;city93;250;178;city131;163;144;city50
146;city262;20;348;city76;444;495;city211;96;112;city122
166;city219;388;471;city121;262;232;city207;325;291;city221;439;66;city208;484;16;city167;60;448;city252;75;269;city230;132;486;city165
133;city135;66;314;city268;480;144;city286;174;261;city296
132;city128;320;297;city268;79;388;city143;500;113;city272;257;474;city188;301;245;city79;276;382;city159;262;144;city225;17;193;city189;191;123;city265;316;347;city83;154;480;city129
169;city183;64;425;city187;461;303;city175;17;254;city160;84;400;city59;158;462;city245;409;394;city242;71;340;city210;231;250;city82;69;500;city154;101;16;city216;59;496;city78;220;331;city147;344;333;city105;123;119;city276;102;285;city117
161;city265;178;261;city140;395;35;city125;136;422;city115
167;city134;177;116;city65;43;183;city168;242;185;city124;181;51;city273;13;273;city86;70;165;city51;203;148;city84;86;23;city251;214;294;city131;65;11;city249;470;159;city240;389;311;city218
139;city265;205;298;city51;144;134;city298;22;210;city266;405;79;city290;43;474;city160;191;457;city53;88;433;city252;497;406;city107;224;457;city264;468;483;city235;308;346;city163;437;307;city138;56;122;city58;108;38;city259
152;city90;477;385;city101;260;439;city177;56;391;city186;227;406;city259;273;81;city200;14;358;city138;422;358;city74;253;184;city261;314;35;city201;399;210;city229;458;418;city188;379;490;city178;244;385;city104;308;155;city120;45;192;city187;150;430;city238;40;414;city78
167;city134;177;116;city65;43;183;city168;242;185;city124;181;51;city273;13;273;city86;70;165;city51;203;148;city84;86;23;city251;214;294;city131;65;11;city249;470;159;city240;389;311;city218
143;city131;39;136;city165;429;137;city208;167;379;city59;226;294;city221;293;333;city189;224;155;city198;237;93;city253;132;288;city245;299;169;city279;28;82;city56;422;318;city270;67;193;city58;208;366;city181;30;74;city99;132;199;city126;316;453;city62;15;415;city57;431;189;city82
135;city126;165;424;city76;45;194;city141;458;400;city92;350;428;city164;26;293;city69;499;7;city199;252;67;city111;95;18;city62;129;124;city54;322;487;city182;220;476;city279;340;481;city257;453;131;city192;16;276;city106
142;city136;97;471;city277;459;429;city213;426;415;city187
135;city126;165;424;city76;45;194;city141;458;400;city92;350;428;city164;26;293;city69;499;7;city199;252;67;city111;95;18;city62;129;124;city54;322;487;city182;220;476;city279;340;481;city257;453;131;city192;16;276;city106
147;city124;418;490;city171;425;147;city288;385;480;city149;4;481;city68;468;23;city295;224;30;city254;200;404;city267;282;69;city181;258;271;city253;316;273;city201;174;44;city107;90;165;city284
145;city215;410;278;city101;467;393;city65;277;54;city127;268;94;city210;281;60;city96;431;409;city157;380;70;city174;311;112;city182;148;339;city99;458;314;city95;376;423;city286;271;232;city86;53;302;city281;213;8;city110;234;483;city137;457;158;city104
146;city262;20;348;city76;444;495;city211;96;112;city122
132;city128;320;297;city268;79;388;city143;500;113;city272;257;474;city188;301;245;city79;276;382;city159;262;144;city225;17;193;city189;191;123;city265;316;347;city83;154;480;city129
155;city157;6;327;city196;331;182;city82;73;210;city93;136;334;city226;29;397;city282;402;268;city144;335;128;city112;167;367;city298
135;city126;165;424;city76;45;194;city141;458;400;city92;350;428;city164;26;293;city69;499;7;city199;252;67;city111;95;18;city62;129;124;city54;322;487;city182;220;476;city279;340;481;city257;453;131;city192;16;276;city106
131;city173;480;374;city281;494;323;city239;437;395;city262;50;166;city77
173;city213;68;274;city267;66;306;city119;366;234;city99;26;179;city219;336;141;city207;332;388;city166
141;city122;232;218;city120;340;294;city277;436;32;city249;144;383;city146
135;city126;165;424;city76;45;194;city141;458;400;city92;350;428;city164;26;293;city69;499;7;city199;252;67;city111;95;18;city62;129;124;city54;322;487;city182;220;476;city279;340;481;city257;453;131;city192;16;276;city106
158;city294;418;335;city71;492;55;city248;491;359;city91;241;331;city133;378;29;city292;232;312;city229;215;413;city58;201;192;city132;492;126;city70;150;317;city280;368;116;city115
143;city131;39;136;city165;429;137;city208;167;379;city59;226;294;city221;293;333;city189;224;155;city198;237;93;city253;132;288;city245;299;169;city279;28;82;city56;422;318;city270;67;193;city58;208;366;city181;30;74;city99;132;199;city126;316;453;city62;15;415;city57;431;189;city82
132;city128;320;297;city268;79;388;city143;500;113;city272;257;474;city188;301;245;city79;276;382;city159;262;144;city225;17;193;city189;191;123;city265;316;347;city83;154;480;city129
147;city124;418;490;city171;425;147;city288;385;480;city149;4;481;city68;468;23;city295;224;30;city254;200;404;city267;282;69;city181;258;271;city253;316;273;city201;174;44;city107;90;165;city284
129;city111;90;382;city259;283;132;city105;113;4;city122;178;222;city177;354;112;city251;349;361;city54;222;301;city96;245;379;city241;310;330;city129;270;266;city97;166;68;city212;174;309;city163;190;382;city114;129;64;city186
134;city186;54;2;city62;403;385;city267;158;345;city202;329;484;city293;429;160;city119;378;133;city100;162;465;city107
167;city134;177;116;city65;43;183;city168;242;185;city124;181;51;city273;13;273;city86;70;165;city51;203;148;city84;86;23;city251;214;294;city131;65;11;city249;470;159;city240;389;311;city218
138;city292;30;301;city115;358;292;city195;209;77;city108;471;346;city254;308;153;city175;154;339;city262;336;318;city56;87;354;city127
157;city263;420;102;city253;426;214;city114;481;427;city283;166;241;city147;345;51;city276;32;240;city88;431;62;city180;41;85;city275;120;438;city112;99;141;city146;81;31;city181;415;387;city212;174;317;city60;118;333;city245;337;17;city265;125;310;city96;44;132;city89;149;497;city130;357;286;city248
162;city73;316;453;city91;190;202;city166;129;288;city195;488;114;city105;110;391;city156;109;199;city118;419;479;city149;85;236;city101;421;318;city60;422;283;city251;428;459;city78;265;167;city253;209;79;city97;191;378;city120;16;169;city178;121;481;city248;365;487;city241
149;city179;262;239;city199;13;330;city112;13;29;city274;296;27;city125;268;164;city93;250;178;city131;163;144;city50
133;city135;66;314;city268;480;144;city286;174;261;city296
146;city262;20;348;city76;444;495;city211;96;112;city122
141;city122;232;218;city120;340;294;city277;436;32;city249;144;383;city146
172;city248;226;302;city76;342;348;city212;446;121;city90;273;160;city243;414;465;city292;419;132;city265;5;453;city258;11;226;city96;404;302;city105;499;487;city146;80;457;city172;473;355;city206;82;69;city123;237;191;city145;405;151;city178;421;331;city274;223;430;city264;191;241;city175
134;city186;54;2;city62;403;385;city267;158;345;city202;329;484;city293;429;160;city119;378;133;city100;162;465;city107
148;city156;474;314;city205;395;137;city173;242;209;city118;296;21;city181;276;165;city246;192;387;city297;186;254;city264;347;193;city142;79;6;city150;89;114;city144;294;189;city245;200;94;city220;3;253;city201
131;city173;480;374;city281;494;323;city239;437;395;city262;50;166;city77
142;city136;97;471;city277;459;429;city213;426;415;city187
171;city72;430;224;city254;19;49;city98;310;498;city116;5;171;city173;112;260;city271;462;453;city270
139;city265;205;298;city51;144;134;city298;22;210;city266;405;79;city290;43;474;city160;191;457;city53;88;433;city252;497;406;city107;224;457;city264;468;483;city235;308;346;city163;437;307;city138;56;122;city58;108;38;city259
163;city84;331;357;city282;77;240;city109;130;374;city269
170;city157;359;273;city87;341;401;city114
129;city111;90;382;city259;283;132;city105;113;4;city122;178;222;city177;354;112;city251;349;361;city54;222;301;city96;245;379;city241;310;330;city129;270;266;city97;166;68;city212;174;309;city163;190;382;city114;129;64;city186
134;city186;54;2;city62;403;385;city267;158;345;city202;329;484;city293;429;160;city119;378;133;city100;162;465;city107
154;city56;227;4;city211;102;46;city232
171;city72;430;224;city254;19;49;city98;310;498;city116;5;171;city173;112;260;city271;462;453;city270
165;city102;58;56;city239;26;114;city264;266;369;city247;139;442;city134;223;43;city99;319;127;city114;229;452;city227;204;346;city157;431;447;city282;49;460;city130;296;352;city234;116;153;city65
127;city156;423;62;city87;377;244;city161;454;418;city71;395;447;city165;314;168;city162;243;277;city142;450;282;city115
141;city122;232;218;city120;340;294;city277;436;32;city249;144;383;city146
143;city131;39;136;city165;429;137;city208;167;379;city59;226;294;city221;293;333;city189;224;155;city198;237;93;city253;132;288;city245;299;169;city279;28;82;city56;422;318;city270;67;193;city58;208;366;city181;30;74;city99;132;199;city126;316;453;city62;15;415;city57;431;189;city82
141;city122;232;218;city120;340;294;city277;436;32;city249;144;383;city146
167;city134;177;116;city65;43;183;city168;242;185;city124;181;51;city273;13;273;city86;70;165;city51;203;148;city84;86;23;city251;214;294;city131;65;11;city249;470;159;city240;389;311;city218
158;city294;418;335;city71;492;55;city248;491;359;city91;241;331;city133;378;29;city292;232;312;city229;215;413;city58;201;192;city132;492;126;city70;150;317;city280;368;116;city115
132;city128;320;297;city268;79;388;city143;500;113;city272;257;474;city188;301;245;city79;276;382;city159;262;144;city225;17;193;city189;191;123;city265;316;347;city83;154;480;city129
125;city125;182;442;city181;113;15;city266;311;198;city113;252;9;city97;295;117;city137;486;238;city154;54;234;city200;379;250;city214;139;160;city160;256;284;city101;132;267;city84;8;498;city109
153;city100;419;5524;city120;146;362;city221;15;274;city256;308;225;city117;369;462;city263;360;107;city228;336;83;city114
150;city198;298;475;city258;384;287;city214;437;252;city221;186;179;city192;77;218;city50;492;190;city256;370;82;city97;274;173;city234;120;69;city152;408;77;city249;110;300;city98;457;353;city147;336;419;city120;474;481;city252;98;376;city262;243;489;city219;390;424;city168;499;41;city64
133;city135;66;314;city268;480;144;city286;174;261;city296
156;city218;236;153;city96;137;411;city144;87;304;city291;67;187;city60;395;137;city268;31;193;city240;297;244;city106;302;9;city254;22;289;city67;96;495;city292;274;173;city235;84;273;city227;213;343;city112;337;65;city128
169;city183;64;425;city187;461;303;city175;17;254;city160;84;400;city59;158;462;city245;409;394;city242;71;340;city210;231;250;city82;69;500;city154;101;16;city216;59;496;city78;220;331;city147;344;333;city105;123;119;city276;102;285;city117
142;city136;97;471;city277;459;429;city213;426;415;city187
151;city152;30;262;city233;239;422;city99;427;64;city285;194;460;city281;326;372;city128;351;239;city63;174;346;city119;408;391;city52;415;158;city268;137;270;city187
173;city213;68;274;city267;66;306;city119;366;234;city99;26;179;city219;336;141;city207;332;388;city166
154;city56;227;4;city211;102;46;city232
151;city152;30;262;city233;239;422;city99;427;64;city285;194;460;city281;326;372;city128;351;239;city63;174;346;city119;408;391;city52;415;158;city268;137;270;city187
157;city263;420;102;city253;426;214;city114;481;427;city283;166;241;city147;345;51;city276;32;240;city88;431;62;city180;41;85;city275;120;438;city112;99;141;city146;81;31;city181;415;387;city212;174;317;city60;118;333;city245;337;17;city265;125;310;city96;44;132;city89;149;497;city130;357;286;city248
151;city152;30;262;city233;239;422;city99;427;64;city285;194;460;city281;326;372;city128;351;239;city63;174;346;city119;408;391;city52;415;158;city268;137;270;city187
172;city248;226;302;city76;342;348;city212;446;121;city90;273;160;city243;414;465;city292;419;132;city265;5;453;city258;11;226;city96;404;302;city105;499;487;city146;80;457;city172;473;355;city206;82;69;city123;237;191;city145;405;151;city178;421;331;city274;223;430;city264;191;241;city175
167;city134;177;116;city65;43;183;city168;242;185;city124;181;51;city273;13;273;city86;70;165;city51;203;148;city84;86;23;city251;214;294;city131;65;11;city249;470;159;city240;389;311;city218
140;city245;443;363;city260;36;148;city296
131;city173;480;374;city281;494;323;city239;437;395;city262;50;166;city77
129;city111;90;382;city259;283;132;city105;113;4;city122;178;222;city177;354;112;city251;349;361;city54;222;301;city96;245;379;city241;310;330;city129;270;266;city97;166;68;city212;174;309;city163;190;382;city114;129;64;city186
138;city292;30;301;city115;358;292;city195;209;77;city108;471;346;city254;308;153;city175;154;339;city262;336;318;city56;87;354;city127
148;city156;474;314;city205;395;137;city173;242;209;city118;296;21;city181;276;165;city246;192;387;city297;186;254;city264;347;193;city142;79;6;city150;89;114;city144;294;189;city245;200;94;city220;3;253;city201
128;city102;406;59;city203;402;184;city108;248;402;city56;181;391;city255;438;266;city254;485;343;city105;157;152;city138;436;95;city219;251;333;city71;188;246;city178;42;137;city139;202;474;city69;127;67;city68;226;39;city144;357;50;city165
157;city263;420;102;city253;426;214;city114;481;427;city283;166;241;city147;345;51;city276;32;240;city88;431;62;city180;41;85;city275;120;438;city112;99;141;city146;81;31;city181;415;387;city212;174;317;city60;118;333;city245;337;17;city265;125;310;city96;44;132;city89;149;497;city130;357;286;city248
166;city219;388;471;city121;262;232;city207;325;291;city221;439;66;city208;484;16;city167;60;448;city252;75;269;city230;132;486;city165
165;city102;58;56;city239;26;114;city264;266;369;city247;139;442;city134;223;43;city99;319;127;city114;229;452;city227;204;346;city157;431;447;city282;49;460;city130;296;352;city234;116;153;city65
165;city102;58;56;city239;26;114;city264;266;369;city247;139;442;city134;223;43;city99;319;127;city114;229;452;city227;204;346;city157;431;447;city282;49;460;city130;296;352;city234;116;153;city65
133;city135;66;314;city268;480;144;city286;174;261;city296
154;city56;227;4;city211;102;46;city232
130;city259;137;418;city256;340;101;city118;77;94;city212;361;100;city105;334;96;city169;359;379;city147;393;335;city245;369;460;city177;407;142;city294;154;240;city296;321;234;city199;238;126;city230
125;city125;182;442;city181;113;15;city266;311;198;city113;252;9;city97;295;117;city137;486;238;city154;54;234;city200;379;250;city214;139;160;city160;256;284;city101;132;267;city84;8;498;city109
135;city126;165;424;city76;45;194;city141;458;400;city92;350;428;city164;26;293;city69;499;7;city199;252;67;city111;95;18;city62;129;124;city54;322;487;city182;220;476;city279;340;481;city257;453;131;city192;16;276;city106
164;city57;175;119;city73;224;182;city152;205;214;city257
139;city265;205;298;city51;144;134;city298;22;210;city266;405;79;city290;43;474;city160;191;457;city53;88;433;city252;497;406;city107;224;457;city264;468;483;city235;308;346;city163;437;307;city138;56;122;city58;108;38;city259
132;city128;320;297;city268;79;388;city143;500;113;city272;257;474;city188;301;245;city79;276;382;city159;262;144;city225;17;193;city189;191;123;city265;316;347;city83;154;480;city129
166;city219;388;471;city121;262;232;city207;325;291;city221;439;66;city208;484;16;city167;60;448;city252;75;269;city230;132;486;city165
163;city84;331;357;city282;77;240;city109;130;374;city269
160;city241;449;359;city230;284;436;city142
151;city152;30;262;city233;239;422;city99;427;64;city285;194;460;city281;326;372;city128;351;239;city63;174;346;city119;408;391;city52;415;158;city268;137;270;city187
166;city219;388;471;city121;262;232;city207;325;291;city221;439;66;city208;484;16;city167;60;448;city252;75;269;city230;132;486;city165
142;city136;97;471;city277;459;429;city213;426;415;city187
159;city211;329;182;city291;8;82;city272;166;262;city248;76;76;city96;191;225;city151;383;65;city197;314;341;city262;428;21;city226;295;58;city135;351;30;city50;299;403;city76;492;6;city287;337;310;city139;337;316;city269
147;city124;418;490;city171;425;147;city288;385;480;city149;4;481;city68;468;23;city295;224;30;city254;200;404;city267;282;69;city181;258;271;city253;316;273;city201;174;44;city107;90;165;city284
140;city245;443;363;city260;36;148;city296
159;city211;329;182;city291;8;82;city272;166;262;city248;76;76;city96;191;225;city151;383;65;city197;314;341;city262;428;21;city226;295;58;city135;351;30;city50;299;403;city76;492;6;city287;337;310;city139;337;316;city269
154;city56;227;4;city211;102;46;city232
158;city294;418;335;city71;492;55;city248;491;359;city91;241;331;city133;378;29;city292;232;312;city229;215;413;city58;201;192;city132;492;126;city70;150;317;city280;368;116;city115
139;city265;205;298;city51;144;134;city298;22;210;city266;405;79;city290;43;474;city160;191;457;city53;88;433;city252;497;406;city107;224;457;city264;468;483;city235;308;346;city163;437;307;city138;56;122;city58;108;38;city259
137;city184;251;282;city106;114;478;city235;44;282;city207;363;456;city176;288;372;city164
154;city56;227;4;city211;102;46;city232
169;city183;64;425;city187;461;303;city175;17;254;city160;84;400;city59;158;462;city245;409;394;city242;71;340;city210;231;250;city82;69;500;city154;101;16;city216;59;496;city78;220;331;city147;344;333;city105;123;119;city276;102;285;city117
127;city156;423;62;city87;377;244;city161;454;418;city71;395;447;city165;314;168;city162;243;277;city142;450;282;city115
146;city262;20;348;city76;444;495;city211;96;112;city122
165;city102;58;56;city239;26;114;city264;266;369;city247;139;442;city134;223;43;city99;319;127;city114;229;452;city227;204;346;city157;431;447;city282;49;460;city130;296;352;city234;116;153;city65
125;city125;182;442;city181;113;15;city266;311;198;city113;252;9;city97;295;117;city137;486;238;city154;54;234;city200;379;250;city214;139;160;city160;256;284;city101;132;267;city84;8;498;city109
149;city179;262;239;city199;13;330;city112;13;29;city274;296;27;city125;268;164;city93;250;178;city131;163;144;city50
136;city224;242;380;city92;396;91;city204;358;499;city232;362;393;city152;121;71;city207;390;256;city285;461;49;city98;291;332;city75;178;425;city179;29;19;city109;172;179;city71;144;387;city99;194;83;city167;57;100;city119;451;197;city111;141;183;city213;257;98;city76;32;423;city255
130;city259;137;418;city256;340;101;city118;77;94;city212;361;100;city105;334;96;city169;359;379;city147;393;335;city245;369;460;city177;407;142;city294;154;240;city296;321;234;city199;238;126;city230
157;city263;420;102;city253;426;214;city114;481;427;city283;166;241;city147;345;51;city276;32;240;city88;431;62;city180;41;85;city275;120;438;city112;99;141;city146;81;31;city181;415;387;city212;174;317;city60;118;333;city245;337;17;city265;125;310;city96;44;132;city89;149;497;city130;357;286;city248
134;city186;54;2;city62;403;385;city267;158;345;city202;329;484;city293;429;160;city119;378;133;city100;162;465;city107
137;city184;251;282;city106;114;478;city235;44;282;city207;363;456;city176;288;372;city164
142;city136;97;471;city277;459;429;city213;426;415;city187
127;city156;423;62;city87;377;244;city161;454;418;city71;395;447;city165;314;168;city162;243;277;city142;450;282;city115
138;city292;30;301;city115;358;292;city195;209;77;city108;471;346;city254;308;153;city175;154;339;city262;336;318;city56;87;354;city127
136;city224;242;380;city92;396;91;city204;358;499;city232;362;393;city152;121;71;city207;390;256;city285;461;49;city98;291;332;city75;178;425;city179;29;19;city109;172;179;city71;144;387;city99;194;83;city167;57;100;city119;451;197;city111;141;183;city213;257;98;city76;32;423;city255
141;city122;232;218;city120;340;294;city277;436;32;city249;144;383;city146
154;city56;227;4;city211;102;46;city232
158;city294;418;335;city71;492;55;city248;491;359;city91;241;331;city133;378;29;city292;232;312;city229;215;413;city58;201;192;city132;492;126;city70;150;317;city280;368;116;city115
144;city223;142;375;city170;80;173;city51;110;149;city111;221;186;city125;21;308;city280;254;430;city213;16;394;city106;138;324;city59;435;36;city226
149;city179;262;239;city199;13;330;city112;13;29;city274;296;27;city125;268;164;city93;250;178;city131;163;144;city50
