




170;city178;315;440;city89;355;328;city207;308;246;city80;144;139;city138;52;429;city250;346;224;city105;417;143;city159;79;116;city65;382;305;city127;225;232;city271;227;357;city118;8;492;city124;74;495;city200






132;city206;193;263;city95;228;260;city221;109;117;city236;139;198;city208;44;50;city121;42;43;city279

157;city96;122;238;city205;312;285;city67;275;414;city213;309;318;city189;178;485;city127;472;79;city257

157;city96;122;238;city205;312;285;city67;275;414;city213;309;318;city189;178;485;city127;472;79;city257
132;city206;193;263;city95;228;260;city221;109;117;city236;139;198;city208;44;50;city121;42;43;city279




153;city207;16;26;city166;143;9;city82;171;464;city83;425;115;city248;436;203;city94;67;159;city255;42;147;city81;122;138;city234;340;254;city197;187;243;city116
149;city181;66;290;city148;385;377;city201;134;426;city150;411;327;city296;233;491;city220
141;city109;234;496;city229;276;184;city252;309;225;city281;189;190;city120;97;72;city261;408;134;city88;308;458;city205;319;479;city50;233;488;city216;386;172;city58;377;222;city271;163;243;city200;213;357;city63
173;city260;364;111;city252;217;156;city63;190;445;city124;69;55;city89;23;378;city118;185;116;city60;177;120;city289;268;401;city54;175;81;city126;424;442;city242
164;city282;467;85;city55;31;189;city139


136;city70;261;5;city205;389;86;city66;209;333;city218;35;155;city167;280;180;city221;341;194;city112
156;city255;363;328;city289

127;city127;135;178;city59;425;455;city149;116;411;city128;84;398;city296;312;248;city190;179;499;city285;2;446;city133;40;400;city112;229;199;city86
140;city162;261;472;city66;162;146;city184;170;173;city89;134;289;city80;44;18;city147;212;488;city98;327;64;city262;399;487;city260;432;74;city130;226;4;city85;221;53;city181;347;382;city253;188;450;city103;199;180;city224


167;city278;7;93;city100;187;81;city136;412;2;city139;371;282;city248;218;243;city95;151;477;city243;426;156;city168;79;171;city288;249;367;city252;195;418;city190;426;103;city289;42;472;city230;59;367;city117
171;city105;74;230;city76;359;156;city140;154;384;city80;204;194;city206
130;city251;232;467;city61;415;222;city287;358;61;city54;255;318;city127;223;499;city248;51;216;city90;458;235;city256;120;367;city233;150;252;city135;468;399;city240


161;city127;393;465;city137;385;388;city220;148;322;city128
164;city282;467;85;city55;31;189;city139

152;city162;304;316;city272
157;city96;122;238;city205;312;285;city67;275;414;city213;309;318;city189;178;485;city127;472;79;city257
138;city124;381;498;city147;407;274;city241;131;120;city181;11;407;city222;198;71;city87;213;297;city126;377;77;city295;283;381;city114;201;498;city161;89;170;city194
152;city162;304;316;city272
140;city162;261;472;city66;162;146;city184;170;173;city89;134;289;city80;44;18;city147;212;488;city98;327;64;city262;399;487;city260;432;74;city130;226;4;city85;221;53;city181;347;382;city253;188;450;city103;199;180;city224
155;city299;170;233;city277

134;city89;447;454;city256;385;278;city222;13;278;city260;135;269;city76;488;21;city183;349;224;city74;384;150;city265;67;370;city156;117;455;city155;230;73;city295;398;267;city197;307;497;city223;178;473;city99;298;231;city121
162;city299;385;271;city146
169;city144;447;363;city275;260;143;city64;373;384;city171;401;313;city238;250;327;city139;215;300;city101;221;340;city69;94;103;city94;71;498;city287;166;282;city226;104;172;city213
155;city299;170;233;city277

148;city152;129;371;city175;172;281;city148;468;346;city96;221;76;city212;189;489;city278;23;35;city84;456;187;city144;127;492;city145;404;193;city85
130;city251;232;467;city61;415;222;city287;358;61;city54;255;318;city127;223;499;city248;51;216;city90;458;235;city256;120;367;city233;150;252;city135;468;399;city240
161;city127;393;465;city137;385;388;city220;148;322;city128



160;city235;280;117;city275;321;357;city59;114;393;city188;334;200;city73



128;city110;232;491;city153;387;83;city199;332;454;city187;271;435;city252;209;86;city276;422;338;city104;2;2;city294;496;4;city97;152;434;city91;64;94;city55;111;187;city185;157;243;city179;306;324;city95;84;477;city130;103;455;city124;326;23;city151;327;389;city145;163;346;city209;499;186;city155

156;city255;363;328;city289
155;city299;170;233;city277
162;city299;385;271;city146
156;city255;363;328;city289
163;city123;202;141;city207;446;166;city195;212;405;city77;116;499;city91;91;395;city93;248;45;city299;284;19;city129;354;181;city190;382;339;city99;257;93;city232;248;206;city153
126;city56;117;221;city120;392;304;city270;249;495;city245;267;33;city79;140;104;city61;263;429;city58;346;254;city126;221;266;city59;498;41;city75;194;243;city85

128;city110;232;491;city153;387;83;city199;332;454;city187;271;435;city252;209;86;city276;422;338;city104;2;2;city294;496;4;city97;152;434;city91;64;94;city55;111;187;city185;157;243;city179;306;324;city95;84;477;city130;103;455;city124;326;23;city151;327;389;city145;163;346;city209;499;186;city155
147;city85;16;73;city227;193;29;city297;183;44;city58;141;420;city169;409;449;city120;341;419;city194;457;248;city87;416;144;city275;136;294;city205;405;124;city99;473;217;city156
143;city240;481;250;city267;484;267;city136;72;309;city187;49;460;city248;75;321;city191;75;114;city188;456;341;city70;463;346;city97
150;city154;329;287;city87;409;265;city130;498;468;city184;132;414;city183;441;447;city144;152;283;city187;353;7;city151;380;334;city294;126;17;city288;474;92;city244;275;465;city172;155;162;city105;36;208;city282;75;421;city299;164;337;city52;419;405;city135;92;426;city84

157;city96;122;238;city205;312;285;city67;275;414;city213;309;318;city189;178;485;city127;472;79;city257
160;city235;280;117;city275;321;357;city59;114;393;city188;334;200;city73
157;city96;122;238;city205;312;285;city67;275;414;city213;309;318;city189;178;485;city127;472;79;city257
125;city255;60;473;city69;320;31;city288;244;209;city203;170;12;city171;383;472;city237;430;490;city246;272;286;city243;17;275;city170;129;162;city199;106;105;city145;42;58;city107;445;237;city298;58;20;city195;491;279;city173;415;239;city91;427;172;city117

136;city70;261;5;city205;389;86;city66;209;333;city218;35;155;city167;280;180;city221;341;194;city112
161;city127;393;465;city137;385;388;city220;148;322;city128
127;city127;135;178;city59;425;455;city149;116;411;city128;84;398;city296;312;248;city190;179;499;city285;2;446;city133;40;400;city112;229;199;city86
141;city109;234;496;city229;276;184;city252;309;225;city281;189;190;city120;97;72;city261;408;134;city88;308;458;city205;319;479;city50;233;488;city216;386;172;city58;377;222;city271;163;243;city200;213;357;city63
138;city124;381;498;city147;407;274;city241;131;120;city181;11;407;city222;198;71;city87;213;297;city126;377;77;city295;283;381;city114;201;498;city161;89;170;city194
151;city139;199;255;city267;154;495;city142;388;160;city249;377;128;city236;326;231;city151;74;286;city109;313;46;city85;49;489;city251;203;221;city68;57;33;city293;13;473;city265;98;158;city84;168;197;city234;230;442;city285;424;299;city248;198;176;city237;22;6;city192;345;411;city290
163;city123;202;141;city207;446;166;city195;212;405;city77;116;499;city91;91;395;city93;248;45;city299;284;19;city129;354;181;city190;382;339;city99;257;93;city232;248;206;city153

151;city139;199;255;city267;154;495;city142;388;160;city249;377;128;city236;326;231;city151;74;286;city109;313;46;city85;49;489;city251;203;221;city68;57;33;city293;13;473;city265;98;158;city84;168;197;city234;230;442;city285;424;299;city248;198;176;city237;22;6;city192;345;411;city290
171;city105;74;230;city76;359;156;city140;154;384;city80;204;194;city206
147;city85;16;73;city227;193;29;city297;183;44;city58;141;420;city169;409;449;city120;341;419;city194;457;248;city87;416;144;city275;136;294;city205;405;124;city99;473;217;city156
135;city204;476;44;city200;289;336;city259;448;196;city213;326;71;city221;99;442;city289;205;483;city273;204;369;city77;463;102;city165;231;416;city226;429;367;city64;407;259;city151;402;491;city99;374;277;city233;138;209;city279;278;431;city122;23;129;city196;101;122;city223;374;178;city270;292;321;city187
161;city127;393;465;city137;385;388;city220;148;322;city128
157;city96;122;238;city205;312;285;city67;275;414;city213;309;318;city189;178;485;city127;472;79;city257
157;city96;122;238;city205;312;285;city67;275;414;city213;309;318;city189;178;485;city127;472;79;city257
165;city99;285;237;city212;83;103;city137;84;244;city70;489;464;city189;159;490;city93;384;151;city166;109;112;city124;178;71;city221
149;city181;66;290;city148;385;377;city201;134;426;city150;411;327;city296;233;491;city220
156;city255;363;328;city289
160;city235;280;117;city275;321;357;city59;114;393;city188;334;200;city73
159;city130;129;394;city194;344;159;city228;350;51;city136;269;441;city214;387;274;city233;93;95;city220;436;401;city183;192;114;city287;9;114;city133;241;134;city128;22;359;city68;311;458;city179;15;446;city221;55;409;city280;455;366;city59;207;148;city248;498;47;city239;304;259;city231;378;249;city86
155;city299;170;233;city277
141;city109;234;496;city229;276;184;city252;309;225;city281;189;190;city120;97;72;city261;408;134;city88;308;458;city205;319;479;city50;233;488;city216;386;172;city58;377;222;city271;163;243;city200;213;357;city63

153;city207;16;26;city166;143;9;city82;171;464;city83;425;115;city248;436;203;city94;67;159;city255;42;147;city81;122;138;city234;340;254;city197;187;243;city116
159;city130;129;394;city194;344;159;city228;350;51;city136;269;441;city214;387;274;city233;93;95;city220;436;401;city183;192;114;city287;9;114;city133;241;134;city128;22;359;city68;311;458;city179;15;446;city221;55;409;city280;455;366;city59;207;148;city248;498;47;city239;304;259;city231;378;249;city86
147;city85;16;73;city227;193;29;city297;183;44;city58;141;420;city169;409;449;city120;341;419;city194;457;248;city87;416;144;city275;136;294;city205;405;124;city99;473;217;city156
134;city89;447;454;city256;385;278;city222;13;278;city260;135;269;city76;488;21;city183;349;224;city74;384;150;city265;67;370;city156;117;455;city155;230;73;city295;398;267;city197;307;497;city223;178;473;city99;298;231;city121
154;city179;147;78;city108
147;city85;16;73;city227;193;29;city297;183;44;city58;141;420;city169;409;449;city120;341;419;city194;457;248;city87;416;144;city275;136;294;city205;405;124;city99;473;217;city156
138;city124;381;498;city147;407;274;city241;131;120;city181;11;407;city222;198;71;city87;213;297;city126;377;77;city295;283;381;city114;201;498;city161;89;170;city194
150;city154;329;287;city87;409;265;city130;498;468;city184;132;414;city183;441;447;city144;152;283;city187;353;7;city151;380;334;city294;126;17;city288;474;92;city244;275;465;city172;155;162;city105;36;208;city282;75;421;city299;164;337;city52;419;405;city135;92;426;city84
153;city207;16;26;city166;143;9;city82;171;464;city83;425;115;city248;436;203;city94;67;159;city255;42;147;city81;122;138;city234;340;254;city197;187;243;city116
134;city89;447;454;city256;385;278;city222;13;278;city260;135;269;city76;488;21;city183;349;224;city74;384;150;city265;67;370;city156;117;455;city155;230;73;city295;398;267;city197;307;497;city223;178;473;city99;298;231;city121
173;city260;364;111;city252;217;156;city63;190;445;city124;69;55;city89;23;378;city118;185;116;city60;177;120;city289;268;401;city54;175;81;city126;424;442;city242
142;city133;204;10;city178;87;264;city229;296;466;city116;293;84;city244
133;city65;42;227;city80;300;163;city90;109;348;city87;274;493;city172;319;399;city104;305;307;city259;88;119;city253
130;city251;232;467;city61;415;222;city287;358;61;city54;255;318;city127;223;499;city248;51;216;city90;458;235;city256;120;367;city233;150;252;city135;468;399;city240
167;city278;7;93;city100;187;81;city136;412;2;city139;371;282;city248;218;243;city95;151;477;city243;426;156;city168;79;171;city288;249;367;city252;195;418;city190;426;103;city289;42;472;city230;59;367;city117
126;city56;117;221;city120;392;304;city270;249;495;city245;267;33;city79;140;104;city61;263;429;city58;346;6480;city126;221;266;city59;498;41;city75;194;243;city85
152;city162;304;316;city272
158;city111;298;196;city262;45;290;city95;330;31;city267;121;369;city61;230;253;city158;213;182;city159;303;46;city182;329;485;city213;14;482;city219;165;140;city276
138;city124;381;498;city147;407;274;city241;131;120;city181;11;407;city222;198;71;city87;213;297;city126;377;77;city295;283;381;city114;201;498;city161;89;170;city194
157;city96;122;238;city205;312;285;city67;275;414;city213;309;318;city189;178;485;city127;472;79;city257
155;city299;170;233;city277
164;city282;467;85;city55;31;189;city139
171;city105;74;230;city76;359;156;city140;154;384;city80;204;194;city206
164;city282;467;85;city55;31;189;city139
130;city251;232;467;city61;415;222;city287;358;61;city54;255;318;city127;223;499;city248;51;216;city90;458;235;city256;120;367;city233;150;252;city135;468;399;city240
164;city282;467;85;city55;31;189;city139
132;city206;193;263;city95;228;260;city221;109;117;city236;139;198;city208;44;50;city121;42;43;city279
172;city66;271;483;city63;136;320;city235;397;105;city298;141;83;city53;288;156;city202;100;386;city214;165;202;city92;7;238;city279
172;city66;271;483;city63;136;320;city235;397;105;city298;141;83;city53;288;156;city202;100;386;city214;165;202;city92;7;238;city279
130;city251;232;467;city61;415;222;city287;358;61;city54;255;318;city127;223;499;city248;51;216;city90;458;235;city256;120;367;city233;150;252;city135;468;399;city240
146;city252;40;280;city255;104;287;city61;46;194;city223;381;484;city299
137;city246;285;470;city124;461;290;city104;157;264;city187;219;476;city275;255;278;city158;220;460;city164;88;384;city282;25;126;city81;123;388;city98
170;city178;315;440;city89;355;328;city207;308;246;city80;144;139;city138;52;429;city250;346;224;city105;417;143;city159;79;116;city65;382;305;city127;225;232;city271;227;357;city118;8;492;city124;74;495;city200
164;city282;467;85;city55;31;189;city139
135;city204;476;44;city200;289;336;city259;448;196;city213;326;71;city221;99;442;city289;205;483;city273;204;369;city77;463;102;city165;231;416;city226;429;367;city64;407;259;city151;402;491;city99;374;277;city233;138;209;city279;278;431;city122;23;129;city196;101;122;city223;374;178;city270;292;321;city187
153;city207;16;26;city166;143;9;city82;171;464;city83;425;115;city248;436;203;city94;67;159;city255;42;147;city81;122;138;city234;340;254;city197;187;243;city116
147;city85;16;73;city227;193;29;city297;183;44;city58;141;420;city169;409;449;city120;341;419;city194;457;248;city87;416;144;city275;136;294;city205;405;124;city99;473;217;city156
125;city255;60;473;city69;320;31;city288;244;209;city203;170;12;city171;383;472;city237;430;490;city246;272;286;city243;17;275;city170;129;162;city199;106;105;city145;42;58;city107;445;237;city298;58;20;city195;491;279;city173;415;239;city91;427;172;city117
171;city105;74;230;city76;359;156;city140;154;384;city80;204;194;city206
173;city260;364;111;city252;217;156;city63;190;445;city124;69;55;city89;23;378;city118;185;116;city60;177;120;city289;268;401;city54;175;81;city126;424;442;city242
171;city105;74;230;city76;359;156;city140;154;384;city80;204;194;city206
143;city240;481;250;city267;484;7361;city136;72;309;city187;49;460;city248;75;321;city191;75;114;city188;456;341;city70;463;346;city97
160;city235;280;117;city275;321;357;city59;114;393;city188;334;200;city73
136;city70;261;5;city205;389;86;city66;209;333;city218;35;155;city167;280;180;city221;341;194;city112
135;city204;476;44;city200;289;336;city259;448;196;city213;326;71;city221;99;442;city289;205;483;city273;204;369;city77;463;102;city165;231;416;city226;429;367;city64;407;259;city151;402;491;city99;374;277;city233;138;209;city279;278;431;city122;23;129;city196;101;122;city223;374;178;city270;292;321;city187
133;city65;42;227;city80;300;163;city90;109;348;city87;274;493;city172;319;399;city104;305;307;city259;88;119;city253
169;city144;447;363;city275;260;143;city64;373;384;city171;401;313;city238;250;327;city139;215;300;city101;221;340;city69;94;103;city94;71;498;city287;166;282;city226;104;172;city213
133;city65;42;227;city80;300;163;city90;109;348;city87;274;493;city172;319;399;city104;305;307;city259;88;119;city253
141;city109;234;496;city229;276;184;city252;309;225;city281;189;190;city120;97;72;city261;408;134;city88;308;458;city205;319;479;city50;233;488;city216;386;172;city58;377;222;city271;163;243;city200;213;357;city63
168;city222;253;193;city274;183;455;city133;202;477;city199;113;268;city160;157;68;city172;62;455;city242;190;429;city214;442;294;city285;56;348;city60
148;city152;129;371;city175;172;281;city148;468;346;city96;221;76;city212;189;489;city278;23;35;city84;456;187;city144;127;492;city145;404;193;city85
135;city204;476;44;city200;289;336;city259;448;196;city213;326;71;city221;99;442;city289;205;483;city273;204;369;city77;463;102;city165;231;416;city226;429;367;city64;407;259;city151;402;491;city99;374;277;city233;138;209;city279;278;431;city122;23;129;city196;101;122;city223;374;178;city270;292;321;city187
163;city123;202;141;city207;446;166;city195;212;405;city77;116;499;city91;91;395;city93;248;45;city299;284;19;city129;354;181;city190;382;339;city99;257;93;city232;248;206;city153
169;city144;447;363;city275;260;143;city64;373;384;city171;401;313;city238;250;327;city139;215;300;city101;221;340;city69;94;103;city94;71;498;city287;166;282;city226;104;172;city213
131;city157;177;375;city284;350;137;city72;374;436;city56;6;257;city107
162;city299;385;271;city146
128;city110;232;491;city153;387;83;city199;332;454;city187;271;435;city252;209;86;city276;422;338;city104;2;2;city294;496;4;city97;152;434;city91;64;94;city55;111;187;city185;157;243;city179;306;324;city95;84;477;city130;103;455;city124;326;23;city151;327;389;city145;163;346;city209;499;186;city155
133;city65;42;227;city80;300;163;city90;109;348;city87;274;493;city172;319;399;city104;305;307;city259;88;119;city253
126;city56;117;221;city120;392;304;city270;249;495;city245;267;33;city79;140;104;city61;263;429;city58;346;6480;city126;221;266;city59;498;41;city75;194;243;city85
163;city123;202;141;city207;446;166;city195;212;405;city77;116;499;city91;91;395;city93;248;45;city299;284;19;city129;354;181;city190;382;339;city99;257;93;city232;248;206;city153
139;city235;15;446;city203;59;335;city106;107;404;city290;40;30;city222;62;367;city93;410;422;city204;181;189;city255;247;241;city294;463;102;city92;424;122;city78;205;184;city272;323;207;city293;210;187;city278;298;264;city291
127;city127;135;178;city59;425;455;city149;116;411;city128;84;398;city296;312;248;city190;179;499;city285;2;446;city133;40;400;city112;229;199;city86
141;city109;234;496;city229;276;184;city252;309;225;city281;189;190;city120;97;72;city261;408;134;city88;308;458;city205;319;479;city50;233;488;city216;386;172;city58;377;222;city271;163;243;city200;213;357;city63
168;city222;253;193;city274;183;455;city133;202;477;city199;113;268;city160;157;68;city172;62;455;city242;190;429;city214;442;294;city285;56;348;city60
130;city251;232;467;city61;415;222;city287;358;61;city54;255;318;city127;223;499;city248;51;216;city90;458;235;city256;120;367;city233;150;252;city135;468;399;city240
155;city299;170;233;city277
148;city152;129;371;city175;172;281;city148;468;346;city96;221;76;city212;189;489;city278;23;35;city84;456;187;city144;127;492;city145;404;193;city85
158;city111;298;196;city262;45;290;city95;330;31;city267;121;369;city61;230;253;city158;213;182;city159;303;46;city182;329;485;city213;14;482;city219;165;140;city276
150;city154;329;287;city87;409;265;city130;498;468;city184;132;414;city183;441;447;city144;152;283;city187;353;7;city151;380;334;city294;126;17;city288;474;92;city244;275;465;city172;155;162;city105;36;208;city282;75;421;city299;164;337;city52;419;405;city135;92;426;city84
165;city99;285;237;city212;83;103;city137;84;244;city70;489;464;city189;159;490;city93;384;151;city166;109;112;city124;178;71;city221
158;city111;298;196;city262;45;290;city95;330;31;city267;121;369;city61;230;253;city158;213;182;city159;303;46;city182;329;485;city213;14;482;city219;165;140;city276
132;city206;193;263;city95;228;260;city221;109;117;city236;139;198;city208;44;50;city121;42;43;city279
170;city178;315;440;city89;355;328;city207;308;246;city80;144;139;city138;52;429;city250;346;224;city105;417;143;city159;79;116;city65;382;305;city127;225;232;city271;227;357;city118;8;492;city124;74;495;city200
138;city124;381;498;city147;407;274;city241;131;120;city181;11;407;city222;198;71;city87;213;297;city126;377;77;city295;283;381;city114;201;498;city161;89;170;city194
149;city181;66;290;city148;385;377;city201;134;426;city150;411;327;city296;233;491;city220
133;city65;42;227;city80;300;163;city90;109;348;city87;274;493;city172;319;399;city104;305;307;city259;88;119;city253
172;city66;271;483;city63;136;320;city235;397;105;city298;141;83;city53;288;156;city202;100;386;city214;165;202;city92;7;238;city279
156;city255;363;328;city289
132;city206;193;263;city95;228;260;city221;109;117;city236;139;198;city208;44;50;city121;42;43;city279
142;city133;204;10;city178;87;264;city229;296;466;city116;293;84;city244
138;city124;381;498;city147;407;274;city241;131;120;city181;11;407;city222;198;71;city87;213;297;city126;377;77;city295;283;381;city114;201;498;city161;89;170;city194
137;city246;285;470;city124;461;290;city104;157;264;city187;219;476;city275;255;278;city158;220;460;city164;88;384;city282;25;126;city81;123;388;city98
137;city246;285;470;city124;461;290;city104;157;264;city187;219;476;city275;255;278;city158;220;460;city164;88;384;city282;25;126;city81;123;388;city98
133;city65;42;227;city80;300;163;city90;109;348;city87;274;493;city172;319;399;city104;305;307;city259;88;119;city253
128;city110;232;491;city153;387;83;city199;332;454;city187;271;435;city252;209;86;city276;422;338;city104;2;2;city294;496;4;city97;152;434;city91;64;94;city55;111;187;city185;157;243;city179;306;324;city95;84;477;city130;103;455;city124;326;23;city151;327;389;city145;163;346;city209;499;186;city155
160;city235;280;117;city275;321;357;city59;114;393;city188;334;200;city73
163;city123;202;141;city207;446;166;city195;212;405;city77;116;499;city91;91;395;city93;248;45;city299;284;19;city129;354;181;city190;382;339;city99;257;93;city232;248;206;city153
129;city106;276;50;city295;69;387;city55;105;438;city190;368;54;city244;99;363;city155;348;314;city90;125;220;city63
127;city127;135;178;city59;425;455;city149;116;411;city128;84;398;city296;312;248;city190;179;499;city285;2;446;city133;40;400;city112;229;199;city86
155;city299;170;233;city277
163;city123;202;141;city207;446;166;city195;212;405;city77;116;499;city91;91;395;city93;248;45;city299;284;19;city129;354;181;city190;382;339;city99;257;93;city232;248;206;city153
169;city144;447;363;city275;260;143;city64;373;384;city171;401;313;city238;250;327;city139;215;300;city101;221;340;city69;94;103;city94;71;498;city287;166;282;city226;104;172;city213
167;city278;7;93;city100;187;81;city136;412;2;city139;371;282;city248;218;243;city95;151;477;city243;426;156;city168;79;171;city288;249;367;city252;195;418;city190;426;103;city289;42;472;city230;59;367;city117
139;city235;15;446;city203;59;335;city106;107;404;city290;40;30;city222;62;367;city93;410;422;city204;181;189;city255;247;241;city294;463;102;city92;424;122;city78;205;184;city272;323;207;city293;210;187;city278;298;264;city291
143;city240;481;250;city267;484;7361;city136;72;309;city187;49;460;city248;75;321;city191;75;114;city188;456;341;city70;463;346;city97
160;city235;280;117;city275;321;357;city59;114;393;city188;334;200;city73
156;city255;363;328;city289
146;city252;40;280;city255;104;287;city61;46;194;city223;381;484;city299
151;city139;199;255;city267;154;495;city142;388;160;city249;377;128;city236;326;231;city151;74;286;city109;313;46;city85;49;489;city251;203;221;city68;57;33;city293;13;473;city265;98;158;city84;168;197;city234;230;442;city285;424;299;city248;198;176;city237;22;6;city192;345;411;city290
171;city105;74;230;city76;359;156;city140;154;384;city80;204;194;city206
160;city235;280;117;city275;321;357;city59;114;393;city188;334;200;city73
137;city246;285;470;city124;461;290;city104;157;264;city187;219;476;city275;255;278;city158;220;460;city164;88;384;city282;25;126;city81;123;388;city98
133;city65;42;227;city80;300;163;city90;109;348;city87;274;493;city172;319;399;city104;305;307;city259;88;119;city253
140;city162;261;472;city66;162;146;city184;170;173;city89;134;289;city80;44;18;city147;212;488;city98;327;64;city262;399;487;city260;432;74;city130;226;4;city85;221;53;city181;347;382;city253;188;450;city103;199;180;city224
126;city56;117;221;city120;392;304;city270;249;495;city245;267;33;city79;140;104;city61;263;429;city58;346;6480;city126;221;266;city59;498;41;city75;194;243;city85
169;city144;447;363;city275;260;143;city64;373;384;city171;401;313;city238;250;327;city139;215;300;city101;221;340;city69;94;103;city94;71;498;city287;166;282;city226;104;172;city213
158;city111;298;196;city262;45;290;city95;330;31;city267;121;369;city61;230;253;city158;213;182;city159;303;46;city182;329;485;city213;14;482;city219;165;140;city276
150;city154;329;287;city87;409;265;city130;498;468;city184;132;414;city183;441;447;city144;152;283;city187;353;7;city151;380;334;city294;126;17;city288;474;92;city244;275;465;city172;155;162;city105;36;208;city282;75;421;city299;164;337;city52;419;405;city135;92;426;city84
173;city260;364;111;city252;217;156;city63;190;445;city124;69;55;city89;23;378;city118;185;116;city60;177;120;city289;268;401;city54;175;81;city126;424;442;city242
129;city106;276;50;city295;69;387;city55;105;438;city190;368;54;city244;99;363;city155;348;314;city90;125;220;city63
129;city106;276;50;city295;69;387;city55;105;438;city190;368;54;city244;99;363;city155;348;314;city90;125;220;city63
145;city96;143;205;city272;315;482;city69;485;24;city65;311;280;city95;31;394;city129;113;6;city298;193;261;city170;265;87;city205;269;76;city81;20;349;city191;195;155;city242;452;149;city236
148;city152;129;371;city175;172;281;city148;468;346;city96;221;76;city212;189;489;city278;23;35;city84;456;187;city144;127;492;city145;404;193;city85
165;city99;285;237;city212;83;103;city137;84;244;city70;489;464;city189;159;490;city93;384;151;city166;109;112;city124;178;71;city221
128;city110;232;491;city153;387;83;city199;332;454;city187;271;435;city252;209;86;city276;422;338;city104;2;2;city294;496;4;city97;152;434;city91;64;94;city55;111;187;city185;157;243;city179;306;324;city95;84;477;city130;103;455;city124;326;23;city151;327;389;city145;163;346;city209;499;186;city155
150;city154;329;287;city87;409;265;city130;498;468;city184;132;414;city183;441;447;city144;152;283;city187;353;7;city151;380;334;city294;126;17;city288;474;92;city244;275;465;city172;155;162;city105;36;208;city282;75;421;city299;164;337;city52;419;405;city135;92;426;city84
141;city109;234;496;city229;276;184;city252;309;225;city281;189;190;city120;97;72;city261;408;134;city88;308;458;city205;319;479;city50;233;488;city216;386;172;city58;377;222;city271;163;243;city200;213;357;city63
162;city299;385;271;city146
173;city260;364;111;city252;217;156;city63;190;445;city124;69;55;city89;23;378;city118;185;116;city60;177;120;city289;268;401;city54;175;81;city126;424;442;city242
126;city56;117;221;city120;392;304;city270;249;495;city245;267;33;city79;140;104;city61;263;429;city58;346;6480;city126;221;266;city59;498;41;city75;194;243;city85
126;city56;117;221;city120;392;304;city270;249;495;city245;267;33;city79;140;104;city61;263;429;city58;346;6480;city126;221;266;city59;498;41;city75;194;243;city85
173;city260;364;111;city252;217;156;city63;190;445;city124;69;55;city89;23;378;city118;185;116;city60;177;120;city289;268;401;city54;175;81;city126;424;442;city242
149;city181;66;290;city148;385;377;city201;134;426;city150;411;327;city296;233;491;city220
158;city111;298;196;city262;45;290;city95;330;31;city267;121;369;city61;230;253;city158;213;182;city159;303;46;city182;329;485;city213;14;482;city219;165;140;city276
162;city299;385;271;city146
144;city214;103;271;city165;68;333;city84;86;195;city134;476;447;city179;20;128;city291;267;53;city77
148;city152;129;371;city175;172;281;city148;468;346;city96;221;76;city212;189;489;city278;23;35;city84;456;187;city144;127;492;city145;404;193;city85
130;city251;232;467;city61;415;222;city287;358;61;city54;255;318;city127;223;499;city248;51;216;city90;458;235;city256;120;367;city233;150;252;city135;468;399;city240
156;city255;363;328;city289
132;city206;193;263;city95;228;260;city221;109;117;city236;139;198;city208;44;50;city121;42;43;city279
134;city89;447;454;city256;385;278;city222;13;278;city260;135;269;city76;488;21;city183;349;224;city74;384;150;city265;67;370;city156;117;455;city155;230;73;city295;398;267;city197;307;497;city223;178;473;city99;298;231;city121
148;city152;129;371;city175;172;281;city148;468;346;city96;221;76;city212;189;489;city278;23;35;city84;456;187;city144;127;492;city145;404;193;city85
157;city96;122;238;city205;312;285;city67;275;414;city213;309;318;city189;178;485;city127;472;79;city257
169;city144;447;363;city275;260;143;city64;373;384;city171;401;313;city238;250;327;city139;215;300;city101;221;340;city69;94;103;city94;71;498;city287;166;282;city226;104;172;city213
168;city222;253;193;city274;183;455;city133;202;477;city199;113;268;city160;157;68;city172;62;455;city242;190;429;city214;442;294;city285;56;348;city60
168;city222;253;193;city274;183;455;city133;202;477;city199;113;268;city160;157;68;city172;62;455;city242;190;429;city214;442;294;city285;56;348;city60
141;city109;234;496;city229;276;184;city252;309;225;city281;189;190;city120;97;72;city261;408;134;city88;308;458;city205;319;479;city50;233;488;city216;386;172;city58;377;222;city271;163;243;city200;213;357;city63
172;city66;271;483;city63;136;320;city235;397;105;city298;141;83;city53;288;156;city202;100;386;city214;165;202;city92;7;238;city279
125;city255;60;473;city69;320;31;city288;244;209;city203;170;12;city171;383;472;city237;430;490;city246;272;286;city243;17;275;city170;129;162;city199;106;105;city145;42;58;city107;445;237;city298;58;20;city195;491;279;city173;415;239;city91;427;172;city117
133;city65;42;227;city80;300;163;city90;109;348;city87;274;493;city172;319;399;city104;305;307;city259;88;119;city253
160;city235;280;117;city275;321;357;city59;114;393;city188;334;200;city73
128;city110;232;491;city153;387;83;city199;332;454;city187;271;435;city252;209;86;city276;422;338;city104;2;2;city294;496;4;city97;152;434;city91;64;94;city55;111;187;city185;157;243;city179;306;324;city95;84;477;city130;103;455;city124;326;23;city151;327;389;city145;163;346;city209;499;186;city155
159;city130;129;394;city194;344;159;city228;350;51;city136;269;441;city214;387;274;city233;93;95;city220;436;401;city183;192;114;city287;9;114;city133;241;134;city128;22;359;city68;311;458;city179;15;446;city221;55;409;city280;455;366;city59;207;148;city248;498;47;city239;304;259;city231;378;249;city86
166;city101;89;310;city255;128;491;city244;427;363;city189;466;230;city68;328;199;city229;32;394;city52;298;189;city197;442;43;city215;240;17;city88;32;267;city240;181;491;city80;180;327;city231;257;294;city56;96;458;city233;466;359;city134;17;283;city158;342;305;city188;216;365;city161
151;city139;199;255;city267;154;495;city142;388;160;city249;377;128;city236;326;231;city151;74;286;city109;313;46;city85;49;489;city251;203;221;city68;57;33;city293;13;473;city265;98;158;city84;168;197;city234;230;442;city285;424;299;city248;198;176;city237;22;6;city192;345;411;city290
140;city162;261;472;city66;162;146;city184;170;173;city89;134;289;city80;44;18;city147;212;488;city98;327;64;city262;399;487;city260;432;74;city130;226;4;city85;221;53;city181;347;382;city253;188;450;city103;199;180;city224
137;city246;285;470;city124;461;290;city104;157;264;city187;219;476;city275;255;278;city158;220;460;city164;88;384;city282;25;126;city81;123;388;city98
162;city299;385;271;city146
159;city130;129;394;city194;344;159;city228;350;51;city136;269;441;city214;387;274;city233;93;95;city220;436;401;city183;192;114;city287;9;114;city133;241;134;city128;22;359;city68;311;458;city179;15;446;city221;55;409;city280;455;366;city59;207;148;city248;498;47;city239;304;259;city231;378;249;city86
163;city123;202;141;city207;446;166;city195;212;405;city77;116;499;city91;91;395;city93;248;45;city299;284;19;city129;354;181;city190;382;339;city99;257;93;city232;248;206;city153
171;city105;74;230;city76;359;156;city140;154;384;city80;204;194;city206
137;city246;285;470;city124;461;290;city104;157;264;city187;219;476;city275;255;278;city158;220;460;city164;88;384;city282;25;126;city81;123;388;city98
137;city246;285;470;city124;461;290;city104;157;264;city187;219;476;city275;255;278;city158;220;460;city164;88;384;city282;25;126;city81;123;388;city98
167;city278;7;93;city100;187;81;city136;412;2;city139;371;282;city248;218;243;city95;151;477;city243;426;156;city168;79;171;city288;249;367;city252;195;418;city190;426;103;city289;42;472;city230;59;367;city117
137;city246;285;470;city124;461;290;city104;157;264;city187;219;476;city275;255;278;city158;220;460;city164;88;384;city282;25;126;city81;123;388;city98
166;city101;89;310;city255;128;491;city244;427;363;city189;466;230;city68;328;199;city229;32;394;city52;298;189;city197;442;43;city215;240;17;city88;32;267;city240;181;491;city80;180;327;city231;257;294;city56;96;458;city233;466;359;city134;17;283;city158;342;305;city188;216;365;city161
153;city207;16;26;city166;143;9;city82;171;464;city83;425;115;city248;436;203;city94;67;159;city255;42;147;city81;122;138;city234;340;254;city197;187;243;city116
153;city207;16;26;city166;143;9;city82;171;464;city83;425;115;city248;436;203;city94;67;159;city255;42;147;city81;122;138;city234;340;254;city197;187;243;city116
132;city206;193;263;city95;228;260;city221;109;117;city236;139;198;city208;44;50;city121;42;43;city279
153;city207;16;26;city166;143;9;city82;171;464;city83;425;115;city248;436;203;city94;67;159;city255;42;147;city81;122;138;city234;340;254;city197;187;243;city116
170;city178;315;440;city89;355;328;city207;308;246;city80;144;139;city138;52;429;city250;346;224;city105;417;143;city159;79;116;city65;382;305;city127;225;232;city271;227;357;city118;8;492;city124;74;495;city200
165;city99;285;237;city212;83;103;city137;84;244;city70;489;464;city189;159;490;city93;384;151;city166;109;112;city124;178;71;city221
125;city255;60;473;city69;320;31;city288;244;209;city203;170;12;city171;383;472;city237;430;490;city246;272;286;city243;17;275;city170;129;162;city199;106;105;city145;42;58;city107;445;237;city298;58;20;city195;491;279;city173;415;239;city91;427;172;city117
165;city99;285;237;city212;83;103;city137;84;244;city70;489;464;city189;159;490;city93;384;151;city166;109;112;city124;178;71;city221
135;city204;476;44;city200;289;336;city259;448;196;city213;326;71;city221;99;442;city289;205;483;city273;204;369;city77;463;102;city165;231;416;city226;429;367;city64;407;259;city151;402;491;city99;374;277;city233;138;209;city279;278;431;city122;23;129;city196;101;122;city223;374;178;city270;292;321;city187
152;city162;304;316;city272
162;city299;385;271;city146
142;city133;204;10;city178;87;264;city229;296;466;city116;293;84;city244
139;city235;15;446;city203;59;335;city106;107;404;city290;40;30;city222;62;367;city93;410;422;city204;181;189;city255;247;241;city294;463;102;city92;424;122;city78;205;184;city272;323;207;city293;210;187;city278;298;264;city291
168;city222;253;193;city274;183;455;city133;202;477;city199;113;268;city160;157;68;city172;62;455;city242;190;429;city214;442;294;city285;56;348;city60
155;city299;170;233;city277
147;city85;16;73;city227;193;29;city297;183;44;city58;141;420;city169;409;449;city120;341;419;city194;457;248;city87;416;144;city275;136;294;city205;405;124;city99;473;217;city156
135;city204;476;44;city200;289;336;city259;448;196;city213;326;71;city221;99;442;city289;205;483;city273;204;369;city77;463;102;city165;231;416;city226;429;367;city64;407;259;city151;402;491;city99;374;277;city233;138;209;city279;278;431;city122;23;129;city196;101;122;city223;374;178;city270;292;321;city187
145;city96;143;205;city272;315;482;city69;485;24;city65;311;280;city95;31;394;city129;113;6;city298;193;261;city170;265;87;city205;269;76;city81;20;349;city191;195;155;city242;452;149;city236
150;city154;329;287;city87;409;265;city130;498;468;city184;132;414;city183;441;447;city144;152;283;city187;353;7;city151;380;334;city294;126;17;city288;474;92;city244;275;465;city172;155;162;city105;36;208;city282;75;421;city299;164;337;city52;419;405;city135;92;426;city84
168;city222;253;193;city274;183;455;city133;202;477;city199;113;268;city160;157;68;city172;62;455;city242;190;429;city214;442;294;city285;56;348;city60
132;city206;193;263;city95;228;260;city221;109;117;city236;139;198;city208;44;50;city121;42;43;city279
127;city127;135;178;city59;425;455;city149;116;411;city128;84;398;city296;312;248;city190;179;499;city285;2;446;city133;40;400;city112;229;199;city86
160;city235;280;117;city275;321;357;city59;114;393;city188;334;200;city73
133;city65;42;227;city80;300;163;city90;109;348;city87;274;493;city172;319;399;city104;305;307;city259;88;119;city253
130;city251;232;467;city61;415;222;city287;358;61;city54;255;318;city127;223;499;city248;51;216;city90;458;235;city256;120;367;city233;150;252;city135;468;399;city240
154;city179;147;78;city108
166;city101;89;310;city255;128;491;city244;427;363;city189;466;230;city68;328;199;city229;32;394;city52;298;189;city197;442;43;city215;240;17;city88;32;267;city240;181;491;city80;180;327;city231;257;294;city56;96;458;city233;466;359;city134;17;283;city158;342;305;city188;216;365;city161
158;city111;298;196;city262;45;290;city95;330;31;city267;121;369;city61;230;253;city158;213;182;city159;303;46;city182;329;485;city213;14;482;city219;165;140;city276
150;city154;329;287;city87;409;265;city130;498;468;city184;132;414;city183;441;447;city144;152;283;city187;353;7;city151;380;334;city294;126;17;city288;474;92;city244;275;465;city172;155;162;city105;36;208;city282;75;421;city299;164;337;city52;419;405;city135;92;426;city84
153;city207;16;26;city166;143;9;city82;171;464;city83;425;115;city248;436;203;city94;67;159;city255;42;147;city81;122;138;city234;340;254;city197;187;243;city116
135;city204;476;44;city200;289;336;city259;448;196;city213;326;71;city221;99;442;city289;205;483;city273;204;369;city77;463;102;city165;231;416;city226;429;367;city64;407;259;city151;402;491;city99;374;277;city233;138;209;city279;278;431;city122;23;129;city196;101;122;city223;374;178;city270;292;321;city187
156;city255;363;328;city289
158;city111;298;196;city262;45;290;city95;330;31;city267;121;369;city61;230;253;city158;213;182;city159;303;46;city182;329;485;city213;14;482;city219;165;140;city276
131;city157;177;375;city284;350;137;city72;374;436;city56;6;257;city107
167;city278;7;93;city100;187;81;city136;412;2;city139;371;282;city248;218;243;city95;151;477;city243;426;156;city168;79;171;city288;249;367;city252;195;418;city190;426;103;city289;42;472;city230;59;367;city117
145;city96;143;205;city272;315;482;city69;485;24;city65;311;280;city95;31;394;city129;113;6;city298;193;261;city170;265;87;city205;269;76;city81;20;349;city191;195;155;city242;452;149;city236
172;city66;271;483;city63;136;320;city235;397;105;city298;141;83;city53;288;156;city202;100;386;city214;165;202;city92;7;238;city279
160;city235;280;117;city275;321;357;city59;114;393;city188;334;200;city73
168;city222;253;193;city274;183;455;city133;202;477;city199;113;268;city160;157;68;city172;62;455;city242;190;429;city214;442;294;city285;56;348;city60
171;city105;74;230;city76;359;156;city140;154;384;city80;204;194;city206
142;city133;204;10;city178;87;264;city229;296;466;city116;293;84;city244
147;city85;16;73;city227;193;29;city297;183;44;city58;141;420;city169;409;449;city120;341;419;city194;457;248;city87;416;144;city275;136;294;city205;405;124;city99;473;217;city156
135;city204;476;44;city200;289;336;city259;448;196;city213;326;71;city221;99;442;city289;205;483;city273;204;369;city77;463;102;city165;231;416;city226;429;367;city64;407;259;city151;402;491;city99;374;277;city233;138;209;city279;278;431;city122;23;129;city196;101;122;city223;374;178;city270;292;321;city187
148;city152;129;371;city175;172;281;city148;468;346;city96;221;76;city212;189;489;city278;23;35;city84;456;187;city144;127;492;city145;404;193;city85
168;city222;253;193;city274;183;455;city133;202;477;city199;113;268;city160;157;68;city172;62;455;city242;190;429;city214;442;294;city285;56;348;city60
139;city235;15;446;city203;59;335;city106;107;404;city290;40;30;city222;62;367;city93;410;422;city204;181;189;city255;247;241;city294;463;102;city92;424;122;city78;205;184;city272;323;207;city293;210;187;city278;298;264;city291
173;city260;364;111;city252;217;156;city63;190;445;city124;69;55;city89;23;378;city118;185;116;city60;177;120;city289;268;401;city54;175;81;city126;424;442;city242
157;city96;122;238;city205;312;285;city67;275;414;city213;309;318;city189;178;485;city127;472;79;city257
143;city240;481;250;city267;484;7361;city136;72;309;city187;49;460;city248;75;321;city191;75;114;city188;456;341;city70;463;346;city97
148;city152;129;371;city175;172;281;city148;468;346;city96;221;76;city212;189;489;city278;23;35;city84;456;187;city144;127;492;city145;404;193;city85
170;city178;315;440;city89;355;328;city207;308;246;city80;144;139;city138;52;429;city250;346;224;city105;417;143;city159;79;116;city65;382;305;city127;225;232;city271;227;357;city118;8;492;city124;74;495;city200
166;city101;89;310;city255;128;491;city244;427;363;city189;466;230;city68;328;199;city229;32;394;city52;298;189;city197;442;43;city215;240;17;city88;32;267;city240;181;491;city80;180;327;city231;257;294;city56;96;458;city233;466;359;city134;17;283;city158;342;305;city188;216;365;city161
167;city278;7;93;city100;187;81;city136;412;2;city139;371;282;city248;218;243;city95;151;477;city243;426;156;city168;79;171;city288;249;367;city252;195;418;city190;426;103;city289;42;472;city230;59;367;city117
170;city178;315;440;city89;355;328;city207;308;246;city80;144;139;city138;52;429;city250;346;224;city105;417;143;city159;79;116;city65;382;305;city127;225;232;city271;227;357;city118;8;492;city124;74;495;city200
142;city133;204;10;city178;87;264;city229;296;466;city116;293;84;city244
141;city109;234;496;city229;276;184;city252;309;225;city281;189;190;city120;97;72;city261;408;134;city88;308;458;city205;319;479;city50;233;488;city216;386;172;city58;377;222;city271;163;243;city200;213;357;city63
