











138;city117;294;202;city235







144;city134;61;52;city248;333;187;city160;14;284;city86;462;248;city182;141;17;city289;174;287;city149;267;485;city100;324;366;city187;200;327;city236;367;136;city152;312;473;city92

144;city134;61;52;city248;333;187;city160;14;284;city86;462;248;city182;141;17;city289;174;287;city149;267;485;city100;324;366;city187;200;327;city236;367;136;city152;312;473;city92
174;city261;463;289;city109;125;239;city141;160;452;city106;194;284;city149;201;265;city74;489;319;city281;469;113;city297;54;40;city169;245;434;city200;151;157;city168;216;378;city285;245;115;city120;108;250;city117;175;158;city184;270;366;city155;31;437;city113;97;91;city251
142;city116;337;390;city184

162;city263;440;400;city198

138;city117;294;202;city235
162;city263;440;400;city198

174;city261;463;289;city109;125;239;city141;160;452;city106;194;284;city149;201;265;city74;489;319;city281;469;113;city297;54;40;city169;245;434;city200;151;157;city168;216;378;city285;245;115;city120;108;250;city117;175;158;city184;270;366;city155;31;437;city113;97;91;city251
154;city159;28;235;city222;267;468;city158;20;47;city176;117;94;city298;36;416;city265;20;293;city126
162;city263;440;400;city198
156;city153;227;418;city187;153;84;city177;288;271;city248;483;34;city255;216;104;city259;495;198;city52;27;43;city220;236;439;city62;387;183;city227;235;400;city232;398;267;city99;491;264;city90;361;188;city292;21;381;city67;469;367;city107
159;city199;25;223;city118;392;125;city297;227;200;city74;55;74;city181;294;293;city289;122;110;city87;400;155;city97;338;241;city265;273;331;city98;179;108;city256;169;357;city223;455;209;city170
156;city153;227;418;city187;153;84;city177;288;271;city248;483;34;city255;216;104;city259;495;198;city52;27;43;city220;236;439;city62;387;183;city227;235;400;city232;398;267;city99;491;264;city90;361;188;city292;21;381;city67;469;367;city107

163;city100;368;375;city236;304;194;city98;53;455;city232;129;234;city209;29;59;city60;372;132;city205;248;36;city224;223;41;city71;118;316;city115;355;446;city67;303;363;city82




152;city83;180;407;city195;58;157;city246;176;469;city157;420;436;city208;258;356;city59;361;282;city76;8;53;city213;453;75;city97;416;438;city227;63;464;city193;78;100;city203;354;80;city75;414;12;city67;91;430;city258;305;217;city295;94;458;city231;390;101;city236;38;191;city139;418;269;city287
166;city91;455;447;city181
135;city225;115;338;city148;254;226;city84;249;159;city57;474;400;city157;106;234;city171;315;36;city190;141;60;city189;233;6;city269;217;229;city180;445;105;city170;333;210;city230;66;305;city214;267;482;city289;86;99;city258;22;63;city185;102;425;city68;118;17;city69;424;379;city134
152;city83;180;407;city195;58;157;city246;176;469;city157;420;436;city208;258;356;city59;361;282;city76;8;53;city213;453;75;city97;416;438;city227;63;464;city193;78;100;city203;354;80;city75;414;12;city67;91;430;city258;305;217;city295;94;458;city231;390;101;city236;38;191;city139;418;269;city287
135;city225;115;338;city148;254;226;city84;249;159;city57;474;400;city157;106;234;city171;315;36;city190;141;60;city189;233;6;city269;217;229;city180;445;105;city170;333;210;city230;66;305;city214;267;482;city289;86;99;city258;22;63;city185;102;425;city68;118;17;city69;424;379;city134
157;city186;145;191;city105;258;102;city210;136;46;city131;129;89;city58

152;city83;180;407;city195;58;157;city246;176;469;city157;420;436;city208;258;356;city59;361;282;city76;8;53;city213;453;75;city97;416;438;city227;63;464;city193;78;100;city203;354;80;city75;414;12;city67;91;430;city258;305;217;city295;94;458;city231;390;101;city236;38;191;city139;418;269;city287


133;city116;324;117;city60;30;364;city92;316;447;city195;119;98;city187;29;293;city240
174;city261;463;289;city109;125;239;city141;160;452;city106;194;284;city149;201;265;city74;489;319;city281;469;113;city297;54;40;city169;245;434;city200;151;157;city168;216;378;city285;245;115;city120;108;250;city117;175;158;city184;270;366;city155;31;437;city113;97;91;city251
159;city199;25;223;city118;392;125;city297;227;200;city74;55;74;city181;294;293;city289;122;110;city87;400;155;city97;338;241;city265;273;331;city98;179;108;city256;169;357;city223;455;209;city170

166;city91;455;447;city181

152;city83;180;407;city195;58;157;city246;176;469;city157;420;436;city208;258;356;city59;361;282;city76;8;53;city213;453;75;city97;416;438;city227;63;464;city193;78;100;city203;354;80;city75;414;12;city67;91;430;city258;305;217;city295;94;458;city231;390;101;city236;38;191;city139;418;269;city287
129;city178;340;449;city248;404;28;city204;451;496;city53;487;70;city123;447;180;city226;237;378;city235;97;450;city181;419;216;city108
147;city126;36;298;city254;422;240;city286;109;85;city294;429;308;city186;172;77;city278;76;271;city82;179;50;city152;8;9;city223;310;73;city295;398;371;city151;34;154;city225;197;29;city282;14;322;city160;315;407;city85;180;390;city59;475;56;city265;210;326;city76;6;215;city101

138;city117;294;202;city235
163;city100;368;375;city236;304;194;city98;53;455;city232;129;234;city209;29;59;city60;372;132;city205;248;36;city224;223;41;city71;118;316;city115;355;446;city67;303;363;city82
171;city143;441;414;city209
148;city239;472;391;city146;500;93;city227;12;395;city167;343;217;city163;140;99;city232;325;171;city176;341;421;city132;418;84;city212;188;442;city68;132;304;city270;290;9;city234;366;455;city65
156;city153;227;418;city187;153;84;city177;288;271;city248;483;34;city255;216;104;city259;495;198;city52;27;43;city220;236;439;city62;387;183;city227;235;400;city232;398;267;city99;491;264;city90;361;188;city292;21;381;city67;469;367;city107

133;city116;324;117;city60;30;364;city92;316;447;city195;119;98;city187;29;293;city240


133;city116;324;117;city60;30;364;city92;316;447;city195;119;98;city187;29;293;city240

147;city126;36;298;city254;422;240;city286;109;85;city294;429;308;city186;172;77;city278;76;271;city82;179;50;city152;8;9;city223;310;73;city295;398;371;city151;34;154;city225;197;29;city282;14;322;city160;315;407;city85;180;390;city59;475;56;city265;210;326;city76;6;215;city101
167;city225;284;193;city266;413;320;city79;486;296;city73;320;6;city63;264;206;city226;342;102;city179;230;431;city107;450;362;city197;232;439;city60;160;479;city192;70;124;city258;274;324;city271;166;32;city245

156;city153;227;418;city187;153;84;city177;288;271;city248;483;34;city255;216;104;city259;495;198;city52;27;43;city220;236;439;city62;387;183;city227;235;400;city232;398;267;city99;491;264;city90;361;188;city292;21;381;city67;469;367;city107
166;city91;455;447;city181
140;city119;320;200;city96;399;201;city61;407;331;city99

132;city98;444;457;city100;393;187;city272;14;305;city282;249;354;city77;50;86;city180;160;307;city284;43;449;city61;302;500;city206
174;city261;463;289;city109;125;239;city141;160;452;city106;194;284;city149;201;265;city74;489;319;city281;469;113;city297;54;40;city169;245;434;city200;151;157;city168;216;378;city285;245;115;city120;108;250;city117;175;158;city184;270;366;city155;31;437;city113;97;91;city251
166;city91;455;447;city181
142;city116;337;390;city184
125;city294;189;172;city123;63;299;city88;266;324;city111;238;135;city113;201;359;city211;333;497;city171
139;city129;200;280;city213;469;71;city242;406;309;city114;452;307;city78;338;29;city196;367;280;city157;63;391;city202;287;356;city91;299;320;city135;260;497;city259;242;107;city73;122;263;city56;351;452;city255;206;175;city263;273;22;city99;86;120;city92;351;42;city199;269;70;city173;7;323;city293



125;city294;189;172;city123;63;299;city88;266;324;city111;238;135;city113;201;359;city211;333;497;city171
130;city234;75;119;city101;169;141;city298;472;257;city91;114;71;city146;310;493;city117;182;157;city102;25;97;city139;14;178;city270;436;129;city191;435;338;city177;186;343;city173;342;372;city281;71;223;city296;185;259;city82

142;city116;337;390;city184

139;city129;200;280;city213;469;71;city242;406;309;city114;452;307;city78;338;29;city196;367;280;city157;63;391;city202;287;356;city91;299;320;city135;260;497;city259;242;107;city73;122;263;city56;351;452;city255;206;175;city263;273;22;city99;86;120;city92;351;42;city199;269;70;city173;7;323;city293

142;city116;337;390;city184
152;city83;180;407;city195;58;157;city246;176;469;city157;420;436;city208;258;356;city59;361;282;city76;8;53;city213;453;75;city97;416;438;city227;63;464;city193;78;100;city203;354;80;city75;414;12;city67;91;430;city258;305;217;city295;94;458;city231;390;101;city236;38;191;city139;418;269;city287

139;city129;200;280;city213;469;71;city242;406;309;city114;452;307;city78;338;29;city196;367;280;city157;63;391;city202;287;356;city91;299;320;city135;260;497;city259;242;107;city73;122;263;city56;351;452;city255;206;175;city263;273;22;city99;86;120;city92;351;42;city199;269;70;city173;7;323;city293
162;city263;440;400;city198

142;city116;337;390;city184
162;city263;440;400;city198
136;city270;93;108;city222;311;77;city178;479;157;city151;81;324;city208
129;city178;340;449;city248;404;28;city204;451;496;city53;487;70;city123;447;180;city226;237;378;city235;97;450;city181;419;216;city108

172;city278;150;184;city103;365;154;city117;375;214;city50;138;182;city84;365;201;city122;81;412;city148;45;21;city174;353;68;city142;391;324;city165;205;123;city147;40;15;city183;452;401;city228;29;391;city237;267;215;city258;481;121;city184;64;273;city154;341;41;city76;113;457;city298;401;108;city222
173;city178;143;233;city139;185;351;city212;130;247;city64;13;333;city71;378;424;city207;79;403;city298;265;431;city55;110;397;city158;213;401;city206;378;433;city100;143;104;city191;392;381;city289;207;396;city165;233;236;city157;200;104;city61
170;city68;325;242;city64;162;227;city55;343;473;city102;458;96;city269;138;486;city182;287;130;city167;254;416;city205;316;366;city201;376;6319;city243;350;326;city230;264;16;city185;484;52;city238;389;164;city145;351;117;city217;58;376;city123;338;397;city219
140;city119;320;200;city96;399;201;city61;407;331;city99

159;city199;25;223;city118;392;125;city297;227;200;city74;55;74;city181;294;293;city289;122;110;city87;400;155;city97;338;241;city265;273;331;city98;179;108;city256;169;357;city223;455;209;city170
136;city270;93;108;city222;311;77;city178;479;157;city151;81;324;city208
151;city281;169;425;city181;31;115;city183;203;123;city182;431;176;city197;375;411;city258;261;99;city241
158;city116;281;430;city292;429;462;city203;147;280;city95;453;333;city215;178;74;city225;169;246;city52;249;315;city245;422;109;city118;223;341;city218;77;380;city161;433;130;city91;185;492;city214;83;329;city206;8;439;city260;276;36;city61;138;222;city267;67;96;city152;145;492;city261
133;city116;324;117;city60;30;364;city92;316;447;city195;119;98;city187;29;293;city240
171;city143;441;414;city209
130;city234;75;119;city101;169;141;city298;472;257;city91;114;71;city146;310;493;city117;182;157;city102;25;97;city139;14;178;city270;436;129;city191;435;338;city177;186;343;city173;342;372;city281;71;223;city296;185;259;city82

160;city199;184;79;city267;82;196;city250;260;411;city98;397;119;city268;313;378;city270;175;188;city238;7;474;city202;129;361;city140;286;65;city234;220;206;city71;404;441;city91

148;city239;472;391;city146;500;93;city227;12;395;city167;343;217;city163;140;99;city232;325;171;city176;341;421;city132;418;84;city212;188;442;city68;132;304;city270;290;9;city234;366;455;city65
174;city261;463;289;city109;125;239;city141;160;452;city106;194;284;city149;201;265;city74;489;319;city281;469;113;city297;54;40;city169;245;434;city200;151;157;city168;216;378;city285;245;115;city120;108;250;city117;175;158;city184;270;366;city155;31;437;city113;97;91;city251
170;city68;325;242;city64;162;227;city55;343;473;city102;458;96;city269;138;486;city182;287;130;city167;254;416;city205;316;366;city201;376;6319;city243;350;326;city230;264;16;city185;484;52;city238;389;164;city145;351;117;city217;58;376;city123;338;397;city219

150;city84;330;98;city223;177;97;city59;458;474;city297
149;city193;375;62;city191;476;187;city275;109;25;city90;488;159;city222;7;387;city188;407;281;city104;428;29;city52;310;148;city183;498;76;city286;130;118;city184;321;313;city92;209;71;city250
150;city84;330;98;city223;177;97;city59;458;474;city297
165;city183;153;237;city146
160;city199;184;79;city267;82;196;city250;260;411;city98;397;119;city268;313;378;city270;175;188;city238;7;474;city202;129;361;city140;286;65;city234;220;206;city71;404;441;city91
146;city90;58;378;city154;15;271;city178;81;395;city237;366;500;city291;439;44;city137;441;124;city193;485;6;city97;182;460;city257;89;155;city107;97;372;city209;86;334;city254;154;51;city158;131;185;city159;336;377;city195
125;city294;189;172;city123;63;299;city88;266;324;city111;238;135;city113;201;359;city211;333;497;city171
153;city259;8;247;city231;137;195;city174;189;431;city198;388;162;city126;6;306;city83;394;340;city144;278;456;city164;33;286;city99;141;42;city168;425;212;city288;492;294;city293
145;city179;125;16;city122;286;115;city139;207;236;city141;413;337;city281;114;285;city60;479;55;city217;142;451;city156;156;300;city144;27;247;city230;199;484;city282;16;220;city84;334;332;city224;319;203;city168;208;474;city85;268;92;city190;146;75;city187;2;37;city117;223;432;city71
170;city68;325;242;city64;162;227;city55;343;473;city102;458;96;city269;138;486;city182;287;130;city167;254;416;city205;316;366;city201;376;6319;city243;350;326;city230;264;16;city185;484;52;city238;389;164;city145;351;117;city217;58;376;city123;338;397;city219
136;city270;93;108;city222;311;77;city178;479;157;city151;81;324;city208
144;city134;61;52;city248;333;187;city160;14;284;city86;462;248;city182;141;17;city289;174;287;city149;267;485;city100;324;366;city187;200;327;city236;367;136;city152;312;473;city92
142;city116;337;390;city184
125;city294;189;172;city123;63;299;city88;266;324;city111;238;135;city113;201;359;city211;333;497;city171
131;city53;286;254;city163;142;170;city227;440;154;city134;469;251;city204;350;129;city133;320;80;city87;414;369;city56;331;24;city88;372;371;city158
162;city263;440;400;city198
171;city143;441;414;city209
143;city112;9;351;city218;168;204;city270;41;142;city70;385;174;city91;26;249;city244;154;328;city165;495;179;city149;313;275;city277;224;340;city209;129;177;city67;63;137;city136;252;273;city211;376;187;city126;332;347;city80;327;154;city298
143;city112;9;351;city218;168;204;city270;41;142;city70;385;174;city91;26;249;city244;154;328;city165;495;179;city149;313;275;city277;224;340;city209;129;177;city67;63;137;city136;252;273;city211;376;187;city126;332;347;city80;327;154;city298
152;city83;180;407;city195;58;157;city246;176;469;city157;420;436;city208;258;356;city59;361;282;city76;8;53;city213;453;75;city97;416;438;city227;63;464;city193;78;100;city203;354;80;city75;414;12;city67;91;430;city258;305;217;city295;94;458;city231;390;101;city236;38;191;city139;418;269;city287
159;city199;25;223;city118;392;125;city297;227;200;city74;55;74;city181;294;293;city289;122;110;city87;400;155;city97;338;241;city265;273;331;city98;179;108;city256;169;357;city223;455;209;city170

166;city91;455;447;city181
155;city121;352;412;city270
141;city151;316;61;city130;483;474;city209;107;324;city100;406;401;city262;4;449;city161;57;220;city106;195;87;city176;223;224;city291;330;396;city267;354;313;city117
169;city240;469;232;city102;26;451;city111;235;344;city62;427;62;city161;2;99;city235;44;182;city186;121;481;city221
170;city68;325;242;city64;162;227;city55;343;473;city102;458;96;city269;138;486;city182;287;130;city167;254;416;city205;316;366;city201;376;6319;city243;350;326;city230;264;16;city185;484;52;city238;389;164;city145;351;117;city217;58;376;city123;338;397;city219
163;city100;368;375;city236;304;194;city98;53;455;city232;129;234;city209;29;59;city60;372;132;city205;248;36;city224;223;41;city71;118;316;city115;355;446;city67;303;363;city82
127;city187;222;280;city251;299;449;city284;325;2;city182;470;412;city84;261;325;city131;396;42;city292;467;368;city109
139;city129;200;280;city213;469;71;city242;406;309;city114;452;307;city78;338;29;city196;367;280;city157;63;391;city202;287;356;city91;299;320;city135;260;497;city259;242;107;city73;122;263;city56;351;452;city255;206;175;city263;273;22;city99;86;120;city92;351;42;city199;269;70;city173;7;323;city293
151;city281;169;425;city181;31;115;city183;203;123;city182;431;176;city197;375;411;city258;261;99;city241
140;city119;320;200;city96;399;201;city61;407;331;city99
158;city116;281;430;city292;429;462;city203;147;280;city95;453;333;city215;178;74;city225;169;246;city52;249;315;city245;422;109;city118;223;341;city218;77;380;city161;433;130;city91;185;492;city214;83;329;city206;8;439;city260;276;36;city61;138;222;city267;67;96;city152;145;492;city261
138;city117;294;202;city235
137;city259;65;47;city132;263;12;city96;379;461;city113;438;156;city192;442;92;city70;344;5;city185;465;442;city249
167;city225;284;193;city266;413;320;city79;486;296;city73;320;6;city63;264;206;city226;342;102;city179;230;431;city107;450;362;city197;232;439;city60;160;479;city192;70;124;city258;274;324;city271;166;32;city245

167;city225;284;193;city266;413;320;city79;486;296;city73;320;6;city63;264;206;city226;342;102;city179;230;431;city107;450;362;city197;232;439;city60;160;479;city192;70;124;city258;274;324;city271;166;32;city245
172;city278;150;184;city103;365;154;city117;375;214;city50;138;182;city84;365;201;city122;81;412;city148;45;21;city174;353;68;city142;391;324;city165;205;123;city147;40;15;city183;452;401;city228;29;391;city237;267;215;city258;481;121;city184;64;273;city154;341;41;city76;113;457;city298;401;108;city222
171;city143;441;414;city209

160;city199;184;79;city267;82;196;city250;260;411;city98;397;119;city268;313;378;city270;175;188;city238;7;474;city202;129;361;city140;286;65;city234;220;206;city71;404;441;city91
131;city53;286;254;city163;142;170;city227;440;154;city134;469;251;city204;350;129;city133;320;80;city87;414;369;city56;331;24;city88;372;371;city158
164;city237;20;275;city198;24;268;city82;190;211;city276;409;211;city169;458;366;city210;362;356;city121;376;362;city143
152;city83;180;407;city195;58;157;city246;176;469;city157;420;436;city208;258;356;city59;361;282;city76;8;53;city213;453;75;city97;416;438;city227;63;464;city193;78;100;city203;354;80;city75;414;12;city67;91;430;city258;305;217;city295;94;458;city231;390;101;city236;38;191;city139;418;269;city287
128;city273;257;131;city291;327;256;city230;288;140;city281;462;101;city233;352;243;city169;46;36;city152;346;90;city157;307;272;city238
153;city259;8;247;city231;137;195;city174;189;431;city198;388;162;city126;6;306;city83;394;340;city144;278;456;city164;33;286;city99;141;42;city168;425;212;city288;492;294;city293
160;city199;184;79;city267;82;196;city250;260;411;city98;397;119;city268;313;378;city270;175;188;city238;7;474;city202;129;361;city140;286;65;city234;220;206;city71;404;441;city91
165;city183;153;237;city146
171;city143;441;414;city209
130;city234;75;119;city101;169;141;city298;472;257;city91;114;71;city146;310;493;city117;182;157;city102;25;97;city139;14;178;city270;436;129;city191;435;338;city177;186;343;city173;342;372;city281;71;223;city296;185;259;city82
138;city117;294;202;city235
141;city151;316;61;city130;483;474;city209;107;324;city100;406;401;city262;4;449;city161;57;220;city106;195;87;city176;223;224;city291;330;396;city267;354;313;city117
150;city84;330;98;city223;177;97;city59;458;474;city297
136;city270;93;108;city222;311;77;city178;479;157;city151;81;324;city208
149;city193;375;62;city191;476;187;city275;109;25;city90;488;159;city222;7;387;city188;407;281;city104;428;29;city52;310;148;city183;498;76;city286;130;118;city184;321;313;city92;209;71;city250
154;city159;28;235;city222;267;468;city158;20;47;city176;117;94;city298;36;416;city265;20;293;city126
148;city239;472;391;city146;500;93;city227;12;395;city167;343;217;city163;140;99;city232;325;171;city176;341;421;city132;418;84;city212;188;442;city68;132;304;city270;290;9;city234;366;455;city65
130;city234;75;119;city101;169;141;city298;472;257;city91;114;71;city146;310;493;city117;182;157;city102;25;97;city139;14;178;city270;436;129;city191;435;338;city177;186;343;city173;342;372;city281;71;223;city296;185;259;city82
167;city225;284;193;city266;413;320;city79;486;296;city73;320;6;city63;264;206;city226;342;102;city179;230;431;city107;450;362;city197;232;439;city60;160;479;city192;70;124;city258;274;324;city271;166;32;city245
135;city225;115;338;city148;254;226;city84;249;159;city57;474;400;city157;106;234;city171;315;36;city190;141;60;city189;233;6;city269;217;229;city180;445;105;city170;333;210;city230;66;305;city214;267;482;city289;86;99;city258;22;63;city185;102;425;city68;118;17;city69;424;379;city134
171;city143;441;414;city209
163;city100;368;375;city236;304;194;city98;53;455;city232;129;234;city209;29;59;city60;372;132;city205;248;36;city224;223;41;city71;118;316;city115;355;446;city67;303;363;city82
145;city179;125;16;city122;286;115;city139;207;236;city141;413;337;city281;114;285;city60;479;55;city217;142;451;city156;156;300;city144;27;247;city230;199;484;city282;16;220;city84;334;332;city224;319;203;city168;208;474;city85;268;92;city190;146;75;city187;2;37;city117;223;432;city71
129;city178;340;449;city248;404;28;city204;451;496;city53;487;70;city123;447;180;city226;237;378;city235;97;450;city181;419;216;city108
139;city129;200;280;city213;469;71;city242;406;309;city114;452;307;city78;338;29;city196;367;280;city157;63;391;city202;287;356;city91;299;320;city135;260;497;city259;242;107;city73;122;263;city56;351;452;city255;206;175;city263;273;22;city99;86;120;city92;351;42;city199;269;70;city173;7;323;city293
136;city270;93;108;city222;311;77;city178;479;157;city151;81;324;city208
139;city129;200;280;city213;469;71;city242;406;309;city114;452;307;city78;338;29;city196;367;280;city157;63;391;city202;287;356;city91;299;320;city135;260;497;city259;242;107;city73;122;263;city56;351;452;city255;206;175;city263;273;22;city99;86;120;city92;351;42;city199;269;70;city173;7;323;city293
153;city259;8;247;city231;137;195;city174;189;431;city198;388;162;city126;6;306;city83;394;340;city144;278;456;city164;33;286;city99;141;42;city168;425;212;city288;492;294;city293
140;city119;320;200;city96;399;201;city61;407;331;city99
169;city240;469;232;city102;26;451;city111;235;344;city62;427;62;city161;2;99;city235;44;182;city186;121;481;city221
149;city193;375;62;city191;476;187;city275;109;25;city90;488;159;city222;7;387;city188;407;281;city104;428;29;city52;310;148;city183;498;76;city286;130;118;city184;321;313;city92;209;71;city250
141;city151;316;61;city130;483;474;city209;107;324;city100;406;401;city262;4;449;city161;57;220;city106;195;87;city176;223;224;city291;330;396;city267;354;313;city117
137;city259;65;47;city132;263;12;city96;379;461;city113;438;156;city192;442;92;city70;344;5;city185;465;442;city249
131;city53;286;254;city163;142;170;city227;440;154;city134;469;251;city204;350;129;city133;320;80;city87;414;369;city56;331;24;city88;372;371;city158
157;city186;145;191;city105;258;102;city210;136;46;city131;129;89;city58
133;city116;324;117;city60;30;364;city92;316;447;city195;119;98;city187;29;293;city240
158;city116;281;430;city292;429;462;city203;147;280;city95;453;333;city215;178;74;city225;169;246;city52;249;315;city245;422;109;city118;223;341;city218;77;380;city161;433;130;city91;185;492;city214;83;329;city206;8;439;city260;276;36;city61;138;222;city267;67;96;city152;145;492;city261
127;city187;222;280;city251;299;449;city284;325;2;city182;470;412;city84;261;325;city131;396;42;city292;467;368;city109
164;city237;20;275;city198;24;268;city82;190;211;city276;409;211;city169;458;366;city210;362;356;city121;376;362;city143
169;city240;469;232;city102;26;451;city111;235;344;city62;427;62;city161;2;99;city235;44;182;city186;121;481;city221
174;city261;463;289;city109;125;239;city141;160;452;city106;194;284;city149;201;265;city74;489;319;city281;469;113;city297;54;40;city169;245;434;city200;151;157;city168;216;378;city285;245;115;city120;108;250;city117;175;158;city184;270;366;city155;31;437;city113;97;91;city251
174;city261;463;289;city109;125;239;city141;160;452;city106;194;284;city149;201;265;city74;489;319;city281;469;113;city297;54;40;city169;245;434;city200;151;157;city168;216;378;city285;245;115;city120;108;250;city117;175;158;city184;270;366;city155;31;437;city113;97;91;city251
171;city143;441;414;city209

147;city126;36;298;city254;422;240;city286;109;85;city294;429;308;city186;172;77;city278;76;271;city82;179;50;city152;8;9;city223;310;73;city295;398;371;city151;34;154;city225;197;29;city282;14;322;city160;315;407;city85;180;390;city59;475;56;city265;210;326;city76;6;215;city101
135;city225;115;338;city148;254;226;city84;249;159;city57;474;400;city157;106;234;city171;315;36;city190;141;60;city189;233;6;city269;217;229;city180;445;105;city170;333;210;city230;66;305;city214;267;482;city289;86;99;city258;22;63;city185;102;425;city68;118;17;city69;424;379;city134
156;city153;227;418;city187;153;84;city177;288;271;city248;483;34;city255;216;104;city259;495;198;city52;27;43;city220;236;439;city62;387;183;city227;235;400;city232;398;267;city99;491;264;city90;361;188;city292;21;381;city67;469;367;city107
171;city143;441;414;city209
140;city119;320;200;city96;399;201;city61;407;331;city99
143;city112;9;351;city218;168;204;city270;41;142;city70;385;174;city91;26;249;city244;154;328;city165;495;179;city149;313;275;city277;224;340;city209;129;177;city67;63;137;city136;252;273;city211;376;187;city126;332;347;city80;327;154;city298
158;city116;281;430;city292;429;462;city203;147;280;city95;453;333;city215;178;74;city225;169;246;city52;249;315;city245;422;109;city118;223;341;city218;77;380;city161;433;130;city91;185;492;city214;83;329;city206;8;439;city260;276;36;city61;138;222;city267;67;96;city152;145;492;city261
149;city193;375;62;city191;476;187;city275;109;25;city90;488;159;city222;7;387;city188;407;281;city104;428;29;city52;310;148;city183;498;76;city286;130;118;city184;321;313;city92;209;71;city250
130;city234;75;119;city101;169;141;city298;472;257;city91;114;71;city146;310;493;city117;182;157;city102;25;97;city139;14;178;city270;436;129;city191;435;338;city177;186;343;city173;342;372;city281;71;223;city296;185;259;city82
141;city151;316;61;city130;483;474;city209;107;324;city100;406;401;city262;4;449;city161;57;220;city106;195;87;city176;223;224;city291;330;396;city267;354;313;city117
143;city112;9;351;city218;168;204;city270;41;142;city70;385;174;city91;26;249;city244;154;328;city165;495;179;city149;313;275;city277;224;340;city209;129;177;city67;63;137;city136;252;273;city211;376;187;city126;332;347;city80;327;154;city298
165;city183;153;237;city146
154;city159;28;235;city222;267;468;city158;20;47;city176;117;94;city298;36;416;city265;20;293;city126
166;city91;455;447;city181
127;city187;222;280;city251;299;449;city284;325;2;city182;470;412;city84;261;325;city131;396;42;city292;467;368;city109
136;city270;93;108;city222;311;77;city178;479;157;city151;81;324;city208
173;city178;143;233;city139;185;351;city212;130;247;city64;13;333;city71;378;424;city207;79;403;city298;265;431;city55;110;397;city158;213;401;city206;378;433;city100;143;104;city191;392;381;city289;207;396;city165;233;236;city157;200;104;city61
159;city199;25;223;city118;392;125;city297;227;200;city74;55;74;city181;294;293;city289;122;110;city87;400;155;city97;338;241;city265;273;331;city98;179;108;city256;169;357;city223;455;209;city170
133;city116;324;117;city60;30;364;city92;316;447;city195;119;98;city187;29;293;city240
139;city129;200;280;city213;469;71;city242;406;309;city114;452;307;city78;338;29;city196;367;280;city157;63;391;city202;287;356;city91;299;320;city135;260;497;city259;242;107;city73;122;263;city56;351;452;city255;206;175;city263;273;22;city99;86;120;city92;351;42;city199;269;70;city173;7;323;city293
152;city83;180;407;city195;58;157;city246;176;469;city157;420;436;city208;258;356;city59;361;282;city76;8;53;city213;453;75;city97;416;438;city227;63;464;city193;78;100;city203;354;80;city75;414;12;city67;91;430;city258;305;217;city295;94;458;city231;390;101;city236;38;191;city139;418;269;city287
137;city259;65;47;city132;263;12;city96;379;461;city113;438;156;city192;442;92;city70;344;5;city185;465;442;city249
160;city199;184;79;city267;82;196;city250;260;411;city98;397;119;city268;313;378;city270;175;188;city238;7;474;city202;129;361;city140;286;65;city234;220;206;city71;404;441;city91
162;city263;440;400;city198
163;city100;368;375;city236;304;194;city98;53;455;city232;129;234;city209;29;59;city60;372;132;city205;248;36;city224;223;41;city71;118;316;city115;355;446;city67;303;363;city82
142;city116;337;390;city184
159;city199;25;223;city118;392;125;city297;227;200;city74;55;74;city181;294;293;city289;122;110;city87;400;155;city97;338;241;city265;273;331;city98;179;108;city256;169;357;city223;455;209;city170
151;city281;169;425;city181;31;115;city183;203;123;city182;431;176;city197;375;411;city258;261;99;city241
149;city193;375;62;city191;476;187;city275;109;25;city90;488;159;city222;7;387;city188;407;281;city104;428;29;city52;310;148;city183;498;76;city286;130;118;city184;321;313;city92;209;71;city250
141;city151;316;61;city130;483;474;city209;107;324;city100;406;401;city262;4;449;city161;57;220;city106;195;87;city176;223;224;city291;330;396;city267;354;313;city117
129;city178;340;449;city248;404;28;city204;451;496;city53;487;70;city123;447;180;city226;237;378;city235;97;450;city181;419;216;city108
174;city261;463;289;city109;125;239;city141;160;452;city106;194;284;city149;201;265;city74;489;319;city281;469;113;city297;54;40;city169;245;434;city200;151;157;city168;216;378;city285;245;115;city120;108;250;city117;175;158;city184;270;366;city155;31;437;city113;97;91;city251
129;city178;340;449;city248;404;28;city204;451;496;city53;487;70;city123;447;180;city226;237;378;city235;97;450;city181;419;216;city108
142;city116;337;390;city184
127;city187;222;280;city251;299;449;city284;325;2;city182;470;412;city84;261;325;city131;396;42;city292;467;368;city109
161;city159;174;329;city55;48;424;city200;487;221;city206;54;486;city102;356;141;city265;312;446;city258;402;422;city243
154;city159;28;235;city222;267;468;city158;20;47;city176;117;94;city298;36;416;city265;20;293;city126
138;city117;294;202;city235
141;city151;316;61;city130;483;474;city209;107;324;city100;406;401;city262;4;449;city161;57;220;city106;195;87;city176;223;224;city291;330;396;city267;354;313;city117
149;city193;375;62;city191;476;187;city275;109;25;city90;488;159;city222;7;387;city188;407;281;city104;428;29;city52;310;148;city183;498;76;city286;130;118;city184;321;313;city92;209;71;city250
136;city270;93;108;city222;311;77;city178;479;157;city151;81;324;city208
167;city225;284;193;city266;413;320;city79;486;296;city73;320;6;city63;264;206;city226;342;102;city179;230;431;city107;450;362;city197;232;439;city60;160;479;city192;70;124;city258;274;324;city271;166;32;city245
172;city278;150;184;city103;365;154;city117;375;214;city50;138;182;city84;365;201;city122;81;412;city148;45;21;city174;353;68;city142;391;324;city165;205;123;city147;40;15;city183;452;401;city228;29;391;city237;267;215;city258;481;121;city184;64;273;city154;341;41;city76;113;457;city298;401;108;city222
160;city199;184;79;city267;82;196;city250;260;411;city98;397;119;city268;313;378;city270;175;188;city238;7;474;city202;129;361;city140;286;65;city234;220;206;city71;404;441;city91
136;city270;93;108;city222;311;77;city178;479;157;city151;81;324;city208
153;city259;8;247;city231;137;195;city174;189;431;city198;388;162;city126;6;306;city83;394;340;city144;278;456;city164;33;286;city99;141;42;city168;425;212;city288;492;294;city293
155;city121;352;412;city270
130;city234;75;119;city101;169;141;city298;472;257;city91;114;71;city146;310;493;city117;182;157;city102;25;97;city139;14;178;city270;436;129;city191;435;338;city177;186;343;city173;342;372;city281;71;223;city296;185;259;city82
153;city259;8;247;city231;137;195;city174;189;431;city198;388;162;city126;6;306;city83;394;340;city144;278;456;city164;33;286;city99;141;42;city168;425;212;city288;492;294;city293
158;city116;281;430;city292;429;462;city203;147;280;city95;453;333;city215;178;74;city225;169;246;city52;249;315;city245;422;109;city118;223;341;city218;77;380;city161;433;130;city91;185;492;city214;83;329;city206;8;439;city260;276;36;city61;138;222;city267;67;96;city152;145;492;city261
162;city263;440;400;city198
165;city183;153;237;city146
158;city116;281;430;city292;429;462;city203;147;280;city95;453;333;city215;178;74;city225;169;246;city52;249;315;city245;422;109;city118;223;341;city218;77;380;city161;433;130;city91;185;492;city214;83;329;city206;8;439;city260;276;36;city61;138;222;city267;67;96;city152;145;492;city261
153;city259;8;247;city231;137;195;city174;189;431;city198;388;162;city126;6;306;city83;394;340;city144;278;456;city164;33;286;city99;141;42;city168;425;212;city288;492;294;city293
145;city179;125;16;city122;286;115;city139;207;236;city141;413;337;city281;114;285;city60;479;55;city217;142;451;city156;156;300;city144;27;247;city230;199;484;city282;16;220;city84;334;332;city224;319;203;city168;208;474;city85;268;92;city190;146;75;city187;2;37;city117;223;432;city71
160;city199;184;79;city267;82;196;city250;260;411;city98;397;119;city268;313;378;city270;175;188;city238;7;474;city202;129;361;city140;286;65;city234;220;206;city71;404;441;city91
149;city193;375;62;city191;476;187;city275;109;25;city90;488;159;city222;7;387;city188;407;281;city104;428;29;city52;310;148;city183;498;76;city286;130;118;city184;321;313;city92;209;71;city250
142;city116;337;390;city184
133;city116;324;117;city60;30;364;city92;316;447;city195;119;98;city187;29;293;city240
166;city91;455;447;city181
154;city159;28;235;city222;267;468;city158;20;47;city176;117;94;city298;36;416;city265;20;293;city126
