







139;city223;8;98;city102;358;120;city259;192;300;city60;193;121;city200;18;342;city51;250;347;city167;89;455;city165;361;380;city81;49;491;city206;133;263;city101;393;266;city72;95;120;city50;34;325;city262;63;67;city148;488;495;city121;27;130;city208;436;413;city131;117;317;city73;397;460;city247




164;city189;454;53;city255;286;104;city134;487;223;city195;125;264;city78;309;120;city209;390;271;city137;94;29;city133;186;418;city193;81;445;city81;135;102;city270;34;245;city292
163;city114;237;262;city135;19;144;city58;195;328;city136;110;346;city161;265;314;city64;43;38;city252;364;111;city247;411;402;city77;352;219;city287;7;271;city120;106;373;city99;314;75;city71;303;221;city107;130;436;city115;458;192;city204;481;206;city262;366;107;city109;350;289;city186;479;393;city148
144;city163;168;335;city135;19;474;city52;54;163;city57;415;28;city92;202;198;city272;330;303;city297;8;464;city160;355;311;city285;109;193;city156
144;city163;168;335;city135;19;474;city52;54;163;city57;415;28;city92;202;198;city272;330;303;city297;8;464;city160;355;311;city285;109;193;city156
158;city269;350;41;city144;159;411;city72;476;152;city220;435;55;city290;409;372;city119;349;121;city229;340;352;city71





157;city89;396;203;city299;313;355;city129;96;449;city206
173;city115;342;103;city118;258;325;city144;464;66;city76;275;436;city163;105;67;city267;499;394;city101;243;112;city146;302;490;city132;257;133;city234;239;162;city277;210;224;city109;15;246;city67;253;137;city81;26;40;city268;310;400;city241;427;323;city230;174;230;city77;298;414;city117;317;150;city139

130;city210;26;235;city136;419;231;city99;113;40;city138


159;city121;381;58;city119;392;80;city109;95;40;city259;413;126;city55;53;95;city148;220;160;city69;401;336;city197;207;428;city128
173;city115;342;103;city118;258;325;city144;464;66;city76;275;436;city163;105;67;city267;499;394;city101;243;112;city146;302;490;city132;257;133;city234;239;162;city277;210;224;city109;15;246;city67;253;137;city81;26;40;city268;310;400;city241;427;323;city230;174;230;city77;298;414;city117;317;150;city139

154;city178;163;372;city125;53;176;city140;86;42;city58;395;476;city193;483;187;city253;161;371;city51;165;28;city287
127;city168;179;484;city195;52;112;city248;195;88;city179;198;172;city50;195;214;city92;323;360;city256;265;446;city113

173;city115;342;103;city118;258;325;city144;464;66;city76;275;436;city163;105;67;city267;499;394;city101;243;112;city146;302;490;city132;257;133;city234;239;162;city277;210;224;city109;15;246;city67;253;137;city81;26;40;city268;310;400;city241;427;323;city230;174;230;city77;298;414;city117;317;150;city139
139;city223;8;98;city102;358;120;city259;192;300;city60;193;121;city200;18;342;city51;250;347;city167;89;455;city165;361;380;city81;49;491;city206;133;263;city101;393;266;city72;95;120;city50;34;325;city262;63;67;city148;488;495;city121;27;130;city208;436;413;city131;117;317;city73;397;460;city247

158;city269;350;41;city144;159;411;city72;476;152;city220;435;55;city290;409;372;city119;349;121;city229;340;352;city71
144;city163;168;335;city135;19;474;city52;54;163;city57;415;28;city92;202;198;city272;330;303;city297;8;464;city160;355;311;city285;109;193;city156
152;city115;82;277;city231;352;212;city157;258;304;city64;120;135;city127;463;92;city201;497;327;city124;448;488;city199;418;354;city108



174;city250;172;69;city156;375;333;city63;4;449;city155;37;409;city117;155;377;city118;84;451;city242;293;226;city208
154;city178;163;372;city125;53;176;city140;86;42;city58;395;476;city193;483;187;city253;161;371;city51;165;28;city287
166;city79;200;83;city137;33;21;city174;431;406;city161;411;235;city218;22;473;city202;89;151;city237;418;103;city248
166;city79;200;83;city137;33;21;city174;431;406;city161;411;235;city218;22;473;city202;89;151;city237;418;103;city248
127;city168;179;484;city195;52;112;city248;195;88;city179;198;172;city50;195;214;city92;323;360;city256;265;446;city113
161;city229;118;461;city112;29;136;city285;350;19;city145
159;city121;381;58;city119;392;80;city109;95;40;city259;413;126;city55;53;95;city148;220;160;city69;401;336;city197;207;428;city128
170;city249;281;100;city177;496;213;city240;80;11;city132;351;360;city141;49;268;city283;152;44;city257;73;276;city289;45;64;city157;428;274;city160;343;17;city137;400;207;city69
159;city121;381;58;city119;392;80;city109;95;40;city259;413;126;city55;53;95;city148;220;160;city69;401;336;city197;207;428;city128
163;city114;237;262;city135;19;144;city58;195;328;city136;110;346;city161;265;314;city64;43;38;city252;364;111;city247;411;402;city77;352;219;city287;7;271;city120;106;373;city99;314;75;city71;303;221;city107;130;436;city115;458;192;city204;481;206;city262;366;107;city109;350;289;city186;479;393;city148
130;city210;26;235;city136;419;231;city99;113;40;city138
145;city174;410;135;city221;184;215;city130;467;225;city70;62;426;city63;163;478;city232;283;210;city271;83;61;city242
143;city170;115;194;city109;127;249;city174;228;114;city120
137;city104;424;467;city245;351;135;city207;233;161;city146
141;city59;205;491;city274;331;145;city230;301;108;city128;151;21;city154
152;city115;82;277;city231;352;212;city157;258;304;city64;120;135;city127;463;92;city201;497;327;city124;448;488;city199;418;354;city108
162;city105;124;53;city168;151;157;city240;370;363;city134;198;20;city260;341;187;city162;257;460;city268;178;101;city80;369;282;city131;264;212;city179;335;297;city252;432;71;city193;499;321;city132;345;158;city90;264;315;city266
153;city212;263;163;city132;143;5;city235;481;95;city264;345;166;city200;338;426;city124
127;city168;179;484;city195;52;112;city248;195;88;city179;198;172;city50;195;214;city92;323;360;city256;265;446;city113

156;city212;17;495;city177;117;162;city206;222;191;city113;485;469;city282;152;143;city262
139;city223;8;98;city102;358;120;city259;192;300;city60;193;121;city200;18;342;city51;250;347;city167;89;455;city165;361;380;city81;49;491;city206;133;263;city101;393;266;city72;95;120;city50;34;325;city262;63;67;city148;488;495;city121;27;130;city208;436;413;city131;117;317;city73;397;460;city247
163;city114;237;262;city135;19;144;city58;195;328;city136;110;346;city161;265;314;city64;43;38;city252;364;111;city247;411;402;city77;352;219;city287;7;271;city120;106;373;city99;314;75;city71;303;221;city107;130;436;city115;458;192;city204;481;206;city262;366;107;city109;350;289;city186;479;393;city148
168;city135;496;51;city256
162;city105;124;53;city168;151;157;city240;370;363;city134;198;20;city260;341;187;city162;257;460;city268;178;101;city80;369;282;city131;264;212;city179;335;297;city252;432;71;city193;499;321;city132;345;158;city90;264;315;city266
149;city299;119;101;city180;151;492;city104;475;469;city57
149;city299;119;101;city180;151;492;city104;475;469;city57
172;city265;373;243;city70;69;273;city200;2;203;city184;53;209;city240;32;159;city231;473;462;city220;46;418;city283
165;city85;135;274;city189;344;467;city174;287;374;city272;266;353;city130;407;339;city268;316;94;city141
125;city299;124;296;city156;335;453;city162;236;267;city59
156;city212;17;495;city177;117;162;city206;222;191;city113;485;469;city282;152;143;city262

130;city210;26;235;city136;419;231;city99;113;40;city138

170;city249;281;100;city177;496;213;city240;80;11;city132;351;360;city141;49;268;city283;152;44;city257;73;276;city289;45;64;city157;428;274;city160;343;17;city137;400;207;city69
136;city103;330;332;city70;353;44;city247;301;104;city81;97;193;city186;249;33;city120;214;17;city155;302;198;city177;497;348;city156;219;229;city160;119;12;city240;197;470;city284;235;385;city251;107;52;city149;126;109;city287;205;101;city138;225;5;city114;150;82;city208;375;352;city264;31;374;city119

165;city85;135;274;city189;344;467;city174;287;374;city272;266;353;city130;407;339;city268;316;94;city141
141;city59;205;491;city274;331;145;city230;301;108;city128;151;21;city154

125;city299;124;296;city156;335;453;city162;236;267;city59
146;city236;239;178;city67;205;297;city78;414;75;city140;296;462;city253;67;239;city122;83;112;city154;431;284;city175;476;449;city269
143;city170;115;194;city109;127;249;city174;228;114;city120
137;city104;424;467;city245;351;135;city207;233;161;city146
138;city56;193;348;city155;232;111;city257;344;116;city79;381;250;city96;278;42;city148;95;429;city283;15;142;city165;416;158;city270

166;city79;200;83;city137;33;21;city174;431;406;city161;411;235;city218;22;473;city202;89;151;city237;418;103;city248
134;city55;119;226;city87;108;369;city201;303;412;city72;110;301;city165;39;354;city179;88;165;city79;33;255;city285;85;427;city75;467;419;city297;200;216;city204;125;331;city233;351;242;city209;53;99;city238
156;city212;17;495;city177;117;162;city206;222;191;city113;485;469;city282;152;143;city262
138;city56;193;348;city155;232;111;city257;344;116;city79;381;250;city96;278;42;city148;95;429;city283;15;142;city165;416;158;city270
172;city265;373;243;city70;69;273;city200;2;203;city184;53;209;city240;32;159;city231;473;462;city220;46;418;city283

145;city174;410;135;city221;184;215;city130;467;225;city70;62;426;city63;163;478;city232;283;210;city271;83;61;city242
149;city299;119;101;city180;151;492;city104;475;469;city57
142;city135;230;215;city280;104;109;city128;253;174;city214;458;230;city263
171;city275;37;432;city150;92;61;city176;403;448;city216;384;177;city155;255;257;city220;359;347;city244;355;37;city97;57;397;city257;333;43;city258;98;489;city222;319;13;city144;115;367;city116;92;396;city51
164;city189;454;53;city255;286;104;city134;487;223;city195;125;264;city78;309;120;city209;390;271;city137;94;29;city133;186;418;city193;81;445;city81;135;102;city270;34;245;city292
125;city299;124;296;city156;335;453;city162;236;267;city59
134;city55;119;226;city87;108;369;city201;303;412;city72;110;301;city165;39;354;city179;88;165;city79;33;255;city285;85;427;city75;467;419;city297;200;216;city204;125;331;city233;351;242;city209;53;99;city238
128;city158;86;238;city115;287;424;city273;371;157;city51;174;475;city61
161;city229;118;461;city112;29;136;city285;350;19;city145
168;city135;496;51;city256

137;city104;424;467;city245;351;135;city207;233;161;city146
152;city115;82;277;city231;352;212;city157;258;304;city64;120;135;city127;463;92;city201;497;327;city124;448;488;city199;418;354;city108
170;city249;281;100;city177;496;213;city240;80;11;city132;351;360;city141;49;268;city283;152;44;city257;73;276;city289;45;64;city157;428;274;city160;343;17;city137;400;207;city69
134;city55;119;226;city87;108;369;city201;303;412;city72;110;301;city165;39;354;city179;88;165;city79;33;255;city285;85;427;city75;467;419;city297;200;216;city204;125;331;city233;351;242;city209;53;99;city238
147;city191;76;63;city160;50;191;city276;371;397;city137;169;107;city210;152;57;city239;411;273;city97;446;132;city126;145;389;city139
170;city249;281;100;city177;496;213;city240;80;11;city132;351;360;city141;49;268;city283;152;44;city257;73;276;city289;45;64;city157;428;274;city160;343;17;city137;400;207;city69
151;city135;100;236;city239;380;172;city271;253;12;city192;320;181;city178;107;260;city92;268;91;city219;57;111;city210;481;179;city121;381;247;city209;201;369;city171;58;228;city236;491;344;city224;283;477;city220;319;33;city89;357;465;city128;271;399;city207;186;394;city107;145;417;city118;165;385;city149
130;city210;26;235;city136;419;231;city99;113;40;city138
160;city241;164;320;city277;458;230;city100;161;49;city213;88;334;city207
125;city299;124;296;city156;335;453;city162;236;267;city59
125;city299;124;296;city156;335;453;city162;236;267;city59
167;city268;402;445;city288;296;191;city136;215;365;city178;138;105;city172;42;397;city120;68;195;city181;262;268;city81;53;178;city123;7;85;city264;386;65;city135;89;453;city118;108;198;city153
167;city268;402;445;city288;296;191;city136;215;365;city178;138;105;city172;42;397;city120;68;195;city181;262;268;city81;53;178;city123;7;85;city264;386;65;city135;89;453;city118;108;198;city153
170;city249;281;100;city177;496;213;city240;80;11;city132;351;360;city141;49;268;city283;152;44;city257;73;276;city289;45;64;city157;428;274;city160;343;17;city137;400;207;city69
166;city79;200;83;city137;33;21;city174;431;406;city161;411;235;city218;22;473;city202;89;151;city237;418;103;city248
153;city212;263;163;city132;143;5;city235;481;95;city264;345;166;city200;338;426;city124
160;city241;164;320;city277;458;230;city100;161;49;city213;88;334;city207
154;city178;163;372;city125;53;176;city140;86;42;city58;395;476;city193;483;187;city253;161;371;city51;165;28;city287
160;city241;164;320;city277;458;230;city100;161;49;city213;88;334;city207
126;city248;265;286;city271;55;456;city100;246;423;city168;128;259;city50;51;373;city220;22;320;city86;36;5;city55;354;456;city61;408;2;city117;122;170;city102;205;361;city190;98;173;city180;56;315;city292;149;409;city79;375;342;city89;468;174;city133
134;city55;119;226;city87;108;369;city201;303;412;city72;110;301;city165;39;354;city179;88;165;city79;33;255;city285;85;427;city75;467;419;city297;200;216;city204;125;331;city233;351;242;city209;53;99;city238
162;city105;124;53;city168;151;157;city240;370;363;city134;198;20;city260;341;187;city162;257;460;city268;178;101;city80;369;282;city131;264;212;city179;335;297;city252;432;71;city193;499;321;city132;345;158;city90;264;315;city266
146;city236;239;178;city67;205;297;city78;414;75;city140;296;462;city253;67;239;city122;83;112;city154;431;284;city175;476;449;city269
163;city114;237;262;city135;19;144;city58;195;328;city136;110;346;city161;265;314;city64;43;38;city252;364;111;city247;411;402;city77;352;219;city287;7;271;city120;106;373;city99;314;75;city71;303;221;city107;130;436;city115;458;192;city204;481;206;city262;366;107;city109;350;289;city186;479;393;city148
151;city135;100;236;city239;380;172;city271;253;12;city192;320;181;city178;107;260;city92;268;91;city219;57;111;city210;481;179;city121;381;247;city209;201;369;city171;58;228;city236;491;344;city224;283;477;city220;319;33;city89;357;465;city128;271;399;city207;186;394;city107;145;417;city118;165;385;city149
137;city104;424;467;city245;351;135;city207;233;161;city146
145;city174;410;135;city221;184;215;city130;467;225;city70;62;426;city63;163;478;city232;283;210;city271;83;61;city242
137;city104;424;467;city245;351;135;city207;233;161;city146
134;city55;119;226;city87;108;369;city201;303;412;city72;110;301;city165;39;354;city179;88;165;city79;33;255;city285;85;427;city75;467;419;city297;200;216;city204;125;331;city233;351;242;city209;53;99;city238
143;city170;115;194;city109;127;249;city174;228;114;city120
150;city208;413;111;city99
140;city208;55;28;city250;147;136;city228;419;366;city66;145;44;city197;306;76;city234;454;226;city74;276;336;city63;400;85;city218;399;467;city108;277;481;city85;121;64;city287;111;130;city263;204;354;city243;179;376;city110;242;36;city68;229;319;city196;12;209;city229
156;city212;17;495;city177;117;162;city206;222;191;city113;485;469;city282;152;143;city262

162;city105;124;53;city168;151;157;city240;370;363;city134;198;20;city260;341;187;city162;257;460;city268;178;101;city80;369;282;city131;264;212;city179;335;297;city252;432;71;city193;499;321;city132;345;158;city90;264;315;city266
147;city191;76;63;city160;50;191;city276;371;397;city137;169;107;city210;152;57;city239;411;273;city97;446;132;city126;145;389;city139
171;city275;37;432;city150;92;61;city176;403;448;city216;384;177;city155;255;257;city220;359;347;city244;355;37;city97;57;397;city257;333;43;city258;98;489;city222;319;13;city144;115;367;city116;92;396;city51
146;city236;239;178;city67;205;297;city78;414;75;city140;296;462;city253;67;239;city122;83;112;city154;431;284;city175;476;449;city269
174;city250;172;69;city156;375;333;city63;4;449;city155;37;409;city117;155;377;city118;84;451;city242;293;226;city208
171;city275;37;432;city150;92;61;city176;403;448;city216;384;177;city155;255;257;city220;359;347;city244;355;37;city97;57;397;city257;333;43;city258;98;489;city222;319;13;city144;115;367;city116;92;396;city51
163;city114;237;262;city135;19;144;city58;195;328;city136;110;346;city161;265;314;city64;43;38;city252;364;111;city247;411;402;city77;352;219;city287;7;271;city120;106;373;city99;314;75;city71;303;221;city107;130;436;city115;458;192;city204;481;206;city262;366;107;city109;350;289;city186;479;393;city148
144;city163;168;335;city135;19;474;city52;54;163;city57;415;28;city92;202;198;city272;330;303;city297;8;464;city160;355;311;city285;109;193;city156
130;city210;26;235;city136;419;231;city99;113;40;city138
133;city152;491;414;city270;17;390;city144;234;255;city158;184;138;city100;233;149;city265;35;163;city169;107;8;city174;266;36;city78;157;219;city186;32;490;city99;236;53;city197;68;281;city242;53;181;city102
163;city114;237;262;city135;19;144;city58;195;328;city136;110;346;city161;265;314;city64;43;38;city252;364;111;city247;411;402;city77;352;219;city287;7;271;city120;106;373;city99;314;75;city71;303;221;city107;130;436;city115;458;192;city204;481;206;city262;366;107;city109;350;289;city186;479;393;city148
144;city163;168;335;city135;19;474;city52;54;163;city57;415;28;city92;202;198;city272;330;303;city297;8;464;city160;355;311;city285;109;193;city156
134;city55;119;226;city87;108;369;city201;303;412;city72;110;301;city165;39;354;city179;88;165;city79;33;255;city285;85;427;city75;467;419;city297;200;216;city204;125;331;city233;351;242;city209;53;99;city238
146;city236;239;178;city67;205;297;city78;414;75;city140;296;462;city253;67;239;city122;83;112;city154;431;284;city175;476;449;city269
174;city250;172;69;city156;375;333;city63;4;449;city155;37;409;city117;155;377;city118;84;451;city242;293;226;city208
136;city103;330;332;city70;353;44;city247;301;104;city81;97;193;city186;249;33;city120;214;17;city155;302;198;city177;497;348;city156;219;229;city160;119;12;city240;197;470;city284;235;385;city251;107;52;city149;126;109;city287;205;101;city138;225;5;city114;150;82;city208;375;352;city264;31;374;city119
156;city212;17;495;city177;117;162;city206;222;191;city113;485;469;city282;152;143;city262
154;city178;163;372;city125;53;176;city140;86;42;city58;395;476;city193;483;187;city253;161;371;city51;165;28;city287
163;city114;237;262;city135;19;144;city58;195;328;city136;110;346;city161;265;314;city64;43;38;city252;364;111;city247;411;402;city77;352;219;city287;7;271;city120;106;373;city99;314;75;city71;303;221;city107;130;436;city115;458;192;city204;481;206;city262;366;107;city109;350;289;city186;479;393;city148
125;city299;124;296;city156;335;453;city162;236;267;city59

143;city170;115;194;city109;127;249;city174;228;114;city120
159;city121;381;58;city119;392;80;city109;95;40;city259;413;126;city55;53;95;city148;220;160;city69;401;336;city197;207;428;city128
164;city189;454;53;city255;286;104;city134;487;223;city195;125;264;city78;309;120;city209;390;271;city137;94;29;city133;186;418;city193;81;445;city81;135;102;city270;34;245;city292
143;city170;115;194;city109;127;249;city174;228;114;city120
154;city178;163;372;city125;53;176;city140;86;42;city58;395;476;city193;483;187;city253;161;371;city51;165;28;city287
147;city191;76;63;city160;50;191;city276;371;397;city137;169;107;city210;152;57;city239;411;273;city97;446;132;city126;145;389;city139
165;city85;135;274;city189;344;467;city174;287;374;city272;266;353;city130;407;339;city268;316;94;city141
165;city85;135;274;city189;344;467;city174;287;374;city272;266;353;city130;407;339;city268;316;94;city141
156;city212;17;495;city177;117;162;city206;222;191;city113;485;469;city282;152;143;city262
126;city248;265;286;city271;55;456;city100;246;423;city168;128;259;city50;51;373;city220;22;320;city86;36;5;city55;354;456;city61;408;2;city117;122;170;city102;205;361;city190;98;173;city180;56;315;city292;149;409;city79;375;342;city89;468;174;city133
172;city265;373;243;city70;69;273;city200;2;203;city184;53;209;city240;32;159;city231;473;462;city220;46;418;city283
132;city266;497;427;city96;110;454;city241;301;397;city152;85;433;city157;371;255;city253;484;66;city194;237;500;city201;201;287;city191;390;124;city74;29;489;city255;184;71;city106;388;33;city232;261;50;city136
146;city236;239;178;city67;205;297;city78;414;75;city140;296;462;city253;67;239;city122;83;112;city154;431;284;city175;476;449;city269
159;city121;381;58;city119;392;80;city109;95;40;city259;413;126;city55;53;95;city148;220;160;city69;401;336;city197;207;428;city128
171;city275;37;432;city150;92;61;city176;403;448;city216;384;177;city155;255;257;city220;359;347;city244;355;37;city97;57;397;city257;333;43;city258;98;489;city222;319;13;city144;115;367;city116;92;396;city51
130;city210;26;235;city136;419;231;city99;113;40;city138

141;city59;205;491;city274;331;145;city230;301;108;city128;151;21;city154
136;city103;330;332;city70;353;44;city247;301;104;city81;97;193;city186;249;33;city120;214;17;city155;302;198;city177;497;348;city156;219;229;city160;119;12;city240;197;470;city284;235;385;city251;107;52;city149;126;109;city287;205;101;city138;225;5;city114;150;82;city208;375;352;city264;31;374;city119
134;city55;119;226;city87;108;369;city201;303;412;city72;110;301;city165;39;354;city179;88;165;city79;33;255;city285;85;427;city75;467;4048;city297;200;216;city204;125;331;city233;351;242;city209;53;99;city238
156;city212;17;495;city177;117;162;city206;222;191;city113;485;469;city282;152;143;city262

126;city248;265;286;city271;55;456;city100;246;423;city168;128;259;city50;51;373;city220;22;320;city86;36;5;city55;354;456;city61;408;2;city117;122;170;city102;205;361;city190;98;173;city180;56;315;city292;149;409;city79;375;342;city89;468;174;city133
141;city59;205;491;city274;331;145;city230;301;108;city128;151;21;city154
146;city236;239;178;city67;205;297;city78;414;75;city140;296;462;city253;67;239;city122;83;112;city154;431;284;city175;476;449;city269
136;city103;330;332;city70;353;44;city247;301;104;city81;97;193;city186;249;33;city120;214;17;city155;302;198;city177;497;348;city156;219;229;city160;119;12;city240;197;470;city284;235;385;city251;107;52;city149;126;109;city287;205;101;city138;225;5;city114;150;82;city208;375;352;city264;31;374;city119
163;city114;237;262;city135;19;144;city58;195;328;city136;110;346;city161;265;314;city64;43;38;city252;364;111;city247;411;402;city77;352;219;city287;7;271;city120;106;373;city99;314;75;city71;303;221;city107;130;436;city115;458;192;city204;481;206;city262;366;107;city109;350;289;city186;479;393;city148
152;city115;82;277;city231;352;212;city157;258;304;city64;120;135;city127;463;92;city201;497;327;city124;448;488;city199;418;354;city108
136;city103;330;332;city70;353;44;city247;301;104;city81;97;193;city186;249;33;city120;214;17;city155;302;198;city177;497;348;city156;219;229;city160;119;12;city240;197;470;city284;235;385;city251;107;52;city149;126;109;city287;205;101;city138;225;5;city114;150;82;city208;375;352;city264;31;374;city119
164;city189;454;53;city255;286;104;city134;487;223;city195;125;264;city78;309;120;city209;390;271;city137;94;29;city133;186;418;city193;81;445;city81;135;102;city270;34;245;city292
134;city55;119;226;city87;108;369;city201;303;412;city72;110;301;city165;39;354;city179;88;165;city79;33;255;city285;85;427;city75;467;4048;city297;200;216;city204;125;331;city233;351;242;city209;53;99;city238
145;city174;410;135;city221;184;215;city130;467;225;city70;62;426;city63;163;478;city232;283;210;city271;83;61;city242
161;city229;118;461;city112;29;136;city285;350;19;city145
130;city210;26;235;city136;419;231;city99;113;40;city138
142;city135;230;215;city280;104;109;city128;253;174;city214;458;230;city263
173;city115;342;103;city118;258;325;city144;464;66;city76;275;436;city163;105;67;city267;499;394;city101;243;112;city146;302;490;city132;257;133;city234;239;162;city277;210;224;city109;15;246;city67;253;137;city81;26;40;city268;310;400;city241;427;323;city230;174;230;city77;298;414;city117;317;150;city139
151;city135;100;236;city239;380;172;city271;253;12;city192;320;181;city178;107;260;city92;268;91;city219;57;111;city210;481;179;city121;381;247;city209;201;369;city171;58;228;city236;491;344;city224;283;477;city220;319;33;city89;357;465;city128;271;399;city207;186;394;city107;145;417;city118;165;385;city149

150;city208;413;111;city99
139;city223;8;98;city102;358;120;city259;192;300;city60;193;121;city200;18;342;city51;250;347;city167;89;455;city165;361;380;city81;49;491;city206;133;263;city101;393;266;city72;95;120;city50;34;325;city262;63;67;city148;488;495;city121;27;130;city208;436;413;city131;117;317;city73;397;460;city247
145;city174;410;135;city221;184;215;city130;467;225;city70;62;426;city63;163;478;city232;283;210;city271;83;61;city242
173;city115;342;103;city118;258;325;city144;464;66;city76;275;436;city163;105;67;city267;499;394;city101;243;112;city146;302;490;city132;257;133;city234;239;162;city277;210;224;city109;15;246;city67;253;137;city81;26;40;city268;310;400;city241;427;323;city230;174;230;city77;298;414;city117;317;150;city139
130;city210;26;235;city136;419;231;city99;113;40;city138
136;city103;330;332;city70;353;44;city247;301;104;city81;97;193;city186;249;33;city120;214;17;city155;302;198;city177;497;348;city156;219;229;city160;119;12;city240;197;470;city284;235;385;city251;107;52;city149;126;109;city287;205;101;city138;225;5;city114;150;82;city208;375;352;city264;31;374;city119
152;city115;82;277;city231;352;212;city157;258;304;city64;120;135;city127;463;92;city201;497;327;city124;448;488;city199;418;354;city108
171;city275;37;432;city150;92;61;city176;403;448;city216;384;177;city155;255;257;city220;359;347;city244;355;37;city97;57;397;city257;333;43;city258;98;489;city222;319;13;city144;115;367;city116;92;396;city51
132;city266;497;427;city96;110;454;city241;301;397;city152;85;433;city157;371;255;city253;484;66;city194;237;500;city201;201;287;city191;390;124;city74;29;489;city255;184;71;city106;388;33;city232;261;50;city136
126;city248;265;286;city271;55;456;city100;246;423;city168;128;259;city50;51;373;city220;22;320;city86;36;5;city55;354;456;city61;408;2;city117;122;170;city102;205;361;city190;98;173;city180;56;315;city292;149;409;city79;375;342;city89;468;174;city133
171;city275;37;432;city150;92;61;city176;403;448;city216;384;177;city155;255;257;city220;359;347;city244;355;37;city97;57;397;city257;333;43;city258;98;489;city222;319;13;city144;115;367;city116;92;396;city51
133;city152;491;414;city270;17;390;city144;234;255;city158;184;138;city100;233;149;city265;35;163;city169;107;8;city174;266;36;city78;157;219;city186;32;490;city99;236;53;city197;68;281;city242;53;181;city102
144;city163;168;335;city135;19;474;city52;54;163;city57;415;28;city92;202;198;city272;330;303;city297;8;464;city160;355;311;city285;109;193;city156
168;city135;496;51;city256
157;city89;396;203;city299;313;355;city129;96;449;city206
132;city266;497;427;city96;110;454;city241;301;397;city152;85;433;city157;371;255;city253;484;66;city194;237;500;city201;201;287;city191;390;124;city74;29;489;city255;184;71;city106;388;33;city232;261;50;city136
156;city212;17;495;city177;117;162;city206;222;191;city113;485;469;city282;152;143;city262
168;city135;496;51;city256
130;city210;26;235;city136;419;231;city99;113;40;city138
170;city249;281;100;city177;496;213;city240;80;11;city132;351;360;city141;49;268;city283;152;44;city257;73;276;city289;45;64;city157;428;274;city160;343;17;city137;400;207;city69
128;city158;86;238;city115;287;424;city273;371;157;city51;174;475;city61
165;city85;135;274;city189;344;467;city174;287;374;city272;266;353;city130;407;339;city268;316;94;city141
152;city115;82;277;city231;352;212;city157;258;304;city64;120;135;city127;463;92;city201;497;327;city124;448;488;city199;418;354;city108
151;city135;100;236;city239;380;172;city271;253;12;city192;320;181;city178;107;260;city92;268;91;city219;57;111;city210;481;179;city121;381;247;city209;201;369;city171;58;228;city236;491;344;city224;283;477;city220;319;33;city89;357;465;city128;271;399;city207;186;394;city107;145;417;city118;165;385;city149
131;city72;415;224;city137;279;405;city127;265;317;city150;87;215;city141;348;54;city209;87;456;city274;225;147;city93;337;158;city253;242;13;city78;85;200;city50
159;city121;381;58;city119;392;80;city109;95;40;city259;413;126;city55;53;95;city148;220;160;city69;401;336;city197;207;428;city128
165;city85;135;274;city189;344;467;city174;287;374;city272;266;353;city130;407;339;city268;316;94;city141
174;city250;172;69;city156;375;333;city63;4;449;city155;37;409;city117;155;377;city118;84;451;city242;293;226;city208
168;city135;496;51;city256
172;city265;373;243;city70;69;273;city200;2;203;city184;53;209;city240;32;159;city231;473;462;city220;46;418;city283
135;city113;129;109;city216;135;237;city160
172;city265;373;243;city70;69;273;city200;2;203;city184;53;209;city240;32;159;city231;473;462;city220;46;418;city283
174;city250;172;69;city156;375;333;city63;4;449;city155;37;409;city117;155;377;city118;84;451;city242;293;226;city208
158;city269;350;41;city144;159;411;city72;476;152;city220;435;55;city290;409;372;city119;349;121;city229;340;352;city71
133;city152;491;414;city270;17;390;city144;234;255;city158;184;138;city100;233;149;city265;35;163;city169;107;8;city174;266;36;city78;157;219;city186;32;490;city99;236;53;city197;68;281;city242;53;181;city102
165;city85;135;274;city189;344;467;city174;287;374;city272;266;353;city130;407;339;city268;316;94;city141
154;city178;163;372;city125;53;176;city140;86;42;city58;395;476;city193;483;187;city253;161;371;city51;165;28;city287
144;city163;168;335;city135;19;474;city52;54;163;city57;415;28;city92;202;198;city272;330;303;city297;8;464;city160;355;311;city285;109;193;city156
168;city135;496;51;city256
167;city268;402;630;city288;296;191;city136;215;365;city178;138;105;city172;42;397;city120;68;195;city181;262;268;city81;53;178;city123;7;85;city264;386;65;city135;89;453;city118;108;198;city153
151;city135;100;236;city239;380;172;city271;253;12;city192;320;181;city178;107;260;city92;268;91;city219;57;111;city210;481;179;city121;381;247;city209;201;369;city171;58;228;city236;491;344;city224;283;477;city220;319;33;city89;357;465;city128;271;399;city207;186;394;city107;145;417;city118;165;385;city149
139;city223;8;98;city102;358;120;city259;192;300;city60;193;121;city200;18;342;city51;250;347;city167;89;455;city165;361;380;city81;49;491;city206;133;263;city101;393;266;city72;95;120;city50;34;325;city262;63;67;city148;488;495;city121;27;130;city208;436;413;city131;117;317;city73;397;460;city247
153;city212;263;163;city132;143;5;city235;481;95;city264;345;166;city200;338;426;city124

142;city135;230;215;city280;104;109;city128;253;174;city214;458;230;city263
148;city245;44;417;city110;470;223;city264;355;32;city297;382;205;city176;459;65;city127;97;254;city112;201;254;city71;71;154;city154;200;140;city59;374;272;city125;87;53;city239;25;108;city274;467;179;city58;293;349;city68;302;421;city192;88;438;city289;319;412;city107;447;108;city109
171;city275;37;432;city150;92;61;city176;403;448;city216;384;177;city155;255;257;city220;359;347;city244;355;37;city97;57;397;city257;333;43;city258;98;489;city222;319;13;city144;115;367;city116;92;396;city51
172;city265;373;243;city70;69;273;city200;2;203;city184;53;209;city240;32;159;city231;473;462;city220;46;418;city283
164;city189;454;53;city255;286;104;city134;487;223;city195;125;264;city78;309;120;city209;390;271;city137;94;29;city133;186;418;city193;81;445;city81;135;102;city270;34;245;city292
164;city189;454;53;city255;286;104;city134;487;223;city195;125;264;city78;309;120;city209;390;271;city137;94;29;city133;186;418;city193;81;445;city81;135;102;city270;34;245;city292
146;city236;239;178;city67;205;297;city78;414;75;city140;296;462;city253;67;239;city122;83;112;city154;431;284;city175;476;449;city269
140;city208;55;28;city250;147;136;city228;419;366;city66;145;44;city197;306;76;city234;454;226;city74;276;336;city63;400;85;city218;399;467;city108;277;481;city85;121;64;city287;111;130;city263;204;354;city243;179;376;city110;242;36;city68;229;319;city196;12;209;city229
165;city85;135;274;city189;344;467;city174;287;374;city272;266;353;city130;407;339;city268;316;94;city141
147;city191;76;63;city160;50;191;city276;371;397;city137;169;107;city210;152;57;city239;411;273;city97;446;132;city126;145;389;city139
144;city163;168;335;city135;19;474;city52;54;163;city57;415;28;city92;202;198;city272;330;303;city297;8;464;city160;355;311;city285;109;193;city156
171;city275;37;432;city150;92;61;city176;403;448;city216;384;177;city155;255;257;city220;359;347;city244;355;37;city97;57;397;city257;333;43;city258;98;489;city222;319;13;city144;115;367;city116;92;396;city51
157;city89;396;203;city299;313;355;city129;96;449;city206
147;city191;76;63;city160;50;191;city276;371;397;city137;169;107;city210;152;57;city239;411;273;city97;446;132;city126;145;389;city139
162;city105;124;53;city168;151;157;city240;370;363;city134;198;4167;city260;341;187;city162;257;460;city268;178;101;city80;369;282;city131;264;212;city179;335;297;city252;432;71;city193;499;321;city132;345;158;city90;264;315;city266
148;city245;44;417;city110;470;223;city264;355;32;city297;382;205;city176;459;65;city127;97;254;city112;201;254;city71;71;154;city154;200;140;city59;374;272;city125;87;53;city239;25;108;city274;467;179;city58;293;349;city68;302;421;city192;88;438;city289;319;412;city107;447;108;city109
148;city245;44;417;city110;470;223;city264;355;32;city297;382;205;city176;459;65;city127;97;254;city112;201;254;city71;71;154;city154;200;140;city59;374;272;city125;87;53;city239;25;108;city274;467;179;city58;293;349;city68;302;421;city192;88;438;city289;319;412;city107;447;108;city109
168;city135;496;51;city256
159;city121;381;58;city119;392;80;city109;95;40;city259;413;126;city55;53;95;city148;220;160;city69;401;336;city197;207;428;city128
157;city89;396;203;city299;313;355;city129;96;449;city206
147;city191;76;63;city160;50;191;city276;371;397;city137;169;107;city210;152;57;city239;411;273;city97;446;132;city126;145;389;city139
162;city105;124;53;city168;151;157;city240;370;363;city134;198;4167;city260;341;187;city162;257;460;city268;178;101;city80;369;282;city131;264;212;city179;335;297;city252;432;71;city193;499;321;city132;345;158;city90;264;315;city266
127;city168;179;484;city195;52;112;city248;195;88;city179;198;172;city50;195;214;city92;323;360;city256;265;446;city113
127;city168;179;484;city195;52;112;city248;195;88;city179;198;172;city50;195;214;city92;323;360;city256;265;446;city113
158;city269;350;41;city144;159;411;city72;476;152;city220;435;55;city290;409;372;city119;349;121;city229;340;352;city71
153;city212;263;163;city132;143;5;city235;481;95;city264;345;166;city200;338;426;city124
142;city135;230;215;city280;104;109;city128;253;174;city214;458;230;city263
156;city212;17;495;city177;117;162;city206;222;191;city113;485;469;city282;152;143;city262
146;city236;239;178;city67;205;297;city78;414;75;city140;296;462;city253;67;239;city122;83;112;city154;431;284;city175;476;449;city269
151;city135;100;236;city239;380;172;city271;253;12;city192;320;181;city178;107;260;city92;268;91;city219;57;111;city210;481;179;city121;381;247;city209;201;369;city171;58;228;city236;491;344;city224;283;477;city220;319;33;city89;357;465;city128;271;399;city207;186;394;city107;145;417;city118;165;385;city149
149;city299;119;101;city180;151;492;city104;475;469;city57
131;city72;415;224;city137;279;405;city127;265;317;city150;87;215;city141;348;54;city209;87;456;city274;225;147;city93;337;158;city253;242;13;city78;85;200;city50
174;city250;172;69;city156;375;333;city63;4;449;city155;37;409;city117;155;377;city118;84;451;city242;293;226;city208
126;city248;265;286;city271;55;456;city100;246;423;city168;128;259;city50;51;373;city220;22;320;city86;36;5;city55;354;456;city61;408;2;city117;122;170;city102;205;361;city190;98;173;city180;56;315;city292;149;409;city79;375;342;city89;468;174;city133
128;city158;86;238;city115;287;424;city273;371;157;city51;174;475;city61
160;city241;164;320;city277;458;230;city100;161;49;city213;88;334;city207
160;city241;164;320;city277;458;230;city100;161;49;city213;88;334;city207
151;city135;100;236;city239;380;172;city271;253;12;city192;320;181;city178;107;260;city92;268;91;city219;57;111;city210;481;179;city121;381;247;city209;201;369;city171;58;228;city236;491;344;city224;283;477;city220;319;33;city89;357;465;city128;271;399;city207;186;394;city107;145;417;city118;165;385;city149
141;city59;205;491;city274;331;145;city230;301;108;city128;151;21;city154
171;city275;37;432;city150;92;61;city176;403;448;city216;384;177;city155;255;257;city220;359;347;city244;355;37;city97;57;397;city257;333;43;city258;98;489;city222;319;13;city144;115;367;city116;92;396;city51
152;city115;82;277;city231;352;212;city157;258;304;city64;120;135;city127;463;92;city201;497;327;city124;448;488;city199;418;354;city108
170;city249;281;100;city177;496;213;city240;80;11;city132;351;360;city141;49;268;city283;152;44;city257;73;276;city289;45;64;city157;428;274;city160;343;17;city137;400;207;city69
144;city163;168;335;city135;19;474;city52;54;163;city57;415;28;city92;202;198;city272;330;303;city297;8;464;city160;355;311;city285;109;193;city156

171;city275;37;432;city150;92;61;city176;403;448;city216;384;177;city155;255;257;city220;359;347;city244;355;37;city97;57;397;city257;333;43;city258;98;489;city222;319;13;city144;115;367;city116;92;396;city51
164;city189;454;53;city255;286;104;city134;487;223;city195;125;264;city78;309;120;city209;390;271;city137;94;29;city133;186;418;city193;81;445;city81;135;102;city270;34;245;city292
145;city174;410;135;city221;184;215;city130;467;225;city70;62;426;city63;163;478;city232;283;210;city271;83;61;city242
174;city250;172;69;city156;375;333;city63;4;449;city155;37;409;city117;155;377;city118;84;451;city242;293;226;city208
156;city212;17;495;city177;117;162;city206;222;191;city113;485;469;city282;152;143;city262
