ERROR 4
ERROR 7
ERROR 17
ERROR 19
ERROR 24
ERROR 27
ERROR 32
ERROR 33
ERROR 35
ERROR 38
ERROR 40
ERROR 43
ERROR 48
ERROR 51
ERROR 53
ERROR 55
ERROR 57
ERROR 58
ERROR 59
ERROR 61
ERROR 62
ERROR 68
ERROR 69
ERROR 74
ERROR 76
ERROR 84
ERROR 85
ERROR 87
ERROR 91
ERROR 94
ERROR 96
ERROR 98
ERROR 102
ERROR 105
ERROR 112
ERROR 113
ERROR 126
ERROR 129
ERROR 131
ERROR 132
ERROR 136
ERROR 140
ERROR 141
ERROR 144
ERROR 151
ERROR 153
ERROR 154
ERROR 159
ERROR 160
ERROR 163
ERROR 164
ERROR 168
ERROR 170
ERROR 171
ERROR 172
ERROR 174
ERROR 175
ERROR 177
ERROR 178
ERROR 182
ERROR 186
ERROR 189
ERROR 192
ERROR 193
ERROR 195
ERROR 196
ERROR 198
ERROR 201
ERROR 204
ERROR 209
ERROR 211
ERROR 215
ERROR 216
ERROR 219
ERROR 224
ERROR 225
ERROR 230
ERROR 236
ERROR 237
ERROR 241
ERROR 242
ERROR 243
ERROR 244
ERROR 247
ERROR 251
ERROR 253
ERROR 257
ERROR 259
ERROR 260
ERROR 263
ERROR 268
ERROR 270
ERROR 272
ERROR 276
ERROR 277
ERROR 278
ERROR 279
ERROR 283
ERROR 284
ERROR 287
ERROR 288
ERROR 291
ERROR 292
ERROR 294
ERROR 304
ERROR 305
ERROR 306
ERROR 307
ERROR 308
ERROR 310
ERROR 311
ERROR 314
ERROR 315
ERROR 318
ERROR 319
ERROR 321
ERROR 325
ERROR 328
ERROR 331
ERROR 332
ERROR 333
ERROR 334
ERROR 336
ERROR 339
ERROR 346
ERROR 347
ERROR 348
ERROR 349
ERROR 350
ERROR 352
ERROR 353
ERROR 362
ERROR 364
ERROR 365
ERROR 367
ERROR 369
ERROR 370
ERROR 374
ERROR 377
ERROR 378
ERROR 379
ERROR 380
ERROR 384
ERROR 390
ERROR 391
ERROR 405
ERROR 407
ERROR 411
ERROR 414
ERROR 417
ERROR 418
ERROR 423
ERROR 425
ERROR 427
ERROR 429
ERROR 434
ERROR 442
ERROR 446
ERROR 448
ERROR 450
ERROR 452
ERROR 455
ERROR 456
ERROR 458
ERROR 459
ERROR 461
ERROR 463
ERROR 469
ERROR 470
ERROR 472
ERROR 474
ERROR 475
ERROR 477
ERROR 479
ERROR 481
ERROR 484
ERROR 486
ERROR 488
ERROR 492
ERROR 493
ERROR 494
ERROR 498
ERROR 499
ERROR 502
ERROR 504
ERROR 506
ERROR 508
ERROR 511
ERROR 512
ERROR 515
ERROR 518
ERROR 521
ERROR 522
ERROR 526
ERROR 527
ERROR 529
ERROR 530
ERROR 532
ERROR 534
ERROR 537
ERROR 538
ERROR 539
ERROR 542
ERROR 543
ERROR 547
ERROR 549
ERROR 550
ERROR 553
ERROR 557
ERROR 558
ERROR 560
ERROR 562
ERROR 564
ERROR 567
ERROR 569
ERROR 572
ERROR 576
ERROR 577
ERROR 581
ERROR 584
ERROR 585
ERROR 586
ERROR 588
ERROR 594
ERROR 597
ERROR 599
ERROR 600
ERROR 602
ERROR 607
ERROR 608
ERROR 610
ERROR 613
ERROR 614
ERROR 615
ERROR 618
ERROR 621
ERROR 623
ERROR 625
ERROR 628
ERROR 633
ERROR 634
ERROR 636
ERROR 638
ERROR 640
ERROR 641
ERROR 643
ERROR 645
ERROR 646
ERROR 649
ERROR 650
ERROR 652
ERROR 654
ERROR 656
ERROR 657
ERROR 659
ERROR 661
ERROR 669
ERROR 672
ERROR 674
ERROR 675
ERROR 678
ERROR 681
ERROR 685
ERROR 688
ERROR 689
ERROR 690
ERROR 692
ERROR 693
ERROR 694
ERROR 697
ERROR 698
ERROR 700
ERROR 704
ERROR 706
ERROR 708
ERROR 709
ERROR 710
ERROR 712
ERROR 713
ERROR 715
ERROR 716
ERROR 717
ERROR 718
ERROR 719
ERROR 721
ERROR 722
ERROR 725
ERROR 727
ERROR 729
ERROR 733
ERROR 735
ERROR 738
ERROR 739
ERROR 742
ERROR 747
ERROR 749
ERROR 751
ERROR 752
ERROR 753
ERROR 755
ERROR 758
ERROR 759
ERROR 764
ERROR 766
ERROR 767
ERROR 769
ERROR 770
ERROR 773
ERROR 777
ERROR 778
ERROR 779
ERROR 780
ERROR 782
ERROR 783
ERROR 788
ERROR 789
ERROR 791
ERROR 794
ERROR 795
ERROR 796
ERROR 797
ERROR 801
ERROR 803
ERROR 806
ERROR 808
ERROR 814
ERROR 816
ERROR 817
ERROR 819
ERROR 820
ERROR 821
ERROR 822
ERROR 825
ERROR 827
ERROR 829
ERROR 830
ERROR 834
ERROR 835
ERROR 836
ERROR 837
ERROR 839
ERROR 840
ERROR 844
ERROR 847
ERROR 850
ERROR 851
ERROR 854
ERROR 856
ERROR 857
ERROR 858
ERROR 859
ERROR 861
ERROR 862
ERROR 863
ERROR 870
ERROR 872
ERROR 874
ERROR 880
ERROR 881
ERROR 883
ERROR 884
ERROR 886
ERROR 887
ERROR 890
ERROR 891
ERROR 892
ERROR 894
ERROR 895
ERROR 896
ERROR 900
ERROR 903
ERROR 906
ERROR 907
ERROR 912
ERROR 914
ERROR 917
ERROR 918
ERROR 919
ERROR 921
ERROR 922
ERROR 925
ERROR 926
ERROR 927
ERROR 928
ERROR 929
ERROR 935
ERROR 938
ERROR 939
ERROR 940
ERROR 941
ERROR 943
ERROR 945
ERROR 946
ERROR 947
ERROR 949
ERROR 951
ERROR 953
ERROR 954
ERROR 955
ERROR 956
ERROR 957
ERROR 958
ERROR 959
ERROR 960
ERROR 962
ERROR 963
ERROR 966
ERROR 968
ERROR 972
ERROR 973
ERROR 977
ERROR 979
ERROR 980
ERROR 982
ERROR 984
ERROR 985
ERROR 987
ERROR 989
ERROR 990
ERROR 992
ERROR 993
ERROR 994
ERROR 1000
ERROR 1002
ERROR 1003
ERROR 1004
ERROR 1005
ERROR 1006
ERROR 1010
ERROR 1012
ERROR 1013
ERROR 1015
ERROR 1016
ERROR 1019
ERROR 1020
ERROR 1024
ERROR 1025
ERROR 1026
ERROR 1030
ERROR 1031
ERROR 1037
ERROR 1041
ERROR 1042
ERROR 1047
ERROR 1049
ERROR 1050
ERROR 1051
ERROR 1053
ERROR 1054
ERROR 1055
ERROR 1057
ERROR 1058
ERROR 1059
ERROR 1060
ERROR 1061
ERROR 1062
ERROR 1063
ERROR 1065
ERROR 1067
ERROR 1068
ERROR 1069
ERROR 1070
ERROR 1072
ERROR 1074
ERROR 1076
ERROR 1077
ERROR 1078
ERROR 1082
ERROR 1083
ERROR 1084
ERROR 1085
ERROR 1086
ERROR 1088
ERROR 1090
ERROR 1093
ERROR 1094
ERROR 1095
ERROR 1098
ERROR 1100
ERROR 1102
ERROR 1105
ERROR 1106
ERROR 1109
ERROR 1110
ERROR 1112
ERROR 1113
ERROR 1114
ERROR 1116
ERROR 1121
ERROR 1122
ERROR 1129
ERROR 1130
ERROR 1131
ERROR 1132
ERROR 1135
ERROR 1136
ERROR 1139
ERROR 1141
ERROR 1142
ERROR 1143
ERROR 1144
ERROR 1151
ERROR 1155
ERROR 1156
ERROR 1157
ERROR 1161
ERROR 1163
ERROR 1164
ERROR 1165
ERROR 1169
ERROR 1171
ERROR 1172
ERROR 1175
ERROR 1176
ERROR 1177
ERROR 1178
ERROR 1180
ERROR 1184
ERROR 1186
ERROR 1187
ERROR 1188
ERROR 1189
ERROR 1191
ERROR 1196
ERROR 1197
ERROR 1199
ERROR 1200
ERROR 1201
ERROR 1203
ERROR 1206
ERROR 1208
ERROR 1209
ERROR 1211
ERROR 1217
ERROR 1218
ERROR 1221
ERROR 1222
ERROR 1224
ERROR 1227
ERROR 1228
ERROR 1230
ERROR 1231
ERROR 1235
ERROR 1236
ERROR 1238
ERROR 1240
ERROR 1241
ERROR 1243
ERROR 1245
ERROR 1246
ERROR 1254
ERROR 1255
ERROR 1256
ERROR 1259
ERROR 1263
ERROR 1265
ERROR 1268
ERROR 1269
ERROR 1270
ERROR 1271
ERROR 1275
ERROR 1277
ERROR 1278
ERROR 1279
ERROR 1281
ERROR 1282
ERROR 1284
ERROR 1285
ERROR 1288
ERROR 1290
ERROR 1291
ERROR 1297
ERROR 1299
ERROR 1301
ERROR 1303
ERROR 1305
ERROR 1306
ERROR 1308
ERROR 1309
ERROR 1311
ERROR 1312
ERROR 1313
ERROR 1318
ERROR 1319
ERROR 1320
ERROR 1321
ERROR 1323
ERROR 1328
ERROR 1329
ERROR 1333
ERROR 1341
ERROR 1342
ERROR 1343
ERROR 1346
ERROR 1348
ERROR 1350
ERROR 1355
ERROR 1356
ERROR 1357
ERROR 1359
ERROR 1365
ERROR 1366
ERROR 1367
ERROR 1370
ERROR 1372
ERROR 1373
ERROR 1375
ERROR 1377
ERROR 1379
ERROR 1381
ERROR 1385
ERROR 1386
ERROR 1388
ERROR 1390
ERROR 1393
ERROR 1394
ERROR 1397
ERROR 1399
ERROR 1400
ERROR 1401
ERROR 1402
ERROR 1404
ERROR 1405
ERROR 1409
ERROR 1414
ERROR 1415
ERROR 1416
ERROR 1418
ERROR 1419
ERROR 1421
ERROR 1424
ERROR 1425
ERROR 1428
ERROR 1429
ERROR 1430
ERROR 1431
ERROR 1436
ERROR 1437
ERROR 1438
ERROR 1440
ERROR 1441
ERROR 1442
ERROR 1443
ERROR 1444
ERROR 1445
ERROR 1447
ERROR 1448
ERROR 1450
ERROR 1452
ERROR 1454
ERROR 1455
ERROR 1457
ERROR 1460
ERROR 1462
ERROR 1464
ERROR 1467
ERROR 1469
ERROR 1472
ERROR 1473
ERROR 1474
ERROR 1475
ERROR 1478
ERROR 1482
ERROR 1483
ERROR 1484
ERROR 1485
ERROR 1486
ERROR 1490
ERROR 1491
ERROR 1492
ERROR 1500
ERROR 1501
ERROR 1502
ERROR 1504
ERROR 1505
ERROR 1508
ERROR 1509
ERROR 1510
ERROR 1512
ERROR 1514
ERROR 1515
ERROR 1520
ERROR 1524
ERROR 1527
ERROR 1528
ERROR 1530
ERROR 1532
ERROR 1533
ERROR 1535
ERROR 1536
ERROR 1537
ERROR 1542
ERROR 1545
ERROR 1547
ERROR 1548
ERROR 1549
ERROR 1552
ERROR 1553
ERROR 1557
ERROR 1558
ERROR 1560
ERROR 1563
ERROR 1566
ERROR 1567
ERROR 1576
ERROR 1578
ERROR 1581
ERROR 1582
ERROR 1583
ERROR 1586
ERROR 1588
ERROR 1589
ERROR 1590
ERROR 1593
ERROR 1595
ERROR 1596
ERROR 1597
ERROR 1599
ERROR 1604
ERROR 1607
ERROR 1608
ERROR 1609
ERROR 1611
ERROR 1612
ERROR 1617
ERROR 1619
ERROR 1620
ERROR 1624
ERROR 1625
ERROR 1628
ERROR 1629
ERROR 1630
ERROR 1640
ERROR 1644
ERROR 1645
ERROR 1646
ERROR 1649
ERROR 1652
ERROR 1653
ERROR 1654
ERROR 1659
ERROR 1661
ERROR 1662
ERROR 1663
ERROR 1664
ERROR 1665
ERROR 1666
ERROR 1667
ERROR 1668
ERROR 1670
ERROR 1674
ERROR 1676
ERROR 1682
ERROR 1683
ERROR 1684
ERROR 1685
ERROR 1686
ERROR 1689
ERROR 1690
ERROR 1691
ERROR 1692
ERROR 1693
ERROR 1695
ERROR 1700
ERROR 1701
ERROR 1702
ERROR 1708
ERROR 1711
ERROR 1712
ERROR 1714
ERROR 1715
ERROR 1719
ERROR 1721
ERROR 1722
ERROR 1727
ERROR 1728
ERROR 1729
ERROR 1731
ERROR 1733
ERROR 1735
ERROR 1736
ERROR 1737
ERROR 1738
ERROR 1739
ERROR 1742
ERROR 1744
ERROR 1746
ERROR 1748
ERROR 1749
ERROR 1750
ERROR 1753
ERROR 1754
ERROR 1757
ERROR 1758
ERROR 1760
ERROR 1765
ERROR 1770
ERROR 1771
ERROR 1773
ERROR 1774
ERROR 1776
ERROR 1777
ERROR 1779
ERROR 1782
ERROR 1786
ERROR 1789
ERROR 1790
ERROR 1791
ERROR 1793
ERROR 1794
