ERROR 4
ERROR 8
ERROR 12
ERROR 13
ERROR 16
ERROR 17
ERROR 18
ERROR 19
ERROR 22
ERROR 31
ERROR 33
ERROR 35
ERROR 42
ERROR 44
ERROR 49
ERROR 52
ERROR 55
ERROR 58
ERROR 59
ERROR 61
ERROR 62
ERROR 68
ERROR 71
ERROR 78
ERROR 80
ERROR 82
ERROR 83
ERROR 85
ERROR 86
ERROR 87
ERROR 88
ERROR 89
ERROR 93
ERROR 95
ERROR 99
ERROR 102
ERROR 104
ERROR 108
ERROR 110
ERROR 112
ERROR 113
ERROR 116
ERROR 124
ERROR 126
ERROR 128
ERROR 130
ERROR 131
ERROR 132
ERROR 133
ERROR 135
ERROR 137
ERROR 139
ERROR 140
ERROR 142
ERROR 143
ERROR 144
ERROR 148
ERROR 157
ERROR 158
ERROR 160
ERROR 161
ERROR 164
ERROR 165
ERROR 166
ERROR 168
ERROR 169
ERROR 170
ERROR 171
ERROR 173
ERROR 175
ERROR 178
ERROR 179
ERROR 182
ERROR 183
ERROR 186
ERROR 187
ERROR 188
ERROR 191
ERROR 194
ERROR 198
ERROR 200
ERROR 201
ERROR 204
ERROR 206
ERROR 209
ERROR 212
ERROR 213
ERROR 214
ERROR 221
ERROR 222
ERROR 225
ERROR 228
ERROR 230
ERROR 232
ERROR 233
ERROR 236
ERROR 243
ERROR 244
ERROR 247
ERROR 248
ERROR 249
ERROR 250
ERROR 251
ERROR 252
ERROR 255
ERROR 258
ERROR 259
ERROR 260
ERROR 264
ERROR 265
ERROR 267
ERROR 271
ERROR 277
ERROR 278
ERROR 281
ERROR 282
ERROR 285
ERROR 287
ERROR 289
ERROR 290
ERROR 292
ERROR 299
ERROR 301
ERROR 303
ERROR 307
ERROR 308
ERROR 309
ERROR 312
ERROR 316
ERROR 319
ERROR 320
ERROR 321
ERROR 322
ERROR 323
ERROR 328
ERROR 331
ERROR 336
ERROR 337
ERROR 338
ERROR 341
ERROR 342
ERROR 344
ERROR 347
ERROR 353
ERROR 357
ERROR 361
ERROR 363
ERROR 369
ERROR 371
ERROR 373
ERROR 376
ERROR 377
ERROR 382
ERROR 383
ERROR 385
ERROR 386
ERROR 387
ERROR 390
ERROR 394
ERROR 396
ERROR 401
ERROR 402
ERROR 403
ERROR 406
ERROR 407
ERROR 409
ERROR 414
ERROR 416
ERROR 417
ERROR 421
ERROR 423
ERROR 424
ERROR 426
ERROR 427
ERROR 429
ERROR 432
ERROR 434
ERROR 435
ERROR 437
ERROR 443
ERROR 446
ERROR 452
ERROR 453
ERROR 454
ERROR 457
ERROR 458
ERROR 461
ERROR 462
ERROR 467
ERROR 468
ERROR 469
ERROR 473
ERROR 475
ERROR 477
ERROR 478
ERROR 480
ERROR 482
ERROR 483
ERROR 485
ERROR 489
ERROR 490
ERROR 493
ERROR 494
ERROR 498
ERROR 499
ERROR 501
ERROR 503
ERROR 505
ERROR 508
ERROR 509
ERROR 511
ERROR 512
ERROR 518
ERROR 519
ERROR 520
ERROR 524
ERROR 525
ERROR 527
ERROR 529
ERROR 530
ERROR 534
ERROR 537
ERROR 538
ERROR 540
ERROR 541
ERROR 542
ERROR 544
ERROR 545
ERROR 546
ERROR 548
ERROR 551
ERROR 552
ERROR 553
ERROR 554
ERROR 556
ERROR 560
ERROR 561
ERROR 565
ERROR 566
ERROR 569
ERROR 571
ERROR 572
ERROR 575
ERROR 576
ERROR 579
ERROR 581
ERROR 582
ERROR 584
ERROR 585
ERROR 586
ERROR 588
ERROR 589
ERROR 591
ERROR 592
ERROR 594
ERROR 595
ERROR 598
ERROR 602
ERROR 606
ERROR 609
ERROR 610
ERROR 612
ERROR 613
ERROR 614
ERROR 615
ERROR 617
ERROR 619
ERROR 623
ERROR 625
ERROR 628
ERROR 629
ERROR 631
ERROR 635
ERROR 636
ERROR 637
ERROR 638
ERROR 639
ERROR 643
ERROR 644
ERROR 645
ERROR 647
ERROR 649
ERROR 650
ERROR 652
ERROR 655
ERROR 656
ERROR 660
ERROR 662
ERROR 667
ERROR 670
ERROR 672
ERROR 675
ERROR 676
ERROR 677
ERROR 678
ERROR 682
ERROR 683
ERROR 689
ERROR 691
ERROR 693
ERROR 697
ERROR 700
ERROR 701
ERROR 703
ERROR 704
ERROR 705
ERROR 706
ERROR 710
ERROR 714
ERROR 717
ERROR 719
ERROR 731
ERROR 733
ERROR 735
ERROR 737
ERROR 739
ERROR 741
ERROR 743
ERROR 749
ERROR 750
ERROR 753
ERROR 756
ERROR 758
ERROR 761
ERROR 762
ERROR 764
ERROR 765
ERROR 769
ERROR 772
ERROR 774
ERROR 777
ERROR 778
ERROR 783
ERROR 784
ERROR 785
ERROR 786
ERROR 788
ERROR 790
ERROR 791
ERROR 793
ERROR 795
ERROR 796
ERROR 797
ERROR 798
ERROR 804
ERROR 806
ERROR 809
ERROR 810
ERROR 811
ERROR 813
ERROR 814
ERROR 816
ERROR 817
ERROR 818
ERROR 819
ERROR 821
ERROR 823
ERROR 824
ERROR 825
ERROR 826
ERROR 828
ERROR 829
ERROR 830
ERROR 831
ERROR 834
ERROR 835
ERROR 836
ERROR 839
ERROR 841
ERROR 848
ERROR 849
ERROR 851
ERROR 852
ERROR 858
ERROR 859
ERROR 860
ERROR 862
ERROR 864
ERROR 866
ERROR 867
ERROR 869
ERROR 872
ERROR 873
ERROR 874
ERROR 875
ERROR 877
ERROR 879
ERROR 880
ERROR 882
ERROR 883
ERROR 886
ERROR 889
ERROR 891
ERROR 894
ERROR 897
ERROR 899
ERROR 901
ERROR 905
ERROR 906
ERROR 908
ERROR 911
ERROR 912
ERROR 913
ERROR 914
ERROR 915
ERROR 916
ERROR 918
ERROR 921
ERROR 925
ERROR 927
ERROR 928
ERROR 930
ERROR 934
ERROR 936
ERROR 938
ERROR 944
ERROR 947
ERROR 948
ERROR 949
ERROR 951
ERROR 954
ERROR 955
ERROR 958
ERROR 959
ERROR 961
ERROR 962
ERROR 963
ERROR 964
ERROR 970
ERROR 972
ERROR 973
ERROR 980
ERROR 983
ERROR 984
ERROR 985
ERROR 990
ERROR 993
ERROR 996
ERROR 997
ERROR 998
ERROR 999
ERROR 1002
ERROR 1004
ERROR 1006
ERROR 1008
ERROR 1009
ERROR 1010
ERROR 1013
ERROR 1014
ERROR 1019
ERROR 1020
ERROR 1021
ERROR 1022
ERROR 1023
ERROR 1026
ERROR 1030
ERROR 1031
ERROR 1032
ERROR 1033
ERROR 1035
ERROR 1036
ERROR 1037
ERROR 1038
ERROR 1039
ERROR 1043
ERROR 1046
ERROR 1048
ERROR 1049
ERROR 1050
ERROR 1051
ERROR 1052
ERROR 1056
ERROR 1058
ERROR 1063
ERROR 1067
ERROR 1068
ERROR 1071
ERROR 1074
ERROR 1075
ERROR 1077
ERROR 1079
ERROR 1080
ERROR 1081
ERROR 1082
ERROR 1083
ERROR 1084
ERROR 1085
ERROR 1086
ERROR 1087
ERROR 1088
ERROR 1089
ERROR 1092
ERROR 1093
ERROR 1094
ERROR 1096
ERROR 1102
ERROR 1103
ERROR 1104
ERROR 1105
ERROR 1106
ERROR 1108
ERROR 1109
ERROR 1112
ERROR 1113
ERROR 1114
ERROR 1115
