











151;city231;262;206;city54;7;211;city152;128;116;city62;204;93;city210;292;193;city68;66;81;city240;56;497;city153;134;425;city244;302;48;city221;79;66;city290;113;170;city124;262;334;city138;150;99;city228


129;city86;137;105;city101;498;170;city162;301;480;city73;348;277;city296;310;251;city204;274;222;city121;225;222;city152;400;33;city224;136;444;city138;150;135;city287;274;219;city158;489;221;city239;353;404;city266;106;82;city160
153;city274;279;119;city150;19;384;city263;498;326;city198;348;142;city222;352;352;city184;139;18;city255;438;415;city266;222;411;city55;294;124;city167;273;55;city158;154;135;city169;51;407;city185;403;469;city122;38;227;city207;220;244;city279
132;city176;259;173;city136;16;291;city241;31;455;city298






174;city152;489;301;city79;228;256;city124;93;53;city190;197;294;city292;66;370;city161;458;272;city233;414;90;city180;425;454;city188;4;417;city194;247;390;city62;146;27;city255;216;280;city63
161;city228;71;276;city248;113;151;city136;192;167;city71;467;265;city68;88;231;city56;148;401;city57

170;city147;297;297;city153;472;323;city96;323;315;city290;298;327;city284;492;413;city55;136;157;city177;311;94;city80;451;405;city285




151;city231;262;206;city54;7;211;city152;128;116;city62;204;93;city210;292;193;city68;66;81;city240;56;497;city153;134;425;city244;302;48;city221;79;66;city290;113;170;city124;262;334;city138;150;99;city228


161;city228;71;276;city248;113;151;city136;192;167;city71;467;265;city68;88;231;city56;148;401;city57


142;city100;241;301;city192;28;416;city134;140;89;city194;360;188;city150;25;438;city204;325;464;city202;423;371;city286;465;346;city152;205;236;city295
126;city144;359;369;city244;84;422;city117;360;2;city291;137;98;city253;489;495;city153;208;464;city141;432;250;city218;324;175;city246;115;16;city149;397;478;city186;326;178;city172;379;188;city290;185;67;city91;366;144;city273

126;city144;359;369;city244;84;422;city117;360;2;city291;137;98;city253;489;495;city153;208;464;city141;432;250;city218;324;175;city246;115;16;city149;397;478;city186;326;178;city172;379;188;city290;185;67;city91;366;144;city273

161;city228;71;276;city248;113;151;city136;192;167;city71;467;265;city68;88;231;city56;148;401;city57

127;city147;15;427;city173;18;121;city171;119;224;city259;425;207;city253;191;253;city148;436;406;city69



170;city147;297;297;city153;472;323;city96;323;315;city290;298;327;city284;492;413;city55;136;157;city177;311;94;city80;451;405;city285
174;city152;489;301;city79;228;256;city124;93;53;city190;197;294;city292;66;370;city161;458;272;city233;414;90;city180;425;454;city188;4;417;city194;247;390;city62;146;27;city255;216;280;city63
141;city244;140;8;city279;169;20;city52;128;322;city147;427;41;city205;199;380;city96;234;206;city126;206;165;city291;78;292;city203;172;66;city235;61;241;city173;461;217;city299;24;364;city239;208;128;city50;261;89;city261;489;317;city92;140;65;city297;394;114;city183;103;212;city144;422;225;city245
154;city211;277;26;city257;7;40;city129;238;285;city83;312;397;city114;107;483;city272;482;498;city279;85;176;city290;102;94;city292;45;165;city217

159;city148;411;61;city219;139;169;city235;497;331;city102;380;147;city133;495;91;city234
131;city64;116;230;city216;329;413;city59;423;483;city264;267;492;city128;178;60;city68;54;276;city266;109;166;city138;85;491;city259;349;360;city132;217;287;city272;427;349;city131
139;city73;153;397;city98;2;315;city179;121;115;city109;149;13;city86;414;482;city274;218;464;city292;186;128;city199;203;448;city251;331;444;city260

173;city218;403;36;city75;114;223;city213;379;201;city157;346;49;city152;79;480;city265;424;230;city207;173;52;city98;150;455;city228;223;277;city205;87;485;city55;18;287;city219;425;130;city187;216;184;city143;447;299;city64;442;151;city69
150;city89;395;355;city66;455;94;city238;422;97;city290;35;32;city168;55;163;city102;346;226;city132;299;20;city104;257;262;city172;174;384;city76
134;city70;222;196;city224

160;city291;370;213;city70;392;480;city163;466;454;city193;366;90;city258;252;414;city236;158;314;city58;382;282;city187;302;278;city109
172;city163;225;453;city168;315;60;city55;191;121;city193;68;17;city54;289;18;city194;269;47;city77;228;375;city106;447;75;city134;19;215;city130;111;43;city74;297;146;city244;486;252;city70;396;376;city174;71;443;city173;490;99;city165;489;490;city113;64;227;city64;483;188;city92;116;263;city280

150;city89;395;355;city66;455;94;city238;422;97;city290;35;32;city168;55;163;city102;346;226;city132;299;20;city104;257;262;city172;174;384;city76



132;city176;259;173;city136;16;291;city241;31;455;city298
174;city152;489;301;city79;228;256;city124;93;53;city190;197;294;city292;66;370;city161;458;272;city233;414;90;city180;425;454;city188;4;417;city194;247;390;city62;146;27;city255;216;280;city63
153;city274;279;119;city150;19;384;city263;498;326;city198;348;142;city222;352;352;city184;139;18;city255;438;415;city266;222;411;city55;294;124;city167;273;55;city158;154;135;city169;51;407;city185;403;469;city122;38;227;city207;220;244;city279
154;city211;277;26;city257;7;40;city129;238;285;city83;312;397;city114;107;483;city272;482;498;city279;85;176;city290;102;94;city292;45;165;city217
172;city163;225;453;city168;315;60;city55;191;121;city193;68;17;city54;289;18;city194;269;47;city77;228;375;city106;447;75;city134;19;215;city130;111;43;city74;297;146;city244;486;252;city70;396;376;city174;71;443;city173;490;99;city165;489;490;city113;64;227;city64;483;188;city92;116;263;city280
161;city228;71;276;city248;113;151;city136;192;167;city71;467;265;city68;88;231;city56;148;401;city57
160;city291;370;213;city70;392;480;city163;466;454;city193;366;90;city258;252;414;city236;158;314;city58;382;282;city187;302;278;city109
154;city211;277;26;city257;7;40;city129;238;285;city83;312;397;city114;107;483;city272;482;498;city279;85;176;city290;102;94;city292;45;165;city217
141;city244;140;8;city279;169;20;city52;128;322;city147;427;41;city205;199;380;city96;234;206;city126;206;165;city291;78;292;city203;172;66;city235;61;241;city173;461;217;city299;24;364;city239;208;128;city50;261;89;city261;489;317;city92;140;65;city297;394;114;city183;103;212;city144;422;225;city245
151;city231;262;206;city54;7;211;city152;128;116;city62;204;93;city210;292;193;city68;66;81;city240;56;497;city153;134;425;city244;302;48;city221;79;66;city290;113;170;city124;262;334;city138;150;99;city228
150;city89;395;355;city66;455;94;city238;422;97;city290;35;32;city168;55;163;city102;346;226;city132;299;20;city104;257;262;city172;174;384;city76
160;city291;370;213;city70;392;480;city163;466;454;city193;366;90;city258;252;414;city236;158;314;city58;382;282;city187;302;278;city109
149;city182;233;435;city148;278;193;city135;485;262;city243;177;200;city137;499;375;city270;257;486;city174;321;109;city282;488;476;city252;289;446;city231;134;237;city183;36;283;city274
170;city147;297;297;city153;472;323;city96;323;315;city290;298;327;city284;492;413;city55;136;157;city177;311;94;city80;451;405;city285
128;city99;179;62;city160;13;477;city294;50;251;city81;363;171;city71;184;236;city280;175;341;city162;446;37;city146;440;284;city195;406;462;city238;493;174;city117;136;120;city140;441;80;city256;293;43;city157;12;49;city131;228;52;city70;58;57;city246;56;447;city232;404;491;city86;47;40;city267
174;city152;489;301;city79;228;256;city124;93;53;city190;197;294;city292;66;370;city161;458;272;city233;414;90;city180;425;454;city188;4;417;city194;247;390;city62;146;27;city255;216;280;city63

173;city218;403;36;city75;114;223;city213;379;201;city157;346;49;city152;79;480;city265;424;230;city207;173;52;city98;150;455;city228;223;277;city205;87;485;city55;18;287;city219;425;130;city187;216;184;city143;447;299;city64;442;151;city69
151;city231;262;206;city54;7;211;city152;128;116;city62;204;93;city210;292;193;city68;66;81;city240;56;497;city153;134;425;city244;302;48;city221;79;66;city290;113;170;city124;262;334;city138;150;99;city228
172;city163;225;453;city168;315;60;city55;191;121;city193;68;17;city54;289;18;city194;269;47;city77;228;375;city106;447;75;city134;19;215;city130;111;43;city74;297;146;city244;486;252;city70;396;376;city174;71;443;city173;490;99;city165;489;490;city113;64;227;city64;483;188;city92;116;263;city280
153;city274;279;119;city150;19;384;city263;498;326;city198;348;142;city222;352;352;city184;139;18;city255;438;415;city266;222;411;city55;294;124;city167;273;55;city158;154;135;city169;51;407;city185;403;469;city122;38;227;city207;220;244;city279

155;city219;207;454;city136
171;city282;115;157;city196;58;397;city169;164;237;city176;356;24;city246

169;city150;478;484;city270;477;43;city110;273;213;city52

131;city64;116;230;city216;329;413;city59;423;483;city264;267;492;city128;178;60;city68;54;276;city266;109;166;city138;85;491;city259;349;360;city132;217;287;city272;427;349;city131
127;city147;15;427;city173;18;121;city171;119;224;city259;425;207;city253;191;253;city148;436;406;city69
135;city178;398;343;city264;268;223;city119;475;428;city176;113;265;city167;386;305;city66;161;351;city217;280;369;city285;152;79;city65;141;462;city287;410;136;city219;3;207;city239;276;327;city127;302;101;city146;146;320;city91

152;city276;54;347;city127;17;374;city154;57;52;city52;17;192;city230;322;56;city103;13;212;city59;230;37;city177;41;113;city246;342;88;city126;415;362;city181;261;171;city295;236;243;city273;127;16;city186;36;405;city158;190;125;city125;290;411;city227;112;340;city134
132;city176;259;173;city136;16;291;city241;31;455;city298
170;city147;297;297;city153;472;323;city96;323;315;city290;298;327;city284;492;413;city55;136;157;city177;311;94;city80;451;405;city285

170;city147;297;297;city153;472;323;city96;323;315;city290;298;327;city284;492;413;city55;136;157;city177;311;94;city80;451;405;city285
173;city218;403;36;city75;114;223;city213;379;201;city157;346;49;city152;79;480;city265;424;230;city207;173;52;city98;150;455;city228;223;277;city205;87;485;city55;18;287;city219;425;130;city187;216;184;city143;447;299;city64;442;151;city69
174;city152;489;301;city79;228;256;city124;93;53;city190;197;294;city292;66;370;city161;458;272;city233;414;90;city180;425;454;city188;4;417;city194;247;390;city62;146;27;city255;216;280;city63
141;city244;140;8;city279;169;20;city52;128;322;city147;427;41;city205;199;380;city96;234;206;city126;206;165;city291;78;292;city203;172;66;city235;61;241;city173;461;217;city299;24;364;city239;208;128;city50;261;89;city261;489;317;city92;140;65;city297;394;114;city183;103;212;city144;422;225;city245
173;city218;403;36;city75;114;223;city213;379;201;city157;346;49;city152;79;480;city265;424;230;city207;173;52;city98;150;455;city228;223;277;city205;87;485;city55;18;287;city219;425;130;city187;216;184;city143;447;299;city64;442;151;city69
134;city70;222;196;city224
162;city228;322;57;city180;206;201;city159;125;9;city104;350;24;city182;56;27;city246;161;91;city206;50;130;city263;57;291;city156;216;118;city266;476;24;city284;33;441;city241;101;77;city77;407;342;city71;38;188;city173;333;136;city267
151;city231;262;206;city54;7;211;city152;128;116;city62;204;93;city210;292;193;city68;66;81;city240;56;497;city153;134;425;city244;302;48;city221;79;66;city290;113;170;city124;262;334;city138;150;99;city228
153;city274;279;119;city150;19;384;city263;498;326;city198;348;142;city222;352;352;city184;139;18;city255;438;415;city266;222;411;city55;294;124;city167;273;55;city158;154;135;city169;51;407;city185;403;469;city122;38;227;city207;220;244;city279
166;city119;226;58;city110
136;city176;408;305;city216;305;60;city240;500;312;city245;163;27;city244;30;51;city219;495;30;city94;270;132;city256;340;372;city281;186;268;city141;354;196;city127;414;46;city99;282;395;city249;262;293;city87;375;442;city92
144;city212;339;250;city293;94;142;city224;359;426;city90;266;366;city198;355;417;city236;272;83;city232;229;120;city166;339;183;city221;342;73;city204;344;461;city272;146;251;city186;251;111;city286;183;411;city284;141;108;city53;346;465;city161;447;322;city190;104;448;city176;170;32;city259;349;470;city250
174;city152;489;301;city79;228;256;city124;93;53;city190;197;294;city292;66;370;city161;458;272;city233;414;90;city180;425;454;city188;4;417;city194;247;390;city62;146;27;city255;216;280;city63
130;city261;442;499;city138;393;50;city112;472;209;city100;371;455;city287
154;city211;277;26;city257;7;40;city129;238;285;city83;312;397;city114;107;483;city272;482;498;city279;85;176;city290;102;94;city292;45;165;city217
132;city176;259;173;city136;16;291;city241;31;455;city298
160;city291;370;213;city70;392;480;city163;466;454;city193;366;90;city258;252;414;city236;158;314;city58;382;282;city187;302;278;city109
127;city147;15;427;city173;18;121;city171;119;224;city259;425;207;city253;191;253;city148;436;406;city69
164;city167;263;74;city139;133;149;city117;458;379;city268;105;496;city54;415;466;city115;273;231;city57;495;9;city175;359;106;city273;130;220;city128;491;435;city178;231;253;city77;323;453;city140;372;486;city184;245;44;city125;461;208;city201;329;446;city126
130;city261;442;499;city138;393;50;city112;472;209;city100;371;455;city287

144;city212;339;250;city293;94;142;city224;359;426;city90;266;366;city198;355;417;city236;272;83;city232;229;120;city166;339;183;city221;342;73;city204;344;461;city272;146;251;city186;251;111;city286;183;411;city284;141;108;city53;346;465;city161;447;322;city190;104;448;city176;170;32;city259;349;470;city250
139;city73;153;397;city98;2;315;city179;121;115;city109;149;13;city86;414;482;city274;218;464;city292;186;128;city199;203;448;city251;331;444;city260
127;city147;15;427;city173;18;121;city171;119;224;city259;425;207;city253;191;253;city148;436;406;city69
140;city194;276;214;city138;417;479;city249;66;52;city142;193;253;city221;408;471;city285;220;199;city117;239;493;city254;309;226;city162;329;27;city92
141;city244;140;8;city279;169;20;city52;128;322;city147;427;41;city205;199;380;city96;234;206;city126;206;165;city291;78;292;city203;172;66;city235;61;241;city173;461;217;city299;24;364;city239;208;128;city50;261;89;city261;489;317;city92;140;65;city297;394;114;city183;103;212;city144;422;225;city245

156;city115;24;138;city291;199;268;city282;12;376;city259;329;471;city110;112;235;city85;182;118;city123
161;city228;71;276;city248;113;151;city136;192;167;city71;467;265;city68;88;231;city56;148;401;city57
142;city100;241;301;city192;28;416;city134;140;89;city194;360;188;city150;25;438;city204;325;464;city202;423;371;city286;465;346;city152;205;236;city295
132;city176;259;173;city136;16;291;city241;31;455;city298
136;city176;408;305;city216;305;60;city240;500;312;city245;163;27;city244;30;51;city219;495;30;city94;270;132;city256;340;372;city281;186;268;city141;354;196;city127;414;46;city99;282;395;city249;262;293;city87;375;442;city92
148;city79;242;339;city287
137;city249;30;485;city244;498;397;city285
169;city150;478;484;city270;477;43;city110;273;213;city52


147;city169;378;466;city115;257;99;city259;296;129;city91;445;472;city264;383;214;city126;450;378;city76
125;city276;448;410;city138;222;460;city111;360;422;city188;451;469;city161;284;323;city63;410;452;city163;336;16;city259;354;227;city62;67;357;city235;199;280;city55;351;182;city258;3;117;city105;60;239;city150;131;336;city287;147;251;city245;268;135;city145;278;403;city153;360;80;city230;78;127;city185
138;city137;123;17;city106;243;45;city233;99;416;city279;400;145;city289;46;393;city167;479;235;city154;494;2;city153;169;361;city85;147;166;city184;219;396;city250

143;city297;398;215;city139;346;196;city57;434;9;city250;61;471;city201;290;129;city112;483;454;city60;254;263;city135;189;402;city195;144;336;city172;160;184;city136;452;26;city68;87;280;city205;227;436;city240;343;299;city197;197;194;city231;397;332;city268;351;491;city224;138;47;city286;20;285;city121
149;city182;233;435;city148;278;193;city135;485;262;city243;177;200;city137;499;375;city270;257;486;city174;321;109;city282;488;476;city252;289;446;city231;134;237;city183;36;283;city274
149;city182;233;435;city148;278;193;city135;485;262;city243;177;200;city137;499;375;city270;257;486;city174;321;109;city282;488;476;city252;289;446;city231;134;237;city183;36;283;city274

141;city244;140;8;city279;169;20;city52;128;322;city147;427;41;city205;199;380;city96;234;206;city126;206;165;city291;78;292;city203;172;66;city235;61;241;city173;461;217;city299;24;364;city239;208;128;city50;261;89;city261;489;317;city92;140;65;city297;394;114;city183;103;212;city144;422;225;city245
125;city276;448;410;city138;222;460;city111;360;422;city188;451;469;city161;284;323;city63;410;452;city163;336;16;city259;354;227;city62;67;357;city235;199;280;city55;351;182;city258;3;117;city105;60;239;city150;131;336;city287;147;251;city245;268;135;city145;278;403;city153;360;80;city230;78;127;city185
149;city182;233;435;city148;278;193;city135;485;262;city243;177;200;city137;499;375;city270;257;486;city174;321;109;city282;488;476;city252;289;446;city231;134;237;city183;36;283;city274
171;city282;115;157;city196;58;397;city169;164;237;city176;356;24;city246
169;city150;478;484;city270;477;43;city110;273;213;city52
126;city144;359;369;city244;84;422;city117;360;2;city291;137;98;city253;489;495;city153;208;464;city141;432;250;city218;324;175;city246;115;16;city149;397;478;city186;326;178;city172;379;188;city290;185;67;city91;366;144;city273


164;city167;263;74;city139;133;149;city117;458;379;city268;105;496;city54;415;466;city115;273;231;city57;495;9;city175;359;106;city273;130;220;city128;491;435;city178;231;253;city77;323;453;city140;372;486;city184;245;44;city125;461;208;city201;329;446;city126
154;city211;277;26;city257;7;40;city129;238;285;city83;312;397;city114;107;483;city272;482;498;city279;85;176;city290;102;94;city292;45;165;city217
154;city211;277;26;city257;7;40;city129;238;285;city83;312;397;city114;107;483;city272;482;498;city279;85;176;city290;102;94;city292;45;165;city217
126;city144;359;369;city244;84;422;city117;360;2;city291;137;98;city253;489;495;city153;208;464;city141;432;250;city218;324;175;city246;115;16;city149;397;478;city186;326;178;city172;379;188;city290;185;67;city91;366;144;city273
149;city182;233;435;city148;278;193;city135;485;262;city243;177;200;city137;499;375;city270;257;486;city174;321;109;city282;488;476;city252;289;446;city231;134;237;city183;36;283;city274
170;city147;297;297;city153;472;323;city96;323;315;city290;298;327;city284;492;413;city55;136;157;city177;311;94;city80;451;405;city285
143;city297;398;215;city139;346;196;city57;434;9;city250;61;471;city201;290;129;city112;483;454;city60;254;263;city135;189;402;city195;144;336;city172;160;184;city136;452;26;city68;87;280;city205;227;436;city240;343;299;city197;197;194;city231;397;332;city268;351;491;city224;138;47;city286;20;285;city121
126;city144;359;369;city244;84;422;city117;360;2;city291;137;98;city253;489;495;city153;208;464;city141;432;250;city218;324;175;city246;115;16;city149;397;478;city186;326;178;city172;379;188;city290;185;67;city91;366;144;city273
138;city137;123;17;city106;243;45;city233;99;416;city279;400;145;city289;46;393;city167;479;235;city154;494;2;city153;169;361;city85;147;166;city184;219;396;city250
164;city167;263;74;city139;133;149;city117;458;379;city268;105;496;city54;415;466;city115;273;231;city57;495;9;city175;359;106;city273;130;220;city128;491;435;city178;231;253;city77;323;453;city140;372;486;city184;245;44;city125;461;208;city201;329;446;city126
173;city218;403;36;city75;114;223;city213;379;201;city157;346;49;city152;79;480;city265;424;230;city207;173;52;city98;150;455;city228;223;277;city205;87;485;city55;18;287;city219;425;130;city187;216;184;city143;447;299;city64;442;151;city69
138;city137;123;17;city106;243;45;city233;99;416;city279;400;145;city289;46;393;city167;479;235;city154;494;2;city153;169;361;city85;147;166;city184;219;396;city250
126;city144;359;369;city244;84;422;city117;360;2;city291;137;98;city253;489;495;city153;208;464;city141;432;250;city218;324;175;city246;115;16;city149;397;478;city186;326;178;city172;379;188;city290;185;67;city91;366;144;city273
139;city73;153;397;city98;2;315;city179;121;115;city109;149;13;city86;414;482;city274;218;464;city292;186;128;city199;203;448;city251;331;444;city260
125;city276;448;410;city138;222;460;city111;360;422;city188;451;469;city161;284;323;city63;410;452;city163;336;16;city259;354;227;city62;67;357;city235;199;280;city55;351;182;city258;3;117;city105;60;239;city150;131;336;city287;147;251;city245;268;135;city145;278;403;city153;360;80;city230;78;127;city185
161;city228;71;276;city248;113;151;city136;192;167;city71;467;265;city68;88;231;city56;148;401;city57
134;city70;222;196;city224
149;city182;233;435;city148;278;193;city135;485;262;city243;177;200;city137;499;375;city270;257;486;city174;321;109;city282;488;476;city252;289;446;city231;134;237;city183;36;283;city274
153;city274;279;119;city150;19;384;city263;498;326;city198;348;142;city222;352;352;city184;139;18;city255;438;415;city266;222;411;city55;294;124;city167;273;55;city158;154;135;city169;51;407;city185;403;469;city122;38;227;city207;220;244;city279
144;city212;339;250;city293;94;142;city224;359;426;city90;266;366;city198;355;417;city236;272;83;city232;229;120;city166;339;183;city221;342;73;city204;344;461;city272;146;251;city186;251;111;city286;183;411;city284;141;108;city53;346;465;city161;447;322;city190;104;448;city176;170;32;city259;349;470;city250
174;city152;489;301;city79;228;256;city124;93;53;city190;197;294;city292;66;370;city161;458;272;city233;414;90;city180;425;454;city188;4;417;city194;247;390;city62;146;27;city255;216;280;city63

138;city137;123;17;city106;243;45;city233;99;416;city279;400;145;city289;46;393;city167;479;235;city154;494;2;city153;169;361;city85;147;166;city184;219;396;city250
126;city144;359;369;city244;84;422;city117;360;2;city291;137;98;city253;489;495;city153;208;464;city141;432;250;city218;324;175;city246;115;16;city149;397;478;city186;326;178;city172;379;188;city290;185;67;city91;366;144;city273
143;city297;398;215;city139;346;196;city57;434;9;city250;61;471;city201;290;129;city112;483;454;city60;254;263;city135;189;402;city195;144;336;city172;160;184;city136;452;26;city68;87;280;city205;227;436;city240;343;299;city197;197;194;city231;397;332;city268;351;491;city224;138;47;city286;20;285;city121
156;city115;24;138;city291;199;268;city282;12;376;city259;329;471;city110;112;235;city85;182;118;city123

137;city249;30;485;city244;498;397;city285
126;city144;359;369;city244;84;422;city117;360;2;city291;137;98;city253;489;495;city153;208;464;city141;432;250;city218;324;175;city246;115;16;city149;397;478;city186;326;178;city172;379;188;city290;185;67;city91;366;144;city273
130;city261;442;499;city138;393;50;city112;472;209;city100;371;455;city287
152;city276;54;347;city127;17;374;city154;57;52;city52;17;192;city230;322;56;city103;13;212;city59;230;37;city177;41;113;city246;342;88;city126;415;362;city181;261;171;city295;236;243;city273;127;16;city186;36;405;city158;190;125;city125;290;411;city227;112;340;city134
150;city89;395;355;city66;455;94;city238;422;97;city290;35;32;city168;55;163;city102;346;226;city132;299;20;city104;257;262;city172;174;384;city76
174;city152;489;301;city79;228;256;city124;93;53;city190;197;398;city292;66;370;city161;458;272;city233;414;90;city180;425;454;city188;4;417;city194;247;390;city62;146;27;city255;216;280;city63
138;city137;123;17;city106;243;45;city233;99;416;city279;400;145;city289;46;393;city167;479;235;city154;494;2;city153;169;361;city85;147;166;city184;219;396;city250
142;city100;241;301;city192;28;416;city134;140;89;city194;360;188;city150;25;438;city204;325;464;city202;423;371;city286;465;346;city152;205;236;city295
161;city228;71;276;city248;113;151;city136;192;167;city71;467;265;city68;88;231;city56;148;401;city57
125;city276;448;410;city138;222;460;city111;360;422;city188;451;469;city161;284;323;city63;410;452;city163;336;16;city259;354;227;city62;67;357;city235;199;280;city55;351;182;city258;3;117;city105;60;239;city150;131;336;city287;147;251;city245;268;135;city145;278;403;city153;360;80;city230;78;127;city185
173;city218;403;36;city75;114;223;city213;379;201;city157;346;49;city152;79;480;city265;424;230;city207;173;52;city98;150;455;city228;223;277;city205;87;485;city55;18;287;city219;425;130;city187;216;184;city143;447;299;city64;442;151;city69

130;city261;442;499;city138;393;50;city112;472;209;city100;371;455;city287
127;city147;15;427;city173;18;121;city171;119;224;city259;425;207;city253;191;253;city148;436;406;city69
149;city182;233;435;city148;278;193;city135;485;262;city243;177;200;city137;499;375;city270;257;486;city174;321;109;city282;488;476;city252;289;446;city231;134;237;city183;36;283;city274
134;city70;222;196;city224

152;city276;54;347;city127;17;374;city154;57;52;city52;17;192;city230;322;56;city103;13;212;city59;230;37;city177;41;113;city246;342;88;city126;415;362;city181;261;171;city295;236;243;city273;127;16;city186;36;405;city158;190;125;city125;290;411;city227;112;340;city134
125;city276;448;410;city138;222;460;city111;360;422;city188;451;469;city161;284;323;city63;410;452;city163;336;16;city259;354;227;city62;67;357;city235;199;280;city55;351;182;city258;3;117;city105;60;239;city150;131;336;city287;147;251;city245;268;135;city145;278;403;city153;360;80;city230;78;127;city185

158;city295;340;478;city213;11;363;city123;137;289;city198;193;277;city152;87;37;city263;431;56;city120;486;284;city287;24;320;city169;84;154;city131;235;218;city265;452;81;city54
155;city219;207;454;city136
129;city86;137;105;city101;498;170;city162;301;480;city73;348;277;city296;310;251;city204;274;222;city121;225;222;city152;400;33;city224;136;444;city138;150;135;city287;274;219;city158;489;221;city239;353;404;city266;106;82;city160
161;city228;71;276;city248;113;151;city136;192;167;city71;467;265;city68;88;231;city56;148;401;city57
131;city64;116;230;city216;329;413;city59;423;483;city264;267;492;city128;178;60;city68;54;276;city266;109;166;city138;85;491;city259;349;360;city132;217;287;city272;427;349;city131
153;city274;279;119;city150;19;384;city263;498;326;city198;348;142;city222;352;352;city184;139;18;city255;438;415;city266;222;411;city55;294;124;city167;273;55;city158;154;135;city169;51;407;city185;403;469;city122;38;227;city207;220;244;city279
156;city115;24;138;city291;199;268;city282;12;376;city259;329;471;city110;112;235;city85;182;118;city123
141;city244;140;8;city279;169;20;city52;128;322;city147;427;41;city205;199;380;city96;234;206;city126;206;165;city291;78;292;city203;172;66;city235;61;241;city173;461;217;city299;24;364;city239;208;128;city50;261;89;city261;489;317;city92;140;65;city297;394;114;city183;103;212;city144;422;225;city245
147;city169;378;466;city115;257;99;city259;296;129;city91;445;472;city264;383;214;city126;450;378;city76
141;city244;140;8;city279;169;20;city52;128;322;city147;427;41;city205;199;380;city96;234;206;city126;206;165;city291;78;292;city203;172;66;city235;61;241;city173;461;217;city299;24;364;city239;208;128;city50;261;89;city261;489;317;city92;140;65;city297;394;114;city183;103;212;city144;422;225;city245
155;city219;207;454;city136
140;city194;276;214;city138;417;479;city249;66;52;city142;193;253;city221;408;471;city285;220;199;city117;239;493;city254;309;226;city162;329;27;city92

131;city64;116;230;city216;329;413;city59;423;483;city264;267;492;city128;178;60;city68;54;276;city266;109;166;city138;85;491;city259;349;360;city132;217;287;city272;427;349;city131
174;city152;489;301;city79;228;256;city124;93;53;city190;197;398;city292;66;370;city161;458;272;city233;414;90;city180;425;454;city188;4;417;city194;247;390;city62;146;27;city255;216;280;city63
159;city148;411;61;city219;139;169;city235;497;331;city102;380;147;city133;495;91;city234
171;city282;115;157;city196;58;397;city169;164;237;city176;356;24;city246
153;city274;279;119;city150;19;384;city263;498;326;city198;348;142;city222;352;352;city184;139;18;city255;438;415;city266;222;411;city55;294;124;city167;273;55;city158;154;135;city169;51;407;city185;403;469;city122;38;227;city207;220;244;city279
141;city244;140;8;city279;169;20;city52;128;322;city147;427;41;city205;199;380;city96;234;206;city126;206;165;city291;78;292;city203;172;66;city235;61;241;city173;461;217;city299;24;364;city239;208;128;city50;261;89;city261;489;317;city92;140;65;city297;394;114;city183;103;212;city144;422;225;city245
173;city218;403;36;city75;114;223;city213;379;201;city157;346;49;city152;79;480;city265;424;230;city207;173;52;city98;150;455;city228;223;277;city205;87;485;city55;18;287;city219;425;130;city187;216;184;city143;447;299;city64;442;151;city69
146;city74;105;431;city54;383;349;city181;358;274;city114
158;city295;340;478;city213;11;363;city123;137;289;city198;193;277;city152;87;37;city263;431;56;city120;486;284;city287;24;320;city169;84;154;city131;235;218;city265;452;81;city54
152;city276;54;347;city127;17;374;city154;57;52;city52;17;192;city230;322;56;city103;13;212;city59;230;37;city177;41;113;city246;342;88;city126;415;362;city181;261;171;city295;236;243;city273;127;16;city186;36;405;city158;190;125;city125;290;411;city227;112;340;city134
167;city283;158;89;city164;159;326;city157;267;390;city238;216;33;city199;102;448;city76;334;285;city171;434;371;city156;108;110;city82;19;424;city197;181;363;city126
126;city144;359;369;city244;84;422;city117;360;2;city291;137;98;city253;489;495;city153;208;464;city141;432;250;city218;324;175;city246;115;16;city149;397;478;city186;326;178;city172;379;188;city290;185;67;city91;366;144;city273
141;city244;140;8;city279;169;20;city52;128;322;city147;427;41;city205;199;380;city96;234;206;city126;206;165;city291;78;292;city203;172;66;city235;61;241;city173;461;217;city299;24;364;city239;208;128;city50;261;89;city261;489;317;city92;140;65;city297;394;114;city183;103;212;city144;422;225;city245
172;city163;225;453;city168;315;60;city55;191;121;city193;68;17;city54;289;18;city194;269;47;city77;228;375;city106;447;75;city134;19;215;city130;111;43;city74;297;146;city244;486;252;city70;396;376;city174;71;443;city173;490;99;city165;489;490;city113;64;227;city64;483;188;city92;116;263;city280
166;city119;226;58;city110
174;city152;489;301;city79;228;256;city124;93;53;city190;197;398;city292;66;370;city161;458;272;city233;414;90;city180;425;454;city188;4;417;city194;247;390;city62;146;27;city255;216;280;city63
170;city147;297;297;city153;472;323;city96;323;315;city290;298;327;city284;492;413;city55;136;157;city177;311;94;city80;451;405;city285
160;city291;370;213;city70;392;480;city163;466;454;city193;366;90;city258;252;414;city236;158;314;city58;382;282;city187;302;278;city109
167;city283;158;89;city164;159;326;city157;267;390;city238;216;33;city199;102;448;city76;334;285;city171;434;371;city156;108;110;city82;19;424;city197;181;363;city126

157;city205;226;361;city191;284;2;city88;147;181;city75;456;57;city53;103;62;city145;379;25;city285;252;27;city127;47;262;city121;452;52;city203;319;78;city65;367;218;city66;336;159;city120;316;36;city57;310;53;city73;255;27;city236;170;56;city74;283;278;city257
148;city79;242;339;city287
146;city74;105;431;city54;383;349;city181;358;274;city114
162;city228;322;57;city180;206;201;city159;125;9;city104;350;24;city182;56;27;city246;161;91;city206;50;130;city263;57;291;city156;216;118;city266;476;24;city284;33;441;city241;101;77;city77;407;342;city71;38;188;city173;333;136;city267
172;city163;225;453;city168;315;60;city55;191;121;city193;68;17;city54;289;18;city194;269;47;city77;228;375;city106;447;75;city134;19;215;city130;111;43;city74;297;146;city244;486;252;city70;396;376;city174;71;443;city173;490;99;city165;489;490;city113;64;227;city64;483;188;city92;116;263;city280
136;city176;408;305;city216;305;60;city240;500;312;city245;163;27;city244;30;51;city219;495;30;city94;270;132;city256;340;372;city281;186;268;city141;354;196;city127;414;46;city99;282;395;city249;262;293;city87;375;442;city92
157;city205;226;361;city191;284;2;city88;147;181;city75;456;57;city53;103;62;city145;379;25;city285;252;27;city127;47;262;city121;452;52;city203;319;78;city65;367;218;city66;336;159;city120;316;36;city57;310;53;city73;255;27;city236;170;56;city74;283;278;city257
170;city147;297;297;city153;472;323;city96;323;315;city290;298;327;city284;492;413;city55;136;157;city177;311;94;city80;451;405;city285
154;city211;277;26;city257;7;40;city129;238;285;city83;312;397;city114;107;483;city272;482;498;city279;85;176;city290;102;94;city292;45;165;city217
155;city219;207;454;city136
130;city261;442;499;city138;393;50;city112;472;209;city100;371;455;city287
138;city137;123;17;city106;243;45;city233;99;416;city279;400;145;city289;46;393;city167;479;235;city154;494;2;city153;169;361;city85;147;166;city184;219;396;city250
172;city163;225;453;city168;315;60;city55;191;121;city193;68;17;city54;289;18;city194;269;47;city77;228;375;city106;447;75;city134;19;215;city130;111;43;city74;297;146;city244;486;252;city70;396;376;city174;71;443;city173;490;99;city165;489;490;city113;64;227;city64;483;188;city92;116;263;city280
170;city147;297;297;city153;472;323;city96;323;315;city290;298;327;city284;492;413;city55;136;157;city177;311;94;city80;451;405;city285
165;city194;299;405;city56;176;416;city212;399;351;city93;141;17;city165;277;271;city187
165;city194;299;405;city56;176;416;city212;399;351;city93;141;17;city165;277;271;city187
172;city163;225;453;city168;315;60;city55;191;121;city193;68;17;city54;289;18;city194;269;47;city77;228;375;city106;447;75;city134;19;215;city130;111;43;city74;297;146;city244;486;252;city70;396;376;city174;71;443;city173;490;99;city165;489;490;city113;64;227;city64;483;188;city92;116;263;city280
171;city282;115;157;city196;58;397;city169;164;237;city176;356;24;city246
149;city182;233;435;city148;278;193;city135;485;262;city243;177;200;city137;499;375;city270;257;486;city174;321;109;city282;488;476;city252;289;446;city231;134;237;city183;36;283;city274

169;city150;478;484;city270;477;43;city110;273;213;city52
126;city144;359;369;city244;84;422;city117;360;2;city291;137;98;city253;489;495;city153;208;464;city141;432;250;city218;324;175;city246;115;16;city149;397;478;city186;326;178;city172;379;188;city290;185;67;city91;366;144;city273
128;city99;179;62;city160;13;477;city294;50;251;city81;363;171;city71;184;236;city280;175;341;city162;446;37;city146;440;284;city195;406;462;city238;493;174;city117;136;120;city140;441;80;city256;293;43;city157;12;49;city131;228;52;city70;58;57;city246;56;447;city232;404;491;city86;47;40;city267
160;city291;370;213;city70;392;480;city163;466;454;city193;366;90;city258;252;414;city236;158;314;city58;382;282;city187;302;278;city109
157;city205;226;361;city191;284;2;city88;147;181;city75;456;57;city53;103;62;city145;379;25;city285;252;27;city127;47;262;city121;452;52;city203;319;78;city65;367;218;city66;336;159;city120;316;36;city57;310;53;city73;255;27;city236;170;56;city74;283;278;city257
154;city211;277;26;city257;7;40;city129;238;285;city83;312;397;city114;107;483;city272;482;498;city279;85;176;city290;102;94;city292;45;165;city217
140;city194;276;214;city138;417;479;city249;66;52;city142;193;253;city221;408;471;city285;220;199;city117;239;493;city254;309;226;city162;329;27;city92
134;city70;222;196;city224
134;city70;222;196;city224
166;city119;226;58;city110
173;city218;403;36;city75;114;223;city213;379;201;city157;346;49;city152;79;480;city265;424;230;city207;173;52;city98;150;455;city228;223;277;city205;87;485;city55;18;287;city219;425;130;city187;216;184;city143;447;299;city64;442;151;city69
150;city89;395;355;city66;455;94;city238;422;97;city290;35;32;city168;55;163;city102;346;226;city132;299;20;city104;257;262;city172;174;384;city76
129;city86;137;105;city101;498;170;city162;301;480;city73;348;277;city296;310;251;city204;274;222;city121;225;222;city152;400;33;city224;136;444;city138;150;135;city287;274;219;city158;489;221;city239;353;404;city266;106;82;city160
152;city276;54;347;city127;17;374;city154;57;52;city52;17;192;city230;322;56;city103;13;212;city59;230;37;city177;41;113;city246;342;88;city126;415;362;city181;261;171;city295;236;243;city273;127;16;city186;36;405;city158;190;125;city125;290;411;city227;112;340;city134
156;city115;24;138;city291;199;268;city282;12;376;city259;329;471;city110;112;235;city85;182;118;city123
174;city152;489;301;city79;228;256;city124;93;53;city190;197;398;city292;66;370;city161;458;272;city233;414;90;city180;425;454;city188;4;417;city194;247;390;city62;146;27;city255;216;280;city63
144;city212;339;250;city293;94;142;city224;359;426;city90;266;366;city198;355;417;city236;272;83;city232;229;120;city166;339;183;city221;342;73;city204;344;461;city272;146;251;city186;251;111;city286;183;411;city284;141;108;city53;346;465;city161;447;322;city190;104;448;city176;170;32;city259;349;470;city250
163;city276;120;263;city164;417;495;city83;484;17;city51;302;409;city115;319;262;city298;474;167;city128;350;211;city153;429;449;city151;64;430;city266;464;14;city204;309;55;city207
159;city148;411;61;city219;139;169;city235;497;331;city102;380;147;city133;495;91;city234
141;city244;140;8;city279;169;20;city52;128;322;city147;427;41;city205;199;380;city96;234;206;city126;206;165;city291;78;292;city203;172;66;city235;61;241;city173;461;217;city299;24;364;city239;208;128;city50;261;89;city261;489;317;city92;140;65;city297;394;114;city183;103;212;city144;422;225;city245
162;city228;322;57;city180;206;201;city159;125;9;city104;350;24;city182;56;27;city246;161;91;city206;50;130;city263;57;291;city156;216;118;city266;476;24;city284;33;441;city241;101;77;city77;407;342;city71;38;188;city173;333;136;city267
160;city291;370;213;city70;392;480;city163;466;454;city193;366;90;city258;252;414;city236;158;314;city58;382;282;city187;302;278;city109
151;city231;262;206;city54;7;211;city152;128;116;city62;204;93;city210;292;193;city68;66;81;city240;56;497;city153;134;425;city244;302;48;city221;79;66;city290;113;170;city124;262;334;city138;150;99;city228
130;city261;442;499;city138;393;50;city112;472;209;city100;371;455;city287
129;city86;137;105;city101;498;170;city162;301;480;city73;348;277;city296;310;251;city204;274;222;city121;225;222;city152;400;33;city224;136;444;city138;150;135;city287;274;219;city158;489;221;city239;353;404;city266;106;82;city160
171;city282;115;157;city196;58;397;city169;164;237;city176;356;24;city246
141;city244;140;8;city279;169;20;city52;128;322;city147;427;41;city205;199;380;city96;234;206;city126;206;165;city291;78;292;city203;172;66;city235;61;241;city173;461;217;city299;24;364;city239;208;128;city50;261;89;city261;489;317;city92;140;65;city297;394;114;city183;103;212;city144;422;225;city245
129;city86;137;105;city101;498;170;city162;301;480;city73;348;277;city296;310;251;city204;274;222;city121;225;222;city152;400;33;city224;136;444;city138;150;135;city287;274;219;city158;489;221;city239;353;404;city266;106;82;city160
149;city182;233;435;city148;278;193;city135;485;262;city243;177;200;city137;499;375;city270;257;486;city174;321;109;city282;488;476;city252;289;446;city231;134;237;city183;36;283;city274
157;city205;226;361;city191;284;2;city88;147;181;city75;456;57;city53;103;62;city145;379;25;city285;252;27;city127;47;262;city121;452;52;city203;319;78;city65;367;218;city66;336;159;city120;316;36;city57;310;53;city73;255;27;city236;170;56;city74;283;278;city257
156;city115;24;138;city291;199;268;city282;12;376;city259;329;471;city110;112;235;city85;182;118;city123
150;city89;395;355;city66;455;94;city238;422;97;city290;35;32;city168;55;163;city102;346;226;city132;299;20;city104;257;262;city172;174;384;city76
128;city99;179;62;city160;13;477;city294;50;251;city81;363;171;city71;184;236;city280;175;341;city162;446;37;city146;440;284;city195;406;462;city238;493;174;city117;136;120;city140;441;80;city256;293;43;city157;12;49;city131;228;52;city70;58;57;city246;56;447;city232;404;491;city86;47;40;city267
144;city212;339;250;city293;94;142;city224;359;426;city90;266;366;city198;355;417;city236;272;83;city232;229;120;city166;339;183;city221;342;73;city204;344;461;city272;146;251;city186;251;111;city286;183;411;city284;141;108;city53;346;465;city161;447;322;city190;104;448;city176;170;32;city259;349;470;city250
125;city276;448;410;city138;222;460;city111;360;422;city188;451;469;city161;284;323;city63;410;452;city163;336;16;city259;354;227;city62;67;357;city235;199;280;city55;351;182;city258;3;117;city105;60;239;city150;131;336;city287;147;251;city245;268;135;city145;278;403;city153;360;80;city230;78;127;city185
173;city218;403;36;city75;114;223;city213;379;201;city157;346;49;city152;79;480;city265;424;230;city207;173;52;city98;150;455;city228;223;277;city205;87;485;city55;18;287;city219;425;130;city187;216;184;city143;447;299;city64;442;151;city69
147;city169;378;466;city115;257;99;city259;296;129;city91;445;472;city264;383;214;city126;450;378;city76
138;city137;123;17;city106;243;45;city233;99;416;city279;400;145;city289;46;393;city167;479;235;city154;494;2;city153;169;361;city85;147;166;city184;219;396;city250
130;city261;442;499;city138;393;50;city112;472;209;city100;371;455;city287
146;city74;105;431;city54;383;349;city181;358;274;city114
167;city283;158;89;city164;159;326;city157;267;390;city238;216;33;city199;102;448;city76;334;285;city171;434;371;city156;108;110;city82;19;424;city197;181;363;city126
143;city297;398;215;city139;346;196;city57;434;9;city250;61;471;city201;290;129;city112;483;454;city60;254;263;city135;189;402;city195;144;336;city172;160;184;city136;452;26;city68;87;280;city205;227;436;city240;343;299;city197;197;194;city231;397;332;city268;351;491;city224;138;47;city286;20;285;city121
174;city152;489;301;city79;228;256;city124;93;53;city190;197;398;city292;66;370;city161;458;272;city233;414;90;city180;425;454;city188;4;417;city194;247;390;city62;146;27;city255;216;280;city63
154;city211;277;26;city257;7;40;city129;238;285;city83;312;397;city114;107;483;city272;482;498;city279;85;176;city290;102;94;city292;45;165;city217
143;city297;398;215;city139;346;196;city57;434;9;city250;61;471;city201;290;129;city112;483;454;city60;254;263;city135;189;402;city195;144;336;city172;160;184;city136;452;26;city68;87;280;city205;227;436;city240;343;299;city197;197;194;city231;397;332;city268;351;491;city224;138;47;city286;20;285;city121
151;city231;262;206;city54;7;211;city152;128;116;city62;204;93;city210;292;193;city68;66;81;city240;56;497;city153;134;425;city244;302;48;city221;79;66;city290;113;170;city124;262;334;city138;150;99;city228
130;city261;442;499;city138;393;50;city112;472;209;city100;371;455;city287
139;city73;153;397;city98;2;315;city179;121;115;city109;149;13;city86;414;482;city274;218;464;city292;186;128;city199;203;448;city251;331;444;city260
132;city176;259;173;city136;16;291;city241;31;455;city298
155;city219;207;454;city136
147;city169;378;466;city115;257;99;city259;296;129;city91;445;472;city264;383;214;city126;450;378;city76
168;city170;330;173;city65;416;184;city179;494;129;city153;455;470;city142;269;116;city171;364;398;city131;14;63;city209;211;61;city88;398;287;city163;368;299;city220;339;190;city80;174;35;city146;359;197;city145;44;490;city193;67;213;city100;246;222;city266
140;city194;276;214;city138;417;479;city249;66;52;city142;193;253;city221;408;471;city285;220;199;city117;239;493;city254;309;226;city162;329;27;city92
134;city70;222;196;city224
142;city100;241;301;city192;28;416;city134;140;89;city194;360;188;city150;25;814;city204;325;464;city202;423;371;city286;465;346;city152;205;236;city295
152;city276;54;347;city127;17;374;city154;57;52;city52;17;192;city230;322;56;city103;13;212;city59;230;37;city177;41;113;city246;342;88;city126;415;362;city181;261;171;city295;236;243;city273;127;16;city186;36;405;city158;190;125;city125;290;411;city227;112;340;city134
141;city244;140;8;city279;169;20;city52;128;322;city147;427;41;city205;199;380;city96;234;206;city126;206;165;city291;78;292;city203;172;66;city235;61;241;city173;461;217;city299;24;364;city239;208;128;city50;261;89;city261;489;317;city92;140;65;city297;394;114;city183;103;212;city144;422;225;city245
142;city100;241;301;city192;28;416;city134;140;89;city194;360;188;city150;25;814;city204;325;464;city202;423;371;city286;465;346;city152;205;236;city295
132;city176;259;173;city136;16;291;city241;31;455;city298
150;city89;395;355;city66;455;94;city238;422;97;city290;35;32;city168;55;163;city102;346;226;city132;299;20;city104;257;262;city172;174;384;city76
152;city276;54;347;city127;17;374;city154;57;52;city52;17;192;city230;322;56;city103;13;212;city59;230;37;city177;41;113;city246;342;88;city126;415;362;city181;261;171;city295;236;243;city273;127;16;city186;36;405;city158;190;125;city125;290;411;city227;112;340;city134
170;city147;297;297;city153;472;323;city96;323;315;city290;298;327;city284;492;413;city55;136;157;city177;311;94;city80;451;405;city285
132;city176;259;173;city136;16;291;city241;31;455;city298
132;city176;259;173;city136;16;291;city241;31;455;city298
141;city244;140;8;city279;169;20;city52;128;322;city147;427;41;city205;199;380;city96;234;206;city126;206;165;city291;78;292;city203;172;66;city235;61;241;city173;461;217;city299;24;364;city239;208;128;city50;261;89;city261;489;317;city92;140;65;city297;394;114;city183;103;212;city144;422;225;city245
162;city228;322;57;city180;206;201;city159;125;9;city104;350;24;city182;56;27;city246;161;91;city206;50;130;city263;57;291;city156;216;118;city266;476;24;city284;33;441;city241;101;77;city77;407;342;city71;38;188;city173;333;136;city267
148;city79;242;339;city287
145;city185;233;300;city244;490;462;city158;385;215;city283;484;301;city298;52;127;city199;450;86;city87;300;196;city259;367;171;city65;439;344;city120;430;75;city212;438;124;city272;284;486;city192;386;101;city119;48;35;city174
133;city54;392;68;city165;252;67;city190;131;495;city112;190;67;city281;180;112;city291
144;city212;339;250;city293;94;142;city224;359;426;city90;266;366;city198;355;417;city236;272;83;city232;229;120;city166;339;183;city221;342;73;city204;344;461;city272;146;251;city186;251;111;city286;183;411;city284;141;108;city53;346;465;city161;447;322;city190;104;448;city176;170;32;city259;349;470;city250
126;city144;359;369;city244;84;422;city117;360;2;city291;137;98;city253;489;495;city153;208;464;city141;432;250;city218;324;175;city246;115;16;city149;397;478;city186;326;178;city172;379;188;city290;185;67;city91;366;144;city273
156;city115;24;138;city291;199;268;city282;12;376;city259;329;471;city110;112;235;city85;182;118;city123
128;city99;179;62;city160;13;477;city294;50;251;city81;363;171;city71;184;236;city280;175;341;city162;446;37;city146;440;284;city195;406;462;city238;493;174;city117;136;120;city140;441;80;city256;293;43;city157;12;49;city131;228;52;city70;58;57;city246;56;447;city232;404;491;city86;47;40;city267
148;city79;242;339;city287
168;city170;330;173;city65;416;184;city179;494;129;city153;455;470;city142;269;116;city171;364;398;city131;14;63;city209;211;61;city88;398;287;city163;368;299;city220;339;190;city80;174;35;city146;359;197;city145;44;490;city193;67;213;city100;246;222;city266
167;city283;158;89;city164;159;326;city157;267;390;city238;216;33;city199;102;448;city76;334;285;city171;434;371;city156;108;110;city82;19;424;city197;181;363;city126
136;city176;408;305;city216;305;60;city240;500;312;city245;163;27;city244;30;51;city219;495;30;city94;270;132;city256;340;372;city281;186;268;city141;354;196;city127;414;46;city99;282;395;city249;262;293;city87;375;442;city92
172;city163;225;453;city168;315;60;city55;191;121;city193;68;17;city54;289;8973;city194;269;47;city77;228;375;city106;447;75;city134;19;215;city130;111;43;city74;297;146;city244;486;252;city70;396;376;city174;71;443;city173;490;99;city165;489;490;city113;64;227;city64;483;188;city92;116;263;city280
137;city249;30;485;city244;498;397;city285
130;city261;442;499;city138;393;50;city112;472;209;city100;371;455;city287
153;city274;279;119;city150;19;384;city263;498;326;city198;348;142;city222;352;352;city184;139;18;city255;438;415;city266;222;411;city55;294;124;city167;273;55;city158;154;135;city169;51;407;city185;403;469;city122;38;227;city207;220;244;city279
171;city282;115;157;city196;58;397;city169;164;237;city176;356;24;city246
159;city148;411;61;city219;139;169;city235;497;331;city102;380;147;city133;495;91;city234
168;city170;330;173;city65;416;184;city179;494;129;city153;455;470;city142;269;116;city171;364;398;city131;14;63;city209;211;61;city88;398;287;city163;368;299;city220;339;190;city80;174;35;city146;359;197;city145;44;490;city193;67;213;city100;246;222;city266
154;city211;277;26;city257;7;40;city129;238;285;city83;312;397;city114;107;483;city272;482;498;city279;85;176;city290;102;94;city292;45;165;city217
157;city205;226;361;city191;284;2;city88;147;181;city75;456;57;city53;103;62;city145;379;25;city285;252;27;city127;47;262;city121;452;52;city203;319;78;city65;367;218;city66;336;159;city120;316;36;city57;310;53;city73;255;27;city236;170;56;city74;283;278;city257
162;city228;322;57;city180;206;201;city159;125;9;city104;350;24;city182;56;27;city246;161;91;city206;50;130;city263;57;291;city156;216;118;city266;476;24;city284;33;441;city241;101;77;city77;407;342;city71;38;188;city173;333;136;city267
173;city218;403;36;city75;114;223;city213;379;201;city157;346;49;city152;79;480;city265;424;230;city207;173;52;city98;150;455;city228;223;277;city205;87;485;city55;18;287;city219;425;130;city187;216;184;city143;447;299;city64;442;151;city69
136;city176;408;305;city216;305;60;city240;500;312;city245;163;27;city244;30;51;city219;495;30;city94;270;132;city256;340;372;city281;186;268;city141;354;196;city127;414;46;city99;282;395;city249;262;293;city87;375;442;city92
125;city276;448;410;city138;222;460;city111;360;422;city188;451;469;city161;284;323;city63;410;452;city163;336;16;city259;354;227;city62;67;357;city235;199;280;city55;351;182;city258;3;117;city105;60;239;city150;131;336;city287;147;251;city245;268;135;city145;278;9617;city153;360;80;city230;78;127;city185
136;city176;408;305;city216;305;60;city240;500;312;city245;163;27;city244;30;51;city219;495;30;city94;270;132;city256;340;372;city281;186;268;city141;354;196;city127;414;46;city99;282;395;city249;262;293;city87;375;442;city92
166;city119;226;58;city110
146;city74;105;431;city54;383;349;city181;358;274;city114
136;city176;408;305;city216;305;60;city240;500;312;city245;163;27;city244;30;51;city219;495;30;city94;270;132;city256;340;372;city281;186;268;city141;354;196;city127;414;46;city99;282;395;city249;262;293;city87;375;442;city92
138;city137;123;17;city106;243;45;city233;99;416;city279;400;145;city289;46;393;city167;479;235;city154;494;2;city153;169;361;city85;147;166;city184;219;396;city250
174;city152;489;301;city79;228;256;city124;93;53;city190;197;398;city292;66;370;city161;458;272;city233;414;90;city180;425;454;city188;4;417;city194;247;390;city62;146;27;city255;216;280;city63
142;city100;241;301;city192;28;416;city134;140;89;city194;360;188;city150;25;814;city204;325;464;city202;423;371;city286;465;346;city152;205;236;city295
132;city176;259;173;city136;16;291;city241;31;455;city298
136;city176;408;305;city216;305;60;city240;500;312;city245;163;27;city244;30;51;city219;495;30;city94;270;132;city256;340;372;city281;186;268;city141;354;196;city127;414;46;city99;282;395;city249;262;293;city87;375;442;city92
169;city150;478;484;city270;477;43;city110;273;213;city52
174;city152;489;301;city79;228;256;city124;93;53;city190;197;398;city292;66;370;city161;458;272;city233;414;90;city180;425;454;city188;4;417;city194;247;390;city62;146;27;city255;216;280;city63
148;city79;242;339;city287
173;city218;403;36;city75;114;223;city213;379;201;city157;346;49;city152;79;480;city265;424;230;city207;173;52;city98;150;455;city228;223;277;city205;87;485;city55;18;287;city219;425;130;city187;216;184;city143;447;299;city64;442;151;city69
138;city137;123;17;city106;243;45;city233;99;416;city279;400;145;city289;46;393;city167;479;235;city154;494;2;city153;169;361;city85;147;166;city184;219;396;city250
156;city115;24;138;city291;199;268;city282;12;376;city259;329;471;city110;112;235;city85;182;118;city123
158;city295;340;478;city213;11;363;city123;137;289;city198;193;277;city152;87;37;city263;431;56;city120;486;284;city287;24;320;city169;84;154;city131;235;218;city265;452;81;city54
142;city100;241;301;city192;28;416;city134;140;89;city194;360;188;city150;25;814;city204;325;464;city202;423;371;city286;465;346;city152;205;236;city295
140;city194;276;214;city138;417;479;city249;66;52;city142;193;253;city221;408;471;city285;220;199;city117;239;493;city254;309;226;city162;329;27;city92
156;city115;24;138;city291;199;268;city282;12;376;city259;329;471;city110;112;235;city85;182;118;city123
170;city147;297;297;city153;472;323;city96;323;315;city290;298;327;city284;492;413;city55;136;157;city177;311;94;city80;451;405;city285
130;city261;442;499;city138;393;50;city112;472;209;city100;371;455;city287
138;city137;123;17;city106;243;45;city233;99;416;city279;400;145;city289;46;393;city167;479;235;city154;494;2;city153;169;361;city85;147;166;city184;219;396;city250
153;city274;279;119;city150;19;384;city263;498;326;city198;348;142;city222;352;352;city184;139;18;city255;438;415;city266;222;411;city55;294;124;city167;273;55;city158;154;135;city169;51;407;city185;403;469;city122;38;227;city207;220;244;city279
168;city170;330;173;city65;416;184;city179;494;129;city153;455;470;city142;269;116;city171;364;398;city131;14;63;city209;211;61;city88;398;287;city163;368;299;city220;339;190;city80;174;35;city146;359;197;city145;44;490;city193;67;213;city100;246;222;city266
172;city163;225;453;city168;315;60;city55;191;121;city193;68;17;city54;289;8973;city194;269;47;city77;228;375;city106;447;75;city134;19;215;city130;111;43;city74;297;146;city244;486;252;city70;396;376;city174;71;443;city173;490;99;city165;489;490;city113;64;227;city64;483;188;city92;116;263;city280
171;city282;115;157;city196;58;397;city169;164;237;city176;356;24;city246
149;city182;233;435;city148;278;193;city135;485;262;city243;177;200;city137;499;375;city270;257;486;city174;321;109;city282;488;476;city252;289;446;city231;134;237;city183;36;283;city274
128;city99;179;62;city160;13;477;city294;50;251;city81;363;171;city71;184;236;city280;175;341;city162;446;37;city146;440;284;city195;406;462;city238;493;174;city117;136;120;city140;441;80;city256;293;43;city157;12;49;city131;228;52;city70;58;57;city246;56;447;city232;404;491;city86;47;40;city267
125;city276;448;410;city138;222;460;city111;360;422;city188;451;469;city161;284;323;city63;410;452;city163;336;16;city259;354;227;city62;67;357;city235;199;280;city55;351;182;city258;3;117;city105;60;239;city150;131;336;city287;147;251;city245;268;135;city145;278;9617;city153;360;80;city230;78;127;city185
141;city244;140;8;city279;169;20;city52;128;322;city147;427;41;city205;199;380;city96;234;206;city126;206;165;city291;78;292;city203;172;66;city235;61;241;city173;461;217;city299;24;364;city239;208;128;city50;261;89;city261;489;317;city92;140;65;city297;394;114;city183;103;212;city144;422;225;city245
147;city169;378;466;city115;257;99;city259;296;129;city91;445;472;city264;383;214;city126;450;378;city76
131;city64;116;230;city216;329;413;city59;423;483;city264;267;492;city128;178;60;city68;54;276;city266;109;166;city138;85;491;city259;349;360;city132;217;287;city272;427;349;city131
129;city86;137;105;city101;498;170;city162;301;480;city73;348;277;city296;310;251;city204;274;222;city121;225;222;city152;400;33;city224;136;444;city138;150;135;city287;274;219;city158;489;221;city239;353;404;city266;106;82;city160
160;city291;370;213;city70;392;480;city163;466;454;city193;366;90;city258;252;414;city236;158;314;city58;382;282;city187;302;278;city109
161;city228;71;276;city248;113;151;city136;192;167;city71;467;265;city68;88;231;city56;148;401;city57
127;city147;15;427;city173;18;121;city171;119;224;city259;425;207;city253;191;253;city148;436;406;city69
128;city99;179;62;city160;13;477;city294;50;251;city81;363;171;city71;184;236;city280;175;341;city162;446;37;city146;440;284;city195;406;462;city238;493;174;city117;136;120;city140;441;80;city256;293;43;city157;12;49;city131;228;52;city70;58;57;city246;56;447;city232;404;491;city86;47;40;city267
166;city119;226;58;city110
172;city163;225;453;city168;315;60;city55;191;121;city193;68;17;city54;289;8973;city194;269;47;city77;228;375;city106;447;75;city134;19;215;city130;111;43;city74;297;146;city244;486;252;city70;396;376;city174;71;443;city173;490;99;city165;489;490;city113;64;227;city64;483;188;city92;116;263;city280
139;city73;153;397;city98;2;315;city179;121;115;city109;149;13;city86;414;482;city274;218;464;city292;186;128;city199;203;448;city251;331;444;city260
135;city178;398;343;city264;268;223;city119;475;428;city176;113;265;city167;386;305;city66;161;351;city217;280;369;city285;152;79;city65;141;462;city287;410;136;city219;3;207;city239;276;327;city127;302;101;city146;146;320;city91
143;city297;398;215;city139;346;196;city57;434;9;city250;61;471;city201;290;129;city112;483;454;city60;254;263;city135;189;402;city195;144;336;city172;160;184;city136;452;26;city68;87;280;city205;227;436;city240;343;299;city197;197;194;city231;397;332;city268;351;491;city224;138;47;city286;20;285;city121
150;city89;395;355;city66;455;94;city238;422;97;city290;35;32;city168;55;163;city102;346;226;city132;299;20;city104;257;262;city172;174;384;city76
156;city115;24;138;city291;199;268;city282;12;376;city259;329;471;city110;112;235;city85;182;118;city123
153;city274;279;119;city150;19;384;city263;498;326;city198;348;142;city222;352;352;city184;139;18;city255;438;415;city266;222;411;city55;294;124;city167;273;55;city158;154;135;city169;51;407;city185;403;469;city122;38;227;city207;220;244;city279
154;city211;277;26;city257;7;40;city129;238;285;city83;312;397;city114;107;483;city272;482;498;city279;85;176;city290;102;94;city292;45;165;city217
132;city176;259;173;city136;16;291;city241;31;455;city298
155;city219;207;454;city136
134;city70;222;196;city224
168;city170;330;173;city65;416;184;city179;494;129;city153;455;470;city142;269;116;city171;364;398;city131;14;63;city209;211;61;city88;398;287;city163;368;299;city220;339;190;city80;174;35;city146;359;197;city145;44;490;city193;67;213;city100;246;222;city266
132;city176;259;173;city136;16;291;city241;31;455;city298
142;city100;241;301;city192;28;416;city134;140;89;city194;360;188;city150;25;814;city204;325;464;city202;423;371;city286;465;346;city152;205;236;city295
135;city178;398;343;city264;268;223;city119;475;428;city176;113;265;city167;386;305;city66;161;351;city217;280;369;city285;152;79;city65;141;462;city287;410;136;city219;3;207;city239;276;327;city127;302;101;city146;146;320;city91
152;city276;54;347;city127;17;374;city154;57;52;city52;17;192;city230;322;56;city103;13;212;city59;230;37;city177;41;113;city246;342;88;city126;415;362;city181;261;171;city295;236;243;city273;127;16;city186;36;405;city158;190;125;city125;290;411;city227;112;340;city134
155;city219;207;454;city136
167;city283;158;89;city164;159;326;city157;267;390;city238;216;33;city199;102;448;city76;334;285;city171;434;371;city156;108;110;city82;19;424;city197;181;363;city126
132;city176;259;173;city136;16;291;city241;31;455;city298
151;city231;262;206;city54;7;211;city152;128;116;city62;204;93;city210;292;193;city68;66;81;city240;56;497;city153;134;425;city244;302;48;city221;79;66;city290;113;170;city124;262;334;city138;150;99;city228
155;city219;207;454;city136
133;city54;392;68;city165;252;67;city190;131;495;city112;190;67;city281;180;112;city291
134;city70;222;196;city224
128;city99;179;62;city160;13;477;city294;50;251;city81;363;171;city71;184;236;city280;175;341;city162;446;37;city146;440;284;city195;406;462;city238;493;174;city117;136;120;city140;441;80;city256;293;43;city157;12;49;city131;228;52;city70;58;57;city246;56;447;city232;404;491;city86;47;40;city267
164;city167;263;74;city139;133;149;city117;458;379;city268;105;496;city54;415;466;city115;273;231;city57;495;9;city175;359;106;city273;130;220;city128;491;435;city178;231;253;city77;323;453;city140;372;486;city184;245;44;city125;461;208;city201;329;446;city126
138;city137;123;17;city106;243;45;city233;99;416;city279;400;145;city289;46;393;city167;479;235;city154;494;2;city153;169;361;city85;147;166;city184;219;396;city250
145;city185;233;300;city244;490;462;city158;385;215;city283;484;301;city298;52;127;city199;450;86;city87;300;196;city259;367;171;city65;439;344;city120;430;75;city212;438;124;city272;284;486;city192;386;101;city119;48;35;city174
132;city176;259;173;city136;16;291;city241;31;455;city298
155;city219;207;454;city136
172;city163;225;453;city168;315;60;city55;191;121;city193;68;17;city54;289;8973;city194;269;47;city77;228;375;city106;447;75;city134;19;215;city130;111;43;city74;297;146;city244;486;252;city70;396;376;city174;71;443;city173;490;99;city165;489;490;city113;64;227;city64;483;188;city92;116;263;city280
136;city176;408;305;city216;305;60;city240;500;312;city245;163;27;city244;30;51;city219;495;30;city94;270;132;city256;340;372;city281;186;268;city141;354;196;city127;414;46;city99;282;395;city249;262;293;city87;375;442;city92
133;city54;392;68;city165;252;67;city190;131;495;city112;190;67;city281;180;112;city291
143;city297;398;215;city139;346;196;city57;434;9;city250;61;471;city201;290;129;city112;483;454;city60;254;263;city135;189;402;city195;144;336;city172;160;184;city136;452;26;city68;87;280;city205;227;436;city240;343;299;city197;197;194;city231;397;332;city268;351;491;city224;138;47;city286;20;285;city121
125;city276;448;410;city138;222;460;city111;360;422;city188;451;469;city161;284;323;city63;410;452;city163;336;16;city259;354;227;city62;67;357;city235;199;280;city55;351;182;city258;3;117;city105;60;239;city150;131;336;city287;147;251;city245;268;135;city145;278;9617;city153;360;80;city230;78;127;city185
