

162;city56;358;481;city53;290;451;city283;493;486;city139;127;111;city258;14;303;city209;14;472;city287;113;396;city291;320;245;city272;407;384;city251



162;city56;358;481;city53;290;451;city283;493;486;city139;127;111;city258;14;303;city209;14;472;city287;113;396;city291;320;245;city272;407;384;city251




158;city145;485;187;city184;15;319;city125;297;120;city57;86;373;city80;301;289;city98;333;354;city241;2;323;city193;370;222;city84;200;212;city112;369;239;city94;454;481;city187;221;482;city220;389;61;city181;488;194;city258;294;384;city59;208;450;city207;296;266;city206



128;city204;23;350;city211;243;342;city243;42;495;city282



169;city215;200;406;city135;214;139;city223;161;250;city268;178;77;city85;30;480;city175;235;499;city172;76;273;city242;254;456;city294
132;city211;389;46;city222;136;438;city199;25;105;city294;5;365;city91;463;369;city120;150;55;city100;246;263;city78;308;318;city231;297;314;city160;208;431;city76;208;113;city233
162;city56;358;481;city53;290;451;city283;493;486;city139;127;111;city258;14;303;city209;14;472;city287;113;396;city291;320;245;city272;407;384;city251

144;city64;298;385;city180;367;3;city229;191;170;city52;99;385;city77;20;470;city230;414;353;city197;17;34;city259;330;393;city298;384;216;city80;219;87;city66;461;395;city228;229;90;city97;436;371;city281
159;city167;144;216;city65;431;174;city198;170;209;city273;391;373;city94;359;197;city238;408;386;city276;160;59;city150;184;200;city110;302;251;city97;382;15;city79;141;24;city193;224;325;city112;402;261;city54;198;459;city192;13;231;city108;356;253;city196;224;173;city269;483;314;city121
128;city204;23;350;city211;243;342;city243;42;495;city282
166;city197;337;304;city70;469;355;city222;69;438;city149
144;city64;298;385;city180;367;3;city229;191;170;city52;99;385;city77;20;470;city230;414;353;city197;17;34;city259;330;393;city298;384;216;city80;219;87;city66;461;395;city228;229;90;city97;436;371;city281
152;city276;242;139;city215;60;362;city120
157;city71;204;387;city78;478;291;city188;284;426;city234;180;70;city66;469;360;city276;466;8;city192;145;391;city103;83;428;city116;392;470;city260;200;201;city76;431;24;city262;161;349;city299;442;319;city242;439;387;city248;193;314;city203;270;306;city197;181;273;city146
163;city230;371;4;city238;406;482;city284;38;490;city193;272;420;city232;103;476;city281;325;294;city176;352;406;city151;259;442;city100;240;200;city262;481;375;city77;274;235;city223;227;428;city136;55;339;city188;483;173;city242;115;149;city239;300;392;city133;271;169;city209;428;235;city273;280;11;city269

161;city90;477;331;city167;117;261;city173
132;city211;389;46;city222;136;438;city199;25;105;city294;5;968;city91;463;369;city120;150;55;city100;246;263;city78;308;318;city231;297;314;city160;208;431;city76;208;113;city233



162;city56;358;481;city53;290;451;city283;493;486;city139;127;111;city258;14;303;city209;14;472;city287;113;396;city291;320;245;city272;407;384;city251

172;city106;175;489;city83

135;city292;339;209;city111;443;334;city199;123;62;city186;99;296;city289;9;327;city80;9;12;city143;499;129;city133;239;401;city273;381;99;city88;242;197;city299;212;206;city258;426;383;city162;392;229;city184;284;8;city70;367;388;city247;428;339;city97;359;429;city239;17;253;city128;371;268;city66
174;city139;375;493;city103;241;378;city69;178;478;city51;111;175;city212;440;52;city64;327;433;city225;340;214;city202;187;184;city181;164;200;city143;128;59;city189;410;52;city122;422;182;city245;474;390;city223
161;city90;477;331;city167;117;261;city173
127;city252;291;380;city275;311;143;city145;57;92;city261;99;265;city97;129;475;city199;18;313;city242;16;186;city58
174;city139;375;493;city103;241;378;city69;178;478;city51;111;175;city212;440;52;city64;327;433;city225;340;214;city202;187;184;city181;164;200;city143;128;59;city189;410;52;city122;422;182;city245;474;390;city223
127;city252;291;380;city275;311;143;city145;57;92;city261;99;265;city97;129;475;city199;18;313;city242;16;186;city58
147;city253;27;470;city74;269;136;city157;292;422;city115;426;373;city153;79;313;city293;8;419;city207;244;322;city91;252;309;city141;351;18;city176;24;300;city155;145;30;city152;43;78;city159;96;359;city106;85;3;city254;110;413;city75;172;321;city90;345;29;city134;262;450;city193;493;209;city195
146;city222;16;209;city122;250;70;city101;79;20;city115;205;195;city54;167;185;city77;440;9;city133;346;254;city142;281;344;city284;128;389;city149
133;city132;344;165;city82;241;272;city244;58;83;city169;92;326;city276;427;160;city293;206;250;city185;487;415;city87;312;239;city275;79;251;city148;255;278;city135;361;227;city194;315;418;city154;234;169;city209;330;336;city203
156;city57;371;262;city266;367;174;city110;219;248;city175;483;155;city174;166;253;city220;26;466;city158;76;81;city148;335;3;city173;250;49;city126;152;117;city54;377;369;city156;358;230;city286;472;254;city147;252;19;city248;20;61;city219;9;255;city129


146;city222;16;209;city122;250;70;city101;79;20;city115;205;195;city54;167;185;city77;440;9;city133;346;254;city142;281;344;city284;128;389;city149
164;city295;60;210;city171;93;438;city242
132;city211;389;46;city222;136;438;city199;25;105;city294;5;968;city91;463;369;city120;150;55;city100;246;263;city78;308;318;city231;297;314;city160;208;431;city76;208;113;city233




160;city149;238;473;city134;417;367;city201;273;497;city242;451;136;city63;185;414;city253;33;202;city58;56;37;city229

169;city215;200;406;city135;214;139;city223;161;250;city268;178;77;city85;30;480;city175;235;499;city172;76;273;city242;254;456;city294
168;city193;487;134;city114;294;333;city50;486;466;city154;285;174;city181;115;407;city61;479;174;city122;84;32;city254;491;159;city201;31;248;city68;119;363;city104;214;153;city120;144;232;city57;485;211;city135;125;402;city56;218;15;city295;163;232;city265;36;40;city211
164;city295;60;210;city171;93;438;city242
140;city157;233;486;city177;477;148;city284;151;302;city147;102;439;city223;191;289;city61;447;487;city187;431;4;city56;156;393;city132;37;55;city242
126;city75;212;3;city236;308;12;city213;318;325;city60;238;23;city297;269;473;city173;218;245;city157;304;360;city223;38;253;city229;487;104;city151;106;87;city211;39;68;city101;18;121;city51;477;41;city185;84;133;city105;42;99;city86;471;139;city298;280;370;city251;377;391;city56;35;301;city260

164;city295;60;210;city171;93;438;city242

127;city252;291;380;city275;311;143;city145;57;92;city261;99;265;city97;129;475;city199;18;313;city242;16;186;city58

143;city283;271;368;city252
141;city277;123;457;city264;188;405;city89;18;24;city259;219;62;city66;89;329;city153;249;497;city207;58;151;city97;467;224;city80;340;499;city195;50;158;city229
144;city64;298;385;city180;367;3;city229;191;170;city52;99;385;city77;20;470;city230;414;353;city197;17;34;city259;330;393;city298;384;216;city80;219;87;city66;461;395;city228;229;90;city97;436;371;city281
133;city132;344;165;city82;241;272;city244;58;83;city169;92;326;city276;427;160;city293;206;250;city185;487;415;city87;312;239;city275;79;251;city148;255;278;city135;361;227;city194;315;418;city154;234;169;city209;330;336;city203
133;city132;344;165;city82;241;272;city244;58;83;city169;92;326;city276;427;160;city293;206;250;city185;487;415;city87;312;239;city275;79;251;city148;255;278;city135;361;227;city194;315;418;city154;234;169;city209;330;336;city203
143;city283;271;368;city252
147;city253;27;470;city74;269;136;city157;292;422;city115;426;373;city153;79;313;city293;8;419;city207;244;322;city91;252;309;city141;351;18;city176;24;300;city155;145;30;city152;43;78;city159;96;359;city106;85;3;city254;110;413;city75;172;321;city90;345;29;city134;262;450;city193;493;209;city195

152;city276;242;139;city215;60;362;city120
174;city139;375;493;city103;241;378;city69;178;478;city51;111;175;city212;440;52;city64;327;433;city225;340;214;city202;187;184;city181;164;200;city143;128;59;city189;410;52;city122;422;182;city245;474;390;city223
154;city97;21;411;city61;13;226;city109;445;432;city195;202;21;city176;210;48;city83;75;486;city249;386;427;city153;339;152;city92;382;452;city250;395;491;city224;139;84;city235;144;393;city215;5;220;city73;413;108;city196;193;18;city82;341;493;city182;141;148;city166;320;71;city101;106;338;city241
135;city292;339;209;city111;443;334;city199;123;62;city186;99;296;city289;9;327;city80;9;12;city143;499;129;city133;239;401;city273;381;99;city88;242;197;city299;212;206;city258;426;383;city162;392;229;city184;284;8;city70;367;388;city247;428;339;city97;359;429;city239;17;253;city128;371;268;city66

145;city79;447;437;city150;365;15;city282;113;357;city78;109;268;city263;7;41;city91
135;city292;339;209;city111;443;334;city199;123;62;city186;99;296;city289;9;327;city80;9;12;city143;499;129;city133;239;401;city273;381;99;city88;242;197;city299;212;206;city258;426;383;city162;392;229;city184;284;8;city70;367;388;city247;428;339;city97;359;429;city239;17;253;city128;371;268;city66
157;city71;204;387;city78;478;291;city188;284;426;city234;180;70;city66;469;360;city276;466;8;city192;145;391;city103;83;428;city116;392;470;city260;200;201;city76;431;24;city262;161;349;city299;442;319;city242;439;387;city248;193;314;city203;270;306;city197;181;273;city146
164;city295;60;210;city171;93;438;city242
160;city149;238;473;city134;417;367;city201;273;497;city242;451;136;city63;185;414;city253;33;202;city58;56;37;city229
169;city215;200;406;city135;214;139;city223;161;250;city268;178;77;city85;30;480;city175;235;499;city172;76;273;city242;254;456;city294

151;city298;466;170;city154;217;202;city280;32;32;city220;335;128;city157;329;260;city183;124;51;city268;72;110;city186;423;53;city143;94;256;city106;18;180;city202;139;201;city59;147;382;city135;268;437;city125;105;357;city191;98;500;city64;368;125;city138;199;139;city98
172;city106;175;489;city83
151;city298;466;170;city154;217;202;city280;32;32;city220;335;128;city157;329;260;city183;124;51;city268;72;110;city186;423;53;city143;94;256;city106;18;180;city202;139;201;city59;147;382;city135;268;437;city125;105;357;city191;98;500;city64;368;125;city138;199;139;city98
168;city193;487;134;city114;294;333;city50;486;466;city154;285;174;city181;115;407;city61;479;174;city122;84;32;city254;491;159;city201;31;248;city68;119;363;city104;214;153;city120;144;232;city57;485;211;city135;125;402;city56;218;15;city295;163;232;city265;36;40;city211
142;city204;276;458;city156;146;298;city95;381;281;city262;340;146;city284;327;16;city201;203;85;city193;475;257;city159;439;386;city103;36;229;city90;172;461;city228;37;34;city214;469;53;city125;21;188;city130
153;city184;372;118;city221;230;232;city203
128;city204;23;350;city211;243;342;city243;42;495;city282
137;city177;467;375;city87;255;151;city182;470;416;city96;33;26;city289;198;167;city138;80;441;city212;134;350;city93;330;261;city128;487;349;city107;217;356;city108;143;25;city245;133;69;city123;39;40;city110;301;417;city181;354;301;city130;278;196;city258;210;428;city264;462;92;city259
155;city177;363;337;city183;174;145;city95;124;10;city151;368;281;city290;101;161;city148;365;408;city127;435;125;city198;447;168;city222;135;43;city279;310;187;city147;82;5;city196;164;204;city236;355;137;city219;206;441;city181;206;142;city52;276;164;city252
125;city91;326;97;city157;283;44;city176;494;420;city245;370;165;city179;85;316;city215;227;75;city127;158;255;city98;46;448;city187;239;193;city226
157;city71;204;387;city78;478;291;city188;284;426;city234;180;70;city66;469;360;city276;466;8;city192;145;391;city103;83;428;city116;392;470;city260;200;201;city76;431;24;city262;161;349;city299;442;319;city242;439;387;city248;193;314;city203;270;306;city197;181;273;city146
141;city277;123;457;city264;188;405;city89;18;24;city259;219;62;city66;89;329;city153;249;497;city207;58;151;city97;467;224;city80;340;499;city195;50;158;city229
160;city149;238;473;city134;417;367;city201;273;497;city242;451;136;city63;185;414;city253;33;202;city58;56;37;city229
136;city99;39;155;city240;186;421;city216;118;50;city236;384;67;city81;483;419;city226;23;123;city145;235;57;city64;52;148;city223;243;123;city181;192;498;city278;398;108;city131;67;323;city82;92;205;city105;396;332;city295;304;85;city126;192;393;city68;15;142;city237;362;414;city276;424;59;city196
141;city277;123;457;city264;188;405;city89;18;24;city259;219;62;city66;89;329;city153;249;497;city207;58;151;city97;467;224;city80;340;499;city195;50;158;city229
142;city204;276;458;city156;146;298;city95;381;281;city262;340;146;city284;327;16;city201;203;85;city193;475;257;city159;439;386;city103;36;229;city90;172;461;city228;37;34;city214;469;53;city125;21;188;city130
133;city132;344;165;city82;241;272;city244;58;83;city169;92;326;city276;427;160;city293;206;250;city185;487;415;city87;312;239;city275;79;251;city148;255;278;city135;361;227;city194;315;418;city154;234;169;city209;330;336;city203
140;city157;233;486;city177;477;148;city284;151;302;city147;102;439;city223;191;289;city61;447;487;city187;431;4;city56;156;393;city132;37;55;city242
143;city283;271;368;city252
171;city254;258;425;city128;408;414;city270;447;168;city60;379;341;city281;203;189;city122
161;city90;477;331;city167;117;261;city173
158;city145;485;187;city184;15;319;city125;297;120;city57;86;373;city80;301;289;city98;333;354;city241;2;323;city193;370;222;city84;200;212;city112;369;239;city94;454;481;city187;221;482;city220;389;61;city181;488;194;city258;294;384;city59;208;450;city207;296;266;city206
135;city292;339;209;city111;443;334;city199;123;62;city186;99;296;city289;9;327;city80;9;12;city143;499;129;city133;239;401;city273;381;99;city88;242;197;city299;212;206;city258;426;383;city162;392;229;city184;284;8;city70;367;388;city247;428;339;city97;359;429;city239;17;253;city128;371;268;city66
174;city139;375;493;city103;241;378;city69;178;478;city51;111;175;city212;440;52;city64;327;433;city225;340;214;city202;187;184;city181;164;200;city143;128;59;city189;410;52;city122;422;182;city245;474;390;city223
155;city177;363;337;city183;174;145;city95;124;10;city151;368;281;city290;101;161;city148;365;408;city127;435;125;city198;447;168;city222;135;43;city279;310;187;city147;82;5;city196;164;204;city236;355;137;city219;206;441;city181;206;142;city52;276;164;city252
128;city204;23;350;city211;243;342;city243;42;495;city282
158;city145;485;187;city184;15;319;city125;297;120;city57;86;373;city80;301;289;city98;333;354;city241;2;323;city193;370;222;city84;200;212;city112;369;239;city94;454;481;city187;221;482;city220;389;61;city181;488;194;city258;294;384;city59;208;450;city207;296;266;city206
145;city79;447;437;city150;365;15;city282;113;357;city78;109;268;city263;7;41;city91
133;city132;344;165;city82;241;272;city244;58;83;city169;92;326;city276;427;160;city293;206;250;city185;487;415;city87;312;239;city275;79;251;city148;255;278;city135;361;227;city194;315;418;city154;234;169;city209;330;336;city203
156;city57;371;262;city266;367;174;city110;219;248;city175;483;155;city174;166;253;city220;26;466;city158;76;81;city148;335;3;city173;250;49;city126;152;117;city54;377;369;city156;358;230;city286;472;254;city147;252;19;city248;20;61;city219;9;255;city129
150;city114;428;265;city83;66;406;city167;307;359;city130;297;314;city281;265;88;city79;138;345;city71
127;city252;291;380;city275;311;143;city145;57;92;city261;99;265;city97;129;475;city199;18;313;city242;16;186;city58
136;city99;39;155;city240;186;421;city216;118;50;city236;384;67;city81;483;419;city226;23;123;city145;235;57;city64;52;148;city223;243;123;city181;192;498;city278;398;108;city131;67;323;city82;92;205;city105;396;332;city295;304;85;city126;192;393;city68;15;142;city237;362;414;city276;424;59;city196
160;city149;238;473;city134;417;367;city201;273;497;city242;451;136;city63;185;414;city253;33;202;city58;56;37;city229
157;city71;204;387;city78;478;291;city188;284;426;city234;180;70;city66;469;360;city276;466;8;city192;145;391;city103;83;428;city116;392;470;city260;200;201;city76;431;24;city262;161;349;city299;442;319;city242;439;387;city248;193;314;city203;270;306;city197;181;273;city146
171;city254;258;425;city128;408;414;city270;447;168;city60;379;341;city281;203;189;city122
169;city215;200;406;city135;214;139;city223;161;250;city268;178;77;city85;30;480;city175;235;499;city172;76;273;city242;254;456;city294
166;city197;337;304;city70;469;355;city222;69;438;city149
164;city295;60;210;city171;93;438;city242
152;city276;242;139;city215;60;362;city120
141;city277;123;457;city264;188;405;city89;18;24;city259;219;62;city66;89;329;city153;249;497;city207;58;151;city97;467;224;city80;340;499;city195;50;158;city229
127;city252;291;380;city275;311;143;city145;57;92;city261;99;265;city97;129;475;city199;18;313;city242;16;186;city58
157;city71;204;387;city78;478;291;city188;284;426;city234;180;70;city66;469;360;city276;466;8;city192;145;391;city103;83;428;city116;392;470;city260;200;201;city76;431;24;city262;161;349;city299;442;319;city242;439;387;city248;193;314;city203;270;306;city197;181;273;city146
135;city292;339;209;city111;443;334;city199;123;62;city186;99;296;city289;9;327;city80;9;12;city143;499;129;city133;239;401;city273;381;99;city88;242;197;city299;212;206;city258;426;383;city162;392;229;city184;284;8;city70;367;388;city247;428;339;city97;359;429;city239;17;253;city128;371;268;city66
168;city193;487;134;city114;294;333;city50;486;466;city154;285;174;city181;115;407;city61;479;174;city122;84;32;city254;491;159;city201;31;248;city68;119;363;city104;214;153;city120;144;232;city57;485;211;city135;125;402;city56;218;15;city295;163;232;city265;36;40;city211
128;city204;23;350;city211;243;342;city243;42;495;city282
144;city64;298;385;city180;367;3;city229;191;170;city52;99;385;city77;20;470;city230;414;353;city197;17;34;city259;330;393;city298;384;216;city80;219;87;city66;461;395;city228;229;90;city97;436;371;city281
152;city276;242;139;city215;60;362;city120
133;city132;344;165;city82;241;272;city244;58;83;city169;92;326;city276;427;160;city293;206;250;city185;487;415;city87;312;239;city275;79;251;city148;255;278;city135;361;227;city194;315;418;city154;234;169;city209;330;336;city203
137;city177;467;375;city87;255;151;city182;470;416;city96;33;26;city289;198;167;city138;80;441;city212;134;350;city93;330;261;city128;487;349;city107;217;356;city108;143;25;city245;133;69;city123;39;40;city110;301;417;city181;354;301;city130;278;196;city258;210;428;city264;462;92;city259
131;city242;178;6;city174;119;189;city184;490;452;city229;212;52;city83;260;46;city186
142;city204;276;458;city156;146;298;city95;381;281;city262;340;146;city284;327;16;city201;203;85;city193;475;257;city159;439;386;city103;36;229;city90;172;461;city228;37;34;city214;469;53;city125;21;188;city130
131;city242;178;6;city174;119;189;city184;490;452;city229;212;52;city83;260;46;city186
167;city199;53;60;city84;148;455;city252;422;471;city282;266;446;city116;444;358;city191;455;77;city217;141;342;city207;16;152;city96;17;298;city71;171;131;city106;188;170;city220
159;city167;144;216;city65;431;174;city198;170;209;city273;391;373;city94;359;197;city238;408;386;city276;160;59;city150;184;200;city110;302;251;city97;382;15;city79;141;24;city193;224;325;city112;402;261;city54;198;459;city192;13;231;city108;356;253;city196;224;173;city269;483;314;city121
158;city145;485;187;city184;15;319;city125;297;120;city57;86;373;city80;301;289;city98;333;354;city241;2;323;city193;370;222;city84;200;212;city112;369;239;city94;454;481;city187;221;482;city220;389;61;city181;488;194;city258;294;384;city59;208;450;city207;296;266;city206
173;city261;304;27;city267;227;180;city57;432;261;city292;326;493;city295;22;456;city53;152;51;city71;23;369;city255;92;267;city164;391;456;city212;497;325;city291;302;342;city231;3;477;city279;48;81;city208;329;379;city73;418;231;city271;439;453;city81;249;429;city182
168;city193;487;134;city114;294;333;city50;486;466;city154;285;174;city181;115;407;city61;479;174;city122;84;32;city254;491;159;city201;31;248;city68;119;363;city104;214;153;city120;144;232;city57;485;211;city135;125;402;city56;218;15;city295;163;232;city265;36;40;city211
128;city204;23;350;city211;243;342;city243;42;495;city282
132;city211;389;46;city222;136;438;city199;25;105;city294;5;968;city91;463;369;city120;150;55;city100;246;263;city78;308;318;city231;297;314;city160;208;431;city76;208;113;city233
126;city75;212;3;city236;308;12;city213;318;325;city60;238;23;city297;269;473;city173;218;245;city157;304;360;city223;38;253;city229;487;104;city151;106;87;city211;39;68;city101;18;121;city51;477;41;city185;84;133;city105;42;99;city86;471;139;city298;280;370;city251;377;391;city56;35;301;city260
154;city97;21;411;city61;13;226;city109;445;432;city195;202;21;city176;210;48;city83;75;486;city249;386;427;city153;339;152;city92;382;452;city250;395;491;city224;139;84;city235;144;393;city215;5;220;city73;413;108;city196;193;18;city82;341;493;city182;141;148;city166;320;71;city101;106;338;city241
174;city139;375;493;city103;241;378;city69;178;478;city51;111;175;city212;440;52;city64;327;433;city225;340;214;city202;187;184;city181;164;200;city143;128;59;city189;410;52;city122;422;182;city245;474;390;city223
152;city276;242;139;city215;60;362;city120
163;city230;371;4;city238;406;482;city284;38;490;city193;272;420;city232;103;476;city281;325;294;city176;352;406;city151;259;442;city100;240;200;city262;481;375;city77;274;235;city223;227;428;city136;55;339;city188;483;173;city242;115;149;city239;300;392;city133;271;169;city209;428;235;city273;280;11;city269
133;city132;344;165;city82;241;272;city244;58;83;city169;92;326;city276;427;160;city293;206;250;city185;487;415;city87;312;239;city275;79;251;city148;255;278;city135;361;227;city194;315;418;city154;234;169;city209;330;336;city203
132;city211;389;46;city222;136;438;city199;25;105;city294;5;968;city91;463;369;city120;150;55;city100;246;263;city78;308;318;city231;297;314;city160;208;431;city76;208;113;city233
165;city93;369;174;city246

153;city184;372;118;city221;230;232;city203
133;city132;344;165;city82;241;272;city244;58;83;city169;92;326;city276;427;160;city293;206;250;city185;487;415;city87;312;239;city275;79;251;city148;255;278;city135;361;227;city194;315;418;city154;234;169;city209;330;336;city203
170;city82;365;401;city296;188;309;city62;440;192;city245
163;city230;371;4;city238;406;482;city284;38;490;city193;272;420;city232;103;476;city281;325;294;city176;352;406;city151;259;442;city100;240;200;city262;481;375;city77;274;235;city223;227;428;city136;55;339;city188;483;173;city242;115;149;city239;300;392;city133;271;169;city209;428;235;city273;280;11;city269
158;city145;485;187;city184;15;319;city125;297;7944;city57;86;373;city80;301;289;city98;333;354;city241;2;323;city193;370;222;city84;200;212;city112;369;239;city94;454;481;city187;221;482;city220;389;61;city181;488;194;city258;294;384;city59;208;450;city207;296;266;city206
163;city230;371;4;city238;406;482;city284;38;490;city193;272;420;city232;103;476;city281;325;294;city176;352;406;city151;259;442;city100;240;200;city262;481;375;city77;274;235;city223;227;428;city136;55;339;city188;483;173;city242;115;149;city239;300;392;city133;271;169;city209;428;235;city273;280;11;city269
130;city89;15;134;city106;41;282;city141;232;225;city57;372;66;city288;364;395;city217;134;469;city267;392;136;city214;162;249;city189;489;374;city150;181;243;city102;3;165;city200;485;130;city190;487;371;city239;255;333;city105;144;196;city93;310;438;city284;244;474;city165

157;city71;204;387;city78;478;291;city188;284;426;city234;180;70;city66;469;360;city276;466;8;city192;145;391;city103;83;428;city116;392;470;city260;200;201;city76;431;24;city262;161;349;city299;442;319;city242;439;387;city248;193;314;city203;270;306;city197;181;273;city146
148;city172;347;115;city71;146;134;city138;259;63;city174;367;334;city277;293;489;city122;228;429;city83;59;205;city257;352;112;city164;313;351;city209;113;419;city200;362;98;city87
155;city177;363;337;city183;174;145;city95;124;10;city151;368;281;city290;101;161;city148;365;408;city127;435;125;city198;447;168;city222;135;43;city279;310;187;city147;82;5;city196;164;204;city236;355;137;city219;206;441;city181;206;142;city52;276;164;city252
153;city184;372;118;city221;230;232;city203
125;city91;326;97;city157;283;44;city176;494;420;city245;370;165;city179;85;316;city215;227;75;city127;158;255;city98;46;448;city187;239;193;city226
141;city277;123;457;city264;188;405;city89;18;24;city259;219;62;city66;89;329;city153;249;497;city207;58;151;city97;467;224;city80;340;499;city195;50;158;city229
147;city253;27;470;city74;269;136;city157;292;422;city115;426;373;city153;79;313;city293;8;419;city207;244;322;city91;252;309;city141;351;18;city176;24;300;city155;145;30;city152;43;78;city159;96;359;city106;85;3;city254;110;413;city75;172;321;city90;345;29;city134;262;450;city193;493;209;city195
142;city204;276;458;city156;146;298;city95;381;281;city262;340;146;city284;327;16;city201;203;85;city193;475;257;city159;439;386;city103;36;229;city90;172;461;city228;37;34;city214;469;53;city125;21;188;city130
146;city222;16;209;city122;250;70;city101;79;20;city115;205;195;city54;167;185;city77;440;9;city133;346;254;city142;281;344;city284;128;389;city149
146;city222;16;209;city122;250;70;city101;79;20;city115;205;195;city54;167;185;city77;440;9;city133;346;254;city142;281;344;city284;128;389;city149
174;city139;375;493;city103;241;378;city69;178;478;city51;111;175;city212;440;52;city64;327;433;city225;340;214;city202;187;184;city181;164;200;city143;128;59;city189;410;52;city122;422;182;city245;474;390;city223
151;city298;466;170;city154;217;202;city280;32;32;city220;335;128;city157;329;260;city183;124;51;city268;72;110;city186;423;53;city143;94;256;city106;18;180;city202;139;201;city59;147;382;city135;268;437;city125;105;357;city191;98;500;city64;368;125;city138;199;139;city98
171;city254;258;425;city128;408;414;city270;447;168;city60;379;341;city281;203;189;city122
152;city276;242;139;city215;60;362;city120
125;city91;326;97;city157;283;44;city176;494;420;city245;370;165;city179;85;316;city215;227;75;city127;158;255;city98;46;448;city187;239;193;city226
150;city114;428;265;city83;66;406;city167;307;359;city130;297;314;city281;265;88;city79;138;345;city71
154;city97;21;411;city61;13;226;city109;445;432;city195;202;21;city176;210;48;city83;75;486;city249;386;427;city153;339;152;city92;382;452;city250;395;491;city224;139;84;city235;144;393;city215;5;220;city73;413;108;city196;193;18;city82;341;493;city182;141;148;city166;320;71;city101;106;338;city241
166;city197;337;304;city70;469;355;city222;69;438;city149
167;city199;53;60;city84;148;455;city252;422;471;city282;266;446;city116;444;358;city191;455;77;city217;141;342;city207;16;152;city96;17;298;city71;171;131;city106;188;170;city220
163;city230;371;4;city238;406;482;city284;38;490;city193;272;420;city232;103;476;city281;325;294;city176;352;406;city151;259;442;city100;240;200;city262;481;375;city77;274;235;city223;227;428;city136;55;339;city188;483;173;city242;115;149;city239;300;392;city133;271;169;city209;428;235;city273;280;11;city269
172;city106;175;489;city83
134;city259;39;110;city199
174;city139;375;493;city103;241;378;city69;178;478;city51;111;175;city212;440;52;city64;327;433;city225;340;214;city202;187;184;city181;164;200;city143;128;59;city189;410;52;city122;422;182;city245;474;390;city223
154;city97;21;411;city61;13;226;city109;445;432;city195;202;21;city176;210;48;city83;75;486;city249;386;427;city153;339;152;city92;382;452;city250;395;491;city224;139;84;city235;144;393;city215;5;220;city73;413;108;city196;193;18;city82;341;493;city182;141;148;city166;320;71;city101;106;338;city241
157;city71;204;387;city78;478;291;city188;284;426;city234;180;70;city66;469;360;city276;466;8;city192;145;391;city103;83;428;city116;392;470;city260;200;201;city76;431;24;city262;161;349;city299;442;319;city242;439;387;city248;193;314;city203;270;306;city197;181;273;city146
141;city277;123;457;city264;188;405;city89;18;24;city259;219;62;city66;89;329;city153;249;497;city207;58;151;city97;467;224;city80;340;499;city195;50;158;city229
125;city91;326;97;city157;283;44;city176;494;420;city245;370;165;city179;85;316;city215;227;75;city127;158;255;city98;46;448;city187;239;193;city226
155;city177;363;337;city183;174;145;city95;124;10;city151;368;281;city290;101;161;city148;365;408;city127;435;125;city198;447;168;city222;135;43;city279;310;187;city147;82;5;city196;164;204;city236;355;137;city219;206;441;city181;206;142;city52;276;164;city252
165;city93;369;174;city246
156;city57;371;262;city266;367;174;city110;219;248;city175;483;155;city174;166;253;city220;26;466;city158;76;81;city148;335;3;city173;250;49;city126;152;117;city54;377;369;city156;358;230;city286;472;254;city147;252;19;city248;20;61;city219;9;255;city129
136;city99;39;155;city240;186;421;city216;118;50;city236;384;67;city81;483;419;city226;23;123;city145;235;57;city64;52;148;city223;243;123;city181;192;498;city278;398;108;city131;67;323;city82;92;205;city105;396;332;city295;304;85;city126;192;393;city68;15;142;city237;362;414;city276;424;59;city196
158;city145;485;187;city184;15;319;city125;297;7944;city57;86;373;city80;301;289;city98;333;354;city241;2;323;city193;370;222;city84;200;212;city112;369;239;city94;454;481;city187;221;482;city220;389;61;city181;488;194;city258;294;384;city59;208;450;city207;296;266;city206
170;city82;365;401;city296;188;309;city62;440;192;city245
163;city230;371;4;city238;406;482;city284;38;490;city193;272;420;city232;103;476;city281;325;294;city176;352;406;city151;259;442;city100;240;200;city262;481;375;city77;274;235;city223;227;428;city136;55;339;city188;483;173;city242;115;149;city239;300;392;city133;271;169;city209;428;235;city273;280;11;city269
135;city292;339;209;city111;443;334;city199;123;62;city186;99;296;city289;9;327;city80;9;12;city143;499;129;city133;239;401;city273;381;99;city88;242;197;city299;212;206;city258;426;383;city162;392;229;city184;284;8;city70;367;388;city247;428;339;city97;359;429;city239;17;253;city128;371;268;city66
168;city193;487;134;city114;294;333;city50;486;466;city154;285;174;city181;115;407;city61;479;174;city122;84;32;city254;491;159;city201;31;248;city68;119;363;city104;214;153;city120;144;232;city57;485;211;city135;125;402;city56;218;15;city295;163;232;city265;36;40;city211
127;city252;291;380;city275;311;143;city145;57;92;city261;99;265;city97;129;475;city199;18;313;city242;16;186;city58
160;city149;238;473;city134;417;367;city201;273;497;city242;451;136;city63;185;414;city253;33;202;city58;56;37;city229
139;city152;199;140;city204;65;243;city146;445;321;city243;158;177;city203;458;272;city117;357;333;city205
126;city75;212;3;city236;308;12;city213;318;325;city60;238;23;city297;269;473;city173;218;245;city157;304;360;city223;38;253;city229;487;104;city151;106;87;city211;39;68;city101;18;121;city51;477;41;city185;84;133;city105;42;99;city86;471;139;city298;280;370;city251;377;391;city56;35;301;city260
139;city152;199;140;city204;65;243;city146;445;321;city243;158;177;city203;458;272;city117;357;333;city205
138;city143;74;171;city60;6;386;city255;116;305;city235;353;444;city87;68;68;city267;3;338;city94;121;491;city244;453;490;city106;497;29;city292;109;258;city259;216;499;city93;72;79;city156;187;485;city269;425;383;city112;318;322;city162;293;39;city225;127;484;city209;457;47;city120
172;city106;175;489;city83
151;city298;466;170;city154;217;202;city280;32;32;city220;335;128;city157;329;260;city183;124;51;city268;72;110;city186;423;53;city143;94;256;city106;18;180;city202;139;201;city59;147;382;city135;268;437;city125;105;357;city191;98;500;city64;368;125;city138;199;139;city98
166;city197;337;304;city70;469;355;city222;69;438;city149
170;city82;365;401;city296;188;309;city62;440;192;city245
158;city145;485;187;city184;15;319;city125;297;7944;city57;86;373;city80;301;289;city98;333;354;city241;2;323;city193;370;222;city84;200;212;city112;369;239;city94;454;481;city187;221;482;city220;389;61;city181;488;194;city258;294;384;city59;208;450;city207;296;266;city206
173;city261;304;27;city267;227;180;city57;432;261;city292;326;493;city295;22;456;city53;152;51;city71;23;369;city255;92;267;city164;391;456;city212;497;325;city291;302;342;city231;3;477;city279;48;81;city208;329;379;city73;418;231;city271;439;453;city81;249;429;city182
126;city75;212;3;city236;308;12;city213;318;325;city60;238;23;city297;269;473;city173;218;245;city157;304;360;city223;38;253;city229;487;104;city151;106;87;city211;39;68;city101;18;121;city51;477;41;city185;84;133;city105;42;99;city86;471;139;city298;280;370;city251;377;391;city56;35;301;city260
164;city295;60;210;city171;93;438;city242
156;city57;371;262;city266;367;174;city110;219;248;city175;483;155;city174;166;253;city220;26;466;city158;76;81;city148;335;3;city173;250;49;city126;152;117;city54;377;369;city156;358;230;city286;472;254;city147;252;19;city248;20;61;city219;9;255;city129
164;city295;60;210;city171;93;438;city242
139;city152;199;140;city204;65;243;city146;445;321;city243;158;177;city203;458;272;city117;357;333;city205
158;city145;485;187;city184;15;319;city125;297;7944;city57;86;373;city80;301;289;city98;333;354;city241;2;323;city193;370;222;city84;200;212;city112;369;239;city94;454;481;city187;221;482;city220;389;61;city181;488;194;city258;294;384;city59;208;450;city207;296;266;city206
144;city64;298;385;city180;367;3;city229;191;170;city52;99;385;city77;20;470;city230;414;353;city197;17;34;city259;330;393;city298;384;216;city80;219;87;city66;461;395;city228;229;90;city97;436;371;city281
167;city199;53;60;city84;148;455;city252;422;471;city282;266;446;city116;444;358;city191;455;77;city217;141;342;city207;16;152;city96;17;298;city71;171;131;city106;188;170;city220
127;city252;291;380;city275;311;143;city145;57;92;city261;99;265;city97;129;475;city199;18;313;city242;16;186;city58
133;city132;344;165;city82;241;272;city244;58;83;city169;92;326;city276;427;160;city293;206;250;city185;487;415;city87;312;239;city275;79;251;city148;255;278;city135;361;227;city194;315;418;city154;234;169;city209;330;336;city203
128;city204;23;350;city211;243;342;city243;42;495;city282
169;city215;200;406;city135;214;139;city223;161;250;city268;178;77;city85;30;480;city175;235;499;city172;76;273;city242;254;456;city294
174;city139;375;493;city103;241;378;city69;178;478;city51;111;175;city212;440;52;city64;327;433;city225;340;214;city202;187;184;city181;164;200;city143;128;59;city189;410;52;city122;422;182;city245;474;390;city223
130;city89;15;134;city106;41;282;city141;232;225;city57;372;66;city288;364;395;city217;134;469;city267;392;136;city214;162;249;city189;489;374;city150;181;243;city102;3;165;city200;485;130;city190;487;371;city239;255;333;city105;144;196;city93;310;438;city284;244;474;city165
150;city114;428;265;city83;66;406;city167;307;359;city130;297;314;city281;265;88;city79;138;345;city71
129;city264;498;204;city174;190;387;city227;330;358;city213;39;220;city241;397;204;city260;309;420;city122;178;188;city192;115;430;city258;213;266;city288;144;257;city201
135;city292;339;209;city111;443;334;city199;123;62;city186;99;296;city289;9;327;city80;9;12;city143;499;129;city133;239;401;city273;381;99;city88;242;197;city299;212;206;city258;426;383;city162;392;229;city184;284;8;city70;367;388;city247;428;339;city97;359;429;city239;17;253;city128;371;268;city66
136;city99;39;155;city240;186;421;city216;118;50;city236;384;67;city81;483;419;city226;23;123;city145;235;57;city64;52;148;city223;243;123;city181;192;498;city278;398;108;city131;67;323;city82;92;205;city105;396;332;city295;304;85;city126;192;393;city68;15;142;city237;362;414;city276;424;59;city196
128;city204;23;350;city211;243;342;city243;42;495;city282
168;city193;487;134;city114;294;333;city50;486;466;city154;285;174;city181;115;407;city61;479;174;city122;84;32;city254;491;159;city201;31;248;city68;119;363;city104;214;153;city120;144;232;city57;485;211;city135;125;402;city56;218;15;city295;163;232;city265;36;40;city211
147;city253;27;470;city74;269;136;city157;292;422;city115;426;373;city153;79;313;city293;8;419;city207;244;322;city91;252;309;city141;351;18;city176;24;300;city155;145;30;city152;43;78;city159;96;359;city106;85;3;city254;110;413;city75;172;321;city90;345;29;city134;262;450;city193;493;209;city195
163;city230;371;4;city238;406;482;city284;38;490;city193;272;420;city232;103;476;city281;325;294;city176;352;406;city151;259;442;city100;240;200;city262;481;375;city77;274;235;city223;227;428;city136;55;339;city188;483;173;city242;115;149;city239;300;392;city133;271;169;city209;428;235;city273;280;11;city269
166;city197;337;304;city70;469;355;city222;69;438;city149
161;city90;477;331;city167;117;261;city173
135;city292;339;209;city111;443;334;city199;123;62;city186;99;296;city289;9;327;city80;9;12;city143;499;129;city133;239;401;city273;381;99;city88;242;197;city299;212;206;city258;426;383;city162;392;229;city184;284;8;city70;367;388;city247;428;339;city97;359;429;city239;17;253;city128;371;268;city66
157;city71;204;387;city78;478;291;city188;284;426;city234;180;70;city66;469;360;city276;466;8;city192;145;391;city103;83;428;city116;392;470;city260;200;201;city76;431;24;city262;161;349;city299;442;319;city242;439;387;city248;193;314;city203;270;306;city197;181;273;city146

161;city90;477;331;city167;117;261;city173
159;city167;144;216;city65;431;174;city198;170;209;city273;391;373;city94;359;197;city238;408;386;city276;160;59;city150;184;200;city110;302;251;city97;382;15;city79;141;24;city193;224;325;city112;402;261;city54;198;459;city192;13;231;city108;356;253;city196;224;173;city269;483;314;city121
154;city97;21;411;city61;13;226;city109;445;432;city195;202;21;city176;210;48;city83;75;486;city249;386;427;city153;339;152;city92;382;452;city250;395;491;city224;139;84;city235;144;393;city215;5;220;city73;413;108;city196;193;18;city82;341;493;city182;141;148;city166;320;71;city101;106;338;city241
148;city172;347;115;city71;146;134;city138;259;63;city174;367;334;city277;293;489;city122;228;429;city83;59;205;city257;352;112;city164;313;351;city209;113;419;city200;362;98;city87
128;city204;23;350;city211;243;342;city243;42;495;city282
134;city259;39;110;city199
159;city167;144;216;city65;431;174;city198;170;209;city273;391;373;city94;359;197;city238;408;386;city276;160;59;city150;184;200;city110;302;251;city97;382;15;city79;141;24;city193;224;325;city112;402;261;city54;198;459;city192;13;231;city108;356;253;city196;224;173;city269;483;314;city121
142;city204;276;458;city156;146;298;city95;381;281;city262;340;146;city284;327;16;city201;203;85;city193;475;257;city159;439;386;city103;36;229;city90;172;461;city228;37;34;city214;469;53;city125;21;188;city130
148;city172;347;115;city71;146;134;city138;259;63;city174;367;334;city277;293;489;city122;228;429;city83;59;205;city257;352;112;city164;313;351;city209;113;419;city200;362;98;city87
160;city149;238;473;city134;417;367;city201;273;497;city242;451;136;city63;185;414;city253;33;202;city58;56;37;city229

167;city199;53;60;city84;148;455;city252;422;471;city282;266;446;city116;444;358;city191;455;77;city217;141;342;city207;16;152;city96;17;298;city71;171;131;city106;188;170;city220
150;city114;428;265;city83;66;406;city167;307;359;city130;297;314;city281;265;88;city79;138;345;city71
144;city64;298;385;city180;367;3;city229;191;170;city52;99;385;city77;20;470;city230;414;353;city197;17;34;city259;330;393;city298;384;216;city80;219;87;city66;461;395;city228;229;90;city97;436;371;city281
154;city97;21;411;city61;13;226;city109;445;432;city195;202;21;city176;210;48;city83;75;486;city249;386;427;city153;339;152;city92;382;452;city250;395;491;city224;139;84;city235;144;393;city215;5;220;city73;413;108;city196;193;18;city82;341;493;city182;141;148;city166;320;71;city101;106;338;city241
142;city204;276;458;city156;146;298;city95;381;281;city262;340;146;city284;327;16;city201;203;85;city193;475;257;city159;439;386;city103;36;229;city90;172;461;city228;37;34;city214;469;53;city125;21;188;city130
138;city143;74;171;city60;6;386;city255;116;305;city235;353;444;city87;68;68;city267;3;338;city94;121;491;city244;453;490;city106;497;29;city292;109;258;city259;216;499;city93;72;79;city156;187;485;city269;425;383;city112;318;322;city162;293;39;city225;127;484;city209;457;47;city120
160;city149;238;473;city134;417;367;city201;273;497;city242;451;136;city63;185;414;city253;33;202;city58;56;37;city229
164;city295;60;210;city171;93;438;city242
137;city177;467;375;city87;255;151;city182;470;416;city96;33;26;city289;198;167;city138;80;441;city212;134;350;city93;330;261;city128;487;349;city107;217;356;city108;143;25;city245;133;69;city123;39;40;city110;301;417;city181;354;301;city130;278;196;city258;210;428;city264;462;92;city259

158;city145;485;187;city184;15;319;city125;297;7944;city57;86;373;city80;301;289;city98;333;354;city241;2;323;city193;370;222;city84;200;212;city112;369;239;city94;454;481;city187;221;482;city220;389;61;city181;488;194;city258;294;384;city59;208;450;city207;296;266;city206
147;city253;27;470;city74;269;136;city157;292;422;city115;426;373;city153;79;313;city293;8;419;city207;244;322;city91;252;309;city141;351;18;city176;24;300;city155;145;30;city152;43;78;city159;96;359;city106;85;3;city254;110;413;city75;172;321;city90;345;29;city134;262;450;city193;493;209;city195
170;city82;365;401;city296;188;309;city62;440;192;city245
132;city211;389;46;city222;136;438;city199;25;105;city294;5;968;city91;463;369;city120;150;55;city100;246;263;city78;308;318;city231;297;314;city160;208;431;city76;208;113;city233
166;city197;337;304;city70;469;355;city222;69;438;city149

157;city71;204;387;city78;478;291;city188;284;426;city234;180;70;city66;469;360;city276;466;8;city192;145;391;city103;83;428;city116;392;470;city260;200;201;city76;431;24;city262;161;349;city299;442;319;city242;439;387;city248;193;314;city203;270;306;city197;181;273;city146
125;city91;326;97;city157;283;44;city176;494;420;city245;370;165;city179;85;316;city215;227;75;city127;158;255;city98;46;448;city187;239;193;city226
137;city177;467;375;city87;255;151;city182;470;416;city96;33;26;city289;198;167;city138;80;441;city212;134;350;city93;330;261;city128;487;349;city107;217;356;city108;143;25;city245;133;69;city123;39;40;city110;301;417;city181;354;301;city130;278;196;city258;210;428;city264;462;92;city259
147;city253;27;470;city74;269;136;city157;292;422;city115;426;373;city153;79;313;city293;8;419;city207;244;322;city91;252;309;city141;351;18;city176;24;300;city155;145;30;city152;43;78;city159;96;359;city106;85;3;city254;110;413;city75;172;321;city90;345;29;city134;262;450;city193;493;209;city195
137;city177;467;375;city87;255;151;city182;470;416;city96;33;26;city289;198;167;city138;80;441;city212;134;350;city93;330;261;city128;487;349;city107;217;356;city108;143;25;city245;133;69;city123;39;40;city110;301;417;city181;354;301;city130;278;196;city258;210;428;city264;462;92;city259
130;city89;15;134;city106;41;282;city141;232;225;city57;372;66;city288;364;395;city217;134;469;city267;392;136;city214;162;249;city189;489;374;city150;181;243;city102;3;165;city200;485;130;city190;487;371;city239;255;333;city105;144;196;city93;310;438;city284;244;474;city165
128;city204;23;350;city211;243;342;city243;42;495;city282
171;city254;258;425;city128;408;414;city270;447;168;city60;379;341;city281;203;189;city122
160;city149;238;473;city134;417;367;city201;273;497;city242;451;136;city63;185;414;city253;33;202;city58;56;37;city229
164;city295;60;210;city171;93;438;city242
141;city277;123;457;city264;188;405;city89;18;24;city259;219;62;city66;89;329;city153;249;497;city207;58;151;city97;467;224;city80;340;499;city195;50;158;city229
157;city71;204;387;city78;478;291;city188;284;426;city234;180;70;city66;469;360;city276;466;8;city192;145;391;city103;83;428;city116;392;470;city260;200;201;city76;431;24;city262;161;349;city299;442;319;city242;439;387;city248;193;314;city203;270;306;city197;181;273;city146
133;city132;344;165;city82;241;272;city244;58;83;city169;92;326;city276;427;160;city293;206;250;city185;487;415;city87;312;239;city275;79;251;city148;255;278;city135;361;227;city194;315;418;city154;234;169;city209;330;336;city203
171;city254;258;425;city128;408;414;city270;447;168;city60;379;341;city281;203;189;city122
127;city252;291;380;city275;311;143;city145;57;92;city261;99;265;city97;129;475;city199;18;313;city242;16;186;city58
152;city276;242;139;city215;60;362;city120
156;city57;371;262;city266;367;174;city110;219;248;city175;483;155;city174;166;253;city220;26;466;city158;76;81;city148;335;3;city173;250;49;city126;152;117;city54;377;369;city156;358;230;city286;472;254;city147;252;19;city248;20;61;city219;9;255;city129
155;city177;363;337;city183;174;145;city95;124;10;city151;368;281;city290;101;161;city148;365;408;city127;435;125;city198;447;168;city222;135;43;city279;310;187;city147;82;5;city196;164;204;city236;355;137;city219;206;441;city181;206;142;city52;276;164;city252
154;city97;21;411;city61;13;226;city109;445;432;city195;202;21;city176;210;48;city83;75;486;city249;386;427;city153;339;152;city92;382;452;city250;395;491;city224;139;84;city235;144;393;city215;5;220;city73;413;108;city196;193;18;city82;341;493;city182;141;148;city166;320;71;city101;106;338;city241
144;city64;298;385;city180;367;3;city229;191;170;city52;99;385;city77;20;470;city230;414;353;city197;17;34;city259;330;393;city298;384;216;city80;219;87;city66;461;395;city228;229;90;city97;436;371;city281
145;city79;447;437;city150;365;15;city282;113;357;city78;109;268;city263;7;41;city91
126;city75;212;3;city236;308;12;city213;318;325;city60;238;23;city297;269;473;city173;218;245;city157;304;360;city223;38;253;city229;487;104;city151;106;87;city211;39;68;city101;18;121;city51;477;41;city185;84;133;city105;42;99;city86;471;139;city298;280;370;city251;377;391;city56;35;301;city260
160;city149;238;473;city134;417;367;city201;273;497;city242;451;136;city63;185;414;city253;33;202;city58;56;37;city229
125;city91;326;97;city157;283;44;city176;494;420;city245;370;165;city179;85;316;city215;227;75;city127;158;255;city98;46;448;city187;239;193;city226
162;city56;358;481;city53;290;451;city283;493;486;city139;127;111;city258;14;303;city209;14;472;city287;113;396;city291;320;245;city272;407;384;city251
126;city75;212;3;city236;308;12;city213;318;325;city60;238;23;city297;269;473;city173;218;245;city157;304;360;city223;38;253;city229;487;104;city151;106;87;city211;39;68;city101;18;121;city51;477;41;city185;84;133;city105;42;99;city86;471;139;city298;280;370;city251;377;391;city56;35;301;city260
171;city254;258;425;city128;408;414;city270;447;168;city60;379;341;city281;203;189;city122
159;city167;144;216;city65;431;174;city198;170;209;city273;391;373;city94;359;197;city238;408;386;city276;160;59;city150;184;200;city110;302;251;city97;382;15;city79;141;24;city193;224;325;city112;402;261;city54;198;459;city192;13;231;city108;356;253;city196;224;173;city269;483;314;city121
154;city97;21;411;city61;13;226;city109;445;432;city195;202;21;city176;210;48;city83;75;486;city249;386;427;city153;339;152;city92;382;452;city250;395;491;city224;139;84;city235;144;393;city215;5;220;city73;413;108;city196;193;18;city82;341;493;city182;141;148;city166;320;71;city101;106;338;city241
125;city91;326;97;city157;283;44;city176;494;420;city245;370;165;city179;85;316;city215;227;75;city127;158;255;city98;46;448;city187;239;193;city226
127;city252;291;380;city275;311;143;city145;57;92;city261;99;265;city97;129;475;city199;18;313;city242;16;186;city58
133;city132;344;165;city82;241;272;city244;58;83;city169;92;326;city276;427;160;city293;206;250;city185;487;415;city87;312;239;city275;79;251;city148;255;278;city135;361;227;city194;315;418;city154;234;169;city209;330;336;city203
161;city90;477;331;city167;117;261;city173
147;city253;27;470;city74;269;136;city157;292;422;city115;426;373;city153;79;313;city293;8;419;city207;244;322;city91;252;309;city141;351;18;city176;24;300;city155;145;30;city152;43;78;city159;96;359;city106;85;3;city254;110;413;city75;172;321;city90;345;29;city134;262;450;city193;493;209;city195
130;city89;15;134;city106;41;282;city141;232;225;city57;372;66;city288;364;395;city217;134;469;city267;392;136;city214;162;249;city189;489;374;city150;181;243;city102;3;165;city200;485;130;city190;487;371;city239;255;333;city105;144;196;city93;310;438;city284;244;474;city165
160;city149;238;473;city134;417;367;city201;273;497;city242;451;136;city63;185;414;city253;33;202;city58;56;37;city229
147;city253;27;470;city74;269;136;city157;292;422;city115;426;373;city153;79;313;city293;8;419;city207;244;322;city91;252;309;city141;351;18;city176;24;300;city155;145;30;city152;43;78;city159;96;359;city106;85;3;city254;110;413;city75;172;321;city90;345;29;city134;262;450;city193;493;209;city195
173;city261;304;27;city267;227;180;city57;432;261;city292;326;493;city295;22;456;city53;152;51;city71;23;369;city255;92;267;city164;391;456;city212;497;325;city291;302;342;city231;3;477;city279;48;81;city208;329;379;city73;418;231;city271;439;453;city81;249;429;city182
142;city204;276;458;city156;146;298;city95;381;281;city262;340;146;city284;327;16;city201;203;85;city193;475;257;city159;439;386;city103;36;229;city90;172;461;city228;37;34;city214;469;53;city125;21;188;city130
139;city152;199;140;city204;65;243;city146;445;321;city243;158;177;city203;458;272;city117;357;333;city205
170;city82;365;401;city296;188;309;city62;440;192;city245
158;city145;485;187;city184;15;319;city125;297;7944;city57;86;373;city80;301;289;city98;333;354;city241;2;323;city193;370;222;city84;200;212;city112;369;239;city94;454;481;city187;221;482;city220;389;61;city181;488;194;city258;294;384;city59;208;450;city207;296;266;city206
130;city89;15;134;city106;41;282;city141;232;225;city57;372;66;city288;364;395;city217;134;469;city267;392;136;city214;162;249;city189;489;374;city150;181;243;city102;3;165;city200;485;130;city190;487;371;city239;255;333;city105;144;196;city93;310;438;city284;244;474;city165
152;city276;242;139;city215;60;362;city120
166;city197;337;304;city70;469;355;city222;69;438;city149
151;city298;466;170;city154;217;202;city280;32;32;city220;335;128;city157;329;260;city183;124;51;city268;72;110;city186;423;53;city143;94;256;city106;18;180;city202;139;201;city59;147;382;city135;268;437;city125;105;357;city191;98;500;city64;368;125;city138;199;139;city98
125;city91;326;97;city157;283;44;city176;494;420;city245;370;165;city179;85;316;city215;227;75;city127;158;255;city98;46;448;city187;239;193;city226
147;city253;27;470;city74;269;136;city157;292;422;city115;426;373;city153;79;313;city293;8;419;city207;244;322;city91;252;309;city141;351;18;city176;24;300;city155;145;30;city152;43;78;city159;96;359;city106;85;3;city254;110;413;city75;172;321;city90;345;29;city134;262;450;city193;493;209;city195
159;city167;144;216;city65;431;174;city198;170;209;city273;391;373;city94;359;197;city238;408;386;city276;160;59;city150;184;200;city110;302;251;city97;382;15;city79;141;24;city193;224;325;city112;402;261;city54;198;459;city192;13;231;city108;356;253;city196;224;173;city269;483;314;city121
160;city149;238;473;city134;417;367;city201;273;497;city242;451;136;city63;185;414;city253;33;202;city58;56;37;city229
130;city89;15;134;city106;41;282;city141;232;225;city57;372;66;city288;364;395;city217;134;469;city267;392;136;city214;162;249;city189;489;374;city150;181;243;city102;3;165;city200;485;130;city190;487;371;city239;255;333;city105;144;196;city93;310;438;city284;244;474;city165
129;city264;498;204;city174;190;387;city227;330;358;city213;39;220;city241;397;204;city260;309;420;city122;178;188;city192;115;430;city258;213;266;city288;144;257;city201
125;city91;326;97;city157;283;44;city176;494;420;city245;370;165;city179;85;316;city215;227;75;city127;158;255;city98;46;448;city187;239;193;city226
135;city292;339;209;city111;443;334;city199;123;62;city186;99;296;city289;9;327;city80;9;12;city143;499;129;city133;239;401;city273;381;99;city88;242;197;city299;212;206;city258;426;383;city162;392;229;city184;284;8;city70;367;388;city247;428;339;city97;359;429;city239;17;253;city128;371;268;city66
151;city298;466;170;city154;217;202;city280;32;32;city220;335;128;city157;329;260;city183;124;51;city268;72;110;city186;423;53;city143;94;256;city106;18;180;city202;139;201;city59;147;382;city135;268;437;city125;105;357;city191;98;500;city64;368;125;city138;199;139;city98
131;city242;178;6;city174;119;189;city184;490;452;city229;212;52;city83;260;46;city186
140;city157;233;486;city177;477;148;city284;151;302;city147;102;439;city223;191;289;city61;447;487;city187;431;4;city56;156;393;city132;37;55;city242
169;city215;200;406;city135;214;139;city223;161;250;city268;178;77;city85;30;480;city175;235;499;city172;76;273;city242;254;456;city294
170;city82;365;401;city296;188;309;city62;440;192;city245
130;city89;15;134;city106;41;282;city141;232;225;city57;372;66;city288;364;395;city217;134;469;city267;392;136;city214;162;249;city189;489;374;city150;181;243;city102;3;165;city200;485;130;city190;487;371;city239;255;333;city105;144;196;city93;310;438;city284;244;474;city165
163;city230;371;4;city238;406;482;city284;38;490;city193;272;420;city232;103;476;city281;325;294;city176;352;406;city151;259;442;city100;240;200;city262;481;375;city77;274;235;city223;227;428;city136;55;339;city188;483;173;city242;115;149;city239;300;392;city133;271;169;city209;428;235;city273;280;11;city269
163;city230;371;4;city238;406;482;city284;38;490;city193;272;420;city232;103;476;city281;325;294;city176;352;406;city151;259;442;city100;240;200;city262;481;375;city77;274;235;city223;227;428;city136;55;339;city188;483;173;city242;115;149;city239;300;392;city133;271;169;city209;428;235;city273;280;11;city269
162;city56;358;481;city53;290;451;city283;493;486;city139;127;111;city258;14;303;city209;14;472;city287;113;396;city291;320;245;city272;407;384;city251
172;city106;175;489;city83
158;city145;485;187;city184;15;319;city125;297;7944;city57;86;373;city80;301;289;city98;333;354;city241;2;323;city193;370;222;city84;200;212;city112;369;239;city94;454;481;city187;221;482;city220;389;61;city181;488;194;city258;294;384;city59;208;450;city207;296;266;city206
149;city181;336;120;city289;68;447;city228;430;395;city267;60;328;city234
160;city149;238;473;city134;417;367;city201;273;497;city242;451;136;city63;185;414;city253;33;202;city58;56;37;city229
173;city261;304;27;city267;227;180;city57;432;261;city292;326;493;city295;22;456;city53;152;51;city71;23;369;city255;92;267;city164;391;456;city212;497;325;city291;302;342;city231;3;477;city279;48;81;city208;329;379;city73;418;231;city271;439;453;city81;249;429;city182
130;city89;15;134;city106;41;282;city141;232;225;city57;372;66;city288;364;395;city217;134;469;city267;392;136;city214;162;249;city189;489;374;city150;181;243;city102;3;165;city200;485;130;city190;487;371;city239;255;333;city105;144;196;city93;310;438;city284;244;474;city165
128;city204;23;350;city211;243;342;city243;42;495;city282
159;city167;144;216;city65;431;174;city198;170;209;city273;391;373;city94;359;197;city238;408;386;city276;160;59;city150;184;200;city110;302;251;city97;382;15;city79;141;24;city193;224;325;city112;402;261;city54;198;459;city192;13;231;city108;356;253;city196;224;173;city269;483;314;city121
144;city64;298;385;city180;367;3;city229;191;170;city52;99;385;city77;20;470;city230;414;353;city197;17;34;city259;330;393;city298;384;216;city80;219;87;city66;461;395;city228;229;90;city97;436;371;city281
