












142;city51;351;176;city207;361;381;city121;181;66;city54;101;83;city84;374;397;city81
138;city146;420;411;city258;3;127;city166;315;462;city232;465;48;city277;244;111;city129;335;155;city92;208;158;city156;170;109;city231;191;436;city190;354;246;city299;118;422;city63;81;289;city188;107;369;city286;273;213;city136;130;325;city183;309;324;city218;211;59;city196





159;city125;434;451;city86;211;173;city275;145;338;city165;4;484;city68;308;46;city246;318;110;city161;146;335;city243;216;9;city94;198;141;city282;379;186;city176;421;48;city66;255;113;city154;484;410;city53;497;458;city205;237;178;city56;104;44;city206;58;73;city186;467;459;city163

147;city286;472;403;city83
147;city286;472;403;city83

134;city154;31;195;city299;149;252;city194;69;281;city244;358;242;city66;340;316;city129;427;317;city296;19;474;city255;213;51;city181;90;25;city157;32;342;city203;294;180;city109;286;413;city279;317;467;city73;351;44;city97;411;454;city278;246;466;city137


156;city233;93;418;city218;218;249;city87;222;14;city170;10;359;city134;28;354;city69


134;city154;31;195;city299;149;252;city194;69;281;city244;358;242;city66;340;316;city129;427;317;city296;19;474;city255;213;51;city181;90;25;city157;32;342;city203;294;180;city109;286;413;city279;317;467;city73;351;44;city97;411;454;city278;246;466;city137
142;city51;351;176;city207;361;381;city121;181;66;city54;101;83;city84;374;397;city81
147;city286;472;403;city83



161;city113;10;120;city139;135;432;city149;196;175;city89;424;184;city129;172;267;city213;286;411;city239;456;398;city292;280;142;city195;483;258;city299;488;446;city92;101;312;city94;404;33;city78

160;city178;445;243;city165;24;398;city103;281;24;city247;345;186;city231;54;27;city205;488;92;city240;201;84;city164;257;284;city214;121;120;city218;123;121;city113;451;388;city196;469;80;city168;346;345;city145;190;98;city256;139;415;city252;473;11;city134

160;city178;445;243;city165;24;398;city103;281;24;city247;345;186;city231;54;27;city205;488;92;city240;201;84;city164;257;284;city214;121;120;city218;123;121;city113;451;388;city196;469;80;city168;346;345;city145;190;98;city256;139;415;city252;473;11;city134


166;city243;368;212;city63;363;80;city179;108;222;city88;319;63;city52;41;131;city71;304;477;city198;223;223;city127;235;493;city148;216;482;city264;228;17;city186;356;226;city271;304;345;city144;87;44;city194

134;city154;31;195;city299;149;252;city194;69;281;city244;358;242;city66;340;316;city129;427;317;city296;19;474;city255;213;51;city181;90;25;city157;32;342;city203;294;180;city109;286;413;city279;317;467;city73;351;44;city97;411;454;city278;246;466;city137
128;city101;97;81;city195;407;307;city234;467;231;city248;123;403;city124;331;489;city169;147;81;city121;337;200;city205;48;288;city216;455;312;city153;373;276;city118;327;396;city84


135;city241;57;319;city171;401;347;city281;426;398;city101;64;479;city295
139;city61;430;209;city136;400;401;city236;103;71;city187;486;405;city126



165;city80;217;195;city137;254;238;city63;397;288;city77
165;city80;217;195;city137;254;238;city63;397;288;city77
160;city178;445;243;city165;24;398;city103;281;24;city247;345;186;city231;54;27;city205;488;92;city240;201;84;city164;257;284;city214;121;120;city218;123;121;city113;451;388;city196;469;80;city168;346;345;city145;190;98;city256;139;415;city252;473;11;city134
173;city159;354;352;city147;411;126;city180;308;261;city263;233;294;city184
134;city154;31;195;city299;149;252;city194;69;281;city244;358;242;city66;340;316;city129;427;317;city296;19;474;city255;213;51;city181;90;25;city157;32;342;city203;294;180;city109;286;413;city279;317;467;city73;351;44;city97;411;454;city278;246;466;city137

144;city99;379;306;city164;453;87;city155;96;496;city240;12;302;city288;443;29;city266;43;38;city167;366;37;city129;52;206;city280;220;160;city227;302;322;city131;324;281;city183;111;255;city154;252;328;city269;357;157;city253;397;291;city68


137;city215;349;361;city261;106;364;city107;402;404;city117;321;275;city270;193;283;city101;21;69;city235
173;city159;354;352;city147;411;126;city180;308;261;city263;233;294;city184
133;city299;232;465;city164;395;498;city107;77;33;city224;487;391;city262;295;165;city62


161;city113;10;120;city139;135;432;city149;196;175;city89;424;184;city129;172;267;city213;286;411;city239;456;398;city292;280;142;city195;483;258;city299;488;446;city92;101;312;city94;404;33;city78
152;city208;21;240;city125;130;374;city143;373;249;city141;499;255;city247;259;70;city253;390;51;city244;458;297;city200;353;147;city63;356;30;city149;280;316;city65;287;200;city220;398;52;city145;442;492;city278;427;500;city214;242;427;city114;396;160;city108;225;95;city57;416;312;city294

152;city208;21;240;city125;130;374;city143;373;249;city141;499;255;city247;259;70;city253;390;51;city244;458;297;city200;353;147;city63;356;30;city149;280;316;city65;287;200;city220;398;52;city145;442;492;city278;427;500;city214;242;427;city114;396;160;city108;225;95;city57;416;312;city294



142;city51;351;176;city207;361;381;city121;181;66;city54;101;83;city84;374;397;city81
138;city146;420;411;city258;3;127;city166;315;462;city232;465;48;city277;244;111;city129;335;155;city92;208;158;city156;170;109;city231;191;436;city190;354;246;city299;118;422;city63;81;289;city188;107;369;city286;273;213;city136;130;325;city183;309;324;city218;211;59;city196

142;city51;351;176;city207;361;381;city121;181;66;city54;101;83;city84;374;397;city81
138;city146;420;411;city258;3;127;city166;315;462;city232;465;48;city277;244;111;city129;335;155;city92;208;158;city156;170;109;city231;191;436;city190;354;246;city299;118;422;city63;81;289;city188;107;369;city286;273;213;city136;130;325;city183;309;324;city218;211;59;city196
144;city99;379;306;city164;453;87;city155;96;496;city240;12;302;city288;443;29;city266;43;38;city167;366;37;city129;52;206;city280;220;160;city227;302;322;city131;324;281;city183;111;255;city154;252;328;city269;357;157;city253;397;291;city68
173;city159;354;352;city147;411;126;city180;308;261;city263;233;294;city184

161;city113;10;120;city139;135;432;city149;196;175;city89;424;184;city129;172;267;city213;286;411;city239;456;398;city292;280;142;city195;483;258;city299;488;446;city92;101;312;city94;404;33;city78
128;city101;97;81;city195;407;307;city234;467;231;city248;123;403;city124;331;489;city169;147;81;city121;337;200;city205;48;288;city216;455;312;city153;373;276;city118;327;396;city84

140;city119;461;498;city123;48;223;city238
146;city296;54;216;city200;391;101;city165;411;319;city159;467;312;city250;136;384;city122;149;453;city244;489;331;city208;414;206;city111;267;314;city116;244;58;city58;230;326;city53;287;353;city168;343;393;city246;260;164;city189;8;293;city188;459;256;city70;425;316;city293;180;4;city120;8;450;city89

153;city179;474;302;city145;299;392;city195;442;373;city112;169;145;city291
160;city178;445;243;city165;24;398;city103;281;24;city247;345;186;city231;54;27;city205;488;92;city240;201;84;city164;257;284;city214;121;120;city218;123;121;city113;451;388;city196;469;80;city168;346;345;city145;190;98;city256;139;415;city252;473;11;city134
129;city69;466;379;city232;311;55;city267;491;331;city114;185;376;city242
146;city296;54;216;city200;391;101;city165;411;319;city159;467;312;city250;136;384;city122;149;453;city244;489;331;city208;414;206;city111;267;314;city116;244;58;city58;230;326;city53;287;353;city168;343;393;city246;260;164;city189;8;293;city188;459;256;city70;425;316;city293;180;4;city120;8;450;city89


131;city81;149;152;city111;438;54;city170;101;59;city86;195;399;city292;81;72;city116;303;243;city129;465;130;city161;389;96;city205;253;71;city100;415;38;city252;28;282;city65;173;472;city166;393;35;city291;429;452;city194;444;421;city212;320;378;city248;423;459;city76;250;38;city197;50;198;city299
173;city159;354;352;city147;411;126;city180;308;261;city263;233;294;city184
134;city154;31;195;city299;149;252;city194;69;281;city244;358;242;city66;340;316;city129;427;317;city296;19;474;city255;213;51;city181;90;25;city157;32;342;city203;294;180;city109;286;413;city279;317;467;city73;351;44;city97;411;454;city278;246;466;city137
125;city155;279;6;city206;497;447;city117;9;286;city160;444;388;city223;479;431;city79;439;193;city226;412;363;city205;485;116;city262;471;300;city216;29;452;city98;166;124;city78
141;city194;126;476;city298;24;228;city186;3;400;city149;109;364;city292;268;490;city291;201;114;city142;124;60;city110;224;13;city114;139;487;city129;169;88;city132;356;21;city190;176;431;city257;348;174;city174;266;238;city165;110;219;city104
173;city159;354;352;city147;411;126;city180;308;261;city263;233;294;city184
158;city189;212;80;city297;205;452;city99;416;424;city227;450;80;city254;234;302;city293;142;293;city81;146;254;city118;191;266;city198;261;373;city289;210;341;city113;180;386;city213;163;211;city294;56;185;city170
141;city194;126;476;city298;24;228;city186;3;400;city149;109;364;city292;268;490;city291;201;114;city142;124;60;city110;224;13;city114;139;487;city129;169;88;city132;356;21;city190;176;431;city257;348;174;city174;266;238;city165;110;219;city104

145;city155;39;19;city288
158;city189;212;80;city297;205;452;city99;416;424;city227;450;80;city254;234;302;city293;142;293;city81;146;254;city118;191;266;city198;261;373;city289;210;341;city113;180;386;city213;163;211;city294;56;185;city170
125;city155;279;6;city206;497;447;city117;9;286;city160;444;388;city223;479;431;city79;439;193;city226;412;363;city205;485;116;city262;471;300;city216;29;452;city98;166;124;city78
161;city113;10;120;city139;135;432;city149;196;175;city89;424;184;city129;172;267;city213;286;411;city239;456;398;city292;280;142;city195;483;258;city299;488;446;city92;101;312;city94;404;33;city78
159;city125;434;451;city86;211;173;city275;145;338;city165;4;484;city68;308;46;city246;318;110;city161;146;335;city243;216;9;city94;198;141;city282;379;186;city176;421;48;city66;255;113;city154;484;410;city53;497;458;city205;237;178;city56;104;44;city206;58;73;city186;467;459;city163
173;city159;354;352;city147;411;126;city180;308;261;city263;233;294;city184

170;city293;110;493;city73
128;city101;97;81;city195;407;307;city234;467;231;city248;123;403;city124;331;489;city169;147;81;city121;337;200;city205;48;288;city216;455;312;city153;373;276;city118;327;396;city84
146;city296;54;216;city200;391;101;city165;411;319;city159;467;312;city250;136;384;city122;149;453;city244;489;331;city208;414;206;city111;267;314;city116;244;58;city58;230;326;city53;287;353;city168;343;393;city246;260;164;city189;8;293;city188;459;256;city70;425;316;city293;180;4;city120;8;450;city89
126;city279;208;178;city186;488;333;city105;441;7;city253;169;85;city248;240;492;city292;457;284;city146;146;201;city182;66;291;city96;70;415;city185;180;218;city160;64;134;city57;106;463;city250;433;315;city71;317;263;city147;334;54;city142;286;169;city135;411;218;city87
138;city146;420;411;city258;3;127;city166;315;462;city232;465;48;city277;244;111;city129;335;155;city92;208;158;city156;170;109;city231;191;436;city190;354;246;city299;118;422;city63;81;289;city188;107;369;city286;273;213;city136;130;325;city183;309;324;city218;211;59;city196
155;city267;339;156;city72;285;168;city199;245;163;city281;205;62;city79;464;329;city147;6;354;city187;72;215;city112;178;122;city261;235;46;city210;446;388;city286;276;288;city124;464;77;city190;308;428;city271;139;26;city238;207;2;city161;282;418;city174;352;340;city98;301;291;city260;122;384;city163
148;city153;76;401;city210;212;321;city182;268;420;city139;302;319;city156;480;215;city241;405;283;city274;222;150;city255;89;355;city178;378;150;city66;15;432;city248;182;16;city183;2;43;city258;371;107;city105
165;city80;217;195;city137;254;238;city63;397;288;city77
136;city145;446;220;city77;80;365;city163;481;158;city195;453;211;city221;91;479;city243;102;416;city64;62;243;city99;345;178;city91
130;city267;328;158;city252;102;326;city259;472;122;city238;305;298;city71;152;45;city55;71;398;city112;467;154;city126;156;226;city96;140;15;city95;449;446;city289;163;334;city255;272;6;city117
143;city285;441;48;city299;245;173;city268;251;124;city207;174;333;city169;127;478;city253;51;394;city173;136;434;city74;348;337;city97;438;183;city211
151;city289;166;216;city272;206;62;city173;118;199;city84;232;343;city121;200;367;city87
165;city80;217;195;city137;254;238;city63;397;288;city77
128;city101;97;81;city195;407;307;city234;467;231;city248;123;403;city124;331;489;city169;147;81;city121;337;200;city205;48;288;city216;455;312;city153;373;276;city118;327;396;city84
142;city51;351;176;city207;361;381;city121;181;66;city54;101;83;city84;374;397;city81
162;city195;467;233;city148;297;5;city293;441;370;city143;213;431;city84;250;147;city56;76;378;city280;475;141;city109
156;city233;93;418;city218;218;249;city87;222;14;city170;10;359;city134;28;354;city69
126;city279;208;178;city186;488;333;city105;441;7;city253;169;85;city248;240;492;city292;457;284;city146;146;201;city182;66;291;city96;70;415;city185;180;218;city160;64;134;city57;106;463;city250;433;315;city71;317;263;city147;334;54;city142;286;169;city135;411;218;city87
168;city211;411;463;city264;494;208;city215;469;328;city51;278;225;city137;236;189;city71;467;288;city240;5;44;city161;249;31;city70;392;318;city221;292;133;city69;96;265;city110;373;194;city159;408;256;city174;483;346;city120
160;city178;445;243;city165;24;398;city103;281;24;city247;345;186;city231;54;27;city205;488;92;city240;201;84;city164;257;284;city214;121;120;city218;123;121;city113;451;388;city196;469;80;city168;346;345;city145;190;98;city256;139;415;city252;473;11;city134
144;city99;379;306;city164;453;87;city155;96;496;city240;12;302;city288;443;29;city266;43;38;city167;366;37;city129;52;206;city280;220;160;city227;302;322;city131;324;281;city183;111;255;city154;252;328;city269;357;157;city253;397;291;city68
139;city61;430;209;city136;400;401;city236;103;71;city187;486;405;city126
162;city195;467;233;city148;297;5;city293;441;370;city143;213;431;city84;250;147;city56;76;378;city280;475;141;city109
154;city161;105;387;city270;102;308;city72;430;15;city240;377;286;city77;184;201;city97;424;25;city220;39;383;city259;13;189;city75;59;443;city224;158;404;city195;74;35;city152
158;city189;212;80;city297;205;452;city99;416;424;city227;450;80;city254;234;302;city293;142;293;city81;146;254;city118;191;266;city198;261;373;city289;210;341;city113;180;386;city213;163;211;city294;56;185;city170
138;city146;420;411;city258;3;127;city166;315;462;city232;465;48;city277;244;111;city129;335;155;city92;208;158;city156;170;109;city231;191;436;city190;354;246;city299;118;422;city63;81;289;city188;107;369;city286;273;213;city136;130;325;city183;309;324;city218;211;59;city196
139;city61;430;209;city136;400;401;city236;103;71;city187;486;405;city126


170;city293;110;493;city73
173;city159;354;352;city147;411;126;city180;308;261;city263;233;294;city184
134;city154;31;195;city299;149;252;city194;69;281;city244;358;242;city66;340;316;city129;427;317;city296;19;474;city255;213;51;city181;90;25;city157;32;342;city203;294;180;city109;286;413;city279;317;467;city73;351;44;city97;411;454;city278;246;466;city137
167;city69;244;169;city147;139;397;city286;453;197;city239;130;97;city146;442;91;city178;405;366;city92;92;285;city117;288;335;city125;329;430;city243;109;168;city88;488;283;city83;283;354;city134;82;361;city247;192;279;city126;185;11;city67
134;city154;31;195;city299;149;252;city194;69;281;city244;358;242;city66;340;316;city129;427;317;city296;19;474;city255;213;51;city181;90;25;city157;32;342;city203;294;180;city109;286;413;city279;317;467;city73;351;44;city97;411;454;city278;246;466;city137

166;city243;368;212;city63;363;80;city179;108;222;city88;319;63;city52;41;131;city71;304;477;city198;223;223;city127;235;493;city148;216;482;city264;228;17;city186;356;226;city271;304;345;city144;87;44;city194
158;city189;212;80;city297;205;452;city99;416;424;city227;450;80;city254;234;302;city293;142;293;city81;146;254;city118;191;266;city198;261;373;city289;210;341;city113;180;386;city213;163;211;city294;56;185;city170
143;city285;441;48;city299;245;173;city268;251;124;city207;174;333;city169;127;478;city253;51;394;city173;136;434;city74;348;337;city97;438;183;city211
145;city155;39;19;city288
159;city125;434;451;city86;211;173;city275;145;338;city165;4;484;city68;308;46;city246;318;110;city161;146;335;city243;216;9;city94;198;141;city282;379;186;city176;421;48;city66;255;113;city154;484;410;city53;497;458;city205;237;178;city56;104;44;city206;58;73;city186;467;459;city163

145;city155;39;19;city288
154;city161;105;387;city270;102;308;city72;430;15;city240;377;286;city77;184;201;city97;424;25;city220;39;383;city259;13;189;city75;59;443;city224;158;404;city195;74;35;city152
126;city279;208;178;city186;488;333;city105;441;7;city253;169;85;city248;240;492;city292;457;284;city146;146;201;city182;66;291;city96;70;415;city185;180;218;city160;64;134;city57;106;463;city250;433;315;city71;317;263;city147;334;9939;city142;286;169;city135;411;218;city87
135;city241;57;319;city171;401;347;city281;426;398;city101;64;479;city295
143;city285;441;48;city299;245;173;city268;251;124;city207;174;333;city169;127;478;city253;51;394;city173;136;434;city74;348;337;city97;438;183;city211
173;city159;354;352;city147;411;126;city180;308;261;city263;233;294;city184
126;city279;208;178;city186;488;333;city105;441;7;city253;169;85;city248;240;492;city292;457;284;city146;146;201;city182;66;291;city96;70;415;city185;180;218;city160;64;134;city57;106;463;city250;433;315;city71;317;263;city147;334;9939;city142;286;169;city135;411;218;city87
158;city189;212;80;city297;205;452;city99;416;424;city227;450;80;city254;234;302;city293;142;293;city81;146;254;city118;191;266;city198;261;373;city289;210;341;city113;180;386;city213;163;211;city294;56;185;city170
151;city289;166;216;city272;206;62;city173;118;199;city84;232;343;city121;200;367;city87
160;city178;445;243;city165;24;398;city103;281;24;city247;345;186;city231;54;27;city205;488;92;city240;201;84;city164;257;284;city214;121;120;city218;123;121;city113;451;388;city196;469;80;city168;346;345;city145;190;98;city256;139;415;city252;473;11;city134
140;city119;461;498;city123;48;223;city238
158;city189;212;80;city297;205;452;city99;416;424;city227;450;80;city254;234;302;city293;142;293;city81;146;254;city118;191;266;city198;261;373;city289;210;341;city113;180;386;city213;163;211;city294;56;185;city170
163;city295;141;181;city74;160;238;city75;212;34;city83;316;5;city58;34;115;city265;66;186;city85
130;city267;328;158;city252;102;326;city259;472;122;city238;305;298;city71;152;45;city55;71;398;city112;467;154;city126;156;226;city96;140;15;city95;449;446;city289;163;334;city255;272;6;city117
168;city211;411;463;city264;494;208;city215;469;328;city51;278;225;city137;236;189;city71;467;288;city240;5;44;city161;249;31;city70;392;318;city221;292;133;city69;96;265;city110;373;194;city159;408;256;city174;483;346;city120
173;city159;354;352;city147;411;126;city180;308;261;city263;233;294;city184
126;city279;208;178;city186;488;333;city105;441;7;city253;169;85;city248;240;492;city292;457;284;city146;146;201;city182;66;291;city96;70;415;city185;180;218;city160;64;134;city57;106;463;city250;433;315;city71;317;263;city147;334;9939;city142;286;169;city135;411;218;city87
132;city231;264;293;city280;90;348;city188;455;149;city152;7;178;city128;268;463;city296;296;185;city56;402;129;city216;253;494;city282;126;267;city294;213;94;city117;314;170;city246;34;294;city235;65;411;city97;158;362;city256;225;150;city133;79;395;city124
161;city113;10;120;city139;135;432;city149;196;175;city89;424;184;city129;172;267;city213;286;411;city239;456;398;city292;280;142;city195;483;258;city299;488;446;city92;101;312;city94;404;33;city78
171;city277;122;382;city163;409;431;city174;368;132;city63;255;360;city212;293;216;city73;475;61;city240;190;377;city267;377;152;city264;476;377;city210;133;4;city297;20;56;city236;63;434;city59
141;city194;126;476;city298;24;228;city186;3;400;city149;109;364;city292;268;490;city291;201;114;city142;124;60;city110;224;13;city114;139;487;city129;169;88;city132;356;21;city190;176;431;city257;348;174;city174;266;238;city165;110;219;city104
134;city154;31;195;city299;149;252;city194;69;281;city244;358;242;city66;340;316;city129;427;317;city296;19;474;city255;213;51;city181;90;25;city157;32;342;city203;294;180;city109;286;413;city279;317;467;city73;351;44;city97;411;454;city278;246;466;city137
156;city233;93;418;city218;218;249;city87;222;14;city170;10;359;city134;28;354;city69
126;city279;208;178;city186;488;333;city105;441;7;city253;169;85;city248;240;492;city292;457;284;city146;146;201;city182;66;291;city96;70;415;city185;180;218;city160;64;134;city57;106;463;city250;433;315;city71;317;263;city147;334;9939;city142;286;169;city135;411;218;city87
166;city243;368;212;city63;363;80;city179;108;222;city88;319;63;city52;41;131;city71;304;477;city198;223;223;city127;235;493;city148;216;482;city264;228;17;city186;356;226;city271;304;345;city144;87;44;city194
128;city101;97;81;city195;407;307;city234;467;231;city248;123;403;city124;331;489;city169;147;81;city121;337;200;city205;48;288;city216;455;312;city153;373;276;city118;327;396;city84
144;city99;379;306;city164;453;87;city155;96;496;city240;12;302;city288;443;29;city266;43;38;city167;366;37;city129;52;206;city280;220;160;city227;302;322;city131;324;281;city183;111;255;city154;252;328;city269;357;157;city253;397;291;city68
132;city231;264;293;city280;90;348;city188;455;149;city152;7;178;city128;268;463;city296;296;185;city56;402;129;city216;253;494;city282;126;267;city294;213;94;city117;314;170;city246;34;294;city235;65;411;city97;158;362;city256;225;150;city133;79;395;city124
169;city170;168;422;city130;63;173;city213;312;472;city221;335;91;city251;221;251;city176;69;264;city255;13;15;city138;140;296;city165;308;126;city209;399;326;city286;216;212;city189;449;124;city120;223;283;city190;386;223;city216;140;264;city249;131;479;city283
156;city233;93;418;city218;218;249;city87;222;14;city170;10;359;city134;28;354;city69
143;city285;441;48;city299;245;173;city268;251;124;city207;174;333;city169;127;478;city253;51;394;city173;136;434;city74;348;337;city97;438;183;city211
164;city243;188;22;city209
125;city155;279;6;city206;497;447;city117;9;286;city160;444;388;city223;479;431;city79;439;193;city226;412;363;city205;485;116;city262;471;300;city216;29;452;city98;166;124;city78
157;city209;150;482;city155;403;318;city120;43;120;city145;360;259;city270;409;350;city246;270;71;city195;165;282;city240;58;13;city179;142;425;city239;86;105;city205;74;380;city50;364;472;city134;459;297;city156;314;242;city238;4;184;city198;306;438;city61;425;356;city183;35;30;city215;25;119;city112
129;city69;466;379;city232;311;55;city267;491;331;city114;185;376;city242
130;city267;328;158;city252;102;326;city259;472;122;city238;305;298;city71;152;45;city55;71;398;city112;467;154;city126;156;226;city96;140;15;city95;449;446;city289;163;334;city255;272;6;city117
143;city285;441;48;city299;245;173;city268;251;124;city207;174;333;city169;127;478;city253;51;394;city173;136;434;city74;348;337;city97;438;183;city211
127;city109;200;135;city168;98;409;city211;19;16;city284
128;city101;97;81;city195;407;307;city234;467;231;city248;123;403;city124;331;489;city169;147;81;city121;337;200;city205;48;288;city216;455;312;city153;373;276;city118;327;396;city84
174;city245;167;259;city116;373;177;city126;238;263;city68;305;143;city293;161;470;city142;82;58;city294;282;185;city114;12;444;city77;342;18;city251;320;214;city171;458;397;city132;110;171;city161
133;city299;232;465;city164;395;498;city107;77;33;city224;487;391;city262;295;165;city62
171;city277;122;382;city163;409;431;city174;368;132;city63;255;360;city212;293;216;city73;475;61;city240;190;377;city267;377;152;city264;476;377;city210;133;4;city297;20;56;city236;63;434;city59
138;city146;420;411;city258;3;127;city166;315;462;city232;465;48;city277;244;111;city129;335;155;city92;208;158;city156;170;109;city231;191;436;city190;354;246;city299;118;422;city63;81;289;city188;107;369;city286;273;213;city136;130;325;city183;309;324;city218;211;59;city196
143;city285;441;48;city299;245;173;city268;251;124;city207;174;333;city169;127;478;city253;51;394;city173;136;434;city74;348;337;city97;438;183;city211
164;city243;188;22;city209
162;city195;467;233;city148;297;5;city293;441;370;city143;213;431;city84;250;147;city56;76;378;city280;475;141;city109
160;city178;445;243;city165;24;398;city103;281;24;city247;345;186;city231;54;27;city205;488;92;city240;201;84;city164;257;284;city214;121;120;city218;123;121;city113;451;388;city196;469;80;city168;346;345;city145;190;98;city256;139;415;city252;473;11;city134
145;city155;39;19;city288
134;city154;31;195;city299;149;252;city194;69;281;city244;358;242;city66;340;316;city129;427;317;city296;19;474;city255;213;51;city181;90;25;city157;32;342;city203;294;180;city109;286;413;city279;317;467;city73;351;44;city97;411;454;city278;246;466;city137
134;city154;31;195;city299;149;252;city194;69;281;city244;358;242;city66;340;316;city129;427;317;city296;19;474;city255;213;51;city181;90;25;city157;32;342;city203;294;180;city109;286;413;city279;317;467;city73;351;44;city97;411;454;city278;246;466;city137
149;city179;109;357;city125;469;87;city270
135;city241;57;319;city171;401;347;city281;426;398;city101;64;479;city295
128;city101;97;81;city195;407;307;city234;467;231;city248;123;403;city124;331;489;city169;147;81;city121;337;200;city205;48;288;city216;455;312;city153;373;276;city118;327;396;city84
161;city113;10;120;city139;135;432;city149;196;175;city89;424;184;city129;172;267;city213;286;411;city239;456;398;city292;280;142;city195;483;258;city299;488;446;city92;101;312;city94;404;33;city78
168;city211;411;463;city264;494;208;city215;469;328;city51;278;225;city137;236;189;city71;467;288;city240;5;44;city161;249;31;city70;392;318;city221;292;133;city69;96;265;city110;373;194;city159;408;256;city174;483;346;city120
173;city159;354;352;city147;411;126;city180;308;261;city263;233;294;city184
137;city215;349;361;city261;106;364;city107;402;404;city117;321;275;city270;193;283;city101;21;69;city235
126;city279;208;178;city186;488;333;city105;441;7;city253;169;85;city248;240;492;city292;457;284;city146;146;201;city182;66;291;city96;70;415;city185;180;218;city160;64;134;city57;106;463;city250;433;315;city71;317;263;city147;334;9939;city142;286;169;city135;411;218;city87
164;city243;188;22;city209
125;city155;279;6;city206;497;447;city117;9;286;city160;444;388;city223;479;431;city79;439;193;city226;412;363;city205;485;116;city262;471;300;city216;29;452;city98;166;124;city78
142;city51;351;176;city207;361;381;city121;181;66;city54;101;83;city84;374;397;city81
160;city178;445;243;city165;24;398;city103;281;24;city247;345;186;city231;54;27;city205;488;92;city240;201;84;city164;257;284;city214;121;120;city218;123;121;city113;451;388;city196;469;80;city168;346;345;city145;190;98;city256;139;415;city252;473;11;city134
145;city155;39;19;city288
125;city155;279;6;city206;497;447;city117;9;286;city160;444;388;city223;479;431;city79;439;193;city226;412;363;city205;485;116;city262;471;300;city216;29;452;city98;166;124;city78
169;city170;168;422;city130;63;173;city213;312;472;city221;335;91;city251;221;251;city176;69;264;city255;13;15;city138;140;296;city165;308;126;city209;399;326;city286;216;212;city189;449;124;city120;223;283;city190;386;223;city216;140;264;city249;131;479;city283
163;city295;141;181;city74;160;238;city75;212;34;city83;316;5;city58;34;115;city265;66;186;city85
163;city295;141;181;city74;160;238;city75;212;34;city83;316;5;city58;34;115;city265;66;186;city85
138;city146;420;411;city258;3;127;city166;315;462;city232;465;48;city277;244;111;city129;335;155;city92;208;158;city156;170;109;city231;191;436;city190;354;246;city299;118;422;city63;81;289;city188;107;369;city286;273;213;city136;130;325;city183;309;324;city218;211;59;city196
147;city286;472;403;city83
163;city295;141;181;city74;160;238;city75;212;34;city83;316;5;city58;34;115;city265;66;186;city85
138;city146;420;411;city258;3;127;city166;315;462;city232;465;48;city277;244;111;city129;335;155;city92;208;158;city156;170;109;city231;191;436;city190;354;246;city299;118;422;city63;81;289;city188;107;369;city286;273;213;city136;130;325;city183;309;324;city218;211;59;city196
140;city119;461;498;city123;48;223;city238
168;city211;411;463;city264;494;208;city215;469;328;city51;278;225;city137;236;189;city71;467;288;city240;5;44;city161;249;31;city70;392;318;city221;292;133;city69;96;265;city110;373;194;city159;408;256;city174;483;346;city120
139;city61;430;209;city136;400;401;city236;103;71;city187;486;405;city126
166;city243;368;212;city63;363;80;city179;108;222;city88;319;63;city52;41;131;city71;304;477;city198;223;223;city127;235;493;city148;216;482;city264;228;17;city186;356;226;city271;304;345;city144;87;44;city194
171;city277;122;382;city163;409;431;city174;368;132;city63;255;360;city212;293;216;city73;475;61;city240;190;377;city267;377;152;city264;476;377;city210;133;4;city297;20;56;city236;63;434;city59
159;city125;434;451;city86;211;173;city275;145;338;city165;4;484;city68;308;46;city246;318;110;city161;146;335;city243;216;9;city94;198;141;city282;379;186;city176;421;48;city66;255;113;city154;484;410;city53;497;458;city205;237;178;city56;104;44;city206;58;73;city186;467;459;city163
132;city231;264;293;city280;90;348;city188;455;149;city152;7;178;city128;268;463;city296;296;185;city56;402;129;city216;253;494;city282;126;267;city294;213;94;city117;314;170;city246;34;294;city235;65;411;city97;158;362;city256;225;150;city133;79;395;city124
160;city178;445;243;city165;24;398;city103;281;24;city247;345;186;city231;54;27;city205;488;92;city240;201;84;city164;257;284;city214;121;120;city218;123;121;city113;451;388;city196;469;80;city168;346;345;city145;190;98;city256;139;415;city252;473;11;city134
129;city69;466;379;city232;311;55;city267;491;331;city114;185;376;city242
133;city299;232;465;city164;395;498;city107;77;33;city224;487;391;city262;295;165;city62
156;city233;93;418;city218;218;249;city87;222;14;city170;10;359;city134;28;354;city69
143;city285;441;48;city299;245;173;city268;251;124;city207;174;333;city169;127;478;city253;51;394;city173;136;434;city74;348;337;city97;438;183;city211
167;city69;244;169;city147;139;397;city286;453;197;city239;130;97;city146;442;91;city178;405;366;city92;92;285;city117;288;335;city125;329;430;city243;109;168;city88;488;283;city83;283;354;city134;82;361;city247;192;279;city126;185;11;city67
162;city195;467;233;city148;297;5;city293;441;370;city143;213;431;city84;250;147;city56;76;378;city280;475;141;city109
162;city195;467;233;city148;297;5;city293;441;370;city143;213;431;city84;250;147;city56;76;378;city280;475;141;city109
138;city146;420;411;city258;3;127;city166;315;462;city232;465;48;city277;244;111;city129;335;155;city92;208;158;city156;170;109;city231;191;436;city190;354;246;city299;118;422;city63;81;289;city188;107;369;city286;273;213;city136;130;325;city183;309;324;city218;211;59;city196
147;city286;472;403;city83
163;city295;141;181;city74;160;238;city75;212;34;city83;316;5;city58;34;115;city265;66;186;city85
133;city299;232;465;city164;395;498;city107;77;33;city224;487;391;city262;295;165;city62
142;city51;351;176;city207;361;381;city121;181;66;city54;101;83;city84;374;397;city81
157;city209;150;482;city155;403;318;city120;43;120;city145;360;259;city270;409;350;city246;270;71;city195;165;282;city240;58;13;city179;142;425;city239;86;105;city205;74;380;city50;364;472;city134;459;297;city156;314;242;city238;4;184;city198;306;438;city61;425;356;city183;35;30;city215;25;119;city112
151;city289;166;216;city272;206;62;city173;118;199;city84;232;343;city121;200;367;city87
160;city178;445;243;city165;24;398;city103;281;24;city247;345;186;city231;54;27;city205;488;92;city240;201;84;city164;257;284;city214;121;120;city218;123;121;city113;451;388;city196;469;80;city168;346;345;city145;190;98;city256;139;415;city252;473;11;city134
149;city179;109;357;city125;469;87;city270
173;city159;354;352;city147;411;126;city180;308;261;city263;233;294;city184
174;city245;167;259;city116;373;177;city126;238;263;city68;305;143;city293;161;470;city142;82;58;city294;282;185;city114;12;444;city77;342;18;city251;320;214;city171;458;397;city132;110;171;city161
155;city267;339;156;city72;285;168;city199;245;163;city281;205;62;city79;464;329;city147;6;354;city187;72;215;city112;178;122;city261;235;46;city210;446;388;city286;276;288;city124;464;77;city190;308;428;city271;139;26;city238;207;2;city161;282;418;city174;352;340;city98;301;291;city260;122;384;city163
170;city293;110;493;city73
148;city153;76;401;city210;212;321;city182;268;420;city139;302;319;city156;480;215;city241;405;283;city274;222;150;city255;89;355;city178;378;150;city66;15;432;city248;182;16;city183;2;43;city258;371;107;city105
171;city277;122;382;city163;409;431;city174;368;132;city63;255;360;city212;293;216;city73;475;61;city240;190;377;city267;377;152;city264;476;377;city210;133;4;city297;20;56;city236;63;434;city59
143;city285;441;48;city299;245;173;city268;251;124;city207;174;333;city169;127;478;city253;51;394;city173;136;434;city74;348;337;city97;438;183;city211
161;city113;10;120;city139;135;432;city149;196;175;city89;424;184;city129;172;267;city213;286;411;city239;456;398;city292;280;142;city195;483;258;city299;488;446;city92;101;312;city94;404;33;city78
139;city61;430;209;city136;400;401;city236;103;71;city187;486;405;city126
