ERROR 2
ERROR 5
ERROR 10
ERROR 12
ERROR 15
ERROR 27
ERROR 28
ERROR 29
ERROR 38
ERROR 40
ERROR 41
ERROR 45
ERROR 47
ERROR 51
ERROR 62
ERROR 65
ERROR 66
ERROR 67
ERROR 72
ERROR 76
ERROR 77
ERROR 81
ERROR 82
ERROR 86
ERROR 88
ERROR 91
ERROR 94
ERROR 95
ERROR 96
ERROR 99
ERROR 108
ERROR 110
ERROR 111
ERROR 112
ERROR 114
ERROR 116
ERROR 119
ERROR 121
ERROR 125
ERROR 126
ERROR 127
ERROR 129
ERROR 131
ERROR 136
ERROR 138
ERROR 139
ERROR 140
ERROR 141
ERROR 142
ERROR 143
ERROR 149
ERROR 153
ERROR 162
ERROR 164
ERROR 165
ERROR 171
ERROR 173
ERROR 175
ERROR 176
ERROR 181
ERROR 182
ERROR 189
ERROR 195
ERROR 200
ERROR 210
ERROR 215
ERROR 217
ERROR 223
ERROR 226
ERROR 227
ERROR 228
ERROR 229
ERROR 230
ERROR 231
ERROR 232
ERROR 235
ERROR 236
ERROR 238
ERROR 239
ERROR 240
ERROR 244
ERROR 248
ERROR 249
ERROR 254
ERROR 256
ERROR 257
ERROR 259
ERROR 262
ERROR 263
ERROR 267
ERROR 271
ERROR 272
ERROR 273
ERROR 276
ERROR 277
ERROR 281
ERROR 285
ERROR 287
ERROR 290
ERROR 291
ERROR 293
ERROR 296
ERROR 298
ERROR 301
ERROR 306
ERROR 307
ERROR 308
ERROR 310
ERROR 311
ERROR 314
ERROR 316
ERROR 317
ERROR 319
ERROR 320
ERROR 323
ERROR 324
ERROR 326
ERROR 328
ERROR 330
ERROR 332
ERROR 333
ERROR 335
ERROR 336
ERROR 338
ERROR 339
ERROR 340
ERROR 341
ERROR 345
ERROR 347
ERROR 349
ERROR 350
ERROR 352
ERROR 354
ERROR 355
ERROR 357
ERROR 358
ERROR 361
ERROR 362
ERROR 363
ERROR 369
ERROR 371
ERROR 372
ERROR 373
ERROR 376
ERROR 377
ERROR 379
ERROR 385
ERROR 393
ERROR 400
ERROR 402
ERROR 403
ERROR 404
ERROR 407
ERROR 408
ERROR 409
ERROR 411
ERROR 412
ERROR 417
ERROR 419
ERROR 421
ERROR 426
ERROR 427
ERROR 430
ERROR 431
ERROR 433
ERROR 434
ERROR 436
ERROR 438
ERROR 443
ERROR 450
ERROR 451
ERROR 454
ERROR 457
ERROR 458
ERROR 460
ERROR 462
ERROR 464
ERROR 468
ERROR 469
ERROR 470
ERROR 471
ERROR 472
ERROR 474
ERROR 475
ERROR 478
ERROR 480
ERROR 481
ERROR 484
ERROR 490
ERROR 491
ERROR 492
ERROR 493
ERROR 497
ERROR 500
ERROR 502
ERROR 503
ERROR 507
ERROR 510
ERROR 514
ERROR 515
ERROR 516
ERROR 518
ERROR 521
ERROR 522
ERROR 523
ERROR 524
ERROR 525
ERROR 527
ERROR 530
ERROR 533
ERROR 538
ERROR 540
ERROR 543
ERROR 546
ERROR 547
ERROR 549
ERROR 551
ERROR 554
ERROR 557
ERROR 559
ERROR 561
ERROR 563
ERROR 565
ERROR 567
ERROR 570
ERROR 571
ERROR 572
ERROR 574
ERROR 579
ERROR 581
ERROR 582
ERROR 584
ERROR 585
ERROR 586
ERROR 587
ERROR 588
ERROR 589
ERROR 590
ERROR 591
ERROR 592
ERROR 594
ERROR 596
ERROR 597
ERROR 598
ERROR 601
ERROR 603
ERROR 605
ERROR 606
ERROR 608
ERROR 613
ERROR 614
ERROR 620
ERROR 623
ERROR 625
ERROR 626
ERROR 628
ERROR 629
ERROR 635
ERROR 639
ERROR 640
ERROR 641
ERROR 642
ERROR 643
ERROR 645
ERROR 647
ERROR 648
ERROR 649
ERROR 650
ERROR 651
ERROR 652
ERROR 653
ERROR 654
ERROR 655
ERROR 658
ERROR 659
ERROR 660
ERROR 662
ERROR 664
ERROR 665
ERROR 666
ERROR 668
ERROR 670
ERROR 671
ERROR 672
ERROR 678
ERROR 679
ERROR 682
ERROR 683
ERROR 684
ERROR 686
ERROR 687
ERROR 688
ERROR 692
ERROR 694
ERROR 696
ERROR 697
ERROR 698
ERROR 701
ERROR 702
ERROR 703
ERROR 704
ERROR 705
ERROR 709
ERROR 712
ERROR 713
ERROR 715
ERROR 717
ERROR 719
ERROR 720
ERROR 721
ERROR 724
ERROR 725
ERROR 726
ERROR 728
ERROR 730
ERROR 731
ERROR 732
ERROR 733
ERROR 735
ERROR 736
ERROR 741
ERROR 742
ERROR 747
ERROR 748
ERROR 749
ERROR 751
ERROR 753
ERROR 754
ERROR 758
ERROR 760
ERROR 761
ERROR 762
ERROR 764
ERROR 767
ERROR 768
ERROR 770
ERROR 771
ERROR 772
ERROR 774
ERROR 775
ERROR 776
ERROR 778
ERROR 782
ERROR 784
ERROR 786
ERROR 787
ERROR 788
ERROR 789
ERROR 790
ERROR 791
ERROR 793
ERROR 797
ERROR 799
ERROR 804
ERROR 808
ERROR 809
ERROR 811
ERROR 813
ERROR 815
ERROR 816
ERROR 819
ERROR 822
ERROR 827
ERROR 828
ERROR 833
ERROR 834
ERROR 835
ERROR 836
ERROR 838
ERROR 839
ERROR 841
ERROR 842
ERROR 843
ERROR 844
ERROR 845
ERROR 847
ERROR 848
ERROR 849
ERROR 850
ERROR 853
ERROR 855
ERROR 856
ERROR 857
ERROR 860
ERROR 861
ERROR 864
ERROR 869
ERROR 871
ERROR 872
ERROR 873
ERROR 874
ERROR 875
ERROR 876
ERROR 877
ERROR 878
ERROR 881
ERROR 882
ERROR 883
ERROR 885
ERROR 886
ERROR 887
ERROR 888
ERROR 892
ERROR 894
ERROR 897
ERROR 898
ERROR 899
ERROR 901
ERROR 902
ERROR 906
ERROR 911
ERROR 913
ERROR 918
ERROR 919
ERROR 920
ERROR 924
ERROR 928
ERROR 931
ERROR 933
ERROR 934
ERROR 936
ERROR 943
ERROR 944
ERROR 945
ERROR 948
ERROR 949
ERROR 950
ERROR 953
ERROR 955
ERROR 956
ERROR 958
ERROR 964
ERROR 967
ERROR 969
ERROR 972
ERROR 974
ERROR 975
ERROR 978
ERROR 979
ERROR 980
ERROR 981
ERROR 982
ERROR 985
ERROR 986
ERROR 987
ERROR 989
ERROR 990
ERROR 991
ERROR 992
ERROR 993
ERROR 994
ERROR 995
ERROR 999
ERROR 1000
ERROR 1001
ERROR 1005
ERROR 1006
ERROR 1007
ERROR 1008
ERROR 1009
ERROR 1012
ERROR 1013
ERROR 1017
ERROR 1018
ERROR 1019
ERROR 1020
ERROR 1022
ERROR 1028
ERROR 1029
ERROR 1030
ERROR 1031
ERROR 1032
ERROR 1035
ERROR 1038
ERROR 1040
ERROR 1041
ERROR 1044
ERROR 1047
ERROR 1048
ERROR 1049
ERROR 1051
ERROR 1052
ERROR 1053
ERROR 1054
ERROR 1057
ERROR 1060
ERROR 1061
ERROR 1062
ERROR 1063
ERROR 1064
ERROR 1065
ERROR 1067
ERROR 1071
ERROR 1072
ERROR 1073
ERROR 1080
ERROR 1083
ERROR 1085
ERROR 1086
ERROR 1088
ERROR 1091
ERROR 1097
ERROR 1098
ERROR 1099
ERROR 1101
ERROR 1104
ERROR 1106
ERROR 1109
ERROR 1112
ERROR 1113
ERROR 1116
ERROR 1119
ERROR 1122
ERROR 1124
ERROR 1125
ERROR 1127
ERROR 1128
ERROR 1130
ERROR 1131
ERROR 1135
ERROR 1140
ERROR 1141
ERROR 1142
ERROR 1145
ERROR 1147
ERROR 1148
ERROR 1151
ERROR 1157
ERROR 1158
ERROR 1162
ERROR 1163
ERROR 1167
ERROR 1169
ERROR 1170
ERROR 1171
ERROR 1174
ERROR 1178
ERROR 1179
ERROR 1183
ERROR 1189
ERROR 1190
ERROR 1192
ERROR 1195
ERROR 1196
ERROR 1197
ERROR 1198
ERROR 1200
ERROR 1202
ERROR 1203
ERROR 1204
ERROR 1208
ERROR 1209
ERROR 1210
ERROR 1211
ERROR 1214
ERROR 1216
ERROR 1217
ERROR 1218
ERROR 1219
ERROR 1222
ERROR 1223
ERROR 1224
ERROR 1226
ERROR 1229
ERROR 1232
ERROR 1234
ERROR 1235
ERROR 1237
ERROR 1238
ERROR 1240
ERROR 1243
ERROR 1250
ERROR 1255
ERROR 1256
ERROR 1258
ERROR 1259
ERROR 1262
ERROR 1266
ERROR 1267
ERROR 1268
ERROR 1269
ERROR 1270
ERROR 1271
ERROR 1273
ERROR 1275
ERROR 1276
ERROR 1277
ERROR 1278
ERROR 1281
ERROR 1284
ERROR 1286
ERROR 1288
ERROR 1291
ERROR 1292
ERROR 1293
ERROR 1295
ERROR 1298
ERROR 1299
ERROR 1301
ERROR 1302
ERROR 1303
ERROR 1306
ERROR 1308
ERROR 1310
ERROR 1311
ERROR 1312
ERROR 1313
ERROR 1314
ERROR 1315
ERROR 1316
ERROR 1317
ERROR 1319
ERROR 1320
ERROR 1322
ERROR 1325
ERROR 1328
ERROR 1330
ERROR 1333
ERROR 1335
ERROR 1338
ERROR 1344
ERROR 1345
ERROR 1346
ERROR 1348
ERROR 1349
ERROR 1350
ERROR 1351
ERROR 1352
ERROR 1354
ERROR 1355
ERROR 1356
ERROR 1358
ERROR 1362
ERROR 1367
ERROR 1368
ERROR 1369
ERROR 1372
ERROR 1375
ERROR 1376
ERROR 1377
ERROR 1378
ERROR 1379
ERROR 1380
ERROR 1381
ERROR 1382
ERROR 1383
ERROR 1386
ERROR 1387
ERROR 1388
ERROR 1392
ERROR 1393
ERROR 1394
ERROR 1396
ERROR 1397
ERROR 1399
ERROR 1401
ERROR 1403
ERROR 1405
ERROR 1408
ERROR 1413
ERROR 1414
ERROR 1416
ERROR 1418
ERROR 1420
ERROR 1422
ERROR 1424
ERROR 1426
ERROR 1430
ERROR 1431
ERROR 1432
ERROR 1433
ERROR 1436
ERROR 1441
ERROR 1442
ERROR 1443
ERROR 1449
ERROR 1452
ERROR 1454
ERROR 1455
ERROR 1456
ERROR 1457
ERROR 1459
ERROR 1463
ERROR 1466
ERROR 1467
ERROR 1469
ERROR 1470
ERROR 1471
ERROR 1472
ERROR 1473
ERROR 1475
ERROR 1476
ERROR 1477
ERROR 1478
ERROR 1480
ERROR 1482
ERROR 1483
ERROR 1484
ERROR 1486
ERROR 1487
ERROR 1488
ERROR 1492
ERROR 1494
ERROR 1495
ERROR 1498
ERROR 1499
ERROR 1503
ERROR 1505
ERROR 1507
ERROR 1508
ERROR 1509
ERROR 1511
ERROR 1512
ERROR 1513
ERROR 1515
ERROR 1519
ERROR 1520
ERROR 1523
ERROR 1524
ERROR 1526
ERROR 1527
ERROR 1531
ERROR 1532
ERROR 1535
ERROR 1536
ERROR 1542
ERROR 1543
ERROR 1544
ERROR 1545
ERROR 1546
ERROR 1547
ERROR 1549
ERROR 1550
ERROR 1554
ERROR 1556
ERROR 1557
ERROR 1558
ERROR 1560
ERROR 1561
ERROR 1562
ERROR 1563
ERROR 1564
ERROR 1567
ERROR 1568
ERROR 1570
ERROR 1571
ERROR 1572
ERROR 1574
ERROR 1575
ERROR 1576
ERROR 1577
ERROR 1580
ERROR 1581
ERROR 1583
ERROR 1584
ERROR 1585
ERROR 1586
ERROR 1588
ERROR 1589
ERROR 1591
ERROR 1594
ERROR 1595
ERROR 1596
ERROR 1602
ERROR 1604
ERROR 1606
ERROR 1609
ERROR 1611
ERROR 1613
ERROR 1615
ERROR 1618
ERROR 1621
ERROR 1623
ERROR 1625
ERROR 1629
ERROR 1630
ERROR 1633
ERROR 1635
ERROR 1637
ERROR 1638
ERROR 1639
ERROR 1641
ERROR 1643
ERROR 1645
ERROR 1646
ERROR 1651
ERROR 1653
ERROR 1654
ERROR 1656
ERROR 1659
ERROR 1660
ERROR 1661
ERROR 1663
ERROR 1667
ERROR 1669
ERROR 1670
ERROR 1671
ERROR 1674
ERROR 1675
ERROR 1676
ERROR 1678
ERROR 1680
ERROR 1682
ERROR 1683
ERROR 1685
ERROR 1686
ERROR 1688
ERROR 1694
ERROR 1697
ERROR 1698
ERROR 1702
ERROR 1704
ERROR 1707
ERROR 1710
ERROR 1714
ERROR 1718
ERROR 1720
ERROR 1721
ERROR 1725
ERROR 1729
ERROR 1733
ERROR 1734
ERROR 1735
ERROR 1737
ERROR 1740
ERROR 1743
ERROR 1746
ERROR 1748
ERROR 1749
ERROR 1751
ERROR 1761
ERROR 1763
ERROR 1765
ERROR 1766
ERROR 1767
ERROR 1768
ERROR 1769
ERROR 1770
ERROR 1772
ERROR 1773
ERROR 1774
