








125;city120;430;456;city52;232;288;city145;326;415;city92;433;219;city242;220;237;city109;294;38;city204;443;45;city266;105;370;city128;412;66;city285;88;367;city290;468;5;city276;141;417;city77;324;233;city211;373;440;city100


156;city209;276;339;city270;265;245;city272;149;267;city247;421;403;city113;414;255;city103;237;98;city140;141;448;city175;129;128;city53;239;147;city157;286;433;city51;242;208;city245;222;425;city135;77;36;city72;352;130;city115;431;21;city218;283;349;city62;484;257;city219;334;70;city144;418;244;city253




159;city277;13;350;city192;275;145;city177;191;321;city113;11;254;city62;367;355;city252;468;472;city220;227;159;city285;118;302;city114;163;136;city295







141;city207;87;178;city221;361;320;city165;252;398;city150;3;8;city252;387;239;city213

125;city120;430;456;city52;232;288;city145;326;415;city92;433;219;city242;220;237;city109;294;38;city204;443;45;city266;105;370;city128;412;66;city285;88;367;city290;468;5;city276;141;417;city77;324;233;city211;373;440;city100








128;city287;194;328;city171;321;51;city134;238;8;city281;369;120;city233;202;169;city181;326;2;city152;444;220;city149;63;288;city83;123;312;city270;215;491;city234;363;158;city175;105;276;city54;146;356;city100;253;445;city246;128;484;city215;428;497;city203;223;381;city256;351;282;city150



146;city77;192;274;city287;235;390;city81;158;22;city130;496;105;city88;431;278;city67
150;city107;202;140;city51;181;137;city231;78;187;city278;92;182;city252;328;137;city52;203;71;city130;364;383;city203;67;189;city276

168;city140;219;248;city254;262;68;city176;461;246;city223;371;30;city264;15;462;city161;153;20;city261;48;264;city265;295;473;city118;233;486;city111;175;330;city248;11;207;city153;473;388;city73;176;500;city53;432;196;city135;50;364;city219;133;461;city200;455;251;city262

156;city209;276;339;city270;265;245;city272;149;267;city247;421;403;city113;414;255;city103;237;98;city140;141;448;city175;129;128;city53;239;147;city157;286;433;city51;242;208;city245;222;425;city135;77;36;city72;352;130;city115;431;21;city218;283;349;city62;484;257;city219;334;70;city144;418;244;city253
156;city209;276;339;city270;265;245;city272;149;267;city247;421;403;city113;414;255;city103;237;98;city140;141;448;city175;129;128;city53;239;147;city157;286;433;city51;242;208;city245;222;425;city135;77;36;city72;352;130;city115;431;21;city218;283;349;city62;484;257;city219;334;70;city144;418;244;city253
149;city276;484;440;city174;320;382;city50;118;384;city243;142;222;city53;447;197;city94;360;172;city172;389;340;city179;6;251;city201;385;19;city140;391;332;city214;110;86;city169;161;182;city67;206;199;city278;25;130;city80;352;411;city193;270;261;city86;477;319;city293;484;263;city289
174;city219;112;85;city188;299;319;city104;208;78;city150;444;407;city127


159;city277;13;350;city192;275;145;city177;191;321;city113;11;254;city62;367;355;city252;468;472;city220;227;159;city285;118;302;city114;163;136;city295
132;city215;323;450;city269;66;375;city256;367;15;city205;319;350;city185;284;68;city178;475;276;city145
128;city287;194;328;city171;321;51;city134;238;8;city281;369;120;city233;202;169;city181;326;2;city152;444;220;city149;63;288;city83;123;312;city270;215;491;city234;363;158;city175;105;276;city54;146;356;city100;253;445;city246;128;484;city215;428;497;city203;223;381;city256;351;282;city150
136;city117;356;114;city109;116;271;city95;354;6;city266;26;195;city183;224;380;city161;136;31;city120;91;23;city90;421;305;city285;202;425;city55;154;438;city292;185;93;city141;114;148;city135;436;347;city222;261;13;city263
163;city91;435;237;city274;350;276;city147;3;205;city121;494;219;city271;391;399;city256;206;142;city105;487;423;city229;261;205;city207;321;448;city234;138;442;city59;164;163;city183;68;76;city87;153;230;city69;342;226;city53;382;388;city230;427;23;city184


142;city95;253;161;city113;285;498;city201;376;103;city223;227;178;city226;343;205;city225;459;94;city153;83;29;city164;208;287;city154

173;city54;473;242;city86;226;311;city216;280;203;city244;462;181;city282;367;281;city187;303;42;city154;207;222;city74;163;458;city260;62;356;city231;206;226;city73;380;77;city248;391;328;city151;390;416;city149;62;4;city222
129;city199;372;100;city201;429;7;city281;155;237;city246;462;294;city188;38;405;city207;318;153;city249;488;101;city269;26;3;city137;194;122;city57;165;317;city256;53;492;city198;64;367;city100;161;243;city62;337;90;city270;440;236;city170;203;394;city254;194;428;city223;356;15;city131

164;city136;31;488;city56;106;109;city111;348;390;city284;2;144;city227;167;448;city51;66;330;city81;381;444;city153;202;340;city297;97;396;city174;9;179;city194;405;336;city212;444;285;city216;85;303;city273;337;273;city164;39;46;city142

143;city245;2;431;city121;473;458;city64;134;383;city264;32;290;city235;381;227;city169;185;142;city56;131;427;city58;373;319;city141;395;150;city193;59;366;city195;375;39;city86;384;356;city279;355;329;city105;446;478;city117;494;150;city148;23;55;city271;172;245;city72;370;124;city274

149;city276;484;440;city174;320;382;city50;118;384;city243;142;222;city53;447;197;city94;360;172;city172;389;340;city179;6;251;city201;385;19;city140;391;332;city214;110;86;city169;161;182;city67;206;199;city278;25;130;city80;352;411;city193;270;261;city86;477;319;city293;484;263;city289
125;city120;430;456;city52;232;288;city145;326;415;city92;433;219;city242;220;237;city109;294;38;city204;443;45;city266;105;370;city128;412;66;city285;88;367;city290;468;5;city276;141;417;city77;324;233;city211;373;440;city100
128;city287;194;328;city171;321;51;city134;238;8;city281;369;120;city233;202;169;city181;326;2;city152;444;220;city149;63;288;city83;123;312;city270;215;491;city234;363;158;city175;105;276;city54;146;356;city100;253;445;city246;128;484;city215;428;497;city203;223;381;city256;351;282;city150
125;city120;430;456;city52;232;288;city145;326;415;city92;433;219;city242;220;237;city109;294;38;city204;443;45;city266;105;370;city128;412;66;city285;88;367;city290;468;5;city276;141;417;city77;324;233;city211;373;440;city100
128;city287;194;328;city171;321;51;city134;238;8;city281;369;120;city233;202;169;city181;326;2;city152;444;220;city149;63;288;city83;123;312;city270;215;491;city234;363;158;city175;105;276;city54;146;356;city100;253;445;city246;128;484;city215;428;497;city203;223;381;city256;351;282;city150
133;city264;82;344;city154;94;282;city221;437;442;city80;331;241;city110;210;280;city229;500;414;city283;128;452;city60;464;442;city152;32;132;city191;36;103;city63;219;12;city53;296;351;city169;166;278;city140;155;332;city190;368;441;city217;337;126;city77;11;83;city123;125;176;city247;317;455;city107
156;city209;276;339;city270;265;245;city272;149;267;city247;421;403;city113;414;255;city103;237;98;city140;141;448;city175;129;128;city53;239;147;city157;286;433;city51;242;208;city245;222;425;city135;77;36;city72;352;130;city115;431;21;city218;283;349;city62;484;257;city219;334;70;city144;418;244;city253
172;city192;467;396;city82;447;277;city226;75;223;city194;129;320;city173;450;115;city250;51;126;city187;299;434;city209;128;3;city281;170;73;city86;160;461;city239;247;389;city174;118;113;city267;488;355;city289;35;391;city105;40;4;city144;254;83;city168;333;429;city149
127;city154;316;390;city268;298;248;city92;196;77;city180;181;415;city66;395;67;city270;467;175;city181;286;155;city259;262;114;city185;279;80;city159;44;9;city143;484;77;city166

138;city198;415;265;city206;412;340;city177;239;427;city217;292;28;city159;208;264;city240;45;202;city297;500;343;city175;83;342;city263;288;117;city189;371;68;city61;110;239;city77;266;198;city106
171;city127;323;29;city160;187;19;city97;375;266;city182;391;465;city62
173;city54;473;242;city86;226;311;city216;280;203;city244;462;181;city282;367;281;city187;303;42;city154;207;222;city74;163;458;city260;62;356;city231;206;226;city73;380;77;city248;391;328;city151;390;416;city149;62;4;city222
147;city196;108;160;city221;472;36;city173;124;403;city246;325;316;city71;62;324;city201;214;155;city176;500;117;city69;353;350;city67;283;484;city212;145;241;city272;119;141;city188
140;city64;496;325;city240;369;130;city293;320;476;city294;118;236;city145;214;284;city231;105;153;city100;157;5;city234;68;32;city74;432;33;city252;85;280;city266;383;325;city179
133;city264;82;344;city154;94;282;city221;437;442;city80;331;241;city110;210;280;city229;500;414;city283;128;452;city60;464;442;city152;32;132;city191;36;103;city63;219;12;city53;296;351;city169;166;278;city140;155;332;city190;368;441;city217;337;126;city77;11;83;city123;125;176;city247;317;455;city107
132;city215;323;450;city269;66;375;city256;367;15;city205;319;350;city185;284;68;city178;475;276;city145

150;city107;202;140;city51;181;137;city231;78;187;city278;92;182;city252;328;137;city52;203;71;city130;364;383;city203;67;189;city276
156;city209;276;339;city270;265;245;city272;149;267;city247;421;403;city113;414;255;city103;237;98;city140;141;448;city175;129;128;city53;239;147;city157;286;433;city51;242;208;city245;222;425;city135;77;36;city72;352;130;city115;431;21;city218;283;349;city62;484;257;city219;334;70;city144;418;244;city253

144;city130;132;152;city281;436;281;city185;279;107;city229;156;342;city85;169;153;city136;70;214;city210;480;381;city69;398;38;city126;492;450;city54;311;481;city219
160;city93;360;271;city66;431;413;city264;411;152;city254;15;167;city207;87;49;city265;499;315;city288;281;5;city107;386;57;city285;173;181;city243;444;189;city109;388;381;city213
162;city285;227;64;city242;469;481;city145;500;464;city70;379;140;city218
172;city192;467;396;city82;447;277;city226;75;223;city194;129;320;city173;450;115;city250;51;126;city187;299;434;city209;128;3;city281;170;73;city86;160;461;city239;247;389;city174;118;113;city267;488;355;city289;35;391;city105;40;4;city144;254;83;city168;333;429;city149
130;city274;134;290;city167;50;246;city196;433;39;city235;248;50;city188;218;140;city157;265;278;city222;295;239;city249;220;240;city260;10;447;city165;160;404;city261
159;city277;13;350;city192;275;145;city177;191;321;city113;11;254;city62;367;355;city252;468;472;city220;227;159;city285;118;302;city114;163;136;city295
130;city274;134;290;city167;50;246;city196;433;39;city235;248;50;city188;218;140;city157;265;278;city222;295;239;city249;220;240;city260;10;447;city165;160;404;city261
155;city124;83;345;city144;489;355;city111;359;500;city201;14;321;city191;2;252;city175;469;226;city103
144;city130;132;152;city281;436;281;city185;279;107;city229;156;342;city85;169;153;city136;70;214;city210;480;381;city69;398;38;city126;492;450;city54;311;481;city219
173;city54;473;242;city86;226;311;city216;280;203;city244;462;181;city282;367;281;city187;303;42;city154;207;222;city74;163;458;city260;62;356;city231;206;226;city73;380;77;city248;391;328;city151;390;416;city149;62;4;city222
152;city258;231;81;city262;432;491;city132;365;306;city87
129;city199;372;100;city201;429;7;city281;155;237;city246;462;294;city188;38;405;city207;318;153;city249;488;101;city269;26;3;city137;194;122;city57;165;317;city256;53;492;city198;64;367;city100;161;243;city62;337;90;city270;440;236;city170;203;394;city254;194;428;city223;356;15;city131
174;city219;112;85;city188;299;319;city104;208;78;city150;444;407;city127
156;city209;276;339;city270;265;245;city272;149;267;city247;421;403;city113;414;255;city103;237;98;city140;141;448;city175;129;128;city53;239;147;city157;286;433;city51;242;208;city245;222;425;city135;77;36;city72;352;130;city115;431;21;city218;283;349;city62;484;257;city219;334;70;city144;418;244;city253


172;city192;467;396;city82;447;277;city226;75;223;city194;129;320;city173;450;115;city250;51;126;city187;299;434;city209;128;3;city281;170;73;city86;160;461;city239;247;389;city174;118;113;city267;488;355;city289;35;391;city105;40;4;city144;254;83;city168;333;429;city149
173;city54;473;242;city86;226;311;city216;280;203;city244;462;181;city282;367;281;city187;303;42;city154;207;222;city74;163;458;city260;62;356;city231;206;226;city73;380;77;city248;391;328;city151;390;416;city149;62;4;city222
145;city260;276;2;city80;154;118;city145;496;336;city297;233;23;city275;192;285;city282;388;431;city193;28;108;city231;393;134;city116;28;496;city61
145;city260;276;2;city80;154;118;city145;496;336;city297;233;23;city275;192;285;city282;388;431;city193;28;108;city231;393;134;city116;28;496;city61
155;city124;83;345;city144;489;355;city111;359;500;city201;14;321;city191;2;252;city175;469;226;city103
150;city107;202;140;city51;181;137;city231;78;187;city278;92;182;city252;328;137;city52;203;71;city130;364;383;city203;67;189;city276

141;city207;87;178;city221;361;320;city165;252;398;city150;3;8;city252;387;239;city213
140;city64;496;325;city240;369;130;city293;320;476;city294;118;236;city145;214;284;city231;105;153;city100;157;5;city234;68;32;city74;432;33;city252;85;280;city266;383;325;city179
126;city66;254;67;city215;417;294;city210;63;476;city275;294;80;city92;253;94;city54;142;331;city96
142;city95;253;161;city113;285;498;city201;376;103;city223;227;178;city226;343;205;city225;459;94;city153;83;29;city164;208;287;city154
127;city154;316;390;city268;298;248;city92;196;77;city180;181;415;city66;395;67;city270;467;175;city181;286;155;city259;262;114;city185;279;80;city159;44;9;city143;484;77;city166
164;city136;31;488;city56;106;109;city111;348;390;city284;2;144;city227;167;448;city51;66;330;city81;381;444;city153;202;340;city297;97;396;city174;9;179;city194;405;336;city212;444;285;city216;85;303;city273;337;273;city164;39;46;city142
135;city296;245;204;city244;221;360;city251;389;371;city274;399;462;city271;58;74;city77;492;227;city254;66;139;city73;465;284;city71;459;357;city101;77;72;city261;17;212;city212;177;436;city294;72;28;city186;231;186;city295;499;289;city55

126;city66;254;67;city215;417;294;city210;63;476;city275;294;80;city92;253;94;city54;142;331;city96
129;city199;372;100;city201;429;7;city281;155;237;city246;462;294;city188;38;405;city207;318;153;city249;488;101;city269;26;3;city137;194;122;city57;165;317;city256;53;492;city198;64;367;city100;161;243;city62;337;90;city270;440;236;city170;203;394;city254;194;428;city223;356;15;city131
141;city207;87;178;city221;361;320;city165;252;398;city150;3;8;city252;387;239;city213
133;city264;82;344;city154;94;282;city221;437;442;city80;331;241;city110;210;280;city229;500;414;city283;128;452;city60;464;442;city152;32;132;city191;36;103;city63;219;12;city53;296;351;city169;166;278;city140;155;332;city190;368;441;city217;337;126;city77;11;83;city123;125;176;city247;317;455;city107
143;city245;2;431;city121;473;458;city64;134;383;city264;32;290;city235;381;227;city169;185;142;city56;131;427;city58;373;319;city141;395;150;city193;59;366;city195;375;39;city86;384;356;city279;355;329;city105;446;478;city117;494;150;city148;23;55;city271;172;245;city72;370;124;city274
142;city95;253;161;city113;285;498;city201;376;103;city223;227;178;city226;343;205;city225;459;94;city153;83;29;city164;208;287;city154
130;city274;134;290;city167;50;246;city196;433;39;city235;248;50;city188;218;140;city157;265;278;city222;295;239;city249;220;240;city260;10;447;city165;160;404;city261
153;city297;153;314;city268;286;202;city299;100;162;city229;399;435;city66;407;454;city269;270;13;city210;58;12;city142;369;463;city184;9;494;city203;316;22;city67

170;city180;262;172;city121
171;city127;323;29;city160;187;19;city97;375;266;city182;391;465;city62
134;city231;134;425;city136;48;171;city212;171;447;city247;159;254;city199;40;22;city143;489;437;city286;496;298;city238;449;175;city258;250;3;city224;432;433;city155;124;397;city251;450;211;city254;421;213;city253;270;29;city227;167;317;city144;412;45;city259;340;309;city223;104;272;city273;76;63;city287

151;city203;174;322;city253;487;264;city88;430;144;city110;479;428;city228;440;386;city238;217;259;city200;34;107;city291;168;434;city190;446;144;city286;234;496;city276;22;324;city167;497;15;city212;356;318;city99
153;city297;153;314;city268;286;202;city299;100;162;city229;399;435;city66;407;454;city269;270;13;city210;58;12;city142;369;463;city184;9;494;city203;316;22;city67
137;city196;435;372;city78;292;355;city70;437;326;city55;113;199;city202
127;city154;316;390;city268;298;248;city92;196;77;city180;181;415;city66;395;67;city270;467;175;city181;286;155;city259;262;114;city185;279;80;city159;44;9;city143;484;77;city166
128;city287;194;328;city171;321;51;city134;238;8;city281;369;120;city233;202;169;city181;326;2;city152;444;220;city149;63;288;city83;123;312;city270;215;491;city234;363;158;city175;105;276;city54;146;356;city100;253;445;city246;128;484;city215;428;497;city203;223;381;city256;351;282;city150
150;city107;202;140;city51;181;137;city231;78;187;city278;92;182;city252;328;137;city52;203;71;city130;364;383;city203;67;189;city276
145;city260;276;2;city80;154;118;city145;496;336;city297;233;23;city275;192;285;city282;388;431;city193;28;108;city231;393;134;city116;28;496;city61
145;city260;276;2;city80;154;118;city145;496;336;city297;233;23;city275;192;285;city282;388;431;city193;28;108;city231;393;134;city116;28;496;city61
152;city258;231;81;city262;432;491;city132;365;306;city87

146;city77;192;274;city287;235;390;city81;158;22;city130;496;105;city88;431;278;city67
151;city203;174;322;city253;487;264;city88;430;144;city110;479;428;city228;440;386;city238;217;259;city200;34;107;city291;168;434;city190;446;144;city286;234;496;city276;22;324;city167;497;15;city212;356;318;city99

132;city215;323;450;city269;66;375;city256;367;15;city205;319;350;city185;284;68;city178;475;276;city145

158;city102;305;235;city54;328;60;city165;143;435;city253;317;186;city271;83;208;city110;174;460;city191;415;415;city50;91;393;city240
166;city78;414;464;city294;477;316;city138;387;369;city117;427;412;city139;205;415;city278;48;349;city125;476;403;city62;389;338;city75;173;498;city136;321;474;city197;463;231;city209;88;488;city70;224;391;city289;69;472;city134;155;350;city184;451;448;city162
141;city207;87;5866;city221;361;320;city165;252;398;city150;3;8;city252;387;239;city213
152;city258;231;81;city262;432;491;city132;365;306;city87
171;city127;323;29;city160;187;19;city97;375;266;city182;391;465;city62
170;city180;262;172;city121
128;city287;194;328;city171;321;51;city134;238;8;city281;369;120;city233;202;169;city181;326;2;city152;444;220;city149;63;288;city83;123;312;city270;215;491;city234;363;158;city175;105;276;city54;146;356;city100;253;445;city246;128;484;city215;428;497;city203;223;381;city256;351;282;city150
167;city92;37;176;city108;71;343;city224;384;348;city137;260;202;city62;129;392;city94
148;city115;417;251;city53;38;228;city120;250;98;city288;462;64;city257;330;103;city267;430;135;city162;78;169;city241;258;353;city246;492;420;city271
158;city102;305;235;city54;328;60;city165;143;435;city253;317;186;city271;83;208;city110;174;460;city191;415;415;city50;91;393;city240
156;city209;276;339;city270;265;245;city272;149;267;city247;421;403;city113;414;255;city103;237;98;city140;141;448;city175;129;128;city53;239;147;city157;286;433;city51;242;208;city245;222;425;city135;77;36;city72;352;130;city115;431;21;city218;283;349;city62;484;257;city219;334;70;city144;418;244;city253
171;city127;323;29;city160;187;19;city97;375;266;city182;391;465;city62
135;city296;245;204;city244;221;360;city251;389;371;city274;399;462;city271;58;74;city77;492;227;city254;66;139;city73;465;284;city71;459;357;city101;77;72;city261;17;212;city212;177;436;city294;72;28;city186;231;186;city295;499;289;city55
140;city64;496;325;city240;369;130;city293;320;476;city294;118;236;city145;214;284;city231;105;153;city100;157;5;city234;68;32;city74;432;33;city252;85;280;city266;383;325;city179
133;city264;82;344;city154;94;282;city221;437;442;city80;331;241;city110;210;280;city229;500;414;city283;128;452;city60;464;442;city152;32;132;city191;36;103;city63;219;12;city53;296;351;city169;166;278;city140;155;332;city190;368;441;city217;337;126;city77;11;83;city123;125;176;city247;317;455;city107
134;city231;134;425;city136;48;171;city212;171;447;city247;159;254;city199;40;22;city143;489;437;city286;496;298;city238;449;175;city258;250;3;city224;432;433;city155;124;397;city251;450;211;city254;421;213;city253;270;29;city227;167;317;city144;412;45;city259;340;309;city223;104;272;city273;76;63;city287
133;city264;82;344;city154;94;282;city221;437;442;city80;331;241;city110;210;280;city229;500;414;city283;128;452;city60;464;442;city152;32;132;city191;36;103;city63;219;12;city53;296;351;city169;166;278;city140;155;332;city190;368;441;city217;337;126;city77;11;83;city123;125;176;city247;317;455;city107
156;city209;276;339;city270;265;245;city272;149;267;city247;421;403;city113;414;255;city103;237;98;city140;141;448;city175;129;128;city53;239;147;city157;286;433;city51;242;208;city245;222;425;city135;77;36;city72;352;130;city115;431;21;city218;283;349;city62;484;257;city219;334;70;city144;418;244;city253
158;city102;305;235;city54;328;60;city165;143;435;city253;317;186;city271;83;208;city110;174;460;city191;415;415;city50;91;393;city240
161;city120;275;172;city155
134;city231;134;425;city136;48;171;city212;171;447;city247;159;254;city199;40;22;city143;489;437;city286;496;298;city238;449;175;city258;250;3;city224;432;433;city155;124;397;city251;450;211;city254;421;213;city253;270;29;city227;167;317;city144;412;45;city259;340;309;city223;104;272;city273;76;63;city287
125;city120;430;456;city52;232;288;city145;326;415;city92;433;219;city242;220;237;city109;294;38;city204;443;45;city266;105;370;city128;412;66;city285;88;367;city290;468;5;city276;141;417;city77;324;233;city211;373;440;city100
130;city274;134;290;city167;50;246;city196;433;39;city235;248;50;city188;218;140;city157;265;278;city222;295;239;city249;220;240;city260;10;447;city165;160;404;city261
149;city276;484;440;city174;320;382;city50;118;384;city243;142;222;city53;447;197;city94;360;172;city172;389;340;city179;6;251;city201;385;19;city140;391;332;city214;110;86;city169;161;182;city67;206;199;city278;25;130;city80;352;411;city193;270;261;city86;477;319;city293;484;263;city289
138;city198;415;265;city206;412;340;city177;239;427;city217;292;28;city159;208;264;city240;45;202;city297;500;343;city175;83;342;city263;288;117;city189;371;68;city61;110;239;city77;266;198;city106
174;city219;112;85;city188;299;319;city104;208;78;city150;444;407;city127
160;city93;360;271;city66;431;413;city264;411;152;city254;15;167;city207;87;49;city265;499;315;city288;281;5;city107;386;57;city285;173;181;city243;444;189;city109;388;381;city213
140;city64;496;325;city240;369;130;city293;320;476;city294;118;236;city145;214;284;city231;105;153;city100;157;5;city234;68;32;city74;432;33;city252;85;280;city266;383;325;city179
173;city54;473;242;city86;226;311;city216;280;203;city244;462;181;city282;367;281;city187;303;42;city154;207;222;city74;163;458;city260;62;356;city231;206;226;city73;380;77;city248;391;328;city151;390;416;city149;62;4;city222
145;city260;276;2;city80;154;118;city145;496;336;city297;233;23;city275;192;285;city282;388;431;city193;28;108;city231;393;134;city116;28;496;city61
170;city180;262;172;city121
149;city276;484;440;city174;320;382;city50;118;384;city243;142;222;city53;447;197;city94;360;172;city172;389;340;city179;6;251;city201;385;19;city140;391;332;city214;110;86;city169;161;182;city67;206;199;city278;25;130;city80;352;411;city193;270;261;city86;477;319;city293;484;263;city289
127;city154;316;390;city268;298;248;city92;196;77;city180;181;415;city66;395;67;city270;467;175;city181;286;155;city259;262;114;city185;279;80;city159;44;9;city143;484;77;city166
164;city136;31;488;city56;106;109;city111;348;390;city284;2;144;city227;167;448;city51;66;330;city81;381;444;city153;202;340;city297;97;396;city174;9;179;city194;405;336;city212;444;285;city216;85;303;city273;337;273;city164;39;46;city142
146;city77;192;274;city287;235;390;city81;158;22;city130;496;105;city88;431;278;city67
158;city102;305;235;city54;328;60;city165;143;435;city253;317;186;city271;83;208;city110;174;460;city191;415;415;city50;91;393;city240
139;city253;61;47;city258;74;414;city67;389;268;city155;412;258;city69;468;288;city71;228;64;city288;223;150;city234;353;437;city235;466;434;city123;177;413;city228;473;179;city64;371;185;city130
139;city253;61;47;city258;74;414;city67;389;268;city155;412;258;city69;468;288;city71;228;64;city288;223;150;city234;353;437;city235;466;434;city123;177;413;city228;473;179;city64;371;185;city130
152;city258;231;81;city262;432;491;city132;365;306;city87
129;city199;372;100;city201;429;7;city281;155;237;city246;462;294;city188;38;405;city207;318;153;city249;488;101;city269;26;3;city137;194;122;city57;165;317;city256;53;492;city198;64;367;city100;161;243;city62;337;90;city270;440;236;city170;203;394;city254;194;428;city223;356;15;city131
159;city277;13;350;city192;275;145;city177;191;321;city113;11;254;city62;367;355;city252;468;472;city220;227;159;city285;118;302;city114;163;136;city295
127;city154;316;390;city268;298;248;city92;196;77;city180;181;415;city66;395;67;city270;467;175;city181;286;155;city259;262;114;city185;279;80;city159;44;9;city143;484;77;city166
142;city95;253;161;city113;285;498;city201;376;103;city223;227;178;city226;343;205;city225;459;94;city153;83;29;city164;208;287;city154
145;city260;276;2;city80;154;118;city145;496;336;city297;233;23;city275;192;285;city282;388;431;city193;28;108;city231;393;134;city116;28;496;city61
125;city120;430;456;city52;232;288;city145;326;415;city92;433;219;city242;220;237;city109;294;38;city204;443;45;city266;105;370;city128;412;66;city285;88;367;city290;468;5;city276;141;417;city77;324;233;city211;373;440;city100
134;city231;134;425;city136;48;171;city212;171;447;city247;159;254;city199;40;22;city143;489;437;city286;496;298;city238;449;175;city258;250;3;city224;432;433;city155;124;397;city251;450;211;city254;421;213;city253;270;29;city227;167;317;city144;412;45;city259;340;309;city223;104;272;city273;76;63;city287
163;city91;435;237;city274;350;276;city147;3;205;city121;494;219;city271;391;399;city256;206;142;city105;487;423;city229;261;205;city207;321;448;city234;138;442;city59;164;163;city183;68;76;city87;153;230;city69;342;226;city53;382;388;city230;427;23;city184
142;city95;253;161;city113;285;498;city201;376;103;city223;227;178;city226;343;205;city225;459;94;city153;83;29;city164;208;287;city154
162;city285;227;64;city242;469;481;city145;500;464;city70;379;140;city218
155;city124;83;345;city144;489;355;city111;359;500;city201;14;321;city191;2;252;city175;469;226;city103
155;city124;83;345;city144;489;355;city111;359;500;city201;14;321;city191;2;252;city175;469;226;city103
126;city66;254;67;city215;417;294;city210;63;476;city275;294;80;city92;253;94;city54;142;331;city96
127;city154;316;390;city268;298;248;city92;196;77;city180;181;415;city66;395;67;city270;467;175;city181;286;155;city259;262;114;city185;279;80;city159;44;9;city143;484;77;city166
163;city91;435;237;city274;350;276;city147;3;205;city121;494;219;city271;391;399;city256;206;142;city105;487;423;city229;261;205;city207;321;448;city234;138;442;city59;164;163;city183;68;76;city87;153;230;city69;342;226;city53;382;388;city230;427;23;city184
158;city102;305;235;city54;328;60;city165;143;435;city253;317;186;city271;83;208;city110;174;460;city191;415;415;city50;91;393;city240
125;city120;430;456;city52;232;288;city145;326;415;city92;433;219;city242;220;237;city109;294;38;city204;443;45;city266;105;370;city128;412;66;city285;88;367;city290;468;5;city276;141;417;city77;324;233;city211;373;440;city100
127;city154;316;390;city268;298;248;city92;196;77;city180;181;415;city66;395;67;city270;467;175;city181;286;155;city259;262;114;city185;279;80;city159;44;9;city143;484;77;city166
174;city219;112;85;city188;299;319;city104;208;78;city150;444;407;city127
174;city219;112;85;city188;299;319;city104;208;78;city150;444;407;city127
126;city66;254;67;city215;417;294;city210;63;476;city275;294;80;city92;253;94;city54;142;331;city96
155;city124;83;345;city144;489;355;city111;359;500;city201;14;321;city191;2;252;city175;469;226;city103
151;city203;174;322;city253;487;264;city88;430;144;city110;479;428;city228;440;386;city238;217;259;city200;34;107;city291;168;434;city190;446;144;city286;234;496;city276;22;324;city167;497;15;city212;356;318;city99
173;city54;473;242;city86;226;311;city216;280;203;city244;462;181;city282;367;281;city187;303;42;city154;207;222;city74;163;458;city260;62;356;city231;206;226;city73;380;77;city248;391;328;city151;390;416;city149;62;4;city222
129;city199;372;100;city201;429;7;city281;155;237;city246;462;294;city188;38;405;city207;318;153;city249;488;101;city269;26;3;city137;194;122;city57;165;317;city256;53;492;city198;64;367;city100;161;243;city62;337;90;city270;440;236;city170;203;394;city254;194;428;city223;356;15;city131
148;city115;417;251;city53;38;228;city120;250;98;city288;462;64;city257;330;103;city267;430;135;city162;78;169;city241;258;353;city246;492;420;city271
151;city203;174;322;city253;487;264;city88;430;144;city110;479;428;city228;440;386;city238;217;259;city200;34;107;city291;168;434;city190;446;144;city286;234;496;city276;22;324;city167;497;15;city212;356;318;city99
139;city253;61;47;city258;74;414;city67;389;268;city155;412;258;city69;468;288;city71;228;64;city288;223;150;city234;353;437;city235;466;434;city123;177;413;city228;473;179;city64;371;185;city130
140;city64;496;325;city240;369;130;city293;320;476;city294;118;236;city145;214;284;city231;105;153;city100;157;5;city234;68;32;city74;432;33;city252;85;280;city266;383;325;city179
165;city211;369;432;city103;352;8;city154;88;147;city201;82;274;city275;63;152;city278;232;486;city204;450;386;city298;315;479;city208;202;184;city228;500;233;city205;181;455;city169;126;392;city60;419;355;city167;453;300;city202;196;248;city127;410;22;city138
145;city260;276;2;city80;154;118;city145;496;336;city297;233;23;city275;192;285;city282;388;431;city193;28;108;city231;393;134;city116;28;496;city61
174;city219;112;85;city188;299;319;city104;208;78;city150;444;407;city127
129;city199;372;100;city201;429;7;city281;155;237;city246;462;294;city188;38;405;city207;318;153;city249;488;101;city269;26;3;city137;194;122;city57;165;317;city256;53;492;city198;64;367;city100;161;243;city62;337;90;city270;440;236;city170;203;394;city254;194;428;city223;356;15;city131

173;city54;473;242;city86;226;311;city216;280;203;city244;462;181;city282;367;281;city187;303;42;city154;207;222;city74;163;458;city260;62;356;city231;206;226;city73;380;77;city248;391;328;city151;390;416;city149;62;4;city222
128;city287;194;328;city171;321;51;city134;238;8;city281;369;120;city233;202;169;city181;326;2;city152;444;220;city149;63;288;city83;123;312;city270;215;491;city234;363;158;city175;105;276;city54;146;356;city100;253;445;city246;128;484;city215;428;497;city203;223;797;city256;351;282;city150
146;city77;192;274;city287;235;390;city81;158;22;city130;496;105;city88;431;278;city67
159;city277;13;350;city192;275;145;city177;191;321;city113;11;254;city62;367;355;city252;468;472;city220;227;159;city285;118;302;city114;163;136;city295
174;city219;112;85;city188;299;319;city104;208;78;city150;444;407;city127
156;city209;276;339;city270;265;245;city272;149;267;city247;421;403;city113;414;255;city103;237;98;city140;141;448;city175;129;128;city53;239;147;city157;286;433;city51;242;208;city245;222;425;city135;77;36;city72;352;130;city115;431;21;city218;283;349;city62;484;257;city219;334;70;city144;418;244;city253
130;city274;134;290;city167;50;246;city196;433;39;city235;248;50;city188;218;140;city157;265;278;city222;295;239;city249;220;240;city260;10;447;city165;160;404;city261
140;city64;496;325;city240;369;130;city293;320;476;city294;118;236;city145;214;284;city231;105;153;city100;157;5;city234;68;32;city74;432;33;city252;85;280;city266;383;325;city179
132;city215;323;450;city269;66;375;city256;367;15;city205;319;350;city185;284;68;city178;475;276;city145
152;city258;231;81;city262;432;491;city132;365;306;city87
140;city64;496;325;city240;369;130;city293;320;476;city294;118;236;city145;214;284;city231;105;153;city100;157;5;city234;68;32;city74;432;33;city252;85;280;city266;383;325;city179
173;city54;473;242;city86;226;311;city216;280;203;city244;462;181;city282;367;281;city187;303;42;city154;207;222;city74;163;458;city260;62;356;city231;206;226;city73;380;77;city248;391;328;city151;390;416;city149;62;4;city222
152;city258;231;81;city262;432;491;city132;365;306;city87
137;city196;435;372;city78;292;355;city70;437;326;city55;113;199;city202
127;city154;316;390;city268;298;248;city92;196;77;city180;181;415;city66;395;67;city270;467;175;city181;286;155;city259;262;114;city185;279;80;city159;44;9;city143;484;77;city166
157;city219;7;488;city194;461;71;city236;330;56;city213;431;159;city286;254;106;city264;430;136;city137;360;342;city244;497;351;city201;464;342;city291;468;396;city95;41;183;city225;232;249;city94;76;158;city259;490;282;city107;251;6;city127;74;168;city83;290;292;city208
142;city95;253;161;city113;285;498;city201;376;103;city223;227;178;city226;343;205;city225;459;94;city153;83;29;city164;208;287;city154
168;city140;219;248;city254;262;68;city176;461;246;city223;371;30;city264;15;462;city161;153;20;city261;48;264;city265;295;473;city118;233;486;city111;175;330;city248;11;207;city153;473;388;city73;176;500;city53;432;196;city135;50;364;city219;133;461;city200;455;251;city262
155;city124;83;345;city144;489;355;city111;359;500;city201;14;321;city191;2;252;city175;469;226;city103
150;city107;202;140;city51;181;137;city231;78;187;city278;92;182;city252;328;137;city52;203;71;city130;364;383;city203;67;189;city276
130;city274;134;290;city167;50;246;city196;433;39;city235;248;50;city188;218;140;city157;265;278;city222;295;239;city249;220;240;city260;10;447;city165;160;404;city261
168;city140;219;248;city254;262;68;city176;461;246;city223;371;30;city264;15;462;city161;153;20;city261;48;264;city265;295;473;city118;233;486;city111;175;330;city248;11;207;city153;473;388;city73;176;500;city53;432;196;city135;50;364;city219;133;461;city200;455;251;city262
145;city260;276;2;city80;154;118;city145;496;336;city297;233;23;city275;192;285;city282;388;431;city193;28;108;city231;393;134;city116;28;496;city61
149;city276;484;440;city174;320;382;city50;118;384;city243;142;222;city53;447;197;city94;360;172;city172;389;340;city179;6;251;city201;385;19;city140;391;332;city214;110;86;city169;161;182;city67;206;199;city278;25;130;city80;352;411;city193;270;261;city86;477;319;city293;484;263;city289
132;city215;323;450;city269;66;375;city256;367;15;city205;319;350;city185;284;68;city178;475;276;city145
133;city264;82;344;city154;94;282;city221;437;442;city80;331;241;city110;210;280;city229;500;414;city283;128;452;city60;464;442;city152;32;132;city191;36;103;city63;219;12;city53;296;351;city169;166;278;city140;155;332;city190;368;441;city217;337;126;city77;11;83;city123;125;176;city247;317;455;city107
149;city276;484;440;city174;320;382;city50;118;384;city243;142;222;city53;447;197;city94;360;172;city172;389;340;city179;6;251;city201;385;19;city140;391;332;city214;110;86;city169;161;182;city67;206;199;city278;25;130;city80;352;411;city193;270;261;city86;477;319;city293;484;263;city289
152;city258;231;81;city262;432;491;city132;365;306;city87
146;city77;192;274;city287;235;390;city81;158;22;city130;496;105;city88;431;278;city67
165;city211;369;432;city103;352;8;city154;88;147;city201;82;274;city275;63;152;city278;232;486;city204;450;386;city298;315;479;city208;202;184;city228;500;233;city205;181;455;city169;126;392;city60;419;355;city167;453;300;city202;196;248;city127;410;22;city138
135;city296;245;204;city244;221;360;city251;389;371;city274;399;462;city271;58;74;city77;492;227;city254;66;139;city73;465;284;city71;459;357;city101;77;72;city261;17;212;city212;177;436;city294;72;28;city186;231;186;city295;499;289;city55
148;city115;417;251;city53;38;228;city120;250;98;city288;462;64;city257;330;103;city267;430;135;city162;78;169;city241;258;353;city246;492;420;city271
148;city115;417;251;city53;38;228;city120;250;98;city288;462;64;city257;330;103;city267;430;135;city162;78;169;city241;258;353;city246;492;420;city271
145;city260;276;2;city80;154;118;city145;496;336;city297;233;23;city275;192;285;city282;388;431;city193;28;108;city231;393;134;city116;28;496;city61
171;city127;323;29;city160;187;19;city97;375;266;city182;391;465;city62
132;city215;323;450;city269;66;375;city256;367;15;city205;319;350;city185;284;68;city178;475;276;city145
137;city196;435;372;city78;292;355;city70;437;326;city55;113;199;city202
158;city102;305;235;city54;328;60;city165;143;435;city253;317;186;city271;83;208;city110;174;460;city191;415;415;city50;91;393;city240
145;city260;276;2;city80;154;118;city145;496;336;city297;233;23;city275;192;285;city282;388;431;city193;28;108;city231;393;134;city116;28;496;city61
132;city215;323;450;city269;66;375;city256;367;15;city205;319;350;city185;284;68;city178;475;276;city145
174;city219;112;85;city188;299;319;city104;208;78;city150;444;407;city127
164;city136;31;488;city56;106;109;city111;348;390;city284;2;144;city227;167;448;city51;66;330;city81;381;444;city153;202;340;city297;97;396;city174;9;179;city194;405;336;city212;444;285;city216;85;303;city273;337;273;city164;39;46;city142
145;city260;276;2;city80;154;118;city145;496;336;city297;233;23;city275;192;285;city282;388;431;city193;28;108;city231;393;134;city116;28;496;city61
133;city264;82;344;city154;94;282;city221;437;442;city80;331;241;city110;210;280;city229;500;414;city283;128;452;city60;464;442;city152;32;132;city191;36;103;city63;219;12;city53;296;351;city169;166;278;city140;155;332;city190;368;441;city217;337;126;city77;11;83;city123;125;176;city247;317;455;city107
165;city211;369;432;city103;352;8;city154;88;147;city201;82;274;city275;63;152;city278;232;486;city204;450;386;city298;315;479;city208;202;184;city228;500;233;city205;181;455;city169;126;392;city60;419;355;city167;453;300;city202;196;248;city127;410;22;city138
164;city136;31;488;city56;106;109;city111;348;390;city284;2;144;city227;167;448;city51;66;330;city81;381;444;city153;202;340;city297;97;396;city174;9;179;city194;405;336;city212;444;285;city216;85;303;city273;337;273;city164;39;46;city142
129;city199;372;100;city201;429;7;city281;155;237;city246;462;294;city188;38;405;city207;318;153;city249;488;101;city269;26;3;city137;194;122;city57;165;317;city256;53;492;city198;64;367;city100;161;243;city62;337;90;city270;440;236;city170;203;394;city254;194;428;city223;356;15;city131
129;city199;372;100;city201;429;7;city281;155;237;city246;462;294;city188;38;405;city207;318;153;city249;488;101;city269;26;3;city137;194;122;city57;165;317;city256;53;492;city198;64;367;city100;161;243;city62;337;90;city270;440;236;city170;203;394;city254;194;428;city223;356;15;city131
172;city192;467;396;city82;447;277;city226;75;223;city194;129;320;city173;450;115;city250;51;126;city187;299;434;city209;128;3;city281;170;73;city86;160;461;city239;247;389;city174;118;113;city267;488;355;city289;35;391;city105;40;4;city144;254;83;city168;333;429;city149
174;city219;112;85;city188;299;319;city104;208;78;city150;444;407;city127
154;city105;347;98;city101;497;24;city112;238;376;city201;93;313;city222;63;500;city262;286;299;city182;6;399;city273;191;17;city159;287;335;city96;344;177;city90
144;city130;132;152;city281;436;281;city185;279;107;city229;156;342;city85;169;153;city136;70;214;city210;480;381;city69;398;38;city126;492;450;city54;311;481;city219
163;city91;435;237;city274;350;276;city147;3;205;city121;494;219;city271;391;399;city256;206;142;city105;487;423;city229;261;205;city207;321;448;city234;138;442;city59;164;163;city183;68;76;city87;153;230;city69;342;226;city53;382;388;city230;427;23;city184
163;city91;435;237;city274;350;276;city147;3;205;city121;494;219;city271;391;399;city256;206;142;city105;487;423;city229;261;205;city207;321;448;city234;138;442;city59;164;163;city183;68;76;city87;153;230;city69;342;226;city53;382;388;city230;427;23;city184
136;city117;356;114;city109;116;271;city95;354;6;city266;26;195;city183;224;380;city161;136;31;city120;91;23;city90;421;305;city285;202;425;city55;154;438;city292;185;93;city141;114;148;city135;436;347;city222;261;13;city263
172;city192;467;396;city82;447;277;city226;75;223;city194;129;320;city173;450;115;city250;51;126;city187;299;434;city209;128;3;city281;170;73;city86;160;461;city239;247;389;city174;118;113;city267;488;355;city289;35;391;city105;40;4;city144;254;83;city168;333;429;city149
131;city106;114;292;city112;35;94;city126;203;179;city222;373;311;city190;174;471;city105;342;54;city141;86;309;city83;303;315;city77;158;90;city255;154;58;city52;73;16;city199;321;320;city113;226;83;city50;429;232;city276;46;118;city253;85;474;city288;217;231;city274;64;429;city130
164;city136;31;488;city56;106;109;city111;348;390;city284;2;144;city227;167;448;city51;66;330;city81;381;444;city153;202;340;city297;97;396;city174;9;179;city194;405;336;city212;444;285;city216;85;303;city273;337;273;city164;39;46;city142
141;city207;87;5866;city221;361;320;city165;252;398;city150;3;8;city252;387;239;city213
166;city78;414;464;city294;477;316;city138;387;369;city117;427;412;city139;205;415;city278;48;349;city125;476;403;city62;389;338;city75;173;498;city136;321;474;city197;463;231;city209;88;488;city70;224;391;city289;69;472;city134;155;350;city184;451;448;city162
154;city105;347;98;city101;497;24;city112;238;376;city201;93;313;city222;63;500;city262;286;299;city182;6;399;city273;191;17;city159;287;335;city96;344;177;city90
159;city277;13;350;city192;275;145;city177;191;321;city113;11;254;city62;367;355;city252;468;472;city220;227;159;city285;118;302;city114;163;136;city295
129;city199;372;100;city201;429;7;city281;155;237;city246;462;294;city188;38;405;city207;318;153;city249;488;101;city269;26;3;city137;194;122;city57;165;317;city256;53;492;city198;64;367;city100;161;243;city62;337;90;city270;440;236;city170;203;394;city254;194;428;city223;356;15;city131
152;city258;231;81;city262;432;491;city132;365;306;city87
126;city66;254;67;city215;417;294;city210;63;476;city275;294;80;city92;253;94;city54;142;331;city96
160;city93;360;271;city66;431;413;city264;411;152;city254;15;167;city207;87;49;city265;499;315;city288;281;5;city107;386;57;city285;173;181;city243;444;189;city109;388;381;city213
132;city215;323;450;city269;66;375;city256;367;15;city205;319;350;city185;284;68;city178;475;276;city145
164;city136;31;488;city56;106;109;city111;348;390;city284;2;144;city227;167;448;city51;66;330;city81;381;444;city153;202;340;city297;97;396;city174;9;179;city194;405;336;city212;444;285;city216;85;303;city273;337;273;city164;39;46;city142
136;city117;356;114;city109;116;271;city95;354;6;city266;26;195;city183;224;380;city161;136;31;city120;91;23;city90;421;305;city285;202;425;city55;154;438;city292;185;93;city141;114;148;city135;436;347;city222;261;13;city263
153;city297;153;314;city268;286;202;city299;100;162;city229;399;435;city66;407;454;city269;270;13;city210;58;12;city142;369;463;city184;9;494;city203;316;22;city67
160;city93;360;271;city66;431;413;city264;411;152;city254;15;167;city207;87;49;city265;499;315;city288;281;5;city107;386;57;city285;173;181;city243;444;189;city109;388;381;city213
171;city127;323;29;city160;187;19;city97;375;266;city182;391;465;city62
147;city196;108;160;city221;472;36;city173;124;403;city246;325;316;city71;62;324;city201;214;155;city176;500;117;city69;353;350;city67;283;484;city212;145;241;city272;119;141;city188
159;city277;13;350;city192;275;145;city177;191;321;city113;11;254;city62;367;355;city252;468;472;city220;227;159;city285;118;302;city114;163;136;city295
168;city140;219;248;city254;262;68;city176;461;246;city223;371;30;city264;15;462;city161;153;20;city261;48;264;city265;295;473;city118;233;486;city111;175;330;city248;11;207;city153;473;388;city73;176;500;city53;432;196;city135;50;364;city219;133;461;city200;455;251;city262
135;city296;245;204;city244;221;360;city251;389;371;city274;399;462;city271;58;74;city77;492;227;city254;66;139;city73;465;284;city71;459;357;city101;77;72;city261;17;212;city212;177;436;city294;72;28;city186;231;186;city295;499;289;city55
152;city258;231;81;city262;432;491;city132;365;306;city87
169;city190;128;343;city295;225;141;city207;371;82;city252;24;438;city76;94;93;city220;456;465;city104;280;64;city154
166;city78;414;464;city294;477;316;city138;387;369;city117;427;412;city139;205;415;city278;48;349;city125;476;403;city62;389;338;city75;173;498;city136;321;474;city197;463;231;city209;88;488;city70;224;391;city289;69;472;city134;155;350;city184;451;448;city162
159;city277;13;350;city192;275;145;city177;191;321;city113;11;254;city62;367;355;city252;468;472;city220;227;159;city285;118;302;city114;163;136;city295
168;city140;219;248;city254;262;68;city176;461;246;city223;371;30;city264;15;462;city161;153;20;city261;48;264;city265;295;473;city118;233;486;city111;175;330;city248;11;207;city153;473;388;city73;176;500;city53;432;196;city135;50;364;city219;133;461;city200;455;251;city262
170;city180;262;172;city121
146;city77;192;274;city287;235;390;city81;158;22;city130;496;105;city88;431;278;city67
156;city209;276;339;city270;265;245;city272;149;267;city247;421;403;city113;414;255;city103;237;98;city140;141;448;city175;129;128;city53;239;147;city157;286;433;city51;242;208;city245;222;425;city135;77;36;city72;352;130;city115;431;21;city218;283;349;city62;484;257;city219;334;70;city144;418;244;city253
170;city180;262;172;city121
