















134;city254;128;302;city178;48;455;city105;100;49;city120;488;336;city172;260;422;city139;460;320;city275;359;379;city245;182;39;city210;382;175;city222;206;236;city154;72;236;city63;451;334;city188;273;383;city213;404;378;city297;219;15;city85



132;city207;272;469;city124;59;435;city181;156;15;city175;493;126;city119



143;city230;169;96;city88;128;83;city294;75;95;city196;88;110;city241;107;330;city263;418;209;city87;406;364;city115;273;129;city100;337;34;city285;64;165;city156;332;499;city243;182;47;city77;147;55;city172
154;city81;133;290;city216
132;city207;272;469;city124;59;435;city181;156;15;city175;493;126;city119

172;city177;294;360;city179;104;181;city299;368;379;city69;143;236;city219;175;244;city269;153;121;city142;63;274;city94;466;485;city256;197;86;city197;229;119;city132;97;185;city227



142;city89;152;86;city216;143;322;city203;108;252;city67




155;city113;97;43;city54;427;142;city109;32;201;city120;232;249;city224;259;67;city139;460;207;city276;47;84;city103;382;462;city165;432;287;city282;371;217;city152;206;499;city78;195;190;city222;173;392;city287;55;331;city123;203;82;city107;342;235;city207

141;city126;448;392;city156;366;223;city98;354;269;city159;423;150;city242;344;212;city249;254;286;city95;163;132;city203;156;434;city76;490;367;city132;331;244;city191;329;330;city66
163;city273;360;325;city297;366;63;city148;317;420;city128;28;276;city110;291;385;city154;77;17;city140











127;city58;245;431;city288;107;29;city270;161;407;city282;47;87;city185;333;266;city99;197;91;city261;441;296;city136;154;171;city76;483;183;city146;72;140;city142;304;309;city192;38;488;city119;264;52;city267;276;417;city234

159;city99;261;365;city66;111;389;city86;202;152;city169;303;238;city183;470;67;city188;253;96;city220;263;404;city224


148;city146;111;251;city102;320;13;city227;220;186;city272;38;415;city151;252;26;city286;159;294;city107;50;18;city89;328;341;city116;216;446;city104;475;241;city212;153;203;city269;186;289;city51;271;205;city263

131;city196;209;310;city248


132;city207;272;469;city124;59;435;city181;156;15;city175;493;126;city119
151;city69;91;456;city100;469;59;city260;486;346;city179;432;145;city80;390;207;city208
167;city112;273;367;city223;122;428;city252;457;291;city280;102;454;city74;291;251;city91;339;324;city121;318;135;city287;74;339;city218;371;443;city188;71;145;city58;51;212;city219;272;169;city138;465;8;city64;297;97;city180

164;city120;244;76;city86;314;50;city233;31;8;city108;334;72;city244;102;264;city196;364;347;city121;340;375;city299;37;354;city216;226;484;city106;332;124;city107;422;172;city116;163;383;city141;299;150;city294;12;412;city204;392;75;city215;31;42;city189;193;263;city95;203;477;city261;199;171;city284

154;city81;133;290;city216
128;city284;80;174;city175;33;246;city224;367;434;city254;73;102;city246;63;130;city276;25;341;city296;238;459;city282;204;351;city223;364;98;city206;371;208;city137;280;168;city194;137;459;city63;410;485;city89;44;80;city160;103;84;city74;107;336;city192;78;300;city143
127;city58;245;431;city288;107;29;city270;161;407;city282;47;87;city185;333;266;city99;197;91;city261;441;296;city136;154;171;city76;483;183;city146;72;140;city142;304;309;city192;38;488;city119;264;52;city267;276;417;city234
160;city239;236;292;city200;471;368;city220
156;city183;461;366;city180;115;155;city195;297;277;city248;190;154;city186;439;427;city234
144;city242;373;333;city276;294;204;city187;12;445;city71;123;154;city83
162;city217;311;66;city118;439;72;city152;316;131;city50
143;city230;169;96;city88;128;83;city294;75;95;city196;88;110;city241;107;330;city263;418;209;city87;406;364;city115;273;129;city100;337;34;city285;64;165;city156;332;499;city243;182;47;city77;147;55;city172
155;city113;97;43;city54;427;142;city109;32;201;city120;232;249;city224;259;67;city139;460;207;city276;47;84;city103;382;462;city165;432;287;city282;371;217;city152;206;499;city78;195;190;city222;173;392;city287;55;331;city123;203;82;city107;342;235;city207
147;city161;286;224;city183
140;city132;129;161;city100;499;416;city141;462;123;city164;386;25;city181;36;123;city123;343;481;city214
172;city177;294;360;city179;104;181;city299;368;379;city69;143;236;city219;175;244;city269;153;121;city142;63;274;city94;466;485;city256;197;86;city197;229;119;city132;97;185;city227
155;city113;97;43;city54;427;142;city109;32;201;city120;232;249;city224;259;67;city139;460;207;city276;47;84;city103;382;462;city165;432;287;city282;371;217;city152;206;499;city78;195;190;city222;173;392;city287;55;331;city123;203;82;city107;342;235;city207
160;city239;236;292;city200;471;368;city220
141;city126;448;392;city156;366;223;city98;354;269;city159;423;150;city242;344;212;city249;254;286;city95;163;132;city203;156;434;city76;490;367;city132;331;244;city191;329;330;city66
132;city207;272;469;city124;59;435;city181;156;15;city175;493;126;city119
174;city54;93;403;city116
156;city183;461;366;city180;115;155;city195;297;277;city248;190;154;city186;439;427;city234
141;city126;448;392;city156;366;223;city98;354;269;city159;423;150;city242;344;212;city249;254;286;city95;163;132;city203;156;434;city76;490;367;city132;331;244;city191;329;330;city66

154;city81;133;290;city216
131;city196;209;310;city248

143;city230;169;96;city88;128;83;city294;75;95;city196;88;110;city241;107;330;city263;418;209;city87;406;364;city115;273;129;city100;337;34;city285;64;165;city156;332;499;city243;182;47;city77;147;55;city172
160;city239;236;292;city200;471;368;city220
140;city132;129;161;city100;499;416;city141;462;123;city164;386;25;city181;36;123;city123;343;481;city214

169;city169;276;173;city98;116;77;city261;286;191;city79;310;293;city160;134;298;city96;41;253;city127;126;424;city287;353;358;city113;283;230;city280;409;441;city158;363;201;city293;213;111;city122
130;city102;41;446;city133;427;469;city154

142;city89;152;86;city216;143;322;city203;108;252;city67
162;city217;311;66;city118;439;72;city152;316;131;city50
146;city243;257;436;city263;184;392;city214;170;128;city291;456;184;city91;414;473;city78;135;481;city167;141;367;city203;157;331;city159;341;169;city54;40;222;city60;439;333;city285;219;22;city157;117;27;city289;391;482;city271;62;280;city251;441;17;city102;5;376;city112
141;city126;448;392;city156;366;223;city98;354;269;city159;423;150;city242;344;212;city249;254;286;city95;163;132;city203;156;434;city76;490;367;city132;331;244;city191;329;330;city66
125;city210;414;236;city69;356;47;city234;11;324;city114;455;147;city162;279;198;city149;141;434;city62;132;179;city208;213;77;city61;196;449;city125;88;231;city248;469;77;city159;264;315;city151;211;98;city131;392;379;city255;472;314;city257;433;463;city199;104;104;city200;487;120;city122

156;city183;461;366;city180;115;155;city195;297;277;city248;190;154;city186;439;427;city234
129;city177;43;477;city298;139;237;city65;111;270;city53;439;322;city71;450;443;city103;298;491;city50;492;183;city93;392;15;city249;188;468;city151;125;271;city173;260;459;city133;326;52;city289;8;237;city62;157;3;city158;48;162;city267
144;city242;373;333;city276;294;204;city187;12;445;city71;123;154;city83
168;city79;293;315;city69;265;371;city231
167;city112;273;367;city223;122;428;city252;457;291;city280;102;454;city74;291;251;city91;339;324;city121;318;135;city287;74;339;city218;371;443;city188;71;145;city58;51;212;city219;272;169;city138;465;8;city64;297;97;city180
128;city284;80;174;city175;33;246;city224;367;434;city254;73;102;city246;63;130;city276;25;341;city296;238;459;city282;204;351;city223;364;98;city206;371;208;city137;280;168;city194;137;459;city63;410;485;city89;44;80;city160;103;84;city74;107;336;city192;78;300;city143

129;city177;43;477;city298;139;237;city65;111;270;city53;439;322;city71;450;443;city103;298;491;city50;492;183;city93;392;15;city249;188;468;city151;125;271;city173;260;459;city133;326;52;city289;8;237;city62;157;3;city158;48;162;city267
174;city54;93;403;city116
142;city89;152;86;city216;143;322;city203;108;252;city67
174;city54;93;403;city116
141;city126;448;392;city156;366;223;city98;354;269;city159;423;150;city242;344;212;city249;254;286;city95;163;132;city203;156;434;city76;490;367;city132;331;244;city191;329;330;city66
158;city97;13;125;city180;445;315;city53;205;224;city91;373;188;city174;162;226;city140
150;city290;475;53;city278;89;316;city267;57;333;city256;450;440;city155;115;434;city242;190;439;city70;147;255;city178;229;429;city57;347;200;city105
167;city112;273;367;city223;122;428;city252;457;291;city280;102;454;city74;291;251;city91;339;324;city121;318;135;city287;74;339;city218;371;443;city188;71;145;city58;51;212;city219;272;169;city138;465;8;city64;297;97;city180
130;city102;41;446;city133;427;469;city154
140;city132;129;161;city100;499;416;city141;462;123;city164;386;25;city181;36;123;city123;343;481;city214
144;city242;373;333;city276;294;204;city187;12;445;city71;123;154;city83
159;city99;261;365;city66;111;389;city86;202;152;city169;303;238;city183;470;67;city188;253;96;city220;263;404;city224
162;city217;311;66;city118;439;72;city152;316;131;city50
128;city284;80;174;city175;33;246;city224;367;434;city254;73;102;city246;63;130;city276;25;341;city296;238;459;city282;204;351;city223;364;98;city206;371;208;city137;280;168;city194;137;459;city63;410;485;city89;44;80;city160;103;84;city74;107;336;city192;78;300;city143
157;city65;463;273;city230;290;257;city68
142;city89;152;86;city216;143;322;city203;108;252;city67
142;city89;152;86;city216;143;322;city203;108;252;city67
165;city280;193;29;city180;244;47;city234
139;city109;113;110;city258;120;196;city162;372;313;city278;430;206;city131;339;257;city111;140;58;city201;357;24;city223
146;city243;257;436;city263;184;392;city214;170;128;city291;456;184;city91;414;473;city78;135;481;city167;141;367;city203;157;331;city159;341;169;city54;40;222;city60;439;333;city285;219;22;city157;117;27;city289;391;482;city271;62;280;city251;441;17;city102;5;376;city112
137;city123;248;63;city206;345;22;city52;326;254;city252;119;334;city260;244;379;city103;450;7;city160;179;478;city265;306;54;city204;276;393;city227
167;city112;273;367;city223;122;428;city252;457;291;city280;102;454;city74;291;251;city91;339;324;city121;318;135;city287;74;339;city218;371;443;city188;71;145;city58;51;212;city219;272;169;city138;465;8;city64;297;97;city180
135;city265;242;474;city62;252;4;city167;258;272;city257;239;421;city123;363;340;city169;83;366;city87;12;485;city279;124;231;city226;448;469;city222;94;234;city132;359;333;city64;358;17;city112;26;218;city258;67;51;city299;142;281;city75;250;234;city50;115;17;city77;392;251;city84;355;112;city232
157;city65;463;273;city230;290;257;city68
143;city230;169;96;city88;128;83;city294;75;95;city196;88;110;city241;107;330;city263;418;209;city87;406;364;city115;273;129;city100;337;34;city285;64;165;city156;332;499;city243;182;47;city77;147;55;city172
170;city162;360;125;city61;359;195;city138;72;335;city116;93;206;city273;458;235;city96;363;323;city187;320;339;city223;214;424;city221;346;461;city139;392;168;city242;337;90;city133;17;294;city103;47;292;city131;477;61;city119;218;208;city115;236;78;city85;83;151;city249;429;209;city294
127;city58;245;431;city288;107;29;city270;161;407;city282;47;87;city185;333;266;city99;197;91;city261;441;296;city136;154;171;city76;483;183;city146;72;140;city142;304;309;city192;38;488;city119;264;52;city267;276;417;city234
131;city196;209;310;city248
151;city69;91;456;city100;469;59;city260;486;346;city179;432;145;city80;390;207;city208
127;city58;245;431;city288;107;29;city270;161;407;city282;47;87;city185;333;266;city99;197;91;city261;441;296;city136;154;171;city76;483;183;city146;72;140;city142;304;309;city192;38;488;city119;264;52;city267;276;417;city234
141;city126;448;392;city156;366;223;city98;354;269;city159;423;150;city242;344;212;city249;254;286;city95;163;132;city203;156;434;city76;490;367;city132;331;244;city191;329;330;city66

132;city207;272;469;city124;59;435;city181;156;15;city175;493;126;city119
167;city112;273;367;city223;122;428;city252;457;291;city280;102;454;city74;291;251;city91;339;324;city121;318;135;city287;74;339;city218;371;443;city188;71;145;city58;51;212;city219;272;169;city138;465;8;city64;297;97;city180
140;city132;129;161;city100;499;416;city141;462;123;city164;386;25;city181;36;123;city123;343;481;city214
127;city58;245;431;city288;107;29;city270;161;407;city282;47;87;city185;333;266;city99;197;91;city261;441;296;city136;154;171;city76;483;183;city146;72;140;city142;304;309;city192;38;488;city119;264;52;city267;276;417;city234
166;city79;381;373;city212;392;233;city221;332;64;city196;342;314;city174;277;273;city88;346;244;city192;85;399;city256;465;162;city103
158;city97;13;125;city180;445;315;city53;205;224;city91;373;188;city174;162;226;city140

167;city112;273;367;city223;122;428;city252;457;291;city280;102;454;city74;291;251;city91;339;324;city121;318;135;city287;74;339;city218;371;443;city188;71;145;city58;51;212;city219;272;169;city138;465;8;city64;297;97;city180
135;city265;242;474;city62;252;4;city167;258;272;city257;239;421;city123;363;340;city169;83;366;city87;12;485;city279;124;231;city226;448;469;city222;94;234;city132;359;333;city64;358;17;city112;26;218;city258;67;51;city299;142;281;city75;250;234;city50;115;17;city77;392;251;city84;355;112;city232
140;city132;129;161;city100;499;416;city141;462;123;city164;386;25;city181;36;123;city123;343;481;city214
169;city169;276;173;city98;116;77;city261;286;191;city79;310;293;city160;134;298;city96;41;253;city127;126;424;city287;353;358;city113;283;230;city280;409;441;city158;363;201;city293;213;111;city122
158;city97;13;125;city180;445;315;city53;205;224;city91;373;188;city174;162;226;city140
135;city265;242;474;city62;252;4;city167;258;272;city257;239;421;city123;363;340;city169;83;366;city87;12;485;city279;124;231;city226;448;469;city222;94;234;city132;359;333;city64;358;17;city112;26;218;city258;67;51;city299;142;281;city75;250;234;city50;115;17;city77;392;251;city84;355;112;city232
161;city81;257;260;city189;319;479;city247;161;360;city50;93;48;city57;389;29;city252;473;427;city270;134;228;city145;319;43;city87;303;317;city113;128;299;city203;296;264;city287;65;164;city156;431;44;city276;134;419;city224;362;10;city222;261;356;city150

155;city113;97;43;city54;427;142;city109;32;201;city120;232;249;city224;259;67;city139;460;207;city276;47;84;city103;382;462;city165;432;287;city282;371;217;city152;206;499;city78;195;190;city222;173;392;city287;55;331;city123;203;82;city107;342;235;city207
128;city284;80;174;city175;33;246;city224;367;434;city254;73;102;city246;63;130;city276;25;341;city296;238;459;city282;204;351;city223;364;98;city206;371;208;city137;280;168;city194;137;459;city63;410;485;city89;44;80;city160;103;84;city74;107;336;city192;78;300;city143
125;city210;414;236;city69;356;47;city234;11;324;city114;455;147;city162;279;198;city149;141;434;city62;132;179;city208;213;77;city61;196;449;city125;88;231;city248;469;77;city159;264;315;city151;211;98;city131;392;379;city255;472;314;city257;433;463;city199;104;104;city200;487;120;city122

155;city113;97;43;city54;427;142;city109;32;201;city120;232;249;city224;259;67;city139;460;207;city276;47;84;city103;382;462;city165;432;287;city282;371;217;city152;206;499;city78;195;190;city222;173;392;city287;55;331;city123;203;82;city107;342;235;city207
130;city102;41;446;city133;427;469;city154
163;city273;360;325;city297;366;63;city148;317;420;city128;28;276;city110;291;385;city154;77;17;city140
134;city254;128;302;city178;48;455;city105;100;49;city120;488;336;city172;260;422;city139;460;320;city275;359;379;city245;182;39;city210;382;175;city222;206;236;city154;72;236;city63;451;334;city188;273;383;city213;404;378;city297;219;15;city85
132;city207;272;469;city124;59;435;city181;156;15;city175;493;126;city119
166;city79;381;373;city212;392;233;city221;332;64;city196;342;314;city174;277;273;city88;346;244;city192;85;399;city256;465;162;city103
125;city210;414;236;city69;356;47;city234;11;324;city114;455;147;city162;279;198;city149;141;434;city62;132;179;city208;213;77;city61;196;449;city125;88;231;city248;469;77;city159;264;315;city151;211;98;city131;392;379;city255;472;314;city257;433;463;city199;104;104;city200;487;120;city122
137;city123;248;63;city206;345;22;city52;326;254;city252;119;334;city260;244;379;city103;450;7;city160;179;478;city265;306;54;city204;276;393;city227
134;city254;128;302;city178;48;455;city105;100;49;city120;488;336;city172;260;422;city139;460;320;city275;359;379;city245;182;39;city210;382;175;city222;206;236;city154;72;236;city63;451;334;city188;273;383;city213;404;378;city297;219;15;city85
138;city151;214;321;city122;110;336;city188;440;85;city71
134;city254;128;302;city178;48;455;city105;100;49;city120;488;336;city172;260;422;city139;460;320;city275;359;379;city245;182;39;city210;382;175;city222;206;236;city154;72;236;city63;451;334;city188;273;383;city213;404;378;city297;219;15;city85
156;city183;461;366;city180;115;155;city195;297;277;city248;190;154;city186;439;427;city234
134;city254;128;302;city178;48;455;city105;100;49;city120;488;336;city172;260;422;city139;460;320;city275;359;379;city245;182;39;city210;382;175;city222;206;236;city154;72;236;city63;451;334;city188;273;383;city213;404;378;city297;219;15;city85
139;city109;113;110;city258;120;196;city162;372;313;city278;430;206;city131;339;257;city111;140;58;city201;357;24;city223
143;city230;169;96;city88;128;83;city294;75;95;city196;88;110;city241;107;330;city263;418;209;city87;406;364;city115;273;129;city100;337;34;city285;64;165;city156;332;499;city243;182;47;city77;147;55;city172
164;city120;244;76;city86;314;50;city233;31;8;city108;334;72;city244;102;264;city196;364;347;city121;340;375;city299;37;354;city216;226;484;city106;332;124;city107;422;172;city116;163;383;city141;299;150;city294;12;412;city204;392;75;city215;31;42;city189;193;263;city95;203;477;city261;199;171;city284
161;city81;257;260;city189;319;479;city247;161;360;city50;93;48;city57;389;29;city252;473;427;city270;134;228;city145;319;43;city87;303;317;city113;128;299;city203;296;264;city287;65;164;city156;431;44;city276;134;419;city224;362;10;city222;261;356;city150
171;city124;13;333;city160;434;93;city199;219;183;city295;101;450;city201;333;325;city205;399;492;city165;361;198;city142;440;380;city202;115;14;city281;441;138;city145;116;16;city109;40;46;city161;444;475;city255;328;482;city152;413;373;city57;125;169;city99;408;347;city287;419;429;city59;347;63;city240
153;city221;448;401;city61;32;458;city148;21;476;city58;382;85;city251;292;421;city93;177;378;city286;16;155;city138;109;334;city149;6;20;city269
163;city273;360;325;city297;366;63;city148;317;420;city128;28;276;city110;291;385;city154;77;17;city140
158;city97;13;125;city180;445;315;city53;205;224;city91;373;188;city174;162;226;city140

159;city99;261;365;city66;111;389;city86;202;152;city169;303;238;city183;470;67;city188;253;96;city220;263;404;city224
147;city161;286;224;city183
143;city230;169;96;city88;128;83;city294;75;95;city196;88;110;city241;107;330;city263;418;209;city87;406;364;city115;273;129;city100;337;34;city285;64;165;city156;332;499;city243;182;47;city77;147;55;city172
161;city81;257;260;city189;319;479;city247;161;360;city50;93;48;city57;389;29;city252;473;427;city270;134;228;city145;319;43;city87;303;317;city113;128;299;city203;296;264;city287;65;164;city156;431;44;city276;134;419;city224;362;10;city222;261;356;city150
137;city123;248;63;city206;345;22;city52;326;254;city252;119;334;city260;244;379;city103;450;7;city160;179;478;city265;306;54;city204;276;393;city227
128;city284;80;174;city175;33;246;city224;367;434;city254;73;102;city246;63;130;city276;25;341;city296;238;459;city282;204;351;city223;364;98;city206;371;208;city137;280;168;city194;137;459;city63;410;485;city89;44;80;city160;103;84;city74;107;336;city192;78;300;city143
151;city69;91;456;city100;469;59;city260;486;346;city179;432;145;city80;390;207;city208
128;city284;80;174;city175;33;246;city224;367;434;city254;73;102;city246;63;130;city276;25;341;city296;238;459;city282;204;351;city223;364;98;city206;371;208;city137;280;168;city194;137;459;city63;410;485;city89;44;80;city160;103;84;city74;107;336;city192;78;300;city143
149;city195;402;149;city186;68;57;city67;254;307;city252;198;318;city153;73;331;city115
127;city58;245;431;city288;107;29;city270;161;407;city282;47;87;city185;333;266;city99;197;91;city261;441;296;city136;154;171;city76;483;183;city146;72;140;city142;304;309;city192;38;488;city119;264;52;city267;276;417;city234
144;city242;373;333;city276;294;204;city187;12;445;city71;123;154;city83
131;city196;209;310;city248
134;city254;128;302;city178;48;455;city105;100;49;city120;488;336;city172;260;422;city139;460;320;city275;359;379;city245;182;39;city210;382;175;city222;206;236;city154;72;236;city63;451;334;city188;273;383;city213;404;378;city297;219;15;city85
131;city196;209;310;city248
165;city280;193;29;city180;244;47;city234
166;city79;381;373;city212;392;233;city221;332;64;city196;342;314;city174;277;273;city88;346;244;city192;85;399;city256;465;162;city103
168;city79;293;315;city69;265;371;city231
166;city79;381;373;city212;392;233;city221;332;64;city196;342;314;city174;277;273;city88;346;244;city192;85;399;city256;465;162;city103
148;city146;111;251;city102;320;13;city227;220;186;city272;38;415;city151;252;26;city286;159;294;city107;50;18;city89;328;341;city116;216;446;city104;475;241;city212;153;203;city269;186;289;city51;271;205;city263
136;city124;251;249;city232;483;386;city91;420;106;city172;262;209;city111;300;323;city148;450;467;city195;223;227;city129;50;390;city210;472;162;city276;469;264;city288;31;316;city244;474;395;city205;360;319;city113
142;city89;152;86;city216;143;322;city203;108;252;city67
163;city273;360;325;city297;366;63;city148;317;420;city128;28;276;city110;291;385;city154;77;17;city140

125;city210;414;236;city69;356;47;city234;11;324;city114;455;147;city162;279;198;city149;141;434;city62;132;179;city208;213;77;city61;196;449;city125;88;231;city248;469;77;city159;264;315;city151;211;98;city131;392;379;city255;472;314;city257;433;463;city199;104;104;city200;487;120;city122
150;city290;475;53;city278;89;316;city267;57;333;city256;450;440;city155;115;434;city242;190;439;city70;147;255;city178;229;429;city57;347;200;city105
166;city79;381;373;city212;392;233;city221;332;64;city196;342;314;city174;277;273;city88;346;244;city192;85;399;city256;465;162;city103
138;city151;214;321;city122;110;336;city188;440;85;city71
125;city210;414;236;city69;356;47;city234;11;324;city114;455;147;city162;279;198;city149;141;434;city62;132;179;city208;213;77;city61;196;449;city125;88;231;city248;469;77;city159;264;315;city151;211;98;city131;392;379;city255;472;314;city257;433;463;city199;104;104;city200;487;120;city122
157;city65;463;273;city230;290;257;city68
144;city242;373;333;city276;294;204;city187;12;445;city71;123;154;city83
167;city112;273;367;city223;122;428;city252;457;291;city280;102;454;city74;291;251;city91;339;324;city121;318;135;city287;74;339;city218;371;443;city188;71;145;city58;51;212;city219;272;169;city138;465;8;city64;297;97;city180
163;city273;360;325;city297;366;63;city148;317;420;city128;28;276;city110;291;385;city154;77;17;city140
137;city123;248;63;city206;345;22;city52;326;254;city252;119;334;city260;244;379;city103;450;7;city160;179;478;city265;306;54;city204;276;393;city227
174;city54;93;403;city116
131;city196;209;310;city248
129;city177;43;477;city298;139;237;city65;111;270;city53;439;322;city71;450;443;city103;298;491;city50;492;183;city93;392;15;city249;188;468;city151;125;271;city173;260;459;city133;326;52;city289;8;237;city62;157;3;city158;48;162;city267
159;city99;261;365;city66;111;389;city86;202;152;city169;303;238;city183;470;67;city188;253;96;city220;263;404;city224
140;city132;129;161;city100;499;416;city141;462;123;city164;386;25;city181;36;123;city123;343;481;city214
139;city109;113;110;city258;120;196;city162;372;313;city278;430;206;city131;339;257;city111;140;58;city201;357;24;city223
135;city265;242;474;city62;252;4;city167;258;272;city257;239;421;city123;363;340;city169;83;366;city87;12;485;city279;124;231;city226;448;469;city222;94;234;city132;359;333;city64;358;17;city112;26;218;city258;67;51;city299;142;281;city75;250;234;city50;115;17;city77;392;251;city84;355;112;city232
159;city99;261;365;city66;111;389;city86;202;152;city169;303;238;city183;470;67;city188;253;96;city220;263;404;city224
170;city162;360;125;city61;359;195;city138;72;335;city116;93;206;city273;458;235;city96;363;323;city187;320;339;city223;214;424;city221;346;461;city139;392;168;city242;337;90;city133;17;294;city103;47;292;city131;477;61;city119;218;208;city115;236;78;city85;83;151;city249;429;209;city294
143;city230;169;96;city88;128;83;city294;75;95;city196;88;110;city241;107;330;city263;418;209;city87;406;364;city115;273;129;city100;337;34;city285;64;165;city156;332;499;city243;182;47;city77;147;55;city172
158;city97;13;125;city180;445;315;city53;205;224;city91;373;188;city174;162;226;city140
137;city123;248;63;city206;345;22;city52;326;254;city252;119;334;city260;244;379;city103;450;7;city160;179;478;city265;306;54;city204;276;393;city227
139;city109;113;110;city258;120;196;city162;372;313;city278;430;206;city131;339;257;city111;140;58;city201;357;24;city223
170;city162;360;125;city61;359;195;city138;72;335;city116;93;206;city273;458;235;city96;363;323;city187;320;339;city223;214;424;city221;346;461;city139;392;168;city242;337;90;city133;17;294;city103;47;292;city131;477;61;city119;218;208;city115;236;78;city85;83;151;city249;429;209;city294
171;city124;13;333;city160;434;93;city199;219;183;city295;101;450;city201;333;325;city205;399;492;city165;361;198;city142;440;380;city202;115;14;city281;441;138;city145;116;16;city109;40;46;city161;444;475;city255;328;482;city152;413;373;city57;125;169;city99;408;347;city287;419;429;city59;347;63;city240
133;city266;369;464;city83;445;221;city247;214;169;city85;364;67;city254;213;128;city265
131;city196;209;310;city248
137;city123;248;63;city206;345;22;city52;326;254;city252;119;334;city260;244;379;city103;450;7;city160;179;478;city265;306;54;city204;276;393;city227
144;city242;373;333;city276;294;204;city187;12;445;city71;123;154;city83
150;city290;475;53;city278;89;316;city267;57;333;city256;450;440;city155;115;434;city242;190;439;city70;147;255;city178;229;429;city57;347;200;city105
151;city69;91;456;city100;469;59;city260;486;346;city179;432;145;city80;390;207;city208
159;city99;261;365;city66;111;389;city86;202;152;city169;303;238;city183;470;67;city188;253;96;city220;263;404;city224
170;city162;360;125;city61;359;195;city138;72;335;city116;93;206;city273;458;235;city96;363;323;city187;320;339;city223;214;424;city221;346;461;city139;392;168;city242;337;90;city133;17;294;city103;47;292;city131;477;61;city119;218;208;city115;236;78;city85;83;151;city249;429;209;city294
149;city195;402;149;city186;68;57;city67;254;307;city252;198;318;city153;73;331;city115
163;city273;360;325;city297;366;63;city148;317;420;city128;28;276;city110;291;385;city154;77;17;city140
171;city124;13;333;city160;434;93;city199;219;183;city295;101;450;city201;333;325;city205;399;492;city165;361;198;city142;440;380;city202;115;14;city281;441;138;city145;116;16;city109;40;46;city161;444;475;city255;328;482;city152;413;373;city57;125;169;city99;408;347;city287;419;429;city59;347;63;city240
127;city58;245;431;city288;107;29;city270;161;407;city282;47;87;city185;333;266;city99;197;91;city261;441;296;city136;154;171;city76;483;183;city146;72;140;city142;304;309;city192;38;488;city119;264;52;city267;276;417;city234
135;city265;242;474;city62;252;4;city167;258;272;city257;239;421;city123;363;340;city169;83;366;city87;12;485;city279;124;231;city226;448;469;city222;94;234;city132;359;333;city64;358;17;city112;26;218;city258;67;51;city299;142;281;city75;250;234;city50;115;17;city77;392;251;city84;355;112;city232
172;city177;294;360;city179;104;181;city299;368;379;city69;143;236;city219;175;244;city269;153;121;city142;63;274;city94;466;485;city256;197;86;city197;229;119;city132;97;185;city227
173;city147;185;361;city65;118;11;city102;474;43;city145;196;365;city241;400;419;city142
156;city183;461;366;city180;115;155;city195;297;277;city248;190;154;city186;439;427;city234
131;city196;209;310;city248
155;city113;97;43;city54;427;142;city109;32;201;city120;232;249;city224;259;67;city139;460;207;city276;47;84;city103;382;462;city165;432;287;city282;371;217;city152;206;499;city78;195;190;city222;173;392;city287;55;331;city123;203;82;city107;342;1937;city207
158;city97;13;125;city180;445;315;city53;205;224;city91;373;188;city174;162;226;city140
129;city177;43;477;city298;139;237;city65;111;270;city53;439;322;city71;450;443;city103;298;491;city50;492;183;city93;392;15;city249;188;468;city151;125;271;city173;260;459;city133;326;52;city289;8;237;city62;157;3;city158;48;162;city267
170;city162;360;125;city61;359;195;city138;72;335;city116;93;206;city273;458;235;city96;363;323;city187;320;339;city223;214;424;city221;346;461;city139;392;168;city242;337;90;city133;17;294;city103;47;292;city131;477;61;city119;218;208;city115;236;78;city85;83;151;city249;429;209;city294
169;city169;276;173;city98;116;77;city261;286;191;city79;310;293;city160;134;298;city96;41;253;city127;126;424;city287;353;358;city113;283;230;city280;409;441;city158;363;201;city293;213;111;city122
157;city65;463;273;city230;290;257;city68
166;city79;381;373;city212;392;233;city221;332;64;city196;342;314;city174;277;273;city88;346;244;city192;85;399;city256;465;162;city103
174;city54;93;403;city116
125;city210;414;236;city69;356;47;city234;11;324;city114;455;147;city162;279;198;city149;141;434;city62;132;179;city208;213;77;city61;196;449;city125;88;231;city248;469;77;city159;264;315;city151;211;98;city131;392;379;city255;472;314;city257;433;463;city199;104;104;city200;487;120;city122
163;city273;360;325;city297;366;63;city148;317;420;city128;28;276;city110;291;385;city154;77;17;city140
142;city89;152;86;city216;143;322;city203;108;252;city67
169;city169;276;173;city98;116;77;city261;286;191;city79;310;293;city160;134;298;city96;41;253;city127;126;424;city287;353;358;city113;283;230;city280;409;441;city158;363;201;city293;213;111;city122
150;city290;475;53;city278;89;316;city267;57;333;city256;450;440;city155;115;434;city242;190;439;city70;147;255;city178;229;429;city57;347;200;city105
144;city242;373;333;city276;294;204;city187;12;445;city71;123;154;city83
133;city266;369;464;city83;445;221;city247;214;169;city85;364;67;city254;213;128;city265
160;city239;236;292;city200;471;368;city220
131;city196;209;310;city248
153;city221;448;401;city61;32;458;city148;21;476;city58;382;85;city251;292;421;city93;177;378;city286;16;155;city138;109;334;city149;6;20;city269
162;city217;311;66;city118;439;72;city152;316;131;city50
156;city183;461;366;city180;115;155;city195;297;277;city248;190;154;city186;439;427;city234
128;city284;80;174;city175;33;246;city224;367;434;city254;73;102;city246;63;130;city276;25;341;city296;238;459;city282;204;351;city223;364;98;city206;371;208;city137;280;168;city194;137;459;city63;410;485;city89;44;80;city160;103;84;city74;107;336;city192;78;300;city143
