ERROR 2
ERROR 4
ERROR 6
ERROR 10
ERROR 12
ERROR 13
ERROR 14
ERROR 16
ERROR 18
ERROR 20
ERROR 21
ERROR 23
ERROR 29
ERROR 31
ERROR 35
ERROR 37
ERROR 39
ERROR 45
ERROR 46
ERROR 49
ERROR 54
ERROR 59
ERROR 60
ERROR 63
ERROR 64
ERROR 68
ERROR 77
ERROR 81
ERROR 86
ERROR 90
ERROR 99
ERROR 100
ERROR 103
ERROR 104
ERROR 107
ERROR 116
ERROR 117
ERROR 119
ERROR 121
ERROR 122
ERROR 123
ERROR 125
ERROR 128
ERROR 130
ERROR 134
ERROR 138
ERROR 139
ERROR 140
ERROR 141
ERROR 146
ERROR 149
ERROR 151
ERROR 153
ERROR 155
ERROR 157
ERROR 158
ERROR 159
ERROR 160
ERROR 162
ERROR 163
ERROR 166
ERROR 167
ERROR 169
ERROR 173
ERROR 174
ERROR 175
ERROR 177
ERROR 182
ERROR 183
ERROR 184
ERROR 185
ERROR 186
ERROR 188
ERROR 193
ERROR 194
ERROR 200
ERROR 209
ERROR 210
ERROR 211
ERROR 212
ERROR 216
ERROR 218
ERROR 219
ERROR 220
ERROR 222
ERROR 223
ERROR 225
ERROR 227
ERROR 229
ERROR 230
ERROR 232
ERROR 234
ERROR 236
ERROR 239
ERROR 240
ERROR 241
ERROR 243
ERROR 244
ERROR 248
ERROR 249
ERROR 250
ERROR 252
ERROR 254
ERROR 255
ERROR 260
ERROR 261
ERROR 262
ERROR 263
ERROR 264
ERROR 265
ERROR 266
ERROR 268
ERROR 277
ERROR 279
ERROR 283
ERROR 288
ERROR 290
ERROR 292
ERROR 295
ERROR 296
ERROR 301
ERROR 303
ERROR 304
ERROR 306
ERROR 308
ERROR 309
ERROR 310
ERROR 311
ERROR 313
ERROR 314
ERROR 315
ERROR 316
ERROR 318
ERROR 320
ERROR 321
ERROR 322
ERROR 323
ERROR 324
ERROR 328
ERROR 330
ERROR 332
ERROR 333
ERROR 334
ERROR 338
ERROR 341
ERROR 344
ERROR 345
ERROR 347
ERROR 348
ERROR 354
ERROR 355
ERROR 360
ERROR 361
ERROR 362
ERROR 365
ERROR 366
ERROR 369
ERROR 372
ERROR 374
ERROR 375
ERROR 376
ERROR 377
ERROR 383
ERROR 385
ERROR 386
ERROR 392
ERROR 393
ERROR 394
ERROR 395
ERROR 397
ERROR 398
ERROR 399
ERROR 401
ERROR 403
ERROR 404
ERROR 405
ERROR 407
ERROR 408
ERROR 410
ERROR 411
ERROR 414
ERROR 415
ERROR 416
ERROR 417
ERROR 421
ERROR 425
ERROR 426
ERROR 428
ERROR 432
ERROR 433
ERROR 439
ERROR 441
ERROR 443
ERROR 444
ERROR 445
ERROR 448
ERROR 454
ERROR 455
ERROR 457
ERROR 460
ERROR 461
ERROR 465
ERROR 467
ERROR 470
ERROR 472
ERROR 473
ERROR 475
ERROR 477
ERROR 479
ERROR 482
ERROR 483
ERROR 485
ERROR 486
ERROR 489
ERROR 490
ERROR 491
ERROR 492
ERROR 493
ERROR 496
ERROR 497
ERROR 500
ERROR 502
ERROR 504
ERROR 507
ERROR 508
ERROR 509
ERROR 515
ERROR 517
ERROR 521
ERROR 522
ERROR 524
ERROR 525
ERROR 527
ERROR 528
ERROR 529
ERROR 531
ERROR 532
ERROR 533
ERROR 538
ERROR 540
ERROR 542
ERROR 544
ERROR 545
ERROR 546
ERROR 547
ERROR 550
ERROR 551
ERROR 552
ERROR 553
ERROR 554
ERROR 555
ERROR 556
ERROR 563
ERROR 565
ERROR 570
ERROR 571
ERROR 574
ERROR 575
ERROR 581
ERROR 582
ERROR 587
ERROR 588
ERROR 589
ERROR 590
ERROR 591
ERROR 592
ERROR 593
ERROR 594
ERROR 597
ERROR 604
ERROR 605
ERROR 608
ERROR 609
ERROR 611
ERROR 613
ERROR 616
ERROR 617
ERROR 620
ERROR 621
ERROR 622
ERROR 623
ERROR 624
ERROR 625
ERROR 626
ERROR 627
ERROR 635
ERROR 636
ERROR 638
ERROR 640
ERROR 641
ERROR 643
ERROR 644
ERROR 646
ERROR 647
ERROR 652
ERROR 654
ERROR 657
ERROR 658
ERROR 662
ERROR 664
ERROR 665
ERROR 666
ERROR 667
ERROR 668
ERROR 673
ERROR 676
ERROR 677
ERROR 680
ERROR 681
ERROR 682
ERROR 686
ERROR 687
ERROR 690
ERROR 691
ERROR 693
ERROR 696
ERROR 699
ERROR 702
ERROR 703
ERROR 704
ERROR 706
ERROR 707
ERROR 708
ERROR 711
ERROR 716
ERROR 717
ERROR 718
ERROR 724
ERROR 725
ERROR 726
ERROR 727
ERROR 730
ERROR 731
ERROR 732
ERROR 734
ERROR 741
ERROR 742
ERROR 746
ERROR 748
ERROR 749
ERROR 750
ERROR 751
ERROR 755
ERROR 758
ERROR 760
ERROR 762
ERROR 765
ERROR 767
ERROR 768
ERROR 769
ERROR 772
ERROR 775
ERROR 776
ERROR 777
ERROR 779
ERROR 780
ERROR 781
ERROR 782
ERROR 784
ERROR 785
ERROR 788
ERROR 790
ERROR 791
ERROR 793
ERROR 796
ERROR 802
ERROR 807
ERROR 809
ERROR 811
ERROR 812
ERROR 819
ERROR 822
ERROR 827
ERROR 829
ERROR 832
ERROR 833
ERROR 834
ERROR 836
ERROR 837
ERROR 839
ERROR 841
ERROR 843
ERROR 845
ERROR 847
ERROR 848
ERROR 849
ERROR 852
ERROR 853
ERROR 854
ERROR 855
ERROR 856
ERROR 857
ERROR 860
ERROR 863
ERROR 865
ERROR 866
ERROR 870
ERROR 872
ERROR 873
ERROR 874
ERROR 876
ERROR 877
ERROR 880
ERROR 881
ERROR 883
ERROR 884
ERROR 888
ERROR 893
ERROR 896
ERROR 905
ERROR 906
ERROR 907
ERROR 908
ERROR 910
ERROR 912
ERROR 913
ERROR 915
ERROR 919
ERROR 920
ERROR 921
ERROR 922
ERROR 923
ERROR 924
ERROR 926
ERROR 928
ERROR 929
ERROR 930
ERROR 935
ERROR 937
ERROR 938
ERROR 939
ERROR 941
ERROR 943
ERROR 945
ERROR 948
ERROR 949
ERROR 951
ERROR 952
ERROR 953
ERROR 955
ERROR 956
ERROR 958
ERROR 964
ERROR 966
ERROR 968
ERROR 970
ERROR 972
ERROR 976
ERROR 977
ERROR 978
ERROR 979
ERROR 980
ERROR 981
ERROR 982
ERROR 985
ERROR 986
ERROR 988
ERROR 989
ERROR 990
ERROR 992
ERROR 993
ERROR 994
ERROR 995
ERROR 996
ERROR 1003
ERROR 1004
ERROR 1009
ERROR 1011
ERROR 1012
ERROR 1016
ERROR 1017
ERROR 1018
ERROR 1019
ERROR 1021
ERROR 1022
ERROR 1025
ERROR 1027
ERROR 1028
ERROR 1029
ERROR 1032
ERROR 1033
ERROR 1041
ERROR 1044
ERROR 1046
ERROR 1048
ERROR 1049
ERROR 1052
ERROR 1054
ERROR 1056
ERROR 1058
ERROR 1060
ERROR 1061
ERROR 1065
ERROR 1066
ERROR 1070
ERROR 1071
ERROR 1073
ERROR 1079
ERROR 1080
ERROR 1081
ERROR 1082
ERROR 1084
ERROR 1086
ERROR 1087
ERROR 1089
ERROR 1090
ERROR 1091
ERROR 1093
ERROR 1095
ERROR 1096
ERROR 1097
ERROR 1098
ERROR 1099
ERROR 1100
ERROR 1102
ERROR 1107
ERROR 1108
ERROR 1109
ERROR 1110
ERROR 1114
ERROR 1116
ERROR 1119
ERROR 1120
ERROR 1123
ERROR 1125
ERROR 1132
ERROR 1133
ERROR 1134
ERROR 1136
ERROR 1139
ERROR 1141
ERROR 1142
ERROR 1143
ERROR 1144
ERROR 1145
ERROR 1146
ERROR 1149
ERROR 1150
ERROR 1152
ERROR 1155
ERROR 1156
ERROR 1157
ERROR 1159
ERROR 1160
ERROR 1162
ERROR 1164
ERROR 1168
ERROR 1169
ERROR 1170
ERROR 1172
ERROR 1173
ERROR 1178
ERROR 1179
ERROR 1180
ERROR 1181
ERROR 1183
ERROR 1189
ERROR 1190
ERROR 1191
ERROR 1192
ERROR 1193
ERROR 1194
ERROR 1197
ERROR 1201
ERROR 1202
ERROR 1203
ERROR 1204
ERROR 1207
ERROR 1208
ERROR 1211
ERROR 1212
ERROR 1214
ERROR 1217
ERROR 1221
ERROR 1222
ERROR 1223
ERROR 1225
ERROR 1229
ERROR 1232
ERROR 1235
ERROR 1236
ERROR 1237
ERROR 1238
ERROR 1239
ERROR 1241
ERROR 1242
ERROR 1245
ERROR 1248
ERROR 1249
ERROR 1251
ERROR 1252
ERROR 1253
ERROR 1254
ERROR 1256
ERROR 1257
ERROR 1258
ERROR 1259
ERROR 1263
ERROR 1266
ERROR 1269
ERROR 1270
ERROR 1273
ERROR 1274
ERROR 1277
ERROR 1280
ERROR 1281
ERROR 1282
ERROR 1285
ERROR 1286
ERROR 1287
ERROR 1288
ERROR 1289
ERROR 1291
ERROR 1292
ERROR 1296
ERROR 1297
ERROR 1303
ERROR 1304
ERROR 1305
ERROR 1308
ERROR 1309
ERROR 1311
ERROR 1312
ERROR 1315
ERROR 1316
ERROR 1317
ERROR 1319
ERROR 1320
ERROR 1321
ERROR 1322
ERROR 1323
ERROR 1324
ERROR 1325
ERROR 1326
ERROR 1328
ERROR 1331
ERROR 1332
ERROR 1336
ERROR 1337
ERROR 1338
ERROR 1340
ERROR 1341
ERROR 1342
ERROR 1344
ERROR 1345
ERROR 1346
ERROR 1347
ERROR 1355
ERROR 1356
ERROR 1357
ERROR 1358
ERROR 1360
ERROR 1361
ERROR 1362
ERROR 1364
ERROR 1366
ERROR 1377
ERROR 1378
ERROR 1380
ERROR 1383
ERROR 1384
ERROR 1386
ERROR 1387
ERROR 1388
ERROR 1389
ERROR 1390
ERROR 1391
ERROR 1393
ERROR 1394
ERROR 1395
ERROR 1397
ERROR 1399
ERROR 1401
ERROR 1402
ERROR 1404
ERROR 1405
ERROR 1411
ERROR 1412
ERROR 1413
ERROR 1414
ERROR 1417
ERROR 1418
ERROR 1419
ERROR 1420
ERROR 1424
ERROR 1425
ERROR 1427
ERROR 1429
ERROR 1431
ERROR 1434
ERROR 1435
ERROR 1437
ERROR 1439
ERROR 1440
ERROR 1443
ERROR 1445
ERROR 1446
ERROR 1447
ERROR 1448
ERROR 1449
ERROR 1450
ERROR 1452
ERROR 1454
ERROR 1455
ERROR 1456
ERROR 1463
ERROR 1466
ERROR 1467
ERROR 1468
ERROR 1469
ERROR 1472
ERROR 1474
ERROR 1477
ERROR 1478
ERROR 1482
ERROR 1483
ERROR 1484
ERROR 1485
ERROR 1487
ERROR 1494
ERROR 1495
ERROR 1498
ERROR 1501
ERROR 1504
ERROR 1505
ERROR 1508
ERROR 1509
ERROR 1511
ERROR 1512
ERROR 1515
ERROR 1516
ERROR 1517
ERROR 1518
ERROR 1520
ERROR 1523
ERROR 1525
ERROR 1527
ERROR 1529
ERROR 1530
ERROR 1531
ERROR 1533
ERROR 1534
ERROR 1535
ERROR 1537
ERROR 1538
ERROR 1539
ERROR 1541
ERROR 1542
ERROR 1543
ERROR 1544
ERROR 1545
ERROR 1546
ERROR 1547
ERROR 1549
ERROR 1551
ERROR 1554
ERROR 1558
ERROR 1559
ERROR 1562
ERROR 1563
ERROR 1564
ERROR 1565
ERROR 1567
ERROR 1568
ERROR 1572
ERROR 1573
ERROR 1577
ERROR 1580
ERROR 1581
ERROR 1582
ERROR 1584
ERROR 1585
ERROR 1586
ERROR 1589
ERROR 1590
ERROR 1591
ERROR 1594
ERROR 1595
ERROR 1596
ERROR 1597
ERROR 1598
ERROR 1599
ERROR 1600
ERROR 1601
ERROR 1603
ERROR 1604
ERROR 1605
ERROR 1610
ERROR 1612
ERROR 1614
ERROR 1616
ERROR 1619
ERROR 1621
ERROR 1625
ERROR 1628
ERROR 1629
ERROR 1630
ERROR 1632
ERROR 1634
ERROR 1640
ERROR 1641
ERROR 1642
ERROR 1648
ERROR 1652
ERROR 1660
ERROR 1662
ERROR 1663
ERROR 1670
ERROR 1673
ERROR 1674
ERROR 1679
ERROR 1681
ERROR 1684
ERROR 1685
ERROR 1689
ERROR 1691
ERROR 1692
ERROR 1693
ERROR 1695
ERROR 1696
ERROR 1700
ERROR 1703
ERROR 1705
ERROR 1708
ERROR 1710
ERROR 1714
ERROR 1718
ERROR 1720
ERROR 1721
ERROR 1722
ERROR 1725
ERROR 1734
ERROR 1736
ERROR 1738
ERROR 1739
ERROR 1741
ERROR 1743
ERROR 1744
ERROR 1745
ERROR 1746
ERROR 1748
ERROR 1751
ERROR 1753
ERROR 1756
ERROR 1757
ERROR 1759
ERROR 1761
ERROR 1769
ERROR 1772
ERROR 1775
ERROR 1778
ERROR 1780
ERROR 1781
ERROR 1782
ERROR 1784
ERROR 1785
ERROR 1786
ERROR 1787
ERROR 1789
ERROR 1790
ERROR 1793
ERROR 1795
ERROR 1796
ERROR 1797
ERROR 1800
ERROR 1801
ERROR 1806
ERROR 1807
ERROR 1809
ERROR 1810
ERROR 1813
ERROR 1816
ERROR 1817
ERROR 1819
ERROR 1823
ERROR 1824
ERROR 1825
ERROR 1826
ERROR 1827
ERROR 1832
ERROR 1833
ERROR 1834
ERROR 1835
ERROR 1839
ERROR 1841
ERROR 1842
ERROR 1846
ERROR 1847
ERROR 1848
ERROR 1849
ERROR 1850
ERROR 1851
ERROR 1853
ERROR 1854
ERROR 1855
ERROR 1857
ERROR 1860
ERROR 1863
ERROR 1864
ERROR 1865
ERROR 1868
ERROR 1869
ERROR 1870
ERROR 1871
ERROR 1873
ERROR 1876
ERROR 1879
ERROR 1880
ERROR 1884
ERROR 1885
ERROR 1886
ERROR 1889
ERROR 1891
ERROR 1894
ERROR 1896
ERROR 1897
ERROR 1903
ERROR 1908
ERROR 1910
ERROR 1912
ERROR 1913
ERROR 1914
ERROR 1915
ERROR 1916
ERROR 1918
ERROR 1919
