ERROR 7
ERROR 16
ERROR 18
ERROR 20
ERROR 21
ERROR 27
ERROR 31
ERROR 35
ERROR 38
ERROR 39
ERROR 41
ERROR 47
ERROR 49
ERROR 51
ERROR 62
ERROR 68
ERROR 69
ERROR 70
ERROR 72
ERROR 78
ERROR 85
ERROR 89
ERROR 90
ERROR 92
ERROR 93
ERROR 94
ERROR 98
ERROR 102
ERROR 104
ERROR 108
ERROR 110
ERROR 111
ERROR 119
ERROR 122
ERROR 123
ERROR 128
ERROR 129
ERROR 131
ERROR 136
ERROR 140
ERROR 142
ERROR 144
ERROR 146
ERROR 147
ERROR 148
ERROR 150
ERROR 153
ERROR 155
ERROR 157
ERROR 159
ERROR 161
ERROR 163
ERROR 164
ERROR 166
ERROR 170
ERROR 172
ERROR 173
ERROR 176
ERROR 178
ERROR 179
ERROR 180
ERROR 181
ERROR 182
ERROR 185
ERROR 193
ERROR 194
ERROR 196
ERROR 198
ERROR 200
ERROR 201
ERROR 203
ERROR 204
ERROR 206
ERROR 207
ERROR 208
ERROR 209
ERROR 210
ERROR 211
ERROR 213
ERROR 217
ERROR 218
ERROR 219
ERROR 221
ERROR 222
ERROR 229
ERROR 234
ERROR 235
ERROR 238
ERROR 239
ERROR 240
ERROR 243
ERROR 246
ERROR 247
ERROR 248
ERROR 250
ERROR 251
ERROR 253
ERROR 255
ERROR 257
ERROR 258
ERROR 259
ERROR 260
ERROR 265
ERROR 267
ERROR 269
ERROR 270
ERROR 271
ERROR 272
ERROR 274
ERROR 276
ERROR 278
ERROR 279
ERROR 281
ERROR 282
ERROR 284
ERROR 287
ERROR 289
ERROR 291
ERROR 293
ERROR 298
ERROR 301
ERROR 303
ERROR 304
ERROR 307
ERROR 308
ERROR 309
ERROR 312
ERROR 313
ERROR 314
ERROR 315
ERROR 316
ERROR 317
ERROR 319
ERROR 324
ERROR 325
ERROR 327
ERROR 328
ERROR 329
ERROR 332
ERROR 334
ERROR 336
ERROR 338
ERROR 339
ERROR 341
ERROR 344
ERROR 346
ERROR 348
ERROR 349
ERROR 352
ERROR 353
ERROR 354
ERROR 355
ERROR 356
ERROR 357
ERROR 358
ERROR 360
ERROR 361
ERROR 362
ERROR 363
ERROR 364
ERROR 366
ERROR 367
ERROR 368
ERROR 370
ERROR 371
ERROR 373
ERROR 374
ERROR 379
ERROR 380
ERROR 382
ERROR 383
ERROR 386
ERROR 388
ERROR 392
ERROR 393
ERROR 395
ERROR 398
ERROR 405
ERROR 407
ERROR 410
ERROR 417
ERROR 419
ERROR 421
ERROR 424
ERROR 425
ERROR 429
ERROR 432
ERROR 435
ERROR 440
ERROR 442
ERROR 443
ERROR 444
ERROR 448
ERROR 451
ERROR 453
ERROR 459
ERROR 460
ERROR 462
ERROR 466
ERROR 469
ERROR 470
ERROR 478
ERROR 479
ERROR 487
ERROR 489
ERROR 492
ERROR 493
ERROR 494
ERROR 499
ERROR 504
ERROR 506
ERROR 510
ERROR 511
ERROR 513
ERROR 514
ERROR 515
ERROR 516
ERROR 519
ERROR 522
ERROR 523
ERROR 526
ERROR 529
ERROR 530
ERROR 532
ERROR 533
ERROR 537
ERROR 538
ERROR 544
ERROR 545
ERROR 549
ERROR 550
ERROR 551
ERROR 552
ERROR 553
ERROR 554
ERROR 556
ERROR 560
ERROR 565
ERROR 568
ERROR 569
ERROR 573
ERROR 574
ERROR 578
ERROR 580
ERROR 582
ERROR 584
ERROR 585
ERROR 586
ERROR 593
ERROR 594
ERROR 595
ERROR 600
ERROR 602
ERROR 603
ERROR 604
ERROR 607
ERROR 608
ERROR 611
ERROR 612
ERROR 613
ERROR 615
ERROR 616
ERROR 619
ERROR 622
ERROR 623
ERROR 625
ERROR 626
ERROR 627
ERROR 628
ERROR 630
ERROR 631
ERROR 634
ERROR 635
ERROR 638
ERROR 640
ERROR 641
ERROR 643
ERROR 648
ERROR 649
ERROR 650
ERROR 651
ERROR 653
ERROR 654
ERROR 658
ERROR 660
ERROR 661
ERROR 663
ERROR 668
ERROR 670
ERROR 671
ERROR 675
ERROR 676
ERROR 677
ERROR 678
ERROR 679
ERROR 680
ERROR 684
ERROR 685
ERROR 686
ERROR 688
ERROR 689
ERROR 690
ERROR 691
ERROR 693
ERROR 694
ERROR 697
ERROR 698
ERROR 700
ERROR 701
ERROR 702
ERROR 704
ERROR 708
ERROR 712
ERROR 713
ERROR 714
ERROR 715
ERROR 716
ERROR 717
ERROR 721
ERROR 722
ERROR 725
ERROR 727
ERROR 728
ERROR 729
ERROR 732
ERROR 733
ERROR 735
ERROR 738
ERROR 739
ERROR 741
ERROR 743
ERROR 745
ERROR 746
ERROR 747
ERROR 748
ERROR 750
ERROR 751
ERROR 760
ERROR 763
ERROR 765
ERROR 771
ERROR 772
ERROR 773
ERROR 774
ERROR 777
ERROR 781
ERROR 782
ERROR 787
ERROR 791
ERROR 793
ERROR 795
ERROR 797
ERROR 799
ERROR 800
ERROR 801
ERROR 806
ERROR 810
ERROR 816
ERROR 819
ERROR 822
ERROR 826
ERROR 827
ERROR 828
ERROR 836
ERROR 838
ERROR 840
ERROR 841
ERROR 842
ERROR 843
ERROR 845
ERROR 846
ERROR 847
ERROR 851
ERROR 852
ERROR 854
ERROR 855
ERROR 857
ERROR 860
ERROR 864
ERROR 870
ERROR 871
ERROR 872
ERROR 874
ERROR 877
ERROR 878
ERROR 882
ERROR 884
ERROR 888
ERROR 891
ERROR 893
ERROR 894
ERROR 897
ERROR 898
ERROR 899
ERROR 900
ERROR 901
ERROR 904
ERROR 905
ERROR 906
ERROR 907
ERROR 909
ERROR 910
ERROR 914
ERROR 915
ERROR 917
ERROR 919
ERROR 920
ERROR 922
ERROR 925
ERROR 927
ERROR 928
ERROR 931
ERROR 933
ERROR 936
ERROR 937
ERROR 938
ERROR 939
ERROR 942
ERROR 944
ERROR 948
ERROR 949
ERROR 950
ERROR 951
ERROR 952
ERROR 955
ERROR 957
ERROR 958
ERROR 959
ERROR 960
ERROR 964
ERROR 966
ERROR 968
ERROR 969
ERROR 971
ERROR 972
ERROR 975
ERROR 978
ERROR 979
ERROR 980
ERROR 981
ERROR 982
ERROR 983
ERROR 988
ERROR 989
ERROR 990
ERROR 992
ERROR 993
ERROR 994
ERROR 996
ERROR 997
ERROR 998
ERROR 999
ERROR 1000
ERROR 1001
ERROR 1002
ERROR 1013
ERROR 1014
ERROR 1015
ERROR 1016
ERROR 1020
ERROR 1021
ERROR 1022
ERROR 1023
ERROR 1024
ERROR 1026
ERROR 1027
ERROR 1029
ERROR 1030
ERROR 1035
ERROR 1036
ERROR 1037
ERROR 1039
ERROR 1040
ERROR 1041
ERROR 1042
ERROR 1043
ERROR 1044
ERROR 1045
ERROR 1047
ERROR 1049
ERROR 1050
ERROR 1051
ERROR 1052
ERROR 1053
ERROR 1055
ERROR 1056
ERROR 1059
ERROR 1061
ERROR 1063
ERROR 1065
ERROR 1068
ERROR 1069
ERROR 1071
ERROR 1074
ERROR 1076
ERROR 1077
ERROR 1078
ERROR 1079
ERROR 1080
ERROR 1082
ERROR 1084
ERROR 1085
ERROR 1086
ERROR 1087
ERROR 1090
ERROR 1093
ERROR 1094
ERROR 1096
ERROR 1098
ERROR 1099
ERROR 1105
ERROR 1106
ERROR 1109
ERROR 1111
ERROR 1112
ERROR 1113
ERROR 1115
ERROR 1116
ERROR 1118
ERROR 1120
ERROR 1122
ERROR 1125
ERROR 1127
ERROR 1129
ERROR 1130
ERROR 1131
ERROR 1133
ERROR 1136
ERROR 1138
ERROR 1140
ERROR 1141
ERROR 1142
ERROR 1143
ERROR 1147
ERROR 1151
ERROR 1152
ERROR 1160
ERROR 1161
ERROR 1162
ERROR 1163
ERROR 1166
ERROR 1172
ERROR 1177
ERROR 1178
ERROR 1181
ERROR 1182
ERROR 1184
ERROR 1185
ERROR 1192
ERROR 1193
ERROR 1195
ERROR 1198
ERROR 1199
ERROR 1201
ERROR 1207
ERROR 1208
ERROR 1210
ERROR 1211
ERROR 1212
ERROR 1218
ERROR 1219
ERROR 1220
ERROR 1222
ERROR 1223
ERROR 1224
ERROR 1226
ERROR 1227
ERROR 1228
ERROR 1229
ERROR 1230
ERROR 1231
ERROR 1233
ERROR 1234
ERROR 1235
ERROR 1236
ERROR 1237
ERROR 1241
ERROR 1243
ERROR 1244
ERROR 1245
ERROR 1247
ERROR 1248
ERROR 1250
ERROR 1252
ERROR 1253
ERROR 1255
ERROR 1256
ERROR 1257
ERROR 1258
ERROR 1260
ERROR 1264
ERROR 1265
ERROR 1269
ERROR 1270
ERROR 1271
ERROR 1273
ERROR 1278
ERROR 1279
ERROR 1280
ERROR 1283
ERROR 1286
ERROR 1287
ERROR 1289
ERROR 1291
ERROR 1292
ERROR 1293
ERROR 1296
ERROR 1297
ERROR 1301
ERROR 1302
ERROR 1304
ERROR 1308
ERROR 1309
ERROR 1313
ERROR 1314
ERROR 1317
ERROR 1318
ERROR 1319
ERROR 1321
ERROR 1322
ERROR 1324
ERROR 1332
ERROR 1333
ERROR 1334
ERROR 1336
ERROR 1337
ERROR 1338
ERROR 1339
ERROR 1344
ERROR 1345
ERROR 1349
ERROR 1351
ERROR 1352
ERROR 1353
ERROR 1357
ERROR 1359
ERROR 1360
ERROR 1361
ERROR 1364
ERROR 1365
ERROR 1368
ERROR 1369
ERROR 1371
ERROR 1372
ERROR 1373
ERROR 1375
ERROR 1377
ERROR 1378
ERROR 1382
ERROR 1383
ERROR 1384
ERROR 1385
ERROR 1387
ERROR 1388
ERROR 1391
ERROR 1392
ERROR 1393
ERROR 1394
ERROR 1395
ERROR 1396
ERROR 1399
ERROR 1400
ERROR 1401
ERROR 1402
ERROR 1405
ERROR 1407
ERROR 1418
ERROR 1421
ERROR 1422
ERROR 1425
ERROR 1428
ERROR 1429
ERROR 1431
ERROR 1433
ERROR 1434
ERROR 1436
ERROR 1437
ERROR 1440
ERROR 1441
ERROR 1442
ERROR 1443
ERROR 1450
ERROR 1452
ERROR 1453
ERROR 1454
ERROR 1458
ERROR 1464
ERROR 1465
ERROR 1467
ERROR 1468
ERROR 1470
ERROR 1474
ERROR 1475
ERROR 1476
ERROR 1477
ERROR 1487
ERROR 1488
ERROR 1490
ERROR 1492
ERROR 1497
ERROR 1500
ERROR 1501
ERROR 1504
ERROR 1505
ERROR 1506
ERROR 1508
ERROR 1510
ERROR 1512
ERROR 1513
ERROR 1514
ERROR 1517
ERROR 1518
ERROR 1519
ERROR 1521
ERROR 1522
ERROR 1523
ERROR 1524
ERROR 1526
ERROR 1528
ERROR 1529
ERROR 1530
ERROR 1534
ERROR 1535
ERROR 1536
ERROR 1538
ERROR 1541
ERROR 1542
ERROR 1543
ERROR 1544
ERROR 1545
ERROR 1547
ERROR 1548
ERROR 1550
ERROR 1552
ERROR 1553
ERROR 1556
ERROR 1557
ERROR 1560
ERROR 1564
ERROR 1565
ERROR 1566
ERROR 1567
ERROR 1568
ERROR 1569
ERROR 1570
ERROR 1571
ERROR 1572
ERROR 1576
ERROR 1578
ERROR 1580
ERROR 1581
ERROR 1582
ERROR 1587
ERROR 1588
ERROR 1589
ERROR 1591
ERROR 1593
ERROR 1598
ERROR 1600
ERROR 1602
ERROR 1603
ERROR 1604
ERROR 1610
ERROR 1613
ERROR 1615
ERROR 1616
ERROR 1617
ERROR 1619
ERROR 1621
ERROR 1626
ERROR 1627
ERROR 1629
ERROR 1632
ERROR 1633
ERROR 1635
ERROR 1638
ERROR 1642
ERROR 1644
ERROR 1645
ERROR 1646
ERROR 1648
ERROR 1650
ERROR 1651
ERROR 1652
ERROR 1653
ERROR 1654
ERROR 1655
ERROR 1658
ERROR 1660
ERROR 1661
ERROR 1663
ERROR 1664
ERROR 1665
ERROR 1666
ERROR 1667
ERROR 1668
ERROR 1671
ERROR 1672
ERROR 1675
ERROR 1676
ERROR 1677
ERROR 1678
ERROR 1679
ERROR 1680
ERROR 1681
ERROR 1682
ERROR 1684
ERROR 1685
ERROR 1687
ERROR 1688
ERROR 1689
ERROR 1691
ERROR 1692
ERROR 1693
ERROR 1696
ERROR 1697
ERROR 1700
ERROR 1701
ERROR 1703
ERROR 1706
ERROR 1707
ERROR 1709
ERROR 1710
ERROR 1711
ERROR 1712
ERROR 1713
ERROR 1714
ERROR 1715
ERROR 1716
ERROR 1717
ERROR 1718
ERROR 1719
ERROR 1723
ERROR 1725
ERROR 1726
ERROR 1728
ERROR 1731
ERROR 1732
ERROR 1733
ERROR 1735
ERROR 1739
ERROR 1740
ERROR 1741
ERROR 1742
ERROR 1744
ERROR 1746
ERROR 1751
ERROR 1752
ERROR 1754
ERROR 1755
ERROR 1756
ERROR 1758
ERROR 1760
ERROR 1762
ERROR 1766
ERROR 1769
ERROR 1772
ERROR 1773
ERROR 1775
ERROR 1777
ERROR 1785
ERROR 1786
ERROR 1788
ERROR 1789
ERROR 1792
ERROR 1793
ERROR 1794
ERROR 1796
ERROR 1797
ERROR 1798
ERROR 1799
ERROR 1800
ERROR 1804
ERROR 1807
ERROR 1808
ERROR 1809
ERROR 1811
ERROR 1812
ERROR 1813
ERROR 1815
ERROR 1819
ERROR 1820
ERROR 1821
ERROR 1822
ERROR 1827
ERROR 1828
ERROR 1829
ERROR 1830
ERROR 1831
ERROR 1832
ERROR 1833
ERROR 1839
ERROR 1840
ERROR 1842
ERROR 1843
ERROR 1850
ERROR 1853
ERROR 1858
ERROR 1860
ERROR 1864
ERROR 1867
ERROR 1869
ERROR 1870
ERROR 1871
ERROR 1872
ERROR 1875
ERROR 1876
ERROR 1877
ERROR 1878
ERROR 1879
ERROR 1881
ERROR 1884
ERROR 1885
ERROR 1887
ERROR 1888
ERROR 1889
ERROR 1890
ERROR 1891
ERROR 1892
