ERROR 7
ERROR 10
ERROR 12
ERROR 13
ERROR 16
ERROR 18
ERROR 19
ERROR 20
ERROR 21
ERROR 25
ERROR 37
ERROR 40
ERROR 46
ERROR 48
ERROR 59
ERROR 62
ERROR 64
ERROR 65
ERROR 70
ERROR 74
ERROR 75
ERROR 76
ERROR 79
ERROR 89
ERROR 91
ERROR 92
ERROR 96
ERROR 97
ERROR 98
ERROR 102
ERROR 103
ERROR 105
ERROR 107
ERROR 109
ERROR 110
ERROR 114
ERROR 119
ERROR 120
ERROR 121
ERROR 125
ERROR 126
ERROR 127
ERROR 128
ERROR 129
ERROR 130
ERROR 134
ERROR 135
ERROR 139
ERROR 143
ERROR 144
ERROR 145
ERROR 146
ERROR 147
ERROR 148
ERROR 150
ERROR 151
ERROR 153
ERROR 154
ERROR 155
ERROR 156
ERROR 162
ERROR 163
ERROR 166
ERROR 168
ERROR 170
ERROR 172
ERROR 174
ERROR 177
ERROR 185
ERROR 192
ERROR 196
ERROR 197
ERROR 204
ERROR 210
ERROR 211
ERROR 212
ERROR 214
ERROR 216
ERROR 218
ERROR 219
ERROR 220
ERROR 221
ERROR 223
ERROR 225
ERROR 226
ERROR 228
ERROR 230
ERROR 233
ERROR 234
ERROR 235
ERROR 236
ERROR 239
ERROR 245
ERROR 250
ERROR 253
ERROR 254
ERROR 255
ERROR 256
ERROR 258
ERROR 261
ERROR 266
ERROR 267
ERROR 269
ERROR 271
ERROR 272
ERROR 281
ERROR 282
ERROR 283
ERROR 285
ERROR 287
ERROR 288
ERROR 289
ERROR 291
ERROR 292
ERROR 294
ERROR 295
ERROR 297
ERROR 303
ERROR 306
ERROR 309
ERROR 314
ERROR 316
ERROR 318
ERROR 326
ERROR 328
ERROR 329
ERROR 330
ERROR 331
ERROR 333
ERROR 334
ERROR 336
ERROR 338
ERROR 341
ERROR 342
ERROR 343
ERROR 344
ERROR 346
ERROR 354
ERROR 355
ERROR 358
ERROR 361
ERROR 364
ERROR 365
ERROR 370
ERROR 372
ERROR 375
ERROR 377
ERROR 378
ERROR 380
ERROR 381
ERROR 383
ERROR 387
ERROR 392
ERROR 394
ERROR 395
ERROR 396
ERROR 397
ERROR 399
ERROR 402
ERROR 403
ERROR 404
ERROR 405
ERROR 406
ERROR 408
ERROR 413
ERROR 419
ERROR 421
ERROR 426
ERROR 429
ERROR 431
ERROR 432
ERROR 434
ERROR 436
ERROR 438
ERROR 439
ERROR 440
ERROR 444
ERROR 445
ERROR 446
ERROR 447
ERROR 448
ERROR 455
ERROR 460
ERROR 461
ERROR 468
ERROR 470
ERROR 472
ERROR 476
ERROR 478
ERROR 479
ERROR 482
ERROR 483
ERROR 484
ERROR 485
ERROR 486
ERROR 487
ERROR 488
ERROR 489
ERROR 491
ERROR 496
ERROR 498
ERROR 500
ERROR 501
ERROR 504
ERROR 508
ERROR 510
ERROR 511
ERROR 514
ERROR 519
ERROR 522
ERROR 523
ERROR 526
ERROR 529
ERROR 531
ERROR 535
ERROR 537
ERROR 538
ERROR 540
ERROR 543
ERROR 544
ERROR 546
ERROR 548
ERROR 551
ERROR 552
ERROR 554
ERROR 556
ERROR 557
ERROR 560
ERROR 561
ERROR 563
ERROR 565
ERROR 571
ERROR 572
ERROR 577
ERROR 578
ERROR 579
ERROR 580
ERROR 585
ERROR 586
ERROR 587
ERROR 590
ERROR 592
ERROR 593
ERROR 594
ERROR 596
ERROR 597
ERROR 598
ERROR 600
ERROR 602
ERROR 605
ERROR 606
ERROR 607
ERROR 608
ERROR 610
ERROR 611
ERROR 613
ERROR 614
ERROR 615
ERROR 617
ERROR 618
ERROR 620
ERROR 621
ERROR 622
ERROR 623
ERROR 624
ERROR 627
ERROR 628
ERROR 631
ERROR 632
ERROR 635
ERROR 638
ERROR 640
ERROR 641
ERROR 644
ERROR 648
ERROR 649
ERROR 650
ERROR 652
ERROR 655
ERROR 659
ERROR 662
ERROR 663
ERROR 664
ERROR 666
ERROR 667
ERROR 670
ERROR 671
ERROR 673
ERROR 677
ERROR 680
ERROR 681
ERROR 682
ERROR 684
ERROR 687
ERROR 689
ERROR 690
ERROR 691
ERROR 695
ERROR 697
ERROR 701
ERROR 702
ERROR 703
ERROR 704
ERROR 706
ERROR 707
ERROR 708
ERROR 709
ERROR 710
ERROR 712
ERROR 715
ERROR 716
ERROR 717
ERROR 718
ERROR 720
ERROR 721
ERROR 722
ERROR 723
ERROR 725
ERROR 727
ERROR 728
ERROR 731
ERROR 735
ERROR 736
ERROR 737
ERROR 738
ERROR 739
ERROR 740
ERROR 742
ERROR 743
ERROR 744
ERROR 745
ERROR 747
ERROR 749
ERROR 750
ERROR 753
ERROR 755
ERROR 758
ERROR 760
ERROR 762
ERROR 763
ERROR 768
ERROR 769
ERROR 770
ERROR 772
ERROR 773
ERROR 774
ERROR 775
ERROR 777
ERROR 779
ERROR 782
ERROR 784
ERROR 785
ERROR 787
ERROR 788
ERROR 791
ERROR 792
ERROR 795
ERROR 796
ERROR 798
ERROR 800
ERROR 803
ERROR 811
ERROR 812
ERROR 813
ERROR 816
ERROR 817
ERROR 819
ERROR 820
ERROR 821
ERROR 824
ERROR 826
ERROR 828
ERROR 834
ERROR 835
ERROR 837
ERROR 839
ERROR 840
ERROR 842
ERROR 844
ERROR 845
ERROR 847
ERROR 849
ERROR 855
ERROR 857
ERROR 858
ERROR 861
ERROR 865
ERROR 867
ERROR 869
ERROR 870
ERROR 871
ERROR 875
ERROR 877
ERROR 879
ERROR 883
ERROR 884
ERROR 885
ERROR 886
ERROR 887
ERROR 890
ERROR 891
ERROR 892
ERROR 893
ERROR 894
ERROR 895
ERROR 896
ERROR 897
ERROR 898
ERROR 900
ERROR 901
ERROR 903
ERROR 905
ERROR 906
ERROR 909
ERROR 910
ERROR 911
ERROR 913
ERROR 914
ERROR 916
ERROR 917
ERROR 919
ERROR 921
ERROR 922
ERROR 926
ERROR 928
ERROR 930
ERROR 933
ERROR 934
ERROR 937
ERROR 939
ERROR 940
ERROR 943
ERROR 947
ERROR 948
ERROR 951
ERROR 952
ERROR 954
ERROR 959
ERROR 960
ERROR 961
ERROR 963
ERROR 964
ERROR 965
ERROR 968
ERROR 969
ERROR 971
ERROR 972
ERROR 974
ERROR 975
ERROR 976
ERROR 980
ERROR 981
ERROR 984
ERROR 986
ERROR 987
ERROR 988
ERROR 989
ERROR 991
ERROR 994
ERROR 995
ERROR 999
ERROR 1000
ERROR 1001
ERROR 1002
ERROR 1003
ERROR 1005
ERROR 1008
ERROR 1009
ERROR 1012
ERROR 1015
ERROR 1016
ERROR 1017
ERROR 1019
ERROR 1021
ERROR 1022
ERROR 1025
ERROR 1028
ERROR 1030
ERROR 1031
ERROR 1032
ERROR 1033
ERROR 1034
ERROR 1037
ERROR 1039
ERROR 1041
ERROR 1045
ERROR 1046
ERROR 1047
ERROR 1048
ERROR 1050
ERROR 1052
ERROR 1054
ERROR 1061
ERROR 1062
ERROR 1066
ERROR 1067
ERROR 1068
ERROR 1069
ERROR 1070
ERROR 1080
ERROR 1081
ERROR 1085
ERROR 1087
ERROR 1089
ERROR 1091
ERROR 1092
ERROR 1096
ERROR 1098
ERROR 1099
ERROR 1100
ERROR 1101
ERROR 1102
ERROR 1103
ERROR 1105
ERROR 1106
ERROR 1111
ERROR 1112
ERROR 1113
ERROR 1114
ERROR 1115
ERROR 1116
ERROR 1119
ERROR 1120
ERROR 1121
ERROR 1125
ERROR 1126
ERROR 1127
ERROR 1129
ERROR 1131
ERROR 1132
ERROR 1137
ERROR 1138
ERROR 1139
ERROR 1140
ERROR 1147
ERROR 1148
ERROR 1154
ERROR 1156
ERROR 1157
ERROR 1162
ERROR 1165
ERROR 1167
ERROR 1168
ERROR 1171
ERROR 1172
ERROR 1173
ERROR 1176
ERROR 1177
ERROR 1179
ERROR 1180
ERROR 1183
ERROR 1184
ERROR 1187
ERROR 1188
ERROR 1189
ERROR 1190
ERROR 1194
ERROR 1195
ERROR 1197
ERROR 1198
ERROR 1202
ERROR 1204
ERROR 1205
ERROR 1207
ERROR 1208
ERROR 1210
ERROR 1212
ERROR 1213
ERROR 1214
ERROR 1216
ERROR 1218
ERROR 1220
ERROR 1223
ERROR 1224
ERROR 1225
ERROR 1227
ERROR 1228
ERROR 1229
ERROR 1231
ERROR 1237
ERROR 1241
ERROR 1242
ERROR 1247
ERROR 1248
ERROR 1250
ERROR 1251
ERROR 1252
ERROR 1253
ERROR 1254
ERROR 1255
ERROR 1260
ERROR 1261
ERROR 1262
ERROR 1263
ERROR 1264
ERROR 1266
ERROR 1267
ERROR 1268
ERROR 1269
ERROR 1270
ERROR 1274
ERROR 1275
ERROR 1277
ERROR 1279
ERROR 1282
ERROR 1284
ERROR 1286
ERROR 1287
ERROR 1291
ERROR 1292
ERROR 1294
ERROR 1295
ERROR 1298
ERROR 1299
ERROR 1301
ERROR 1302
ERROR 1303
ERROR 1304
ERROR 1305
ERROR 1306
ERROR 1309
ERROR 1311
ERROR 1313
ERROR 1314
ERROR 1316
ERROR 1318
ERROR 1324
ERROR 1326
ERROR 1327
ERROR 1328
ERROR 1329
ERROR 1330
ERROR 1331
ERROR 1334
ERROR 1335
ERROR 1336
ERROR 1339
ERROR 1340
ERROR 1342
ERROR 1343
ERROR 1345
ERROR 1348
ERROR 1350
ERROR 1351
ERROR 1353
ERROR 1354
ERROR 1356
ERROR 1357
ERROR 1362
ERROR 1365
ERROR 1367
ERROR 1368
ERROR 1372
ERROR 1375
ERROR 1378
ERROR 1379
ERROR 1381
ERROR 1382
ERROR 1385
ERROR 1390
ERROR 1391
ERROR 1392
ERROR 1393
ERROR 1395
ERROR 1396
ERROR 1399
ERROR 1401
ERROR 1402
ERROR 1404
ERROR 1405
ERROR 1411
ERROR 1415
ERROR 1417
ERROR 1418
ERROR 1422
ERROR 1423
ERROR 1430
ERROR 1431
ERROR 1433
ERROR 1434
ERROR 1435
ERROR 1437
ERROR 1439
ERROR 1441
ERROR 1442
ERROR 1444
ERROR 1448
ERROR 1449
ERROR 1451
ERROR 1454
ERROR 1458
ERROR 1461
ERROR 1465
ERROR 1466
ERROR 1468
ERROR 1471
ERROR 1472
ERROR 1474
ERROR 1476
ERROR 1477
ERROR 1478
ERROR 1480
ERROR 1482
ERROR 1483
ERROR 1486
ERROR 1487
ERROR 1489
ERROR 1491
ERROR 1492
ERROR 1493
ERROR 1496
ERROR 1497
ERROR 1500
ERROR 1501
ERROR 1502
ERROR 1503
ERROR 1506
ERROR 1507
ERROR 1508
ERROR 1512
ERROR 1514
ERROR 1516
ERROR 1520
ERROR 1521
ERROR 1526
ERROR 1533
ERROR 1536
ERROR 1537
ERROR 1540
ERROR 1542
ERROR 1543
ERROR 1545
ERROR 1547
ERROR 1548
ERROR 1549
ERROR 1551
ERROR 1552
ERROR 1554
ERROR 1556
ERROR 1557
ERROR 1558
ERROR 1560
ERROR 1563
ERROR 1564
ERROR 1569
ERROR 1572
ERROR 1573
ERROR 1574
ERROR 1577
ERROR 1578
ERROR 1579
ERROR 1581
ERROR 1584
ERROR 1585
ERROR 1587
ERROR 1592
ERROR 1593
ERROR 1594
ERROR 1596
ERROR 1597
ERROR 1602
ERROR 1606
ERROR 1607
ERROR 1609
ERROR 1611
ERROR 1613
ERROR 1619
ERROR 1620
ERROR 1622
ERROR 1623
ERROR 1625
ERROR 1627
ERROR 1628
ERROR 1630
ERROR 1634
ERROR 1638
ERROR 1641
ERROR 1642
ERROR 1646
ERROR 1647
ERROR 1649
ERROR 1651
ERROR 1652
ERROR 1657
ERROR 1661
ERROR 1665
ERROR 1667
ERROR 1673
ERROR 1677
ERROR 1679
ERROR 1680
ERROR 1681
ERROR 1683
ERROR 1687
ERROR 1688
ERROR 1691
ERROR 1692
ERROR 1694
ERROR 1696
ERROR 1700
ERROR 1703
ERROR 1706
ERROR 1714
ERROR 1715
ERROR 1716
ERROR 1717
ERROR 1718
ERROR 1720
ERROR 1721
ERROR 1722
ERROR 1727
ERROR 1729
ERROR 1730
ERROR 1732
ERROR 1734
ERROR 1735
ERROR 1737
ERROR 1743
ERROR 1745
ERROR 1748
ERROR 1751
ERROR 1752
ERROR 1754
ERROR 1755
ERROR 1759
ERROR 1762
ERROR 1768
ERROR 1769
ERROR 1771
ERROR 1774
ERROR 1777
ERROR 1778
ERROR 1780
ERROR 1782
ERROR 1783
ERROR 1784
ERROR 1787
ERROR 1789
ERROR 1791
ERROR 1793
ERROR 1796
ERROR 1797
ERROR 1799
ERROR 1801
ERROR 1802
ERROR 1804
ERROR 1805
ERROR 1807
ERROR 1808
ERROR 1810
ERROR 1811
ERROR 1812
ERROR 1813
ERROR 1815
ERROR 1821
ERROR 1822
ERROR 1826
ERROR 1828
ERROR 1830
ERROR 1834
ERROR 1836
ERROR 1841
ERROR 1844
ERROR 1845
ERROR 1847
ERROR 1849
ERROR 1851
ERROR 1853
ERROR 1854
ERROR 1856
ERROR 1857
ERROR 1858
