







149;city52;174;454;city246;403;337;city126;490;413;city231;192;373;city233;220;424;city67;19;495;city260



139;city280;408;185;city246;106;401;city288;495;137;city237;426;147;city249;497;13;city158;496;412;city95;477;262;city212;433;451;city216;361;160;city126;68;255;city213;447;305;city75;33;194;city244;190;431;city210;155;375;city168;284;79;city65;303;115;city228;65;345;city155;111;458;city96


168;city297;221;136;city162;121;230;city136;293;500;city152;359;306;city62;378;210;city235;400;180;city244;453;248;city258;17;97;city78;471;499;city228;415;280;city150;2;180;city261;289;4;city294;32;16;city145;417;93;city170;376;81;city129;90;239;city192;131;463;city271


168;city297;221;136;city162;121;230;city136;293;500;city152;359;306;city62;378;210;city235;400;180;city244;453;248;city258;17;97;city78;471;499;city228;415;280;city150;2;180;city261;289;4;city294;32;16;city145;417;93;city170;376;81;city129;90;239;city192;131;463;city271











149;city52;174;454;city246;403;337;city126;490;413;city231;192;373;city233;220;424;city67;19;495;city260

146;city212;239;158;city185;21;431;city197;316;16;city107;480;207;city121;349;62;city175;388;312;city242;461;357;city269;256;66;city260
168;city297;221;136;city162;121;230;city136;293;500;city152;359;306;city62;378;210;city235;400;180;city244;453;248;city258;17;97;city78;471;499;city228;415;280;city150;2;180;city261;289;4;city294;32;16;city145;417;93;city170;376;81;city129;90;239;city192;131;463;city271


147;city246;240;469;city77;354;324;city94;388;73;city69;176;102;city183

151;city210;96;430;city225;446;496;city247;47;474;city111;230;247;city271

138;city58;158;101;city60;489;65;city142;393;183;city272;71;323;city295;291;308;city51;420;299;city282;177;72;city105;200;236;city231



139;city280;408;185;city246;106;401;city288;495;137;city237;426;147;city249;497;13;city158;496;412;city95;477;262;city212;433;451;city216;361;160;city126;68;255;city213;447;305;city75;33;194;city244;190;431;city210;155;375;city168;284;79;city65;303;115;city228;65;345;city155;111;458;city96

170;city82;44;457;city174;234;257;city175

146;city212;239;158;city185;21;431;city197;316;16;city107;480;207;city121;349;62;city175;388;312;city242;461;357;city269;256;66;city260
168;city297;221;136;city162;121;230;city136;293;500;city152;359;306;city62;378;210;city235;400;180;city244;453;248;city258;17;97;city78;471;499;city228;415;280;city150;2;180;city261;289;4;city294;32;16;city145;417;93;city170;376;81;city129;90;239;city192;131;463;city271


150;city129;164;472;city226;173;133;city257;16;302;city200;400;373;city136;171;430;city144;440;100;city179;468;85;city236;383;329;city149;307;214;city84;170;87;city161
133;city97;117;308;city194;29;411;city212;471;355;city234;403;308;city186;391;328;city76;77;141;city205;90;298;city131;20;41;city98
147;city246;240;469;city77;354;324;city94;388;73;city69;176;102;city183




174;city238;207;260;city119;382;368;city219;348;126;city74;335;265;city50;354;153;city201;463;478;city239;240;264;city297;455;245;city98;148;106;city281;241;357;city283;491;53;city58;289;218;city257;456;173;city214;347;477;city249;85;230;city247
158;city221;175;187;city92;184;8;city61;355;497;city173;21;129;city224;133;498;city263;340;259;city172;11;364;city73;442;40;city58;73;464;city102;90;133;city51;91;154;city265;235;394;city108;11;11;city124
158;city221;175;187;city92;184;8;city61;355;497;city173;21;129;city224;133;498;city263;340;259;city172;11;364;city73;442;40;city58;73;464;city102;90;133;city51;91;154;city265;235;394;city108;11;11;city124
151;city210;96;430;city225;446;496;city247;47;474;city111;230;247;city271

137;city181;147;282;city287
151;city210;96;430;city225;446;496;city247;47;474;city111;230;247;city271
141;city92;98;76;city139;437;331;city190;401;476;city236;405;485;city55;182;499;city97;473;280;city204;344;371;city182;142;95;city141;126;132;city158;478;50;city289;44;42;city87;256;320;city94;292;215;city271;298;53;city110;383;159;city227
172;city126;177;38;city263;24;385;city207;194;337;city187;150;14;city269;337;389;city134;465;146;city130;239;78;city203
139;city280;408;185;city246;106;401;city288;495;137;city237;426;147;city249;497;13;city158;496;412;city95;477;262;city212;433;451;city216;361;160;city126;68;255;city213;447;305;city75;33;194;city244;190;431;city210;155;375;city168;284;79;city65;303;115;city228;65;345;city155;111;458;city96
143;city95;213;483;city213;395;262;city250;189;276;city193;497;293;city227;279;14;city153;141;398;city189;91;89;city251;207;195;city233;319;419;city265;273;271;city172;291;474;city176;342;497;city147;311;406;city71;290;288;city56;333;156;city66;243;345;city256;207;85;city272;299;316;city126

151;city210;96;430;city225;446;496;city247;47;474;city111;230;247;city271

158;city221;175;187;city92;184;8;city61;355;497;city173;21;129;city224;133;498;city263;340;259;city172;11;364;city73;442;40;city58;73;464;city102;90;133;city51;91;154;city265;235;394;city108;11;11;city124
148;city221;435;457;city181;202;460;city214;168;478;city128;19;188;city113;104;287;city259;376;438;city279;420;352;city274
160;city227;397;233;city174;438;438;city200;30;322;city219;304;233;city133;280;200;city144;485;136;city96;158;253;city197;200;258;city153;27;352;city249;65;90;city57;260;125;city290;49;362;city185;182;429;city201
163;city165;243;424;city132;65;459;city136;336;415;city195;110;302;city151;131;6;city241;451;451;city76;154;19;city51
137;city181;147;282;city287
145;city239;39;281;city136;23;184;city145;97;307;city56;41;294;city218;222;384;city104;360;52;city220;67;113;city244;213;308;city82;407;381;city262;200;409;city213;255;6;city139;476;313;city63;170;371;city159;265;235;city154;192;148;city282;471;287;city230

146;city212;239;158;city185;21;431;city197;316;16;city107;480;207;city121;349;62;city175;388;312;city242;461;357;city269;256;66;city260
154;city78;414;123;city209

130;city208;223;147;city219;463;197;city142
137;city181;147;282;city287

149;city52;174;454;city246;403;337;city126;490;413;city231;192;373;city233;220;424;city67;19;495;city260
137;city181;147;282;city287
149;city52;174;454;city246;403;337;city126;490;413;city231;192;373;city233;220;424;city67;19;495;city260
160;city227;397;233;city174;438;438;city200;30;322;city219;304;233;city133;280;200;city144;485;136;city96;158;253;city197;200;258;city153;27;352;city249;65;90;city57;260;125;city290;49;362;city185;182;429;city201
148;city221;435;457;city181;202;460;city214;168;478;city128;19;188;city113;104;287;city259;376;438;city279;420;352;city274
164;city153;309;60;city248;73;439;city272;252;240;city73;362;355;city133;277;410;city139;205;7;city265;26;305;city297;372;374;city71;290;68;city256;268;482;city173;81;480;city134;403;37;city101;230;382;city151;440;451;city158
152;city81;315;291;city70;52;344;city151;216;470;city148;207;119;city210;266;300;city194;223;297;city190;152;64;city58;311;74;city144;266;69;city137;344;74;city177
174;city238;207;260;city119;382;368;city219;348;126;city74;335;265;city50;354;153;city201;463;478;city239;240;264;city297;455;245;city98;148;106;city281;241;357;city283;491;53;city58;289;218;city257;456;173;city214;347;477;city249;85;230;city247
126;city267;296;11;city223;99;403;city293;262;367;city238;24;40;city272;203;32;city122;299;106;city297;477;325;city290;441;178;city202;262;407;city287;212;358;city113;28;308;city138
154;city78;414;123;city209
135;city157;406;437;city232;329;16;city207;169;87;city289;213;279;city205

154;city78;414;123;city209
158;city221;175;187;city92;184;8;city61;355;497;city173;21;129;city224;133;498;city263;340;259;city172;11;364;city73;442;40;city58;73;464;city102;90;133;city51;91;154;city265;235;394;city108;11;11;city124
138;city58;158;101;city60;489;65;city142;393;183;city272;71;323;city295;291;308;city51;420;299;city282;177;72;city105;200;236;city231
147;city246;240;469;city77;354;324;city94;388;73;city69;176;102;city183
131;city232;91;14;city88;368;277;city290;263;55;city122;105;343;city243;59;313;city52;454;411;city130;252;270;city227;319;173;city131;59;408;city82;358;429;city92;73;199;city220;371;264;city59
168;city297;221;136;city162;121;230;city136;293;500;city152;359;306;city62;378;210;city235;400;180;city244;453;248;city258;17;97;city78;471;499;city228;415;280;city150;2;180;city261;289;4;city294;32;16;city145;417;93;city170;376;81;city129;90;239;city192;131;463;city271
131;city232;91;14;city88;368;277;city290;263;55;city122;105;343;city243;59;313;city52;454;411;city130;252;270;city227;319;173;city131;59;408;city82;358;429;city92;73;199;city220;371;264;city59
136;city246;4;451;city256;451;126;city212;36;366;city70;147;44;city288;428;53;city258;346;427;city175;219;437;city95;258;96;city58;361;378;city223;27;415;city172;359;324;city122;154;383;city209;453;345;city189;93;425;city237;18;276;city211;11;346;city74;185;160;city168;498;290;city276;196;205;city263
154;city78;414;123;city209
168;city297;221;136;city162;121;230;city136;293;500;city152;359;306;city62;378;210;city235;400;180;city244;453;248;city258;17;97;city78;471;499;city228;415;280;city150;2;180;city261;289;4;city294;32;16;city145;417;93;city170;376;81;city129;90;239;city192;131;463;city271

147;city246;240;469;city77;354;324;city94;388;73;city69;176;102;city183
131;city232;91;14;city88;368;277;city290;263;55;city122;105;343;city243;59;313;city52;454;411;city130;252;270;city227;319;173;city131;59;408;city82;358;429;city92;73;199;city220;371;264;city59
172;city126;177;38;city263;24;385;city207;194;337;city187;150;14;city269;337;389;city134;465;146;city130;239;78;city203
170;city82;44;457;city174;234;257;city175
169;city253;115;206;city68;373;241;city207;92;176;city251;52;7;city83;60;95;city213;5;212;city219;319;37;city243;396;51;city298;38;321;city62;299;141;city63;377;297;city200;331;26;city105;229;352;city254
133;city97;117;308;city194;29;411;city212;471;355;city234;403;308;city186;391;328;city76;77;141;city205;90;298;city131;20;41;city98
143;city95;213;483;city213;395;262;city250;189;276;city193;497;293;city227;279;14;city153;141;398;city189;91;89;city251;207;195;city233;319;419;city265;273;271;city172;291;474;city176;342;497;city147;311;406;city71;290;288;city56;333;156;city66;243;345;city256;207;85;city272;299;316;city126
139;city280;408;185;city246;106;401;city288;495;137;city237;426;147;city249;497;13;city158;496;412;city95;477;262;city212;433;451;city216;361;160;city126;68;255;city213;447;305;city75;33;194;city244;190;431;city210;155;375;city168;284;79;city65;303;115;city228;65;345;city155;111;458;city96
131;city232;91;14;city88;368;277;city290;263;55;city122;105;343;city243;59;313;city52;454;411;city130;252;270;city227;319;173;city131;59;408;city82;358;429;city92;73;199;city220;371;264;city59
167;city256;462;47;city216;446;214;city93;308;77;city67;34;265;city207;36;60;city138;471;295;city130;83;92;city209;189;383;city83;248;492;city212;380;380;city144;104;238;city230;6;267;city58;274;282;city253;394;382;city63;392;193;city59;438;307;city85;129;336;city261
171;city67;50;231;city85;20;213;city80;417;277;city223;484;133;city164;378;324;city296;79;473;city65;426;425;city112;466;29;city55;132;13;city212;254;429;city175;358;135;city215;461;291;city284;24;247;city50;13;162;city103;199;213;city197
172;city126;177;38;city263;24;385;city207;194;337;city187;150;14;city269;337;389;city134;465;146;city130;239;78;city203
154;city78;414;123;city209
171;city67;50;231;city85;20;213;city80;417;277;city223;484;133;city164;378;324;city296;79;473;city65;426;425;city112;466;29;city55;132;13;city212;254;429;city175;358;135;city215;461;291;city284;24;247;city50;13;162;city103;199;213;city197
165;city293;70;51;city184;333;330;city147;293;228;city201;128;94;city183;127;484;city52;299;278;city68;347;39;city123;444;119;city186;121;24;city214;173;21;city289;354;199;city188
136;city246;4;451;city256;451;126;city212;36;366;city70;147;44;city288;428;53;city258;346;427;city175;219;437;city95;258;96;city58;361;378;city223;27;415;city172;359;324;city122;154;383;city209;453;345;city189;93;425;city237;18;276;city211;11;346;city74;185;160;city168;498;290;city276;196;205;city263
133;city97;117;308;city194;29;411;city212;471;355;city234;403;308;city186;391;328;city76;77;141;city205;90;298;city131;20;41;city98
173;city106;324;60;city135;254;302;city128;355;93;city171;318;249;city283;177;66;city143;318;54;city198;401;207;city236;109;450;city176;160;88;city177;441;444;city223;487;44;city67;172;83;city219;230;14;city195;351;187;city92;332;227;city154;226;76;city137
164;city153;309;60;city248;73;439;city272;252;240;city73;362;355;city133;277;410;city139;205;7;city265;26;305;city297;372;374;city71;290;68;city256;268;482;city173;81;480;city134;403;37;city101;230;382;city151;440;451;city158
136;city246;4;451;city256;451;126;city212;36;366;city70;147;44;city288;428;53;city258;346;427;city175;219;437;city95;258;96;city58;361;378;city223;27;415;city172;359;324;city122;154;383;city209;453;345;city189;93;425;city237;18;276;city211;11;346;city74;185;160;city168;498;290;city276;196;205;city263
131;city232;91;14;city88;368;277;city290;263;55;city122;105;343;city243;59;313;city52;454;411;city130;252;270;city227;319;173;city131;59;408;city82;358;429;city92;73;199;city220;371;264;city59
130;city208;223;147;city219;463;197;city142
164;city153;309;60;city248;73;439;city272;252;240;city73;362;355;city133;277;410;city139;205;7;city265;26;305;city297;372;374;city71;290;68;city256;268;482;city173;81;480;city134;403;37;city101;230;382;city151;440;451;city158
139;city280;408;185;city246;106;401;city288;495;137;city237;426;147;city249;497;13;city158;496;412;city95;477;262;city212;433;451;city216;361;160;city126;68;255;city213;447;305;city75;33;194;city244;190;431;city210;155;375;city168;284;79;city65;303;115;city228;65;345;city155;111;458;city96
133;city97;117;308;city194;29;411;city212;471;355;city234;403;308;city186;391;328;city76;77;141;city205;90;298;city131;20;41;city98
148;city221;435;457;city181;202;460;city214;168;478;city128;19;188;city113;104;287;city259;376;438;city279;420;352;city274
134;city124;350;144;city283;460;155;city117;351;281;city88;485;476;city216;167;5;city204;61;427;city252;68;42;city84
138;city58;158;101;city60;489;65;city142;393;183;city272;71;323;city295;291;308;city51;420;299;city282;177;72;city105;200;236;city231
160;city227;397;233;city174;438;438;city200;30;322;city219;304;233;city133;280;200;city144;485;136;city96;158;253;city197;200;258;city153;27;352;city249;65;90;city57;260;125;city290;49;362;city185;182;429;city201
168;city297;221;136;city162;121;230;city136;293;500;city152;359;306;city62;378;210;city235;400;180;city244;453;248;city258;17;97;city78;471;499;city228;415;280;city150;2;180;city261;289;4;city294;32;16;city145;417;93;city170;376;81;city129;90;239;city192;131;463;city271
163;city165;243;424;city132;65;459;city136;336;415;city195;110;302;city151;131;6;city241;451;451;city76;154;19;city51
173;city106;324;60;city135;254;302;city128;355;93;city171;318;249;city283;177;66;city143;318;54;city198;401;207;city236;109;450;city176;160;88;city177;441;444;city223;487;44;city67;172;83;city219;230;14;city195;351;187;city92;332;227;city154;226;76;city137
160;city227;397;233;city174;438;438;city200;30;322;city219;304;233;city133;280;200;city144;485;136;city96;158;253;city197;200;258;city153;27;352;city249;65;90;city57;260;125;city290;49;362;city185;182;429;city201
132;city285;253;247;city168;141;124;city205;103;112;city299;330;43;city290;403;323;city137;294;263;city171;334;365;city161;196;62;city111;73;36;city249
171;city67;50;231;city85;20;213;city80;417;277;city223;484;133;city164;378;324;city296;79;473;city65;426;425;city112;466;29;city55;132;13;city212;254;429;city175;358;135;city215;461;291;city284;24;247;city50;13;162;city103;199;213;city197
170;city82;44;457;city174;234;257;city175
169;city253;115;206;city68;373;241;city207;92;176;city251;52;7;city83;60;95;city213;5;212;city219;319;37;city243;396;51;city298;38;321;city62;299;141;city63;377;297;city200;331;26;city105;229;352;city254

144;city224;485;269;city186
159;city107;233;128;city71;66;359;city187;56;134;city155;364;150;city56;354;402;city206;478;243;city269
135;city157;406;437;city232;329;16;city207;169;87;city289;213;279;city205
139;city280;408;185;city246;106;401;city288;495;137;city237;426;147;city249;497;13;city158;496;412;city95;477;262;city212;433;451;city216;361;160;city126;68;255;city213;447;305;city75;33;194;city244;190;431;city210;155;375;city168;284;79;city65;303;115;city228;65;345;city155;111;458;city96
163;city165;243;424;city132;65;459;city136;336;415;city195;110;302;city151;131;6;city241;451;451;city76;154;19;city51
172;city126;177;38;city263;24;385;city207;194;337;city187;150;14;city269;337;389;city134;465;146;city130;239;78;city203
174;city238;207;260;city119;382;368;city219;348;126;city74;335;265;city50;354;153;city201;463;478;city239;240;264;city297;455;245;city98;148;106;city281;241;357;city283;491;53;city58;289;218;city257;456;173;city214;347;477;city249;85;230;city247
143;city95;213;483;city213;395;262;city250;189;276;city193;497;293;city227;279;14;city153;141;398;city189;91;89;city251;207;195;city233;319;419;city265;273;271;city172;291;474;city176;342;497;city147;311;406;city71;290;288;city56;333;156;city66;243;345;city256;207;85;city272;299;316;city126
161;city225;155;174;city163
143;city95;213;483;city213;395;262;city250;189;276;city193;497;293;city227;279;14;city153;141;398;city189;91;89;city251;207;195;city233;319;419;city265;273;271;city172;291;474;city176;342;497;city147;311;406;city71;290;288;city56;333;156;city66;243;345;city256;207;85;city272;299;316;city126
152;city81;315;291;city70;52;344;city151;216;470;city148;207;119;city210;266;300;city194;223;297;city190;152;64;city58;311;74;city144;266;69;city137;344;74;city177
132;city285;253;247;city168;141;124;city205;103;112;city299;330;43;city290;403;323;city137;294;263;city171;334;365;city161;196;62;city111;73;36;city249
147;city246;240;469;city77;354;324;city94;388;73;city69;176;102;city183
157;city85;300;45;city198;244;158;city279;245;71;city223;476;481;city269;224;103;city63;266;234;city244;480;369;city271;113;14;city130;118;22;city164
126;city267;296;11;city223;99;403;city293;262;367;city238;24;40;city272;203;32;city122;299;106;city297;477;325;city290;441;178;city202;262;407;city287;212;358;city113;28;308;city138
128;city192;79;95;city123;330;237;city256;462;208;city265;273;372;city280;383;470;city164;83;222;city113;19;280;city293;491;214;city107;398;124;city183;282;297;city199;44;448;city69;432;198;city248;475;104;city201;200;432;city104
154;city78;414;123;city209
174;city238;207;260;city119;382;368;city219;348;126;city74;335;265;city50;354;153;city201;463;478;city239;240;264;city297;455;245;city98;148;106;city281;241;357;city283;491;53;city58;289;218;city257;456;173;city214;347;477;city249;85;230;city247
165;city293;70;51;city184;333;330;city147;293;228;city201;128;94;city183;127;484;city52;299;278;city68;347;39;city123;444;119;city186;121;24;city214;173;21;city289;354;199;city188
133;city97;117;308;city194;29;411;city212;471;355;city234;403;308;city186;391;328;city76;77;141;city205;90;298;city131;20;41;city98
150;city129;164;472;city226;173;133;city257;16;302;city200;400;373;city136;171;430;city144;440;100;city179;468;85;city236;383;329;city149;307;214;city84;170;87;city161
150;city129;164;472;city226;173;133;city257;16;302;city200;400;373;city136;171;430;city144;440;100;city179;468;85;city236;383;329;city149;307;214;city84;170;87;city161
137;city181;147;282;city287
150;city129;164;472;city226;173;133;city257;16;302;city200;400;373;city136;171;430;city144;440;100;city179;468;85;city236;383;329;city149;307;214;city84;170;87;city161
149;city52;174;454;city246;403;337;city126;490;413;city231;192;373;city233;220;424;city67;19;495;city260
145;city239;39;281;city136;23;184;city145;97;307;city56;41;294;city218;222;384;city104;360;52;city220;67;113;city244;213;308;city82;407;381;city262;200;409;city213;255;6;city139;476;313;city63;170;371;city159;265;235;city154;192;148;city282;471;287;city230
168;city297;221;136;city162;121;230;city136;293;500;city152;359;306;city62;378;210;city235;400;180;city244;453;248;city258;17;97;city78;471;499;city228;415;280;city150;2;180;city261;289;4;city294;32;16;city145;417;93;city170;376;81;city129;90;239;city192;131;463;city271
145;city239;39;281;city136;23;184;city145;97;307;city56;41;294;city218;222;384;city104;360;52;city220;67;113;city244;213;308;city82;407;381;city262;200;409;city213;255;6;city139;476;313;city63;170;371;city159;265;235;city154;192;148;city282;471;287;city230
166;city77;93;439;city81;341;256;city222;149;212;city87;307;84;city55;459;178;city76;100;470;city251
138;city58;158;101;city60;489;65;city142;393;183;city272;71;323;city295;291;308;city51;420;299;city282;177;72;city105;200;236;city231
146;city212;239;158;city185;21;431;city197;316;16;city107;480;207;city121;349;62;city175;388;312;city242;461;357;city269;256;66;city260
142;city187;65;140;city97;123;417;city283;281;494;city298;158;100;city223;173;492;city249;453;318;city102;398;79;city56;115;362;city150;177;342;city107;140;365;city237;355;273;city60;441;34;city284;282;133;city178
173;city106;324;60;city135;254;302;city128;355;93;city171;318;249;city283;177;66;city143;318;54;city198;401;207;city236;109;450;city176;160;88;city177;441;444;city223;487;44;city67;172;83;city219;230;14;city195;351;187;city92;332;227;city154;226;76;city137
154;city78;414;123;city209
150;city129;164;472;city226;173;133;city257;16;302;city200;400;373;city136;171;430;city144;440;100;city179;468;85;city236;383;329;city149;307;214;city84;170;87;city161
150;city129;164;472;city226;173;133;city257;16;302;city200;400;373;city136;171;430;city144;440;100;city179;468;85;city236;383;329;city149;307;214;city84;170;87;city161
125;city56;442;365;city296;141;281;city202;355;452;city115;242;485;city189;19;455;city256;238;442;city95;444;378;city273;227;450;city292;91;450;city253;252;20;city105;317;174;city148;25;464;city163;192;72;city238;351;306;city259;272;200;city197;499;29;city224;387;405;city237;61;233;city195
154;city78;414;123;city209
148;city221;435;457;city181;202;460;city214;168;478;city128;19;188;city113;104;287;city259;376;438;city279;420;352;city274
174;city238;207;260;city119;382;368;city219;348;126;city74;335;265;city50;354;153;city201;463;478;city239;240;264;city297;455;245;city98;148;106;city281;241;357;city283;491;53;city58;289;218;city257;456;173;city214;347;477;city249;85;230;city247
146;city212;239;158;city185;21;431;city197;316;16;city107;480;207;city121;349;62;city175;388;312;city242;461;357;city269;256;66;city260
158;city221;175;187;city92;184;8;city61;355;497;city173;21;129;city224;133;498;city263;340;259;city172;11;364;city73;442;40;city58;73;464;city102;90;133;city51;91;154;city265;235;394;city108;11;11;city124
134;city124;350;144;city283;460;155;city117;351;281;city88;485;476;city216;167;5;city204;61;427;city252;68;42;city84
172;city126;177;38;city263;24;385;city207;194;337;city187;150;14;city269;337;389;city134;465;146;city130;239;78;city203
162;city183;493;38;city87;248;74;city241;331;444;city250;300;71;city66;31;363;city240;247;278;city75;428;386;city153;330;483;city279
168;city297;221;136;city162;121;230;city136;293;500;city152;359;306;city62;378;210;city235;400;180;city244;453;248;city258;17;97;city78;471;499;city228;415;280;city150;2;180;city261;289;4;city294;32;16;city145;417;93;city170;376;81;city129;90;239;city192;131;463;city271
173;city106;324;60;city135;254;302;city128;355;93;city171;318;249;city283;177;66;city143;318;54;city198;401;207;city236;109;450;city176;160;88;city177;441;444;city223;487;44;city67;172;83;city219;230;14;city195;351;187;city92;332;227;city154;226;76;city137
160;city227;397;233;city174;438;438;city200;30;322;city219;304;233;city133;280;200;city144;485;136;city96;158;253;city197;200;258;city153;27;352;city249;65;90;city57;260;125;city290;49;362;city185;182;429;city201
169;city253;115;206;city68;373;241;city207;92;176;city251;52;7;city83;60;95;city213;5;212;city219;319;37;city243;396;51;city298;38;321;city62;299;141;city63;377;297;city200;331;26;city105;229;352;city254
162;city183;493;38;city87;248;74;city241;331;444;city250;300;71;city66;31;363;city240;247;278;city75;428;386;city153;330;483;city279
151;city210;96;430;city225;446;496;city247;47;474;city111;230;247;city271
163;city165;243;424;city132;65;459;city136;336;415;city195;110;302;city151;131;6;city241;451;451;city76;154;19;city51
138;city58;158;101;city60;489;65;city142;393;183;city272;71;323;city295;291;308;city51;420;299;city282;177;72;city105;200;236;city231
128;city192;79;95;city123;330;237;city256;462;208;city265;273;372;city280;383;470;city164;83;222;city113;19;280;city293;491;214;city107;398;124;city183;282;297;city199;44;448;city69;432;198;city248;475;104;city201;200;432;city104
144;city224;485;269;city186
151;city210;96;430;city225;446;496;city247;47;474;city111;230;247;city271
169;city253;115;206;city68;373;241;city207;92;176;city251;52;7;city83;60;95;city213;5;212;city219;319;37;city243;396;51;city298;38;321;city62;299;141;city63;377;297;city200;331;26;city105;229;352;city254
130;city208;223;147;city219;463;197;city142
163;city165;243;424;city132;65;459;city136;336;415;city195;110;302;city151;131;6;city241;451;451;city76;154;19;city51
165;city293;70;51;city184;333;330;city147;293;228;city201;128;94;city183;127;484;city52;299;278;city68;347;39;city123;444;119;city186;121;24;city214;173;21;city289;354;199;city188
156;city112;318;90;city104;335;459;city248;485;142;city244;494;289;city165
171;city67;50;231;city85;20;213;city80;417;277;city223;484;133;city164;378;324;city296;79;473;city65;426;425;city112;466;29;city55;132;13;city212;254;429;city175;358;135;city215;461;291;city284;24;247;city50;13;162;city103;199;213;city197
166;city77;93;439;city81;341;256;city222;149;212;city87;307;84;city55;459;178;city76;100;470;city251
140;city293;104;276;city167;146;235;city122;329;299;city81;294;75;city211;136;294;city162;118;480;city220;380;141;city137;63;380;city235;487;162;city109;301;53;city295;154;262;city191;280;152;city161;140;192;city126
136;city246;4;451;city256;451;126;city212;36;366;city70;147;44;city288;428;53;city258;346;427;city175;219;437;city95;258;96;city58;361;378;city223;27;415;city172;359;324;city122;154;383;city209;453;345;city189;93;425;city237;18;276;city211;11;346;city74;185;160;city168;498;290;city276;196;205;city263
130;city208;223;147;city219;463;197;city142
149;city52;174;454;city246;403;337;city126;490;413;city231;192;373;city233;220;424;city67;19;495;city260
136;city246;4;451;city256;451;126;city212;36;366;city70;147;44;city288;428;53;city258;346;427;city175;219;437;city95;258;96;city58;361;378;city223;27;415;city172;359;324;city122;154;383;city209;453;345;city189;93;425;city237;18;276;city211;11;346;city74;185;160;city168;498;290;city276;196;205;city263
130;city208;223;147;city219;463;197;city142
162;city183;493;38;city87;248;74;city241;331;444;city250;300;71;city66;31;363;city240;247;278;city75;428;386;city153;330;483;city279
140;city293;104;276;city167;146;235;city122;329;299;city81;294;75;city211;136;294;city162;118;480;city220;380;141;city137;63;380;city235;487;162;city109;301;53;city295;154;262;city191;280;152;city161;140;192;city126
158;city221;175;187;city92;184;8;city61;355;497;city173;21;129;city224;133;498;city263;340;259;city172;11;364;city73;442;40;city58;73;464;city102;90;133;city51;91;154;city265;235;394;city108;11;11;city124
132;city285;253;247;city168;141;124;city205;103;112;city299;330;43;city290;403;323;city137;294;263;city171;334;365;city161;196;62;city111;73;36;city249
147;city246;240;469;city77;354;324;city94;388;73;city69;176;102;city183
129;city189;119;76;city183;387;76;city285;417;71;city65;103;221;city179;482;463;city264;270;158;city252;398;270;city299;409;489;city289;49;430;city77;325;113;city153;420;454;city87;230;292;city167;64;197;city253;94;350;city211;76;73;city66;163;231;city178
126;city267;296;11;city223;99;403;city293;262;367;city238;24;40;city272;203;32;city122;299;106;city297;477;325;city290;441;178;city202;262;407;city287;212;358;city113;28;308;city138
129;city189;119;76;city183;387;76;city285;417;71;city65;103;221;city179;482;463;city264;270;158;city252;398;270;city299;409;489;city289;49;430;city77;325;113;city153;420;454;city87;230;292;city167;64;197;city253;94;350;city211;76;73;city66;163;231;city178
150;city129;164;472;city226;173;133;city257;16;302;city200;400;373;city136;171;430;city144;440;100;city179;468;85;city236;383;329;city149;307;214;city84;170;87;city161
143;city95;213;483;city213;395;262;city250;189;276;city193;497;293;city227;279;14;city153;141;398;city189;91;89;city251;207;195;city233;319;419;city265;273;271;city172;291;474;city176;342;497;city147;311;406;city71;290;288;city56;333;156;city66;243;345;city256;207;85;city272;299;316;city126
155;city174;361;489;city251;179;172;city160;14;124;city173;348;488;city207;310;23;city54;232;74;city269;278;101;city233;283;327;city52;438;207;city147;82;78;city130;160;75;city222;213;363;city99;378;263;city249;432;443;city288;462;310;city83;270;83;city80;247;439;city214
171;city67;50;231;city85;20;213;city80;417;277;city223;484;133;city164;378;324;city296;79;473;city65;426;425;city112;466;29;city55;132;13;city212;254;429;city175;358;135;city215;461;291;city284;24;247;city50;13;162;city103;199;213;city197
159;city107;233;128;city71;66;359;city187;56;134;city155;364;150;city56;354;402;city206;478;243;city269
174;city238;207;260;city119;382;368;city219;348;126;city74;335;265;city50;354;153;city201;463;478;city239;240;264;city297;455;245;city98;148;106;city281;241;357;city283;491;53;city58;289;218;city257;456;173;city214;347;477;city249;85;230;city247
170;city82;44;457;city174;234;257;city175
146;city212;239;158;city185;21;431;city197;316;16;city107;480;207;city121;349;62;city175;388;312;city242;461;357;city269;256;66;city260
161;city225;155;174;city163
165;city293;70;51;city184;333;330;city147;293;228;city201;128;94;city183;127;484;city52;299;278;city68;347;39;city123;444;119;city186;121;24;city214;173;21;city289;354;199;city188
135;city157;406;437;city232;329;16;city207;169;87;city289;213;279;city205
164;city153;309;60;city248;73;439;city272;252;240;city73;362;355;city133;277;410;city139;205;7;city265;26;305;city297;372;374;city71;290;68;city256;268;482;city173;81;480;city134;403;37;city101;230;382;city151;440;451;city158
129;city189;119;76;city183;387;76;city285;417;71;city65;103;221;city179;482;463;city264;270;158;city252;398;270;city299;409;489;city289;49;430;city77;325;113;city153;420;454;city87;230;292;city167;64;197;city253;94;350;city211;76;73;city66;163;231;city178
170;city82;44;457;city174;234;257;city175
127;city113;256;331;city191;433;403;city136;441;343;city258;226;15;city90;339;70;city220;49;348;city131;301;319;city293;50;88;city288;438;231;city230;322;12;city237;88;229;city155;484;226;city109;346;159;city145;199;495;city252;415;465;city52;373;33;city259;119;164;city205;219;205;city54
127;city113;256;331;city191;433;403;city136;441;343;city258;226;15;city90;339;70;city220;49;348;city131;301;319;city293;50;88;city288;438;231;city230;322;12;city237;88;229;city155;484;226;city109;346;159;city145;199;495;city252;415;465;city52;373;33;city259;119;164;city205;219;205;city54
173;city106;324;60;city135;254;302;city128;355;93;city171;318;249;city283;177;66;city143;318;54;city198;401;207;city236;109;450;city176;160;88;city177;441;444;city223;487;44;city67;172;83;city219;230;14;city195;351;187;city92;332;227;city154;226;76;city137
172;city126;177;38;city263;24;385;city207;194;337;city187;150;14;city269;337;4280;city134;465;146;city130;239;78;city203
158;city221;175;187;city92;184;8;city61;355;497;city173;21;129;city224;133;498;city263;340;259;city172;11;364;city73;442;40;city58;73;464;city102;90;133;city51;91;154;city265;235;394;city108;11;11;city124
171;city67;50;231;city85;20;213;city80;417;277;city223;484;133;city164;378;324;city296;79;473;city65;426;425;city112;466;29;city55;132;13;city212;254;429;city175;358;135;city215;461;291;city284;24;247;city50;13;162;city103;199;213;city197
142;city187;65;140;city97;123;417;city283;281;494;city298;158;100;city223;173;492;city249;453;318;city102;398;79;city56;115;362;city150;177;342;city107;140;365;city237;355;273;city60;441;34;city284;282;133;city178
142;city187;65;140;city97;123;417;city283;281;494;city298;158;100;city223;173;492;city249;453;318;city102;398;79;city56;115;362;city150;177;342;city107;140;365;city237;355;273;city60;441;34;city284;282;133;city178
136;city246;4;451;city256;451;126;city212;36;366;city70;147;44;city288;428;53;city258;346;427;city175;219;437;city95;258;96;city58;361;378;city223;27;415;city172;359;324;city122;154;383;city209;453;345;city189;93;425;city237;18;276;city211;11;346;city74;185;160;city168;498;290;city276;196;205;city263
162;city183;493;38;city87;248;74;city241;331;444;city250;300;71;city66;31;363;city240;247;278;city75;428;386;city153;330;483;city279
157;city85;300;45;city198;244;158;city279;245;71;city223;476;481;city269;224;103;city63;266;234;city244;480;369;city271;113;14;city130;118;22;city164
126;city267;296;11;city223;99;403;city293;262;367;city238;24;40;city272;203;32;city122;299;106;city297;477;325;city290;441;178;city202;262;407;city287;212;358;city113;28;308;city138
128;city192;79;95;city123;330;237;city256;462;208;city265;273;372;city280;383;470;city164;83;222;city113;19;280;city293;491;214;city107;398;124;city183;282;297;city199;44;448;city69;432;198;city248;475;104;city201;200;432;city104
166;city77;93;439;city81;341;256;city222;149;212;city87;307;84;city55;459;178;city76;100;470;city251
162;city183;493;38;city87;248;74;city241;331;444;city250;300;71;city66;31;363;city240;247;278;city75;428;386;city153;330;483;city279
173;city106;324;60;city135;254;302;city128;355;93;city171;318;249;city283;177;66;city143;318;54;city198;401;207;city236;109;450;city176;160;88;city177;441;444;city223;487;44;city67;172;83;city219;230;14;city195;351;187;city92;332;227;city154;226;76;city137
140;city293;104;276;city167;146;235;city122;329;299;city81;294;75;city211;136;294;city162;118;480;city220;380;141;city137;63;380;city235;487;162;city109;301;53;city295;154;262;city191;280;152;city161;140;192;city126
158;city221;175;187;city92;184;8;city61;355;497;city173;21;129;city224;133;498;city263;340;259;city172;11;364;city73;442;40;city58;73;464;city102;90;133;city51;91;154;city265;235;394;city108;11;11;city124
137;city181;147;282;city287
155;city174;361;489;city251;179;172;city160;14;124;city173;348;488;city207;310;23;city54;232;74;city269;278;101;city233;283;327;city52;438;207;city147;82;78;city130;160;75;city222;213;363;city99;378;263;city249;432;443;city288;462;310;city83;270;83;city80;247;439;city214
156;city112;318;90;city104;335;459;city248;485;142;city244;494;289;city165
136;city246;4;451;city256;451;126;city212;36;366;city70;147;44;city288;428;53;city258;346;427;city175;219;437;city95;258;96;city58;361;378;city223;27;415;city172;359;324;city122;154;383;city209;453;345;city189;93;425;city237;18;276;city211;11;346;city74;185;160;city168;498;290;city276;196;205;city263
171;city67;50;231;city85;20;213;city80;417;277;city223;484;133;city164;378;324;city296;79;473;city65;426;425;city112;466;29;city55;132;13;city212;254;429;city175;358;135;city215;461;291;city284;24;247;city50;13;162;city103;199;213;city197
138;city58;158;101;city60;489;65;city142;393;183;city272;71;323;city295;291;308;city51;420;299;city282;177;72;city105;200;236;city231
148;city221;435;457;city181;202;460;city214;168;478;city128;19;188;city113;104;287;city259;376;438;city279;420;352;city274
150;city129;164;472;city226;173;133;city257;16;302;city200;400;373;city136;171;430;city144;440;100;city179;468;85;city236;383;329;city149;307;214;city84;170;87;city161
172;city126;177;38;city263;24;385;city207;194;337;city187;150;14;city269;337;4280;city134;465;146;city130;239;78;city203
171;city67;50;231;city85;20;213;city80;417;277;city223;484;133;city164;378;324;city296;79;473;city65;426;425;city112;466;29;city55;132;13;city212;254;429;city175;358;135;city215;461;291;city284;24;247;city50;13;162;city103;199;213;city197
136;city246;4;451;city256;451;126;city212;36;366;city70;147;44;city288;428;53;city258;346;427;city175;219;437;city95;258;96;city58;361;378;city223;27;415;city172;359;324;city122;154;383;city209;453;345;city189;93;425;city237;18;276;city211;11;346;city74;185;160;city168;498;290;city276;196;205;city263
136;city246;4;451;city256;451;126;city212;36;366;city70;147;44;city288;428;53;city258;346;427;city175;219;437;city95;258;96;city58;361;378;city223;27;415;city172;359;324;city122;154;383;city209;453;345;city189;93;425;city237;18;276;city211;11;346;city74;185;160;city168;498;290;city276;196;205;city263
135;city157;406;437;city232;329;16;city207;169;87;city289;213;279;city205
129;city189;119;76;city183;387;76;city285;417;71;city65;103;221;city179;482;463;city264;270;158;city252;398;270;city299;409;489;city289;49;430;city77;325;113;city153;420;454;city87;230;292;city167;64;197;city253;94;350;city211;76;73;city66;163;231;city178
163;city165;243;424;city132;65;5781;city136;336;415;city195;110;302;city151;131;6;city241;451;451;city76;154;19;city51
160;city227;397;233;city174;438;438;city200;30;322;city219;304;233;city133;280;200;city144;485;136;city96;158;253;city197;200;258;city153;27;352;city249;65;90;city57;260;125;city290;49;362;city185;182;429;city201
154;city78;414;123;city209
128;city192;79;95;city123;330;237;city256;462;208;city265;273;372;city280;383;470;city164;83;222;city113;19;280;city293;491;214;city107;398;124;city183;282;297;city199;44;448;city69;432;198;city248;475;104;city201;200;432;city104
129;city189;119;76;city183;387;76;city285;417;71;city65;103;221;city179;482;463;city264;270;158;city252;398;270;city299;409;489;city289;49;430;city77;325;113;city153;420;454;city87;230;292;city167;64;197;city253;94;350;city211;76;73;city66;163;231;city178
166;city77;93;439;city81;341;256;city222;149;212;city87;307;84;city55;459;178;city76;100;470;city251
171;city67;50;231;city85;20;213;city80;417;277;city223;484;133;city164;378;324;city296;79;473;city65;426;425;city112;466;29;city55;132;13;city212;254;429;city175;358;135;city215;461;291;city284;24;247;city50;13;162;city103;199;213;city197
140;city293;104;276;city167;146;235;city122;329;299;city81;294;75;city211;136;294;city162;118;480;city220;380;141;city137;63;380;city235;487;162;city109;301;53;city295;154;262;city191;280;152;city161;140;192;city126
171;city67;50;231;city85;20;213;city80;417;277;city223;484;133;city164;378;324;city296;79;473;city65;426;425;city112;466;29;city55;132;13;city212;254;429;city175;358;135;city215;461;291;city284;24;247;city50;13;162;city103;199;213;city197
136;city246;4;451;city256;451;126;city212;36;366;city70;147;44;city288;428;53;city258;346;427;city175;219;437;city95;258;96;city58;361;378;city223;27;415;city172;359;324;city122;154;383;city209;453;345;city189;93;425;city237;18;276;city211;11;346;city74;185;160;city168;498;290;city276;196;205;city263
128;city192;79;95;city123;330;237;city256;462;208;city265;273;372;city280;383;470;city164;83;222;city113;19;280;city293;491;214;city107;398;124;city183;282;297;city199;44;448;city69;432;198;city248;475;104;city201;200;432;city104
161;city225;155;174;city163
130;city208;223;147;city219;463;197;city142
129;city189;119;76;city183;387;76;city285;417;71;city65;103;221;city179;482;463;city264;270;158;city252;398;270;city299;409;489;city289;49;430;city77;325;113;city153;420;454;city87;230;292;city167;64;197;city253;94;350;city211;76;73;city66;163;231;city178
162;city183;493;38;city87;248;74;city241;331;444;city250;300;71;city66;31;363;city240;247;278;city75;428;386;city153;330;483;city279
126;city267;296;11;city223;99;403;city293;262;367;city238;24;40;city272;203;32;city122;299;106;city297;477;325;city290;441;178;city202;262;407;city287;212;358;city113;28;308;city138
138;city58;158;101;city60;489;65;city142;393;183;city272;71;323;city295;291;308;city51;420;299;city282;177;72;city105;200;236;city231
133;city97;117;308;city194;29;411;city212;471;355;city234;403;308;city186;391;328;city76;77;141;city205;90;298;city131;20;41;city98
155;city174;361;489;city251;179;172;city160;14;124;city173;348;488;city207;310;23;city54;232;74;city269;278;101;city233;283;327;city52;438;207;city147;82;78;city130;160;75;city222;213;363;city99;378;263;city249;432;443;city288;462;310;city83;270;83;city80;247;439;city214
130;city208;223;147;city219;463;197;city142
152;city81;315;291;city70;52;344;city151;216;470;city148;207;119;city210;266;300;city194;223;297;city190;152;64;city58;311;74;city144;266;69;city137;344;74;city177
139;city280;408;185;city246;106;401;city288;495;137;city237;426;147;city249;497;13;city158;496;412;city95;477;262;city212;433;451;city216;361;160;city126;68;255;city213;447;305;city75;33;194;city244;190;431;city210;155;375;city168;284;79;city65;303;115;city228;65;345;city155;111;458;city96
148;city221;435;457;city181;202;460;city214;168;478;city128;19;188;city113;104;287;city259;376;438;city279;420;352;city274
139;city280;408;185;city246;106;401;city288;495;137;city237;426;147;city249;497;13;city158;496;412;city95;477;262;city212;433;451;city216;361;160;city126;68;255;city213;447;305;city75;33;194;city244;190;431;city210;155;375;city168;284;79;city65;303;115;city228;65;345;city155;111;458;city96
158;city221;175;187;city92;184;8;city61;355;497;city173;21;129;city224;133;498;city263;340;259;city172;11;364;city73;442;40;city58;73;464;city102;90;133;city51;91;154;city265;235;394;city108;11;11;city124
138;city58;158;101;city60;489;65;city142;393;183;city272;71;323;city295;291;308;city51;420;299;city282;177;72;city105;200;236;city231
138;city58;158;101;city60;489;65;city142;393;183;city272;71;323;city295;291;308;city51;420;299;city282;177;72;city105;200;236;city231
125;city56;442;365;city296;141;281;city202;355;452;city115;242;485;city189;19;455;city256;238;442;city95;444;378;city273;227;450;city292;91;450;city253;252;20;city105;317;174;city148;25;464;city163;192;72;city238;351;306;city259;272;200;city197;499;29;city224;387;405;city237;61;233;city195
128;city192;79;95;city123;330;237;city256;462;208;city265;273;372;city280;383;470;city164;83;222;city113;19;280;city293;491;214;city107;398;124;city183;282;297;city199;44;448;city69;432;198;city248;475;104;city201;200;432;city104
130;city208;223;147;city219;463;197;city142
131;city232;91;14;city88;368;277;city290;263;55;city122;105;343;city243;59;313;city52;454;411;city130;252;270;city227;319;173;city131;59;408;city82;358;429;city92;73;199;city220;371;264;city59
149;city52;174;454;city246;403;337;city126;490;413;city231;192;373;city233;220;424;city67;19;495;city260
169;city253;115;206;city68;373;241;city207;92;176;city251;52;7;city83;60;95;city213;5;212;city219;319;37;city243;396;51;city298;38;321;city62;299;141;city63;377;297;city200;331;26;city105;229;352;city254
169;city253;115;206;city68;373;241;city207;92;176;city251;52;7;city83;60;95;city213;5;212;city219;319;37;city243;396;51;city298;38;321;city62;299;141;city63;377;297;city200;331;26;city105;229;352;city254
165;city293;70;51;city184;333;330;city147;293;228;city201;128;94;city183;127;484;city52;299;278;city68;347;39;city123;444;119;city186;121;24;city214;173;21;city289;354;199;city188
168;city297;221;136;city162;121;230;city136;293;500;city152;359;306;city62;378;210;city235;400;180;city244;453;248;city258;17;97;city78;471;499;city228;415;280;city150;2;180;city261;289;4;city294;32;16;city145;417;93;city170;376;5018;city129;90;239;city192;131;463;city271
135;city157;406;437;city232;329;16;city207;169;87;city289;213;279;city205
171;city67;50;231;city85;20;213;city80;417;277;city223;484;133;city164;378;324;city296;79;473;city65;426;425;city112;466;29;city55;132;13;city212;254;429;city175;358;135;city215;461;291;city284;24;247;city50;13;162;city103;199;213;city197
147;city246;240;469;city77;354;324;city94;388;73;city69;176;102;city183
153;city162;159;435;city203;96;275;city261;172;77;city232
133;city97;117;308;city194;29;411;city212;471;355;city234;403;308;city186;391;328;city76;77;141;city205;90;298;city131;20;41;city98
166;city77;93;439;city81;341;256;city222;149;212;city87;307;84;city55;459;178;city76;100;470;city251
159;city107;233;128;city71;66;359;city187;56;134;city155;364;150;city56;354;402;city206;478;243;city269
142;city187;65;140;city97;123;417;city283;281;494;city298;158;100;city223;173;492;city249;453;318;city102;398;79;city56;115;362;city150;177;342;city107;140;365;city237;355;273;city60;441;34;city284;282;133;city178
166;city77;93;439;city81;341;256;city222;149;212;city87;307;84;city55;459;178;city76;100;470;city251
166;city77;93;439;city81;341;256;city222;149;212;city87;307;84;city55;459;178;city76;100;470;city251
163;city165;243;424;city132;65;5781;city136;336;415;city195;110;302;city151;131;6;city241;451;451;city76;154;19;city51
164;city153;309;60;city248;73;439;city272;252;240;city73;362;355;city133;277;410;city139;205;7;city265;26;305;city297;372;374;city71;290;68;city256;268;482;city173;81;480;city134;403;37;city101;230;382;city151;440;451;city158
167;city256;462;47;city216;446;214;city93;308;77;city67;34;265;city207;36;60;city138;471;295;city130;83;92;city209;189;383;city83;248;492;city212;380;380;city144;104;238;city230;6;267;city58;274;282;city253;394;382;city63;392;193;city59;438;307;city85;129;336;city261
140;city293;104;276;city167;146;235;city122;329;299;city81;294;75;city211;136;294;city162;118;480;city220;380;141;city137;63;380;city235;487;162;city109;301;53;city295;154;262;city191;280;152;city161;140;192;city126
131;city232;91;14;city88;368;277;city290;263;55;city122;105;343;city243;59;313;city52;454;411;city130;252;270;city227;319;173;city131;59;408;city82;358;429;city92;73;199;city220;371;264;city59
171;city67;50;231;city85;20;213;city80;417;277;city223;484;133;city164;378;324;city296;79;473;city65;426;425;city112;466;29;city55;132;13;city212;254;429;city175;358;135;city215;461;291;city284;24;247;city50;13;162;city103;199;213;city197
160;city227;397;233;city174;438;438;city200;30;322;city219;304;233;city133;280;200;city144;485;136;city96;158;253;city197;200;258;city153;27;352;city249;65;90;city57;260;125;city290;49;362;city185;182;429;city201
162;city183;493;38;city87;248;74;city241;331;444;city250;300;71;city66;31;363;city240;247;278;city75;428;386;city153;330;483;city279
147;city246;240;469;city77;354;324;city94;388;73;city69;176;102;city183
129;city189;119;76;city183;387;76;city285;417;71;city65;103;221;city179;482;463;city264;270;158;city252;398;270;city299;409;489;city289;49;430;city77;325;113;city153;420;454;city87;230;292;city167;64;197;city253;94;350;city211;76;73;city66;163;231;city178
150;city129;164;472;city226;173;133;city257;16;302;city200;400;373;city136;171;430;city144;440;100;city179;468;85;city236;383;329;city149;307;214;city84;170;87;city161
166;city77;93;439;city81;341;256;city222;149;212;city87;307;84;city55;459;178;city76;100;470;city251
131;city232;91;14;city88;368;277;city290;263;55;city122;105;343;city243;59;313;city52;454;411;city130;252;270;city227;319;173;city131;59;408;city82;358;429;city92;73;199;city220;371;264;city59
169;city253;115;206;city68;373;241;city207;92;176;city251;52;7;city83;60;95;city213;5;212;city219;319;37;city243;396;51;city298;38;321;city62;299;141;city63;377;297;city200;331;26;city105;229;352;city254
133;city97;117;308;city194;29;411;city212;471;355;city234;403;308;city186;391;328;city76;77;141;city205;90;298;city131;20;41;city98
165;city293;70;51;city184;333;330;city147;293;228;city201;128;94;city183;127;484;city52;299;278;city68;347;39;city123;444;119;city186;121;24;city214;173;21;city289;354;199;city188
161;city225;155;174;city163
159;city107;233;128;city71;66;359;city187;56;134;city155;364;150;city56;354;402;city206;478;243;city269
161;city225;155;174;city163
137;city181;147;282;city287
163;city165;243;424;city132;65;5781;city136;336;415;city195;110;302;city151;131;6;city241;451;451;city76;154;19;city51
153;city162;159;435;city203;96;275;city261;172;77;city232
164;city153;309;60;city248;73;439;city272;252;240;city73;362;355;city133;277;410;city139;205;7;city265;26;305;city297;372;374;city71;290;68;city256;268;482;city173;81;480;city134;403;37;city101;230;382;city151;440;451;city158
159;city107;233;128;city71;66;359;city187;56;134;city155;364;150;city56;354;402;city206;478;243;city269
174;city238;207;260;city119;382;368;city219;348;126;city74;335;265;city50;354;153;city201;463;478;city239;240;264;city297;455;245;city98;148;106;city281;241;357;city283;491;53;city58;289;218;city257;456;173;city214;347;477;city249;85;230;city247
155;city174;361;489;city251;179;172;city160;14;124;city173;348;488;city207;310;23;city54;232;74;city269;278;101;city233;283;327;city52;438;207;city147;82;78;city130;160;75;city222;213;363;city99;378;263;city249;432;443;city288;462;310;city83;270;83;city80;247;439;city214
140;city293;104;276;city167;146;235;city122;329;299;city81;294;75;city211;136;294;city162;118;480;city220;380;141;city137;63;380;city235;487;162;city109;301;53;city295;154;262;city191;280;152;city161;140;192;city126
163;city165;243;424;city132;65;5781;city136;336;415;city195;110;302;city151;131;6;city241;451;451;city76;154;19;city51
154;city78;414;123;city209
149;city52;174;454;city246;403;337;city126;490;413;city231;192;373;city233;220;424;city67;19;495;city260
136;city246;4;451;city256;451;126;city212;36;366;city70;147;44;city288;428;53;city258;346;427;city175;219;437;city95;258;96;city58;361;378;city223;27;415;city172;359;324;city122;154;383;city209;453;345;city189;93;425;city237;18;276;city211;11;346;city74;185;160;city168;498;290;city276;196;205;city263
137;city181;147;282;city287
146;city212;239;158;city185;21;431;city197;316;16;city107;480;207;city121;349;62;city175;388;312;city242;461;357;city269;256;66;city260
163;city165;243;424;city132;65;5781;city136;336;415;city195;110;302;city151;131;6;city241;451;451;city76;154;19;city51
163;city165;243;424;city132;65;5781;city136;336;415;city195;110;302;city151;131;6;city241;451;451;city76;154;19;city51
133;city97;117;308;city194;29;411;city212;471;355;city234;403;308;city186;391;328;city76;77;141;city205;90;298;city131;20;41;city98
160;city227;397;233;city174;438;438;city200;30;322;city219;304;233;city133;280;200;city144;485;136;city96;158;253;city197;200;258;city153;27;352;city249;65;90;city57;260;125;city290;49;362;city185;182;429;city201
166;city77;93;439;city81;341;256;city222;149;212;city87;307;84;city55;459;178;city76;100;470;city251
130;city208;223;147;city219;463;197;city142
130;city208;223;147;city219;463;197;city142
161;city225;155;174;city163
163;city165;243;424;city132;65;5781;city136;336;415;city195;110;302;city151;131;6;city241;451;451;city76;154;19;city51
141;city92;98;76;city139;437;331;city190;401;476;city236;405;485;city55;182;499;city97;473;280;city204;344;371;city182;142;95;city141;126;132;city158;478;50;city289;44;42;city87;256;320;city94;292;215;city271;298;53;city110;383;159;city227
147;city246;240;469;city77;354;324;city94;388;73;city69;176;102;city183
173;city106;324;60;city135;254;302;city128;355;93;city171;318;249;city283;177;66;city143;318;54;city198;401;207;city236;109;450;city176;160;88;city177;441;444;city223;487;44;city67;172;83;city219;230;14;city195;351;187;city92;332;227;city154;226;76;city137
163;city165;243;424;city132;65;5781;city136;336;415;city195;110;302;city151;131;6;city241;451;451;city76;154;19;city51
144;city224;485;269;city186
134;city124;350;144;city283;460;155;city117;351;281;city88;485;476;city216;167;5;city204;61;427;city252;68;42;city84
144;city224;485;269;city186
154;city78;414;123;city209
154;city78;414;123;city209
134;city124;350;144;city283;460;155;city117;351;281;city88;485;476;city216;167;5;city204;61;427;city252;68;42;city84
137;city181;147;282;city287
169;city253;115;206;city68;373;241;city207;92;176;city251;52;7;city83;60;95;city213;5;212;city219;319;37;city243;396;51;city298;38;321;city62;299;141;city63;377;297;city200;331;26;city105;229;352;city254
141;city92;98;76;city139;437;331;city190;401;476;city236;405;485;city55;182;499;city97;473;280;city204;344;371;city182;142;95;city141;126;132;city158;478;50;city289;44;42;city87;256;320;city94;292;215;city271;298;53;city110;383;159;city227
