




164;city109;233;391;city198;298;211;city52;46;417;city132;262;207;city235;105;403;city184;100;76;city174;385;7;city262








164;city109;233;391;city198;298;211;city52;46;417;city132;262;207;city235;105;403;city184;100;76;city174;385;7;city262






137;city163;143;482;city251;478;274;city199;264;84;city200;241;436;city79;170;41;city60




143;city72;360;178;city254;8;86;city247;361;156;city151;20;379;city157;239;144;city134

130;city186;114;154;city153;454;321;city88;395;292;city222;445;401;city95;345;282;city233;19;310;city250;84;365;city189;500;484;city158;187;122;city136;451;464;city56;473;316;city129;448;281;city274


169;city69;216;99;city178;265;410;city120;404;74;city116;234;117;city84;253;494;city246;102;283;city132;252;43;city159;451;283;city110;353;253;city186;350;34;city298;448;297;city53;381;307;city299;374;11;city241;452;480;city171;75;368;city103;53;19;city293;330;176;city230;79;177;city222

158;city155;417;69;city118;417;463;city204;369;38;city271;241;191;city133
129;city233;93;493;city98;116;252;city70;296;416;city151;424;31;city144;2;138;city200;444;395;city174;118;456;city267;84;253;city59;304;140;city82;212;157;city227;254;297;city150;130;401;city239
134;city158;27;338;city85;140;144;city258;277;241;city103;177;27;city81;472;301;city273;441;496;city251;458;305;city181;370;146;city210;135;40;city259;386;189;city156;99;143;city177;226;340;city217;295;369;city56;142;47;city187;350;395;city83;165;367;city278;74;226;city254;220;136;city91




128;city131;423;242;city56;131;156;city263;112;85;city221;65;377;city64;99;187;city191;6;27;city107;177;458;city249;337;279;city174;425;262;city67;452;62;city282;363;110;city71;220;118;city156;201;157;city76;382;124;city207;427;156;city63;84;66;city285
165;city290;196;88;city120

152;city287;497;374;city232;201;433;city298
153;city86;267;89;city80;104;224;city132;171;219;city204;283;34;city71;205;108;city73;293;171;city61;235;76;city169;418;255;city100;375;179;city211;238;288;city144;424;362;city107;162;372;city166;249;115;city254;371;283;city235;404;364;city243;255;59;city57;123;478;city153
150;city60;302;148;city225;257;299;city239;257;439;city191;359;328;city136;222;151;city290;433;387;city209;394;388;city241;256;360;city204;469;125;city167;329;293;city222;219;464;city193;421;353;city212;498;71;city275;63;312;city66;381;458;city292;53;493;city163;384;67;city161

130;city186;114;154;city153;454;321;city88;395;292;city222;445;401;city95;345;282;city233;19;310;city250;84;365;city189;500;484;city158;187;122;city136;451;464;city56;473;316;city129;448;281;city274

163;city94;199;365;city202;430;28;city55;235;53;city51;257;369;city161;208;163;city50;188;45;city91;303;224;city234;426;17;city71

169;city69;216;99;city178;265;410;city120;404;74;city116;234;117;city84;253;494;city246;102;283;city132;252;43;city159;451;283;city110;353;253;city186;350;34;city298;448;297;city53;381;307;city299;374;11;city241;452;480;city171;75;368;city103;53;19;city293;330;176;city230;79;177;city222
155;city180;485;344;city131;373;192;city109;424;459;city175
162;city191;122;13;city210;85;273;city70

153;city86;267;89;city80;104;224;city132;171;219;city204;283;34;city71;205;108;city73;293;171;city61;235;76;city169;418;255;city100;375;179;city211;238;288;city144;424;362;city107;162;372;city166;249;115;city254;371;283;city235;404;364;city243;255;59;city57;123;478;city153

156;city232;481;195;city164;179;100;city157;136;96;city107;8;227;city255;325;448;city105;21;192;city94;495;464;city230;131;79;city260;366;238;city241;156;11;city113;490;455;city252
137;city163;143;482;city251;478;274;city199;264;84;city200;241;436;city79;170;41;city60
136;city252;37;444;city95;400;142;city230;471;364;city250;402;261;city113;149;407;city295
145;city122;12;418;city276;74;433;city123;467;110;city163;270;480;city277;346;407;city214;200;289;city259;76;28;city187;490;418;city82;364;170;city249;379;111;city244
128;city131;423;242;city56;131;156;city263;112;85;city221;65;377;city64;99;187;city191;6;27;city107;177;458;city249;337;279;city174;425;262;city67;452;62;city282;363;110;city71;220;118;city156;201;157;city76;382;124;city207;427;156;city63;84;66;city285
134;city158;27;338;city85;140;144;city258;277;241;city103;177;27;city81;472;301;city273;441;496;city251;458;305;city181;370;146;city210;135;40;city259;386;189;city156;99;143;city177;226;340;city217;295;369;city56;142;47;city187;350;395;city83;165;367;city278;74;226;city254;220;136;city91


150;city60;302;148;city225;257;299;city239;257;439;city191;359;328;city136;222;151;city290;433;387;city209;394;388;city241;256;360;city204;469;125;city167;329;293;city222;219;464;city193;421;353;city212;498;71;city275;63;312;city66;381;458;city292;53;493;city163;384;67;city161
134;city158;27;338;city85;140;144;city258;277;241;city103;177;27;city81;472;301;city273;441;496;city251;458;305;city181;370;146;city210;135;40;city259;386;189;city156;99;143;city177;226;340;city217;295;369;city56;142;47;city187;350;395;city83;165;367;city278;74;226;city254;220;136;city91
166;city244;291;368;city91

155;city180;485;344;city131;373;192;city109;424;459;city175

147;city98;108;340;city279;4;394;city159;394;170;city199;137;160;city92
174;city104;484;484;city254;99;331;city102;179;168;city283;139;304;city96;196;329;city178;124;442;city239;255;423;city207;324;465;city244;266;441;city75;297;184;city241;212;357;city123;373;88;city256;126;283;city240;399;124;city184

128;city131;423;242;city56;131;156;city263;112;85;city221;65;377;city64;99;187;city191;6;27;city107;177;458;city249;337;279;city174;425;262;city67;452;62;city282;363;110;city71;220;118;city156;201;157;city76;382;124;city207;427;156;city63;84;66;city285
156;city232;481;195;city164;179;100;city157;136;96;city107;8;227;city255;325;448;city105;21;192;city94;495;464;city230;131;79;city260;366;238;city241;156;11;city113;490;455;city252
150;city60;302;148;city225;257;299;city239;257;439;city191;359;328;city136;222;151;city290;433;387;city209;394;388;city241;256;360;city204;469;125;city167;329;293;city222;219;464;city193;421;353;city212;498;71;city275;63;312;city66;381;458;city292;53;493;city163;384;67;city161
170;city194;9;337;city131;164;187;city176;444;203;city249;119;249;city140
156;city232;481;195;city164;179;100;city157;136;96;city107;8;227;city255;325;448;city105;21;192;city94;495;464;city230;131;79;city260;366;238;city241;156;11;city113;490;455;city252

153;city86;267;89;city80;104;224;city132;171;219;city204;283;34;city71;205;108;city73;293;171;city61;235;76;city169;418;255;city100;375;179;city211;238;288;city144;424;362;city107;162;372;city166;249;115;city254;371;283;city235;404;364;city243;255;59;city57;123;478;city153
158;city155;417;69;city118;417;463;city204;369;38;city271;241;191;city133
148;city55;450;394;city191;478;433;city84;106;293;city241;211;436;city164;367;493;city246;383;440;city294;133;40;city62;173;169;city97;173;58;city270;324;324;city151;325;246;city78;82;359;city297
128;city131;423;242;city56;131;156;city263;112;85;city221;65;377;city64;99;187;city191;6;27;city107;177;458;city249;337;279;city174;425;262;city67;452;62;city282;363;110;city71;220;118;city156;201;157;city76;382;124;city207;427;156;city63;84;66;city285
169;city69;216;99;city178;265;410;city120;404;74;city116;234;117;city84;253;494;city246;102;283;city132;252;43;city159;451;283;city110;353;253;city186;350;34;city298;448;297;city53;381;307;city299;374;11;city241;452;480;city171;75;368;city103;53;19;city293;330;176;city230;79;177;city222
148;city55;450;394;city191;478;433;city84;106;293;city241;211;436;city164;367;493;city246;383;440;city294;133;40;city62;173;169;city97;173;58;city270;324;324;city151;325;246;city78;82;359;city297
163;city94;199;365;city202;430;28;city55;235;53;city51;257;369;city161;208;163;city50;188;45;city91;303;224;city234;426;17;city71
137;city163;143;482;city251;478;274;city199;264;84;city200;241;436;city79;170;41;city60
134;city158;27;338;city85;140;144;city258;277;241;city103;177;27;city81;472;301;city273;441;496;city251;458;305;city181;370;146;city210;135;40;city259;386;189;city156;99;143;city177;226;340;city217;295;369;city56;142;47;city187;350;395;city83;165;367;city278;74;226;city254;220;136;city91
154;city141;376;380;city188;41;352;city230;198;179;city146;464;290;city159;337;161;city145;420;91;city114;264;29;city59;225;443;city216;499;272;city144;67;485;city266;53;500;city119;437;289;city208;20;297;city178
162;city191;122;13;city210;85;273;city70
126;city199;212;354;city77;427;213;city185;366;23;city279;217;156;city244;445;154;city141;389;251;city257;215;135;city252;74;473;city280;153;486;city287;381;203;city248;438;123;city180;265;78;city237;226;312;city298;365;35;city152
173;city127;194;176;city77;361;448;city147;456;293;city146;466;491;city202;188;98;city66;184;253;city162;76;190;city81;474;220;city80;400;74;city131;289;89;city228;387;121;city87
138;city120;195;333;city292;174;431;city192;449;282;city132
167;city70;28;27;city201;466;125;city59;76;91;city64;457;34;city169;325;234;city166;192;457;city158;412;206;city138;199;169;city139;263;214;city275
140;city231;246;341;city236;374;478;city163;146;412;city69;184;396;city193;486;115;city154;492;35;city82;261;485;city251;229;145;city179;386;182;city178;199;305;city264

125;city195;334;55;city262;471;66;city286;265;3;city269;496;315;city215;343;336;city237;91;35;city227

139;city163;131;122;city99;252;413;city181;377;379;city207;429;424;city238;466;98;city73
145;city122;12;418;city276;74;433;city123;467;110;city163;270;480;city277;346;407;city214;200;289;city259;76;28;city187;490;418;city82;364;170;city249;379;111;city244
173;city127;194;176;city77;361;448;city147;456;293;city146;466;491;city202;188;98;city66;184;253;city162;76;190;city81;474;220;city80;400;74;city131;289;89;city228;387;121;city87
125;city195;334;55;city262;471;66;city286;265;3;city269;496;315;city215;343;336;city237;91;35;city227
139;city163;131;122;city99;252;413;city181;377;379;city207;429;424;city238;466;98;city73
155;city180;485;344;city131;373;192;city109;424;459;city175
140;city231;246;341;city236;374;478;city163;146;412;city69;184;396;city193;486;115;city154;492;35;city82;261;485;city251;229;145;city179;386;182;city178;199;305;city264
159;city182;148;83;city233;356;213;city125;301;306;city238;311;102;city128


162;city191;122;13;city210;85;273;city70
139;city163;131;122;city99;252;413;city181;377;379;city207;429;424;city238;466;98;city73

141;city283;499;66;city271;395;231;city196;23;352;city201;404;410;city224;201;162;city280;240;412;city276;34;12;city128;391;76;city117;91;493;city79;33;122;city188;425;84;city211;124;368;city214
172;city164;384;280;city282;255;171;city82;372;52;city126;305;421;city59;490;118;city89;241;455;city130;378;93;city222;245;14;city138;325;387;city112;102;468;city158
135;city279;283;405;city287;453;396;city55;294;190;city81;303;188;city217;438;79;city193;67;241;city143;325;170;city236;500;355;city120;53;145;city273;38;245;city284;287;95;city155;234;69;city261;58;284;city150
128;city131;423;242;city56;131;156;city263;112;85;city221;65;377;city64;99;187;city191;6;27;city107;177;458;city249;337;279;city174;425;262;city67;452;62;city282;363;110;city71;220;118;city156;201;157;city76;382;124;city207;427;156;city63;84;66;city285
162;city191;122;13;city210;85;273;city70

143;city72;360;178;city254;8;86;city247;361;156;city151;20;379;city157;239;144;city134
158;city155;417;69;city118;417;463;city204;369;38;city271;241;191;city133
166;city244;291;368;city91
135;city279;283;405;city287;453;396;city55;294;190;city81;303;188;city217;438;79;city193;67;241;city143;325;170;city236;500;355;city120;53;145;city273;38;245;city284;287;95;city155;234;69;city261;58;284;city150
163;city94;199;365;city202;430;28;city55;235;53;city51;257;369;city161;208;163;city50;188;45;city91;303;224;city234;426;17;city71
145;city122;12;418;city276;74;433;city123;467;110;city163;270;480;city277;346;407;city214;200;289;city259;76;28;city187;490;418;city82;364;170;city249;379;111;city244
154;city141;376;380;city188;41;352;city230;198;179;city146;464;290;city159;337;161;city145;420;91;city114;264;29;city59;225;443;city216;499;272;city144;67;485;city266;53;500;city119;437;289;city208;20;297;city178
144;city64;400;167;city92;287;354;city187;91;467;city243;268;377;city118;218;157;city213;344;153;city141;396;459;city294;66;437;city75
145;city122;12;418;city276;74;433;city123;467;110;city163;270;480;city277;346;407;city214;200;289;city259;76;28;city187;490;418;city82;364;170;city249;379;111;city244

126;city199;212;354;city77;427;213;city185;366;23;city279;217;156;city244;445;154;city141;389;251;city257;215;135;city252;74;473;city280;153;486;city287;381;203;city248;438;123;city180;265;78;city237;226;312;city298;365;35;city152
137;city163;143;482;city251;478;274;city199;264;84;city200;241;436;city79;170;41;city60
156;city232;481;195;city164;179;100;city157;136;96;city107;8;227;city255;325;448;city105;21;192;city94;495;464;city230;131;79;city260;366;238;city241;156;11;city113;490;455;city252
170;city194;9;337;city131;164;187;city176;444;203;city249;119;249;city140
170;city194;9;337;city131;164;187;city176;444;203;city249;119;249;city140
143;city72;360;178;city254;8;86;city247;361;156;city151;20;379;city157;239;144;city134
139;city163;131;122;city99;252;413;city181;377;379;city207;429;424;city238;466;98;city73
128;city131;423;242;city56;131;156;city263;112;85;city221;65;377;city64;99;187;city191;6;27;city107;177;458;city249;337;279;city174;425;262;city67;452;62;city282;363;110;city71;220;118;city156;201;157;city76;382;124;city207;427;156;city63;84;66;city285
134;city158;27;338;city85;140;144;city258;277;241;city103;177;27;city81;472;301;city273;441;496;city251;458;305;city181;370;146;city210;135;40;city259;386;189;city156;99;143;city177;226;340;city217;295;369;city56;142;47;city187;350;395;city83;165;367;city278;74;226;city254;220;136;city91
152;city287;497;374;city232;201;433;city298

168;city224;102;245;city216;94;259;city101;26;394;city88;198;429;city68;486;46;city100
161;city148;430;260;city194;292;417;city228
137;city163;143;482;city251;478;274;city199;264;84;city200;241;436;city79;170;41;city60
134;city158;27;338;city85;140;144;city258;277;241;city103;177;27;city81;472;301;city273;441;496;city251;458;305;city181;370;146;city210;135;40;city259;386;189;city156;99;143;city177;226;340;city217;295;369;city56;142;47;city187;350;395;city83;165;367;city278;74;226;city254;220;136;city91
173;city127;194;176;city77;361;448;city147;456;293;city146;466;491;city202;188;98;city66;184;253;city162;76;190;city81;474;220;city80;400;74;city131;289;89;city228;387;121;city87
165;city290;196;88;city120
140;city231;246;341;city236;374;478;city163;146;412;city69;184;396;city193;486;115;city154;492;35;city82;261;485;city251;229;145;city179;386;182;city178;199;305;city264
158;city155;417;69;city118;417;463;city204;369;38;city271;241;191;city133
154;city141;376;380;city188;41;352;city230;198;179;city146;464;290;city159;337;161;city145;420;91;city114;264;29;city59;225;443;city216;499;272;city144;67;485;city266;53;500;city119;437;289;city208;20;297;city178
140;city231;246;341;city236;374;478;city163;146;412;city69;184;396;city193;486;115;city154;492;35;city82;261;485;city251;229;145;city179;386;182;city178;199;305;city264
144;city64;400;167;city92;287;354;city187;91;467;city243;268;377;city118;218;157;city213;344;153;city141;396;459;city294;66;437;city75
125;city195;334;55;city262;471;66;city286;265;3;city269;496;315;city215;343;336;city237;91;35;city227
169;city69;216;99;city178;265;410;city120;404;74;city116;234;117;city84;253;494;city246;102;283;city132;252;43;city159;451;283;city110;353;253;city186;350;34;city298;448;297;city53;381;307;city299;374;11;city241;452;480;city171;75;368;city103;53;19;city293;330;176;city230;79;177;city222
165;city290;196;88;city120
172;city164;384;280;city282;255;171;city82;372;52;city126;305;421;city59;490;118;city89;241;455;city130;378;93;city222;245;14;city138;325;387;city112;102;468;city158
135;city279;283;405;city287;453;396;city55;294;190;city81;303;188;city217;438;79;city193;67;241;city143;325;170;city236;500;355;city120;53;145;city273;38;245;city284;287;95;city155;234;69;city261;58;284;city150
149;city246;382;379;city194;237;364;city66;329;404;city131;152;34;city231;433;127;city158;343;74;city263;463;302;city162;86;221;city230;284;291;city278;212;162;city111;140;54;city109;281;432;city159;457;145;city221;41;107;city266;462;73;city280;136;332;city211;340;260;city228;225;163;city242;385;313;city165
139;city163;131;122;city99;252;413;city181;377;379;city207;429;424;city238;466;98;city73
160;city53;469;172;city134;132;322;city139;234;388;city182;105;477;city98;109;269;city142;224;378;city148;207;248;city189;471;463;city196;421;404;city169;87;147;city281;10;463;city69;251;470;city123;344;332;city254;310;88;city296;275;222;city154;44;419;city130
153;city86;267;89;city80;104;224;city132;171;219;city204;283;34;city71;205;108;city73;293;171;city61;235;76;city169;418;255;city100;375;179;city211;238;288;city144;424;362;city107;162;372;city166;249;115;city254;371;283;city235;404;364;city243;255;59;city57;123;478;city153
134;city158;27;338;city85;140;144;city258;277;241;city103;177;27;city81;472;301;city273;441;496;city251;458;305;city181;370;146;city210;135;40;city259;386;189;city156;99;143;city177;226;340;city217;295;369;city56;142;47;city187;350;395;city83;165;367;city278;74;226;city254;220;136;city91
150;city60;302;148;city225;257;299;city239;257;439;city191;359;328;city136;222;151;city290;433;387;city209;394;388;city241;256;360;city204;469;125;city167;329;293;city222;219;464;city193;421;353;city212;498;71;city275;63;312;city66;381;458;city292;53;493;city163;384;67;city161
128;city131;423;242;city56;131;156;city263;112;85;city221;65;377;city64;99;187;city191;6;27;city107;177;458;city249;337;279;city174;425;262;city67;452;62;city282;363;110;city71;220;118;city156;201;157;city76;382;124;city207;427;156;city63;84;66;city285
164;city109;233;391;city198;298;211;city52;46;417;city132;262;207;city235;105;403;city184;100;76;city174;385;7;city262
164;city109;233;391;city198;298;211;city52;46;417;city132;262;207;city235;105;403;city184;100;76;city174;385;7;city262
155;city180;485;344;city131;373;192;city109;424;459;city175
144;city64;400;167;city92;287;354;city187;91;467;city243;268;377;city118;218;157;city213;344;153;city141;396;459;city294;66;437;city75
165;city290;196;88;city120
125;city195;334;55;city262;471;66;city286;265;3;city269;496;315;city215;343;336;city237;91;35;city227
126;city199;212;354;city77;427;213;city185;366;23;city279;217;156;city244;445;154;city141;389;251;city257;215;135;city252;74;473;city280;153;486;city287;381;203;city248;438;123;city180;265;78;city237;226;312;city298;365;35;city152
132;city68;369;468;city237;275;247;city293;204;144;city264;389;311;city99;99;178;city234;406;373;city59;444;109;city212;472;381;city231;207;27;city54;58;270;city77;426;459;city62;382;152;city179;13;68;city221;168;165;city102;278;94;city152;86;281;city154
149;city246;382;379;city194;237;364;city66;329;404;city131;152;34;city231;433;127;city158;343;74;city263;463;302;city162;86;221;city230;284;291;city278;212;162;city111;140;54;city109;281;432;city159;457;145;city221;41;107;city266;462;73;city280;136;332;city211;340;260;city228;225;163;city242;385;313;city165
151;city169;6;106;city158;188;136;city232;202;151;city249;443;196;city61;55;436;city285;447;497;city230;475;188;city174;133;467;city268;132;166;city126;369;370;city244;388;196;city159;365;199;city71
140;city231;246;341;city236;374;478;city163;146;412;city69;184;396;city193;486;115;city154;492;35;city82;261;485;city251;229;145;city179;386;182;city178;199;305;city264
161;city148;430;260;city194;292;417;city228
141;city283;499;66;city271;395;231;city196;23;352;city201;404;410;city224;201;162;city280;240;412;city276;34;12;city128;391;76;city117;91;493;city79;33;122;city188;425;84;city211;124;368;city214
125;city195;334;55;city262;471;66;city286;265;3;city269;496;315;city215;343;336;city237;91;35;city227
125;city195;334;55;city262;471;66;city286;265;3;city269;496;315;city215;343;336;city237;91;35;city227
170;city194;9;337;city131;164;187;city176;444;203;city249;119;249;city140
136;city252;37;444;city95;400;142;city230;471;364;city250;402;261;city113;149;407;city295
163;city94;199;365;city202;430;28;city55;235;53;city51;257;369;city161;208;163;city50;188;45;city91;303;224;city234;426;17;city71
169;city69;216;99;city178;265;410;city120;404;74;city116;234;117;city84;253;494;city246;102;283;city132;252;43;city159;451;283;city110;353;253;city186;350;34;city298;448;297;city53;381;307;city299;374;11;city241;452;480;city171;75;368;city103;53;19;city293;330;176;city230;79;177;city222
126;city199;212;354;city77;427;213;city185;366;23;city279;217;156;city244;445;154;city141;389;251;city257;215;135;city252;74;473;city280;153;486;city287;381;203;city248;438;123;city180;265;78;city237;226;312;city298;365;35;city152
167;city70;28;27;city201;466;125;city59;76;91;city64;457;34;city169;325;234;city166;192;457;city158;412;206;city138;199;169;city139;263;214;city275
163;city94;199;365;city202;430;28;city55;235;53;city51;257;369;city161;208;163;city50;188;45;city91;303;224;city234;426;17;city71
149;city246;382;379;city194;237;364;city66;329;404;city131;152;34;city231;433;127;city158;343;74;city263;463;302;city162;86;221;city230;284;291;city278;212;162;city111;140;54;city109;281;432;city159;457;145;city221;41;107;city266;462;73;city280;136;332;city211;340;260;city228;225;163;city242;385;313;city165
155;city180;485;344;city131;373;192;city109;424;459;city175
131;city129;99;199;city62;464;222;city195;316;218;city245;28;154;city106
125;city195;334;55;city262;471;66;city286;265;3;city269;496;315;city215;343;336;city237;91;35;city227
138;city120;195;333;city292;174;431;city192;449;282;city132
171;city55;184;40;city164;386;146;city284;257;49;city292;15;109;city106;147;77;city87;349;158;city140;95;498;city141;360;46;city182;403;128;city90;231;348;city105;369;150;city298;152;396;city265;428;140;city226;446;443;city96;288;268;city293;497;27;city285;48;488;city248;324;127;city242;111;383;city135
168;city224;102;245;city216;94;259;city101;26;394;city88;198;429;city68;486;46;city100

172;city164;384;280;city282;255;171;city82;372;52;city126;305;421;city59;490;118;city89;241;455;city130;378;93;city222;245;14;city138;325;387;city112;102;468;city158
130;city186;114;154;city153;454;321;city88;395;292;city222;445;401;city95;345;282;city233;19;310;city250;84;365;city189;500;484;city158;187;122;city136;451;464;city56;473;316;city129;448;281;city274
171;city55;184;40;city164;386;146;city284;257;49;city292;15;109;city106;147;77;city87;349;158;city140;95;498;city141;360;46;city182;403;128;city90;231;348;city105;369;150;city298;152;396;city265;428;140;city226;446;443;city96;288;268;city293;497;27;city285;48;488;city248;324;127;city242;111;383;city135
169;city69;216;99;city178;265;410;city120;404;74;city116;234;117;city84;253;494;city246;102;283;city132;252;43;city159;451;283;city110;353;253;city186;350;34;city298;448;297;city53;381;307;city299;374;11;city241;452;480;city171;75;368;city103;53;19;city293;330;176;city230;79;177;city222
148;city55;450;394;city191;478;433;city84;106;293;city241;211;436;city164;367;493;city246;383;440;city294;133;40;city62;173;169;city97;173;58;city270;324;324;city151;325;246;city78;82;359;city297
154;city141;376;380;city188;41;352;city230;198;179;city146;464;290;city159;337;161;city145;420;91;city114;264;29;city59;225;443;city216;499;272;city144;67;485;city266;53;500;city119;437;289;city208;20;297;city178
134;city158;27;338;city85;140;144;city258;277;241;city103;177;27;city81;472;301;city273;441;496;city251;458;305;city181;370;146;city210;135;40;city259;386;189;city156;99;143;city177;226;340;city217;295;369;city56;142;47;city187;350;395;city83;165;367;city278;74;226;city254;220;136;city91
165;city290;196;88;city120
126;city199;212;354;city77;427;213;city185;366;23;city279;217;156;city244;445;154;city141;389;251;city257;215;7171;city252;74;473;city280;153;486;city287;381;203;city248;438;123;city180;265;78;city237;226;312;city298;365;35;city152
151;city169;6;106;city158;188;136;city232;202;151;city249;443;196;city61;55;436;city285;447;497;city230;475;188;city174;133;467;city268;132;166;city126;369;370;city244;388;196;city159;365;199;city71
132;city68;369;468;city237;275;247;city293;204;144;city264;389;311;city99;99;178;city234;406;373;city59;444;109;city212;472;381;city231;207;27;city54;58;270;city77;426;459;city62;382;152;city179;13;68;city221;168;165;city102;278;94;city152;86;281;city154
155;city180;485;344;city131;373;192;city109;424;459;city175
155;city180;485;344;city131;373;192;city109;424;459;city175
170;city194;9;337;city131;164;187;city176;444;203;city249;119;249;city140

131;city129;99;199;city62;464;222;city195;316;218;city245;28;154;city106
168;city224;102;245;city216;94;259;city101;26;394;city88;198;429;city68;486;46;city100
165;city290;196;88;city120
131;city129;99;199;city62;464;222;city195;316;218;city245;28;154;city106
151;city169;6;106;city158;188;136;city232;202;151;city249;443;196;city61;55;436;city285;447;497;city230;475;188;city174;133;467;city268;132;166;city126;369;370;city244;388;196;city159;365;199;city71
151;city169;6;106;city158;188;136;city232;202;151;city249;443;196;city61;55;436;city285;447;497;city230;475;188;city174;133;467;city268;132;166;city126;369;370;city244;388;196;city159;365;199;city71

171;city55;184;40;city164;386;146;city284;257;49;city292;15;109;city106;147;77;city87;349;158;city140;95;498;city141;360;46;city182;403;128;city90;231;348;city105;369;150;city298;152;396;city265;428;140;city226;446;443;city96;288;268;city293;497;27;city285;48;488;city248;324;127;city242;111;383;city135
136;city252;37;444;city95;400;142;city230;471;364;city250;402;261;city113;149;407;city295
131;city129;99;199;city62;464;222;city195;316;218;city245;28;154;city106
146;city157;28;33;city293;388;344;city243;404;412;city74;198;21;city175;411;161;city118
168;city224;102;245;city216;94;259;city101;26;394;city88;198;429;city68;486;46;city100
132;city68;369;468;city237;275;247;city293;204;144;city264;389;311;city99;99;178;city234;406;373;city59;444;109;city212;472;381;city231;207;27;city54;58;270;city77;426;459;city62;382;152;city179;13;68;city221;168;165;city102;278;94;city152;86;281;city154
168;city224;102;245;city216;94;259;city101;26;394;city88;198;429;city68;486;46;city100
148;city55;450;394;city191;478;433;city84;106;293;city241;211;436;city164;367;493;city246;383;440;city294;133;40;city62;173;169;city97;173;58;city270;324;324;city151;325;246;city78;82;359;city297
125;city195;334;55;city262;471;66;city286;265;3;city269;496;315;city215;343;336;city237;91;35;city227
144;city64;400;167;city92;287;354;city187;91;467;city243;268;377;city118;218;157;city213;344;153;city141;396;459;city294;66;437;city75
152;city287;497;374;city232;201;433;city298
137;city163;143;482;city251;478;274;city199;264;84;city200;241;436;city79;170;41;city60
161;city148;430;260;city194;292;417;city228
156;city232;481;195;city164;179;100;city157;136;96;city107;8;227;city255;325;448;city105;21;192;city94;495;464;city230;131;79;city260;366;238;city241;156;11;city113;490;455;city252
151;city169;6;106;city158;188;136;city232;202;151;city249;443;196;city61;55;436;city285;447;497;city230;475;188;city174;133;467;city268;132;166;city126;369;370;city244;388;196;city159;365;199;city71
132;city68;369;468;city237;275;247;city293;204;144;city264;389;311;city99;99;178;city234;406;373;city59;444;109;city212;472;381;city231;207;27;city54;58;270;city77;426;459;city62;382;152;city179;13;68;city221;168;165;city102;278;94;city152;86;281;city154
157;city235;58;203;city91;205;365;city147;412;235;city75;469;275;city98;54;300;city285;151;264;city296;57;12;city102;323;338;city94;385;464;city267;73;87;city298;280;395;city236;354;62;city158;359;497;city292;221;352;city228;443;392;city127;498;477;city135;3;168;city269
158;city155;417;69;city118;417;463;city204;369;38;city271;241;191;city133
141;city283;499;66;city271;395;231;city196;23;352;city201;404;410;city224;201;162;city280;240;412;city276;34;12;city128;391;76;city117;91;493;city79;33;122;city188;425;84;city211;124;368;city214
127;city95;445;307;city272;405;272;city81;119;459;city197;287;152;city237;421;465;city236;420;187;city145;70;288;city119;26;218;city174;377;376;city69;493;427;city212;495;319;city165;452;193;city106;10;124;city85;420;149;city251;450;214;city54;209;183;city214;145;183;city153;408;116;city262;380;418;city190
132;city68;369;468;city237;275;247;city293;204;144;city264;389;311;city99;99;178;city234;406;373;city59;444;109;city212;472;381;city231;207;27;city54;58;270;city77;426;459;city62;382;152;city179;13;68;city221;168;165;city102;278;94;city152;86;281;city154
131;city129;99;199;city62;464;222;city195;316;218;city245;28;154;city106
132;city68;369;468;city237;275;247;city293;204;144;city264;389;311;city99;99;178;city234;406;373;city59;444;109;city212;472;381;city231;207;27;city54;58;270;city77;426;459;city62;382;152;city179;13;68;city221;168;165;city102;278;94;city152;86;281;city154
141;city283;499;66;city271;395;231;city196;23;352;city201;404;410;city224;201;162;city280;240;412;city276;34;12;city128;391;76;city117;91;493;city79;33;122;city188;425;84;city211;124;368;city214
163;city94;199;365;city202;430;28;city55;235;53;city51;257;369;city161;208;163;city50;188;45;city91;303;224;city234;426;17;city71
130;city186;114;154;city153;454;321;city88;395;292;city222;445;401;city95;345;282;city233;19;310;city250;84;365;city189;500;484;city158;187;122;city136;451;464;city56;473;316;city129;448;281;city274
169;city69;216;99;city178;265;410;city120;404;74;city116;234;117;city84;253;494;city246;102;283;city132;252;43;city159;451;283;city110;353;253;city186;350;34;city298;448;297;city53;381;307;city299;374;11;city241;452;480;city171;75;368;city103;53;19;city293;330;176;city230;79;177;city222

155;city180;485;344;city131;373;192;city109;424;459;city175
148;city55;450;394;city191;478;433;city84;106;293;city241;211;436;city164;367;493;city246;383;440;city294;133;40;city62;173;169;city97;173;58;city270;324;324;city151;325;246;city78;82;359;city297
169;city69;216;99;city178;265;410;city120;404;74;city116;234;117;city84;253;494;city246;102;283;city132;252;43;city159;451;283;city110;353;253;city186;350;34;city298;448;297;city53;381;307;city299;374;11;city241;452;480;city171;75;368;city103;53;19;city293;330;176;city230;79;177;city222
162;city191;122;13;city210;85;273;city70
129;city233;93;493;city98;116;252;city70;296;416;city151;424;31;city144;2;138;city200;444;395;city174;118;456;city267;84;253;city59;304;140;city82;212;157;city227;254;297;city150;130;401;city239
149;city246;382;379;city194;237;364;city66;329;404;city131;152;34;city231;433;127;city158;343;74;city263;463;302;city162;86;221;city230;284;291;city278;212;162;city111;140;54;city109;281;432;city159;457;145;city221;41;107;city266;462;73;city280;136;332;city211;340;260;city228;225;163;city242;385;313;city165
168;city224;102;245;city216;94;259;city101;26;394;city88;198;429;city68;486;46;city100
163;city94;199;365;city202;430;28;city55;235;53;city51;257;369;city161;208;163;city50;188;45;city91;303;224;city234;426;17;city71
153;city86;267;89;city80;104;224;city132;171;219;city204;283;34;city71;205;108;city73;293;171;city61;235;76;city169;418;255;city100;375;179;city211;238;288;city144;424;362;city107;162;372;city166;249;115;city254;371;283;city235;404;364;city243;255;59;city57;123;478;city153
150;city60;302;148;city225;257;299;city239;257;439;city191;359;328;city136;222;151;city290;433;387;city209;394;388;city241;256;360;city204;469;125;city167;329;293;city222;219;464;city193;421;353;city212;498;71;city275;63;312;city66;381;458;city292;53;493;city163;384;67;city161
136;city252;37;444;city95;400;142;city230;471;364;city250;402;261;city113;149;407;city295
137;city163;143;482;city251;478;274;city199;264;84;city200;241;436;city79;170;41;city60
160;city53;469;172;city134;132;322;city139;234;388;city182;105;477;city98;109;269;city142;224;378;city148;207;248;city189;471;463;city196;421;404;city169;87;147;city281;10;463;city69;251;470;city123;344;332;city254;310;88;city296;275;222;city154;44;419;city130
135;city279;283;405;city287;453;396;city55;294;190;city81;303;188;city217;438;79;city193;67;241;city143;325;170;city236;500;355;city120;53;145;city273;38;245;city284;287;95;city155;234;69;city261;58;284;city150
143;city72;360;178;city254;8;86;city247;361;156;city151;20;379;city157;239;144;city134
164;city109;233;391;city198;298;211;city52;46;417;city132;262;207;city235;105;403;city184;100;76;city174;385;7;city262
152;city287;497;374;city232;201;433;city298
158;city155;417;69;city118;417;463;city204;369;38;city271;241;191;city133
131;city129;99;199;city62;464;222;city195;316;218;city245;28;154;city106
132;city68;369;468;city237;275;247;city293;204;144;city264;389;311;city99;99;178;city234;406;373;city59;444;109;city212;472;381;city231;207;27;city54;58;270;city77;426;459;city62;382;152;city179;13;68;city221;168;165;city102;278;94;city152;86;281;city154
129;city233;93;493;city98;116;252;city70;296;416;city151;424;3490;city144;2;138;city200;444;395;city174;118;456;city267;84;253;city59;304;140;city82;212;157;city227;254;297;city150;130;401;city239
168;city224;102;245;city216;94;259;city101;26;394;city88;198;429;city68;486;46;city100
146;city157;28;33;city293;388;344;city243;404;412;city74;198;21;city175;411;161;city118
170;city194;9;337;city131;164;187;city176;444;203;city249;119;249;city140
154;city141;376;380;city188;41;352;city230;198;179;city146;464;290;city159;337;161;city145;420;91;city114;264;29;city59;225;443;city216;499;272;city144;67;485;city266;53;500;city119;437;289;city208;20;297;city178
162;city191;122;13;city210;85;273;city70
138;city120;195;333;city292;174;431;city192;449;282;city132
154;city141;376;380;city188;41;352;city230;198;179;city146;464;290;city159;337;161;city145;420;91;city114;264;29;city59;225;443;city216;499;272;city144;67;485;city266;53;500;city119;437;289;city208;20;297;city178
160;city53;469;172;city134;132;322;city139;234;388;city182;105;477;city98;109;269;city142;224;378;city148;207;248;city189;471;463;city196;421;404;city169;87;147;city281;10;463;city69;251;470;city123;344;332;city254;310;88;city296;275;222;city154;44;419;city130
127;city95;445;307;city272;405;272;city81;119;459;city197;287;152;city237;421;465;city236;420;187;city145;70;288;city119;26;218;city174;377;376;city69;493;427;city212;495;319;city165;452;193;city106;10;124;city85;420;149;city251;450;214;city54;209;183;city214;145;183;city153;408;116;city262;380;418;city190
159;city182;148;83;city233;356;213;city125;301;306;city238;311;102;city128
140;city231;246;341;city236;374;478;city163;146;412;city69;184;396;city193;486;115;city154;492;35;city82;261;485;city251;229;145;city179;386;182;city178;199;305;city264
147;city98;108;340;city279;4;394;city159;394;170;city199;137;160;city92
145;city122;12;418;city276;74;433;city123;467;110;city163;270;480;city277;346;407;city214;200;289;city259;76;28;city187;490;418;city82;364;170;city249;379;111;city244
129;city233;93;493;city98;116;252;city70;296;416;city151;424;3490;city144;2;138;city200;444;395;city174;118;456;city267;84;253;city59;304;140;city82;212;157;city227;254;297;city150;130;401;city239
162;city191;122;13;city210;85;273;city70
126;city199;212;354;city77;427;213;city185;366;23;city279;217;156;city244;445;154;city141;389;251;city257;215;7171;city252;74;473;city280;153;486;city287;381;203;city248;438;123;city180;265;78;city237;226;312;city298;365;35;city152
162;city191;122;13;city210;85;273;city70
168;city224;102;245;city216;94;259;city101;26;394;city88;198;429;city68;486;46;city100
144;city64;400;167;city92;287;354;city187;91;467;city243;268;377;city118;218;157;city213;344;153;city141;396;459;city294;66;437;city75
171;city55;184;40;city164;386;146;city284;257;49;city292;15;109;city106;147;77;city87;349;158;city140;95;498;city141;360;46;city182;403;128;city90;231;348;city105;369;150;city298;152;396;city265;428;140;city226;446;443;city96;288;268;city293;497;27;city285;48;488;city248;324;127;city242;111;383;city135
174;city104;484;484;city254;99;331;city102;179;168;city283;139;304;city96;196;329;city178;124;442;city239;255;423;city207;324;465;city244;266;441;city75;297;184;city241;212;357;city123;373;88;city256;126;283;city240;399;124;city184
150;city60;302;148;city225;257;299;city239;257;439;city191;359;328;city136;222;151;city290;433;387;city209;394;388;city241;256;360;city204;469;125;city167;329;293;city222;219;464;city193;421;353;city212;498;71;city275;63;312;city66;381;458;city292;53;493;city163;384;67;city161
149;city246;382;379;city194;237;364;city66;329;404;city131;152;34;city231;433;127;city158;343;74;city263;463;302;city162;86;221;city230;284;291;city278;212;162;city111;140;54;city109;281;432;city159;457;145;city221;41;107;city266;462;73;city280;136;332;city211;340;260;city228;225;163;city242;385;313;city165
157;city235;58;203;city91;205;365;city147;412;235;city75;469;275;city98;54;300;city285;151;264;city296;57;12;city102;323;338;city94;385;464;city267;73;87;city298;280;395;city236;354;62;city158;359;497;city292;221;352;city228;443;392;city127;498;477;city135;3;168;city269
143;city72;360;178;city254;8;86;city247;361;156;city151;20;379;city157;239;144;city134
147;city98;108;340;city279;4;394;city159;394;170;city199;137;160;city92
143;city72;360;178;city254;8;86;city247;361;156;city151;20;379;city157;239;144;city134
145;city122;12;418;city276;74;433;city123;467;110;city163;270;480;city277;346;407;city214;200;289;city259;76;28;city187;490;418;city82;364;170;city249;379;111;city244
127;city95;445;307;city272;405;272;city81;119;459;city197;287;152;city237;421;465;city236;420;187;city145;70;288;city119;26;218;city174;377;376;city69;493;427;city212;495;319;city165;452;193;city106;10;124;city85;420;149;city251;450;214;city54;209;183;city214;145;183;city153;408;116;city262;380;418;city190
135;city279;283;405;city287;453;396;city55;294;190;city81;303;188;city217;438;79;city193;67;241;city143;325;170;city236;500;355;city120;53;1497;city273;38;245;city284;287;95;city155;234;69;city261;58;284;city150
134;city158;27;338;city85;140;144;city258;277;241;city103;177;27;city81;472;301;city273;441;496;city251;458;305;city181;370;146;city210;135;40;city259;386;189;city156;99;143;city177;226;340;city217;295;369;city56;142;47;city187;350;395;city83;165;367;city278;74;226;city254;220;136;city91
162;city191;122;13;city210;85;273;city70
130;city186;114;154;city153;454;321;city88;395;292;city222;445;401;city95;345;282;city233;19;310;city250;84;365;city189;500;484;city158;187;122;city136;451;464;city56;473;316;city129;448;281;city274
158;city155;417;69;city118;417;463;city204;369;38;city271;241;191;city133
168;city224;102;245;city216;94;259;city101;26;394;city88;198;429;city68;486;46;city100
160;city53;469;172;city134;132;322;city139;234;388;city182;105;477;city98;109;269;city142;224;378;city148;207;248;city189;471;463;city196;421;404;city169;87;147;city281;10;463;city69;251;470;city123;344;332;city254;310;88;city296;275;222;city154;44;419;city130
160;city53;469;172;city134;132;322;city139;234;388;city182;105;477;city98;109;269;city142;224;378;city148;207;248;city189;471;463;city196;421;404;city169;87;147;city281;10;463;city69;251;470;city123;344;332;city254;310;88;city296;275;222;city154;44;419;city130
126;city199;212;354;city77;427;213;city185;366;23;city279;217;156;city244;445;154;city141;389;251;city257;215;7171;city252;74;473;city280;153;486;city287;381;203;city248;438;123;city180;265;78;city237;226;312;city298;365;35;city152
147;city98;108;340;city279;4;394;city159;394;170;city199;137;160;city92
132;city68;369;468;city237;275;247;city293;204;144;city264;389;311;city99;99;178;city234;406;373;city59;444;109;city212;472;381;city231;207;27;city54;58;270;city77;426;459;city62;382;152;city179;13;68;city221;168;165;city102;278;94;city152;86;281;city154
142;city289;67;315;city194;112;230;city249
132;city68;369;468;city237;275;247;city293;204;144;city264;389;311;city99;99;178;city234;406;373;city59;444;109;city212;472;381;city231;207;27;city54;58;270;city77;426;459;city62;382;152;city179;13;68;city221;168;165;city102;278;94;city152;86;281;city154
158;city155;417;69;city118;417;463;city204;369;38;city271;241;191;city133
156;city232;481;195;city164;179;100;city157;136;96;city107;8;227;city255;325;448;city105;21;192;city94;495;464;city230;131;79;city260;366;238;city241;156;11;city113;490;455;city252
148;city55;450;394;city191;478;433;city84;106;293;city241;211;436;city164;367;493;city246;383;440;city294;133;40;city62;173;169;city97;173;58;city270;324;324;city151;325;246;city78;82;359;city297
152;city287;497;374;city232;201;433;city298
172;city164;384;280;city282;255;171;city82;372;52;city126;305;421;city59;490;118;city89;241;455;city130;378;93;city222;245;14;city138;325;387;city112;102;468;city158
128;city131;423;242;city56;131;156;city263;112;85;city221;65;377;city64;99;187;city191;6;27;city107;177;458;city249;337;279;city174;425;262;city67;452;62;city282;363;110;city71;220;118;city156;201;157;city76;382;124;city207;427;156;city63;84;66;city285
164;city109;233;391;city198;298;211;city52;46;417;city132;262;207;city235;105;403;city184;100;76;city174;385;7;city262
125;city195;334;55;city262;471;66;city286;265;3;city269;496;315;city215;343;336;city237;91;35;city227
164;city109;233;391;city198;298;211;city52;46;417;city132;262;207;city235;105;403;city184;100;76;city174;385;7;city262
156;city232;481;195;city164;179;100;city157;136;96;city107;8;227;city255;325;448;city105;21;192;city94;495;464;city230;131;79;city260;366;238;city241;156;11;city113;490;455;city252
159;city182;148;83;city233;356;213;city125;301;306;city238;311;102;city128
148;city55;450;394;city191;478;433;city84;106;293;city241;211;436;city164;367;493;city246;383;440;city294;133;40;city62;173;169;city97;173;58;city270;324;324;city151;325;246;city78;82;359;city297
150;city60;302;148;city225;257;299;city239;257;439;city191;359;328;city136;222;151;city290;433;387;city209;394;388;city241;256;360;city204;469;125;city167;329;293;city222;219;464;city193;421;353;city212;498;71;city275;63;312;city66;381;458;city292;53;493;city163;384;67;city161
142;city289;67;315;city194;112;230;city249
168;city224;102;245;city216;94;259;city101;26;394;city88;198;429;city68;486;46;city100
156;city232;481;195;city164;179;100;city157;136;96;city107;8;227;city255;325;448;city105;21;192;city94;495;464;city230;131;79;city260;366;238;city241;156;11;city113;490;455;city252
173;city127;194;176;city77;361;448;city147;456;293;city146;466;491;city202;188;98;city66;184;253;city162;76;190;city81;474;220;city80;400;74;city131;289;89;city228;387;121;city87
166;city244;291;368;city91
154;city141;376;380;city188;41;352;city230;198;179;city146;464;290;city159;337;161;city145;420;91;city114;264;29;city59;225;443;city216;499;272;city144;67;485;city266;53;500;city119;437;289;city208;20;297;city178
155;city180;485;344;city131;373;192;city109;424;459;city175
156;city232;481;195;city164;179;100;city157;136;96;city107;8;227;city255;325;448;city105;21;192;city94;495;464;city230;131;79;city260;366;238;city241;156;11;city113;490;455;city252
146;city157;28;33;city293;388;344;city243;404;412;city74;198;21;city175;411;161;city118
147;city98;108;340;city279;4;394;city159;394;170;city199;137;160;city92
148;city55;450;394;city191;478;433;city84;106;293;city241;211;436;city164;367;493;city246;383;440;city294;133;40;city62;173;169;city97;173;58;city270;324;324;city151;325;246;city78;82;359;city297
128;city131;423;242;city56;131;156;city263;112;85;city221;65;377;city64;99;187;city191;6;27;city107;177;458;city249;337;279;city174;425;262;city67;452;62;city282;363;110;city71;220;118;city156;201;157;city76;382;124;city207;427;156;city63;84;66;city285
150;city60;302;148;city225;257;299;city239;257;439;city191;359;328;city136;222;151;city290;433;387;city209;394;388;city241;256;360;city204;469;125;city167;329;293;city222;219;464;city193;421;353;city212;498;71;city275;63;312;city66;381;458;city292;53;493;city163;384;67;city161
160;city53;469;172;city134;132;322;city139;234;388;city182;105;477;city98;109;269;city142;224;378;city148;207;248;city189;471;463;city196;421;404;city169;87;147;city281;10;463;city69;251;470;city123;344;332;city254;310;88;city296;275;222;city154;44;419;city130
166;city244;291;368;city91
163;city94;199;365;city202;430;28;city55;235;53;city51;257;369;city161;208;163;city50;188;45;city91;303;224;city234;426;17;city71
165;city290;196;88;city120
171;city55;184;40;city164;386;146;city284;257;49;city292;15;109;city106;147;77;city87;349;158;city140;95;498;city141;360;46;city182;403;128;city90;231;348;city105;369;150;city298;152;396;city265;428;140;city226;446;443;city96;288;268;city293;497;27;city285;48;488;city248;324;127;city242;111;383;city135
155;city180;485;344;city131;373;192;city109;424;459;city175
126;city199;212;354;city77;427;213;city185;366;23;city279;217;156;city244;445;154;city141;389;251;city257;215;7171;city252;74;473;city280;153;486;city287;381;203;city248;438;123;city180;265;78;city237;226;312;city298;365;35;city152
129;city233;93;493;city98;116;252;city70;296;416;city151;424;3490;city144;2;138;city200;444;395;city174;118;456;city267;84;253;city59;304;140;city82;212;157;city227;254;297;city150;130;401;city239
169;city69;216;99;city178;265;410;city120;404;74;city116;234;117;city84;253;494;city246;102;283;city132;252;43;city159;451;283;city110;353;253;city186;350;34;city298;448;297;city53;381;307;city299;374;11;city241;452;480;city171;75;368;city103;53;19;city293;330;176;city230;79;177;city222
157;city235;58;203;city91;205;365;city147;412;235;city75;469;275;city98;54;300;city285;151;264;city296;57;12;city102;323;338;city94;385;464;city267;73;87;city298;280;395;city236;354;62;city158;359;497;city292;221;352;city228;443;392;city127;498;477;city135;3;168;city269
132;city68;369;468;city237;275;247;city293;204;144;city264;389;311;city99;99;178;city234;406;373;city59;444;109;city212;472;381;city231;207;27;city54;58;270;city77;426;459;city62;382;152;city179;13;68;city221;168;165;city102;278;94;city152;86;281;city154
130;city186;114;154;city153;454;321;city88;395;292;city222;445;401;city95;345;282;city233;19;310;city250;84;365;city189;500;484;city158;187;122;city136;451;464;city56;473;316;city129;448;281;city274
168;city224;102;245;city216;94;259;city101;26;394;city88;198;429;city68;486;46;city100
136;city252;37;444;city95;400;142;city230;471;364;city250;402;261;city113;149;407;city295
129;city233;93;493;city98;116;252;city70;296;416;city151;424;3490;city144;2;138;city200;444;395;city174;118;456;city267;84;253;city59;304;140;city82;212;157;city227;254;297;city150;130;401;city239
165;city290;196;88;city120
148;city55;450;394;city191;478;433;city84;106;293;city241;211;436;city164;367;493;city246;383;440;city294;133;40;city62;173;169;city97;173;58;city270;324;324;city151;325;246;city78;82;359;city297
143;city72;360;178;city254;8;86;city247;361;156;city151;20;379;city157;239;144;city134
134;city158;27;338;city85;140;144;city258;277;241;city103;177;27;city81;472;301;city273;441;496;city251;458;305;city181;370;146;city210;135;40;city259;386;189;city156;99;143;city177;226;340;city217;295;369;city56;142;47;city187;350;395;city83;165;367;city278;74;226;city254;220;136;city91
173;city127;194;176;city77;361;448;city147;456;293;city146;466;491;city202;188;98;city66;184;253;city162;76;190;city81;474;220;city80;400;74;city131;289;89;city228;387;121;city87
133;city106;232;108;city161;358;342;city62;13;330;city153;222;410;city83;221;342;city233;423;119;city291;308;323;city279;261;303;city57;351;490;city283;463;4;city76;20;270;city289;68;173;city249;222;236;city157
133;city106;232;108;city161;358;342;city62;13;330;city153;222;410;city83;221;342;city233;423;119;city291;308;323;city279;261;303;city57;351;490;city283;463;4;city76;20;270;city289;68;173;city249;222;236;city157
158;city155;417;69;city118;417;463;city204;369;38;city271;241;191;city133
129;city233;93;493;city98;116;252;city70;296;416;city151;424;3490;city144;2;138;city200;444;395;city174;118;456;city267;84;253;city59;304;140;city82;212;157;city227;254;297;city150;130;401;city239
173;city127;194;176;city77;361;448;city147;456;293;city146;466;491;city202;188;98;city66;184;253;city162;76;190;city81;474;220;city80;400;74;city131;289;89;city228;387;121;city87
165;city290;196;88;city120
146;city157;28;33;city293;388;344;city243;404;412;city74;198;21;city175;411;161;city118
154;city141;376;380;city188;41;352;city230;198;179;city146;464;290;city159;337;161;city145;420;91;city114;264;29;city59;225;443;city216;499;272;city144;67;485;city266;53;500;city119;437;289;city208;20;297;city178
145;city122;12;418;city276;74;433;city123;467;110;city163;270;480;city277;346;407;city214;200;289;city259;76;28;city187;490;418;city82;364;170;city249;379;111;city244
136;city252;37;444;city95;400;142;city230;471;364;city250;402;261;city113;149;407;city295
161;city148;430;260;city194;292;417;city228
148;city55;450;394;city191;478;433;city84;106;293;city241;211;436;city164;367;493;city246;383;440;city294;133;40;city62;173;169;city97;173;58;city270;324;324;city151;325;246;city78;82;359;city297
144;city64;400;167;city92;287;354;city187;91;467;city243;268;377;city118;218;157;city213;344;153;city141;396;459;city294;66;437;city75
166;city244;291;368;city91
133;city106;232;108;city161;358;342;city62;13;330;city153;222;410;city83;221;342;city233;423;119;city291;308;323;city279;261;303;city57;351;490;city283;463;4;city76;20;270;city289;68;173;city249;222;236;city157
157;city235;58;203;city91;205;365;city147;412;235;city75;469;275;city98;54;300;city285;151;264;city296;57;12;city102;323;338;city94;385;464;city267;73;87;city298;280;395;city236;354;62;city158;359;497;city292;221;352;city228;443;392;city127;498;477;city135;3;168;city269
171;city55;184;40;city164;386;146;city284;257;49;city292;15;109;city106;147;77;city87;349;158;city140;95;498;city141;360;46;city182;403;128;city90;231;348;city105;369;150;city298;152;396;city265;428;140;city226;446;443;city96;288;268;city293;497;27;city285;48;488;city248;324;127;city242;111;383;city135
170;city194;9;337;city131;164;187;city176;444;203;city249;119;249;city140
141;city283;499;66;city271;395;231;city196;23;352;city201;404;410;city224;201;162;city280;240;412;city276;34;12;city128;391;76;city117;91;493;city79;33;122;city188;425;84;city211;124;368;city214
132;city68;369;468;city237;275;247;city293;204;144;city264;389;311;city99;99;178;city234;406;373;city59;444;109;city212;472;381;city231;207;27;city54;58;270;city77;426;459;city62;382;152;city179;13;68;city221;168;165;city102;278;94;city152;86;281;city154
130;city186;114;154;city153;454;321;city88;395;292;city222;445;401;city95;345;282;city233;19;310;city250;84;365;city189;500;484;city158;187;122;city136;451;464;city56;473;316;city129;448;281;city274
140;city231;246;341;city236;374;478;city163;146;412;city69;184;396;city193;486;115;city154;492;35;city82;261;485;city251;229;145;city179;386;182;city178;199;305;city264
132;city68;369;468;city237;275;247;city293;204;144;city264;389;311;city99;99;178;city234;406;373;city59;444;109;city212;472;381;city231;207;27;city54;58;270;city77;426;459;city62;382;152;city179;13;68;city221;168;165;city102;278;94;city152;86;281;city154
158;city155;417;69;city118;417;463;city204;369;38;city271;241;191;city133
142;city289;67;315;city194;112;230;city249
135;city279;283;405;city287;453;396;city55;294;190;city81;303;188;city217;438;79;city193;67;241;city143;325;170;city236;500;355;city120;53;1497;city273;38;245;city284;287;95;city155;234;69;city261;58;284;city150
153;city86;267;89;city80;104;224;city132;171;219;city204;283;34;city71;205;108;city73;293;171;city61;235;76;city169;418;255;city100;375;179;city211;238;288;city144;424;362;city107;162;372;city166;249;115;city254;371;283;city235;404;364;city243;255;59;city57;123;478;city153
157;city235;58;203;city91;205;365;city147;412;235;city75;469;275;city98;54;300;city285;151;264;city296;57;12;city102;323;338;city94;385;464;city267;73;87;city298;280;395;city236;354;62;city158;359;497;city292;221;352;city228;443;392;city127;498;477;city135;3;168;city269
127;city95;445;307;city272;405;272;city81;119;459;city197;287;152;city237;421;465;city236;420;187;city145;70;288;city119;26;218;city174;377;376;city69;493;427;city212;495;319;city165;452;193;city106;10;124;city85;420;149;city251;450;214;city54;209;183;city214;145;183;city153;408;116;city262;380;418;city190
170;city194;9;337;city131;164;187;city176;444;203;city249;119;249;city140
171;city55;184;40;city164;386;146;city284;257;49;city292;15;109;city106;147;77;city87;349;158;city140;95;498;city141;360;46;city182;403;128;city90;231;348;city105;369;150;city298;152;396;city265;428;140;city226;446;443;city96;288;268;city293;497;27;city285;48;488;city248;324;127;city242;111;383;city135
136;city252;37;444;city95;400;142;city230;471;364;city250;402;261;city113;149;407;city295
151;city169;6;106;city158;188;136;city232;202;151;city249;443;196;city61;55;436;city285;447;497;city230;475;188;city174;133;467;city268;132;166;city126;369;370;city244;388;196;city159;365;199;city71
128;city131;423;242;city56;131;156;city263;112;85;city221;65;377;city64;99;187;city191;6;27;city107;177;458;city249;337;279;city174;425;262;city67;452;62;city282;363;110;city71;220;118;city156;201;157;city76;382;124;city207;427;156;city63;84;66;city285
148;city55;450;394;city191;478;433;city84;106;293;city241;211;436;city164;367;493;city246;383;440;city294;133;40;city62;173;169;city97;173;58;city270;324;324;city151;325;246;city78;82;359;city297
163;city94;199;365;city202;430;28;city55;235;53;city51;257;369;city161;208;163;city50;188;45;city91;303;224;city234;426;17;city71
130;city186;114;154;city153;454;321;city88;395;292;city222;445;401;city95;345;282;city233;19;310;city250;84;365;city189;500;484;city158;187;122;city136;451;464;city56;473;316;city129;448;281;city274
159;city182;148;83;city233;356;213;city125;301;306;city238;311;102;city128
139;city163;131;122;city99;252;413;city181;377;379;city207;429;424;city238;466;98;city73
156;city232;481;195;city164;179;100;city157;136;96;city107;8;227;city255;325;448;city105;21;192;city94;495;464;city230;131;79;city260;366;238;city241;156;11;city113;490;455;city252
125;city195;334;55;city262;471;66;city286;265;3;city269;496;315;city215;343;7908;city237;91;35;city227
167;city70;28;27;city201;466;125;city59;76;91;city64;457;34;city169;325;234;city166;192;457;city158;412;206;city138;199;169;city139;263;214;city275
151;city169;6;106;city158;188;136;city232;202;151;city249;443;196;city61;55;436;city285;447;497;city230;475;188;city174;133;467;city268;132;166;city126;369;370;city244;388;196;city159;365;199;city71
127;city95;445;307;city272;405;272;city81;119;459;city197;287;152;city237;421;465;city236;420;187;city145;70;288;city119;26;218;city174;377;376;city69;493;427;city212;495;319;city165;452;193;city106;10;124;city85;420;149;city251;450;214;city54;209;183;city214;145;183;city153;408;116;city262;380;418;city190
133;city106;232;108;city161;358;342;city62;13;330;city153;222;410;city83;221;342;city233;423;119;city291;308;323;city279;261;303;city57;351;490;city283;463;4;city76;20;270;city289;68;173;city249;222;236;city157
151;city169;6;106;city158;188;136;city232;202;151;city249;443;196;city61;55;436;city285;447;497;city230;475;188;city174;133;467;city268;132;166;city126;369;370;city244;388;196;city159;365;199;city71
165;city290;196;88;city120
165;city290;196;88;city120
147;city98;108;340;city279;4;394;city159;394;170;city199;137;160;city92
168;city224;102;245;city216;94;259;city101;26;394;city88;198;429;city68;486;46;city100
165;city290;196;88;city120
164;city109;233;391;city198;298;211;city52;46;417;city132;262;207;city235;105;403;city184;100;76;city174;385;7;city262
171;city55;184;40;city164;386;146;city284;257;49;city292;15;109;city106;147;77;city87;349;158;city140;95;498;city141;360;46;city182;403;128;city90;231;348;city105;369;150;city298;152;396;city265;428;140;city226;446;443;city96;288;268;city293;497;27;city285;48;488;city248;324;127;city242;111;383;city135
160;city53;469;172;city134;132;322;city139;234;388;city182;105;477;city98;109;269;city142;224;378;city148;207;248;city189;471;463;city196;421;404;city169;87;147;city281;10;463;city69;251;470;city123;344;332;city254;310;88;city296;275;222;city154;44;419;city130
147;city98;108;340;city279;4;394;city159;394;170;city199;137;160;city92
127;city95;445;307;city272;405;272;city81;119;459;city197;287;152;city237;421;465;city236;420;187;city145;70;288;city119;26;218;city174;377;376;city69;493;427;city212;495;319;city165;452;193;city106;10;124;city85;420;149;city251;450;214;city54;209;183;city214;145;183;city153;408;116;city262;380;418;city190
139;city163;131;122;city99;252;413;city181;377;379;city207;429;424;city238;466;98;city73
151;city169;6;106;city158;188;136;city232;202;151;city249;443;196;city61;55;436;city285;447;497;city230;475;188;city174;133;467;city268;132;166;city126;369;370;city244;388;196;city159;365;199;city71
157;city235;58;203;city91;205;365;city147;412;235;city75;469;275;city98;54;300;city285;151;264;city296;57;12;city102;323;338;city94;385;464;city267;73;87;city298;280;395;city236;354;62;city158;359;497;city292;221;352;city228;443;392;city127;498;477;city135;3;168;city269
146;city157;28;33;city293;388;344;city243;404;412;city74;198;21;city175;411;161;city118
133;city106;232;108;city161;358;342;city62;13;330;city153;222;410;city83;221;342;city233;423;119;city291;308;323;city279;261;303;city57;351;490;city283;463;4;city76;20;270;city289;68;173;city249;222;236;city157
129;city233;93;493;city98;116;252;city70;296;416;city151;424;3490;city144;2;138;city200;444;395;city174;118;456;city267;84;253;city59;304;140;city82;212;157;city227;254;297;city150;130;401;city239
169;city69;216;99;city178;265;410;city120;404;74;city116;234;117;city84;253;494;city246;102;283;city132;252;43;city159;451;283;city110;353;253;city186;350;34;city298;448;297;city53;381;307;city299;374;11;city241;452;480;city171;75;368;city103;53;19;city293;330;176;city230;79;177;city222
130;city186;114;154;city153;454;321;city88;395;292;city222;445;401;city95;345;282;city233;19;310;city250;84;365;city189;500;484;city158;187;122;city136;451;464;city56;473;316;city129;448;281;city274
135;city279;283;405;city287;453;396;city55;294;190;city81;303;188;city217;438;79;city193;67;241;city143;325;170;city236;500;355;city120;53;1497;city273;38;245;city284;287;95;city155;234;69;city261;58;284;city150
