ERROR 1
ERROR 5
ERROR 6
ERROR 15
ERROR 19
ERROR 21
ERROR 23
ERROR 24
ERROR 26
ERROR 30
ERROR 35
ERROR 36
ERROR 37
ERROR 39
ERROR 43
ERROR 45
ERROR 47
ERROR 50
ERROR 52
ERROR 54
ERROR 56
ERROR 59
ERROR 63
ERROR 67
ERROR 68
ERROR 69
ERROR 70
ERROR 72
ERROR 76
ERROR 81
ERROR 90
ERROR 93
ERROR 95
ERROR 101
ERROR 103
ERROR 104
ERROR 106
ERROR 107
ERROR 112
ERROR 115
ERROR 123
ERROR 124
ERROR 128
ERROR 129
ERROR 132
ERROR 136
ERROR 137
ERROR 138
ERROR 140
ERROR 143
ERROR 145
ERROR 146
ERROR 150
ERROR 151
ERROR 153
ERROR 154
ERROR 156
ERROR 158
ERROR 159
ERROR 163
ERROR 164
ERROR 170
ERROR 171
ERROR 177
ERROR 178
ERROR 179
ERROR 181
ERROR 188
ERROR 191
ERROR 193
ERROR 195
ERROR 197
ERROR 198
ERROR 200
ERROR 201
ERROR 204
ERROR 205
ERROR 209
ERROR 211
ERROR 215
ERROR 216
ERROR 219
ERROR 220
ERROR 221
ERROR 222
ERROR 224
ERROR 226
ERROR 228
ERROR 229
ERROR 230
ERROR 231
ERROR 234
ERROR 235
ERROR 237
ERROR 238
ERROR 241
ERROR 242
ERROR 243
ERROR 248
ERROR 250
ERROR 251
ERROR 254
ERROR 255
ERROR 262
ERROR 263
ERROR 266
ERROR 267
ERROR 270
ERROR 272
ERROR 274
ERROR 278
ERROR 289
ERROR 290
ERROR 292
ERROR 294
ERROR 296
ERROR 300
ERROR 302
ERROR 304
ERROR 305
ERROR 306
ERROR 307
ERROR 310
ERROR 311
ERROR 313
ERROR 317
ERROR 319
ERROR 320
ERROR 322
ERROR 323
ERROR 326
ERROR 329
ERROR 331
ERROR 333
ERROR 334
ERROR 338
ERROR 339
ERROR 340
ERROR 341
ERROR 342
ERROR 346
ERROR 348
ERROR 349
ERROR 350
ERROR 351
ERROR 353
ERROR 354
ERROR 356
ERROR 358
ERROR 360
ERROR 362
ERROR 364
ERROR 366
ERROR 367
ERROR 369
ERROR 371
ERROR 372
ERROR 374
ERROR 375
ERROR 377
ERROR 379
ERROR 382
ERROR 384
ERROR 385
ERROR 386
ERROR 388
ERROR 392
ERROR 395
ERROR 396
ERROR 398
ERROR 402
ERROR 404
ERROR 409
ERROR 410
ERROR 411
ERROR 417
ERROR 418
ERROR 419
ERROR 421
ERROR 423
ERROR 424
ERROR 425
ERROR 427
ERROR 428
ERROR 431
ERROR 432
ERROR 434
ERROR 436
ERROR 438
ERROR 439
ERROR 443
ERROR 444
ERROR 445
ERROR 447
ERROR 449
ERROR 450
ERROR 459
ERROR 461
ERROR 465
ERROR 471
ERROR 472
ERROR 476
ERROR 477
ERROR 478
ERROR 482
ERROR 483
ERROR 485
ERROR 487
ERROR 488
ERROR 491
ERROR 492
ERROR 493
ERROR 494
ERROR 495
ERROR 496
ERROR 497
ERROR 498
ERROR 499
ERROR 501
ERROR 503
ERROR 508
ERROR 509
ERROR 510
ERROR 512
ERROR 518
ERROR 519
ERROR 520
ERROR 522
ERROR 523
ERROR 531
ERROR 534
ERROR 535
ERROR 538
ERROR 540
ERROR 545
ERROR 546
ERROR 548
ERROR 549
ERROR 552
ERROR 553
ERROR 556
ERROR 557
ERROR 558
ERROR 559
ERROR 560
ERROR 561
ERROR 563
ERROR 565
ERROR 567
ERROR 568
ERROR 570
ERROR 571
ERROR 572
ERROR 575
ERROR 576
ERROR 579
ERROR 581
ERROR 582
ERROR 586
ERROR 587
ERROR 589
ERROR 591
ERROR 592
ERROR 594
ERROR 595
ERROR 596
ERROR 598
ERROR 601
ERROR 602
ERROR 603
ERROR 607
ERROR 608
ERROR 609
ERROR 610
ERROR 613
ERROR 614
ERROR 615
ERROR 616
ERROR 618
ERROR 619
ERROR 620
ERROR 621
ERROR 622
ERROR 624
ERROR 625
ERROR 630
ERROR 635
ERROR 636
ERROR 637
ERROR 638
ERROR 639
ERROR 640
ERROR 644
ERROR 646
ERROR 648
ERROR 649
ERROR 650
ERROR 651
ERROR 654
ERROR 657
ERROR 658
ERROR 659
ERROR 660
ERROR 661
ERROR 669
ERROR 670
ERROR 672
ERROR 673
ERROR 674
ERROR 675
ERROR 676
ERROR 677
ERROR 678
ERROR 680
ERROR 683
ERROR 685
ERROR 688
ERROR 691
ERROR 694
ERROR 695
ERROR 701
ERROR 702
ERROR 703
ERROR 705
ERROR 706
ERROR 707
ERROR 709
ERROR 710
ERROR 711
ERROR 712
ERROR 713
ERROR 715
ERROR 721
ERROR 722
ERROR 727
ERROR 729
ERROR 730
ERROR 736
ERROR 738
ERROR 739
ERROR 741
ERROR 742
ERROR 745
ERROR 748
ERROR 751
ERROR 755
ERROR 756
ERROR 759
ERROR 763
ERROR 764
ERROR 766
ERROR 768
ERROR 775
ERROR 778
ERROR 779
ERROR 781
ERROR 784
ERROR 786
ERROR 790
ERROR 791
ERROR 793
ERROR 794
ERROR 797
ERROR 800
ERROR 802
ERROR 804
ERROR 809
ERROR 810
ERROR 812
ERROR 816
ERROR 817
ERROR 819
ERROR 821
ERROR 822
ERROR 825
ERROR 827
ERROR 831
ERROR 833
ERROR 834
ERROR 835
ERROR 841
ERROR 842
ERROR 847
ERROR 848
ERROR 850
ERROR 851
ERROR 853
ERROR 854
ERROR 855
ERROR 861
ERROR 863
ERROR 865
ERROR 867
ERROR 870
ERROR 871
ERROR 872
ERROR 873
ERROR 875
ERROR 877
ERROR 878
ERROR 883
ERROR 884
ERROR 886
ERROR 887
ERROR 888
ERROR 889
ERROR 890
ERROR 891
ERROR 892
ERROR 894
ERROR 899
ERROR 900
ERROR 903
ERROR 904
ERROR 908
ERROR 909
ERROR 910
ERROR 911
ERROR 912
ERROR 913
ERROR 919
ERROR 922
ERROR 923
ERROR 929
ERROR 931
ERROR 933
ERROR 935
ERROR 937
ERROR 938
ERROR 939
ERROR 940
ERROR 941
ERROR 943
ERROR 949
ERROR 951
ERROR 953
ERROR 955
ERROR 956
ERROR 957
ERROR 960
ERROR 961
ERROR 962
ERROR 963
ERROR 964
ERROR 965
ERROR 966
ERROR 970
ERROR 973
ERROR 980
ERROR 981
ERROR 982
ERROR 983
ERROR 985
ERROR 986
ERROR 990
ERROR 993
ERROR 994
ERROR 996
ERROR 998
ERROR 1000
ERROR 1001
ERROR 1002
ERROR 1004
ERROR 1006
ERROR 1007
ERROR 1008
ERROR 1010
ERROR 1011
ERROR 1013
ERROR 1014
ERROR 1015
ERROR 1016
ERROR 1019
ERROR 1021
ERROR 1022
ERROR 1024
ERROR 1027
ERROR 1030
ERROR 1032
ERROR 1033
ERROR 1035
ERROR 1038
ERROR 1041
ERROR 1042
ERROR 1046
ERROR 1048
ERROR 1049
ERROR 1050
ERROR 1051
ERROR 1052
ERROR 1053
ERROR 1054
ERROR 1062
ERROR 1063
ERROR 1065
ERROR 1069
ERROR 1073
ERROR 1074
ERROR 1082
ERROR 1086
ERROR 1089
ERROR 1091
ERROR 1093
ERROR 1094
ERROR 1097
ERROR 1099
ERROR 1101
ERROR 1102
ERROR 1107
ERROR 1108
ERROR 1109
ERROR 1112
ERROR 1113
ERROR 1114
ERROR 1122
ERROR 1123
ERROR 1124
ERROR 1126
ERROR 1128
ERROR 1129
ERROR 1131
ERROR 1134
ERROR 1136
ERROR 1139
ERROR 1140
ERROR 1142
ERROR 1143
ERROR 1145
ERROR 1146
ERROR 1150
ERROR 1155
ERROR 1157
ERROR 1159
ERROR 1161
ERROR 1163
ERROR 1169
ERROR 1172
ERROR 1173
ERROR 1181
ERROR 1184
ERROR 1186
ERROR 1190
ERROR 1192
ERROR 1193
ERROR 1201
ERROR 1202
ERROR 1203
ERROR 1204
ERROR 1205
ERROR 1206
ERROR 1209
ERROR 1210
ERROR 1215
ERROR 1218
ERROR 1219
ERROR 1220
ERROR 1221
ERROR 1222
ERROR 1223
ERROR 1224
ERROR 1227
ERROR 1231
ERROR 1232
ERROR 1233
ERROR 1236
ERROR 1237
ERROR 1238
ERROR 1239
ERROR 1241
ERROR 1242
ERROR 1248
ERROR 1251
ERROR 1252
ERROR 1253
ERROR 1254
ERROR 1255
ERROR 1258
ERROR 1259
ERROR 1263
ERROR 1265
ERROR 1268
ERROR 1272
ERROR 1276
ERROR 1277
ERROR 1281
ERROR 1282
ERROR 1283
ERROR 1287
ERROR 1291
ERROR 1292
ERROR 1293
ERROR 1297
ERROR 1299
ERROR 1302
ERROR 1303
ERROR 1304
ERROR 1306
ERROR 1307
ERROR 1308
ERROR 1309
ERROR 1310
ERROR 1312
ERROR 1318
ERROR 1319
ERROR 1320
ERROR 1321
ERROR 1322
ERROR 1325
ERROR 1329
ERROR 1331
ERROR 1334
ERROR 1335
ERROR 1337
ERROR 1339
ERROR 1341
ERROR 1344
ERROR 1345
ERROR 1346
ERROR 1347
ERROR 1348
ERROR 1350
ERROR 1353
ERROR 1354
ERROR 1355
ERROR 1357
ERROR 1358
ERROR 1359
ERROR 1360
ERROR 1363
ERROR 1365
ERROR 1366
ERROR 1367
ERROR 1368
ERROR 1370
ERROR 1371
ERROR 1373
ERROR 1375
ERROR 1376
ERROR 1381
ERROR 1382
ERROR 1384
ERROR 1386
ERROR 1387
ERROR 1390
ERROR 1391
ERROR 1392
ERROR 1394
ERROR 1395
ERROR 1396
ERROR 1402
ERROR 1403
ERROR 1406
ERROR 1407
ERROR 1409
ERROR 1410
ERROR 1412
ERROR 1414
ERROR 1420
ERROR 1424
ERROR 1427
ERROR 1429
ERROR 1431
ERROR 1433
ERROR 1434
ERROR 1437
ERROR 1439
ERROR 1441
ERROR 1442
ERROR 1443
ERROR 1445
ERROR 1446
ERROR 1448
ERROR 1454
ERROR 1457
ERROR 1458
ERROR 1459
ERROR 1463
ERROR 1464
ERROR 1466
ERROR 1467
ERROR 1468
ERROR 1469
ERROR 1470
ERROR 1471
ERROR 1475
ERROR 1476
ERROR 1477
ERROR 1479
ERROR 1481
ERROR 1482
ERROR 1487
ERROR 1490
ERROR 1493
ERROR 1495
ERROR 1496
ERROR 1498
ERROR 1499
ERROR 1502
ERROR 1508
ERROR 1509
ERROR 1513
ERROR 1514
ERROR 1519
ERROR 1520
ERROR 1521
ERROR 1522
ERROR 1523
ERROR 1525
ERROR 1526
ERROR 1527
ERROR 1529
ERROR 1531
ERROR 1533
ERROR 1535
ERROR 1537
ERROR 1538
ERROR 1539
ERROR 1541
ERROR 1542
ERROR 1544
ERROR 1546
ERROR 1547
ERROR 1548
ERROR 1549
ERROR 1550
ERROR 1554
ERROR 1555
ERROR 1556
ERROR 1557
ERROR 1558
ERROR 1561
ERROR 1562
ERROR 1563
ERROR 1564
ERROR 1569
ERROR 1570
ERROR 1571
ERROR 1573
ERROR 1574
ERROR 1575
ERROR 1578
ERROR 1583
ERROR 1585
ERROR 1588
ERROR 1590
ERROR 1591
ERROR 1592
ERROR 1593
ERROR 1594
ERROR 1595
ERROR 1596
ERROR 1597
ERROR 1599
ERROR 1600
ERROR 1601
ERROR 1603
ERROR 1604
ERROR 1605
ERROR 1606
ERROR 1607
ERROR 1610
ERROR 1612
ERROR 1613
ERROR 1614
ERROR 1617
ERROR 1618
ERROR 1620
ERROR 1621
ERROR 1625
ERROR 1628
ERROR 1631
ERROR 1632
ERROR 1635
ERROR 1646
ERROR 1650
ERROR 1651
ERROR 1657
ERROR 1659
ERROR 1661
ERROR 1662
ERROR 1664
ERROR 1666
ERROR 1669
ERROR 1671
ERROR 1673
ERROR 1675
ERROR 1676
ERROR 1678
ERROR 1680
ERROR 1681
ERROR 1683
ERROR 1689
ERROR 1690
ERROR 1691
ERROR 1693
ERROR 1696
ERROR 1697
ERROR 1699
ERROR 1700
ERROR 1702
ERROR 1705
ERROR 1706
ERROR 1708
ERROR 1712
ERROR 1714
ERROR 1716
ERROR 1719
ERROR 1720
ERROR 1726
ERROR 1728
ERROR 1729
ERROR 1730
ERROR 1731
ERROR 1732
ERROR 1734
ERROR 1735
ERROR 1737
ERROR 1743
ERROR 1744
ERROR 1745
ERROR 1748
ERROR 1749
ERROR 1750
ERROR 1752
ERROR 1754
ERROR 1755
ERROR 1757
ERROR 1758
ERROR 1759
ERROR 1761
ERROR 1762
ERROR 1763
ERROR 1766
ERROR 1767
ERROR 1768
ERROR 1769
ERROR 1770
ERROR 1772
ERROR 1773
ERROR 1774
ERROR 1775
ERROR 1776
ERROR 1777
ERROR 1781
ERROR 1784
ERROR 1785
ERROR 1786
ERROR 1787
ERROR 1789
ERROR 1792
ERROR 1793
ERROR 1794
ERROR 1797
ERROR 1798
ERROR 1799
ERROR 1801
ERROR 1802
ERROR 1803
ERROR 1804
ERROR 1805
ERROR 1806
ERROR 1807
ERROR 1813
ERROR 1814
ERROR 1816
ERROR 1817
ERROR 1819
ERROR 1820
ERROR 1821
ERROR 1822
ERROR 1823
ERROR 1824
ERROR 1825
ERROR 1826
ERROR 1828
ERROR 1830
ERROR 1832
ERROR 1833
ERROR 1836
ERROR 1837
ERROR 1838
ERROR 1839
ERROR 1841
ERROR 1843
ERROR 1844
ERROR 1845
ERROR 1848
ERROR 1849
ERROR 1855
ERROR 1857
ERROR 1858
ERROR 1859
ERROR 1861
ERROR 1862
ERROR 1864
ERROR 1865
ERROR 1866
ERROR 1868
ERROR 1870
ERROR 1872
ERROR 1873
ERROR 1876
ERROR 1877
ERROR 1879
ERROR 1880
ERROR 1883
ERROR 1888
ERROR 1889
ERROR 1892
ERROR 1893
ERROR 1896
ERROR 1897
ERROR 1898
ERROR 1899
ERROR 1901
ERROR 1902
ERROR 1907
ERROR 1909
ERROR 1912
ERROR 1913
ERROR 1914
ERROR 1916
ERROR 1917
ERROR 1918
ERROR 1919
ERROR 1921
ERROR 1922
ERROR 1923
ERROR 1924
ERROR 1925
ERROR 1927
ERROR 1934
ERROR 1935
ERROR 1939
ERROR 1942
ERROR 1943
ERROR 1944
