ERROR 1
ERROR 3
ERROR 11
ERROR 12
ERROR 18
ERROR 25
ERROR 27
ERROR 32
ERROR 34
ERROR 35
ERROR 37
ERROR 41
ERROR 44
ERROR 50
ERROR 58
ERROR 61
ERROR 67
ERROR 72
ERROR 76
ERROR 78
ERROR 84
ERROR 86
ERROR 93
ERROR 98
ERROR 99
ERROR 111
ERROR 112
ERROR 118
ERROR 120
ERROR 123
ERROR 130
ERROR 131
ERROR 132
ERROR 135
ERROR 140
ERROR 143
ERROR 146
ERROR 148
ERROR 151
ERROR 152
ERROR 157
ERROR 158
ERROR 159
ERROR 161
ERROR 166
ERROR 168
ERROR 171
ERROR 172
ERROR 175
ERROR 176
ERROR 177
ERROR 179
ERROR 185
ERROR 189
ERROR 191
ERROR 194
ERROR 196
ERROR 205
ERROR 208
ERROR 209
ERROR 210
ERROR 211
ERROR 213
ERROR 214
ERROR 217
ERROR 218
ERROR 219
ERROR 222
ERROR 224
ERROR 226
ERROR 228
ERROR 234
ERROR 237
ERROR 239
ERROR 241
ERROR 242
ERROR 243
ERROR 246
ERROR 247
ERROR 248
ERROR 255
ERROR 256
ERROR 258
ERROR 260
ERROR 262
ERROR 264
ERROR 265
ERROR 266
ERROR 267
ERROR 275
ERROR 285
ERROR 287
ERROR 288
ERROR 291
ERROR 293
ERROR 294
ERROR 298
ERROR 299
ERROR 300
ERROR 301
ERROR 306
ERROR 311
ERROR 314
ERROR 318
ERROR 319
ERROR 320
ERROR 323
ERROR 326
ERROR 331
ERROR 332
ERROR 333
ERROR 334
ERROR 336
ERROR 337
ERROR 340
ERROR 343
ERROR 344
ERROR 345
ERROR 347
ERROR 348
ERROR 353
ERROR 355
ERROR 356
ERROR 358
ERROR 359
ERROR 360
ERROR 362
ERROR 364
ERROR 365
ERROR 367
ERROR 370
ERROR 371
ERROR 375
ERROR 376
ERROR 377
ERROR 385
ERROR 391
ERROR 392
ERROR 394
ERROR 395
ERROR 396
ERROR 401
ERROR 405
ERROR 409
ERROR 412
ERROR 414
ERROR 415
ERROR 416
ERROR 417
ERROR 418
ERROR 420
ERROR 426
ERROR 427
ERROR 429
ERROR 433
ERROR 434
ERROR 436
ERROR 439
ERROR 440
ERROR 444
ERROR 446
ERROR 447
ERROR 451
ERROR 453
ERROR 454
ERROR 456
ERROR 457
ERROR 458
ERROR 459
ERROR 463
ERROR 465
ERROR 466
ERROR 469
ERROR 471
ERROR 474
ERROR 476
ERROR 477
ERROR 479
ERROR 480
ERROR 481
ERROR 484
ERROR 485
ERROR 488
ERROR 489
ERROR 490
ERROR 492
ERROR 495
ERROR 497
ERROR 499
ERROR 503
ERROR 504
ERROR 506
ERROR 507
ERROR 511
ERROR 515
ERROR 516
ERROR 517
ERROR 518
ERROR 520
ERROR 521
ERROR 523
ERROR 525
ERROR 529
ERROR 530
ERROR 533
ERROR 541
ERROR 547
ERROR 548
ERROR 549
ERROR 550
ERROR 551
ERROR 552
ERROR 555
ERROR 556
ERROR 557
ERROR 559
ERROR 560
ERROR 561
ERROR 563
ERROR 566
ERROR 570
ERROR 571
ERROR 572
ERROR 573
ERROR 575
ERROR 576
ERROR 579
ERROR 580
ERROR 581
ERROR 584
ERROR 586
ERROR 587
ERROR 588
ERROR 589
ERROR 591
ERROR 592
ERROR 593
ERROR 595
ERROR 597
ERROR 598
ERROR 600
ERROR 603
ERROR 604
ERROR 610
ERROR 611
ERROR 612
ERROR 613
ERROR 616
ERROR 618
ERROR 621
ERROR 623
ERROR 624
ERROR 625
ERROR 628
ERROR 629
ERROR 632
ERROR 634
ERROR 639
ERROR 641
ERROR 643
ERROR 644
ERROR 647
ERROR 649
ERROR 652
ERROR 653
ERROR 655
ERROR 659
ERROR 662
ERROR 663
ERROR 667
ERROR 669
ERROR 670
ERROR 671
ERROR 673
ERROR 678
ERROR 681
ERROR 684
ERROR 685
ERROR 686
ERROR 687
ERROR 688
ERROR 690
ERROR 691
ERROR 692
ERROR 693
ERROR 694
ERROR 695
ERROR 697
ERROR 698
ERROR 701
ERROR 703
ERROR 704
ERROR 705
ERROR 707
ERROR 710
ERROR 714
ERROR 715
ERROR 716
ERROR 717
ERROR 724
ERROR 725
ERROR 726
ERROR 728
ERROR 729
ERROR 737
ERROR 738
ERROR 742
ERROR 743
ERROR 746
ERROR 750
ERROR 751
ERROR 752
ERROR 754
ERROR 755
ERROR 756
ERROR 758
ERROR 759
ERROR 761
ERROR 763
ERROR 764
ERROR 767
ERROR 769
ERROR 774
ERROR 777
ERROR 779
ERROR 780
ERROR 782
ERROR 785
ERROR 786
ERROR 787
ERROR 788
ERROR 789
ERROR 790
ERROR 791
ERROR 792
ERROR 794
ERROR 797
ERROR 798
ERROR 799
ERROR 801
ERROR 803
ERROR 805
ERROR 807
ERROR 808
ERROR 811
ERROR 812
ERROR 816
ERROR 818
ERROR 820
ERROR 821
ERROR 822
ERROR 826
ERROR 828
ERROR 830
ERROR 831
ERROR 832
ERROR 834
ERROR 841
ERROR 843
ERROR 847
ERROR 848
ERROR 851
ERROR 852
ERROR 854
ERROR 856
ERROR 857
ERROR 858
ERROR 860
ERROR 865
ERROR 867
ERROR 869
ERROR 870
ERROR 872
ERROR 873
ERROR 876
ERROR 878
ERROR 881
ERROR 882
ERROR 883
ERROR 884
ERROR 885
ERROR 886
ERROR 887
ERROR 888
ERROR 891
ERROR 895
ERROR 898
ERROR 899
ERROR 900
ERROR 901
ERROR 903
ERROR 904
ERROR 905
ERROR 908
ERROR 909
ERROR 910
ERROR 912
ERROR 913
ERROR 914
ERROR 916
ERROR 918
ERROR 920
ERROR 921
ERROR 925
ERROR 926
ERROR 928
ERROR 929
ERROR 931
ERROR 936
ERROR 938
ERROR 939
ERROR 941
ERROR 942
ERROR 943
ERROR 944
ERROR 948
ERROR 952
ERROR 953
ERROR 956
ERROR 957
ERROR 959
ERROR 960
ERROR 962
ERROR 964
ERROR 968
ERROR 972
ERROR 975
ERROR 977
ERROR 979
ERROR 981
ERROR 983
ERROR 984
ERROR 985
ERROR 986
ERROR 991
ERROR 992
ERROR 998
ERROR 1002
ERROR 1003
ERROR 1007
ERROR 1011
ERROR 1012
ERROR 1013
ERROR 1015
ERROR 1016
ERROR 1017
ERROR 1023
ERROR 1024
ERROR 1025
ERROR 1026
ERROR 1027
ERROR 1028
ERROR 1030
ERROR 1032
ERROR 1033
ERROR 1035
ERROR 1036
ERROR 1037
ERROR 1038
ERROR 1040
ERROR 1042
ERROR 1044
ERROR 1048
ERROR 1049
ERROR 1050
ERROR 1051
ERROR 1053
ERROR 1054
ERROR 1055
ERROR 1057
ERROR 1058
ERROR 1062
ERROR 1065
ERROR 1068
ERROR 1069
ERROR 1071
ERROR 1072
ERROR 1073
ERROR 1075
ERROR 1076
ERROR 1077
ERROR 1078
ERROR 1081
ERROR 1082
ERROR 1083
ERROR 1087
ERROR 1090
ERROR 1094
ERROR 1095
ERROR 1096
ERROR 1097
ERROR 1100
ERROR 1101
ERROR 1104
ERROR 1107
ERROR 1109
ERROR 1110
ERROR 1114
ERROR 1115
ERROR 1116
ERROR 1117
ERROR 1118
ERROR 1120
ERROR 1123
ERROR 1124
ERROR 1125
ERROR 1130
ERROR 1131
ERROR 1132
ERROR 1134
ERROR 1135
ERROR 1138
ERROR 1140
ERROR 1144
ERROR 1145
ERROR 1146
ERROR 1147
ERROR 1148
ERROR 1149
ERROR 1150
ERROR 1152
ERROR 1154
ERROR 1158
ERROR 1163
ERROR 1164
ERROR 1165
ERROR 1166
ERROR 1171
ERROR 1172
ERROR 1173
ERROR 1174
ERROR 1176
ERROR 1177
ERROR 1180
ERROR 1181
ERROR 1183
ERROR 1184
ERROR 1186
ERROR 1187
ERROR 1188
ERROR 1189
ERROR 1192
ERROR 1195
ERROR 1196
ERROR 1197
ERROR 1198
ERROR 1200
ERROR 1202
ERROR 1204
ERROR 1205
ERROR 1208
ERROR 1209
ERROR 1211
ERROR 1213
ERROR 1215
ERROR 1217
ERROR 1222
ERROR 1223
ERROR 1224
ERROR 1225
ERROR 1227
ERROR 1228
ERROR 1231
ERROR 1232
ERROR 1233
ERROR 1234
ERROR 1235
ERROR 1239
ERROR 1241
ERROR 1242
ERROR 1243
ERROR 1244
ERROR 1246
ERROR 1247
ERROR 1248
ERROR 1249
ERROR 1251
ERROR 1252
ERROR 1253
ERROR 1254
ERROR 1257
ERROR 1259
ERROR 1261
ERROR 1263
ERROR 1265
ERROR 1266
ERROR 1271
ERROR 1272
ERROR 1273
ERROR 1278
ERROR 1279
ERROR 1282
ERROR 1283
ERROR 1284
ERROR 1285
ERROR 1287
ERROR 1289
ERROR 1290
ERROR 1291
ERROR 1293
ERROR 1294
ERROR 1295
ERROR 1297
ERROR 1298
ERROR 1305
ERROR 1306
ERROR 1308
ERROR 1309
ERROR 1312
ERROR 1314
ERROR 1315
ERROR 1316
ERROR 1319
ERROR 1322
ERROR 1325
ERROR 1326
ERROR 1327
ERROR 1329
ERROR 1330
ERROR 1333
ERROR 1337
ERROR 1340
ERROR 1341
ERROR 1342
ERROR 1344
ERROR 1349
ERROR 1350
ERROR 1351
ERROR 1352
ERROR 1353
ERROR 1355
ERROR 1356
ERROR 1361
ERROR 1362
ERROR 1364
ERROR 1365
ERROR 1367
ERROR 1369
ERROR 1373
