




146;city278;212;29;city270;22;247;city180;411;458;city84;112;432;city108;120;418;city168;91;251;city103;97;354;city298;247;8;city202;194;87;city256;399;436;city295







168;city258;161;496;city236;419;298;city212;65;252;city174;376;236;city146;267;331;city286;130;185;city160;33;236;city63;280;111;city164;374;295;city247;200;471;city205;7;486;city70;240;269;city143
168;city258;161;496;city236;419;298;city212;65;252;city174;376;236;city146;267;331;city286;130;185;city160;33;236;city63;280;111;city164;374;295;city247;200;471;city205;7;486;city70;240;269;city143







137;city222;137;192;city174;209;169;city293
168;city258;161;496;city236;419;298;city212;65;252;city174;376;236;city146;267;331;city286;130;185;city160;33;236;city63;280;111;city164;374;295;city247;200;471;city205;7;486;city70;240;269;city143
162;city188;242;283;city296;430;169;city244;55;140;city249
165;city232;202;180;city291;352;217;city199;479;390;city193;375;68;city259;477;96;city229;178;53;city82;428;138;city102;173;164;city70;358;425;city77;55;236;city194;32;308;city144;79;498;city243
148;city129;437;198;city218;229;313;city163;42;113;city164;378;159;city123;32;12;city151;75;188;city235;2;334;city295

141;city255;327;329;city281;482;256;city225;189;123;city87;177;286;city295;297;139;city168;148;468;city132;37;276;city187;75;245;city131;113;437;city127;481;95;city241;27;267;city198;194;105;city179;380;423;city206;60;166;city116;347;175;city170;447;77;city231;444;475;city257;285;351;city237;281;42;city142



165;city232;202;180;city291;352;217;city199;479;390;city193;375;68;city259;477;96;city229;178;53;city82;428;138;city102;173;164;city70;358;425;city77;55;236;city194;32;308;city144;79;498;city243
158;city205;11;426;city293;46;298;city147
143;city279;171;74;city233;365;369;city251;38;159;city278;2;140;city273;321;111;city109;446;443;city268;149;490;city119;239;481;city272;44;382;city244;209;120;city210;14;330;city142;325;188;city134;32;303;city175;138;32;city178;438;167;city270
162;city188;242;283;city296;430;169;city244;55;140;city249

170;city96;222;4;city221;294;187;city99;173;69;city286;397;22;city212;87;171;city141;139;231;city78;156;254;city185;4;283;city120;70;231;city271;279;36;city249;16;35;city247;270;238;city60;362;379;city275;357;44;city75;235;235;city231;467;182;city227

160;city296;458;231;city183;232;41;city152;26;455;city223;212;62;city290;475;394;city259;348;389;city243;92;297;city244;458;298;city64;441;149;city131;439;42;city61;414;281;city74;353;202;city254;381;411;city181



140;city180;250;316;city232;209;142;city102;13;243;city167;427;474;city127;136;448;city170;336;425;city58;310;390;city277;357;444;city201
164;city60;363;128;city134;148;169;city178;291;331;city150;391;396;city185;423;162;city151;239;472;city76;234;66;city127;224;378;city51;378;26;city226
138;city109;380;186;city106;62;124;city258;124;154;city191;249;471;city236;124;168;city71;62;477;city257;123;263;city274;370;3;city85
159;city247;243;103;city116;456;338;city121;494;148;city66;346;160;city89;75;496;city172;254;3;city165

171;city250;286;11;city297;136;56;city80;218;281;city161;288;281;city150;86;174;city107;409;191;city94;142;481;city72;234;438;city229;312;245;city196;245;120;city240;194;88;city204;472;31;city117;255;216;city208;57;139;city53;493;231;city232;312;115;city164;374;408;city274;167;477;city123
138;city109;380;186;city106;62;124;city258;124;154;city191;249;471;city236;124;168;city71;62;477;city257;123;263;city274;370;3;city85
139;city129;303;334;city167;37;40;city96;349;437;city118;379;241;city218;267;154;city145;209;148;city236;64;18;city215;158;122;city228;231;232;city109;174;356;city175;152;64;city229;112;49;city208;363;373;city128

171;city250;286;11;city297;136;56;city80;218;281;city161;288;281;city150;86;174;city107;409;191;city94;142;481;city72;234;438;city229;312;245;city196;245;120;city240;194;88;city204;472;31;city117;255;216;city208;57;139;city53;493;231;city232;312;115;city164;374;408;city274;167;477;city123
164;city60;363;128;city134;148;169;city178;291;331;city150;391;396;city185;423;162;city151;239;472;city76;234;66;city127;224;378;city51;378;26;city226
145;city116;175;251;city136
162;city188;242;283;city296;430;169;city244;55;140;city249
148;city129;437;198;city218;229;313;city163;42;113;city164;378;159;city123;32;12;city151;75;188;city235;2;334;city295
164;city60;363;128;city134;148;169;city178;291;331;city150;391;396;city185;423;162;city151;239;472;city76;234;66;city127;224;378;city51;378;26;city226
162;city188;242;283;city296;430;169;city244;55;140;city249
168;city258;161;496;city236;419;298;city212;65;252;city174;376;236;city146;267;331;city286;130;185;city160;33;236;city63;280;111;city164;374;295;city247;200;471;city205;7;486;city70;240;269;city143
136;city57;397;308;city209;149;428;city213;419;21;city189;150;170;city247;476;50;city208;478;289;city201;464;373;city62;295;271;city198;240;405;city70;37;459;city249;276;195;city126;353;48;city210;458;469;city114;355;490;city159
137;city222;137;192;city174;209;169;city293
162;city188;242;283;city296;430;169;city244;55;140;city249
152;city290;231;143;city180;491;311;city65;167;68;city264;453;324;city169
150;city242;277;389;city141;498;280;city166;99;449;city68;109;343;city187;236;211;city239;117;121;city54;288;165;city99;336;81;city148;28;190;city208;59;332;city91;412;407;city185
133;city169;14;190;city194;418;130;city251;340;162;city70;389;62;city98;382;143;city254;395;360;city290;469;312;city295;96;33;city88;16;102;city255;372;374;city202;70;28;city149;42;416;city161;170;53;city193;358;192;city200;224;280;city187;97;69;city162;275;455;city234;21;21;city186
170;city96;222;4;city221;294;187;city99;173;69;city286;397;22;city212;87;171;city141;139;231;city78;156;254;city185;4;283;city120;70;231;city271;279;36;city249;16;35;city247;270;238;city60;362;379;city275;357;44;city75;235;235;city231;467;182;city227
136;city57;397;308;city209;149;428;city213;419;21;city189;150;170;city247;476;50;city208;478;289;city201;464;373;city62;295;271;city198;240;405;city70;37;459;city249;276;195;city126;353;48;city210;458;469;city114;355;490;city159
148;city129;437;198;city218;229;313;city163;42;113;city164;378;159;city123;32;12;city151;75;188;city235;2;334;city295
136;city57;397;308;city209;149;428;city213;419;21;city189;150;170;city247;476;50;city208;478;289;city201;464;373;city62;295;271;city198;240;405;city70;37;459;city249;276;195;city126;353;48;city210;458;469;city114;355;490;city159
136;city57;397;308;city209;149;428;city213;419;21;city189;150;170;city247;476;50;city208;478;289;city201;464;373;city62;295;271;city198;240;405;city70;37;459;city249;276;195;city126;353;48;city210;458;469;city114;355;490;city159
136;city57;397;308;city209;149;428;city213;419;21;city189;150;170;city247;476;50;city208;478;289;city201;464;373;city62;295;271;city198;240;405;city70;37;459;city249;276;195;city126;353;48;city210;458;469;city114;355;490;city159

134;city146;375;139;city98;146;3;city264;341;152;city73;477;287;city130;211;102;city178;212;139;city222;212;227;city162;310;323;city247;450;468;city197;179;424;city231
154;city82;102;175;city256;43;26;city274;435;357;city127;370;203;city136;98;457;city114;491;391;city201;441;365;city154;359;328;city220;89;465;city97;220;297;city238;129;263;city185;358;298;city157;277;241;city65

151;city189;341;2;city206;225;449;city154;92;46;city174;151;428;city81;325;33;city55;26;390;city242;355;212;city137;170;266;city158;487;470;city86;38;227;city185;468;155;city63
160;city296;458;231;city183;232;41;city152;26;455;city223;212;62;city290;475;394;city259;348;389;city243;92;297;city244;458;298;city64;441;149;city131;439;42;city61;414;281;city74;353;202;city254;381;411;city181
172;city297;456;231;city142;163;359;city261;406;64;city75;276;386;city111;276;123;city241;83;389;city65;199;375;city98;415;117;city144;431;148;city54
164;city60;363;128;city134;148;169;city178;291;331;city150;391;396;city185;423;162;city151;239;472;city76;234;66;city127;224;378;city51;378;26;city226
147;city105;430;246;city179;248;170;city205;363;199;city75;452;57;city160;319;335;city107;482;143;city257;278;461;city129;58;199;city173
142;city233;104;57;city232;207;115;city94;494;94;city298;25;337;city151;378;184;city283;51;421;city82;35;53;city243;438;53;city193;49;143;city179;195;30;city255
139;city129;303;334;city167;37;40;city96;349;437;city118;379;241;city218;267;154;city145;209;148;city236;64;18;city215;158;122;city228;231;232;city109;174;356;city175;152;64;city229;112;49;city208;363;373;city128
142;city233;104;57;city232;207;115;city94;494;94;city298;25;337;city151;378;184;city283;51;421;city82;35;53;city243;438;53;city193;49;143;city179;195;30;city255
156;city160;56;414;city89
135;city53;181;38;city148;395;429;city223;250;281;city281;373;367;city57;423;224;city77
132;city298;250;138;city248;168;40;city196;50;350;city145;427;491;city293;231;428;city120;470;153;city259;361;151;city222
164;city60;363;128;city134;148;169;city178;291;331;city150;391;396;city185;423;162;city151;239;472;city76;234;66;city127;224;378;city51;378;26;city226
132;city298;250;138;city248;168;40;city196;50;350;city145;427;491;city293;231;428;city120;470;153;city259;361;151;city222
162;city188;242;283;city296;430;169;city244;55;140;city249
159;city247;243;103;city116;456;338;city121;494;148;city66;346;160;city89;75;496;city172;254;3;city165
131;city255;475;360;city70
164;city60;363;128;city134;148;169;city178;291;331;city150;391;396;city185;423;162;city151;239;472;city76;234;66;city127;224;378;city51;378;26;city226
135;city53;181;38;city148;395;429;city223;250;281;city281;373;367;city57;423;224;city77
169;city128;100;347;city107;391;485;city268;448;49;city220;271;289;city96;342;362;city159;31;430;city126;290;188;city80;467;305;city143;153;300;city129;183;223;city272
171;city250;286;11;city297;136;56;city80;218;281;city161;288;281;city150;86;174;city107;409;191;city94;142;481;city72;234;438;city229;312;245;city196;245;120;city240;194;88;city204;472;31;city117;255;216;city208;57;139;city53;493;231;city232;312;115;city164;374;408;city274;167;477;city123
127;city207;165;124;city287;166;247;city259;358;435;city209;437;2;city72;409;465;city237;184;18;city227;465;362;city290;349;467;city256;123;240;city297;104;40;city66;27;261;city164;408;327;city110
173;city284;299;236;city178;434;309;city297;470;174;city197
146;city278;212;29;city270;22;247;city180;411;458;city84;112;432;city108;120;418;city168;91;251;city103;97;354;city298;247;8;city202;194;87;city256;399;436;city295
129;city78;282;274;city145;268;197;city173;137;465;city147;81;140;city273
132;city298;250;138;city248;168;40;city196;50;350;city145;427;491;city293;231;428;city120;470;153;city259;361;151;city222
131;city255;475;360;city70
148;city129;437;198;city218;229;313;city163;42;113;city164;378;159;city123;32;12;city151;75;188;city235;2;334;city295
139;city129;303;334;city167;37;40;city96;349;437;city118;379;241;city218;267;154;city145;209;148;city236;64;18;city215;158;122;city228;231;232;city109;174;356;city175;152;64;city229;112;49;city208;363;373;city128
171;city250;286;11;city297;136;56;city80;218;281;city161;288;281;city150;86;174;city107;409;191;city94;142;481;city72;234;438;city229;312;245;city196;245;120;city240;194;88;city204;472;31;city117;255;216;city208;57;139;city53;493;231;city232;312;115;city164;374;408;city274;167;477;city123
166;city142;256;439;city221;465;49;city209;63;365;city188;438;32;city275;315;204;city292;465;431;city164;286;230;city83;80;11;city131;34;265;city76;338;479;city232;447;464;city248;271;309;city145;17;477;city264;84;300;city241;71;496;city263
133;city169;14;190;city194;418;130;city251;340;162;city70;389;62;city98;382;143;city254;395;360;city290;469;312;city295;96;33;city88;16;102;city255;372;374;city202;70;28;city149;42;416;city161;170;53;city193;358;192;city200;224;280;city187;97;69;city162;275;455;city234;21;21;city186
133;city169;14;190;city194;418;130;city251;340;162;city70;389;62;city98;382;143;city254;395;360;city290;469;312;city295;96;33;city88;16;102;city255;372;374;city202;70;28;city149;42;416;city161;170;53;city193;358;192;city200;224;280;city187;97;69;city162;275;455;city234;21;21;city186
162;city188;242;283;city296;430;169;city244;55;140;city249
170;city96;222;4;city221;294;187;city99;173;69;city286;397;22;city212;87;171;city141;139;231;city78;156;254;city185;4;283;city120;70;231;city271;279;36;city249;16;35;city247;270;238;city60;362;379;city275;357;44;city75;235;235;city231;467;182;city227
152;city290;231;143;city180;491;311;city65;167;68;city264;453;324;city169
135;city53;181;38;city148;395;429;city223;250;281;city281;373;367;city57;423;224;city77
130;city125;404;458;city82;464;381;city260;457;449;city200;458;98;city118;196;137;city181;431;172;city137
133;city169;14;190;city194;418;130;city251;340;162;city70;389;62;city98;382;143;city254;395;360;city290;469;312;city295;96;33;city88;16;102;city255;372;374;city202;70;28;city149;42;416;city161;170;53;city193;358;192;city200;224;280;city187;97;69;city162;275;455;city234;21;21;city186
154;city82;102;175;city256;43;26;city274;435;357;city127;370;203;city136;98;457;city114;491;391;city201;441;365;city154;359;328;city220;89;465;city97;220;297;city238;129;263;city185;358;298;city157;277;241;city65
146;city278;212;29;city270;22;247;city180;411;458;city84;112;432;city108;120;418;city168;91;251;city103;97;354;city298;247;8;city202;194;87;city256;399;436;city295
169;city128;100;347;city107;391;485;city268;448;49;city220;271;289;city96;342;362;city159;31;430;city126;290;188;city80;467;305;city143;153;300;city129;183;223;city272
134;city146;375;139;city98;146;3;city264;341;152;city73;477;287;city130;211;102;city178;212;139;city222;212;227;city162;310;323;city247;450;468;city197;179;424;city231
155;city225;286;86;city266;40;22;city126;400;238;city191;45;28;city106;87;193;city171;141;393;city108;263;73;city258;308;43;city148;404;470;city270;195;423;city130
154;city82;102;175;city256;43;26;city274;435;357;city127;370;203;city136;98;457;city114;491;391;city201;441;365;city154;359;328;city220;89;465;city97;220;297;city238;129;263;city185;358;298;city157;277;241;city65
135;city53;181;38;city148;395;429;city223;250;281;city281;373;367;city57;423;224;city77

147;city105;430;246;city179;248;170;city205;363;199;city75;452;57;city160;319;335;city107;482;143;city257;278;461;city129;58;199;city173
128;city250;106;421;city262;21;220;city52;116;318;city111;303;141;city77;96;177;city157;163;497;city78;3;153;city156;280;375;city233;307;370;city281;252;102;city226;8;380;city76;224;340;city117;493;15;city230;114;142;city282;252;277;city254;400;273;city212


137;city222;137;192;city174;209;169;city293
147;city105;430;246;city179;248;170;city205;363;199;city75;452;57;city160;319;335;city107;482;143;city257;278;461;city129;58;199;city173
142;city233;104;57;city232;207;115;city94;494;94;city298;25;337;city151;378;184;city283;51;421;city82;35;53;city243;438;53;city193;49;143;city179;195;30;city255
148;city129;437;198;city218;229;313;city163;42;113;city164;378;159;city123;32;12;city151;75;188;city235;2;334;city295
147;city105;430;246;city179;248;170;city205;363;199;city75;452;57;city160;319;335;city107;482;143;city257;278;461;city129;58;199;city173
146;city278;212;29;city270;22;247;city180;411;458;city84;112;432;city108;120;418;city168;91;251;city103;97;354;city298;247;8;city202;194;87;city256;399;436;city295
167;city261;30;476;city182;481;413;city206;350;211;city276;73;90;city177;267;496;city61;156;447;city181;353;173;city162;319;422;city132;141;31;city164;210;365;city258;270;196;city214
153;city99;478;168;city266;172;26;city288;227;449;city263;381;442;city243;96;279;city284;476;128;city78;257;466;city154;131;152;city299;100;409;city131;461;135;city128;290;30;city297;291;32;city275;246;6;city106;93;351;city145;406;172;city205;435;8;city167;322;153;city105
172;city297;456;231;city142;163;359;city261;406;64;city75;276;386;city111;276;123;city241;83;389;city65;199;375;city98;415;117;city144;431;148;city54
145;city116;175;251;city136
170;city96;222;4;city221;294;187;city99;173;69;city286;397;22;city212;87;171;city141;139;231;city78;156;254;city185;4;283;city120;70;231;city271;279;36;city249;16;35;city247;270;238;city60;362;379;city275;357;44;city75;235;235;city231;467;182;city227
135;city53;181;38;city148;395;429;city223;250;281;city281;373;367;city57;423;224;city77
166;city142;256;439;city221;465;49;city209;63;365;city188;438;32;city275;315;204;city292;465;431;city164;286;230;city83;80;11;city131;34;265;city76;338;479;city232;447;464;city248;271;309;city145;17;477;city264;84;300;city241;71;496;city263
156;city160;56;414;city89
126;city203;54;398;city61;87;448;city101;379;85;city177;120;330;city236;130;94;city207;431;379;city187;5;161;city76;301;136;city160;181;86;city81;228;277;city232;161;283;city198;92;463;city116;265;55;city127;33;198;city239;277;257;city50;10;264;city68;387;31;city250
167;city261;30;476;city182;481;413;city206;350;211;city276;73;90;city177;267;496;city61;156;447;city181;353;173;city162;319;422;city132;141;31;city164;210;365;city258;270;196;city214
149;city163;453;11;city212;200;29;city56;304;138;city72;84;261;city69;318;187;city160;81;479;city97;158;80;city106
134;city146;375;139;city98;146;3;city264;341;152;city73;477;287;city130;211;102;city178;212;139;city222;212;227;city162;310;323;city247;450;468;city197;179;424;city231
170;city96;222;4;city221;294;187;city99;173;69;city286;397;22;city212;87;171;city141;139;231;city78;156;254;city185;4;283;city120;70;231;city271;279;36;city249;16;35;city247;270;238;city60;362;379;city275;357;44;city75;235;235;city231;467;182;city227
156;city160;56;414;city89
129;city78;282;274;city145;268;197;city173;137;465;city147;81;140;city273
160;city296;458;231;city183;232;41;city152;26;455;city223;212;62;city290;475;394;city259;348;389;city243;92;297;city244;458;298;city64;441;149;city131;439;42;city61;414;281;city74;353;202;city254;381;411;city181
154;city82;102;175;city256;43;26;city274;435;357;city127;370;203;city136;98;457;city114;491;391;city201;441;365;city154;359;328;city220;89;465;city97;220;297;city238;129;263;city185;358;298;city157;277;241;city65
142;city233;104;57;city232;207;115;city94;494;94;city298;25;337;city151;378;184;city283;51;421;city82;35;53;city243;438;53;city193;49;143;city179;195;30;city255
126;city203;54;398;city61;87;448;city101;379;85;city177;120;330;city236;130;94;city207;431;379;city187;5;161;city76;301;136;city160;181;86;city81;228;277;city232;161;283;city198;92;463;city116;265;55;city127;33;198;city239;277;257;city50;10;264;city68;387;31;city250
168;city258;161;496;city236;419;298;city212;65;252;city174;376;236;city146;267;331;city286;130;185;city160;33;236;city63;280;111;city164;374;295;city247;200;471;city205;7;486;city70;240;269;city143
167;city261;30;476;city182;481;413;city206;350;211;city276;73;90;city177;267;496;city61;156;447;city181;353;173;city162;319;422;city132;141;31;city164;210;365;city258;270;196;city214
139;city129;303;334;city167;37;40;city96;349;437;city118;379;241;city218;267;154;city145;209;148;city236;64;18;city215;158;122;city228;231;232;city109;174;356;city175;152;64;city229;112;49;city208;363;373;city128
137;city222;137;192;city174;209;169;city293
137;city222;137;192;city174;209;169;city293
168;city258;161;496;city236;419;298;city212;65;252;city174;376;236;city146;267;331;city286;130;185;city160;33;236;city63;280;111;city164;374;295;city247;200;471;city205;7;486;city70;240;269;city143
165;city232;202;180;city291;352;217;city199;479;390;city193;375;68;city259;477;96;city229;178;53;city82;428;138;city102;173;164;city70;358;425;city77;55;236;city194;32;308;city144;79;498;city243
158;city205;11;426;city293;46;298;city147
141;city255;327;329;city281;482;256;city225;189;123;city87;177;286;city295;297;139;city168;148;468;city132;37;276;city187;75;245;city131;113;437;city127;481;95;city241;27;267;city198;194;105;city179;380;423;city206;60;166;city116;347;175;city170;447;77;city231;444;475;city257;285;351;city237;281;42;city142
138;city109;380;186;city106;62;124;city258;124;154;city191;249;471;city236;124;168;city71;62;477;city257;123;263;city274;370;3;city85
126;city203;54;398;city61;87;448;city101;379;85;city177;120;330;city236;130;94;city207;431;379;city187;5;161;city76;301;136;city160;181;86;city81;228;277;city232;161;283;city198;92;463;city116;265;55;city127;33;198;city239;277;257;city50;10;264;city68;387;31;city250
145;city116;175;251;city136
153;city99;478;168;city266;172;26;city288;227;449;city263;381;442;city243;96;279;city284;476;128;city78;257;466;city154;131;152;city299;100;409;city131;461;135;city128;290;9229;city297;291;32;city275;246;6;city106;93;351;city145;406;172;city205;435;8;city167;322;153;city105
149;city163;453;11;city212;200;29;city56;304;138;city72;84;261;city69;318;187;city160;81;479;city97;158;80;city106
138;city109;380;186;city106;62;124;city258;124;154;city191;249;471;city236;124;168;city71;62;477;city257;123;263;city274;370;3;city85
128;city250;106;421;city262;21;220;city52;116;318;city111;303;141;city77;96;177;city157;163;497;city78;3;153;city156;280;375;city233;307;370;city281;252;102;city226;8;380;city76;224;340;city117;493;15;city230;114;142;city282;252;277;city254;400;273;city212
171;city250;286;11;city297;136;56;city80;218;281;city161;288;281;city150;86;174;city107;409;191;city94;142;481;city72;234;438;city229;312;245;city196;245;120;city240;194;88;city204;472;31;city117;255;216;city208;57;139;city53;493;231;city232;312;115;city164;374;408;city274;167;477;city123
136;city57;397;308;city209;149;428;city213;419;21;city189;150;170;city247;476;50;city208;478;289;city201;464;373;city62;295;271;city198;240;405;city70;37;459;city249;276;195;city126;353;48;city210;458;469;city114;355;490;city159
143;city279;171;74;city233;365;369;city251;38;159;city278;2;140;city273;321;111;city109;446;443;city268;149;490;city119;239;481;city272;44;382;city244;209;120;city210;14;330;city142;325;188;city134;32;303;city175;138;32;city178;438;167;city270
134;city146;375;139;city98;146;3;city264;341;152;city73;477;287;city130;211;102;city178;212;139;city222;212;227;city162;310;323;city247;450;468;city197;179;424;city231
170;city96;222;4;city221;294;187;city99;173;69;city286;397;22;city212;87;171;city141;139;231;city78;156;254;city185;4;283;city120;70;231;city271;279;36;city249;16;35;city247;270;238;city60;362;379;city275;357;44;city75;235;235;city231;467;182;city227
173;city284;299;236;city178;434;309;city297;470;174;city197
140;city180;250;316;city232;209;142;city102;13;243;city167;427;474;city127;136;448;city170;336;425;city58;310;390;city277;357;444;city201
160;city296;458;231;city183;232;41;city152;26;455;city223;212;62;city290;475;394;city259;348;389;city243;92;297;city244;458;298;city64;441;149;city131;439;42;city61;414;281;city74;353;202;city254;381;411;city181
160;city296;458;231;city183;232;41;city152;26;455;city223;212;62;city290;475;394;city259;348;389;city243;92;297;city244;458;298;city64;441;149;city131;439;42;city61;414;281;city74;353;202;city254;381;411;city181
141;city255;327;329;city281;482;256;city225;189;123;city87;177;286;city295;297;139;city168;148;468;city132;37;276;city187;75;245;city131;113;437;city127;481;95;city241;27;267;city198;194;105;city179;380;423;city206;60;166;city116;347;175;city170;447;77;city231;444;475;city257;285;351;city237;281;42;city142
154;city82;102;175;city256;43;26;city274;435;357;city127;370;203;city136;98;457;city114;491;391;city201;441;365;city154;359;328;city220;89;465;city97;220;297;city238;129;263;city185;358;298;city157;277;241;city65
137;city222;137;192;city174;209;169;city293
156;city160;56;414;city89
164;city60;363;128;city134;148;169;city178;291;331;city150;391;396;city185;423;162;city151;239;472;city76;234;66;city127;224;378;city51;378;26;city226
144;city266;74;201;city243;25;191;city125;441;334;city123;449;137;city255;455;117;city253
158;city205;11;426;city293;46;298;city147
153;city99;478;168;city266;172;26;city288;227;449;city263;381;442;city243;96;279;city284;476;128;city78;257;466;city154;131;152;city299;100;409;city131;461;135;city128;290;9229;city297;291;32;city275;246;6;city106;93;351;city145;406;172;city205;435;8;city167;322;153;city105
136;city57;397;308;city209;149;428;city213;419;21;city189;150;170;city247;476;50;city208;478;289;city201;464;373;city62;295;271;city198;240;405;city70;37;459;city249;276;195;city126;353;48;city210;458;469;city114;355;490;city159
129;city78;282;274;city145;268;197;city173;137;465;city147;81;140;city273
149;city163;453;11;city212;200;29;city56;304;138;city72;84;261;city69;318;187;city160;81;479;city97;158;80;city106
130;city125;404;458;city82;464;381;city260;457;449;city200;458;98;city118;196;137;city181;431;172;city137
136;city57;397;308;city209;149;428;city213;419;21;city189;150;170;city247;476;50;city208;478;289;city201;464;373;city62;295;271;city198;240;405;city70;37;459;city249;276;195;city126;353;48;city210;458;469;city114;355;490;city159
154;city82;102;175;city256;43;26;city274;435;357;city127;370;203;city136;98;457;city114;491;391;city201;441;365;city154;359;328;city220;89;465;city97;220;297;city238;129;263;city185;358;298;city157;277;241;city65
158;city205;11;426;city293;46;298;city147

173;city284;299;236;city178;434;309;city297;470;174;city197
172;city297;456;231;city142;163;359;city261;406;64;city75;276;386;city111;276;123;city241;83;389;city65;199;375;city98;415;117;city144;431;148;city54
141;city255;327;329;city281;482;256;city225;189;123;city87;177;286;city295;297;139;city168;148;468;city132;37;276;city187;75;245;city131;113;437;city127;481;95;city241;27;267;city198;194;105;city179;380;423;city206;60;166;city116;347;175;city170;447;77;city231;444;475;city257;285;351;city237;281;42;city142
160;city296;458;231;city183;232;41;city152;26;455;city223;212;62;city290;475;394;city259;348;389;city243;92;297;city244;458;298;city64;441;149;city131;439;42;city61;414;281;city74;353;202;city254;381;411;city181
171;city250;286;11;city297;136;56;city80;218;281;city161;288;281;city150;86;174;city107;409;191;city94;142;481;city72;234;438;city229;312;245;city196;245;120;city240;194;88;city204;472;31;city117;255;216;city208;57;139;city53;493;231;city232;312;115;city164;374;408;city274;167;477;city123
172;city297;456;231;city142;163;359;city261;406;64;city75;276;386;city111;276;123;city241;83;389;city65;199;375;city98;415;117;city144;431;148;city54
157;city196;178;178;city260;414;458;city153;285;280;city140;227;430;city181;261;82;city163;325;173;city299;145;85;city72;63;231;city174
163;city274;4;132;city288;496;116;city118;386;349;city141;466;105;city156;29;360;city189;72;6;city279;135;280;city178;285;234;city161;198;117;city106;141;181;city67
144;city266;74;201;city243;25;191;city125;441;334;city123;449;137;city255;455;117;city253
147;city105;430;246;city179;248;170;city205;363;199;city75;452;57;city160;319;335;city107;482;143;city257;278;461;city129;58;199;city173
162;city188;242;283;city296;430;169;city244;55;140;city249
143;city279;171;74;city233;365;369;city251;38;159;city278;2;140;city273;321;111;city109;446;443;city268;149;490;city119;239;481;city272;44;382;city244;209;120;city210;14;330;city142;325;188;city134;32;303;city175;138;32;city178;438;167;city270
168;city258;161;496;city236;419;298;city212;65;252;city174;376;236;city146;267;331;city286;130;185;city160;33;236;city63;280;111;city164;374;295;city247;200;471;city205;7;486;city70;240;269;city143
147;city105;430;246;city179;248;170;city205;363;199;city75;452;57;city160;319;335;city107;482;143;city257;278;461;city129;58;199;city173
126;city203;54;398;city61;87;448;city101;379;85;city177;120;330;city236;130;94;city207;431;379;city187;5;161;city76;301;136;city160;181;86;city81;228;277;city232;161;283;city198;92;463;city116;265;55;city127;33;198;city239;277;257;city50;10;264;city68;387;31;city250
130;city125;404;458;city82;464;381;city260;457;449;city200;458;98;city118;196;137;city181;431;172;city137
169;city128;100;347;city107;391;485;city268;448;49;city220;271;289;city96;342;362;city159;31;430;city126;290;188;city80;467;305;city143;153;300;city129;183;223;city272
154;city82;102;175;city256;43;26;city274;435;357;city127;370;203;city136;98;457;city114;491;391;city201;441;365;city154;359;328;city220;89;465;city97;220;297;city238;129;263;city185;358;298;city157;277;241;city65
138;city109;380;186;city106;62;124;city258;124;154;city191;249;471;city236;124;168;city71;62;477;city257;123;263;city274;370;3;city85
127;city207;165;124;city287;166;247;city259;358;435;city209;437;2;city72;409;465;city237;184;18;city227;465;362;city290;349;467;city256;123;240;city297;104;40;city66;27;261;city164;408;327;city110
144;city266;74;201;city243;25;191;city125;441;334;city123;449;137;city255;455;117;city253
137;city222;137;192;city174;209;169;city293
158;city205;11;426;city293;46;298;city147
147;city105;430;246;city179;248;170;city205;363;199;city75;452;57;city160;319;335;city107;482;143;city257;278;461;city129;58;199;city173
131;city255;475;360;city70
139;city129;303;334;city167;37;40;city96;349;437;city118;379;241;city218;267;154;city145;209;148;city236;64;18;city215;158;122;city228;231;232;city109;174;356;city175;152;64;city229;112;49;city208;363;373;city128
142;city233;104;57;city232;207;115;city94;494;94;city298;25;337;city151;378;184;city283;51;421;city82;35;53;city243;438;53;city193;49;143;city179;195;30;city255
132;city298;250;138;city248;168;40;city196;50;350;city145;427;491;city293;231;428;city120;470;153;city259;361;151;city222
142;city233;104;57;city232;207;115;city94;494;94;city298;25;337;city151;378;184;city283;51;421;city82;35;53;city243;438;53;city193;49;143;city179;195;30;city255
170;city96;222;4;city221;294;187;city99;173;69;city286;397;22;city212;87;171;city141;139;231;city78;156;254;city185;4;283;city120;70;231;city271;279;36;city249;16;35;city247;270;238;city60;362;379;city275;357;44;city75;235;235;city231;467;182;city227
128;city250;106;421;city262;21;220;city52;116;318;city111;303;141;city77;96;177;city157;163;497;city78;3;153;city156;280;375;city233;307;370;city281;252;102;city226;8;380;city76;224;340;city117;493;15;city230;114;142;city282;252;277;city254;400;273;city212
132;city298;250;138;city248;168;40;city196;50;350;city145;427;491;city293;231;428;city120;470;153;city259;361;151;city222
141;city255;327;329;city281;482;256;city225;189;123;city87;177;286;city295;297;139;city168;148;468;city132;37;276;city187;75;245;city131;113;437;city127;481;95;city241;27;267;city198;194;105;city179;380;423;city206;60;166;city116;347;175;city170;447;77;city231;444;475;city257;285;351;city237;281;42;city142
170;city96;222;4;city221;294;187;city99;173;69;city286;397;22;city212;87;171;city141;139;231;city78;156;254;city185;4;283;city120;70;231;city271;279;36;city249;16;35;city247;270;238;city60;362;379;city275;357;44;city75;235;235;city231;467;182;city227
138;city109;380;186;city106;62;124;city258;124;154;city191;249;471;city236;124;168;city71;62;477;city257;123;263;city274;370;3;city85
163;city274;4;132;city288;496;116;city118;386;349;city141;466;105;city156;29;360;city189;72;6;city279;135;280;city178;285;234;city161;198;117;city106;141;181;city67
139;city129;303;334;city167;37;40;city96;349;437;city118;379;241;city218;267;154;city145;209;148;city236;64;18;city215;158;122;city228;231;232;city109;174;356;city175;152;64;city229;112;49;city208;363;373;city128
171;city250;286;11;city297;136;56;city80;218;281;city161;288;281;city150;86;174;city107;409;191;city94;142;481;city72;234;438;city229;312;245;city196;245;120;city240;194;88;city204;472;31;city117;255;216;city208;57;139;city53;493;231;city232;312;115;city164;374;408;city274;167;477;city123
155;city225;286;86;city266;40;22;city126;400;238;city191;45;28;city106;87;193;city171;141;393;city108;263;73;city258;308;43;city148;404;470;city270;195;423;city130
146;city278;212;29;city270;22;247;city180;411;458;city84;112;432;city108;120;418;city168;91;251;city103;97;354;city298;247;8;city202;194;87;city256;399;436;city295
147;city105;430;246;city179;248;170;city205;363;199;city75;452;57;city160;319;335;city107;482;143;city257;278;461;city129;58;199;city173
130;city125;404;458;city82;464;381;city260;457;449;city200;458;98;city118;196;137;city181;431;172;city137
154;city82;102;175;city256;43;26;city274;435;357;city127;370;203;city136;98;457;city114;491;391;city201;441;365;city154;359;328;city220;89;465;city97;220;297;city238;129;263;city185;358;298;city157;277;241;city65
166;city142;256;439;city221;465;49;city209;63;365;city188;438;32;city275;315;204;city292;465;431;city164;286;230;city83;80;11;city131;34;265;city76;338;479;city232;447;464;city248;271;309;city145;17;477;city264;84;300;city241;71;496;city263
128;city250;106;421;city262;21;220;city52;116;318;city111;303;141;city77;96;177;city157;163;497;city78;3;153;city156;280;375;city233;307;370;city281;252;102;city226;8;380;city76;224;340;city117;493;15;city230;114;142;city282;252;277;city254;400;273;city212
162;city188;242;283;city296;430;169;city244;55;140;city249
133;city169;14;190;city194;418;130;city251;340;162;city70;389;62;city98;382;143;city254;395;360;city290;469;312;city295;96;33;city88;16;102;city255;372;374;city202;70;28;city149;42;416;city161;170;53;city193;358;192;city200;224;280;city187;97;69;city162;275;455;city234;21;21;city186
129;city78;282;274;city145;268;197;city173;137;465;city147;81;140;city273
154;city82;102;175;city256;43;26;city274;435;357;city127;370;203;city136;98;457;city114;491;391;city201;441;365;city154;359;328;city220;89;465;city97;220;297;city238;129;263;city185;358;298;city157;277;241;city65
156;city160;56;414;city89
161;city152;477;446;city202;27;424;city288;53;6;city206;103;225;city242;449;194;city295;194;47;city293;99;112;city99
171;city250;286;11;city297;136;56;city80;218;281;city161;288;281;city150;86;174;city107;409;191;city94;142;481;city72;234;438;city229;312;245;city196;245;120;city240;194;88;city204;472;31;city117;255;216;city208;57;139;city53;493;231;city232;312;115;city164;374;408;city274;167;477;city123
159;city247;243;103;city116;456;338;city121;494;148;city66;346;160;city89;75;496;city172;254;3;city165
157;city196;178;178;city260;414;458;city153;285;280;city140;227;430;city181;261;82;city163;325;173;city299;145;85;city72;63;231;city174
162;city188;242;283;city296;430;169;city244;55;140;city249
152;city290;231;143;city180;491;311;city65;167;68;city264;453;324;city169
139;city129;303;334;city167;37;40;city96;349;437;city118;379;241;city218;267;154;city145;209;148;city236;64;18;city215;158;122;city228;231;232;city109;174;356;city175;152;64;city229;112;49;city208;363;373;city128
159;city247;243;103;city116;456;338;city121;494;148;city66;346;160;city89;75;496;city172;254;3;city165
163;city274;4;132;city288;496;116;city118;386;349;city141;466;105;city156;29;360;city189;72;6;city279;135;280;city178;285;234;city161;198;117;city106;141;181;city67
173;city284;299;236;city178;434;309;city297;470;174;city197
159;city247;243;103;city116;456;338;city121;494;148;city66;346;160;city89;75;496;city172;254;3;city165
170;city96;222;4;city221;294;187;city99;173;69;city286;397;22;city212;87;171;city141;139;231;city78;156;254;city185;4;283;city120;70;231;city271;279;36;city249;16;35;city247;270;238;city60;362;379;city275;357;44;city75;235;235;city231;467;182;city227
130;city125;404;458;city82;464;381;city260;457;449;city200;458;98;city118;196;137;city181;431;172;city137
159;city247;243;103;city116;456;338;city121;494;148;city66;346;160;city89;75;496;city172;254;3;city165
149;city163;453;11;city212;200;29;city56;304;138;city72;84;261;city69;318;187;city160;81;479;city97;158;80;city106
166;city142;256;439;city221;465;49;city209;63;365;city188;438;32;city275;315;204;city292;465;431;city164;286;230;city83;80;11;city131;34;265;city76;338;479;city232;447;464;city248;271;309;city145;17;477;city264;84;300;city241;71;496;city263
150;city242;277;389;city141;498;280;city166;99;449;city68;109;343;city187;236;211;city239;117;121;city54;288;165;city99;336;81;city148;28;190;city208;59;332;city91;412;407;city185
160;city296;458;231;city183;232;41;city152;26;455;city223;212;62;city290;475;394;city259;348;389;city243;92;297;city244;458;298;city64;441;149;city131;439;42;city61;414;281;city74;353;202;city254;381;411;city181
126;city203;54;398;city61;87;448;city101;379;85;city177;120;330;city236;130;94;city207;431;379;city187;5;161;city76;301;136;city160;181;86;city81;228;277;city232;161;283;city198;92;463;city116;265;55;city127;33;198;city239;277;257;city50;10;264;city68;387;31;city250
133;city169;14;190;city194;418;130;city251;340;162;city70;389;62;city98;382;143;city254;395;360;city290;469;312;city295;96;33;city88;16;102;city255;372;374;city202;70;28;city149;42;416;city161;170;53;city193;358;192;city200;224;280;city187;97;69;city162;275;455;city234;21;21;city186
158;city205;11;426;city293;46;298;city147
145;city116;175;251;city136
150;city242;277;389;city141;498;280;city166;99;449;city68;109;343;city187;236;211;city239;117;121;city54;288;165;city99;336;81;city148;28;190;city208;59;332;city91;412;407;city185
152;city290;231;143;city180;491;311;city65;167;68;city264;453;324;city169
166;city142;256;439;city221;465;49;city209;63;365;city188;438;32;city275;315;204;city292;465;431;city164;286;230;city83;80;11;city131;34;265;city76;338;479;city232;447;464;city248;271;309;city145;17;477;city264;84;300;city241;71;496;city263
167;city261;30;476;city182;481;413;city206;350;211;city276;73;90;city177;267;496;city61;156;447;city181;353;173;city162;319;422;city132;141;31;city164;210;365;city258;270;196;city214
130;city125;404;458;city82;464;381;city260;457;449;city200;458;98;city118;196;137;city181;431;172;city137
161;city152;477;446;city202;27;424;city288;53;6;city206;103;225;city242;449;194;city295;194;47;city293;99;112;city99
133;city169;14;190;city194;418;130;city251;340;162;city70;389;62;city98;382;143;city254;395;360;city290;469;312;city295;96;33;city88;16;102;city255;372;374;city202;70;28;city149;42;416;city161;170;53;city193;358;192;city200;224;280;city187;97;69;city162;275;455;city234;21;21;city186
154;city82;102;175;city256;43;26;city274;435;357;city127;370;203;city136;98;457;city114;491;391;city201;441;365;city154;359;328;city220;89;465;city97;220;297;city238;129;263;city185;358;298;city157;277;241;city65
168;city258;161;496;city236;419;298;city212;65;252;city174;376;236;city146;267;331;city286;130;185;city160;33;236;city63;280;111;city164;374;295;city247;200;471;city205;7;486;city70;240;269;city143
140;city180;250;316;city232;209;142;city102;13;243;city167;427;474;city127;136;448;city170;336;425;city58;310;390;city277;357;444;city201
166;city142;256;439;city221;465;49;city209;63;365;city188;438;32;city275;315;204;city292;465;431;city164;286;230;city83;80;11;city131;34;265;city76;338;479;city232;447;464;city248;271;309;city145;17;477;city264;84;300;city241;71;496;city263
161;city152;477;446;city202;27;424;city288;53;6;city206;103;225;city242;449;194;city295;194;47;city293;99;112;city99
131;city255;475;360;city70
159;city247;243;103;city116;456;338;city121;494;148;city66;346;160;city89;75;496;city172;254;3;city165
172;city297;456;231;city142;163;359;city261;406;64;city75;276;386;city111;276;123;city241;83;389;city65;199;375;city98;415;117;city144;431;148;city54
146;city278;212;29;city270;22;247;city180;411;458;city84;112;432;city108;120;418;city168;91;251;city103;97;354;city298;247;8;city202;194;87;city256;399;436;city295
150;city242;277;389;city141;498;280;city166;99;449;city68;109;343;city187;236;211;city239;117;121;city54;288;165;city99;336;81;city148;28;190;city208;59;332;city91;412;407;city185
165;city232;202;180;city291;352;217;city199;479;390;city193;375;68;city259;477;96;city229;178;53;city82;428;138;city102;173;164;city70;358;425;city77;55;236;city194;32;308;city144;79;498;city243
163;city274;4;132;city288;496;116;city118;386;349;city141;466;105;city156;29;360;city189;72;6;city279;135;280;city178;285;234;city161;198;117;city106;141;181;city67
173;city284;299;236;city178;434;309;city297;470;174;city197
144;city266;74;201;city243;25;191;city125;441;334;city123;449;137;city255;455;117;city253
129;city78;282;274;city145;268;197;city173;137;465;city147;81;140;city273
171;city250;286;11;city297;136;56;city80;218;281;city161;288;281;city150;86;174;city107;409;191;city94;142;481;city72;234;438;city229;312;245;city196;245;120;city240;194;88;city204;472;31;city117;255;216;city208;57;139;city53;493;231;city232;312;115;city164;374;408;city274;167;477;city123
127;city207;165;124;city287;166;247;city259;358;435;city209;437;2;city72;409;465;city237;184;18;city227;465;362;city290;349;467;city256;123;240;city297;104;40;city66;27;261;city164;408;327;city110
158;city205;11;426;city293;46;298;city147
162;city188;242;283;city296;430;169;city244;55;140;city249
171;city250;286;11;city297;136;56;city80;218;281;city161;288;281;city150;86;174;city107;409;191;city94;142;481;city72;234;438;city229;312;245;city196;245;120;city240;194;88;city204;472;31;city117;255;216;city208;57;139;city53;493;231;city232;312;115;city164;374;408;city274;167;477;city123
139;city129;303;334;city167;37;40;city96;349;437;city118;379;241;city218;267;154;city145;209;148;city236;64;18;city215;158;122;city228;231;232;city109;174;356;city175;152;64;city229;112;49;city208;363;373;city128
134;city146;375;139;city98;146;3;city264;341;152;city73;477;287;city130;211;102;city178;212;139;city222;212;227;city162;310;323;city247;450;468;city197;179;424;city231
156;city160;56;414;city89
125;city121;20;131;city208;458;407;city223;9;69;city184;401;464;city243;344;435;city145;212;262;city245;426;84;city146;225;380;city193;294;103;city185;499;449;city259;406;139;city108;153;150;city197;197;273;city124;188;208;city299;43;278;city220;365;78;city78;73;66;city62
172;city297;456;231;city142;163;359;city261;406;64;city75;276;386;city111;276;123;city241;83;389;city65;199;375;city98;415;117;city144;431;148;city54
149;city163;453;11;city212;200;29;city56;304;138;city72;84;261;city69;318;187;city160;81;479;city97;158;80;city106
135;city53;181;38;city148;395;429;city223;250;281;city281;373;367;city57;423;224;city77
146;city278;212;29;city270;22;247;city180;411;458;city84;112;432;city108;120;418;city168;91;251;city103;97;354;city298;247;8;city202;194;87;city256;399;436;city295
150;city242;277;389;city141;498;280;city166;99;449;city68;109;343;city187;236;211;city239;117;121;city54;288;165;city99;336;81;city148;28;190;city208;59;332;city91;412;407;city185
125;city121;20;131;city208;458;407;city223;9;69;city184;401;464;city243;344;435;city145;212;262;city245;426;84;city146;225;380;city193;294;103;city185;499;449;city259;406;139;city108;153;150;city197;197;273;city124;188;208;city299;43;278;city220;365;78;city78;73;66;city62
129;city78;282;274;city145;268;197;city173;137;465;city147;81;140;city273
131;city255;475;360;city70
147;city105;430;246;city179;248;170;city205;363;199;city75;452;57;city160;319;335;city107;482;143;city257;278;461;city129;58;199;city173
125;city121;20;131;city208;458;407;city223;9;69;city184;401;464;city243;344;435;city145;212;262;city245;426;84;city146;225;380;city193;294;103;city185;499;449;city259;406;139;city108;153;150;city197;197;273;city124;188;208;city299;43;278;city220;365;78;city78;73;66;city62
160;city296;458;231;city183;232;41;city152;26;455;city223;212;62;city290;475;394;city259;348;389;city243;92;297;city244;458;298;city64;441;149;city131;439;42;city61;414;281;city74;353;202;city254;381;411;city181
131;city255;475;360;city70
132;city298;250;138;city248;168;40;city196;50;350;city145;427;491;city293;231;428;city120;470;153;city259;361;151;city222
128;city250;106;421;city262;21;220;city52;116;318;city111;303;141;city77;96;177;city157;163;497;city78;3;153;city156;280;375;city233;307;370;city281;252;102;city226;8;380;city76;224;340;city117;493;15;city230;114;142;city282;252;277;city254;400;273;city212
129;city78;282;274;city145;268;197;city173;137;465;city147;81;140;city273
129;city78;282;274;city145;268;197;city173;137;465;city147;81;140;city273
166;city142;256;439;city221;465;49;city209;63;365;city188;438;32;city275;315;204;city292;465;431;city164;286;230;city83;80;11;city131;34;265;city76;338;479;city232;447;464;city248;271;309;city145;17;477;city264;84;300;city241;71;496;city263
147;city105;430;246;city179;248;170;city205;363;199;city75;452;57;city160;319;335;city107;482;143;city257;278;461;city129;58;199;city173
136;city57;397;308;city209;149;428;city213;419;21;city189;150;170;city247;476;50;city208;478;289;city201;464;373;city62;295;271;city198;240;405;city70;37;459;city249;276;195;city126;353;48;city210;458;469;city114;355;490;city159
150;city242;277;389;city141;498;280;city166;99;449;city68;109;343;city187;236;211;city239;117;121;city54;288;165;city99;336;81;city148;28;190;city208;59;332;city91;412;407;city185
167;city261;30;476;city182;481;413;city206;350;211;city276;73;90;city177;267;496;city61;156;447;city181;353;173;city162;319;422;city132;141;31;city164;210;365;city258;270;196;city214
136;city57;397;308;city209;149;428;city213;419;21;city189;150;170;city247;476;50;city208;478;289;city201;464;373;city62;295;271;city198;240;405;city70;37;459;city249;276;195;city126;353;48;city210;458;469;city114;355;490;city159
147;city105;430;246;city179;248;170;city205;363;199;city75;452;57;city160;319;335;city107;482;143;city257;278;461;city129;58;199;city173
127;city207;165;124;city287;166;247;city259;358;435;city209;437;2;city72;409;465;city237;184;18;city227;465;362;city290;349;467;city256;123;240;city297;104;40;city66;27;261;city164;408;327;city110
150;city242;277;389;city141;498;280;city166;99;449;city68;109;343;city187;236;211;city239;117;121;city54;288;165;city99;336;81;city148;28;190;city208;59;332;city91;412;407;city185
158;city205;11;426;city293;46;298;city147
150;city242;277;389;city141;498;280;city166;99;449;city68;109;343;city187;236;211;city239;117;121;city54;288;165;city99;336;81;city148;28;190;city208;59;332;city91;412;407;city185
166;city142;256;439;city221;465;49;city209;63;365;city188;438;32;city275;315;204;city292;465;431;city164;286;230;city83;80;11;city131;34;265;city76;338;479;city232;447;464;city248;271;309;city145;17;477;city264;84;300;city241;71;496;city263
149;city163;453;11;city212;200;29;city56;304;138;city72;84;261;city69;318;187;city160;81;479;city97;158;80;city106
133;city169;14;190;city194;418;130;city251;340;162;city70;389;62;city98;382;143;city254;395;360;city290;469;312;city295;96;33;city88;16;102;city255;372;374;city202;70;28;city149;42;416;city161;170;53;city193;358;192;city200;224;280;city187;97;69;city162;275;455;city234;21;21;city186
172;city297;456;231;city142;163;359;city261;406;64;city75;276;386;city111;276;123;city241;83;389;city65;199;375;city98;415;117;city144;431;148;city54
147;city105;430;246;city179;248;170;city205;363;199;city75;452;57;city160;319;335;city107;482;143;city257;278;461;city129;58;199;city173
165;city232;202;180;city291;352;217;city199;479;390;city193;375;68;city259;477;96;city229;178;53;city82;428;138;city102;173;164;city70;358;425;city77;55;236;city194;32;308;city144;79;498;city243
126;city203;54;398;city61;87;448;city101;379;85;city177;120;330;city236;130;94;city207;431;379;city187;5;161;city76;301;136;city160;181;86;city81;228;277;city232;161;283;city198;92;463;city116;265;55;city127;33;198;city239;277;257;city50;10;264;city68;387;31;city250
125;city121;20;131;city208;458;407;city223;9;69;city184;401;464;city243;344;435;city145;212;262;city245;426;84;city146;225;380;city193;294;103;city185;499;449;city259;406;139;city108;153;150;city197;197;273;city124;188;208;city299;43;278;city220;365;78;city78;73;66;city62
156;city160;56;414;city89
146;city278;212;29;city270;22;247;city180;411;458;city84;112;432;city108;120;418;city168;91;251;city103;97;354;city298;247;8;city202;194;87;city256;399;436;city295
143;city279;171;74;city233;365;369;city251;38;159;city278;2;140;city273;321;111;city109;446;443;city268;149;490;city119;239;481;city272;44;382;city244;209;120;city210;14;330;city142;325;188;city134;32;303;city175;138;32;city178;438;167;city270
157;city196;178;178;city260;414;458;city153;285;280;city140;227;430;city181;261;82;city163;325;173;city299;145;85;city72;63;231;city174
142;city233;104;57;city232;207;115;city94;494;94;city298;25;337;city151;378;184;city283;51;421;city82;35;53;city243;438;53;city193;49;143;city179;195;30;city255
169;city128;100;347;city107;391;485;city268;448;49;city220;271;289;city96;342;362;city159;31;430;city126;290;188;city80;467;305;city143;153;300;city129;183;223;city272
128;city250;106;421;city262;21;220;city52;116;318;city111;303;141;city77;96;177;city157;163;497;city78;3;153;city156;280;375;city233;307;370;city281;252;102;city226;8;380;city76;224;340;city117;493;15;city230;114;142;city282;252;277;city254;400;273;city212
133;city169;14;190;city194;418;130;city251;340;162;city70;389;62;city98;382;143;city254;395;360;city290;469;312;city295;96;33;city88;16;102;city255;372;374;city202;70;28;city149;42;416;city161;170;53;city193;358;192;city200;224;280;city187;97;69;city162;275;455;city234;21;21;city186
171;city250;286;11;city297;136;56;city80;218;281;city161;288;281;city150;86;174;city107;409;191;city94;142;481;city72;234;438;city229;312;245;city196;245;120;city240;194;88;city204;472;31;city117;255;216;city208;57;139;city53;493;231;city232;312;115;city164;374;408;city274;167;477;city123
166;city142;256;439;city221;465;49;city209;63;365;city188;438;32;city275;315;204;city292;465;431;city164;286;230;city83;80;11;city131;34;265;city76;338;479;city232;447;464;city248;271;309;city145;17;477;city264;84;300;city241;71;496;city263
164;city60;363;128;city134;148;169;city178;291;331;city150;391;396;city185;423;162;city151;239;472;city76;234;66;city127;224;378;city51;378;26;city226
167;city261;30;476;city182;481;413;city206;350;211;city276;73;90;city177;267;496;city61;156;447;city181;353;173;city162;319;422;city132;141;31;city164;210;365;city258;270;196;city214
154;city82;102;175;city256;43;26;city274;435;357;city127;370;203;city136;98;457;city114;491;391;city201;441;365;city154;359;328;city220;89;465;city97;220;297;city238;129;263;city185;358;298;city157;277;241;city65
127;city207;165;124;city287;166;247;city259;358;435;city209;437;2;city72;409;465;city237;184;18;city227;465;362;city290;349;467;city256;123;240;city297;104;40;city66;27;261;city164;408;327;city110
150;city242;277;389;city141;498;280;city166;99;449;city68;109;343;city187;236;211;city239;117;121;city54;288;165;city99;336;81;city148;28;190;city208;59;332;city91;412;407;city185
126;city203;54;398;city61;87;448;city101;379;85;city177;120;330;city236;130;94;city207;431;379;city187;5;161;city76;301;136;city160;181;86;city81;228;277;city232;161;283;city198;92;463;city116;265;55;city127;33;198;city239;277;257;city50;10;264;city68;387;31;city250
129;city78;282;274;city145;268;197;city173;137;465;city147;81;140;city273
144;city266;74;201;city243;25;191;city125;441;334;city123;449;137;city255;455;117;city253
168;city258;161;496;city236;419;298;city212;65;252;city174;376;236;city146;267;331;city286;130;185;city160;33;236;city63;280;111;city164;374;295;city247;200;471;city205;7;486;city70;240;269;city143
132;city298;250;138;city248;168;40;city196;50;350;city145;427;491;city293;231;428;city120;470;153;city259;361;151;city222
125;city121;20;131;city208;458;407;city223;9;69;city184;401;464;city243;344;435;city145;212;262;city245;426;84;city146;225;380;city193;294;103;city185;499;449;city259;406;139;city108;153;150;city197;197;273;city124;188;208;city299;43;278;city220;365;78;city78;73;66;city62
166;city142;256;439;city221;465;49;city209;63;365;city188;438;32;city275;315;204;city292;465;431;city164;286;230;city83;80;11;city131;34;265;city76;338;479;city232;447;464;city248;271;309;city145;17;477;city264;84;300;city241;71;496;city263
167;city261;30;476;city182;481;413;city206;350;211;city276;73;90;city177;267;496;city61;156;447;city181;353;173;city162;319;422;city132;141;31;city164;210;365;city258;270;196;city214
139;city129;303;334;city167;37;40;city96;349;437;city118;379;241;city218;267;154;city145;209;148;city236;64;18;city215;158;122;city228;231;232;city109;174;356;city175;152;64;city229;112;49;city208;363;373;city128
157;city196;178;178;city260;414;458;city153;285;280;city140;227;430;city181;261;82;city163;325;173;city299;145;85;city72;63;231;city174
150;city242;277;389;city141;498;280;city166;99;449;city68;109;343;city187;236;211;city239;117;121;city54;288;165;city99;336;81;city148;28;190;city208;59;332;city91;412;407;city185
144;city266;74;201;city243;25;191;city125;441;334;city123;449;137;city255;455;117;city253
166;city142;256;439;city221;465;49;city209;63;365;city188;438;32;city275;315;204;city292;465;431;city164;286;230;city83;80;11;city131;34;265;city76;338;479;city232;447;464;city248;271;309;city145;17;477;city264;84;300;city241;71;496;city263
145;city116;175;251;city136
145;city116;175;251;city136
134;city146;375;139;city98;146;3;city264;341;152;city73;477;287;city130;211;102;city178;212;139;city222;212;227;city162;310;323;city247;450;468;city197;179;424;city231
148;city129;437;198;city218;229;313;city163;42;113;city164;378;159;city123;32;12;city151;75;188;city235;2;334;city295
151;city189;341;2;city206;225;449;city154;92;46;city174;151;428;city81;325;33;city55;26;390;city242;355;212;city137;170;266;city158;487;470;city86;38;227;city185;468;155;city63
151;city189;341;2;city206;225;449;city154;92;46;city174;151;428;city81;325;33;city55;26;390;city242;355;212;city137;170;266;city158;487;470;city86;38;227;city185;468;155;city63
161;city152;477;446;city202;27;424;city288;53;6;city206;103;225;city242;449;194;city295;194;47;city293;99;112;city99
132;city298;250;138;city248;168;40;city196;50;350;city145;427;491;city293;231;428;city120;470;153;city259;361;151;city222
149;city163;453;11;city212;200;29;city56;304;138;city72;84;261;city69;318;187;city160;81;479;city97;158;80;city106
143;city279;171;74;city233;365;369;city251;38;159;city278;2;140;city273;321;111;city109;446;443;city268;149;490;city119;239;481;city272;44;382;city244;209;120;city210;14;330;city142;325;188;city134;32;303;city175;138;32;city178;438;167;city270
174;city256;474;210;city93;12;238;city173;360;167;city168;491;284;city281;434;321;city296;265;136;city211;338;180;city125;365;155;city288;465;25;city149;480;172;city259;358;207;city257;224;218;city72;72;413;city54;129;446;city128
163;city274;4;132;city288;496;116;city118;386;349;city141;466;105;city156;29;360;city189;72;6;city279;135;280;city178;285;234;city161;198;117;city106;141;181;city67
149;city163;453;11;city212;200;29;city56;304;138;city72;84;261;city69;318;187;city160;81;479;city97;158;80;city106
156;city160;56;414;city89
163;city274;4;132;city288;496;116;city118;386;349;city141;466;105;city156;29;360;city189;72;6;city279;135;280;city178;285;234;city161;198;117;city106;141;181;city67
126;city203;54;398;city61;87;448;city101;379;85;city177;120;330;city236;130;94;city207;431;379;city187;5;161;city76;301;136;city160;181;86;city81;228;277;city232;161;283;city198;92;463;city116;265;55;city127;33;198;city239;277;257;city50;10;264;city68;387;31;city250
141;city255;327;329;city281;482;256;city225;189;123;city87;177;286;city295;297;139;city168;148;468;city132;37;276;city187;75;245;city131;113;437;city127;481;95;city241;27;267;city198;194;105;city179;380;423;city206;60;166;city116;347;175;city170;447;77;city231;444;475;city257;285;351;city237;281;42;city142
151;city189;341;2;city206;225;449;city154;92;46;city174;151;428;city81;325;33;city55;26;390;city242;355;212;city137;170;266;city158;487;470;city86;38;227;city185;468;155;city63
161;city152;477;446;city202;27;424;city288;53;6;city206;103;225;city242;449;194;city295;194;47;city293;99;112;city99
172;city297;456;231;city142;163;359;city261;406;64;city75;276;386;city111;276;123;city241;83;389;city65;199;375;city98;415;117;city144;431;148;city54
126;city203;54;398;city61;87;448;city101;379;85;city177;120;330;city236;130;94;city207;431;379;city187;5;161;city76;301;136;city160;181;86;city81;228;277;city232;161;283;city198;92;463;city116;265;55;city127;33;198;city239;277;257;city50;10;264;city68;387;31;city250
174;city256;474;210;city93;12;238;city173;360;167;city168;491;284;city281;434;321;city296;265;136;city211;338;180;city125;365;155;city288;465;25;city149;480;172;city259;358;207;city257;224;218;city72;72;413;city54;129;446;city128
173;city284;299;236;city178;434;309;city297;470;174;city197
148;city129;437;198;city218;229;313;city163;42;113;city164;378;159;city123;32;12;city151;75;188;city235;2;334;city295
139;city129;303;334;city167;37;40;city96;349;437;city118;379;241;city218;267;154;city145;209;148;city236;64;18;city215;158;122;city228;231;232;city109;174;356;city175;152;64;city229;112;49;city208;363;373;city128
155;city225;286;86;city266;40;22;city126;400;238;city191;45;28;city106;87;193;city171;141;393;city108;263;73;city258;308;43;city148;404;470;city270;195;423;city130
125;city121;20;131;city208;458;407;city223;9;69;city184;401;464;city243;344;435;city145;212;262;city245;426;84;city146;225;380;city193;294;103;city185;499;449;city259;406;139;city108;153;150;city197;197;273;city124;188;208;city299;43;278;city220;365;78;city78;73;66;city62
125;city121;20;131;city208;458;407;city223;9;69;city184;401;464;city243;344;435;city145;212;262;city245;426;84;city146;225;380;city193;294;103;city185;499;449;city259;406;139;city108;153;150;city197;197;273;city124;188;208;city299;43;278;city220;365;78;city78;73;66;city62
148;city129;437;198;city218;229;313;city163;42;113;city164;378;159;city123;32;12;city151;75;188;city235;2;334;city295
131;city255;475;360;city70
125;city121;20;131;city208;458;407;city223;9;69;city184;401;464;city243;344;435;city145;212;262;city245;426;84;city146;225;380;city193;294;103;city185;499;449;city259;406;139;city108;153;150;city197;197;273;city124;188;208;city299;43;278;city220;365;78;city78;73;66;city62
148;city129;437;198;city218;229;313;city163;42;113;city164;378;159;city123;32;12;city151;75;188;city235;2;334;city295
167;city261;30;476;city182;481;413;city206;350;211;city276;73;90;city177;267;496;city61;156;447;city181;353;173;city162;319;422;city132;141;31;city164;210;365;city258;270;196;city214
160;city296;458;231;city183;232;41;city152;26;455;city223;212;62;city290;475;394;city259;348;389;city243;92;297;city244;458;298;city64;441;149;city131;439;42;city61;414;281;city74;353;202;city254;381;411;city181
143;city279;171;74;city233;365;369;city251;38;159;city278;2;140;city273;321;111;city109;446;443;city268;149;490;city119;239;481;city272;44;382;city244;209;120;city210;14;330;city142;325;188;city134;32;303;city175;138;32;city178;438;167;city270
149;city163;453;11;city212;200;29;city56;304;138;city72;84;261;city69;318;187;city160;81;479;city97;158;80;city106
160;city296;458;231;city183;232;41;city152;26;455;city223;212;62;city290;475;394;city259;348;389;city243;92;297;city244;458;298;city64;441;149;city131;439;42;city61;414;281;city74;353;202;city254;381;411;city181
146;city278;212;29;city270;22;247;city180;411;458;city84;112;432;city108;120;418;city168;91;251;city103;97;354;city298;247;8;city202;194;87;city256;399;436;city295
155;city225;286;86;city266;40;22;city126;400;238;city191;45;28;city106;87;193;city171;141;393;city108;263;73;city258;308;43;city148;404;470;city270;195;423;city130
162;city188;242;283;city296;430;169;city244;55;140;city249
147;city105;430;246;city179;248;170;city205;363;199;city75;452;57;city160;319;335;city107;482;143;city257;278;461;city129;58;199;city173
174;city256;474;210;city93;12;238;city173;360;167;city168;491;284;city281;434;321;city296;265;136;city211;338;180;city125;365;155;city288;465;25;city149;480;172;city259;358;207;city257;224;218;city72;72;413;city54;129;446;city128
170;city96;222;4;city221;294;187;city99;173;69;city286;397;22;city212;87;171;city141;139;231;city78;156;254;city185;4;283;city120;70;231;city271;279;36;city249;16;35;city247;270;238;city60;362;379;city275;357;44;city75;235;235;city231;467;182;city227
166;city142;256;439;city221;465;49;city209;63;365;city188;438;32;city275;315;204;city292;465;431;city164;286;230;city83;80;11;city131;34;265;city76;338;479;city232;447;464;city248;271;309;city145;17;477;city264;84;300;city241;71;496;city263
171;city250;286;11;city297;136;56;city80;218;281;city161;288;281;city150;86;174;city107;409;191;city94;142;481;city72;234;438;city229;312;245;city196;245;120;city240;194;88;city204;472;31;city117;255;216;city208;57;139;city53;493;231;city232;312;115;city164;374;408;city274;167;477;city123
166;city142;256;439;city221;465;49;city209;63;365;city188;438;32;city275;315;204;city292;465;431;city164;286;230;city83;80;11;city131;34;265;city76;338;479;city232;447;464;city248;271;309;city145;17;477;city264;84;300;city241;71;496;city263
133;city169;14;190;city194;418;130;city251;340;162;city70;389;62;city98;382;143;city254;395;360;city290;469;312;city295;96;33;city88;16;102;city255;372;374;city202;70;28;city149;42;416;city161;170;53;city193;358;192;city200;224;280;city187;97;69;city162;275;455;city234;21;21;city186
164;city60;363;128;city134;148;169;city178;291;331;city150;391;396;city185;423;162;city151;239;472;city76;234;66;city127;224;378;city51;378;26;city226
132;city298;250;138;city248;168;40;city196;50;350;city145;427;491;city293;231;428;city120;470;153;city259;361;151;city222
125;city121;20;131;city208;458;407;city223;9;69;city184;401;464;city243;344;435;city145;212;262;city245;426;84;city146;225;380;city193;294;103;city185;499;449;city259;406;139;city108;153;150;city197;197;273;city124;188;208;city299;43;278;city220;365;78;city78;73;66;city62
135;city53;181;38;city148;395;429;city223;250;281;city281;373;367;city57;423;224;city77
173;city284;299;236;city178;434;309;city297;470;174;city197
150;city242;277;389;city141;498;280;city166;99;449;city68;109;343;city187;236;211;city239;117;121;city54;288;165;city99;336;81;city148;28;190;city208;59;332;city91;412;407;city185
173;city284;299;236;city178;434;309;city297;470;174;city197
169;city128;100;347;city107;391;485;city268;448;49;city220;271;289;city96;342;362;city159;31;430;city126;290;188;city80;467;305;city143;153;300;city129;183;223;city272
135;city53;181;38;city148;395;429;city223;250;281;city281;373;367;city57;423;224;city77
168;city258;161;496;city236;419;298;city212;65;252;city174;376;236;city146;267;331;city286;130;185;city160;33;236;city63;280;111;city164;374;295;city247;200;471;city205;7;486;city70;240;269;city143
126;city203;54;398;city61;87;448;city101;379;85;city177;120;330;city236;130;94;city207;431;379;city187;5;161;city76;301;136;city160;181;86;city81;228;277;city232;161;283;city198;92;463;city116;265;55;city127;33;198;city239;277;257;city50;10;264;city68;387;31;city250
164;city60;363;128;city134;148;169;city178;291;331;city150;391;396;city185;423;162;city151;239;472;city76;234;66;city127;224;378;city51;378;26;city226
151;city189;341;2;city206;225;449;city154;92;46;city174;151;428;city81;325;33;city55;26;390;city242;355;212;city137;170;266;city158;487;470;city86;38;227;city185;468;155;city63
153;city99;478;168;city266;172;26;city288;227;449;city263;381;442;city243;96;279;city284;476;128;city78;257;466;city154;131;152;city299;100;409;city131;461;135;city128;290;9229;city297;291;32;city275;246;6;city106;93;351;city145;406;172;city205;435;8;city167;322;153;city105
148;city129;437;198;city218;229;313;city163;42;113;city164;378;159;city123;32;12;city151;75;188;city235;2;334;city295
136;city57;397;308;city209;149;428;city213;419;21;city189;150;170;city247;476;50;city208;478;289;city201;464;373;city62;295;271;city198;240;405;city70;37;459;city249;276;195;city126;353;48;city210;458;469;city114;355;490;city159
