ERROR 7
ERROR 13
ERROR 20
ERROR 26
ERROR 28
ERROR 31
ERROR 34
ERROR 37
ERROR 43
ERROR 47
ERROR 48
ERROR 50
ERROR 51
ERROR 53
ERROR 60
ERROR 62
ERROR 75
ERROR 80
ERROR 81
ERROR 82
ERROR 83
ERROR 84
ERROR 87
ERROR 89
ERROR 100
ERROR 101
ERROR 104
ERROR 107
ERROR 110
ERROR 115
ERROR 116
ERROR 119
ERROR 122
ERROR 123
ERROR 124
ERROR 125
ERROR 128
ERROR 129
ERROR 130
ERROR 131
ERROR 132
ERROR 133
ERROR 135
ERROR 136
ERROR 137
ERROR 142
ERROR 143
ERROR 145
ERROR 147
ERROR 148
ERROR 149
ERROR 150
ERROR 152
ERROR 154
ERROR 156
ERROR 159
ERROR 161
ERROR 163
ERROR 169
ERROR 171
ERROR 173
ERROR 175
ERROR 176
ERROR 185
ERROR 186
ERROR 188
ERROR 190
ERROR 192
ERROR 199
ERROR 203
ERROR 206
ERROR 207
ERROR 213
ERROR 214
ERROR 215
ERROR 219
ERROR 220
ERROR 224
ERROR 225
ERROR 227
ERROR 230
ERROR 232
ERROR 236
ERROR 237
ERROR 239
ERROR 245
ERROR 246
ERROR 248
ERROR 252
ERROR 253
ERROR 257
ERROR 259
ERROR 260
ERROR 264
ERROR 265
ERROR 275
ERROR 276
ERROR 278
ERROR 279
ERROR 285
ERROR 286
ERROR 287
ERROR 293
ERROR 294
ERROR 295
ERROR 300
ERROR 301
ERROR 303
ERROR 306
ERROR 314
ERROR 319
ERROR 325
ERROR 333
ERROR 334
ERROR 335
ERROR 338
ERROR 339
ERROR 340
ERROR 341
ERROR 342
ERROR 345
ERROR 346
ERROR 348
ERROR 350
ERROR 351
ERROR 354
ERROR 356
ERROR 358
ERROR 362
ERROR 363
ERROR 364
ERROR 365
ERROR 366
ERROR 367
ERROR 368
ERROR 370
ERROR 374
ERROR 376
ERROR 377
ERROR 379
ERROR 380
ERROR 381
ERROR 385
ERROR 386
ERROR 388
ERROR 389
ERROR 391
ERROR 392
ERROR 393
ERROR 399
ERROR 401
ERROR 405
ERROR 406
ERROR 409
ERROR 412
ERROR 413
ERROR 415
ERROR 416
ERROR 419
ERROR 420
ERROR 424
ERROR 427
ERROR 433
ERROR 434
ERROR 436
ERROR 438
ERROR 439
ERROR 441
ERROR 443
ERROR 444
ERROR 445
ERROR 446
ERROR 447
ERROR 449
ERROR 453
ERROR 454
ERROR 455
ERROR 457
ERROR 458
ERROR 459
ERROR 461
ERROR 464
ERROR 466
ERROR 467
ERROR 468
ERROR 470
ERROR 472
ERROR 474
ERROR 478
ERROR 480
ERROR 482
ERROR 488
ERROR 489
ERROR 490
ERROR 491
ERROR 493
ERROR 494
ERROR 498
ERROR 500
ERROR 503
ERROR 505
ERROR 506
ERROR 510
ERROR 511
ERROR 512
ERROR 513
ERROR 514
ERROR 515
ERROR 516
ERROR 521
ERROR 522
ERROR 524
ERROR 530
ERROR 532
ERROR 533
ERROR 534
ERROR 535
ERROR 536
ERROR 539
ERROR 540
ERROR 542
ERROR 546
ERROR 550
ERROR 552
ERROR 557
ERROR 563
ERROR 569
ERROR 571
ERROR 574
ERROR 576
ERROR 578
ERROR 580
ERROR 581
ERROR 583
ERROR 584
ERROR 590
ERROR 591
ERROR 592
ERROR 593
ERROR 594
ERROR 595
ERROR 596
ERROR 598
ERROR 599
ERROR 601
ERROR 602
ERROR 604
ERROR 605
ERROR 606
ERROR 607
ERROR 610
ERROR 612
ERROR 616
ERROR 617
ERROR 619
ERROR 622
ERROR 624
ERROR 632
ERROR 636
ERROR 638
ERROR 641
ERROR 642
ERROR 647
ERROR 648
ERROR 649
ERROR 650
ERROR 652
ERROR 653
ERROR 655
ERROR 656
ERROR 658
ERROR 660
ERROR 661
ERROR 664
ERROR 666
ERROR 674
ERROR 675
ERROR 676
ERROR 678
ERROR 680
ERROR 681
ERROR 682
ERROR 683
ERROR 686
ERROR 688
ERROR 690
ERROR 691
ERROR 692
ERROR 693
ERROR 694
ERROR 695
ERROR 704
ERROR 707
ERROR 709
ERROR 710
ERROR 712
ERROR 713
ERROR 717
ERROR 720
ERROR 723
ERROR 724
ERROR 726
ERROR 727
ERROR 729
ERROR 730
ERROR 735
ERROR 736
ERROR 738
ERROR 744
ERROR 749
ERROR 750
ERROR 751
ERROR 753
ERROR 754
ERROR 756
ERROR 757
ERROR 758
ERROR 762
ERROR 763
ERROR 764
ERROR 765
ERROR 769
ERROR 770
ERROR 772
ERROR 774
ERROR 775
ERROR 776
ERROR 777
ERROR 778
ERROR 779
ERROR 781
ERROR 782
ERROR 788
ERROR 789
ERROR 791
ERROR 792
ERROR 794
ERROR 796
ERROR 798
ERROR 799
ERROR 800
ERROR 801
ERROR 803
ERROR 804
ERROR 805
ERROR 807
ERROR 811
ERROR 812
ERROR 813
ERROR 815
ERROR 819
ERROR 820
ERROR 828
ERROR 829
ERROR 832
ERROR 833
ERROR 834
ERROR 840
ERROR 841
ERROR 842
ERROR 844
ERROR 846
ERROR 847
ERROR 849
ERROR 851
ERROR 856
ERROR 860
ERROR 861
ERROR 863
ERROR 864
ERROR 870
ERROR 872
ERROR 876
ERROR 885
ERROR 886
ERROR 888
ERROR 891
ERROR 892
ERROR 893
ERROR 894
ERROR 898
ERROR 900
ERROR 903
ERROR 904
ERROR 905
ERROR 907
ERROR 908
ERROR 909
ERROR 912
ERROR 913
ERROR 915
ERROR 916
ERROR 917
ERROR 918
ERROR 919
ERROR 920
ERROR 921
ERROR 924
ERROR 925
ERROR 926
ERROR 927
ERROR 930
ERROR 933
ERROR 934
ERROR 936
ERROR 940
ERROR 941
ERROR 943
ERROR 944
ERROR 946
ERROR 948
ERROR 949
ERROR 950
ERROR 954
ERROR 955
ERROR 957
ERROR 959
ERROR 960
ERROR 961
ERROR 965
ERROR 967
ERROR 968
ERROR 969
ERROR 971
ERROR 973
ERROR 975
ERROR 976
ERROR 978
ERROR 979
ERROR 985
ERROR 987
ERROR 988
ERROR 989
ERROR 992
ERROR 993
ERROR 998
ERROR 999
ERROR 1001
ERROR 1002
ERROR 1003
ERROR 1011
ERROR 1012
ERROR 1014
ERROR 1015
ERROR 1016
ERROR 1017
ERROR 1027
ERROR 1029
ERROR 1030
ERROR 1031
ERROR 1032
ERROR 1033
ERROR 1034
ERROR 1036
ERROR 1039
ERROR 1040
ERROR 1041
ERROR 1044
ERROR 1045
ERROR 1046
ERROR 1047
ERROR 1048
ERROR 1050
ERROR 1056
ERROR 1057
ERROR 1058
ERROR 1061
ERROR 1062
ERROR 1064
ERROR 1065
ERROR 1066
ERROR 1067
ERROR 1068
ERROR 1069
ERROR 1074
ERROR 1078
ERROR 1081
ERROR 1082
ERROR 1084
ERROR 1085
ERROR 1090
ERROR 1091
ERROR 1093
ERROR 1095
ERROR 1098
ERROR 1100
ERROR 1101
ERROR 1104
ERROR 1106
ERROR 1108
ERROR 1109
ERROR 1110
ERROR 1112
ERROR 1114
ERROR 1116
ERROR 1117
ERROR 1122
ERROR 1123
ERROR 1126
ERROR 1127
ERROR 1130
ERROR 1132
ERROR 1133
ERROR 1134
ERROR 1136
ERROR 1140
ERROR 1141
ERROR 1142
ERROR 1143
ERROR 1145
ERROR 1146
ERROR 1147
ERROR 1150
ERROR 1152
ERROR 1154
ERROR 1155
ERROR 1156
ERROR 1157
ERROR 1158
ERROR 1160
ERROR 1161
ERROR 1164
ERROR 1165
ERROR 1166
ERROR 1168
ERROR 1169
ERROR 1170
ERROR 1171
ERROR 1176
ERROR 1179
ERROR 1182
ERROR 1186
ERROR 1187
ERROR 1189
ERROR 1190
ERROR 1197
ERROR 1200
ERROR 1201
ERROR 1202
ERROR 1205
ERROR 1207
ERROR 1208
ERROR 1216
ERROR 1221
ERROR 1222
ERROR 1223
ERROR 1227
ERROR 1228
ERROR 1230
ERROR 1233
ERROR 1236
ERROR 1237
ERROR 1239
ERROR 1242
ERROR 1243
ERROR 1246
ERROR 1250
ERROR 1251
ERROR 1252
ERROR 1253
ERROR 1254
ERROR 1255
ERROR 1257
ERROR 1262
ERROR 1263
ERROR 1265
ERROR 1272
ERROR 1274
ERROR 1277
ERROR 1278
ERROR 1279
ERROR 1284
ERROR 1285
ERROR 1289
ERROR 1292
ERROR 1296
ERROR 1300
ERROR 1302
ERROR 1303
ERROR 1304
ERROR 1305
ERROR 1307
ERROR 1309
ERROR 1310
ERROR 1311
ERROR 1313
ERROR 1314
ERROR 1315
ERROR 1323
ERROR 1324
ERROR 1325
ERROR 1326
ERROR 1328
ERROR 1329
ERROR 1330
ERROR 1334
ERROR 1336
ERROR 1337
ERROR 1339
ERROR 1340
ERROR 1341
ERROR 1343
ERROR 1344
ERROR 1346
ERROR 1347
ERROR 1348
ERROR 1351
ERROR 1352
ERROR 1353
ERROR 1358
ERROR 1360
ERROR 1361
ERROR 1364
ERROR 1366
ERROR 1367
ERROR 1368
ERROR 1370
ERROR 1371
ERROR 1375
ERROR 1377
ERROR 1378
ERROR 1381
ERROR 1382
ERROR 1383
ERROR 1384
ERROR 1385
ERROR 1386
ERROR 1389
ERROR 1390
ERROR 1394
ERROR 1395
ERROR 1400
ERROR 1402
ERROR 1403
ERROR 1404
ERROR 1409
ERROR 1410
ERROR 1411
ERROR 1412
ERROR 1414
ERROR 1415
ERROR 1417
ERROR 1419
ERROR 1424
ERROR 1425
ERROR 1427
ERROR 1437
ERROR 1439
ERROR 1440
ERROR 1441
ERROR 1444
ERROR 1445
ERROR 1449
ERROR 1450
ERROR 1452
ERROR 1453
ERROR 1455
ERROR 1456
ERROR 1457
ERROR 1458
ERROR 1459
ERROR 1460
ERROR 1461
ERROR 1462
ERROR 1466
ERROR 1467
ERROR 1468
ERROR 1469
ERROR 1470
ERROR 1474
ERROR 1475
ERROR 1476
ERROR 1478
ERROR 1479
ERROR 1482
ERROR 1483
ERROR 1484
ERROR 1485
ERROR 1486
ERROR 1489
ERROR 1494
ERROR 1497
ERROR 1500
ERROR 1501
ERROR 1502
ERROR 1504
ERROR 1506
ERROR 1507
ERROR 1508
ERROR 1509
ERROR 1510
ERROR 1511
ERROR 1512
ERROR 1518
ERROR 1519
ERROR 1521
ERROR 1522
ERROR 1523
ERROR 1525
ERROR 1527
ERROR 1529
ERROR 1531
ERROR 1532
ERROR 1534
ERROR 1536
ERROR 1537
ERROR 1538
ERROR 1539
ERROR 1540
ERROR 1544
ERROR 1545
ERROR 1547
ERROR 1548
ERROR 1550
ERROR 1551
ERROR 1552
ERROR 1553
ERROR 1555
ERROR 1556
ERROR 1557
ERROR 1558
ERROR 1559
ERROR 1562
ERROR 1564
ERROR 1565
ERROR 1566
ERROR 1568
ERROR 1570
ERROR 1571
ERROR 1572
ERROR 1574
ERROR 1576
ERROR 1578
ERROR 1585
ERROR 1586
ERROR 1587
ERROR 1591
ERROR 1592
ERROR 1593
ERROR 1594
ERROR 1596
ERROR 1598
ERROR 1606
ERROR 1607
ERROR 1609
ERROR 1618
ERROR 1619
ERROR 1622
ERROR 1623
ERROR 1626
ERROR 1627
ERROR 1628
ERROR 1631
ERROR 1633
ERROR 1634
ERROR 1635
ERROR 1639
ERROR 1640
ERROR 1643
ERROR 1644
ERROR 1645
ERROR 1646
ERROR 1648
ERROR 1649
ERROR 1650
ERROR 1652
ERROR 1654
ERROR 1658
ERROR 1659
ERROR 1662
ERROR 1666
ERROR 1667
ERROR 1669
ERROR 1670
ERROR 1671
ERROR 1672
ERROR 1674
ERROR 1676
ERROR 1679
ERROR 1680
ERROR 1682
ERROR 1687
ERROR 1688
ERROR 1691
ERROR 1692
ERROR 1693
ERROR 1698
ERROR 1699
ERROR 1700
ERROR 1701
ERROR 1702
ERROR 1703
ERROR 1706
ERROR 1707
ERROR 1708
ERROR 1710
ERROR 1712
ERROR 1715
ERROR 1716
ERROR 1718
