ERROR 4
ERROR 6
ERROR 12
ERROR 13
ERROR 24
ERROR 25
ERROR 28
ERROR 33
ERROR 34
ERROR 37
ERROR 39
ERROR 40
ERROR 41
ERROR 43
ERROR 47
ERROR 52
ERROR 54
ERROR 61
ERROR 66
ERROR 68
ERROR 71
ERROR 72
ERROR 84
ERROR 85
ERROR 91
ERROR 92
ERROR 96
ERROR 97
ERROR 100
ERROR 101
ERROR 105
ERROR 109
ERROR 112
ERROR 114
ERROR 118
ERROR 119
ERROR 123
ERROR 124
ERROR 126
ERROR 128
ERROR 130
ERROR 132
ERROR 134
ERROR 135
ERROR 136
ERROR 138
ERROR 141
ERROR 143
ERROR 144
ERROR 145
ERROR 147
ERROR 153
ERROR 155
ERROR 156
ERROR 165
ERROR 172
ERROR 173
ERROR 174
ERROR 175
ERROR 176
ERROR 181
ERROR 186
ERROR 187
ERROR 190
ERROR 191
ERROR 192
ERROR 195
ERROR 199
ERROR 200
ERROR 203
ERROR 204
ERROR 205
ERROR 207
ERROR 208
ERROR 209
ERROR 211
ERROR 215
ERROR 216
ERROR 225
ERROR 226
ERROR 229
ERROR 233
ERROR 236
ERROR 237
ERROR 240
ERROR 242
ERROR 245
ERROR 246
ERROR 247
ERROR 248
ERROR 250
ERROR 257
ERROR 259
ERROR 261
ERROR 262
ERROR 268
ERROR 269
ERROR 271
ERROR 272
ERROR 273
ERROR 275
ERROR 279
ERROR 281
ERROR 282
ERROR 284
ERROR 285
ERROR 287
ERROR 290
ERROR 291
ERROR 292
ERROR 293
ERROR 294
ERROR 295
ERROR 297
ERROR 299
ERROR 301
ERROR 302
ERROR 306
ERROR 309
ERROR 311
ERROR 314
ERROR 317
ERROR 318
ERROR 320
ERROR 321
ERROR 322
ERROR 323
ERROR 327
ERROR 328
ERROR 332
ERROR 333
ERROR 334
ERROR 336
ERROR 340
ERROR 341
ERROR 343
ERROR 344
ERROR 346
ERROR 348
ERROR 349
ERROR 350
ERROR 352
ERROR 355
ERROR 356
ERROR 357
ERROR 358
ERROR 359
ERROR 361
ERROR 366
ERROR 367
ERROR 369
ERROR 370
ERROR 372
ERROR 373
ERROR 381
ERROR 384
ERROR 386
ERROR 388
ERROR 391
ERROR 392
ERROR 393
ERROR 394
ERROR 396
ERROR 397
ERROR 398
ERROR 402
ERROR 403
ERROR 404
ERROR 405
ERROR 407
ERROR 409
ERROR 410
ERROR 412
ERROR 415
ERROR 417
ERROR 419
ERROR 420
ERROR 421
ERROR 422
ERROR 423
ERROR 425
ERROR 426
ERROR 427
ERROR 431
ERROR 432
ERROR 439
ERROR 443
ERROR 444
ERROR 446
ERROR 447
ERROR 448
ERROR 451
ERROR 452
ERROR 454
ERROR 455
ERROR 456
ERROR 458
ERROR 459
ERROR 461
ERROR 463
ERROR 464
ERROR 467
ERROR 468
ERROR 473
ERROR 476
ERROR 477
ERROR 478
ERROR 480
ERROR 483
ERROR 488
ERROR 490
ERROR 491
ERROR 492
ERROR 493
ERROR 494
ERROR 497
ERROR 498
ERROR 500
ERROR 501
ERROR 503
ERROR 505
ERROR 512
ERROR 513
ERROR 514
ERROR 517
ERROR 520
ERROR 522
ERROR 525
ERROR 526
ERROR 528
ERROR 530
ERROR 534
ERROR 536
ERROR 537
ERROR 538
ERROR 542
ERROR 543
ERROR 544
ERROR 546
ERROR 547
ERROR 548
ERROR 551
ERROR 555
ERROR 557
ERROR 558
ERROR 563
ERROR 565
ERROR 569
ERROR 570
ERROR 571
ERROR 572
ERROR 573
ERROR 574
ERROR 576
ERROR 577
ERROR 579
ERROR 580
ERROR 584
ERROR 585
ERROR 586
ERROR 587
ERROR 588
ERROR 589
ERROR 591
ERROR 592
ERROR 593
ERROR 594
ERROR 597
ERROR 598
ERROR 599
ERROR 603
ERROR 605
ERROR 607
ERROR 608
ERROR 613
ERROR 615
ERROR 616
ERROR 617
ERROR 619
ERROR 621
ERROR 623
ERROR 624
ERROR 626
ERROR 628
ERROR 630
ERROR 634
ERROR 635
ERROR 637
ERROR 638
ERROR 642
ERROR 645
ERROR 646
ERROR 648
ERROR 655
ERROR 656
ERROR 660
ERROR 661
ERROR 662
ERROR 664
ERROR 666
ERROR 667
ERROR 669
ERROR 671
ERROR 673
ERROR 674
ERROR 675
ERROR 677
ERROR 683
ERROR 690
ERROR 693
ERROR 695
ERROR 696
ERROR 697
ERROR 698
ERROR 703
ERROR 704
ERROR 705
ERROR 706
ERROR 708
ERROR 709
ERROR 711
ERROR 715
ERROR 716
ERROR 718
ERROR 719
ERROR 720
ERROR 721
ERROR 723
ERROR 725
ERROR 726
ERROR 728
ERROR 731
ERROR 733
ERROR 734
ERROR 735
ERROR 736
ERROR 737
ERROR 738
ERROR 739
ERROR 741
ERROR 742
ERROR 743
ERROR 744
ERROR 746
ERROR 748
ERROR 749
ERROR 750
ERROR 751
ERROR 753
ERROR 754
ERROR 757
ERROR 764
ERROR 765
ERROR 766
ERROR 768
ERROR 769
ERROR 770
ERROR 771
ERROR 772
ERROR 773
ERROR 776
ERROR 778
ERROR 779
ERROR 781
ERROR 782
ERROR 784
ERROR 786
ERROR 787
ERROR 788
ERROR 789
ERROR 790
ERROR 796
ERROR 797
ERROR 801
ERROR 803
ERROR 805
ERROR 807
ERROR 808
ERROR 809
ERROR 811
ERROR 813
ERROR 816
ERROR 817
ERROR 820
ERROR 821
ERROR 822
ERROR 823
ERROR 826
ERROR 827
ERROR 828
ERROR 829
ERROR 831
ERROR 833
ERROR 836
ERROR 837
ERROR 840
ERROR 841
ERROR 842
ERROR 849
ERROR 852
ERROR 856
ERROR 857
ERROR 859
ERROR 860
ERROR 861
ERROR 863
ERROR 865
ERROR 866
ERROR 868
ERROR 870
ERROR 872
ERROR 873
ERROR 876
ERROR 877
ERROR 887
ERROR 889
ERROR 890
ERROR 891
ERROR 892
ERROR 893
ERROR 894
ERROR 897
ERROR 899
ERROR 902
ERROR 903
ERROR 904
ERROR 905
ERROR 907
ERROR 911
ERROR 912
ERROR 913
ERROR 917
ERROR 919
ERROR 920
ERROR 922
ERROR 924
ERROR 928
ERROR 930
ERROR 931
ERROR 933
ERROR 934
ERROR 935
ERROR 937
ERROR 938
ERROR 939
ERROR 940
ERROR 941
ERROR 942
ERROR 944
ERROR 945
ERROR 949
ERROR 950
ERROR 960
ERROR 963
ERROR 965
ERROR 966
ERROR 967
ERROR 969
ERROR 970
ERROR 972
ERROR 973
ERROR 975
ERROR 976
ERROR 978
ERROR 980
ERROR 982
ERROR 983
ERROR 996
ERROR 997
ERROR 998
ERROR 999
ERROR 1002
ERROR 1003
ERROR 1006
ERROR 1007
ERROR 1016
ERROR 1017
ERROR 1018
ERROR 1023
ERROR 1024
ERROR 1029
ERROR 1030
ERROR 1032
ERROR 1033
ERROR 1039
ERROR 1040
ERROR 1044
ERROR 1045
ERROR 1047
ERROR 1048
ERROR 1050
ERROR 1051
ERROR 1052
ERROR 1055
ERROR 1058
ERROR 1062
ERROR 1063
ERROR 1068
ERROR 1070
ERROR 1071
ERROR 1074
ERROR 1075
ERROR 1077
ERROR 1081
ERROR 1082
ERROR 1083
ERROR 1084
ERROR 1088
ERROR 1089
ERROR 1090
ERROR 1091
ERROR 1095
ERROR 1097
ERROR 1098
ERROR 1099
ERROR 1100
ERROR 1103
ERROR 1108
ERROR 1112
ERROR 1113
ERROR 1114
ERROR 1115
ERROR 1118
ERROR 1122
ERROR 1125
ERROR 1126
ERROR 1127
ERROR 1129
ERROR 1130
ERROR 1133
ERROR 1134
ERROR 1135
ERROR 1140
ERROR 1145
ERROR 1146
ERROR 1148
ERROR 1151
ERROR 1153
ERROR 1154
ERROR 1157
ERROR 1158
ERROR 1161
ERROR 1162
ERROR 1164
ERROR 1166
ERROR 1167
ERROR 1169
ERROR 1173
ERROR 1175
ERROR 1176
ERROR 1179
ERROR 1180
ERROR 1181
ERROR 1186
ERROR 1187
ERROR 1189
ERROR 1190
ERROR 1191
ERROR 1193
ERROR 1194
ERROR 1198
ERROR 1199
ERROR 1200
ERROR 1202
ERROR 1206
ERROR 1208
ERROR 1212
ERROR 1213
ERROR 1214
ERROR 1218
ERROR 1219
ERROR 1221
ERROR 1222
ERROR 1224
ERROR 1225
ERROR 1226
ERROR 1228
ERROR 1229
ERROR 1232
ERROR 1233
ERROR 1236
ERROR 1238
ERROR 1239
ERROR 1240
ERROR 1243
ERROR 1244
ERROR 1245
ERROR 1246
ERROR 1248
ERROR 1251
ERROR 1252
ERROR 1253
ERROR 1254
ERROR 1255
ERROR 1256
ERROR 1257
ERROR 1258
ERROR 1260
ERROR 1261
ERROR 1262
ERROR 1264
ERROR 1265
ERROR 1266
ERROR 1267
ERROR 1268
ERROR 1274
ERROR 1275
ERROR 1276
ERROR 1278
ERROR 1279
ERROR 1281
ERROR 1282
ERROR 1285
ERROR 1286
ERROR 1287
ERROR 1288
ERROR 1290
ERROR 1292
ERROR 1293
ERROR 1295
ERROR 1296
ERROR 1302
ERROR 1303
ERROR 1304
ERROR 1305
ERROR 1308
ERROR 1309
ERROR 1312
ERROR 1314
ERROR 1317
ERROR 1318
ERROR 1319
ERROR 1320
ERROR 1324
ERROR 1329
ERROR 1332
ERROR 1333
ERROR 1341
ERROR 1342
ERROR 1344
ERROR 1347
ERROR 1349
ERROR 1352
ERROR 1357
ERROR 1358
ERROR 1362
ERROR 1364
ERROR 1366
ERROR 1367
ERROR 1368
ERROR 1369
ERROR 1374
ERROR 1375
ERROR 1376
ERROR 1377
ERROR 1380
ERROR 1383
ERROR 1388
ERROR 1390
ERROR 1394
ERROR 1399
ERROR 1402
ERROR 1407
ERROR 1409
ERROR 1411
ERROR 1412
ERROR 1413
ERROR 1415
ERROR 1418
ERROR 1419
ERROR 1421
ERROR 1422
ERROR 1423
ERROR 1426
ERROR 1427
ERROR 1428
ERROR 1430
ERROR 1431
ERROR 1433
ERROR 1442
ERROR 1443
ERROR 1444
ERROR 1446
ERROR 1448
ERROR 1449
ERROR 1452
ERROR 1456
ERROR 1464
ERROR 1465
ERROR 1466
ERROR 1467
ERROR 1470
ERROR 1471
ERROR 1472
ERROR 1473
ERROR 1477
ERROR 1481
ERROR 1482
ERROR 1483
ERROR 1484
ERROR 1486
ERROR 1489
ERROR 1490
ERROR 1491
ERROR 1495
ERROR 1496
ERROR 1498
ERROR 1501
ERROR 1502
ERROR 1503
ERROR 1505
ERROR 1507
ERROR 1508
ERROR 1509
ERROR 1514
ERROR 1515
ERROR 1518
ERROR 1519
ERROR 1521
ERROR 1523
ERROR 1524
ERROR 1525
ERROR 1527
ERROR 1528
ERROR 1529
ERROR 1530
ERROR 1532
ERROR 1533
ERROR 1535
ERROR 1537
ERROR 1538
ERROR 1539
ERROR 1540
ERROR 1541
ERROR 1542
ERROR 1543
ERROR 1546
ERROR 1549
ERROR 1550
ERROR 1551
ERROR 1552
ERROR 1553
ERROR 1560
ERROR 1561
ERROR 1562
ERROR 1563
ERROR 1566
ERROR 1572
ERROR 1575
ERROR 1577
ERROR 1578
ERROR 1579
ERROR 1580
ERROR 1581
ERROR 1582
ERROR 1589
ERROR 1590
ERROR 1591
ERROR 1592
ERROR 1594
ERROR 1596
ERROR 1599
ERROR 1600
ERROR 1603
ERROR 1605
ERROR 1607
ERROR 1614
ERROR 1616
ERROR 1618
ERROR 1620
ERROR 1621
ERROR 1623
ERROR 1631
ERROR 1633
ERROR 1636
ERROR 1637
ERROR 1639
ERROR 1640
ERROR 1642
ERROR 1647
ERROR 1648
ERROR 1650
ERROR 1652
ERROR 1655
ERROR 1656
ERROR 1657
ERROR 1658
ERROR 1660
ERROR 1663
ERROR 1665
ERROR 1666
ERROR 1667
ERROR 1669
ERROR 1670
ERROR 1671
ERROR 1673
ERROR 1675
ERROR 1680
ERROR 1683
ERROR 1686
ERROR 1690
ERROR 1691
ERROR 1692
ERROR 1694
ERROR 1695
ERROR 1697
ERROR 1698
ERROR 1702
ERROR 1703
ERROR 1706
ERROR 1707
ERROR 1709
ERROR 1710
ERROR 1711
ERROR 1715
ERROR 1716
ERROR 1720
ERROR 1721
ERROR 1722
ERROR 1723
ERROR 1724
ERROR 1729
ERROR 1730
ERROR 1732
ERROR 1733
ERROR 1735
ERROR 1736
ERROR 1738
ERROR 1739
ERROR 1741
ERROR 1742
ERROR 1743
ERROR 1746
ERROR 1752
ERROR 1753
ERROR 1754
ERROR 1759
ERROR 1762
ERROR 1763
ERROR 1765
ERROR 1767
ERROR 1769
ERROR 1770
ERROR 1772
ERROR 1774
ERROR 1776
ERROR 1777
ERROR 1779
ERROR 1781
ERROR 1782
ERROR 1784
ERROR 1785
ERROR 1786
ERROR 1788
ERROR 1790
ERROR 1791
ERROR 1794
ERROR 1795
ERROR 1796
ERROR 1798
ERROR 1800
ERROR 1801
ERROR 1802
ERROR 1803
ERROR 1804
ERROR 1805
ERROR 1808
ERROR 1809
ERROR 1810
ERROR 1811
ERROR 1812
ERROR 1813
ERROR 1815
ERROR 1816
ERROR 1817
ERROR 1820
