ERROR 3
ERROR 19
ERROR 25
ERROR 26
ERROR 28
ERROR 30
ERROR 31
ERROR 33
ERROR 50
ERROR 53
ERROR 54
ERROR 58
ERROR 60
ERROR 61
ERROR 62
ERROR 63
ERROR 66
ERROR 69
ERROR 73
ERROR 74
ERROR 79
ERROR 80
ERROR 81
ERROR 86
ERROR 90
ERROR 91
ERROR 93
ERROR 95
ERROR 100
ERROR 109
ERROR 112
ERROR 118
ERROR 120
ERROR 121
ERROR 122
ERROR 128
ERROR 129
ERROR 130
ERROR 131
ERROR 136
ERROR 138
ERROR 144
ERROR 147
ERROR 152
ERROR 154
ERROR 158
ERROR 159
ERROR 160
ERROR 161
ERROR 162
ERROR 163
ERROR 165
ERROR 166
ERROR 169
ERROR 170
ERROR 174
ERROR 177
ERROR 184
ERROR 185
ERROR 190
ERROR 191
ERROR 193
ERROR 195
ERROR 198
ERROR 202
ERROR 203
ERROR 205
ERROR 206
ERROR 207
ERROR 209
ERROR 214
ERROR 217
ERROR 219
ERROR 223
ERROR 224
ERROR 229
ERROR 232
ERROR 233
ERROR 234
ERROR 236
ERROR 238
ERROR 241
ERROR 243
ERROR 246
ERROR 247
ERROR 248
ERROR 251
ERROR 252
ERROR 253
ERROR 256
ERROR 257
ERROR 260
ERROR 265
ERROR 266
ERROR 270
ERROR 274
ERROR 275
ERROR 277
ERROR 278
ERROR 280
ERROR 283
ERROR 284
ERROR 285
ERROR 286
ERROR 287
ERROR 289
ERROR 290
ERROR 291
ERROR 292
ERROR 294
ERROR 295
ERROR 298
ERROR 301
ERROR 302
ERROR 305
ERROR 307
ERROR 309
ERROR 310
ERROR 311
ERROR 312
ERROR 314
ERROR 315
ERROR 316
ERROR 317
ERROR 318
ERROR 320
ERROR 321
ERROR 323
ERROR 325
ERROR 327
ERROR 328
ERROR 330
ERROR 332
ERROR 335
ERROR 337
ERROR 338
ERROR 341
ERROR 342
ERROR 348
ERROR 349
ERROR 350
ERROR 351
ERROR 355
ERROR 357
ERROR 358
ERROR 362
ERROR 363
ERROR 365
ERROR 366
ERROR 368
ERROR 370
ERROR 371
ERROR 372
ERROR 374
ERROR 375
ERROR 376
ERROR 378
ERROR 381
ERROR 384
ERROR 391
ERROR 392
ERROR 393
ERROR 394
ERROR 398
ERROR 399
ERROR 405
ERROR 406
ERROR 407
ERROR 410
ERROR 411
ERROR 413
ERROR 420
ERROR 422
ERROR 423
ERROR 426
ERROR 427
ERROR 428
ERROR 431
ERROR 432
ERROR 433
ERROR 435
ERROR 436
ERROR 437
ERROR 438
ERROR 440
ERROR 441
ERROR 442
ERROR 445
ERROR 446
ERROR 447
ERROR 448
ERROR 451
ERROR 453
ERROR 454
ERROR 455
ERROR 458
ERROR 459
ERROR 460
ERROR 462
ERROR 463
ERROR 464
ERROR 470
ERROR 478
ERROR 479
ERROR 483
ERROR 485
ERROR 488
ERROR 489
ERROR 490
ERROR 491
ERROR 493
ERROR 494
ERROR 495
ERROR 500
ERROR 502
ERROR 505
ERROR 507
ERROR 509
ERROR 511
ERROR 512
ERROR 515
ERROR 516
ERROR 517
ERROR 520
ERROR 521
ERROR 524
ERROR 525
ERROR 526
ERROR 528
ERROR 532
ERROR 533
ERROR 534
ERROR 535
ERROR 536
ERROR 537
ERROR 538
ERROR 540
ERROR 545
ERROR 547
ERROR 548
ERROR 550
ERROR 551
ERROR 553
ERROR 554
ERROR 558
ERROR 560
ERROR 561
ERROR 564
ERROR 565
ERROR 566
ERROR 567
ERROR 569
ERROR 570
ERROR 571
ERROR 572
ERROR 573
ERROR 577
ERROR 578
ERROR 579
ERROR 581
ERROR 582
ERROR 587
ERROR 588
ERROR 589
ERROR 592
ERROR 597
ERROR 598
ERROR 599
ERROR 600
ERROR 610
ERROR 611
ERROR 612
ERROR 613
ERROR 614
ERROR 615
ERROR 616
ERROR 617
ERROR 619
ERROR 620
ERROR 621
ERROR 625
ERROR 626
ERROR 628
ERROR 630
ERROR 631
ERROR 635
ERROR 636
ERROR 638
ERROR 639
ERROR 640
ERROR 642
ERROR 644
ERROR 647
ERROR 648
ERROR 651
ERROR 652
ERROR 655
ERROR 659
ERROR 662
ERROR 665
ERROR 667
ERROR 670
ERROR 674
ERROR 675
ERROR 676
ERROR 677
ERROR 679
ERROR 681
ERROR 684
ERROR 685
ERROR 686
ERROR 688
ERROR 690
ERROR 693
ERROR 694
ERROR 695
ERROR 702
ERROR 703
ERROR 704
ERROR 706
ERROR 708
ERROR 709
ERROR 710
ERROR 714
ERROR 715
ERROR 718
ERROR 719
ERROR 720
ERROR 721
ERROR 726
ERROR 728
ERROR 731
ERROR 732
ERROR 734
ERROR 735
ERROR 736
ERROR 737
ERROR 739
ERROR 741
ERROR 742
ERROR 744
ERROR 745
ERROR 747
ERROR 748
ERROR 751
ERROR 753
ERROR 754
ERROR 757
ERROR 759
ERROR 761
ERROR 763
ERROR 764
ERROR 765
ERROR 766
ERROR 767
ERROR 768
ERROR 773
ERROR 775
ERROR 776
ERROR 777
ERROR 781
ERROR 782
ERROR 787
ERROR 788
ERROR 790
ERROR 791
ERROR 792
ERROR 793
ERROR 796
ERROR 799
ERROR 800
ERROR 801
ERROR 803
ERROR 804
ERROR 805
ERROR 806
ERROR 807
ERROR 808
ERROR 812
ERROR 813
ERROR 814
ERROR 815
ERROR 816
ERROR 818
ERROR 824
ERROR 825
ERROR 827
ERROR 828
ERROR 830
ERROR 832
ERROR 833
ERROR 835
ERROR 837
ERROR 839
ERROR 841
ERROR 842
ERROR 844
ERROR 845
ERROR 846
ERROR 849
ERROR 855
ERROR 856
ERROR 857
ERROR 858
ERROR 860
ERROR 861
ERROR 864
ERROR 866
ERROR 868
ERROR 869
ERROR 873
ERROR 874
ERROR 876
ERROR 878
ERROR 881
ERROR 882
ERROR 884
ERROR 887
ERROR 888
ERROR 890
ERROR 891
ERROR 892
ERROR 893
ERROR 898
ERROR 899
ERROR 901
ERROR 902
ERROR 906
ERROR 908
ERROR 910
ERROR 911
ERROR 913
ERROR 914
ERROR 915
ERROR 916
ERROR 917
ERROR 918
ERROR 919
ERROR 921
ERROR 926
ERROR 928
ERROR 931
ERROR 932
ERROR 933
ERROR 935
ERROR 942
ERROR 943
ERROR 944
ERROR 947
ERROR 948
ERROR 949
ERROR 952
ERROR 955
ERROR 957
ERROR 963
ERROR 964
ERROR 965
ERROR 968
ERROR 969
ERROR 970
ERROR 971
ERROR 972
ERROR 973
ERROR 975
ERROR 977
ERROR 980
ERROR 983
ERROR 987
ERROR 989
ERROR 992
ERROR 994
ERROR 996
ERROR 1003
ERROR 1004
ERROR 1007
ERROR 1009
ERROR 1011
ERROR 1012
ERROR 1013
ERROR 1016
ERROR 1019
ERROR 1020
ERROR 1023
ERROR 1024
ERROR 1026
ERROR 1030
ERROR 1031
ERROR 1035
ERROR 1038
ERROR 1039
ERROR 1041
ERROR 1042
ERROR 1044
ERROR 1049
ERROR 1051
ERROR 1052
ERROR 1053
ERROR 1055
ERROR 1056
ERROR 1057
ERROR 1060
ERROR 1063
ERROR 1064
ERROR 1065
ERROR 1068
ERROR 1069
ERROR 1070
ERROR 1072
ERROR 1073
ERROR 1074
ERROR 1076
ERROR 1078
ERROR 1082
ERROR 1083
ERROR 1084
ERROR 1085
ERROR 1087
ERROR 1089
ERROR 1090
ERROR 1091
ERROR 1093
ERROR 1095
ERROR 1098
ERROR 1109
ERROR 1112
ERROR 1115
ERROR 1117
ERROR 1118
ERROR 1119
ERROR 1120
ERROR 1121
ERROR 1126
ERROR 1131
ERROR 1135
ERROR 1136
ERROR 1137
ERROR 1140
ERROR 1142
ERROR 1143
ERROR 1144
ERROR 1145
ERROR 1146
ERROR 1148
ERROR 1149
ERROR 1150
ERROR 1151
ERROR 1153
ERROR 1154
ERROR 1157
ERROR 1158
ERROR 1160
ERROR 1163
ERROR 1166
ERROR 1168
ERROR 1169
ERROR 1170
ERROR 1174
ERROR 1175
ERROR 1176
ERROR 1177
ERROR 1178
ERROR 1180
ERROR 1181
ERROR 1183
ERROR 1187
ERROR 1190
ERROR 1193
ERROR 1194
ERROR 1195
ERROR 1196
ERROR 1197
ERROR 1199
ERROR 1203
ERROR 1204
ERROR 1209
ERROR 1211
ERROR 1213
ERROR 1215
ERROR 1216
ERROR 1217
ERROR 1218
ERROR 1222
ERROR 1224
ERROR 1225
ERROR 1227
ERROR 1230
ERROR 1232
ERROR 1234
ERROR 1237
ERROR 1240
ERROR 1241
ERROR 1242
ERROR 1244
ERROR 1247
ERROR 1250
ERROR 1252
ERROR 1253
ERROR 1256
ERROR 1257
ERROR 1258
ERROR 1261
ERROR 1262
ERROR 1264
ERROR 1268
ERROR 1270
ERROR 1271
ERROR 1273
ERROR 1276
ERROR 1277
ERROR 1278
ERROR 1280
ERROR 1286
ERROR 1288
ERROR 1290
ERROR 1292
ERROR 1293
ERROR 1295
ERROR 1299
ERROR 1300
ERROR 1301
ERROR 1303
ERROR 1304
ERROR 1305
ERROR 1306
ERROR 1307
ERROR 1308
ERROR 1312
ERROR 1314
ERROR 1316
ERROR 1317
ERROR 1318
ERROR 1319
ERROR 1321
ERROR 1323
ERROR 1324
ERROR 1325
ERROR 1326
ERROR 1328
ERROR 1331
ERROR 1332
ERROR 1335
ERROR 1336
ERROR 1337
ERROR 1339
ERROR 1340
ERROR 1341
ERROR 1342
ERROR 1347
ERROR 1348
ERROR 1349
ERROR 1351
ERROR 1353
ERROR 1354
ERROR 1356
ERROR 1358
ERROR 1359
ERROR 1364
ERROR 1367
ERROR 1368
ERROR 1372
ERROR 1375
ERROR 1377
ERROR 1379
ERROR 1380
ERROR 1381
ERROR 1382
ERROR 1383
ERROR 1385
ERROR 1387
ERROR 1388
ERROR 1389
ERROR 1393
ERROR 1396
ERROR 1398
ERROR 1399
ERROR 1400
ERROR 1401
ERROR 1404
ERROR 1408
ERROR 1409
ERROR 1411
ERROR 1413
ERROR 1415
ERROR 1417
ERROR 1418
ERROR 1420
ERROR 1422
ERROR 1423
ERROR 1426
ERROR 1427
ERROR 1428
ERROR 1429
ERROR 1433
ERROR 1434
ERROR 1435
ERROR 1436
ERROR 1437
ERROR 1443
ERROR 1447
ERROR 1449
ERROR 1454
ERROR 1456
ERROR 1457
ERROR 1458
ERROR 1460
ERROR 1461
ERROR 1464
ERROR 1466
ERROR 1468
ERROR 1472
ERROR 1473
ERROR 1474
ERROR 1475
ERROR 1477
ERROR 1480
ERROR 1481
ERROR 1485
ERROR 1486
ERROR 1488
ERROR 1490
ERROR 1492
ERROR 1493
ERROR 1494
ERROR 1496
ERROR 1497
ERROR 1498
ERROR 1499
ERROR 1500
ERROR 1505
ERROR 1508
ERROR 1510
ERROR 1513
ERROR 1514
ERROR 1515
ERROR 1516
ERROR 1517
ERROR 1519
ERROR 1520
ERROR 1524
ERROR 1525
ERROR 1527
ERROR 1528
ERROR 1529
ERROR 1530
ERROR 1531
ERROR 1535
ERROR 1536
ERROR 1540
ERROR 1549
ERROR 1550
ERROR 1552
ERROR 1554
ERROR 1555
ERROR 1560
ERROR 1562
ERROR 1563
ERROR 1564
ERROR 1565
ERROR 1566
ERROR 1567
ERROR 1571
ERROR 1572
ERROR 1575
ERROR 1576
ERROR 1578
ERROR 1581
ERROR 1583
ERROR 1584
ERROR 1585
ERROR 1586
ERROR 1587
ERROR 1590
ERROR 1591
ERROR 1594
ERROR 1596
ERROR 1598
ERROR 1600
ERROR 1601
ERROR 1602
ERROR 1603
ERROR 1605
ERROR 1606
ERROR 1607
ERROR 1610
ERROR 1612
ERROR 1613
ERROR 1615
ERROR 1616
ERROR 1623
ERROR 1626
ERROR 1628
ERROR 1629
ERROR 1630
ERROR 1637
ERROR 1638
ERROR 1641
ERROR 1642
ERROR 1643
ERROR 1644
ERROR 1646
ERROR 1647
ERROR 1650
ERROR 1651
ERROR 1652
ERROR 1655
ERROR 1656
ERROR 1657
ERROR 1658
ERROR 1660
ERROR 1661
ERROR 1664
ERROR 1667
ERROR 1668
ERROR 1672
ERROR 1674
ERROR 1675
ERROR 1676
ERROR 1679
ERROR 1681
ERROR 1682
ERROR 1683
ERROR 1684
ERROR 1685
ERROR 1686
ERROR 1689
ERROR 1690
ERROR 1691
ERROR 1693
ERROR 1694
ERROR 1696
ERROR 1697
ERROR 1699
ERROR 1700
ERROR 1701
ERROR 1705
ERROR 1709
ERROR 1712
ERROR 1716
ERROR 1717
ERROR 1718
ERROR 1722
ERROR 1724
ERROR 1726
ERROR 1729
ERROR 1730
ERROR 1734
ERROR 1735
ERROR 1737
ERROR 1740
ERROR 1741
ERROR 1743
ERROR 1744
ERROR 1746
ERROR 1749
ERROR 1750
ERROR 1752
ERROR 1753
ERROR 1754
ERROR 1755
ERROR 1756
ERROR 1758
ERROR 1760
ERROR 1761
ERROR 1763
ERROR 1765
ERROR 1766
ERROR 1767
ERROR 1768
ERROR 1770
ERROR 1771
ERROR 1773
ERROR 1774
ERROR 1775
ERROR 1776
ERROR 1778
ERROR 1779
ERROR 1783
ERROR 1784
ERROR 1788
ERROR 1790
ERROR 1791
ERROR 1793
ERROR 1794
ERROR 1797
ERROR 1798
ERROR 1801
ERROR 1802
ERROR 1803
ERROR 1804
ERROR 1807
ERROR 1809
ERROR 1810
ERROR 1814
ERROR 1815
