ERROR 5
ERROR 8
ERROR 9
ERROR 12
ERROR 27
ERROR 28
ERROR 29
ERROR 31
ERROR 32
ERROR 35
ERROR 38
ERROR 39
ERROR 41
ERROR 43
ERROR 44
ERROR 47
ERROR 49
ERROR 50
ERROR 54
ERROR 56
ERROR 58
ERROR 67
ERROR 77
ERROR 85
ERROR 90
ERROR 91
ERROR 92
ERROR 94
ERROR 98
ERROR 99
ERROR 101
ERROR 105
ERROR 106
ERROR 107
ERROR 108
ERROR 110
ERROR 111
ERROR 115
ERROR 116
ERROR 118
ERROR 121
ERROR 131
ERROR 136
ERROR 137
ERROR 139
ERROR 143
ERROR 144
ERROR 148
ERROR 151
ERROR 156
ERROR 158
ERROR 160
ERROR 161
ERROR 162
ERROR 164
ERROR 165
ERROR 167
ERROR 169
ERROR 170
ERROR 173
ERROR 174
ERROR 178
ERROR 181
ERROR 182
ERROR 183
ERROR 184
ERROR 185
ERROR 189
ERROR 190
ERROR 195
ERROR 196
ERROR 198
ERROR 200
ERROR 203
ERROR 206
ERROR 210
ERROR 213
ERROR 214
ERROR 217
ERROR 218
ERROR 219
ERROR 220
ERROR 223
ERROR 224
ERROR 227
ERROR 230
ERROR 232
ERROR 233
ERROR 234
ERROR 239
ERROR 243
ERROR 245
ERROR 246
ERROR 249
ERROR 251
ERROR 254
ERROR 255
ERROR 260
ERROR 261
ERROR 262
ERROR 265
ERROR 267
ERROR 272
ERROR 273
ERROR 274
ERROR 275
ERROR 276
ERROR 277
ERROR 279
ERROR 282
ERROR 283
ERROR 284
ERROR 288
ERROR 301
ERROR 302
ERROR 304
ERROR 305
ERROR 311
ERROR 313
ERROR 315
ERROR 319
ERROR 320
ERROR 321
ERROR 323
ERROR 324
ERROR 325
ERROR 326
ERROR 328
ERROR 329
ERROR 330
ERROR 333
ERROR 335
ERROR 336
ERROR 337
ERROR 338
ERROR 340
ERROR 342
ERROR 349
ERROR 354
ERROR 355
ERROR 356
ERROR 358
ERROR 360
ERROR 363
ERROR 366
ERROR 368
ERROR 371
ERROR 372
ERROR 381
ERROR 388
ERROR 389
ERROR 390
ERROR 393
ERROR 397
ERROR 406
ERROR 408
ERROR 409
ERROR 410
ERROR 413
ERROR 415
ERROR 420
ERROR 422
ERROR 426
ERROR 427
ERROR 428
ERROR 429
ERROR 430
ERROR 431
ERROR 432
ERROR 435
ERROR 440
ERROR 443
ERROR 445
ERROR 446
ERROR 447
ERROR 448
ERROR 450
ERROR 451
ERROR 452
ERROR 455
ERROR 456
ERROR 458
ERROR 459
ERROR 462
ERROR 464
ERROR 465
ERROR 466
ERROR 467
ERROR 469
ERROR 471
ERROR 475
ERROR 478
ERROR 481
ERROR 485
ERROR 490
ERROR 492
ERROR 493
ERROR 494
ERROR 495
ERROR 497
ERROR 500
ERROR 502
ERROR 506
ERROR 510
ERROR 512
ERROR 515
ERROR 516
ERROR 517
ERROR 518
ERROR 523
ERROR 530
ERROR 534
ERROR 538
ERROR 539
ERROR 548
ERROR 551
ERROR 552
ERROR 555
ERROR 556
ERROR 557
ERROR 559
ERROR 560
ERROR 561
ERROR 562
ERROR 563
ERROR 565
ERROR 566
ERROR 567
ERROR 568
ERROR 570
ERROR 571
ERROR 573
ERROR 575
ERROR 576
ERROR 578
ERROR 579
ERROR 587
ERROR 588
ERROR 589
ERROR 592
ERROR 594
ERROR 595
ERROR 596
ERROR 597
ERROR 598
ERROR 600
ERROR 601
ERROR 606
ERROR 608
ERROR 609
ERROR 612
ERROR 613
ERROR 614
ERROR 616
ERROR 621
ERROR 623
ERROR 632
ERROR 633
ERROR 634
ERROR 637
ERROR 641
ERROR 643
ERROR 644
ERROR 646
ERROR 650
ERROR 651
ERROR 654
ERROR 657
ERROR 658
ERROR 659
ERROR 660
ERROR 661
ERROR 662
ERROR 665
ERROR 668
ERROR 669
ERROR 672
ERROR 673
ERROR 674
ERROR 675
ERROR 680
ERROR 682
ERROR 683
ERROR 685
ERROR 686
ERROR 687
ERROR 688
ERROR 691
ERROR 692
ERROR 693
ERROR 698
ERROR 699
ERROR 700
ERROR 702
ERROR 704
ERROR 705
ERROR 706
ERROR 707
ERROR 714
ERROR 717
ERROR 719
ERROR 720
ERROR 722
ERROR 724
ERROR 725
ERROR 729
ERROR 730
ERROR 731
ERROR 732
ERROR 735
ERROR 736
ERROR 737
ERROR 739
ERROR 742
ERROR 743
ERROR 745
ERROR 747
ERROR 748
ERROR 751
ERROR 754
ERROR 755
ERROR 757
ERROR 758
ERROR 760
ERROR 761
ERROR 763
ERROR 764
ERROR 767
ERROR 769
ERROR 770
ERROR 772
ERROR 773
ERROR 777
ERROR 778
ERROR 780
ERROR 784
ERROR 786
ERROR 790
ERROR 791
ERROR 793
ERROR 796
ERROR 798
ERROR 799
ERROR 803
ERROR 805
ERROR 808
ERROR 809
ERROR 812
ERROR 816
ERROR 819
ERROR 820
ERROR 823
ERROR 825
ERROR 827
ERROR 834
ERROR 835
ERROR 836
ERROR 838
ERROR 839
ERROR 840
ERROR 842
ERROR 845
ERROR 846
ERROR 850
ERROR 853
ERROR 854
ERROR 855
ERROR 857
ERROR 858
ERROR 859
ERROR 861
ERROR 862
ERROR 864
ERROR 866
ERROR 867
ERROR 873
ERROR 875
ERROR 880
ERROR 881
ERROR 882
ERROR 884
ERROR 885
ERROR 886
ERROR 887
ERROR 888
ERROR 889
ERROR 891
ERROR 894
ERROR 895
ERROR 898
ERROR 899
ERROR 902
ERROR 906
ERROR 913
ERROR 915
ERROR 916
ERROR 917
ERROR 918
ERROR 919
ERROR 920
ERROR 922
ERROR 923
ERROR 925
ERROR 926
ERROR 930
ERROR 931
ERROR 932
ERROR 933
ERROR 938
ERROR 939
ERROR 941
ERROR 942
ERROR 943
ERROR 946
ERROR 947
ERROR 949
ERROR 950
ERROR 951
ERROR 952
ERROR 954
ERROR 956
ERROR 957
ERROR 958
ERROR 959
ERROR 963
ERROR 965
ERROR 969
ERROR 970
ERROR 971
ERROR 973
ERROR 978
ERROR 979
ERROR 980
ERROR 983
ERROR 985
ERROR 986
ERROR 990
ERROR 992
ERROR 994
ERROR 995
ERROR 997
ERROR 998
ERROR 1004
ERROR 1005
ERROR 1006
ERROR 1008
ERROR 1010
ERROR 1011
ERROR 1012
ERROR 1014
ERROR 1015
ERROR 1017
ERROR 1018
ERROR 1019
ERROR 1020
ERROR 1021
ERROR 1023
ERROR 1025
ERROR 1027
ERROR 1033
ERROR 1034
ERROR 1035
ERROR 1037
ERROR 1038
ERROR 1039
ERROR 1043
ERROR 1045
ERROR 1048
ERROR 1049
ERROR 1050
ERROR 1051
ERROR 1052
ERROR 1053
ERROR 1054
ERROR 1056
ERROR 1058
ERROR 1062
ERROR 1063
ERROR 1065
ERROR 1066
ERROR 1067
ERROR 1070
ERROR 1071
ERROR 1072
ERROR 1074
ERROR 1075
ERROR 1076
ERROR 1078
ERROR 1079
ERROR 1080
ERROR 1082
ERROR 1084
ERROR 1087
ERROR 1089
ERROR 1090
ERROR 1092
ERROR 1093
ERROR 1094
ERROR 1096
ERROR 1100
ERROR 1101
ERROR 1102
ERROR 1105
ERROR 1110
ERROR 1112
ERROR 1117
ERROR 1119
ERROR 1120
ERROR 1121
ERROR 1123
ERROR 1124
ERROR 1127
ERROR 1128
ERROR 1131
ERROR 1133
ERROR 1140
ERROR 1141
ERROR 1143
ERROR 1146
ERROR 1147
