ERROR 6
ERROR 10
ERROR 11
ERROR 14
ERROR 15
ERROR 21
ERROR 28
ERROR 30
ERROR 40
ERROR 41
ERROR 44
ERROR 47
ERROR 52
ERROR 55
ERROR 58
ERROR 60
ERROR 61
ERROR 62
ERROR 63
ERROR 68
ERROR 74
ERROR 76
ERROR 77
ERROR 81
ERROR 84
ERROR 85
ERROR 88
ERROR 90
ERROR 91
ERROR 92
ERROR 93
ERROR 94
ERROR 95
ERROR 97
ERROR 101
ERROR 102
ERROR 105
ERROR 106
ERROR 107
ERROR 109
ERROR 110
ERROR 113
ERROR 115
ERROR 117
ERROR 118
ERROR 123
ERROR 129
ERROR 133
ERROR 134
ERROR 135
ERROR 136
ERROR 138
ERROR 146
ERROR 149
ERROR 152
ERROR 153
ERROR 154
ERROR 156
ERROR 157
ERROR 158
ERROR 159
ERROR 162
ERROR 163
ERROR 164
ERROR 167
ERROR 168
ERROR 169
ERROR 171
ERROR 173
ERROR 177
ERROR 180
ERROR 182
ERROR 183
ERROR 186
ERROR 187
ERROR 188
ERROR 189
ERROR 192
ERROR 193
ERROR 199
ERROR 200
ERROR 201
ERROR 202
ERROR 203
ERROR 204
ERROR 205
ERROR 206
ERROR 207
ERROR 211
ERROR 212
ERROR 214
ERROR 215
ERROR 216
ERROR 217
ERROR 218
ERROR 220
ERROR 222
ERROR 223
ERROR 224
ERROR 227
ERROR 228
ERROR 232
ERROR 234
ERROR 235
ERROR 237
ERROR 239
ERROR 243
ERROR 244
ERROR 247
ERROR 248
ERROR 254
ERROR 255
ERROR 257
ERROR 260
ERROR 262
ERROR 264
ERROR 265
ERROR 269
ERROR 273
ERROR 275
ERROR 277
ERROR 278
ERROR 279
ERROR 282
ERROR 284
ERROR 285
ERROR 286
ERROR 287
ERROR 288
ERROR 291
ERROR 292
ERROR 297
ERROR 298
ERROR 299
ERROR 300
ERROR 301
ERROR 303
ERROR 304
ERROR 307
ERROR 308
ERROR 309
ERROR 312
ERROR 314
ERROR 317
ERROR 320
ERROR 321
ERROR 324
ERROR 325
ERROR 326
ERROR 328
ERROR 330
ERROR 331
ERROR 332
ERROR 333
ERROR 334
ERROR 335
ERROR 340
ERROR 342
ERROR 343
ERROR 348
ERROR 353
ERROR 357
ERROR 359
ERROR 360
ERROR 361
ERROR 365
ERROR 366
ERROR 370
ERROR 372
ERROR 375
ERROR 377
ERROR 381
ERROR 382
ERROR 383
ERROR 386
ERROR 390
ERROR 393
ERROR 394
ERROR 395
ERROR 398
ERROR 399
ERROR 402
ERROR 403
ERROR 407
ERROR 412
ERROR 416
ERROR 420
ERROR 421
ERROR 427
ERROR 428
ERROR 429
ERROR 430
ERROR 434
ERROR 435
ERROR 436
ERROR 439
ERROR 443
ERROR 444
ERROR 448
ERROR 452
ERROR 455
ERROR 456
ERROR 457
ERROR 459
ERROR 460
ERROR 461
ERROR 462
ERROR 463
ERROR 466
ERROR 467
ERROR 470
ERROR 472
ERROR 474
ERROR 475
ERROR 476
ERROR 480
ERROR 481
ERROR 484
ERROR 485
ERROR 488
ERROR 490
ERROR 492
ERROR 493
ERROR 496
ERROR 499
ERROR 501
ERROR 503
ERROR 504
ERROR 505
ERROR 506
ERROR 511
ERROR 512
ERROR 514
ERROR 515
ERROR 516
ERROR 517
ERROR 518
ERROR 519
ERROR 522
ERROR 523
ERROR 526
ERROR 528
ERROR 529
ERROR 530
ERROR 531
ERROR 532
ERROR 533
ERROR 537
ERROR 539
ERROR 540
ERROR 543
ERROR 545
ERROR 546
ERROR 547
ERROR 550
ERROR 551
ERROR 555
ERROR 559
ERROR 560
ERROR 563
ERROR 564
ERROR 567
ERROR 569
ERROR 570
ERROR 574
ERROR 581
ERROR 582
ERROR 583
ERROR 589
ERROR 590
ERROR 591
ERROR 592
ERROR 594
ERROR 595
ERROR 596
ERROR 598
ERROR 604
ERROR 606
ERROR 607
ERROR 610
ERROR 611
ERROR 612
ERROR 615
ERROR 617
ERROR 620
ERROR 624
ERROR 627
ERROR 628
ERROR 629
ERROR 633
ERROR 636
ERROR 637
ERROR 638
ERROR 640
ERROR 642
ERROR 643
ERROR 645
ERROR 647
ERROR 648
ERROR 649
ERROR 651
ERROR 658
ERROR 659
ERROR 660
ERROR 664
ERROR 666
ERROR 667
ERROR 672
ERROR 673
ERROR 675
ERROR 677
ERROR 678
ERROR 683
ERROR 684
ERROR 686
ERROR 688
ERROR 689
ERROR 691
ERROR 700
ERROR 703
ERROR 708
ERROR 710
ERROR 712
ERROR 713
ERROR 714
ERROR 718
ERROR 719
ERROR 720
ERROR 721
ERROR 724
ERROR 726
ERROR 728
ERROR 729
ERROR 732
ERROR 734
ERROR 741
ERROR 742
ERROR 743
ERROR 744
ERROR 745
ERROR 754
ERROR 755
ERROR 762
ERROR 763
ERROR 764
ERROR 765
ERROR 766
ERROR 767
ERROR 770
ERROR 773
ERROR 774
ERROR 775
ERROR 777
ERROR 779
ERROR 781
ERROR 782
ERROR 785
ERROR 786
ERROR 787
ERROR 788
ERROR 790
ERROR 791
ERROR 793
ERROR 794
ERROR 796
ERROR 797
ERROR 799
ERROR 800
ERROR 802
ERROR 803
ERROR 806
ERROR 807
ERROR 808
ERROR 811
ERROR 814
ERROR 817
ERROR 818
ERROR 819
ERROR 820
ERROR 821
ERROR 822
ERROR 827
ERROR 830
ERROR 831
ERROR 832
ERROR 833
ERROR 834
ERROR 836
ERROR 837
ERROR 839
ERROR 840
ERROR 841
ERROR 842
ERROR 844
ERROR 846
ERROR 848
ERROR 849
ERROR 850
ERROR 851
ERROR 855
ERROR 856
ERROR 859
ERROR 860
ERROR 861
ERROR 863
ERROR 866
ERROR 867
ERROR 868
ERROR 870
ERROR 872
ERROR 875
ERROR 877
ERROR 878
ERROR 881
ERROR 882
ERROR 883
ERROR 892
ERROR 893
ERROR 896
ERROR 897
ERROR 900
ERROR 903
ERROR 904
ERROR 905
ERROR 907
ERROR 908
ERROR 910
ERROR 913
ERROR 914
ERROR 915
ERROR 916
ERROR 919
ERROR 920
ERROR 921
ERROR 924
ERROR 925
ERROR 927
ERROR 928
ERROR 933
ERROR 934
ERROR 935
ERROR 936
ERROR 937
ERROR 942
ERROR 944
ERROR 947
ERROR 948
ERROR 950
ERROR 951
ERROR 952
ERROR 954
ERROR 955
ERROR 956
ERROR 958
ERROR 960
ERROR 961
ERROR 962
ERROR 963
ERROR 964
ERROR 970
ERROR 972
ERROR 977
ERROR 978
ERROR 979
ERROR 983
ERROR 984
ERROR 985
ERROR 989
ERROR 994
ERROR 1002
ERROR 1004
ERROR 1006
ERROR 1008
ERROR 1010
ERROR 1011
ERROR 1013
ERROR 1017
ERROR 1018
ERROR 1021
ERROR 1022
ERROR 1023
ERROR 1024
ERROR 1027
ERROR 1030
ERROR 1032
ERROR 1033
ERROR 1034
ERROR 1036
ERROR 1037
ERROR 1040
ERROR 1043
ERROR 1044
ERROR 1045
ERROR 1047
ERROR 1048
ERROR 1052
ERROR 1054
ERROR 1055
ERROR 1056
ERROR 1057
ERROR 1058
ERROR 1059
ERROR 1061
ERROR 1062
ERROR 1065
ERROR 1068
ERROR 1069
ERROR 1070
ERROR 1072
ERROR 1075
ERROR 1076
ERROR 1079
ERROR 1080
ERROR 1082
ERROR 1083
ERROR 1085
ERROR 1086
ERROR 1087
ERROR 1091
ERROR 1094
ERROR 1095
ERROR 1096
ERROR 1102
ERROR 1103
ERROR 1105
ERROR 1106
ERROR 1107
ERROR 1110
ERROR 1114
ERROR 1116
ERROR 1117
ERROR 1118
ERROR 1119
ERROR 1124
ERROR 1126
ERROR 1128
ERROR 1130
ERROR 1131
ERROR 1132
ERROR 1134
ERROR 1136
ERROR 1138
ERROR 1139
ERROR 1140
ERROR 1141
ERROR 1143
ERROR 1146
ERROR 1147
ERROR 1148
ERROR 1150
ERROR 1151
ERROR 1152
ERROR 1153
ERROR 1156
ERROR 1157
ERROR 1159
ERROR 1160
ERROR 1161
ERROR 1163
ERROR 1164
ERROR 1165
ERROR 1166
ERROR 1167
ERROR 1170
ERROR 1173
ERROR 1174
ERROR 1177
ERROR 1178
ERROR 1182
ERROR 1183
ERROR 1185
ERROR 1187
ERROR 1190
ERROR 1191
ERROR 1193
ERROR 1194
ERROR 1196
ERROR 1198
ERROR 1199
ERROR 1205
ERROR 1206
ERROR 1207
ERROR 1209
ERROR 1210
ERROR 1211
ERROR 1212
ERROR 1216
ERROR 1224
ERROR 1225
ERROR 1229
ERROR 1231
ERROR 1233
ERROR 1235
ERROR 1236
ERROR 1237
ERROR 1243
ERROR 1244
ERROR 1245
ERROR 1246
ERROR 1247
ERROR 1253
ERROR 1255
ERROR 1256
ERROR 1258
ERROR 1261
ERROR 1262
ERROR 1263
ERROR 1266
ERROR 1267
ERROR 1269
ERROR 1271
ERROR 1273
ERROR 1276
ERROR 1278
ERROR 1279
ERROR 1280
ERROR 1284
ERROR 1285
ERROR 1286
ERROR 1287
ERROR 1288
ERROR 1289
ERROR 1292
ERROR 1293
ERROR 1295
ERROR 1298
ERROR 1301
ERROR 1302
ERROR 1304
ERROR 1309
ERROR 1310
ERROR 1311
ERROR 1313
ERROR 1314
ERROR 1315
ERROR 1318
ERROR 1320
ERROR 1321
ERROR 1323
ERROR 1325
ERROR 1326
ERROR 1329
ERROR 1331
ERROR 1332
ERROR 1333
ERROR 1334
ERROR 1335
ERROR 1336
ERROR 1338
ERROR 1341
ERROR 1343
ERROR 1344
ERROR 1347
ERROR 1349
ERROR 1353
ERROR 1354
ERROR 1355
ERROR 1357
ERROR 1358
ERROR 1360
ERROR 1363
ERROR 1364
ERROR 1367
ERROR 1368
ERROR 1372
ERROR 1377
ERROR 1379
ERROR 1380
ERROR 1383
ERROR 1384
ERROR 1385
ERROR 1387
ERROR 1389
ERROR 1390
ERROR 1392
ERROR 1393
ERROR 1394
ERROR 1399
ERROR 1400
ERROR 1401
ERROR 1403
ERROR 1405
ERROR 1406
ERROR 1407
ERROR 1409
ERROR 1414
ERROR 1415
ERROR 1416
ERROR 1417
ERROR 1419
ERROR 1420
ERROR 1422
ERROR 1425
ERROR 1426
ERROR 1427
ERROR 1428
ERROR 1430
ERROR 1432
ERROR 1433
ERROR 1435
ERROR 1438
ERROR 1440
ERROR 1441
ERROR 1443
ERROR 1444
ERROR 1445
ERROR 1446
ERROR 1447
ERROR 1448
ERROR 1449
ERROR 1451
ERROR 1452
ERROR 1454
ERROR 1456
ERROR 1457
ERROR 1459
ERROR 1461
ERROR 1465
ERROR 1467
ERROR 1468
ERROR 1469
ERROR 1471
ERROR 1472
ERROR 1473
ERROR 1475
ERROR 1476
ERROR 1477
ERROR 1478
ERROR 1482
ERROR 1483
ERROR 1484
ERROR 1486
ERROR 1487
ERROR 1488
ERROR 1489
ERROR 1491
ERROR 1492
ERROR 1494
ERROR 1496
ERROR 1497
ERROR 1498
ERROR 1502
ERROR 1504
ERROR 1505
ERROR 1506
ERROR 1507
ERROR 1508
ERROR 1509
ERROR 1510
ERROR 1512
ERROR 1514
ERROR 1519
ERROR 1520
ERROR 1521
ERROR 1524
ERROR 1525
ERROR 1526
ERROR 1529
ERROR 1530
ERROR 1531
ERROR 1533
ERROR 1534
ERROR 1535
ERROR 1536
ERROR 1537
ERROR 1538
ERROR 1540
ERROR 1542
ERROR 1543
ERROR 1544
ERROR 1547
ERROR 1548
ERROR 1549
ERROR 1554
ERROR 1556
ERROR 1559
ERROR 1560
ERROR 1561
ERROR 1562
ERROR 1563
ERROR 1564
ERROR 1568
ERROR 1571
ERROR 1574
ERROR 1575
ERROR 1576
ERROR 1578
ERROR 1580
ERROR 1581
ERROR 1582
ERROR 1584
ERROR 1585
ERROR 1589
ERROR 1590
ERROR 1591
ERROR 1594
ERROR 1597
ERROR 1599
ERROR 1601
ERROR 1602
ERROR 1603
ERROR 1604
ERROR 1608
ERROR 1609
ERROR 1612
ERROR 1613
ERROR 1614
ERROR 1615
ERROR 1616
ERROR 1620
ERROR 1623
ERROR 1624
ERROR 1625
ERROR 1626
ERROR 1628
ERROR 1629
ERROR 1631
ERROR 1633
ERROR 1635
ERROR 1636
ERROR 1637
ERROR 1639
ERROR 1640
ERROR 1643
ERROR 1645
ERROR 1647
ERROR 1650
ERROR 1652
ERROR 1653
ERROR 1654
ERROR 1655
ERROR 1656
ERROR 1659
ERROR 1661
ERROR 1662
ERROR 1664
ERROR 1665
ERROR 1667
ERROR 1668
ERROR 1671
ERROR 1678
ERROR 1683
ERROR 1684
ERROR 1686
ERROR 1687
ERROR 1688
ERROR 1691
ERROR 1697
ERROR 1699
ERROR 1703
ERROR 1704
ERROR 1705
ERROR 1706
ERROR 1707
ERROR 1709
ERROR 1711
ERROR 1712
ERROR 1714
ERROR 1715
ERROR 1719
ERROR 1720
ERROR 1721
ERROR 1722
ERROR 1724
ERROR 1726
ERROR 1729
ERROR 1730
ERROR 1736
ERROR 1737
ERROR 1738
ERROR 1739
ERROR 1740
ERROR 1741
ERROR 1743
ERROR 1744
ERROR 1745
ERROR 1746
ERROR 1747
ERROR 1748
ERROR 1749
ERROR 1751
ERROR 1754
ERROR 1759
ERROR 1763
ERROR 1764
ERROR 1767
ERROR 1768
ERROR 1770
ERROR 1772
ERROR 1778
ERROR 1779
ERROR 1780
ERROR 1782
ERROR 1784
ERROR 1788
ERROR 1789
ERROR 1790
