



128;city132;428;70;city85;250;109;city275;341;137;city263;112;175;city88;286;291;city159;159;146;city155;44;431;city215;144;389;city114;480;150;city112;352;224;city286;146;215;city161;348;99;city174;173;20;city64;478;499;city177;406;454;city214;69;405;city109




128;city132;428;70;city85;250;109;city275;341;137;city263;112;175;city88;286;291;city159;159;146;city155;44;431;city215;144;389;city114;480;150;city112;352;224;city286;146;215;city161;348;99;city174;173;20;city64;478;499;city177;406;454;city214;69;405;city109



152;city72;309;28;city70;220;309;city173;65;266;city251;111;314;city153;115;190;city270;477;146;city281;240;83;city65;492;257;city177;18;171;city105;27;392;city96;165;295;city90

135;city143;455;354;city293;97;42;city56;157;231;city222



165;city150;335;482;city273;452;394;city165;470;426;city94;237;273;city256;447;442;city287;83;328;city97;492;233;city296;24;252;city284;428;348;city222;440;383;city195;377;361;city176;311;19;city112;321;431;city226;236;89;city144;364;235;city155;440;56;city240;126;292;city140;352;113;city265;229;388;city175



166;city281;63;75;city236;92;266;city269;213;245;city239;374;375;city195;129;428;city232;92;281;city279;452;231;city256;302;344;city161;4;284;city287;408;118;city250;373;378;city157;276;73;city102;102;313;city185
167;city240;305;189;city98
152;city72;309;28;city70;220;309;city173;65;266;city251;111;314;city153;115;190;city270;477;146;city281;240;83;city65;492;257;city177;18;171;city105;27;392;city96;165;295;city90
159;city222;126;447;city157;434;268;city209;110;46;city184;392;135;city125;38;447;city73;65;90;city225;39;258;city224;150;44;city299;308;135;city183;83;301;city216;126;472;city206;378;85;city140;194;316;city208
150;city179;477;450;city78;38;26;city181

164;city278;9;393;city187;145;213;city271;419;439;city155




154;city204;65;128;city253;55;123;city255;437;126;city201;204;105;city283;451;190;city76;11;370;city289;284;76;city175;223;110;city62;432;352;city122;159;479;city286;104;54;city257;370;301;city231;402;102;city127;450;357;city164;407;58;city109;157;205;city118

126;city214;278;328;city95;116;199;city99;287;114;city77;144;485;city261;373;236;city284;426;112;city111;304;239;city148;226;401;city97;190;457;city54;498;264;city207;251;114;city276;67;16;city64
157;city144;445;335;city223;79;371;city154;294;412;city247;316;418;city57
140;city165;153;330;city103;121;396;city94;362;284;city120;69;410;city187;454;316;city101;41;356;city68;289;472;city192;410;341;city281;170;189;city208;10;216;city100;117;167;city85;476;197;city256;401;296;city159;73;299;city223;231;126;city183;276;283;city297
155;city176;292;474;city136;306;151;city212;479;167;city294;287;290;city161;296;480;city285;83;388;city203
167;city240;305;189;city98
146;city239;412;3;city75;427;294;city52;44;496;city171;114;313;city230;38;451;city125;19;422;city216;350;276;city250;363;272;city109;44;244;city165;221;202;city67;407;347;city258;32;457;city90;185;474;city255;128;237;city292;276;433;city57
149;city79;61;372;city143;373;43;city157;207;189;city256;278;332;city196;85;470;city74
126;city214;278;328;city95;116;199;city99;287;114;city77;144;485;city261;373;236;city284;426;112;city111;304;239;city148;226;401;city97;190;457;city54;498;264;city207;251;114;city276;67;16;city64
134;city297;344;342;city85;494;288;city180;142;302;city288;140;64;city243;438;115;city88;208;98;city158;493;184;city287;314;331;city277;245;216;city74;15;397;city181;74;260;city103;466;360;city234;31;227;city290;347;417;city187
151;city90;431;492;city261;28;14;city146;156;77;city67;39;292;city208;318;373;city89;277;248;city50;368;61;city189;2;153;city224;378;253;city148;101;11;city181;461;282;city139



156;city159;439;191;city290;498;194;city163;361;272;city215;200;459;city109;135;468;city83;196;392;city218;392;192;city74
160;city276;90;112;city98;433;388;city74;293;218;city187;244;347;city292;351;91;city119;172;450;city127;280;345;city274;34;92;city107;139;376;city141;146;204;city162;363;437;city164


150;city179;477;450;city78;38;26;city181
150;city179;477;450;city78;38;26;city181

166;city281;63;75;city236;92;266;city269;213;245;city239;374;375;city195;129;428;city232;92;281;city279;452;231;city256;302;344;city161;4;284;city287;408;118;city250;373;378;city157;276;73;city102;102;313;city185
157;city144;445;335;city223;79;371;city154;294;412;city247;316;418;city57


165;city150;335;482;city273;452;394;city165;470;426;city94;237;273;city256;447;442;city287;83;328;city97;492;233;city296;24;252;city284;428;348;city222;440;383;city195;377;361;city176;311;19;city112;321;431;city226;236;89;city144;364;235;city155;440;56;city240;126;292;city140;352;113;city265;229;388;city175

160;city276;90;112;city98;433;388;city74;293;218;city187;244;347;city292;351;91;city119;172;450;city127;280;345;city274;34;92;city107;139;376;city141;146;204;city162;363;437;city164
155;city176;292;474;city136;306;151;city212;479;167;city294;287;290;city161;296;480;city285;83;388;city203


172;city276;141;105;city75;492;228;city71;362;275;city161;52;310;city170;262;493;city207;402;55;city179;75;267;city204;473;261;city57;72;408;city101;22;63;city165;288;389;city188;278;153;city123;448;66;city244;93;208;city275;254;248;city104;97;496;city282;95;118;city58;90;221;city83
165;city150;335;482;city273;452;394;city165;470;426;city94;237;273;city256;447;442;city287;83;328;city97;492;233;city296;24;252;city284;428;348;city222;440;383;city195;377;361;city176;311;19;city112;321;431;city226;236;89;city144;364;235;city155;440;56;city240;126;292;city140;352;113;city265;229;388;city175
156;city159;439;191;city290;498;194;city163;361;272;city215;200;459;city109;135;468;city83;196;392;city218;392;192;city74
153;city145;236;355;city64;492;197;city141;361;99;city151;192;213;city209;284;141;city179;133;367;city244;49;471;city51
163;city185;40;246;city136;401;143;city264;61;331;city163;160;65;city232;450;465;city153;347;317;city198;66;28;city69;68;424;city75;133;132;city125;260;113;city191;328;148;city215;34;6;city127;116;278;city225;339;125;city72;499;340;city140;479;238;city132;474;112;city74
161;city297;69;10;city151;307;268;city163;24;176;city79;260;27;city237;101;74;city269;40;235;city152
165;city150;335;482;city273;452;394;city165;470;426;city94;237;273;city256;447;442;city287;83;328;city97;492;233;city296;24;252;city284;428;348;city222;440;383;city195;377;361;city176;311;19;city112;321;431;city226;236;89;city144;364;235;city155;440;56;city240;126;292;city140;352;113;city265;229;388;city175

164;city278;9;393;city187;145;213;city271;419;439;city155

161;city297;69;10;city151;307;268;city163;24;176;city79;260;27;city237;101;74;city269;40;235;city152
138;city143;150;267;city118;231;123;city283;13;131;city265;115;432;city201
142;city116;454;22;city73;264;408;city118;385;451;city263;423;302;city260;283;454;city51;371;329;city250;494;57;city85;378;485;city277;136;464;city194;178;414;city248;63;165;city290;196;167;city197
140;city165;153;330;city103;121;396;city94;362;284;city120;69;410;city187;454;316;city101;41;356;city68;289;472;city192;410;341;city281;170;189;city208;10;216;city100;117;167;city85;476;197;city256;401;296;city159;73;299;city223;231;126;city183;276;283;city297
160;city276;90;112;city98;433;388;city74;293;218;city187;244;347;city292;351;91;city119;172;450;city127;280;345;city274;34;92;city107;139;376;city141;146;204;city162;363;437;city164

159;city222;126;447;city157;434;268;city209;110;46;city184;392;135;city125;38;447;city73;65;90;city225;39;258;city224;150;44;city299;308;135;city183;83;301;city216;126;472;city206;378;85;city140;194;316;city208
138;city143;150;267;city118;231;123;city283;13;131;city265;115;432;city201
129;city255;436;463;city148;247;420;city131;331;304;city157;190;395;city269;190;317;city268;139;49;city169;180;221;city253;461;406;city210;128;177;city156;457;162;city107;376;176;city82
140;city165;153;330;city103;121;396;city94;362;284;city120;69;410;city187;454;316;city101;41;356;city68;289;472;city192;410;341;city281;170;189;city208;10;216;city100;117;167;city85;476;197;city256;401;296;city159;73;299;city223;231;126;city183;276;283;city297
138;city143;150;267;city118;231;123;city283;13;131;city265;115;432;city201
157;city144;445;335;city223;79;371;city154;294;412;city247;316;418;city57
160;city276;90;112;city98;433;388;city74;293;218;city187;244;347;city292;351;91;city119;172;450;city127;280;345;city274;34;92;city107;139;376;city141;146;204;city162;363;437;city164

144;city161;341;45;city164;493;66;city176;68;188;city211;200;267;city147
157;city144;445;335;city223;79;371;city154;294;412;city247;316;418;city57

147;city261;240;483;city279;305;319;city93;293;288;city117;330;303;city276;320;75;city213;157;3;city224;419;473;city140;7;343;city76;327;415;city141;401;152;city264;18;144;city294;378;418;city221;131;351;city123;312;7;city135
152;city72;309;28;city70;220;309;city173;65;266;city251;111;314;city153;115;190;city270;477;146;city281;240;83;city65;492;257;city177;18;171;city105;27;392;city96;165;295;city90
167;city240;305;189;city98
151;city90;431;492;city261;28;14;city146;156;77;city67;39;292;city208;318;373;city89;277;248;city50;368;61;city189;2;153;city224;378;253;city148;101;11;city181;461;282;city139


134;city297;344;342;city85;494;288;city180;142;302;city288;140;64;city243;438;115;city88;208;98;city158;493;184;city287;314;331;city277;245;216;city74;15;397;city181;74;260;city103;466;360;city234;31;227;city290;347;417;city187
172;city276;141;105;city75;492;228;city71;362;275;city161;52;310;city170;262;493;city207;402;55;city179;75;267;city204;473;261;city57;72;408;city101;22;63;city165;288;389;city188;278;153;city123;448;66;city244;93;208;city275;254;248;city104;97;496;city282;95;118;city58;90;221;city83
151;city90;431;492;city261;28;14;city146;156;77;city67;39;292;city208;318;373;city89;277;248;city50;368;61;city189;2;153;city224;378;253;city148;101;11;city181;461;282;city139
147;city261;240;483;city279;305;319;city93;293;288;city117;330;303;city276;320;75;city213;157;3;city224;419;473;city140;7;343;city76;327;415;city141;401;152;city264;18;144;city294;378;418;city221;131;351;city123;312;7;city135
134;city297;344;342;city85;494;288;city180;142;302;city288;140;64;city243;438;115;city88;208;98;city158;493;184;city287;314;331;city277;245;216;city74;15;397;city181;74;260;city103;466;360;city234;31;227;city290;347;417;city187
170;city228;134;54;city119;319;76;city270;51;6;city169;274;165;city168;271;122;city243;61;399;city214
142;city116;454;22;city73;264;408;city118;385;451;city263;423;302;city260;283;454;city51;371;329;city250;494;57;city85;378;1508;city277;136;464;city194;178;414;city248;63;165;city290;196;167;city197

155;city176;292;474;city136;306;151;city212;479;167;city294;287;290;city161;296;480;city285;83;388;city203
127;city201;248;358;city235;454;122;city90;339;142;city86;101;282;city166

135;city143;455;354;city293;97;42;city56;157;231;city222
149;city79;61;372;city143;373;43;city157;207;189;city256;278;332;city196;85;470;city74
140;city165;153;330;city103;121;396;city94;362;284;city120;69;410;city187;454;316;city101;41;356;city68;289;472;city192;410;341;city281;170;189;city208;10;216;city100;117;167;city85;476;197;city256;401;296;city159;73;299;city223;231;126;city183;276;283;city297
173;city287;68;290;city255;7;46;city57;412;178;city118;376;183;city52;136;319;city230;184;152;city93;131;227;city288;330;403;city179;304;51;city257;382;47;city164;467;275;city208;190;168;city226;86;188;city253;192;362;city83;397;163;city283;140;396;city110;412;434;city104
153;city145;236;355;city64;492;197;city141;361;99;city151;192;213;city209;284;141;city179;133;367;city244;49;471;city51
155;city176;292;474;city136;306;151;city212;479;167;city294;287;290;city161;296;480;city285;83;388;city203
147;city261;240;483;city279;305;319;city93;293;288;city117;330;303;city276;320;75;city213;157;3;city224;419;473;city140;7;343;city76;327;415;city141;401;152;city264;18;144;city294;378;418;city221;131;351;city123;312;7;city135
165;city150;335;482;city273;452;394;city165;470;426;city94;237;273;city256;447;442;city287;83;328;city97;492;233;city296;24;252;city284;428;348;city222;440;383;city195;377;361;city176;311;19;city112;321;431;city226;236;89;city144;364;235;city155;440;56;city240;126;292;city140;352;113;city265;229;388;city175
128;city132;428;70;city85;250;109;city275;341;137;city263;112;175;city88;286;291;city159;159;146;city155;44;431;city215;144;389;city114;480;150;city112;352;224;city286;146;215;city161;348;99;city174;173;20;city64;478;499;city177;406;454;city214;69;405;city109
135;city143;455;354;city293;97;42;city56;157;231;city222
171;city289;300;377;city98;498;75;city139;397;104;city293;20;184;city216;42;493;city222;299;410;city52;110;9;city125;180;474;city53;491;209;city186;277;68;city196;116;306;city77;33;220;city64
173;city287;68;290;city255;7;46;city57;412;178;city118;376;183;city52;136;319;city230;184;152;city93;131;227;city288;330;403;city179;304;51;city257;382;47;city164;467;275;city208;190;168;city226;86;188;city253;192;362;city83;397;163;city283;140;396;city110;412;434;city104
164;city278;9;393;city187;145;213;city271;419;439;city155
159;city222;126;447;city157;434;268;city209;110;46;city184;392;135;city125;38;447;city73;65;90;city225;39;258;city224;150;44;city299;308;135;city183;83;301;city216;126;472;city206;378;85;city140;194;316;city208

173;city287;68;290;city255;7;46;city57;412;178;city118;376;183;city52;136;319;city230;184;152;city93;131;227;city288;330;403;city179;304;51;city257;382;47;city164;467;275;city208;190;168;city226;86;188;city253;192;362;city83;397;163;city283;140;396;city110;412;434;city104
154;city204;65;128;city253;55;123;city255;437;126;city201;204;105;city283;451;190;city76;11;370;city289;284;76;city175;223;110;city62;432;352;city122;159;479;city286;104;54;city257;370;301;city231;402;102;city127;450;357;city164;407;58;city109;157;205;city118
134;city297;344;342;city85;494;288;city180;142;302;city288;140;64;city243;438;115;city88;208;98;city158;493;184;city287;314;331;city277;245;216;city74;15;397;city181;74;260;city103;466;360;city234;31;227;city290;347;417;city187
172;city276;141;105;city75;492;228;city71;362;275;city161;52;310;city170;262;493;city207;402;55;city179;75;267;city204;473;261;city57;72;408;city101;22;63;city165;288;389;city188;278;153;city123;448;66;city244;93;208;city275;254;248;city104;97;496;city282;95;118;city58;90;221;city83
173;city287;68;290;city255;7;46;city57;412;178;city118;376;183;city52;136;319;city230;184;152;city93;131;227;city288;330;403;city179;304;51;city257;382;47;city164;467;275;city208;190;168;city226;86;188;city253;192;362;city83;397;163;city283;140;396;city110;412;434;city104
169;city280;474;337;city292;381;162;city238;408;73;city263;444;178;city51;94;253;city155;41;8;city134;175;31;city60;211;57;city247;348;8778;city237;451;78;city144;98;177;city102;305;46;city260;147;153;city181;451;275;city290;91;449;city128
152;city72;309;28;city70;220;309;city173;65;266;city251;111;314;city153;115;190;city270;477;146;city281;240;83;city65;492;257;city177;18;171;city105;27;392;city96;165;295;city90
130;city236;167;385;city271;69;218;city177;41;286;city227;127;45;city112;307;459;city267;494;66;city273;443;260;city115;34;491;city134;238;256;city159;110;329;city185;238;253;city257;355;485;city161;349;296;city85;180;184;city70;284;407;city266;141;272;city222;22;197;city274;400;370;city224;62;283;city202

128;city132;428;70;city85;250;109;city275;341;137;city263;112;175;city88;286;291;city159;159;146;city155;44;431;city215;144;389;city114;480;150;city112;352;224;city286;146;215;city161;348;99;city174;173;20;city64;478;499;city177;406;454;city214;69;405;city109
165;city150;335;482;city273;452;394;city165;470;426;city94;237;273;city256;447;442;city287;83;328;city97;492;233;city296;24;252;city284;428;348;city222;440;383;city195;377;361;city176;311;19;city112;321;431;city226;236;89;city144;364;235;city155;440;56;city240;126;292;city140;352;113;city265;229;388;city175
127;city201;248;358;city235;454;122;city90;339;142;city86;101;282;city166
155;city176;292;474;city136;306;151;city212;479;167;city294;287;290;city161;296;480;city285;83;388;city203

171;city289;300;377;city98;498;75;city139;397;104;city293;20;184;city216;42;493;city222;299;410;city52;110;9;city125;180;474;city53;491;209;city186;277;68;city196;116;306;city77;33;220;city64
142;city116;454;22;city73;264;408;city118;385;451;city263;423;302;city260;283;454;city51;371;329;city250;494;57;city85;378;1508;city277;136;464;city194;178;414;city248;63;165;city290;196;167;city197
163;city185;40;246;city136;401;143;city264;61;331;city163;160;65;city232;450;465;city153;347;317;city198;66;28;city69;68;424;city75;133;132;city125;260;113;city191;328;148;city215;34;6;city127;116;278;city225;339;125;city72;499;340;city140;479;238;city132;474;112;city74

151;city90;431;492;city261;28;14;city146;156;77;city67;39;292;city208;318;373;city89;277;248;city50;368;61;city189;2;153;city224;378;253;city148;101;11;city181;461;282;city139
164;city278;9;393;city187;145;213;city271;419;439;city155
173;city287;68;290;city255;7;46;city57;412;178;city118;376;183;city52;136;319;city230;184;152;city93;131;227;city288;330;403;city179;304;51;city257;382;47;city164;467;275;city208;190;168;city226;86;188;city253;192;362;city83;397;163;city283;140;396;city110;412;434;city104
156;city159;439;191;city290;498;194;city163;361;272;city215;200;459;city109;135;468;city83;196;392;city218;392;192;city74

147;city261;240;483;city279;305;319;city93;293;288;city117;330;303;city276;320;75;city213;157;3;city224;419;473;city140;7;343;city76;327;415;city141;401;152;city264;18;144;city294;378;418;city221;131;351;city123;312;7;city135


146;city239;412;3;city75;427;294;city52;44;496;city171;114;313;city230;38;451;city125;19;422;city216;350;276;city250;363;272;city109;44;244;city165;221;202;city67;407;347;city258;32;457;city90;185;474;city255;128;237;city292;276;433;city57
172;city276;141;105;city75;492;228;city71;362;275;city161;52;310;city170;262;493;city207;402;55;city179;75;267;city204;473;261;city57;72;408;city101;22;63;city165;288;389;city188;278;153;city123;448;66;city244;93;208;city275;254;248;city104;97;496;city282;95;118;city58;90;221;city83
139;city60;2;190;city155;376;121;city287;365;50;city254;382;89;city110;298;191;city286;120;210;city210;211;415;city288;153;296;city105;97;11;city186
162;city54;314;354;city244;61;311;city50
139;city60;2;190;city155;376;121;city287;365;50;city254;382;89;city110;298;191;city286;120;210;city210;211;415;city288;153;296;city105;97;11;city186

169;city280;474;337;city292;381;162;city238;408;73;city263;444;178;city51;94;253;city155;41;8;city134;175;31;city60;211;57;city247;348;8778;city237;451;78;city144;98;177;city102;305;46;city260;147;153;city181;451;275;city290;91;449;city128
173;city287;68;290;city255;7;46;city57;412;178;city118;376;183;city52;136;319;city230;184;152;city93;131;227;city288;330;403;city179;304;51;city257;382;47;city164;467;275;city208;190;168;city226;86;188;city253;192;362;city83;397;163;city283;140;396;city110;412;434;city104
134;city297;344;342;city85;494;288;city180;142;302;city288;140;64;city243;438;115;city88;208;98;city158;493;184;city287;314;331;city277;245;216;city74;15;397;city181;74;260;city103;466;360;city234;31;227;city290;347;417;city187
171;city289;300;377;city98;498;75;city139;397;104;city293;20;184;city216;42;493;city222;299;410;city52;110;9;city125;180;474;city53;491;209;city186;277;68;city196;116;306;city77;33;220;city64
163;city185;40;246;city136;401;143;city264;61;331;city163;160;65;city232;450;465;city153;347;317;city198;66;28;city69;68;424;city75;133;132;city125;260;113;city191;328;148;city215;34;6;city127;116;278;city225;339;125;city72;499;340;city140;479;238;city132;474;112;city74
129;city255;436;463;city148;247;420;city131;331;304;city157;190;395;city269;190;317;city268;139;49;city169;180;221;city253;461;406;city210;128;177;city156;457;162;city107;376;176;city82
166;city281;63;75;city236;92;266;city269;213;245;city239;374;375;city195;129;428;city232;92;281;city279;452;231;city256;302;344;city161;4;284;city287;408;118;city250;373;378;city157;276;73;city102;102;313;city185
161;city297;69;10;city151;307;268;city163;24;176;city79;260;27;city237;101;74;city269;40;235;city152
163;city185;40;246;city136;401;143;city264;61;331;city163;160;65;city232;450;465;city153;347;317;city198;66;28;city69;68;424;city75;133;132;city125;260;113;city191;328;148;city215;34;6;city127;116;278;city225;339;125;city72;499;340;city140;479;238;city132;474;112;city74
155;city176;292;474;city136;306;151;city212;479;167;city294;287;290;city161;296;480;city285;83;388;city203
152;city72;309;28;city70;220;309;city173;65;266;city251;111;314;city153;115;190;city270;477;146;city281;240;83;city65;492;257;city177;18;171;city105;27;392;city96;165;295;city90
170;city228;134;54;city119;319;76;city270;51;6;city169;274;165;city168;271;122;city243;61;399;city214
136;city114;295;340;city153;122;494;city76;219;462;city67;352;379;city205;305;267;city214;295;179;city182;382;200;city215;274;138;city224;470;89;city169;37;243;city278;114;438;city260;319;168;city149;174;326;city213;38;488;city269;455;393;city145
151;city90;431;492;city261;28;14;city146;156;77;city67;39;292;city208;318;373;city89;277;248;city50;368;61;city189;2;153;city224;378;253;city148;101;11;city181;461;282;city139
135;city143;455;354;city293;97;42;city56;157;231;city222
154;city204;65;128;city253;55;123;city255;437;126;city201;204;105;city283;451;190;city76;11;370;city289;284;76;city175;223;110;city62;432;352;city122;159;479;city286;104;54;city257;370;301;city231;402;102;city127;450;357;city164;407;58;city109;157;205;city118
159;city222;126;447;city157;434;268;city209;110;46;city184;392;135;city125;38;447;city73;65;90;city225;39;258;city224;150;44;city299;308;135;city183;83;301;city216;126;472;city206;378;85;city140;194;316;city208
163;city185;40;246;city136;401;143;city264;61;331;city163;160;65;city232;450;465;city153;347;317;city198;66;28;city69;68;424;city75;133;132;city125;260;113;city191;328;148;city215;34;6;city127;116;278;city225;339;125;city72;499;340;city140;479;238;city132;474;112;city74
125;city64;116;292;city254;44;461;city93;50;419;city76;495;53;city203
173;city287;68;290;city255;7;46;city57;412;178;city118;376;183;city52;136;319;city230;184;152;city93;131;227;city288;330;403;city179;304;51;city257;382;47;city164;467;275;city208;190;168;city226;86;188;city253;192;362;city83;397;163;city283;140;396;city110;412;434;city104
131;city68;41;376;city179;192;92;city67;456;342;city160;284;182;city288;483;472;city116;284;370;city138;131;441;city80;208;440;city155;418;458;city69;494;91;city187;486;408;city99
128;city132;428;70;city85;250;109;city275;341;137;city263;112;175;city88;286;291;city159;159;146;city155;44;431;city215;144;389;city114;480;150;city112;352;224;city286;146;215;city161;348;99;city174;173;20;city64;478;499;city177;406;454;city214;69;405;city109
174;city256;53;194;city80;500;170;city54;389;144;city156;232;240;city101;28;175;city203;36;215;city215;104;168;city98;261;372;city212;30;166;city297;373;128;city83;2;46;city51;235;403;city249
130;city236;167;385;city271;69;218;city177;41;286;city227;127;45;city112;307;459;city267;494;66;city273;443;260;city115;34;491;city134;238;256;city159;110;329;city185;238;253;city257;355;485;city161;349;296;city85;180;184;city70;284;407;city266;141;272;city222;22;197;city274;400;370;city224;62;283;city202
140;city165;153;330;city103;121;396;city94;362;284;city120;69;410;city187;454;316;city101;41;356;city68;289;472;city192;410;341;city281;170;189;city208;10;216;city100;117;167;city85;476;197;city256;401;296;city159;73;299;city223;231;126;city183;276;283;city297
155;city176;292;474;city136;306;151;city212;479;167;city294;287;290;city161;296;480;city285;83;388;city203
172;city276;141;105;city75;492;228;city71;362;275;city161;52;310;city170;262;493;city207;402;55;city179;75;267;city204;473;261;city57;72;408;city101;22;63;city165;288;389;city188;278;153;city123;448;66;city244;93;208;city275;254;248;city104;97;496;city282;95;118;city58;90;221;city83

143;city91;290;345;city281;214;309;city120;22;77;city184;6;68;city270
149;city79;61;372;city143;373;43;city157;207;189;city256;278;332;city196;85;470;city74
130;city236;167;385;city271;69;218;city177;41;286;city227;127;45;city112;307;459;city267;494;66;city273;443;260;city115;34;491;city134;238;256;city159;110;329;city185;238;253;city257;355;485;city161;349;296;city85;180;184;city70;284;407;city266;141;272;city222;22;197;city274;400;370;city224;62;283;city202
154;city204;65;128;city253;55;123;city255;437;126;city201;204;105;city283;451;190;city76;11;370;city289;284;76;city175;223;110;city62;432;352;city122;159;479;city286;104;54;city257;370;301;city231;402;102;city127;450;357;city164;407;58;city109;157;205;city118
141;city79;122;399;city127
174;city256;53;194;city80;500;170;city54;389;144;city156;232;240;city101;28;175;city203;36;215;city215;104;168;city98;261;372;city212;30;166;city297;373;128;city83;2;46;city51;235;403;city249
144;city161;341;45;city164;493;66;city176;68;188;city211;200;267;city147
130;city236;167;385;city271;69;218;city177;41;286;city227;127;45;city112;307;459;city267;494;66;city273;443;260;city115;34;491;city134;238;256;city159;110;329;city185;238;253;city257;355;485;city161;349;296;city85;180;184;city70;284;407;city266;141;272;city222;22;197;city274;400;370;city224;62;283;city202

129;city255;436;463;city148;247;420;city131;331;304;city157;190;395;city269;190;317;city268;139;49;city169;180;221;city253;461;406;city210;128;177;city156;457;162;city107;376;176;city82
150;city179;477;450;city78;38;26;city181
156;city159;439;191;city290;498;194;city163;361;272;city215;200;459;city109;135;468;city83;196;392;city218;392;192;city74
159;city222;126;447;city157;434;268;city209;110;46;city184;392;135;city125;38;447;city73;65;90;city225;39;258;city224;150;44;city299;308;135;city183;83;301;city216;126;472;city206;378;85;city140;194;316;city208
130;city236;167;385;city271;69;218;city177;41;286;city227;127;45;city112;307;459;city267;494;66;city273;443;260;city115;34;491;city134;238;256;city159;110;329;city185;238;253;city257;355;485;city161;349;296;city85;180;184;city70;284;407;city266;141;272;city222;22;197;city274;400;370;city224;62;283;city202
147;city261;240;483;city279;305;319;city93;293;288;city117;330;303;city276;320;75;city213;157;3;city224;419;473;city140;7;343;city76;327;415;city141;401;152;city264;18;144;city294;378;418;city221;131;351;city123;312;7;city135
154;city204;65;128;city253;55;123;city255;437;126;city201;204;105;city283;451;190;city76;11;370;city289;284;76;city175;223;110;city62;432;352;city122;159;479;city286;104;54;city257;370;301;city231;402;102;city127;450;357;city164;407;58;city109;157;205;city118
125;city64;116;292;city254;44;461;city93;50;419;city76;495;53;city203
125;city64;116;292;city254;44;461;city93;50;419;city76;495;53;city203
152;city72;309;28;city70;220;309;city173;65;266;city251;111;314;city153;115;190;city270;477;146;city281;240;83;city65;492;257;city177;18;171;city105;27;392;city96;165;295;city90
147;city261;240;483;city279;305;319;city93;293;288;city117;330;303;city276;320;75;city213;157;3;city224;419;473;city140;7;343;city76;327;415;city141;401;152;city264;18;144;city294;378;418;city221;131;351;city123;312;7;city135
136;city114;295;340;city153;122;494;city76;219;462;city67;352;379;city205;305;267;city214;295;179;city182;382;200;city215;274;138;city224;470;89;city169;37;243;city278;114;438;city260;319;168;city149;174;326;city213;38;488;city269;455;393;city145
138;city143;150;267;city118;231;123;city283;13;131;city265;115;432;city201
172;city276;141;105;city75;492;228;city71;362;275;city161;52;310;city170;262;493;city207;402;55;city179;75;267;city204;473;261;city57;72;408;city101;22;63;city165;288;389;city188;278;153;city123;448;66;city244;93;208;city275;254;248;city104;97;496;city282;95;118;city58;90;221;city83
146;city239;412;3;city75;427;294;city52;44;496;city171;114;313;city230;38;451;city125;19;422;city216;350;276;city250;363;272;city109;44;244;city165;221;202;city67;407;347;city258;32;457;city90;185;474;city255;128;237;city292;276;433;city57
139;city60;2;190;city155;376;121;city287;365;50;city254;382;89;city110;298;191;city286;120;210;city210;211;415;city288;153;296;city105;97;11;city186
171;city289;300;377;city98;498;75;city139;397;104;city293;20;184;city216;42;493;city222;299;410;city52;110;9;city125;180;474;city53;491;209;city186;277;68;city196;116;306;city77;33;220;city64
157;city144;445;335;city223;79;371;city154;294;412;city247;316;418;city57
152;city72;309;28;city70;220;309;city173;65;266;city251;111;314;city153;115;190;city270;477;146;city281;240;83;city65;492;257;city177;18;171;city105;27;392;city96;165;295;city90
162;city54;314;354;city244;61;311;city50
152;city72;309;28;city70;220;309;city173;65;266;city251;111;314;city153;115;190;city270;477;146;city281;240;83;city65;492;257;city177;18;171;city105;27;392;city96;165;295;city90
164;city278;9;393;city187;145;213;city271;419;439;city155
142;city116;454;22;city73;264;408;city118;385;451;city263;423;302;city260;283;454;city51;371;329;city250;494;57;city85;378;1508;city277;136;464;city194;178;414;city248;63;165;city290;196;167;city197
159;city222;126;447;city157;434;268;city209;110;46;city184;392;135;city125;38;447;city73;65;90;city225;39;258;city224;150;44;city299;308;135;city183;83;301;city216;126;472;city206;378;85;city140;194;316;city208
126;city214;278;328;city95;116;199;city99;287;114;city77;144;485;city261;373;236;city284;426;112;city111;304;239;city148;226;401;city97;190;457;city54;498;264;city207;251;114;city276;67;16;city64
125;city64;116;292;city254;44;461;city93;50;419;city76;495;53;city203
145;city146;17;370;city265;95;108;city155;153;264;city167;369;386;city220;260;350;city261;346;310;city208;74;329;city173;10;13;city188;397;438;city281;360;192;city68;340;337;city199;85;74;city201;432;323;city195;448;295;city209;328;95;city182;461;270;city59;125;68;city152;143;36;city64;253;175;city179
137;city209;302;301;city80;370;189;city238;300;301;city116;15;94;city175;240;287;city174
160;city276;90;112;city98;433;388;city74;293;218;city187;244;347;city292;351;91;city119;172;450;city127;280;345;city274;34;92;city107;139;376;city141;146;204;city162;363;437;city164
157;city144;445;335;city223;79;371;city154;294;412;city247;316;418;city57
164;city278;9;393;city187;145;213;city271;419;439;city155
167;city240;305;189;city98
141;city79;122;399;city127
161;city297;69;10;city151;307;268;city163;24;176;city79;260;27;city237;101;74;city269;40;235;city152
161;city297;69;10;city151;307;268;city163;24;176;city79;260;27;city237;101;74;city269;40;235;city152
136;city114;295;340;city153;122;494;city76;219;462;city67;352;379;city205;305;267;city214;295;179;city182;382;200;city215;274;138;city224;470;89;city169;37;243;city278;114;438;city260;319;168;city149;174;326;city213;38;488;city269;455;393;city145
129;city255;436;463;city148;247;420;city131;331;304;city157;190;395;city269;190;317;city268;139;49;city169;180;221;city253;461;406;city210;128;177;city156;457;162;city107;376;176;city82
147;city261;240;483;city279;305;319;city93;293;288;city117;330;303;city276;320;75;city213;157;3;city224;419;473;city140;7;343;city76;327;415;city141;401;152;city264;18;144;city294;378;418;city221;131;351;city123;312;7;city135
127;city201;248;358;city235;454;122;city90;339;142;city86;101;282;city166
155;city176;292;474;city136;306;151;city212;479;167;city294;287;290;city161;296;480;city285;83;388;city203
166;city281;63;75;city236;92;266;city269;213;245;city239;374;375;city195;129;428;city232;92;281;city279;452;231;city256;302;344;city161;4;284;city287;408;118;city250;373;378;city157;276;73;city102;102;313;city185
157;city144;445;335;city223;79;371;city154;294;412;city247;316;418;city57
168;city147;315;439;city295;264;210;city200;140;93;city277;111;78;city141;179;313;city170;311;439;city126;349;447;city225;33;416;city227;495;266;city154;66;353;city55;87;211;city101;182;15;city292;236;266;city259;456;257;city181;74;10;city122;266;255;city216;435;117;city286;354;25;city62
148;city138;252;66;city146
146;city239;412;3;city75;427;294;city52;44;496;city171;114;313;city230;38;451;city125;19;422;city216;350;276;city250;363;272;city109;44;244;city165;221;202;city67;407;347;city258;32;457;city90;185;474;city255;128;237;city292;276;433;city57
142;city116;454;22;city73;264;408;city118;385;451;city263;423;302;city260;283;454;city51;371;329;city250;494;57;city85;378;1508;city277;136;464;city194;178;414;city248;63;165;city290;196;167;city197
172;city276;141;105;city75;492;228;city71;362;275;city161;52;310;city170;262;493;city207;402;55;city179;75;267;city204;473;261;city57;72;408;city101;22;63;city165;288;389;city188;278;153;city123;448;66;city244;93;208;city275;254;248;city104;97;496;city282;95;118;city58;90;221;city83
149;city79;61;372;city143;373;43;city157;207;189;city256;278;332;city196;85;470;city74
161;city297;69;10;city151;307;268;city163;24;176;city79;260;27;city237;101;74;city269;40;235;city152
135;city143;455;354;city293;97;42;city56;157;231;city222
155;city176;292;474;city136;306;151;city212;479;167;city294;287;290;city161;296;480;city285;83;388;city203
140;city165;153;330;city103;121;396;city94;362;284;city120;69;410;city187;454;316;city101;41;356;city68;289;472;city192;410;341;city281;170;189;city208;10;216;city100;117;167;city85;476;197;city256;401;296;city159;73;299;city223;231;126;city183;276;283;city297
138;city143;150;267;city118;231;123;city283;13;131;city265;115;432;city201
161;city297;69;10;city151;307;268;city163;24;176;city79;260;27;city237;101;74;city269;40;235;city152
171;city289;300;377;city98;498;75;city139;397;104;city293;20;184;city216;42;493;city222;299;410;city52;110;9;city125;180;474;city53;491;209;city186;277;68;city196;116;306;city77;33;220;city64
129;city255;436;463;city148;247;420;city131;331;304;city157;190;395;city269;190;317;city268;139;49;city169;180;221;city253;461;406;city210;128;177;city156;457;162;city107;376;176;city82
132;city246;318;36;city283;393;53;city232;239;166;city234;203;436;city244;232;441;city222;424;311;city276;26;478;city253;286;124;city203;440;138;city60
163;city185;40;246;city136;401;143;city264;61;331;city163;160;65;city232;450;465;city153;347;317;city198;66;28;city69;68;424;city75;133;132;city125;260;113;city191;328;148;city215;34;6;city127;116;278;city225;339;125;city72;499;340;city140;479;238;city132;474;112;city74
142;city116;454;22;city73;264;408;city118;385;451;city263;423;302;city260;283;454;city51;371;329;city250;494;57;city85;378;1508;city277;136;464;city194;178;414;city248;63;165;city290;196;167;city197
136;city114;295;340;city153;122;494;city76;219;462;city67;352;379;city205;305;267;city214;295;179;city182;382;200;city215;274;138;city224;470;89;city169;37;243;city278;114;438;city260;319;168;city149;174;326;city213;38;488;city269;455;393;city145
138;city143;150;267;city118;231;123;city283;13;131;city265;115;432;city201
160;city276;90;112;city98;433;388;city74;293;218;city187;244;347;city292;351;91;city119;172;450;city127;280;345;city274;34;92;city107;139;376;city141;146;204;city162;363;437;city164
148;city138;252;66;city146
155;city176;292;474;city136;306;151;city212;479;167;city294;287;290;city161;296;480;city285;83;388;city203
166;city281;63;75;city236;92;266;city269;213;245;city239;374;375;city195;129;428;city232;92;281;city279;452;231;city256;302;344;city161;4;284;city287;408;118;city250;373;378;city157;276;73;city102;102;313;city185
140;city165;153;330;city103;121;396;city94;362;284;city120;69;410;city187;454;316;city101;41;356;city68;289;472;city192;410;341;city281;170;189;city208;10;216;city100;117;167;city85;476;197;city256;401;296;city159;73;299;city223;231;126;city183;276;283;city297
136;city114;295;340;city153;122;494;city76;219;462;city67;352;379;city205;305;267;city214;295;179;city182;382;200;city215;274;138;city224;470;89;city169;37;243;city278;114;438;city260;319;168;city149;174;326;city213;38;488;city269;455;393;city145
173;city287;68;290;city255;7;46;city57;412;178;city118;376;183;city52;136;319;city230;184;152;city93;131;227;city288;330;403;city179;304;51;city257;382;47;city164;467;275;city208;190;168;city226;86;188;city253;192;362;city83;397;163;city283;140;396;city110;412;434;city104
151;city90;431;492;city261;28;14;city146;156;77;city67;39;292;city208;318;373;city89;277;248;city50;368;61;city189;2;153;city224;378;253;city148;101;11;city181;461;282;city139
130;city236;167;385;city271;69;218;city177;41;286;city227;127;45;city112;307;459;city267;494;66;city273;443;260;city115;34;491;city134;238;256;city159;110;329;city185;238;253;city257;355;485;city161;349;296;city85;180;184;city70;284;407;city266;141;272;city222;22;197;city274;400;370;city224;62;283;city202
172;city276;141;105;city75;492;228;city71;362;275;city161;52;310;city170;262;493;city207;402;55;city179;75;267;city204;473;261;city57;72;408;city101;22;63;city165;288;389;city188;278;153;city123;448;66;city244;93;208;city275;254;248;city104;97;496;city282;95;118;city58;90;221;city83
153;city145;236;355;city64;492;197;city141;361;99;city151;192;213;city209;284;141;city179;133;367;city244;49;471;city51
128;city132;428;70;city85;250;109;city275;341;137;city263;112;175;city88;286;291;city159;159;146;city155;44;431;city215;144;389;city114;480;150;city112;352;224;city286;146;215;city161;348;99;city174;173;20;city64;478;499;city177;406;454;city214;69;405;city109
146;city239;412;3;city75;427;294;city52;44;496;city171;114;313;city230;38;451;city125;19;422;city216;350;276;city250;363;272;city109;44;244;city165;221;202;city67;407;347;city258;32;457;city90;185;474;city255;128;237;city292;276;433;city57
150;city179;477;450;city78;38;26;city181
151;city90;431;492;city261;28;14;city146;156;77;city67;39;292;city208;318;373;city89;277;248;city50;368;61;city189;2;153;city224;378;253;city148;101;11;city181;461;282;city139
159;city222;126;447;city157;434;268;city209;110;46;city184;392;135;city125;38;447;city73;65;90;city225;39;258;city224;150;44;city299;308;135;city183;83;301;city216;126;472;city206;378;85;city140;194;316;city208
172;city276;141;105;city75;492;228;city71;362;275;city161;52;310;city170;262;493;city207;402;55;city179;75;267;city204;473;261;city57;72;408;city101;22;63;city165;288;389;city188;278;153;city123;448;66;city244;93;208;city275;254;248;city104;97;496;city282;95;118;city58;90;221;city83
159;city222;126;447;city157;434;268;city209;110;46;city184;392;135;city125;38;447;city73;65;90;city225;39;258;city224;150;44;city299;308;135;city183;83;301;city216;126;472;city206;378;85;city140;194;316;city208
144;city161;341;45;city164;493;66;city176;68;188;city211;200;267;city147
150;city179;477;450;city78;38;26;city181
140;city165;153;330;city103;121;396;city94;362;284;city120;69;410;city187;454;316;city101;41;356;city68;289;472;city192;410;341;city281;170;189;city208;10;216;city100;117;167;city85;476;197;city256;401;296;city159;73;299;city223;231;126;city183;276;283;city297
141;city79;122;399;city127
158;city254;424;376;city274;368;355;city263;162;163;city150;443;420;city287;130;52;city134;315;252;city276;321;7;city60;368;316;city204;370;100;city73;475;402;city193
134;city297;344;342;city85;494;288;city180;142;302;city288;140;64;city243;438;115;city88;208;98;city158;493;184;city287;314;331;city277;245;216;city74;15;397;city181;74;260;city103;466;360;city234;31;227;city290;347;417;city187
161;city297;69;10;city151;307;268;city163;24;176;city79;260;27;city237;101;74;city269;40;235;city152
155;city176;292;474;city136;306;151;city212;479;167;city294;287;290;city161;296;480;city285;83;388;city203
142;city116;454;22;city73;264;408;city118;385;451;city263;423;302;city260;283;454;city51;371;329;city250;494;57;city85;378;1508;city277;136;464;city194;178;414;city248;63;165;city290;196;167;city197
146;city239;412;3;city75;427;294;city52;44;496;city171;114;313;city230;38;451;city125;19;422;city216;350;276;city250;363;272;city109;44;244;city165;221;202;city67;407;347;city258;32;457;city90;185;474;city255;128;237;city292;276;433;city57
127;city201;248;358;city235;454;122;city90;339;142;city86;101;282;city166
154;city204;65;128;city253;55;123;city255;437;126;city201;204;105;city283;451;190;city76;11;370;city289;284;76;city175;223;110;city62;432;352;city122;159;479;city286;104;54;city257;370;301;city231;402;102;city127;450;357;city164;407;58;city109;157;205;city118
135;city143;455;354;city293;97;42;city56;157;231;city222
142;city116;454;22;city73;264;408;city118;385;451;city263;423;302;city260;283;454;city51;371;329;city250;494;57;city85;378;1508;city277;136;464;city194;178;414;city248;63;165;city290;196;167;city197
146;city239;412;3;city75;427;294;city52;44;496;city171;114;313;city230;38;451;city125;19;422;city216;350;276;city250;363;272;city109;44;244;city165;221;202;city67;407;347;city258;32;457;city90;185;474;city255;128;237;city292;276;433;city57
172;city276;141;105;city75;492;228;city71;362;275;city161;52;310;city170;262;493;city207;402;55;city179;75;267;city204;473;261;city57;72;408;city101;22;63;city165;288;389;city188;278;153;city123;448;66;city244;93;208;city275;254;248;city104;97;496;city282;95;118;city58;90;221;city83
142;city116;454;22;city73;264;408;city118;385;451;city263;423;302;city260;283;454;city51;371;329;city250;494;57;city85;378;1508;city277;136;464;city194;178;414;city248;63;165;city290;196;167;city197
173;city287;68;290;city255;7;46;city57;412;178;city118;376;183;city52;136;319;city230;184;152;city93;131;227;city288;330;403;city179;304;51;city257;382;47;city164;467;275;city208;190;168;city226;86;188;city253;192;362;city83;397;163;city283;140;396;city110;412;434;city104
145;city146;17;370;city265;95;108;city155;153;264;city167;369;386;city220;260;350;city261;346;310;city208;74;329;city173;10;13;city188;397;438;city281;360;192;city68;340;337;city199;85;74;city201;432;323;city195;448;295;city209;328;95;city182;461;270;city59;125;68;city152;143;36;city64;253;175;city179
150;city179;477;450;city78;38;26;city181
152;city72;309;28;city70;220;309;city173;65;266;city251;111;314;city153;115;190;city270;477;146;city281;240;83;city65;492;257;city177;18;171;city105;27;392;city96;165;295;city90
162;city54;314;354;city244;61;311;city50
128;city132;428;70;city85;250;109;city275;341;137;city263;112;175;city88;286;291;city159;159;146;city155;44;431;city215;144;389;city114;480;150;city112;352;224;city286;146;215;city161;348;99;city174;173;20;city64;478;499;city177;406;454;city214;69;405;city109
170;city228;134;54;city119;319;76;city270;51;6;city169;274;165;city168;271;122;city243;61;399;city214
138;city143;150;267;city118;231;123;city283;13;131;city265;115;432;city201
157;city144;445;335;city223;79;371;city154;294;412;city247;316;418;city57
161;city297;69;10;city151;307;268;city163;24;176;city79;260;27;city237;101;74;city269;40;235;city152
130;city236;167;385;city271;69;218;city177;41;286;city227;127;45;city112;307;459;city267;494;66;city273;443;260;city115;34;491;city134;238;256;city159;110;329;city185;238;253;city257;355;485;city161;349;296;city85;180;184;city70;284;407;city266;141;272;city222;22;197;city274;400;370;city224;62;283;city202
170;city228;134;54;city119;319;76;city270;51;6;city169;274;165;city168;271;122;city243;61;399;city214
148;city138;252;66;city146
133;city109;366;436;city208;94;256;city69
163;city185;40;246;city136;401;143;city264;61;331;city163;160;65;city232;450;465;city153;347;317;city198;66;28;city69;68;424;city75;133;132;city125;260;113;city191;328;148;city215;34;6;city127;116;278;city225;339;125;city72;499;340;city140;479;238;city132;474;112;city74
172;city276;141;105;city75;492;228;city71;362;275;city161;52;310;city170;262;493;city207;402;55;city179;75;267;city204;473;261;city57;72;408;city101;22;63;city165;288;389;city188;278;153;city123;448;66;city244;93;208;city275;254;248;city104;97;496;city282;95;118;city58;90;221;city83
156;city159;439;191;city290;498;194;city163;361;272;city215;200;459;city109;135;468;city83;196;392;city218;392;192;city74
129;city255;436;463;city148;247;420;city131;331;304;city157;190;395;city269;190;317;city268;139;49;city169;180;221;city253;461;406;city210;128;177;city156;457;162;city107;376;176;city82
132;city246;318;36;city283;393;53;city232;239;166;city234;203;436;city244;232;441;city222;424;311;city276;26;478;city253;286;124;city203;440;138;city60
128;city132;428;70;city85;250;109;city275;341;137;city263;112;175;city88;286;291;city159;159;146;city155;44;431;city215;144;389;city114;480;150;city112;352;224;city286;146;215;city161;348;99;city174;173;20;city64;478;499;city177;406;454;city214;69;405;city109
129;city255;436;463;city148;247;420;city131;331;304;city157;190;395;city269;190;317;city268;139;49;city169;180;221;city253;461;406;city210;128;177;city156;457;162;city107;376;176;city82
138;city143;150;267;city118;231;123;city283;13;131;city265;115;432;city201
128;city132;428;70;city85;250;109;city275;341;137;city263;112;175;city88;286;291;city159;159;146;city155;44;431;city215;144;389;city114;480;150;city112;352;224;city286;146;215;city161;348;99;city174;173;20;city64;478;499;city177;406;454;city214;69;405;city109
150;city179;477;450;city78;38;26;city181
165;city150;335;482;city273;452;394;city165;470;426;city94;237;273;city256;447;442;city287;83;328;city97;492;233;city296;24;252;city284;428;348;city222;440;383;city195;377;361;city176;311;19;city112;321;431;city226;236;89;city144;364;235;city155;440;56;city240;126;292;city140;352;113;city265;229;388;city175
170;city228;134;54;city119;319;76;city270;51;6;city169;274;165;city168;271;122;city243;61;399;city214
137;city209;302;301;city80;370;189;city238;300;301;city116;15;94;city175;240;287;city174
137;city209;302;301;city80;370;189;city238;300;301;city116;15;94;city175;240;287;city174
137;city209;302;301;city80;370;189;city238;300;301;city116;15;94;city175;240;287;city174
125;city64;116;292;city254;44;461;city93;50;419;city76;495;53;city203
142;city116;454;22;city73;264;408;city118;385;451;city263;423;302;city260;283;454;city51;371;329;city250;494;57;city85;378;1508;city277;136;464;city194;178;414;city248;63;165;city290;196;167;city197
135;city143;455;354;city293;97;42;city56;157;231;city222
160;city276;90;112;city98;433;388;city74;293;218;city187;244;347;city292;351;91;city119;172;450;city127;280;345;city274;34;92;city107;139;376;city141;146;204;city162;363;437;city164
134;city297;344;342;city85;494;288;city180;142;302;city288;140;64;city243;438;115;city88;208;98;city158;493;184;city287;314;331;city277;245;216;city74;15;397;city181;74;260;city103;466;360;city234;31;227;city290;347;417;city187
127;city201;248;358;city235;454;122;city90;339;142;city86;101;282;city166
153;city145;236;355;city64;492;197;city141;361;99;city151;192;213;city209;284;141;city179;133;367;city244;49;471;city51
135;city143;455;354;city293;97;42;city56;157;231;city222
163;city185;40;246;city136;401;143;city264;61;331;city163;160;65;city232;450;465;city153;347;317;city198;66;28;city69;68;424;city75;133;132;city125;260;113;city191;328;148;city215;34;6;city127;116;278;city225;339;125;city72;499;340;city140;479;238;city132;474;112;city74
174;city256;53;194;city80;500;170;city54;389;144;city156;232;240;city101;28;175;city203;36;215;city215;104;168;city98;261;372;city212;30;166;city297;373;128;city83;2;46;city51;235;403;city249
170;city228;134;54;city119;319;76;city270;51;6;city169;274;165;city168;271;122;city243;61;399;city214
132;city246;318;36;city283;393;53;city232;239;166;city234;203;436;city244;232;441;city222;424;311;city276;26;478;city253;286;124;city203;440;138;city60
132;city246;318;36;city283;393;53;city232;239;166;city234;203;436;city244;232;441;city222;424;311;city276;26;478;city253;286;124;city203;440;138;city60
148;city138;252;66;city146
149;city79;61;372;city143;373;43;city157;207;189;city256;278;332;city196;85;470;city74
160;city276;90;112;city98;433;388;city74;293;218;city187;244;347;city292;351;91;city119;172;450;city127;280;345;city274;34;92;city107;139;376;city141;146;204;city162;363;437;city164
157;city144;445;335;city223;79;371;city154;294;412;city247;316;418;city57
130;city236;167;385;city271;69;218;city177;41;286;city227;127;45;city112;307;459;city267;494;66;city273;443;260;city115;34;491;city134;238;256;city159;110;329;city185;238;253;city257;355;485;city161;349;296;city85;180;184;city70;284;407;city266;141;272;city222;22;197;city274;400;370;city224;62;283;city202
132;city246;318;36;city283;393;53;city232;239;166;city234;203;436;city244;232;441;city222;424;311;city276;26;478;city253;286;124;city203;440;138;city60
149;city79;61;372;city143;373;43;city157;207;189;city256;278;332;city196;85;470;city74
172;city276;141;105;city75;492;228;city71;362;275;city161;52;310;city170;262;493;city207;402;55;city179;75;267;city204;473;261;city57;72;408;city101;22;63;city165;288;389;city188;278;153;city123;448;66;city244;93;208;city275;254;248;city104;97;496;city282;95;118;city58;90;221;city83
128;city132;428;70;city85;250;109;city275;341;137;city263;112;175;city88;286;291;city159;159;146;city155;44;431;city215;144;389;city114;480;150;city112;352;224;city286;146;215;city161;348;99;city174;173;20;city64;478;499;city177;406;454;city214;69;405;city109
