















136;city168;334;199;city140;436;442;city203;330;127;city152;200;40;city134;7;371;city214;200;379;city201

169;city290;81;123;city232;425;53;city93;34;426;city197;173;278;city163;72;315;city242;495;144;city209;476;78;city244;376;182;city195;393;119;city253;413;360;city257;174;458;city282;301;200;city125;180;23;city124;56;495;city193









128;city56;97;361;city198;192;412;city238;326;163;city282;351;115;city244;495;164;city53;277;118;city175;14;388;city273;491;428;city187;306;257;city78;114;255;city179;379;217;city60;229;109;city283;116;365;city150



172;city85;217;224;city299;401;216;city237;52;454;city107;246;460;city184;289;72;city259;482;43;city55
152;city294;9;80;city106;139;76;city261;395;349;city187;6;248;city280;319;244;city138;449;85;city235;466;66;city282;318;52;city207;279;257;city228;244;451;city238;307;252;city242
129;city263;12;264;city102;430;340;city200;489;377;city289;369;288;city83;86;410;city114;32;473;city210;482;275;city67;44;382;city119;437;156;city79;429;169;city178;182;173;city121;473;431;city284;327;212;city118
159;city171;181;342;city288;19;320;city124;65;122;city115;191;77;city133;203;336;city213;472;224;city161;361;62;city196;437;334;city97;269;470;city151;453;290;city172;130;437;city93;180;191;city241;475;171;city167;320;190;city208;451;374;city242;212;144;city101;177;298;city221

161;city130;49;301;city184;372;33;city165;28;313;city297;319;421;city246;370;179;city170;321;9;city189;433;211;city137;469;436;city258;466;297;city59;400;40;city192;255;214;city224;377;154;city204;434;303;city127;20;40;city56;380;270;city88;158;357;city74;12;320;city126

137;city167;270;85;city292;272;329;city71;132;193;city246;371;62;city195;57;192;city281;436;174;city181;181;121;city149;375;396;city287;53;314;city188;227;282;city224;146;302;city72;415;293;city235;67;473;city249;110;100;city148;168;279;city215;235;123;city159
152;city294;9;80;city106;139;76;city261;395;349;city187;6;248;city280;319;244;city138;449;85;city235;466;66;city282;318;52;city207;279;257;city228;244;451;city238;307;252;city242

139;city269;85;488;city262;312;115;city278;99;95;city240;267;118;city196;316;321;city131;72;349;city86;82;218;city144;488;408;city171;364;20;city282;92;286;city161;329;404;city236;406;62;city73;103;352;city246;41;233;city80;224;308;city148;329;79;city135;72;354;city113
169;city290;81;123;city232;425;53;city93;34;426;city197;173;278;city163;72;315;city242;495;144;city209;476;78;city244;376;182;city195;393;119;city253;413;360;city257;174;458;city282;301;200;city125;180;23;city124;56;495;city193
153;city54;6;396;city199;287;381;city79;417;490;city204;314;302;city249;269;441;city125;131;411;city66;439;194;city161;220;375;city179;128;34;city119;460;79;city83;219;111;city206;139;196;city172;69;189;city272;160;304;city134;217;237;city170;404;54;city283

164;city198;383;370;city196;202;133;city234;349;448;city149;255;59;city283;162;163;city277
159;city171;181;342;city288;19;320;city124;65;122;city115;191;77;city133;203;336;city213;472;224;city161;361;62;city196;437;334;city97;269;470;city151;453;290;city172;130;437;city93;180;191;city241;475;171;city167;320;190;city208;451;374;city242;212;144;city101;177;298;city221
170;city236;148;21;city281;325;461;city125;438;242;city157;418;127;city86;328;496;city262;175;229;city58;428;37;city234;40;299;city193;395;61;city223;487;144;city267;473;231;city291;408;72;city123;415;339;city289;82;11;city55;88;148;city56;373;252;city288;421;41;city190
125;city205;61;24;city157
147;city222;427;282;city168;200;150;city143;211;389;city205;76;462;city170;226;489;city212;226;317;city160;204;170;city191;145;95;city104;476;432;city97
131;city239;316;198;city103;149;482;city60;393;216;city81;374;303;city257;253;182;city235;118;113;city278


170;city236;148;21;city281;325;461;city125;438;242;city157;418;127;city86;328;496;city262;175;229;city58;428;37;city234;40;299;city193;395;61;city223;487;144;city267;473;231;city291;408;72;city123;415;339;city289;82;11;city55;88;148;city56;373;252;city288;421;41;city190
157;city146;182;154;city266;56;443;city259;491;253;city237;356;369;city87;244;101;city191;130;257;city136;154;210;city253;378;37;city287;170;62;city182;393;13;city276
140;city126;250;468;city202;6;289;city52;228;196;city142;470;441;city286
146;city269;40;395;city106;4;171;city237;315;22;city201;160;289;city86;222;334;city72;354;142;city202;194;111;city238;36;144;city83;225;304;city155;275;167;city175;163;391;city132;367;319;city89;297;349;city283
172;city85;217;224;city299;401;216;city237;52;454;city107;246;460;city184;289;72;city259;482;43;city55

172;city85;217;224;city299;401;216;city237;52;454;city107;246;460;city184;289;72;city259;482;43;city55
164;city198;383;370;city196;202;133;city234;349;448;city149;255;59;city283;162;163;city277
135;city130;449;39;city248

146;city269;40;395;city106;4;171;city237;315;22;city201;160;289;city86;222;334;city72;354;142;city202;194;111;city238;36;144;city83;225;304;city155;275;167;city175;163;391;city132;367;319;city89;297;349;city283
136;city168;334;199;city140;436;442;city203;330;127;city152;200;40;city134;7;371;city214;200;379;city201
135;city130;449;39;city248

135;city130;449;39;city248
129;city263;12;264;city102;430;340;city200;489;377;city289;369;288;city83;86;410;city114;32;473;city210;482;275;city67;44;382;city119;437;156;city79;429;169;city178;182;173;city121;473;431;city284;327;212;city118
160;city87;407;368;city214;393;185;city297;63;289;city197;411;374;city219;236;104;city101;241;347;city215;445;135;city249;494;459;city218;50;471;city167;194;388;city65

134;city194;473;379;city70;100;33;city88;294;232;city267;14;369;city138;237;341;city139;487;492;city232;2;355;city291;369;241;city141;337;342;city165;435;259;city160;268;104;city259;57;354;city126;213;440;city169;346;340;city77;28;305;city184;107;205;city186;233;249;city299
163;city270;28;271;city203;500;165;city195;494;288;city220;481;235;city78;249;150;city110;59;278;city73;87;100;city114;392;247;city234;381;376;city181;52;493;city288;393;258;city179;321;89;city291;359;204;city225;28;225;city263;91;471;city215
169;city290;81;123;city232;425;53;city93;34;426;city197;173;278;city163;72;315;city242;495;144;city209;476;78;city244;376;182;city195;393;119;city253;413;360;city257;174;458;city282;301;200;city125;180;23;city124;56;495;city193
146;city269;40;395;city106;4;171;city237;315;22;city201;160;289;city86;222;334;city72;354;142;city202;194;111;city238;36;144;city83;225;304;city155;275;167;city175;163;391;city132;367;319;city89;297;349;city283
125;city205;61;24;city157

165;city292;158;161;city255
166;city186;276;135;city251;181;246;city52;16;65;city257;5;418;city242;243;241;city276;188;99;city193;381;27;city65;158;65;city233;197;407;city141
131;city239;316;198;city103;149;482;city60;393;216;city81;374;303;city257;253;182;city235;118;113;city278

131;city239;316;198;city103;149;482;city60;393;216;city81;374;303;city257;253;182;city235;118;113;city278
171;city292;125;202;city98;251;345;city70;98;308;city50;234;234;city155;236;257;city246;356;381;city86;410;128;city249;459;226;city83;242;166;city199;381;178;city53;233;354;city73
134;city194;473;379;city70;100;33;city88;294;232;city267;14;369;city138;237;341;city139;487;492;city232;2;355;city291;369;241;city141;337;342;city165;435;259;city160;268;104;city259;57;354;city126;213;440;city169;346;340;city77;28;305;city184;107;205;city186;233;249;city299
147;city222;427;282;city168;200;150;city143;211;389;city205;76;462;city170;226;489;city212;226;317;city160;204;170;city191;145;95;city104;476;432;city97
144;city210;299;89;city169;469;424;city73;415;275;city193;199;392;city240;115;9;city262;5;445;city223;398;152;city293;290;222;city50;392;117;city101;227;185;city185;91;16;city153;134;146;city290;234;209;city79;143;307;city141;348;326;city123;180;255;city288;160;4;city152;45;244;city219
125;city205;61;24;city157
172;city85;217;224;city299;401;216;city237;52;454;city107;246;460;city184;289;72;city259;482;43;city55
146;city269;40;395;city106;4;171;city237;315;22;city201;160;289;city86;222;334;city72;354;142;city202;194;111;city238;36;144;city83;225;304;city155;275;167;city175;163;391;city132;367;319;city89;297;349;city283
159;city171;181;342;city288;19;320;city124;65;122;city115;191;77;city133;203;336;city213;472;224;city161;361;62;city196;437;334;city97;269;470;city151;453;290;city172;130;437;city93;180;191;city241;475;171;city167;320;190;city208;451;374;city242;212;144;city101;177;298;city221
159;city171;181;342;city288;19;320;city124;65;122;city115;191;77;city133;203;336;city213;472;224;city161;361;62;city196;437;334;city97;269;470;city151;453;290;city172;130;437;city93;180;191;city241;475;171;city167;320;190;city208;451;374;city242;212;144;city101;177;298;city221
128;city56;97;361;city198;192;412;city238;326;163;city282;351;115;city244;495;164;city53;277;118;city175;14;388;city273;491;428;city187;306;257;city78;114;255;city179;379;217;city60;229;109;city283;116;365;city150
161;city130;49;301;city184;372;33;city165;28;313;city297;319;2841;city246;370;179;city170;321;9;city189;433;211;city137;469;436;city258;466;297;city59;400;40;city192;255;214;city224;377;154;city204;434;303;city127;20;40;city56;380;270;city88;158;357;city74;12;320;city126
160;city87;407;368;city214;393;185;city297;63;289;city197;411;374;city219;236;104;city101;241;347;city215;445;135;city249;494;459;city218;50;471;city167;194;388;city65
173;city229;449;61;city119;465;60;city208;127;88;city69;459;205;city266;198;446;city293;4;32;city197;383;71;city233;170;132;city216;259;306;city131;349;38;city144;439;487;city172;10;332;city59;292;214;city285;387;418;city174
164;city198;383;370;city196;202;133;city234;349;448;city149;255;59;city283;162;163;city277
164;city198;383;370;city196;202;133;city234;349;448;city149;255;59;city283;162;163;city277
174;city71;399;146;city267;320;435;city54;364;151;city265;133;200;city53;430;10;city103;10;202;city96;335;32;city261;339;361;city279;310;221;city277
148;city65;79;455;city94;335;87;city225;368;159;city84;295;431;city199;422;46;city70
160;city87;407;368;city214;393;185;city297;63;289;city197;411;374;city219;236;104;city101;241;347;city215;445;135;city249;494;459;city218;50;471;city167;194;388;city65
158;city168;52;459;city240;407;411;city137;314;286;city61;411;110;city172;134;246;city68
163;city270;28;271;city203;500;165;city195;494;288;city220;481;235;city78;249;150;city110;59;278;city73;87;100;city114;392;247;city234;381;376;city181;52;493;city288;393;258;city179;321;89;city291;359;204;city225;28;225;city263;91;471;city215
163;city270;28;271;city203;500;165;city195;494;288;city220;481;235;city78;249;150;city110;59;278;city73;87;100;city114;392;247;city234;381;376;city181;52;493;city288;393;258;city179;321;89;city291;359;204;city225;28;225;city263;91;471;city215
170;city236;148;21;city281;325;461;city125;438;242;city157;418;127;city86;328;496;city262;175;229;city58;428;37;city234;40;299;city193;395;61;city223;487;144;city267;473;231;city291;408;72;city123;415;339;city289;82;11;city55;88;148;city56;373;252;city288;421;41;city190

130;city287;412;339;city126;212;395;city168;3;83;city299;71;69;city75;373;348;city133;432;54;city249;43;196;city223;154;20;city279;425;258;city237;181;397;city260;47;454;city94;182;182;city162;158;436;city280;207;250;city134;43;489;city124;276;290;city117;208;30;city115;38;417;city69;476;415;city182
162;city152;318;382;city76
139;city269;85;488;city262;312;115;city278;99;95;city240;267;118;city196;316;321;city131;72;349;city86;82;218;city144;488;408;city171;364;20;city282;92;286;city161;329;404;city236;406;62;city73;103;352;city246;41;233;city80;224;308;city148;329;79;city135;72;354;city113
146;city269;40;395;city106;4;171;city237;315;22;city201;160;289;city86;222;334;city72;354;142;city202;194;111;city238;36;144;city83;225;304;city155;275;167;city175;163;391;city132;367;319;city89;297;349;city283
126;city60;461;183;city116;121;122;city78;408;478;city259;73;419;city198;46;34;city55;133;378;city57;403;39;city86;374;99;city199;52;236;city256;491;488;city99;100;189;city285;112;203;city88;419;209;city193;133;340;city288;364;340;city232;355;443;city89;176;15;city230;480;71;city93;73;205;city235
134;city194;473;379;city70;100;33;city88;294;232;city267;14;369;city138;237;341;city139;487;492;city232;2;355;city291;369;241;city141;337;342;city165;435;259;city160;268;104;city259;57;354;city126;213;440;city169;346;340;city77;28;305;city184;107;205;city186;233;249;city299
154;city64;424;133;city229;456;102;city54;420;21;city122;140;243;city203;254;439;city257;356;28;city195;394;339;city127;255;118;city135;64;338;city82
167;city79;76;42;city209;405;407;city173;14;174;city116;221;14;city182;418;165;city133;313;55;city211;257;300;city91;407;66;city80;415;381;city171;468;409;city63;493;397;city250;411;198;city259
134;city194;473;379;city70;100;33;city88;294;232;city267;14;369;city138;237;341;city139;487;492;city232;2;355;city291;369;241;city141;337;342;city165;435;259;city160;268;104;city259;57;354;city126;213;440;city169;346;340;city77;28;305;city184;107;205;city186;233;249;city299
170;city236;148;21;city281;325;461;city125;438;242;city157;418;127;city86;328;496;city262;175;229;city58;428;37;city234;40;299;city193;395;61;city223;487;144;city267;473;231;city291;408;72;city123;415;339;city289;82;11;city55;88;148;city56;373;252;city288;421;41;city190
162;city152;318;382;city76

132;city221;473;299;city266;166;155;city268;230;291;city269;314;41;city79;103;271;city283;432;329;city272;280;39;city159
172;city85;217;224;city299;401;216;city237;52;454;city107;246;460;city184;289;72;city259;482;43;city55
130;city287;412;339;city126;212;395;city168;3;83;city299;71;69;city75;373;348;city133;432;54;city249;43;196;city223;154;20;city279;425;258;city237;181;397;city260;47;454;city94;182;182;city162;158;436;city280;207;250;city134;43;489;city124;276;290;city117;208;30;city115;38;417;city69;476;415;city182
166;city186;276;135;city251;181;246;city52;16;65;city257;5;418;city242;243;241;city276;188;99;city193;381;27;city65;158;65;city233;197;407;city141
147;city222;427;282;city168;200;150;city143;211;389;city205;76;462;city170;226;489;city212;226;317;city160;204;170;city191;145;95;city104;476;432;city97
162;city152;318;382;city76

132;city221;473;299;city266;166;155;city268;230;291;city269;314;41;city79;103;271;city283;432;329;city272;280;39;city159
158;city168;52;459;city240;407;411;city137;314;286;city61;411;110;city172;134;246;city68
139;city269;85;488;city262;312;115;city278;99;95;city240;267;118;city196;316;321;city131;72;349;city86;82;218;city144;488;408;city171;364;20;city282;92;286;city161;329;404;city236;406;62;city73;103;352;city246;41;233;city80;224;308;city148;329;79;city135;72;354;city113
165;city292;158;161;city255
168;city92;477;237;city68;355;151;city55;96;288;city195;384;225;city140;359;305;city198;76;315;city230
145;city272;304;435;city204;208;13;city185;131;54;city235;420;210;city133;142;438;city270;297;148;city155;159;204;city70;93;21;city257;2;272;city268;222;280;city54;222;83;city187
132;city221;473;299;city266;166;155;city268;230;291;city269;314;41;city79;103;271;city283;432;329;city272;280;39;city159
147;city222;427;282;city168;200;150;city143;211;389;city205;76;462;city170;226;489;city212;226;317;city160;204;170;city191;145;95;city104;476;432;city97
164;city198;383;370;city196;202;133;city234;349;448;city149;255;59;city283;162;163;city277
172;city85;217;224;city299;401;216;city237;52;454;city107;246;460;city184;289;72;city259;482;43;city55
158;city168;52;459;city240;407;411;city137;314;286;city61;411;110;city172;134;246;city68
160;city87;407;368;city214;393;185;city297;63;289;city197;411;374;city219;236;104;city101;241;347;city215;445;135;city249;494;459;city218;50;471;city167;194;388;city65
138;city100;254;431;city253;361;126;city291;353;5;city64;20;166;city195
169;city290;81;123;city232;425;53;city93;34;426;city197;173;278;city163;72;315;city242;495;144;city209;476;78;city244;376;182;city195;393;119;city253;413;360;city257;174;458;city282;301;200;city125;180;23;city124;56;495;city193
162;city152;318;382;city76
130;city287;412;339;city126;212;395;city168;3;83;city299;71;69;city75;373;348;city133;432;54;city249;43;196;city223;154;20;city279;425;258;city237;181;397;city260;47;454;city94;182;182;city162;158;436;city280;207;250;city134;43;489;city124;276;290;city117;208;30;city115;38;417;city69;476;415;city182
137;city167;270;85;city292;272;329;city71;132;193;city246;371;62;city195;57;192;city281;436;174;city181;181;121;city149;375;396;city287;53;314;city188;227;282;city224;146;302;city72;415;293;city235;67;473;city249;110;100;city148;168;279;city215;235;123;city159
169;city290;81;123;city232;425;53;city93;34;426;city197;173;278;city163;72;315;city242;495;144;city209;476;78;city244;376;182;city195;393;119;city253;413;360;city257;174;458;city282;301;200;city125;180;23;city124;56;495;city193
135;city130;449;39;city248
158;city168;52;459;city240;407;411;city137;314;286;city61;411;110;city172;134;246;city68
136;city168;334;199;city140;436;442;city203;330;127;city152;200;40;city134;7;371;city214;200;379;city201
144;city210;299;89;city169;469;424;city73;415;275;city193;199;392;city240;115;9;city262;5;445;city223;398;152;city293;290;222;city50;392;117;city101;227;185;city185;91;16;city153;134;146;city290;234;209;city79;143;307;city141;348;326;city123;180;255;city288;160;4;city152;45;244;city219
171;city292;125;202;city98;251;345;city70;98;308;city50;234;234;city155;236;257;city246;356;381;city86;410;128;city249;459;226;city83;242;166;city199;381;178;city53;233;354;city73
149;city184;119;86;city278;223;377;city164;55;280;city291;306;319;city75;209;342;city163;18;240;city287;315;177;city245;207;189;city86;366;440;city218;188;219;city94;2;456;city96;280;79;city209;4;175;city145
144;city210;299;89;city169;469;424;city73;415;275;city193;199;392;city240;115;9;city262;5;445;city223;398;152;city293;290;222;city50;392;117;city101;227;185;city185;91;16;city153;134;146;city290;234;209;city79;143;307;city141;348;326;city123;180;255;city288;160;4;city152;45;244;city219
139;city269;85;488;city262;312;115;city278;99;95;city240;267;118;city196;316;321;city131;72;349;city86;82;218;city144;488;408;city171;364;20;city282;92;286;city161;329;404;city236;406;62;city73;103;352;city246;41;233;city80;224;308;city148;329;79;city135;72;354;city113
158;city168;52;459;city240;407;411;city137;314;286;city61;411;110;city172;134;246;city68
163;city270;28;271;city203;500;165;city195;494;288;city220;481;235;city78;249;150;city110;59;278;city73;87;100;city114;392;247;city234;381;376;city181;52;493;city288;393;258;city179;321;89;city291;359;204;city225;28;225;city263;91;471;city215
151;city130;125;278;city283
143;city189;376;270;city106;190;416;city122;142;141;city195;108;218;city267;166;448;city86;100;175;city69;27;367;city289;157;52;city115;24;52;city203;5;61;city233;2;120;city250;186;404;city104;462;216;city155;189;270;city110;457;496;city97;252;173;city236
153;city54;6;396;city199;287;381;city79;417;490;city204;314;302;city249;269;441;city125;131;411;city66;439;194;city161;220;375;city179;128;34;city119;460;79;city83;219;111;city206;139;196;city172;69;189;city272;160;304;city134;217;237;city170;404;54;city283
168;city92;477;237;city68;355;151;city55;96;288;city195;384;225;city140;359;305;city198;76;315;city230
168;city92;477;237;city68;355;151;city55;96;288;city195;384;225;city140;359;305;city198;76;315;city230
173;city229;449;61;city119;465;60;city208;127;88;city69;459;205;city266;198;446;city293;4;32;city197;383;71;city233;170;132;city216;259;306;city131;349;38;city144;439;487;city172;10;332;city59;292;214;city285;387;418;city174
161;city130;49;301;city184;372;33;city165;28;313;city297;319;2841;city246;370;179;city170;321;9;city189;433;211;city137;469;436;city258;466;297;city59;400;40;city192;255;214;city224;377;154;city204;434;303;city127;20;40;city56;380;270;city88;158;357;city74;12;320;city126
138;city100;254;431;city253;361;126;city291;353;5;city64;20;166;city195
172;city85;217;224;city299;401;216;city237;52;454;city107;246;460;city184;289;72;city259;482;43;city55
159;city171;181;342;city288;19;320;city124;65;122;city115;191;77;city133;203;336;city213;472;224;city161;361;62;city196;437;334;city97;269;470;city151;453;290;city172;130;437;city93;180;191;city241;475;171;city167;320;190;city208;451;374;city242;212;144;city101;177;298;city221
168;city92;477;237;city68;355;151;city55;96;288;city195;384;225;city140;359;305;city198;76;315;city230
171;city292;125;202;city98;251;345;city70;98;308;city50;234;234;city155;236;257;city246;356;381;city86;410;128;city249;459;226;city83;242;166;city199;381;178;city53;233;354;city73
156;city183;378;183;city191;62;156;city185;316;78;city94;51;291;city169;195;133;city192;329;446;city156
138;city100;254;431;city253;361;126;city291;353;5;city64;20;166;city195
167;city79;76;42;city209;405;407;city173;14;174;city116;221;14;city182;418;165;city133;313;55;city211;257;300;city91;407;66;city80;415;381;city171;468;409;city63;493;397;city250;411;198;city259
160;city87;407;368;city214;393;185;city297;63;289;city197;411;374;city219;236;104;city101;241;347;city215;445;135;city249;494;459;city218;50;471;city167;194;388;city65
153;city54;6;396;city199;287;381;city79;417;490;city204;314;302;city249;269;441;city125;131;411;city66;439;194;city161;220;375;city179;128;34;city119;460;79;city83;219;111;city206;139;196;city172;69;189;city272;160;304;city134;217;237;city170;404;54;city283
164;city198;383;370;city196;202;133;city234;349;448;city149;255;59;city283;162;163;city277
169;city290;81;123;city232;425;53;city93;34;426;city197;173;278;city163;72;315;city242;495;144;city209;476;78;city244;376;182;city195;393;119;city253;413;360;city257;174;458;city282;301;200;city125;180;23;city124;56;495;city193
149;city184;119;86;city278;223;377;city164;55;280;city291;306;319;city75;209;342;city163;18;240;city287;315;177;city245;207;189;city86;366;440;city218;188;219;city94;2;456;city96;280;79;city209;4;175;city145
173;city229;449;61;city119;465;60;city208;127;88;city69;459;205;city266;198;446;city293;4;32;city197;383;71;city233;170;132;city216;259;306;city131;349;38;city144;439;487;city172;10;332;city59;292;214;city285;387;418;city174
140;city126;250;468;city202;6;289;city52;228;196;city142;470;441;city286
152;city294;9;80;city106;139;76;city261;395;349;city187;6;248;city280;319;244;city138;449;85;city235;466;66;city282;318;52;city207;279;257;city228;244;451;city238;307;252;city242
129;city263;12;264;city102;430;340;city200;489;377;city289;369;288;city83;86;410;city114;32;473;city210;482;275;city67;44;382;city119;437;156;city79;429;169;city178;182;173;city121;473;431;city284;327;212;city118
163;city270;28;271;city203;500;165;city195;494;288;city220;481;235;city78;249;150;city110;59;278;city73;87;100;city114;392;247;city234;381;376;city181;52;493;city288;393;258;city179;321;89;city291;359;204;city225;28;225;city263;91;471;city215
126;city60;461;183;city116;121;122;city78;408;478;city259;73;419;city198;46;34;city55;133;378;city57;403;39;city86;374;99;city199;52;236;city256;491;488;city99;100;189;city285;112;203;city88;419;209;city193;133;340;city288;364;340;city232;355;443;city89;176;15;city230;480;71;city93;73;205;city235
142;city297;366;310;city151;452;253;city204;274;467;city275;66;421;city146;195;348;city142;391;215;city88;360;379;city100;140;51;city174;160;469;city75;316;305;city209
128;city56;97;361;city198;192;412;city238;326;163;city282;351;115;city244;495;164;city53;277;118;city175;14;388;city273;491;428;city187;306;257;city78;114;255;city179;379;217;city60;229;109;city283;116;365;city150
135;city130;449;39;city248
143;city189;376;270;city106;190;416;city122;142;141;city195;108;218;city267;166;448;city86;100;175;city69;27;367;city289;157;52;city115;24;52;city203;5;61;city233;2;120;city250;186;404;city104;462;216;city155;189;270;city110;457;496;city97;252;173;city236
159;city171;181;342;city288;19;320;city124;65;122;city115;191;77;city133;203;336;city213;472;224;city161;361;62;city196;437;334;city97;269;470;city151;453;290;city172;130;437;city93;180;191;city241;475;171;city167;320;190;city208;451;374;city242;212;144;city101;177;298;city221
149;city184;119;86;city278;223;377;city164;55;280;city291;306;319;city75;209;342;city163;18;240;city287;315;177;city245;207;189;city86;366;440;city218;188;219;city94;2;456;city96;280;79;city209;4;175;city145
125;city205;61;24;city157
137;city167;270;85;city292;272;329;city71;132;193;city246;371;62;city195;57;192;city281;436;174;city181;181;121;city149;375;396;city287;53;314;city188;227;282;city224;146;302;city72;415;293;city235;67;473;city249;110;100;city148;168;279;city215;235;123;city159
128;city56;97;361;city198;192;412;city238;326;163;city282;351;115;city244;495;164;city53;277;118;city175;14;388;city273;491;428;city187;306;257;city78;114;255;city179;379;217;city60;229;109;city283;116;365;city150
141;city293;468;298;city53;103;401;city277;115;151;city250;41;392;city69
143;city189;376;270;city106;190;416;city122;142;141;city195;108;218;city267;166;448;city86;100;175;city69;27;367;city289;157;52;city115;24;52;city203;5;61;city233;2;120;city250;186;404;city104;462;216;city155;189;270;city110;457;496;city97;252;173;city236
159;city171;181;342;city288;19;320;city124;65;122;city115;191;77;city133;203;336;city213;472;224;city161;361;62;city196;437;334;city97;269;470;city151;453;290;city172;130;437;city93;180;191;city241;475;171;city167;320;190;city208;451;374;city242;212;144;city101;177;298;city221
133;city253;254;48;city296;344;293;city74;108;45;city235;84;191;city69;216;261;city136;237;197;city229;300;61;city140;476;386;city124;350;373;city63;39;281;city270;75;23;city102;480;270;city52
139;city269;85;488;city262;312;115;city278;99;95;city240;267;118;city196;316;321;city131;72;349;city86;82;218;city144;488;408;city171;364;20;city282;92;286;city161;329;404;city236;406;62;city73;103;352;city246;41;233;city80;224;308;city148;329;79;city135;72;354;city113
162;city152;318;382;city76
151;city130;125;278;city283
149;city184;119;86;city278;223;377;city164;55;280;city291;306;319;city75;209;342;city163;18;240;city287;315;177;city245;207;189;city86;366;440;city218;188;219;city94;2;456;city96;280;79;city209;4;175;city145
125;city205;61;24;city157
127;city178;395;263;city190;189;477;city206;382;288;city256;39;411;city278;245;183;city277;26;171;city119;138;343;city220;14;444;city79;398;245;city280;167;166;city150
154;city64;424;133;city229;456;102;city54;420;21;city122;140;243;city203;254;439;city257;356;28;city195;394;339;city127;255;118;city135;64;338;city82
132;city221;473;299;city266;166;155;city268;230;291;city269;314;41;city79;103;271;city283;432;329;city272;280;39;city159
152;city294;9;80;city106;139;76;city261;395;349;city187;6;248;city280;319;244;city138;449;85;city235;466;66;city282;318;52;city207;279;257;city228;244;451;city238;307;252;city242
139;city269;85;488;city262;312;115;city278;99;95;city240;267;118;city196;316;321;city131;72;349;city86;82;218;city144;488;408;city171;364;20;city282;92;286;city161;329;404;city236;406;62;city73;103;352;city246;41;233;city80;224;308;city148;329;79;city135;72;354;city113
133;city253;254;48;city296;344;293;city74;108;45;city235;84;191;city69;216;261;city136;237;197;city229;300;61;city140;476;386;city124;350;373;city63;39;281;city270;75;23;city102;480;270;city52
173;city229;449;61;city119;465;60;city208;127;88;city69;459;205;city266;198;446;city293;4;32;city197;383;71;city233;170;132;city216;259;306;city131;349;38;city144;439;487;city172;10;332;city59;292;214;city285;387;418;city174
156;city183;378;183;city191;62;156;city185;316;78;city94;51;291;city169;195;133;city192;329;446;city156
165;city292;158;161;city255
155;city107;40;348;city146;24;88;city233;352;427;city50;140;138;city273;468;205;city84;284;3;city276
158;city168;52;459;city240;407;411;city137;314;286;city61;411;110;city172;134;246;city68
146;city269;40;395;city106;4;171;city237;315;22;city201;160;289;city86;222;334;city72;354;142;city202;194;111;city238;36;144;city83;225;304;city155;275;167;city175;163;391;city132;367;319;city89;297;349;city283
146;city269;40;395;city106;4;171;city237;315;22;city201;160;289;city86;222;334;city72;354;142;city202;194;111;city238;36;144;city83;225;304;city155;275;167;city175;163;391;city132;367;319;city89;297;349;city283
138;city100;254;431;city253;361;126;city291;353;5;city64;20;166;city195
139;city269;85;488;city262;312;115;city278;99;95;city240;267;118;city196;316;321;city131;72;349;city86;82;218;city144;488;408;city171;364;20;city282;92;286;city161;329;404;city236;406;62;city73;103;352;city246;41;233;city80;224;308;city148;329;79;city135;72;354;city113
155;city107;40;348;city146;24;88;city233;352;427;city50;140;138;city273;468;205;city84;284;3;city276
144;city210;299;89;city169;469;424;city73;415;275;city193;199;392;city240;115;9;city262;5;445;city223;398;152;city293;290;222;city50;392;117;city101;227;185;city185;91;16;city153;134;146;city290;234;209;city79;143;307;city141;348;326;city123;180;255;city288;160;4;city152;45;244;city219
150;city277;182;412;city132;217;497;city188;406;153;city73;285;493;city150;76;185;city234;328;33;city95
134;city194;473;379;city70;100;33;city88;294;232;city267;14;369;city138;237;341;city139;487;492;city232;2;355;city291;369;241;city141;337;342;city165;435;259;city160;268;104;city259;57;354;city126;213;440;city169;346;340;city77;28;305;city184;107;205;city186;233;249;city299
173;city229;449;61;city119;465;60;city208;127;88;city69;459;205;city266;198;446;city293;4;32;city197;383;71;city233;170;132;city216;259;306;city131;349;38;city144;439;487;city172;10;332;city59;292;214;city285;387;418;city174
169;city290;81;123;city232;425;53;city93;34;426;city197;173;278;city163;72;315;city242;495;144;city209;476;78;city244;376;182;city195;393;119;city253;413;360;city257;174;458;city282;301;200;city125;180;23;city124;56;495;city193
162;city152;318;382;city76
134;city194;473;379;city70;100;33;city88;294;232;city267;14;369;city138;237;341;city139;487;492;city232;2;355;city291;369;241;city141;337;342;city165;435;259;city160;268;104;city259;57;354;city126;213;440;city169;346;340;city77;28;305;city184;107;205;city186;233;249;city299
134;city194;473;379;city70;100;33;city88;294;232;city267;14;369;city138;237;341;city139;487;492;city232;2;355;city291;369;241;city141;337;342;city165;435;259;city160;268;104;city259;57;354;city126;213;440;city169;346;340;city77;28;305;city184;107;205;city186;233;249;city299
130;city287;412;339;city126;212;395;city168;3;83;city299;71;69;city75;373;348;city133;432;54;city249;43;196;city223;154;20;city279;425;258;city237;181;397;city260;47;454;city94;182;182;city162;158;436;city280;207;250;city134;43;489;city124;276;290;city117;208;30;city115;38;417;city69;476;415;city182
138;city100;254;431;city253;361;126;city291;353;5;city64;20;166;city195
165;city292;158;161;city255
135;city130;449;39;city248
171;city292;125;202;city98;251;345;city70;98;308;city50;234;234;city155;236;257;city246;356;381;city86;410;128;city249;459;226;city83;242;166;city199;381;178;city53;233;354;city73
145;city272;304;435;city204;208;13;city185;131;54;city235;420;210;city133;142;438;city270;297;148;city155;159;204;city70;93;21;city257;2;272;city268;222;280;city54;222;83;city187
136;city168;334;199;city140;436;442;city203;330;127;city152;200;40;city134;7;371;city214;200;379;city201
163;city270;28;271;city203;500;165;city195;494;288;city220;481;235;city78;249;150;city110;59;278;city73;87;100;city114;392;247;city234;381;376;city181;52;493;city288;393;258;city179;321;89;city291;359;204;city225;28;225;city263;91;471;city215
157;city146;182;154;city266;56;443;city259;491;253;city237;356;369;city87;244;101;city191;130;257;city136;154;210;city253;378;37;city287;170;62;city182;393;13;city276
149;city184;119;86;city278;223;377;city164;55;280;city291;306;319;city75;209;342;city163;18;240;city287;315;177;city245;207;189;city86;366;440;city218;188;219;city94;2;456;city96;280;79;city209;4;175;city145
127;city178;395;263;city190;189;477;city206;382;288;city256;39;411;city278;245;183;city277;26;171;city119;138;343;city220;14;444;city79;398;245;city280;167;166;city150
154;city64;424;133;city229;456;102;city54;420;21;city122;140;243;city203;254;439;city257;356;28;city195;394;339;city127;255;118;city135;64;338;city82
173;city229;449;61;city119;465;60;city208;127;88;city69;459;205;city266;198;446;city293;4;32;city197;383;71;city233;170;132;city216;259;306;city131;349;38;city144;439;487;city172;10;332;city59;292;214;city285;387;418;city174
144;city210;299;89;city169;469;424;city73;415;275;city193;199;392;city240;115;9;city262;5;445;city223;398;152;city293;290;222;city50;392;117;city101;227;185;city185;91;16;city153;134;146;city290;234;209;city79;143;307;city141;348;326;city123;180;255;city288;160;4;city152;45;244;city219
166;city186;276;135;city251;181;246;city52;16;65;city257;5;418;city242;243;241;city276;188;99;city193;381;27;city65;158;65;city233;197;407;city141
134;city194;473;379;city70;100;33;city88;294;232;city267;14;369;city138;237;341;city139;487;492;city232;2;355;city291;369;241;city141;337;342;city165;435;259;city160;268;104;city259;57;354;city126;213;440;city169;346;340;city77;28;305;city184;107;205;city186;233;249;city299
152;city294;9;80;city106;139;76;city261;395;349;city187;6;248;city280;319;244;city138;449;85;city235;466;66;city282;318;52;city207;279;257;city228;244;451;city238;307;252;city242
165;city292;158;161;city255
172;city85;217;224;city299;401;216;city237;52;454;city107;246;460;city184;289;72;city259;482;43;city55
148;city65;79;455;city94;335;87;city225;368;159;city84;295;431;city199;422;46;city70
153;city54;6;396;city199;287;381;city79;417;490;city204;314;302;city249;269;441;city125;131;411;city66;439;194;city161;220;375;city179;128;34;city119;460;79;city83;219;111;city206;139;196;city172;69;189;city272;160;304;city134;217;237;city170;404;54;city283
143;city189;376;270;city106;190;416;city122;142;141;city195;108;218;city267;166;448;city86;100;175;city69;27;367;city289;157;52;city115;24;52;city203;5;61;city233;2;120;city250;186;404;city104;462;216;city155;189;270;city110;457;496;city97;252;173;city236
128;city56;97;361;city198;192;412;city238;326;163;city282;351;115;city244;495;164;city53;277;118;city175;14;388;city273;491;428;city187;306;257;city78;114;255;city179;379;217;city60;229;109;city283;116;365;city150
127;city178;395;263;city190;189;477;city206;382;288;city256;39;411;city278;245;183;city277;26;171;city119;138;343;city220;14;444;city79;398;245;city280;167;166;city150
144;city210;299;89;city169;469;424;city73;415;275;city193;199;392;city240;115;9;city262;5;445;city223;398;152;city293;290;222;city50;392;117;city101;227;185;city185;91;16;city153;134;146;city290;234;209;city79;143;307;city141;348;326;city123;180;255;city288;160;4;city152;45;244;city219
132;city221;473;299;city266;166;155;city268;230;291;city269;314;41;city79;103;271;city283;432;329;city272;280;39;city159
144;city210;299;89;city169;469;424;city73;415;275;city193;199;392;city240;115;9;city262;5;445;city223;398;152;city293;290;222;city50;392;117;city101;227;185;city185;91;16;city153;134;146;city290;234;209;city79;143;307;city141;348;326;city123;180;255;city288;160;4;city152;45;244;city219
135;city130;449;39;city248
167;city79;76;42;city209;405;407;city173;14;174;city116;221;14;city182;418;165;city133;313;55;city211;257;300;city91;407;66;city80;415;381;city171;468;409;city63;493;397;city250;411;198;city259
161;city130;49;301;city184;372;33;city165;28;313;city297;319;2841;city246;370;179;city170;321;9;city189;433;211;city137;469;436;city258;466;297;city59;400;40;city192;255;214;city224;377;154;city204;434;303;city127;20;40;city56;380;270;city88;158;357;city74;12;320;city126
135;city130;449;39;city248
131;city239;316;198;city103;149;482;city60;393;216;city81;374;303;city257;253;182;city235;118;113;city278
166;city186;276;135;city251;181;246;city52;16;65;city257;5;418;city242;243;241;city276;188;99;city193;381;27;city65;158;65;city233;197;407;city141
149;city184;119;86;city278;223;377;city164;55;280;city291;306;319;city75;209;342;city163;18;240;city287;315;177;city245;207;189;city86;366;440;city218;188;219;city94;2;456;city96;280;79;city209;4;175;city145
147;city222;427;282;city168;200;150;city143;211;389;city205;76;462;city170;226;489;city212;226;317;city160;204;170;city191;145;95;city104;476;432;city97
136;city168;334;199;city140;436;442;city203;330;127;city152;200;40;city134;7;371;city214;200;379;city201
164;city198;383;370;city196;202;133;city234;349;448;city149;255;59;city283;162;163;city277
146;city269;40;395;city106;4;171;city237;315;22;city201;160;289;city86;222;334;city72;354;142;city202;194;111;city238;36;144;city83;225;304;city155;275;167;city175;163;391;city132;367;319;city89;297;349;city283
129;city263;12;264;city102;430;340;city200;489;377;city289;369;288;city83;86;410;city114;32;473;city210;482;275;city67;44;382;city119;437;156;city79;429;169;city178;182;173;city121;473;431;city284;327;212;city118
134;city194;473;379;city70;100;33;city88;294;232;city267;14;369;city138;237;341;city139;487;492;city232;2;355;city291;369;241;city141;337;342;city165;435;259;city160;268;104;city259;57;354;city126;213;440;city169;346;340;city77;28;305;city184;107;205;city186;233;249;city299
136;city168;334;199;city140;436;442;city203;330;127;city152;200;40;city134;7;371;city214;200;379;city201
131;city239;316;198;city103;149;482;city60;393;216;city81;374;303;city257;253;182;city235;118;113;city278
160;city87;407;368;city214;393;185;city297;63;289;city197;411;374;city219;236;104;city101;241;347;city215;445;135;city249;494;459;city218;50;471;city167;194;388;city65
158;city168;52;459;city240;407;411;city137;314;286;city61;411;110;city172;134;246;city68
148;city65;79;455;city94;335;87;city225;368;159;city84;295;431;city199;422;46;city70
126;city60;461;183;city116;121;122;city78;408;478;city259;73;419;city198;46;34;city55;133;378;city57;403;39;city86;374;99;city199;52;236;city256;491;488;city99;100;189;city285;112;203;city88;419;209;city193;133;340;city288;364;340;city232;355;443;city89;176;15;city230;480;71;city93;73;205;city235
166;city186;276;135;city251;181;246;city52;16;65;city257;5;418;city242;243;241;city276;188;99;city193;381;27;city65;158;65;city233;197;407;city141
152;city294;9;80;city106;139;76;city261;395;349;city187;6;248;city280;319;244;city138;449;85;city235;466;66;city282;318;52;city207;279;257;city228;244;451;city238;307;252;city242
166;city186;276;135;city251;181;246;city52;16;65;city257;5;418;city242;243;241;city276;188;99;city193;381;27;city65;158;65;city233;197;407;city141
139;city269;85;488;city262;312;115;city278;99;95;city240;267;118;city196;316;321;city131;72;349;city86;82;218;city144;488;408;city171;364;20;city282;92;9792;city161;329;404;city236;406;62;city73;103;352;city246;41;233;city80;224;308;city148;329;79;city135;72;354;city113
144;city210;299;89;city169;469;424;city73;415;275;city193;199;392;city240;115;9;city262;5;445;city223;398;152;city293;290;222;city50;392;117;city101;227;185;city185;91;16;city153;134;146;city290;234;209;city79;143;307;city141;348;326;city123;180;255;city288;160;4;city152;45;244;city219
138;city100;254;431;city253;361;126;city291;353;5;city64;20;166;city195
138;city100;254;431;city253;361;126;city291;353;5;city64;20;166;city195
128;city56;97;361;city198;192;412;city238;326;163;city282;351;115;city244;495;164;city53;277;118;city175;14;388;city273;491;428;city187;306;257;city78;114;255;city179;379;217;city60;229;109;city283;116;365;city150
166;city186;276;135;city251;181;246;city52;16;65;city257;5;418;city242;243;241;city276;188;99;city193;381;27;city65;158;65;city233;197;407;city141
128;city56;97;361;city198;192;412;city238;326;163;city282;351;115;city244;495;164;city53;277;118;city175;14;388;city273;491;428;city187;306;257;city78;114;255;city179;379;217;city60;229;109;city283;116;365;city150
134;city194;473;379;city70;100;33;city88;294;232;city267;14;369;city138;237;341;city139;487;492;city232;2;355;city291;369;241;city141;337;342;city165;435;259;city160;268;104;city259;57;354;city126;213;440;city169;346;340;city77;28;305;city184;107;205;city186;233;249;city299
140;city126;250;468;city202;6;289;city52;228;196;city142;470;441;city286
167;city79;76;42;city209;405;407;city173;14;174;city116;221;14;city182;418;165;city133;313;55;city211;257;300;city91;407;66;city80;415;381;city171;468;409;city63;493;397;city250;411;198;city259
141;city293;468;298;city53;103;401;city277;115;151;city250;41;392;city69
132;city221;473;299;city266;166;155;city268;230;291;city269;314;41;city79;103;271;city283;432;329;city272;280;39;city159
132;city221;473;299;city266;166;155;city268;230;291;city269;314;41;city79;103;271;city283;432;329;city272;280;39;city159
144;city210;299;89;city169;469;424;city73;415;275;city193;199;392;city240;115;9;city262;5;445;city223;398;152;city293;290;222;city50;392;117;city101;227;185;city185;91;16;city153;134;146;city290;234;209;city79;143;307;city141;348;326;city123;180;255;city288;160;4;city152;45;244;city219
171;city292;125;202;city98;251;345;city70;98;308;city50;234;234;city155;236;257;city246;356;381;city86;410;128;city249;459;226;city83;242;166;city199;381;178;city53;233;354;city73
142;city297;366;310;city151;452;253;city204;274;467;city275;66;421;city146;195;348;city142;391;215;city88;360;379;city100;140;51;city174;160;469;city75;316;305;city209
151;city130;125;278;city283
125;city205;61;24;city157
161;city130;49;301;city184;372;33;city165;28;313;city297;319;2841;city246;370;179;city170;321;9;city189;433;211;city137;469;436;city258;466;297;city59;400;40;city192;255;214;city224;377;154;city204;434;303;city127;20;40;city56;380;270;city88;158;357;city74;12;320;city126
154;city64;424;133;city229;456;102;city54;420;21;city122;140;243;city203;254;439;city257;356;28;city195;394;339;city127;255;118;city135;64;338;city82
136;city168;334;199;city140;436;442;city203;330;127;city152;200;40;city134;7;371;city214;200;379;city201
171;city292;125;202;city98;251;345;city70;98;308;city50;234;234;city155;236;257;city246;356;381;city86;410;128;city249;459;226;city83;242;166;city199;381;178;city53;233;354;city73
147;city222;427;282;city168;200;150;city143;211;389;city205;76;462;city170;226;489;city212;226;317;city160;204;170;city191;145;95;city104;476;432;city97
147;city222;427;282;city168;200;150;city143;211;389;city205;76;462;city170;226;489;city212;226;317;city160;204;170;city191;145;95;city104;476;432;city97
132;city221;473;299;city266;166;155;city268;230;291;city269;314;41;city79;103;271;city283;432;329;city272;280;39;city159
157;city146;182;154;city266;56;443;city259;491;253;city237;356;369;city87;244;101;city191;130;257;city136;154;210;city253;378;37;city287;170;62;city182;393;13;city276
172;city85;217;224;city299;401;216;city237;52;454;city107;246;460;city184;289;72;city259;482;43;city55
135;city130;449;39;city248
134;city194;473;379;city70;100;33;city88;294;232;city267;14;369;city138;237;341;city139;487;492;city232;2;355;city291;369;241;city141;337;342;city165;435;259;city160;268;104;city259;57;354;city126;213;440;city169;346;340;city77;28;305;city184;107;205;city186;233;249;city299
142;city297;366;310;city151;452;253;city204;274;467;city275;66;421;city146;195;348;city142;391;215;city88;360;379;city100;140;51;city174;160;469;city75;316;305;city209
164;city198;383;370;city196;202;133;city234;349;448;city149;255;59;city283;162;163;city277
141;city293;468;298;city53;103;401;city277;115;151;city250;41;392;city69
130;city287;412;339;city126;212;395;city168;3;83;city299;71;69;city75;373;348;city133;432;54;city249;43;196;city223;154;20;city279;425;258;city237;181;397;city260;47;454;city94;182;182;city162;158;436;city280;207;250;city134;43;489;city124;276;290;city117;208;30;city115;38;417;city69;476;415;city182
165;city292;158;161;city255
133;city253;254;48;city296;344;293;city74;108;45;city235;84;191;city69;216;261;city136;237;197;city229;300;61;city140;476;386;city124;350;373;city63;39;281;city270;75;23;city102;480;270;city52
148;city65;79;455;city94;335;87;city225;368;159;city84;295;431;city199;422;46;city70
170;city236;148;21;city281;325;461;city125;438;242;city157;418;127;city86;328;496;city262;175;229;city58;428;37;city234;40;299;city193;395;61;city223;487;144;city267;473;231;city291;408;72;city123;415;339;city289;82;11;city55;88;148;city56;373;252;city288;421;41;city190
136;city168;334;199;city140;436;442;city203;330;127;city152;200;40;city134;7;371;city214;200;379;city201
133;city253;254;48;city296;344;293;city74;108;45;city235;84;191;city69;216;261;city136;237;197;city229;300;61;city140;476;386;city124;350;373;city63;39;281;city270;75;23;city102;480;270;city52
130;city287;412;339;city126;212;395;city168;3;83;city299;71;69;city75;373;348;city133;432;54;city249;43;196;city223;154;20;city279;425;258;city237;181;397;city260;47;454;city94;182;182;city162;158;436;city280;207;250;city134;43;489;city124;276;290;city117;208;30;city115;38;417;city69;476;415;city182
133;city253;254;48;city296;344;293;city74;108;45;city235;84;191;city69;216;261;city136;237;197;city229;300;61;city140;476;386;city124;350;373;city63;39;281;city270;75;23;city102;480;270;city52
133;city253;254;48;city296;344;293;city74;108;45;city235;84;191;city69;216;261;city136;237;197;city229;300;61;city140;476;386;city124;350;373;city63;39;281;city270;75;23;city102;480;270;city52
157;city146;182;154;city266;56;443;city259;491;253;city237;356;369;city87;244;101;city191;130;257;city136;154;210;city253;378;37;city287;170;62;city182;393;13;city276
170;city236;148;21;city281;325;461;city125;438;242;city157;418;127;city86;328;496;city262;175;229;city58;428;37;city234;40;299;city193;395;61;city223;487;144;city267;473;231;city291;408;72;city123;415;339;city289;82;11;city55;88;148;city56;373;252;city288;421;41;city190
150;city277;182;412;city132;217;497;city188;406;153;city73;285;493;city150;76;185;city234;328;33;city95
135;city130;449;39;city248
174;city71;399;146;city267;320;435;city54;364;151;city265;133;200;city53;430;10;city103;10;202;city96;335;32;city261;339;361;city279;310;221;city277
131;city239;316;198;city103;149;482;city60;393;216;city81;374;303;city257;253;182;city235;118;113;city278
153;city54;6;396;city199;287;381;city79;417;490;city204;314;302;city249;269;441;city125;131;411;city66;439;194;city161;220;375;city179;128;34;city119;460;79;city83;219;111;city206;139;196;city172;69;189;city272;160;304;city134;217;237;city170;404;54;city283
152;city294;9;80;city106;139;76;city261;395;349;city187;6;248;city280;319;244;city138;449;85;city235;466;66;city282;318;52;city207;279;257;city228;244;451;city238;307;252;city242
159;city171;181;342;city288;19;320;city124;65;122;city115;191;77;city133;203;336;city213;472;224;city161;361;62;city196;437;334;city97;269;470;city151;453;290;city172;130;437;city93;180;191;city241;475;171;city167;320;190;city208;451;374;city242;212;144;city101;177;298;city221
137;city167;270;85;city292;272;329;city71;132;193;city246;371;62;city195;57;192;city281;436;174;city181;181;121;city149;375;396;city287;53;314;city188;227;282;city224;146;302;city72;415;293;city235;67;473;city249;110;100;city148;168;279;city215;235;123;city159
168;city92;477;237;city68;355;151;city55;96;288;city195;384;225;city140;359;305;city198;76;315;city230
173;city229;449;61;city119;465;60;city208;127;88;city69;459;205;city266;198;446;city293;4;32;city197;383;71;city233;170;132;city216;259;306;city131;349;38;city144;439;487;city172;10;332;city59;292;214;city285;387;418;city174
172;city85;217;224;city299;401;216;city237;52;454;city107;246;460;city184;289;72;city259;482;43;city55
131;city239;316;198;city103;149;482;city60;393;216;city81;374;303;city257;253;182;city235;118;113;city278
133;city253;254;48;city296;344;293;city74;108;45;city235;84;191;city69;216;261;city136;237;197;city229;300;61;city140;476;386;city124;350;373;city63;39;281;city270;75;23;city102;480;270;city52
129;city263;12;264;city102;430;340;city200;489;377;city289;369;288;city83;86;410;city114;32;473;city210;482;275;city67;44;382;city119;437;156;city79;429;169;city178;182;173;city121;473;431;city284;327;212;city118
167;city79;76;42;city209;405;407;city173;14;174;city116;221;14;city182;418;165;city133;313;55;city211;257;300;city91;407;66;city80;415;381;city171;468;409;city63;493;397;city250;411;198;city259
166;city186;276;135;city251;181;246;city52;16;65;city257;5;418;city242;243;241;city276;188;99;city193;381;27;city65;158;65;city233;197;407;city141
138;city100;254;431;city253;361;126;city291;353;5;city64;20;166;city195
164;city198;383;370;city196;202;133;city234;349;448;city149;255;59;city283;162;163;city277
134;city194;473;379;city70;100;33;city88;294;232;city267;14;369;city138;237;341;city139;487;492;city232;2;355;city291;369;241;city141;337;342;city165;435;259;city160;268;104;city259;57;354;city126;213;440;city169;346;340;city77;28;305;city184;107;205;city186;233;249;city299
130;city287;412;339;city126;212;395;city168;3;83;city299;71;69;city75;373;348;city133;432;54;city249;43;196;city223;154;20;city279;425;258;city237;181;397;city260;47;454;city94;182;182;city162;158;436;city280;207;250;city134;43;489;city124;276;290;city117;208;30;city115;38;417;city69;476;415;city182
146;city269;40;395;city106;4;171;city237;315;22;city201;160;289;city86;222;334;city72;354;142;city202;194;111;city238;36;144;city83;225;304;city155;275;167;city175;163;391;city132;367;319;city89;297;349;city283
128;city56;97;361;city198;192;412;city238;326;163;city282;351;115;city244;495;164;city53;277;118;city175;14;388;city273;491;428;city187;306;257;city78;114;255;city179;379;217;city60;229;109;city283;116;365;city150
138;city100;254;431;city253;361;126;city291;353;5;city64;20;166;city195
125;city205;61;24;city157
136;city168;334;199;city140;436;442;city203;330;127;city152;200;40;city134;7;371;city214;200;379;city201
171;city292;125;202;city98;251;345;city70;98;308;city50;234;234;city155;236;257;city246;356;381;city86;410;128;city249;459;226;city83;242;166;city199;381;178;city53;233;354;city73
167;city79;76;42;city209;405;407;city173;14;174;city116;221;14;city182;418;165;city133;313;55;city211;257;300;city91;407;66;city80;415;381;city171;468;409;city63;493;397;city250;411;198;city259
163;city270;28;271;city203;500;165;city195;494;288;city220;481;235;city78;249;150;city110;59;278;city73;87;100;city114;392;247;city234;381;376;city181;52;493;city288;393;258;city179;321;89;city291;359;204;city225;28;225;city263;91;471;city215
144;city210;299;89;city169;469;424;city73;415;275;city193;199;392;city240;115;9;city262;5;445;city223;398;152;city293;290;222;city50;392;117;city101;227;185;city185;91;16;city153;134;146;city290;234;209;city79;143;307;city141;348;326;city123;180;255;city288;160;4;city152;45;244;city219
160;city87;407;368;city214;393;185;city297;63;289;city197;411;374;city219;236;104;city101;241;347;city215;445;135;city249;494;459;city218;50;471;city167;194;388;city65
161;city130;49;301;city184;372;33;city165;28;313;city297;319;2841;city246;370;179;city170;321;9;city189;433;211;city137;469;436;city258;466;297;city59;400;40;city192;255;214;city224;377;154;city204;434;303;city127;20;40;city56;380;270;city88;158;357;city74;12;320;city126
137;city167;270;85;city292;272;329;city71;132;193;city246;371;62;city195;57;192;city281;436;174;city181;181;121;city149;375;396;city287;53;314;city188;227;282;city224;146;302;city72;415;293;city235;67;473;city249;110;100;city148;168;279;city215;235;123;city159
157;city146;182;154;city266;56;443;city259;491;253;city237;356;369;city87;244;101;city191;130;257;city136;154;210;city253;378;37;city287;170;62;city182;393;13;city276
141;city293;468;298;city53;103;401;city277;115;151;city250;41;392;city69
125;city205;61;24;city157
163;city270;28;271;city203;500;165;city195;494;288;city220;481;235;city78;249;150;city110;59;278;city73;87;100;city114;392;247;city234;381;376;city181;52;493;city288;393;258;city179;321;89;city291;359;204;city225;28;225;city263;91;471;city215
171;city292;125;202;city98;251;345;city70;98;308;city50;234;234;city155;236;257;city246;356;381;city86;410;128;city249;459;226;city83;242;166;city199;381;178;city53;233;354;city73
158;city168;52;459;city240;407;411;city137;314;286;city61;411;110;city172;134;246;city68
143;city189;376;270;city106;190;416;city122;142;141;city195;108;218;city267;166;448;city86;100;175;city69;27;367;city289;157;52;city115;24;52;city203;5;61;city233;2;120;city250;186;404;city104;462;216;city155;189;270;city110;457;496;city97;252;173;city236
156;city183;378;183;city191;62;156;city185;316;78;city94;51;291;city169;195;133;city192;329;446;city156
145;city272;304;435;city204;208;13;city185;131;54;city235;420;210;city133;142;438;city270;297;148;city155;159;204;city70;93;21;city257;2;272;city268;222;280;city54;222;83;city187
135;city130;449;39;city248
147;city222;427;282;city168;200;150;city143;211;389;city205;76;462;city170;226;489;city212;226;317;city160;204;170;city191;145;95;city104;476;432;city97
156;city183;378;183;city191;62;156;city185;316;78;city94;51;291;city169;195;133;city192;329;446;city156
136;city168;334;199;city140;436;442;city203;330;127;city152;200;40;city134;7;371;city214;200;379;city201
153;city54;6;396;city199;287;381;city79;417;490;city204;314;302;city249;269;441;city125;131;411;city66;439;194;city161;220;375;city179;128;34;city119;460;79;city83;219;111;city206;139;196;city172;69;189;city272;160;304;city134;217;237;city170;404;54;city283
162;city152;318;382;city76
166;city186;276;135;city251;181;246;city52;16;65;city257;5;418;city242;243;241;city276;188;99;city193;381;27;city65;158;65;city233;197;407;city141
150;city277;182;412;city132;217;497;city188;406;153;city73;285;493;city150;76;185;city234;328;33;city95
149;city184;119;86;city278;223;377;city164;55;280;city291;306;319;city75;209;342;city163;18;240;city287;315;177;city245;207;189;city86;366;440;city218;188;219;city94;2;456;city96;280;79;city209;4;175;city145
