ERROR 3
ERROR 7
ERROR 8
ERROR 11
ERROR 16
ERROR 17
ERROR 25
ERROR 27
ERROR 35
ERROR 38
ERROR 39
ERROR 46
ERROR 56
ERROR 60
ERROR 62
ERROR 64
ERROR 65
ERROR 66
ERROR 72
ERROR 74
ERROR 76
ERROR 77
ERROR 78
ERROR 88
ERROR 89
ERROR 91
ERROR 98
ERROR 99
ERROR 101
ERROR 108
ERROR 109
ERROR 110
ERROR 115
ERROR 120
ERROR 122
ERROR 124
ERROR 127
ERROR 129
ERROR 131
ERROR 136
ERROR 138
ERROR 140
ERROR 141
ERROR 143
ERROR 144
ERROR 146
ERROR 147
ERROR 149
ERROR 151
ERROR 152
ERROR 153
ERROR 154
ERROR 159
ERROR 165
ERROR 166
ERROR 169
ERROR 170
ERROR 172
ERROR 175
ERROR 176
ERROR 177
ERROR 178
ERROR 180
ERROR 182
ERROR 183
ERROR 185
ERROR 187
ERROR 190
ERROR 191
ERROR 193
ERROR 195
ERROR 196
ERROR 197
ERROR 198
ERROR 202
ERROR 203
ERROR 204
ERROR 207
ERROR 210
ERROR 211
ERROR 212
ERROR 214
ERROR 216
ERROR 219
ERROR 220
ERROR 222
ERROR 225
ERROR 226
ERROR 230
ERROR 235
ERROR 236
ERROR 238
ERROR 241
ERROR 242
ERROR 252
ERROR 258
ERROR 259
ERROR 263
ERROR 264
ERROR 267
ERROR 272
ERROR 273
ERROR 274
ERROR 283
ERROR 286
ERROR 287
ERROR 291
ERROR 293
ERROR 294
ERROR 295
ERROR 296
ERROR 297
ERROR 301
ERROR 302
ERROR 306
ERROR 307
ERROR 308
ERROR 309
ERROR 311
ERROR 312
ERROR 314
ERROR 317
ERROR 318
ERROR 324
ERROR 325
ERROR 326
ERROR 327
ERROR 332
ERROR 339
ERROR 344
ERROR 345
ERROR 349
ERROR 351
ERROR 353
ERROR 354
ERROR 355
ERROR 356
ERROR 358
ERROR 360
ERROR 362
ERROR 364
ERROR 368
ERROR 370
ERROR 373
ERROR 378
ERROR 379
ERROR 387
ERROR 388
ERROR 390
ERROR 393
ERROR 394
ERROR 396
ERROR 399
ERROR 400
ERROR 401
ERROR 403
ERROR 404
ERROR 405
ERROR 410
ERROR 412
ERROR 413
ERROR 415
ERROR 419
ERROR 421
ERROR 422
ERROR 423
ERROR 424
ERROR 425
ERROR 426
ERROR 427
ERROR 428
ERROR 432
ERROR 433
ERROR 435
ERROR 438
ERROR 445
ERROR 448
ERROR 449
ERROR 450
ERROR 452
ERROR 454
ERROR 455
ERROR 458
ERROR 460
ERROR 461
ERROR 462
ERROR 463
ERROR 464
ERROR 466
ERROR 469
ERROR 476
ERROR 480
ERROR 484
ERROR 487
ERROR 488
ERROR 489
ERROR 490
ERROR 492
ERROR 496
ERROR 500
ERROR 505
ERROR 506
ERROR 507
ERROR 508
ERROR 510
ERROR 513
ERROR 518
ERROR 519
ERROR 520
ERROR 522
ERROR 523
ERROR 524
ERROR 526
ERROR 534
ERROR 535
ERROR 544
ERROR 545
ERROR 547
ERROR 550
ERROR 552
ERROR 553
ERROR 557
ERROR 561
ERROR 562
ERROR 564
ERROR 569
ERROR 570
ERROR 571
ERROR 572
ERROR 575
ERROR 581
ERROR 584
ERROR 585
ERROR 587
ERROR 591
ERROR 592
ERROR 593
ERROR 596
ERROR 599
ERROR 600
ERROR 601
ERROR 602
ERROR 603
ERROR 604
ERROR 607
ERROR 608
ERROR 613
ERROR 615
ERROR 616
ERROR 617
ERROR 619
ERROR 620
ERROR 623
ERROR 625
ERROR 632
ERROR 633
ERROR 634
ERROR 635
ERROR 636
ERROR 637
ERROR 638
ERROR 639
ERROR 640
ERROR 641
ERROR 642
ERROR 643
ERROR 647
ERROR 648
ERROR 650
ERROR 651
ERROR 653
ERROR 654
ERROR 655
ERROR 657
ERROR 663
ERROR 665
ERROR 668
ERROR 670
ERROR 671
ERROR 672
ERROR 675
ERROR 676
ERROR 677
ERROR 678
ERROR 680
ERROR 681
ERROR 682
ERROR 683
ERROR 684
ERROR 688
ERROR 690
ERROR 692
ERROR 693
ERROR 695
ERROR 697
ERROR 698
ERROR 701
ERROR 703
ERROR 704
ERROR 706
ERROR 707
ERROR 708
ERROR 710
ERROR 713
ERROR 716
ERROR 723
ERROR 725
ERROR 726
ERROR 729
ERROR 730
ERROR 734
ERROR 739
ERROR 742
ERROR 743
ERROR 744
ERROR 750
ERROR 751
ERROR 754
ERROR 755
ERROR 756
ERROR 757
ERROR 759
ERROR 760
ERROR 761
ERROR 762
ERROR 766
ERROR 767
ERROR 769
ERROR 772
ERROR 773
ERROR 777
ERROR 783
ERROR 787
ERROR 788
ERROR 789
ERROR 790
ERROR 791
ERROR 792
ERROR 794
ERROR 795
ERROR 796
ERROR 798
ERROR 801
ERROR 803
ERROR 806
ERROR 807
ERROR 809
ERROR 815
ERROR 817
ERROR 818
ERROR 823
ERROR 825
ERROR 829
ERROR 830
ERROR 831
ERROR 833
ERROR 836
ERROR 840
ERROR 842
ERROR 843
ERROR 845
ERROR 847
ERROR 852
ERROR 853
ERROR 855
ERROR 857
ERROR 858
ERROR 859
ERROR 863
ERROR 866
ERROR 868
ERROR 869
ERROR 872
ERROR 874
ERROR 878
ERROR 879
ERROR 884
ERROR 888
ERROR 890
ERROR 891
ERROR 892
ERROR 893
ERROR 894
ERROR 896
ERROR 898
ERROR 899
ERROR 900
ERROR 904
ERROR 905
ERROR 913
ERROR 914
ERROR 915
ERROR 918
ERROR 919
ERROR 926
ERROR 928
ERROR 932
ERROR 933
ERROR 935
ERROR 936
ERROR 942
ERROR 943
ERROR 945
ERROR 947
ERROR 948
ERROR 951
ERROR 952
ERROR 955
ERROR 957
ERROR 958
ERROR 959
ERROR 962
ERROR 963
ERROR 964
ERROR 967
ERROR 968
ERROR 974
ERROR 975
ERROR 976
ERROR 977
ERROR 978
ERROR 980
ERROR 981
ERROR 983
ERROR 984
ERROR 986
ERROR 987
ERROR 988
ERROR 991
ERROR 993
ERROR 996
ERROR 997
ERROR 998
ERROR 999
ERROR 1000
ERROR 1001
ERROR 1002
ERROR 1004
ERROR 1005
ERROR 1006
ERROR 1009
ERROR 1010
ERROR 1014
ERROR 1015
ERROR 1019
ERROR 1022
ERROR 1025
ERROR 1029
ERROR 1030
ERROR 1031
ERROR 1032
ERROR 1033
ERROR 1035
ERROR 1037
ERROR 1038
ERROR 1039
ERROR 1040
ERROR 1041
ERROR 1042
ERROR 1043
ERROR 1045
ERROR 1047
ERROR 1048
ERROR 1049
ERROR 1052
ERROR 1056
ERROR 1064
ERROR 1068
ERROR 1072
ERROR 1073
ERROR 1075
ERROR 1079
ERROR 1085
ERROR 1086
ERROR 1091
ERROR 1096
ERROR 1101
ERROR 1104
ERROR 1106
ERROR 1107
ERROR 1108
ERROR 1109
ERROR 1111
ERROR 1113
ERROR 1115
ERROR 1117
ERROR 1118
ERROR 1119
ERROR 1121
ERROR 1122
ERROR 1123
ERROR 1124
ERROR 1125
ERROR 1127
ERROR 1128
ERROR 1129
ERROR 1130
ERROR 1133
ERROR 1134
ERROR 1135
ERROR 1137
ERROR 1139
ERROR 1140
ERROR 1141
ERROR 1142
ERROR 1144
ERROR 1145
ERROR 1146
ERROR 1149
ERROR 1150
ERROR 1156
ERROR 1163
ERROR 1164
ERROR 1166
ERROR 1176
ERROR 1179
ERROR 1180
ERROR 1181
ERROR 1183
ERROR 1185
ERROR 1187
ERROR 1191
ERROR 1192
ERROR 1194
ERROR 1195
ERROR 1199
ERROR 1201
ERROR 1202
ERROR 1203
ERROR 1204
ERROR 1205
ERROR 1209
ERROR 1210
ERROR 1211
ERROR 1212
ERROR 1215
ERROR 1216
ERROR 1218
ERROR 1219
ERROR 1223
ERROR 1224
ERROR 1226
ERROR 1227
ERROR 1228
ERROR 1229
ERROR 1233
ERROR 1234
ERROR 1236
ERROR 1239
ERROR 1240
ERROR 1243
ERROR 1247
ERROR 1250
ERROR 1251
ERROR 1253
ERROR 1255
ERROR 1257
ERROR 1261
ERROR 1263
ERROR 1266
ERROR 1268
ERROR 1270
ERROR 1272
ERROR 1273
ERROR 1278
ERROR 1279
ERROR 1280
ERROR 1281
ERROR 1283
ERROR 1284
ERROR 1286
ERROR 1287
ERROR 1288
ERROR 1289
ERROR 1290
ERROR 1291
ERROR 1293
ERROR 1294
ERROR 1297
ERROR 1299
ERROR 1301
ERROR 1304
ERROR 1305
ERROR 1307
ERROR 1308
ERROR 1309
ERROR 1310
ERROR 1311
ERROR 1312
ERROR 1314
ERROR 1315
ERROR 1317
ERROR 1319
ERROR 1321
ERROR 1322
ERROR 1325
ERROR 1326
ERROR 1328
ERROR 1332
