

158;city160;172;174;city54;180;351;city73;104;25;city183;18;86;city115;295;167;city168;128;217;city132;167;475;city67;335;43;city273;499;335;city192;462;84;city213;313;126;city215;85;326;city254;288;442;city174











128;city73;245;322;city251;164;8;city97;420;322;city67;139;478;city267










165;city197;149;460;city149;131;455;city162
129;city255;188;437;city120;97;383;city94;398;379;city51;89;462;city70;58;382;city198;291;111;city143;336;126;city194;351;163;city72;298;382;city245;441;240;city202;86;392;city231;21;164;city219;207;123;city54;75;228;city210;320;385;city146;215;438;city168
143;city191;275;32;city115;51;465;city57;270;312;city239;52;341;city146;190;332;city135;223;372;city206;280;29;city258;469;156;city268;32;129;city162;319;264;city156;285;115;city85;7;477;city298;425;216;city279;464;496;city65;35;232;city269;279;9;city149;15;494;city188;328;318;city142;139;49;city270
142;city233;217;175;city277;161;164;city218;427;208;city200;394;159;city265;429;102;city105;144;323;city96


174;city94;499;336;city147;74;213;city241;312;10;city277
152;city57;206;297;city246

152;city57;206;297;city246

125;city66;348;493;city73;121;94;city167;128;471;city257;279;352;city60
152;city57;206;297;city246
169;city79;294;255;city202;187;311;city210;140;262;city295;310;190;city68;55;245;city101;412;127;city77;58;353;city235;109;120;city274
142;city233;217;175;city277;161;164;city218;427;208;city200;394;159;city265;429;102;city105;144;323;city96
154;city175;402;355;city69;437;41;city84;288;104;city103;403;11;city58;316;142;city223;3;373;city207;149;325;city222

156;city277;471;266;city207;17;295;city120;456;253;city60;292;180;city255;109;135;city75;143;124;city167;85;82;city93
150;city188;488;383;city189;156;117;city95;174;403;city222;382;235;city217;25;434;city93;77;315;city106;104;9;city123;60;243;city129;223;48;city138;370;19;city245;240;445;city185;198;83;city88;170;444;city233;443;306;city121;268;307;city257;261;273;city242;423;323;city136
145;city293;36;88;city257;214;5;city128;277;490;city67;386;369;city255;496;18;city54;167;250;city258;258;69;city55
161;city172;90;56;city69;131;278;city78;114;473;city194;418;457;city256;457;360;city164;473;151;city115;254;118;city246;400;313;city276;122;493;city249;498;107;city85;161;224;city236;282;242;city279;60;33;city173;95;278;city68;475;172;city263;25;290;city80;275;253;city219
171;city223;177;466;city172;496;343;city121;62;363;city181;23;434;city169;378;402;city293

158;city160;172;174;city54;180;351;city73;104;25;city183;18;86;city115;295;167;city168;128;217;city132;167;475;city67;335;43;city273;499;335;city192;462;84;city213;313;126;city215;85;326;city254;288;442;city174
150;city188;488;383;city189;156;117;city95;174;403;city222;382;235;city217;25;434;city93;77;315;city106;104;9;city123;60;243;city129;223;48;city138;370;19;city245;240;445;city185;198;83;city88;170;444;city233;443;306;city121;268;307;city257;261;273;city242;423;323;city136


129;city255;188;437;city120;97;383;city94;398;379;city51;89;462;city70;58;382;city198;291;111;city143;336;126;city194;351;163;city72;298;382;city245;441;240;city202;86;392;city231;21;164;city219;207;123;city54;75;228;city210;320;385;city146;215;438;city168
131;city295;142;206;city148;174;80;city201;499;405;city297;472;207;city229;393;298;city63;198;380;city113;187;32;city101;402;229;city278;387;132;city145;170;138;city89;293;195;city114
148;city196;302;300;city65;107;161;city251;386;212;city193;123;297;city209;222;404;city148;283;62;city137;222;276;city188;454;373;city168

144;city218;285;469;city293;347;322;city178;233;306;city221;229;81;city273;283;85;city160;463;366;city111;115;36;city135;231;444;city223;353;224;city79;15;67;city139;35;233;city163

154;city175;402;355;city69;437;41;city84;288;104;city103;403;11;city58;316;142;city223;3;373;city207;149;325;city222

147;city171;432;425;city234;303;75;city286;290;458;city232
158;city160;172;174;city54;180;351;city73;104;25;city183;18;86;city115;295;167;city168;128;217;city132;167;475;city67;335;43;city273;499;335;city192;462;84;city213;313;126;city215;85;326;city254;288;442;city174


149;city213;482;275;city66;400;403;city102;295;277;city64;488;243;city253;311;431;city106;292;488;city171
128;city73;245;322;city251;164;8;city97;420;322;city67;139;478;city267
171;city223;177;466;city172;496;343;city121;62;363;city181;23;434;city169;378;402;city293
171;city223;177;466;city172;496;343;city121;62;363;city181;23;434;city169;378;402;city293


128;city73;245;322;city251;164;8;city97;420;322;city67;139;478;city267
141;city167;174;475;city205;247;11;city180;219;397;city217;117;363;city59;333;331;city81;345;288;city269;303;321;city213;309;207;city245;115;439;city222;306;243;city199;40;92;city233;11;355;city117;109;289;city152;457;244;city294;346;233;city290;438;32;city84
157;city213;136;337;city96;363;329;city244;142;346;city73;475;425;city193;107;355;city68;346;110;city206;399;67;city131;389;386;city89;471;436;city265;32;132;city67
134;city272;89;178;city123;317;399;city180;335;51;city145;228;21;city232;39;219;city221;350;272;city280;499;241;city209;352;101;city182;378;259;city50;201;347;city78;321;140;city269;119;25;city98;105;166;city126;400;376;city102
129;city255;188;437;city120;97;383;city94;398;379;city51;89;462;city70;58;382;city198;291;111;city143;336;126;city194;351;163;city72;298;382;city245;441;240;city202;86;392;city231;21;164;city219;207;123;city54;75;228;city210;320;385;city146;215;438;city168

129;city255;188;437;city120;97;383;city94;398;379;city51;89;462;city70;58;382;city198;291;111;city143;336;126;city194;351;163;city72;298;382;city245;441;240;city202;86;392;city231;21;164;city219;207;123;city54;75;228;city210;320;385;city146;215;438;city168
169;city79;294;255;city202;187;311;city210;140;262;city295;310;190;city68;55;245;city101;412;127;city77;58;353;city235;109;120;city274

148;city196;302;300;city65;107;161;city251;386;212;city193;123;297;city209;222;404;city148;283;62;city137;222;276;city188;454;373;city168

154;city175;402;355;city69;437;41;city84;288;104;city103;403;11;city58;316;142;city223;3;373;city207;149;325;city222
126;city147;392;357;city223;150;244;city276;311;447;city113;318;314;city88;485;42;city151;66;197;city232;321;144;city114;73;238;city148;392;210;city221;175;267;city291;294;310;city111;284;242;city211
171;city223;177;466;city172;496;343;city121;62;363;city181;23;434;city169;378;402;city293
133;city286;342;290;city77;70;311;city230;308;184;city155;274;381;city103;293;298;city145;474;270;city57;293;236;city134;393;101;city213;261;351;city131;402;6;city276;490;125;city215;490;483;city256;319;40;city272;366;291;city81;40;130;city250;366;209;city62;14;217;city239
165;city197;149;460;city149;131;455;city162
161;city172;90;56;city69;131;278;city78;114;473;city194;418;457;city256;457;360;city164;473;151;city115;254;118;city246;400;313;city276;122;493;city249;498;107;city85;161;224;city236;282;242;city279;60;33;city173;95;278;city68;475;172;city263;25;290;city80;275;253;city219
135;city229;337;164;city79

152;city57;206;297;city246
157;city213;136;337;city96;363;329;city244;142;346;city73;475;425;city193;107;355;city68;346;110;city206;399;67;city131;389;386;city89;471;436;city265;32;132;city67

157;city213;136;337;city96;363;329;city244;142;346;city73;475;425;city193;107;355;city68;346;110;city206;399;67;city131;389;386;city89;471;436;city265;32;132;city67
165;city197;149;460;city149;131;455;city162
135;city229;337;164;city79
172;city54;20;336;city147;227;25;city216;95;87;city79;211;11;city246;420;497;city69;442;433;city208;122;361;city75;395;239;city183;235;366;city298;212;309;city219;496;209;city95;278;444;city62;232;335;city227;264;347;city117
142;city233;217;175;city277;161;164;city218;427;208;city200;394;159;city265;429;102;city105;144;323;city96
161;city172;90;56;city69;131;278;city78;114;473;city194;418;457;city256;457;360;city164;473;151;city115;254;118;city246;400;313;city276;122;493;city249;498;107;city85;161;224;city236;282;242;city279;60;33;city173;95;278;city68;475;172;city263;25;290;city80;275;253;city219
154;city175;402;355;city69;437;41;city84;288;104;city103;403;11;city58;316;142;city223;3;373;city207;149;325;city222
141;city167;174;475;city205;247;11;city180;219;397;city217;117;363;city59;333;331;city81;345;288;city269;303;321;city213;309;207;city245;115;439;city222;306;243;city199;40;92;city233;11;355;city117;109;289;city152;457;244;city294;346;233;city290;438;32;city84
127;city53;431;147;city296;486;470;city136;488;110;city163
158;city160;172;174;city54;180;351;city73;104;25;city183;18;86;city115;295;167;city168;128;217;city132;167;475;city67;335;43;city273;499;335;city192;462;84;city213;313;126;city215;85;326;city254;288;442;city174
147;city171;432;425;city234;303;75;city286;290;458;city232
149;city213;482;275;city66;400;403;city102;295;277;city64;488;243;city253;311;431;city106;292;488;city171

153;city168;432;354;city62;279;47;city82;451;38;city75;76;275;city50;362;64;city177;315;106;city138;260;89;city261;43;477;city188;405;125;city98;133;223;city296;281;218;city121;191;264;city243;305;276;city212;293;477;city269
160;city245;492;3;city221;411;385;city254;280;75;city281;456;182;city64;185;123;city109;336;452;city92;302;276;city252;298;456;city267;269;40;city182;115;71;city143
150;city188;488;383;city189;156;117;city95;174;403;city222;382;235;city217;25;434;city93;77;315;city106;104;9;city123;60;243;city129;223;48;city138;370;19;city245;240;445;city185;198;83;city88;170;444;city233;443;306;city121;268;307;city257;261;273;city242;423;323;city136
164;city59;85;433;city71;425;402;city93;443;154;city195;66;119;city69
152;city57;206;297;city246
146;city106;302;374;city285;168;18;city136;421;380;city123;475;100;city282;52;460;city180;193;9;city146;298;423;city219;468;361;city198;326;358;city274;327;87;city222;217;232;city142;165;491;city163;369;178;city150;204;261;city268;122;481;city262
156;city277;471;266;city207;17;295;city120;456;253;city60;292;180;city255;109;135;city75;143;124;city167;85;82;city93
148;city196;302;300;city65;107;161;city251;386;212;city193;123;297;city209;222;404;city148;283;62;city137;222;276;city188;454;373;city168
146;city106;302;374;city285;168;18;city136;421;380;city123;475;100;city282;52;460;city180;193;9;city146;298;423;city219;468;361;city198;326;358;city274;327;87;city222;217;232;city142;165;491;city163;369;178;city150;204;261;city268;122;481;city262
141;city167;174;475;city205;247;11;city180;219;397;city217;117;363;city59;333;331;city81;345;288;city269;303;321;city213;309;207;city245;115;439;city222;306;243;city199;40;92;city233;11;355;city117;109;289;city152;457;244;city294;346;233;city290;438;32;city84
166;city234;370;208;city179;436;499;city221;347;391;city56;264;180;city283
167;city182;32;204;city161;347;445;city242;397;340;city72;464;475;city59;36;32;city100;318;17;city220;329;169;city127;392;361;city215;100;403;city136;320;32;city118;250;55;city67;455;473;city124
141;city167;174;475;city205;247;11;city180;219;397;city217;117;363;city59;333;331;city81;345;288;city269;303;321;city213;309;207;city245;115;439;city222;306;243;city199;40;92;city233;11;355;city117;109;289;city152;457;244;city294;346;233;city290;438;32;city84
152;city57;206;297;city246
167;city182;32;204;city161;347;445;city242;397;340;city72;464;475;city59;36;32;city100;318;17;city220;329;169;city127;392;361;city215;100;403;city136;320;32;city118;250;55;city67;455;473;city124



132;city117;68;67;city109;377;196;city215;134;176;city205;179;212;city64;48;304;city195;396;129;city292;315;72;city235;481;196;city96;81;299;city120;263;473;city247;178;464;city237;441;163;city90;18;300;city70
141;city167;174;475;city205;247;11;city180;219;397;city217;117;363;city59;333;331;city81;345;288;city269;303;321;city213;309;207;city245;115;439;city222;306;243;city199;40;92;city233;11;355;city117;109;289;city152;457;244;city294;346;233;city290;438;32;city84
125;city66;348;493;city73;121;94;city167;128;471;city257;279;352;city60
137;city278;462;331;city97;214;142;city109;306;176;city153;287;441;city66;92;462;city90;253;477;city279;215;341;city232;429;141;city53;349;325;city151;202;140;city250;223;384;city251;115;73;city210;14;497;city222;465;500;city80;112;275;city198;383;369;city128;202;311;city287
163;city117;183;249;city61;117;364;city197;267;366;city290;497;34;city273;312;386;city256;45;69;city111;320;248;city288;70;348;city135;273;237;city271;51;96;city52;235;478;city250
126;city147;392;357;city223;150;244;city276;311;447;city113;318;314;city88;485;42;city151;66;197;city232;321;144;city114;73;238;city148;392;210;city221;175;267;city291;294;310;city111;284;242;city211

174;city94;499;336;city147;74;213;city241;312;10;city277
159;city58;58;247;city50;444;321;city289;59;299;city276;452;255;city148;76;295;city169;338;163;city83;343;80;city202;469;302;city57;121;272;city285;322;386;city195;187;339;city114;163;375;city295;487;145;city92;142;230;city197
162;city255;484;368;city121;417;392;city114;78;269;city284;89;60;city291;52;418;city151;45;429;city160;335;344;city287;494;452;city164
135;city229;337;164;city79
127;city53;431;147;city296;486;470;city136;488;110;city163
170;city226;463;103;city251;119;232;city227
174;city94;499;336;city147;74;213;city241;312;10;city277
130;city58;57;210;city117
132;city117;68;67;city109;377;196;city215;134;176;city205;179;212;city64;48;304;city195;396;129;city292;315;72;city235;481;196;city96;81;299;city120;263;473;city247;178;464;city237;441;163;city90;18;300;city70
166;city234;370;208;city179;436;499;city221;347;391;city56;264;180;city283
125;city66;348;493;city73;121;94;city167;128;471;city257;279;352;city60
173;city207;349;304;city284;281;200;city264;479;480;city206;444;106;city292;341;3;city199;35;389;city155;306;466;city72;495;458;city296
163;city117;183;249;city61;117;364;city197;267;366;city290;497;34;city273;312;386;city256;45;69;city111;320;248;city288;70;348;city135;273;237;city271;51;96;city52;235;478;city250
158;city160;172;174;city54;180;351;city73;104;25;city183;18;86;city115;295;167;city168;128;217;city132;167;475;city67;335;43;city273;499;335;city192;462;84;city213;313;126;city215;85;326;city254;288;442;city174
142;city233;217;175;city277;161;164;city218;427;208;city200;394;159;city265;429;102;city105;144;323;city96
142;city233;217;175;city277;161;164;city218;427;208;city200;394;159;city265;429;102;city105;144;323;city96
129;city255;188;437;city120;97;383;city94;398;379;city51;89;462;city70;58;382;city198;291;111;city143;336;126;city194;351;163;city72;298;382;city245;441;240;city202;86;392;city231;21;164;city219;207;123;city54;75;228;city210;320;385;city146;215;438;city168
137;city278;462;331;city97;214;142;city109;306;176;city153;287;441;city66;92;462;city90;253;477;city279;215;341;city232;429;141;city53;349;325;city151;202;140;city250;223;384;city251;115;73;city210;14;497;city222;465;500;city80;112;275;city198;383;369;city128;202;311;city287
134;city272;89;178;city123;317;399;city180;335;51;city145;228;21;city232;39;219;city221;350;272;city280;499;241;city209;352;101;city182;378;259;city50;201;347;city78;321;140;city269;119;25;city98;105;166;city126;400;376;city102
143;city191;275;32;city115;51;465;city57;270;312;city239;52;341;city146;190;332;city135;223;372;city206;280;29;city258;469;156;city268;32;129;city162;319;264;city156;285;115;city85;7;477;city298;425;216;city279;464;496;city65;35;232;city269;279;9;city149;15;494;city188;328;318;city142;139;49;city270
137;city278;462;331;city97;214;142;city109;306;176;city153;287;441;city66;92;462;city90;253;477;city279;215;341;city232;429;141;city53;349;325;city151;202;140;city250;223;384;city251;115;73;city210;14;497;city222;465;500;city80;112;275;city198;383;369;city128;202;311;city287
148;city196;302;300;city65;107;161;city251;386;212;city193;123;297;city209;222;404;city148;283;62;city137;222;276;city188;454;373;city168
169;city79;294;255;city202;187;311;city210;140;262;city295;310;190;city68;55;245;city101;412;127;city77;58;353;city235;109;120;city274
147;city171;432;425;city234;303;75;city286;290;458;city232

137;city278;462;331;city97;214;142;city109;306;176;city153;287;441;city66;92;462;city90;253;477;city279;215;341;city232;429;141;city53;349;325;city151;202;140;city250;223;384;city251;115;73;city210;14;497;city222;465;500;city80;112;275;city198;383;369;city128;202;311;city287
158;city160;172;174;city54;180;351;city73;104;25;city183;18;86;city115;295;167;city168;128;217;city132;167;475;city67;335;43;city273;499;335;city192;462;84;city213;313;126;city215;85;326;city254;288;442;city174
167;city182;32;204;city161;347;445;city242;397;340;city72;464;475;city59;36;32;city100;318;17;city220;329;169;city127;392;361;city215;100;403;city136;320;32;city118;250;55;city67;455;473;city124
146;city106;302;374;city285;168;18;city136;421;380;city123;475;100;city282;52;460;city180;193;9;city146;298;423;city219;468;361;city198;326;358;city274;327;87;city222;217;232;city142;165;491;city163;369;178;city150;204;261;city268;122;481;city262
156;city277;471;266;city207;17;295;city120;456;253;city60;292;180;city255;109;135;city75;143;124;city167;85;82;city93
130;city58;57;210;city117
146;city106;302;374;city285;168;18;city136;421;380;city123;475;100;city282;52;460;city180;193;9;city146;298;423;city219;468;361;city198;326;358;city274;327;87;city222;217;232;city142;165;491;city163;369;178;city150;204;261;city268;122;481;city262
129;city255;188;437;city120;97;383;city94;398;379;city51;89;462;city70;58;382;city198;291;111;city143;336;126;city194;351;163;city72;298;382;city245;441;240;city202;86;392;city231;21;164;city219;207;123;city54;75;228;city210;320;385;city146;215;438;city168
168;city210;482;370;city264;10;322;city291;421;356;city136;177;59;city141;128;46;city65;451;207;city273;77;288;city84;340;301;city89;477;107;city130;20;244;city104;81;260;city228;325;3;city200;413;73;city176;106;30;city156;266;68;city207;167;471;city242;25;478;city135;360;418;city183
155;city160;171;413;city234;127;38;city76;220;265;city162;361;491;city256;394;104;city250;309;246;city103;201;210;city65;429;249;city126;142;64;city285;249;389;city227;433;34;city50
153;city168;432;354;city62;279;47;city82;451;38;city75;76;275;city50;362;64;city177;315;106;city138;260;89;city261;43;477;city188;405;125;city98;133;223;city296;281;218;city121;191;264;city243;305;276;city212;293;477;city269
172;city54;20;336;city147;227;25;city216;95;87;city79;211;11;city246;420;497;city69;442;433;city208;122;361;city75;395;239;city183;235;366;city298;212;309;city219;496;209;city95;278;444;city62;232;335;city227;264;347;city117
138;city189;245;193;city89;250;290;city271;276;156;city232;38;452;city124;272;397;city120;144;245;city110;490;275;city116;313;347;city76;332;452;city297;284;421;city166;81;496;city99;111;74;city152;208;308;city167;285;247;city197;37;310;city141;437;423;city121;278;407;city298;286;393;city266;214;417;city171
171;city223;177;466;city172;496;343;city121;62;363;city181;23;434;city169;378;402;city293
150;city188;488;383;city189;156;117;city95;174;403;city222;382;235;city217;25;434;city93;77;315;city106;104;9;city123;60;243;city129;223;48;city138;370;19;city245;240;445;city185;198;83;city88;170;444;city233;443;306;city121;268;307;city257;261;273;city242;423;323;city136
170;city226;463;103;city251;119;232;city227
163;city117;183;249;city61;117;364;city197;267;366;city290;497;34;city273;312;386;city256;45;69;city111;320;248;city288;70;348;city135;273;237;city271;51;96;city52;235;478;city250
167;city182;32;204;city161;347;445;city242;397;340;city72;464;475;city59;36;32;city100;318;17;city220;329;169;city127;392;361;city215;100;403;city136;320;32;city118;250;55;city67;455;473;city124
148;city196;302;300;city65;107;161;city251;386;212;city193;123;297;city209;222;404;city148;283;62;city137;222;276;city188;454;373;city168
139;city63;349;226;city299;70;54;city128
171;city223;177;466;city172;496;343;city121;62;363;city181;23;434;city169;378;402;city293
173;city207;349;304;city284;281;200;city264;479;480;city206;444;106;city292;341;3;city199;35;389;city155;306;466;city72;495;458;city296
127;city53;431;147;city296;486;470;city136;488;110;city163
138;city189;245;193;city89;250;290;city271;276;156;city232;38;452;city124;272;397;city120;144;245;city110;490;275;city116;313;347;city76;332;452;city297;284;421;city166;81;496;city99;111;74;city152;208;308;city167;285;247;city197;37;310;city141;437;423;city121;278;407;city298;286;393;city266;214;417;city171
141;city167;174;475;city205;247;11;city180;219;397;city217;117;363;city59;333;331;city81;345;288;city269;303;321;city213;309;207;city245;115;439;city222;306;243;city199;40;92;city233;11;355;city117;109;289;city152;457;244;city294;346;233;city290;438;32;city84
142;city233;217;175;city277;161;164;city218;427;208;city200;394;159;city265;429;102;city105;144;323;city96
170;city226;463;103;city251;119;232;city227
142;city233;217;175;city277;161;164;city218;427;208;city200;394;159;city265;429;102;city105;144;323;city96
149;city213;482;275;city66;400;403;city102;295;277;city64;488;243;city253;311;431;city106;292;488;city171
157;city213;136;337;city96;363;329;city244;142;346;city73;475;449;city193;107;355;city68;346;110;city206;399;67;city131;389;386;city89;471;436;city265;32;132;city67
161;city172;90;56;city69;131;278;city78;114;473;city194;418;457;city256;457;360;city164;473;151;city115;254;118;city246;400;313;city276;122;493;city249;498;107;city85;161;224;city236;282;242;city279;60;33;city173;95;278;city68;475;172;city263;25;290;city80;275;253;city219
160;city245;492;3;city221;411;385;city254;280;75;city281;456;182;city64;185;123;city109;336;452;city92;302;276;city252;298;456;city267;269;40;city182;115;71;city143
150;city188;488;383;city189;156;117;city95;174;403;city222;382;235;city217;25;434;city93;77;315;city106;104;9;city123;60;243;city129;223;48;city138;370;19;city245;240;445;city185;198;83;city88;170;444;city233;443;306;city121;268;307;city257;261;273;city242;423;323;city136
125;city66;348;493;city73;121;94;city167;128;471;city257;279;352;city60
159;city58;58;247;city50;444;321;city289;59;299;city276;452;255;city148;76;295;city169;338;163;city83;343;80;city202;469;302;city57;121;272;city285;322;386;city195;187;339;city114;163;375;city295;487;145;city92;142;230;city197
170;city226;463;103;city251;119;232;city227
162;city255;484;368;city121;417;392;city114;78;269;city284;89;60;city291;52;418;city151;45;429;city160;335;344;city287;494;452;city164
144;city218;285;469;city293;347;322;city178;233;306;city221;229;81;city273;283;85;city160;463;366;city111;115;36;city135;231;444;city223;353;224;city79;15;67;city139;35;233;city163
168;city210;482;370;city264;10;322;city291;421;356;city136;177;59;city141;128;46;city65;451;207;city273;77;288;city84;340;301;city89;477;107;city130;20;244;city104;81;260;city228;325;3;city200;413;73;city176;106;30;city156;266;68;city207;167;471;city242;25;478;city135;360;418;city183
168;city210;482;370;city264;10;322;city291;421;356;city136;177;59;city141;128;46;city65;451;207;city273;77;288;city84;340;301;city89;477;107;city130;20;244;city104;81;260;city228;325;3;city200;413;73;city176;106;30;city156;266;68;city207;167;471;city242;25;478;city135;360;418;city183
165;city197;149;460;city149;131;455;city162
141;city167;174;475;city205;247;11;city180;219;397;city217;117;363;city59;333;331;city81;345;288;city269;303;321;city213;309;207;city245;115;439;city222;306;243;city199;40;92;city233;11;355;city117;109;289;city152;457;244;city294;346;233;city290;438;32;city84
167;city182;32;204;city161;347;445;city242;397;340;city72;464;475;city59;36;32;city100;318;17;city220;329;169;city127;392;361;city215;100;403;city136;320;32;city118;250;55;city67;455;473;city124
166;city234;370;208;city179;436;499;city221;347;391;city56;264;180;city283
172;city54;20;336;city147;227;25;city216;95;87;city79;211;11;city246;420;497;city69;442;433;city208;122;361;city75;395;239;city183;235;366;city298;212;309;city219;496;209;city95;278;444;city62;232;335;city227;264;347;city117
169;city79;294;255;city202;187;311;city210;140;262;city295;310;190;city68;55;245;city101;412;127;city77;58;353;city235;109;120;city274
140;city278;265;161;city93
147;city171;432;425;city234;303;75;city286;290;458;city232
128;city73;245;322;city251;164;8;city97;420;322;city67;139;478;city267
134;city272;89;178;city123;317;399;city180;335;51;city145;228;21;city232;39;219;city221;350;272;city280;499;241;city209;352;101;city182;378;259;city50;201;347;city78;321;140;city269;119;25;city98;105;166;city126;400;376;city102
155;city160;171;413;city234;127;38;city76;220;265;city162;361;491;city256;394;104;city250;309;246;city103;201;210;city65;429;249;city126;142;64;city285;249;389;city227;433;34;city50
131;city295;142;206;city148;174;80;city201;499;405;city297;472;207;city229;393;298;city63;198;380;city113;187;32;city101;402;229;city278;387;132;city145;170;138;city89;293;195;city114
162;city255;484;368;city121;417;392;city114;78;269;city284;89;60;city291;52;418;city151;45;429;city160;335;344;city287;494;452;city164
140;city278;265;161;city93
150;city188;488;383;city189;156;117;city95;174;403;city222;382;235;city217;25;434;city93;77;315;city106;104;9;city123;60;243;city129;223;48;city138;370;19;city245;240;445;city185;198;83;city88;170;444;city233;443;306;city121;268;307;city257;261;273;city242;423;323;city136
132;city117;68;67;city109;377;196;city215;134;176;city205;179;212;city64;48;304;city195;396;129;city292;315;72;city235;481;196;city96;81;299;city120;263;473;city247;178;464;city237;441;163;city90;18;300;city70
145;city293;36;88;city257;214;5;city128;277;490;city67;386;369;city255;496;18;city54;167;250;city258;258;69;city55
154;city175;402;355;city69;437;41;city84;288;104;city103;403;11;city58;316;142;city223;3;373;city207;149;325;city222
148;city196;302;300;city65;107;161;city251;386;212;city193;123;297;city209;222;404;city148;283;62;city137;222;276;city188;454;373;city168
135;city229;337;164;city79
128;city73;245;322;city251;164;8;city97;420;322;city67;139;478;city267
150;city188;488;383;city189;156;117;city95;174;403;city222;382;235;city217;25;434;city93;77;315;city106;104;9;city123;60;243;city129;223;48;city138;370;19;city245;240;445;city185;198;83;city88;170;444;city233;443;306;city121;268;307;city257;261;273;city242;423;323;city136
125;city66;348;493;city73;121;94;city167;128;471;city257;279;352;city60
145;city293;36;88;city257;214;5;city128;277;490;city67;386;369;city255;496;18;city54;167;250;city258;258;69;city55
128;city73;245;322;city251;164;8;city97;420;322;city67;139;478;city267
161;city172;90;56;city69;131;278;city78;114;473;city194;418;457;city256;457;360;city164;473;151;city115;254;118;city246;400;313;city276;122;493;city249;498;107;city85;161;224;city236;282;242;city279;60;33;city173;95;278;city68;475;172;city263;25;290;city80;275;253;city219
134;city272;89;178;city123;317;2485;city180;335;51;city145;228;21;city232;39;219;city221;350;272;city280;499;241;city209;352;101;city182;378;259;city50;201;347;city78;321;140;city269;119;25;city98;105;166;city126;400;376;city102
130;city58;57;210;city117
145;city293;36;88;city257;214;5;city128;277;490;city67;386;369;city255;496;18;city54;167;250;city258;258;69;city55
138;city189;245;193;city89;250;290;city271;276;156;city232;38;452;city124;272;397;city120;144;245;city110;490;275;city116;313;347;city76;332;452;city297;284;421;city166;81;496;city99;111;74;city152;208;308;city167;285;247;city197;37;310;city141;437;423;city121;278;407;city298;286;393;city266;214;417;city171
139;city63;349;226;city299;70;54;city128
144;city218;285;469;city293;347;322;city178;233;306;city221;229;81;city273;283;85;city160;463;366;city111;115;36;city135;231;444;city223;353;224;city79;15;67;city139;35;233;city163
174;city94;499;336;city147;74;213;city241;312;10;city277
135;city229;337;164;city79
172;city54;20;336;city147;227;25;city216;95;87;city79;211;11;city246;420;497;city69;442;433;city208;122;361;city75;395;239;city183;235;366;city298;212;309;city219;496;209;city95;278;444;city62;232;335;city227;264;347;city117
134;city272;89;178;city123;317;2485;city180;335;51;city145;228;21;city232;39;219;city221;350;272;city280;499;241;city209;352;101;city182;378;259;city50;201;347;city78;321;140;city269;119;25;city98;105;166;city126;400;376;city102
171;city223;177;466;city172;496;343;city121;62;363;city181;23;434;city169;378;402;city293
139;city63;349;226;city299;70;54;city128
133;city286;342;290;city77;70;311;city230;308;184;city155;274;381;city103;293;298;city145;474;270;city57;293;236;city134;393;101;city213;261;351;city131;402;6;city276;490;125;city215;490;483;city256;319;40;city272;366;291;city81;40;130;city250;366;209;city62;14;217;city239
141;city167;174;475;city205;247;11;city180;219;397;city217;117;363;city59;333;331;city81;345;288;city269;303;321;city213;309;207;city245;115;439;city222;306;243;city199;40;92;city233;11;355;city117;109;289;city152;457;244;city294;346;233;city290;438;32;city84
170;city226;463;103;city251;119;232;city227
164;city59;85;433;city71;425;402;city93;443;154;city195;66;119;city69
150;city188;488;383;city189;156;117;city95;174;403;city222;382;235;city217;25;434;city93;77;315;city106;104;9;city123;60;243;city129;223;48;city138;370;19;city245;240;445;city185;198;83;city88;170;444;city233;443;306;city121;268;307;city257;261;273;city242;423;323;city136
153;city168;432;354;city62;279;47;city82;451;38;city75;76;275;city50;362;64;city177;315;106;city138;260;89;city261;43;477;city188;405;125;city98;133;223;city296;281;218;city121;191;264;city243;305;276;city212;293;477;city269
126;city147;392;357;city223;150;244;city276;311;447;city113;318;314;city88;485;42;city151;66;197;city232;321;144;city114;73;238;city148;392;210;city221;175;267;city291;294;310;city111;284;242;city211
127;city53;431;147;city296;486;470;city136;488;110;city163
158;city160;172;174;city54;180;351;city73;104;25;city183;18;86;city115;295;167;city168;128;217;city132;167;475;city67;335;43;city273;499;335;city192;462;84;city213;313;126;city215;85;326;city254;288;442;city174
156;city277;471;266;city207;17;295;city120;456;253;city60;292;180;city255;109;135;city75;143;124;city167;85;82;city93
144;city218;285;469;city293;347;322;city178;233;306;city221;229;81;city273;283;85;city160;463;366;city111;115;36;city135;231;444;city223;353;224;city79;15;67;city139;35;233;city163
152;city57;206;297;city246
139;city63;349;226;city299;70;54;city128
142;city233;217;175;city277;161;164;city218;427;208;city200;394;159;city265;429;102;city105;144;323;city96
150;city188;488;383;city189;156;117;city95;174;403;city222;382;235;city217;25;434;city93;77;315;city106;104;9;city123;60;243;city129;223;48;city138;370;19;city245;240;445;city185;198;83;city88;170;444;city233;443;306;city121;268;307;city257;261;273;city242;423;323;city136
164;city59;85;433;city71;425;402;city93;443;154;city195;66;119;city69
163;city117;183;249;city61;117;364;city197;267;366;city290;497;34;city273;312;386;city256;45;69;city111;320;248;city288;70;348;city135;273;237;city271;51;96;city52;235;478;city250
150;city188;488;383;city189;156;117;city95;174;403;city222;382;235;city217;25;434;city93;77;315;city106;104;9;city123;60;243;city129;223;48;city138;370;19;city245;240;445;city185;198;83;city88;170;444;city233;443;306;city121;268;307;city257;261;273;city242;423;323;city136
150;city188;488;383;city189;156;117;city95;174;403;city222;382;235;city217;25;434;city93;77;315;city106;104;9;city123;60;243;city129;223;48;city138;370;19;city245;240;445;city185;198;83;city88;170;444;city233;443;306;city121;268;307;city257;261;273;city242;423;323;city136
174;city94;499;336;city147;74;213;city241;312;10;city277
160;city245;492;3;city221;411;385;city254;280;75;city281;456;182;city64;185;123;city109;336;452;city92;302;276;city252;298;456;city267;269;40;city182;115;71;city143
162;city255;484;368;city121;417;392;city114;78;269;city284;89;60;city291;52;418;city151;45;429;city160;335;344;city287;494;452;city164
125;city66;348;493;city73;121;94;city167;128;471;city257;279;352;city60
137;city278;462;331;city97;214;142;city109;306;176;city153;287;441;city66;92;462;city90;253;477;city279;215;341;city232;429;141;city53;349;325;city151;202;140;city250;223;384;city251;115;73;city210;14;497;city222;465;500;city80;112;275;city198;383;369;city128;202;311;city287
151;city206;166;329;city278;61;401;city195;188;42;city123;77;493;city146;278;73;city108;140;495;city219;286;362;city215;498;164;city270;252;32;city163;477;429;city212;466;486;city145;433;173;city68
126;city147;392;357;city223;150;244;city276;311;447;city113;318;314;city88;485;42;city151;66;197;city232;321;144;city114;73;238;city148;392;210;city221;175;267;city291;294;310;city111;284;242;city211
129;city255;188;437;city120;97;383;city94;398;379;city51;89;462;city70;58;382;city198;291;111;city143;336;126;city194;351;163;city72;298;382;city245;441;240;city202;86;392;city231;21;164;city219;207;123;city54;75;228;city210;320;385;city146;215;438;city168
135;city229;337;164;city79
158;city160;172;174;city54;180;351;city73;104;25;city183;18;86;city115;295;167;city168;128;217;city132;167;475;city67;335;43;city273;499;335;city192;462;84;city213;313;126;city215;85;326;city254;288;442;city174
129;city255;188;437;city120;97;383;city94;398;379;city51;89;462;city70;58;382;city198;291;111;city143;336;126;city194;351;163;city72;298;382;city245;441;240;city202;86;392;city231;21;164;city219;207;123;city54;75;228;city210;320;385;city146;215;438;city168
153;city168;432;354;city62;279;47;city82;451;38;city75;76;275;city50;362;64;city177;315;106;city138;260;89;city261;43;477;city188;405;125;city98;133;223;city296;281;218;city121;191;264;city243;305;276;city212;293;477;city269
153;city168;432;354;city62;279;47;city82;451;38;city75;76;275;city50;362;64;city177;315;106;city138;260;89;city261;43;477;city188;405;125;city98;133;223;city296;281;218;city121;191;264;city243;305;276;city212;293;477;city269
135;city229;337;164;city79
149;city213;482;275;city66;400;403;city102;295;277;city64;488;243;city253;311;431;city106;292;488;city171
172;city54;20;336;city147;227;25;city216;95;87;city79;211;11;city246;420;497;city69;442;433;city208;122;361;city75;395;239;city183;235;366;city298;212;309;city219;496;209;city95;278;444;city62;232;335;city227;264;347;city117
150;city188;488;383;city189;156;117;city95;174;403;city222;382;235;city217;25;434;city93;77;315;city106;104;9;city123;60;243;city129;223;48;city138;370;19;city245;240;445;city185;198;83;city88;170;444;city233;443;306;city121;268;307;city257;261;273;city242;423;323;city136
169;city79;294;255;city202;187;311;city210;140;262;city295;310;190;city68;55;245;city101;412;127;city77;58;353;city235;109;120;city274
133;city286;342;290;city77;70;311;city230;308;184;city155;274;381;city103;293;298;city145;474;270;city57;293;236;city134;393;101;city213;261;351;city131;402;6;city276;490;125;city215;490;483;city256;319;40;city272;366;291;city81;40;130;city250;366;209;city62;14;217;city239
168;city210;482;370;city264;10;322;city291;421;356;city136;177;59;city141;128;46;city65;451;207;city273;77;288;city84;340;301;city89;477;107;city130;20;244;city104;81;260;city228;325;3;city200;413;73;city176;106;30;city156;266;68;city207;167;471;city242;25;478;city135;360;418;city183
131;city295;142;206;city148;174;80;city201;499;405;city297;472;207;city229;393;298;city63;198;380;city113;187;32;city101;402;229;city278;387;132;city145;170;138;city89;293;195;city114
132;city117;68;67;city109;377;196;city215;134;176;city205;179;212;city64;48;304;city195;396;129;city292;315;72;city235;481;196;city96;81;299;city120;263;473;city247;178;464;city237;441;163;city90;18;300;city70
150;city188;488;383;city189;156;117;city95;174;403;city222;382;235;city217;25;434;city93;77;315;city106;104;9;city123;60;243;city129;223;48;city138;370;19;city245;240;445;city185;198;83;city88;170;444;city233;443;306;city121;268;307;city257;261;273;city242;423;323;city136
154;city175;402;355;city69;437;41;city84;288;104;city103;403;11;city58;316;142;city223;3;373;city207;149;325;city222
137;city278;462;331;city97;214;142;city109;306;176;city153;287;441;city66;92;462;city90;253;477;city279;215;341;city232;429;141;city53;349;325;city151;202;140;city250;223;384;city251;115;73;city210;14;497;city222;465;500;city80;112;275;city198;383;369;city128;202;311;city287
140;city278;265;161;city93
134;city272;89;178;city123;317;2485;city180;335;51;city145;228;21;city232;39;219;city221;350;272;city280;499;241;city209;352;101;city182;378;259;city50;201;347;city78;321;140;city269;119;25;city98;105;166;city126;400;376;city102
161;city172;90;56;city69;131;278;city78;114;473;city194;418;457;city256;457;360;city164;473;151;city115;254;118;city246;400;313;city276;122;493;city249;498;107;city85;161;224;city236;282;242;city279;60;33;city173;95;278;city68;475;172;city263;25;290;city80;275;253;city219
158;city160;172;174;city54;180;351;city73;104;25;city183;18;86;city115;295;167;city168;128;217;city132;167;475;city67;335;43;city273;499;335;city192;462;84;city213;313;126;city215;85;326;city254;288;442;city174
144;city218;285;469;city293;347;322;city178;233;306;city221;229;81;city273;283;85;city160;463;366;city111;115;36;city135;231;444;city223;353;224;city79;15;67;city139;35;233;city163
155;city160;171;413;city234;127;38;city76;220;265;city162;361;491;city256;394;104;city250;309;246;city103;201;210;city65;429;249;city126;142;64;city285;249;389;city227;433;34;city50
132;city117;68;67;city109;377;196;city215;134;176;city205;179;212;city64;48;304;city195;396;129;city292;315;72;city235;481;196;city96;81;299;city120;263;473;city247;178;464;city237;441;163;city90;18;300;city70
145;city293;36;88;city257;214;5;city128;277;490;city67;386;369;city255;496;18;city54;167;250;city258;258;69;city55
169;city79;294;255;city202;187;311;city210;140;262;city295;310;190;city68;55;245;city101;412;127;city77;58;353;city235;109;120;city274
137;city278;462;331;city97;214;142;city109;306;176;city153;287;441;city66;92;462;city90;253;477;city279;215;341;city232;429;141;city53;349;325;city151;202;140;city250;223;384;city251;115;73;city210;14;497;city222;465;500;city80;112;275;city198;383;369;city128;202;311;city287
131;city295;142;206;city148;174;80;city201;499;405;city297;472;207;city229;393;298;city63;198;380;city113;187;32;city101;402;229;city278;387;132;city145;170;138;city89;293;195;city114

139;city63;349;226;city299;70;54;city128
134;city272;89;178;city123;317;2485;city180;335;51;city145;228;21;city232;39;219;city221;350;272;city280;499;241;city209;352;101;city182;378;259;city50;201;347;city78;321;140;city269;119;25;city98;105;166;city126;400;376;city102
136;city92;288;498;city212;352;68;city242
153;city168;432;354;city62;279;47;city82;451;38;city75;76;275;city50;362;64;city177;315;106;city138;260;89;city261;43;477;city188;405;125;city98;133;223;city296;281;218;city121;191;264;city243;305;276;city212;293;477;city269
134;city272;89;178;city123;317;2485;city180;335;51;city145;228;21;city232;39;219;city221;350;272;city280;499;241;city209;352;101;city182;378;259;city50;201;347;city78;321;140;city269;119;25;city98;105;166;city126;400;376;city102
168;city210;482;370;city264;10;322;city291;421;356;city136;177;59;city141;128;46;city65;451;207;city273;77;288;city84;340;301;city89;477;107;city130;20;244;city104;81;260;city228;325;3;city200;413;73;city176;106;30;city156;266;68;city207;167;471;city242;25;478;city135;360;418;city183
154;city175;402;355;city69;437;41;city84;288;104;city103;403;11;city58;316;142;city223;3;373;city207;149;325;city222
171;city223;177;466;city172;496;343;city121;62;363;city181;23;434;city169;378;402;city293
155;city160;171;413;city234;127;38;city76;220;265;city162;361;491;city256;394;104;city250;309;246;city103;201;210;city65;429;249;city126;142;64;city285;249;389;city227;433;34;city50
132;city117;68;67;city109;377;196;city215;134;176;city205;179;212;city64;48;304;city195;396;129;city292;315;72;city235;481;196;city96;81;299;city120;263;473;city247;178;464;city237;441;163;city90;18;300;city70
157;city213;136;337;city96;363;329;city244;142;346;city73;475;449;city193;107;355;city68;346;110;city206;399;67;city131;389;386;city89;471;436;city265;32;132;city67
137;city278;462;331;city97;214;142;city109;306;176;city153;287;441;city66;92;462;city90;253;477;city279;215;341;city232;429;141;city53;349;325;city151;202;140;city250;223;384;city251;115;73;city210;14;497;city222;465;500;city80;112;275;city198;383;369;city128;202;311;city287
132;city117;68;67;city109;377;196;city215;134;176;city205;179;212;city64;48;304;city195;396;129;city292;315;72;city235;481;196;city96;81;299;city120;263;473;city247;178;464;city237;441;163;city90;18;300;city70
153;city168;432;354;city62;279;47;city82;451;38;city75;76;275;city50;362;64;city177;315;106;city138;260;89;city261;43;477;city188;405;125;city98;133;223;city296;281;218;city121;191;264;city243;305;276;city212;293;477;city269
125;city66;348;493;city73;121;94;city167;128;471;city257;279;352;city60
134;city272;89;178;city123;317;2485;city180;335;51;city145;228;21;city232;39;219;city221;350;272;city280;499;241;city209;352;101;city182;378;259;city50;201;347;city78;321;140;city269;119;25;city98;105;166;city126;400;376;city102
172;city54;20;336;city147;227;25;city216;95;87;city79;211;11;city246;420;497;city69;442;433;city208;122;361;city75;395;239;city183;235;366;city298;212;309;city219;496;209;city95;278;444;city62;232;335;city227;264;347;city117
133;city286;342;290;city77;70;311;city230;308;184;city155;274;381;city103;293;298;city145;474;270;city57;293;236;city134;393;101;city213;261;351;city131;402;6;city276;490;125;city215;490;483;city256;319;40;city272;366;291;city81;40;130;city250;366;209;city62;14;217;city239
149;city213;482;275;city66;400;403;city102;295;277;city64;488;243;city253;311;431;city106;292;488;city171
172;city54;20;336;city147;227;25;city216;95;87;city79;211;11;city246;420;497;city69;442;433;city208;122;361;city75;395;239;city183;235;366;city298;212;309;city219;496;209;city95;278;444;city62;232;335;city227;264;347;city117
152;city57;206;297;city246
148;city196;302;300;city65;107;161;city251;386;212;city193;123;297;city209;222;404;city148;283;62;city137;222;276;city188;454;373;city168
132;city117;68;67;city109;377;196;city215;134;176;city205;179;212;city64;48;304;city195;396;129;city292;315;72;city235;481;196;city96;81;299;city120;263;473;city247;178;464;city237;441;163;city90;18;300;city70
127;city53;431;147;city296;486;470;city136;488;110;city163
150;city188;488;383;city189;156;117;city95;174;403;city222;382;235;city217;25;434;city93;77;315;city106;104;9;city123;60;243;city129;223;48;city138;370;19;city245;240;445;city185;198;83;city88;170;444;city233;443;306;city121;268;307;city257;261;273;city242;423;323;city136
158;city160;172;174;city54;180;351;city73;104;25;city183;18;86;city115;295;167;city168;128;217;city132;167;475;city67;335;43;city273;499;335;city192;462;84;city213;313;126;city215;85;326;city254;288;442;city174
128;city73;245;322;city251;164;8;city97;420;322;city67;139;478;city267
157;city213;136;337;city96;363;329;city244;142;346;city73;475;449;city193;107;355;city68;346;110;city206;399;67;city131;389;386;city89;471;436;city265;32;132;city67
127;city53;431;147;city296;486;470;city136;488;110;city163
126;city147;392;357;city223;150;244;city276;311;447;city113;318;314;city88;485;42;city151;66;197;city232;321;144;city114;73;238;city148;392;210;city221;175;267;city291;294;310;city111;284;242;city211
137;city278;462;331;city97;214;142;city109;306;176;city153;287;441;city66;92;462;city90;253;477;city279;215;341;city232;429;141;city53;349;325;city151;202;140;city250;223;384;city251;115;73;city210;14;497;city222;465;500;city80;112;275;city198;383;369;city128;202;311;city287
138;city189;245;193;city89;250;290;city271;276;156;city232;38;452;city124;272;397;city120;144;245;city110;490;275;city116;313;347;city76;332;452;city297;284;421;city166;81;496;city99;111;74;city152;208;308;city167;285;247;city197;37;310;city141;437;423;city121;278;407;city298;286;393;city266;214;417;city171
138;city189;245;193;city89;250;290;city271;276;156;city232;38;452;city124;272;397;city120;144;245;city110;490;275;city116;313;347;city76;332;452;city297;284;421;city166;81;496;city99;111;74;city152;208;308;city167;285;247;city197;37;310;city141;437;423;city121;278;407;city298;286;393;city266;214;417;city171
171;city223;177;466;city172;496;343;city121;62;363;city181;23;434;city169;378;402;city293
140;city278;265;161;city93
148;city196;302;300;city65;107;161;city251;386;212;city193;123;297;city209;222;404;city148;283;62;city137;222;276;city188;454;373;city168
132;city117;68;67;city109;377;196;city215;134;176;city205;179;212;city64;48;304;city195;396;129;city292;315;72;city235;481;196;city96;81;299;city120;263;473;city247;178;464;city237;441;163;city90;18;300;city70
127;city53;431;147;city296;486;470;city136;488;110;city163
163;city117;183;249;city61;117;364;city197;267;366;city290;497;34;city273;312;386;city256;45;69;city111;320;248;city288;70;348;city135;273;237;city271;51;96;city52;235;478;city250
139;city63;349;226;city299;70;54;city128
143;city191;275;32;city115;51;465;city57;270;312;city239;52;341;city146;190;332;city135;223;372;city206;280;29;city258;469;156;city268;32;129;city162;319;264;city156;285;115;city85;7;477;city298;425;216;city279;464;496;city65;35;232;city269;279;9;city149;15;494;city188;328;318;city142;139;49;city270
159;city58;58;247;city50;444;321;city289;59;299;city276;452;255;city148;76;295;city169;338;163;city83;343;80;city202;469;302;city57;121;272;city285;322;386;city195;187;339;city114;163;375;city295;487;145;city92;142;9082;city197
148;city196;302;300;city65;107;161;city251;386;212;city193;123;297;city209;222;404;city148;283;62;city137;222;276;city188;454;373;city168
169;city79;294;255;city202;187;311;city210;140;262;city295;310;190;city68;55;245;city101;412;127;city77;58;353;city235;109;120;city274
154;city175;402;355;city69;437;41;city84;288;104;city103;403;11;city58;316;142;city223;3;373;city207;149;325;city222
150;city188;488;383;city189;156;117;city95;174;403;city222;382;235;city217;25;434;city93;77;315;city106;104;9;city123;60;243;city129;223;48;city138;370;19;city245;240;445;city185;198;83;city88;170;444;city233;443;306;city121;268;307;city257;261;273;city242;423;323;city136
168;city210;482;370;city264;10;322;city291;421;356;city136;177;59;city141;128;46;city65;451;207;city273;77;288;city84;340;301;city89;477;107;city130;20;244;city104;81;260;city228;325;3;city200;413;73;city176;106;30;city156;266;68;city207;167;471;city242;25;478;city135;360;418;city183
146;city106;302;374;city285;168;18;city136;421;380;city123;475;100;city282;52;460;city180;193;9;city146;298;423;city219;468;361;city198;326;358;city274;327;87;city222;217;232;city142;165;491;city163;369;178;city150;204;261;city268;122;481;city262
148;city196;302;300;city65;107;161;city251;386;212;city193;123;297;city209;222;404;city148;283;62;city137;222;276;city188;454;373;city168
126;city147;392;357;city223;150;244;city276;311;447;city113;318;314;city88;485;42;city151;66;197;city232;321;144;city114;73;238;city148;392;210;city221;175;267;city291;294;310;city111;284;242;city211
171;city223;177;466;city172;496;343;city121;62;363;city181;23;434;city169;378;402;city293
132;city117;68;67;city109;377;196;city215;134;176;city205;179;212;city64;48;304;city195;396;129;city292;315;72;city235;481;196;city96;81;299;city120;263;473;city247;178;464;city237;441;163;city90;18;300;city70
164;city59;85;433;city71;425;402;city93;443;154;city195;66;119;city69
159;city58;58;247;city50;444;321;city289;59;299;city276;452;255;city148;76;295;city169;338;163;city83;343;80;city202;469;302;city57;121;272;city285;322;386;city195;187;339;city114;163;375;city295;487;145;city92;142;9082;city197
159;city58;58;247;city50;444;321;city289;59;299;city276;452;255;city148;76;295;city169;338;163;city83;343;80;city202;469;302;city57;121;272;city285;322;386;city195;187;339;city114;163;375;city295;487;145;city92;142;9082;city197
139;city63;349;226;city299;70;54;city128
149;city213;482;275;city66;400;403;city102;295;277;city64;488;243;city253;311;431;city106;292;488;city171
153;city168;432;354;city62;279;47;city82;451;38;city75;76;275;city50;362;64;city177;315;106;city138;260;89;city261;43;477;city188;405;125;city98;133;223;city296;281;218;city121;191;264;city243;305;276;city212;293;477;city269
135;city229;337;164;city79
143;city191;275;32;city115;51;465;city57;270;312;city239;52;341;city146;190;332;city135;223;372;city206;280;29;city258;469;156;city268;32;129;city162;319;264;city156;285;115;city85;7;477;city298;425;216;city279;464;496;city65;35;232;city269;279;9;city149;15;494;city188;328;318;city142;139;49;city270
163;city117;183;249;city61;117;364;city197;267;366;city290;497;34;city273;312;386;city256;45;69;city111;320;248;city288;70;348;city135;273;237;city271;51;96;city52;235;478;city250
126;city147;392;357;city223;150;244;city276;311;447;city113;318;314;city88;485;42;city151;66;197;city232;321;144;city114;73;238;city148;392;210;city221;175;267;city291;294;310;city111;284;242;city211
149;city213;482;275;city66;400;403;city102;295;277;city64;488;243;city253;311;431;city106;292;488;city171
157;city213;136;337;city96;363;329;city244;142;346;city73;475;449;city193;107;355;city68;346;110;city206;399;67;city131;389;386;city89;471;436;city265;32;132;city67
164;city59;85;433;city71;425;402;city93;443;154;city195;66;119;city69
147;city171;432;425;city234;303;75;city286;290;458;city232
158;city160;172;174;city54;180;351;city73;104;25;city183;18;86;city115;295;167;city168;128;217;city132;167;475;city67;335;43;city273;499;335;city192;462;84;city213;313;126;city215;85;326;city254;288;442;city174
148;city196;302;300;city65;107;161;city251;386;212;city193;123;297;city209;222;404;city148;283;62;city137;222;276;city188;454;373;city168
162;city255;484;368;city121;417;392;city114;78;269;city284;89;60;city291;52;418;city151;45;429;city160;335;344;city287;494;452;city164
140;city278;265;161;city93
129;city255;188;437;city120;97;383;city94;398;379;city51;89;462;city70;58;382;city198;291;111;city143;336;126;city194;351;163;city72;298;382;city245;441;240;city202;86;392;city231;21;164;city219;207;123;city54;75;228;city210;320;385;city146;215;438;city168
172;city54;20;336;city147;227;25;city216;95;87;city79;211;11;city246;420;497;city69;442;433;city208;122;361;city75;395;239;city183;235;366;city298;212;309;city219;496;209;city95;278;444;city62;232;335;city227;264;347;city117
130;city58;57;210;city117
147;city171;432;425;city234;303;75;city286;290;458;city232
166;city234;370;208;city179;436;499;city221;347;391;city56;264;180;city283
138;city189;245;193;city89;250;290;city271;276;156;city232;38;452;city124;272;397;city120;144;245;city110;490;275;city116;313;347;city76;332;452;city297;284;421;city166;81;496;city99;111;74;city152;208;308;city167;285;247;city197;37;310;city141;437;423;city121;278;407;city298;286;393;city266;214;417;city171
145;city293;36;88;city257;214;5;city128;277;490;city67;386;369;city255;496;18;city54;167;250;city258;258;69;city55
135;city229;337;164;city79
174;city94;499;336;city147;74;213;city241;312;10;city277
157;city213;136;337;city96;363;329;city244;142;346;city73;475;449;city193;107;355;city68;346;110;city206;399;67;city131;389;386;city89;471;436;city265;32;132;city67
169;city79;294;255;city202;187;311;city210;140;262;city295;310;190;city68;55;245;city101;412;127;city77;58;353;city235;109;120;city274
137;city278;462;331;city97;214;142;city109;306;176;city153;287;441;city66;92;462;city90;253;477;city279;215;341;city232;429;141;city53;349;325;city151;202;140;city250;223;384;city251;115;73;city210;14;497;city222;465;500;city80;112;275;city198;383;369;city128;202;311;city287
168;city210;482;370;city264;10;322;city291;421;356;city136;177;59;city141;128;46;city65;451;207;city273;77;288;city84;340;301;city89;477;107;city130;20;244;city104;81;260;city228;325;3;city200;413;73;city176;106;30;city156;266;68;city207;167;471;city242;25;478;city135;360;418;city183
137;city278;462;331;city97;214;142;city109;306;176;city153;287;441;city66;92;462;city90;253;477;city279;215;341;city232;429;141;city53;349;325;city151;202;140;city250;223;384;city251;115;73;city210;14;497;city222;465;500;city80;112;275;city198;383;369;city128;202;311;city287
144;city218;285;469;city293;347;322;city178;233;306;city221;229;81;city273;283;85;city160;463;366;city111;115;36;city135;231;444;city223;353;224;city79;15;67;city139;35;233;city163
170;city226;463;103;city251;119;232;city227
157;city213;136;337;city96;363;329;city244;142;346;city73;475;449;city193;107;355;city68;346;110;city206;399;67;city131;389;386;city89;471;436;city265;32;132;city67
140;city278;265;161;city93
150;city188;488;383;city189;156;117;city95;174;403;city222;382;235;city217;25;434;city93;77;315;city106;104;9;city123;60;243;city129;223;48;city138;370;19;city245;240;445;city185;198;83;city88;170;444;city233;443;306;city121;268;307;city257;261;273;city242;423;323;city136
170;city226;463;103;city251;119;232;city227
173;city207;349;304;city284;281;200;city264;479;480;city206;444;106;city292;341;3;city199;35;389;city155;306;466;city72;495;458;city296
162;city255;484;368;city121;417;392;city114;78;269;city284;89;60;city291;52;418;city151;45;429;city160;335;344;city287;494;452;city164
151;city206;166;329;city278;61;401;city195;188;42;city123;77;493;city146;278;73;city108;140;495;city219;286;362;city215;498;164;city270;252;32;city163;477;429;city212;466;486;city145;433;173;city68
126;city147;392;357;city223;150;244;city276;311;447;city113;318;314;city88;485;42;city151;66;197;city232;321;144;city114;73;238;city148;392;210;city221;175;267;city291;294;310;city111;284;242;city211
151;city206;166;329;city278;61;401;city195;188;42;city123;77;493;city146;278;73;city108;140;495;city219;286;362;city215;498;164;city270;252;32;city163;477;429;city212;466;486;city145;433;173;city68
164;city59;85;433;city71;425;402;city93;443;154;city195;66;119;city69
140;city278;265;161;city93
133;city286;342;290;city77;70;311;city230;308;184;city155;274;381;city103;293;298;city145;474;270;city57;293;236;city134;393;101;city213;261;351;city131;402;6;city276;490;125;city215;490;483;city256;319;40;city272;366;291;city81;40;130;city250;366;209;city62;14;217;city239
140;city278;265;161;city93
128;city73;245;322;city251;164;8;city97;420;322;city67;139;478;city267
152;city57;206;297;city246
165;city197;149;460;city149;131;455;city162
162;city255;484;368;city121;417;392;city114;78;269;city284;89;60;city291;52;418;city151;45;429;city160;335;344;city287;494;452;city164
141;city167;174;475;city205;247;11;city180;219;397;city217;117;363;city59;333;331;city81;345;288;city269;303;321;city213;309;207;city245;115;439;city222;306;243;city199;40;92;city233;11;355;city117;109;289;city152;457;244;city294;346;233;city290;438;32;city84
138;city189;245;193;city89;250;290;city271;276;156;city232;38;452;city124;272;397;city120;144;245;city110;490;275;city116;313;347;city76;332;452;city297;284;421;city166;81;496;city99;111;74;city152;208;308;city167;285;247;city197;37;310;city141;437;423;city121;278;407;city298;286;393;city266;214;417;city171
147;city171;432;425;city234;303;75;city286;290;458;city232
174;city94;499;336;city147;74;213;city241;312;10;city277
159;city58;58;247;city50;444;321;city289;59;299;city276;452;255;city148;76;295;city169;338;163;city83;343;80;city202;469;302;city57;121;272;city285;322;386;city195;187;339;city114;163;375;city295;487;145;city92;142;9082;city197
141;city167;174;475;city205;247;11;city180;219;397;city217;117;363;city59;333;331;city81;345;288;city269;303;321;city213;309;207;city245;115;439;city222;306;243;city199;40;92;city233;11;355;city117;109;289;city152;457;244;city294;346;233;city290;438;32;city84
163;city117;183;249;city61;117;364;city197;267;366;city290;497;34;city273;312;386;city256;45;69;city111;320;248;city288;70;348;city135;273;237;city271;51;96;city52;235;478;city250
144;city218;285;469;city293;347;322;city178;233;306;city221;229;81;city273;283;85;city160;463;366;city111;115;36;city135;231;444;city223;353;224;city79;15;67;city139;35;233;city163
155;city160;171;413;city234;127;38;city76;220;265;city162;361;491;city256;394;104;city250;309;246;city103;201;210;city65;429;249;city126;142;64;city285;249;389;city227;433;34;city50
137;city278;462;331;city97;214;142;city109;306;176;city153;287;441;city66;92;462;city90;253;477;city279;215;341;city232;429;141;city53;349;325;city151;202;140;city250;223;384;city251;115;73;city210;14;497;city222;465;500;city80;112;275;city198;383;369;city128;202;311;city287
139;city63;349;226;city299;70;54;city128
154;city175;402;355;city69;437;41;city84;288;104;city103;403;11;city58;316;142;city223;3;373;city207;149;325;city222
163;city117;183;249;city61;117;364;city197;267;366;city290;497;34;city273;312;386;city256;45;69;city111;320;248;city288;70;348;city135;273;237;city271;51;96;city52;235;478;city250
140;city278;265;161;city93
153;city168;432;354;city62;279;47;city82;451;38;city75;76;275;city50;362;64;city177;315;106;city138;260;89;city261;43;477;city188;405;125;city98;133;223;city296;281;218;city121;191;264;city243;305;276;city212;293;477;city269
165;city197;149;460;city149;131;455;city162
162;city255;484;368;city121;417;392;city114;78;269;city284;89;60;city291;52;418;city151;45;429;city160;335;344;city287;494;452;city164
128;city73;245;322;city251;164;8;city97;420;322;city67;139;478;city267
136;city92;288;498;city212;352;68;city242
135;city229;337;164;city79
141;city167;174;475;city205;247;11;city180;219;397;city217;117;363;city59;333;331;city81;345;288;city269;303;321;city213;309;207;city245;115;439;city222;306;243;city199;40;92;city233;11;355;city117;109;289;city152;457;244;city294;346;233;city290;438;32;city84
162;city255;484;368;city121;417;392;city114;78;269;city284;89;60;city291;52;418;city151;45;429;city160;335;344;city287;494;452;city164
132;city117;68;67;city109;377;196;city215;134;176;city205;179;212;city64;48;304;city195;396;129;city292;315;7831;city235;481;196;city96;81;299;city120;263;473;city247;178;464;city237;441;163;city90;18;300;city70
144;city218;285;469;city293;347;322;city178;233;306;city221;229;81;city273;283;85;city160;463;366;city111;115;36;city135;231;444;city223;353;224;city79;15;67;city139;35;233;city163
139;city63;349;226;city299;70;54;city128
147;city171;432;425;city234;303;75;city286;290;458;city232
148;city196;302;300;city65;107;161;city251;386;212;city193;123;297;city209;222;404;city148;283;62;city137;222;276;city188;454;373;city168
143;city191;275;32;city115;51;465;city57;270;312;city239;52;341;city146;190;332;city135;223;372;city206;280;29;city258;469;156;city268;32;129;city162;319;264;city156;285;115;city85;7;477;city298;425;216;city279;464;496;city65;35;232;city269;279;9;city149;15;494;city188;328;318;city142;139;49;city270
142;city233;217;175;city277;161;164;city218;427;208;city200;394;159;city265;429;102;city105;144;323;city96
158;city160;172;174;city54;180;351;city73;104;25;city183;18;86;city115;295;167;city168;128;217;city132;167;475;city67;335;43;city273;499;335;city192;462;84;city213;313;126;city215;85;326;city254;288;442;city174
147;city171;432;425;city234;303;75;city286;290;458;city232
125;city66;348;493;city73;121;94;city167;128;471;city257;279;352;city60
129;city255;188;437;city120;97;383;city94;398;379;city51;89;462;city70;58;382;city198;291;111;city143;336;126;city194;351;163;city72;298;382;city245;441;240;city202;86;392;city231;21;164;city219;207;123;city54;75;228;city210;320;385;city146;215;7120;city168
125;city66;348;493;city73;121;94;city167;128;471;city257;279;352;city60
173;city207;349;304;city284;281;200;city264;479;480;city206;444;106;city292;341;3;city199;35;389;city155;306;466;city72;495;458;city296
165;city197;149;460;city149;131;455;city162
154;city175;402;355;city69;437;41;city84;288;104;city103;403;11;city58;316;142;city223;3;373;city207;149;325;city222
165;city197;149;460;city149;131;455;city162
144;city218;285;469;city293;347;322;city178;233;306;city221;229;81;city273;283;85;city160;463;366;city111;115;36;city135;231;444;city223;353;224;city79;15;67;city139;35;233;city163
126;city147;392;357;city223;150;244;city276;311;447;city113;318;314;city88;485;42;city151;66;197;city232;321;144;city114;73;238;city148;392;210;city221;175;267;city291;294;310;city111;284;242;city211
141;city167;174;475;city205;247;11;city180;219;397;city217;117;363;city59;333;331;city81;345;288;city269;303;321;city213;309;207;city245;115;439;city222;306;243;city199;40;92;city233;11;355;city117;109;289;city152;457;244;city294;346;233;city290;438;32;city84
158;city160;172;174;city54;180;351;city73;104;25;city183;18;86;city115;295;167;city168;128;217;city132;167;475;city67;335;43;city273;499;335;city192;462;84;city213;313;126;city215;85;326;city254;288;442;city174
161;city172;90;56;city69;131;278;city78;114;473;city194;418;457;city256;457;360;city164;473;151;city115;254;118;city246;400;313;city276;122;493;city249;498;107;city85;161;224;city236;282;242;city279;60;33;city173;95;278;city68;475;172;city263;25;290;city80;275;253;city219
167;city182;32;204;city161;347;445;city242;397;340;city72;464;475;city59;36;32;city100;318;17;city220;329;169;city127;392;361;city215;100;403;city136;320;32;city118;250;55;city67;455;473;city124
145;city293;36;88;city257;214;5;city128;277;490;city67;386;369;city255;496;18;city54;167;250;city258;258;69;city55
157;city213;136;337;city96;363;329;city244;142;346;city73;475;449;city193;107;355;city68;346;110;city206;399;67;city131;389;386;city89;471;436;city265;32;132;city67
162;city255;484;368;city121;417;392;city114;78;269;city284;89;60;city291;52;418;city151;45;429;city160;335;344;city287;494;452;city164
132;city117;68;67;city109;377;196;city215;134;176;city205;179;212;city64;48;304;city195;396;129;city292;315;7831;city235;481;196;city96;81;299;city120;263;473;city247;178;464;city237;441;163;city90;18;300;city70
167;city182;32;204;city161;347;445;city242;397;340;city72;464;475;city59;36;32;city100;318;17;city220;329;169;city127;392;361;city215;100;403;city136;320;32;city118;250;55;city67;455;473;city124
164;city59;85;433;city71;425;402;city93;443;154;city195;66;119;city69
172;city54;20;336;city147;227;25;city216;95;87;city79;211;11;city246;420;497;city69;442;433;city208;122;361;city75;395;239;city183;235;366;city298;212;309;city219;496;209;city95;278;444;city62;232;335;city227;264;347;city117
156;city277;471;266;city207;17;295;city120;456;253;city60;292;180;city255;109;135;city75;143;124;city167;85;82;city93
153;city168;432;354;city62;279;47;city82;451;38;city75;76;275;city50;362;64;city177;315;106;city138;260;89;city261;43;477;city188;405;125;city98;133;223;city296;281;218;city121;191;264;city243;305;276;city212;293;477;city269
131;city295;142;206;city148;174;80;city201;499;405;city297;472;207;city229;393;298;city63;198;380;city113;187;32;city101;402;229;city278;387;132;city145;170;138;city89;293;195;city114
172;city54;20;336;city147;227;25;city216;95;87;city79;211;11;city246;420;497;city69;442;433;city208;122;361;city75;395;239;city183;235;366;city298;212;309;city219;496;209;city95;278;444;city62;232;335;city227;264;347;city117
138;city189;245;193;city89;250;290;city271;276;156;city232;38;452;city124;272;397;city120;144;245;city110;490;275;city116;313;347;city76;332;452;city297;284;421;city166;81;496;city99;111;74;city152;208;308;city167;285;247;city197;37;310;city141;437;423;city121;278;407;city298;286;393;city266;214;417;city171
172;city54;20;336;city147;227;25;city216;95;87;city79;211;11;city246;420;497;city69;442;433;city208;122;361;city75;395;239;city183;235;366;city298;212;309;city219;496;209;city95;278;444;city62;232;335;city227;264;347;city117
153;city168;432;354;city62;279;47;city82;451;38;city75;76;275;city50;362;64;city177;315;106;city138;260;89;city261;43;477;city188;405;125;city98;133;223;city296;281;218;city121;191;264;city243;305;276;city212;293;477;city269
145;city293;36;88;city257;214;5;city128;277;490;city67;386;369;city255;496;18;city54;167;250;city258;258;69;city55
132;city117;68;67;city109;377;196;city215;134;176;city205;179;212;city64;48;304;city195;396;129;city292;315;7831;city235;481;196;city96;81;299;city120;263;473;city247;178;464;city237;441;163;city90;18;300;city70
129;city255;188;437;city120;97;383;city94;398;379;city51;89;462;city70;58;382;city198;291;111;city143;336;126;city194;351;163;city72;298;382;city245;441;240;city202;86;392;city231;21;164;city219;207;123;city54;75;228;city210;320;385;city146;215;7120;city168
132;city117;68;67;city109;377;196;city215;134;176;city205;179;212;city64;48;304;city195;396;129;city292;315;7831;city235;481;196;city96;81;299;city120;263;473;city247;178;464;city237;441;163;city90;18;300;city70
155;city160;171;413;city234;127;38;city76;220;265;city162;361;491;city256;394;104;city250;309;246;city103;201;210;city65;429;249;city126;142;64;city285;249;389;city227;433;34;city50
146;city106;302;374;city285;168;18;city136;421;380;city123;475;100;city282;52;460;city180;193;9;city146;298;423;city219;468;361;city198;326;358;city274;327;87;city222;217;232;city142;165;491;city163;369;178;city150;204;261;city268;122;481;city262
133;city286;342;290;city77;70;311;city230;308;184;city155;274;381;city103;293;298;city145;474;270;city57;293;236;city134;393;101;city213;261;351;city131;402;6;city276;490;125;city215;490;483;city256;319;40;city272;366;291;city81;40;130;city250;366;209;city62;14;217;city239
131;city295;142;206;city148;174;80;city201;499;405;city297;472;207;city229;393;298;city63;198;380;city113;187;32;city101;402;229;city278;387;132;city145;170;138;city89;293;195;city114
133;city286;342;290;city77;70;311;city230;308;184;city155;274;381;city103;293;298;city145;474;270;city57;293;236;city134;393;101;city213;261;351;city131;402;6;city276;490;125;city215;490;483;city256;319;40;city272;366;291;city81;40;130;city250;366;209;city62;14;217;city239
157;city213;136;337;city96;363;329;city244;142;346;city73;475;449;city193;107;355;city68;346;110;city206;399;67;city131;389;386;city89;471;436;city265;32;132;city67
172;city54;20;336;city147;227;25;city216;95;87;city79;211;11;city246;420;497;city69;442;433;city208;122;361;city75;395;239;city183;235;366;city298;212;309;city219;496;209;city95;278;444;city62;232;335;city227;264;347;city117
151;city206;166;329;city278;61;401;city195;188;42;city123;77;493;city146;278;73;city108;140;495;city219;286;362;city215;498;164;city270;252;32;city163;477;429;city212;466;486;city145;433;173;city68
165;city197;149;460;city149;131;455;city162
132;city117;68;67;city109;377;196;city215;134;176;city205;179;212;city64;48;304;city195;396;129;city292;315;7831;city235;481;196;city96;81;299;city120;263;473;city247;178;464;city237;441;163;city90;18;300;city70
151;city206;166;329;city278;61;401;city195;188;42;city123;77;493;city146;278;73;city108;140;495;city219;286;362;city215;498;164;city270;252;32;city163;477;429;city212;466;486;city145;433;173;city68
158;city160;172;174;city54;180;351;city73;104;25;city183;18;86;city115;295;167;city168;128;217;city132;167;475;city67;335;43;city273;499;335;city192;462;84;city213;313;126;city215;85;326;city254;288;442;city174
172;city54;20;336;city147;227;25;city216;95;87;city79;211;11;city246;420;497;city69;442;433;city208;122;361;city75;395;239;city183;235;366;city298;212;309;city219;496;209;city95;278;444;city62;232;335;city227;264;347;city117
164;city59;85;433;city71;425;402;city93;443;154;city195;66;119;city69
157;city213;136;337;city96;363;329;city244;142;346;city73;475;449;city193;107;355;city68;346;110;city206;399;67;city131;389;386;city89;471;436;city265;32;132;city67
148;city196;302;300;city65;107;161;city251;386;212;city193;123;297;city209;222;404;city148;283;62;city137;222;276;city188;454;373;city168
135;city229;337;164;city79
127;city53;431;147;city296;486;470;city136;488;110;city163
173;city207;349;304;city284;281;200;city264;479;480;city206;444;106;city292;341;3;city199;35;389;city155;306;466;city72;495;458;city296
149;city213;482;275;city66;400;403;city102;295;277;city64;488;243;city253;311;431;city106;292;488;city171
141;city167;174;475;city205;247;11;city180;219;397;city217;117;363;city59;333;331;city81;345;288;city269;303;321;city213;309;207;city245;115;439;city222;306;243;city199;40;92;city233;11;355;city117;109;289;city152;457;244;city294;346;233;city290;438;32;city84
172;city54;20;336;city147;227;25;city216;95;87;city79;211;11;city246;420;497;city69;442;433;city208;122;361;city75;395;239;city183;235;366;city298;212;309;city219;496;209;city95;278;444;city62;232;335;city227;264;347;city117
149;city213;482;275;city66;400;403;city102;295;277;city64;488;243;city253;311;431;city106;292;488;city171
167;city182;32;204;city161;347;445;city242;397;340;city72;464;475;city59;36;32;city100;318;17;city220;329;169;city127;392;361;city215;100;403;city136;320;32;city118;250;55;city67;455;473;city124
153;city168;432;354;city62;279;47;city82;451;38;city75;76;275;city50;362;64;city177;315;106;city138;260;89;city261;43;477;city188;405;125;city98;133;223;city296;281;218;city121;191;264;city243;305;276;city212;293;477;city269
