


















143;city88;488;276;city258;416;164;city254;272;187;city217;393;446;city202;27;158;city90;360;123;city92;265;242;city112;419;174;city187;342;256;city140;308;183;city176;58;355;city280;19;244;city91


149;city115;370;88;city212;14;223;city262;270;61;city120;455;192;city236
146;city55;126;180;city169;289;214;city87;255;214;city66;26;246;city265;116;50;city65
155;city296;403;82;city175;437;311;city239;325;315;city242;499;451;city108;218;141;city248;299;358;city228;218;247;city291;182;19;city106;244;292;city168;72;387;city223;95;406;city163;282;215;city213;110;209;city155;425;253;city66
135;city259;447;124;city96;16;388;city107;346;150;city97;345;287;city295;384;246;city182
145;city94;407;116;city145;454;327;city101;384;243;city269

146;city55;126;180;city169;289;214;city87;255;214;city66;26;246;city265;116;50;city65


149;city115;370;88;city212;14;223;city262;270;61;city120;455;192;city236

149;city115;370;88;city212;14;223;city262;270;61;city120;455;192;city236
146;city55;126;180;city169;289;214;city87;255;214;city66;26;246;city265;116;50;city65



174;city182;429;198;city76;219;480;city113;327;261;city265;329;57;city288;464;166;city136;388;202;city143;499;123;city62;144;373;city126;54;111;city192;152;246;city225;320;325;city187;422;241;city81

146;city55;126;180;city169;289;214;city87;255;214;city66;26;246;city265;116;50;city65




154;city283;352;120;city89;367;188;city183;293;343;city170;276;73;city222;415;411;city177;221;182;city260;401;485;city294;11;356;city74;149;257;city133;337;118;city178;413;95;city84;202;406;city63;74;363;city76;101;162;city171
158;city178;392;361;city108;81;51;city126;120;427;city173;83;338;city186;158;66;city198;390;180;city257;324;464;city122;236;270;city167
126;city57;40;297;city291;390;393;city261;280;442;city265;4;178;city272;10;26;city146;403;411;city138;151;475;city98;458;382;city55;213;307;city122;9;336;city160;297;423;city247;240;426;city126;256;272;city204;22;197;city297;25;388;city196;280;68;city275


125;city295;166;388;city57;60;489;city232;76;394;city293;200;324;city90;43;401;city157;204;446;city113;425;418;city181;388;341;city131;41;104;city167;438;111;city245;450;127;city296;456;285;city231;219;320;city192
163;city276;495;462;city66;300;306;city152;380;164;city281;333;470;city252;200;24;city103;82;491;city225;345;260;city129;450;280;city71;308;268;city90;224;330;city162;356;186;city126;272;422;city133;373;322;city97;309;221;city207;157;328;city253;432;180;city265;398;300;city251;81;183;city229;33;41;city98


158;city178;392;361;city108;81;51;city126;120;427;city173;83;338;city186;158;66;city198;390;180;city257;324;464;city122;236;270;city167


158;city178;392;361;city108;81;51;city126;120;427;city173;83;338;city186;158;66;city198;390;180;city257;324;464;city122;236;270;city167


171;city285;403;368;city134;396;84;city114;442;11;city127;111;288;city295;147;208;city117;161;294;city279;13;468;city113;424;180;city123;64;4;city196
125;city295;166;388;city57;60;489;city232;76;394;city293;200;324;city90;43;401;city157;204;446;city113;425;418;city181;388;341;city131;41;104;city167;438;111;city245;450;127;city296;456;285;city231;219;320;city192

144;city122;59;307;city265;111;150;city249;3;324;city293;453;396;city231;254;391;city69

149;city115;370;88;city212;14;223;city262;270;61;city120;455;192;city236
167;city155;311;74;city64;333;348;city247;298;182;city201;433;259;city288;238;422;city159;493;140;city136;39;26;city131;470;395;city105;168;424;city268
132;city250;129;26;city293;453;368;city203;122;349;city151;337;240;city263;118;157;city90;30;352;city225;26;166;city110
171;city285;403;368;city134;396;84;city114;442;11;city127;111;288;city295;147;208;city117;161;294;city279;13;468;city113;424;180;city123;64;4;city196


145;city94;407;116;city145;454;327;city101;384;243;city269

143;city88;488;276;city258;416;164;city254;272;187;city217;393;446;city202;27;158;city90;360;123;city92;265;242;city112;419;174;city187;342;256;city140;308;183;city176;58;355;city280;19;244;city91
163;city276;495;462;city66;300;306;city152;380;164;city281;333;470;city252;200;24;city103;82;491;city225;345;260;city129;450;280;city71;308;268;city90;224;330;city162;356;186;city126;272;422;city133;373;322;city97;309;221;city207;157;328;city253;432;180;city265;398;300;city251;81;183;city229;33;41;city98
155;city296;403;82;city175;437;311;city239;325;315;city242;499;451;city108;218;141;city248;299;358;city228;218;247;city291;182;19;city106;244;292;city168;72;387;city223;95;406;city163;282;215;city213;110;209;city155;425;253;city66
171;city285;403;368;city134;396;84;city114;442;11;city127;111;288;city295;147;208;city117;161;294;city279;13;468;city113;424;180;city123;64;4;city196
162;city80;186;24;city243;407;358;city163;327;31;city96;279;492;city291;79;123;city187;35;361;city295;341;111;city271;328;81;city186;183;62;city175;426;308;city252;128;361;city115;290;378;city284

158;city178;392;361;city108;81;51;city126;120;427;city173;83;338;city186;158;66;city198;390;180;city257;324;464;city122;236;270;city167
131;city81;143;383;city60;500;7;city256;411;412;city126;135;56;city215;58;142;city158;127;130;city172;147;45;city91;279;152;city188;462;180;city181;130;452;city130;39;266;city137;219;311;city204;39;401;city72;11;272;city117;453;170;city196;220;166;city231
140;city182;447;422;city290;159;153;city55;221;334;city187;313;126;city134;46;405;city70;366;247;city264;498;500;city87;159;315;city118;267;9;city145;43;441;city82;228;443;city92;145;232;city293;455;421;city188;137;276;city279;212;95;city205;151;322;city76;434;5;city116;15;3460;city297
173;city152;384;81;city292
140;city182;447;422;city290;159;153;city55;221;334;city187;313;126;city134;46;405;city70;366;247;city264;498;500;city87;159;315;city118;267;9;city145;43;441;city82;228;443;city92;145;232;city293;455;421;city188;137;276;city279;212;95;city205;151;322;city76;434;5;city116;15;3460;city297
157;city120;431;411;city250;401;162;city228;92;412;city118;134;87;city202;186;294;city175;76;372;city169;6;314;city215;38;111;city288;237;240;city104;287;219;city184;191;391;city77;382;466;city85;307;303;city192
168;city103;366;121;city205;276;414;city84;74;321;city155;475;127;city99;317;409;city148;183;204;city169
174;city182;429;198;city76;219;480;city113;327;261;city265;329;57;city288;464;166;city136;388;202;city143;499;123;city62;144;373;city126;54;111;city192;152;246;city225;320;325;city187;422;241;city81
132;city250;129;26;city293;453;368;city203;122;349;city151;337;240;city263;118;157;city90;30;352;city225;26;166;city110
131;city81;143;383;city60;500;7;city256;411;412;city126;135;56;city215;58;142;city158;127;130;city172;147;45;city91;279;152;city188;462;180;city181;130;452;city130;39;266;city137;219;311;city204;39;401;city72;11;272;city117;453;170;city196;220;166;city231

148;city118;87;447;city156;200;447;city166;164;42;city151;332;340;city291;330;327;city259;254;73;city165;89;61;city76;209;31;city51;173;374;city173;327;280;city68;69;495;city112;56;32;city283;67;311;city221
173;city152;384;81;city292
170;city193;484;146;city54;438;181;city255;406;89;city146;355;196;city188;188;428;city292;358;168;city276;465;196;city80;329;371;city234;351;366;city196;99;91;city134;459;330;city103;202;402;city83
155;city296;403;82;city175;437;311;city239;325;315;city242;499;451;city108;218;141;city248;299;358;city228;218;247;city291;182;19;city106;244;292;city168;72;387;city223;95;406;city163;282;215;city213;110;209;city155;425;253;city66
168;city103;366;121;city205;276;414;city84;74;321;city155;475;127;city99;317;409;city148;183;204;city169
149;city115;370;88;city212;14;223;city262;270;61;city120;455;192;city236





171;city285;403;368;city134;396;84;city114;442;11;city127;111;288;city295;147;208;city117;161;294;city279;13;468;city113;424;180;city123;64;4;city196
128;city295;20;231;city241;63;98;city189;186;410;city71;191;330;city188;261;377;city203;496;275;city237;122;21;city290;91;370;city58;378;46;city283;456;290;city62;73;275;city93;246;242;city277;263;283;city186;341;11;city116;82;245;city103;377;439;city213;79;2;city299;397;150;city64
140;city182;447;422;city290;159;153;city55;221;334;city187;313;126;city134;46;405;city70;366;247;city264;498;500;city87;159;315;city118;267;9;city145;43;441;city82;228;443;city92;145;232;city293;455;421;city188;137;276;city279;212;95;city205;151;322;city76;434;5;city116;15;3460;city297
155;city296;403;82;city175;437;311;city239;325;315;city242;499;451;city108;218;141;city248;299;358;city228;218;247;city291;182;19;city106;244;292;city168;72;387;city223;95;406;city163;282;215;city213;110;209;city155;425;253;city66
140;city182;447;422;city290;159;153;city55;221;334;city187;313;126;city134;46;405;city70;366;247;city264;498;500;city87;159;315;city118;267;9;city145;43;441;city82;228;443;city92;145;232;city293;455;421;city188;137;276;city279;212;95;city205;151;322;city76;434;5;city116;15;3460;city297

156;city79;72;215;city100;16;400;city208;378;182;city55;60;54;city117
171;city285;403;368;city134;396;84;city114;442;11;city127;111;288;city295;147;208;city117;161;294;city279;13;468;city113;424;180;city123;64;4;city196
145;city94;407;116;city145;454;327;city101;384;243;city269

143;city88;488;276;city258;416;164;city254;272;187;city217;393;446;city202;27;158;city90;360;123;city92;265;242;city112;419;174;city187;342;256;city140;308;183;city176;58;355;city280;19;244;city91

140;city182;447;422;city290;159;153;city55;221;334;city187;313;126;city134;46;405;city70;366;247;city264;498;500;city87;159;315;city118;267;9;city145;43;441;city82;228;443;city92;145;232;city293;455;421;city188;137;276;city279;212;95;city205;151;322;city76;434;5;city116;15;3460;city297
145;city94;407;116;city145;454;327;city101;384;243;city269
131;city81;143;383;city60;500;7;city256;411;412;city126;135;56;city215;58;142;city158;127;130;city172;147;45;city91;279;152;city188;462;180;city181;130;452;city130;39;266;city137;219;311;city204;39;401;city72;11;272;city117;453;170;city196;220;166;city231
163;city276;495;462;city66;300;306;city152;380;164;city281;333;470;city252;200;24;city103;82;491;city225;345;260;city129;450;280;city71;308;268;city90;224;330;city162;356;186;city126;272;422;city133;373;322;city97;309;221;city207;157;328;city253;432;180;city265;398;300;city251;81;183;city229;33;41;city98
135;city259;447;124;city96;16;388;city107;346;150;city97;345;287;city295;384;246;city182
146;city55;126;180;city169;289;214;city87;255;214;city66;26;246;city265;116;50;city65
143;city88;488;276;city258;416;164;city254;272;187;city217;393;446;city202;27;158;city90;360;123;city92;265;242;city112;419;174;city187;342;256;city140;308;183;city176;58;355;city280;19;244;city91
155;city296;403;82;city175;437;311;city239;325;315;city242;499;451;city108;218;141;city248;299;358;city228;218;247;city291;182;19;city106;244;292;city168;72;387;city223;95;406;city163;282;215;city213;110;209;city155;425;253;city66
162;city80;186;24;city243;407;358;city163;327;31;city96;279;492;city291;79;123;city187;35;361;city295;341;111;city271;328;81;city186;183;62;city175;426;308;city252;128;361;city115;290;378;city284
173;city152;384;81;city292
164;city255;110;235;city223;151;27;city64;142;35;city129;345;242;city134;481;105;city105;464;186;city220;366;55;city79;82;340;city171;490;428;city113;257;159;city182;335;301;city195;257;161;city144;322;350;city297;325;134;city266;10;422;city211;442;42;city269;198;446;city215;172;132;city145;450;57;city248
172;city71;404;105;city117;21;492;city109;326;409;city174;499;414;city179;149;2;city260;197;217;city208;163;337;city139;327;384;city135;67;500;city187;399;420;city263;496;42;city209;323;249;city118;65;343;city191;281;400;city124;188;301;city294;310;104;city114;259;298;city181
129;city160;266;48;city295;346;209;city144;165;414;city231;111;432;city212
141;city146;474;202;city153;417;285;city83;375;496;city141;249;484;city80;9;248;city125;316;191;city134;367;218;city239;256;408;city257;422;153;city228;218;203;city91;262;156;city54;399;291;city140;214;151;city256;165;167;city159;452;214;city148
135;city259;447;124;city96;16;388;city107;346;150;city97;345;287;city295;384;246;city182
170;city193;484;146;city54;438;181;city255;406;89;city146;355;196;city188;188;428;city292;358;168;city276;465;196;city80;329;371;city234;351;366;city196;99;91;city134;459;330;city103;202;402;city83
144;city122;59;307;city265;111;150;city249;3;324;city293;453;396;city231;254;391;city69
140;city182;447;422;city290;159;153;city55;221;334;city187;313;126;city134;46;405;city70;366;247;city264;498;500;city87;159;315;city118;267;9;city145;43;441;city82;228;443;city92;145;232;city293;455;421;city188;137;276;city279;212;95;city205;151;322;city76;434;5;city116;15;3460;city297
125;city295;166;388;city57;60;489;city232;76;394;city293;200;324;city90;43;401;city157;204;446;city113;425;418;city181;388;341;city131;41;104;city167;438;111;city245;450;127;city296;456;285;city231;219;320;city192
167;city155;311;74;city64;333;348;city247;298;182;city201;433;259;city288;238;422;city159;493;140;city136;39;26;city131;470;395;city105;168;424;city268
164;city255;110;235;city223;151;27;city64;142;35;city129;345;242;city134;481;105;city105;464;186;city220;366;55;city79;82;340;city171;490;428;city113;257;159;city182;335;301;city195;257;161;city144;322;350;city297;325;134;city266;10;422;city211;442;42;city269;198;446;city215;172;132;city145;450;57;city248
152;city82;174;98;city245;425;7;city87;15;88;city246;300;286;city250;420;193;city236;16;406;city75;349;405;city170;181;423;city173;221;208;city81
144;city122;59;307;city265;111;150;city249;3;324;city293;453;396;city231;254;391;city69
129;city160;266;48;city295;346;209;city144;165;414;city231;111;432;city212

164;city255;110;235;city223;151;27;city64;142;35;city129;345;242;city134;481;105;city105;464;186;city220;366;55;city79;82;340;city171;490;428;city113;257;159;city182;335;301;city195;257;161;city144;322;350;city297;325;134;city266;10;422;city211;442;42;city269;198;446;city215;172;132;city145;450;57;city248
141;city146;474;202;city153;417;285;city83;375;496;city141;249;484;city80;9;248;city125;316;191;city134;367;218;city239;256;408;city257;422;153;city228;218;203;city91;262;156;city54;399;291;city140;214;151;city256;165;167;city159;452;214;city148

134;city182;450;242;city56;233;412;city118;60;484;city207;245;213;city160;25;365;city279;206;61;city193;142;288;city295;317;240;city276;478;70;city242;249;255;city233;278;471;city258;414;254;city124;219;460;city61
162;city80;186;24;city243;407;358;city163;327;31;city96;279;492;city291;79;123;city187;35;361;city295;341;111;city271;328;81;city186;183;62;city175;426;308;city252;128;361;city115;290;378;city284
133;city281;23;20;city272;235;329;city247;119;250;city56;137;227;city210;439;347;city196;330;198;city105;284;161;city213;157;356;city188;325;347;city208;426;196;city198;291;392;city280;79;218;city148;284;409;city253;429;428;city119;138;126;city127;301;82;city61;253;108;city211;400;474;city101
138;city81;472;468;city77;291;440;city114;69;484;city157;396;94;city51;478;325;city82;260;437;city239;387;100;city214;138;217;city60;195;457;city180;153;247;city184;99;66;city150;193;37;city194;377;53;city218;238;424;city98;203;376;city103;91;185;city271;399;383;city282;415;28;city283;15;39;city270
167;city155;311;74;city64;333;348;city247;298;182;city201;433;259;city288;238;422;city159;493;140;city136;39;26;city131;470;395;city105;168;424;city268
167;city155;311;74;city64;333;348;city247;298;182;city201;433;259;city288;238;422;city159;493;140;city136;39;26;city131;470;395;city105;168;424;city268
138;city81;472;468;city77;291;440;city114;69;484;city157;396;94;city51;478;325;city82;260;437;city239;387;100;city214;138;217;city60;195;457;city180;153;247;city184;99;66;city150;193;37;city194;377;53;city218;238;424;city98;203;376;city103;91;185;city271;399;383;city282;415;28;city283;15;39;city270
174;city182;429;198;city76;219;480;city113;327;261;city265;329;57;city288;464;166;city136;388;202;city143;499;123;city62;144;373;city126;54;111;city192;152;246;city225;320;325;city187;422;241;city81
132;city250;129;26;city293;453;368;city203;122;349;city151;337;240;city263;118;157;city90;30;352;city225;26;166;city110
164;city255;110;235;city223;151;27;city64;142;35;city129;345;242;city134;481;105;city105;464;186;city220;366;55;city79;82;340;city171;490;428;city113;257;159;city182;335;301;city195;257;161;city144;322;350;city297;325;134;city266;10;422;city211;442;42;city269;198;446;city215;172;132;city145;450;57;city248
149;city115;370;88;city212;14;223;city262;270;61;city120;455;192;city236
144;city122;59;307;city265;111;150;city249;3;324;city293;453;396;city231;254;391;city69
149;city115;370;88;city212;14;223;city262;270;61;city120;455;192;city236
165;city137;378;379;city60;177;63;city93;347;240;city169;399;227;city298;312;300;city237;118;413;city126;60;171;city61;384;253;city271;88;254;city219;169;434;city116;47;359;city262;234;404;city81;356;458;city190;317;453;city176;47;84;city181;452;326;city260;188;479;city105;299;39;city216
132;city250;129;26;city293;453;368;city203;122;349;city151;337;240;city263;118;157;city90;30;352;city225;26;166;city110
136;city121;491;130;city134;296;477;city272;339;169;city250
142;city75;87;171;city111;136;423;city251;294;216;city133;426;128;city121;23;428;city149;353;270;city208;78;29;city235;24;81;city95;428;278;city77;32;40;city59;80;55;city239
147;city93;229;218;city279;258;497;city234;97;398;city142;482;72;city157;102;271;city240;374;265;city261;257;424;city205;473;100;city295
165;city137;378;379;city60;177;63;city93;347;240;city169;399;227;city298;312;300;city237;118;413;city126;60;171;city61;384;253;city271;88;254;city219;169;434;city116;47;359;city262;234;404;city81;356;458;city190;317;453;city176;47;84;city181;452;326;city260;188;479;city105;299;39;city216
154;city283;352;120;city89;367;188;city183;293;343;city170;276;73;city222;415;411;city177;221;182;city260;401;485;city294;11;356;city74;149;257;city133;337;118;city178;413;95;city84;202;406;city63;74;363;city76;101;162;city171

141;city146;474;202;city153;417;285;city83;375;496;city141;249;484;city80;9;248;city125;316;191;city134;367;218;city239;256;408;city257;422;153;city228;218;203;city91;262;156;city54;399;291;city140;214;151;city256;165;167;city159;452;214;city148
132;city250;129;26;city293;453;368;city203;122;349;city151;337;240;city263;118;157;city90;30;352;city225;26;166;city110
168;city103;366;121;city205;276;414;city84;74;321;city155;475;127;city99;317;409;city148;183;204;city169
141;city146;474;202;city153;417;285;city83;375;496;city141;249;484;city80;9;248;city125;316;191;city134;367;218;city239;256;408;city257;422;153;city228;218;203;city91;262;156;city54;399;291;city140;214;151;city256;165;167;city159;452;214;city148
158;city178;392;361;city108;81;51;city126;120;427;city173;83;338;city186;158;66;city198;390;180;city257;324;464;city122;236;270;city167
163;city276;495;462;city66;300;306;city152;380;164;city281;333;470;city252;200;24;city103;82;491;city225;345;260;city129;450;280;city71;308;268;city90;224;330;city162;356;186;city126;272;422;city133;373;322;city97;309;221;city207;157;328;city253;432;180;city265;398;300;city251;81;183;city229;33;41;city98
137;city243;241;452;city101;178;275;city57;358;146;city257;473;408;city172;199;195;city197;92;407;city136
169;city258;302;155;city236;313;467;city67;398;389;city240;153;291;city297;350;68;city109;21;412;city243;428;299;city173;92;338;city180;44;353;city238;200;73;city169;107;458;city142;68;60;city229
132;city250;129;26;city293;453;368;city203;122;349;city151;337;240;city263;118;157;city90;30;352;city225;26;166;city110
161;city58;191;403;city111;380;289;city243;65;268;city251;128;443;city201;120;139;city295;163;197;city177;238;142;city176;166;241;city202
148;city118;87;447;city156;200;447;city166;164;42;city151;332;340;city291;330;327;city259;254;73;city165;89;61;city76;209;31;city51;173;374;city173;327;280;city68;69;495;city112;56;32;city283;67;311;city221
130;city280;488;291;city202;78;316;city73;150;240;city277;195;327;city121
164;city255;110;235;city223;151;27;city64;142;35;city129;345;242;city134;481;105;city105;464;186;city220;366;55;city79;82;340;city171;490;428;city113;257;159;city182;335;301;city195;257;161;city144;322;350;city297;325;134;city266;10;422;city211;442;42;city269;198;446;city215;172;132;city145;450;57;city248
137;city243;241;452;city101;178;275;city57;358;146;city257;473;408;city172;199;195;city197;92;407;city136
133;city281;23;20;city272;235;329;city247;119;250;city56;137;227;city210;439;347;city196;330;198;city105;284;161;city213;157;356;city188;325;347;city208;426;196;city198;291;392;city280;79;218;city148;284;409;city253;429;428;city119;138;126;city127;301;82;city61;253;108;city211;400;474;city101
137;city243;241;452;city101;178;275;city57;358;146;city257;473;408;city172;199;195;city197;92;407;city136
159;city224;10;351;city74
126;city57;40;297;city291;390;393;city261;280;442;city265;4;178;city272;10;26;city146;403;411;city138;151;475;city98;458;382;city55;213;307;city122;9;336;city160;297;423;city247;240;426;city126;256;272;city204;22;197;city297;25;388;city196;280;68;city275
139;city103;382;391;city158;446;424;city196;418;26;city160;131;161;city150;195;264;city255;214;273;city201;251;283;city189;215;332;city188;355;114;city153;144;388;city286;494;61;city83;209;162;city170;116;6;city192;316;492;city246;171;85;city238;376;247;city119;323;123;city123
174;city182;429;198;city76;219;480;city113;327;261;city265;329;57;city288;464;166;city136;388;202;city143;499;123;city62;144;373;city126;54;111;city192;152;246;city225;320;325;city187;422;241;city81
155;city296;403;82;city175;437;311;city239;325;315;city242;499;451;city108;218;141;city248;299;358;city228;218;247;city291;182;19;city106;244;292;city168;72;387;city223;95;406;city163;282;215;city213;110;209;city155;425;253;city66
157;city120;431;411;city250;401;162;city228;92;412;city118;134;87;city202;186;294;city175;76;372;city169;6;314;city215;38;111;city288;237;240;city104;287;219;city184;191;391;city77;382;466;city85;307;303;city192
126;city57;40;297;city291;390;393;city261;280;442;city265;4;178;city272;10;26;city146;403;411;city138;151;475;city98;458;382;city55;213;307;city122;9;336;city160;297;423;city247;240;426;city126;256;272;city204;22;197;city297;25;388;city196;280;68;city275
129;city160;266;48;city295;346;209;city144;165;414;city231;111;432;city212
136;city121;491;130;city134;296;477;city272;339;169;city250
161;city58;191;403;city111;380;289;city243;65;268;city251;128;443;city201;120;139;city295;163;197;city177;238;142;city176;166;241;city202
135;city259;447;124;city96;16;388;city107;346;150;city97;345;287;city295;384;246;city182
133;city281;23;20;city272;235;329;city247;119;250;city56;137;227;city210;439;347;city196;330;198;city105;284;161;city213;157;356;city188;325;347;city208;426;196;city198;291;392;city280;79;218;city148;284;409;city253;429;428;city119;138;126;city127;301;82;city61;253;108;city211;400;474;city101
155;city296;403;82;city175;437;311;city239;325;315;city242;499;451;city108;218;141;city248;299;358;city228;218;247;city291;182;19;city106;244;292;city168;72;387;city223;95;406;city163;282;215;city213;110;209;city155;425;253;city66
126;city57;40;297;city291;390;393;city261;280;442;city265;4;178;city272;10;26;city146;403;411;city138;151;475;city98;458;382;city55;213;307;city122;9;336;city160;297;423;city247;240;426;city126;256;272;city204;22;197;city297;25;388;city196;280;68;city275
130;city280;488;291;city202;78;316;city73;150;240;city277;195;327;city121
130;city280;488;291;city202;78;316;city73;150;240;city277;195;327;city121
142;city75;87;171;city111;136;423;city251;294;216;city133;426;128;city121;23;428;city149;353;270;city208;78;29;city235;24;81;city95;428;278;city77;32;40;city59;80;55;city239
166;city264;401;43;city144;87;151;city237;79;128;city91;425;37;city89;45;250;city219;390;280;city254;494;270;city242
154;city283;352;120;city89;367;188;city183;293;343;city170;276;73;city222;415;411;city177;221;182;city260;401;485;city294;11;356;city74;149;257;city133;337;118;city178;413;95;city84;202;406;city63;74;363;city76;101;162;city171
135;city259;447;124;city96;16;388;city107;346;150;city97;345;287;city295;384;246;city182
160;city270;434;330;city228;154;209;city100;6;380;city143;497;339;city112;366;97;city215;276;151;city296;245;323;city206;283;82;city275;337;205;city138;448;304;city96;121;366;city145;279;92;city66;454;260;city247;285;167;city223;375;91;city166;448;475;city129;224;278;city170;445;270;city95;381;405;city278
156;city79;72;215;city100;16;400;city208;378;182;city55;60;54;city117
146;city55;126;180;city169;289;214;city87;255;214;city66;26;246;city265;116;50;city65
136;city121;491;130;city134;296;477;city272;339;169;city250
139;city103;382;391;city158;446;424;city196;418;26;city160;131;161;city150;195;264;city255;214;273;city201;251;283;city189;215;332;city188;355;114;city153;144;388;city286;494;61;city83;209;162;city170;116;6;city192;316;492;city246;171;85;city238;376;247;city119;323;123;city123
130;city280;488;291;city202;78;316;city73;150;240;city277;195;327;city121
167;city155;311;74;city64;333;348;city247;298;182;city201;433;259;city288;238;422;city159;493;140;city136;39;26;city131;470;395;city105;168;424;city268
174;city182;429;198;city76;219;480;city113;327;261;city265;329;57;city288;464;166;city136;388;202;city143;499;123;city62;144;373;city126;54;111;city192;152;246;city225;320;325;city187;422;241;city81
138;city81;472;468;city77;291;440;city114;69;484;city157;396;94;city51;478;325;city82;260;437;city239;387;100;city214;138;217;city60;195;457;city180;153;247;city184;99;66;city150;193;37;city194;377;53;city218;238;424;city98;203;376;city103;91;185;city271;399;383;city282;415;28;city283;15;39;city270
145;city94;407;116;city145;454;327;city101;384;243;city269
170;city193;484;146;city54;438;181;city255;406;89;city146;355;196;city188;188;428;city292;358;168;city276;465;196;city80;329;371;city234;351;366;city196;99;91;city134;459;330;city103;202;402;city83
128;city295;20;231;city241;63;98;city189;186;410;city71;191;330;city188;261;377;city203;496;275;city237;122;21;city290;91;370;city58;378;46;city283;456;290;city62;73;275;city93;246;242;city277;263;283;city186;341;11;city116;82;245;city103;377;439;city213;79;2;city299;397;150;city64
144;city122;59;307;city265;111;150;city249;3;324;city293;453;396;city231;254;391;city69
134;city182;450;242;city56;233;412;city118;60;484;city207;245;213;city160;25;365;city279;206;61;city193;142;288;city295;317;240;city276;478;70;city242;249;255;city233;278;471;city258;414;254;city124;219;460;city61
161;city58;191;403;city111;380;289;city243;65;268;city251;128;443;city201;120;139;city295;163;197;city177;238;142;city176;166;241;city202
157;city120;431;411;city250;401;162;city228;92;412;city118;134;87;city202;186;294;city175;76;372;city169;6;314;city215;38;111;city288;237;240;city104;287;219;city184;191;391;city77;382;466;city85;307;303;city192
165;city137;378;379;city60;177;63;city93;347;240;city169;399;227;city298;312;300;city237;118;413;city126;60;171;city61;384;253;city271;88;254;city219;169;434;city116;47;359;city262;234;404;city81;356;458;city190;317;453;city176;47;84;city181;452;326;city260;188;479;city105;299;39;city216
164;city255;110;235;city223;151;27;city64;142;35;city129;345;242;city134;481;105;city105;464;186;city220;366;55;city79;82;340;city171;490;428;city113;257;159;city182;335;301;city195;257;161;city144;322;350;city297;325;134;city266;10;422;city211;442;42;city269;198;446;city215;172;132;city145;450;57;city248
147;city93;229;218;city279;258;497;city234;97;398;city142;482;72;city157;102;271;city240;374;265;city261;257;424;city205;473;100;city295
173;city152;384;81;city292
148;city118;87;447;city156;200;447;city166;164;42;city151;332;340;city291;330;327;city259;254;73;city165;89;61;city76;209;31;city51;173;374;city173;327;280;city68;69;495;city112;56;32;city283;67;311;city221
135;city259;447;124;city96;16;388;city107;346;150;city97;345;287;city295;384;246;city182
156;city79;72;215;city100;16;400;city208;378;182;city55;60;54;city117
141;city146;474;202;city153;417;285;city83;375;496;city141;249;484;city80;9;248;city125;316;191;city134;367;218;city239;256;408;city257;422;153;city228;218;203;city91;262;156;city54;399;291;city140;214;151;city256;165;167;city159;452;214;city148
139;city103;382;391;city158;446;424;city196;418;26;city160;131;161;city150;195;264;city255;214;273;city201;251;283;city189;215;332;city188;355;114;city153;144;388;city286;494;61;city83;209;162;city170;116;6;city192;316;492;city246;171;85;city238;376;247;city119;323;123;city123
156;city79;72;215;city100;16;400;city208;378;182;city55;60;54;city117
136;city121;491;130;city134;296;477;city272;339;169;city250
142;city75;87;171;city111;136;423;city251;294;216;city133;426;128;city121;23;428;city149;353;270;city208;78;29;city235;24;81;city95;428;278;city77;32;40;city59;80;55;city239
138;city81;472;468;city77;291;440;city114;69;484;city157;396;94;city51;478;325;city82;260;437;city239;387;100;city214;138;217;city60;195;457;city180;153;247;city184;99;66;city150;193;37;city194;377;53;city218;238;424;city98;203;376;city103;91;185;city271;399;383;city282;415;28;city283;15;39;city270
125;city295;166;388;city57;60;489;city232;76;394;city293;200;324;city90;43;401;city157;204;446;city113;425;418;city181;388;341;city131;41;104;city167;438;111;city245;450;127;city296;456;285;city231;219;320;city192
159;city224;10;351;city74
147;city93;229;218;city279;258;497;city234;97;398;city142;482;72;city157;102;271;city240;374;265;city261;257;424;city205;473;100;city295
135;city259;447;124;city96;16;388;city107;346;150;city97;345;287;city295;384;246;city182
131;city81;143;383;city60;500;7;city256;411;412;city126;135;56;city215;58;142;city158;127;130;city172;147;45;city91;279;152;city188;462;180;city181;130;452;city130;39;266;city137;219;311;city204;39;401;city72;11;272;city117;453;170;city196;220;166;city231
140;city182;447;422;city290;159;153;city55;221;334;city187;313;126;city134;46;405;city70;366;247;city264;498;500;city87;159;315;city118;267;9;city145;43;441;city82;228;443;city92;145;232;city293;455;421;city188;137;276;city279;212;95;city205;151;322;city76;434;5;city116;15;3460;city297
166;city264;401;43;city144;87;151;city237;79;128;city91;425;37;city89;45;250;city219;390;280;city254;494;270;city242
139;city103;382;391;city158;446;424;city196;418;26;city160;131;161;city150;195;264;city255;214;273;city201;251;283;city189;215;332;city188;355;114;city153;144;388;city286;494;61;city83;209;162;city170;116;6;city192;316;492;city246;171;85;city238;376;247;city119;323;123;city123
127;city91;300;338;city165;393;93;city286;306;439;city154;202;168;city157;499;227;city204;221;204;city228;346;34;city223
129;city160;266;48;city295;346;209;city144;165;414;city231;111;432;city212
138;city81;472;468;city77;291;440;city114;69;484;city157;396;94;city51;478;325;city82;260;437;city239;387;100;city214;138;217;city60;195;457;city180;153;247;city184;99;66;city150;193;37;city194;377;53;city218;238;424;city98;203;376;city103;91;185;city271;399;383;city282;415;28;city283;15;39;city270
137;city243;241;452;city101;178;275;city57;358;146;city257;473;408;city172;199;195;city197;92;407;city136
150;city53;95;161;city284;400;345;city243;200;73;city298;75;285;city173;137;133;city144;467;28;city255;420;15;city270;398;280;city220;436;105;city110;457;119;city134;496;41;city283;181;71;city269;184;128;city223;406;314;city77;165;160;city177;282;111;city187;80;325;city169
155;city296;403;82;city175;437;311;city239;325;315;city242;499;451;city108;218;141;city248;299;358;city228;218;247;city291;182;19;city106;244;292;city168;72;387;city223;95;406;city163;282;215;city213;110;209;city155;425;253;city66
132;city250;129;26;city293;453;368;city203;122;349;city151;337;240;city263;118;157;city90;30;352;city225;26;166;city110
128;city295;20;231;city241;63;98;city189;186;410;city71;191;330;city188;261;377;city203;496;275;city237;122;21;city290;91;370;city58;378;46;city283;456;290;city62;73;275;city93;246;242;city277;263;283;city186;341;11;city116;82;245;city103;377;439;city213;79;2;city299;397;150;city64
150;city53;95;161;city284;400;345;city243;200;73;city298;75;285;city173;137;133;city144;467;28;city255;420;15;city270;398;280;city220;436;105;city110;457;119;city134;496;41;city283;181;71;city269;184;128;city223;406;314;city77;165;160;city177;282;111;city187;80;325;city169
170;city193;484;146;city54;438;181;city255;406;89;city146;355;196;city188;188;428;city292;358;168;city276;465;196;city80;329;371;city234;351;366;city196;99;91;city134;459;330;city103;202;402;city83
127;city91;300;338;city165;393;93;city286;306;439;city154;202;168;city157;499;227;city204;221;204;city228;346;34;city223
162;city80;186;24;city243;407;358;city163;327;31;city96;279;492;city291;79;123;city187;35;361;city295;341;111;city271;328;81;city186;183;62;city175;426;308;city252;128;361;city115;290;378;city284
174;city182;429;198;city76;219;480;city113;327;261;city265;329;57;city288;464;166;city136;388;202;city143;499;123;city62;144;373;city126;54;111;city192;152;246;city225;320;325;city187;422;241;city81
148;city118;87;447;city156;200;447;city166;164;42;city151;332;340;city291;330;327;city259;254;73;city165;89;61;city76;209;31;city51;173;374;city173;327;280;city68;69;495;city112;56;32;city283;67;311;city221
167;city155;311;74;city64;333;348;city247;298;182;city201;433;259;city288;238;422;city159;493;140;city136;39;26;city131;470;395;city105;168;424;city268
157;city120;431;411;city250;401;162;city228;92;412;city118;134;87;city202;186;294;city175;76;372;city169;6;314;city215;38;111;city288;237;240;city104;287;219;city184;191;391;city77;382;466;city85;307;303;city192
155;city296;403;82;city175;437;311;city239;325;315;city242;499;451;city108;218;141;city248;299;358;city228;218;247;city291;182;19;city106;244;292;city168;72;387;city223;95;406;city163;282;215;city213;110;209;city155;425;253;city66
169;city258;302;155;city236;313;467;city67;398;389;city240;153;291;city297;350;68;city109;21;412;city243;428;299;city173;92;338;city180;44;353;city238;200;73;city169;107;458;city142;68;60;city229
163;city276;495;462;city66;300;306;city152;380;164;city281;333;470;city252;200;24;city103;82;491;city225;345;260;city129;450;280;city71;308;268;city90;224;330;city162;356;186;city126;272;422;city133;373;322;city97;309;221;city207;157;328;city253;432;180;city265;398;300;city251;81;183;city229;33;41;city98
143;city88;488;276;city258;416;164;city254;272;187;city217;393;446;city202;27;158;city90;360;123;city92;265;242;city112;419;174;city187;342;256;city140;308;183;city176;58;355;city280;19;244;city91
156;city79;72;215;city100;16;400;city208;378;182;city55;60;54;city117
146;city55;126;180;city169;289;214;city87;255;214;city66;26;246;city265;116;50;city65
154;city283;352;120;city89;367;188;city183;293;343;city170;276;73;city222;415;411;city177;221;182;city260;401;485;city294;11;356;city74;149;257;city133;337;118;city178;413;95;city84;202;406;city63;74;363;city76;101;162;city171
165;city137;378;379;city60;177;63;city93;347;240;city169;399;227;city298;312;300;city237;118;413;city126;60;171;city61;384;253;city271;88;254;city219;169;434;city116;47;359;city262;234;404;city81;356;458;city190;317;453;city176;47;84;city181;452;326;city260;188;479;city105;299;39;city216
135;city259;447;124;city96;16;388;city107;346;150;city97;345;287;city295;384;246;city182
170;city193;484;146;city54;438;181;city255;406;89;city146;355;196;city188;188;428;city292;358;168;city276;465;196;city80;329;371;city234;351;366;city196;99;91;city134;459;330;city103;202;402;city83
170;city193;484;146;city54;438;181;city255;406;89;city146;355;196;city188;188;428;city292;358;168;city276;465;196;city80;329;371;city234;351;366;city196;99;91;city134;459;330;city103;202;402;city83
174;city182;429;198;city76;219;480;city113;327;261;city265;329;57;city288;464;166;city136;388;202;city143;499;123;city62;144;373;city126;54;111;city192;152;246;city225;320;325;city187;422;241;city81
160;city270;434;330;city228;154;209;city100;6;380;city143;497;339;city112;366;97;city215;276;151;city296;245;323;city206;283;82;city275;337;205;city138;448;304;city96;121;366;city145;279;92;city66;454;260;city247;285;167;city223;375;91;city166;448;475;city129;224;278;city170;445;270;city95;381;405;city278
145;city94;407;116;city145;454;327;city101;384;243;city269
156;city79;72;215;city100;16;400;city208;378;182;city55;60;54;city117
128;city295;20;231;city241;63;98;city189;186;410;city71;191;330;city188;261;377;city203;496;275;city237;122;21;city290;91;370;city58;378;46;city283;456;290;city62;73;275;city93;246;242;city277;263;283;city186;341;11;city116;82;245;city103;377;439;city213;79;2;city299;397;150;city64
171;city285;403;368;city134;396;84;city114;442;11;city127;111;288;city295;147;208;city117;161;294;city279;13;468;city113;424;180;city123;64;4;city196
138;city81;472;468;city77;291;440;city114;69;484;city157;396;94;city51;478;325;city82;260;437;city239;387;100;city214;138;217;city60;195;457;city180;153;247;city184;99;66;city150;193;37;city194;377;53;city218;238;424;city98;203;376;city103;91;185;city271;399;383;city282;415;28;city283;15;39;city270
143;city88;488;276;city258;416;164;city254;272;187;city217;393;446;city202;27;158;city90;360;123;city92;265;242;city112;419;174;city187;342;256;city140;308;183;city176;58;355;city280;19;244;city91
163;city276;495;462;city66;300;306;city152;380;164;city281;333;470;city252;200;24;city103;82;491;city225;345;260;city129;450;280;city71;308;268;city90;224;330;city162;356;186;city126;272;422;city133;373;322;city97;309;221;city207;157;328;city253;432;180;city265;398;300;city251;81;183;city229;33;41;city98
141;city146;474;202;city153;417;285;city83;375;496;city141;249;484;city80;9;248;city125;316;191;city134;367;218;city239;256;408;city257;422;153;city228;218;203;city91;262;156;city54;399;291;city140;214;151;city256;165;167;city159;452;214;city148
149;city115;370;88;city212;14;223;city262;270;61;city120;455;192;city236
