





174;city195;14;95;city231;453;108;city234



151;city82;264;424;city62;68;104;city78;133;476;city234;266;227;city105;292;238;city220;176;383;city123;388;55;city188;490;70;city155;46;235;city261;430;168;city180;367;381;city228;54;183;city259;39;292;city115;338;328;city233;250;245;city124;423;50;city69;250;216;city97;387;321;city90;444;474;city67



133;city139;216;145;city110;290;116;city260;317;64;city152;385;32;city271;87;412;city242;336;447;city149;174;414;city99;477;404;city160;403;267;city253;448;73;city205;264;96;city185;137;350;city172;450;331;city293



126;city109;216;343;city190;401;5;city222


126;city109;216;343;city190;401;5;city222
127;city121;437;29;city163;131;346;city97;169;202;city74;326;128;city67


149;city187;116;345;city272;236;329;city288;315;288;city164;384;302;city280;250;105;city114;91;274;city214;113;22;city268;204;65;city159;369;224;city98;435;208;city232;239;348;city78;89;168;city108;488;491;city161;349;306;city101


128;city143;339;368;city145;311;36;city179;190;452;city92;212;73;city298;490;428;city193;225;227;city90;436;199;city227;452;389;city291;171;233;city186;200;71;city77

160;city121;261;121;city258;346;328;city287;453;231;city91;332;406;city242
135;city162;22;21;city182;209;458;city113;482;61;city122;479;228;city116;356;378;city103;10;175;city206;41;172;city225;318;186;city125;70;398;city138;53;274;city111;131;166;city193;219;419;city195;470;348;city291;283;238;city282;358;231;city181;381;392;city106


169;city115;301;283;city274;137;370;city299;400;317;city107;107;268;city218;128;337;city205;61;342;city118;495;110;city68;135;23;city183;468;67;city61;420;239;city121;113;294;city262;247;420;city209;403;243;city192;83;289;city53;477;283;city287;90;449;city252;22;198;city113
132;city273;62;200;city251;212;369;city107;184;199;city210;284;395;city224

166;city236;379;444;city230;124;471;city244;165;481;city257;475;131;city286;238;86;city111;379;463;city288;209;140;city72;381;130;city55;147;243;city192
149;city187;116;345;city272;236;329;city288;315;288;city164;384;302;city280;250;105;city114;91;274;city214;113;22;city268;204;65;city159;369;224;city98;435;208;city232;239;348;city78;89;168;city108;488;491;city161;349;306;city101



155;city208;94;71;city244;302;453;city297;493;139;city254;118;247;city191;90;372;city203;114;10;city170;350;449;city183






137;city123;238;204;city203;444;30;city253;348;373;city180;439;479;city179;223;186;city115;434;54;city269;89;329;city233;140;252;city56;385;463;city75;336;469;city211;147;81;city85;265;419;city141;236;376;city157;113;409;city218;248;473;city126;222;53;city65
142;city186;334;76;city272;28;87;city242;359;189;city128;339;359;city209;477;472;city77;160;249;city248;366;316;city239;12;102;city55;244;9;city183;106;341;city184;88;187;city258;90;48;city71;98;167;city69

140;city118;66;3;city230;223;194;city176;448;185;city163;206;18;city202;192;102;city102;388;342;city237;344;309;city95;144;455;city250;127;210;city117;394;45;city129;391;52;city116;369;164;city97
159;city143;421;366;city158;455;429;city103;497;229;city286;160;436;city260;319;24;city171;374;333;city156
140;city118;66;3;city230;223;194;city176;448;185;city163;206;18;city202;192;102;city102;388;342;city237;344;309;city95;144;455;city250;127;210;city117;394;45;city129;391;52;city116;369;164;city97

174;city195;14;95;city231;453;108;city234

166;city236;379;444;city230;124;471;city244;165;481;city257;475;131;city286;238;86;city111;379;463;city288;209;140;city72;381;130;city55;147;243;city192

133;city139;216;145;city110;290;116;city260;317;64;city152;385;32;city271;87;412;city242;336;447;city149;174;414;city99;477;404;city160;403;267;city253;448;73;city205;264;96;city185;137;350;city172;450;331;city293
127;city121;437;29;city163;131;346;city97;169;202;city74;326;128;city67
174;city195;14;95;city231;453;108;city234
147;city82;168;119;city80;340;243;city87;263;269;city95;156;171;city136;368;227;city131;49;173;city254;453;56;city238;149;59;city289;383;107;city188;198;282;city243;432;189;city282;478;326;city71
149;city187;116;345;city272;236;329;city288;315;288;city164;384;302;city280;250;105;city114;91;274;city214;113;22;city268;204;65;city159;369;224;city98;435;208;city232;239;348;city78;89;168;city108;488;491;city161;349;306;city101

135;city162;22;21;city182;209;458;city113;482;61;city122;479;228;city116;356;378;city103;10;175;city206;41;172;city225;318;186;city125;70;398;city138;53;274;city111;131;166;city193;219;419;city195;470;348;city291;283;238;city282;358;231;city181;381;392;city106
127;city121;437;29;city163;131;346;city97;169;202;city74;326;128;city67
137;city123;238;204;city203;444;30;city253;348;373;city180;439;479;city179;223;186;city115;434;54;city269;89;329;city233;140;252;city56;385;463;city75;336;469;city211;147;81;city85;265;419;city141;236;376;city157;113;409;city218;248;473;city126;222;53;city65
162;city264;183;219;city222
174;city195;14;95;city231;453;108;city234
133;city139;216;145;city110;290;116;city260;317;64;city152;385;32;city271;87;412;city242;336;447;city149;174;414;city99;477;404;city160;403;267;city253;448;73;city205;264;96;city185;137;350;city172;450;331;city293
156;city79;44;132;city57
130;city50;380;209;city236;108;321;city244;79;190;city183;217;234;city63

150;city115;73;362;city105;396;399;city210;347;380;city221;323;435;city111;246;444;city241;434;245;city141;130;147;city270;61;493;city188;401;466;city298;329;425;city76;298;500;city158;201;407;city245;109;128;city179
144;city77;148;140;city110;352;45;city218;487;148;city201;258;129;city73;265;214;city261;28;370;city285;162;456;city106;113;73;city281;253;140;city118;473;228;city145;254;85;city53;2;207;city130
142;city186;334;76;city272;28;87;city242;359;189;city128;339;359;city209;477;472;city77;160;249;city248;366;316;city239;12;102;city55;244;9;city183;106;341;city184;88;187;city258;90;48;city71;98;167;city69

144;city77;148;140;city110;352;45;city218;487;148;city201;258;129;city73;265;214;city261;28;370;city285;162;456;city106;113;73;city281;253;140;city118;473;228;city145;254;85;city53;2;207;city130
137;city123;238;204;city203;444;30;city253;348;373;city180;439;479;city179;223;186;city115;434;54;city269;89;329;city233;140;252;city56;385;463;city75;336;469;city211;147;81;city85;265;419;city141;236;376;city157;113;409;city218;248;473;city126;222;53;city65
142;city186;334;76;city272;28;87;city242;359;189;city128;339;359;city209;477;472;city77;160;249;city248;366;316;city239;12;102;city55;244;9;city183;106;341;city184;88;187;city258;90;48;city71;98;167;city69
168;city167;353;184;city115

160;city121;261;121;city258;346;328;city287;453;231;city91;332;406;city242

131;city295;460;319;city189;309;164;city69;452;490;city90;214;281;city291;495;384;city229;43;132;city223;125;273;city133;461;396;city172;339;268;city243;163;211;city232;299;298;city272;25;207;city252
171;city227;154;206;city258;225;83;city246;123;376;city237;225;275;city283;409;122;city69
132;city273;62;200;city251;212;369;city107;184;199;city210;284;395;city224
149;city187;116;345;city272;236;329;city288;315;288;city164;384;302;city280;250;105;city114;91;274;city214;113;22;city268;204;65;city159;369;224;city98;435;208;city232;239;348;city78;89;168;city108;488;491;city161;349;306;city101
134;city113;370;269;city78;224;469;city202;274;197;city67;339;177;city88;241;33;city270;18;419;city56;125;133;city141;67;189;city97;432;163;city51;44;7;city197
142;city186;334;76;city272;28;87;city242;359;189;city128;339;359;city209;477;472;city77;160;249;city248;366;316;city239;12;102;city55;244;9;city183;106;341;city184;88;187;city258;90;48;city71;98;167;city69
155;city208;94;71;city244;302;453;city297;493;139;city254;118;247;city191;90;372;city203;114;10;city170;350;449;city183
164;city52;164;435;city120;364;129;city129;412;138;city60
137;city123;238;204;city203;444;30;city253;348;373;city180;439;479;city179;223;186;city115;434;54;city269;89;329;city233;140;252;city56;385;463;city75;336;469;city211;147;81;city85;265;419;city141;236;376;city157;113;409;city218;248;473;city126;222;53;city65
173;city120;395;145;city147;317;255;city136;302;371;city197;45;498;city174;327;354;city93;85;351;city121;106;219;city290;440;485;city112;31;99;city279;29;47;city239
160;city121;261;121;city258;346;328;city287;453;231;city91;332;406;city242
126;city109;216;343;city190;401;5;city222
128;city143;339;368;city145;311;36;city179;190;452;city92;212;73;city298;490;428;city193;225;227;city90;436;199;city227;452;389;city291;171;233;city186;200;71;city77

149;city187;116;345;city272;236;329;city288;315;288;city164;384;302;city280;250;105;city114;91;274;city214;113;22;city268;204;65;city159;369;224;city98;435;208;city232;239;348;city78;89;168;city108;488;491;city161;349;306;city101
157;city183;209;317;city65;262;244;city190;365;303;city117
131;city295;460;319;city189;309;164;city69;452;490;city90;214;281;city291;495;384;city229;43;132;city223;125;273;city133;461;396;city172;339;268;city243;163;211;city232;299;298;city272;25;207;city252
125;city286;329;302;city128;332;326;city101;187;308;city239;69;234;city245;299;491;city112;458;367;city228;369;438;city243;59;228;city104;436;395;city272;253;441;city222;117;37;city153;144;122;city102;2;200;city299;196;62;city80;200;403;city298;46;119;city189;382;206;city267;175;34;city131;396;294;city277
134;city113;370;269;city78;224;469;city202;274;197;city67;339;177;city88;241;33;city270;18;419;city56;125;133;city141;67;189;city97;432;163;city51;44;7;city197
127;city121;437;29;city163;131;346;city97;169;202;city74;326;128;city67
128;city143;339;368;city145;311;36;city179;190;452;city92;212;73;city298;490;428;city193;225;227;city90;436;199;city227;452;389;city291;171;233;city186;200;71;city77
138;city95;158;324;city133;494;262;city101;75;392;city267;52;54;city211;136;285;city243;281;152;city128;428;81;city193
171;city227;154;206;city258;225;83;city246;123;376;city237;225;275;city283;409;122;city69
126;city109;216;343;city190;401;5;city222
128;city143;339;368;city145;311;36;city179;190;452;city92;212;73;city298;490;428;city193;225;227;city90;436;199;city227;452;389;city291;171;233;city186;200;71;city77

156;city79;44;132;city57
145;city253;84;221;city282;281;341;city76;42;322;city236;351;499;city283;460;308;city134;361;487;city118;161;427;city220;85;89;city149;498;361;city84;213;98;city163;332;421;city68;107;367;city198;212;451;city104;90;182;city208;477;321;city209;141;290;city275
167;city128;334;20;city297;440;297;city216;128;423;city109;335;265;city134;151;315;city246;275;192;city180;170;312;city164;428;119;city220;297;126;city231;494;341;city291;434;251;city219;187;463;city161;170;234;city167;233;124;city208;475;293;city284;118;404;city215;295;32;city73;467;414;city151;77;370;city267
174;city195;14;95;city231;453;108;city234
156;city79;44;132;city57
147;city82;168;119;city80;340;243;city87;263;269;city95;156;171;city136;368;227;city131;49;173;city254;453;56;city238;149;59;city289;383;107;city188;198;282;city243;432;189;city282;478;326;city71
174;city195;14;95;city231;453;108;city234
139;city83;497;46;city159;337;294;city260;298;329;city192;91;12;city140;363;450;city198;190;37;city269;438;267;city124;270;167;city130;21;172;city70
128;city143;339;368;city145;311;36;city179;190;452;city92;212;73;city298;490;428;city193;225;227;city90;436;199;city227;452;389;city291;171;233;city186;200;71;city77

133;city139;216;145;city110;290;116;city260;317;64;city152;385;32;city271;87;412;city242;336;447;city149;174;414;city99;477;404;city160;403;267;city253;448;73;city205;264;96;city185;137;350;city172;450;331;city293
157;city183;209;317;city65;262;244;city190;365;303;city117
139;city83;497;46;city159;337;294;city260;298;329;city192;91;12;city140;363;450;city198;190;37;city269;438;267;city124;270;167;city130;21;172;city70
137;city123;238;204;city203;444;30;city253;348;373;city180;439;479;city179;223;186;city115;434;54;city269;89;329;city233;140;252;city56;385;463;city75;336;469;city211;147;81;city85;265;419;city141;236;376;city157;113;409;city218;248;473;city126;222;53;city65
134;city113;370;269;city78;224;469;city202;274;197;city67;339;177;city88;241;33;city270;18;419;city56;125;133;city141;67;189;city97;432;163;city51;44;7;city197
170;city85;387;46;city136;82;164;city162;153;335;city282;380;312;city95;134;213;city137;252;224;city236;272;105;city197
171;city227;154;206;city258;225;83;city246;123;376;city237;225;275;city283;409;122;city69
166;city236;379;444;city230;124;471;city244;165;481;city257;475;131;city286;238;86;city111;379;463;city288;209;140;city72;381;130;city55;147;243;city192
141;city143;161;343;city85;50;443;city243;387;371;city186;57;293;city169;249;158;city208;339;445;city99;430;418;city255
171;city227;154;206;city258;225;83;city246;123;376;city237;225;275;city283;409;122;city69
163;city86;13;81;city160;265;198;city247;428;160;city174;39;51;city210;266;265;city263;78;85;city248;251;81;city250
150;city115;73;362;city105;396;399;city210;347;380;city221;323;435;city111;246;444;city241;434;245;city141;130;147;city270;61;493;city188;401;466;city298;329;425;city76;298;500;city158;201;407;city245;109;128;city179
143;city210;143;494;city260;62;347;city259;121;359;city184
152;city245;337;237;city150;404;235;city119;135;235;city63;394;12;city277;123;334;city211;292;18;city242;167;114;city87;474;131;city259;33;461;city106;74;8048;city251;140;335;city266
126;city109;216;343;city190;401;5;city222
148;city195;121;356;city78;169;16;city258;262;423;city206;373;238;city140;226;480;city131;23;236;city264;346;206;city83;10;412;city102;258;156;city67;283;104;city161;268;269;city205;179;491;city202
147;city82;168;119;city80;340;243;city87;263;269;city95;156;171;city136;368;227;city131;49;173;city254;453;56;city238;149;59;city289;383;107;city188;198;282;city243;432;189;city282;478;326;city71
145;city253;84;221;city282;281;341;city76;42;322;city236;351;499;city283;460;308;city134;361;487;city118;161;427;city220;85;89;city149;498;361;city84;213;98;city163;332;421;city68;107;367;city198;212;451;city104;90;182;city208;477;321;city209;141;290;city275
166;city236;379;444;city230;124;471;city244;165;481;city257;475;131;city286;238;86;city111;379;463;city288;209;140;city72;381;130;city55;147;243;city192
166;city236;379;444;city230;124;471;city244;165;481;city257;475;131;city286;238;86;city111;379;463;city288;209;140;city72;381;130;city55;147;243;city192
155;city208;94;71;city244;302;453;city297;493;139;city254;118;247;city191;90;372;city203;114;10;city170;350;449;city183
147;city82;168;119;city80;340;243;city87;263;269;city95;156;171;city136;368;227;city131;49;173;city254;453;56;city238;149;59;city289;383;107;city188;198;282;city243;432;189;city282;478;326;city71
132;city273;62;200;city251;212;369;city107;184;199;city210;284;395;city224
174;city195;14;95;city231;453;108;city234
149;city187;116;345;city272;236;329;city288;315;288;city164;384;302;city280;250;105;city114;91;274;city214;113;22;city268;204;65;city159;369;224;city98;435;208;city232;239;348;city78;89;168;city108;488;491;city161;349;306;city101
151;city82;264;424;city62;68;104;city78;133;476;city234;266;227;city105;292;238;city220;176;383;city123;388;55;city188;490;70;city155;46;235;city261;430;168;city180;367;381;city228;54;183;city259;39;292;city115;338;328;city233;250;245;city124;423;50;city69;250;216;city97;387;321;city90;444;474;city67
165;city255;423;467;city187;207;87;city198;423;337;city248;389;7;city197;439;444;city152;407;32;city190;244;316;city136;185;123;city91;197;239;city119;194;166;city145;14;243;city133;467;450;city98;9;281;city110;336;110;city115;365;266;city247;101;294;city287;324;155;city217;107;43;city85;370;359;city78

166;city236;379;444;city230;124;471;city244;165;481;city257;475;131;city286;238;86;city111;379;463;city288;209;140;city72;381;130;city55;147;243;city192
157;city183;209;317;city65;262;244;city190;365;303;city117
135;city162;22;21;city182;209;458;city113;482;61;city122;479;228;city116;356;378;city103;10;175;city206;41;172;city225;318;186;city125;70;398;city138;53;274;city111;131;166;city193;219;419;city195;470;348;city291;283;238;city282;358;231;city181;381;392;city106
168;city167;353;184;city115
141;city143;161;343;city85;50;443;city243;387;371;city186;57;293;city169;249;158;city208;339;445;city99;430;418;city255
136;city74;190;93;city216;111;267;city230;132;138;city83;94;145;city141;369;470;city282;449;191;city248;11;294;city166;185;490;city257;69;305;city194;33;7;city217;379;100;city293
143;city210;143;494;city260;62;347;city259;121;359;city184
139;city83;497;46;city159;337;294;city260;298;329;city192;91;12;city140;363;450;city198;190;37;city269;438;267;city124;270;167;city130;21;172;city70
139;city83;497;46;city159;337;294;city260;298;329;city192;91;12;city140;363;450;city198;190;37;city269;438;267;city124;270;167;city130;21;172;city70
148;city195;121;356;city78;169;16;city258;262;423;city206;373;238;city140;226;480;city131;23;236;city264;346;206;city83;10;412;city102;258;156;city67;283;104;city161;268;269;city205;179;491;city202
130;city50;380;209;city236;108;321;city244;79;190;city183;217;234;city63
172;city247;355;305;city111;344;156;city97;424;333;city177;395;436;city264;74;435;city259;20;343;city135;56;381;city71;287;141;city238;234;183;city166;81;44;city240;362;149;city156;90;168;city65;363;332;city54;261;307;city78;68;356;city187;212;321;city218;118;210;city224;41;285;city58
160;city121;261;121;city258;346;328;city287;453;231;city91;332;406;city242
148;city195;121;356;city78;169;16;city258;262;423;city206;373;238;city140;226;480;city131;23;236;city264;346;206;city83;10;412;city102;258;156;city67;283;104;city161;268;269;city205;179;491;city202
154;city237;380;104;city200;365;378;city231;115;223;city133;308;224;city229;486;182;city108;384;428;city274
142;city186;334;76;city272;28;87;city242;359;189;city128;339;359;city209;477;472;city77;160;249;city248;366;316;city239;12;102;city55;244;9;city183;106;341;city184;88;187;city258;90;48;city71;98;167;city69
127;city121;437;29;city163;131;346;city97;169;202;city74;326;128;city67
158;city265;285;135;city201;188;239;city121;310;53;city85;386;352;city204;104;193;city123;494;181;city157;144;330;city271;473;32;city50;308;9;city86;252;455;city124
171;city227;154;206;city258;225;83;city246;123;376;city237;225;275;city283;409;122;city69
171;city227;154;206;city258;225;83;city246;123;376;city237;225;275;city283;409;122;city69
130;city50;380;209;city236;108;321;city244;79;190;city183;217;234;city63
144;city77;148;140;city110;352;45;city218;487;148;city201;258;129;city73;265;214;city261;28;370;city285;162;456;city106;113;73;city281;253;140;city118;473;228;city145;254;85;city53;2;207;city130
131;city295;460;319;city189;309;164;city69;452;490;city90;214;281;city291;495;384;city229;43;132;city223;125;273;city133;461;396;city172;339;268;city243;163;211;city232;299;298;city272;25;207;city252

142;city186;334;76;city272;28;87;city242;359;189;city128;339;359;city209;477;472;city77;160;249;city248;366;316;city239;12;102;city55;244;9;city183;106;341;city184;88;187;city258;90;48;city71;98;167;city69
125;city286;329;302;city128;332;326;city101;187;308;city239;69;234;city245;299;491;city112;458;367;city228;369;438;city243;59;228;city104;436;395;city272;253;441;city222;117;37;city153;144;122;city102;2;200;city299;196;62;city80;200;403;city298;46;119;city189;382;206;city267;175;34;city131;396;294;city277
164;city52;164;435;city120;364;129;city129;412;138;city60
149;city187;116;345;city272;236;329;city288;315;288;city164;384;302;city280;250;105;city114;91;274;city214;113;22;city268;204;65;city159;369;224;city98;435;208;city232;239;348;city78;89;168;city108;488;491;city161;349;306;city101
162;city264;183;219;city222
131;city295;460;319;city189;309;164;city69;452;490;city90;214;281;city291;495;384;city229;43;132;city223;125;273;city133;461;396;city172;339;268;city243;163;211;city232;299;298;city272;25;207;city252
126;city109;216;343;city190;401;5;city222
127;city121;437;29;city163;131;346;city97;169;202;city74;326;128;city67
163;city86;13;81;city160;265;198;city247;428;160;city174;39;51;city210;266;265;city263;78;85;city248;251;81;city250
161;city150;145;361;city210;431;8;city212;138;358;city160;399;348;city70;476;132;city194;457;230;city282;497;9304;city92;58;217;city156;457;236;city213;49;133;city112
169;city115;301;283;city274;137;370;city299;400;317;city107;107;268;city218;128;337;city205;61;342;city118;495;110;city68;135;23;city183;468;67;city61;420;239;city121;113;294;city262;247;420;city209;403;243;city192;83;289;city53;477;283;city287;90;449;city252;22;198;city113
174;city195;14;95;city231;453;108;city234
127;city121;437;29;city163;131;346;city97;169;202;city74;326;128;city67
139;city83;497;46;city159;337;294;city260;298;329;city192;91;12;city140;363;450;city198;190;37;city269;438;267;city124;270;167;city130;21;172;city70
170;city85;387;46;city136;82;164;city162;153;335;city282;380;312;city95;134;213;city137;252;224;city236;272;105;city197
166;city236;379;444;city230;124;471;city244;165;481;city257;475;131;city286;238;86;city111;379;463;city288;209;140;city72;381;130;city55;147;243;city192
157;city183;209;317;city65;262;244;city190;365;303;city117
141;city143;161;343;city85;50;443;city243;387;371;city186;57;293;city169;249;158;city208;339;445;city99;430;418;city255
127;city121;437;29;city163;131;346;city97;169;202;city74;326;128;city67
174;city195;14;95;city231;453;108;city234
150;city115;73;362;city105;396;399;city210;347;380;city221;323;435;city111;246;444;city241;434;245;city141;130;147;city270;61;493;city188;401;466;city298;329;425;city76;298;500;city158;201;407;city245;109;128;city179
127;city121;437;29;city163;131;346;city97;169;202;city74;326;128;city67
133;city139;216;145;city110;290;116;city260;317;64;city152;385;32;city271;87;412;city242;336;447;city149;174;414;city99;477;404;city160;403;267;city253;448;73;city205;264;96;city185;137;350;city172;450;331;city293
134;city113;370;269;city78;224;469;city202;274;197;city67;339;177;city88;241;33;city270;18;419;city56;125;133;city141;67;189;city97;432;163;city51;44;7;city197
126;city109;216;343;city190;401;5;city222
171;city227;154;206;city258;225;83;city246;123;376;city237;225;275;city283;409;122;city69
128;city143;339;368;city145;311;36;city179;190;452;city92;212;73;city298;490;428;city193;225;227;city90;436;199;city227;452;389;city291;171;233;city186;200;71;city77
142;city186;334;76;city272;28;87;city242;359;189;city128;339;359;city209;477;472;city77;160;249;city248;366;316;city239;12;102;city55;244;9;city183;106;341;city184;88;187;city258;90;48;city71;98;167;city69
155;city208;94;71;city244;302;453;city297;493;139;city254;118;247;city191;90;372;city203;114;10;city170;350;449;city183
133;city139;216;145;city110;290;116;city260;317;64;city152;385;32;city271;87;412;city242;336;447;city149;174;414;city99;477;404;city160;403;267;city253;448;73;city205;264;96;city185;137;350;city172;450;331;city293
141;city143;161;343;city85;50;443;city243;387;371;city186;57;293;city169;249;158;city208;339;445;city99;430;418;city255
126;city109;216;343;city190;401;5;city222
171;city227;154;206;city258;225;83;city246;123;376;city237;225;275;city283;409;122;city69
171;city227;154;206;city258;225;83;city246;123;376;city237;225;275;city283;409;122;city69
163;city86;13;81;city160;265;198;city247;428;160;city174;39;51;city210;266;265;city263;78;85;city248;251;81;city250
135;city162;22;21;city182;209;458;city113;482;61;city122;479;228;city116;356;378;city103;10;175;city206;41;172;city225;318;186;city125;70;398;city138;53;274;city111;131;166;city193;219;419;city195;470;348;city291;283;238;city282;358;231;city181;381;392;city106
130;city50;380;209;city236;108;321;city244;79;190;city183;217;234;city63
166;city236;379;444;city230;124;471;city244;165;481;city257;475;131;city286;238;86;city111;379;463;city288;209;140;city72;381;130;city55;147;243;city192
173;city120;395;145;city147;317;255;city136;302;371;city197;45;498;city174;327;354;city93;85;351;city121;106;219;city290;440;485;city112;31;99;city279;29;47;city239
156;city79;44;132;city57
143;city210;143;494;city260;62;347;city259;121;359;city184
171;city227;154;206;city258;225;83;city246;123;376;city237;225;275;city283;409;122;city69
173;city120;395;145;city147;317;255;city136;302;371;city197;45;498;city174;327;354;city93;85;351;city121;106;219;city290;440;485;city112;31;99;city279;29;47;city239

154;city237;380;104;city200;365;378;city231;115;223;city133;308;224;city229;486;182;city108;384;428;city274
136;city74;190;93;city216;111;267;city230;132;138;city83;94;145;city141;369;470;city282;449;191;city248;11;294;city166;185;490;city257;69;305;city194;33;7;city217;379;100;city293
143;city210;143;494;city260;62;347;city259;121;359;city184
164;city52;164;435;city120;364;129;city129;412;138;city60
139;city83;497;46;city159;337;294;city260;298;329;city192;91;12;city140;363;450;city198;190;37;city269;438;267;city124;270;167;city130;21;172;city70
127;city121;437;29;city163;131;346;city97;169;202;city74;326;128;city67
159;city143;421;366;city158;455;429;city103;497;229;city286;160;436;city260;319;24;city171;374;333;city156
162;city264;183;219;city222
158;city265;285;135;city201;188;239;city121;310;53;city85;386;352;city204;104;193;city123;494;181;city157;144;330;city271;473;32;city50;308;9;city86;252;455;city124
153;city292;394;120;city288;400;141;city216;309;327;city72;63;106;city259;105;330;city241;316;134;city146;474;385;city64;467;4;city289;10;292;city99;145;155;city102;321;246;city133;340;425;city66;189;33;city86;375;328;city104
133;city139;216;145;city110;290;116;city260;317;64;city152;385;32;city271;87;412;city242;336;447;city149;174;414;city99;477;404;city160;403;267;city253;448;73;city205;264;96;city185;137;350;city172;450;331;city293
144;city77;148;140;city110;352;45;city218;487;148;city201;258;129;city73;265;214;city261;28;370;city285;162;456;city106;113;73;city281;253;140;city118;473;228;city145;254;85;city53;2;207;city130
149;city187;116;345;city272;236;329;city288;315;288;city164;384;302;city280;250;2193;city114;91;274;city214;113;22;city268;204;65;city159;369;224;city98;435;208;city232;239;348;city78;89;168;city108;488;491;city161;349;306;city101
127;city121;437;29;city163;131;346;city97;169;202;city74;326;128;city67
125;city286;329;302;city128;332;326;city101;187;308;city239;69;234;city245;299;491;city112;458;367;city228;369;438;city243;59;228;city104;436;395;city272;253;441;city222;117;37;city153;144;122;city102;2;200;city299;196;62;city80;200;403;city298;46;119;city189;382;206;city267;175;34;city131;396;294;city277
171;city227;154;206;city258;225;83;city246;123;376;city237;225;275;city283;409;122;city69
170;city85;387;46;city136;82;164;city162;153;335;city282;380;312;city95;134;213;city137;252;224;city236;272;105;city197
141;city143;161;343;city85;50;443;city243;387;371;city186;57;293;city169;249;158;city208;339;445;city99;430;418;city255

165;city255;423;467;city187;207;87;city198;423;337;city248;389;7;city197;439;444;city152;407;32;city190;244;316;city136;185;123;city91;197;239;city119;194;166;city145;14;243;city133;467;450;city98;9;281;city110;336;110;city115;365;266;city247;101;294;city287;324;155;city217;107;43;city85;370;359;city78
159;city143;421;366;city158;455;429;city103;497;229;city286;160;436;city260;319;24;city171;374;333;city156
133;city139;216;145;city110;290;116;city260;317;64;city152;385;32;city271;87;412;city242;336;447;city149;174;414;city99;477;404;city160;403;267;city253;448;73;city205;264;96;city185;137;350;city172;450;331;city293
154;city237;380;104;city200;365;378;city231;115;223;city133;308;224;city229;486;182;city108;384;428;city274
143;city210;143;494;city260;62;347;city259;121;359;city184
159;city143;421;366;city158;455;429;city103;497;229;city286;160;436;city260;319;24;city171;374;333;city156
129;city262;160;75;city69;29;217;city299;99;341;city261;133;281;city128;129;476;city204;486;55;city140;295;245;city178;211;223;city279;151;343;city120
151;city82;264;424;city62;68;104;city78;133;476;city234;266;227;city105;292;238;city220;176;383;city123;388;55;city188;490;70;city155;46;235;city261;430;168;city180;367;381;city228;54;183;city259;39;292;city115;338;328;city233;250;245;city124;423;50;city69;250;216;city97;387;321;city90;444;474;city67
163;city86;13;81;city160;265;198;city247;428;160;city174;39;51;city210;266;265;city263;78;85;city248;251;81;city250
141;city143;161;343;city85;50;443;city243;387;371;city186;57;293;city169;249;158;city208;339;445;city99;430;418;city255
169;city115;301;283;city274;137;370;city299;400;317;city107;107;268;city218;128;337;city205;61;342;city118;495;110;city68;135;23;city183;468;67;city61;420;239;city121;113;294;city262;247;420;city209;403;243;city192;83;289;city53;477;283;city287;90;449;city252;22;198;city113
149;city187;116;345;city272;236;329;city288;315;288;city164;384;302;city280;250;2193;city114;91;274;city214;113;22;city268;204;65;city159;369;224;city98;435;208;city232;239;348;city78;89;168;city108;488;491;city161;349;306;city101
139;city83;497;46;city159;337;294;city260;298;329;city192;91;12;city140;363;450;city198;190;37;city269;438;267;city124;270;167;city130;21;172;city70
168;city167;353;184;city115
167;city128;334;20;city297;440;297;city216;128;423;city109;335;265;city134;151;315;city246;275;192;city180;170;312;city164;428;119;city220;297;126;city231;494;341;city291;434;251;city219;187;463;city161;170;234;city167;233;124;city208;475;293;city284;118;404;city215;295;32;city73;467;414;city151;77;370;city267
171;city227;154;206;city258;225;83;city246;123;376;city237;225;275;city283;409;122;city69
161;city150;145;361;city210;431;8;city212;138;358;city160;399;348;city70;476;132;city194;457;230;city282;497;9304;city92;58;217;city156;457;236;city213;49;133;city112
129;city262;160;75;city69;29;217;city299;99;341;city261;133;281;city128;129;476;city204;486;55;city140;295;245;city178;211;223;city279;151;343;city120
173;city120;395;145;city147;317;255;city136;302;371;city197;45;498;city174;327;354;city93;85;351;city121;106;219;city290;440;485;city112;31;99;city279;29;47;city239
136;city74;190;93;city216;111;267;city230;132;138;city83;94;145;city141;369;470;city282;449;191;city248;11;294;city166;185;490;city257;69;305;city194;33;7;city217;379;100;city293
129;city262;160;75;city69;29;217;city299;99;341;city261;133;281;city128;129;476;city204;486;55;city140;295;245;city178;211;223;city279;151;343;city120
160;city121;261;121;city258;346;328;city287;453;231;city91;332;406;city242

131;city295;460;319;city189;309;164;city69;452;490;city90;214;281;city291;495;384;city229;43;132;city223;125;273;city133;461;396;city172;339;268;city243;163;211;city232;299;298;city272;25;207;city252
160;city121;261;121;city258;346;328;city287;453;231;city91;332;406;city242
158;city265;285;135;city201;188;239;city121;310;53;city85;386;352;city204;104;193;city123;494;181;city157;144;330;city271;473;32;city50;308;9;city86;252;455;city124
145;city253;84;221;city282;281;341;city76;42;322;city236;351;499;city283;460;308;city134;361;487;city118;161;427;city220;85;89;city149;498;361;city84;213;98;city163;332;421;city68;107;367;city198;212;451;city104;90;182;city208;477;321;city209;141;290;city275
155;city208;94;71;city244;302;453;city297;493;139;city254;118;247;city191;90;372;city203;114;10;city170;350;449;city183
172;city247;355;305;city111;344;156;city97;424;333;city177;395;436;city264;74;435;city259;20;343;city135;56;381;city71;287;141;city238;234;183;city166;81;44;city240;362;149;city156;90;168;city65;363;332;city54;261;307;city78;68;356;city187;212;321;city218;118;210;city224;41;285;city58
125;city286;329;302;city128;332;326;city101;187;308;city239;69;234;city245;299;491;city112;458;367;city228;369;438;city243;59;228;city104;436;395;city272;253;441;city222;117;37;city153;144;122;city102;2;200;city299;196;62;city80;200;403;city298;46;119;city189;382;206;city267;175;34;city131;396;294;city277
155;city208;94;71;city244;302;453;city297;493;139;city254;118;247;city191;90;372;city203;114;10;city170;350;449;city183
163;city86;13;81;city160;265;198;city247;428;160;city174;39;51;city210;266;265;city263;78;85;city248;251;81;city250
165;city255;423;467;city187;207;87;city198;423;337;city248;389;7;city197;439;444;city152;407;32;city190;244;316;city136;185;123;city91;197;239;city119;194;166;city145;14;243;city133;467;450;city98;9;281;city110;336;110;city115;365;266;city247;101;294;city287;324;155;city217;107;43;city85;370;359;city78
174;city195;14;95;city231;453;108;city234
168;city167;353;184;city115
139;city83;497;46;city159;337;294;city260;298;329;city192;91;12;city140;363;450;city198;190;37;city269;438;267;city124;270;167;city130;21;172;city70
164;city52;164;435;city120;364;129;city129;412;138;city60
161;city150;145;361;city210;431;8;city212;138;358;city160;399;348;city70;476;132;city194;457;230;city282;497;9304;city92;58;217;city156;457;236;city213;49;133;city112
154;city237;380;104;city200;365;378;city231;115;223;city133;308;224;city229;486;182;city108;384;428;city274
130;city50;380;209;city236;108;321;city244;79;190;city183;217;234;city63
151;city82;264;424;city62;68;104;city78;133;476;city234;266;227;city105;292;238;city220;176;383;city123;388;55;city188;490;70;city155;46;235;city261;430;168;city180;367;381;city228;54;183;city259;39;292;city115;338;328;city233;250;245;city124;423;50;city69;250;216;city97;387;321;city90;444;474;city67
169;city115;301;283;city274;137;370;city299;400;317;city107;107;268;city218;128;337;city205;61;342;city118;495;110;city68;135;23;city183;468;67;city61;420;239;city121;113;294;city262;247;420;city209;403;243;city192;83;289;city53;477;283;city287;90;449;city252;22;198;city113
129;city262;160;75;city69;29;217;city299;99;341;city261;133;281;city128;129;476;city204;486;55;city140;295;245;city178;211;223;city279;151;343;city120

139;city83;497;46;city159;337;294;city260;298;329;city192;91;12;city140;363;450;city198;190;37;city269;438;267;city124;270;167;city130;21;172;city70
164;city52;164;435;city120;364;129;city129;412;138;city60
143;city210;143;494;city260;62;347;city259;121;359;city184
159;city143;421;366;city158;455;429;city103;497;229;city286;160;436;city260;319;24;city171;374;333;city156
140;city118;66;3;city230;223;194;city176;448;185;city163;206;18;city202;192;102;city102;388;342;city237;344;309;city95;144;455;city250;127;210;city117;394;45;city129;391;52;city116;369;164;city97
138;city95;158;324;city133;494;262;city101;75;392;city267;52;54;city211;136;285;city243;281;152;city128;428;81;city193
161;city150;145;361;city210;431;8;city212;138;358;city160;399;348;city70;476;132;city194;457;230;city282;497;9304;city92;58;217;city156;457;236;city213;49;133;city112
159;city143;421;366;city158;455;429;city103;497;229;city286;160;436;city260;319;24;city171;374;333;city156
166;city236;379;444;city230;124;471;city244;165;481;city257;475;131;city286;238;86;city111;379;463;city288;209;140;city72;381;130;city55;147;243;city192
161;city150;145;361;city210;431;8;city212;138;358;city160;399;348;city70;476;132;city194;457;230;city282;497;9304;city92;58;217;city156;457;236;city213;49;133;city112
163;city86;13;81;city160;265;198;city247;428;160;city174;39;51;city210;266;265;city263;78;85;city248;251;81;city250
132;city273;62;200;city251;212;369;city107;184;199;city210;284;395;city224
161;city150;145;361;city210;431;8;city212;138;358;city160;399;348;city70;476;132;city194;457;230;city282;497;9304;city92;58;217;city156;457;236;city213;49;133;city112
172;city247;355;305;city111;344;156;city97;424;333;city177;395;436;city264;74;435;city259;20;343;city135;56;381;city71;287;141;city238;234;183;city166;81;44;city240;362;149;city156;90;168;city65;363;332;city54;261;307;city78;68;356;city187;212;321;city218;118;210;city224;41;285;city58
155;city208;94;71;city244;302;453;city297;493;139;city254;118;247;city191;90;372;city203;114;10;city170;350;449;city183
151;city82;264;424;city62;68;104;city78;133;476;city234;266;227;city105;292;238;city220;176;383;city123;388;55;city188;490;70;city155;46;235;city261;430;168;city180;367;381;city228;54;183;city259;39;292;city115;338;328;city233;250;245;city124;423;50;city69;250;216;city97;387;321;city90;444;474;city67
161;city150;145;361;city210;431;8;city212;138;358;city160;399;348;city70;476;132;city194;457;230;city282;497;9304;city92;58;217;city156;457;236;city213;49;133;city112
140;city118;66;3;city230;223;194;city176;448;185;city163;206;18;city202;192;102;city102;388;342;city237;344;309;city95;144;455;city250;127;210;city117;394;45;city129;391;52;city116;369;164;city97
166;city236;379;444;city230;124;471;city244;165;481;city257;475;131;city286;238;86;city111;379;463;city288;209;140;city72;381;130;city55;147;243;city192
157;city183;209;317;city65;262;244;city190;365;303;city117
132;city273;62;200;city251;212;369;city107;184;199;city210;284;395;city224
139;city83;497;46;city159;337;294;city260;298;329;city192;91;12;city140;363;450;city198;190;37;city269;438;267;city124;270;167;city130;21;172;city70
154;city237;380;104;city200;365;378;city231;115;223;city133;308;224;city229;486;182;city108;384;428;city274
168;city167;353;184;city115
152;city245;337;237;city150;404;235;city119;135;235;city63;394;12;city277;123;334;city211;292;18;city242;167;114;city87;474;131;city259;33;461;city106;74;8048;city251;140;335;city266
153;city292;394;120;city288;400;141;city216;309;327;city72;63;106;city259;105;330;city241;316;134;city146;474;385;city64;467;4;city289;10;292;city99;145;155;city102;321;246;city133;340;425;city66;189;33;city86;375;328;city104
134;city113;370;269;city78;224;469;city202;274;197;city67;339;177;city88;241;33;city270;18;419;city56;125;133;city141;67;189;city97;432;163;city51;44;7;city197
162;city264;183;219;city222
160;city121;261;121;city258;346;328;city287;453;231;city91;332;406;city242
136;city74;190;93;city216;111;267;city230;132;138;city83;94;145;city141;369;470;city282;449;191;city248;11;294;city166;185;490;city257;69;305;city194;33;7;city217;379;100;city293
133;city139;216;145;city110;290;116;city260;317;64;city152;385;32;city271;87;412;city242;336;447;city149;174;414;city99;477;404;city160;403;267;city253;448;73;city205;264;96;city185;137;350;city172;450;331;city293
149;city187;116;345;city272;236;329;city288;315;288;city164;384;302;city280;250;2193;city114;91;274;city214;113;22;city268;204;65;city159;369;224;city98;435;208;city232;239;348;city78;89;168;city108;488;491;city161;349;306;city101
127;city121;437;29;city163;131;346;city97;169;202;city74;326;128;city67
172;city247;355;305;city111;344;156;city97;424;333;city177;395;436;city264;74;435;city259;20;343;city135;56;381;city71;287;141;city238;234;183;city166;81;44;city240;362;149;city156;90;168;city65;363;332;city54;261;307;city78;68;356;city187;212;321;city218;118;210;city224;41;285;city58
129;city262;160;75;city69;29;217;city299;99;341;city261;133;281;city128;129;476;city204;486;55;city140;295;245;city178;211;223;city279;151;343;city120
139;city83;497;46;city159;337;294;city260;298;329;city192;91;12;city140;363;450;city198;190;37;city269;438;267;city124;270;167;city130;21;172;city70
137;city123;238;204;city203;444;30;city253;348;373;city180;439;479;city179;223;186;city115;434;54;city269;89;329;city233;140;252;city56;385;463;city75;336;469;city211;147;81;city85;265;419;city141;236;376;city157;113;409;city218;248;473;city126;222;53;city65
143;city210;143;494;city260;62;347;city259;121;359;city184
162;city264;183;219;city222
169;city115;301;283;city274;137;370;city299;400;317;city107;107;268;city218;128;337;city205;61;342;city118;495;110;city68;135;23;city183;468;67;city61;420;239;city121;113;294;city262;247;420;city209;403;243;city192;83;289;city53;477;283;city287;90;449;city252;22;198;city113
145;city253;84;221;city282;281;341;city76;42;322;city236;351;499;city283;460;308;city134;361;487;city118;161;427;city220;85;89;city149;498;361;city84;213;98;city163;332;421;city68;107;367;city198;212;451;city104;90;182;city208;477;321;city209;141;290;city275
126;city109;216;343;city190;401;5;city222
171;city227;154;206;city258;225;83;city246;123;376;city237;225;275;city283;409;122;city69
150;city115;73;362;city105;396;399;city210;347;380;city221;323;435;city111;246;444;city241;434;245;city141;130;147;city270;61;493;city188;401;466;city298;329;425;city76;298;500;city158;201;407;city245;109;128;city179
154;city237;380;104;city200;365;378;city231;115;223;city133;308;224;city229;486;182;city108;384;428;city274
173;city120;395;145;city147;317;255;city136;302;371;city197;45;498;city174;327;354;city93;85;351;city121;106;219;city290;440;485;city112;31;99;city279;29;47;city239
161;city150;145;361;city210;431;8;city212;138;358;city160;399;348;city70;476;132;city194;457;230;city282;497;9304;city92;58;217;city156;457;236;city213;49;133;city112
135;city162;22;21;city182;209;458;city113;482;61;city122;479;228;city116;356;378;city103;10;175;city206;41;172;city225;318;186;city125;70;398;city138;53;274;city111;131;166;city193;219;419;city195;470;348;city291;283;238;city282;358;231;city181;381;392;city106
164;city52;164;435;city120;364;129;city129;412;138;city60
169;city115;301;283;city274;137;370;city299;400;317;city107;107;268;city218;128;337;city205;61;342;city118;495;110;city68;135;23;city183;468;67;city61;420;239;city121;113;294;city262;247;420;city209;403;243;city192;83;289;city53;477;283;city287;90;449;city252;22;198;city113
137;city123;238;204;city203;444;30;city253;348;373;city180;439;479;city179;223;186;city115;434;54;city269;89;329;city233;140;252;city56;385;463;city75;336;469;city211;147;81;city85;265;419;city141;236;376;city157;113;409;city218;248;473;city126;222;53;city65
145;city253;84;221;city282;281;341;city76;42;322;city236;351;499;city283;460;308;city134;361;487;city118;161;427;city220;85;89;city149;498;361;city84;213;98;city163;332;421;city68;107;367;city198;212;451;city104;90;182;city208;477;321;city209;141;290;city275
153;city292;394;120;city288;400;141;city216;309;327;city72;63;106;city259;105;330;city241;316;134;city146;474;385;city64;467;4;city289;10;292;city99;145;155;city102;321;246;city133;340;425;city66;189;33;city86;375;328;city104
167;city128;334;20;city297;440;297;city216;128;423;city109;335;265;city134;151;315;city246;275;192;city180;170;312;city164;428;119;city220;297;126;city231;494;341;city291;434;251;city219;187;463;city161;170;234;city167;233;124;city208;475;293;city284;118;404;city215;295;32;city73;467;414;city151;77;370;city267
139;city83;497;46;city159;337;294;city260;298;329;city192;91;12;city140;363;450;city198;190;37;city269;438;267;city124;270;167;city130;21;172;city70
161;city150;145;361;city210;431;8;city212;138;358;city160;399;348;city70;476;132;city194;457;230;city282;497;9304;city92;58;217;city156;457;236;city213;49;133;city112
142;city186;334;76;city272;28;87;city242;359;189;city128;339;359;city209;477;472;city77;160;249;city248;366;316;city239;12;102;city55;244;9;city183;106;341;city184;88;187;city258;90;48;city71;98;167;city69
174;city195;14;95;city231;453;108;city234
140;city118;66;3;city230;223;194;city176;448;185;city163;206;18;city202;192;102;city102;388;342;city237;344;309;city95;144;455;city250;127;210;city117;394;45;city129;391;52;city116;369;164;city97
137;city123;238;204;city203;444;30;city253;348;373;city180;439;479;city179;223;186;city115;434;54;city269;89;329;city233;140;252;city56;385;463;city75;336;469;city211;147;81;city85;265;419;city141;236;376;city157;113;409;city218;248;473;city126;222;53;city65
159;city143;421;366;city158;455;429;city103;497;229;city286;160;436;city260;319;24;city171;374;333;city156
154;city237;380;104;city200;365;378;city231;115;223;city133;308;224;city229;486;182;city108;384;428;city274
133;city139;216;145;city110;290;116;city260;317;64;city152;385;32;city271;87;412;city242;336;447;city149;174;414;city99;477;404;city160;403;267;city253;448;73;city205;264;96;city185;137;350;city172;450;331;city293
127;city121;437;29;city163;131;346;city97;169;202;city74;326;128;city67
159;city143;421;366;city158;455;429;city103;497;229;city286;160;436;city260;319;24;city171;374;333;city156
151;city82;264;424;city62;68;104;city78;133;476;city234;266;227;city105;292;238;city220;176;383;city123;388;55;city188;490;70;city155;46;235;city261;430;168;city180;367;381;city228;54;183;city259;39;292;city115;338;328;city233;250;245;city124;423;50;city69;250;216;city97;387;321;city90;444;474;city67
153;city292;394;120;city288;400;141;city216;309;327;city72;63;106;city259;105;330;city241;316;134;city146;474;385;city64;467;4;city289;10;292;city99;145;155;city102;321;246;city133;340;425;city66;189;33;city86;375;328;city104
144;city77;148;140;city110;352;45;city218;487;148;city201;258;129;city73;265;214;city261;28;370;city285;162;456;city106;113;73;city281;253;140;city118;473;228;city145;254;85;city53;2;207;city130
145;city253;84;221;city282;281;341;city76;42;322;city236;351;499;city283;460;308;city134;361;487;city118;161;427;city220;85;89;city149;498;361;city84;213;98;city163;332;421;city68;107;367;city198;212;451;city104;90;182;city208;477;321;city209;141;290;city275
165;city255;423;467;city187;207;87;city198;423;337;city248;389;7;city197;439;444;city152;407;32;city190;244;316;city136;185;123;city91;197;239;city119;194;166;city145;14;243;city133;467;450;city98;9;281;city110;336;110;city115;365;266;city247;101;294;city287;324;155;city217;107;43;city85;370;359;city78
138;city95;158;324;city133;494;262;city101;75;392;city267;52;54;city211;136;285;city243;281;152;city128;428;81;city193
157;city183;209;317;city65;262;244;city190;365;303;city117
160;city121;261;121;city258;346;328;city287;453;231;city91;332;406;city242
150;city115;73;362;city105;396;399;city210;347;380;city221;323;435;city111;246;444;city241;434;245;city141;130;147;city270;61;493;city188;401;466;city298;329;425;city76;298;500;city158;201;407;city245;109;128;city179
164;city52;164;435;city120;364;129;city129;412;138;city60
142;city186;334;76;city272;28;87;city242;359;189;city128;339;359;city209;477;472;city77;160;249;city248;366;316;city239;12;102;city55;244;9;city183;106;341;city184;88;187;city258;90;48;city71;98;167;city69
174;city195;14;95;city231;453;108;city234
146;city289;223;160;city235;391;360;city196;13;9;city236;277;372;city181;82;431;city130;167;365;city95;265;128;city56;255;423;city281;85;440;city194;204;424;city288;355;373;city176;194;97;city265;377;398;city94
158;city265;285;135;city201;188;239;city121;310;53;city85;386;352;city204;104;193;city123;494;181;city157;144;330;city271;473;32;city50;308;9;city86;252;455;city124
141;city143;161;343;city85;50;443;city243;387;371;city186;57;293;city169;249;158;city208;339;445;city99;430;418;city255
170;city85;387;46;city136;82;164;city162;153;335;city282;380;312;city95;134;213;city137;252;224;city236;272;105;city197
164;city52;164;435;city120;364;129;city129;412;138;city60
170;city85;387;46;city136;82;164;city162;153;335;city282;380;312;city95;134;213;city137;252;224;city236;272;105;city197
136;city74;190;93;city216;111;267;city230;132;138;city83;94;145;city141;369;470;city282;449;191;city248;11;294;city166;185;490;city257;69;305;city194;33;7;city217;379;100;city293
167;city128;334;20;city297;440;297;city216;128;423;city109;335;265;city134;151;315;city246;275;192;city180;170;312;city164;428;119;city220;297;126;city231;494;341;city291;434;251;city219;187;463;city161;170;234;city167;233;124;city208;475;293;city284;118;404;city215;295;32;city73;467;414;city151;77;370;city267
152;city245;337;237;city150;404;235;city119;135;235;city63;394;12;city277;123;334;city211;292;18;city242;167;114;city87;474;131;city259;33;461;city106;74;8048;city251;140;335;city266
128;city143;339;368;city145;311;36;city179;190;452;city92;212;73;city298;490;428;city193;225;227;city90;436;199;city227;452;389;city291;171;233;city186;200;71;city77
174;city195;14;95;city231;453;108;city234
159;city143;421;366;city158;455;429;city103;497;229;city286;160;436;city260;319;24;city171;374;333;city156
171;city227;154;206;city258;225;83;city246;123;376;city237;225;275;city283;409;122;city69
128;city143;339;368;city145;311;36;city179;190;452;city92;212;73;city298;490;428;city193;225;227;city90;436;199;city227;452;389;city291;171;233;city186;200;71;city77
170;city85;387;46;city136;82;164;city162;153;335;city282;380;312;city95;134;213;city137;252;224;city236;272;105;city197
146;city289;223;160;city235;391;360;city196;13;9;city236;277;372;city181;82;431;city130;167;365;city95;265;128;city56;255;423;city281;85;440;city194;204;424;city288;355;373;city176;194;97;city265;377;398;city94
154;city237;380;104;city200;365;378;city231;115;223;city133;308;224;city229;486;182;city108;384;428;city274
137;city123;238;204;city203;444;30;city253;348;373;city180;439;479;city179;223;186;city115;434;54;city269;89;329;city233;140;252;city56;385;463;city75;336;469;city211;147;81;city85;265;419;city141;236;376;city157;113;409;city218;248;473;city126;222;53;city65
143;city210;143;494;city260;62;347;city259;121;359;city184
142;city186;334;76;city272;28;87;city242;359;189;city128;339;359;city209;477;472;city77;160;249;city248;366;316;city239;12;102;city55;244;9;city183;106;341;city184;88;187;city258;90;48;city71;98;167;city69
132;city273;62;200;city251;212;369;city107;184;199;city210;284;395;city224
126;city109;216;343;city190;401;5;city222
137;city123;238;204;city203;444;30;city253;348;373;city180;439;479;city179;223;186;city115;434;54;city269;89;329;city233;140;252;city56;385;463;city75;336;469;city211;147;81;city85;265;419;city141;236;376;city157;113;409;city218;248;473;city126;222;53;city65
171;city227;154;206;city258;225;83;city246;123;376;city237;225;275;city283;409;122;city69
166;city236;379;444;city230;124;471;city244;165;481;city257;475;131;city286;238;86;city111;379;463;city288;209;140;city72;381;130;city55;147;243;city192
150;city115;73;362;city105;396;399;city210;347;380;city221;323;435;city111;246;444;city241;434;245;city141;130;147;city270;61;493;city188;401;466;city298;329;425;city76;298;500;city158;201;407;city245;109;128;city179
165;city255;423;467;city187;207;87;city198;423;337;city248;389;7;city197;439;444;city152;407;32;city190;244;316;city136;185;123;city91;197;239;city119;194;166;city145;14;243;city133;467;450;city98;9;281;city110;336;110;city115;365;266;city247;101;294;city287;324;155;city217;107;43;city85;370;359;city78
133;city139;216;145;city110;290;116;city260;317;64;city152;385;32;city271;87;412;city242;336;447;city149;174;414;city99;477;404;city160;403;267;city253;448;73;city205;264;96;city185;137;350;city172;450;331;city293
170;city85;387;46;city136;82;164;city162;153;335;city282;380;312;city95;134;213;city137;252;224;city236;272;105;city197
128;city143;339;368;city145;311;36;city179;190;452;city92;212;73;city298;490;428;city193;225;227;city90;436;199;city227;452;389;city291;171;233;city186;200;71;city77
167;city128;334;20;city297;440;297;city216;128;423;city109;335;265;city134;151;315;city246;275;192;city180;170;312;city164;428;119;city220;297;126;city231;494;341;city291;434;251;city219;187;463;city161;170;234;city167;233;124;city208;475;293;city284;118;404;city215;295;32;city73;467;414;city151;77;370;city267
137;city123;238;204;city203;444;30;city253;348;373;city180;439;479;city179;223;186;city115;434;54;city269;89;329;city233;140;252;city56;385;463;city75;336;469;city211;147;81;city85;265;419;city141;236;376;city157;113;409;city218;248;473;city126;222;53;city65
126;city109;216;343;city190;401;5;city222
154;city237;380;104;city200;365;378;city231;115;223;city133;308;224;city229;486;182;city108;384;428;city274
135;city162;22;21;city182;209;458;city113;482;61;city122;479;228;city116;356;378;city103;10;175;city206;41;172;city225;318;186;city125;70;398;city138;53;274;city111;131;166;city193;219;419;city195;470;348;city291;283;238;city282;358;231;city181;381;392;city106
148;city195;121;356;city78;169;16;city258;262;423;city206;373;238;city140;226;480;city131;23;236;city264;346;206;city83;10;412;city102;258;156;city67;283;104;city161;268;269;city205;179;491;city202
174;city195;14;95;city231;453;108;city234
135;city162;22;21;city182;209;458;city113;482;61;city122;479;228;city116;356;378;city103;10;175;city206;41;172;city225;318;186;city125;70;398;city138;53;274;city111;131;166;city193;219;419;city195;470;348;city291;283;238;city282;358;231;city181;381;392;city106
152;city245;337;237;city150;404;235;city119;135;235;city63;394;12;city277;123;334;city211;292;18;city242;167;114;city87;474;131;city259;33;461;city106;74;8048;city251;140;335;city266
148;city195;121;356;city78;169;16;city258;262;423;city206;373;238;city140;226;480;city131;23;236;city264;346;206;city83;10;412;city102;258;156;city67;283;104;city161;268;269;city205;179;491;city202
169;city115;301;283;city274;137;370;city299;400;317;city107;107;268;city218;128;337;city205;61;342;city118;495;110;city68;135;23;city183;468;67;city61;420;239;city121;113;294;city262;247;420;city209;403;243;city192;83;289;city53;477;283;city287;90;449;city252;22;198;city113
138;city95;158;324;city133;494;262;city101;75;392;city267;52;54;city211;136;285;city243;281;152;city128;428;81;city193
148;city195;121;356;city78;169;16;city258;262;423;city206;373;238;city140;226;480;city131;23;236;city264;346;206;city83;10;412;city102;258;156;city67;283;104;city161;268;269;city205;179;491;city202
