





















170;city69;234;260;city184;363;103;city196;217;143;city175;443;345;city198;430;165;city173


















170;city69;234;260;city184;363;103;city196;217;143;city175;443;345;city198;430;165;city173




149;city97;105;261;city53;235;434;city100;197;255;city133;340;388;city194;378;74;city266;292;121;city217;254;218;city229;188;369;city140
158;city100;350;458;city145;218;303;city215;373;466;city278;98;329;city199;460;411;city164;138;368;city202;73;398;city180;53;423;city295;357;428;city186;153;293;city194;120;435;city135;331;346;city299;222;481;city99;413;491;city225;188;123;city212;481;246;city183;27;153;city143

157;city103;438;357;city246;472;232;city255;96;2;city293;301;366;city277;174;317;city278
148;city119;404;385;city191;405;22;city271;49;280;city179;47;274;city143;265;409;city265;336;212;city170;259;200;city276;490;271;city97;130;321;city77;195;168;city115;464;38;city160;2;4;city82
173;city157;439;121;city244;320;56;city186;192;184;city210;142;117;city192;191;6;city103;93;180;city96
149;city97;105;261;city53;235;434;city100;197;255;city133;340;388;city194;378;74;city266;292;121;city217;254;218;city229;188;369;city140
158;city100;350;458;city145;218;303;city215;373;466;city278;98;329;city199;460;411;city164;138;368;city202;73;398;city180;53;423;city295;357;428;city186;153;293;city194;120;435;city135;331;346;city299;222;481;city99;413;491;city225;188;123;city212;481;246;city183;27;153;city143
131;city175;396;272;city136;5;220;city68;369;472;city191;224;466;city180;279;422;city135;236;437;city297;375;326;city222;408;269;city141;164;108;city269;150;379;city104;230;139;city81
137;city203;185;396;city263;271;404;city173;470;154;city284;211;132;city286;153;175;city182;113;482;city174;388;349;city149

171;city270;215;118;city50;303;145;city64;75;287;city256;358;254;city92;349;205;city62;57;229;city203;66;396;city77;100;374;city224;337;204;city236;417;61;city90;321;123;city131;14;44;city193;117;359;city278


140;city75;30;30;city166;432;480;city209;347;78;city229;428;9;city169;356;452;city54;144;358;city164
146;city127;14;53;city254;440;50;city207;313;479;city132;382;474;city143;444;439;city294;480;321;city80;114;496;city258;180;460;city81;484;201;city79;91;244;city66;405;413;city270;65;228;city163
140;city75;30;30;city166;432;480;city209;347;78;city229;428;9;city169;356;452;city54;144;358;city164
146;city127;14;53;city254;440;50;city207;313;479;city132;382;474;city143;444;439;city294;480;321;city80;114;496;city258;180;460;city81;484;201;city79;91;244;city66;405;413;city270;65;228;city163






151;city182;77;464;city238;178;494;city112;28;140;city165;195;465;city66

134;city109;454;81;city223;410;6;city233

171;city270;215;118;city50;303;145;city64;75;287;city256;358;254;city92;349;205;city62;57;229;city203;66;396;city77;100;374;city224;337;204;city236;417;61;city90;321;123;city131;14;44;city193;117;359;city278
159;city289;357;112;city153;137;49;city183;28;232;city77;2;51;city55;471;483;city295;466;248;city114;26;297;city240;338;49;city147;2;451;city218;241;83;city168;341;139;city189;117;161;city144;181;115;city272;131;71;city128;124;128;city119;197;269;city227
128;city200;201;368;city128;152;369;city285;313;406;city294;331;360;city250;262;253;city198;110;187;city90;432;221;city152;74;122;city234;233;384;city111;300;313;city101;104;196;city205;267;416;city206;500;233;city290;43;430;city297;43;499;city132;357;261;city93;303;465;city253;191;118;city288
128;city200;201;368;city128;152;369;city285;313;406;city294;331;360;city250;262;253;city198;110;187;city90;432;221;city152;74;122;city234;233;384;city111;300;313;city101;104;196;city205;267;416;city206;500;233;city290;43;430;city297;43;499;city132;357;261;city93;303;465;city253;191;118;city288
170;city69;234;260;city184;363;103;city196;217;143;city175;443;345;city198;430;165;city173
145;city50;195;189;city154;125;428;city275;351;184;city55;3;76;city63;377;295;city258;329;126;city212
173;city157;439;121;city244;320;56;city186;192;184;city210;142;117;city192;191;6;city103;93;180;city96
133;city196;344;83;city67;329;291;city161;23;212;city101;184;58;city203;153;153;city187;136;119;city181;241;232;city229;376;51;city202;237;250;city141;359;399;city176;194;500;city135;24;183;city164;477;358;city126;53;224;city248
170;city69;234;260;city184;363;103;city196;217;143;city175;443;345;city198;430;165;city173
158;city100;350;458;city145;218;303;city215;373;466;city278;98;329;city199;460;411;city164;138;368;city202;73;398;city180;53;423;city295;357;428;city186;153;293;city194;120;435;city135;331;346;city299;222;481;city99;413;491;city225;188;123;city212;481;246;city183;27;153;city143

148;city119;404;385;city191;405;22;city271;49;280;city179;47;274;city143;265;409;city265;336;212;city170;259;200;city276;490;271;city97;130;321;city77;195;168;city115;464;38;city160;2;4;city82
170;city69;234;260;city184;363;103;city196;217;143;city175;443;345;city198;430;165;city173
141;city218;77;227;city153;59;475;city293;363;263;city267
148;city119;404;385;city191;405;22;city271;49;280;city179;47;274;city143;265;409;city265;336;212;city170;259;200;city276;490;271;city97;130;321;city77;195;168;city115;464;38;city160;2;4;city82
125;city274;350;357;city153;192;152;city164;462;104;city259;245;187;city122;174;480;city88;54;192;city157;201;73;city156;431;105;city94

143;city248;36;181;city61;488;252;city211;419;270;city237;127;26;city201;264;92;city169;101;275;city288;197;231;city232;259;387;city287;390;155;city77;131;252;city65;285;347;city272;355;82;city76;271;304;city104;377;483;city210;70;442;city62;163;274;city165;490;246;city116;26;357;city184
135;city143;5;268;city176;2;353;city289;416;177;city204;311;80;city178;85;380;city138;238;186;city116;322;369;city64;94;447;city97;327;491;city260;202;301;city118;255;67;city103;137;200;city172;103;66;city84;147;432;city197
133;city196;344;83;city67;329;291;city161;23;212;city101;184;58;city203;153;153;city187;136;119;city181;241;232;city229;376;51;city202;237;250;city141;359;399;city176;194;500;city135;24;183;city164;477;358;city126;53;224;city248
173;city157;439;121;city244;320;56;city186;192;184;city210;142;117;city192;191;6;city103;93;180;city96

128;city200;201;368;city128;152;369;city285;313;406;city294;331;360;city250;262;253;city198;110;187;city90;432;221;city152;74;122;city234;233;384;city111;300;313;city101;104;196;city205;267;416;city206;500;233;city290;43;430;city297;43;499;city132;357;261;city93;303;465;city253;191;118;city288

153;city106;41;66;city263;3;132;city165;65;393;city283;270;499;city185;246;402;city208;263;441;city87;313;230;city171;3;237;city63

133;city196;344;83;city67;329;291;city161;23;212;city101;184;58;city203;153;153;city187;136;119;city181;241;232;city229;376;51;city202;237;250;city141;359;399;city176;194;500;city135;24;183;city164;477;358;city126;53;224;city248
134;city109;454;81;city223;410;6;city233
148;city119;404;385;city191;405;22;city271;49;280;city179;47;274;city143;265;409;city265;336;212;city170;259;200;city276;490;271;city97;130;321;city77;195;168;city115;464;38;city160;2;4;city82
155;city96;357;365;city153;415;251;city53;397;69;city138;164;151;city199;25;157;city98;467;431;city288;317;412;city273;440;484;city149;355;397;city206;39;338;city133;147;482;city246;281;190;city247
149;city97;105;261;city53;235;434;city100;197;255;city133;340;388;city194;378;74;city266;292;121;city217;254;218;city229;188;369;city140
155;city96;357;365;city153;415;251;city53;397;69;city138;164;151;city199;25;157;city98;467;431;city288;317;412;city273;440;484;city149;355;397;city206;39;338;city133;147;482;city246;281;190;city247
126;city214;410;38;city247;9;144;city209;361;373;city275;220;193;city177;162;395;city122;16;352;city69;406;111;city54;393;420;city206;124;61;city71;78;59;city194;169;179;city254;364;295;city51;25;129;city123;223;500;city171
161;city79;474;94;city127;245;107;city202;309;131;city144;147;19;city252;108;258;city170;464;107;city139;241;229;city132;325;53;city247;121;479;city255;91;289;city156;208;123;city116;59;238;city191

168;city61;51;229;city162;263;456;city282;306;73;city161;293;319;city71;276;304;city160;109;356;city247;146;379;city77;369;84;city297;127;290;city240;121;171;city194;354;422;city295;264;486;city258;467;197;city252;385;224;city223

153;city106;41;66;city263;3;132;city165;65;393;city283;270;499;city185;246;402;city208;263;441;city87;313;230;city171;3;237;city63
149;city97;105;261;city53;235;434;city100;197;255;city133;340;388;city194;378;74;city266;292;121;city217;254;218;city229;188;369;city140
132;city182;47;238;city56;248;161;city195;440;322;city276;45;267;city99;391;81;city205;270;40;city154;54;492;city272
140;city75;30;30;city166;432;480;city209;347;78;city229;428;9;city169;356;452;city54;144;358;city164
156;city61;92;107;city67;495;47;city176;17;433;city70;286;238;city285;107;434;city84;365;298;city262
162;city65;241;301;city142;342;240;city118;229;444;city137

166;city84;171;13;city134;397;275;city91;47;275;city78

151;city182;77;464;city238;178;494;city112;28;140;city165;195;465;city66

141;city218;77;227;city153;59;475;city293;363;263;city267
156;city61;92;107;city67;495;47;city176;17;433;city70;286;238;city285;107;434;city84;365;298;city262

159;city289;357;112;city153;137;49;city183;28;232;city77;2;51;city55;471;483;city295;466;248;city114;26;297;city240;338;49;city147;2;451;city218;241;83;city168;341;139;city189;117;161;city144;181;115;city272;131;71;city128;124;128;city119;197;269;city227
172;city166;460;306;city57;437;50;city181;487;362;city59;320;448;city143;112;443;city272;96;348;city292;241;467;city146;138;299;city252;352;183;city190;8;132;city115;225;33;city296;492;373;city89;218;381;city84;31;432;city178;229;425;city73

137;city203;185;396;city263;271;404;city173;470;154;city284;211;132;city286;153;175;city182;113;482;city174;388;349;city149
153;city106;41;66;city263;3;132;city165;65;393;city283;270;499;city185;246;402;city208;263;441;city87;313;230;city171;3;237;city63
174;city259;299;181;city236;85;28;city246;374;46;city214;329;193;city87;2;127;city158;415;75;city254;280;326;city166;67;191;city154;153;338;city107;163;475;city262;465;160;city52
163;city295;275;205;city215;67;179;city176;339;373;city269;5;381;city106;330;158;city187;55;237;city98;452;45;city200;356;283;city166;232;124;city232;105;498;city74;282;477;city146;340;29;city279;369;63;city140;343;207;city145;256;116;city153;455;84;city228;477;103;city222;496;255;city122;202;290;city252

163;city295;275;205;city215;67;179;city176;339;373;city269;5;381;city106;330;158;city187;55;237;city98;452;45;city200;356;283;city166;232;124;city232;105;498;city74;282;477;city146;340;29;city279;369;63;city140;343;207;city145;256;116;city153;455;84;city228;477;103;city222;496;255;city122;202;290;city252
155;city96;357;365;city153;415;251;city53;397;69;city138;164;151;city199;25;157;city98;467;431;city288;317;412;city273;440;484;city149;355;397;city206;39;338;city133;147;482;city246;281;190;city247
131;city175;396;272;city136;5;220;city68;369;472;city191;224;466;city180;279;422;city135;236;437;city297;375;326;city222;408;269;city141;164;108;city269;150;379;city104;230;139;city81
125;city274;350;357;city153;192;152;city164;462;104;city259;245;187;city122;174;480;city88;54;192;city157;201;73;city156;431;105;city94
155;city96;357;365;city153;415;251;city53;397;69;city138;164;151;city199;25;157;city98;467;431;city288;317;412;city273;440;484;city149;355;397;city206;39;338;city133;147;482;city246;281;190;city247
151;city182;77;464;city238;178;494;city112;28;140;city165;195;465;city66
173;city157;439;121;city244;320;56;city186;192;184;city210;142;117;city192;191;6;city103;93;180;city96

153;city106;41;66;city263;3;132;city165;65;393;city283;270;499;city185;246;402;city208;263;441;city87;313;230;city171;3;237;city63
131;city175;396;272;city136;5;220;city68;369;472;city191;224;466;city180;279;422;city135;236;437;city297;375;326;city222;408;269;city141;164;108;city269;150;379;city104;230;139;city81
134;city109;454;81;city223;410;6;city233
168;city61;51;229;city162;263;456;city282;306;73;city161;293;319;city71;276;304;city160;109;356;city247;146;379;city77;369;84;city297;127;290;city240;121;171;city194;354;422;city295;264;486;city258;467;197;city252;385;224;city223
157;city103;438;357;city246;472;232;city255;96;2;city293;301;366;city277;174;317;city278
131;city175;396;272;city136;5;220;city68;369;472;city191;224;466;city180;279;422;city135;236;437;city297;375;326;city222;408;269;city141;164;108;city269;150;379;city104;230;139;city81
154;city294;179;157;city212;34;351;city102;127;142;city111;389;311;city195;178;11;city76
130;city192;204;480;city230;67;230;city139;496;475;city106;477;467;city299;7;310;city272;307;138;city216;52;306;city254;377;316;city102;264;176;city206;310;326;city58;284;126;city276;467;96;city298;447;5;city78;425;481;city101;248;249;city141;216;169;city64;427;116;city180;373;71;city121
151;city182;77;464;city238;178;494;city112;28;140;city165;195;465;city66
158;city100;350;458;city145;218;303;city215;373;466;city278;98;329;city199;460;411;city164;138;368;city202;73;398;city180;53;423;city295;357;428;city186;153;293;city194;120;435;city135;331;346;city299;222;481;city99;413;491;city225;188;123;city212;481;246;city183;27;153;city143
163;city295;275;205;city215;67;179;city176;339;373;city269;5;381;city106;330;158;city187;55;237;city98;452;45;city200;356;283;city166;232;124;city232;105;498;city74;282;477;city146;340;29;city279;369;63;city140;343;207;city145;256;116;city153;455;84;city228;477;103;city222;496;255;city122;202;290;city252
153;city106;41;66;city263;3;132;city165;65;393;city283;270;499;city185;246;402;city208;263;441;city87;313;230;city171;3;237;city63
141;city218;77;227;city153;59;475;city293;363;263;city267
136;city117;405;223;city238;87;435;city163;253;185;city234;229;282;city64;55;279;city216;358;464;city276;400;317;city232;302;209;city122;179;157;city114;323;24;city82;362;316;city285;145;155;city249
140;city75;30;30;city166;432;480;city209;347;78;city229;428;9;city169;356;452;city54;144;358;city164
148;city119;404;385;city191;405;22;city271;49;280;city179;47;274;city143;265;409;city265;336;212;city170;259;200;city276;490;271;city97;130;321;city77;195;168;city115;464;38;city160;2;4;city82
169;city163;361;267;city165;166;30;city191;412;244;city246;170;354;city113;215;331;city237;317;361;city245;358;260;city298;178;63;city200;497;462;city107;354;490;city281;491;294;city171;405;115;city98;452;367;city239;394;9;city203;469;172;city229;356;276;city232;356;139;city68
152;city244;141;104;city220;304;360;city64;402;33;city172;229;494;city81;99;453;city147;141;424;city203;156;146;city260;434;476;city141;418;310;city165;492;388;city167;20;23;city164;76;13;city146;397;173;city79;205;424;city215;435;398;city226;307;220;city205;135;436;city190;473;350;city288
154;city294;179;157;city212;34;351;city102;127;142;city111;389;311;city195;178;11;city76
132;city182;47;238;city56;248;161;city195;440;322;city276;45;267;city99;391;81;city205;270;40;city154;54;492;city272
146;city127;14;53;city254;440;50;city207;313;479;city132;382;474;city143;444;439;city294;480;321;city80;114;496;city258;180;460;city81;484;201;city79;91;244;city66;405;413;city270;65;228;city163
129;city53;149;11;city52;50;271;city134;109;322;city105;60;403;city60;139;251;city217;110;12;city107;97;29;city102;397;183;city128;472;467;city256;396;495;city149;463;191;city157;328;13;city275;288;137;city96;462;244;city135
153;city106;41;66;city263;3;132;city165;65;393;city283;270;499;city185;246;402;city208;263;441;city87;313;230;city171;3;237;city63
163;city295;275;205;city215;67;179;city176;339;373;city269;5;381;city106;330;158;city187;55;237;city98;452;45;city200;356;283;city166;232;124;city232;105;498;city74;282;477;city146;340;29;city279;369;63;city140;343;207;city145;256;116;city153;455;84;city228;477;103;city222;496;255;city122;202;290;city252
133;city196;344;83;city67;329;291;city161;23;212;city101;184;58;city203;153;153;city187;136;119;city181;241;232;city229;376;51;city202;237;250;city141;359;399;city176;194;500;city135;24;183;city164;477;358;city126;53;224;city248
140;city75;30;30;city166;432;480;city209;347;78;city229;428;9;city169;356;452;city54;144;358;city164
168;city61;51;229;city162;263;456;city282;306;73;city161;293;319;city71;276;304;city160;109;356;city247;146;379;city77;369;84;city297;127;290;city240;121;171;city194;354;422;city295;264;486;city258;467;197;city252;385;224;city223
145;city50;195;189;city154;125;428;city275;351;184;city55;3;76;city63;377;295;city258;329;126;city212
150;city241;346;183;city291;332;426;city139;131;266;city295;60;116;city142
133;city196;344;83;city67;329;291;city161;23;212;city101;184;58;city203;153;153;city187;136;119;city181;241;232;city229;376;51;city202;237;250;city141;359;399;city176;194;500;city135;24;183;city164;477;358;city126;53;224;city248
169;city163;361;267;city165;166;30;city191;412;244;city246;170;354;city113;215;331;city237;317;361;city245;358;260;city298;178;63;city200;497;462;city107;354;490;city281;491;294;city171;405;115;city98;452;367;city239;394;9;city203;469;172;city229;356;276;city232;356;139;city68
170;city69;234;260;city184;363;103;city196;217;143;city175;443;345;city198;430;165;city173
144;city179;445;273;city99;476;152;city288;317;309;city214;430;494;city127
127;city189;379;424;city258;345;208;city163;169;481;city123;488;342;city158;178;325;city190;395;40;city168
143;city248;36;181;city61;488;252;city211;419;270;city237;127;26;city201;264;92;city169;101;275;city288;197;231;city232;259;387;city287;390;155;city77;131;252;city65;285;347;city272;355;82;city76;271;304;city104;377;483;city210;70;442;city62;163;274;city165;490;246;city116;26;357;city184
128;city200;201;368;city128;152;369;city285;313;406;city294;331;360;city250;262;253;city198;110;187;city90;432;221;city152;74;122;city234;233;384;city111;300;313;city101;104;196;city205;267;416;city206;500;233;city290;43;430;city297;43;499;city132;357;261;city93;303;465;city253;191;118;city288
174;city259;299;181;city236;85;28;city246;374;46;city214;329;193;city87;2;127;city158;415;75;city254;280;326;city166;67;191;city154;153;338;city107;163;475;city262;465;160;city52
169;city163;361;267;city165;166;30;city191;412;244;city246;170;354;city113;215;331;city237;317;361;city245;358;260;city298;178;63;city200;497;462;city107;354;490;city281;491;294;city171;405;115;city98;452;367;city239;394;9;city203;469;172;city229;356;276;city232;356;139;city68
126;city214;410;38;city247;9;144;city209;361;373;city275;220;193;city177;162;395;city122;16;352;city69;406;111;city54;393;420;city206;124;61;city71;78;59;city194;169;179;city254;364;295;city51;25;129;city123;223;500;city171
153;city106;41;66;city263;3;132;city165;65;393;city283;270;499;city185;246;402;city208;263;441;city87;313;230;city171;3;237;city63
164;city98;40;27;city250

131;city175;396;272;city136;5;220;city68;369;472;city191;224;466;city180;279;422;city135;236;437;city297;375;326;city222;408;269;city141;164;108;city269;150;379;city104;230;139;city81
159;city289;357;112;city153;137;49;city183;28;232;city77;2;51;city55;471;483;city295;466;248;city114;26;297;city240;338;49;city147;2;451;city218;241;83;city168;341;139;city189;117;161;city144;181;115;city272;131;71;city128;124;128;city119;197;269;city227
170;city69;234;260;city184;363;103;city196;217;143;city175;443;345;city198;430;165;city173
126;city214;410;38;city247;9;144;city209;361;373;city275;220;193;city177;162;395;city122;16;352;city69;406;111;city54;393;420;city206;124;61;city71;78;59;city194;169;179;city254;364;295;city51;25;129;city123;223;500;city171
160;city153;366;452;city94;282;357;city271;416;296;city91;149;347;city255
172;city166;460;306;city57;437;50;city181;487;362;city59;320;448;city143;112;443;city272;96;348;city292;241;467;city146;138;299;city252;352;183;city190;8;132;city115;225;33;city296;492;373;city89;218;381;city84;31;432;city178;229;425;city73
172;city166;460;306;city57;437;50;city181;487;362;city59;320;448;city143;112;443;city272;96;348;city292;241;467;city146;138;299;city252;352;183;city190;8;132;city115;225;33;city296;492;373;city89;218;381;city84;31;432;city178;229;425;city73
167;city160;393;99;city121;159;419;city213;292;359;city133;117;337;city81;173;6;city85;487;274;city145;211;40;city290;134;471;city50;194;404;city63;112;250;city86;395;411;city69;152;98;city209;312;254;city80;285;457;city54
128;city200;201;368;city128;152;369;city285;313;406;city294;331;360;city250;262;253;city198;110;187;city90;432;221;city152;74;122;city234;233;384;city111;300;313;city101;104;196;city205;267;416;city206;500;233;city290;43;430;city297;43;499;city132;357;261;city93;303;465;city253;191;118;city288
163;city295;275;205;city215;67;179;city176;339;373;city269;5;381;city106;330;158;city187;55;237;city98;452;45;city200;356;283;city166;232;124;city232;105;498;city74;282;477;city146;340;29;city279;369;63;city140;343;207;city145;256;116;city153;455;84;city228;477;103;city222;496;255;city122;202;290;city252
151;city182;77;464;city238;178;494;city112;28;140;city165;195;465;city66
160;city153;366;452;city94;282;357;city271;416;296;city91;149;347;city255
172;city166;460;306;city57;437;50;city181;487;362;city59;320;448;city143;112;443;city272;96;348;city292;241;467;city146;138;299;city252;352;183;city190;8;132;city115;225;33;city296;492;373;city89;218;381;city84;31;432;city178;229;425;city73
153;city106;41;66;city263;3;132;city165;65;393;city283;270;499;city185;246;402;city208;263;441;city87;313;230;city171;3;237;city63
159;city289;357;112;city153;137;49;city183;28;232;city77;2;51;city55;471;483;city295;466;248;city114;26;297;city240;338;49;city147;2;451;city218;241;83;city168;341;139;city189;117;161;city144;181;115;city272;131;71;city128;124;128;city119;197;269;city227
172;city166;460;306;city57;437;50;city181;487;362;city59;320;448;city143;112;443;city272;96;348;city292;241;467;city146;138;299;city252;352;183;city190;8;132;city115;225;33;city296;492;373;city89;218;381;city84;31;432;city178;229;425;city73
155;city96;357;365;city153;415;251;city53;397;69;city138;164;151;city199;25;157;city98;467;431;city288;317;412;city273;440;484;city149;355;397;city206;39;338;city133;147;482;city246;281;190;city247
157;city103;438;357;city246;472;232;city255;96;2;city293;301;366;city277;174;317;city278
158;city100;350;458;city145;218;303;city215;373;466;city278;98;329;city199;460;411;city164;138;368;city202;73;398;city180;53;423;city295;357;428;city186;153;293;city194;120;435;city135;331;346;city299;222;481;city99;413;491;city225;188;123;city212;481;246;city183;27;153;city143
156;city61;92;107;city67;495;47;city176;17;433;city70;286;238;city285;107;434;city84;365;298;city262
125;city274;350;357;city153;192;152;city164;462;104;city259;245;187;city122;174;480;city88;54;192;city157;201;73;city156;431;105;city94
141;city218;77;227;city153;59;475;city293;363;263;city267
150;city241;346;183;city291;332;426;city139;131;266;city295;60;116;city142
155;city96;357;365;city153;415;251;city53;397;69;city138;164;151;city199;25;157;city98;467;431;city288;317;412;city273;440;484;city149;355;397;city206;39;338;city133;147;482;city246;281;190;city247
152;city244;141;104;city220;304;360;city64;402;33;city172;229;494;city81;99;453;city147;141;424;city203;156;146;city260;434;476;city141;418;310;city165;492;388;city167;20;23;city164;76;13;city146;397;173;city79;205;424;city215;435;398;city226;307;220;city205;135;436;city190;473;350;city288
168;city61;51;229;city162;263;456;city282;306;73;city161;293;319;city71;276;304;city160;109;356;city247;146;379;city77;369;84;city297;127;290;city240;121;171;city194;354;422;city295;264;486;city258;467;197;city252;385;224;city223
139;city245;256;144;city207;265;186;city66
149;city97;105;261;city53;235;434;city100;197;255;city133;340;388;city194;378;74;city266;292;121;city217;254;218;city229;188;369;city140
138;city172;472;464;city97;188;21;city235;214;399;city127;141;346;city198;4;445;city117;260;375;city285;14;6;city111;252;338;city297;366;217;city54;249;217;city126
135;city143;5;268;city176;2;353;city289;416;177;city204;311;80;city178;85;380;city138;238;186;city116;322;369;city64;94;447;city97;327;491;city260;202;301;city118;255;67;city103;137;200;city172;103;66;city84;147;432;city197
140;city75;30;30;city166;432;480;city209;347;78;city229;428;9;city169;356;452;city54;144;358;city164
130;city192;204;480;city230;67;230;city139;496;475;city106;477;467;city299;7;310;city272;307;138;city216;52;306;city254;377;316;city102;264;176;city206;310;326;city58;284;126;city276;467;96;city298;447;5;city78;425;481;city101;248;249;city141;216;169;city64;427;116;city180;373;71;city121
140;city75;30;30;city166;432;480;city209;347;78;city229;428;9;city169;356;452;city54;144;358;city164
132;city182;47;238;city56;248;161;city195;440;322;city276;45;267;city99;391;81;city205;270;40;city154;54;492;city272
154;city294;179;157;city212;34;351;city102;127;142;city111;389;311;city195;178;11;city76
156;city61;92;107;city67;495;47;city176;17;433;city70;286;238;city285;107;434;city84;365;298;city262
171;city270;215;118;city50;303;145;city64;75;287;city256;358;254;city92;349;205;city62;57;229;city203;66;396;city77;100;374;city224;337;204;city236;417;61;city90;321;123;city131;14;44;city193;117;359;city278
134;city109;454;81;city223;410;6;city233
127;city189;379;424;city258;345;208;city163;169;481;city123;488;342;city158;178;325;city190;395;40;city168
162;city65;241;301;city142;342;240;city118;229;444;city137
136;city117;405;223;city238;87;435;city163;253;185;city234;229;282;city64;55;279;city216;358;464;city276;400;317;city232;302;209;city122;179;157;city114;323;24;city82;362;316;city285;145;155;city249
157;city103;438;357;city246;472;232;city255;96;2;city293;301;366;city277;174;317;city278
150;city241;346;183;city291;332;426;city139;131;266;city295;60;116;city142
162;city65;241;301;city142;342;240;city118;229;444;city137
168;city61;51;229;city162;263;456;city282;306;73;city161;293;319;city71;276;304;city160;109;356;city247;146;379;city77;369;84;city297;127;290;city240;121;171;city194;354;422;city295;264;486;city258;467;197;city252;385;224;city223
130;city192;204;480;city230;67;230;city139;496;475;city106;477;467;city299;7;310;city272;307;138;city216;52;306;city254;377;316;city102;264;176;city206;310;326;city58;284;126;city276;467;96;city298;447;5;city78;425;481;city101;248;249;city141;216;169;city64;427;116;city180;373;71;city121
147;city189;121;350;city78;314;86;city148;324;384;city205;289;384;city228;390;496;city282;261;194;city117;418;263;city171;63;324;city255;108;370;city111;140;180;city272
168;city61;51;229;city162;263;456;city282;306;73;city161;293;319;city71;276;304;city160;109;356;city247;146;379;city77;369;84;city297;127;290;city240;121;171;city194;354;422;city295;264;486;city258;467;197;city252;385;224;city223
132;city182;47;238;city56;248;161;city195;440;322;city276;45;267;city99;391;81;city205;270;40;city154;54;492;city272
132;city182;47;238;city56;248;161;city195;440;322;city276;45;267;city99;391;81;city205;270;40;city154;54;492;city272
139;city245;256;144;city207;265;186;city66
158;city100;350;458;city145;218;303;city215;373;466;city278;98;329;city199;460;411;city164;138;368;city202;73;398;city180;53;423;city295;357;428;city186;153;293;city194;120;435;city135;331;346;city299;222;481;city99;413;491;city225;188;123;city212;481;246;city183;27;153;city143
170;city69;234;260;city184;363;103;city196;217;143;city175;443;345;city198;430;165;city173
141;city218;77;227;city153;59;475;city293;363;263;city267
170;city69;234;260;city184;363;103;city196;217;143;city175;443;345;city198;430;165;city173
156;city61;92;107;city67;495;47;city176;17;433;city70;286;238;city285;107;434;city84;365;298;city262
149;city97;105;261;city53;235;434;city100;197;255;city133;340;388;city194;378;74;city266;292;121;city217;254;218;city229;188;369;city140
151;city182;77;464;city238;178;494;city112;28;140;city165;195;465;city66
133;city196;344;83;city67;329;291;city161;23;212;city101;184;58;city203;153;153;city187;136;119;city181;241;232;city229;376;51;city202;237;250;city141;359;399;city176;194;500;city135;24;183;city164;477;358;city126;53;224;city248
128;city200;201;368;city128;152;369;city285;313;406;city294;331;360;city250;262;253;city198;110;187;city90;432;221;city152;74;122;city234;233;384;city111;300;313;city101;104;196;city205;267;416;city206;500;233;city290;43;430;city297;43;499;city132;357;261;city93;303;465;city253;191;118;city288
139;city245;256;144;city207;265;186;city66
144;city179;445;273;city99;476;152;city288;317;309;city214;430;494;city127
157;city103;438;357;city246;472;232;city255;96;2;city293;301;366;city277;174;317;city278
155;city96;357;365;city153;415;251;city53;397;69;city138;164;151;city199;25;157;city98;467;431;city288;317;412;city273;440;484;city149;355;397;city206;39;338;city133;147;482;city246;281;190;city247
134;city109;454;81;city223;410;6;city233
134;city109;454;81;city223;410;6;city233

141;city218;77;227;city153;59;475;city293;363;263;city267
154;city294;179;157;city212;34;351;city102;127;142;city111;389;311;city195;178;11;city76
147;city189;121;350;city78;314;86;city148;324;384;city205;289;384;city228;390;496;city282;261;194;city117;418;263;city171;63;324;city255;108;370;city111;140;180;city272
152;city244;141;104;city220;304;360;city64;402;33;city172;229;494;city81;99;453;city147;141;424;city203;156;146;city260;434;476;city141;418;310;city165;492;388;city167;20;23;city164;76;13;city146;397;173;city79;205;424;city215;435;398;city226;307;220;city205;135;436;city190;473;350;city288
146;city127;14;53;city254;440;50;city207;313;479;city132;382;474;city143;444;439;city294;480;321;city80;114;496;city258;180;460;city81;484;201;city79;91;244;city66;405;413;city270;65;228;city163
127;city189;379;424;city258;345;208;city163;169;481;city123;488;342;city158;178;325;city190;395;40;city168
158;city100;350;458;city145;218;303;city215;373;466;city278;98;329;city199;460;411;city164;138;368;city202;73;398;city180;53;423;city295;357;428;city186;153;293;city194;120;435;city135;331;346;city299;222;481;city99;413;491;city225;188;123;city212;481;246;city183;27;153;city143
166;city84;171;13;city134;397;275;city91;47;275;city78
138;city172;472;464;city97;188;21;city235;214;399;city127;141;346;city198;4;445;city117;260;375;city285;14;6;city111;252;338;city297;366;217;city54;249;217;city126
164;city98;40;27;city250
171;city270;215;118;city50;303;145;city64;75;287;city256;358;254;city92;349;205;city62;57;229;city203;66;396;city77;100;374;city224;337;204;city236;417;61;city90;321;123;city131;14;44;city193;117;359;city278
138;city172;472;464;city97;188;21;city235;214;399;city127;141;346;city198;4;445;city117;260;375;city285;14;6;city111;252;338;city297;366;217;city54;249;217;city126
138;city172;472;464;city97;188;21;city235;214;399;city127;141;346;city198;4;445;city117;260;375;city285;14;6;city111;252;338;city297;366;217;city54;249;217;city126
160;city153;366;452;city94;282;357;city271;416;296;city91;149;347;city255
168;city61;51;229;city162;263;456;city282;306;73;city161;293;319;city71;276;304;city160;109;356;city247;146;379;city77;369;84;city297;127;290;city240;121;171;city194;354;422;city295;264;486;city258;467;197;city252;385;224;city223
136;city117;405;223;city238;87;435;city163;253;185;city234;229;282;city64;55;279;city216;358;464;city276;400;317;city232;302;209;city122;179;157;city114;323;24;city82;362;316;city285;145;155;city249
141;city218;77;227;city153;59;475;city293;363;263;city267
151;city182;77;464;city238;178;494;city112;28;140;city165;195;465;city66
165;city195;276;7317;city253;55;75;city224;231;242;city75;310;60;city281;212;283;city234;23;355;city233;194;57;city53;197;113;city283;253;290;city60
161;city79;474;94;city127;245;107;city202;309;131;city144;147;19;city252;108;258;city170;464;107;city139;241;229;city132;325;53;city247;121;479;city255;91;289;city156;208;123;city116;59;238;city191
162;city65;241;301;city142;342;240;city118;229;444;city137
129;city53;149;11;city52;50;271;city134;109;322;city105;60;403;city60;139;251;city217;110;12;city107;97;29;city102;397;183;city128;472;467;city256;396;495;city149;463;191;city157;328;13;city275;288;137;city96;462;244;city135
140;city75;30;30;city166;432;480;city209;347;78;city229;428;9;city169;356;452;city54;144;358;city164
