ERROR 1
ERROR 5
ERROR 6
ERROR 9
ERROR 14
ERROR 18
ERROR 26
ERROR 27
ERROR 28
ERROR 29
ERROR 34
ERROR 36
ERROR 39
ERROR 46
ERROR 50
ERROR 53
ERROR 55
ERROR 61
ERROR 64
ERROR 67
ERROR 73
ERROR 74
ERROR 78
ERROR 80
ERROR 85
ERROR 86
ERROR 89
ERROR 94
ERROR 98
ERROR 104
ERROR 108
ERROR 112
ERROR 113
ERROR 114
ERROR 121
ERROR 124
ERROR 126
ERROR 129
ERROR 134
ERROR 136
ERROR 139
ERROR 140
ERROR 143
ERROR 144
ERROR 145
ERROR 147
ERROR 148
ERROR 149
ERROR 152
ERROR 154
ERROR 156
ERROR 160
ERROR 163
ERROR 165
ERROR 167
ERROR 169
ERROR 174
ERROR 176
ERROR 177
ERROR 178
ERROR 179
ERROR 180
ERROR 181
ERROR 182
ERROR 186
ERROR 189
ERROR 190
ERROR 198
ERROR 200
ERROR 201
ERROR 206
ERROR 209
ERROR 211
ERROR 215
ERROR 216
ERROR 218
ERROR 221
ERROR 224
ERROR 226
ERROR 227
ERROR 230
ERROR 235
ERROR 237
ERROR 239
ERROR 245
ERROR 246
ERROR 247
ERROR 251
ERROR 252
ERROR 253
ERROR 255
ERROR 256
ERROR 257
ERROR 258
ERROR 259
ERROR 262
ERROR 264
ERROR 270
ERROR 273
ERROR 274
ERROR 275
ERROR 276
ERROR 279
ERROR 281
ERROR 282
ERROR 283
ERROR 284
ERROR 288
ERROR 293
ERROR 295
ERROR 297
ERROR 298
ERROR 300
ERROR 301
ERROR 302
ERROR 304
ERROR 310
ERROR 311
ERROR 313
ERROR 314
ERROR 315
ERROR 316
ERROR 317
ERROR 319
ERROR 320
ERROR 321
ERROR 322
ERROR 328
ERROR 330
ERROR 331
ERROR 336
ERROR 337
ERROR 342
ERROR 343
ERROR 346
ERROR 350
ERROR 352
ERROR 357
ERROR 361
ERROR 364
ERROR 367
ERROR 368
ERROR 369
ERROR 370
ERROR 373
ERROR 377
ERROR 379
ERROR 381
ERROR 382
ERROR 383
ERROR 385
ERROR 387
ERROR 392
ERROR 393
ERROR 404
ERROR 406
ERROR 409
ERROR 412
ERROR 414
ERROR 421
ERROR 424
ERROR 426
ERROR 427
ERROR 428
ERROR 432
ERROR 435
ERROR 438
ERROR 439
ERROR 441
ERROR 442
ERROR 444
ERROR 448
ERROR 450
ERROR 452
ERROR 454
ERROR 455
ERROR 458
ERROR 459
ERROR 460
ERROR 462
ERROR 467
ERROR 469
ERROR 470
ERROR 475
ERROR 476
ERROR 477
ERROR 478
ERROR 479
ERROR 482
ERROR 486
ERROR 487
ERROR 488
ERROR 489
ERROR 490
ERROR 494
ERROR 497
ERROR 498
ERROR 502
ERROR 503
ERROR 505
ERROR 506
ERROR 507
ERROR 508
ERROR 509
ERROR 512
ERROR 514
ERROR 516
ERROR 517
ERROR 522
ERROR 523
ERROR 524
ERROR 526
ERROR 528
ERROR 529
ERROR 531
ERROR 534
ERROR 535
ERROR 537
ERROR 538
ERROR 540
ERROR 542
ERROR 543
ERROR 545
ERROR 546
ERROR 547
ERROR 548
ERROR 549
ERROR 550
ERROR 553
ERROR 555
ERROR 557
ERROR 560
ERROR 561
ERROR 562
ERROR 563
ERROR 565
ERROR 570
ERROR 571
ERROR 573
ERROR 576
ERROR 577
ERROR 579
ERROR 580
ERROR 586
ERROR 587
ERROR 589
ERROR 590
ERROR 591
ERROR 595
ERROR 598
ERROR 600
ERROR 601
ERROR 602
ERROR 604
ERROR 605
ERROR 606
ERROR 610
ERROR 612
ERROR 614
ERROR 616
ERROR 618
ERROR 619
ERROR 623
ERROR 624
ERROR 628
ERROR 629
ERROR 633
ERROR 637
ERROR 642
ERROR 643
ERROR 644
ERROR 646
ERROR 647
ERROR 651
ERROR 656
ERROR 657
ERROR 658
ERROR 662
ERROR 663
ERROR 665
ERROR 666
ERROR 671
ERROR 673
ERROR 675
ERROR 676
ERROR 677
ERROR 678
ERROR 679
ERROR 682
ERROR 684
ERROR 685
ERROR 687
ERROR 688
ERROR 690
ERROR 692
ERROR 693
ERROR 697
ERROR 698
ERROR 699
ERROR 701
ERROR 703
ERROR 705
ERROR 708
ERROR 713
ERROR 718
ERROR 723
ERROR 727
ERROR 730
ERROR 732
ERROR 733
ERROR 738
ERROR 740
ERROR 742
ERROR 746
ERROR 750
ERROR 751
ERROR 752
ERROR 753
ERROR 756
ERROR 758
ERROR 760
ERROR 761
ERROR 763
ERROR 767
ERROR 768
ERROR 770
ERROR 771
ERROR 772
ERROR 773
ERROR 774
ERROR 776
ERROR 777
ERROR 778
ERROR 780
ERROR 782
ERROR 783
ERROR 784
ERROR 785
ERROR 786
ERROR 789
ERROR 791
ERROR 795
ERROR 796
ERROR 797
ERROR 801
ERROR 804
ERROR 805
ERROR 807
ERROR 809
ERROR 810
ERROR 813
ERROR 815
ERROR 817
ERROR 821
ERROR 823
ERROR 825
ERROR 830
ERROR 832
ERROR 833
ERROR 834
ERROR 838
ERROR 839
ERROR 840
ERROR 841
ERROR 842
ERROR 844
ERROR 845
ERROR 846
ERROR 847
ERROR 848
ERROR 851
ERROR 852
ERROR 853
ERROR 856
ERROR 858
ERROR 859
ERROR 863
ERROR 865
ERROR 867
ERROR 873
ERROR 875
ERROR 876
ERROR 877
ERROR 879
ERROR 881
ERROR 884
ERROR 886
ERROR 888
ERROR 889
ERROR 890
ERROR 891
ERROR 900
ERROR 902
ERROR 903
ERROR 905
ERROR 906
ERROR 908
ERROR 909
ERROR 911
ERROR 912
ERROR 914
ERROR 915
ERROR 916
ERROR 917
ERROR 918
ERROR 920
ERROR 921
ERROR 927
ERROR 928
ERROR 929
ERROR 930
ERROR 931
ERROR 932
ERROR 933
ERROR 936
ERROR 939
ERROR 941
ERROR 945
ERROR 947
ERROR 949
ERROR 950
ERROR 951
ERROR 953
ERROR 957
ERROR 958
ERROR 961
ERROR 967
ERROR 968
ERROR 971
ERROR 972
ERROR 974
ERROR 975
ERROR 982
ERROR 985
ERROR 986
ERROR 987
ERROR 988
ERROR 989
ERROR 990
ERROR 991
ERROR 996
ERROR 998
ERROR 1000
ERROR 1001
ERROR 1002
ERROR 1003
ERROR 1004
ERROR 1005
ERROR 1008
ERROR 1009
ERROR 1012
ERROR 1013
ERROR 1014
ERROR 1015
ERROR 1016
ERROR 1020
ERROR 1021
ERROR 1023
ERROR 1024
ERROR 1025
ERROR 1030
ERROR 1032
ERROR 1034
ERROR 1035
ERROR 1037
ERROR 1038
ERROR 1039
ERROR 1040
ERROR 1043
ERROR 1045
ERROR 1046
ERROR 1047
ERROR 1049
ERROR 1050
ERROR 1052
ERROR 1056
ERROR 1057
ERROR 1058
ERROR 1062
ERROR 1063
ERROR 1064
ERROR 1065
ERROR 1066
ERROR 1067
ERROR 1068
ERROR 1070
ERROR 1071
ERROR 1074
ERROR 1075
ERROR 1076
ERROR 1077
ERROR 1079
ERROR 1080
ERROR 1081
ERROR 1083
ERROR 1084
ERROR 1085
ERROR 1089
ERROR 1090
ERROR 1093
ERROR 1094
ERROR 1097
ERROR 1099
ERROR 1100
ERROR 1101
ERROR 1102
ERROR 1105
ERROR 1108
ERROR 1110
ERROR 1112
ERROR 1114
ERROR 1115
ERROR 1117
ERROR 1119
ERROR 1122
ERROR 1123
ERROR 1124
ERROR 1130
ERROR 1131
ERROR 1132
ERROR 1133
ERROR 1136
ERROR 1137
ERROR 1139
ERROR 1141
ERROR 1142
ERROR 1144
ERROR 1146
ERROR 1150
ERROR 1151
ERROR 1152
ERROR 1153
ERROR 1157
ERROR 1158
ERROR 1159
ERROR 1160
ERROR 1162
ERROR 1164
ERROR 1166
ERROR 1167
ERROR 1168
ERROR 1169
ERROR 1175
ERROR 1177
ERROR 1181
ERROR 1183
ERROR 1185
ERROR 1186
ERROR 1187
ERROR 1189
ERROR 1191
ERROR 1192
ERROR 1197
ERROR 1198
ERROR 1199
ERROR 1202
ERROR 1203
ERROR 1205
ERROR 1207
ERROR 1209
