
















149;city258;379;226;city180;359;190;city106;393;54;city83;74;69;city232;380;403;city254;52;173;city141;308;488;city297;125;139;city139;407;412;city177;187;286;city276;212;199;city283;293;280;city240;403;383;city183;439;430;city87;346;476;city95;139;72;city74;473;266;city108;67;185;city150


149;city258;379;226;city180;359;190;city106;393;54;city83;74;69;city232;380;403;city254;52;173;city141;308;488;city297;125;139;city139;407;412;city177;187;286;city276;212;199;city283;293;280;city240;403;383;city183;439;430;city87;346;476;city95;139;72;city74;473;266;city108;67;185;city150

131;city64;65;30;city172;310;113;city109;172;319;city232;88;196;city228;363;445;city240;487;83;city263;374;111;city136;429;171;city217;73;314;city243;138;18;city100;73;301;city127;213;342;city129;138;380;city176;284;453;city227;339;243;city194

142;city90;91;185;city94;250;418;city114;162;44;city52;487;83;city185;86;72;city270;37;472;city242;103;275;city213;406;134;city191;8;263;city194;346;312;city295;112;33;city233;231;295;city55;419;468;city184;21;172;city277



147;city229;188;337;city265

131;city64;65;30;city172;310;113;city109;172;319;city232;88;196;city228;363;445;city240;487;83;city263;374;111;city136;429;171;city217;73;314;city243;138;18;city100;73;301;city127;213;342;city129;138;380;city176;284;453;city227;339;243;city194

151;city228;90;36;city287
160;city208;106;462;city52;413;362;city172;322;247;city132;115;195;city252;439;163;city259;332;320;city60;250;335;city200

138;city108;421;290;city213;10;122;city125;463;37;city188;101;284;city67;288;419;city226;334;276;city76;63;103;city53;389;95;city259;39;368;city266;31;107;city113;452;373;city234;288;453;city294;39;452;city245
154;city129;84;164;city260;115;299;city240;299;441;city254;65;87;city171;287;469;city215;365;45;city297;380;392;city90;287;235;city115;16;194;city89;136;58;city166;240;309;city187;265;309;city285;15;39;city179;465;351;city222



154;city129;84;164;city260;115;299;city240;299;441;city254;65;87;city171;287;469;city215;365;45;city297;380;392;city90;287;235;city115;16;194;city89;136;58;city166;240;309;city187;265;309;city285;15;39;city179;465;351;city222
143;city217;377;287;city168;77;478;city289;156;397;city78;270;267;city169
129;city277;167;438;city76;132;33;city208;51;297;city80;305;13;city260;448;197;city249;377;343;city90;371;86;city289



130;city209;389;80;city117;67;89;city133;24;52;city98;428;295;city295;61;122;city92;118;233;city204;135;211;city65;224;484;city103;274;449;city256;100;100;city206;233;437;city79;476;459;city107;493;195;city158;128;216;city287;161;254;city215;408;141;city176
149;city258;379;226;city180;359;190;city106;393;54;city83;74;69;city232;380;403;city254;52;173;city141;308;488;city297;125;139;city139;407;412;city177;187;286;city276;212;199;city283;293;280;city240;403;383;city183;439;430;city87;346;476;city95;139;72;city74;473;266;city108;67;185;city150
169;city256;47;287;city133;105;332;city54;229;53;city95;300;52;city200;278;263;city213;81;113;city259;278;478;city227;284;330;city202;286;335;city156;419;251;city241;374;129;city108;111;327;city93;94;312;city286



159;city218;288;15;city203;438;122;city173;253;405;city217;275;299;city104;273;287;city137;317;452;city274;471;54;city224;407;476;city216;470;111;city187;290;50;city225;413;456;city261;475;426;city276
129;city277;167;438;city76;132;33;city208;51;297;city80;305;13;city260;448;197;city249;377;343;city90;371;86;city289


154;city129;84;164;city260;115;299;city240;299;441;city254;65;87;city171;287;469;city215;365;45;city297;380;392;city90;287;235;city115;16;194;city89;136;58;city166;240;309;city187;265;309;city285;15;39;city179;465;351;city222

148;city115;282;19;city198;99;398;city174;117;2;city116;155;148;city162;215;217;city143



171;city231;240;404;city277

164;city222;403;111;city206;406;320;city164;288;277;city234;427;196;city288;179;309;city284;77;203;city135;361;50;city187;377;224;city175;221;258;city183;456;113;city177;480;248;city269;361;19;city178;252;91;city258;265;343;city199;103;447;city120;193;179;city71;39;292;city275;85;212;city298;399;92;city117



144;city115;207;453;city111
173;city168;139;8;city71;114;184;city295;366;306;city220;270;491;city80;356;314;city184;379;123;city180;273;332;city127
131;city64;65;30;city172;310;113;city109;172;319;city232;88;196;city228;363;445;city240;487;83;city263;374;111;city136;429;171;city217;73;314;city243;138;18;city100;73;301;city127;213;342;city129;138;380;city176;284;453;city227;339;243;city194
129;city277;167;438;city76;132;33;city208;51;297;city80;305;13;city260;448;197;city249;377;343;city90;371;86;city289
140;city121;474;152;city200;277;4;city110;126;424;city229;429;458;city197;254;223;city139;181;399;city182;270;254;city218;347;102;city93;86;218;city252;423;124;city268;354;67;city144;292;457;city292
169;city256;47;287;city133;105;332;city54;229;53;city95;300;52;city200;278;263;city213;81;113;city259;278;478;city227;284;330;city202;286;335;city156;419;251;city241;374;129;city108;111;327;city93;94;312;city286
129;city277;167;438;city76;132;33;city208;51;297;city80;305;13;city260;448;197;city249;377;343;city90;371;86;city289
162;city202;423;431;city270;131;56;city286;476;312;city156

153;city58;241;43;city205;300;226;city229;357;151;city118;389;299;city64;348;303;city237;476;400;city261;332;97;city284;328;173;city209;135;346;city93;243;491;city57;337;131;city283;454;383;city91;393;220;city265;91;37;city81;25;363;city280;273;270;city129
171;city231;240;404;city277
143;city217;377;287;city168;77;478;city289;156;397;city78;270;267;city169


163;city161;297;257;city165;285;225;city118;51;381;city133;300;210;city287;256;229;city106;130;469;city189;38;229;city99;271;256;city57;212;499;city273;429;402;city221;84;377;city185;9;175;city85;216;291;city263;442;118;city150;194;485;city200;326;13;city251;295;283;city77;153;246;city244
126;city257;455;488;city287;119;269;city92;112;4;city250;35;308;city299;75;274;city197;225;117;city195
128;city244;384;222;city229;34;405;city74;484;385;city246
153;city58;241;43;city205;300;226;city229;357;151;city118;389;299;city64;348;303;city237;476;400;city261;332;97;city284;328;173;city209;135;346;city93;243;491;city57;337;131;city283;454;383;city91;393;220;city265;91;37;city81;25;363;city280;273;270;city129
155;city132;291;68;city239;498;30;city177;382;451;city194;180;173;city243;69;372;city249;185;269;city168;372;206;city291;474;35;city192;470;235;city72;362;241;city276;183;387;city82

173;city168;139;8;city71;114;184;city295;366;306;city220;270;491;city80;356;314;city184;379;123;city180;273;332;city127
134;city189;473;429;city244;327;154;city116;103;141;city98;42;475;city154;57;97;city170;147;56;city277;75;215;city176;412;213;city278;170;384;city225;359;195;city249;33;132;city223;417;27;city105;415;34;city275;385;167;city227;48;5;city236
127;city216;281;454;city169;9;493;city127;232;259;city255;67;380;city54
161;city133;475;481;city247;297;394;city191;179;261;city207;477;15;city166;471;219;city195;162;458;city235
156;city217;77;61;city128;188;452;city191;66;254;city209;32;205;city167;352;71;city179;344;91;city112;154;164;city171;376;8;city270;239;142;city101
138;city108;421;290;city213;10;122;city125;463;37;city188;101;284;city67;288;419;city226;334;276;city76;63;103;city53;389;95;city259;39;368;city266;31;107;city113;452;373;city234;288;453;city294;39;452;city245
164;city222;403;111;city206;406;320;city164;288;277;city234;427;196;city288;179;309;city284;77;203;city135;361;50;city187;377;224;city175;221;258;city183;456;113;city177;480;248;city269;361;19;city178;252;91;city258;265;343;city199;103;447;city120;193;179;city71;39;292;city275;85;212;city298;399;92;city117

162;city202;423;431;city270;131;56;city286;476;312;city156

174;city211;330;111;city265;227;228;city191;99;408;city284;475;175;city57;341;223;city296;500;102;city267;105;291;city235;432;339;city244;235;342;city127;42;452;city229;326;129;city288;452;497;city187;291;220;city89;332;104;city246;180;10;city136;97;296;city128
170;city214;416;430;city245;275;202;city107;105;166;city262
159;city218;288;15;city203;438;122;city173;253;405;city217;275;299;city104;273;287;city137;317;452;city274;471;54;city224;407;476;city216;470;111;city187;290;50;city225;413;456;city261;475;426;city276
146;city247;143;297;city171;219;438;city68
128;city244;384;222;city229;34;405;city74;484;385;city246



159;city218;288;15;city203;438;122;city173;253;405;city217;275;299;city104;273;287;city137;317;452;city274;471;54;city224;407;476;city216;470;111;city187;290;50;city225;413;456;city261;475;426;city276
174;city211;330;111;city265;227;228;city191;99;408;city284;475;175;city57;341;223;city296;500;102;city267;105;291;city235;432;339;city244;235;342;city127;42;452;city229;326;129;city288;452;497;city187;291;220;city89;332;104;city246;180;10;city136;97;296;city128
127;city216;281;454;city169;9;493;city127;232;259;city255;67;380;city54
164;city222;403;111;city206;406;320;city164;288;277;city234;427;196;city288;179;309;city284;77;203;city135;361;50;city187;377;224;city175;221;258;city183;456;113;city177;480;248;city269;361;19;city178;252;91;city258;265;343;city199;103;447;city120;193;179;city71;39;292;city275;85;212;city298;399;92;city117
150;city62;14;500;city240;481;127;city181;349;360;city185;490;89;city96;140;153;city75;401;492;city188;306;421;city73;57;146;city112;34;429;city98;277;24;city225;299;58;city152;186;274;city277;429;132;city144;7;21;city275;136;302;city230;125;168;city111;203;69;city248;475;306;city67;360;228;city267
131;city64;65;30;city172;310;113;city109;172;319;city232;88;196;city228;363;445;city240;487;83;city263;374;111;city136;429;171;city217;73;314;city243;138;18;city100;73;301;city127;213;342;city129;138;380;city176;284;453;city227;339;243;city194
150;city62;14;500;city240;481;127;city181;349;360;city185;490;89;city96;140;153;city75;401;492;city188;306;421;city73;57;146;city112;34;429;city98;277;24;city225;299;58;city152;186;274;city277;429;132;city144;7;21;city275;136;302;city230;125;168;city111;203;69;city248;475;306;city67;360;228;city267

170;city214;416;430;city245;275;202;city107;105;166;city262
169;city256;47;287;city133;105;332;city54;229;53;city95;300;52;city200;278;263;city213;81;113;city259;278;478;city227;284;330;city202;286;335;city156;419;251;city241;374;129;city108;111;327;city93;94;312;city286
161;city133;475;481;city247;297;394;city191;179;261;city207;477;15;city166;471;219;city195;162;458;city235
146;city247;143;297;city171;219;438;city68
159;city218;288;15;city203;438;122;city173;253;405;city217;275;299;city104;273;287;city137;317;452;city274;471;54;city224;407;476;city216;470;111;city187;290;50;city225;413;456;city261;475;426;city276
144;city115;207;453;city111
143;city217;377;287;city168;77;478;city289;156;397;city78;270;267;city169
130;city209;389;80;city117;67;89;city133;24;52;city98;428;295;city295;61;122;city92;118;233;city204;135;211;city65;224;484;city103;274;449;city256;100;100;city206;233;437;city79;476;459;city107;493;195;city158;128;216;city287;161;254;city215;408;141;city176
126;city257;455;488;city287;119;269;city92;112;4;city250;35;308;city299;75;274;city197;225;117;city195
129;city277;167;438;city76;132;33;city208;51;297;city80;305;13;city260;448;197;city249;377;343;city90;371;86;city289
134;city189;473;429;city244;327;154;city116;103;141;city98;42;475;city154;57;97;city170;147;56;city277;75;215;city176;412;213;city278;170;384;city225;359;195;city249;33;132;city223;417;27;city105;415;34;city275;385;167;city227;48;5;city236
165;city170;70;409;city115;161;434;city64;163;467;city216;122;130;city150;488;238;city243;179;213;city261;175;144;city211;160;197;city72

152;city198;263;30;city134;328;121;city59;270;372;city80;193;111;city160;262;420;city228;101;6;city230;333;110;city51;325;120;city231;118;39;city201;479;32;city224;244;479;city194;363;378;city179

156;city217;77;61;city128;188;452;city191;66;254;city209;32;205;city167;352;71;city179;344;91;city112;154;164;city171;376;8;city270;239;142;city101
138;city108;421;290;city213;10;122;city125;463;37;city188;101;284;city67;288;419;city226;334;276;city76;63;103;city53;389;95;city259;39;368;city266;31;107;city113;452;373;city234;288;453;city294;39;452;city245
137;city229;304;213;city145;470;154;city106;191;219;city293;100;489;city117;422;441;city188;230;241;city213;425;364;city245;497;318;city220;300;219;city159;371;421;city194;420;225;city115;169;353;city223;168;43;city162;414;114;city114;416;19;city273;230;64;city129;62;192;city287;181;33;city239
144;city115;207;453;city111
139;city175;129;465;city92;69;197;city244;376;366;city237;96;95;city133;45;192;city115;137;309;city94;275;463;city179;139;174;city113
174;city211;330;111;city265;227;228;city191;99;408;city284;475;175;city57;341;223;city296;500;102;city267;105;291;city235;432;339;city244;235;342;city127;42;452;city229;326;129;city288;452;497;city187;291;220;city89;332;104;city246;180;10;city136;97;296;city128
129;city277;167;438;city76;132;33;city208;51;297;city80;305;13;city260;448;197;city249;377;343;city90;371;86;city289
134;city189;473;429;city244;327;154;city116;103;141;city98;42;475;city154;57;97;city170;147;56;city277;75;215;city176;412;213;city278;170;384;city225;359;195;city249;33;132;city223;417;27;city105;415;34;city275;385;167;city227;48;5;city236
170;city214;416;430;city245;275;202;city107;105;166;city262
128;city244;384;222;city229;34;405;city74;484;385;city246
131;city64;65;30;city172;310;113;city109;172;319;city232;88;196;city228;363;445;city240;487;83;city263;374;111;city136;429;171;city217;73;314;city243;138;18;city100;73;301;city127;213;342;city129;138;380;city176;284;453;city227;339;243;city194
158;city241;270;471;city287;189;62;city72;397;19;city224;434;429;city198;178;198;city280;80;169;city238

150;city62;14;500;city240;481;127;city181;349;360;city185;490;89;city96;140;153;city75;401;492;city188;306;421;city73;57;146;city112;34;429;city98;277;24;city225;299;58;city152;186;274;city277;429;132;city144;7;21;city275;136;302;city230;125;168;city111;203;69;city248;475;306;city67;360;228;city267
162;city202;423;431;city270;131;56;city286;476;312;city156
134;city189;473;429;city244;327;154;city116;103;141;city98;42;475;city154;57;97;city170;147;56;city277;75;215;city176;412;213;city278;170;384;city225;359;195;city249;33;132;city223;417;27;city105;415;34;city275;385;167;city227;48;5;city236
140;city121;474;152;city200;277;4;city110;126;424;city229;429;458;city197;254;223;city139;181;399;city182;270;254;city218;347;102;city93;86;218;city252;423;124;city268;354;67;city144;292;457;city292
173;city168;139;8;city71;114;184;city295;366;306;city220;270;491;city80;356;314;city184;379;123;city180;273;332;city127
170;city214;416;430;city245;275;202;city107;105;166;city262
166;city277;395;385;city84;422;296;city190;470;23;city173;108;195;city215;164;397;city142;5;377;city223;91;28;city240;133;282;city146;216;104;city214;396;331;city140;257;109;city52;46;286;city293;234;325;city169;448;304;city291;405;434;city229;478;279;city115;438;100;city227
136;city172;306;491;city174;475;129;city239;306;296;city176;426;276;city219;427;225;city179;360;70;city256;223;448;city66;500;379;city124;68;391;city279;109;474;city165;319;370;city150;484;321;city295;447;104;city276
153;city58;241;43;city205;300;226;city229;357;151;city118;389;299;city64;348;303;city237;476;400;city261;332;97;city284;328;173;city209;135;346;city93;243;491;city57;337;131;city283;454;383;city91;393;220;city265;91;37;city81;25;363;city280;273;270;city129
159;city218;288;15;city203;438;122;city173;253;405;city217;275;299;city104;273;287;city137;317;452;city274;471;54;city224;407;476;city216;470;111;city187;290;50;city225;413;456;city261;475;426;city276
173;city168;139;8;city71;114;184;city295;366;306;city220;270;491;city80;356;314;city184;379;123;city180;273;332;city127
152;city198;263;30;city134;328;121;city59;270;372;city80;193;111;city160;262;420;city228;101;6;city230;333;110;city51;325;120;city231;118;39;city201;479;32;city224;244;479;city194;363;378;city179
165;city170;70;409;city115;161;434;city64;163;467;city216;122;130;city150;488;238;city243;179;213;city261;175;144;city211;160;197;city72
152;city198;263;30;city134;328;121;city59;270;372;city80;193;111;city160;262;420;city228;101;6;city230;333;110;city51;325;120;city231;118;39;city201;479;32;city224;244;479;city194;363;378;city179
162;city202;423;431;city270;131;56;city286;476;312;city156
132;city264;267;233;city296;45;224;city188;281;189;city298;224;386;city246;296;35;city140;289;67;city222;477;186;city180;441;17;city284
161;city133;475;481;city247;297;394;city191;179;261;city207;477;15;city166;471;219;city195;162;458;city235
132;city264;267;233;city296;45;224;city188;281;189;city298;224;386;city246;296;35;city140;289;67;city222;477;186;city180;441;17;city284
144;city115;207;453;city111
139;city175;129;465;city92;69;197;city244;376;366;city237;96;95;city133;45;192;city115;137;309;city94;275;463;city179;139;174;city113
143;city217;377;287;city168;77;478;city289;156;397;city78;270;267;city169

169;city256;47;287;city133;105;332;city54;229;53;city95;300;52;city200;278;263;city213;81;113;city259;278;478;city227;284;330;city202;286;335;city156;419;251;city241;374;129;city108;111;327;city93;94;312;city286
127;city216;281;454;city169;9;493;city127;232;259;city255;67;380;city54
161;city133;475;481;city247;297;394;city191;179;261;city207;477;15;city166;471;219;city195;162;458;city235
148;city115;282;19;city198;99;398;city174;117;2;city116;155;148;city162;215;217;city143
139;city175;129;465;city92;69;197;city244;376;366;city237;96;95;city133;45;192;city115;137;309;city94;275;463;city179;139;174;city113
131;city64;65;30;city172;310;113;city109;172;319;city232;88;196;city228;363;445;city240;487;83;city263;374;111;city136;429;171;city217;73;314;city243;138;18;city100;73;301;city127;213;342;city129;138;380;city176;284;453;city227;339;243;city194
130;city209;389;80;city117;67;89;city133;24;52;city98;428;295;city295;61;122;city92;118;233;city204;135;211;city65;224;484;city103;274;449;city256;100;100;city206;233;437;city79;476;459;city107;493;195;city158;128;216;city287;161;254;city215;408;141;city176
173;city168;139;8;city71;114;184;city295;366;306;city220;270;491;city80;356;314;city184;379;123;city180;273;332;city127
162;city202;423;431;city270;131;56;city286;476;312;city156
151;city228;90;36;city287
143;city217;377;287;city168;77;478;city289;156;397;city78;270;267;city169
139;city175;129;465;city92;69;197;city244;376;366;city237;96;95;city133;45;192;city115;137;309;city94;275;463;city179;139;174;city113
155;city132;291;68;city239;498;30;city177;382;451;city194;180;173;city243;69;372;city249;185;269;city168;372;206;city291;474;35;city192;470;235;city72;362;241;city276;183;387;city82
136;city172;306;491;city174;475;129;city239;306;296;city176;426;276;city219;427;225;city179;360;70;city256;223;448;city66;500;379;city124;68;391;city279;109;474;city165;319;370;city150;484;321;city295;447;104;city276
148;city115;282;19;city198;99;398;city174;117;2;city116;155;148;city162;215;217;city143
125;city217;352;95;city255;172;171;city208;296;243;city135;67;354;city247;58;168;city172;232;99;city74;148;492;city211;446;270;city214;213;289;city191;439;48;city200;229;155;city125;394;76;city194;400;367;city136;113;223;city72;127;81;city243;365;130;city275;464;112;city127;91;140;city287;233;73;city298
126;city257;455;488;city287;119;269;city92;112;4;city250;35;308;city299;75;274;city197;225;117;city195
149;city258;379;226;city180;359;190;city106;393;54;city83;74;69;city232;380;403;city254;52;173;city141;308;488;city297;125;139;city139;407;412;city177;187;286;city276;212;199;city283;293;280;city240;403;383;city183;439;430;city87;346;476;city95;139;72;city74;473;266;city108;67;185;city150
174;city211;330;111;city265;227;228;city191;99;408;city284;475;175;city57;341;223;city296;500;102;city267;105;291;city235;432;339;city244;235;342;city127;42;452;city229;326;129;city288;452;497;city187;291;220;city89;332;104;city246;180;10;city136;97;296;city128
130;city209;389;80;city117;67;89;city133;24;52;city98;428;295;city295;61;122;city92;118;233;city204;135;211;city65;224;484;city103;274;449;city256;100;100;city206;233;437;city79;476;459;city107;493;195;city158;128;216;city287;161;254;city215;408;141;city176
154;city129;84;164;city260;115;299;city240;299;441;city254;65;87;city171;287;469;city215;365;45;city297;380;392;city90;287;235;city115;16;194;city89;136;58;city166;240;309;city187;265;309;city285;15;39;city179;465;351;city222
153;city58;241;43;city205;300;226;city229;357;151;city118;389;299;city64;348;303;city237;476;400;city261;332;97;city284;328;173;city209;135;346;city93;243;491;city57;337;131;city283;454;383;city91;393;220;city265;91;37;city81;25;363;city280;273;270;city129
134;city189;473;429;city244;327;154;city116;103;141;city98;42;475;city154;57;97;city170;147;56;city277;75;215;city176;412;213;city278;170;384;city225;359;195;city249;33;132;city223;417;27;city105;415;34;city275;385;167;city227;48;5;city236
127;city216;281;454;city169;9;493;city127;232;259;city255;67;380;city54
147;city229;188;337;city265
141;city180;9;334;city276;24;420;city256;104;400;city102;306;164;city253;41;15;city100;269;456;city101;335;86;city116;160;221;city173
164;city222;403;111;city206;406;320;city164;288;277;city234;427;196;city288;179;309;city284;77;203;city135;361;50;city187;377;224;city175;221;258;city183;456;113;city177;480;248;city269;361;19;city178;252;91;city258;265;343;city199;103;447;city120;193;179;city71;39;292;city275;85;212;city298;399;92;city117
170;city214;416;430;city245;275;202;city107;105;166;city262
146;city247;143;297;city171;219;438;city68
151;city228;90;36;city287
156;city217;77;61;city128;188;452;city191;66;254;city209;32;205;city167;352;71;city179;344;91;city112;154;164;city171;376;8;city270;239;142;city101
128;city244;384;222;city229;34;405;city74;484;385;city246
163;city161;297;257;city165;285;225;city118;51;381;city133;300;210;city287;256;229;city106;130;469;city189;38;229;city99;271;256;city57;212;499;city273;429;402;city221;84;377;city185;9;175;city85;216;291;city263;442;118;city150;194;485;city200;326;13;city251;295;283;city77;153;246;city244
167;city52;66;322;city173;299;224;city292;84;446;city230;394;67;city157;349;36;city110;29;14;city155;269;309;city251;360;300;city204;204;375;city50
173;city168;139;8;city71;114;184;city295;366;306;city220;270;491;city80;356;314;city184;379;123;city180;273;332;city127
138;city108;421;290;city213;10;122;city125;463;37;city188;101;284;city67;288;419;city226;334;276;city76;63;103;city53;389;95;city259;39;368;city266;31;107;city113;452;373;city234;288;453;city294;39;452;city245
152;city198;263;30;city134;328;121;city59;270;372;city80;193;111;city160;262;420;city228;101;6;city230;333;110;city51;325;120;city231;118;39;city201;479;32;city224;244;479;city194;363;378;city179
146;city247;143;297;city171;219;438;city68
148;city115;282;19;city198;99;398;city174;117;2;city116;155;148;city162;215;217;city143
160;city208;106;462;city52;413;362;city172;322;247;city132;115;195;city252;439;163;city259;332;320;city60;250;335;city200
142;city90;91;185;city94;250;418;city114;162;44;city52;487;83;city185;86;72;city270;37;472;city242;103;275;city213;406;134;city191;8;263;city194;346;312;city295;112;33;city233;231;295;city55;419;468;city184;21;172;city277
164;city222;403;111;city206;406;320;city164;288;277;city234;427;196;city288;179;309;city284;77;203;city135;361;50;city187;377;224;city175;221;258;city183;456;113;city177;480;248;city269;361;19;city178;252;91;city258;265;343;city199;103;447;city120;193;179;city71;39;292;city275;85;212;city298;399;92;city117
157;city137;191;145;city139;258;345;city240;249;358;city148;271;311;city67;312;379;city176;14;305;city79;374;244;city191;151;266;city120;56;429;city215;271;129;city290
148;city115;282;19;city198;99;398;city174;117;2;city116;155;148;city162;215;217;city143
157;city137;191;145;city139;258;345;city240;249;358;city148;271;311;city67;312;379;city176;14;305;city79;374;244;city191;151;266;city120;56;429;city215;271;129;city290
126;city257;455;488;city287;119;269;city92;112;4;city250;35;308;city299;75;274;city197;225;117;city195
163;city161;297;257;city165;285;225;city118;51;381;city133;300;210;city287;256;229;city106;130;469;city189;38;229;city99;271;256;city57;212;499;city273;429;402;city221;84;377;city185;9;175;city85;216;291;city263;442;118;city150;194;485;city200;326;13;city251;295;283;city77;153;246;city244
151;city228;90;36;city287
141;city180;9;334;city276;24;420;city256;104;400;city102;306;164;city253;41;15;city100;269;456;city101;335;86;city116;160;221;city173
174;city211;330;111;city265;227;228;city191;99;408;city284;475;175;city57;341;223;city296;500;102;city267;105;291;city235;432;339;city244;235;342;city127;42;452;city229;326;129;city288;452;497;city187;291;220;city89;332;104;city246;180;10;city136;97;296;city128
149;city258;379;226;city180;359;190;city106;393;54;city83;74;69;city232;380;403;city254;52;173;city141;308;488;city297;125;139;city139;407;412;city177;187;286;city276;212;199;city283;293;280;city240;403;383;city183;439;430;city87;346;476;city95;139;72;city74;473;266;city108;67;185;city150
140;city121;474;152;city200;277;4;city110;126;424;city229;429;458;city197;254;223;city139;181;399;city182;270;254;city218;347;102;city93;86;218;city252;423;124;city268;354;67;city144;292;457;city292
147;city229;188;337;city265
142;city90;91;185;city94;250;418;city114;162;44;city52;487;83;city185;86;72;city270;37;472;city242;103;275;city213;406;134;city191;8;263;city194;346;312;city295;112;33;city233;231;295;city55;419;468;city184;21;172;city277
125;city217;352;95;city255;172;171;city208;296;243;city135;67;354;city247;58;168;city172;232;99;city74;148;492;city211;446;270;city214;213;289;city191;439;48;city200;229;155;city125;394;76;city194;400;367;city136;113;223;city72;127;81;city243;365;130;city275;464;112;city127;91;140;city287;233;73;city298
154;city129;84;164;city260;115;299;city240;299;441;city254;65;87;city171;287;469;city215;365;45;city297;380;392;city90;287;235;city115;16;194;city89;136;58;city166;240;309;city187;265;309;city285;15;39;city179;465;351;city222
142;city90;91;185;city94;250;418;city114;162;44;city52;487;83;city185;86;72;city270;37;472;city242;103;275;city213;406;134;city191;8;263;city194;346;312;city295;112;33;city233;231;295;city55;419;468;city184;21;172;city277
133;city83;345;102;city132;417;288;city257;376;99;city297;213;346;city158;256;166;city117;495;497;city61;472;448;city255;323;419;city251;337;349;city54;13;463;city139;72;339;city122;495;62;city161;444;259;city187;251;393;city266;443;136;city294;356;478;city225;147;490;city201
148;city115;282;19;city198;99;398;city174;117;2;city116;155;148;city162;215;217;city143
148;city115;282;19;city198;99;398;city174;117;2;city116;155;148;city162;215;217;city143
138;city108;421;290;city213;10;122;city125;463;37;city188;101;284;city67;288;419;city226;334;276;city76;63;103;city53;389;95;city259;39;368;city266;31;107;city113;452;373;city234;288;453;city294;39;452;city245
139;city175;129;465;city92;69;197;city244;376;366;city237;96;95;city133;45;192;city115;137;309;city94;275;463;city179;139;174;city113
173;city168;139;8;city71;114;184;city295;366;306;city220;270;491;city80;356;314;city184;379;123;city180;273;332;city127
133;city83;345;102;city132;417;288;city257;376;99;city297;213;346;city158;256;166;city117;495;497;city61;472;448;city255;323;419;city251;337;349;city54;13;463;city139;72;339;city122;495;62;city161;444;259;city187;251;393;city266;443;136;city294;356;478;city225;147;490;city201
173;city168;139;8;city71;114;184;city295;366;306;city220;270;491;city80;356;314;city184;379;123;city180;273;332;city127
134;city189;473;429;city244;327;154;city116;103;141;city98;42;475;city154;57;97;city170;147;56;city277;75;215;city176;412;213;city278;170;384;city225;359;195;city249;33;132;city223;417;27;city105;415;34;city275;385;167;city227;48;5;city236
150;city62;14;500;city240;481;127;city181;349;360;city185;490;89;city96;140;153;city75;401;492;city188;306;421;city73;57;146;city112;34;429;city98;277;24;city225;299;58;city152;186;274;city277;429;132;city144;7;21;city275;136;302;city230;125;168;city111;203;69;city248;475;306;city67;360;228;city267
142;city90;91;185;city94;250;418;city114;162;44;city52;487;83;city185;86;72;city270;37;472;city242;103;275;city213;406;134;city191;8;263;city194;346;312;city295;112;33;city233;231;295;city55;419;468;city184;21;172;city277
153;city58;241;43;city205;300;226;city229;357;151;city118;389;299;city64;348;303;city237;476;400;city261;332;97;city284;328;173;city209;135;346;city93;243;491;city57;337;131;city283;454;383;city91;393;220;city265;91;37;city81;25;363;city280;273;270;city129
164;city222;403;111;city206;406;320;city164;288;277;city234;427;196;city288;179;309;city284;77;203;city135;361;50;city187;377;224;city175;221;258;city183;456;113;city177;480;248;city269;361;19;city178;252;91;city258;265;343;city199;103;447;city120;193;179;city71;39;292;city275;85;212;city298;399;92;city117
161;city133;475;481;city247;297;394;city191;179;261;city207;477;15;city166;471;219;city195;162;458;city235

168;city272;118;351;city177;175;466;city212;193;192;city65;404;383;city264;475;411;city213;149;73;city184;221;466;city220;106;60;city187
158;city241;270;471;city287;189;62;city72;397;19;city224;434;429;city198;178;198;city280;80;169;city238
163;city161;297;257;city165;285;225;city118;51;381;city133;300;210;city287;256;229;city106;130;469;city189;38;229;city99;271;256;city57;212;499;city273;429;402;city221;84;377;city185;9;175;city85;216;291;city263;442;118;city150;194;485;city200;326;13;city251;295;283;city77;153;246;city244
133;city83;345;102;city132;417;288;city257;376;99;city297;213;346;city158;256;166;city117;495;497;city61;472;448;city255;323;419;city251;337;349;city54;13;463;city139;72;339;city122;495;62;city161;444;259;city187;251;393;city266;443;136;city294;356;478;city225;147;490;city201
138;city108;421;290;city213;10;122;city125;463;37;city188;101;284;city67;288;419;city226;334;276;city76;63;103;city53;389;95;city259;39;368;city266;31;107;city113;452;373;city234;288;453;city294;39;452;city245
153;city58;241;43;city205;300;226;city229;357;151;city118;389;299;city64;348;303;city237;476;400;city261;332;97;city284;328;173;city209;135;346;city93;243;491;city57;337;131;city283;454;383;city91;393;220;city265;91;37;city81;25;363;city280;273;270;city129
125;city217;352;95;city255;172;171;city208;296;243;city135;67;354;city247;58;168;city172;232;99;city74;148;492;city211;446;270;city214;213;289;city191;439;48;city200;229;155;city125;394;76;city194;400;367;city136;113;223;city72;127;81;city243;365;130;city275;464;112;city127;91;140;city287;233;73;city298
172;city61;489;51;city241;356;367;city92;413;230;city66;107;81;city171;168;111;city94
146;city247;143;297;city171;219;438;city68
143;city217;377;287;city168;77;478;city289;156;397;city78;270;267;city169
148;city115;282;19;city198;99;398;city174;117;2;city116;155;148;city162;215;217;city143
166;city277;395;385;city84;422;296;city190;470;23;city173;108;195;city215;164;397;city142;5;377;city223;91;28;city240;133;282;city146;216;104;city214;396;331;city140;257;109;city52;46;286;city293;234;325;city169;448;304;city291;405;434;city229;478;279;city115;438;100;city227
152;city198;263;30;city134;328;121;city59;270;372;city80;193;111;city160;262;420;city228;101;6;city230;333;110;city51;325;120;city231;118;39;city201;479;32;city224;244;479;city194;363;378;city179
151;city228;90;36;city287
160;city208;106;462;city52;413;362;city172;322;247;city132;115;195;city252;439;163;city259;332;320;city60;250;335;city200
151;city228;90;36;city287
136;city172;306;491;city174;475;129;city239;306;296;city176;426;276;city219;427;225;city179;360;70;city256;223;448;city66;500;379;city124;68;391;city279;109;474;city165;319;370;city150;484;321;city295;447;104;city276
141;city180;9;334;city276;24;420;city256;104;400;city102;306;164;city253;41;15;city100;269;456;city101;335;86;city116;160;221;city173
134;city189;473;429;city244;327;154;city116;103;141;city98;42;475;city154;57;97;city170;147;56;city277;75;215;city176;412;213;city278;170;384;city225;359;195;city249;33;132;city223;417;27;city105;415;34;city275;385;167;city227;48;5;city236
149;city258;379;226;city180;359;190;city106;393;54;city83;74;69;city232;380;403;city254;52;173;city141;308;5549;city297;125;139;city139;407;412;city177;187;286;city276;212;199;city283;293;280;city240;403;383;city183;439;430;city87;346;476;city95;139;72;city74;473;266;city108;67;185;city150
165;city170;70;6206;city115;161;434;city64;163;467;city216;122;130;city150;488;238;city243;179;213;city261;175;144;city211;160;197;city72
147;city229;188;337;city265
131;city64;65;30;city172;310;113;city109;172;319;city232;88;196;city228;363;445;city240;487;83;city263;374;111;city136;429;171;city217;73;314;city243;138;18;city100;73;301;city127;213;342;city129;138;380;city176;284;453;city227;339;243;city194
168;city272;118;351;city177;175;466;city212;193;192;city65;404;383;city264;475;411;city213;149;73;city184;221;466;city220;106;60;city187
165;city170;70;6206;city115;161;434;city64;163;467;city216;122;130;city150;488;238;city243;179;213;city261;175;144;city211;160;197;city72
143;city217;377;287;city168;77;478;city289;156;397;city78;270;267;city169
166;city277;395;385;city84;422;296;city190;470;23;city173;108;195;city215;164;397;city142;5;377;city223;91;28;city240;133;282;city146;216;104;city214;396;331;city140;257;109;city52;46;286;city293;234;325;city169;448;304;city291;405;434;city229;478;279;city115;438;100;city227
164;city222;403;111;city206;406;320;city164;288;277;city234;427;196;city288;179;309;city284;77;203;city135;361;50;city187;377;224;city175;221;258;city183;456;113;city177;480;248;city269;361;19;city178;252;91;city258;265;343;city199;103;447;city120;193;179;city71;39;292;city275;85;212;city298;399;92;city117
156;city217;77;61;city128;188;452;city191;66;254;city209;32;205;city167;352;71;city179;344;91;city112;154;164;city171;376;8;city270;239;142;city101
152;city198;263;30;city134;328;121;city59;270;372;city80;193;111;city160;262;420;city228;101;6;city230;333;110;city51;325;120;city231;118;39;city201;479;32;city224;244;479;city194;363;378;city179
160;city208;106;462;city52;413;362;city172;322;247;city132;115;195;city252;439;163;city259;332;320;city60;250;335;city200
146;city247;143;297;city171;219;438;city68
125;city217;352;95;city255;172;171;city208;296;243;city135;67;354;city247;58;168;city172;232;99;city74;148;492;city211;446;270;city214;213;289;city191;439;48;city200;229;155;city125;394;76;city194;400;367;city136;113;223;city72;127;81;city243;365;130;city275;464;112;city127;91;140;city287;233;73;city298
156;city217;77;61;city128;188;452;city191;66;254;city209;32;205;city167;352;71;city179;344;91;city112;154;164;city171;376;8;city270;239;142;city101
125;city217;352;95;city255;172;171;city208;296;243;city135;67;354;city247;58;168;city172;232;99;city74;148;492;city211;446;270;city214;213;289;city191;439;48;city200;229;155;city125;394;76;city194;400;367;city136;113;223;city72;127;81;city243;365;130;city275;464;112;city127;91;140;city287;233;73;city298
147;city229;188;337;city265
155;city132;291;68;city239;498;30;city177;382;451;city194;180;173;city243;69;372;city249;185;269;city168;372;206;city291;474;35;city192;470;235;city72;362;241;city276;183;387;city82

132;city264;267;233;city296;45;224;city188;281;189;city298;224;386;city246;296;35;city140;289;67;city222;477;186;city180;441;17;city284
154;city129;84;164;city260;115;299;city240;299;441;city254;65;87;city171;287;469;city215;365;45;city297;380;392;city90;287;235;city115;16;194;city89;136;58;city166;240;309;city187;265;309;city285;15;39;city179;465;351;city222
152;city198;263;30;city134;328;121;city59;270;372;city80;193;111;city160;262;420;city228;101;6;city230;333;110;city51;325;120;city231;118;39;city201;479;32;city224;244;479;city194;363;378;city179
172;city61;489;51;city241;356;367;city92;413;230;city66;107;81;city171;168;111;city94
163;city161;297;257;city165;285;225;city118;51;381;city133;300;210;city287;256;229;city106;130;469;city189;38;229;city99;271;256;city57;212;499;city273;429;402;city221;84;377;city185;9;175;city85;216;291;city263;442;118;city150;194;485;city200;326;13;city251;295;283;city77;153;246;city244
157;city137;191;145;city139;258;345;city240;249;358;city148;271;311;city67;312;379;city176;14;305;city79;374;244;city191;151;266;city120;56;429;city215;271;129;city290
153;city58;241;43;city205;300;226;city229;357;151;city118;389;299;city64;348;303;city237;476;400;city261;332;97;city284;328;173;city209;135;346;city93;243;491;city57;337;131;city283;454;383;city91;393;220;city265;91;37;city81;25;363;city280;273;270;city129
147;city229;188;337;city265
129;city277;167;438;city76;132;33;city208;51;297;city80;305;13;city260;448;197;city249;377;343;city90;371;86;city289
143;city217;377;287;city168;77;478;city289;156;397;city78;270;2834;city169
151;city228;90;36;city287
128;city244;384;222;city229;34;405;city74;484;385;city246
131;city64;65;30;city172;310;113;city109;172;319;city232;88;196;city228;363;445;city240;487;83;city263;374;111;city136;429;171;city217;73;314;city243;138;18;city100;73;301;city127;213;342;city129;138;380;city176;284;453;city227;339;243;city194
148;city115;282;19;city198;99;398;city174;117;2;city116;155;148;city162;215;217;city143
147;city229;188;337;city265
145;city166;493;241;city193;172;159;city298;10;180;city64;386;474;city57;109;291;city257;255;122;city293;268;106;city155;359;429;city73;231;51;city59;444;190;city290;315;158;city206;171;207;city100;486;488;city198;347;44;city229;238;141;city181;318;385;city99
171;city231;240;404;city277
145;city166;493;241;city193;172;159;city298;10;180;city64;386;474;city57;109;291;city257;255;122;city293;268;106;city155;359;429;city73;231;51;city59;444;190;city290;315;158;city206;171;207;city100;486;488;city198;347;44;city229;238;141;city181;318;385;city99
149;city258;379;226;city180;359;190;city106;393;54;city83;74;69;city232;380;403;city254;52;173;city141;308;5549;city297;125;139;city139;407;412;city177;187;286;city276;212;199;city283;293;280;city240;403;383;city183;439;430;city87;346;476;city95;139;72;city74;473;266;city108;67;185;city150
171;city231;240;404;city277
133;city83;345;102;city132;417;288;city257;376;99;city297;213;346;city158;256;166;city117;495;497;city61;472;448;city255;323;419;city251;337;349;city54;13;463;city139;72;339;city122;495;62;city161;444;259;city187;251;393;city266;443;136;city294;356;478;city225;147;490;city201
149;city258;379;226;city180;359;190;city106;393;54;city83;74;69;city232;380;403;city254;52;173;city141;308;5549;city297;125;139;city139;407;412;city177;187;286;city276;212;199;city283;293;280;city240;403;383;city183;439;430;city87;346;476;city95;139;72;city74;473;266;city108;67;185;city150
127;city216;281;454;city169;9;493;city127;232;259;city255;67;380;city54
155;city132;291;68;city239;498;30;city177;382;451;city194;180;173;city243;69;372;city249;185;269;city168;372;206;city291;474;35;city192;470;235;city72;362;241;city276;183;387;city82
165;city170;70;6206;city115;161;434;city64;163;467;city216;122;130;city150;488;238;city243;179;213;city261;175;144;city211;160;197;city72
143;city217;377;287;city168;77;478;city289;156;397;city78;270;2834;city169

143;city217;377;287;city168;77;478;city289;156;397;city78;270;2834;city169
126;city257;455;488;city287;119;269;city92;112;4;city250;35;308;city299;75;274;city197;225;117;city195
164;city222;403;111;city206;406;320;city164;288;277;city234;427;196;city288;179;309;city284;77;203;city135;361;50;city187;377;224;city175;221;258;city183;456;113;city177;480;248;city269;361;19;city178;252;91;city258;265;343;city199;103;447;city120;193;179;city71;39;292;city275;85;212;city298;399;92;city117
168;city272;118;351;city177;175;466;city212;193;192;city65;404;383;city264;475;411;city213;149;73;city184;221;466;city220;106;60;city187

129;city277;167;438;city76;132;33;city208;51;297;city80;305;13;city260;448;197;city249;377;343;city90;371;86;city289
151;city228;90;36;city287
154;city129;84;164;city260;115;299;city240;299;441;city254;65;87;city171;287;469;city215;365;45;city297;380;392;city90;287;235;city115;16;194;city89;136;58;city166;240;309;city187;265;309;city285;15;39;city179;465;351;city222
128;city244;384;222;city229;34;405;city74;484;385;city246
141;city180;9;334;city276;24;420;city256;104;400;city102;306;164;city253;41;15;city100;269;456;city101;335;86;city116;160;221;city173
171;city231;240;404;city277
139;city175;129;465;city92;69;197;city244;376;366;city237;96;95;city133;45;192;city115;137;309;city94;275;463;city179;139;174;city113
127;city216;281;454;city169;9;493;city127;232;259;city255;67;380;city54
138;city108;421;290;city213;10;122;city125;463;37;city188;101;284;city67;288;419;city226;334;276;city76;63;103;city53;389;95;city259;39;368;city266;31;107;city113;452;373;city234;288;453;city294;39;452;city245
166;city277;395;385;city84;422;296;city190;470;23;city173;108;195;city215;164;397;city142;5;377;city223;91;28;city240;133;282;city146;216;104;city214;396;331;city140;257;109;city52;46;286;city293;234;325;city169;448;304;city291;405;434;city229;478;279;city115;438;100;city227

146;city247;143;297;city171;219;438;city68
127;city216;281;454;city169;9;493;city127;232;259;city255;67;380;city54
172;city61;489;51;city241;356;367;city92;413;230;city66;107;81;city171;168;111;city94
151;city228;90;36;city287
165;city170;70;6206;city115;161;434;city64;163;467;city216;122;130;city150;488;238;city243;179;213;city261;175;144;city211;160;197;city72
149;city258;379;226;city180;359;190;city106;393;54;city83;74;69;city232;380;403;city254;52;173;city141;308;5549;city297;125;139;city139;407;412;city177;187;286;city276;212;199;city283;293;280;city240;403;383;city183;439;430;city87;346;476;city95;139;72;city74;473;266;city108;67;185;city150
164;city222;403;111;city206;406;320;city164;288;277;city234;427;196;city288;179;309;city284;77;203;city135;361;50;city187;377;224;city175;221;258;city183;456;113;city177;480;248;city269;361;19;city178;252;91;city258;265;343;city199;103;447;city120;193;179;city71;39;292;city275;85;212;city298;399;92;city117
128;city244;384;222;city229;34;405;city74;484;385;city246
128;city244;384;222;city229;34;405;city74;484;385;city246
165;city170;70;6206;city115;161;434;city64;163;467;city216;122;130;city150;488;238;city243;179;213;city261;175;144;city211;160;197;city72
129;city277;167;438;city76;132;33;city208;51;297;city80;305;13;city260;448;197;city249;377;343;city90;371;86;city289
157;city137;191;145;city139;258;345;city240;249;358;city148;271;311;city67;312;379;city176;14;305;city79;374;244;city191;151;266;city120;56;429;city215;271;129;city290
161;city133;475;481;city247;297;394;city191;179;261;city207;477;15;city166;471;219;city195;162;458;city235
173;city168;139;8;city71;114;184;city295;366;306;city220;270;491;city80;356;314;city184;379;123;city180;273;332;city127
138;city108;421;290;city213;10;122;city125;463;37;city188;101;284;city67;288;419;city226;334;276;city76;63;103;city53;389;95;city259;39;368;city266;31;107;city113;452;373;city234;288;453;city294;39;452;city245
128;city244;384;222;city229;34;405;city74;484;385;city246
168;city272;118;351;city177;175;466;city212;193;192;city65;404;383;city264;475;411;city213;149;73;city184;221;466;city220;106;60;city187
143;city217;377;287;city168;77;478;city289;156;397;city78;270;2834;city169
154;city129;84;164;city260;115;299;city240;299;441;city254;65;87;city171;287;469;city215;365;45;city297;380;392;city90;287;235;city115;16;194;city89;136;58;city166;240;309;city187;265;309;city285;15;39;city179;465;351;city222
156;city217;77;61;city128;188;452;city191;66;254;city209;32;205;city167;352;71;city179;344;91;city112;154;164;city171;376;8;city270;239;142;city101
143;city217;377;287;city168;77;478;city289;156;397;city78;270;2834;city169
161;city133;475;481;city247;297;394;city191;179;261;city207;477;15;city166;471;219;city195;162;458;city235
149;city258;379;226;city180;359;190;city106;393;54;city83;74;69;city232;380;403;city254;52;173;city141;308;5549;city297;125;139;city139;407;412;city177;187;286;city276;212;199;city283;293;280;city240;403;383;city183;439;430;city87;346;476;city95;139;72;city74;473;266;city108;67;185;city150
158;city241;270;471;city287;189;62;city72;397;19;city224;434;429;city198;178;198;city280;80;169;city238
152;city198;263;30;city134;328;121;city59;270;372;city80;193;111;city160;262;420;city228;101;6;city230;333;110;city51;325;120;city231;118;39;city201;479;32;city224;244;479;city194;363;378;city179
130;city209;389;80;city117;67;89;city133;24;52;city98;428;295;city295;61;122;city92;118;233;city204;135;211;city65;224;484;city103;274;449;city256;100;100;city206;233;437;city79;476;459;city107;493;195;city158;128;216;city287;161;254;city215;408;141;city176
126;city257;455;488;city287;119;269;city92;112;4;city250;35;308;city299;75;274;city197;225;117;city195
158;city241;270;471;city287;189;62;city72;397;19;city224;434;429;city198;178;198;city280;80;169;city238
138;city108;421;290;city213;10;122;city125;463;37;city188;101;284;city67;288;419;city226;334;276;city76;63;103;city53;389;95;city259;39;368;city266;31;107;city113;452;373;city234;288;453;city294;39;452;city245
126;city257;455;488;city287;119;269;city92;112;4;city250;35;308;city299;75;274;city197;225;117;city195
154;city129;84;164;city260;115;299;city240;299;441;city254;65;87;city171;287;469;city215;365;45;city297;380;392;city90;287;235;city115;16;194;city89;136;58;city166;240;309;city187;265;309;city285;15;39;city179;465;351;city222
168;city272;118;351;city177;175;466;city212;193;192;city65;404;383;city264;475;411;city213;149;73;city184;221;466;city220;106;60;city187
157;city137;191;145;city139;258;345;city240;249;358;city148;271;311;city67;312;379;city176;14;305;city79;374;244;city191;151;266;city120;56;429;city215;271;129;city290
136;city172;306;491;city174;475;129;city239;306;296;city176;426;276;city219;427;225;city179;360;70;city256;223;448;city66;500;379;city124;68;391;city279;109;474;city165;319;370;city150;484;321;city295;447;104;city276
163;city161;297;257;city165;285;225;city118;51;381;city133;300;210;city287;256;229;city106;130;469;city189;38;229;city99;271;256;city57;212;499;city273;429;402;city221;84;377;city185;9;175;city85;216;291;city263;442;118;city150;194;485;city200;326;13;city251;295;283;city77;153;246;city244
143;city217;377;287;city168;77;478;city289;156;397;city78;270;2834;city169
173;city168;139;8;city71;114;184;city295;366;306;city220;270;491;city80;356;314;city184;379;123;city180;273;332;city127
153;city58;241;43;city205;300;226;city229;357;151;city118;389;299;city64;348;303;city237;476;400;city261;332;97;city284;328;173;city209;135;346;city93;243;491;city57;337;131;city283;454;383;city91;393;220;city265;91;37;city81;25;363;city280;273;270;city129
139;city175;129;465;city92;69;197;city244;376;366;city237;96;95;city133;45;192;city115;137;309;city94;275;463;city179;139;174;city113
153;city58;241;43;city205;300;226;city229;357;151;city118;389;299;city64;348;303;city237;476;400;city261;332;97;city284;328;173;city209;135;346;city93;243;491;city57;337;131;city283;454;383;city91;393;220;city265;91;37;city81;25;363;city280;273;270;city129
168;city272;118;351;city177;175;466;city212;193;192;city65;404;383;city264;475;411;city213;149;73;city184;221;466;city220;106;60;city187
169;city256;47;287;city133;105;332;city54;229;53;city95;300;52;city200;278;263;city213;81;113;city259;278;478;city227;284;330;city202;286;335;city156;419;251;city241;374;129;city108;111;327;city93;94;312;city286
133;city83;345;102;city132;417;288;city257;376;99;city297;213;346;city158;256;166;city117;495;497;city61;472;448;city255;323;419;city251;337;349;city54;13;463;city139;72;339;city122;495;62;city161;444;259;city187;251;393;city266;443;136;city294;356;478;city225;147;490;city201
144;city115;207;453;city111
154;city129;84;164;city260;115;299;city240;299;441;city254;65;87;city171;287;469;city215;365;45;city297;380;392;city90;287;235;city115;16;194;city89;136;58;city166;240;309;city187;265;309;city285;15;39;city179;465;351;city222
155;city132;291;68;city239;498;30;city177;382;451;city194;180;173;city243;69;372;city249;185;269;city168;372;206;city291;474;35;city192;470;235;city72;362;241;city276;183;387;city82
174;city211;330;111;city265;227;228;city191;99;408;city284;475;175;city57;341;223;city296;500;102;city267;105;291;city235;432;339;city244;235;342;city127;42;452;city229;326;129;city288;452;497;city187;291;220;city89;332;104;city246;180;10;city136;97;296;city128
130;city209;389;80;city117;67;89;city133;24;52;city98;428;295;city295;61;122;city92;118;233;city204;135;211;city65;224;484;city103;274;449;city256;100;100;city206;233;437;city79;476;459;city107;493;195;city158;128;216;city287;161;254;city215;408;141;city176
128;city244;384;222;city229;34;405;city74;484;385;city246
149;city258;379;226;city180;359;190;city106;393;54;city83;74;69;city232;380;403;city254;52;173;city141;308;5549;city297;125;139;city139;407;412;city177;187;286;city276;212;199;city283;293;280;city240;403;383;city183;439;430;city87;346;476;city95;139;72;city74;473;266;city108;67;185;city150
166;city277;395;385;city84;422;296;city190;470;23;city173;108;195;city215;164;397;city142;5;377;city223;91;28;city240;133;282;city146;216;104;city214;396;331;city140;257;109;city52;46;286;city293;234;325;city169;448;304;city291;405;434;city229;478;279;city115;438;100;city227
167;city52;66;322;city173;299;224;city292;84;446;city230;394;67;city157;349;36;city110;29;14;city155;269;309;city251;360;300;city204;204;375;city50
170;city214;416;430;city245;275;202;city107;105;166;city262
166;city277;395;385;city84;422;296;city190;470;23;city173;108;195;city215;164;397;city142;5;377;city223;91;28;city240;133;282;city146;216;104;city214;396;331;city140;257;109;city52;46;286;city293;234;325;city169;448;304;city291;405;434;city229;478;279;city115;438;100;city227
153;city58;241;43;city205;300;226;city229;357;151;city118;389;299;city64;348;303;city237;476;400;city261;332;97;city284;328;173;city209;135;346;city93;243;491;city57;337;131;city283;454;383;city91;393;220;city265;91;37;city81;25;363;city280;273;270;city129
158;city241;270;471;city287;189;62;city72;397;19;city224;434;429;city198;178;198;city280;80;169;city238
165;city170;70;6206;city115;161;434;city64;163;467;city216;122;130;city150;488;238;city243;179;213;city261;175;144;city211;160;197;city72
