ERROR 1
ERROR 13
ERROR 16
ERROR 18
ERROR 20
ERROR 24
ERROR 32
ERROR 37
ERROR 38
ERROR 40
ERROR 41
ERROR 44
ERROR 50
ERROR 51
ERROR 52
ERROR 53
ERROR 54
ERROR 56
ERROR 63
ERROR 65
ERROR 69
ERROR 71
ERROR 72
ERROR 73
ERROR 76
ERROR 77
ERROR 78
ERROR 81
ERROR 82
ERROR 84
ERROR 94
ERROR 96
ERROR 97
ERROR 98
ERROR 100
ERROR 101
ERROR 103
ERROR 108
ERROR 110
ERROR 115
ERROR 116
ERROR 118
ERROR 119
ERROR 125
ERROR 126
ERROR 127
ERROR 128
ERROR 132
ERROR 133
ERROR 134
ERROR 136
ERROR 137
ERROR 141
ERROR 145
ERROR 146
ERROR 147
ERROR 150
ERROR 153
ERROR 154
ERROR 155
ERROR 156
ERROR 159
ERROR 160
ERROR 161
ERROR 165
ERROR 173
ERROR 174
ERROR 177
ERROR 178
ERROR 179
ERROR 184
ERROR 185
ERROR 187
ERROR 188
ERROR 190
ERROR 191
ERROR 192
ERROR 194
ERROR 195
ERROR 196
ERROR 198
ERROR 201
ERROR 202
ERROR 204
ERROR 205
ERROR 207
ERROR 208
ERROR 209
ERROR 211
ERROR 212
ERROR 214
ERROR 215
ERROR 217
ERROR 219
ERROR 220
ERROR 223
ERROR 226
ERROR 229
ERROR 232
ERROR 233
ERROR 236
ERROR 237
ERROR 238
ERROR 239
ERROR 240
ERROR 241
ERROR 244
ERROR 248
ERROR 250
ERROR 251
ERROR 256
ERROR 259
ERROR 260
ERROR 261
ERROR 264
ERROR 266
ERROR 267
ERROR 268
ERROR 269
ERROR 272
ERROR 273
ERROR 276
ERROR 279
ERROR 280
ERROR 286
ERROR 287
ERROR 290
ERROR 293
ERROR 297
ERROR 299
ERROR 300
ERROR 303
ERROR 304
ERROR 307
ERROR 308
ERROR 309
ERROR 310
ERROR 314
ERROR 316
ERROR 319
ERROR 324
ERROR 327
ERROR 329
ERROR 333
ERROR 334
ERROR 335
ERROR 337
ERROR 340
ERROR 341
ERROR 343
ERROR 344
ERROR 345
ERROR 347
ERROR 350
ERROR 351
ERROR 354
ERROR 355
ERROR 356
ERROR 361
ERROR 362
ERROR 365
ERROR 367
ERROR 368
ERROR 374
ERROR 376
ERROR 378
ERROR 379
ERROR 382
ERROR 383
ERROR 385
ERROR 386
ERROR 388
ERROR 391
ERROR 392
ERROR 394
ERROR 395
ERROR 396
ERROR 397
ERROR 399
ERROR 404
ERROR 406
ERROR 409
ERROR 411
ERROR 413
ERROR 414
ERROR 415
ERROR 417
ERROR 418
ERROR 420
ERROR 421
ERROR 422
ERROR 424
ERROR 425
ERROR 427
ERROR 431
ERROR 432
ERROR 437
ERROR 438
ERROR 439
ERROR 443
ERROR 444
ERROR 445
ERROR 446
ERROR 448
ERROR 451
ERROR 453
ERROR 455
ERROR 456
ERROR 457
ERROR 459
ERROR 461
ERROR 463
ERROR 465
ERROR 466
ERROR 469
ERROR 475
ERROR 477
ERROR 478
ERROR 479
ERROR 486
ERROR 487
ERROR 488
ERROR 489
ERROR 498
ERROR 504
ERROR 506
ERROR 507
ERROR 512
ERROR 513
ERROR 514
ERROR 515
ERROR 520
ERROR 521
ERROR 522
ERROR 523
ERROR 524
ERROR 525
ERROR 527
ERROR 528
ERROR 530
ERROR 532
ERROR 536
ERROR 543
ERROR 547
ERROR 548
ERROR 549
ERROR 550
ERROR 552
ERROR 555
ERROR 556
ERROR 557
ERROR 558
ERROR 561
ERROR 563
ERROR 568
ERROR 569
ERROR 570
ERROR 571
ERROR 572
ERROR 576
ERROR 579
ERROR 582
ERROR 584
ERROR 585
ERROR 586
ERROR 587
ERROR 588
ERROR 589
ERROR 591
ERROR 595
ERROR 598
ERROR 600
ERROR 601
ERROR 603
ERROR 605
ERROR 606
ERROR 609
ERROR 610
ERROR 615
ERROR 617
ERROR 618
ERROR 619
ERROR 620
ERROR 624
ERROR 625
ERROR 626
ERROR 630
ERROR 633
ERROR 634
ERROR 637
ERROR 638
ERROR 640
ERROR 641
ERROR 643
ERROR 644
ERROR 645
ERROR 647
ERROR 650
ERROR 651
ERROR 652
ERROR 655
ERROR 656
ERROR 657
ERROR 658
ERROR 659
ERROR 660
ERROR 662
ERROR 663
ERROR 664
ERROR 665
ERROR 666
ERROR 670
ERROR 671
ERROR 673
ERROR 674
ERROR 676
ERROR 678
ERROR 679
ERROR 682
ERROR 691
ERROR 692
ERROR 697
ERROR 698
ERROR 699
ERROR 700
ERROR 701
ERROR 702
ERROR 704
ERROR 705
ERROR 706
ERROR 707
ERROR 708
ERROR 709
ERROR 710
ERROR 711
ERROR 713
ERROR 714
ERROR 716
ERROR 717
ERROR 718
ERROR 720
ERROR 724
ERROR 726
ERROR 732
ERROR 734
ERROR 736
ERROR 737
ERROR 740
ERROR 741
ERROR 743
ERROR 747
ERROR 752
ERROR 753
ERROR 754
ERROR 756
ERROR 759
ERROR 762
ERROR 763
ERROR 764
ERROR 765
ERROR 766
ERROR 767
ERROR 768
ERROR 770
ERROR 773
ERROR 776
ERROR 778
ERROR 783
ERROR 784
ERROR 786
ERROR 787
ERROR 788
ERROR 789
ERROR 790
ERROR 791
ERROR 792
ERROR 793
ERROR 796
ERROR 798
ERROR 799
ERROR 802
ERROR 804
ERROR 805
ERROR 806
ERROR 812
ERROR 813
ERROR 814
ERROR 815
ERROR 817
ERROR 820
ERROR 827
ERROR 831
ERROR 832
ERROR 833
ERROR 838
ERROR 839
ERROR 840
ERROR 842
ERROR 844
ERROR 847
ERROR 850
ERROR 851
ERROR 853
ERROR 854
ERROR 856
ERROR 857
ERROR 858
ERROR 859
ERROR 863
ERROR 865
ERROR 867
ERROR 868
ERROR 869
ERROR 870
ERROR 871
ERROR 874
ERROR 876
ERROR 877
ERROR 878
ERROR 879
ERROR 880
ERROR 881
ERROR 884
ERROR 888
ERROR 891
ERROR 893
ERROR 894
ERROR 895
ERROR 905
ERROR 909
ERROR 913
ERROR 918
ERROR 919
ERROR 920
ERROR 922
ERROR 926
ERROR 927
ERROR 928
ERROR 929
ERROR 931
ERROR 932
ERROR 933
ERROR 936
ERROR 937
ERROR 938
ERROR 939
ERROR 941
ERROR 943
ERROR 944
ERROR 947
ERROR 949
ERROR 951
ERROR 952
ERROR 953
ERROR 957
ERROR 958
ERROR 963
ERROR 964
ERROR 965
ERROR 966
ERROR 968
ERROR 969
ERROR 970
ERROR 971
ERROR 973
ERROR 975
ERROR 979
ERROR 980
ERROR 981
ERROR 983
ERROR 984
ERROR 987
ERROR 990
ERROR 994
ERROR 995
ERROR 1003
ERROR 1004
ERROR 1005
ERROR 1008
ERROR 1009
ERROR 1010
ERROR 1011
ERROR 1012
ERROR 1014
ERROR 1018
ERROR 1019
ERROR 1021
ERROR 1023
ERROR 1029
ERROR 1033
ERROR 1034
ERROR 1035
ERROR 1038
ERROR 1041
ERROR 1042
ERROR 1043
ERROR 1044
ERROR 1046
ERROR 1050
ERROR 1052
ERROR 1054
ERROR 1055
ERROR 1059
ERROR 1060
ERROR 1061
ERROR 1062
ERROR 1065
ERROR 1066
ERROR 1067
ERROR 1069
ERROR 1072
ERROR 1073
ERROR 1075
ERROR 1076
ERROR 1077
ERROR 1079
ERROR 1080
ERROR 1081
ERROR 1082
ERROR 1083
ERROR 1085
ERROR 1086
ERROR 1089
ERROR 1090
ERROR 1092
ERROR 1093
ERROR 1094
ERROR 1100
ERROR 1102
ERROR 1103
ERROR 1105
ERROR 1106
ERROR 1107
ERROR 1109
ERROR 1110
ERROR 1111
ERROR 1115
ERROR 1119
ERROR 1121
ERROR 1122
ERROR 1125
ERROR 1126
ERROR 1127
ERROR 1128
ERROR 1129
ERROR 1130
ERROR 1131
ERROR 1137
ERROR 1139
ERROR 1142
ERROR 1143
ERROR 1144
ERROR 1145
ERROR 1148
ERROR 1150
ERROR 1154
ERROR 1155
ERROR 1156
ERROR 1157
ERROR 1158
ERROR 1159
ERROR 1162
ERROR 1164
ERROR 1165
ERROR 1167
ERROR 1171
ERROR 1172
ERROR 1173
ERROR 1175
ERROR 1179
ERROR 1180
ERROR 1181
ERROR 1182
ERROR 1183
ERROR 1184
ERROR 1185
ERROR 1193
ERROR 1196
ERROR 1197
ERROR 1198
ERROR 1201
ERROR 1203
ERROR 1205
ERROR 1207
ERROR 1208
ERROR 1209
ERROR 1210
ERROR 1211
ERROR 1213
ERROR 1215
ERROR 1217
ERROR 1221
ERROR 1222
ERROR 1224
ERROR 1225
ERROR 1226
ERROR 1229
ERROR 1231
ERROR 1232
ERROR 1235
ERROR 1237
ERROR 1239
ERROR 1241
ERROR 1243
ERROR 1244
ERROR 1246
ERROR 1248
ERROR 1251
ERROR 1253
ERROR 1254
ERROR 1255
ERROR 1256
ERROR 1257
ERROR 1259
ERROR 1263
ERROR 1264
ERROR 1267
ERROR 1269
ERROR 1271
ERROR 1273
ERROR 1274
ERROR 1276
ERROR 1279
ERROR 1280
ERROR 1283
ERROR 1284
ERROR 1291
ERROR 1295
ERROR 1296
ERROR 1299
ERROR 1300
ERROR 1304
ERROR 1305
ERROR 1308
ERROR 1310
ERROR 1311
ERROR 1314
ERROR 1315
ERROR 1317
ERROR 1318
ERROR 1320
ERROR 1322
ERROR 1323
ERROR 1324
ERROR 1326
ERROR 1328
ERROR 1330
ERROR 1333
ERROR 1336
ERROR 1339
ERROR 1341
ERROR 1344
ERROR 1345
ERROR 1346
ERROR 1347
ERROR 1348
ERROR 1350
ERROR 1351
ERROR 1355
ERROR 1358
ERROR 1359
ERROR 1360
ERROR 1364
