ERROR 1
ERROR 3
ERROR 4
ERROR 7
ERROR 16
ERROR 17
ERROR 18
ERROR 21
ERROR 27
ERROR 32
ERROR 37
ERROR 38
ERROR 39
ERROR 43
ERROR 44
ERROR 45
ERROR 49
ERROR 50
ERROR 52
ERROR 53
ERROR 55
ERROR 58
ERROR 60
ERROR 65
ERROR 67
ERROR 68
ERROR 72
ERROR 73
ERROR 75
ERROR 76
ERROR 77
ERROR 81
ERROR 82
ERROR 85
ERROR 88
ERROR 89
ERROR 93
ERROR 94
ERROR 95
ERROR 100
ERROR 103
ERROR 104
ERROR 106
ERROR 107
ERROR 108
ERROR 109
ERROR 119
ERROR 120
ERROR 123
ERROR 125
ERROR 129
ERROR 132
ERROR 134
ERROR 136
ERROR 138
ERROR 145
ERROR 146
ERROR 149
ERROR 155
ERROR 156
ERROR 158
ERROR 163
ERROR 165
ERROR 170
ERROR 172
ERROR 173
ERROR 178
ERROR 179
ERROR 182
ERROR 183
ERROR 186
ERROR 193
ERROR 194
ERROR 195
ERROR 196
ERROR 200
ERROR 201
ERROR 203
ERROR 206
ERROR 208
ERROR 209
ERROR 210
ERROR 211
ERROR 215
ERROR 223
ERROR 224
ERROR 226
ERROR 230
ERROR 232
ERROR 233
ERROR 234
ERROR 237
ERROR 239
ERROR 241
ERROR 242
ERROR 243
ERROR 245
ERROR 246
ERROR 248
ERROR 249
ERROR 250
ERROR 253
ERROR 255
ERROR 259
ERROR 266
ERROR 268
ERROR 269
ERROR 270
ERROR 272
ERROR 273
ERROR 277
ERROR 278
ERROR 279
ERROR 280
ERROR 281
ERROR 283
ERROR 288
ERROR 292
ERROR 294
ERROR 297
ERROR 298
ERROR 299
ERROR 301
ERROR 304
ERROR 305
ERROR 306
ERROR 308
ERROR 310
ERROR 314
ERROR 315
ERROR 316
ERROR 317
ERROR 318
ERROR 320
ERROR 328
ERROR 330
ERROR 334
ERROR 335
ERROR 336
ERROR 338
ERROR 339
ERROR 341
ERROR 342
ERROR 345
ERROR 349
ERROR 351
ERROR 353
ERROR 355
ERROR 356
ERROR 358
ERROR 363
ERROR 364
ERROR 365
ERROR 367
ERROR 370
ERROR 371
ERROR 375
ERROR 379
ERROR 381
ERROR 382
ERROR 385
ERROR 386
ERROR 391
ERROR 393
ERROR 394
ERROR 395
ERROR 396
ERROR 399
ERROR 403
ERROR 405
ERROR 409
ERROR 410
ERROR 415
ERROR 421
ERROR 422
ERROR 426
ERROR 427
ERROR 429
ERROR 430
ERROR 431
ERROR 435
ERROR 436
ERROR 437
ERROR 441
ERROR 442
ERROR 444
ERROR 447
ERROR 448
ERROR 449
ERROR 450
ERROR 453
ERROR 454
ERROR 456
ERROR 462
ERROR 465
ERROR 466
ERROR 470
ERROR 471
ERROR 473
ERROR 474
ERROR 475
ERROR 476
ERROR 477
ERROR 479
ERROR 480
ERROR 481
ERROR 482
ERROR 483
ERROR 484
ERROR 485
ERROR 486
ERROR 487
ERROR 488
ERROR 489
ERROR 490
ERROR 492
ERROR 493
ERROR 495
ERROR 496
ERROR 499
ERROR 500
ERROR 502
ERROR 504
ERROR 505
ERROR 506
ERROR 511
ERROR 513
ERROR 514
ERROR 516
ERROR 520
ERROR 521
ERROR 524
ERROR 527
ERROR 529
ERROR 533
ERROR 535
ERROR 538
ERROR 540
ERROR 541
ERROR 543
ERROR 544
ERROR 546
ERROR 547
ERROR 548
ERROR 549
ERROR 550
ERROR 551
ERROR 553
ERROR 554
ERROR 556
ERROR 559
ERROR 562
ERROR 563
ERROR 564
ERROR 565
ERROR 566
ERROR 567
ERROR 570
ERROR 571
ERROR 573
ERROR 574
ERROR 575
ERROR 578
ERROR 579
ERROR 581
ERROR 582
ERROR 589
ERROR 592
ERROR 594
ERROR 595
ERROR 596
ERROR 597
ERROR 604
ERROR 606
ERROR 607
ERROR 609
ERROR 610
ERROR 612
ERROR 614
ERROR 617
ERROR 618
ERROR 619
ERROR 620
ERROR 623
ERROR 624
ERROR 626
ERROR 627
ERROR 628
ERROR 630
ERROR 631
ERROR 632
ERROR 633
ERROR 634
ERROR 635
ERROR 636
ERROR 637
ERROR 638
ERROR 639
ERROR 641
ERROR 643
ERROR 645
ERROR 646
ERROR 647
ERROR 648
ERROR 653
ERROR 656
ERROR 657
ERROR 658
ERROR 659
ERROR 661
ERROR 662
ERROR 663
ERROR 664
ERROR 667
ERROR 670
ERROR 671
ERROR 672
ERROR 674
ERROR 676
ERROR 677
ERROR 681
ERROR 684
ERROR 686
ERROR 687
ERROR 691
ERROR 693
ERROR 698
ERROR 699
ERROR 701
ERROR 703
ERROR 705
ERROR 707
ERROR 711
ERROR 713
ERROR 716
ERROR 722
ERROR 725
ERROR 726
ERROR 729
ERROR 730
ERROR 734
ERROR 735
ERROR 741
ERROR 742
ERROR 743
ERROR 744
ERROR 745
ERROR 747
ERROR 755
ERROR 758
ERROR 760
ERROR 762
ERROR 764
ERROR 765
ERROR 766
ERROR 767
ERROR 771
ERROR 772
ERROR 776
ERROR 778
ERROR 781
ERROR 784
ERROR 785
ERROR 787
ERROR 788
ERROR 791
ERROR 792
ERROR 793
ERROR 794
ERROR 796
ERROR 798
ERROR 800
ERROR 805
ERROR 806
ERROR 807
ERROR 808
ERROR 809
ERROR 811
ERROR 815
ERROR 816
ERROR 818
ERROR 819
ERROR 822
ERROR 827
ERROR 829
ERROR 833
ERROR 834
ERROR 837
ERROR 842
ERROR 846
ERROR 848
ERROR 849
ERROR 850
ERROR 851
ERROR 853
ERROR 854
ERROR 855
ERROR 857
ERROR 858
ERROR 860
ERROR 862
ERROR 863
ERROR 865
ERROR 869
ERROR 871
ERROR 872
ERROR 873
ERROR 879
ERROR 881
ERROR 883
ERROR 887
ERROR 890
ERROR 892
ERROR 895
ERROR 896
ERROR 898
ERROR 900
ERROR 902
ERROR 903
ERROR 904
ERROR 905
ERROR 906
ERROR 909
ERROR 911
ERROR 913
ERROR 914
ERROR 916
ERROR 918
ERROR 920
ERROR 921
ERROR 923
ERROR 924
ERROR 925
ERROR 927
ERROR 932
ERROR 936
ERROR 939
ERROR 940
ERROR 944
ERROR 946
ERROR 947
ERROR 949
ERROR 950
ERROR 953
ERROR 954
ERROR 960
ERROR 961
ERROR 962
ERROR 963
ERROR 964
ERROR 966
ERROR 967
ERROR 969
ERROR 971
ERROR 972
ERROR 974
ERROR 975
ERROR 976
ERROR 977
ERROR 978
ERROR 980
ERROR 983
ERROR 989
ERROR 991
ERROR 992
ERROR 994
ERROR 995
ERROR 997
ERROR 1000
ERROR 1001
ERROR 1002
ERROR 1004
ERROR 1007
ERROR 1008
ERROR 1011
ERROR 1012
ERROR 1015
ERROR 1021
ERROR 1023
ERROR 1024
ERROR 1027
ERROR 1029
ERROR 1030
ERROR 1031
ERROR 1034
ERROR 1038
ERROR 1040
ERROR 1041
ERROR 1042
ERROR 1044
ERROR 1046
ERROR 1047
ERROR 1051
ERROR 1054
ERROR 1056
ERROR 1060
ERROR 1061
ERROR 1062
ERROR 1063
ERROR 1065
ERROR 1066
ERROR 1069
ERROR 1070
ERROR 1072
ERROR 1074
ERROR 1078
ERROR 1080
ERROR 1086
ERROR 1088
ERROR 1089
ERROR 1092
ERROR 1093
ERROR 1094
ERROR 1095
ERROR 1098
ERROR 1102
ERROR 1103
ERROR 1105
ERROR 1106
ERROR 1108
ERROR 1109
ERROR 1116
ERROR 1117
ERROR 1119
ERROR 1120
ERROR 1122
ERROR 1123
ERROR 1125
ERROR 1127
ERROR 1130
ERROR 1131
ERROR 1133
ERROR 1135
ERROR 1136
ERROR 1137
ERROR 1142
ERROR 1143
ERROR 1144
ERROR 1145
ERROR 1146
ERROR 1147
ERROR 1149
ERROR 1150
ERROR 1151
ERROR 1152
ERROR 1155
ERROR 1158
ERROR 1160
ERROR 1165
ERROR 1166
ERROR 1169
ERROR 1171
ERROR 1174
ERROR 1175
ERROR 1178
ERROR 1180
ERROR 1185
ERROR 1187
ERROR 1195
ERROR 1198
ERROR 1199
ERROR 1200
ERROR 1203
ERROR 1205
ERROR 1206
ERROR 1208
ERROR 1211
ERROR 1213
ERROR 1214
ERROR 1216
ERROR 1217
ERROR 1219
ERROR 1220
ERROR 1222
ERROR 1224
ERROR 1227
ERROR 1228
ERROR 1232
ERROR 1233
ERROR 1234
ERROR 1235
ERROR 1237
ERROR 1238
ERROR 1245
ERROR 1247
ERROR 1248
ERROR 1252
ERROR 1254
ERROR 1255
ERROR 1256
ERROR 1257
ERROR 1261
ERROR 1262
ERROR 1265
ERROR 1267
ERROR 1268
ERROR 1271
ERROR 1272
ERROR 1274
ERROR 1278
ERROR 1280
ERROR 1281
ERROR 1282
ERROR 1285
ERROR 1287
ERROR 1288
ERROR 1289
ERROR 1292
ERROR 1294
ERROR 1296
ERROR 1298
ERROR 1301
ERROR 1305
ERROR 1306
ERROR 1308
ERROR 1310
ERROR 1312
ERROR 1314
ERROR 1315
ERROR 1317
ERROR 1318
ERROR 1323
ERROR 1325
ERROR 1327
ERROR 1328
ERROR 1329
ERROR 1330
ERROR 1331
ERROR 1333
ERROR 1335
ERROR 1336
ERROR 1337
ERROR 1342
ERROR 1343
ERROR 1344
ERROR 1346
ERROR 1347
ERROR 1348
ERROR 1350
ERROR 1351
ERROR 1352
ERROR 1356
ERROR 1358
ERROR 1361
ERROR 1363
ERROR 1367
ERROR 1370
ERROR 1372
ERROR 1373
ERROR 1374
ERROR 1375
ERROR 1376
ERROR 1378
ERROR 1379
ERROR 1380
ERROR 1381
ERROR 1382
ERROR 1387
ERROR 1395
ERROR 1400
ERROR 1401
ERROR 1403
ERROR 1404
ERROR 1405
ERROR 1406
ERROR 1407
ERROR 1409
ERROR 1411
ERROR 1420
ERROR 1422
ERROR 1423
ERROR 1427
ERROR 1429
ERROR 1430
ERROR 1433
ERROR 1434
ERROR 1435
ERROR 1438
ERROR 1439
ERROR 1440
ERROR 1442
ERROR 1443
ERROR 1447
ERROR 1450
ERROR 1452
ERROR 1454
ERROR 1457
ERROR 1458
ERROR 1459
ERROR 1462
ERROR 1463
ERROR 1464
ERROR 1465
ERROR 1466
ERROR 1467
ERROR 1472
ERROR 1473
ERROR 1474
ERROR 1475
ERROR 1477
ERROR 1479
ERROR 1480
ERROR 1481
ERROR 1483
ERROR 1486
ERROR 1487
ERROR 1488
ERROR 1489
ERROR 1490
ERROR 1492
ERROR 1493
ERROR 1494
ERROR 1495
ERROR 1498
ERROR 1499
ERROR 1500
ERROR 1501
ERROR 1503
ERROR 1504
ERROR 1505
ERROR 1507
ERROR 1510
ERROR 1511
ERROR 1513
ERROR 1514
ERROR 1516
ERROR 1517
ERROR 1521
ERROR 1523
ERROR 1525
ERROR 1526
ERROR 1528
ERROR 1529
ERROR 1531
ERROR 1532
ERROR 1533
ERROR 1535
ERROR 1536
ERROR 1540
ERROR 1542
ERROR 1543
ERROR 1546
ERROR 1547
ERROR 1551
ERROR 1552
ERROR 1556
ERROR 1557
ERROR 1558
ERROR 1559
ERROR 1560
ERROR 1561
ERROR 1562
ERROR 1563
ERROR 1564
ERROR 1565
ERROR 1568
ERROR 1572
ERROR 1575
ERROR 1576
ERROR 1577
ERROR 1578
ERROR 1579
ERROR 1586
ERROR 1588
ERROR 1590
ERROR 1597
ERROR 1599
ERROR 1601
ERROR 1602
ERROR 1603
ERROR 1604
ERROR 1606
ERROR 1610
ERROR 1612
ERROR 1613
ERROR 1615
ERROR 1616
ERROR 1619
ERROR 1620
ERROR 1621
ERROR 1624
ERROR 1627
ERROR 1630
ERROR 1631
ERROR 1632
ERROR 1635
ERROR 1637
ERROR 1639
ERROR 1641
ERROR 1642
ERROR 1643
ERROR 1644
ERROR 1645
ERROR 1647
ERROR 1651
ERROR 1655
ERROR 1657
ERROR 1658
ERROR 1664
ERROR 1665
ERROR 1666
ERROR 1667
ERROR 1672
ERROR 1674
ERROR 1675
ERROR 1676
ERROR 1677
ERROR 1678
ERROR 1680
ERROR 1681
ERROR 1683
ERROR 1685
ERROR 1688
ERROR 1692
ERROR 1693
ERROR 1695
ERROR 1698
ERROR 1701
ERROR 1702
ERROR 1704
ERROR 1707
ERROR 1708
ERROR 1709
ERROR 1710
ERROR 1711
ERROR 1712
ERROR 1715
ERROR 1718
ERROR 1723
ERROR 1725
ERROR 1728
ERROR 1730
ERROR 1735
ERROR 1736
ERROR 1737
ERROR 1740
ERROR 1741
ERROR 1749
ERROR 1751
ERROR 1752
ERROR 1756
ERROR 1757
ERROR 1763
ERROR 1768
ERROR 1771
ERROR 1773
ERROR 1776
ERROR 1777
ERROR 1790
ERROR 1792
ERROR 1795
ERROR 1802
ERROR 1805
ERROR 1806
ERROR 1807
ERROR 1810
ERROR 1812
ERROR 1814
ERROR 1815
ERROR 1817
ERROR 1818
ERROR 1819
ERROR 1820
ERROR 1822
ERROR 1823
ERROR 1825
ERROR 1826
ERROR 1827
ERROR 1831
ERROR 1833
ERROR 1836
ERROR 1839
ERROR 1840
ERROR 1841
ERROR 1844
ERROR 1845
ERROR 1847
ERROR 1848
ERROR 1849
ERROR 1851
ERROR 1852
ERROR 1854
ERROR 1857
ERROR 1858
ERROR 1861
ERROR 1862
ERROR 1863
ERROR 1865
ERROR 1868
