









136;city239;408;467;city155;252;322;city197;9;129;city283;228;170;city196;217;479;city94;119;89;city253;299;414;city157;442;26;city220;355;150;city198;401;65;city158;462;191;city213;18;239;city124;115;305;city257;151;446;city286;137;26;city148






136;city239;408;467;city155;252;322;city197;9;129;city283;228;170;city196;217;479;city94;119;89;city253;299;414;city157;442;26;city220;355;150;city198;401;65;city158;462;191;city213;18;239;city124;115;305;city257;151;446;city286;137;26;city148



136;city239;408;467;city155;252;322;city197;9;129;city283;228;170;city196;217;479;city94;119;89;city253;299;414;city157;442;26;city220;355;150;city198;401;65;city158;462;191;city213;18;239;city124;115;305;city257;151;446;city286;137;26;city148

135;city152;165;65;city195;139;123;city180;284;60;city283;281;426;city123;2;228;city165;192;255;city174;407;438;city66;356;117;city220;368;52;city286


167;city113;308;179;city297;170;377;city52;82;384;city251;92;382;city225;21;47;city136;260;374;city290;278;215;city83;217;102;city60;414;392;city165;242;107;city212;88;220;city249;411;488;city276


174;city53;369;241;city188;243;282;city299;455;249;city232;353;375;city212

167;city113;308;179;city297;170;377;city52;82;384;city251;92;382;city225;21;47;city136;260;374;city290;278;215;city83;217;102;city60;414;392;city165;242;107;city212;88;220;city249;411;488;city276

135;city152;165;65;city195;139;123;city180;284;60;city283;281;426;city123;2;228;city165;192;255;city174;407;438;city66;356;117;city220;368;52;city286
140;city281;4;47;city190
147;city100;252;29;city216;488;98;city294;7;392;city116;367;332;city53;360;108;city117;245;326;city226;348;481;city160
167;city113;308;179;city297;170;377;city52;82;384;city251;92;382;city225;21;47;city136;260;374;city290;278;215;city83;217;102;city60;414;392;city165;242;107;city212;88;220;city249;411;488;city276
147;city100;252;29;city216;488;98;city294;7;392;city116;367;332;city53;360;108;city117;245;326;city226;348;481;city160
140;city281;4;47;city190
150;city77;218;28;city149;245;91;city89;73;55;city266;255;209;city118;115;440;city199;465;28;city182;406;470;city82;380;269;city78;211;347;city232


158;city266;479;369;city239;464;141;city279;247;471;city262;102;464;city257;164;306;city181;94;229;city187;281;112;city123;327;22;city146;125;455;city58;420;371;city126;264;428;city52;155;122;city83;56;361;city275;269;383;city100;15;159;city67;122;292;city136;190;117;city94

167;city113;308;179;city297;170;377;city52;82;384;city251;92;382;city225;21;47;city136;260;374;city290;278;215;city83;217;102;city60;414;392;city165;242;107;city212;88;220;city249;411;488;city276



148;city102;349;77;city91;300;452;city169;231;420;city89;208;310;city70;272;145;city60;356;286;city156;241;486;city240;125;76;city292;284;163;city213;200;327;city175
171;city234;16;208;city256;363;206;city161
138;city218;259;391;city139;479;225;city93;352;449;city222;69;24;city116;487;142;city63;269;156;city67;179;216;city212;7;351;city197;430;40;city159;306;219;city125;406;343;city66;118;418;city73

160;city144;488;42;city93;358;25;city90;130;484;city112;367;190;city207;240;167;city237;83;304;city57;203;381;city84;383;398;city101;459;290;city293;210;93;city122;266;300;city259;102;342;city124;499;302;city299;394;69;city151;153;78;city269;97;214;city146;34;349;city149;93;394;city212
159;city219;486;69;city297;7;113;city204;53;304;city261;289;383;city115;20;233;city85;418;78;city188;424;404;city127;268;60;city223;424;144;city94;142;45;city266;72;352;city220;476;38;city221;215;238;city105;341;402;city137;6;356;city284
165;city142;65;294;city203;405;333;city100;486;296;city224



150;city77;218;28;city149;245;91;city89;73;55;city266;255;209;city118;115;440;city199;465;28;city182;406;470;city82;380;269;city78;211;347;city232
165;city142;65;294;city203;405;333;city100;486;296;city224
155;city53;453;149;city84;384;1761;city189;446;300;city195;108;259;city238;328;46;city75;252;289;city215;454;268;city201;463;492;city113;413;298;city72


144;city70;495;87;city228;274;210;city217;153;407;city182;130;218;city120;148;315;city264;309;490;city107;196;425;city115;4;330;city82;408;213;city164;240;331;city87
158;city266;479;369;city239;464;141;city279;247;471;city262;102;464;city257;164;306;city181;94;229;city187;281;112;city123;327;22;city146;125;455;city58;420;371;city126;264;428;city52;155;122;city83;56;361;city275;269;383;city100;15;159;city67;122;292;city136;190;117;city94

135;city152;165;65;city195;139;123;city180;284;60;city283;281;426;city123;2;228;city165;192;255;city174;407;438;city66;356;117;city220;368;52;city286
173;city194;49;368;city202;136;161;city141;192;180;city174;208;302;city129;470;99;city53;206;148;city93;392;177;city233;17;428;city276
161;city192;333;254;city234;454;197;city244;92;118;city169;99;431;city211;210;487;city270;199;123;city191;424;212;city256;452;443;city120;5;309;city254;86;356;city59;416;468;city158

126;city137;83;177;city266;267;238;city298;437;88;city245;491;28;city296;482;128;city182;276;470;city91;94;8;city234
129;city253;261;214;city251;50;188;city105;410;102;city99;181;58;city187;167;369;city60

174;city53;369;241;city188;243;282;city299;455;249;city232;353;375;city212

153;city230;245;395;city82;404;24;city197;173;235;city122;217;171;city146;430;280;city107;67;422;city192;389;194;city202
159;city219;486;69;city297;7;113;city204;53;304;city261;289;383;city115;20;233;city85;418;78;city188;424;404;city127;268;60;city223;424;144;city94;142;45;city266;72;352;city220;476;38;city221;215;238;city105;341;402;city137;6;356;city284
154;city279;268;202;city226;408;46;city134;247;376;city191;145;157;city223;353;123;city204;139;211;city98;3;313;city207;197;307;city154;432;121;city294;360;469;city258;394;210;city205;127;249;city165;165;372;city103;43;73;city198;393;432;city263

140;city281;4;47;city190
138;city218;259;391;city139;479;225;city93;352;449;city222;69;24;city116;487;142;city63;269;156;city67;179;216;city212;7;351;city197;430;40;city159;306;219;city125;406;343;city66;118;418;city73
126;city137;83;177;city266;267;238;city298;437;88;city245;491;28;city296;482;128;city182;276;470;city91;94;8;city234

142;city243;364;188;city251;488;268;city276;127;24;city82;178;265;city293;316;125;city211;136;73;city202;285;381;city147;385;343;city183;451;314;city196;471;144;city258;285;95;city96
166;city216;48;8;city67;268;62;city142;298;306;city143;141;169;city292;74;66;city107;215;188;city242;470;204;city60;104;268;city241;211;34;city106;15;455;city261;484;74;city221;132;87;city110;374;497;city238;318;369;city97;344;329;city189;127;439;city158;385;235;city164;95;304;city91;326;214;city86
142;city243;364;188;city251;488;268;city276;127;24;city82;178;265;city293;316;125;city211;136;73;city202;285;381;city147;385;343;city183;451;314;city196;471;144;city258;285;95;city96
149;city80;405;193;city65;131;208;city75;326;48;city297;118;21;city81;205;219;city212;395;79;city260;414;408;city279;185;186;city288;119;275;city63;140;278;city102;271;285;city269;13;496;city121;432;176;city56;219;102;city294;108;143;city214
147;city100;252;29;city216;488;98;city294;7;392;city116;367;332;city53;360;108;city117;245;326;city226;348;481;city160
169;city192;164;382;city122;194;399;city249;124;397;city181;3;57;city157;374;94;city129;431;87;city261;212;306;city186;161;117;city172;380;210;city133;55;346;city130;148;439;city272;252;401;city71;348;381;city120;102;374;city123;158;389;city128
134;city243;141;34;city194;166;352;city231;410;248;city73;211;389;city213;494;417;city61;330;147;city97;389;296;city145;252;49;city242;363;452;city234;34;447;city280;311;495;city266;324;70;city252;234;463;city201;264;271;city284
158;city266;479;369;city239;464;141;city279;247;471;city262;102;464;city257;164;306;city181;94;229;city187;281;112;city123;327;22;city146;125;455;city58;420;371;city126;264;428;city52;155;122;city83;56;361;city275;269;383;city100;15;159;city67;122;292;city136;190;117;city94
162;city271;297;336;city210;425;246;city288
138;city218;259;391;city139;479;225;city93;352;449;city222;69;24;city116;487;142;city63;269;156;city67;179;216;city212;7;351;city197;430;40;city159;306;219;city125;406;343;city66;118;418;city73
173;city194;49;368;city202;136;161;city141;192;180;city174;208;302;city129;470;99;city53;206;148;city93;392;177;city233;17;428;city276
136;city239;408;467;city155;252;322;city197;9;129;city283;228;170;city196;217;479;city94;119;89;city253;299;414;city157;442;26;city220;355;150;city198;401;65;city158;462;191;city213;18;239;city124;115;305;city257;151;446;city286;137;26;city148
174;city53;369;241;city188;243;282;city299;455;249;city232;353;375;city212
138;city218;259;391;city139;479;225;city93;352;449;city222;69;24;city116;487;142;city63;269;156;city67;179;216;city212;7;351;city197;430;40;city159;306;219;city125;406;343;city66;118;418;city73
140;city281;4;47;city190
155;city53;453;149;city84;384;1761;city189;446;300;city195;108;259;city238;328;46;city75;252;289;city215;454;268;city201;463;492;city113;413;298;city72
145;city188;389;240;city185;260;101;city175;124;57;city128;212;269;city257;25;361;city146;370;478;city109;253;205;city77;239;9;city131;356;380;city248
149;city80;405;193;city65;131;208;city75;326;48;city297;118;21;city81;205;219;city212;395;79;city260;414;408;city279;185;186;city288;119;275;city63;140;278;city102;271;285;city269;13;496;city121;432;176;city56;219;102;city294;108;143;city214
132;city76;295;304;city79

143;city265;62;491;city54;400;308;city206;246;33;city76;401;460;city163;194;232;city223;389;144;city77;453;206;city132;110;121;city197;221;184;city267;47;286;city98;343;56;city234;86;372;city297;271;445;city174;86;250;city159;383;468;city167;325;471;city181;425;90;city279;92;5;city73
136;city239;408;467;city155;252;322;city197;9;129;city283;228;170;city196;217;479;city94;119;89;city253;299;414;city157;442;26;city220;355;150;city198;401;65;city158;462;191;city213;18;239;city124;115;305;city257;151;446;city286;137;26;city148
164;city244;93;46;city173;8;485;city145;162;287;city164;500;368;city200
170;city110;471;26;city61;175;445;city225;124;12;city266;180;361;city77;157;298;city178;88;315;city171;230;400;city106;230;375;city189;23;492;city112;429;169;city82;176;273;city198;339;421;city101;471;115;city209;12;419;city113;223;465;city294;472;4;city60
162;city271;297;336;city210;425;246;city288
149;city80;405;193;city65;131;208;city75;326;48;city297;118;21;city81;205;219;city212;395;79;city260;414;408;city279;185;186;city288;119;275;city63;140;278;city102;271;285;city269;13;496;city121;432;176;city56;219;102;city294;108;143;city214
171;city234;16;208;city256;363;206;city161
145;city188;389;240;city185;260;101;city175;124;57;city128;212;269;city257;25;361;city146;370;478;city109;253;205;city77;239;9;city131;356;380;city248


142;city243;364;188;city251;488;268;city276;127;24;city82;178;265;city293;316;125;city211;136;73;city202;285;381;city147;385;343;city183;451;314;city196;471;144;city258;285;95;city96
127;city216;307;25;city95;468;345;city205;5;271;city158;68;497;city135;223;253;city117;103;404;city192;118;320;city222;499;473;city298;111;420;city226;69;375;city136;117;73;city177;314;43;city152;123;121;city264;51;28;city66;438;187;city75;47;416;city191;142;155;city268;450;234;city52;96;194;city266
135;city152;165;65;city195;139;123;city180;284;60;city283;281;426;city123;2;228;city165;192;255;city174;407;438;city66;356;117;city220;368;52;city286
172;city199;194;292;city238;245;57;city213;118;83;city230;62;329;city141;200;477;city169;287;87;city172;217;270;city261;184;148;city157;194;332;city54;410;166;city221;293;308;city70;115;158;city288;344;4576;city217;90;249;city184;309;396;city218;341;353;city177;150;13;city50;86;127;city147
155;city53;453;149;city84;384;1761;city189;446;300;city195;108;259;city238;328;46;city75;252;289;city215;454;268;city201;463;492;city113;413;298;city72
172;city199;194;292;city238;245;57;city213;118;83;city230;62;329;city141;200;477;city169;287;87;city172;217;270;city261;184;148;city157;194;332;city54;410;166;city221;293;308;city70;115;158;city288;344;4576;city217;90;249;city184;309;396;city218;341;353;city177;150;13;city50;86;127;city147
151;city246;107;167;city210;180;350;city270;89;395;city50;184;176;city88
169;city192;164;382;city122;194;399;city249;124;397;city181;3;57;city157;374;94;city129;431;87;city261;212;306;city186;161;117;city172;380;210;city133;55;346;city130;148;439;city272;252;401;city71;348;381;city120;102;374;city123;158;389;city128
153;city230;245;395;city82;404;24;city197;173;235;city122;217;171;city146;430;280;city107;67;422;city192;389;194;city202
164;city244;93;46;city173;8;485;city145;162;287;city164;500;368;city200
163;city261;262;476;city176;99;221;city173;192;339;city136;265;178;city114;343;315;city134;86;96;city219;472;32;city58;165;454;city288;36;10;city87;118;500;city141;361;295;city192;294;371;city81;112;137;city197;261;358;city106;71;39;city200;129;267;city104;372;174;city169;488;98;city98
136;city239;408;467;city155;252;322;city197;9;129;city283;228;170;city196;217;479;city94;119;89;city253;299;414;city157;442;26;city220;355;150;city198;401;65;city158;462;191;city213;18;239;city124;115;305;city257;151;446;city286;137;26;city148
137;city282;338;389;city185
170;city110;471;26;city61;175;445;city225;124;12;city266;180;361;city77;157;298;city178;88;315;city171;230;400;city106;230;375;city189;23;492;city112;429;169;city82;176;273;city198;339;421;city101;471;115;city209;12;419;city113;223;465;city294;472;4;city60
159;city219;486;69;city297;7;113;city204;53;304;city261;289;383;city115;20;233;city85;418;78;city188;424;404;city127;268;60;city223;424;144;city94;142;45;city266;72;352;city220;476;38;city221;215;238;city105;341;402;city137;6;356;city284
162;city271;297;336;city210;425;246;city288
144;city70;495;87;city228;274;210;city217;153;407;city182;130;218;city120;148;315;city264;309;490;city107;196;425;city115;4;330;city82;408;213;city164;240;331;city87
168;city205;322;105;city100;401;89;city121;394;141;city147;403;50;city259;155;204;city60;221;273;city87;437;37;city279;364;189;city113;409;200;city191;466;62;city129;6;188;city294;45;345;city71;288;55;city150;451;417;city140;302;367;city130;466;15;city171
162;city271;297;336;city210;425;246;city288

148;city102;349;77;city91;300;452;city169;231;420;city89;208;310;city70;272;145;city60;356;286;city156;241;486;city240;125;76;city292;284;163;city213;200;327;city175
125;city132;470;438;city292;304;201;city221;337;91;city282;94;62;city144;431;129;city237;50;447;city136;489;229;city78;225;469;city283;112;132;city209;300;264;city80;219;179;city273;270;392;city125;139;363;city295
157;city75;257;395;city198;14;145;city276;483;470;city292;51;348;city239;241;414;city66;148;499;city238;407;333;city99;149;34;city227;314;38;city289;373;8;city192;2;105;city295;435;340;city232;381;399;city241;13;222;city93;79;480;city252;65;472;city230;338;483;city181;272;379;city57
128;city72;500;327;city51;393;381;city172;193;406;city166;42;202;city168;182;357;city92;229;343;city196;160;418;city63;283;137;city184
158;city266;479;369;city239;464;141;city279;247;471;city262;102;464;city257;164;306;city181;94;229;city187;281;112;city123;327;22;city146;125;455;city58;420;371;city126;264;428;city52;155;122;city83;56;361;city275;269;383;city100;15;159;city67;122;292;city136;190;117;city94
150;city77;218;28;city149;245;91;city89;73;55;city266;255;209;city118;115;440;city199;465;28;city182;406;470;city82;380;269;city78;211;347;city232
167;city113;308;179;city297;170;377;city52;82;384;city251;92;382;city225;21;47;city136;260;374;city290;278;215;city83;217;102;city60;414;392;city165;242;107;city212;88;220;city249;411;488;city276
132;city76;295;304;city79
131;city212;218;455;city248;114;110;city105;204;94;city57;110;229;city121;218;235;city239;342;132;city188;386;161;city122;318;255;city159;74;289;city84;315;164;city71;444;472;city94
154;city279;268;202;city226;408;46;city134;247;376;city191;145;157;city223;353;123;city204;139;211;city98;3;313;city207;197;307;city154;432;121;city294;360;469;city258;394;210;city205;127;249;city165;165;372;city103;43;73;city198;393;432;city263
161;city192;333;254;city234;454;197;city244;92;118;city169;99;431;city211;210;487;city270;199;123;city191;424;212;city256;452;443;city120;5;309;city254;86;356;city59;416;468;city158
136;city239;408;467;city155;252;322;city197;9;129;city283;228;170;city196;217;479;city94;119;89;city253;299;414;city157;442;26;city220;355;150;city198;401;65;city158;462;191;city213;18;239;city124;115;305;city257;151;446;city286;137;26;city148
132;city76;295;304;city79
167;city113;308;179;city297;170;377;city52;82;384;city251;92;382;city225;21;47;city136;260;374;city290;278;215;city83;217;102;city60;414;392;city165;242;107;city212;88;220;city249;411;488;city276
150;city77;218;28;city149;245;91;city89;73;55;city266;255;209;city118;115;440;city199;465;28;city182;406;470;city82;380;269;city78;211;347;city232
162;city271;297;336;city210;425;246;city288
130;city129;369;317;city96;377;59;city143;24;73;city194;418;372;city97;117;436;city200;462;381;city151;486;53;city236;239;66;city67;52;252;city132;258;85;city113;60;129;city192;189;187;city197;172;115;city154;82;170;city193;433;112;city104;173;477;city177;60;133;city237;468;81;city275
165;city142;65;294;city203;405;333;city100;486;296;city224
134;city243;141;34;city194;166;352;city231;410;248;city73;211;389;city213;494;417;city61;330;147;city97;389;296;city145;252;49;city242;363;452;city234;34;447;city280;311;495;city266;324;70;city252;234;463;city201;264;271;city284
162;city271;297;336;city210;425;246;city288
174;city53;369;241;city188;243;282;city299;455;249;city232;353;375;city212
166;city216;48;8;city67;268;62;city142;298;306;city143;141;169;city292;74;66;city107;215;188;city242;470;204;city60;104;268;city241;211;34;city106;15;455;city261;484;74;city221;132;87;city110;374;497;city238;318;369;city97;344;329;city189;127;439;city158;385;235;city164;95;304;city91;326;214;city86
138;city218;259;391;city139;479;225;city93;352;449;city222;69;24;city116;487;142;city63;269;156;city67;179;216;city212;7;351;city197;430;40;city159;306;219;city125;406;343;city66;118;418;city73
141;city208;231;210;city201;41;65;city177;279;365;city180;490;390;city134;163;319;city82;417;55;city97
161;city192;333;254;city234;454;197;city244;92;118;city169;99;431;city211;210;487;city270;199;123;city191;424;212;city256;452;443;city120;5;309;city254;86;356;city59;416;468;city158
144;city70;495;87;city228;274;210;city217;153;407;city182;130;218;city120;148;315;city264;309;490;city107;196;425;city115;4;330;city82;408;213;city164;240;331;city87
125;city132;470;438;city292;304;201;city221;337;91;city282;94;62;city144;431;129;city237;50;447;city136;489;229;city78;225;469;city283;112;132;city209;300;264;city80;219;179;city273;270;392;city125;139;363;city295
171;city234;16;208;city256;363;206;city161
136;city239;408;467;city155;252;322;city197;9;129;city283;228;170;city196;217;479;city94;119;89;city253;299;414;city157;442;26;city220;355;150;city198;401;65;city158;462;191;city213;18;239;city124;115;305;city257;151;446;city286;137;26;city148
170;city110;471;26;city61;175;445;city225;124;12;city266;180;361;city77;157;298;city178;88;315;city171;230;400;city106;230;375;city189;23;492;city112;429;169;city82;176;273;city198;339;421;city101;471;115;city209;12;419;city113;223;465;city294;472;4;city60
170;city110;471;26;city61;175;445;city225;124;12;city266;180;361;city77;157;298;city178;88;315;city171;230;400;city106;230;375;city189;23;492;city112;429;169;city82;176;273;city198;339;421;city101;471;115;city209;12;419;city113;223;465;city294;472;4;city60
172;city199;194;292;city238;245;57;city213;118;83;city230;62;329;city141;200;477;city169;287;87;city172;217;270;city261;184;148;city157;194;332;city54;410;166;city221;293;308;city70;115;158;city288;344;4576;city217;90;249;city184;309;396;city218;341;353;city177;150;13;city50;86;127;city147
134;city243;141;34;city194;166;352;city231;410;248;city73;211;389;city213;494;417;city61;330;147;city97;389;296;city145;252;49;city242;363;452;city234;34;447;city280;311;495;city266;324;70;city252;234;463;city201;264;271;city284
141;city208;231;210;city201;41;65;city177;279;365;city180;490;390;city134;163;319;city82;417;55;city97
134;city243;141;34;city194;166;352;city231;410;248;city73;211;389;city213;494;417;city61;330;147;city97;389;296;city145;252;49;city242;363;452;city234;34;447;city280;311;495;city266;324;70;city252;234;463;city201;264;271;city284
141;city208;231;210;city201;41;65;city177;279;365;city180;490;390;city134;163;319;city82;417;55;city97
168;city205;322;105;city100;401;89;city121;394;141;city147;403;50;city259;155;204;city60;221;273;city87;437;37;city279;364;189;city113;409;200;city191;466;62;city129;6;188;city294;45;345;city71;288;55;city150;451;417;city140;302;367;city130;466;15;city171
125;city132;470;438;city292;304;201;city221;337;91;city282;94;62;city144;431;129;city237;50;447;city136;489;229;city78;225;469;city283;112;132;city209;300;264;city80;219;179;city273;270;392;city125;139;363;city295

140;city281;4;47;city190
161;city192;333;254;city234;454;197;city244;92;118;city169;99;431;city211;210;487;city270;199;123;city191;424;212;city256;452;443;city120;5;309;city254;86;356;city59;416;468;city158
165;city142;65;294;city203;405;333;city100;486;296;city224
165;city142;65;294;city203;405;333;city100;486;296;city224
127;city216;307;25;city95;468;345;city205;5;271;city158;68;497;city135;223;253;city117;103;404;city192;118;320;city222;499;473;city298;111;420;city226;69;375;city136;117;73;city177;314;43;city152;123;121;city264;51;28;city66;438;187;city75;47;416;city191;142;155;city268;450;234;city52;96;194;city266
163;city261;262;476;city176;99;221;city173;192;339;city136;265;178;city114;343;315;city134;86;96;city219;472;32;city58;165;454;city288;36;10;city87;118;500;city141;361;295;city192;294;371;city81;112;137;city197;261;358;city106;71;39;city200;129;267;city104;372;174;city169;488;98;city98
128;city72;500;327;city51;393;381;city172;193;406;city166;42;202;city168;182;357;city92;229;343;city196;160;418;city63;283;137;city184
155;city53;453;149;city84;384;1761;city189;446;300;city195;108;3828;city238;328;46;city75;252;289;city215;454;268;city201;463;492;city113;413;298;city72
141;city208;231;210;city201;41;65;city177;279;365;city180;490;390;city134;163;319;city82;417;55;city97
131;city212;218;455;city248;114;110;city105;204;94;city57;110;229;city121;218;235;city239;342;132;city188;386;161;city122;318;255;city159;74;289;city84;315;164;city71;444;472;city94
173;city194;49;368;city202;136;161;city141;192;180;city174;208;302;city129;470;99;city53;206;148;city93;392;177;city233;17;428;city276

132;city76;295;304;city79
167;city113;308;179;city297;170;377;city52;82;384;city251;92;382;city225;21;47;city136;260;374;city290;278;215;city83;217;102;city60;414;392;city165;242;107;city212;88;220;city249;411;488;city276
129;city253;261;214;city251;50;188;city105;410;102;city99;181;58;city187;167;369;city60
163;city261;262;476;city176;99;221;city173;192;339;city136;265;178;city114;343;315;city134;86;96;city219;472;32;city58;165;454;city288;36;10;city87;118;500;city141;361;295;city192;294;371;city81;112;137;city197;261;358;city106;71;39;city200;129;267;city104;372;174;city169;488;98;city98
157;city75;257;395;city198;14;145;city276;483;470;city292;51;348;city239;241;414;city66;148;499;city238;407;333;city99;149;34;city227;314;38;city289;373;8;city192;2;105;city295;435;340;city232;381;399;city241;13;222;city93;79;480;city252;65;472;city230;338;483;city181;272;379;city57
168;city205;322;105;city100;401;89;city121;394;141;city147;403;50;city259;155;204;city60;221;273;city87;437;37;city279;364;189;city113;409;200;city191;466;62;city129;6;188;city294;45;345;city71;288;55;city150;451;417;city140;302;367;city130;466;15;city171
144;city70;495;87;city228;274;210;city217;153;407;city182;130;218;city120;148;315;city264;309;490;city107;196;425;city115;4;330;city82;408;213;city164;240;331;city87
132;city76;295;304;city79
161;city192;333;254;city234;454;197;city244;92;118;city169;99;431;city211;210;487;city270;199;123;city191;424;212;city256;452;443;city120;5;309;city254;86;356;city59;416;468;city158
129;city253;261;214;city251;50;188;city105;410;102;city99;181;58;city187;167;369;city60
131;city212;218;455;city248;114;110;city105;204;94;city57;110;229;city121;218;235;city239;342;132;city188;386;161;city122;318;255;city159;74;289;city84;315;164;city71;444;472;city94
146;city292;256;223;city156;483;409;city76;342;75;city207;236;239;city79;124;252;city136;130;225;city64;196;135;city185;124;313;city164;271;130;city288;157;130;city98;172;111;city274;246;266;city245;318;9;city269;439;356;city157;465;62;city82;309;110;city113
148;city102;349;77;city91;300;452;city169;231;420;city89;208;310;city70;272;145;city60;356;286;city156;241;486;city240;125;76;city292;284;163;city213;200;327;city175
160;city144;488;42;city93;358;25;city90;130;484;city112;367;190;city207;240;167;city237;83;304;city57;203;381;city84;383;398;city101;459;290;city293;210;93;city122;266;300;city259;102;342;city124;499;302;city299;394;69;city151;153;78;city269;97;214;city146;34;349;city149;93;394;city212
168;city205;322;105;city100;401;89;city121;394;141;city147;403;50;city259;155;204;city60;221;273;city87;437;37;city279;364;189;city113;409;200;city191;466;62;city129;6;188;city294;45;345;city71;288;55;city150;451;417;city140;302;367;city130;466;15;city171
149;city80;405;193;city65;131;208;city75;326;48;city297;118;21;city81;205;219;city212;395;79;city260;414;408;city279;185;186;city288;119;275;city63;140;278;city102;271;285;city269;13;496;city121;432;176;city56;219;102;city294;108;143;city214
128;city72;500;327;city51;393;381;city172;193;406;city166;42;202;city168;182;357;city92;229;343;city196;160;418;city63;283;137;city184
162;city271;297;336;city210;425;246;city288
141;city208;231;210;city201;41;65;city177;279;365;city180;490;390;city134;163;319;city82;417;55;city97
140;city281;4;47;city190
132;city76;295;304;city79
140;city281;4;47;city190
165;city142;65;294;city203;405;333;city100;486;296;city224
171;city234;16;208;city256;363;206;city161
158;city266;479;369;city239;464;141;city279;247;471;city262;102;464;city257;164;306;city181;94;229;city187;281;112;city123;327;22;city146;125;455;city58;420;371;city126;264;428;city52;155;122;city83;56;361;city275;269;383;city100;15;159;city67;122;292;city136;190;117;city94
138;city218;259;391;city139;479;225;city93;352;449;city222;69;24;city116;487;142;city63;269;156;city67;179;216;city212;7;351;city197;430;40;city159;306;219;city125;406;343;city66;118;418;city73
161;city192;333;254;city234;454;197;city244;92;118;city169;99;431;city211;210;487;city270;199;123;city191;424;212;city256;452;443;city120;5;309;city254;86;356;city59;416;468;city158
147;city100;252;29;city216;488;98;city294;7;392;city116;367;332;city53;360;108;city117;245;326;city226;348;481;city160
157;city75;257;395;city198;14;145;city276;483;470;city292;51;348;city239;241;414;city66;148;499;city238;407;333;city99;149;34;city227;314;38;city289;373;8;city192;2;105;city295;435;340;city232;381;399;city241;13;222;city93;79;480;city252;65;472;city230;338;483;city181;272;379;city57
159;city219;486;69;city297;7;113;city204;53;304;city261;289;383;city115;20;233;city85;418;78;city188;424;404;city127;268;60;city223;424;144;city94;142;45;city266;72;352;city220;476;38;city221;215;238;city105;341;402;city137;6;356;city284
134;city243;141;34;city194;166;352;city231;410;248;city73;211;389;city213;494;417;city61;330;147;city97;389;296;city145;252;49;city242;363;452;city234;34;447;city280;311;495;city266;324;70;city252;234;463;city201;264;271;city284
150;city77;218;28;city149;245;91;city89;73;55;city266;255;209;city118;115;440;city199;465;28;city182;406;470;city82;380;269;city78;211;347;city232
152;city177;63;26;city256;16;436;city93;136;283;city149

160;city144;488;42;city93;358;25;city90;130;484;city112;367;190;city207;240;167;city237;83;304;city57;203;381;city84;383;398;city101;459;290;city293;210;93;city122;266;300;city259;102;342;city124;499;302;city299;394;69;city151;153;78;city269;97;214;city146;34;349;city149;93;394;city212
152;city177;63;26;city256;16;436;city93;136;283;city149

136;city239;408;467;city155;252;322;city197;9;129;city283;228;170;city196;217;479;city94;119;89;city253;299;414;city157;442;26;city220;355;150;city198;401;65;city158;462;191;city213;18;239;city124;115;305;city257;151;446;city286;137;26;city148
162;city271;297;336;city210;425;246;city288
164;city244;93;46;city173;8;485;city145;162;287;city164;500;368;city200
165;city142;65;294;city203;405;333;city100;486;296;city224
137;city282;338;389;city185
169;city192;164;382;city122;194;399;city249;124;397;city181;3;57;city157;374;94;city129;431;87;city261;212;306;city186;161;117;city172;380;210;city133;55;346;city130;148;439;city272;252;401;city71;348;381;city120;102;374;city123;158;389;city128
131;city212;218;455;city248;114;110;city105;204;94;city57;110;229;city121;218;235;city239;342;132;city188;386;161;city122;318;255;city159;74;289;city84;315;164;city71;444;472;city94
127;city216;307;25;city95;468;345;city205;5;271;city158;68;497;city135;223;253;city117;103;404;city192;118;320;city222;499;473;city298;111;420;city226;69;375;city136;117;73;city177;314;43;city152;123;121;city264;51;28;city66;438;187;city75;47;416;city191;142;155;city268;450;234;city52;96;194;city266
133;city150;380;194;city210;251;297;city84;238;183;city95;236;255;city112;96;315;city184
165;city142;65;294;city203;405;333;city100;486;296;city224
140;city281;4;47;city190
145;city188;389;240;city185;260;101;city175;124;57;city128;212;269;city257;25;361;city146;370;478;city109;253;205;city77;239;9;city131;356;380;city248
171;city234;16;208;city256;363;206;city161

164;city244;93;46;city173;8;485;city145;162;287;city164;500;368;city200
147;city100;252;29;city216;488;98;city294;7;392;city116;367;332;city53;360;108;city117;245;326;city226;348;481;city160
128;city72;500;327;city51;393;381;city172;193;406;city166;42;202;city168;182;357;city92;229;343;city196;160;418;city63;283;137;city184
137;city282;338;389;city185
155;city53;453;149;city84;384;1761;city189;446;300;city195;108;3828;city238;328;46;city75;252;289;city215;454;268;city201;463;492;city113;413;298;city72
157;city75;257;395;city198;14;145;city276;483;470;city292;51;348;city239;241;414;city66;148;499;city238;407;333;city99;149;34;city227;314;38;city289;373;8;city192;2;105;city295;435;340;city232;381;399;city241;13;222;city93;79;480;city252;65;472;city230;338;483;city181;272;379;city57
160;city144;488;42;city93;358;25;city90;130;484;city112;367;190;city207;240;167;city237;83;304;city57;203;381;city84;383;398;city101;459;290;city293;210;93;city122;266;300;city259;102;342;city124;499;302;city299;394;69;city151;153;78;city269;97;214;city146;34;349;city149;93;394;city212
150;city77;218;28;city149;245;91;city89;73;55;city266;255;209;city118;115;440;city199;465;28;city182;406;470;city82;380;269;city78;211;347;city232
156;city155;378;300;city141
129;city253;261;214;city251;50;188;city105;410;102;city99;181;58;city187;167;369;city60
128;city72;500;327;city51;393;381;city172;193;406;city166;42;202;city168;182;357;city92;229;343;city196;160;418;city63;283;137;city184
170;city110;471;26;city61;175;445;city225;124;12;city266;180;361;city77;157;298;city178;88;315;city171;230;400;city106;230;375;city189;23;492;city112;429;169;city82;176;273;city198;339;421;city101;471;115;city209;12;419;city113;223;465;city294;472;4;city60
173;city194;49;368;city202;136;161;city141;192;180;city174;208;302;city129;470;99;city53;206;148;city93;392;177;city233;17;428;city276
131;city212;218;455;city248;114;110;city105;204;94;city57;110;229;city121;218;235;city239;342;132;city188;386;161;city122;318;255;city159;74;289;city84;315;164;city71;444;472;city94
148;city102;349;77;city91;300;452;city169;231;420;city89;208;310;city70;272;145;city60;356;286;city156;241;486;city240;125;76;city292;284;163;city213;200;327;city175
146;city292;256;223;city156;483;409;city76;342;75;city207;236;239;city79;124;252;city136;130;225;city64;196;135;city185;124;313;city164;271;130;city288;157;130;city98;172;111;city274;246;266;city245;318;9;city269;439;356;city157;465;62;city82;309;110;city113
163;city261;262;476;city176;99;221;city173;192;339;city136;265;178;city114;343;315;city134;86;96;city219;472;32;city58;165;454;city288;36;10;city87;118;500;city141;361;295;city192;294;371;city81;112;137;city197;261;358;city106;71;39;city200;129;267;city104;372;174;city169;488;98;city98
162;city271;297;336;city210;425;246;city288
173;city194;49;368;city202;136;161;city141;192;180;city174;208;302;city129;470;99;city53;206;148;city93;392;177;city233;17;428;city276
162;city271;297;336;city210;425;246;city288
172;city199;194;292;city238;245;57;city213;118;83;city230;62;329;city141;200;477;city169;287;87;city172;217;270;city261;184;4988;city157;194;332;city54;410;166;city221;293;308;city70;115;158;city288;344;4576;city217;90;249;city184;309;396;city218;341;353;city177;150;13;city50;86;127;city147

163;city261;262;476;city176;99;221;city173;192;339;city136;265;178;city114;343;315;city134;86;96;city219;472;32;city58;165;454;city288;36;10;city87;118;500;city141;361;295;city192;294;371;city81;112;137;city197;261;358;city106;71;39;city200;129;267;city104;372;174;city169;488;98;city98
155;city53;453;149;city84;384;1761;city189;446;300;city195;108;3828;city238;328;46;city75;252;289;city215;454;268;city201;463;492;city113;413;298;city72
133;city150;380;194;city210;251;297;city84;238;183;city95;236;255;city112;96;315;city184
163;city261;262;476;city176;99;221;city173;192;339;city136;265;178;city114;343;315;city134;86;96;city219;472;32;city58;165;454;city288;36;10;city87;118;500;city141;361;295;city192;294;371;city81;112;137;city197;261;358;city106;71;39;city200;129;267;city104;372;174;city169;488;98;city98
158;city266;479;369;city239;464;141;city279;247;471;city262;102;464;city257;164;306;city181;94;229;city187;281;112;city123;327;22;city146;125;455;city58;420;371;city126;264;428;city52;155;122;city83;56;361;city275;269;383;city100;15;159;city67;122;292;city136;190;117;city94
149;city80;405;193;city65;131;208;city75;326;48;city297;118;21;city81;205;219;city212;395;79;city260;414;408;city279;185;186;city288;119;275;city63;140;278;city102;271;285;city269;13;496;city121;432;176;city56;219;102;city294;108;143;city214
147;city100;252;29;city216;488;98;city294;7;392;city116;367;332;city53;360;108;city117;245;326;city226;348;481;city160
150;city77;218;28;city149;245;91;city89;73;55;city266;255;209;city118;115;440;city199;465;28;city182;406;470;city82;380;269;city78;211;347;city232
129;city253;261;214;city251;50;188;city105;410;102;city99;181;58;city187;167;369;city60
172;city199;194;292;city238;245;57;city213;118;83;city230;62;329;city141;200;477;city169;287;87;city172;217;270;city261;184;4988;city157;194;332;city54;410;166;city221;293;308;city70;115;158;city288;344;4576;city217;90;249;city184;309;396;city218;341;353;city177;150;13;city50;86;127;city147
146;city292;256;223;city156;483;409;city76;342;75;city207;236;239;city79;124;252;city136;130;225;city64;196;135;city185;124;313;city164;271;130;city288;157;130;city98;172;111;city274;246;266;city245;318;9;city269;439;356;city157;465;62;city82;309;110;city113
154;city279;268;202;city226;408;46;city134;247;376;city191;145;157;city223;353;123;city204;139;211;city98;3;313;city207;197;307;city154;432;121;city294;360;469;city258;394;210;city205;127;249;city165;165;372;city103;43;73;city198;393;432;city263
130;city129;369;317;city96;377;59;city143;24;73;city194;418;372;city97;117;436;city200;462;381;city151;486;53;city236;239;66;city67;52;252;city132;258;85;city113;60;129;city192;189;187;city197;172;115;city154;82;170;city193;433;112;city104;173;477;city177;60;133;city237;468;81;city275
164;city244;93;46;city173;8;485;city145;162;287;city164;500;368;city200
167;city113;308;179;city297;170;377;city52;82;384;city251;92;382;city225;21;47;city136;260;374;city290;278;215;city83;217;102;city60;414;392;city165;242;107;city212;88;220;city249;411;488;city276
137;city282;338;389;city185
129;city253;261;214;city251;50;188;city105;410;102;city99;181;58;city187;167;369;city60
130;city129;369;317;city96;377;59;city143;24;73;city194;418;372;city97;117;436;city200;462;381;city151;486;53;city236;239;66;city67;52;252;city132;258;85;city113;60;129;city192;189;187;city197;172;115;city154;82;170;city193;433;112;city104;173;477;city177;60;133;city237;468;81;city275
150;city77;218;28;city149;245;91;city89;73;55;city266;255;209;city118;115;440;city199;465;28;city182;406;470;city82;380;269;city78;211;347;city232
162;city271;297;336;city210;425;246;city288
159;city219;486;69;city297;7;113;city204;53;304;city261;289;383;city115;20;233;city85;418;78;city188;424;404;city127;268;60;city223;424;144;city94;142;45;city266;72;352;city220;476;38;city221;215;238;city105;341;402;city137;6;356;city284
140;city281;4;47;city190
164;city244;93;46;city173;8;485;city145;162;287;city164;500;368;city200
170;city110;471;26;city61;175;445;city225;124;12;city266;180;361;city77;157;298;city178;88;315;city171;230;400;city106;230;375;city189;23;492;city112;429;169;city82;176;273;city198;339;421;city101;471;115;city209;12;419;city113;223;465;city294;472;4;city60
132;city76;295;304;city79
143;city265;62;491;city54;400;308;city206;246;33;city76;401;460;city163;194;232;city223;389;144;city77;453;206;city132;110;121;city197;221;184;city267;47;286;city98;343;56;city234;86;372;city297;271;445;city174;86;250;city159;383;468;city167;325;471;city181;425;90;city279;92;5;city73
171;city234;16;208;city256;363;206;city161
156;city155;378;300;city141
147;city100;252;29;city216;488;98;city294;7;392;city116;367;332;city53;360;108;city117;245;326;city226;348;481;city160
158;city266;479;369;city239;464;141;city279;247;471;city262;102;464;city257;164;306;city181;94;229;city187;281;112;city123;327;22;city146;125;455;city58;420;371;city126;264;428;city52;155;122;city83;56;361;city275;269;383;city100;15;159;city67;122;292;city136;190;117;city94
156;city155;378;300;city141
159;city219;486;69;city297;7;113;city204;53;304;city261;289;383;city115;20;233;city85;418;78;city188;424;404;city127;268;60;city223;424;144;city94;142;45;city266;72;352;city220;476;38;city221;215;238;city105;341;402;city137;6;356;city284
140;city281;4;47;city190
154;city279;268;202;city226;408;46;city134;247;376;city191;145;157;city223;353;123;city204;139;211;city98;3;313;city207;197;307;city154;432;121;city294;360;469;city258;394;210;city205;127;249;city165;165;372;city103;43;73;city198;393;432;city263

127;city216;307;25;city95;468;345;city205;5;271;city158;68;497;city135;223;253;city117;103;404;city192;118;320;city222;499;473;city298;111;420;city226;69;375;city136;117;73;city177;314;43;city152;123;121;city264;51;28;city66;438;187;city75;47;416;city191;142;155;city268;450;234;city52;96;194;city266
164;city244;93;46;city173;8;485;city145;162;287;city164;500;368;city200
142;city243;364;188;city251;488;268;city276;127;24;city82;178;265;city293;316;125;city211;136;73;city202;285;381;city147;385;343;city183;451;314;city196;471;144;city258;285;95;city96
132;city76;295;304;city79
127;city216;307;25;city95;468;345;city205;5;271;city158;68;497;city135;223;253;city117;103;404;city192;118;320;city222;499;473;city298;111;420;city226;69;375;city136;117;73;city177;314;43;city152;123;121;city264;51;28;city66;438;187;city75;47;416;city191;142;155;city268;450;234;city52;96;194;city266
140;city281;4;47;city190
164;city244;93;46;city173;8;485;city145;162;287;city164;500;368;city200
129;city253;261;214;city251;50;188;city105;410;102;city99;181;58;city187;167;369;city60
125;city132;470;438;city292;304;5552;city221;337;91;city282;94;62;city144;431;129;city237;50;447;city136;489;229;city78;225;469;city283;112;132;city209;300;264;city80;219;179;city273;270;392;city125;139;363;city295
159;city219;486;69;city297;7;113;city204;53;304;city261;289;383;city115;20;233;city85;418;78;city188;424;404;city127;268;60;city223;424;144;city94;142;45;city266;72;352;city220;476;38;city221;215;238;city105;341;402;city137;6;356;city284
162;city271;297;336;city210;425;246;city288
143;city265;62;491;city54;400;308;city206;246;33;city76;401;460;city163;194;232;city223;389;144;city77;453;206;city132;110;121;city197;221;184;city267;47;286;city98;343;56;city234;86;372;city297;271;445;city174;86;250;city159;383;468;city167;325;471;city181;425;90;city279;92;5;city73
162;city271;297;336;city210;425;246;city288
170;city110;471;26;city61;175;445;city225;124;12;city266;180;361;city77;157;298;city178;88;315;city171;230;400;city106;230;375;city189;23;492;city112;429;169;city82;176;273;city198;339;421;city101;471;115;city209;12;419;city113;223;465;city294;472;4;city60
129;city253;261;214;city251;50;188;city105;410;102;city99;181;58;city187;167;369;city60
145;city188;389;240;city185;260;101;city175;124;57;city128;212;269;city257;25;361;city146;370;478;city109;253;205;city77;239;9;city131;356;380;city248
131;city212;218;455;city248;114;110;city105;204;94;city57;110;229;city121;218;235;city239;342;132;city188;386;161;city122;318;255;city159;74;289;city84;315;164;city71;444;472;city94

155;city53;453;149;city84;384;1761;city189;446;300;city195;108;3828;city238;328;46;city75;252;289;city215;454;268;city201;463;492;city113;413;298;city72
156;city155;378;300;city141
125;city132;470;438;city292;304;5552;city221;337;91;city282;94;62;city144;431;129;city237;50;447;city136;489;229;city78;225;469;city283;112;132;city209;300;264;city80;219;179;city273;270;392;city125;139;363;city295
157;city75;257;395;city198;14;145;city276;483;470;city292;51;348;city239;241;414;city66;148;499;city238;407;333;city99;149;34;city227;314;38;city289;373;8;city192;2;105;city295;435;340;city232;381;399;city241;13;222;city93;79;480;city252;65;472;city230;338;483;city181;272;379;city57
136;city239;408;467;city155;252;322;city197;9;129;city283;228;170;city196;217;479;city94;119;89;city253;299;414;city157;442;26;city220;355;150;city198;401;65;city158;462;191;city213;18;239;city124;115;305;city257;151;446;city286;137;26;city148
128;city72;500;327;city51;393;381;city172;193;406;city166;42;202;city168;182;357;city92;229;343;city196;160;418;city63;283;137;city184
167;city113;308;179;city297;170;377;city52;82;384;city251;92;382;city225;21;47;city136;260;374;city290;278;215;city83;217;102;city60;414;392;city165;242;107;city212;88;220;city249;411;488;city276
146;city292;256;223;city156;483;409;city76;342;75;city207;236;239;city79;124;252;city136;130;225;city64;196;135;city185;124;313;city164;271;130;city288;157;130;city98;172;111;city274;246;266;city245;318;9;city269;439;356;city157;465;62;city82;309;110;city113
159;city219;486;69;city297;7;113;city204;53;304;city261;289;383;city115;20;233;city85;418;78;city188;424;404;city127;268;60;city223;424;144;city94;142;45;city266;72;352;city220;476;38;city221;215;238;city105;341;402;city137;6;356;city284
131;city212;218;455;city248;114;110;city105;204;94;city57;110;229;city121;218;235;city239;342;132;city188;386;161;city122;318;255;city159;74;289;city84;315;164;city71;444;472;city94
170;city110;471;26;city61;175;445;city225;124;12;city266;180;361;city77;157;298;city178;88;315;city171;230;400;city106;230;375;city189;23;492;city112;429;169;city82;176;273;city198;339;421;city101;471;115;city209;12;419;city113;223;465;city294;472;4;city60
133;city150;380;194;city210;251;297;city84;238;183;city95;236;255;city112;96;315;city184
155;city53;453;149;city84;384;1761;city189;446;300;city195;108;3828;city238;328;46;city75;252;289;city215;454;268;city201;463;492;city113;413;298;city72
135;city152;165;65;city195;139;123;city180;284;60;city283;281;426;city123;2;228;city165;192;255;city174;407;438;city66;356;117;city220;368;52;city286
125;city132;470;438;city292;304;5552;city221;337;91;city282;94;62;city144;431;129;city237;50;447;city136;489;229;city78;225;469;city283;112;132;city209;300;264;city80;219;179;city273;270;392;city125;139;363;city295
138;city218;259;391;city139;479;225;city93;352;449;city222;69;24;city116;487;142;city63;269;156;city67;179;216;city212;7;351;city197;430;40;city159;306;219;city125;406;343;city66;118;418;city73
137;city282;338;389;city185
135;city152;165;65;city195;139;123;city180;284;60;city283;281;426;city123;2;228;city165;192;255;city174;407;438;city66;356;117;city220;368;52;city286
157;city75;257;395;city198;14;145;city276;483;470;city292;51;348;city239;241;414;city66;148;499;city238;407;333;city99;149;34;city227;314;38;city289;373;8;city192;2;105;city295;435;340;city232;381;399;city241;13;222;city93;79;480;city252;65;472;city230;338;483;city181;272;379;city57
