








144;city261;2;195;city62;292;336;city133;41;244;city229;424;203;city124;129;33;city59;415;329;city266;9;190;city265;102;35;city256;25;257;city231
















143;city72;90;260;city267;12;62;city279;240;121;city53;155;46;city130;11;41;city97;150;113;city75;57;120;city80;184;306;city122;228;425;city93;307;61;city285;306;263;city171;381;119;city157;173;335;city82;193;408;city207;362;169;city63;397;312;city162;36;49;city252;66;192;city228;28;188;city95
163;city220;215;377;city147;409;353;city207;459;144;city206;368;333;city271;79;248;city129;351;353;city123;10;188;city132;175;108;city59;301;328;city273;3;79;city262;197;251;city234;210;128;city128;120;152;city251
134;city155;235;369;city245;120;446;city184
162;city79;138;199;city99;149;152;city216;407;449;city162;421;35;city160;357;411;city82;310;479;city228;188;340;city181;397;92;city166;442;491;city196;436;96;city172;184;137;city187;30;242;city296;253;194;city108;281;66;city144
154;city196;415;156;city87;470;472;city69;113;127;city155;229;425;city50;453;68;city146;428;288;city190;368;70;city156;482;274;city120;194;408;city197;85;438;city103;142;119;city144;261;170;city83;362;254;city231;344;207;city260






129;city54;161;483;city189;120;83;city162;328;426;city182;469;194;city67;14;156;city154;25;152;city239;461;310;city144;164;6;city225;346;403;city280;416;15;city255;430;62;city57;63;439;city65;288;235;city138;89;426;city55;326;406;city133;478;433;city221;193;429;city61

149;city79;174;88;city133;410;193;city204;105;92;city90;258;239;city81;35;79;city180;351;385;city257;206;29;city145;413;415;city124;214;491;city152;53;351;city268;103;483;city170;184;52;city239;226;81;city139;306;342;city262;457;41;city105



162;city79;138;199;city99;149;152;city216;407;449;city162;421;35;city160;357;411;city82;310;479;city228;188;340;city181;397;92;city166;442;491;city196;436;96;city172;184;137;city187;30;242;city296;253;194;city108;281;66;city144
129;city54;161;483;city189;120;83;city162;328;426;city182;469;194;city67;14;156;city154;25;152;city239;461;310;city144;164;6;city225;346;403;city280;416;15;city255;430;62;city57;63;439;city65;288;235;city138;89;426;city55;326;406;city133;478;433;city221;193;429;city61

136;city268;23;145;city62;199;374;city246;409;282;city218;320;181;city287;268;36;city69;445;363;city184;176;353;city56;328;159;city139;180;318;city159;282;235;city70;329;430;city253;332;246;city135;172;342;city255;371;127;city108




143;city72;90;260;city267;12;62;city279;240;121;city53;155;46;city130;11;41;city97;150;113;city75;57;120;city80;184;306;city122;228;425;city93;307;61;city285;306;263;city171;381;119;city157;173;335;city82;193;408;city207;362;169;city63;397;312;city162;36;49;city252;66;192;city228;28;188;city95

168;city92;296;376;city174;406;219;city271;112;134;city89;131;49;city195;320;276;city102;476;498;city140;252;59;city251;148;227;city115;55;25;city196;105;243;city109
136;city268;23;145;city62;199;374;city246;409;282;city218;320;181;city287;268;36;city69;445;363;city184;176;353;city56;328;159;city139;180;318;city159;282;235;city70;329;430;city253;332;246;city135;172;342;city255;371;127;city108
174;city266;70;350;city163;395;427;city247;336;383;city296;361;150;city252;410;318;city186;485;20;city82;303;405;city120;60;241;city216;174;302;city109;114;248;city155;453;320;city68;216;253;city260;102;241;city269;320;157;city264;400;476;city135;13;278;city63
154;city196;415;156;city87;470;472;city69;113;127;city155;229;425;city50;453;68;city146;428;288;city190;368;70;city156;482;274;city120;194;408;city197;85;438;city103;142;119;city144;261;170;city83;362;254;city231;344;207;city260

132;city106;273;395;city166;126;256;city182;149;488;city134;449;184;city108;356;283;city288;379;352;city243;287;249;city219
163;city220;215;377;city147;409;353;city207;459;144;city206;368;333;city271;79;248;city129;351;353;city123;10;188;city132;175;108;city59;301;328;city273;3;79;city262;197;251;city234;210;128;city128;120;152;city251
149;city79;174;88;city133;410;193;city204;105;92;city90;258;239;city81;35;79;city180;351;385;city257;206;29;city145;413;415;city124;214;491;city152;53;351;city268;103;483;city170;184;52;city239;226;81;city139;306;342;city262;457;41;city105
162;city79;138;199;city99;149;152;city216;407;449;city162;421;35;city160;357;411;city82;310;479;city228;188;340;city181;397;92;city166;442;491;city196;436;96;city172;184;137;city187;30;242;city296;253;194;city108;281;66;city144
156;city218;240;94;city228;277;100;city80;357;136;city154;253;403;city106;261;369;city283;197;213;city193;456;117;city299;405;407;city158;291;329;city56;403;418;city258;22;26;city79;119;164;city157
129;city54;161;483;city189;120;83;city162;328;426;city182;469;194;city67;14;156;city154;25;152;city239;461;310;city144;164;6;city225;346;403;city280;416;15;city255;430;62;city57;63;439;city65;288;235;city138;89;426;city55;326;406;city133;478;433;city221;193;429;city61
174;city266;70;350;city163;395;427;city247;336;383;city296;361;150;city252;410;318;city186;485;20;city82;303;405;city120;60;241;city216;174;302;city109;114;248;city155;453;320;city68;216;253;city260;102;241;city269;320;157;city264;400;476;city135;13;278;city63

164;city251;435;114;city150;91;426;city98;372;61;city186;89;454;city273;113;394;city143;463;221;city191;469;353;city264;97;326;city104;251;39;city140;42;452;city178;94;487;city218;493;179;city59

128;city247;289;276;city146;61;114;city227;340;63;city197;207;167;city211;475;423;city119;166;14;city177;321;302;city224;85;161;city141;319;458;city292;31;448;city72;305;381;city239;426;441;city113;428;347;city76;244;86;city128;317;129;city209
159;city271;345;398;city186;92;398;city77;306;50;city141;467;441;city125;73;315;city203;391;254;city234;377;415;city293;141;384;city276;222;115;city133;307;201;city244;284;164;city261;17;207;city216;409;14;city268;74;473;city163;44;448;city251;196;375;city157;360;456;city64;307;126;city74;244;336;city254
136;city268;23;145;city62;199;374;city246;409;282;city218;320;181;city287;268;36;city69;445;363;city184;176;353;city56;328;159;city139;180;318;city159;282;235;city70;329;430;city253;332;246;city135;172;342;city255;371;127;city108
153;city147;263;53;city122;112;299;city86;334;207;city80;177;188;city280;171;355;city276;198;481;city284;39;322;city286;301;417;city272;184;7;city285;411;415;city94;482;362;city196;364;267;city199;362;224;city124;211;283;city155;8;134;city210;86;93;city297;476;475;city212;337;427;city146;29;329;city217


151;city102;173;67;city57;352;489;city203;402;248;city291;46;455;city235
150;city226;494;349;city98;114;274;city153
132;city106;273;395;city166;126;256;city182;149;488;city134;449;184;city108;356;283;city288;379;352;city243;287;249;city219
168;city92;296;376;city174;406;219;city271;112;134;city89;131;49;city195;320;276;city102;476;498;city140;252;59;city251;148;227;city115;55;25;city196;105;243;city109


170;city147;376;361;city59;464;122;city167;372;64;city57;203;495;city298;296;280;city124;190;120;city61;303;199;city169;127;304;city162;120;423;city225;132;174;city268;202;59;city98;420;79;city289;96;414;city200
158;city162;210;160;city291;358;182;city57;280;8;city216;106;279;city134;302;486;city214;458;403;city135;58;249;city296;373;90;city293;475;161;city268;241;92;city132;427;96;city119;140;430;city157;123;276;city299;250;236;city159;221;86;city126;262;48;city154;459;191;city271;476;261;city292
173;city275;319;488;city286;116;15;city123;372;466;city88;282;400;city255
129;city54;161;483;city189;120;83;city162;328;426;city182;469;194;city67;14;156;city154;25;152;city239;461;310;city144;164;6;city225;346;403;city280;416;15;city255;430;62;city57;63;439;city65;288;235;city138;89;426;city55;326;406;city133;478;433;city221;193;429;city61
149;city79;174;88;city133;410;193;city204;105;92;city90;258;239;city81;35;79;city180;351;385;city257;206;29;city145;413;415;city124;214;491;city152;53;351;city268;103;483;city170;184;52;city239;226;81;city139;306;342;city262;457;41;city105

151;city102;173;67;city57;352;489;city203;402;248;city291;46;455;city235

174;city266;70;350;city163;395;427;city247;336;383;city296;361;150;city252;410;318;city186;485;20;city82;303;405;city120;60;241;city216;174;302;city109;114;248;city155;453;320;city68;216;253;city260;102;241;city269;320;157;city264;400;476;city135;13;278;city63
148;city132;205;365;city129;355;373;city133;282;44;city298;159;335;city224;263;400;city170;265;251;city288;270;239;city89;19;106;city207;87;389;city117;166;70;city164;313;259;city136;178;372;city188;146;422;city203;49;217;city238
154;city196;415;156;city87;470;472;city69;113;127;city155;229;425;city50;453;68;city146;428;288;city190;368;70;city156;482;274;city120;194;408;city197;85;438;city103;142;119;city144;261;170;city83;362;254;city231;344;207;city260
139;city285;429;140;city142;484;224;city103;109;190;city291;117;121;city144;276;249;city159;81;5;city95;90;276;city64;229;198;city214;240;459;city193
154;city196;415;156;city87;470;472;city69;113;127;city155;229;425;city50;453;68;city146;428;288;city190;368;70;city156;482;274;city120;194;408;city197;85;438;city103;142;119;city144;261;170;city83;362;254;city231;344;207;city260
149;city79;174;88;city133;410;193;city204;105;92;city90;258;239;city81;35;79;city180;351;385;city257;206;29;city145;413;415;city124;214;491;city152;53;351;city268;103;483;city170;184;52;city239;226;81;city139;306;342;city262;457;41;city105
144;city261;2;195;city62;292;336;city133;41;244;city229;424;203;city124;129;33;city59;415;329;city266;9;190;city265;102;35;city256;25;257;city231
152;city237;326;87;city251;241;153;city168;50;274;city143;32;408;city229;432;14;city171;260;204;city211;302;134;city160;274;317;city50;219;320;city132;32;402;city201;397;294;city204;479;118;city61;164;125;city107;102;46;city118;126;267;city69;216;464;city241;396;30;city263;64;89;city245
136;city268;23;145;city62;199;374;city246;409;282;city218;320;181;city287;268;36;city69;445;363;city184;176;353;city56;328;159;city139;180;318;city159;282;235;city70;329;430;city253;332;246;city135;172;342;city255;371;127;city108
138;city271;28;332;city54;366;119;city246;48;399;city119;459;222;city169;374;418;city102;133;207;city142;313;189;city228;356;287;city267;447;364;city213;154;348;city71;382;294;city74;313;302;city189
162;city79;138;199;city99;149;152;city216;407;449;city162;421;35;city160;357;411;city82;310;479;city228;188;340;city181;397;92;city166;442;491;city196;436;96;city172;184;137;city187;30;242;city296;253;194;city108;281;66;city144

137;city56;256;360;city279;150;120;city82;399;340;city238;6;392;city116;215;95;city177;37;26;city151;156;67;city148;452;212;city184;57;475;city114
128;city247;289;276;city146;61;114;city227;340;63;city197;207;167;city211;475;423;city119;166;14;city177;321;302;city224;85;161;city141;319;458;city292;31;448;city72;305;381;city239;426;441;city113;428;347;city76;244;86;city128;317;129;city209

168;city92;296;376;city174;406;219;city271;112;134;city89;131;49;city195;320;276;city102;476;498;city140;252;59;city251;148;227;city115;55;25;city196;105;243;city109
174;city266;70;350;city163;395;427;city247;336;383;city296;361;150;city252;410;318;city186;485;20;city82;303;405;city120;60;241;city216;174;302;city109;114;248;city155;453;320;city68;216;253;city260;102;241;city269;320;157;city264;400;476;city135;13;278;city63
147;city118;137;119;city94;243;102;city166;429;192;city168;36;324;city89;238;134;city50
172;city222;252;366;city178;279;379;city59;479;321;city140;275;52;city86;481;211;city260;340;301;city176;456;91;city219;345;31;city124;402;28;city202;303;312;city197;22;270;city52;149;329;city245;495;286;city83;451;87;city250;484;246;city181;254;489;city72
130;city111;500;201;city265;149;270;city116;78;395;city144;212;280;city199;199;56;city224;111;186;city291;142;492;city294;39;182;city293
149;city79;174;88;city133;410;193;city204;105;92;city90;258;239;city81;35;79;city180;351;385;city257;206;29;city145;413;415;city124;214;491;city152;53;351;city268;103;483;city170;184;52;city239;226;81;city139;306;342;city262;457;41;city105

158;city162;210;160;city291;358;182;city57;280;8;city216;106;279;city134;302;486;city214;458;403;city135;58;249;city296;373;90;city293;475;161;city268;241;92;city132;427;96;city119;140;430;city157;123;276;city299;250;236;city159;221;86;city126;262;48;city154;459;191;city271;476;261;city292
151;city102;173;67;city57;352;489;city203;402;248;city291;46;455;city235
132;city106;273;395;city166;126;256;city182;149;488;city134;449;184;city108;356;283;city288;379;352;city243;287;249;city219
153;city147;263;53;city122;112;299;city86;334;207;city80;177;188;city280;171;355;city276;198;481;city284;39;322;city286;301;417;city272;184;7;city285;411;415;city94;482;362;city196;364;267;city199;362;224;city124;211;283;city155;8;134;city210;86;93;city297;476;475;city212;337;427;city146;29;329;city217
167;city133;76;291;city238;80;115;city60;423;482;city262
142;city280;147;43;city243;227;180;city218;383;408;city72;322;58;city134;377;260;city112;65;173;city191;135;231;city130;428;200;city296;39;364;city133;84;149;city261;498;107;city68;49;386;city78

173;city275;319;488;city286;116;15;city123;372;466;city88;282;400;city255
142;city280;147;43;city243;227;180;city218;383;408;city72;322;58;city134;377;260;city112;65;173;city191;135;231;city130;428;200;city296;39;364;city133;84;149;city261;498;107;city68;49;386;city78
130;city111;500;201;city265;149;270;city116;78;395;city144;212;280;city199;199;56;city224;111;186;city291;142;492;city294;39;182;city293
172;city222;252;366;city178;279;379;city59;479;321;city140;275;52;city86;481;211;city260;340;301;city176;456;91;city219;345;31;city124;402;28;city202;303;312;city197;22;270;city52;149;329;city245;495;286;city83;451;87;city250;484;246;city181;254;489;city72
128;city247;289;276;city146;61;114;city227;340;63;city197;207;167;city211;475;423;city119;166;14;city177;321;302;city224;85;161;city141;319;458;city292;31;448;city72;305;381;city239;426;441;city113;428;347;city76;244;86;city128;317;129;city209
145;city205;218;419;city215;178;451;city237;426;377;city158;234;275;city195;341;60;city165;314;366;city233
170;city147;376;361;city59;464;122;city167;372;64;city57;203;495;city298;296;280;city124;190;120;city61;303;199;city169;127;304;city162;120;423;city225;132;174;city268;202;59;city98;420;79;city289;96;414;city200
156;city218;240;94;city228;277;100;city80;357;136;city154;253;403;city106;261;369;city283;197;213;city193;456;117;city299;405;407;city158;291;329;city56;403;418;city258;22;26;city79;119;164;city157
137;city56;256;360;city279;150;120;city82;399;340;city238;6;392;city116;215;95;city177;37;26;city151;156;67;city148;452;212;city184;57;475;city114
147;city118;137;119;city94;243;102;city166;429;192;city168;36;324;city89;238;134;city50
155;city299;292;299;city255;273;162;city291;64;322;city223;93;462;city259;395;328;city108;292;168;city253;2;244;city241;159;271;city148;149;82;city204;419;42;city232;445;493;city267;140;436;city71;383;450;city119;432;229;city212;291;91;city157

125;city274;23;453;city195;342;310;city188
164;city251;435;114;city150;91;426;city98;372;61;city186;89;454;city273;113;394;city143;463;221;city191;469;353;city264;97;326;city104;251;39;city140;42;452;city178;94;487;city218;493;179;city59
173;city275;319;488;city286;116;15;city123;372;466;city88;282;400;city255
169;city252;241;63;city197;134;314;city229;340;172;city190;70;298;city77
148;city132;205;365;city129;355;373;city133;282;44;city298;159;335;city224;263;400;city170;265;251;city288;270;239;city89;19;106;city207;87;389;city117;166;70;city164;313;259;city136;178;372;city188;146;422;city203;49;217;city238

153;city147;263;8046;city122;112;299;city86;334;207;city80;177;188;city280;171;355;city276;198;481;city284;39;322;city286;301;417;city272;184;7;city285;411;415;city94;482;362;city196;364;267;city199;362;224;city124;211;283;city155;8;134;city210;86;93;city297;476;475;city212;337;427;city146;29;329;city217
143;city72;90;260;city267;12;62;city279;240;121;city53;155;46;city130;11;41;city97;150;113;city75;57;120;city80;184;306;city122;228;425;city93;307;61;city285;306;263;city171;381;119;city157;173;335;city82;193;408;city207;362;169;city63;397;312;city162;36;49;city252;66;192;city228;28;188;city95
174;city266;70;350;city163;395;427;city247;336;383;city296;361;150;city252;410;318;city186;485;20;city82;303;405;city120;60;241;city216;174;302;city109;114;248;city155;453;320;city68;216;253;city260;102;241;city269;320;157;city264;400;476;city135;13;278;city63
162;city79;138;199;city99;149;152;city216;407;449;city162;421;35;city160;357;411;city82;310;479;city228;188;340;city181;397;92;city166;442;491;city196;436;96;city172;184;137;city187;30;242;city296;253;194;city108;281;66;city144
156;city218;240;94;city228;277;100;city80;357;136;city154;253;403;city106;261;369;city283;197;213;city193;456;117;city299;405;407;city158;291;329;city56;403;418;city258;22;26;city79;119;164;city157
173;city275;319;488;city286;116;15;city123;372;466;city88;282;400;city255
141;city107;301;460;city269;341;184;city294;446;340;city256;71;223;city277;376;155;city201;108;314;city80;497;99;city249;494;493;city121;467;287;city264;500;86;city275;18;441;city245
148;city132;205;365;city129;355;373;city133;282;44;city298;159;335;city224;263;400;city170;265;251;city288;270;239;city89;19;106;city207;87;389;city117;166;70;city164;313;259;city136;178;372;city188;146;422;city203;49;217;city238
125;city274;23;453;city195;342;310;city188
162;city79;138;199;city99;149;152;city216;407;449;city162;421;35;city160;357;411;city82;310;479;city228;188;340;city181;397;92;city166;442;491;city196;436;96;city172;184;137;city187;30;242;city296;253;194;city108;281;66;city144
149;city79;174;88;city133;410;193;city204;105;92;city90;258;239;city81;35;79;city180;351;385;city257;206;29;city145;413;415;city124;214;491;city152;53;351;city268;103;483;city170;184;52;city239;226;81;city139;306;342;city262;457;41;city105
147;city118;137;119;city94;243;102;city166;429;192;city168;36;324;city89;238;134;city50
157;city269;42;236;city267;436;208;city212;266;439;city194;114;13;city271;156;309;city51;31;374;city275;435;371;city190;310;299;city159;382;18;city219
144;city261;2;195;city62;292;336;city133;41;244;city229;424;203;city124;129;33;city59;415;329;city266;9;190;city265;102;35;city256;25;257;city231
129;city54;161;483;city189;120;83;city162;328;426;city182;469;194;city67;14;156;city154;25;152;city239;461;310;city144;164;6;city225;346;403;city280;416;15;city255;430;62;city57;63;439;city65;288;235;city138;89;426;city55;326;406;city133;478;433;city221;193;429;city61
160;city198;378;299;city120;470;206;city205;181;31;city175;330;164;city174;400;33;city151;438;23;city108;155;154;city102;273;138;city272
132;city106;273;395;city166;126;256;city182;149;488;city134;449;184;city108;356;283;city288;379;352;city243;287;249;city219
172;city222;252;366;city178;279;379;city59;479;321;city140;275;52;city86;481;211;city260;340;301;city176;456;91;city219;345;31;city124;402;28;city202;303;312;city197;22;270;city52;149;329;city245;495;286;city83;451;87;city250;484;246;city181;254;489;city72

164;city251;435;114;city150;91;426;city98;372;61;city186;89;454;city273;113;394;city143;463;221;city191;469;353;city264;97;326;city104;251;39;city140;42;452;city178;94;487;city218;493;179;city59
158;city162;210;160;city291;358;182;city57;280;8;city216;106;279;city134;302;486;city214;458;403;city135;58;249;city296;373;90;city293;475;161;city268;241;92;city132;427;96;city119;140;430;city157;123;276;city299;250;236;city159;221;86;city126;262;48;city154;459;191;city271;476;261;city292
137;city56;256;360;city279;150;120;city82;399;340;city238;6;392;city116;215;95;city177;37;26;city151;156;67;city148;452;212;city184;57;475;city114
140;city95;328;21;city94;368;351;city202;41;204;city117;55;127;city63;237;133;city87;483;101;city210;358;329;city88;315;6;city84;128;210;city68;373;285;city85;73;233;city218;347;4;city204;287;154;city69;84;315;city144;28;420;city125;331;93;city67;172;454;city90;474;282;city133;443;393;city275
140;city95;328;21;city94;368;351;city202;41;204;city117;55;127;city63;237;133;city87;483;101;city210;358;329;city88;315;6;city84;128;210;city68;373;285;city85;73;233;city218;347;4;city204;287;154;city69;84;315;city144;28;420;city125;331;93;city67;172;454;city90;474;282;city133;443;393;city275
129;city54;161;483;city189;120;83;city162;328;426;city182;469;194;city67;14;156;city154;25;152;city239;461;310;city144;164;6;city225;346;403;city280;416;15;city255;430;62;city57;63;439;city65;288;235;city138;89;426;city55;326;406;city133;478;433;city221;193;429;city61
161;city230;249;405;city256;292;408;city53;146;474;city78;95;179;city72;353;263;city145;46;441;city267;235;294;city165
172;city222;252;366;city178;279;379;city59;479;321;city140;275;52;city86;481;211;city260;340;301;city176;456;91;city219;345;31;city124;402;28;city202;303;312;city197;22;270;city52;149;329;city245;495;286;city83;451;87;city250;484;246;city181;254;489;city72
163;city220;215;377;city147;409;353;city207;459;144;city206;368;333;city271;79;248;city129;351;353;city123;10;188;city132;175;108;city59;301;328;city273;3;79;city262;197;251;city234;210;128;city128;120;152;city251
148;city132;205;365;city129;355;373;city133;282;44;city298;159;335;city224;263;400;city170;265;251;city288;270;239;city89;19;106;city207;87;389;city117;166;70;city164;313;259;city136;178;372;city188;146;422;city203;49;217;city238
167;city133;76;291;city238;80;115;city60;423;482;city262
164;city251;435;114;city150;91;426;city98;372;61;city186;89;454;city273;113;394;city143;463;221;city191;469;353;city264;97;326;city104;251;39;city140;42;452;city178;94;487;city218;493;179;city59
137;city56;256;360;city279;150;120;city82;399;340;city238;6;392;city116;215;95;city177;37;26;city151;156;67;city148;452;212;city184;57;475;city114
165;city122;319;140;city104;152;141;city115;105;320;city269
157;city269;42;236;city267;436;208;city212;266;439;city194;114;13;city271;156;309;city51;31;374;city275;435;371;city190;310;299;city159;382;18;city219
142;city280;147;43;city243;227;180;city218;383;408;city72;322;58;city134;377;260;city112;65;173;city191;135;231;city130;428;200;city296;39;364;city133;84;149;city261;498;107;city68;49;386;city78
152;city237;326;87;city251;241;153;city168;50;274;city143;32;408;city229;432;14;city171;260;204;city211;302;134;city160;274;317;city50;219;320;city132;32;402;city201;397;294;city204;479;118;city61;164;125;city107;102;46;city118;126;267;city69;216;464;city241;396;30;city263;64;89;city245
160;city198;378;299;city120;470;206;city205;181;31;city175;330;164;city174;400;33;city151;438;23;city108;155;154;city102;273;138;city272
173;city275;319;488;city286;116;15;city123;372;466;city88;282;400;city255
137;city56;256;360;city279;150;120;city82;399;340;city238;6;392;city116;215;95;city177;37;26;city151;156;67;city148;452;212;city184;57;475;city114
131;city241;101;384;city68;330;343;city97;204;51;city272;209;46;city62;460;123;city75;489;417;city125;257;78;city128;74;91;city162;419;393;city66;200;74;city275;48;295;city105;243;199;city193;407;162;city108
135;city145;16;108;city224;247;461;city220;408;419;city227
147;city118;137;119;city94;243;102;city166;429;192;city168;36;324;city89;238;134;city50
155;city299;292;299;city255;273;162;city291;64;322;city223;93;462;city259;395;328;city108;292;168;city253;2;244;city241;159;271;city148;149;82;city204;419;42;city232;445;493;city267;140;436;city71;383;450;city119;432;229;city212;291;91;city157
173;city275;319;488;city286;116;15;city123;372;466;city88;282;400;city255
138;city271;28;332;city54;366;119;city246;48;399;city119;459;222;city169;374;418;city102;133;207;city142;313;189;city228;356;287;city267;447;364;city213;154;348;city71;382;294;city74;313;302;city189
138;city271;28;332;city54;366;119;city246;48;399;city119;459;222;city169;374;418;city102;133;207;city142;313;189;city228;356;287;city267;447;364;city213;154;348;city71;382;294;city74;313;302;city189
172;city222;252;366;city178;279;379;city59;479;321;city140;275;52;city86;481;211;city260;340;301;city176;456;91;city219;345;31;city124;402;28;city202;303;312;city197;22;270;city52;149;329;city245;495;286;city83;451;87;city250;484;246;city181;254;489;city72
172;city222;252;366;city178;279;379;city59;479;321;city140;275;52;city86;481;211;city260;340;301;city176;456;91;city219;345;31;city124;402;28;city202;303;312;city197;22;270;city52;149;329;city245;495;286;city83;451;87;city250;484;246;city181;254;489;city72
151;city102;173;67;city57;352;489;city203;402;248;city291;46;455;city235
161;city230;249;405;city256;292;408;city53;146;474;city78;95;179;city72;353;263;city145;46;441;city267;235;294;city165
172;city222;252;366;city178;279;379;city59;479;321;city140;275;52;city86;481;211;city260;340;301;city176;456;91;city219;345;31;city124;402;28;city202;303;312;city197;22;270;city52;149;329;city245;495;286;city83;451;87;city250;484;246;city181;254;489;city72
162;city79;138;199;city99;149;152;city216;407;449;city162;421;35;city160;357;411;city82;310;479;city228;188;340;city181;397;92;city166;442;491;city196;436;96;city172;184;137;city187;30;242;city296;253;194;city108;281;66;city144
167;city133;76;291;city238;80;115;city60;423;482;city262
136;city268;23;145;city62;199;374;city246;409;282;city218;320;181;city287;268;36;city69;445;363;city184;176;353;city56;328;159;city139;180;318;city159;282;235;city70;329;430;city253;332;246;city135;172;342;city255;371;127;city108
139;city285;429;140;city142;484;224;city103;109;190;city291;117;121;city144;276;249;city159;81;5;city95;90;276;city64;229;198;city214;240;459;city193
153;city147;263;8046;city122;112;299;city86;334;207;city80;177;188;city280;171;355;city276;198;481;city284;39;322;city286;301;417;city272;184;7;city285;411;415;city94;482;362;city196;364;267;city199;362;224;city124;211;283;city155;8;134;city210;86;93;city297;476;475;city212;337;427;city146;29;329;city217
165;city122;319;140;city104;152;141;city115;105;320;city269
136;city268;23;145;city62;199;374;city246;409;282;city218;320;181;city287;268;36;city69;445;363;city184;176;353;city56;328;159;city139;180;318;city159;282;235;city70;329;430;city253;332;246;city135;172;342;city255;371;127;city108
172;city222;252;366;city178;279;379;city59;479;321;city140;275;52;city86;481;211;city260;340;301;city176;456;91;city219;345;31;city124;402;28;city202;303;312;city197;22;270;city52;149;329;city245;495;286;city83;451;87;city250;484;246;city181;254;489;city72
169;city252;241;63;city197;134;314;city229;340;172;city190;70;298;city77
143;city72;90;260;city267;12;62;city279;240;121;city53;155;46;city130;11;41;city97;150;113;city75;57;120;city80;184;306;city122;228;425;city93;307;61;city285;306;263;city171;381;119;city157;173;335;city82;193;408;city207;362;169;city63;397;312;city162;36;49;city252;66;192;city228;28;188;city95
152;city237;326;87;city251;241;153;city168;50;274;city143;32;408;city229;432;14;city171;260;204;city211;302;134;city160;274;317;city50;219;320;city132;32;402;city201;397;294;city204;479;118;city61;164;125;city107;102;46;city118;126;267;city69;216;464;city241;396;30;city263;64;89;city245
131;city241;101;384;city68;330;343;city97;204;51;city272;209;46;city62;460;123;city75;489;417;city125;257;78;city128;74;91;city162;419;393;city66;200;74;city275;48;295;city105;243;199;city193;407;162;city108
147;city118;137;119;city94;243;102;city166;429;192;city168;36;324;city89;238;134;city50
162;city79;138;199;city99;149;152;city216;407;449;city162;421;35;city160;357;411;city82;310;479;city228;188;340;city181;397;92;city166;442;491;city196;436;96;city172;184;137;city187;30;242;city296;253;194;city108;281;66;city144
143;city72;90;260;city267;12;62;city279;240;121;city53;155;46;city130;11;41;city97;150;113;city75;57;120;city80;184;306;city122;228;425;city93;307;61;city285;306;263;city171;381;119;city157;173;335;city82;193;408;city207;362;169;city63;397;312;city162;36;49;city252;66;192;city228;28;188;city95
167;city133;76;291;city238;80;115;city60;423;482;city262
153;city147;263;8046;city122;112;299;city86;334;207;city80;177;188;city280;171;355;city276;198;481;city284;39;322;city286;301;417;city272;184;7;city285;411;415;city94;482;362;city196;364;267;city199;362;224;city124;211;283;city155;8;134;city210;86;93;city297;476;475;city212;337;427;city146;29;329;city217
172;city222;252;366;city178;279;379;city59;479;321;city140;275;52;city86;481;211;city260;340;301;city176;456;91;city219;345;31;city124;402;28;city202;303;312;city197;22;270;city52;149;329;city245;495;286;city83;451;87;city250;484;246;city181;254;489;city72
154;city196;415;156;city87;470;472;city69;113;127;city155;229;425;city50;453;68;city146;428;288;city190;368;70;city156;482;274;city120;194;408;city197;85;438;city103;142;119;city144;261;170;city83;362;254;city231;344;207;city260
130;city111;500;201;city265;149;270;city116;78;395;city144;212;280;city199;199;56;city224;111;186;city291;142;492;city294;39;182;city293
167;city133;76;291;city238;80;115;city60;423;482;city262
156;city218;240;94;city228;277;100;city80;357;136;city154;253;403;city106;261;369;city283;197;213;city193;456;117;city299;405;407;city158;291;329;city56;403;418;city258;22;26;city79;119;164;city157
152;city237;326;87;city251;241;153;city168;50;274;city143;32;408;city229;432;14;city171;260;204;city211;302;134;city160;274;317;city50;219;320;city132;32;402;city201;397;294;city204;479;118;city61;164;125;city107;102;46;city118;126;267;city69;216;464;city241;396;30;city263;64;89;city245
131;city241;101;384;city68;330;343;city97;204;51;city272;209;46;city62;460;123;city75;489;417;city125;257;78;city128;74;91;city162;419;393;city66;200;74;city275;48;295;city105;243;199;city193;407;162;city108
172;city222;252;366;city178;279;379;city59;479;321;city140;275;52;city86;481;211;city260;340;301;city176;456;91;city219;345;31;city124;402;28;city202;303;312;city197;22;270;city52;149;329;city245;495;286;city83;451;87;city250;484;246;city181;254;489;city72
134;city155;235;369;city245;120;446;city184
162;city79;138;199;city99;149;152;city216;407;449;city162;421;35;city160;357;411;city82;310;479;city228;188;340;city181;397;92;city166;442;491;city196;436;96;city172;184;137;city187;30;242;city296;253;194;city108;281;66;city144
170;city147;376;361;city59;464;122;city167;372;64;city57;203;495;city298;296;280;city124;190;120;city61;303;199;city169;127;304;city162;120;423;city225;132;174;city268;202;59;city98;420;79;city289;96;414;city200
134;city155;235;369;city245;120;446;city184
166;city221;443;36;city115;46;212;city201;281;450;city141;94;327;city98;132;208;city250
160;city198;378;299;city120;470;206;city205;181;31;city175;330;164;city174;400;33;city151;438;23;city108;155;154;city102;273;138;city272
133;city264;319;240;city163;270;399;city97;379;214;city241;393;477;city54;283;326;city291;73;462;city79;95;276;city186;396;446;city184;350;440;city271
133;city264;319;240;city163;270;399;city97;379;214;city241;393;477;city54;283;326;city291;73;462;city79;95;276;city186;396;446;city184;350;440;city271
149;city79;174;88;city133;410;193;city204;105;92;city90;258;239;city81;35;79;city180;351;385;city257;206;29;city145;413;415;city124;214;491;city152;53;351;city268;103;483;city170;184;52;city239;226;81;city139;306;342;city262;457;41;city105
168;city92;296;376;city174;406;219;city271;112;134;city89;131;49;city195;320;276;city102;476;498;city140;252;59;city251;148;227;city115;55;25;city196;105;243;city109
172;city222;252;366;city178;279;379;city59;479;321;city140;275;52;city86;481;211;city260;340;301;city176;456;91;city219;345;31;city124;402;28;city202;303;312;city197;22;270;city52;149;329;city245;495;286;city83;451;87;city250;484;246;city181;254;489;city72
154;city196;415;156;city87;470;472;city69;113;127;city155;229;425;city50;453;68;city146;428;288;city190;368;70;city156;482;274;city120;194;408;city197;85;438;city103;142;119;city144;261;170;city83;362;254;city231;344;207;city260
165;city122;319;140;city104;152;141;city115;105;320;city269
164;city251;435;114;city150;91;426;city98;372;61;city186;89;454;city273;113;394;city143;463;221;city191;469;353;city264;97;326;city104;251;39;city140;42;452;city178;94;487;city218;493;179;city59
135;city145;16;108;city224;247;461;city220;408;419;city227
151;city102;173;67;city57;352;489;city203;402;248;city291;46;455;city235
156;city218;240;94;city228;277;100;city80;357;136;city154;253;403;city106;261;369;city283;197;213;city193;456;117;city299;405;407;city158;291;329;city56;403;418;city258;22;26;city79;119;164;city157
169;city252;241;63;city197;134;314;city229;340;172;city190;70;298;city77
167;city133;76;291;city238;80;115;city60;423;482;city262
135;city145;16;108;city224;247;461;city220;408;419;city227
140;city95;328;21;city94;368;351;city202;41;204;city117;55;127;city63;237;133;city87;483;101;city210;358;329;city88;315;6;city84;128;210;city68;373;285;city85;73;233;city218;347;4;city204;287;154;city69;84;315;city144;28;420;city125;331;93;city67;172;454;city90;474;282;city133;443;393;city275
130;city111;500;201;city265;149;270;city116;78;395;city144;212;280;city199;199;56;city224;111;186;city291;142;492;city294;39;182;city293
126;city234;113;276;city221
145;city205;218;419;city215;178;451;city237;426;377;city158;234;275;city195;341;60;city165;314;366;city233
152;city237;326;87;city251;241;153;city168;50;274;city143;32;408;city229;432;14;city171;260;204;city211;302;134;city160;274;317;city50;219;320;city132;32;402;city201;397;294;city204;479;118;city61;164;125;city107;102;46;city118;126;267;city69;216;464;city241;396;30;city263;64;89;city245
146;city232;319;486;city274;344;100;city180;127;475;city65;383;318;city179;241;348;city281;338;464;city104;398;82;city141;202;226;city296;386;120;city172;89;283;city143;162;460;city200;41;332;city207;349;138;city221;182;92;city138
166;city221;443;36;city115;46;212;city201;281;450;city141;94;327;city98;132;208;city250
162;city79;138;199;city99;149;152;city216;407;449;city162;421;35;city160;357;411;city82;310;479;city228;188;340;city181;397;92;city166;442;491;city196;436;96;city172;184;137;city187;30;242;city296;253;194;city108;281;66;city144
144;city261;2;195;city62;292;336;city133;41;244;city229;424;203;city124;129;33;city59;415;329;city266;9;190;city265;102;35;city256;25;257;city231
128;city247;289;276;city146;61;114;city227;340;63;city197;207;167;city211;475;423;city119;166;14;city177;321;8272;city224;85;161;city141;319;458;city292;31;448;city72;305;381;city239;426;441;city113;428;347;city76;244;86;city128;317;129;city209
173;city275;319;488;city286;116;15;city123;372;466;city88;282;400;city255
152;city237;326;87;city251;241;153;city168;50;274;city143;32;408;city229;432;14;city171;260;204;city211;302;134;city160;274;317;city50;219;320;city132;32;402;city201;397;294;city204;479;118;city61;164;125;city107;102;46;city118;126;267;city69;216;464;city241;396;30;city263;64;89;city245
138;city271;28;332;city54;366;119;city246;48;399;city119;459;222;city169;374;418;city102;133;207;city142;313;189;city228;356;287;city267;447;364;city213;154;348;city71;382;294;city74;313;302;city189
144;city261;2;195;city62;292;336;city133;41;244;city229;424;203;city124;129;33;city59;415;329;city266;9;190;city265;102;35;city256;25;257;city231
163;city220;215;377;city147;409;353;city207;459;144;city206;368;333;city271;79;248;city129;351;353;city123;10;188;city132;175;108;city59;301;328;city273;3;79;city262;197;251;city234;210;128;city128;120;152;city251
160;city198;378;299;city120;470;206;city205;181;31;city175;330;164;city174;400;33;city151;438;23;city108;155;154;city102;273;138;city272
137;city56;256;360;city279;150;120;city82;399;340;city238;6;392;city116;215;95;city177;37;26;city151;156;67;city148;452;212;city184;57;475;city114
160;city198;378;299;city120;470;206;city205;181;31;city175;330;164;city174;400;33;city151;438;23;city108;155;154;city102;273;138;city272
129;city54;161;483;city189;120;83;city162;328;426;city182;469;194;city67;14;156;city154;25;152;city239;461;310;city144;164;6;city225;346;403;city280;416;15;city255;430;62;city57;63;439;city65;288;235;city138;89;426;city55;326;406;city133;478;433;city221;193;429;city61
135;city145;16;108;city224;247;461;city220;408;419;city227
125;city274;23;453;city195;342;310;city188
151;city102;173;67;city57;352;489;city203;402;248;city291;46;455;city235
160;city198;378;299;city120;470;206;city205;181;31;city175;330;164;city174;400;33;city151;438;23;city108;155;154;city102;273;138;city272
147;city118;137;119;city94;243;102;city166;429;192;city168;36;324;city89;238;134;city50
140;city95;328;21;city94;368;351;city202;41;204;city117;55;127;city63;237;133;city87;483;101;city210;358;329;city88;315;6;city84;128;210;city68;373;285;city85;73;233;city218;347;4;city204;287;154;city69;84;315;city144;28;420;city125;331;93;city67;172;454;city90;474;282;city133;443;393;city275
131;city241;101;384;city68;330;343;city97;204;51;city272;209;46;city62;460;123;city75;489;417;city125;257;78;city128;74;91;city162;419;393;city66;200;74;city275;48;295;city105;243;199;city193;407;162;city108
170;city147;376;361;city59;464;122;city167;372;64;city57;203;495;city298;296;280;city124;190;120;city61;303;199;city169;127;304;city162;120;423;city225;132;174;city268;202;59;city98;420;79;city289;96;414;city200
173;city275;319;488;city286;116;15;city123;372;466;city88;282;400;city255
138;city271;28;332;city54;366;119;city246;48;399;city119;459;222;city169;374;418;city102;133;207;city142;313;189;city228;356;287;city267;447;364;city213;154;348;city71;382;294;city74;313;302;city189
149;city79;174;88;city133;410;193;city204;105;92;city90;258;239;city81;35;79;city180;351;385;city257;206;29;city145;413;415;city124;214;491;city152;53;351;city268;103;483;city170;184;52;city239;226;81;city139;306;342;city262;457;41;city105
155;city299;292;299;city255;273;162;city291;64;322;city223;93;462;city259;395;328;city108;292;168;city253;2;244;city241;159;271;city148;149;82;city204;419;42;city232;445;493;city267;140;436;city71;383;450;city119;432;229;city212;291;91;city157
128;city247;289;276;city146;61;114;city227;340;63;city197;207;167;city211;475;423;city119;166;14;city177;321;8272;city224;85;161;city141;319;458;city292;31;448;city72;305;381;city239;426;441;city113;428;347;city76;244;86;city128;317;129;city209
156;city218;240;94;city228;277;100;city80;357;136;city154;253;403;city106;261;369;city283;197;213;city193;456;117;city299;405;407;city158;291;329;city56;403;418;city258;22;26;city79;119;164;city157
167;city133;76;291;city238;80;115;city60;423;482;city262
143;city72;90;260;city267;12;62;city279;240;121;city53;155;46;city130;11;41;city97;150;113;city75;57;120;city80;184;306;city122;228;425;city93;307;61;city285;306;263;city171;381;119;city157;173;335;city82;193;408;city207;362;169;city63;397;312;city162;36;49;city252;66;192;city228;28;188;city95
165;city122;319;140;city104;152;141;city115;105;320;city269
167;city133;76;291;city238;80;115;city60;423;482;city262
157;city269;42;236;city267;436;208;city212;266;439;city194;114;13;city271;156;309;city51;31;374;city275;435;371;city190;310;299;city159;382;18;city219
140;city95;328;21;city94;368;351;city202;41;204;city117;55;127;city63;237;133;city87;483;101;city210;358;329;city88;315;6;city84;128;210;city68;373;285;city85;73;233;city218;347;4;city204;287;154;city69;84;315;city144;28;420;city125;331;93;city67;172;454;city90;474;282;city133;443;393;city275
147;city118;137;119;city94;243;102;city166;429;192;city168;36;324;city89;238;134;city50
141;city107;301;460;city269;341;184;city294;446;340;city256;71;223;city277;376;155;city201;108;314;city80;497;99;city249;494;493;city121;467;287;city264;500;86;city275;18;441;city245
172;city222;252;366;city178;279;379;city59;479;321;city140;275;52;city86;481;211;city260;340;301;city176;456;91;city219;345;31;city124;402;28;city202;303;312;city197;22;270;city52;149;329;city245;495;286;city83;451;87;city250;484;246;city181;254;489;city72
151;city102;173;67;city57;352;489;city203;402;248;city291;46;455;city235
149;city79;174;88;city133;410;193;city204;105;92;city90;258;239;city81;35;79;city180;351;385;city257;206;29;city145;413;7429;city124;214;491;city152;53;351;city268;103;483;city170;184;52;city239;226;81;city139;306;342;city262;457;41;city105
159;city271;345;398;city186;92;398;city77;306;50;city141;467;441;city125;73;315;city203;391;254;city234;377;415;city293;141;384;city276;222;115;city133;307;201;city244;284;164;city261;17;207;city216;409;14;city268;74;473;city163;44;448;city251;196;375;city157;360;456;city64;307;126;city74;244;336;city254
151;city102;173;67;city57;352;489;city203;402;248;city291;46;455;city235
128;city247;289;276;city146;61;114;city227;340;63;city197;207;167;city211;475;423;city119;166;14;city177;321;8272;city224;85;161;city141;319;458;city292;31;448;city72;305;381;city239;426;441;city113;428;347;city76;244;86;city128;317;129;city209
135;city145;16;108;city224;247;461;city220;408;419;city227
153;city147;263;8046;city122;112;299;city86;334;207;city80;177;188;city280;171;355;city276;198;481;city284;39;322;city286;301;417;city272;184;7;city285;411;415;city94;482;362;city196;364;267;city199;362;224;city124;211;283;city155;8;134;city210;86;93;city297;476;475;city212;337;427;city146;29;329;city217
157;city269;42;236;city267;436;208;city212;266;439;city194;114;13;city271;156;309;city51;31;374;city275;435;371;city190;310;299;city159;382;18;city219
148;city132;205;365;city129;355;373;city133;282;44;city298;159;335;city224;263;400;city170;265;251;city288;270;239;city89;19;106;city207;87;389;city117;166;70;city164;313;259;city136;178;372;city188;146;422;city203;49;217;city238
138;city271;28;332;city54;366;119;city246;48;399;city119;459;222;city169;374;418;city102;133;207;city142;313;189;city228;356;287;city267;447;364;city213;154;348;city71;382;294;city74;313;302;city189
152;city237;326;87;city251;241;153;city168;50;274;city143;32;408;city229;432;14;city171;260;204;city211;302;134;city160;274;317;city50;219;320;city132;32;402;city201;397;294;city204;479;118;city61;164;125;city107;102;46;city118;126;267;city69;216;464;city241;396;30;city263;64;89;city245
143;city72;90;260;city267;12;62;city279;240;121;city53;155;46;city130;11;41;city97;150;113;city75;57;120;city80;184;306;city122;228;425;city93;307;61;city285;306;263;city171;381;119;city157;173;335;city82;193;408;city207;362;169;city63;397;312;city162;36;49;city252;66;192;city228;28;188;city95
145;city205;218;419;city215;178;451;city237;426;377;city158;234;275;city195;341;60;city165;314;366;city233
148;city132;205;365;city129;355;373;city133;282;44;city298;159;335;city224;263;400;city170;265;251;city288;270;239;city89;19;106;city207;87;389;city117;166;70;city164;313;259;city136;178;372;city188;146;422;city203;49;217;city238
129;city54;161;483;city189;120;83;city162;328;426;city182;469;194;city67;14;156;city154;25;152;city239;461;310;city144;164;6;city225;346;403;city280;416;15;city255;430;62;city57;63;439;city65;288;235;city138;89;426;city55;326;406;city133;478;433;city221;193;429;city61
136;city268;23;145;city62;199;374;city246;409;282;city218;320;181;city287;268;36;city69;445;363;city184;176;353;city56;328;159;city139;180;318;city159;282;235;city70;329;430;city253;332;246;city135;172;342;city255;371;127;city108
128;city247;289;276;city146;61;114;city227;340;63;city197;207;167;city211;475;423;city119;166;14;city177;321;8272;city224;85;161;city141;319;458;city292;31;448;city72;305;381;city239;426;441;city113;428;347;city76;244;86;city128;317;129;city209
134;city155;235;369;city245;120;446;city184
135;city145;16;108;city224;247;461;city220;408;419;city227
148;city132;205;365;city129;355;373;city133;282;44;city298;159;335;city224;263;400;city170;265;251;city288;270;239;city89;19;106;city207;87;389;city117;166;70;city164;313;259;city136;178;372;city188;146;422;city203;49;217;city238
148;city132;205;365;city129;355;373;city133;282;44;city298;159;335;city224;263;400;city170;265;251;city288;270;239;city89;19;106;city207;87;389;city117;166;70;city164;313;259;city136;178;372;city188;146;422;city203;49;217;city238
146;city232;319;486;city274;344;100;city180;127;475;city65;383;318;city179;241;348;city281;338;464;city104;398;82;city141;202;226;city296;386;120;city172;89;283;city143;162;460;city200;41;332;city207;349;138;city221;182;92;city138
126;city234;113;276;city221
151;city102;173;67;city57;352;489;city203;402;248;city291;46;455;city235
132;city106;273;395;city166;126;256;city182;149;488;city134;449;184;city108;356;283;city288;379;352;city243;287;249;city219
171;city273;85;241;city290;71;206;city274;431;395;city216;390;420;city262
134;city155;235;369;city245;120;446;city184
172;city222;252;366;city178;279;379;city59;479;321;city140;275;52;city86;481;211;city260;340;301;city176;456;91;city219;345;31;city124;402;28;city202;303;312;city197;22;270;city52;149;329;city245;495;286;city83;451;87;city250;484;246;city181;254;489;city72
145;city205;218;419;city215;178;451;city237;426;377;city158;234;275;city195;341;60;city165;314;366;city233
145;city205;218;419;city215;178;451;city237;426;377;city158;234;275;city195;341;60;city165;314;366;city233
149;city79;174;88;city133;410;193;city204;105;92;city90;258;239;city81;35;79;city180;351;385;city257;206;29;city145;413;7429;city124;214;491;city152;53;351;city268;103;483;city170;184;52;city239;226;81;city139;306;342;city262;457;41;city105
132;city106;273;395;city166;126;256;city182;149;488;city134;449;184;city108;356;283;city288;379;352;city243;287;249;city219
161;city230;249;405;city256;292;408;city53;146;474;city78;95;179;city72;353;263;city145;46;441;city267;235;294;city165
144;city261;2;195;city62;292;336;city133;41;244;city229;424;203;city124;129;33;city59;415;329;city266;9;190;city265;102;35;city256;25;257;city231
131;city241;101;384;city68;330;343;city97;204;51;city272;209;46;city62;460;123;city75;489;417;city125;257;78;city128;74;91;city162;419;393;city66;200;74;city275;48;295;city105;243;199;city193;407;162;city108
155;city299;292;299;city255;273;162;city291;64;322;city223;93;462;city259;395;328;city108;292;168;city253;2;244;city241;159;271;city148;149;82;city204;419;42;city232;445;493;city267;140;436;city71;383;450;city119;432;229;city212;291;91;city157
162;city79;138;199;city99;149;152;city216;407;449;city162;421;35;city160;357;411;city82;310;479;city228;188;340;city181;397;92;city166;442;491;city196;436;96;city172;184;137;city187;30;242;city296;253;194;city108;281;66;city144
167;city133;76;291;city238;80;115;city60;423;482;city262
134;city155;235;369;city245;120;446;city184
141;city107;301;460;city269;341;184;city294;446;340;city256;71;223;city277;376;155;city201;108;314;city80;497;99;city249;494;493;city121;467;287;city264;500;86;city275;18;441;city245
153;city147;263;8046;city122;112;299;city86;334;207;city80;177;188;city280;171;355;city276;198;481;city284;39;322;city286;301;417;city272;184;7;city285;411;415;city94;482;362;city196;364;267;city199;362;224;city124;211;283;city155;8;134;city210;86;93;city297;476;475;city212;337;427;city146;29;329;city217
173;city275;319;488;city286;116;15;city123;372;466;city88;282;400;city255
132;city106;273;395;city166;126;256;city182;149;488;city134;449;184;city108;356;283;city288;379;352;city243;287;249;city219
153;city147;263;8046;city122;112;299;city86;334;207;city80;177;188;city280;171;355;city276;198;481;city284;39;322;city286;301;417;city272;184;7;city285;411;415;city94;482;362;city196;364;267;city199;362;224;city124;211;283;city155;8;134;city210;86;93;city297;476;475;city212;337;427;city146;29;329;city217
152;city237;326;87;city251;241;153;city168;50;274;city143;32;408;city229;432;14;city171;260;204;city211;302;134;city160;274;317;city50;219;320;city132;32;402;city201;397;294;city204;479;118;city61;164;125;city107;102;46;city118;126;267;city69;216;464;city241;396;30;city263;64;89;city245
159;city271;345;398;city186;92;398;city77;306;50;city141;467;441;city125;73;315;city203;391;254;city234;377;415;city293;141;384;city276;222;115;city133;307;201;city244;284;164;city261;17;207;city216;409;14;city268;74;473;city163;44;448;city251;196;375;city157;360;456;city64;307;126;city74;244;336;city254
172;city222;252;366;city178;279;379;city59;479;321;city140;275;52;city86;481;211;city260;340;301;city176;456;91;city219;345;31;city124;402;28;city202;303;312;city197;22;270;city52;149;329;city245;495;286;city83;451;87;city250;484;246;city181;254;489;city72
147;city118;137;119;city94;243;102;city166;429;192;city168;36;324;city89;238;134;city50
162;city79;138;199;city99;149;152;city216;407;449;city162;421;35;city160;357;411;city82;310;479;city228;188;340;city181;397;92;city166;442;491;city196;436;96;city172;184;137;city187;30;242;city296;253;194;city108;281;66;city144
151;city102;173;67;city57;352;489;city203;402;248;city291;46;455;city235
145;city205;218;419;city215;178;451;city237;426;377;city158;234;275;city195;341;60;city165;314;366;city233
138;city271;28;332;city54;366;119;city246;48;399;city119;459;222;city169;374;418;city102;133;207;city142;313;189;city228;356;287;city267;447;364;city213;154;348;city71;382;294;city74;313;302;city189
139;city285;429;140;city142;484;224;city103;109;190;city291;117;121;city144;276;249;city159;81;5;city95;90;276;city64;229;198;city214;240;459;city193
127;city95;435;378;city295;217;20;city224;203;82;city287;490;329;city242;270;368;city199;252;447;city284;180;452;city96;490;44;city160;460;499;city175;218;465;city113;363;171;city271;45;19;city294;203;306;city149;431;398;city285;125;286;city275;191;388;city291
152;city237;326;87;city251;241;153;city168;50;274;city143;32;408;city229;432;14;city171;260;204;city211;302;134;city160;274;317;city50;219;320;city132;32;402;city201;397;294;city204;479;118;city61;164;125;city107;102;46;city118;126;267;city69;216;464;city241;396;30;city263;64;89;city245
140;city95;328;21;city94;368;351;city202;41;204;city117;55;127;city63;237;133;city87;483;101;city210;358;329;city88;315;6;city84;128;210;city68;373;285;city85;73;233;city218;347;4;city204;287;154;city69;84;315;city144;28;420;city125;331;93;city67;172;454;city90;474;282;city133;443;393;city275
169;city252;241;63;city197;134;314;city229;340;172;city190;70;298;city77
130;city111;500;201;city265;149;270;city116;78;395;city144;212;280;city199;199;56;city224;111;186;city291;142;492;city294;39;182;city293
139;city285;429;140;city142;484;224;city103;109;190;city291;117;121;city144;276;249;city159;81;5;city95;90;276;city64;229;198;city214;240;459;city193
138;city271;28;332;city54;366;119;city246;48;399;city119;459;222;city169;374;418;city102;133;207;city142;313;189;city228;356;287;city267;447;364;city213;154;348;city71;382;294;city74;313;302;city189
163;city220;215;377;city147;409;353;city207;459;144;city206;368;333;city271;79;248;city129;351;353;city123;10;188;city132;175;108;city59;301;328;city273;3;79;city262;197;251;city234;210;128;city128;120;152;city251
158;city162;210;160;city291;358;182;city57;280;8;city216;106;279;city134;302;486;city214;458;403;city135;58;249;city296;373;90;city293;475;161;city268;241;92;city132;427;96;city119;140;430;city157;123;276;city299;250;236;city159;221;86;city126;262;48;city154;459;191;city271;476;261;city292
160;city198;378;299;city120;470;206;city205;181;31;city175;330;164;city174;400;33;city151;438;23;city108;155;154;city102;273;138;city272
164;city251;435;114;city150;91;426;city98;372;61;city186;89;454;city273;113;394;city143;463;221;city191;469;353;city264;97;326;city104;251;39;city140;42;452;city178;94;487;city218;493;179;city59
174;city266;70;350;city163;395;427;city247;336;383;city296;361;150;city252;410;318;city186;485;20;city82;303;405;city120;60;241;city216;174;302;city109;114;248;city155;453;320;city68;216;253;city260;102;241;city269;320;157;city264;400;476;city135;13;278;city63
167;city133;76;291;city238;80;115;city60;423;482;city262
135;city145;16;108;city224;247;461;city220;408;419;city227
163;city220;215;377;city147;409;353;city207;459;144;city206;368;333;city271;79;248;city129;351;353;city123;10;188;city132;175;108;city59;301;328;city273;3;79;city262;197;251;city234;210;128;city128;120;152;city251
137;city56;256;360;city279;150;120;city82;399;340;city238;6;392;city116;215;95;city177;37;26;city151;156;67;city148;452;212;city184;57;475;city114
145;city205;218;419;city215;178;451;city237;426;377;city158;234;275;city195;341;60;city165;314;366;city233
164;city251;435;114;city150;91;426;city98;372;61;city186;89;454;city273;113;394;city143;463;221;city191;469;353;city264;97;326;city104;251;39;city140;42;452;city178;94;487;city218;493;179;city59
169;city252;241;63;city197;134;314;city229;340;172;city190;70;298;city77
132;city106;273;395;city166;126;256;city182;149;488;city134;449;184;city108;356;283;city288;379;352;city243;287;249;city219
128;city247;289;276;city146;61;114;city227;340;63;city197;207;167;city211;475;423;city119;166;14;city177;321;8272;city224;85;161;city141;319;458;city292;31;448;city72;305;381;city239;426;441;city113;428;347;city76;244;86;city128;317;129;city209
170;city147;376;361;city59;464;122;city167;372;64;city57;203;495;city298;296;280;city124;190;120;city61;303;199;city169;127;304;city162;120;423;city225;132;174;city268;202;59;city98;420;79;city289;96;414;city200
151;city102;173;67;city57;352;489;city203;402;248;city291;46;455;city235
145;city205;218;419;city215;178;451;city237;426;377;city158;234;275;city195;341;60;city165;314;366;city233
128;city247;289;276;city146;61;114;city227;340;63;city197;207;167;city211;475;423;city119;166;14;city177;321;8272;city224;85;161;city141;319;458;city292;31;448;city72;305;381;city239;426;441;city113;428;347;city76;244;86;city128;317;129;city209
162;city79;138;199;city99;149;152;city216;407;449;city162;421;35;city160;357;411;city82;310;479;city228;188;340;city181;397;92;city166;442;491;city196;436;96;city172;184;137;city187;30;242;city296;253;194;city108;281;66;city144
166;city221;443;36;city115;46;212;city201;281;450;city141;94;327;city98;132;208;city250
173;city275;319;488;city286;116;15;city123;372;466;city88;282;400;city255
155;city299;292;299;city255;273;162;city291;64;322;city223;93;462;city259;395;328;city108;292;168;city253;2;244;city241;159;271;city148;149;82;city204;419;42;city232;445;493;city267;140;436;city71;383;450;city119;432;229;city212;291;91;city157
148;city132;205;365;city129;355;373;city133;282;44;city298;159;335;city224;263;400;city170;265;251;city288;270;239;city89;19;106;city207;87;389;city117;166;70;city164;313;259;city136;178;372;city188;146;422;city203;49;217;city238
149;city79;174;88;city133;410;193;city204;105;92;city90;258;239;city81;35;79;city180;351;385;city257;206;29;city145;413;7429;city124;214;491;city152;53;351;city268;103;483;city170;184;52;city239;226;81;city139;306;342;city262;457;41;city105
127;city95;435;378;city295;217;20;city224;203;82;city287;490;329;city242;270;368;city199;252;447;city284;180;452;city96;490;44;city160;460;499;city175;218;465;city113;363;171;city271;45;19;city294;203;306;city149;431;398;city285;125;286;city275;191;388;city291
127;city95;435;378;city295;217;20;city224;203;82;city287;490;329;city242;270;368;city199;252;447;city284;180;452;city96;490;44;city160;460;499;city175;218;465;city113;363;171;city271;45;19;city294;203;306;city149;431;398;city285;125;286;city275;191;388;city291
141;city107;301;460;city269;341;184;city294;446;340;city256;71;223;city277;376;155;city201;108;314;city80;497;99;city249;494;493;city121;467;287;city264;500;86;city275;18;441;city245
140;city95;328;21;city94;368;351;city202;41;204;city117;55;127;city63;237;133;city87;483;101;city210;358;329;city88;315;6;city84;128;210;city68;373;285;city85;73;233;city218;347;4;city204;287;154;city69;84;315;city144;28;420;city125;331;93;city67;172;454;city90;474;282;city133;443;393;city275
155;city299;292;299;city255;273;162;city291;64;322;city223;93;462;city259;395;328;city108;292;168;city253;2;244;city241;159;271;city148;149;82;city204;419;42;city232;445;493;city267;140;436;city71;383;450;city119;432;229;city212;291;91;city157
172;city222;252;366;city178;279;379;city59;479;321;city140;275;52;city86;481;211;city260;340;301;city176;456;91;city219;345;31;city124;402;28;city202;303;312;city197;22;270;city52;149;329;city245;495;286;city83;451;87;city250;484;246;city181;254;489;city72
126;city234;113;276;city221
138;city271;28;332;city54;366;119;city246;48;399;city119;459;222;city169;374;418;city102;133;207;city142;313;189;city228;356;287;city267;447;364;city213;154;348;city71;382;294;city74;313;302;city189
154;city196;415;156;city87;470;472;city69;113;127;city155;229;425;city50;453;68;city146;428;288;city190;368;70;city156;482;274;city120;194;408;city197;85;438;city103;142;119;city144;261;170;city83;362;254;city231;344;207;city260
