ERROR 3
ERROR 6
ERROR 8
ERROR 10
ERROR 11
ERROR 12
ERROR 17
ERROR 19
ERROR 34
ERROR 38
ERROR 40
ERROR 43
ERROR 44
ERROR 47
ERROR 48
ERROR 52
ERROR 54
ERROR 61
ERROR 62
ERROR 63
ERROR 64
ERROR 65
ERROR 72
ERROR 76
ERROR 79
ERROR 85
ERROR 87
ERROR 90
ERROR 92
ERROR 94
ERROR 98
ERROR 99
ERROR 105
ERROR 106
ERROR 109
ERROR 112
ERROR 113
ERROR 116
ERROR 120
ERROR 123
ERROR 124
ERROR 135
ERROR 138
ERROR 139
ERROR 143
ERROR 144
ERROR 145
ERROR 146
ERROR 151
ERROR 154
ERROR 160
ERROR 163
ERROR 165
ERROR 167
ERROR 168
ERROR 170
ERROR 171
ERROR 173
ERROR 175
ERROR 179
ERROR 181
ERROR 185
ERROR 191
ERROR 192
ERROR 193
ERROR 194
ERROR 195
ERROR 196
ERROR 197
ERROR 198
ERROR 202
ERROR 207
ERROR 208
ERROR 210
ERROR 212
ERROR 213
ERROR 214
ERROR 216
ERROR 217
ERROR 220
ERROR 221
ERROR 225
ERROR 228
ERROR 230
ERROR 231
ERROR 234
ERROR 236
ERROR 241
ERROR 244
ERROR 250
ERROR 251
ERROR 255
ERROR 261
ERROR 263
ERROR 265
ERROR 269
ERROR 270
ERROR 272
ERROR 274
ERROR 275
ERROR 276
ERROR 280
ERROR 282
ERROR 283
ERROR 284
ERROR 285
ERROR 287
ERROR 296
ERROR 297
ERROR 298
ERROR 300
ERROR 301
ERROR 303
ERROR 304
ERROR 306
ERROR 307
ERROR 311
ERROR 312
ERROR 315
ERROR 316
ERROR 317
ERROR 321
ERROR 322
ERROR 323
ERROR 328
ERROR 330
ERROR 331
ERROR 332
ERROR 333
ERROR 335
ERROR 337
ERROR 339
ERROR 340
ERROR 341
ERROR 342
ERROR 346
ERROR 347
ERROR 348
ERROR 350
ERROR 351
ERROR 353
ERROR 354
ERROR 355
ERROR 357
ERROR 358
ERROR 359
ERROR 360
ERROR 361
ERROR 362
ERROR 364
ERROR 368
ERROR 370
ERROR 373
ERROR 377
ERROR 379
ERROR 384
ERROR 387
ERROR 390
ERROR 393
ERROR 398
ERROR 400
ERROR 402
ERROR 405
ERROR 406
ERROR 408
ERROR 409
ERROR 410
ERROR 411
ERROR 413
ERROR 414
ERROR 416
ERROR 417
ERROR 419
ERROR 420
ERROR 421
ERROR 422
ERROR 424
ERROR 430
ERROR 433
ERROR 436
ERROR 437
ERROR 441
ERROR 442
ERROR 444
ERROR 445
ERROR 449
ERROR 452
ERROR 455
ERROR 458
ERROR 459
ERROR 460
ERROR 462
ERROR 463
ERROR 464
ERROR 467
ERROR 471
ERROR 476
ERROR 478
ERROR 480
ERROR 485
ERROR 487
ERROR 488
ERROR 489
ERROR 495
ERROR 496
ERROR 497
ERROR 499
ERROR 500
ERROR 503
ERROR 505
ERROR 506
ERROR 510
ERROR 511
ERROR 512
ERROR 516
ERROR 517
ERROR 518
ERROR 519
ERROR 520
ERROR 521
ERROR 523
ERROR 525
ERROR 527
ERROR 529
ERROR 531
ERROR 534
ERROR 535
ERROR 538
ERROR 539
ERROR 543
ERROR 545
ERROR 547
ERROR 548
ERROR 549
ERROR 550
ERROR 551
ERROR 555
ERROR 556
ERROR 557
ERROR 558
ERROR 560
ERROR 564
ERROR 565
ERROR 566
ERROR 569
ERROR 571
ERROR 572
ERROR 573
ERROR 574
ERROR 575
ERROR 576
ERROR 578
ERROR 579
ERROR 581
ERROR 582
ERROR 583
ERROR 586
ERROR 587
ERROR 588
ERROR 592
ERROR 593
ERROR 594
ERROR 595
ERROR 596
ERROR 597
ERROR 598
ERROR 599
ERROR 600
ERROR 602
ERROR 607
ERROR 610
ERROR 611
ERROR 613
ERROR 614
ERROR 616
ERROR 617
ERROR 623
ERROR 624
ERROR 626
ERROR 627
ERROR 631
ERROR 633
ERROR 635
ERROR 638
ERROR 645
ERROR 646
ERROR 649
ERROR 650
ERROR 654
ERROR 657
ERROR 659
ERROR 660
ERROR 665
ERROR 666
ERROR 667
ERROR 668
ERROR 669
ERROR 670
ERROR 673
ERROR 674
ERROR 677
ERROR 678
ERROR 681
ERROR 686
ERROR 688
ERROR 690
ERROR 691
ERROR 695
ERROR 696
ERROR 697
ERROR 698
ERROR 700
ERROR 701
ERROR 702
ERROR 703
ERROR 704
ERROR 705
ERROR 706
ERROR 708
ERROR 709
ERROR 712
ERROR 718
ERROR 721
ERROR 724
ERROR 725
ERROR 728
ERROR 730
ERROR 734
ERROR 736
ERROR 737
ERROR 739
ERROR 740
ERROR 741
ERROR 742
ERROR 744
ERROR 745
ERROR 746
ERROR 748
ERROR 750
ERROR 751
ERROR 753
ERROR 758
ERROR 761
ERROR 762
ERROR 763
ERROR 764
ERROR 767
ERROR 768
ERROR 771
ERROR 772
ERROR 773
ERROR 774
ERROR 776
ERROR 778
ERROR 779
ERROR 780
ERROR 783
ERROR 785
ERROR 787
ERROR 788
ERROR 789
ERROR 790
ERROR 791
ERROR 793
ERROR 797
ERROR 799
ERROR 800
ERROR 801
ERROR 802
ERROR 803
ERROR 804
ERROR 805
ERROR 806
ERROR 809
ERROR 810
ERROR 811
ERROR 814
ERROR 816
ERROR 819
ERROR 821
ERROR 825
ERROR 826
ERROR 827
ERROR 828
ERROR 829
ERROR 832
ERROR 833
ERROR 835
ERROR 836
ERROR 840
ERROR 842
ERROR 846
ERROR 850
ERROR 852
ERROR 853
ERROR 857
ERROR 860
ERROR 865
ERROR 867
ERROR 870
ERROR 873
ERROR 874
ERROR 875
ERROR 876
ERROR 877
ERROR 878
ERROR 879
ERROR 882
ERROR 885
ERROR 887
ERROR 889
ERROR 890
ERROR 891
ERROR 892
ERROR 894
ERROR 896
ERROR 897
ERROR 898
ERROR 903
ERROR 904
ERROR 905
ERROR 907
ERROR 909
ERROR 910
ERROR 912
ERROR 913
ERROR 916
ERROR 920
ERROR 921
ERROR 922
ERROR 923
ERROR 925
ERROR 926
ERROR 930
ERROR 932
ERROR 935
ERROR 936
ERROR 941
ERROR 942
ERROR 945
ERROR 947
ERROR 950
ERROR 951
ERROR 952
ERROR 953
ERROR 954
ERROR 955
ERROR 958
ERROR 959
ERROR 960
ERROR 961
ERROR 965
ERROR 968
ERROR 969
ERROR 972
ERROR 976
ERROR 981
ERROR 985
ERROR 986
ERROR 988
ERROR 989
ERROR 992
ERROR 994
ERROR 998
ERROR 999
ERROR 1004
ERROR 1006
ERROR 1007
ERROR 1008
ERROR 1009
ERROR 1012
ERROR 1015
ERROR 1016
ERROR 1017
ERROR 1022
ERROR 1025
ERROR 1028
ERROR 1035
ERROR 1036
ERROR 1038
ERROR 1039
ERROR 1040
ERROR 1042
ERROR 1043
ERROR 1044
ERROR 1045
ERROR 1047
ERROR 1050
ERROR 1054
ERROR 1056
ERROR 1057
ERROR 1062
ERROR 1063
ERROR 1064
ERROR 1066
ERROR 1067
ERROR 1070
ERROR 1074
ERROR 1075
ERROR 1077
ERROR 1082
ERROR 1086
ERROR 1087
ERROR 1088
ERROR 1089
ERROR 1094
ERROR 1095
ERROR 1098
ERROR 1099
ERROR 1104
ERROR 1105
ERROR 1107
ERROR 1108
ERROR 1109
ERROR 1115
ERROR 1116
ERROR 1117
ERROR 1118
ERROR 1120
ERROR 1124
ERROR 1125
ERROR 1130
ERROR 1131
ERROR 1136
ERROR 1137
ERROR 1138
ERROR 1139
ERROR 1142
ERROR 1143
ERROR 1144
ERROR 1145
ERROR 1152
ERROR 1156
ERROR 1157
ERROR 1158
ERROR 1162
ERROR 1163
ERROR 1167
ERROR 1169
ERROR 1170
ERROR 1171
ERROR 1173
ERROR 1175
ERROR 1176
ERROR 1178
ERROR 1179
ERROR 1180
ERROR 1181
ERROR 1183
ERROR 1184
ERROR 1186
ERROR 1191
ERROR 1193
ERROR 1196
ERROR 1197
ERROR 1198
ERROR 1199
ERROR 1200
ERROR 1201
ERROR 1202
ERROR 1203
ERROR 1206
ERROR 1207
ERROR 1208
ERROR 1213
ERROR 1214
ERROR 1216
ERROR 1221
ERROR 1222
ERROR 1223
ERROR 1224
ERROR 1225
ERROR 1226
ERROR 1230
ERROR 1231
ERROR 1232
ERROR 1234
ERROR 1239
ERROR 1240
ERROR 1243
ERROR 1246
ERROR 1247
ERROR 1248
ERROR 1249
ERROR 1250
ERROR 1251
ERROR 1253
ERROR 1254
ERROR 1255
ERROR 1257
ERROR 1258
ERROR 1260
ERROR 1262
ERROR 1263
ERROR 1264
ERROR 1266
ERROR 1270
ERROR 1271
ERROR 1272
ERROR 1274
ERROR 1275
ERROR 1276
ERROR 1279
ERROR 1281
ERROR 1285
ERROR 1286
ERROR 1289
ERROR 1290
ERROR 1293
ERROR 1295
ERROR 1296
ERROR 1297
ERROR 1300
ERROR 1301
ERROR 1302
ERROR 1304
ERROR 1308
ERROR 1309
ERROR 1311
ERROR 1312
ERROR 1313
ERROR 1315
ERROR 1316
ERROR 1317
ERROR 1318
ERROR 1325
ERROR 1326
ERROR 1331
ERROR 1332
ERROR 1335
ERROR 1336
ERROR 1339
ERROR 1341
ERROR 1342
ERROR 1343
ERROR 1344
ERROR 1345
ERROR 1347
ERROR 1352
ERROR 1356
ERROR 1357
ERROR 1359
ERROR 1360
ERROR 1363
ERROR 1364
ERROR 1365
ERROR 1371
ERROR 1372
ERROR 1373
ERROR 1378
ERROR 1381
ERROR 1382
ERROR 1384
ERROR 1388
ERROR 1389
ERROR 1390
ERROR 1392
ERROR 1394
ERROR 1395
ERROR 1396
ERROR 1398
ERROR 1399
ERROR 1401
ERROR 1402
ERROR 1404
ERROR 1405
ERROR 1406
ERROR 1412
ERROR 1415
ERROR 1419
ERROR 1422
ERROR 1423
ERROR 1424
ERROR 1425
ERROR 1427
ERROR 1429
ERROR 1434
ERROR 1435
ERROR 1436
ERROR 1437
ERROR 1438
ERROR 1439
ERROR 1440
ERROR 1441
ERROR 1442
ERROR 1445
ERROR 1446
ERROR 1447
ERROR 1448
