










137;city268;60;475;city143;421;205;city250;255;494;city60;422;203;city139;61;6;city137;144;361;city107;309;171;city57;404;397;city226;390;435;city59;343;494;city155
137;city268;60;475;city143;421;205;city250;255;494;city60;422;203;city139;61;6;city137;144;361;city107;309;171;city57;404;397;city226;390;435;city59;343;494;city155




170;city271;72;361;city84;147;173;city134;498;267;city95;395;9;city103;84;399;city152;280;231;city172
145;city160;125;438;city82
170;city271;72;361;city84;147;173;city134;498;267;city95;395;9;city103;84;399;city152;280;231;city172



131;city61;89;32;city257;195;104;city85;261;498;city265;496;358;city205;328;396;city236;344;94;city111;104;117;city121;379;301;city268;70;383;city155



165;city215;443;166;city244
148;city249;238;371;city101;73;264;city208;16;255;city158;234;474;city73;250;498;city70;250;480;city247;413;337;city147;216;8;city139;124;409;city241;189;124;city157;483;313;city292;22;365;city189;142;34;city50;339;162;city137;334;483;city57;234;7;city224
153;city164;105;197;city148;8;413;city110;221;488;city124;477;152;city184;309;79;city109;55;39;city101;171;37;city91;55;82;city208;59;191;city166;179;244;city223;123;196;city186;134;439;city83;390;27;city260;80;104;city132;472;101;city299
171;city94;414;410;city87;421;337;city77;20;447;city104;306;106;city80;59;209;city124;208;93;city192;83;441;city68;478;79;city232;75;43;city272;493;190;city141;476;19;city64;144;111;city198;327;44;city163;317;318;city226
163;city92;120;482;city228;134;113;city98;491;276;city140;222;422;city132;402;324;city202;34;250;city236;340;180;city118;489;197;city113

140;city105;336;147;city154;422;443;city263;38;84;city186;102;411;city188;122;137;city91;396;185;city262;270;302;city230;25;107;city50;44;316;city193;337;166;city173;247;488;city157;473;340;city62;121;219;city209;498;210;city127;436;112;city196;409;300;city233;124;263;city126;417;218;city229
169;city155;89;457;city157;468;212;city263;473;360;city104;242;192;city171;80;408;city74;31;385;city160;449;375;city235;65;404;city56;86;136;city150;373;238;city184;45;442;city220;144;223;city285;58;484;city69;53;174;city181;492;421;city65;133;110;city156;33;347;city119
162;city70;435;236;city241;160;166;city230;92;11;city79;91;169;city179;445;156;city283;296;108;city273;190;1256;city195;157;147;city199;8;339;city56;132;296;city87;370;43;city264;287;148;city232;220;442;city100


148;city249;238;371;city101;73;264;city208;16;255;city158;234;474;city73;250;498;city70;250;480;city247;413;337;city147;216;8;city139;124;409;city241;189;124;city157;483;313;city292;22;365;city189;142;34;city50;339;162;city137;334;483;city57;234;7;city224

163;city92;120;482;city228;134;113;city98;491;276;city140;222;422;city132;402;324;city202;34;250;city236;340;180;city118;489;197;city113
125;city140;464;40;city54;416;393;city197;459;118;city237;458;304;city93;499;33;city123;265;456;city239;317;400;city96;445;53;city122;25;345;city160;180;498;city212;42;317;city171;73;416;city128;324;144;city134
138;city141;114;408;city168;456;289;city264;251;482;city153;66;206;city150
159;city230;386;363;city152;219;287;city278;2;480;city103;251;188;city126;94;371;city246;387;93;city162;346;467;city253;69;396;city60;62;447;city50;494;35;city125;330;380;city197;343;186;city262;423;356;city249;5;108;city118
166;city158;61;310;city101;252;127;city214

132;city287;388;24;city75;162;296;city186
145;city160;125;438;city82
131;city61;89;32;city257;195;104;city85;261;498;city265;496;358;city205;328;396;city236;344;94;city111;104;117;city121;379;301;city268;70;383;city155
172;city196;441;160;city245;254;412;city148;422;500;city119;292;425;city222;38;361;city213;50;413;city241;497;464;city71;106;357;city193

163;city92;120;482;city228;134;113;city98;491;276;city140;222;422;city132;402;324;city202;34;250;city236;340;180;city118;489;197;city113

172;city196;441;160;city245;254;412;city148;422;500;city119;292;425;city222;38;361;city213;50;413;city241;497;464;city71;106;357;city193

140;city105;336;147;city154;422;443;city263;38;84;city186;102;411;city188;122;137;city91;396;185;city262;270;302;city230;25;107;city50;44;316;city193;337;166;city173;247;488;city157;473;340;city62;121;219;city209;498;210;city127;436;112;city196;409;300;city233;124;263;city126;417;218;city229
171;city94;414;410;city87;421;337;city77;20;447;city104;306;106;city80;59;209;city124;208;93;city192;83;441;city68;478;79;city232;75;43;city272;493;190;city141;476;19;city64;144;111;city198;327;44;city163;317;318;city226
166;city158;61;310;city101;252;127;city214
170;city271;72;361;city84;147;173;city134;498;267;city95;395;9;city103;84;399;city152;280;231;city172
170;city271;72;361;city84;147;173;city134;498;267;city95;395;9;city103;84;399;city152;280;231;city172
167;city110;141;253;city88;395;209;city173;85;365;city216;474;413;city289;394;171;city136;241;450;city284;367;96;city270;57;231;city83;383;13;city52
145;city160;125;438;city82
152;city50;238;181;city135;355;228;city67;384;299;city69;261;245;city121;402;334;city92;142;261;city281;465;165;city230;379;343;city126;456;334;city296;342;168;city277
159;city230;386;363;city152;219;287;city278;2;480;city103;251;188;city126;94;371;city246;387;93;city162;346;467;city253;69;396;city60;62;447;city50;494;35;city125;330;380;city197;343;186;city262;423;356;city249;5;108;city118
150;city212;377;331;city295;62;214;city245;480;346;city133;264;138;city294;437;261;city263;14;176;city129;370;383;city279;332;353;city270;74;446;city58
167;city110;141;253;city88;395;209;city173;85;365;city216;474;413;city289;394;171;city136;241;450;city284;367;96;city270;57;231;city83;383;13;city52
171;city94;414;410;city87;421;337;city77;20;447;city104;306;106;city80;59;209;city124;208;93;city192;83;441;city68;478;79;city232;75;43;city272;493;190;city141;476;19;city64;144;111;city198;327;44;city163;317;318;city226
152;city50;238;181;city135;355;228;city67;384;299;city69;261;245;city121;402;334;city92;142;261;city281;465;165;city230;379;343;city126;456;334;city296;342;168;city277
159;city230;386;363;city152;219;287;city278;2;480;city103;251;188;city126;94;371;city246;387;93;city162;346;467;city253;69;396;city60;62;447;city50;494;35;city125;330;380;city197;343;186;city262;423;356;city249;5;108;city118
166;city158;61;310;city101;252;127;city214
162;city70;435;236;city241;160;166;city230;92;11;city79;91;169;city179;445;156;city283;296;108;city273;190;1256;city195;157;147;city199;8;339;city56;132;296;city87;370;43;city264;287;148;city232;220;442;city100
173;city157;289;233;city163;44;14;city169;126;26;city80;278;487;city78;500;123;city288;47;350;city110;68;47;city182;155;224;city129;284;435;city215;238;408;city216;267;79;city91;488;294;city226;154;286;city260;358;8;city145
173;city157;289;233;city163;44;14;city169;126;26;city80;278;487;city78;500;123;city288;47;350;city110;68;47;city182;155;224;city129;284;435;city215;238;408;city216;267;79;city91;488;294;city226;154;286;city260;358;8;city145
137;city268;60;475;city143;421;205;city250;255;494;city60;422;203;city139;61;6;city137;144;361;city107;309;171;city57;404;397;city226;390;435;city59;343;494;city155
153;city164;105;197;city148;8;413;city110;221;488;city124;477;152;city184;309;79;city109;55;39;city101;171;37;city91;55;82;city208;59;191;city166;179;244;city223;123;196;city186;134;439;city83;390;27;city260;80;104;city132;472;101;city299
154;city191;129;325;city291;174;213;city190;333;421;city184
171;city94;414;410;city87;421;337;city77;20;447;city104;306;106;city80;59;209;city124;208;93;city192;83;441;city68;478;79;city232;75;43;city272;493;190;city141;476;19;city64;144;111;city198;327;44;city163;317;318;city226
173;city157;289;233;city163;44;14;city169;126;26;city80;278;487;city78;500;123;city288;47;350;city110;68;47;city182;155;224;city129;284;435;city215;238;408;city216;267;79;city91;488;294;city226;154;286;city260;358;8;city145
151;city99;319;8;city276;13;365;city56;270;67;city78;208;428;city125;374;80;city124;87;366;city62;207;31;city70;211;384;city248;429;338;city164

131;city61;89;32;city257;195;104;city85;261;498;city265;496;358;city205;328;396;city236;344;94;city111;104;117;city121;379;301;city268;70;383;city155
128;city55;154;444;city175;399;333;city258;435;167;city184;77;190;city76;383;385;city204;91;289;city60;7;300;city179;491;330;city288;78;333;city283;7;56;city141;470;421;city285;147;134;city183;358;442;city54;3;53;city286;236;461;city102;56;322;city160;427;409;city234
163;city92;120;482;city228;134;113;city98;491;276;city140;222;422;city132;402;324;city202;34;250;city236;340;180;city118;489;197;city113
165;city215;443;166;city244
149;city140;312;174;city161;20;435;city145;459;268;city183;253;216;city192;20;28;city132;279;97;city251
133;city117;498;213;city82;267;227;city261;154;484;city297;8;218;city128;394;414;city91;383;496;city140;99;387;city51;495;39;city275
133;city117;498;213;city82;267;227;city261;154;484;city297;8;218;city128;394;414;city91;383;496;city140;99;387;city51;495;39;city275
125;city140;464;40;city54;416;393;city197;459;118;city237;458;304;city93;499;33;city123;265;456;city239;317;400;city96;445;53;city122;25;345;city160;180;498;city212;42;317;city171;73;416;city128;324;144;city134
157;city228;250;69;city247;410;79;city133;101;186;city111;310;453;city218;443;397;city137
151;city99;319;8;city276;13;365;city56;270;67;city78;208;428;city125;374;80;city124;87;366;city62;207;31;city70;211;384;city248;429;338;city164
134;city156;446;489;city141;264;200;city279;55;454;city158;259;24;city51
146;city189;291;107;city278;2;443;city294;446;262;city230;444;437;city171;315;471;city210;311;315;city295;476;284;city224;257;290;city191;344;151;city53;411;445;city288;442;383;city289;470;297;city129;3;240;city241
167;city110;141;253;city88;395;209;city173;85;365;city216;474;413;city289;394;171;city136;241;450;city284;367;96;city270;57;231;city83;383;13;city52
132;city287;388;24;city75;162;296;city186
174;city137;462;203;city260;418;180;city108;350;274;city264;419;305;city86;114;91;city285;254;405;city191;469;297;city239;67;29;city105;216;84;city135;262;434;city204;433;232;city226;372;147;city188;84;500;city123;227;47;city266;294;475;city273
157;city228;250;69;city247;410;79;city133;101;186;city111;310;453;city218;443;397;city137
141;city74;163;92;city252;278;60;city53;56;309;city186;29;254;city218;239;337;city229;446;2;city183
154;city191;129;325;city291;174;213;city190;333;421;city184
167;city110;141;253;city88;395;209;city173;85;365;city216;474;413;city289;394;171;city136;241;450;city284;367;96;city270;57;231;city83;383;13;city52
150;city212;377;331;city295;62;214;city245;480;346;city133;264;138;city294;437;261;city263;14;176;city129;370;383;city279;332;353;city270;74;446;city58
135;city195;288;436;city279;457;148;city196;407;352;city124;153;161;city92;122;500;city284;389;159;city112;224;443;city63;27;269;city190
156;city154;206;356;city274;68;102;city188;200;12;city145;268;74;city255;343;114;city171;42;154;city56;294;89;city54;202;76;city230;204;331;city213;275;24;city218;77;354;city140;2;15;city288
142;city167;484;395;city107;430;44;city93
129;city121;418;362;city164;204;487;city234
153;city164;105;197;city148;8;413;city110;221;488;city124;477;152;city184;309;79;city109;55;39;city101;171;37;city91;55;82;city208;59;191;city166;179;244;city223;123;196;city186;134;439;city83;390;27;city260;80;104;city132;472;101;city299
126;city71;53;171;city102;72;429;city233;37;448;city105
137;city268;60;475;city143;421;205;city250;255;494;city60;422;203;city139;61;6;city137;144;361;city107;309;171;city57;404;397;city226;390;435;city59;343;494;city155
136;city298;272;482;city78;107;117;city297;187;212;city90;258;386;city285
134;city156;446;489;city141;264;200;city279;55;454;city158;259;24;city51
158;city187;317;158;city50;36;391;city274
169;city155;89;457;city157;468;212;city263;473;360;city104;242;192;city171;80;408;city74;31;385;city160;449;375;city235;65;404;city56;86;136;city150;373;238;city184;45;442;city220;144;223;city285;58;484;city69;53;174;city181;492;421;city65;133;110;city156;33;347;city119
136;city298;272;482;city78;107;117;city297;187;212;city90;258;386;city285
136;city298;272;482;city78;107;117;city297;187;212;city90;258;386;city285
141;city74;163;92;city252;278;60;city53;56;309;city186;29;254;city218;239;337;city229;446;2;city183
125;city140;464;40;city54;416;393;city197;459;118;city237;458;304;city93;499;33;city123;265;456;city239;317;400;city96;445;53;city122;25;345;city160;180;498;city212;42;317;city171;73;416;city128;324;144;city134
159;city230;386;363;city152;219;287;city278;2;480;city103;251;188;city126;94;371;city246;387;93;city162;346;467;city253;69;396;city60;62;447;city50;494;35;city125;330;380;city197;343;186;city262;423;356;city249;5;108;city118
137;city268;60;475;city143;421;205;city250;255;494;city60;422;203;city139;61;6;city137;144;361;city107;309;171;city57;404;397;city226;390;435;city59;343;494;city155
145;city160;125;438;city82
172;city196;441;160;city245;254;412;city148;422;500;city119;292;425;city222;38;361;city213;50;413;city241;497;464;city71;106;357;city193
156;city154;206;356;city274;68;102;city188;200;12;city145;268;74;city255;343;114;city171;42;154;city56;294;89;city54;202;76;city230;204;331;city213;275;24;city218;77;354;city140;2;15;city288
141;city74;163;92;city252;278;60;city53;56;309;city186;29;254;city218;239;337;city229;446;2;city183
165;city215;443;166;city244
169;city155;89;457;city157;468;212;city263;473;360;city104;242;192;city171;80;408;city74;31;385;city160;449;375;city235;65;404;city56;86;136;city150;373;238;city184;45;442;city220;144;223;city285;58;484;city69;53;174;city181;492;421;city65;133;110;city156;33;347;city119
165;city215;443;166;city244
167;city110;141;253;city88;395;209;city173;85;365;city216;474;413;city289;394;171;city136;241;450;city284;367;96;city270;57;231;city83;383;13;city52
151;city99;319;8;city276;13;365;city56;270;67;city78;208;428;city125;374;80;city124;87;366;city62;207;31;city70;211;384;city248;429;338;city164
129;city121;418;362;city164;204;487;city234
153;city164;105;197;city148;8;413;city110;221;488;city124;477;152;city184;309;79;city109;55;39;city101;171;37;city91;55;82;city208;59;191;city166;179;244;city223;123;196;city186;134;439;city83;390;27;city260;80;104;city132;472;101;city299
137;city268;60;475;city143;421;205;city250;255;494;city60;422;203;city139;61;6;city137;144;361;city107;309;171;city57;404;397;city226;390;435;city59;343;494;city155
169;city155;89;457;city157;468;212;city263;473;360;city104;242;192;city171;80;408;city74;31;385;city160;449;375;city235;65;404;city56;86;136;city150;373;238;city184;45;442;city220;144;223;city285;58;484;city69;53;174;city181;492;421;city65;133;110;city156;33;347;city119
125;city140;464;40;city54;416;393;city197;459;118;city237;458;304;city93;499;33;city123;265;456;city239;317;400;city96;445;53;city122;25;345;city160;180;498;city212;42;317;city171;73;416;city128;324;144;city134
142;city167;484;395;city107;430;44;city93
144;city128;447;157;city138;175;79;city109;231;218;city217;128;222;city143;124;168;city126;149;476;city71;382;82;city261;89;338;city245
144;city128;447;157;city138;175;79;city109;231;218;city217;128;222;city143;124;168;city126;149;476;city71;382;82;city261;89;338;city245
174;city137;462;203;city260;418;180;city108;350;274;city264;419;305;city86;114;91;city285;254;405;city191;469;297;city239;67;29;city105;216;84;city135;262;434;city204;433;232;city226;372;147;city188;84;500;city123;227;47;city266;294;475;city273
159;city230;386;363;city152;219;287;city278;2;480;city103;251;188;city126;94;371;city246;387;93;city162;346;467;city253;69;396;city60;62;447;city50;494;35;city125;330;380;city197;343;186;city262;423;356;city249;5;108;city118
157;city228;250;69;city247;410;79;city133;101;186;city111;310;453;city218;443;397;city137
166;city158;61;310;city101;252;127;city214
125;city140;464;40;city54;416;393;city197;459;118;city237;458;304;city93;499;33;city123;265;456;city239;317;400;city96;445;53;city122;25;345;city160;180;498;city212;42;317;city171;73;416;city128;324;144;city134
144;city128;447;157;city138;175;79;city109;231;218;city217;128;222;city143;124;168;city126;149;476;city71;382;82;city261;89;338;city245
160;city296;291;499;city287;217;133;city73;337;100;city60;36;17;city113;239;313;city76;119;405;city120
143;city178;111;234;city222;76;23;city59;15;479;city157;4;436;city221;274;168;city101;189;425;city155;268;129;city144;37;262;city257;3;464;city281;16;45;city85;425;10;city68;319;254;city284;322;302;city180;310;22;city245;170;54;city183;207;290;city108;17;320;city282;70;361;city203
137;city268;60;475;city143;421;205;city250;255;494;city60;422;203;city139;61;6;city137;144;361;city107;309;171;city57;404;397;city226;390;435;city59;343;494;city155
157;city228;250;69;city247;410;79;city133;101;186;city111;310;453;city218;443;397;city137
172;city196;441;160;city245;254;412;city148;422;500;city119;292;425;city222;38;361;city213;50;413;city241;497;464;city71;106;357;city193
174;city137;462;203;city260;418;180;city108;350;274;city264;419;305;city86;114;91;city285;254;405;city191;469;297;city239;67;29;city105;216;84;city135;262;434;city204;433;232;city226;372;147;city188;84;500;city123;227;47;city266;294;475;city273
137;city268;60;475;city143;421;205;city250;255;494;city60;422;203;city139;61;6;city137;144;361;city107;309;171;city57;404;397;city226;390;435;city59;343;494;city155
136;city298;272;482;city78;107;117;city297;187;212;city90;258;386;city285
161;city156;192;176;city284;29;212;city93;395;77;city181;264;395;city50;164;239;city99;197;345;city186;364;230;city65;255;312;city210;257;371;city274;15;316;city207;141;387;city202;354;264;city288;239;192;city257;477;278;city264;216;423;city224;37;69;city188;273;302;city80
153;city164;105;197;city148;8;413;city110;221;488;city124;477;152;city184;309;79;city109;55;39;city101;171;37;city91;55;82;city208;59;191;city166;179;244;city223;123;196;city186;134;439;city83;390;27;city260;80;104;city132;472;101;city299
131;city61;89;32;city257;195;104;city85;261;498;city265;496;358;city205;328;396;city236;344;94;city111;104;117;city121;379;301;city268;70;383;city155
137;city268;60;475;city143;421;205;city250;255;494;city60;422;203;city139;61;6;city137;144;361;city107;309;171;city57;404;397;city226;390;435;city59;343;494;city155
136;city298;272;482;city78;107;117;city297;187;212;city90;258;386;city285
133;city117;498;213;city82;267;227;city261;154;484;city297;8;218;city128;394;414;city91;383;496;city140;99;387;city51;495;39;city275
126;city71;53;171;city102;72;429;city233;37;448;city105
141;city74;163;92;city252;278;60;city53;56;309;city186;29;254;city218;239;337;city229;446;2;city183
145;city160;125;438;city82
144;city128;447;157;city138;175;79;city109;231;218;city217;128;222;city143;124;168;city126;149;476;city71;382;82;city261;89;338;city245
131;city61;89;32;city257;195;104;city85;261;498;city265;496;358;city205;328;396;city236;344;94;city111;104;117;city121;379;301;city268;70;383;city155
147;city255;459;38;city64
172;city196;441;160;city245;254;412;city148;422;500;city119;292;425;city222;38;361;city213;50;413;city241;497;464;city71;106;357;city193
156;city154;206;356;city274;68;102;city188;200;12;city145;268;74;city255;343;114;city171;42;154;city56;294;89;city54;202;76;city230;204;331;city213;275;24;city218;77;354;city140;2;15;city288
151;city99;319;8;city276;13;365;city56;270;67;city78;208;428;city125;374;80;city124;87;366;city62;207;31;city70;211;384;city248;429;338;city164
149;city140;312;174;city161;20;435;city145;459;268;city183;253;216;city192;20;28;city132;279;97;city251
170;city271;72;361;city84;147;173;city134;498;267;city95;395;9;city103;84;399;city152;280;231;city172
162;city70;435;236;city241;160;166;city230;92;11;city79;91;169;city179;445;156;city283;296;108;city273;190;1256;city195;157;147;city199;8;339;city56;132;296;city87;370;43;city264;287;148;city232;220;442;city100
126;city71;53;171;city102;72;429;city233;37;448;city105
156;city154;206;356;city274;68;102;city188;200;12;city145;268;74;city255;343;114;city171;42;154;city56;294;89;city54;202;76;city230;204;331;city213;275;24;city218;77;354;city140;2;15;city288
131;city61;89;32;city257;195;104;city85;261;498;city265;496;358;city205;328;396;city236;344;94;city111;104;117;city121;379;301;city268;70;383;city155
147;city255;459;38;city64
128;city55;154;444;city175;399;333;city258;435;167;city184;77;190;city76;383;385;city204;91;289;city60;7;300;city179;491;330;city288;78;333;city283;7;56;city141;470;421;city285;147;134;city183;358;442;city54;3;53;city286;236;461;city102;56;322;city160;427;409;city234
167;city110;141;253;city88;395;209;city173;85;365;city216;474;413;city289;394;171;city136;241;450;city284;367;96;city270;57;231;city83;383;13;city52
145;city160;125;438;city82
168;city126;200;206;city181;146;287;city267;433;350;city271;445;98;city112
136;city298;272;482;city78;107;117;city297;187;212;city90;258;386;city285
149;city140;312;174;city161;20;435;city145;459;268;city183;253;216;city192;20;28;city132;279;97;city251
130;city242;398;125;city256;119;12;city160;181;394;city254;451;391;city107;388;200;city159;357;51;city64;455;265;city114;327;214;city189;213;320;city264;132;116;city89
150;city212;377;331;city295;62;214;city245;480;346;city133;264;138;city294;437;261;city263;14;176;city129;370;383;city279;332;353;city270;74;446;city58
133;city117;498;213;city82;267;227;city261;154;484;city297;8;218;city128;394;414;city91;383;496;city140;99;387;city51;495;39;city275
165;city215;443;166;city244
149;city140;312;174;city161;20;435;city145;459;268;city183;253;216;city192;20;28;city132;279;97;city251
165;city215;443;166;city244
143;city178;111;234;city222;76;23;city59;15;479;city157;4;436;city221;274;168;city101;189;425;city155;268;129;city144;37;262;city257;3;464;city281;16;45;city85;425;10;city68;319;254;city284;322;302;city180;310;22;city245;170;54;city183;207;290;city108;17;320;city282;70;361;city203
168;city126;200;206;city181;146;287;city267;433;350;city271;445;98;city112
140;city105;336;147;city154;422;443;city263;38;84;city186;102;411;city188;122;137;city91;396;185;city262;270;302;city230;25;107;city50;44;316;city193;337;166;city173;247;488;city157;473;340;city62;121;219;city209;498;210;city127;436;112;city196;409;300;city233;124;263;city126;417;218;city229
138;city141;114;408;city168;456;289;city264;251;482;city153;66;206;city150
145;city160;125;438;city82
137;city268;60;475;city143;421;205;city250;255;494;city60;422;203;city139;61;6;city137;144;361;city107;309;171;city57;404;397;city226;390;435;city59;343;494;city155
173;city157;289;233;city163;44;14;city169;126;26;city80;278;487;city78;500;123;city288;47;350;city110;68;47;city182;155;224;city129;284;435;city215;238;408;city216;267;79;city91;488;294;city226;154;286;city260;358;8;city145
132;city287;388;24;city75;162;296;city186
159;city230;386;363;city152;219;287;city278;2;480;city103;251;188;city126;94;371;city246;387;93;city162;346;467;city253;69;396;city60;62;447;city50;494;35;city125;330;380;city197;343;186;city262;423;356;city249;5;108;city118
143;city178;111;234;city222;76;23;city59;15;479;city157;4;436;city221;274;168;city101;189;425;city155;268;129;city144;37;262;city257;3;464;city281;16;45;city85;425;10;city68;319;254;city284;322;302;city180;310;22;city245;170;54;city183;207;290;city108;17;320;city282;70;361;city203
147;city255;459;38;city64
161;city156;192;176;city284;29;212;city93;395;77;city181;264;395;city50;164;239;city99;197;345;city186;364;230;city65;255;312;city210;257;371;city274;15;316;city207;141;387;city202;354;264;city288;239;192;city257;477;278;city264;216;423;city224;37;69;city188;273;302;city80
147;city255;459;38;city64
132;city287;388;24;city75;162;296;city186
168;city126;200;206;city181;146;287;city267;433;350;city271;445;98;city112
143;city178;111;234;city222;76;23;city59;15;479;city157;4;436;city221;274;168;city101;189;425;city155;268;129;city144;37;262;city257;3;464;city281;16;45;city85;425;10;city68;319;254;city284;322;302;city180;310;22;city245;170;54;city183;207;290;city108;17;320;city282;70;361;city203
137;city268;60;475;city143;421;205;city250;255;494;city60;422;203;city139;61;6;city137;144;361;city107;309;171;city57;404;397;city226;390;435;city59;343;494;city155
170;city271;72;361;city84;147;173;city134;498;267;city95;395;9;city103;84;399;city152;280;231;city172
141;city74;163;92;city252;278;60;city53;56;309;city186;29;254;city218;239;337;city229;446;2;city183
158;city187;317;158;city50;36;391;city274
161;city156;192;176;city284;29;212;city93;395;77;city181;264;395;city50;164;239;city99;197;345;city186;364;230;city65;255;312;city210;257;371;city274;15;316;city207;141;387;city202;354;264;city288;239;192;city257;477;278;city264;216;423;city224;37;69;city188;273;302;city80
137;city268;60;475;city143;421;205;city250;255;494;city60;422;203;city139;61;6;city137;144;361;city107;309;171;city57;404;397;city226;390;435;city59;343;494;city155
161;city156;192;176;city284;29;212;city93;395;77;city181;264;395;city50;164;239;city99;197;345;city186;364;230;city65;255;312;city210;257;371;city274;15;316;city207;141;387;city202;354;264;city288;239;192;city257;477;278;city264;216;423;city224;37;69;city188;273;302;city80
138;city141;114;408;city168;456;289;city264;251;482;city153;66;206;city150
161;city156;192;176;city284;29;212;city93;395;77;city181;264;395;city50;164;239;city99;197;345;city186;364;230;city65;255;312;city210;257;371;city274;15;316;city207;141;387;city202;354;264;city288;239;192;city257;477;278;city264;216;423;city224;37;69;city188;273;302;city80
139;city67;374;212;city275
174;city137;462;203;city260;418;180;city108;350;274;city264;419;305;city86;114;91;city285;254;405;city191;469;297;city239;67;29;city105;216;84;city135;262;434;city204;433;232;city226;372;147;city188;84;500;city123;227;47;city266;294;475;city273
174;city137;462;203;city260;418;180;city108;350;274;city264;419;305;city86;114;91;city285;254;405;city191;469;297;city239;67;29;city105;216;84;city135;262;434;city204;433;232;city226;372;147;city188;84;500;city123;227;47;city266;294;475;city273
155;city191;103;8;city188;434;194;city261;329;232;city88;424;429;city135;414;68;city231;438;449;city219;296;330;city242;93;62;city50;33;80;city206
145;city160;125;438;city82
154;city191;129;325;city291;174;213;city190;333;421;city184
172;city196;441;160;city245;254;412;city148;422;500;city119;292;425;city222;38;361;city213;50;413;city241;497;464;city71;106;357;city193
172;city196;441;160;city245;254;412;city148;422;500;city119;292;425;city222;38;361;city213;50;413;city241;497;464;city71;106;357;city193
129;city121;418;362;city164;204;487;city234
126;city71;53;171;city102;72;429;city233;37;448;city105
164;city75;136;338;city163;29;114;city274;228;220;city112;344;309;city89;184;145;city225;391;83;city159;152;27;city100;247;239;city152;294;344;city82;343;5;city230;332;392;city72;107;321;city248;322;204;city294;224;206;city78;241;153;city272
166;city158;61;310;city101;252;127;city214
138;city141;114;408;city168;456;289;city264;251;482;city153;66;206;city150
163;city92;120;482;city228;134;113;city98;491;276;city140;222;422;city132;402;324;city202;34;250;city236;340;180;city118;489;197;city113
163;city92;120;482;city228;134;113;city98;491;276;city140;222;422;city132;402;324;city202;34;250;city236;340;180;city118;489;197;city113
165;city215;443;166;city244
128;city55;154;444;city175;399;333;city258;435;167;city184;77;190;city76;383;385;city204;91;289;city60;7;300;city179;491;330;city288;78;333;city283;7;56;city141;470;421;city285;147;134;city183;358;442;city54;3;53;city286;236;461;city102;56;322;city160;427;409;city234
139;city67;374;212;city275
150;city212;377;331;city295;62;214;city245;480;346;city133;264;138;city294;437;261;city263;14;176;city129;370;383;city279;332;353;city270;74;446;city58
140;city105;336;147;city154;422;443;city263;38;84;city186;102;411;city188;122;137;city91;396;185;city262;270;302;city230;25;107;city50;44;316;city193;337;166;city173;247;488;city157;473;340;city62;121;219;city209;498;210;city127;436;112;city196;409;300;city233;124;263;city126;417;218;city229
144;city128;447;157;city138;175;79;city109;231;218;city217;128;222;city143;124;168;city126;149;476;city71;382;82;city261;89;338;city245
149;city140;312;174;city161;20;435;city145;459;268;city183;253;216;city192;20;28;city132;279;97;city251
146;city189;291;107;city278;2;443;city294;446;262;city230;444;437;city171;315;471;city210;311;315;city295;476;284;city224;257;290;city191;344;151;city53;411;445;city288;442;383;city289;470;297;city129;3;240;city241
142;city167;484;395;city107;430;44;city93
135;city195;288;436;city279;457;148;city196;407;352;city124;153;161;city92;122;500;city284;389;159;city112;224;443;city63;27;269;city190
133;city117;498;213;city82;267;227;city261;154;484;city297;8;218;city128;394;414;city91;383;496;city140;99;387;city51;495;39;city275
131;city61;89;32;city257;195;104;city85;261;498;city265;496;358;city205;328;396;city236;344;94;city111;104;117;city121;379;301;city268;70;383;city155
128;city55;154;444;city175;399;333;city258;435;167;city184;77;190;city76;383;385;city204;91;289;city60;7;300;city179;491;330;city288;78;333;city283;7;56;city141;470;421;city285;147;134;city183;358;442;city54;3;53;city286;236;461;city102;56;322;city160;427;409;city234
143;city178;111;234;city222;76;23;city59;15;479;city157;4;436;city221;274;168;city101;189;425;city155;268;129;city144;37;262;city257;3;464;city281;16;45;city85;425;10;city68;319;254;city284;322;302;city180;310;22;city245;170;54;city183;207;290;city108;17;320;city282;70;361;city203
137;city268;60;475;city143;421;205;city250;255;494;city60;422;203;city139;61;6;city137;144;361;city107;309;171;city57;404;397;city226;390;435;city59;343;494;city155
154;city191;129;325;city291;174;213;city190;333;421;city184
159;city230;386;363;city152;219;287;city278;2;480;city103;251;188;city126;94;371;city246;387;93;city162;346;467;city253;69;396;city60;62;447;city50;494;35;city125;330;380;city197;343;186;city262;423;356;city249;5;108;city118
133;city117;498;213;city82;267;227;city261;154;484;city297;8;218;city128;394;414;city91;383;496;city140;99;387;city51;495;39;city275
152;city50;238;181;city135;355;228;city67;384;299;city69;261;245;city121;402;334;city92;142;261;city281;465;165;city230;379;343;city126;456;334;city296;342;168;city277
156;city154;206;356;city274;68;102;city188;200;12;city145;268;74;city255;343;114;city171;42;154;city56;294;89;city54;202;76;city230;204;331;city213;275;24;city218;77;354;city140;2;15;city288
142;city167;484;395;city107;430;44;city93
150;city212;377;331;city295;62;214;city245;480;346;city133;264;138;city294;437;261;city263;14;176;city129;370;383;city279;332;353;city270;74;446;city58
130;city242;398;125;city256;119;12;city160;181;394;city254;451;391;city107;388;200;city159;357;51;city64;455;265;city114;327;214;city189;213;320;city264;132;116;city89
151;city99;319;8;city276;13;365;city56;270;67;city78;208;428;city125;374;80;city124;87;366;city62;207;31;city70;211;384;city248;429;338;city164
129;city121;418;362;city164;204;487;city234
151;city99;319;8;city276;13;365;city56;270;67;city78;208;428;city125;374;80;city124;87;366;city62;207;31;city70;211;384;city248;429;338;city164
148;city249;238;371;city101;73;264;city208;16;255;city158;234;474;city73;250;498;city70;250;480;city247;413;337;city147;216;8;city139;124;409;city241;189;124;city157;483;313;city292;22;365;city189;142;34;city50;339;162;city137;334;483;city57;234;7;city224
169;city155;89;457;city157;468;212;city263;473;360;city104;242;192;city171;80;408;city74;31;385;city160;449;375;city235;65;404;city56;86;136;city150;373;238;city184;45;442;city220;144;223;city285;58;484;city69;53;174;city181;492;421;city65;133;110;city156;33;347;city119
132;city287;388;24;city75;162;296;city186
133;city117;498;213;city82;267;227;city261;154;484;city297;8;218;city128;394;414;city91;383;496;city140;99;387;city51;495;39;city275
174;city137;462;203;city260;418;180;city108;350;274;city264;419;305;city86;114;91;city285;254;405;city191;469;297;city239;67;29;city105;216;84;city135;262;434;city204;433;232;city226;372;147;city188;84;500;city123;227;47;city266;294;475;city273
138;city141;114;408;city168;456;289;city264;251;482;city153;66;206;city150
172;city196;441;160;city245;254;412;city148;422;500;city119;292;425;city222;38;361;city213;50;413;city241;497;464;city71;106;357;city193
142;city167;484;395;city107;430;44;city93
171;city94;414;410;city87;421;337;city77;20;447;city104;306;106;city80;59;209;city124;208;93;city192;83;441;city68;478;79;city232;75;43;city272;493;190;city141;476;19;city64;144;111;city198;327;44;city163;317;318;city226
136;city298;272;482;city78;107;117;city297;187;212;city90;258;386;city285
155;city191;103;8;city188;434;194;city261;329;232;city88;424;429;city135;414;68;city231;438;449;city219;296;330;city242;93;62;city50;33;80;city206
154;city191;129;325;city291;174;213;city190;333;421;city184
151;city99;319;8;city276;13;365;city56;270;67;city78;208;428;city125;374;80;city124;87;366;city62;207;31;city70;211;384;city248;429;338;city164
