ERROR 7
ERROR 8
ERROR 10
ERROR 12
ERROR 13
ERROR 16
ERROR 18
ERROR 26
ERROR 34
ERROR 35
ERROR 36
ERROR 37
ERROR 44
ERROR 48
ERROR 57
ERROR 58
ERROR 59
ERROR 62
ERROR 70
ERROR 73
ERROR 80
ERROR 83
ERROR 84
ERROR 85
ERROR 88
ERROR 92
ERROR 98
ERROR 101
ERROR 103
ERROR 106
ERROR 108
ERROR 114
ERROR 117
ERROR 123
ERROR 125
ERROR 126
ERROR 129
ERROR 131
ERROR 134
ERROR 138
ERROR 140
ERROR 141
ERROR 142
ERROR 146
ERROR 151
ERROR 152
ERROR 157
ERROR 158
ERROR 161
ERROR 166
ERROR 172
ERROR 174
ERROR 175
ERROR 176
ERROR 177
ERROR 178
ERROR 179
ERROR 183
ERROR 193
ERROR 194
ERROR 195
ERROR 196
ERROR 197
ERROR 199
ERROR 200
ERROR 201
ERROR 203
ERROR 206
ERROR 210
ERROR 211
ERROR 215
ERROR 216
ERROR 217
ERROR 220
ERROR 222
ERROR 224
ERROR 225
ERROR 226
ERROR 228
ERROR 229
ERROR 230
ERROR 231
ERROR 232
ERROR 233
ERROR 238
ERROR 240
ERROR 241
ERROR 244
ERROR 246
ERROR 247
ERROR 248
ERROR 250
ERROR 251
ERROR 253
ERROR 260
ERROR 262
ERROR 263
ERROR 266
ERROR 267
ERROR 269
ERROR 273
ERROR 274
ERROR 275
ERROR 276
ERROR 277
ERROR 281
ERROR 283
ERROR 284
ERROR 286
ERROR 288
ERROR 291
ERROR 292
ERROR 295
ERROR 298
ERROR 300
ERROR 301
ERROR 308
ERROR 309
ERROR 310
ERROR 311
ERROR 312
ERROR 315
ERROR 316
ERROR 317
ERROR 318
ERROR 322
ERROR 323
ERROR 324
ERROR 327
ERROR 332
ERROR 337
ERROR 341
ERROR 342
ERROR 344
ERROR 345
ERROR 350
ERROR 351
ERROR 353
ERROR 355
ERROR 356
ERROR 358
ERROR 362
ERROR 365
ERROR 368
ERROR 369
ERROR 370
ERROR 371
ERROR 374
ERROR 375
ERROR 379
ERROR 382
ERROR 383
ERROR 385
ERROR 387
ERROR 388
ERROR 390
ERROR 392
ERROR 394
ERROR 399
ERROR 400
ERROR 401
ERROR 403
ERROR 404
ERROR 407
ERROR 408
ERROR 415
ERROR 416
ERROR 419
ERROR 422
ERROR 423
ERROR 424
ERROR 427
ERROR 434
ERROR 436
ERROR 437
ERROR 440
ERROR 442
ERROR 446
ERROR 448
ERROR 453
ERROR 454
ERROR 455
ERROR 456
ERROR 457
ERROR 458
ERROR 462
ERROR 463
ERROR 464
ERROR 470
ERROR 473
ERROR 474
ERROR 479
ERROR 481
ERROR 488
ERROR 489
ERROR 490
ERROR 492
ERROR 494
ERROR 495
ERROR 497
ERROR 501
ERROR 502
ERROR 503
ERROR 504
ERROR 506
ERROR 512
ERROR 514
ERROR 515
ERROR 517
ERROR 519
ERROR 522
ERROR 524
ERROR 526
ERROR 527
ERROR 528
ERROR 529
ERROR 536
ERROR 538
ERROR 539
ERROR 541
ERROR 543
ERROR 546
ERROR 548
ERROR 552
ERROR 553
ERROR 554
ERROR 557
ERROR 559
ERROR 560
ERROR 563
ERROR 564
ERROR 566
ERROR 568
ERROR 570
ERROR 576
ERROR 579
ERROR 582
ERROR 583
ERROR 585
ERROR 587
ERROR 588
ERROR 589
ERROR 590
ERROR 594
ERROR 595
ERROR 597
ERROR 599
ERROR 600
ERROR 601
ERROR 602
ERROR 605
ERROR 611
ERROR 614
ERROR 615
ERROR 616
ERROR 617
ERROR 620
ERROR 622
ERROR 623
ERROR 627
ERROR 628
ERROR 630
ERROR 632
ERROR 633
ERROR 634
ERROR 639
ERROR 645
ERROR 646
ERROR 648
ERROR 649
ERROR 650
ERROR 652
ERROR 654
ERROR 661
ERROR 663
ERROR 666
ERROR 668
ERROR 669
ERROR 671
ERROR 673
ERROR 674
ERROR 676
ERROR 678
ERROR 680
ERROR 686
ERROR 688
ERROR 691
ERROR 693
ERROR 694
ERROR 695
ERROR 699
ERROR 700
ERROR 701
ERROR 702
ERROR 705
ERROR 706
ERROR 707
ERROR 708
ERROR 710
ERROR 711
ERROR 712
ERROR 714
ERROR 715
ERROR 716
ERROR 717
ERROR 718
ERROR 720
ERROR 721
ERROR 722
ERROR 724
ERROR 727
ERROR 729
ERROR 730
ERROR 731
ERROR 736
ERROR 737
ERROR 739
ERROR 740
ERROR 742
ERROR 743
ERROR 745
ERROR 746
ERROR 748
ERROR 749
ERROR 751
ERROR 752
ERROR 753
ERROR 756
ERROR 759
ERROR 760
ERROR 763
ERROR 764
ERROR 768
ERROR 769
ERROR 770
ERROR 774
ERROR 776
ERROR 777
ERROR 782
ERROR 783
ERROR 785
ERROR 787
ERROR 790
ERROR 793
ERROR 794
ERROR 795
ERROR 797
ERROR 798
ERROR 799
ERROR 800
ERROR 803
ERROR 805
ERROR 807
ERROR 809
ERROR 813
ERROR 814
ERROR 818
ERROR 819
ERROR 820
ERROR 822
ERROR 824
ERROR 827
ERROR 828
ERROR 831
ERROR 832
ERROR 833
ERROR 834
ERROR 836
ERROR 839
ERROR 842
ERROR 844
ERROR 845
ERROR 847
ERROR 848
ERROR 859
ERROR 860
ERROR 861
ERROR 863
ERROR 864
ERROR 866
ERROR 869
ERROR 870
ERROR 872
ERROR 873
ERROR 874
ERROR 875
ERROR 877
ERROR 878
ERROR 879
ERROR 881
ERROR 882
ERROR 883
ERROR 884
ERROR 885
ERROR 886
ERROR 887
ERROR 889
ERROR 890
ERROR 892
ERROR 895
ERROR 897
ERROR 898
ERROR 901
ERROR 903
ERROR 907
ERROR 909
ERROR 913
ERROR 916
ERROR 917
ERROR 922
ERROR 924
ERROR 927
ERROR 928
ERROR 929
ERROR 930
ERROR 931
ERROR 932
ERROR 936
ERROR 940
ERROR 942
ERROR 946
ERROR 947
ERROR 949
ERROR 950
ERROR 954
ERROR 956
ERROR 959
ERROR 962
ERROR 965
ERROR 966
ERROR 967
ERROR 970
ERROR 973
ERROR 976
ERROR 977
ERROR 981
ERROR 982
ERROR 985
ERROR 986
ERROR 987
ERROR 988
ERROR 989
ERROR 994
ERROR 995
ERROR 998
ERROR 1001
ERROR 1005
ERROR 1006
ERROR 1010
ERROR 1011
ERROR 1014
ERROR 1015
ERROR 1016
ERROR 1017
ERROR 1018
ERROR 1020
ERROR 1022
ERROR 1024
ERROR 1028
ERROR 1030
ERROR 1032
ERROR 1033
ERROR 1035
ERROR 1036
ERROR 1038
ERROR 1039
ERROR 1040
ERROR 1041
ERROR 1042
ERROR 1044
ERROR 1045
ERROR 1046
ERROR 1050
ERROR 1055
ERROR 1056
ERROR 1057
ERROR 1061
ERROR 1062
ERROR 1065
ERROR 1068
ERROR 1071
ERROR 1073
ERROR 1074
ERROR 1075
ERROR 1076
ERROR 1077
ERROR 1078
ERROR 1079
ERROR 1080
ERROR 1081
ERROR 1082
ERROR 1084
ERROR 1085
ERROR 1087
ERROR 1088
ERROR 1097
ERROR 1098
ERROR 1103
ERROR 1104
ERROR 1106
ERROR 1109
ERROR 1111
ERROR 1112
ERROR 1113
ERROR 1115
ERROR 1116
ERROR 1117
ERROR 1120
ERROR 1121
ERROR 1123
ERROR 1124
ERROR 1127
ERROR 1130
ERROR 1132
ERROR 1134
ERROR 1136
ERROR 1138
ERROR 1139
ERROR 1141
ERROR 1143
ERROR 1147
ERROR 1150
ERROR 1154
ERROR 1158
ERROR 1162
ERROR 1163
ERROR 1168
ERROR 1169
ERROR 1172
ERROR 1175
ERROR 1176
ERROR 1177
ERROR 1178
ERROR 1182
ERROR 1184
ERROR 1186
ERROR 1193
ERROR 1195
ERROR 1196
ERROR 1200
ERROR 1204
ERROR 1206
ERROR 1213
ERROR 1214
ERROR 1217
ERROR 1218
ERROR 1220
ERROR 1222
ERROR 1224
ERROR 1231
ERROR 1234
ERROR 1235
ERROR 1236
ERROR 1237
ERROR 1239
ERROR 1242
ERROR 1243
ERROR 1244
ERROR 1246
ERROR 1248
ERROR 1250
ERROR 1251
ERROR 1252
ERROR 1254
ERROR 1255
ERROR 1256
ERROR 1257
ERROR 1263
ERROR 1265
ERROR 1266
ERROR 1268
ERROR 1269
ERROR 1271
ERROR 1274
ERROR 1275
ERROR 1276
ERROR 1278
ERROR 1279
ERROR 1280
ERROR 1281
ERROR 1282
ERROR 1284
ERROR 1285
ERROR 1287
ERROR 1290
ERROR 1291
ERROR 1292
ERROR 1293
ERROR 1294
ERROR 1302
ERROR 1306
ERROR 1307
ERROR 1308
ERROR 1310
ERROR 1314
ERROR 1316
ERROR 1318
ERROR 1319
ERROR 1322
ERROR 1323
ERROR 1325
ERROR 1327
ERROR 1328
ERROR 1334
ERROR 1336
ERROR 1338
ERROR 1343
ERROR 1344
ERROR 1353
ERROR 1355
ERROR 1359
ERROR 1360
ERROR 1363
ERROR 1364
ERROR 1368
ERROR 1370
ERROR 1375
ERROR 1376
ERROR 1377
ERROR 1379
ERROR 1381
ERROR 1384
ERROR 1388
ERROR 1390
ERROR 1391
ERROR 1393
ERROR 1396
ERROR 1399
ERROR 1400
ERROR 1402
ERROR 1404
ERROR 1406
ERROR 1407
ERROR 1409
ERROR 1411
ERROR 1412
ERROR 1413
ERROR 1415
ERROR 1416
ERROR 1418
ERROR 1422
ERROR 1426
ERROR 1427
ERROR 1428
ERROR 1431
ERROR 1433
ERROR 1438
ERROR 1439
ERROR 1440
ERROR 1441
ERROR 1443
ERROR 1446
ERROR 1449
ERROR 1450
ERROR 1452
ERROR 1456
ERROR 1459
ERROR 1461
ERROR 1462
ERROR 1464
ERROR 1465
ERROR 1467
ERROR 1468
ERROR 1470
ERROR 1471
ERROR 1474
ERROR 1475
ERROR 1478
ERROR 1480
ERROR 1481
ERROR 1482
ERROR 1485
ERROR 1489
ERROR 1490
ERROR 1491
ERROR 1492
ERROR 1493
ERROR 1495
ERROR 1496
ERROR 1499
ERROR 1500
ERROR 1501
ERROR 1502
ERROR 1503
ERROR 1504
ERROR 1509
ERROR 1513
ERROR 1516
ERROR 1517
ERROR 1518
ERROR 1519
ERROR 1520
ERROR 1523
ERROR 1526
ERROR 1528
ERROR 1529
ERROR 1530
ERROR 1532
ERROR 1534
ERROR 1536
ERROR 1541
ERROR 1542
ERROR 1545
ERROR 1546
ERROR 1547
ERROR 1553
ERROR 1556
ERROR 1557
ERROR 1558
ERROR 1559
ERROR 1561
ERROR 1563
ERROR 1564
ERROR 1567
ERROR 1571
ERROR 1573
ERROR 1574
ERROR 1575
ERROR 1578
ERROR 1579
ERROR 1580
ERROR 1581
ERROR 1582
ERROR 1583
ERROR 1585
ERROR 1586
ERROR 1587
ERROR 1588
ERROR 1590
ERROR 1591
ERROR 1592
ERROR 1598
ERROR 1599
ERROR 1604
ERROR 1605
ERROR 1606
ERROR 1608
ERROR 1610
ERROR 1611
ERROR 1612
ERROR 1614
ERROR 1615
ERROR 1617
ERROR 1619
ERROR 1620
ERROR 1621
ERROR 1623
ERROR 1624
ERROR 1626
ERROR 1627
ERROR 1628
ERROR 1629
ERROR 1632
ERROR 1633
ERROR 1634
ERROR 1635
ERROR 1636
ERROR 1638
ERROR 1640
ERROR 1641
ERROR 1642
ERROR 1643
ERROR 1645
ERROR 1646
ERROR 1648
ERROR 1649
ERROR 1653
ERROR 1654
ERROR 1655
ERROR 1656
ERROR 1657
ERROR 1658
ERROR 1659
ERROR 1662
ERROR 1663
ERROR 1664
ERROR 1669
ERROR 1676
ERROR 1679
ERROR 1683
ERROR 1685
ERROR 1689
ERROR 1690
ERROR 1691
ERROR 1693
ERROR 1697
ERROR 1699
ERROR 1700
ERROR 1701
ERROR 1705
ERROR 1706
ERROR 1708
ERROR 1712
ERROR 1719
ERROR 1720
ERROR 1722
ERROR 1725
ERROR 1726
ERROR 1728
ERROR 1729
ERROR 1732
ERROR 1733
ERROR 1734
ERROR 1735
ERROR 1737
ERROR 1741
ERROR 1744
ERROR 1749
ERROR 1750
ERROR 1752
ERROR 1753
ERROR 1755
ERROR 1756
ERROR 1759
ERROR 1763
ERROR 1764
ERROR 1765
ERROR 1769
ERROR 1770
ERROR 1771
ERROR 1772
ERROR 1773
ERROR 1774
ERROR 1776
ERROR 1784
ERROR 1788
ERROR 1789
ERROR 1790
ERROR 1792
ERROR 1793
ERROR 1794
ERROR 1797
ERROR 1798
ERROR 1799
ERROR 1800
ERROR 1802
ERROR 1805
ERROR 1806
ERROR 1811
ERROR 1812
ERROR 1816
ERROR 1818
ERROR 1821
ERROR 1824
ERROR 1825
ERROR 1827
ERROR 1828
ERROR 1832
ERROR 1836
ERROR 1838
ERROR 1839
ERROR 1842
ERROR 1844
ERROR 1845
ERROR 1846
ERROR 1849
ERROR 1852
ERROR 1855
ERROR 1856
ERROR 1857
ERROR 1860
ERROR 1861
ERROR 1862
ERROR 1863
ERROR 1864
ERROR 1865
ERROR 1866
ERROR 1867
ERROR 1871
ERROR 1872
ERROR 1873
ERROR 1875
ERROR 1878
ERROR 1880
ERROR 1881
ERROR 1882
ERROR 1885
ERROR 1886
ERROR 1887
ERROR 1889
ERROR 1890
ERROR 1895
ERROR 1896
ERROR 1898
ERROR 1901
ERROR 1902
ERROR 1903
ERROR 1905
ERROR 1906
ERROR 1907
ERROR 1910
ERROR 1912
ERROR 1914
