











6;city28;266;116;city18;119;409;city1;19;383;city2;435;104;city26;242;207;city47;274;341;city10;20;400;city32;409;479;city34;305;333;city7;389;414;city20;324;87;city16;484;93;city38;394;261;city19;172;339;city48

30;city33;462;349;city36;490;384;city15;489;149;city27;421;378;city41;271;447;city45;125;4;city13;160;195;city37;150;152;city11;232;239;city21;67;165;city17;157;359;city31


41;city2;453;125;city39;61;318;city10;215;358;city27;140;91;city4
4;city19;441;50;city47;188;433;city43;228;448;city49;186;56;city27;152;432;city39





4;city19;441;50;city47;188;433;city43;228;448;city49;186;56;city27;152;432;city39

48;city5;403;431;city49;113;364;city0;203;230;city10;267;139;city18;157;26;city14;124;17;city9;458;218;city19
48;city5;403;431;city49;113;364;city0;203;230;city10;267;139;city18;157;26;city14;124;17;city9;458;218;city19
40;city47;420;423;city31;436;8;city9;280;457;city37;13;196;city12;298;208;city20





48;city5;403;431;city49;113;364;city0;203;230;city10;267;139;city18;157;26;city14;124;17;city9;458;218;city19


35;city13;427;305;city7;118;472;city46;276;67;city2;82;438;city9;375;462;city20;440;9811;city47;460;406;city17;258;435;city1;398;149;city12;500;496;city23;180;67;city18;360;18;city24
40;city47;420;423;city31;436;8;city9;280;457;city37;13;196;city12;298;208;city20
6;city28;266;116;city18;119;409;city1;19;383;city2;435;104;city26;242;207;city47;274;341;city10;20;400;city32;409;479;city34;305;333;city7;389;414;city20;324;87;city16;484;93;city38;394;261;city19;172;339;city48
40;city47;420;423;city31;436;8;city9;280;457;city37;13;196;city12;298;208;city20

35;city13;427;305;city7;118;472;city46;276;67;city2;82;438;city9;375;462;city20;440;9811;city47;460;406;city17;258;435;city1;398;149;city12;500;496;city23;180;67;city18;360;18;city24




15;city36;13;293;city37;157;281;city41;461;328;city13;394;121;city26;329;272;city30;244;269;city45;499;215;city44;494;169;city48;387;21;city17;98;415;city25;336;173;city21;126;44;city33;227;156;city1;388;101;city28;179;472;city2;209;226;city14


40;city47;420;423;city31;436;8;city9;280;457;city37;13;196;city12;298;208;city20
3;city5;241;144;city3;208;22;city33;468;105;city28;158;96;city22;213;387;city37
24;city23;102;476;city47;439;456;city24;207;327;city48


38;city16;347;370;city3;91;119;city27;272;114;city5;128;418;city12;233;130;city42;14;199;city0;303;438;city28;309;56;city4;18;398;city7;201;447;city37;36;66;city24;78;349;city38;194;477;city31;319;355;city1;192;268;city47;35;105;city9;52;343;city35
30;city33;462;349;city36;490;384;city15;489;149;city27;421;378;city41;271;447;city45;125;4;city13;160;195;city37;150;152;city11;232;239;city21;67;165;city17;157;359;city31
36;city25;405;336;city48

7;city36;248;86;city26;256;450;city19;371;205;city16;126;276;city12;90;232;city35;471;117;city15;265;435;city30
42;city41;316;382;city14;188;261;city24;237;158;city46;149;229;city5;146;446;city44;396;29;city37;63;432;city25;412;411;city20;434;28;city15;31;465;city45;476;340;city33


7;city36;248;86;city26;256;450;city19;371;205;city16;126;276;city12;90;232;city35;471;117;city15;265;435;city30


4;city19;441;50;city47;188;433;city43;228;448;city49;186;56;city27;152;432;city39
49;city9;458;225;city42;464;350;city18;273;355;city40





30;city33;462;349;city36;490;384;city15;489;149;city27;421;378;city41;271;447;city45;125;4;city13;160;195;city37;150;152;city11;232;239;city21;67;165;city17;157;359;city31

30;city33;462;349;city36;490;384;city15;489;149;city27;421;378;city41;271;447;city45;125;4;city13;160;195;city37;150;152;city11;232;239;city21;67;165;city17;157;359;city31
40;city47;420;423;city31;436;8;city9;280;457;city37;13;196;city12;298;208;city20
13;city5;426;194;city48;391;247;city46;101;21;city40;206;400;city20;301;344;city11;150;471;city30

48;city5;403;431;city49;113;364;city0;203;230;city10;267;139;city18;157;26;city14;124;17;city9;458;218;city19

35;city13;427;305;city7;118;472;city46;276;67;city2;82;438;city9;375;462;city20;440;9811;city47;460;406;city17;258;7105;city1;398;149;city12;500;496;city23;180;67;city18;360;18;city24
30;city33;462;349;city36;490;384;city15;489;149;city27;421;378;city41;271;447;city45;125;4;city13;160;195;city37;150;152;city11;232;239;city21;67;165;city17;157;359;city31
9;city28;371;49;city14;483;75;city29;140;8077;city18;61;438;city45

34;city44;331;360;city8
12;city33;157;462;city25;453;150;city27;3;307;city9;383;268;city39;348;140;city46
19;city48;352;376;city42

13;city5;426;194;city48;391;247;city46;101;21;city40;206;400;city20;301;344;city11;150;471;city30
11;city43;124;452;city15;339;44;city1
35;city13;427;305;city7;118;472;city46;276;67;city2;82;438;city9;375;462;city20;440;9811;city47;460;406;city17;258;7105;city1;398;149;city12;500;496;city23;180;67;city18;360;18;city24
24;city23;102;476;city47;439;456;city24;207;327;city48


11;city43;124;452;city15;339;44;city1


3;city5;241;144;city3;208;22;city33;468;105;city28;158;96;city22;213;387;city37
16;city42;438;2014;city27
15;city36;13;293;city37;157;281;city41;461;328;city13;394;121;city26;329;272;city30;244;269;city45;499;215;city44;494;169;city48;387;21;city17;98;415;city25;336;173;city21;126;44;city33;227;156;city1;388;101;city28;179;472;city2;209;226;city14
3;city5;241;144;city3;208;22;city33;468;105;city28;158;96;city22;213;387;city37
12;city33;157;462;city25;453;150;city27;3;307;city9;383;268;city39;348;140;city46
13;city5;426;194;city48;391;247;city46;101;21;city40;206;400;city20;301;344;city11;150;471;city30

44;city38;77;275;city23;144;101;city4;481;218;city29
4;city19;441;50;city47;188;433;city43;228;8020;city49;186;56;city27;152;432;city39

4;city19;441;50;city47;188;433;city43;228;8020;city49;186;56;city27;152;432;city39

2;city45;231;241;city3;42;181;city1;334;358;city48;315;167;city13;238;149;city22;10;282;city49
41;city2;453;125;city39;61;318;city10;215;358;city27;140;91;city4


34;city44;331;360;city8
15;city36;13;293;city37;157;281;city41;461;328;city13;394;121;city26;329;272;city30;244;269;city45;499;215;city44;494;169;city48;387;21;city17;98;415;city25;336;173;city21;126;44;city33;227;156;city1;388;101;city28;179;472;city2;209;226;city14
38;city16;347;370;city3;91;119;city27;272;114;city5;128;418;city12;233;130;city42;14;199;city0;303;438;city28;309;56;city4;18;398;city7;201;447;city37;36;66;city24;78;349;city38;194;477;city31;319;355;city1;192;268;city47;35;105;city9;52;343;city35

49;city9;458;225;city42;464;350;city18;273;355;city40
6;city28;266;116;city18;119;409;city1;19;383;city2;435;104;city26;242;207;city47;274;341;city10;20;400;city32;409;479;city34;305;333;city7;389;414;city20;324;87;city16;484;93;city38;394;261;city19;172;339;city48

6;city28;266;116;city18;119;409;city1;19;383;city2;435;104;city26;242;207;city47;274;341;city10;20;400;city32;409;479;city34;305;333;city7;389;414;city20;324;87;city16;484;93;city38;394;261;city19;172;339;city48






24;city23;102;476;city47;439;456;city24;207;327;city48
11;city43;124;452;city15;339;44;city1
44;city38;77;275;city23;144;101;city4;481;218;city29
6;city28;266;116;city18;119;409;city1;19;383;city2;435;104;city26;242;207;city47;274;341;city10;20;400;city32;409;479;city34;305;333;city7;389;414;city20;324;87;city16;484;93;city38;394;261;city19;172;339;city48
19;city48;352;376;city42
30;city33;462;349;city36;490;384;city15;489;149;city27;421;378;city41;271;447;city45;125;4;city13;160;195;city37;150;152;city11;232;239;city21;67;165;city17;157;359;city31
34;city44;331;360;city8
11;city43;124;452;city15;339;44;city1
4;city19;441;50;city47;188;433;city43;228;8020;city49;186;56;city27;152;432;city39
38;city16;347;370;city3;91;119;city27;272;114;city5;128;418;city12;233;130;city42;14;199;city0;303;438;city28;309;56;city4;18;398;city7;201;447;city37;36;66;city24;78;349;city38;194;477;city31;319;355;city1;192;268;city47;35;105;city9;52;343;city35
21;city1;336;188;city16;28;203;city30


35;city13;427;305;city7;118;472;city46;276;67;city2;82;438;city9;375;462;city20;440;9811;city47;460;406;city17;258;7105;city1;398;149;city12;500;496;city23;180;67;city18;360;18;city24
30;city33;462;349;city36;490;384;city15;489;149;city27;421;378;city41;271;447;city45;125;4;city13;160;195;city37;150;152;city11;232;239;city21;67;165;city17;157;359;city31

38;city16;347;370;city3;91;119;city27;272;114;city5;128;418;city12;233;130;city42;14;199;city0;303;438;city28;309;56;city4;18;398;city7;201;447;city37;36;66;city24;78;349;city38;194;477;city31;319;355;city1;192;268;city47;35;105;city9;52;343;city35
3;city5;241;144;city3;208;22;city33;468;105;city28;158;96;city22;213;387;city37


13;city5;426;194;city48;391;247;city46;101;21;city40;206;400;city20;301;344;city11;150;471;city30

22;city34;297;356;city42;163;70;city24;260;75;city15;107;416;city28;292;494;city3;441;116;city18;22;465;city21;357;48;city35;221;432;city7








30;city33;462;349;city36;490;384;city15;489;149;city27;421;378;city41;271;447;city45;125;4;city13;160;195;city37;150;152;city11;232;239;city21;67;165;city17;157;359;city31
7;city36;248;86;city26;256;450;city19;371;205;city16;126;276;city12;90;232;city35;471;117;city15;265;435;city30


28;city12;353;461;city25;330;123;city19;142;462;city22;396;201;city47;290;393;city30;449;90;city5;254;199;city10;395;126;city28;323;308;city23
30;city33;462;349;city36;490;384;city15;489;149;city27;421;378;city41;271;447;city45;125;4;city13;160;195;city37;150;152;city11;232;239;city21;67;165;city17;157;359;city31
44;city38;77;275;city23;144;101;city4;481;218;city29
46;city15;282;336;city39;262;446;city16;156;28;city26;396;242;city23;69;64;city32;284;423;city5;189;279;city35;489;204;city27;188;234;city29;24;32;city9;218;15;city7
34;city44;331;360;city8
44;city38;77;275;city23;144;101;city4;481;218;city29
44;city38;77;275;city23;144;101;city4;481;218;city29
15;city36;13;293;city37;157;281;city41;461;328;city13;394;121;city26;329;272;city30;244;269;city45;499;215;city44;494;169;city48;387;21;city17;98;415;city25;336;173;city21;126;44;city33;227;156;city1;388;101;city28;179;472;city2;209;226;city14
21;city1;336;188;city16;28;203;city30

34;city44;331;360;city8
3;city5;241;144;city3;208;22;city33;468;105;city28;158;96;city22;213;387;city37
21;city1;336;188;city16;28;203;city30
11;city43;124;452;city15;339;44;city1

5;city35;243;386;city14;115;23;city48

7;city36;248;86;city26;256;450;city19;371;205;city16;126;276;city12;90;232;city35;471;117;city15;265;435;city30
36;city25;405;336;city48
22;city34;297;356;city42;163;70;city24;260;75;city15;107;416;city28;292;494;city3;441;116;city18;22;465;city21;357;48;city35;221;432;city7
36;city25;405;336;city48
12;city33;157;462;city25;453;150;city27;3;307;city9;383;268;city39;348;140;city46
49;city9;458;225;city42;464;350;city18;273;355;city40

13;city5;426;194;city48;391;247;city46;101;21;city40;206;400;city20;301;344;city11;150;471;city30
16;city42;438;2014;city27
13;city5;426;194;city48;391;247;city46;101;21;city40;206;400;city20;301;344;city11;150;471;city30
6;city28;266;116;city18;119;409;city1;19;383;city2;435;104;city26;242;207;city47;274;341;city10;20;400;city32;409;479;city34;305;333;city7;389;414;city20;324;87;city16;484;93;city38;394;261;city19;172;339;city48
11;city43;124;452;city15;339;44;city1

35;city13;427;305;city7;118;472;city46;276;67;city2;82;438;city9;375;462;city20;440;9811;city47;460;406;city17;258;7105;city1;398;149;city12;500;496;city23;180;67;city18;360;18;city24
4;city19;441;50;city47;188;433;city43;228;8020;city49;186;56;city27;152;432;city39
41;city2;453;125;city39;61;318;city10;215;358;city27;140;91;city4
21;city1;336;188;city16;28;203;city30

9;city28;371;49;city14;483;6451;city29;140;8077;city18;61;2752;city45


2;city45;231;241;city3;42;181;city1;334;358;city48;315;167;city13;238;149;city22;10;282;city49
46;city15;282;336;city39;262;446;city16;156;28;city26;396;242;city23;69;7452;city32;284;423;city5;189;279;city35;489;204;city27;188;234;city29;24;32;city9;218;8366;city7
12;city33;157;462;city25;453;150;city27;3;2380;city9;383;268;city39;348;140;city46
2;city45;231;241;city3;42;181;city1;334;358;city48;315;167;city13;238;149;city22;10;282;city49


16;city42;438;2014;city27

35;city13;427;305;city7;118;472;city46;276;67;city2;82;438;city9;375;462;city20;440;9811;city47;460;406;city17;258;7105;city1;398;149;city12;500;496;city23;180;67;city18;360;18;city24
16;city42;438;2014;city27
13;city5;426;194;city48;391;247;city46;101;21;city40;206;400;city20;301;344;city11;150;471;city30
12;city33;157;462;city25;453;150;city27;3;2380;city9;383;268;city39;348;140;city46
15;city36;13;293;city37;157;281;city41;461;328;city13;394;121;city26;329;272;city30;244;269;city45;499;215;city44;494;169;city48;387;21;city17;98;415;city25;336;173;city21;126;44;city33;227;156;city1;388;101;city28;179;472;city2;209;226;city14

2;city45;231;241;city3;42;181;city1;334;358;city48;315;167;city13;238;149;city22;10;282;city49

42;city41;316;382;city14;188;261;city24;237;158;city46;149;229;city5;146;446;city44;396;29;city37;63;432;city25;412;411;city20;434;5693;city15;31;465;city45;476;340;city33
24;city23;102;476;city47;439;456;city24;207;327;city48
44;city38;77;275;city23;144;101;city4;481;218;city29
35;city13;427;305;city7;118;472;city46;276;67;city2;82;438;city9;375;462;city20;440;9811;city47;460;406;city17;258;7105;city1;398;149;city12;500;496;city23;180;67;city18;360;18;city24
15;city36;13;293;city37;157;281;city41;461;328;city13;394;121;city26;329;272;city30;244;269;city45;499;215;city44;494;169;city48;387;21;city17;98;415;city25;336;173;city21;126;44;city33;227;156;city1;388;101;city28;179;472;city2;209;226;city14
3;city5;241;144;city3;208;22;city33;468;105;city28;158;96;city22;213;387;city37




16;city42;438;2014;city27
41;city2;453;125;city39;61;318;city10;215;358;city27;140;91;city4

40;city47;420;423;city31;436;8;city9;280;457;city37;13;196;city12;298;208;city20

44;city38;77;275;city23;144;101;city4;481;218;city29
28;city12;353;461;city25;330;123;city19;142;462;city22;396;201;city47;290;393;city30;449;90;city5;254;199;city10;395;126;city28;323;308;city23

2;city45;231;241;city3;42;181;city1;334;358;city48;315;167;city13;238;149;city22;10;282;city49
42;city41;316;382;city14;188;261;city24;237;158;city46;149;229;city5;146;446;city44;396;29;city37;63;432;city25;412;411;city20;434;5693;city15;31;465;city45;476;340;city33
42;city41;316;382;city14;188;261;city24;237;158;city46;149;229;city5;146;446;city44;396;29;city37;63;432;city25;412;411;city20;434;5693;city15;31;465;city45;476;340;city33
41;city2;453;125;city39;61;318;city10;215;358;city27;140;91;city4
4;city19;441;50;city47;188;433;city43;228;8020;city49;186;56;city27;152;432;city39



6;city28;266;116;city18;119;409;city1;19;383;city2;435;104;city26;242;207;city47;274;341;city10;20;400;city32;409;479;city34;305;333;city7;389;414;city20;324;87;city16;484;93;city38;394;261;city19;172;339;city48
41;city2;453;125;city39;61;318;city10;215;358;city27;140;91;city4

36;city25;405;336;city48


49;city9;458;225;city42;464;350;city18;273;355;city40
12;city33;157;462;city25;453;150;city27;3;2380;city9;383;268;city39;348;140;city46
48;city5;403;431;city49;113;364;city0;203;230;city10;267;9791;city18;157;26;city14;124;17;city9;458;218;city19
15;city36;13;293;city37;157;281;city41;461;328;city13;394;121;city26;329;272;city30;244;269;city45;499;215;city44;494;169;city48;387;21;city17;98;415;city25;336;173;city21;126;44;city33;227;156;city1;388;101;city28;179;472;city2;209;226;city14
35;city13;427;305;city7;118;472;city46;276;67;city2;82;438;city9;375;462;city20;440;9811;city47;460;406;city17;258;7105;city1;398;149;city12;500;496;city23;180;67;city18;360;18;city24
12;city33;157;462;city25;453;150;city27;3;2380;city9;383;268;city39;348;140;city46


22;city34;297;356;city42;163;70;city24;260;75;city15;107;4011;city28;292;494;city3;441;116;city18;22;465;city21;357;48;city35;221;432;city7
