
















151;city246;153;387;city169;60;46;city255;450;416;city110;371;266;city89;108;493;city163;384;375;city240;62;322;city57;309;440;city170;378;16;city272;9;247;city159
125;city158;169;71;city294;225;406;city245;185;225;city89;350;376;city195;114;78;city219;320;270;city132;168;436;city171;283;113;city185;17;210;city118;207;243;city124;223;481;city83;197;188;city192;68;333;city129


132;city245;310;136;city156;415;407;city214;280;259;city113;137;406;city294;295;222;city297;267;332;city205;284;177;city51;235;225;city228;364;72;city290;306;249;city160;413;422;city250;488;32;city170;18;74;city283;199;323;city54;218;345;city218





132;city245;310;136;city156;415;407;city214;280;259;city113;137;406;city294;295;222;city297;267;332;city205;284;177;city51;235;225;city228;364;72;city290;306;249;city160;413;422;city250;488;32;city170;18;74;city283;199;323;city54;218;345;city218
174;city283;300;280;city146;350;63;city159;185;257;city236;155;17;city78;267;347;city274;396;57;city210;466;202;city217;350;64;city179;82;286;city259
144;city228;317;56;city114;473;85;city164;160;368;city230;283;70;city245;129;113;city60;403;447;city280;280;206;city286;131;447;city274;335;248;city239;94;114;city132;204;155;city174;102;299;city75;338;36;city78;218;351;city93;408;428;city72;336;459;city167;326;99;city216;350;397;city143

125;city158;169;71;city294;225;406;city245;185;225;city89;350;376;city195;114;78;city219;320;270;city132;168;436;city171;283;113;city185;17;210;city118;207;243;city124;223;481;city83;197;188;city192;68;333;city129

151;city246;153;387;city169;60;46;city255;450;416;city110;371;266;city89;108;493;city163;384;375;city240;62;322;city57;309;440;city170;378;16;city272;9;247;city159






129;city144;107;118;city239;373;217;city267;41;268;city82;264;128;city213;397;262;city204;414;438;city198;335;227;city71;123;432;city117;191;322;city245;21;450;city126;26;98;city107
156;city288;25;427;city145


152;city259;179;343;city172;431;417;city170
147;city167;128;58;city152;412;130;city169;154;175;city127
147;city167;128;58;city152;412;130;city169;154;175;city127
129;city144;107;118;city239;373;217;city267;41;268;city82;264;128;city213;397;262;city204;414;438;city198;335;227;city71;123;432;city117;191;322;city245;21;450;city126;26;98;city107
140;city267;120;394;city181;364;104;city284;62;271;city296;362;165;city94;205;472;city182;98;356;city133;229;481;city148;92;20;city79;58;243;city126;481;29;city278;84;135;city276;486;427;city68;8;134;city285;265;499;city117;221;499;city98;12;323;city277;140;116;city65;309;202;city191
165;city248;331;492;city220;215;246;city109;172;112;city69;378;162;city293;118;423;city97;360;28;city77;448;90;city137;80;439;city135;421;328;city152;455;42;city178;360;457;city120;385;329;city161;263;201;city286;477;132;city263;108;174;city278

165;city248;331;492;city220;215;246;city109;172;112;city69;378;162;city293;118;423;city97;360;28;city77;448;90;city137;80;439;city135;421;328;city152;455;42;city178;360;457;city120;385;329;city161;263;201;city286;477;132;city263;108;174;city278

173;city104;125;493;city243;429;379;city73;350;222;city61;325;112;city174;24;34;city274
142;city281;252;125;city166;223;239;city206;496;159;city60;297;434;city58;83;488;city54;12;478;city52;122;71;city57;65;175;city234;228;280;city63;44;332;city123;364;22;city111;135;410;city78;137;232;city67;97;280;city290;275;459;city293;440;404;city280;429;351;city192
151;city246;153;387;city169;60;46;city255;450;416;city110;371;266;city89;108;493;city163;384;375;city240;62;322;city57;309;440;city170;378;16;city272;9;247;city159
151;city246;153;387;city169;60;46;city255;450;416;city110;371;266;city89;108;493;city163;384;375;city240;62;322;city57;309;440;city170;378;16;city272;9;247;city159
144;city228;317;56;city114;473;85;city164;160;368;city230;283;70;city245;129;113;city60;403;447;city280;280;206;city286;131;447;city274;335;248;city239;94;114;city132;204;155;city174;102;299;city75;338;36;city78;218;351;city93;408;428;city72;336;459;city167;326;99;city216;350;397;city143
140;city267;120;394;city181;364;104;city284;62;271;city296;362;165;city94;205;472;city182;98;356;city133;229;481;city148;92;20;city79;58;243;city126;481;29;city278;84;135;city276;486;427;city68;8;134;city285;265;499;city117;221;499;city98;12;323;city277;140;116;city65;309;202;city191

155;city74;438;392;city299;494;299;city261;438;426;city140;128;321;city181;203;197;city65;332;353;city62;150;249;city123;279;370;city145;310;414;city229;490;366;city67;260;247;city218;217;370;city55
144;city228;317;56;city114;473;85;city164;160;368;city230;283;70;city245;129;113;city60;403;447;city280;280;206;city286;131;447;city274;335;248;city239;94;114;city132;204;155;city174;102;299;city75;338;36;city78;218;351;city93;408;428;city72;336;459;city167;326;99;city216;350;397;city143
147;city167;128;58;city152;412;130;city169;154;175;city127
173;city104;125;493;city243;429;379;city73;350;222;city61;325;112;city174;24;34;city274




151;city246;153;387;city169;60;46;city255;450;416;city110;371;266;city89;108;493;city163;384;375;city240;62;322;city57;309;440;city170;378;16;city272;9;247;city159
137;city87;489;56;city151;223;299;city236;375;195;city288;286;479;city274;320;388;city85;47;39;city279;412;216;city149;374;19;city79;268;301;city239;275;297;city95;195;114;city107;336;487;city108;413;337;city150;401;483;city67;269;68;city183;12;430;city188;332;69;city172;35;57;city76

125;city158;169;71;city294;225;406;city245;185;225;city89;350;376;city195;114;78;city219;320;270;city132;168;436;city171;283;113;city185;17;210;city118;207;243;city124;223;481;city83;197;188;city192;68;333;city129



125;city158;169;71;city294;225;406;city245;185;225;city89;350;376;city195;114;78;city219;320;270;city132;168;436;city171;283;113;city185;17;210;city118;207;243;city124;223;481;city83;197;188;city192;68;333;city129
165;city248;331;492;city220;215;246;city109;172;112;city69;378;162;city293;118;423;city97;360;28;city77;448;90;city137;80;439;city135;421;328;city152;455;42;city178;360;457;city120;385;329;city161;263;201;city286;477;132;city263;108;174;city278
167;city122;281;442;city53;158;440;city223;14;120;city127;252;62;city64;144;123;city90;298;281;city151;261;401;city70;175;336;city276;405;140;city116;367;491;city114;400;34;city191;347;152;city145;97;192;city246
173;city104;125;493;city243;429;379;city73;350;222;city61;325;112;city174;24;34;city274
144;city228;317;56;city114;473;85;city164;160;368;city230;283;70;city245;129;113;city60;403;447;city280;280;206;city286;131;447;city274;335;248;city239;94;114;city132;204;155;city174;102;299;city75;338;36;city78;218;351;city93;408;428;city72;336;459;city167;326;99;city216;350;397;city143

141;city50;158;238;city179;343;267;city207;46;394;city283;390;412;city255;108;318;city160;92;487;city274;172;289;city188;254;456;city106;416;498;city111;23;151;city173;136;224;city70;60;343;city217;489;3;city236;42;141;city239;439;97;city101
151;city246;153;387;city169;60;46;city255;450;416;city110;371;266;city89;108;493;city163;384;375;city240;62;322;city57;309;440;city170;378;16;city272;9;247;city159
136;city200;14;412;city250;252;20;city217;54;63;city258;311;37;city112;131;354;city187;342;146;city141;260;167;city246;284;183;city289;146;61;city81
169;city89;101;341;city241;288;174;city266;331;11;city127;453;171;city189;295;321;city155

137;city87;489;56;city151;223;299;city236;375;195;city288;286;479;city274;320;388;city85;47;39;city279;412;216;city149;374;19;city79;268;301;city239;275;297;city95;195;114;city107;336;487;city108;413;337;city150;401;483;city67;269;68;city183;12;430;city188;332;69;city172;35;57;city76
148;city219;157;237;city76;5;173;city74;414;61;city238;112;156;city131
155;city74;438;392;city299;494;299;city261;438;426;city140;128;321;city181;203;197;city65;332;353;city62;150;249;city123;279;370;city145;310;414;city229;490;366;city67;260;247;city218;217;370;city55


164;city270;366;423;city204;368;15;city115;396;499;city145
152;city259;179;343;city172;431;417;city170
170;city287;417;438;city199;9;17;city106;165;128;city79;338;322;city168;277;14;city177;9;348;city126;140;322;city75
151;city246;153;387;city169;60;46;city255;450;416;city110;371;266;city89;108;493;city163;384;375;city240;62;322;city57;309;440;city170;378;16;city272;9;247;city159
150;city260;412;484;city294;376;312;city120;362;357;city171;107;227;city209;234;172;city272;400;426;city55;30;319;city147;294;389;city287;8;450;city180;112;234;city208;286;161;city95;420;310;city128;246;26;city219

125;city158;169;71;city294;225;406;city245;185;225;city89;350;376;city195;114;78;city219;320;270;city132;168;436;city171;283;113;city185;17;210;city118;207;243;city124;223;481;city83;197;188;city192;68;333;city129
125;city158;169;71;city294;225;406;city245;185;225;city89;350;376;city195;114;78;city219;320;270;city132;168;436;city171;283;113;city185;17;210;city118;207;243;city124;223;481;city83;197;188;city192;68;333;city129
164;city270;366;423;city204;368;15;city115;396;499;city145
125;city158;169;71;city294;225;406;city245;185;225;city89;350;376;city195;114;78;city219;320;270;city132;168;436;city171;283;113;city185;17;210;city118;207;243;city124;223;481;city83;197;188;city192;68;333;city129
145;city262;431;90;city155;458;212;city71;482;213;city120;200;316;city177;380;375;city264;218;473;city214;320;84;city171;110;3;city54;208;168;city101;79;169;city134;210;471;city192;493;150;city246;20;160;city81;490;340;city199;222;358;city140;467;218;city160;321;283;city282
138;city58;182;462;city249;126;381;city222;158;271;city216;490;212;city134;80;489;city296;397;297;city135;378;76;city269;373;367;city271;104;294;city233
171;city253;277;469;city75;471;440;city211;147;490;city274
129;city144;107;118;city239;373;217;city267;41;268;city82;264;128;city213;397;262;city204;414;438;city198;335;227;city71;123;432;city117;191;322;city245;21;450;city126;26;98;city107

163;city105;47;303;city225;237;353;city183;55;111;city170;477;301;city255;34;92;city281;264;193;city222;73;461;city290
147;city167;128;58;city152;412;130;city169;154;175;city127
149;city270;436;154;city271;121;26;city256;382;102;city285;411;237;city200;315;269;city95;271;338;city205;218;160;city220;33;335;city213;232;431;city108;56;74;city91;39;325;city209;11;228;city295;19;222;city223;452;39;city190;331;88;city184;11;305;city230;464;161;city227
145;city262;431;90;city155;458;212;city71;482;213;city120;200;316;city177;380;375;city264;218;473;city214;320;84;city171;110;3;city54;208;168;city101;79;169;city134;210;471;city192;493;150;city246;20;160;city81;490;340;city199;222;358;city140;467;218;city160;321;283;city282
154;city199;313;46;city124;35;96;city111;86;233;city299;452;137;city80;151;499;city260;477;108;city137
169;city89;101;341;city241;288;174;city266;331;11;city127;453;171;city189;295;321;city155
164;city270;366;423;city204;368;15;city115;396;499;city145
127;city84;329;195;city163;78;259;city108;384;164;city247
152;city259;179;343;city172;431;417;city170
149;city270;436;154;city271;121;26;city256;382;102;city285;411;237;city200;315;269;city95;271;338;city205;218;160;city220;33;335;city213;232;431;city108;56;74;city91;39;325;city209;11;228;city295;19;222;city223;452;39;city190;331;88;city184;11;305;city230;464;161;city227
169;city89;101;341;city241;288;174;city266;331;11;city127;453;171;city189;295;321;city155
135;city246;448;229;city287;464;228;city292;121;189;city79;489;279;city68;158;479;city62;194;213;city203;413;298;city100;124;271;city255;253;215;city71
160;city296;453;25;city243;154;494;city178;276;58;city148;95;104;city126;220;121;city98;256;128;city196;84;151;city215;45;79;city283;270;185;city103;372;238;city155;364;5;city167;24;293;city291;301;34;city216;464;235;city71;449;455;city168;67;424;city162
125;city158;169;71;city294;225;406;city245;185;225;city89;350;376;city195;114;78;city219;320;270;city132;168;436;city171;283;113;city185;17;210;city118;207;243;city124;223;481;city83;197;188;city192;68;333;city129
130;city286;175;337;city69;74;353;city89;225;155;city175;107;83;city161;227;129;city106;67;313;city176;68;433;city204;293;259;city284;38;471;city193;364;160;city179;500;226;city153
155;city74;438;392;city299;494;299;city261;438;426;city140;128;321;city181;203;197;city65;332;353;city62;150;249;city123;279;370;city145;310;414;city229;490;366;city67;260;247;city218;217;370;city55
158;city85;21;412;city174;357;446;city212;257;338;city263;69;401;city74;473;356;city103;62;94;city279;487;264;city125;215;100;city62;288;213;city248;333;57;city244;324;258;city145
137;city87;489;56;city151;223;299;city236;375;195;city288;286;479;city274;320;388;city85;47;39;city279;412;216;city149;374;19;city79;268;301;city239;275;297;city95;195;114;city107;336;487;city108;413;337;city150;401;483;city67;269;68;city183;12;430;city188;332;69;city172;35;57;city76
133;city125;134;494;city297;9;177;city172;273;416;city198;66;314;city192;88;293;city216;474;82;city52;160;453;city236;164;304;city109;300;251;city226;368;428;city174
171;city253;277;469;city75;471;440;city211;147;490;city274
156;city288;25;427;city145
133;city125;134;494;city297;9;177;city172;273;416;city198;66;314;city192;88;293;city216;474;82;city52;160;453;city236;164;304;city109;300;251;city226;368;428;city174
166;city93;214;105;city241;374;447;city125;414;214;city144;473;449;city73;452;352;city160;92;268;city107;453;432;city153;364;186;city99;343;369;city225
137;city87;489;56;city151;223;299;city236;375;195;city288;286;479;city274;320;388;city85;47;39;city279;412;216;city149;374;19;city79;268;301;city239;275;297;city95;195;114;city107;336;487;city108;413;337;city150;401;483;city67;269;68;city183;12;430;city188;332;69;city172;35;57;city76
128;city290;106;265;city182;315;237;city273;153;443;city181;68;195;city200;392;130;city216;386;62;city132;35;68;city267;481;64;city123;222;435;city164;267;278;city265;152;323;city178;347;364;city262;203;72;city255;400;213;city237;349;356;city235;196;311;city241;169;325;city263;280;165;city87;59;47;city78
159;city172;219;314;city162;130;478;city228;340;103;city222;419;49;city248;164;205;city264;285;87;city158;76;185;city61;174;155;city166;146;414;city150;109;297;city196;201;374;city295;118;296;city217;118;94;city214;493;428;city238;459;311;city235;113;226;city125
144;city228;317;56;city114;473;85;city164;160;368;city230;283;70;city245;129;113;city60;403;447;city280;280;206;city286;131;447;city274;335;248;city239;94;114;city132;204;155;city174;102;299;city75;338;36;city78;218;351;city93;408;428;city72;336;459;city167;326;99;city216;350;397;city143
129;city144;107;118;city239;373;217;city267;41;268;city82;264;128;city213;397;262;city204;414;438;city198;335;227;city71;123;432;city117;191;322;city245;21;450;city126;26;98;city107
134;city237;96;422;city99;473;487;city248;341;331;city255;117;491;city211;293;196;city172;231;258;city178;256;331;city187;183;176;city146;14;410;city293;12;435;city58;276;361;city245;185;86;city57;287;111;city158;211;427;city92
141;city50;158;238;city179;343;267;city207;46;394;city283;390;412;city255;108;318;city160;92;487;city274;172;289;city188;254;456;city106;416;498;city111;23;151;city173;136;224;city70;60;343;city217;489;3;city236;42;141;city239;439;97;city101
155;city74;438;392;city299;494;299;city261;438;426;city140;128;321;city181;203;197;city65;332;353;city62;150;249;city123;279;370;city145;310;414;city229;490;366;city67;260;247;city218;217;370;city55
131;city289;368;156;city217;114;411;city136;429;339;city228;390;219;city277;260;391;city283;335;40;city72;375;63;city66;109;107;city90;471;488;city120;65;92;city63;267;58;city69;184;449;city200
151;city246;153;387;city169;60;46;city255;450;416;city110;371;266;city89;108;493;city163;384;375;city240;62;322;city57;309;440;city170;378;16;city272;9;247;city159
138;city58;182;462;city249;126;381;city222;158;271;city216;490;212;city134;80;489;city296;397;297;city135;378;76;city269;373;367;city271;104;294;city233
171;city253;277;469;city75;471;440;city211;147;490;city274
163;city105;47;303;city225;237;353;city183;55;111;city170;477;301;city255;34;92;city281;264;193;city222;73;461;city290
146;city140;366;121;city286;15;75;city107;57;155;city143;203;370;city163;190;494;city284;322;350;city151;399;178;city191;57;60;city99;245;464;city103;120;410;city183;226;54;city128;451;472;city296;203;38;city211;393;431;city82;169;381;city170;471;63;city106;210;99;city203;247;198;city176
150;city260;412;484;city294;376;312;city120;362;357;city171;107;227;city209;234;172;city272;400;426;city55;30;319;city147;294;389;city287;8;450;city180;112;234;city208;286;161;city95;420;310;city128;246;26;city219

174;city283;300;280;city146;350;63;city159;185;257;city236;155;17;city78;267;347;city274;396;57;city210;466;202;city217;350;64;city179;82;286;city259
131;city289;368;156;city217;114;411;city136;429;339;city228;390;219;city277;260;391;city283;335;40;city72;375;63;city66;109;107;city90;471;488;city120;65;92;city63;267;58;city69;184;449;city200
125;city158;169;71;city294;225;406;city245;185;225;city89;350;376;city195;114;78;city219;320;270;city132;168;436;city171;283;113;city185;17;210;city118;207;243;city124;223;481;city83;197;188;city192;68;333;city129
136;city200;14;412;city250;252;20;city217;54;63;city258;311;37;city112;131;354;city187;342;146;city141;260;167;city246;284;183;city289;146;61;city81

153;city241;418;498;city104
141;city50;158;238;city179;343;267;city207;46;394;city283;390;412;city255;108;318;city160;92;487;city274;172;289;city188;254;456;city106;416;498;city111;23;151;city173;136;224;city70;60;343;city217;489;3;city236;42;141;city239;439;97;city101
163;city105;47;303;city225;237;353;city183;55;111;city170;477;301;city255;34;92;city281;264;193;city222;73;461;city290
134;city237;96;422;city99;473;487;city248;341;331;city255;117;491;city211;293;196;city172;231;258;city178;256;331;city187;183;176;city146;14;410;city293;12;435;city58;276;361;city245;185;86;city57;287;111;city158;211;427;city92
144;city228;317;56;city114;473;85;city164;160;368;city230;283;70;city245;129;113;city60;403;447;city280;280;206;city286;131;447;city274;335;248;city239;94;114;city132;204;155;city174;102;299;city75;338;36;city78;218;351;city93;408;428;city72;336;459;city167;326;99;city216;350;397;city143
131;city289;368;156;city217;114;411;city136;429;339;city228;390;219;city277;260;391;city283;335;40;city72;375;63;city66;109;107;city90;471;488;city120;65;92;city63;267;58;city69;184;449;city200
150;city260;412;484;city294;376;312;city120;362;357;city171;107;227;city209;234;172;city272;400;426;city55;30;319;city147;294;389;city287;8;450;city180;112;234;city208;286;161;city95;420;310;city128;246;26;city219
151;city246;153;387;city169;60;46;city255;450;416;city110;371;266;city89;108;493;city163;384;375;city240;62;322;city57;309;440;city170;378;16;city272;9;247;city159
161;city134;33;438;city170;423;436;city124;129;172;city278;50;179;city202;9;455;city115;419;99;city102;132;153;city117;413;6010;city222;193;273;city224;58;40;city212;440;267;city113;159;54;city178;106;109;city95;378;174;city138
137;city87;489;56;city151;223;299;city236;375;195;city288;286;479;city274;320;388;city85;47;39;city279;412;216;city149;374;19;city79;268;301;city239;275;297;city95;195;114;city107;336;487;city108;413;337;city150;401;483;city67;269;68;city183;12;430;city188;332;69;city172;35;57;city76
148;city219;157;237;city76;5;173;city74;414;61;city238;112;156;city131
165;city248;331;492;city220;215;246;city109;172;112;city69;378;162;city293;118;423;city97;360;28;city77;448;90;city137;80;439;city135;421;328;city152;455;42;city178;360;457;city120;385;329;city161;263;201;city286;477;132;city263;108;174;city278
172;city175;41;203;city184;390;415;city209;473;48;city100;391;128;city298;347;268;city61
129;city144;107;118;city239;373;217;city267;41;268;city82;264;128;city213;397;262;city204;414;438;city198;335;227;city71;123;432;city117;191;322;city245;21;450;city126;26;98;city107
173;city104;125;493;city243;429;379;city73;350;222;city61;325;112;city174;24;34;city274
161;city134;33;438;city170;423;436;city124;129;172;city278;50;179;city202;9;455;city115;419;99;city102;132;153;city117;413;6010;city222;193;273;city224;58;40;city212;440;267;city113;159;54;city178;106;109;city95;378;174;city138
133;city125;134;494;city297;9;177;city172;273;416;city198;66;314;city192;88;293;city216;474;82;city52;160;453;city236;164;304;city109;300;251;city226;368;428;city174
174;city283;300;280;city146;350;63;city159;185;257;city236;155;17;city78;267;347;city274;396;57;city210;466;202;city217;350;64;city179;82;286;city259
133;city125;134;494;city297;9;177;city172;273;416;city198;66;314;city192;88;293;city216;474;82;city52;160;453;city236;164;304;city109;300;251;city226;368;428;city174
127;city84;329;195;city163;78;259;city108;384;164;city247
166;city93;214;105;city241;374;447;city125;414;214;city144;473;449;city73;452;352;city160;92;268;city107;453;432;city153;364;186;city99;343;369;city225
148;city219;157;237;city76;5;173;city74;414;61;city238;112;156;city131
162;city246;445;443;city92;160;360;city56;198;164;city75;266;439;city140;469;363;city252;431;411;city137;336;277;city51;498;32;city158;103;492;city208;452;229;city239;37;61;city176;202;400;city255;289;192;city266;251;474;city161;65;159;city237;374;6873;city199
174;city283;300;280;city146;350;63;city159;185;257;city236;155;17;city78;267;347;city274;396;57;city210;466;202;city217;350;64;city179;82;286;city259
130;city286;175;337;city69;74;353;city89;225;155;city175;107;83;city161;227;129;city106;67;313;city176;68;433;city204;293;259;city284;38;471;city193;364;160;city179;500;226;city153
159;city172;219;314;city162;130;478;city228;340;103;city222;419;49;city248;164;205;city264;285;87;city158;76;185;city61;174;155;city166;146;414;city150;109;297;city196;201;374;city295;118;296;city217;118;94;city214;493;428;city238;459;311;city235;113;226;city125
167;city122;281;442;city53;158;440;city223;14;120;city127;252;62;city64;144;123;city90;298;281;city151;261;401;city70;175;336;city276;405;140;city116;367;491;city114;400;34;city191;347;152;city145;97;192;city246
133;city125;134;494;city297;9;177;city172;273;416;city198;66;314;city192;88;293;city216;474;82;city52;160;453;city236;164;304;city109;300;251;city226;368;428;city174
139;city268;332;272;city265;356;119;city176;237;65;city250;422;107;city145;19;304;city100
151;city246;153;387;city169;60;46;city255;450;416;city110;371;266;city89;108;493;city163;384;375;city240;62;322;city57;309;440;city170;378;16;city272;9;247;city159
157;city72;27;496;city92;91;479;city273;142;177;city94;324;430;city258;44;204;city103;426;5;city122
164;city270;366;423;city204;368;15;city115;396;499;city145
134;city237;96;422;city99;473;487;city248;341;331;city255;117;491;city211;293;196;city172;231;258;city178;256;331;city187;183;176;city146;14;410;city293;12;435;city58;276;361;city245;185;86;city57;287;111;city158;211;427;city92
154;city199;313;46;city124;35;96;city111;86;233;city299;452;137;city80;151;499;city260;477;108;city137
134;city237;96;422;city99;473;487;city248;341;331;city255;117;491;city211;293;196;city172;231;258;city178;256;331;city187;183;176;city146;14;410;city293;12;435;city58;276;361;city245;185;86;city57;287;111;city158;211;427;city92
164;city270;366;423;city204;368;15;city115;396;499;city145
161;city134;33;438;city170;423;436;city124;129;172;city278;50;179;city202;9;455;city115;419;99;city102;132;153;city117;413;6010;city222;193;273;city224;58;40;city212;440;267;city113;159;54;city178;106;109;city95;378;174;city138
140;city267;120;394;city181;364;104;city284;62;271;city296;362;165;city94;205;472;city182;98;356;city133;229;481;city148;92;20;city79;58;243;city126;481;29;city278;84;135;city276;486;427;city68;8;134;city285;265;499;city117;221;499;city98;12;323;city277;140;116;city65;309;202;city191
147;city167;128;58;city152;412;130;city169;154;175;city127
128;city290;106;265;city182;315;237;city273;153;443;city181;68;195;city200;392;130;city216;386;62;city132;35;68;city267;481;64;city123;222;435;city164;267;278;city265;152;323;city178;347;364;city262;203;72;city255;400;213;city237;349;356;city235;196;311;city241;169;325;city263;280;165;city87;59;47;city78
126;city161;211;161;city137;205;285;city236;444;416;city82;250;51;city190;384;4;city254;168;412;city192;129;411;city63
166;city93;214;105;city241;374;447;city125;414;214;city144;473;449;city73;452;352;city160;92;268;city107;453;432;city153;364;186;city99;343;369;city225
169;city89;101;341;city241;288;174;city266;331;11;city127;453;171;city189;295;321;city155
159;city172;219;314;city162;130;478;city228;340;103;city222;419;49;city248;164;205;city264;285;87;city158;76;185;city61;174;155;city166;146;414;city150;109;297;city196;201;374;city295;118;296;city217;118;94;city214;493;428;city238;459;311;city235;113;226;city125
130;city286;175;337;city69;74;353;city89;225;155;city175;107;83;city161;227;129;city106;67;313;city176;68;433;city204;293;259;city284;38;471;city193;364;160;city179;500;226;city153
171;city253;277;469;city75;471;440;city211;147;490;city274
155;city74;438;392;city299;494;299;city261;438;426;city140;128;321;city181;203;197;city65;332;353;city62;150;249;city123;279;370;city145;310;414;city229;490;366;city67;260;247;city218;217;370;city55
152;city259;179;343;city172;431;417;city170
143;city109;356;37;city211;482;378;city56;153;410;city194;335;394;city234;433;283;city270;158;321;city188;481;465;city142;89;317;city265;179;246;city89;484;273;city204;388;430;city208;122;306;city92;267;232;city53;222;125;city140;113;406;city176;273;58;city114;92;215;city151;241;368;city82
163;city105;47;303;city225;237;353;city183;55;111;city170;477;301;city255;34;92;city281;264;193;city222;73;461;city290
132;city245;310;136;city156;415;407;city214;280;259;city113;137;406;city294;295;222;city297;267;332;city205;284;177;city51;235;225;city228;364;72;city290;306;249;city160;413;422;city250;488;32;city170;18;74;city283;199;323;city54;218;345;city218
140;city267;120;394;city181;364;104;city284;62;271;city296;362;165;city94;205;472;city182;98;356;city133;229;481;city148;92;20;city79;58;243;city126;481;29;city278;84;135;city276;486;427;city68;8;134;city285;265;499;city117;221;499;city98;12;323;city277;140;116;city65;309;202;city191
135;city246;448;229;city287;464;228;city292;121;189;city79;489;279;city68;158;479;city62;194;213;city203;413;298;city100;124;271;city255;253;215;city71
141;city50;158;238;city179;343;267;city207;46;394;city283;390;412;city255;108;318;city160;92;487;city274;172;289;city188;254;456;city106;416;498;city111;23;151;city173;136;224;city70;60;343;city217;489;3;city236;42;141;city239;439;97;city101
174;city283;300;280;city146;350;63;city159;185;257;city236;155;17;city78;267;347;city274;396;57;city210;466;202;city217;350;64;city179;82;286;city259
132;city245;310;136;city156;415;407;city214;280;259;city113;137;406;city294;295;222;city297;267;332;city205;284;177;city51;235;225;city228;364;72;city290;306;249;city160;413;422;city250;488;32;city170;18;74;city283;199;323;city54;218;345;city218
150;city260;412;484;city294;376;312;city120;362;357;city171;107;227;city209;234;172;city272;400;426;city55;30;319;city147;294;389;city287;8;450;city180;112;234;city208;286;161;city95;420;310;city128;246;26;city219
154;city199;313;46;city124;35;96;city111;86;233;city299;452;137;city80;151;499;city260;477;108;city137
147;city167;128;58;city152;412;130;city169;154;175;city127
147;city167;128;58;city152;412;130;city169;154;175;city127
170;city287;417;438;city199;9;17;city106;165;128;city79;338;322;city168;277;14;city177;9;348;city126;140;322;city75
140;city267;120;394;city181;364;104;city284;62;271;city296;362;165;city94;205;472;city182;98;356;city133;229;481;city148;92;20;city79;58;243;city126;481;29;city278;84;135;city276;486;427;city68;8;134;city285;265;499;city117;221;499;city98;12;323;city277;140;116;city65;309;202;city191
142;city281;252;125;city166;223;239;city206;496;159;city60;297;434;city58;83;488;city54;12;478;city52;122;71;city57;65;175;city234;228;280;city63;44;332;city123;364;22;city111;135;410;city78;137;232;city67;97;280;city290;275;459;city293;440;404;city280;429;351;city192
166;city93;214;105;city241;374;447;city125;414;214;city144;473;449;city73;452;352;city160;92;268;city107;453;432;city153;364;186;city99;343;369;city225
125;city158;169;71;city294;225;406;city245;185;225;city89;350;376;city195;114;78;city219;320;270;city132;168;436;city171;283;113;city185;17;210;city118;207;243;city124;223;481;city83;197;188;city192;68;333;city129
140;city267;120;394;city181;364;104;city284;62;271;city296;362;165;city94;205;472;city182;98;356;city133;229;481;city148;92;20;city79;58;243;city126;481;29;city278;84;135;city276;486;427;city68;8;134;city285;265;499;city117;221;499;city98;12;323;city277;140;116;city65;309;202;city191
135;city246;448;229;city287;464;228;city292;121;189;city79;489;279;city68;158;479;city62;194;213;city203;413;298;city100;124;271;city255;253;215;city71
149;city270;436;154;city271;121;26;city256;382;102;city285;411;237;city200;315;269;city95;271;338;city205;218;160;city220;33;335;city213;232;431;city108;56;74;city91;39;325;city209;11;228;city295;19;222;city223;452;39;city190;331;88;city184;11;305;city230;464;161;city227
169;city89;101;341;city241;288;174;city266;331;11;city127;453;171;city189;295;321;city155
162;city246;445;443;city92;160;360;city56;198;164;city75;266;439;city140;469;363;city252;431;411;city137;336;277;city51;498;32;city158;103;492;city208;452;229;city239;37;61;city176;202;400;city255;289;192;city266;251;474;city161;65;159;city237;374;6873;city199
152;city259;179;343;city172;431;417;city170
148;city219;157;237;city76;5;173;city74;414;61;city238;112;156;city131
163;city105;47;303;city225;237;353;city183;55;111;city170;477;301;city255;34;92;city281;264;193;city222;73;461;city290
150;city260;412;484;city294;376;312;city120;362;357;city171;107;227;city209;234;172;city272;400;426;city55;30;319;city147;294;389;city287;8;450;city180;112;234;city208;286;161;city95;420;310;city128;246;26;city219
168;city126;125;47;city263;169;211;city235;295;74;city221;222;194;city68;224;143;city181
145;city262;431;90;city155;458;212;city71;482;213;city120;200;316;city177;380;375;city264;218;473;city214;320;84;city171;110;3;city54;208;168;city101;79;169;city134;210;471;city192;493;150;city246;20;160;city81;490;340;city199;222;358;city140;467;218;city160;321;283;city282
149;city270;436;154;city271;121;26;city256;382;102;city285;411;237;city200;315;269;city95;271;338;city205;218;160;city220;33;335;city213;232;431;city108;56;74;city91;39;325;city209;11;228;city295;19;222;city223;452;39;city190;331;88;city184;11;305;city230;464;161;city227
134;city237;96;422;city99;473;487;city248;341;331;city255;117;491;city211;293;196;city172;231;258;city178;256;331;city187;183;176;city146;14;410;city293;12;435;city58;276;361;city245;185;86;city57;287;111;city158;211;427;city92
150;city260;412;484;city294;376;312;city120;362;357;city171;107;227;city209;234;172;city272;400;426;city55;30;319;city147;294;389;city287;8;450;city180;112;234;city208;286;161;city95;420;310;city128;246;26;city219
170;city287;417;438;city199;9;17;city106;165;128;city79;338;322;city168;277;14;city177;9;348;city126;140;322;city75
134;city237;96;422;city99;473;487;city248;341;331;city255;117;491;city211;293;196;city172;231;258;city178;256;331;city187;183;176;city146;14;410;city293;12;435;city58;276;361;city245;185;86;city57;287;111;city158;211;427;city92
161;city134;33;438;city170;423;436;city124;129;172;city278;50;179;city202;9;455;city115;419;99;city102;132;153;city117;413;6010;city222;193;273;city224;58;40;city212;440;267;city113;159;54;city178;106;109;city95;378;174;city138
165;city248;331;492;city220;215;246;city109;172;112;city69;378;162;city293;118;423;city97;360;28;city77;448;90;city137;80;439;city135;421;328;city152;455;42;city178;360;457;city120;385;329;city161;263;201;city286;477;132;city263;108;174;city278
143;city109;356;37;city211;482;378;city56;153;410;city194;335;394;city234;433;283;city270;158;321;city188;481;465;city142;89;317;city265;179;246;city89;484;273;city204;388;430;city208;122;306;city92;267;232;city53;222;125;city140;113;406;city176;273;58;city114;92;215;city151;241;368;city82
168;city126;125;47;city263;169;211;city235;295;74;city221;222;194;city68;224;143;city181
138;city58;182;462;city249;126;381;city222;158;271;city216;490;212;city134;80;489;city296;397;297;city135;378;76;city269;373;367;city271;104;294;city233
158;city85;21;412;city174;357;446;city212;257;338;city263;69;401;city74;473;356;city103;62;94;city279;487;264;city125;215;100;city62;288;213;city248;333;57;city244;324;258;city145
150;city260;412;484;city294;376;312;city120;362;357;city171;107;227;city209;234;172;city272;400;426;city55;30;319;city147;294;389;city287;8;450;city180;112;234;city208;286;161;city95;420;310;city128;246;26;city219
152;city259;179;343;city172;431;417;city170
163;city105;47;303;city225;237;353;city183;55;111;city170;477;301;city255;34;92;city281;264;193;city222;73;461;city290
143;city109;356;37;city211;482;378;city56;153;410;city194;335;394;city234;433;283;city270;158;321;city188;481;465;city142;89;317;city265;179;246;city89;484;273;city204;388;430;city208;122;306;city92;267;232;city53;222;125;city140;113;406;city176;273;58;city114;92;215;city151;241;368;city82
142;city281;252;125;city166;223;239;city206;496;159;city60;297;434;city58;83;488;city54;12;478;city52;122;71;city57;65;175;city234;228;280;city63;44;332;city123;364;22;city111;135;410;city78;137;232;city67;97;280;city290;275;459;city293;440;404;city280;429;351;city192
135;city246;448;229;city287;464;228;city292;121;189;city79;489;279;city68;158;479;city62;194;213;city203;413;298;city100;124;271;city255;253;215;city71
157;city72;27;496;city92;91;479;city273;142;177;city94;324;430;city258;44;204;city103;426;5;city122
143;city109;356;37;city211;482;378;city56;153;410;city194;335;394;city234;433;283;city270;158;321;city188;481;465;city142;89;317;city265;179;246;city89;484;273;city204;388;430;city208;122;306;city92;267;232;city53;222;125;city140;113;406;city176;273;58;city114;92;215;city151;241;368;city82
144;city228;317;56;city114;473;85;city164;160;368;city230;283;70;city245;129;113;city60;403;447;city280;280;206;city286;131;447;city274;335;248;city239;94;114;city132;204;155;city174;102;299;city75;338;36;city78;218;351;city93;408;428;city72;336;459;city167;326;99;city216;350;397;city143
126;city161;211;161;city137;205;285;city236;444;416;city82;250;51;city190;384;4;city254;168;412;city192;129;411;city63
148;city219;157;237;city76;5;173;city74;414;61;city238;112;156;city131
153;city241;418;498;city104
172;city175;41;203;city184;390;415;city209;473;48;city100;391;128;city298;347;268;city61
170;city287;417;438;city199;9;17;city106;165;128;city79;338;322;city168;277;14;city177;9;348;city126;140;322;city75
136;city200;14;412;city250;252;20;city217;54;63;city258;311;37;city112;131;354;city187;342;146;city141;260;167;city246;284;183;city289;146;61;city81
160;city296;453;25;city243;154;494;city178;276;58;city148;95;104;city126;220;121;city98;256;128;city196;84;151;city215;45;79;city283;270;185;city103;372;238;city155;364;5;city167;24;293;city291;301;34;city216;464;235;city71;449;455;city168;67;424;city162
168;city126;125;47;city263;169;211;city235;295;74;city221;222;194;city68;224;143;city181
145;city262;431;90;city155;458;212;city71;482;213;city120;200;316;city177;380;375;city264;218;473;city214;320;84;city171;110;3;city54;208;168;city101;79;169;city134;210;471;city192;493;150;city246;20;160;city81;490;340;city199;222;358;city140;467;218;city160;321;283;city282
172;city175;41;203;city184;390;415;city209;473;48;city100;391;128;city298;347;268;city61
138;city58;182;462;city249;126;381;city222;158;271;city216;490;212;city134;80;489;city296;397;297;city135;378;76;city269;373;367;city271;104;294;city233
158;city85;21;412;city174;357;446;city212;257;338;city263;69;401;city74;473;356;city103;62;94;city279;487;264;city125;215;100;city62;288;213;city248;333;57;city244;324;258;city145
125;city158;169;71;city294;225;406;city245;185;225;city89;350;376;city195;114;78;city219;320;270;city132;168;436;city171;283;113;city185;17;210;city118;207;243;city124;223;481;city83;197;188;city192;68;333;city129
154;city199;313;46;city124;35;96;city111;86;233;city299;452;137;city80;151;499;city260;477;108;city137
156;city288;25;427;city145
128;city290;106;265;city182;315;237;city273;153;443;city181;68;195;city200;392;130;city216;386;62;city132;35;68;city267;481;64;city123;222;435;city164;267;278;city265;152;323;city178;347;364;city262;203;72;city255;400;213;city237;349;356;city235;196;311;city241;169;325;city263;280;165;city87;59;47;city78
169;city89;101;341;city241;288;174;city266;331;11;city127;453;171;city189;295;321;city155
128;city290;106;265;city182;315;237;city273;153;443;city181;68;195;city200;392;130;city216;386;62;city132;35;68;city267;481;64;city123;222;435;city164;267;278;city265;152;323;city178;347;364;city262;203;72;city255;400;213;city237;349;356;city235;196;311;city241;169;325;city263;280;165;city87;59;47;city78
154;city199;313;46;city124;35;96;city111;86;233;city299;452;137;city80;151;499;city260;477;108;city137
157;city72;27;496;city92;91;479;city273;142;177;city94;324;430;city258;44;204;city103;426;5;city122
135;city246;448;229;city287;464;228;city292;121;189;city79;489;279;city68;158;479;city62;194;213;city203;413;298;city100;124;271;city255;253;215;city71
164;city270;366;423;city204;368;15;city115;396;499;city145
155;city74;438;392;city299;494;299;city261;438;426;city140;128;321;city181;203;197;city65;332;353;city62;150;249;city123;279;370;city145;310;414;city229;490;366;city67;260;247;city218;217;370;city55
173;city104;125;493;city243;429;379;city73;350;222;city61;325;112;city174;24;34;city274
149;city270;436;154;city271;121;26;city256;382;102;city285;411;237;city200;315;269;city95;271;338;city205;218;160;city220;33;335;city213;232;431;city108;56;74;city91;39;325;city209;11;228;city295;19;222;city223;452;39;city190;331;88;city184;11;305;city230;464;161;city227
150;city260;412;484;city294;376;312;city120;362;357;city171;107;227;city209;234;172;city272;400;426;city55;30;319;city147;294;389;city287;8;450;city180;112;234;city208;286;161;city95;420;310;city128;246;26;city219
130;city286;175;337;city69;74;353;city89;225;155;city175;107;83;city161;227;129;city106;67;313;city176;68;433;city204;293;259;city284;38;471;city193;364;160;city179;500;226;city153
148;city219;157;237;city76;5;173;city74;414;61;city238;112;156;city131
142;city281;252;125;city166;223;239;city206;496;159;city60;297;434;city58;83;488;city54;12;478;city52;122;71;city57;65;175;city234;228;280;city63;44;332;city123;364;22;city111;135;410;city78;137;232;city67;97;280;city290;275;459;city293;440;404;city280;429;351;city192
153;city241;418;498;city104
135;city246;448;229;city287;464;228;city292;121;189;city79;489;279;city68;158;479;city62;194;213;city203;413;298;city100;124;271;city255;253;215;city71
131;city289;368;156;city217;114;411;city136;429;339;city228;390;219;city277;260;391;city283;335;40;city72;375;63;city66;109;107;city90;471;488;city120;65;92;city63;267;58;city69;184;449;city200
144;city228;317;56;city114;473;85;city164;160;368;city230;283;70;city245;129;113;city60;403;447;city280;280;206;city286;131;447;city274;335;248;city239;94;114;city132;204;155;city174;102;299;city75;338;36;city78;218;351;city93;408;428;city72;336;459;city167;326;99;city216;350;397;city143
144;city228;317;56;city114;473;85;city164;160;368;city230;283;70;city245;129;113;city60;403;447;city280;280;206;city286;131;447;city274;335;248;city239;94;114;city132;204;155;city174;102;299;city75;338;36;city78;218;351;city93;408;428;city72;336;459;city167;326;99;city216;350;397;city143
159;city172;219;314;city162;130;478;city228;340;103;city222;419;49;city248;164;205;city264;285;87;city158;76;185;city61;174;155;city166;146;414;city150;109;297;city196;201;374;city295;118;296;city217;118;94;city214;493;428;city238;459;311;city235;113;226;city125
144;city228;317;56;city114;473;85;city164;160;368;city230;283;70;city245;129;113;city60;403;447;city280;280;206;city286;131;447;city274;335;248;city239;94;114;city132;204;155;city174;102;299;city75;338;36;city78;218;351;city93;408;428;city72;336;459;city167;326;99;city216;350;397;city143
129;city144;107;118;city239;373;217;city267;41;268;city82;264;128;city213;397;262;city204;414;438;city198;335;227;city71;123;432;city117;191;322;city245;21;450;city126;26;98;city107
146;city140;366;121;city286;15;75;city107;57;155;city143;203;370;city163;190;494;city284;322;350;city151;399;178;city191;57;60;city99;245;464;city103;120;410;city183;226;54;city128;451;472;city296;203;38;city211;393;431;city82;169;381;city170;471;63;city106;210;99;city203;247;198;city176
169;city89;101;341;city241;288;174;city266;331;11;city127;453;171;city189;295;321;city155
137;city87;489;56;city151;223;299;city236;375;195;city288;286;479;city274;320;388;city85;47;39;city279;412;216;city149;374;19;city79;268;301;city239;275;297;city95;195;114;city107;336;487;city108;413;337;city150;401;483;city67;269;68;city183;12;430;city188;332;69;city172;35;57;city76
147;city167;128;58;city152;412;130;city169;154;175;city127
171;city253;277;469;city75;471;440;city211;147;490;city274
146;city140;366;121;city286;15;75;city107;57;155;city143;203;370;city163;190;494;city284;322;350;city151;399;178;city191;57;60;city99;245;464;city103;120;410;city183;226;54;city128;451;472;city296;203;38;city211;393;431;city82;169;381;city170;471;63;city106;210;99;city203;247;198;city176
131;city289;368;156;city217;114;411;city136;429;339;city228;390;219;city277;260;391;city283;335;40;city72;375;63;city66;109;107;city90;471;488;city120;65;92;city63;267;58;city69;184;449;city200
166;city93;214;105;city241;374;447;city125;414;214;city144;473;449;city73;452;352;city160;92;268;city107;453;432;city153;364;186;city99;343;369;city225
160;city296;453;25;city243;154;494;city178;276;58;city148;95;104;city126;220;121;city98;256;128;city196;84;151;city215;45;79;city283;270;185;city103;372;238;city155;364;5;city167;24;293;city291;301;34;city216;464;235;city71;449;455;city168;67;424;city162
135;city246;448;229;city287;464;228;city292;121;189;city79;489;279;city68;158;479;city62;194;213;city203;413;298;city100;124;271;city255;253;215;city71
170;city287;417;438;city199;9;17;city106;165;128;city79;338;322;city168;277;14;city177;9;348;city126;140;322;city75
157;city72;27;496;city92;91;479;city273;142;177;city94;324;430;city258;44;204;city103;426;5;city122
134;city237;96;422;city99;473;487;city248;341;331;city255;117;491;city211;293;196;city172;231;258;city178;256;331;city187;183;176;city146;14;410;city293;12;435;city58;276;361;city245;185;86;city57;287;111;city158;211;427;city92
154;city199;313;46;city124;35;96;city111;86;233;city299;452;137;city80;151;499;city260;477;108;city137
171;city253;277;469;city75;471;440;city211;147;490;city274
164;city270;366;423;city204;368;15;city115;396;499;city145
170;city287;417;438;city199;9;17;city106;165;128;city79;338;322;city168;277;14;city177;9;348;city126;140;322;city75
133;city125;134;494;city297;9;177;city172;273;416;city198;66;314;city192;88;293;city216;474;82;city52;160;453;city236;164;304;city109;300;251;city226;368;428;city174
173;city104;125;493;city243;429;379;city73;350;222;city61;325;112;city174;24;34;city274
157;city72;27;496;city92;91;479;city273;142;177;city94;324;430;city258;44;204;city103;426;5;city122
156;city288;25;427;city145
168;city126;125;47;city263;169;211;city235;295;74;city221;222;194;city68;224;143;city181
127;city84;329;195;city163;78;259;city108;384;164;city247
147;city167;128;58;city152;412;130;city169;154;175;city127
130;city286;175;337;city69;74;353;city89;225;155;city175;107;83;city161;227;129;city106;67;313;city176;68;433;city204;293;259;city284;38;471;city193;364;160;city179;500;226;city153
142;city281;252;125;city166;223;239;city206;496;159;city60;297;434;city58;83;488;city54;12;478;city52;122;71;city57;65;175;city234;228;280;city63;44;332;city123;364;22;city111;135;410;city78;137;232;city67;97;280;city290;275;459;city293;440;404;city280;429;351;city192
126;city161;211;161;city137;205;285;city236;444;416;city82;250;51;city190;384;4;city254;168;412;city192;129;411;city63
130;city286;175;337;city69;74;353;city89;225;155;city175;107;83;city161;227;129;city106;67;313;city176;68;433;city204;293;259;city284;38;471;city193;364;160;city179;500;226;city153
157;city72;27;496;city92;91;479;city273;142;177;city94;324;430;city258;44;204;city103;426;5;city122
164;city270;366;423;city204;368;15;city115;396;499;city145
153;city241;418;498;city104
154;city199;313;46;city124;35;96;city111;86;233;city299;452;137;city80;151;499;city260;477;108;city137
174;city283;300;280;city146;350;63;city159;185;257;city236;155;17;city78;267;347;city274;396;57;city210;466;202;city217;350;64;city179;82;286;city259
173;city104;125;493;city243;429;379;city73;350;222;city61;325;112;city174;24;34;city274
156;city288;25;427;city145
165;city248;331;492;city220;215;246;city109;172;112;city69;378;162;city293;118;423;city97;360;28;city77;448;90;city137;80;439;city135;421;328;city152;455;42;city178;360;457;city120;385;329;city161;263;201;city286;477;132;city263;108;174;city278
155;city74;438;392;city299;494;299;city261;438;426;city140;128;321;city181;203;197;city65;332;353;city62;150;249;city123;279;370;city145;310;414;city229;490;366;city67;260;247;city218;217;370;city55
165;city248;331;492;city220;215;246;city109;172;112;city69;378;162;city293;118;423;city97;360;28;city77;448;90;city137;80;439;city135;421;328;city152;455;42;city178;360;457;city120;385;329;city161;263;201;city286;477;132;city263;108;174;city278
167;city122;281;442;city53;158;440;city223;14;120;city127;252;62;city64;144;123;city90;298;281;city151;261;401;city70;175;336;city276;405;140;city116;367;491;city114;400;34;city191;347;152;city145;97;192;city246
143;city109;356;37;city211;482;378;city56;153;410;city194;335;394;city234;433;283;city270;158;321;city188;481;465;city142;89;317;city265;179;246;city89;484;273;city204;388;430;city208;122;306;city92;267;232;city53;222;125;city140;113;406;city176;273;58;city114;92;215;city151;241;368;city82
166;city93;214;105;city241;374;447;city125;414;214;city144;473;449;city73;452;352;city160;92;268;city107;453;432;city153;364;186;city99;343;369;city225
164;city270;366;423;city204;368;15;city115;396;499;city145
158;city85;21;412;city174;357;446;city212;257;338;city263;69;401;city74;473;356;city103;62;94;city279;487;264;city125;215;100;city62;288;213;city248;333;57;city244;324;258;city145
128;city290;106;265;city182;315;237;city273;153;443;city181;68;195;city200;392;130;city216;386;62;city132;35;68;city267;481;64;city123;222;435;city164;267;278;city265;152;323;city178;347;364;city262;203;72;city255;400;213;city237;349;356;city235;196;311;city241;169;325;city263;280;165;city87;59;47;city78
158;city85;21;412;city174;357;446;city212;257;338;city263;69;401;city74;473;356;city103;62;94;city279;487;264;city125;215;100;city62;288;213;city248;333;57;city244;324;258;city145
127;city84;329;195;city163;78;259;city108;384;164;city247
154;city199;313;46;city124;35;96;city111;86;233;city299;452;137;city80;151;499;city260;477;108;city137
165;city248;331;492;city220;215;246;city109;172;112;city69;378;162;city293;118;423;city97;360;28;city77;448;90;city137;80;439;city135;421;328;city152;455;42;city178;360;457;city120;385;329;city161;263;201;city286;477;132;city263;108;174;city278
154;city199;313;46;city124;35;96;city111;86;233;city299;452;137;city80;151;499;city260;477;108;city137
158;city85;21;412;city174;357;446;city212;257;338;city263;69;401;city74;473;356;city103;62;94;city279;487;264;city125;215;100;city62;288;213;city248;333;57;city244;324;258;city145
133;city125;134;494;city297;9;177;city172;273;416;city198;66;314;city192;88;293;city216;474;82;city52;160;453;city236;164;304;city109;300;251;city226;368;428;city174
165;city248;331;492;city220;215;246;city109;172;112;city69;378;162;city293;118;423;city97;360;28;city77;448;90;city137;80;439;city135;421;328;city152;455;42;city178;360;457;city120;385;329;city161;263;201;city286;477;132;city263;108;174;city278
163;city105;47;303;city225;237;353;city183;55;111;city170;477;301;city255;34;92;city281;264;193;city222;73;461;city290
155;city74;438;392;city299;494;299;city261;438;426;city140;128;321;city181;203;197;city65;332;353;city62;150;249;city123;279;370;city145;310;414;city229;490;366;city67;260;247;city218;217;370;city55
160;city296;453;25;city243;154;494;city178;276;58;city148;95;104;city126;220;121;city98;256;128;city196;84;151;city215;45;79;city283;270;185;city103;372;238;city155;364;5;city167;24;293;city291;301;34;city216;464;235;city71;449;455;city168;67;424;city162
134;city237;96;422;city99;473;487;city248;341;331;city255;117;491;city211;293;196;city172;231;258;city178;256;331;city187;183;176;city146;14;410;city293;12;435;city58;276;361;city245;185;86;city57;287;111;city158;211;427;city92
172;city175;41;203;city184;390;415;city209;473;48;city100;391;128;city298;347;268;city61
172;city175;41;203;city184;390;415;city209;473;48;city100;391;128;city298;347;268;city61
140;city267;120;394;city181;364;104;city284;62;271;city296;362;165;city94;205;472;city182;98;356;city133;229;481;city148;92;20;city79;58;243;city126;481;29;city278;84;135;city276;486;427;city68;8;134;city285;265;499;city117;221;499;city98;12;323;city277;140;116;city65;309;202;city191
170;city287;417;438;city199;9;17;city106;165;128;city79;338;322;city168;277;14;city177;9;348;city126;140;322;city75
151;city246;153;387;city169;60;46;city255;450;416;city110;371;266;city89;108;493;city163;384;375;city240;62;322;city57;309;440;city170;378;16;city272;9;247;city159
138;city58;182;462;city249;126;381;city222;158;271;city216;490;212;city134;80;489;city296;397;297;city135;378;76;city269;373;367;city271;104;294;city233
158;city85;21;412;city174;357;446;city212;257;338;city263;69;401;city74;473;356;city103;62;94;city279;487;264;city125;215;100;city62;288;213;city248;333;57;city244;324;258;city145
159;city172;219;314;city162;130;478;city228;340;103;city222;419;49;city248;164;205;city264;285;87;city158;76;185;city61;174;155;city166;146;414;city150;109;297;city196;201;374;city295;118;296;city217;118;94;city214;493;428;city238;459;311;city235;113;226;city125
131;city289;368;156;city217;114;411;city136;429;339;city228;390;219;city277;260;391;city283;335;40;city72;375;63;city66;109;107;city90;471;488;city120;65;92;city63;267;58;city69;184;449;city200
153;city241;418;498;city104
141;city50;158;238;city179;343;267;city207;46;394;city283;390;412;city255;108;318;city160;92;487;city274;172;289;city188;254;456;city106;416;498;city111;23;151;city173;136;224;city70;60;343;city217;489;3;city236;42;141;city239;439;97;city101
155;city74;438;392;city299;494;299;city261;438;426;city140;128;321;city181;203;197;city65;332;353;city62;150;249;city123;279;370;city145;310;414;city229;490;366;city67;260;247;city218;217;370;city55
162;city246;445;443;city92;160;360;city56;198;164;city75;266;439;city140;469;363;city252;431;411;city137;336;277;city51;498;32;city158;103;492;city208;452;229;city239;37;61;city176;202;400;city255;289;192;city266;251;474;city161;65;159;city237;374;6873;city199
129;city144;107;118;city239;373;217;city267;41;268;city82;264;128;city213;397;262;city204;414;438;city198;335;227;city71;123;432;city117;191;322;city245;21;450;city126;26;98;city107
150;city260;412;484;city294;376;312;city120;362;357;city171;107;227;city209;234;172;city272;400;426;city55;30;319;city147;294;389;city287;8;450;city180;112;234;city208;286;161;city95;420;310;city128;246;26;city219
166;city93;214;105;city241;374;447;city125;414;214;city144;473;449;city73;452;352;city160;92;268;city107;453;432;city153;364;186;city99;343;369;city225
136;city200;14;412;city250;252;20;city217;54;63;city258;311;37;city112;131;354;city187;342;146;city141;260;167;city246;284;183;city289;146;61;city81
170;city287;417;438;city199;9;17;city106;165;128;city79;338;322;city168;277;14;city177;9;348;city126;140;322;city75
161;city134;33;438;city170;423;436;city124;129;172;city278;50;179;city202;9;455;city115;419;99;city102;132;153;city117;413;6010;city222;193;273;city224;58;40;city212;440;267;city113;159;54;city178;106;109;city95;378;174;city138
141;city50;158;238;city179;343;267;city207;46;394;city283;390;412;city255;108;318;city160;92;487;city274;172;289;city188;254;456;city106;416;498;city111;23;151;city173;136;224;city70;60;343;city217;489;3;city236;42;141;city239;439;97;city101
174;city283;300;280;city146;350;63;city159;185;257;city236;155;17;city78;267;347;city274;396;57;city210;466;202;city217;350;64;city179;82;286;city259
150;city260;412;484;city294;376;312;city120;362;357;city171;107;227;city209;234;172;city272;400;426;city55;30;319;city147;294;389;city287;8;450;city180;112;234;city208;286;161;city95;420;310;city128;246;26;city219
126;city161;211;161;city137;205;285;city236;444;416;city82;250;51;city190;384;4;city254;168;412;city192;129;411;city63
157;city72;27;496;city92;91;479;city273;142;177;city94;324;430;city258;44;204;city103;426;5;city122
165;city248;331;492;city220;215;246;city109;172;112;city69;378;162;city293;118;423;city97;360;28;city77;448;90;city137;80;439;city135;421;328;city152;455;42;city178;360;457;city120;385;329;city161;263;201;city286;477;132;city263;108;174;city278
140;city267;120;394;city181;364;104;city284;62;271;city296;362;165;city94;205;472;city182;98;356;city133;229;481;city148;92;20;city79;58;243;city126;481;29;city278;84;135;city276;486;427;city68;8;134;city285;265;499;city117;221;499;city98;12;323;city277;140;116;city65;309;202;city191
139;city268;332;272;city265;356;119;city176;237;65;city250;422;107;city145;19;304;city100
157;city72;27;496;city92;91;479;city273;142;177;city94;324;430;city258;44;204;city103;426;5;city122
139;city268;332;272;city265;356;119;city176;237;65;city250;422;107;city145;19;304;city100
139;city268;332;272;city265;356;119;city176;237;65;city250;422;107;city145;19;304;city100
135;city246;448;229;city287;464;228;city292;121;189;city79;489;279;city68;158;479;city62;194;213;city203;413;298;city100;124;271;city255;253;215;city71
161;city134;33;438;city170;423;436;city124;129;172;city278;50;179;city202;9;455;city115;419;99;city102;132;153;city117;413;6010;city222;193;273;city224;58;40;city212;440;267;city113;159;54;city178;106;109;city95;378;174;city138
125;city158;169;71;city294;225;406;city245;185;225;city89;350;376;city195;114;78;city219;320;270;city132;168;436;city171;283;113;city185;17;210;city118;207;243;city124;223;481;city83;197;188;city192;68;333;city129
126;city161;211;161;city137;205;285;city236;444;416;city82;250;51;city190;384;4;city254;168;412;city192;129;411;city63
151;city246;153;387;city169;60;46;city255;450;416;city110;371;266;city89;108;493;city163;384;375;city240;62;322;city57;309;440;city170;378;16;city272;9;247;city159
133;city125;134;494;city297;9;177;city172;273;416;city198;66;314;city192;88;293;city216;474;82;city52;160;453;city236;164;304;city109;300;251;city226;368;428;city174
133;city125;134;494;city297;9;177;city172;273;416;city198;66;314;city192;88;293;city216;474;82;city52;160;453;city236;164;304;city109;300;251;city226;368;428;city174
173;city104;125;493;city243;429;379;city73;350;222;city61;325;112;city174;24;34;city274
160;city296;453;25;city243;154;494;city178;276;58;city148;95;104;city126;220;121;city98;256;128;city196;84;151;city215;45;79;city283;270;185;city103;372;238;city155;364;5;city167;24;293;city291;301;34;city216;464;235;city71;449;455;city168;67;424;city162
152;city259;179;343;city172;431;417;city170
163;city105;47;303;city225;237;353;city183;55;111;city170;477;301;city255;34;92;city281;264;193;city222;73;461;city290
128;city290;106;265;city182;315;237;city273;153;443;city181;68;195;city200;392;130;city216;386;62;city132;35;68;city267;481;64;city123;222;435;city164;267;278;city265;152;323;city178;347;364;city262;203;72;city255;400;213;city237;349;356;city235;196;311;city241;169;325;city263;280;165;city87;59;47;city78
164;city270;366;423;city204;368;15;city115;396;499;city145
156;city288;25;427;city145
145;city262;431;90;city155;458;212;city71;482;213;city120;200;316;city177;380;375;city264;218;473;city214;320;84;city171;110;3;city54;208;168;city101;79;169;city134;210;471;city192;493;150;city246;20;160;city81;490;340;city199;222;358;city140;467;218;city160;321;283;city282
130;city286;175;337;city69;74;353;city89;225;155;city175;107;83;city161;227;129;city106;67;313;city176;68;433;city204;293;259;city284;38;471;city193;364;160;city179;500;226;city153
174;city283;300;280;city146;350;63;city159;185;257;city236;155;17;city78;267;347;city274;396;57;city210;466;202;city217;350;64;city179;82;286;city259
125;city158;169;71;city294;225;406;city245;185;225;city89;350;376;city195;114;78;city219;320;270;city132;168;436;city171;283;113;city185;17;210;city118;207;243;city124;223;481;city83;197;188;city192;68;333;city129
130;city286;175;337;city69;74;353;city89;225;155;city175;107;83;city161;227;129;city106;67;313;city176;68;433;city204;293;259;city284;38;471;city193;364;160;city179;500;226;city153
166;city93;214;105;city241;374;447;city125;414;214;city144;473;449;city73;452;352;city160;92;268;city107;453;432;city153;364;186;city99;343;369;city225
165;city248;331;492;city220;215;246;city109;172;112;city69;378;162;city293;118;423;city97;360;28;city77;448;90;city137;80;439;city135;421;328;city152;455;42;city178;360;457;city120;385;329;city161;263;201;city286;477;132;city263;108;174;city278
129;city144;107;118;city239;373;217;city267;41;268;city82;264;128;city213;397;262;city204;414;438;city198;335;227;city71;123;432;city117;191;322;city245;21;450;city126;26;98;city107
140;city267;120;394;city181;364;104;city284;62;271;city296;362;165;city94;205;472;city182;98;356;city133;229;481;city148;92;20;city79;58;243;city126;481;29;city278;84;135;city276;486;427;city68;8;134;city285;265;499;city117;221;499;city98;12;323;city277;140;116;city65;309;202;city191
130;city286;175;337;city69;74;353;city89;225;155;city175;107;83;city161;227;129;city106;67;313;city176;68;433;city204;293;259;city284;38;471;city193;364;160;city179;500;226;city153
149;city270;436;154;city271;121;26;city256;382;102;city285;411;237;city200;315;269;city95;271;338;city205;218;160;city220;33;335;city213;232;431;city108;56;74;city91;39;325;city209;11;228;city295;19;222;city223;452;39;city190;331;88;city184;11;305;city230;464;161;city227
146;city140;366;121;city286;15;75;city107;57;155;city143;203;370;city163;190;494;city284;322;350;city151;399;178;city191;57;60;city99;245;464;city103;120;410;city183;226;54;city128;451;472;city296;203;38;city211;393;431;city82;169;381;city170;471;63;city106;210;99;city203;247;198;city176
133;city125;134;494;city297;9;177;city172;273;416;city198;66;314;city192;88;293;city216;474;82;city52;160;453;city236;164;304;city109;300;251;city226;368;428;city174
146;city140;366;121;city286;15;75;city107;57;155;city143;203;370;city163;190;494;city284;322;350;city151;399;178;city191;57;60;city99;245;464;city103;120;410;city183;226;54;city128;451;472;city296;203;38;city211;393;431;city82;169;381;city170;471;63;city106;210;99;city203;247;198;city176
156;city288;25;427;city145
137;city87;489;56;city151;223;299;city236;375;195;city288;286;479;city274;320;388;city85;47;39;city279;412;216;city149;374;19;city79;268;301;city239;275;297;city95;195;114;city107;336;487;city108;413;337;city150;401;483;city67;269;68;city183;12;430;city188;332;69;city172;35;57;city76
131;city289;368;156;city217;114;411;city136;429;339;city228;390;219;city277;260;391;city283;335;40;city72;375;63;city66;109;107;city90;471;488;city120;65;92;city63;267;58;city69;184;449;city200
169;city89;101;341;city241;288;174;city266;331;11;city127;453;171;city189;295;321;city155
166;city93;214;105;city241;374;447;city125;414;214;city144;473;449;city73;452;352;city160;92;268;city107;453;432;city153;364;186;city99;343;369;city225
165;city248;331;492;city220;215;246;city109;172;112;city69;378;162;city293;118;423;city97;360;28;city77;448;90;city137;80;439;city135;421;328;city152;455;42;city178;360;457;city120;385;329;city161;263;201;city286;477;132;city263;108;174;city278
165;city248;331;492;city220;215;246;city109;172;112;city69;378;162;city293;118;423;city97;360;28;city77;448;90;city137;80;439;city135;421;328;city152;455;42;city178;360;457;city120;385;329;city161;263;201;city286;477;132;city263;108;174;city278
136;city200;14;412;city250;252;20;city217;54;63;city258;311;37;city112;131;354;city187;342;146;city141;260;167;city246;284;183;city289;146;61;city81
127;city84;329;195;city163;78;259;city108;384;164;city247
134;city237;96;422;city99;473;487;city248;341;331;city255;117;491;city211;293;196;city172;231;258;city178;256;331;city187;183;176;city146;14;410;city293;12;435;city58;276;361;city245;185;86;city57;287;111;city158;211;427;city92
128;city290;106;265;city182;315;237;city273;153;443;city181;68;195;city200;392;130;city216;386;62;city132;35;68;city267;481;64;city123;222;435;city164;267;278;city265;152;323;city178;347;364;city262;203;72;city255;400;213;city237;349;356;city235;196;311;city241;169;325;city263;280;165;city87;59;47;city78
137;city87;489;56;city151;223;299;city236;375;195;city288;286;479;city274;320;388;city85;47;39;city279;412;216;city149;374;19;city79;268;301;city239;275;297;city95;195;114;city107;336;487;city108;413;337;city150;401;483;city67;269;68;city183;12;430;city188;332;69;city172;35;57;city76
142;city281;252;125;city166;223;239;city206;496;159;city60;297;434;city58;83;488;city54;12;478;city52;122;71;city57;65;175;city234;228;280;city63;44;332;city123;364;22;city111;135;410;city78;137;232;city67;97;280;city290;275;459;city293;440;404;city280;429;351;city192
141;city50;158;238;city179;343;267;city207;46;394;city283;390;412;city255;108;318;city160;92;487;city274;172;289;city188;254;456;city106;416;498;city111;23;151;city173;136;224;city70;60;343;city217;489;3;city236;42;141;city239;439;97;city101
173;city104;125;493;city243;429;379;city73;350;222;city61;325;112;city174;24;34;city274
168;city126;125;47;city263;169;211;city235;295;74;city221;222;194;city68;224;143;city181
158;city85;21;412;city174;357;446;city212;257;338;city263;69;401;city74;473;356;city103;62;94;city279;487;264;city125;215;100;city62;288;213;city248;333;57;city244;324;258;city145
143;city109;356;37;city211;482;378;city56;153;410;city194;335;394;city234;433;283;city270;158;321;city188;481;465;city142;89;317;city265;179;246;city89;484;273;city204;388;430;city208;122;306;city92;267;232;city53;222;125;city140;113;406;city176;273;58;city114;92;215;city151;241;368;city82
149;city270;436;154;city271;121;26;city256;382;102;city285;411;237;city200;315;269;city95;271;338;city205;218;160;city220;33;335;city213;232;431;city108;56;74;city91;39;325;city209;11;228;city295;19;222;city223;452;39;city190;331;88;city184;11;305;city230;464;161;city227
154;city199;313;46;city124;35;96;city111;86;233;city299;452;137;city80;151;499;city260;477;108;city137
126;city161;211;161;city137;205;285;city236;444;416;city82;250;51;city190;384;4;city254;168;412;city192;129;411;city63
150;city260;412;484;city294;376;312;city120;362;357;city171;107;227;city209;234;172;city272;400;426;city55;30;319;city147;294;389;city287;8;450;city180;112;234;city208;286;161;city95;420;310;city128;246;26;city219
162;city246;445;443;city92;160;360;city56;198;164;city75;266;439;city140;469;363;city252;431;411;city137;336;277;city51;498;32;city158;103;492;city208;452;229;city239;37;61;city176;202;400;city255;289;192;city266;251;474;city161;65;159;city237;374;6873;city199
136;city200;14;412;city250;252;20;city217;54;63;city258;311;37;city112;131;354;city187;342;146;city141;260;167;city246;284;183;city289;146;61;city81
131;city289;368;156;city217;114;411;city136;429;339;city228;390;219;city277;260;391;city283;335;40;city72;375;63;city66;109;107;city90;471;488;city120;65;92;city63;267;58;city69;184;449;city200
152;city259;179;343;city172;431;417;city170
128;city290;106;265;city182;315;237;city273;153;443;city181;68;195;city200;392;130;city216;386;62;city132;35;68;city267;481;64;city123;222;435;city164;267;278;city265;152;323;city178;347;364;city262;203;72;city255;400;213;city237;349;356;city235;196;311;city241;169;325;city263;280;165;city87;59;47;city78
142;city281;252;125;city166;223;239;city206;496;159;city60;297;434;city58;83;488;city54;12;478;city52;122;71;city57;65;175;city234;228;280;city63;44;332;city123;364;22;city111;135;410;city78;137;232;city67;97;280;city290;275;459;city293;440;404;city280;429;351;city192
134;city237;96;422;city99;473;487;city248;341;331;city255;117;491;city211;293;196;city172;231;258;city178;256;331;city187;183;176;city146;14;410;city293;12;435;city58;276;361;city245;185;86;city57;287;111;city158;211;427;city92
161;city134;33;438;city170;423;436;city124;129;172;city278;50;179;city202;9;455;city115;419;99;city102;132;153;city117;413;6010;city222;193;273;city224;58;40;city212;440;267;city113;159;54;city178;106;109;city95;378;174;city138
154;city199;313;46;city124;35;96;city111;86;233;city299;452;137;city80;151;499;city260;477;108;city137
154;city199;313;46;city124;35;96;city111;86;233;city299;452;137;city80;151;499;city260;477;108;city137
127;city84;329;195;city163;78;259;city108;384;164;city247
139;city268;332;272;city265;356;119;city176;237;65;city250;422;107;city145;19;304;city100
164;city270;366;423;city204;368;15;city115;396;499;city145
173;city104;125;493;city243;429;379;city73;350;222;city61;325;112;city174;24;34;city274
144;city228;317;56;city114;473;85;city164;160;368;city230;283;70;city245;129;113;city60;403;447;city280;280;206;city286;131;447;city274;335;248;city239;94;114;city132;204;155;city174;102;299;city75;338;36;city78;218;351;city93;408;428;city72;336;459;city167;326;99;city216;350;397;city143
126;city161;211;161;city137;205;285;city236;444;416;city82;250;51;city190;384;4;city254;168;412;city192;129;411;city63
139;city268;332;272;city265;356;119;city176;237;65;city250;422;107;city145;19;304;city100
161;city134;33;438;city170;423;436;city124;129;172;city278;50;179;city202;9;455;city115;419;99;city102;132;153;city117;413;6010;city222;193;273;city224;58;40;city212;440;267;city113;159;54;city178;106;109;city95;378;174;city138
146;city140;366;121;city286;15;75;city107;57;155;city143;203;370;city163;190;494;city284;322;350;city151;399;178;city191;57;60;city99;245;464;city103;120;410;city183;226;54;city128;451;472;city296;203;38;city211;393;431;city82;169;381;city170;471;63;city106;210;99;city203;247;198;city176
144;city228;317;56;city114;473;85;city164;160;368;city230;283;70;city245;129;113;city60;403;447;city280;280;206;city286;131;447;city274;335;248;city239;94;114;city132;204;155;city174;102;299;city75;338;36;city78;218;351;city93;408;428;city72;336;459;city167;326;99;city216;350;397;city143
141;city50;158;238;city179;343;267;city207;46;394;city283;390;412;city255;108;318;city160;92;487;city274;172;289;city188;254;456;city106;416;498;city111;23;151;city173;136;224;city70;60;343;city217;489;3;city236;42;141;city239;439;97;city101
147;city167;128;58;city152;412;130;city169;154;175;city127
165;city248;331;492;city220;215;246;city109;172;112;city69;378;162;city293;118;423;city97;360;28;city77;448;90;city137;80;439;city135;421;328;city152;455;42;city178;360;457;city120;385;329;city161;263;201;city286;477;132;city263;108;174;city278
143;city109;356;37;city211;482;378;city56;153;410;city194;335;394;city234;433;283;city270;158;321;city188;481;465;city142;89;317;city265;179;246;city89;484;273;city204;388;430;city208;122;306;city92;267;232;city53;222;125;city140;113;406;city176;273;58;city114;92;215;city151;241;368;city82
144;city228;317;56;city114;473;85;city164;160;368;city230;283;70;city245;129;113;city60;403;447;city280;280;206;city286;131;447;city274;335;248;city239;94;114;city132;204;155;city174;102;299;city75;338;36;city78;218;351;city93;408;428;city72;336;459;city167;326;99;city216;350;397;city143
125;city158;169;71;city294;225;406;city245;185;225;city89;350;376;city195;114;78;city219;320;270;city132;168;436;city171;283;113;city185;17;210;city118;207;243;city124;223;481;city83;197;188;city192;68;333;city129
131;city289;368;156;city217;114;411;city136;429;339;city228;390;219;city277;260;391;city283;335;40;city72;375;63;city66;109;107;city90;471;488;city120;65;92;city63;267;58;city69;184;449;city200
147;city167;128;58;city152;412;130;city169;154;175;city127
