ERROR 2
ERROR 7
ERROR 12
ERROR 15
ERROR 17
ERROR 19
ERROR 20
ERROR 34
ERROR 35
ERROR 38
ERROR 41
ERROR 43
ERROR 44
ERROR 45
ERROR 47
ERROR 48
ERROR 50
ERROR 51
ERROR 55
ERROR 64
ERROR 66
ERROR 69
ERROR 71
ERROR 82
ERROR 85
ERROR 87
ERROR 92
ERROR 94
ERROR 97
ERROR 100
ERROR 101
ERROR 103
ERROR 105
ERROR 107
ERROR 111
ERROR 112
ERROR 115
ERROR 116
ERROR 118
ERROR 119
ERROR 123
ERROR 124
ERROR 125
ERROR 126
ERROR 127
ERROR 130
ERROR 133
ERROR 135
ERROR 138
ERROR 139
ERROR 140
ERROR 146
ERROR 147
ERROR 148
ERROR 149
ERROR 152
ERROR 155
ERROR 162
ERROR 164
ERROR 170
ERROR 171
ERROR 173
ERROR 174
ERROR 175
ERROR 177
ERROR 178
ERROR 189
ERROR 191
ERROR 195
ERROR 197
ERROR 198
ERROR 202
ERROR 205
ERROR 206
ERROR 207
ERROR 210
ERROR 212
ERROR 214
ERROR 217
ERROR 220
ERROR 222
ERROR 226
ERROR 229
ERROR 234
ERROR 236
ERROR 237
ERROR 242
ERROR 244
ERROR 245
ERROR 246
ERROR 248
ERROR 249
ERROR 250
ERROR 255
ERROR 256
ERROR 258
ERROR 259
ERROR 261
ERROR 265
ERROR 267
ERROR 270
ERROR 271
ERROR 274
ERROR 275
ERROR 277
ERROR 279
ERROR 280
ERROR 281
ERROR 282
ERROR 285
ERROR 289
ERROR 290
ERROR 295
ERROR 296
ERROR 299
ERROR 306
ERROR 308
ERROR 309
ERROR 312
ERROR 314
ERROR 315
ERROR 316
ERROR 318
ERROR 319
ERROR 320
ERROR 321
ERROR 323
ERROR 325
ERROR 326
ERROR 329
ERROR 330
ERROR 336
ERROR 340
ERROR 341
ERROR 342
ERROR 343
ERROR 347
ERROR 348
ERROR 353
ERROR 355
ERROR 356
ERROR 360
ERROR 363
ERROR 370
ERROR 371
ERROR 375
ERROR 376
ERROR 377
ERROR 378
ERROR 379
ERROR 381
ERROR 383
ERROR 384
ERROR 385
ERROR 386
ERROR 388
ERROR 393
ERROR 400
ERROR 402
ERROR 404
ERROR 406
ERROR 407
ERROR 409
ERROR 415
ERROR 423
ERROR 426
ERROR 427
ERROR 429
ERROR 430
ERROR 432
ERROR 437
ERROR 444
ERROR 446
ERROR 447
ERROR 449
ERROR 451
ERROR 452
ERROR 453
ERROR 454
ERROR 456
ERROR 460
ERROR 462
ERROR 463
ERROR 464
ERROR 466
ERROR 467
ERROR 468
ERROR 472
ERROR 475
ERROR 478
ERROR 479
ERROR 480
ERROR 481
ERROR 483
ERROR 485
ERROR 486
ERROR 491
ERROR 493
ERROR 496
ERROR 497
ERROR 498
ERROR 499
ERROR 500
ERROR 502
ERROR 503
ERROR 506
ERROR 507
ERROR 508
ERROR 514
ERROR 515
ERROR 518
ERROR 519
ERROR 525
ERROR 526
ERROR 528
ERROR 529
ERROR 532
ERROR 534
ERROR 536
ERROR 538
ERROR 539
ERROR 544
ERROR 545
ERROR 547
ERROR 548
ERROR 549
ERROR 551
ERROR 555
ERROR 558
ERROR 560
ERROR 561
ERROR 565
ERROR 567
ERROR 569
ERROR 571
ERROR 575
ERROR 579
ERROR 580
ERROR 581
ERROR 583
ERROR 586
ERROR 593
ERROR 594
ERROR 595
ERROR 598
ERROR 599
ERROR 600
ERROR 601
ERROR 602
ERROR 605
ERROR 606
ERROR 609
ERROR 616
ERROR 619
ERROR 621
ERROR 625
ERROR 626
ERROR 627
ERROR 629
ERROR 631
ERROR 632
ERROR 633
ERROR 634
ERROR 635
ERROR 637
ERROR 639
ERROR 640
ERROR 641
ERROR 643
ERROR 645
ERROR 647
ERROR 651
ERROR 652
ERROR 653
ERROR 654
ERROR 658
ERROR 659
ERROR 660
ERROR 661
ERROR 664
ERROR 666
ERROR 668
ERROR 670
ERROR 676
ERROR 677
ERROR 682
ERROR 683
ERROR 684
ERROR 686
ERROR 688
ERROR 692
ERROR 694
ERROR 697
ERROR 698
ERROR 699
ERROR 702
ERROR 703
ERROR 706
ERROR 707
ERROR 708
ERROR 709
ERROR 713
ERROR 715
ERROR 718
ERROR 724
ERROR 725
ERROR 726
ERROR 730
ERROR 732
ERROR 735
ERROR 737
ERROR 738
ERROR 742
ERROR 744
ERROR 748
ERROR 752
ERROR 755
ERROR 756
ERROR 757
ERROR 758
ERROR 759
ERROR 762
ERROR 763
ERROR 764
ERROR 768
ERROR 769
ERROR 770
ERROR 771
ERROR 772
ERROR 774
ERROR 775
ERROR 776
ERROR 778
ERROR 779
ERROR 780
ERROR 781
ERROR 783
ERROR 784
ERROR 789
ERROR 790
ERROR 791
ERROR 795
ERROR 797
ERROR 799
ERROR 803
ERROR 804
ERROR 806
ERROR 811
ERROR 815
ERROR 817
ERROR 818
ERROR 823
ERROR 828
ERROR 831
ERROR 832
ERROR 835
ERROR 838
ERROR 840
ERROR 842
ERROR 843
ERROR 844
ERROR 845
ERROR 847
ERROR 848
ERROR 849
ERROR 853
ERROR 854
ERROR 861
ERROR 862
ERROR 864
ERROR 865
ERROR 876
ERROR 877
ERROR 878
ERROR 882
ERROR 883
ERROR 884
ERROR 886
ERROR 889
ERROR 891
ERROR 895
ERROR 896
ERROR 897
ERROR 899
ERROR 901
ERROR 904
ERROR 907
ERROR 908
ERROR 909
ERROR 910
ERROR 911
ERROR 913
ERROR 916
ERROR 918
ERROR 919
ERROR 922
ERROR 924
ERROR 927
ERROR 928
ERROR 929
ERROR 930
ERROR 932
ERROR 934
ERROR 935
ERROR 936
ERROR 938
ERROR 940
ERROR 943
ERROR 944
ERROR 945
ERROR 946
ERROR 947
ERROR 949
ERROR 951
ERROR 952
ERROR 953
ERROR 955
ERROR 956
ERROR 957
ERROR 962
ERROR 963
ERROR 964
ERROR 968
ERROR 969
ERROR 972
ERROR 973
ERROR 974
ERROR 975
ERROR 977
ERROR 978
ERROR 983
ERROR 988
ERROR 989
ERROR 990
ERROR 992
ERROR 993
ERROR 995
ERROR 996
ERROR 998
ERROR 1003
ERROR 1005
ERROR 1007
ERROR 1009
ERROR 1011
ERROR 1013
ERROR 1014
ERROR 1015
ERROR 1016
ERROR 1017
ERROR 1018
ERROR 1022
ERROR 1024
ERROR 1025
ERROR 1026
ERROR 1030
ERROR 1033
ERROR 1034
ERROR 1036
ERROR 1037
ERROR 1038
ERROR 1039
ERROR 1042
ERROR 1043
ERROR 1045
ERROR 1047
ERROR 1048
ERROR 1049
ERROR 1051
ERROR 1054
ERROR 1056
ERROR 1067
ERROR 1069
ERROR 1072
ERROR 1073
ERROR 1074
ERROR 1075
ERROR 1080
ERROR 1081
ERROR 1082
ERROR 1085
ERROR 1086
ERROR 1087
ERROR 1088
ERROR 1089
ERROR 1092
ERROR 1093
ERROR 1097
ERROR 1103
ERROR 1104
ERROR 1107
ERROR 1111
ERROR 1113
ERROR 1115
ERROR 1116
ERROR 1117
ERROR 1118
ERROR 1120
ERROR 1121
ERROR 1122
ERROR 1123
ERROR 1125
ERROR 1127
ERROR 1128
ERROR 1130
ERROR 1131
ERROR 1132
ERROR 1134
ERROR 1136
ERROR 1137
ERROR 1139
ERROR 1140
ERROR 1142
ERROR 1143
ERROR 1145
ERROR 1146
ERROR 1153
ERROR 1154
ERROR 1155
ERROR 1156
ERROR 1158
ERROR 1159
ERROR 1161
ERROR 1162
ERROR 1165
ERROR 1166
ERROR 1167
ERROR 1171
ERROR 1172
ERROR 1174
ERROR 1175
ERROR 1176
ERROR 1179
ERROR 1180
ERROR 1182
ERROR 1183
ERROR 1184
ERROR 1185
ERROR 1188
ERROR 1191
ERROR 1192
ERROR 1193
ERROR 1194
ERROR 1196
ERROR 1201
ERROR 1202
ERROR 1203
ERROR 1207
ERROR 1208
ERROR 1209
ERROR 1212
ERROR 1214
ERROR 1220
ERROR 1221
ERROR 1226
ERROR 1228
ERROR 1229
ERROR 1230
ERROR 1232
ERROR 1234
ERROR 1237
ERROR 1238
ERROR 1239
ERROR 1240
ERROR 1241
ERROR 1242
ERROR 1243
ERROR 1248
ERROR 1249
ERROR 1250
ERROR 1253
ERROR 1255
ERROR 1256
ERROR 1262
ERROR 1263
ERROR 1265
ERROR 1267
ERROR 1268
ERROR 1269
ERROR 1270
ERROR 1272
ERROR 1273
ERROR 1275
ERROR 1276
ERROR 1277
ERROR 1281
ERROR 1282
ERROR 1283
ERROR 1290
ERROR 1291
ERROR 1295
ERROR 1298
ERROR 1299
ERROR 1300
ERROR 1302
ERROR 1303
ERROR 1304
ERROR 1305
ERROR 1308
ERROR 1310
ERROR 1311
ERROR 1312
ERROR 1315
ERROR 1317
ERROR 1319
ERROR 1322
ERROR 1330
ERROR 1331
ERROR 1332
ERROR 1335
ERROR 1338
ERROR 1341
ERROR 1342
ERROR 1343
ERROR 1345
ERROR 1346
ERROR 1348
ERROR 1349
ERROR 1350
ERROR 1351
ERROR 1353
ERROR 1358
ERROR 1360
ERROR 1361
ERROR 1362
ERROR 1365
ERROR 1368
ERROR 1369
ERROR 1371
ERROR 1374
ERROR 1375
ERROR 1379
ERROR 1384
ERROR 1388
ERROR 1390
ERROR 1391
ERROR 1392
ERROR 1394
ERROR 1396
ERROR 1397
ERROR 1398
ERROR 1401
ERROR 1402
ERROR 1405
ERROR 1406
ERROR 1408
ERROR 1409
ERROR 1410
ERROR 1413
ERROR 1416
ERROR 1417
ERROR 1418
ERROR 1419
ERROR 1420
ERROR 1425
ERROR 1427
ERROR 1431
ERROR 1432
ERROR 1433
ERROR 1434
ERROR 1435
ERROR 1436
ERROR 1437
ERROR 1438
ERROR 1440
ERROR 1442
ERROR 1444
ERROR 1445
ERROR 1448
ERROR 1449
ERROR 1453
ERROR 1457
ERROR 1458
ERROR 1459
ERROR 1464
ERROR 1466
ERROR 1467
ERROR 1469
ERROR 1471
ERROR 1472
ERROR 1480
ERROR 1490
ERROR 1491
ERROR 1498
ERROR 1499
ERROR 1502
ERROR 1503
ERROR 1505
ERROR 1513
ERROR 1514
ERROR 1515
ERROR 1518
ERROR 1519
ERROR 1521
ERROR 1522
ERROR 1523
ERROR 1524
ERROR 1525
ERROR 1528
ERROR 1529
