













159;city245;255;389;city135;138;468;city55;52;317;city185;105;235;city284;171;369;city79;162;484;city155;65;87;city124;250;79;city246;434;468;city162;233;29;city213;50;340;city74;341;296;city52;82;6;city109;186;406;city201;306;388;city266;492;271;city193;253;16;city151;159;486;city145



164;city172;39;160;city223;329;424;city139;36;429;city53;291;221;city216;357;308;city249;366;447;city207;424;279;city181;478;255;city186;74;111;city117

172;city214;472;196;city131;234;235;city220;316;280;city129
132;city159;112;62;city113;138;294;city278;442;185;city149;209;304;city155;2;323;city123;437;115;city257;249;59;city90;413;453;city186;433;454;city233;392;126;city194;63;410;city294;81;365;city282;273;254;city120;421;465;city262;230;267;city63;490;274;city265
172;city214;472;196;city131;234;235;city220;316;280;city129


125;city147;99;70;city164;436;261;city234;94;252;city101;443;314;city65;63;116;city168;187;149;city78;28;194;city183;168;457;city158;457;188;city67;65;375;city246;348;382;city247;355;451;city98;476;491;city285




159;city245;255;389;city135;138;468;city55;52;317;city185;105;235;city284;171;369;city79;162;484;city155;65;87;city124;250;79;city246;434;468;city162;233;29;city213;50;340;city74;341;296;city52;82;6;city109;186;406;city201;306;388;city266;492;271;city193;253;16;city151;159;486;city145




138;city139;277;131;city124;237;480;city83;481;351;city193;21;467;city94;409;165;city262;408;136;city208;108;367;city199;4;495;city279;273;446;city50;127;32;city102
149;city127;177;440;city193;190;376;city137
158;city258;178;209;city285;346;137;city279;239;273;city105;79;349;city110;353;146;city54;475;334;city239;273;60;city166;298;65;city229
131;city77;498;163;city287;63;240;city235;377;292;city250;84;115;city61;225;167;city253;464;485;city217;266;220;city223;31;175;city91;83;102;city214;95;93;city186;256;425;city279;304;43;city162;417;460;city117
155;city164;471;389;city284;284;235;city158;485;415;city249;476;107;city192;233;307;city57;208;75;city119;387;199;city143;390;192;city117;304;394;city70;209;473;city293;419;351;city107;313;392;city138;14;106;city278;317;34;city159;207;135;city227;33;416;city288


127;city69;345;332;city206;302;255;city267;64;384;city283;53;191;city103;92;298;city245;24;28;city290;411;441;city293;111;253;city149;112;337;city182;325;201;city237;402;406;city73;370;26;city82;215;291;city179


132;city159;112;62;city113;138;294;city278;442;185;city149;209;304;city155;2;323;city123;437;115;city257;249;59;city90;413;453;city186;433;454;city233;392;126;city194;63;410;city294;81;365;city282;273;254;city120;421;465;city262;230;267;city63;490;274;city265
130;city238;298;371;city204;459;48;city216;118;83;city230;383;458;city273;100;169;city243;292;364;city168
172;city214;472;196;city131;234;235;city220;316;280;city129


137;city80;38;468;city248;236;221;city239;132;146;city255;105;431;city62;449;51;city272;66;280;city158;263;249;city135;357;103;city282;496;498;city127;167;411;city58;205;319;city144;442;404;city276;396;16;city192;190;409;city222;283;255;city114;85;97;city161;394;258;city68;153;427;city180
138;city139;277;131;city124;237;480;city83;481;351;city193;21;467;city94;409;165;city262;408;136;city208;108;367;city199;4;495;city279;273;446;city50;127;32;city102

167;city242;381;468;city167;86;56;city136;138;310;city97;198;336;city247;464;200;city262;4;394;city52;266;429;city208;297;358;city88;16;189;city261;162;215;city155;331;7;city125;25;111;city109;318;259;city173

137;city80;38;468;city248;236;221;city239;132;146;city255;105;431;city62;449;51;city272;66;280;city158;263;249;city135;357;103;city282;496;498;city127;167;411;city58;205;319;city144;442;404;city276;396;16;city192;190;409;city222;283;255;city114;85;97;city161;394;258;city68;153;427;city180
133;city273;474;19;city276;208;99;city198;296;263;city261;348;120;city94;103;264;city284;322;302;city176;364;48;city188;394;431;city267;457;402;city195;42;213;city99;348;322;city265;393;24;city275;386;404;city141;404;157;city233;2;307;city56;322;233;city249;162;30;city217;107;400;city180;365;381;city93


163;city121;269;398;city149;267;288;city244;85;322;city227;163;426;city175;472;85;city66;81;448;city270
131;city77;498;163;city287;63;240;city235;377;292;city250;84;115;city61;225;167;city253;464;485;city217;266;220;city223;31;175;city91;83;102;city214;95;93;city186;256;425;city279;304;43;city162;417;460;city117
137;city80;38;468;city248;236;221;city239;132;146;city255;105;431;city62;449;51;city272;66;280;city158;263;249;city135;357;103;city282;496;498;city127;167;411;city58;205;319;city144;442;404;city276;396;16;city192;190;409;city222;283;255;city114;85;97;city161;394;258;city68;153;427;city180
137;city80;38;468;city248;236;221;city239;132;146;city255;105;431;city62;449;51;city272;66;280;city158;263;249;city135;357;103;city282;496;498;city127;167;411;city58;205;319;city144;442;404;city276;396;16;city192;190;409;city222;283;255;city114;85;97;city161;394;258;city68;153;427;city180


170;city231;4;311;city81;332;134;city90;368;342;city78;284;170;city184;35;172;city52;247;286;city83;356;447;city209;440;71;city260;202;45;city276;58;467;city63;159;72;city220;385;371;city285

167;city242;381;468;city167;86;56;city136;138;310;city97;198;336;city247;464;200;city262;4;394;city52;266;429;city208;297;358;city88;16;189;city261;162;215;city155;331;7;city125;25;111;city109;318;259;city173
160;city50;74;483;city66;322;416;city136;424;391;city101;193;110;city166;119;447;city232;21;370;city124;327;274;city176;475;113;city273;5;184;city280;106;284;city153;187;11;city196;220;438;city284;32;154;city184
126;city96;308;104;city131;249;215;city271;262;280;city118;31;340;city259;212;211;city159;6;352;city147;383;486;city237;27;328;city82;9;165;city105;14;145;city260;472;444;city108;383;83;city181;368;450;city184;415;63;city72;148;191;city92;5;325;city128;301;234;city292;193;299;city208;495;169;city77

150;city223;481;335;city162;174;216;city174;500;429;city123;104;360;city213;163;217;city207;493;41;city269;304;21;city111;237;19;city245;23;4;city186;386;112;city82;299;399;city87;49;157;city236;275;323;city106;381;167;city190;188;275;city274;295;116;city166;490;456;city143;108;154;city225;408;187;city177

140;city207;457;242;city155;384;77;city136;373;269;city216;7;234;city60;45;387;city287;163;10;city267;230;106;city264;432;297;city282;321;464;city61;335;386;city192
128;city149;281;432;city118;65;372;city288;292;473;city264;19;337;city160;368;91;city164;103;209;city70
169;city224;142;312;city152;496;82;city157;136;219;city79;320;83;city194;339;205;city246;50;83;city143;366;174;city247;206;195;city293;266;105;city185;283;265;city276
148;city73;49;139;city243;5;10;city91;288;321;city68;29;317;city101;128;107;city239;397;60;city234;410;45;city135;287;462;city142;340;103;city52;324;392;city118;479;156;city207;466;318;city265;463;27;city237;236;165;city85;134;370;city218;455;389;city250
169;city224;142;312;city152;496;82;city157;136;219;city79;320;83;city194;339;205;city246;50;83;city143;366;174;city247;206;195;city293;266;105;city185;283;265;city276
134;city222;471;113;city204;429;19;city53;285;209;city123;16;456;city164;391;182;city252;50;190;city112;233;390;city210;7;162;city248;42;394;city193;47;46;city267;299;138;city215;371;431;city209;24;298;city198;272;290;city241;235;18;city98;30;491;city68;71;63;city103;203;207;city168;256;377;city282
151;city279;453;384;city256;259;52;city273;105;42;city228;303;273;city91;274;458;city269;298;247;city290;261;23;city81
141;city287;236;395;city220;10;254;city97;209;453;city146;180;121;city236;454;179;city233;97;163;city79;237;480;city286;16;129;city203;456;489;city248;178;424;city135;477;275;city117
130;city238;298;371;city204;459;48;city216;118;83;city230;383;458;city273;100;169;city243;292;364;city168
143;city155;249;438;city184;107;135;city83;98;402;city163;31;335;city98;237;389;city183;26;285;city294;165;250;city227;451;219;city89;220;402;city113;87;480;city120;466;226;city218;413;461;city164;47;141;city67;409;472;city288;137;56;city287;270;289;city102;10;195;city193
161;city245;369;86;city209;57;82;city109;177;221;city228;456;318;city274;269;371;city110;376;90;city254;460;97;city296;268;165;city84;290;487;city187;83;48;city259
163;city121;269;398;city149;267;288;city244;85;322;city227;163;426;city175;472;85;city66;81;448;city270
127;city69;345;332;city206;302;255;city267;64;384;city283;53;191;city103;92;298;city245;24;28;city290;411;441;city293;111;253;city149;112;337;city182;325;201;city237;402;406;city73;370;26;city82;215;291;city179
174;city166;181;9;city223;243;448;city192;295;97;city88;325;234;city127;218;137;city110;274;16;city164;208;316;city101;500;207;city57;316;160;city140;103;315;city247;169;402;city299
163;city121;269;398;city149;267;288;city244;85;322;city227;163;426;city175;472;85;city66;81;448;city270
155;city164;471;389;city284;284;235;city158;485;415;city249;476;107;city192;233;307;city57;208;75;city119;387;199;city143;390;192;city117;304;394;city70;209;473;city293;419;351;city107;313;392;city138;14;106;city278;317;34;city159;207;135;city227;33;416;city288
151;city279;453;384;city256;259;52;city273;105;42;city228;303;273;city91;274;458;city269;298;247;city290;261;23;city81
154;city227;328;402;city79;163;477;city253;66;261;city163;113;383;city182;391;260;city197;215;375;city63;243;435;city242;309;196;city115;302;381;city267
131;city77;498;163;city287;63;240;city235;377;292;city250;84;115;city61;225;167;city253;464;485;city217;266;220;city223;31;175;city91;83;102;city214;95;93;city186;256;425;city279;304;43;city162;417;460;city117
128;city149;281;432;city118;65;372;city288;292;473;city264;19;337;city160;368;91;city164;103;209;city70
148;city73;49;139;city243;5;10;city91;288;321;city68;29;317;city101;128;107;city239;397;60;city234;410;45;city135;287;462;city142;340;103;city52;324;392;city118;479;156;city207;466;318;city265;463;27;city237;236;165;city85;134;370;city218;455;389;city250
127;city69;345;332;city206;302;255;city267;64;384;city283;53;191;city103;92;298;city245;24;28;city290;411;441;city293;111;253;city149;112;337;city182;325;201;city237;402;406;city73;370;26;city82;215;291;city179
162;city96;203;98;city98;142;274;city280;152;201;city293;85;431;city66;311;86;city63;344;162;city183;458;162;city278;269;97;city234;445;343;city143;400;374;city91;359;80;city250
173;city192;445;10;city178;431;4;city134;174;92;city95;127;125;city121;246;329;city265;361;33;city264;4;481;city79;260;256;city257;29;358;city275;158;314;city208
167;city242;381;468;city167;86;56;city136;138;310;city97;198;336;city247;464;200;city262;4;394;city52;266;429;city208;297;358;city88;16;189;city261;162;215;city155;331;7;city125;25;111;city109;318;259;city173
140;city207;457;242;city155;384;77;city136;373;269;city216;7;234;city60;45;387;city287;163;10;city267;230;106;city264;432;297;city282;321;464;city61;335;386;city192
150;city223;481;335;city162;174;216;city174;500;429;city123;104;360;city213;163;217;city207;493;41;city269;304;21;city111;237;19;city245;23;4;city186;386;112;city82;299;399;city87;49;157;city236;275;323;city106;381;167;city190;188;275;city274;295;116;city166;490;456;city143;108;154;city225;408;187;city177

137;city80;38;468;city248;236;221;city239;132;146;city255;105;431;city62;449;51;city272;66;280;city158;263;249;city135;357;103;city282;496;498;city127;167;411;city58;205;319;city144;442;404;city276;396;16;city192;190;409;city222;283;255;city114;85;97;city161;394;258;city68;153;427;city180
173;city192;445;10;city178;431;4;city134;174;92;city95;127;125;city121;246;329;city265;361;33;city264;4;481;city79;260;256;city257;29;358;city275;158;314;city208
155;city164;471;389;city284;284;235;city158;485;415;city249;476;107;city192;233;307;city57;208;75;city119;387;199;city143;390;192;city117;304;394;city70;209;473;city293;419;351;city107;313;392;city138;14;106;city278;317;34;city159;207;135;city227;33;416;city288
169;city224;142;312;city152;496;82;city157;136;219;city79;320;83;city194;339;205;city246;50;83;city143;366;174;city247;206;195;city293;266;105;city185;283;265;city276
152;city143;187;115;city105;37;404;city92;418;212;city133
127;city69;345;332;city206;302;255;city267;64;384;city283;53;191;city103;92;298;city245;24;28;city290;411;441;city293;111;253;city149;112;337;city182;325;201;city237;402;406;city73;370;26;city82;215;291;city179
152;city143;187;115;city105;37;404;city92;418;212;city133
138;city139;277;131;city124;237;480;city83;481;351;city193;21;467;city94;409;165;city262;408;136;city208;108;367;city199;4;495;city279;273;446;city50;127;32;city102
128;city149;281;432;city118;65;372;city288;292;473;city264;19;337;city160;368;91;city164;103;209;city70
140;city207;457;242;city155;384;77;city136;373;269;city216;7;234;city60;45;387;city287;163;10;city267;230;106;city264;432;297;city282;321;464;city61;335;386;city192
134;city222;471;113;city204;429;19;city53;285;209;city123;16;456;city164;391;182;city252;50;190;city112;233;390;city210;7;162;city248;42;394;city193;47;46;city267;299;138;city215;371;431;city209;24;298;city198;272;290;city241;235;18;city98;30;491;city68;71;63;city103;203;207;city168;256;377;city282
127;city69;345;332;city206;302;255;city267;64;384;city283;53;191;city103;92;298;city245;24;28;city290;411;441;city293;111;253;city149;112;337;city182;325;201;city237;402;406;city73;370;26;city82;215;291;city179
149;city127;177;440;city193;190;376;city137
154;city227;328;402;city79;163;477;city253;66;261;city163;113;383;city182;391;260;city197;215;375;city63;243;435;city242;309;196;city115;302;381;city267
170;city231;4;311;city81;332;134;city90;368;342;city78;284;170;city184;35;172;city52;247;286;city83;356;447;city209;440;71;city260;202;45;city276;58;467;city63;159;72;city220;385;371;city285
138;city139;277;131;city124;237;480;city83;481;351;city193;21;467;city94;409;165;city262;408;136;city208;108;367;city199;4;495;city279;273;446;city50;127;32;city102
170;city231;4;311;city81;332;134;city90;368;342;city78;284;170;city184;35;172;city52;247;286;city83;356;447;city209;440;71;city260;202;45;city276;58;467;city63;159;72;city220;385;371;city285
174;city166;181;9;city223;243;448;city192;295;97;city88;325;234;city127;218;137;city110;274;16;city164;208;316;city101;500;207;city57;316;160;city140;103;315;city247;169;402;city299
131;city77;498;163;city287;63;240;city235;377;292;city250;84;115;city61;225;167;city253;464;485;city217;266;220;city223;31;175;city91;83;102;city214;95;93;city186;256;425;city279;304;43;city162;417;460;city117
147;city277;430;147;city134
129;city149;113;183;city217;458;324;city141;463;318;city293;497;493;city206;75;262;city298;292;146;city212;128;409;city147;183;64;city255;157;272;city295;474;311;city56;112;282;city53
148;city73;49;139;city243;5;10;city91;288;321;city68;29;317;city101;128;107;city239;397;60;city234;410;45;city135;287;462;city142;340;103;city52;324;392;city118;479;156;city207;466;318;city265;463;27;city237;236;165;city85;134;370;city218;455;389;city250
125;city147;99;70;city164;436;261;city234;94;252;city101;443;314;city65;63;116;city168;187;149;city78;28;194;city183;168;457;city158;457;188;city67;65;375;city246;348;382;city247;355;451;city98;476;491;city285
131;city77;498;163;city287;63;240;city235;377;292;city250;84;115;city61;225;167;city253;464;485;city217;266;220;city223;31;175;city91;83;102;city214;95;93;city186;256;425;city279;304;43;city162;417;460;city117
133;city273;474;19;city276;208;99;city198;296;263;city261;348;120;city94;103;264;city284;322;302;city176;364;48;city188;394;431;city267;457;402;city195;42;213;city99;348;322;city265;393;24;city275;386;404;city141;404;157;city233;2;307;city56;322;233;city249;162;30;city217;107;400;city180;365;381;city93
161;city245;369;86;city209;57;82;city109;177;221;city228;456;318;city274;269;371;city110;376;90;city254;460;97;city296;268;165;city84;290;487;city187;83;48;city259
165;city145;444;368;city103;84;423;city203;123;152;city195;344;353;city126;347;38;city114;359;42;city253;484;247;city249;346;5;city256;298;94;city75;75;277;city261;312;138;city178;233;123;city101;322;55;city111;73;155;city201

133;city273;474;19;city276;208;99;city198;296;263;city261;348;120;city94;103;264;city284;322;302;city176;364;48;city188;394;431;city267;457;402;city195;42;213;city99;348;322;city265;393;24;city275;386;404;city141;404;157;city233;2;307;city56;322;233;city249;162;30;city217;107;400;city180;365;381;city93
163;city121;269;398;city149;267;288;city244;85;322;city227;163;426;city175;472;85;city66;81;448;city270
171;city82;457;484;city134;200;275;city160;138;247;city209;402;304;city271;82;240;city122;110;35;city54;309;14;city180
147;city277;430;147;city134
150;city223;481;335;city162;174;216;city174;500;429;city123;104;360;city213;163;217;city207;493;41;city269;304;21;city111;237;19;city245;23;4;city186;386;112;city82;299;399;city87;49;157;city236;275;323;city106;381;167;city190;188;275;city274;295;116;city166;490;456;city143;108;154;city225;408;187;city177
134;city222;471;113;city204;429;19;city53;285;209;city123;16;456;city164;391;182;city252;50;190;city112;233;390;city210;7;162;city248;42;394;city193;47;46;city267;299;138;city215;371;431;city209;24;298;city198;272;290;city241;235;18;city98;30;491;city68;71;63;city103;203;207;city168;256;377;city282
155;city164;471;389;city284;284;235;city158;485;415;city249;476;107;city192;233;307;city57;208;75;city119;387;199;city143;390;192;city117;304;394;city70;209;473;city293;419;351;city107;313;392;city138;14;106;city278;317;34;city159;207;135;city227;33;416;city288
148;city73;49;139;city243;5;10;city91;288;321;city68;29;317;city101;128;107;city239;397;60;city234;410;45;city135;287;462;city142;340;103;city52;324;392;city118;479;156;city207;466;318;city265;463;27;city237;236;165;city85;134;370;city218;455;389;city250
148;city73;49;139;city243;5;10;city91;288;321;city68;29;317;city101;128;107;city239;397;60;city234;410;45;city135;287;462;city142;340;103;city52;324;392;city118;479;156;city207;466;318;city265;463;27;city237;236;165;city85;134;370;city218;455;389;city250
141;city287;236;395;city220;10;254;city97;209;453;city146;180;121;city236;454;179;city233;97;163;city79;237;480;city286;16;129;city203;456;489;city248;178;424;city135;477;275;city117
158;city258;178;209;city285;346;137;city279;239;273;city105;79;349;city110;353;146;city54;475;334;city239;273;60;city166;298;65;city229
134;city222;471;113;city204;429;19;city53;285;209;city123;16;456;city164;391;182;city252;50;190;city112;233;390;city210;7;162;city248;42;394;city193;47;46;city267;299;138;city215;371;431;city209;24;298;city198;272;290;city241;235;18;city98;30;491;city68;71;63;city103;203;207;city168;256;377;city282
170;city231;4;311;city81;332;134;city90;368;342;city78;284;170;city184;35;172;city52;247;286;city83;356;447;city209;440;71;city260;202;45;city276;58;467;city63;159;72;city220;385;371;city285
158;city258;178;209;city285;346;137;city279;239;273;city105;79;349;city110;353;146;city54;475;334;city239;273;60;city166;298;65;city229
169;city224;142;312;city152;496;82;city157;136;219;city79;320;83;city194;339;205;city246;50;83;city143;366;174;city247;206;195;city293;266;105;city185;283;265;city276
162;city96;203;98;city98;142;274;city280;152;201;city293;85;431;city66;311;86;city63;344;162;city183;458;162;city278;269;97;city234;445;343;city143;400;374;city91;359;80;city250
134;city222;471;113;city204;429;19;city53;285;209;city123;16;456;city164;391;182;city252;50;190;city112;233;390;city210;7;162;city248;42;394;city193;47;46;city267;299;138;city215;371;431;city209;24;298;city198;272;290;city241;235;18;city98;30;491;city68;71;63;city103;203;207;city168;256;377;city282
136;city55;23;256;city233;290;460;city93;250;135;city273;132;71;city297;194;118;city95;404;271;city282;128;122;city227;137;32;city172;221;462;city62;148;217;city252;248;495;city147;397;305;city108
127;city69;345;332;city206;302;255;city267;64;384;city283;53;191;city103;92;298;city245;24;28;city290;411;441;city293;111;253;city149;112;337;city182;325;201;city237;402;406;city73;370;26;city82;215;291;city179
151;city279;453;384;city256;259;52;city273;105;42;city228;303;273;city91;274;458;city269;298;247;city290;261;23;city81
167;city242;381;468;city167;86;56;city136;138;310;city97;198;336;city247;464;200;city262;4;394;city52;266;429;city208;297;358;city88;16;189;city261;162;215;city155;331;7;city125;25;111;city109;318;259;city173
129;city149;113;183;city217;458;324;city141;463;318;city293;497;493;city206;75;262;city298;292;146;city212;128;409;city147;183;64;city255;157;272;city295;474;311;city56;112;282;city53
147;city277;430;147;city134
143;city155;249;438;city184;107;135;city83;98;402;city163;31;335;city98;237;389;city183;26;285;city294;165;250;city227;451;219;city89;220;402;city113;87;480;city120;466;226;city218;413;461;city164;47;141;city67;409;472;city288;137;56;city287;270;289;city102;10;195;city193
132;city159;112;62;city113;138;294;city278;442;185;city149;209;304;city155;2;323;city123;437;115;city257;249;59;city90;413;453;city186;433;454;city233;392;126;city194;63;410;city294;81;365;city282;273;254;city120;421;465;city262;230;267;city63;490;274;city265
169;city224;142;312;city152;496;82;city157;136;219;city79;320;83;city194;339;205;city246;50;83;city143;366;174;city247;206;195;city293;266;105;city185;283;265;city276
149;city127;177;440;city193;190;376;city137
131;city77;498;163;city287;63;240;city235;377;292;city250;84;115;city61;225;167;city253;464;485;city217;266;220;city223;31;175;city91;83;102;city214;95;93;city186;256;425;city279;304;43;city162;417;460;city117
150;city223;481;335;city162;174;216;city174;500;429;city123;104;360;city213;163;217;city207;493;41;city269;304;21;city111;237;19;city245;23;4;city186;386;112;city82;299;399;city87;49;157;city236;275;323;city106;381;167;city190;188;275;city274;295;116;city166;490;456;city143;108;154;city225;408;187;city177
156;city180;481;192;city194;325;388;city170;80;43;city221;37;204;city56;119;26;city165;53;329;city177;22;260;city227;25;35;city265;443;58;city116;116;244;city120;345;478;city63;418;201;city266;414;345;city153;179;130;city70;132;146;city299;263;165;city108;432;236;city142;444;179;city117
154;city227;328;402;city79;163;477;city253;66;261;city163;113;383;city182;391;260;city197;215;375;city63;243;435;city242;309;196;city115;302;381;city267
132;city159;112;62;city113;138;294;city278;442;185;city149;209;304;city155;2;323;city123;437;115;city257;249;59;city90;413;453;city186;433;454;city233;392;126;city194;63;410;city294;81;365;city282;273;254;city120;421;465;city262;230;267;city63;490;274;city265
156;city180;481;192;city194;325;388;city170;80;43;city221;37;204;city56;119;26;city165;53;329;city177;22;260;city227;25;35;city265;443;58;city116;116;244;city120;345;478;city63;418;201;city266;414;345;city153;179;130;city70;132;146;city299;263;165;city108;432;236;city142;444;179;city117
127;city69;345;332;city206;302;255;city267;64;384;city283;53;191;city103;92;298;city245;24;28;city290;411;441;city293;111;253;city149;112;337;city182;325;201;city237;402;406;city73;370;26;city82;215;291;city179
161;city245;369;86;city209;57;82;city109;177;221;city228;456;318;city274;269;371;city110;376;90;city254;460;97;city296;268;165;city84;290;487;city187;83;48;city259
173;city192;445;10;city178;431;4;city134;174;92;city95;127;125;city121;246;329;city265;361;33;city264;4;481;city79;260;256;city257;29;358;city275;158;314;city208
152;city143;187;115;city105;37;404;city92;418;212;city133
165;city145;444;368;city103;84;423;city203;123;152;city195;344;353;city126;347;38;city114;359;42;city253;484;247;city249;346;5;city256;298;94;city75;75;277;city261;312;138;city178;233;123;city101;322;55;city111;73;155;city201
143;city155;249;438;city184;107;135;city83;98;402;city163;31;335;city98;237;389;city183;26;285;city294;165;250;city227;451;219;city89;220;402;city113;87;480;city120;466;226;city218;413;461;city164;47;141;city67;409;472;city288;137;56;city287;270;289;city102;10;195;city193
170;city231;4;311;city81;332;134;city90;368;342;city78;284;170;city184;35;172;city52;247;286;city83;356;447;city209;440;71;city260;202;45;city276;58;467;city63;159;72;city220;385;371;city285
158;city258;178;209;city285;346;137;city279;239;273;city105;79;349;city110;353;146;city54;475;334;city239;273;60;city166;298;65;city229
170;city231;4;311;city81;332;134;city90;368;342;city78;284;170;city184;35;172;city52;247;286;city83;356;447;city209;440;71;city260;202;45;city276;58;467;city63;159;72;city220;385;371;city285
143;city155;249;438;city184;107;135;city83;98;402;city163;31;335;city98;237;389;city183;26;285;city294;165;250;city227;451;219;city89;220;402;city113;87;480;city120;466;226;city218;413;461;city164;47;141;city67;409;472;city288;137;56;city287;270;289;city102;10;195;city193
156;city180;481;192;city194;325;388;city170;80;43;city221;37;204;city56;119;26;city165;53;329;city177;22;260;city227;25;35;city265;443;58;city116;116;244;city120;345;478;city63;418;201;city266;414;345;city153;179;130;city70;132;146;city299;263;165;city108;432;236;city142;444;179;city117
145;city250;395;286;city224;206;35;city251;115;382;city78;50;482;city119;474;299;city153;146;409;city215;445;203;city88;248;360;city87;78;260;city121;266;135;city163;102;219;city246;360;43;city181;370;183;city106
154;city227;328;402;city79;163;477;city253;66;261;city163;113;383;city182;391;260;city197;215;375;city63;243;435;city242;309;196;city115;302;381;city267
166;city183;376;425;city212;428;19;city190;469;243;city197;243;333;city236;216;88;city187;126;268;city170;431;325;city127;430;23;city122;390;225;city247
156;city180;481;192;city194;325;388;city170;80;43;city221;37;204;city56;119;26;city165;53;329;city177;22;260;city227;25;35;city265;443;58;city116;116;244;city120;345;478;city63;418;201;city266;414;345;city153;179;130;city70;132;146;city299;263;165;city108;432;236;city142;444;179;city117
158;city258;178;209;city285;346;137;city279;239;273;city105;79;349;city110;353;146;city54;475;334;city239;273;60;city166;298;65;city229
172;city214;472;196;city131;234;235;city220;316;280;city129
128;city149;281;432;city118;65;372;city288;292;473;city264;19;337;city160;368;91;city164;103;209;city70
171;city82;457;484;city134;200;275;city160;138;247;city209;402;304;city271;82;240;city122;110;35;city54;309;14;city180
164;city172;39;160;city223;329;424;city139;36;429;city53;291;221;city216;357;308;city249;366;447;city207;424;279;city181;478;255;city186;74;111;city117
149;city127;177;440;city193;190;376;city137
142;city91;383;488;city77;218;216;city175;363;405;city184;447;63;city216;90;43;city212;48;78;city198;262;260;city83;135;494;city60;331;328;city202;460;274;city262;188;9;city62;134;279;city87;193;305;city73;207;21;city277;374;389;city273;308;53;city153;275;74;city218;444;9;city141
133;city273;474;19;city276;208;99;city198;296;263;city261;348;120;city94;103;264;city284;322;302;city176;364;48;city188;394;431;city267;457;402;city195;42;213;city99;348;322;city265;393;24;city275;386;404;city141;404;157;city233;2;307;city56;322;233;city249;162;30;city217;107;400;city180;365;381;city93
152;city143;187;115;city105;37;404;city92;418;212;city133
165;city145;444;368;city103;84;423;city203;123;152;city195;344;353;city126;347;38;city114;359;42;city253;484;247;city249;346;5;city256;298;94;city75;75;277;city261;312;138;city178;233;123;city101;322;55;city111;73;155;city201
153;city265;451;253;city273;291;3;city225;193;158;city254;427;271;city155;497;94;city298;241;497;city100;447;313;city235;46;494;city198;63;103;city70;327;136;city241;172;286;city181
160;city50;74;483;city66;322;416;city136;424;391;city101;193;110;city166;119;447;city232;21;370;city124;327;274;city176;475;113;city273;5;184;city280;106;284;city153;187;11;city196;220;438;city284;32;154;city184
174;city166;181;9;city223;243;448;city192;295;97;city88;325;234;city127;218;137;city110;274;16;city164;208;316;city101;500;207;city57;316;160;city140;103;315;city247;169;402;city299
133;city273;474;19;city276;208;99;city198;296;263;city261;348;120;city94;103;264;city284;322;302;city176;364;48;city188;394;431;city267;457;402;city195;42;213;city99;348;322;city265;393;24;city275;386;404;city141;404;157;city233;2;307;city56;322;233;city249;162;30;city217;107;400;city180;365;381;city93
146;city127;434;267;city96;36;320;city79;79;168;city121;141;435;city282;58;201;city173;258;410;city169;44;89;city246;499;235;city183;101;284;city152;390;394;city126;335;467;city289;49;147;city186;361;377;city57;201;431;city62;122;297;city143;179;440;city112;156;498;city285;493;250;city260
166;city183;376;425;city212;428;19;city190;469;243;city197;243;333;city236;216;88;city187;126;268;city170;431;325;city127;430;23;city122;390;225;city247
153;city265;451;253;city273;291;3;city225;193;158;city254;427;271;city155;497;94;city298;241;497;city100;447;313;city235;46;494;city198;63;103;city70;327;136;city241;172;286;city181
151;city279;453;384;city256;259;52;city273;105;42;city228;303;273;city91;274;458;city269;298;247;city290;261;23;city81
151;city279;453;384;city256;259;52;city273;105;42;city228;303;273;city91;274;458;city269;298;247;city290;261;23;city81
141;city287;236;395;city220;10;254;city97;209;453;city146;180;121;city236;454;179;city233;97;163;city79;237;480;city286;16;129;city203;456;489;city248;178;424;city135;477;275;city117
159;city245;255;389;city135;138;468;city55;52;317;city185;105;235;city284;171;369;city79;162;484;city155;65;87;city124;250;79;city246;434;468;city162;233;29;city213;50;340;city74;341;296;city52;82;6;city109;186;406;city201;306;388;city266;492;271;city193;253;16;city151;159;486;city145
133;city273;474;19;city276;208;99;city198;296;263;city261;348;120;city94;103;264;city284;322;302;city176;364;48;city188;394;431;city267;457;402;city195;42;213;city99;348;322;city265;393;24;city275;386;404;city141;404;157;city233;2;307;city56;322;233;city249;162;30;city217;107;400;city180;365;381;city93
160;city50;74;483;city66;322;416;city136;424;391;city101;193;110;city166;119;447;city232;21;370;city124;327;274;city176;475;113;city273;5;184;city280;106;284;city153;187;11;city196;220;438;city284;32;154;city184
143;city155;249;438;city184;107;135;city83;98;402;city163;31;335;city98;237;389;city183;26;285;city294;165;250;city227;451;219;city89;220;402;city113;87;480;city120;466;226;city218;413;461;city164;47;141;city67;409;472;city288;137;56;city287;270;289;city102;10;195;city193
159;city245;255;389;city135;138;468;city55;52;317;city185;105;235;city284;171;369;city79;162;484;city155;65;87;city124;250;79;city246;434;468;city162;233;29;city213;50;340;city74;341;296;city52;82;6;city109;186;406;city201;306;388;city266;492;271;city193;253;16;city151;159;486;city145
164;city172;39;160;city223;329;424;city139;36;429;city53;291;221;city216;357;308;city249;366;447;city207;424;279;city181;478;255;city186;74;111;city117
142;city91;383;488;city77;218;216;city175;363;405;city184;447;63;city216;90;43;city212;48;78;city198;262;260;city83;135;494;city60;331;328;city202;460;274;city262;188;9;city62;134;279;city87;193;305;city73;207;21;city277;374;389;city273;308;53;city153;275;74;city218;444;9;city141
153;city265;451;253;city273;291;3;city225;193;158;city254;427;271;city155;497;94;city298;241;497;city100;447;313;city235;46;494;city198;63;103;city70;327;136;city241;172;286;city181
162;city96;203;98;city98;142;274;city280;152;201;city293;85;431;city66;311;86;city63;344;162;city183;458;162;city278;269;97;city234;445;343;city143;400;374;city91;359;80;city250
167;city242;381;468;city167;86;56;city136;138;310;city97;198;336;city247;464;200;city262;4;394;city52;266;429;city208;297;358;city88;16;189;city261;162;215;city155;331;7;city125;25;111;city109;318;259;city173
148;city73;49;139;city243;5;10;city91;288;321;city68;29;317;city101;128;107;city239;397;60;city234;410;45;city135;287;462;city142;340;103;city52;324;392;city118;479;156;city207;466;318;city265;463;27;city237;236;165;city85;134;370;city218;455;389;city250
146;city127;434;267;city96;36;320;city79;79;168;city121;141;435;city282;58;201;city173;258;410;city169;44;89;city246;499;235;city183;101;284;city152;390;394;city126;335;467;city289;49;147;city186;361;377;city57;201;431;city62;122;297;city143;179;440;city112;156;498;city285;493;250;city260
159;city245;255;389;city135;138;468;city55;52;317;city185;105;235;city284;171;369;city79;162;484;city155;65;87;city124;250;79;city246;434;468;city162;233;29;city213;50;340;city74;341;296;city52;82;6;city109;186;406;city201;306;388;city266;492;271;city193;253;16;city151;159;486;city145
160;city50;74;483;city66;322;416;city136;424;391;city101;193;110;city166;119;447;city232;21;370;city124;327;274;city176;475;113;city273;5;184;city280;106;284;city153;187;11;city196;220;438;city284;32;154;city184
127;city69;345;332;city206;302;255;city267;64;384;city283;53;191;city103;92;298;city245;24;28;city290;411;441;city293;111;253;city149;112;337;city182;325;201;city237;402;406;city73;370;26;city82;215;291;city179
167;city242;381;468;city167;86;56;city136;138;310;city97;198;336;city247;464;200;city262;4;394;city52;266;429;city208;297;358;city88;16;189;city261;162;215;city155;331;7;city125;25;111;city109;318;259;city173
157;city227;339;150;city179;444;487;city162;146;205;city175;389;185;city116;367;435;city203;231;499;city127;321;180;city69;438;455;city255;436;370;city293;309;409;city235;101;237;city138
130;city238;298;371;city204;459;48;city216;118;83;city230;383;458;city273;100;169;city243;292;364;city168
130;city238;298;371;city204;459;48;city216;118;83;city230;383;458;city273;100;169;city243;292;364;city168
137;city80;38;468;city248;236;221;city239;132;146;city255;105;431;city62;449;51;city272;66;280;city158;263;249;city135;357;103;city282;496;498;city127;167;411;city58;205;319;city144;442;404;city276;396;16;city192;190;409;city222;283;255;city114;85;97;city161;394;258;city68;153;427;city180
159;city245;255;389;city135;138;468;city55;52;317;city185;105;235;city284;171;369;city79;162;484;city155;65;87;city124;250;79;city246;434;468;city162;233;29;city213;50;340;city74;341;296;city52;82;6;city109;186;406;city201;306;388;city266;492;271;city193;253;16;city151;159;486;city145
131;city77;498;163;city287;63;240;city235;377;292;city250;84;115;city61;225;167;city253;464;485;city217;266;220;city223;31;175;city91;83;102;city214;95;93;city186;256;425;city279;304;43;city162;417;460;city117
155;city164;471;389;city284;284;235;city158;485;415;city249;476;107;city192;233;307;city57;208;75;city119;387;199;city143;390;192;city117;304;394;city70;209;473;city293;419;351;city107;313;392;city138;14;106;city278;317;34;city159;207;135;city227;33;416;city288
162;city96;203;98;city98;142;274;city280;152;201;city293;85;431;city66;311;86;city63;344;162;city183;458;162;city278;269;97;city234;445;343;city143;400;374;city91;359;80;city250
169;city224;142;312;city152;496;82;city157;136;219;city79;320;83;city194;339;205;city246;50;83;city143;366;174;city247;206;195;city293;266;105;city185;283;265;city276
163;city121;269;398;city149;267;288;city244;85;322;city227;163;426;city175;472;85;city66;81;448;city270
167;city242;381;468;city167;86;56;city136;138;310;city97;198;336;city247;464;200;city262;4;394;city52;266;429;city208;297;358;city88;16;189;city261;162;215;city155;331;7;city125;25;111;city109;318;259;city173
159;city245;255;389;city135;138;468;city55;52;317;city185;105;235;city284;171;369;city79;162;484;city155;65;87;city124;250;79;city246;434;468;city162;233;29;city213;50;340;city74;341;296;city52;82;6;city109;186;406;city201;306;388;city266;492;271;city193;253;16;city151;159;486;city145
151;city279;453;384;city256;259;52;city273;105;42;city228;303;273;city91;274;458;city269;298;247;city290;261;23;city81
164;city172;39;160;city223;329;424;city139;36;429;city53;291;221;city216;357;308;city249;366;447;city207;424;279;city181;478;255;city186;74;111;city117
169;city224;142;312;city152;496;82;city157;136;219;city79;320;83;city194;339;205;city246;50;83;city143;366;174;city247;206;195;city293;266;105;city185;283;265;city276
127;city69;345;332;city206;302;255;city267;64;384;city283;53;191;city103;92;298;city245;24;28;city290;411;441;city293;111;253;city149;112;337;city182;325;201;city237;402;406;city73;370;26;city82;215;291;city179
155;city164;471;389;city284;284;235;city158;485;415;city249;476;107;city192;233;307;city57;208;75;city119;387;199;city143;390;192;city117;304;394;city70;209;473;city293;419;351;city107;313;392;city138;14;106;city278;317;34;city159;207;135;city227;33;416;city288
143;city155;249;438;city184;107;135;city83;98;402;city163;31;335;city98;237;389;city183;26;285;city294;165;250;city227;451;219;city89;220;402;city113;87;480;city120;466;226;city218;413;461;city164;47;141;city67;409;472;city288;137;56;city287;270;289;city102;10;195;city193
135;city69;159;28;city229;464;6;city93;41;469;city100;264;292;city71;199;314;city98;371;104;city90;481;499;city89;148;111;city80;303;42;city234;44;351;city264;31;100;city254;43;363;city106;307;159;city225;379;38;city237;446;201;city162;119;499;city266;184;196;city241;397;189;city269
130;city238;298;371;city204;459;48;city216;118;83;city230;383;458;city273;100;169;city243;292;364;city168
154;city227;328;402;city79;163;477;city253;66;261;city163;113;383;city182;391;260;city197;215;375;city63;243;435;city242;309;196;city115;302;381;city267
143;city155;249;438;city184;107;135;city83;98;402;city163;31;335;city98;237;389;city183;26;285;city294;165;250;city227;451;219;city89;220;402;city113;87;480;city120;466;226;city218;413;461;city164;47;141;city67;409;472;city288;137;56;city287;270;289;city102;10;195;city193
156;city180;481;192;city194;325;388;city170;80;43;city221;37;204;city56;119;26;city165;53;329;city177;22;260;city227;25;35;city265;443;58;city116;116;244;city120;345;478;city63;418;201;city266;414;345;city153;179;130;city70;132;146;city299;263;165;city108;432;236;city142;444;179;city117
139;city163;374;186;city54;340;51;city67;3;34;city70;381;444;city218;305;317;city152;467;11;city246;251;373;city252;143;54;city220;281;399;city195;396;390;city90;49;347;city171;309;450;city268;392;449;city132;110;395;city148;332;294;city236;51;88;city143;446;199;city97
156;city180;481;192;city194;325;388;city170;80;43;city221;37;204;city56;119;26;city165;53;329;city177;22;260;city227;25;35;city265;443;58;city116;116;244;city120;345;478;city63;418;201;city266;414;345;city153;179;130;city70;132;146;city299;263;165;city108;432;236;city142;444;179;city117
156;city180;481;192;city194;325;388;city170;80;43;city221;37;204;city56;119;26;city165;53;329;city177;22;260;city227;25;35;city265;443;58;city116;116;244;city120;345;478;city63;418;201;city266;414;345;city153;179;130;city70;132;146;city299;263;165;city108;432;236;city142;444;179;city117
128;city149;281;432;city118;65;372;city288;292;473;city264;19;337;city160;368;91;city164;103;209;city70
165;city145;444;368;city103;84;423;city203;123;152;city195;344;353;city126;347;38;city114;359;42;city253;484;247;city249;346;5;city256;298;94;city75;75;277;city261;312;138;city178;233;123;city101;322;55;city111;73;155;city201
173;city192;445;10;city178;431;4;city134;174;92;city95;127;125;city121;246;329;city265;361;33;city264;4;481;city79;260;256;city257;29;358;city275;158;314;city208
157;city227;339;150;city179;444;487;city162;146;205;city175;389;185;city116;367;435;city203;231;499;city127;321;180;city69;438;455;city255;436;370;city293;309;409;city235;101;237;city138
133;city273;474;19;city276;208;99;city198;296;263;city261;348;120;city94;103;264;city284;322;302;city176;364;48;city188;394;431;city267;457;402;city195;42;213;city99;348;322;city265;393;24;city275;386;404;city141;404;157;city233;2;307;city56;322;233;city249;162;30;city217;107;400;city180;365;381;city93
160;city50;74;483;city66;322;416;city136;424;391;city101;193;110;city166;119;447;city232;21;370;city124;327;274;city176;475;113;city273;5;184;city280;106;284;city153;187;11;city196;220;438;city284;32;154;city184
137;city80;38;468;city248;236;221;city239;132;146;city255;105;431;city62;449;51;city272;66;280;city158;263;249;city135;357;103;city282;496;498;city127;167;411;city58;205;319;city144;442;404;city276;396;16;city192;190;409;city222;283;255;city114;85;97;city161;394;258;city68;153;427;city180
148;city73;49;139;city243;5;10;city91;288;321;city68;29;317;city101;128;107;city239;397;60;city234;410;45;city135;287;462;city142;340;103;city52;324;392;city118;479;156;city207;466;318;city265;463;27;city237;236;165;city85;134;370;city218;455;389;city250
132;city159;112;62;city113;138;294;city278;442;185;city149;209;304;city155;2;323;city123;437;115;city257;249;59;city90;413;453;city186;433;454;city233;392;126;city194;63;410;city294;81;365;city282;273;254;city120;421;465;city262;230;267;city63;490;274;city265
168;city207;216;400;city169;343;261;city126;17;418;city81;151;500;city201;104;19;city202;399;438;city53;420;380;city189;358;93;city64
125;city147;99;70;city164;436;261;city234;94;252;city101;443;314;city65;63;116;city168;187;149;city78;28;194;city183;168;457;city158;457;188;city67;65;375;city246;348;382;city247;355;451;city98;476;491;city285
149;city127;177;440;city193;190;376;city137
169;city224;142;312;city152;496;82;city157;136;219;city79;320;83;city194;339;205;city246;50;83;city143;366;174;city247;206;195;city293;266;105;city185;283;265;city276
174;city166;181;9;city223;243;448;city192;295;97;city88;325;234;city127;218;137;city110;274;16;city164;208;316;city101;500;207;city57;316;160;city140;103;315;city247;169;402;city299
149;city127;177;440;city193;190;376;city137
130;city238;298;371;city204;459;48;city216;118;83;city230;383;458;city273;100;169;city243;292;364;city168
140;city207;457;242;city155;384;77;city136;373;269;city216;7;234;city60;45;387;city287;163;10;city267;230;106;city264;432;297;city282;321;464;city61;335;386;city192
166;city183;376;425;city212;428;19;city190;469;243;city197;243;333;city236;216;88;city187;126;268;city170;431;325;city127;430;23;city122;390;225;city247
132;city159;112;62;city113;138;294;city278;442;185;city149;209;304;city155;2;323;city123;437;115;city257;249;59;city90;413;453;city186;433;454;city233;392;126;city194;63;410;city294;81;365;city282;273;254;city120;421;465;city262;230;267;city63;490;274;city265
163;city121;269;398;city149;267;288;city244;85;322;city227;163;426;city175;472;85;city66;81;448;city270
166;city183;376;425;city212;428;19;city190;469;243;city197;243;333;city236;216;88;city187;126;268;city170;431;325;city127;430;23;city122;390;225;city247
133;city273;474;19;city276;208;99;city198;296;263;city261;348;120;city94;103;264;city284;322;302;city176;364;48;city188;394;431;city267;457;402;city195;42;213;city99;348;322;city265;393;24;city275;386;404;city141;404;157;city233;2;307;city56;322;233;city249;162;30;city217;107;400;city180;365;381;city93
151;city279;453;384;city256;259;52;city273;105;42;city228;303;273;city91;274;458;city269;298;247;city290;261;23;city81
138;city139;277;131;city124;237;480;city83;481;351;city193;21;467;city94;409;165;city262;408;136;city208;108;367;city199;4;495;city279;273;446;city50;127;32;city102
164;city172;39;160;city223;329;424;city139;36;429;city53;291;221;city216;357;308;city249;366;447;city207;424;279;city181;478;255;city186;74;111;city117
146;city127;434;267;city96;36;320;city79;79;168;city121;141;435;city282;58;201;city173;258;410;city169;44;89;city246;499;235;city183;101;284;city152;390;394;city126;335;467;city289;49;147;city186;361;377;city57;201;431;city62;122;297;city143;179;440;city112;156;498;city285;493;250;city260
147;city277;430;147;city134
137;city80;38;468;city248;236;221;city239;132;146;city255;105;431;city62;449;51;city272;66;280;city158;263;249;city135;357;103;city282;496;498;city127;167;411;city58;205;319;city144;442;404;city276;396;16;city192;190;409;city222;283;255;city114;85;97;city161;394;258;city68;153;427;city180
147;city277;430;147;city134
134;city222;471;113;city204;429;19;city53;285;209;city123;16;456;city164;391;182;city252;50;190;city112;233;390;city210;7;162;city248;42;394;city193;47;46;city267;299;138;city215;371;431;city209;24;298;city198;272;290;city241;235;18;city98;30;491;city68;71;63;city103;203;207;city168;256;377;city282
141;city287;236;395;city220;10;254;city97;209;453;city146;180;121;city236;454;179;city233;97;163;city79;237;480;city286;16;129;city203;456;489;city248;178;424;city135;477;275;city117
131;city77;498;163;city287;63;240;city235;377;292;city250;84;115;city61;225;167;city253;464;485;city217;266;220;city223;31;175;city91;83;102;city214;95;93;city186;256;425;city279;304;43;city162;417;460;city117
143;city155;249;438;city184;107;135;city83;98;402;city163;31;335;city98;237;389;city183;26;285;city294;165;250;city227;451;219;city89;220;402;city113;87;480;city120;466;226;city218;413;461;city164;47;141;city67;409;472;city288;137;56;city287;270;289;city102;10;195;city193
173;city192;445;10;city178;431;4;city134;174;92;city95;127;125;city121;246;329;city265;361;33;city264;4;481;city79;260;256;city257;29;358;city275;158;314;city208
133;city273;474;19;city276;208;99;city198;296;263;city261;348;120;city94;103;264;city284;322;302;city176;364;48;city188;394;431;city267;457;402;city195;42;213;city99;348;322;city265;393;24;city275;386;404;city141;404;157;city233;2;307;city56;322;233;city249;162;30;city217;107;400;city180;365;381;city93
156;city180;481;192;city194;325;388;city170;80;43;city221;37;204;city56;119;26;city165;53;329;city177;22;260;city227;25;35;city265;443;58;city116;116;244;city120;345;478;city63;418;201;city266;414;345;city153;179;130;city70;132;146;city299;263;165;city108;432;236;city142;444;179;city117
167;city242;381;468;city167;86;56;city136;138;310;city97;198;336;city247;464;200;city262;4;394;city52;266;429;city208;297;358;city88;16;189;city261;162;215;city155;331;7;city125;25;111;city109;318;259;city173
165;city145;444;368;city103;84;423;city203;123;152;city195;344;353;city126;347;38;city114;359;42;city253;484;247;city249;346;5;city256;298;94;city75;75;277;city261;312;138;city178;233;123;city101;322;55;city111;73;155;city201
160;city50;74;483;city66;322;416;city136;424;391;city101;193;110;city166;119;447;city232;21;370;city124;327;274;city176;475;113;city273;5;184;city280;106;284;city153;187;11;city196;220;438;city284;32;154;city184
134;city222;471;113;city204;429;19;city53;285;209;city123;16;456;city164;391;182;city252;50;190;city112;233;390;city210;7;162;city248;42;394;city193;47;46;city267;299;138;city215;371;431;city209;24;298;city198;272;290;city241;235;18;city98;30;491;city68;71;63;city103;203;207;city168;256;377;city282
168;city207;216;400;city169;343;261;city126;17;418;city81;151;500;city201;104;19;city202;399;438;city53;420;380;city189;358;93;city64
128;city149;281;432;city118;65;372;city288;292;473;city264;19;337;city160;368;91;city164;103;209;city70
164;city172;39;160;city223;329;424;city139;36;429;city53;291;221;city216;357;308;city249;366;447;city207;424;279;city181;478;255;city186;74;111;city117
152;city143;187;115;city105;37;404;city92;418;212;city133
154;city227;328;402;city79;163;477;city253;66;261;city163;113;383;city182;391;260;city197;215;375;city63;243;435;city242;309;196;city115;302;381;city267
149;city127;177;440;city193;190;376;city137
166;city183;376;425;city212;428;19;city190;469;243;city197;243;333;city236;216;88;city187;126;268;city170;431;325;city127;430;23;city122;390;225;city247
147;city277;430;147;city134
129;city149;113;183;city217;458;324;city141;463;318;city293;497;493;city206;75;262;city298;292;146;city212;128;409;city147;183;64;city255;157;272;city295;474;311;city56;112;282;city53
136;city55;23;256;city233;290;460;city93;250;135;city273;132;71;city297;194;118;city95;404;271;city282;128;122;city227;137;32;city172;221;462;city62;148;217;city252;248;495;city147;397;305;city108
150;city223;481;335;city162;174;216;city174;500;429;city123;104;360;city213;163;217;city207;493;41;city269;304;21;city111;237;19;city245;23;4;city186;386;112;city82;299;399;city87;49;157;city236;275;323;city106;381;167;city190;188;275;city274;295;116;city166;490;456;city143;108;154;city225;408;187;city177
149;city127;177;440;city193;190;376;city137
153;city265;451;253;city273;291;3;city225;193;158;city254;427;271;city155;497;94;city298;241;497;city100;447;313;city235;46;494;city198;63;103;city70;327;136;city241;172;286;city181
132;city159;112;62;city113;138;294;city278;442;185;city149;209;304;city155;2;323;city123;437;115;city257;249;59;city90;413;453;city186;433;454;city233;392;126;city194;63;410;city294;81;365;city282;273;254;city120;421;465;city262;230;267;city63;490;274;city265
144;city200;176;335;city275;266;208;city88;192;400;city121;304;286;city104;76;226;city155;284;244;city251;235;312;city261;414;241;city184;245;317;city143;109;403;city287;334;484;city202;360;360;city172;83;240;city263;276;147;city144;318;40;city242
129;city149;113;183;city217;458;324;city141;463;318;city293;497;493;city206;75;262;city298;292;146;city212;128;409;city147;183;64;city255;157;272;city295;474;311;city56;112;282;city53
150;city223;481;335;city162;174;216;city174;500;429;city123;104;360;city213;163;217;city207;493;41;city269;304;21;city111;237;19;city245;23;4;city186;386;112;city82;299;399;city87;49;157;city236;275;323;city106;381;167;city190;188;275;city274;295;116;city166;490;456;city143;108;154;city225;408;187;city177
125;city147;99;70;city164;436;261;city234;94;252;city101;443;314;city65;63;116;city168;187;149;city78;28;194;city183;168;457;city158;457;188;city67;65;375;city246;348;382;city247;355;451;city98;476;491;city285
161;city245;369;86;city209;57;82;city109;177;221;city228;456;318;city274;269;371;city110;376;90;city254;460;97;city296;268;165;city84;290;487;city187;83;48;city259
145;city250;395;286;city224;206;35;city251;115;382;city78;50;482;city119;474;299;city153;146;409;city215;445;203;city88;248;360;city87;78;260;city121;266;135;city163;102;219;city246;360;43;city181;370;183;city106
129;city149;113;183;city217;458;324;city141;463;318;city293;497;493;city206;75;262;city298;292;146;city212;128;409;city147;183;64;city255;157;272;city295;474;311;city56;112;282;city53
146;city127;434;267;city96;36;320;city79;79;168;city121;141;435;city282;58;201;city173;258;410;city169;44;89;city246;499;235;city183;101;284;city152;390;394;city126;335;467;city289;49;147;city186;361;377;city57;201;431;city62;122;297;city143;179;440;city112;156;498;city285;493;250;city260
166;city183;376;425;city212;428;19;city190;469;243;city197;243;333;city236;216;88;city187;126;268;city170;431;325;city127;430;23;city122;390;225;city247
137;city80;38;468;city248;236;221;city239;132;146;city255;105;431;city62;449;51;city272;66;280;city158;263;249;city135;357;103;city282;496;498;city127;167;411;city58;205;319;city144;442;404;city276;396;16;city192;190;409;city222;283;255;city114;85;97;city161;394;258;city68;153;427;city180
134;city222;471;113;city204;429;19;city53;285;209;city123;16;456;city164;391;182;city252;50;190;city112;233;390;city210;7;162;city248;42;394;city193;47;46;city267;299;138;city215;371;431;city209;24;298;city198;272;290;city241;235;18;city98;30;491;city68;71;63;city103;203;207;city168;256;377;city282
172;city214;472;196;city131;234;235;city220;316;280;city129
144;city200;176;335;city275;266;208;city88;192;400;city121;304;286;city104;76;226;city155;284;244;city251;235;312;city261;414;241;city184;245;317;city143;109;403;city287;334;484;city202;360;360;city172;83;240;city263;276;147;city144;318;40;city242
131;city77;498;163;city287;63;240;city235;377;292;city250;84;115;city61;225;167;city253;464;485;city217;266;220;city223;31;175;city91;83;102;city214;95;93;city186;256;425;city279;304;43;city162;417;460;city117
168;city207;216;400;city169;343;261;city126;17;418;city81;151;500;city201;104;19;city202;399;438;city53;420;380;city189;358;93;city64
157;city227;339;150;city179;444;487;city162;146;205;city175;389;185;city116;367;435;city203;231;499;city127;321;180;city69;438;455;city255;436;370;city293;309;409;city235;101;237;city138
167;city242;381;468;city167;86;56;city136;138;310;city97;198;336;city247;464;200;city262;4;394;city52;266;429;city208;297;358;city88;16;189;city261;162;215;city155;331;7;city125;25;111;city109;318;259;city173
159;city245;255;389;city135;138;468;city55;52;317;city185;105;235;city284;171;369;city79;162;484;city155;65;87;city124;250;79;city246;434;468;city162;233;29;city213;50;340;city74;341;296;city52;82;6;city109;186;406;city201;306;388;city266;492;271;city193;253;16;city151;159;486;city145
145;city250;395;286;city224;206;35;city251;115;382;city78;50;482;city119;474;299;city153;146;409;city215;445;203;city88;248;360;city87;78;260;city121;266;135;city163;102;219;city246;360;43;city181;370;183;city106
169;city224;142;312;city152;496;82;city157;136;219;city79;320;83;city194;339;205;city246;50;83;city143;366;174;city247;206;195;city293;266;105;city185;283;265;city276
159;city245;255;389;city135;138;468;city55;52;317;city185;105;235;city284;171;369;city79;162;484;city155;65;87;city124;250;79;city246;434;468;city162;233;29;city213;50;340;city74;341;296;city52;82;6;city109;186;406;city201;306;388;city266;492;271;city193;253;16;city151;159;486;city145
128;city149;281;432;city118;65;372;city288;292;473;city264;19;337;city160;368;91;city164;103;209;city70
174;city166;181;9;city223;243;448;city192;295;97;city88;325;234;city127;218;137;city110;274;16;city164;208;316;city101;500;207;city57;316;160;city140;103;315;city247;169;402;city299
149;city127;177;440;city193;190;376;city137
169;city224;142;312;city152;496;82;city157;136;219;city79;320;83;city194;339;205;city246;50;83;city143;366;174;city247;206;195;city293;266;105;city185;283;265;city276
142;city91;383;488;city77;218;216;city175;363;405;city184;447;63;city216;90;43;city212;48;78;city198;262;260;city83;135;494;city60;331;328;city202;460;274;city262;188;9;city62;134;279;city87;193;305;city73;207;21;city277;374;389;city273;308;53;city153;275;74;city218;444;9;city141
151;city279;453;384;city256;259;52;city273;105;42;city228;303;273;city91;274;458;city269;298;247;city290;261;23;city81
162;city96;203;98;city98;142;274;city280;152;201;city293;85;431;city66;311;86;city63;344;162;city183;458;162;city278;269;97;city234;445;343;city143;400;374;city91;359;80;city250
164;city172;39;160;city223;329;424;city139;36;429;city53;291;221;city216;357;308;city249;366;447;city207;424;279;city181;478;255;city186;74;111;city117
138;city139;277;131;city124;237;480;city83;481;351;city193;21;467;city94;409;165;city262;408;136;city208;108;367;city199;4;495;city279;273;446;city50;127;32;city102
174;city166;181;9;city223;243;448;city192;295;97;city88;325;234;city127;218;137;city110;274;16;city164;208;316;city101;500;207;city57;316;160;city140;103;315;city247;169;402;city299
168;city207;216;400;city169;343;261;city126;17;418;city81;151;500;city201;104;19;city202;399;438;city53;420;380;city189;358;93;city64
159;city245;255;389;city135;138;468;city55;52;317;city185;105;235;city284;171;369;city79;162;484;city155;65;87;city124;250;79;city246;434;468;city162;233;29;city213;50;340;city74;341;296;city52;82;6;city109;186;406;city201;306;388;city266;492;271;city193;253;16;city151;159;486;city145
167;city242;381;468;city167;86;56;city136;138;310;city97;198;336;city247;464;200;city262;4;394;city52;266;429;city208;297;358;city88;16;189;city261;162;215;city155;331;7;city125;25;111;city109;318;259;city173
162;city96;203;98;city98;142;274;city280;152;201;city293;85;431;city66;311;86;city63;344;162;city183;458;162;city278;269;97;city234;445;343;city143;400;374;city91;359;80;city250
140;city207;457;242;city155;384;77;city136;373;269;city216;7;234;city60;45;387;city287;163;10;city267;230;106;city264;432;297;city282;321;464;city61;335;386;city192
163;city121;269;398;city149;267;288;city244;85;322;city227;163;426;city175;472;85;city66;81;448;city270
127;city69;345;332;city206;302;255;city267;64;384;city283;53;191;city103;92;298;city245;24;28;city290;411;441;city293;111;253;city149;112;337;city182;325;201;city237;402;406;city73;370;26;city82;215;291;city179
144;city200;176;335;city275;266;208;city88;192;400;city121;304;286;city104;76;226;city155;284;244;city251;235;312;city261;414;241;city184;245;317;city143;109;403;city287;334;484;city202;360;360;city172;83;240;city263;276;147;city144;318;40;city242
146;city127;434;267;city96;36;320;city79;79;168;city121;141;435;city282;58;201;city173;258;410;city169;44;89;city246;499;235;city183;101;284;city152;390;394;city126;335;467;city289;49;147;city186;361;377;city57;201;431;city62;122;297;city143;179;440;city112;156;498;city285;493;250;city260
147;city277;430;147;city134
161;city245;369;86;city209;57;82;city109;177;221;city228;456;318;city274;269;371;city110;376;90;city254;460;97;city296;268;165;city84;290;487;city187;83;48;city259
173;city192;445;10;city178;431;4;city134;174;92;city95;127;125;city121;246;329;city265;361;33;city264;4;481;city79;260;256;city257;29;358;city275;158;314;city208
155;city164;471;389;city284;284;235;city158;485;415;city249;476;107;city192;233;307;city57;208;75;city119;387;199;city143;390;192;city117;304;394;city70;209;473;city293;419;351;city107;313;392;city138;14;106;city278;317;34;city159;207;135;city227;33;416;city288
127;city69;345;332;city206;302;255;city267;64;384;city283;53;191;city103;92;298;city245;24;28;city290;411;441;city293;111;253;city149;112;337;city182;325;201;city237;402;406;city73;370;26;city82;215;291;city179
155;city164;471;389;city284;284;235;city158;485;415;city249;476;107;city192;233;307;city57;208;75;city119;387;199;city143;390;192;city117;304;394;city70;209;473;city293;419;351;city107;313;392;city138;14;106;city278;317;34;city159;207;135;city227;33;416;city288
145;city250;395;286;city224;206;35;city251;115;382;city78;50;482;city119;474;299;city153;146;409;city215;445;203;city88;248;360;city87;78;260;city121;266;135;city163;102;219;city246;360;43;city181;370;183;city106
166;city183;376;425;city212;428;19;city190;469;243;city197;243;333;city236;216;88;city187;126;268;city170;431;325;city127;430;23;city122;390;225;city247
162;city96;203;98;city98;142;274;city280;152;201;city293;85;431;city66;311;86;city63;344;162;city183;458;162;city278;269;97;city234;445;343;city143;400;374;city91;359;80;city250
172;city214;472;196;city131;234;235;city220;316;280;city129
137;city80;38;468;city248;236;221;city239;132;146;city255;105;431;city62;449;51;city272;66;280;city158;263;249;city135;357;103;city282;496;498;city127;167;411;city58;205;319;city144;442;404;city276;396;16;city192;190;409;city222;283;255;city114;85;97;city161;394;258;city68;153;427;city180
153;city265;451;253;city273;291;3;city225;193;158;city254;427;271;city155;497;94;city298;241;497;city100;447;313;city235;46;494;city198;63;103;city70;327;136;city241;172;286;city181
125;city147;99;70;city164;436;261;city234;94;252;city101;443;314;city65;63;116;city168;187;149;city78;28;194;city183;168;457;city158;457;188;city67;65;375;city246;348;382;city247;355;451;city98;476;491;city285
126;city96;308;104;city131;249;215;city271;262;280;city118;31;340;city259;212;211;city159;6;352;city147;383;486;city237;27;328;city82;9;165;city105;14;145;city260;472;444;city108;383;83;city181;368;450;city184;415;63;city72;148;191;city92;5;325;city128;301;234;city292;193;299;city208;495;169;city77
135;city69;159;28;city229;464;6;city93;41;469;city100;264;292;city71;199;314;city98;371;104;city90;481;499;city89;148;111;city80;303;42;city234;44;351;city264;31;100;city254;43;363;city106;307;159;city225;379;38;city237;446;201;city162;119;499;city266;184;196;city241;397;189;city269
126;city96;308;104;city131;249;215;city271;262;280;city118;31;340;city259;212;211;city159;6;352;city147;383;486;city237;27;328;city82;9;165;city105;14;145;city260;472;444;city108;383;83;city181;368;450;city184;415;63;city72;148;191;city92;5;325;city128;301;234;city292;193;299;city208;495;169;city77
149;city127;177;440;city193;190;376;city137
135;city69;159;28;city229;464;6;city93;41;469;city100;264;292;city71;199;314;city98;371;104;city90;481;499;city89;148;111;city80;303;42;city234;44;351;city264;31;100;city254;43;363;city106;307;159;city225;379;38;city237;446;201;city162;119;499;city266;184;196;city241;397;189;city269
125;city147;99;70;city164;436;261;city234;94;252;city101;443;314;city65;63;116;city168;187;149;city78;28;194;city183;168;457;city158;457;188;city67;65;375;city246;348;382;city247;355;451;city98;476;491;city285
130;city238;298;371;city204;459;48;city216;118;83;city230;383;458;city273;100;169;city243;292;364;city168
140;city207;457;242;city155;384;77;city136;373;269;city216;7;234;city60;45;387;city287;163;10;city267;230;106;city264;432;297;city282;321;464;city61;335;386;city192
168;city207;216;400;city169;343;261;city126;17;418;city81;151;500;city201;104;19;city202;399;438;city53;420;380;city189;358;93;city64
163;city121;269;398;city149;267;288;city244;85;322;city227;163;426;city175;472;85;city66;81;448;city270
143;city155;249;438;city184;107;135;city83;98;402;city163;31;335;city98;237;389;city183;26;285;city294;165;250;city227;451;219;city89;220;402;city113;87;480;city120;466;226;city218;413;461;city164;47;141;city67;409;472;city288;137;56;city287;270;289;city102;10;195;city193
164;city172;39;160;city223;329;424;city139;36;429;city53;291;221;city216;357;308;city249;366;447;city207;424;279;city181;478;255;city186;74;111;city117
140;city207;457;242;city155;384;77;city136;373;269;city216;7;234;city60;45;387;city287;163;10;city267;230;106;city264;432;297;city282;321;464;city61;335;386;city192
132;city159;112;62;city113;138;294;city278;442;185;city149;209;304;city155;2;323;city123;437;115;city257;249;59;city90;413;453;city186;433;454;city233;392;126;city194;63;410;city294;81;365;city282;273;254;city120;421;465;city262;230;267;city63;490;274;city265
156;city180;481;192;city194;325;388;city170;80;43;city221;37;204;city56;119;26;city165;53;329;city177;22;260;city227;25;35;city265;443;58;city116;116;244;city120;345;478;city63;418;201;city266;414;345;city153;179;130;city70;132;146;city299;263;165;city108;432;236;city142;444;179;city117
167;city242;381;468;city167;86;56;city136;138;310;city97;198;336;city247;464;200;city262;4;394;city52;266;429;city208;297;358;city88;16;189;city261;162;215;city155;331;7;city125;25;111;city109;318;259;city173
160;city50;74;483;city66;322;416;city136;424;391;city101;193;110;city166;119;447;city232;21;370;city124;327;274;city176;475;113;city273;5;1310;city280;106;284;city153;187;11;city196;220;438;city284;32;154;city184
168;city207;216;400;city169;343;261;city126;17;418;city81;151;500;city201;104;19;city202;399;438;city53;420;380;city189;358;93;city64
158;city258;178;209;city285;346;137;city279;239;273;city105;79;349;city110;353;146;city54;475;334;city239;273;60;city166;298;65;city229
126;city96;308;104;city131;249;215;city271;262;280;city118;31;340;city259;212;211;city159;6;352;city147;383;486;city237;27;328;city82;9;165;city105;14;145;city260;472;444;city108;383;83;city181;368;450;city184;415;63;city72;148;191;city92;5;325;city128;301;234;city292;193;299;city208;495;169;city77
149;city127;177;440;city193;190;376;city137
164;city172;39;160;city223;329;424;city139;36;429;city53;291;221;city216;357;308;city249;366;447;city207;424;279;city181;478;255;city186;74;111;city117
145;city250;395;286;city224;206;35;city251;115;382;city78;50;482;city119;474;299;city153;146;409;city215;445;203;city88;248;360;city87;78;260;city121;266;135;city163;102;219;city246;360;43;city181;370;183;city106
169;city224;142;312;city152;496;82;city157;136;219;city79;320;83;city194;339;205;city246;50;83;city143;366;174;city247;206;195;city293;266;105;city185;283;265;city276
143;city155;249;438;city184;107;135;city83;98;402;city163;31;335;city98;237;389;city183;26;285;city294;165;250;city227;451;219;city89;220;402;city113;87;480;city120;466;226;city218;413;461;city164;47;141;city67;409;472;city288;137;56;city287;270;289;city102;10;195;city193
126;city96;308;104;city131;249;215;city271;262;280;city118;31;340;city259;212;211;city159;6;352;city147;383;486;city237;27;328;city82;9;165;city105;14;145;city260;472;444;city108;383;83;city181;368;450;city184;415;63;city72;148;191;city92;5;325;city128;301;234;city292;193;299;city208;495;169;city77
166;city183;376;425;city212;428;19;city190;469;243;city197;243;333;city236;216;88;city187;126;268;city170;431;325;city127;430;23;city122;390;225;city247
152;city143;187;115;city105;37;404;city92;418;212;city133
171;city82;457;3866;city134;200;275;city160;138;247;city209;402;304;city271;82;240;city122;110;35;city54;309;14;city180
136;city55;23;256;city233;290;460;city93;250;135;city273;132;71;city297;194;118;city95;404;271;city282;128;122;city227;137;32;city172;221;462;city62;148;217;city252;248;495;city147;397;305;city108
157;city227;339;150;city179;444;487;city162;146;205;city175;389;185;city116;367;435;city203;231;499;city127;321;180;city69;438;455;city255;436;370;city293;309;409;city235;101;237;city138
135;city69;159;28;city229;464;6;city93;41;469;city100;264;292;city71;199;314;city98;371;104;city90;481;499;city89;148;111;city80;303;42;city234;44;351;city264;31;100;city254;43;363;city106;307;159;city225;379;38;city237;446;201;city162;119;499;city266;184;196;city241;397;189;city269
154;city227;328;402;city79;163;477;city253;66;261;city163;113;383;city182;391;260;city197;215;375;city63;243;435;city242;309;196;city115;302;381;city267
148;city73;49;139;city243;5;10;city91;288;321;city68;29;317;city101;128;107;city239;397;60;city234;410;45;city135;287;462;city142;340;103;city52;324;392;city118;479;156;city207;466;318;city265;463;27;city237;236;165;city85;134;370;city218;455;389;city250
126;city96;308;104;city131;249;215;city271;262;280;city118;31;340;city259;212;211;city159;6;352;city147;383;486;city237;27;328;city82;9;165;city105;14;145;city260;472;444;city108;383;83;city181;368;450;city184;415;63;city72;148;191;city92;5;325;city128;301;234;city292;193;299;city208;495;169;city77
153;city265;451;253;city273;291;3;city225;193;158;city254;427;271;city155;497;94;city298;241;497;city100;447;313;city235;46;494;city198;63;103;city70;327;136;city241;172;286;city181
133;city273;474;19;city276;208;99;city198;296;263;city261;348;120;city94;103;264;city284;322;302;city176;364;48;city188;394;431;city267;457;402;city195;42;213;city99;348;322;city265;393;24;city275;386;404;city141;404;157;city233;2;307;city56;322;233;city249;162;30;city217;107;400;city180;365;381;city93
130;city238;298;371;city204;459;48;city216;118;83;city230;383;458;city273;100;169;city243;292;364;city168
138;city139;277;131;city124;237;480;city83;481;351;city193;21;467;city94;409;165;city262;408;136;city208;108;367;city199;4;495;city279;273;446;city50;127;32;city102
146;city127;434;267;city96;36;320;city79;79;168;city121;141;435;city282;58;201;city173;258;410;city169;44;89;city246;499;235;city183;101;284;city152;390;394;city126;335;467;city289;49;147;city186;361;377;city57;201;431;city62;122;297;city143;179;440;city112;156;498;city285;493;250;city260
139;city163;374;186;city54;340;51;city67;3;34;city70;381;444;city218;305;317;city152;467;11;city246;251;373;city252;143;54;city220;281;399;city195;396;390;city90;49;347;city171;309;450;city268;392;449;city132;110;395;city148;332;294;city236;51;88;city143;446;199;city97
141;city287;236;395;city220;10;254;city97;209;453;city146;180;121;city236;454;179;city233;97;163;city79;237;480;city286;16;129;city203;456;489;city248;178;424;city135;477;275;city117
154;city227;328;402;city79;163;477;city253;66;261;city163;113;383;city182;391;260;city197;215;375;city63;243;435;city242;309;196;city115;302;381;city267
173;city192;445;10;city178;431;4;city134;174;92;city95;127;125;city121;246;329;city265;361;33;city264;4;481;city79;260;256;city257;29;358;city275;158;314;city208
142;city91;383;488;city77;218;216;city175;363;405;city184;447;63;city216;90;43;city212;48;78;city198;262;260;city83;135;494;city60;331;328;city202;460;274;city262;188;9;city62;134;279;city87;193;305;city73;207;21;city277;374;389;city273;308;53;city153;275;74;city218;444;9;city141
149;city127;177;440;city193;190;376;city137
139;city163;374;186;city54;340;51;city67;3;34;city70;381;444;city218;305;317;city152;467;11;city246;251;373;city252;143;54;city220;281;399;city195;396;390;city90;49;347;city171;309;450;city268;392;449;city132;110;395;city148;332;294;city236;51;88;city143;446;199;city97
126;city96;308;104;city131;249;215;city271;262;280;city118;31;340;city259;212;211;city159;6;352;city147;383;486;city237;27;328;city82;9;165;city105;14;145;city260;472;444;city108;383;83;city181;368;450;city184;415;63;city72;148;191;city92;5;325;city128;301;234;city292;193;299;city208;495;169;city77
147;city277;430;147;city134
148;city73;49;139;city243;5;10;city91;288;321;city68;29;317;city101;128;107;city239;397;60;city234;410;45;city135;287;462;city142;340;103;city52;324;392;city118;479;156;city207;466;318;city265;463;27;city237;236;165;city85;134;370;city218;455;389;city250
147;city277;430;147;city134
128;city149;281;432;city118;65;372;city288;292;473;city264;19;337;city160;368;91;city164;103;209;city70
127;city69;345;332;city206;302;255;city267;64;384;city283;53;191;city103;92;298;city245;24;28;city290;411;441;city293;111;253;city149;112;337;city182;325;201;city237;402;406;city73;370;26;city82;215;291;city179
150;city223;481;335;city162;174;216;city174;500;429;city123;104;360;city213;163;217;city207;493;41;city269;304;21;city111;237;19;city245;23;4;city186;386;112;city82;299;399;city87;49;157;city236;275;323;city106;381;167;city190;188;275;city274;295;116;city166;490;456;city143;108;154;city225;408;187;city177
128;city149;281;432;city118;65;372;city288;292;473;city264;19;337;city160;368;91;city164;103;209;city70
127;city69;345;332;city206;302;255;city267;64;384;city283;53;191;city103;92;298;city245;24;28;city290;411;441;city293;111;253;city149;112;337;city182;325;201;city237;402;406;city73;370;26;city82;215;291;city179
138;city139;277;131;city124;237;480;city83;481;351;city193;21;467;city94;409;165;city262;408;136;city208;108;367;city199;4;495;city279;273;446;city50;127;32;city102
133;city273;474;19;city276;208;99;city198;296;263;city261;348;120;city94;103;264;city284;322;302;city176;364;48;city188;394;431;city267;457;402;city195;42;213;city99;348;322;city265;393;24;city275;386;404;city141;404;157;city233;2;307;city56;322;233;city249;162;30;city217;107;400;city180;365;381;city93
147;city277;430;147;city134
140;city207;457;242;city155;384;77;city136;373;269;city216;7;234;city60;45;387;city287;163;10;city267;230;106;city264;432;297;city282;321;464;city61;335;386;city192
135;city69;159;28;city229;464;6;city93;41;469;city100;264;292;city71;199;314;city98;371;104;city90;481;499;city89;148;111;city80;303;42;city234;44;351;city264;31;100;city254;43;363;city106;307;159;city225;379;38;city237;446;201;city162;119;499;city266;184;196;city241;397;189;city269
170;city231;4;311;city81;332;134;city90;368;342;city78;284;170;city184;35;172;city52;247;286;city83;356;447;city209;440;71;city260;202;45;city276;58;467;city63;159;72;city220;385;371;city285
142;city91;383;488;city77;218;216;city175;363;405;city184;447;63;city216;90;43;city212;48;78;city198;262;260;city83;135;494;city60;331;328;city202;460;274;city262;188;9;city62;134;279;city87;193;305;city73;207;21;city277;374;389;city273;308;53;city153;275;74;city218;444;9;city141
171;city82;457;3866;city134;200;275;city160;138;247;city209;402;304;city271;82;240;city122;110;35;city54;309;14;city180
159;city245;255;389;city135;138;468;city55;52;317;city185;105;235;city284;171;369;city79;162;484;city155;65;87;city124;250;79;city246;434;468;city162;233;29;city213;50;340;city74;341;296;city52;82;6;city109;186;406;city201;306;388;city266;492;271;city193;253;16;city151;159;486;city145
168;city207;216;400;city169;343;261;city126;17;418;city81;151;500;city201;104;19;city202;399;438;city53;420;380;city189;358;93;city64
167;city242;381;468;city167;86;56;city136;138;310;city97;198;336;city247;464;200;city262;4;394;city52;266;429;city208;297;358;city88;16;189;city261;162;215;city155;331;7;city125;25;111;city109;318;259;city173
147;city277;430;147;city134
159;city245;255;389;city135;138;468;city55;52;317;city185;105;235;city284;171;369;city79;162;484;city155;65;87;city124;250;79;city246;434;468;city162;233;29;city213;50;340;city74;341;296;city52;82;6;city109;186;406;city201;306;388;city266;492;271;city193;253;16;city151;159;486;city145
153;city265;451;253;city273;291;3;city225;193;158;city254;427;271;city155;497;94;city298;241;497;city100;447;313;city235;46;494;city198;63;103;city70;327;136;city241;172;286;city181
150;city223;481;335;city162;174;216;city174;500;429;city123;104;360;city213;163;217;city207;493;41;city269;304;21;city111;237;19;city245;23;4;city186;386;112;city82;299;399;city87;49;157;city236;275;323;city106;381;167;city190;188;275;city274;295;116;city166;490;456;city143;108;154;city225;408;187;city177
144;city200;176;335;city275;266;208;city88;192;400;city121;304;286;city104;76;226;city155;284;244;city251;235;312;city261;414;241;city184;245;317;city143;109;403;city287;334;484;city202;360;360;city172;83;240;city263;276;147;city144;318;40;city242
152;city143;187;115;city105;37;404;city92;418;212;city133
132;city159;112;62;city113;138;294;city278;442;185;city149;209;304;city155;2;323;city123;437;115;city257;249;59;city90;413;453;city186;433;454;city233;392;126;city194;63;410;city294;81;365;city282;273;254;city120;421;465;city262;230;267;city63;490;274;city265
174;city166;181;9;city223;243;448;city192;295;97;city88;325;234;city127;218;137;city110;274;16;city164;208;316;city101;500;207;city57;316;160;city140;103;315;city247;169;402;city299
131;city77;498;163;city287;63;240;city235;377;292;city250;84;115;city61;225;167;city253;464;485;city217;266;220;city223;31;175;city91;83;102;city214;95;93;city186;256;425;city279;304;43;city162;417;460;city117
171;city82;457;3866;city134;200;275;city160;138;247;city209;402;304;city271;82;240;city122;110;35;city54;309;14;city180
133;city273;474;19;city276;208;99;city198;296;263;city261;348;120;city94;103;264;city284;322;302;city176;364;48;city188;394;431;city267;457;402;city195;42;213;city99;348;322;city265;393;24;city275;386;404;city141;404;157;city233;2;307;city56;322;233;city249;162;30;city217;107;400;city180;365;381;city93
139;city163;374;186;city54;340;51;city67;3;34;city70;381;444;city218;305;317;city152;467;11;city246;251;373;city252;143;54;city220;281;399;city195;396;390;city90;49;347;city171;309;450;city268;392;449;city132;110;395;city148;332;294;city236;51;88;city143;446;199;city97
145;city250;395;286;city224;206;35;city251;115;382;city78;50;482;city119;474;299;city153;146;409;city215;445;203;city88;248;360;city87;78;260;city121;266;135;city163;102;219;city246;360;43;city181;370;183;city106
130;city238;298;371;city204;459;48;city216;118;83;city230;383;458;city273;100;169;city243;292;364;city168
172;city214;472;196;city131;234;235;city220;316;280;city129
152;city143;187;115;city105;37;404;city92;418;212;city133
167;city242;381;468;city167;86;56;city136;138;310;city97;198;336;city247;464;200;city262;4;394;city52;266;429;city208;297;358;city88;16;189;city261;162;215;city155;331;7;city125;25;111;city109;318;259;city173
163;city121;269;398;city149;267;288;city244;85;322;city227;163;426;city175;472;85;city66;81;448;city270
139;city163;374;186;city54;340;51;city67;3;34;city70;381;444;city218;305;317;city152;467;11;city246;251;373;city252;143;54;city220;281;399;city195;396;390;city90;49;347;city171;309;450;city268;392;449;city132;110;395;city148;332;294;city236;51;88;city143;446;199;city97
142;city91;383;488;city77;218;216;city175;363;405;city184;447;63;city216;90;43;city212;48;78;city198;262;260;city83;135;494;city60;331;328;city202;460;274;city262;188;9;city62;134;279;city87;193;305;city73;207;21;city277;374;389;city273;308;53;city153;275;74;city218;444;9;city141
134;city222;471;113;city204;429;19;city53;285;209;city123;16;456;city164;391;182;city252;50;190;city112;233;390;city210;7;162;city248;42;394;city193;47;46;city267;299;138;city215;371;431;city209;24;298;city198;272;290;city241;235;18;city98;30;491;city68;71;63;city103;203;207;city168;256;377;city282
154;city227;328;402;city79;163;477;city253;66;261;city163;113;383;city182;391;260;city197;215;375;city63;243;435;city242;309;196;city115;302;381;city267
148;city73;49;139;city243;5;10;city91;288;321;city68;29;317;city101;128;107;city239;397;60;city234;410;45;city135;287;462;city142;340;103;city52;324;392;city118;479;156;city207;466;318;city265;463;27;city237;236;165;city85;134;370;city218;455;389;city250
129;city149;113;183;city217;458;324;city141;463;318;city293;497;493;city206;75;262;city298;292;146;city212;128;409;city147;183;64;city255;157;272;city295;474;311;city56;112;282;city53
138;city139;277;131;city124;237;480;city83;481;351;city193;21;467;city94;409;165;city262;408;136;city208;108;367;city199;4;495;city279;273;446;city50;127;32;city102
156;city180;481;192;city194;325;388;city170;80;43;city221;37;204;city56;119;26;city165;53;329;city177;22;260;city227;25;35;city265;443;58;city116;116;244;city120;345;478;city63;418;201;city266;414;345;city153;179;130;city70;132;146;city299;263;165;city108;432;236;city142;444;179;city117
128;city149;281;432;city118;65;372;city288;292;473;city264;19;337;city160;368;91;city164;103;209;city70
146;city127;434;267;city96;36;320;city79;79;168;city121;141;435;city282;58;201;city173;258;410;city169;44;89;city246;499;235;city183;101;284;city152;390;394;city126;335;467;city289;49;147;city186;361;377;city57;201;431;city62;122;297;city143;179;440;city112;156;498;city285;493;250;city260
169;city224;142;312;city152;496;82;city157;136;219;city79;320;83;city194;339;205;city246;50;83;city143;366;174;city247;206;195;city293;266;105;city185;283;265;city276
138;city139;277;131;city124;237;480;city83;481;351;city193;21;467;city94;409;165;city262;408;136;city208;108;367;city199;4;495;city279;273;446;city50;127;32;city102
169;city224;142;312;city152;496;82;city157;136;219;city79;320;83;city194;339;205;city246;50;83;city143;366;174;city247;206;195;city293;266;105;city185;283;265;city276
129;city149;113;183;city217;458;324;city141;463;318;city293;497;493;city206;75;262;city298;292;146;city212;128;409;city147;183;64;city255;157;272;city295;474;311;city56;112;282;city53
166;city183;376;425;city212;428;19;city190;469;243;city197;243;333;city236;216;88;city187;126;268;city170;431;325;city127;430;23;city122;390;225;city247
165;city145;444;368;city103;84;423;city203;123;152;city195;344;353;city126;347;38;city114;359;42;city253;484;247;city249;346;5;city256;298;94;city75;75;277;city261;312;138;city178;233;123;city101;322;55;city111;73;155;city201
173;city192;445;10;city178;431;4;city134;174;92;city95;127;125;city121;246;329;city265;361;33;city264;4;481;city79;260;256;city257;29;358;city275;158;314;city208
145;city250;395;286;city224;206;35;city251;115;382;city78;50;482;city119;474;299;city153;146;409;city215;445;203;city88;248;360;city87;78;260;city121;266;135;city163;102;219;city246;360;43;city181;370;183;city106
174;city166;181;9;city223;243;448;city192;295;97;city88;325;234;city127;218;137;city110;274;16;city164;208;316;city101;500;207;city57;316;160;city140;103;315;city247;169;402;city299
172;city214;472;196;city131;234;235;city220;316;280;city129
130;city238;298;371;city204;459;48;city216;118;83;city230;383;458;city273;100;169;city243;292;364;city168
129;city149;113;183;city217;458;324;city141;463;318;city293;497;493;city206;75;262;city298;292;146;city212;128;409;city147;183;64;city255;157;272;city295;474;311;city56;112;282;city53
127;city69;345;332;city206;302;255;city267;64;384;city283;53;191;city103;92;298;city245;24;28;city290;411;441;city293;111;253;city149;112;337;city182;325;201;city237;402;406;city73;370;26;city82;215;291;city179
169;city224;142;312;city152;496;82;city157;136;219;city79;320;83;city194;339;205;city246;50;83;city143;366;174;city247;206;195;city293;266;105;city185;283;265;city276
162;city96;203;98;city98;142;274;city280;152;201;city293;85;431;city66;311;86;city63;344;162;city183;458;162;city278;269;97;city234;445;343;city143;400;374;city91;359;80;city250
158;city258;178;209;city285;346;137;city279;239;273;city105;79;349;city110;353;146;city54;475;334;city239;273;60;city166;298;65;city229
166;city183;376;425;city212;428;19;city190;469;243;city197;243;333;city236;216;88;city187;126;268;city170;431;325;city127;430;23;city122;390;225;city247
171;city82;457;3866;city134;200;275;city160;138;247;city209;402;304;city271;82;240;city122;110;35;city54;309;14;city180
160;city50;74;483;city66;322;416;city136;424;391;city101;193;110;city166;119;447;city232;21;370;city124;327;274;city176;475;113;city273;5;1310;city280;106;284;city153;187;11;city196;220;438;city284;32;154;city184
136;city55;23;256;city233;290;460;city93;250;135;city273;132;71;city297;194;118;city95;404;271;city282;128;122;city227;137;32;city172;221;462;city62;148;217;city252;248;495;city147;397;305;city108
173;city192;445;10;city178;431;4;city134;174;92;city95;127;125;city121;246;329;city265;361;33;city264;4;481;city79;260;256;city257;29;358;city275;158;314;city208
171;city82;457;3866;city134;200;275;city160;138;247;city209;402;304;city271;82;240;city122;110;35;city54;309;14;city180
153;city265;451;253;city273;291;3;city225;193;158;city254;427;271;city155;497;94;city298;241;497;city100;447;313;city235;46;494;city198;63;103;city70;327;136;city241;172;286;city181
159;city245;255;389;city135;138;468;city55;52;317;city185;105;235;city284;171;369;city79;162;484;city155;65;87;city124;250;79;city246;434;468;city162;233;29;city213;50;340;city74;341;296;city52;82;6;city109;186;406;city201;306;388;city266;492;271;city193;253;16;city151;159;486;city145
130;city238;298;371;city204;459;48;city216;118;83;city230;383;458;city273;100;169;city243;292;364;city168
141;city287;236;395;city220;10;254;city97;209;453;city146;180;121;city236;454;179;city233;97;163;city79;237;480;city286;16;129;city203;456;489;city248;178;424;city135;477;275;city117
173;city192;445;10;city178;431;4;city134;174;92;city95;127;125;city121;246;329;city265;361;33;city264;4;481;city79;260;256;city257;29;358;city275;158;314;city208
170;city231;4;311;city81;332;134;city90;368;342;city78;284;170;city184;35;172;city52;247;286;city83;356;447;city209;440;71;city260;202;45;city276;58;467;city63;159;72;city220;385;371;city285
133;city273;474;19;city276;208;99;city198;296;263;city261;348;120;city94;103;264;city284;322;302;city176;364;48;city188;394;431;city267;457;402;city195;42;213;city99;348;322;city265;393;24;city275;386;404;city141;404;157;city233;2;307;city56;322;233;city249;162;30;city217;107;400;city180;365;381;city93
127;city69;345;332;city206;302;255;city267;64;384;city283;53;191;city103;92;298;city245;24;28;city290;411;441;city293;111;253;city149;112;337;city182;325;201;city237;402;406;city73;370;26;city82;215;291;city179
127;city69;345;332;city206;302;255;city267;64;384;city283;53;191;city103;92;298;city245;24;28;city290;411;441;city293;111;253;city149;112;337;city182;325;201;city237;402;406;city73;370;26;city82;215;291;city179
130;city238;298;371;city204;459;48;city216;118;83;city230;383;458;city273;100;169;city243;292;364;city168
152;city143;187;115;city105;37;404;city92;418;212;city133
150;city223;481;335;city162;174;216;city174;500;429;city123;104;360;city213;163;217;city207;493;41;city269;304;21;city111;237;19;city245;23;4;city186;386;112;city82;299;399;city87;49;157;city236;275;323;city106;381;167;city190;188;275;city274;295;116;city166;490;456;city143;108;154;city225;408;187;city177
135;city69;159;28;city229;464;6;city93;41;469;city100;264;292;city71;199;314;city98;371;104;city90;481;499;city89;148;111;city80;303;42;city234;44;351;city264;31;100;city254;43;363;city106;307;159;city225;379;38;city237;446;201;city162;119;499;city266;184;196;city241;397;189;city269
172;city214;472;196;city131;234;235;city220;316;280;city129
167;city242;381;468;city167;86;56;city136;138;310;city97;198;336;city247;464;200;city262;4;394;city52;266;429;city208;297;358;city88;16;189;city261;162;215;city155;331;7;city125;25;111;city109;318;259;city173
137;city80;38;468;city248;236;221;city239;132;146;city255;105;431;city62;449;51;city272;66;280;city158;263;249;city135;357;103;city282;496;498;city127;167;411;city58;205;319;city144;442;404;city276;396;16;city192;190;409;city222;283;255;city114;85;97;city161;394;258;city68;153;427;city180
135;city69;159;28;city229;464;6;city93;41;469;city100;264;292;city71;199;314;city98;371;104;city90;481;499;city89;148;111;city80;303;42;city234;44;351;city264;31;100;city254;43;363;city106;307;159;city225;379;38;city237;446;201;city162;119;499;city266;184;196;city241;397;189;city269
163;city121;269;398;city149;267;288;city244;85;322;city227;163;426;city175;472;85;city66;81;448;city270
160;city50;74;483;city66;322;416;city136;424;391;city101;193;110;city166;119;447;city232;21;370;city124;327;274;city176;475;113;city273;5;1310;city280;106;284;city153;187;11;city196;220;438;city284;32;154;city184
