














129;city279;394;117;city217;423;156;city213;82;446;city290;187;272;city292;149;153;city274;127;102;city276;161;285;city142;201;2;city83;175;117;city257;356;211;city188;306;298;city71;388;108;city186;186;321;city53;456;83;city125;159;236;city233;29;314;city100






156;city223;254;467;city111;17;459;city234;355;220;city185;466;382;city168;195;119;city66;295;220;city95;71;246;city214;363;137;city117;432;397;city178;475;340;city150;72;148;city107;468;352;city148;313;206;city63;25;68;city242






167;city164;45;413;city193;400;33;city83;498;46;city194;422;171;city125;340;366;city82;425;34;city279;42;90;city70;64;32;city142;103;472;city138;66;484;city285;268;477;city270





131;city286;36;59;city199;495;37;city75;47;305;city104;102;275;city254;441;361;city213


168;city193;397;486;city141;210;444;city125;251;325;city269;146;69;city63;378;86;city276;227;301;city256;484;245;city73;211;40;city283







144;city72;286;446;city238;87;189;city128;262;221;city157;397;8;city67;403;300;city228;398;284;city89;382;152;city294;376;390;city52;70;59;city283;219;498;city192





127;city55;294;388;city222;119;141;city151;377;279;city215;110;304;city99;262;5;city245;249;422;city267;427;329;city176;71;392;city242;161;269;city121;353;60;city85;295;350;city294
143;city239;129;402;city130;84;342;city263;367;450;city141;133;147;city81;191;113;city289;203;60;city242;23;147;city64;474;410;city135;153;115;city60;120;224;city125;401;139;city78;435;389;city57;353;98;city259;441;352;city91;83;265;city166;99;17;city257
151;city121;291;333;city73;265;494;city88;229;204;city292;263;447;city299




139;city139;40;210;city258;26;76;city200;180;320;city299;397;418;city83;320;166;city271



156;city223;254;467;city111;17;459;city234;355;220;city185;466;382;city168;195;119;city66;295;220;city95;71;246;city214;363;137;city117;432;397;city178;475;340;city150;72;148;city107;468;352;city148;313;206;city63;25;68;city242

166;city119;246;175;city124;264;20;city263
135;city88;30;353;city146;118;52;city63;396;163;city247
147;city88;450;371;city217;72;241;city103;109;211;city190;46;457;city77
139;city139;40;210;city258;26;76;city200;180;320;city299;397;418;city83;320;166;city271

129;city279;394;117;city217;423;156;city213;82;446;city290;187;272;city292;149;153;city274;127;102;city276;161;285;city142;201;2;city83;175;117;city257;356;211;city188;306;298;city71;388;108;city186;186;321;city53;456;83;city125;159;236;city233;29;314;city100

139;city139;40;210;city258;26;76;city200;180;320;city299;397;418;city83;320;166;city271

168;city193;397;486;city141;210;444;city125;251;325;city269;146;69;city63;378;86;city276;227;301;city256;484;245;city73;211;40;city283
167;city164;45;413;city193;400;33;city83;498;46;city194;422;171;city125;340;366;city82;425;34;city279;42;90;city70;64;32;city142;103;472;city138;66;484;city285;268;477;city270
167;city164;45;413;city193;400;33;city83;498;46;city194;422;171;city125;340;366;city82;425;34;city279;42;90;city70;64;32;city142;103;472;city138;66;484;city285;268;477;city270



125;city269;166;14;city120;81;484;city136;188;154;city221;192;258;city176;163;164;city59
147;city88;450;371;city217;72;241;city103;109;211;city190;46;457;city77
137;city123;420;73;city269;72;296;city247;235;350;city79;6;103;city212;57;299;city171;460;437;city232;172;265;city278;110;233;city158;436;166;city265;254;443;city240;264;138;city102;258;438;city146;457;68;city99;91;218;city152;275;470;city180;70;281;city143

157;city241;213;488;city202;150;111;city78;491;325;city69;123;165;city254;68;470;city77
141;city112;55;282;city196;84;474;city228;39;190;city212;10;478;city113;231;346;city115;464;162;city154;459;45;city229;8;329;city80;300;407;city168;484;319;city102;154;330;city236;243;314;city69;255;71;city87;302;379;city63;313;84;city91;103;86;city172


131;city286;36;59;city199;495;37;city75;47;305;city104;102;275;city254;441;361;city213
139;city139;40;210;city258;26;76;city200;180;320;city299;397;418;city83;320;166;city271
135;city88;30;353;city146;118;52;city63;396;163;city247



127;city55;294;388;city222;119;141;city151;377;279;city215;110;304;city99;262;5;city245;249;422;city267;427;329;city176;71;392;city242;161;269;city121;353;60;city85;295;350;city294
136;city237;356;24;city77;453;311;city164;83;386;city141;380;136;city150;228;51;city177;60;411;city88;244;337;city138;105;81;city256;76;10;city263;323;90;city59;468;395;city75;427;371;city87

167;city164;45;413;city193;400;33;city83;498;46;city194;422;171;city125;340;366;city82;425;34;city279;42;90;city70;64;32;city142;103;472;city138;66;484;city285;268;477;city270



156;city223;254;467;city111;17;459;city234;355;220;city185;466;382;city168;195;119;city66;295;220;city95;71;246;city214;363;137;city117;432;397;city178;475;340;city150;72;148;city107;468;352;city148;313;206;city63;25;68;city242
139;city139;40;210;city258;26;76;city200;180;320;city299;397;418;city83;320;166;city271
130;city79;285;4;city262;440;185;city90;415;119;city136;33;347;city60;472;481;city248;386;399;city204;173;42;city197;371;404;city145;176;95;city195;274;6;city128;283;188;city133;249;414;city193;182;183;city273;176;329;city88;485;453;city117;396;92;city281;208;35;city255;309;478;city65;127;255;city87
147;city88;450;371;city217;72;241;city103;109;211;city190;46;457;city77
130;city79;285;4;city262;440;185;city90;415;119;city136;33;347;city60;472;481;city248;386;399;city204;173;42;city197;371;404;city145;176;95;city195;274;6;city128;283;188;city133;249;414;city193;182;183;city273;176;329;city88;485;453;city117;396;92;city281;208;35;city255;309;478;city65;127;255;city87
154;city205;246;109;city101;365;49;city127;444;355;city88;349;92;city180;202;69;city58;89;321;city275

161;city233;161;450;city214;24;442;city84;279;282;city72;468;383;city229;292;347;city225;195;471;city86;180;371;city76;349;499;city282;228;175;city178;244;57;city252;106;434;city166
167;city164;45;413;city193;400;33;city83;498;46;city194;422;171;city125;340;366;city82;425;34;city279;42;90;city70;64;32;city142;103;472;city138;66;484;city285;268;477;city270
153;city190;281;191;city152;280;424;city257;454;155;city89;299;376;city84;29;29;city271;370;337;city87;303;122;city270;193;193;city99;287;5;city200;386;185;city187;378;291;city186;249;385;city146;47;360;city179
163;city114;165;477;city146;208;148;city258;110;245;city142;183;305;city89
172;city105;170;94;city224;238;381;city50;248;399;city56;142;83;city170;201;364;city235;66;202;city103;263;307;city73;430;253;city142;185;413;city203;497;285;city136;18;449;city191;355;465;city287;342;138;city260;104;94;city128
153;city190;281;191;city152;280;424;city257;454;155;city89;299;376;city84;29;29;city271;370;337;city87;303;122;city270;193;193;city99;287;5;city200;386;185;city187;378;291;city186;249;385;city146;47;360;city179
145;city173;272;97;city130;365;241;city81;245;304;city99;64;448;city291;287;233;city119;35;384;city140;43;322;city124;458;61;city247;5;361;city281;207;498;city96;66;112;city168;337;499;city57;451;238;city295;199;154;city97;105;191;city176;192;349;city92

155;city264;457;315;city77;177;151;city119;219;198;city215;338;371;city154;212;85;city73;17;210;city70;327;372;city120;404;212;city248;430;124;city116;382;324;city175;5;90;city61;187;6;city200;31;28;city207;137;74;city223
143;city239;129;402;city130;84;342;city263;367;450;city141;133;147;city81;191;113;city289;203;60;city242;23;147;city64;474;410;city135;153;115;city60;120;224;city125;401;139;city78;435;389;city57;353;98;city259;441;352;city91;83;265;city166;99;17;city257

130;city79;285;4;city262;440;185;city90;415;119;city136;33;347;city60;472;481;city248;386;399;city204;173;42;city197;371;404;city145;176;95;city195;274;6;city128;283;188;city133;249;414;city193;182;183;city273;176;329;city88;485;453;city117;396;92;city281;208;35;city255;309;478;city65;127;255;city87
130;city79;285;4;city262;440;185;city90;415;119;city136;33;347;city60;472;481;city248;386;399;city204;173;42;city197;371;404;city145;176;95;city195;274;6;city128;283;188;city133;249;414;city193;182;183;city273;176;329;city88;485;453;city117;396;92;city281;208;35;city255;309;478;city65;127;255;city87

127;city55;294;388;city222;119;141;city151;377;279;city215;110;304;city99;262;5;city245;249;422;city267;427;329;city176;71;392;city242;161;269;city121;353;60;city85;295;350;city294
151;city121;291;333;city73;265;494;city88;229;204;city292;263;447;city299

173;city90;462;378;city97;461;227;city249;321;287;city61;35;391;city240;487;385;city114
159;city277;465;471;city190;134;499;city240;487;230;city95;37;174;city149;205;305;city117;440;156;city127;59;179;city145;30;133;city171


125;city269;166;14;city120;81;484;city136;188;154;city221;192;258;city176;163;164;city59
142;city231;50;96;city201;364;315;city110;418;245;city285;102;56;city64;358;328;city74;75;192;city133;477;198;city89;68;260;city247;245;5;city290;221;151;city61;188;2;city160;386;171;city266

143;city239;129;402;city130;84;342;city263;367;450;city141;133;147;city81;191;113;city289;203;60;city242;23;147;city64;474;410;city135;153;115;city60;120;224;city125;401;139;city78;435;389;city57;353;98;city259;441;352;city91;83;265;city166;99;17;city257
127;city55;294;388;city222;119;141;city151;377;279;city215;110;304;city99;262;5;city245;249;422;city267;427;329;city176;71;392;city242;161;269;city121;353;60;city85;295;350;city294
161;city233;161;450;city214;24;442;city84;279;282;city72;468;383;city229;292;347;city225;195;471;city86;180;371;city76;349;499;city282;228;175;city178;244;57;city252;106;434;city166
153;city190;281;191;city152;280;424;city257;454;155;city89;299;376;city84;29;29;city271;370;337;city87;303;122;city270;193;193;city99;287;5;city200;386;185;city187;378;291;city186;249;385;city146;47;360;city179
146;city233;393;61;city86;247;367;city222;395;187;city258;27;224;city206;100;40;city121;246;281;city246;342;216;city138;216;137;city108;31;391;city154;229;499;city243;398;385;city104;97;494;city77;172;311;city137;159;471;city141
144;city72;286;446;city238;87;189;city128;262;221;city157;397;8;city67;403;300;city228;398;284;city89;382;152;city294;376;390;city52;70;59;city283;219;498;city192
142;city231;50;96;city201;364;315;city110;418;245;city285;102;56;city64;358;328;city74;75;192;city133;477;198;city89;68;260;city247;245;5;city290;221;151;city61;188;2;city160;386;171;city266

142;city231;50;96;city201;364;315;city110;418;245;city285;102;56;city64;358;328;city74;75;192;city133;477;198;city89;68;260;city247;245;5;city290;221;151;city61;188;2;city160;386;171;city266
148;city65;68;146;city141;257;366;city298;29;152;city181;368;366;city158;342;458;city125;403;298;city145;63;367;city169;254;309;city170;20;384;city122;238;265;city211;279;34;city203;250;370;city72
171;city81;316;149;city63;387;231;city263;223;399;city290;208;221;city112;462;222;city271
157;city241;213;488;city202;150;111;city78;491;325;city69;123;165;city254;68;470;city77
167;city164;45;413;city193;400;33;city83;498;46;city194;422;171;city125;340;366;city82;425;34;city279;42;90;city70;64;32;city142;103;472;city138;66;484;city285;268;477;city270
169;city189;5;424;city209;228;85;city274;46;379;city77;57;49;city171;470;54;city261;291;468;city158;198;32;city186;333;236;city138;112;432;city136;339;81;city195;291;319;city216;34;117;city148;131;94;city53
145;city173;272;97;city130;365;241;city81;245;304;city99;64;448;city291;287;233;city119;35;384;city140;43;322;city124;458;61;city247;5;361;city281;207;498;city96;66;112;city168;337;499;city57;451;238;city295;199;154;city97;105;191;city176;192;349;city92

148;city65;68;146;city141;257;366;city298;29;152;city181;368;366;city158;342;458;city125;403;298;city145;63;367;city169;254;309;city170;20;384;city122;238;265;city211;279;34;city203;250;370;city72
138;city103;183;251;city261;483;459;city238;496;41;city206;52;373;city248;194;30;city233;64;242;city151;254;303;city132;83;231;city57;471;10;city223;179;270;city259;324;85;city296;192;343;city290;474;243;city277;40;158;city281;77;188;city220;497;47;city275;218;431;city232;479;345;city241
171;city81;316;149;city63;387;231;city263;223;399;city290;208;221;city112;462;222;city271
144;city72;286;446;city238;87;189;city128;262;221;city157;397;8;city67;403;300;city228;398;284;city89;382;152;city294;376;390;city52;70;59;city283;219;498;city192
174;city271;424;447;city142;480;446;city190;361;290;city293;59;336;city63;272;321;city88;451;7;city270;176;162;city68;443;121;city57;440;162;city129;433;232;city73;177;261;city75;454;409;city299;48;68;city150;317;294;city166;125;285;city291;404;325;city133;171;57;city91;366;326;city286

148;city65;68;146;city141;257;366;city298;29;152;city181;368;366;city158;342;458;city125;403;298;city145;63;367;city169;254;309;city170;20;384;city122;238;265;city211;279;34;city203;250;370;city72
130;city79;285;4;city262;440;185;city90;415;119;city136;33;347;city60;472;481;city248;386;399;city204;173;42;city197;371;404;city145;176;95;city195;274;6;city128;283;188;city133;249;414;city193;182;183;city273;176;329;city88;485;453;city117;396;92;city281;208;35;city255;309;478;city65;127;255;city87
151;city121;291;333;city73;265;494;city88;229;204;city292;263;447;city299
154;city205;246;109;city101;365;49;city127;444;355;city88;349;92;city180;202;69;city58;89;321;city275
169;city189;5;424;city209;228;85;city274;46;379;city77;57;49;city171;470;54;city261;291;468;city158;198;32;city186;333;236;city138;112;432;city136;339;81;city195;291;319;city216;34;117;city148;131;94;city53
149;city191;254;329;city114;272;456;city143;85;246;city224;123;372;city264;218;73;city146;349;461;city113;240;271;city230;268;375;city209;201;209;city269;405;332;city52;50;67;city267;297;360;city241;411;142;city105;149;380;city218;489;118;city166;108;347;city164;262;437;city251;453;292;city221;355;86;city162
127;city55;294;388;city222;119;141;city151;377;279;city215;110;304;city99;262;5;city245;249;422;city267;427;329;city176;71;392;city242;161;269;city121;353;60;city85;295;350;city294
131;city286;36;59;city199;495;37;city75;47;305;city104;102;275;city254;441;361;city213
159;city277;465;471;city190;134;499;city240;487;230;city95;37;174;city149;205;305;city117;440;156;city127;59;179;city145;30;133;city171
167;city164;45;413;city193;400;33;city83;498;46;city194;422;171;city125;340;366;city82;425;34;city279;42;90;city70;64;32;city142;103;472;city138;66;484;city285;268;477;city270
172;city105;170;94;city224;238;381;city50;248;399;city56;142;83;city170;201;364;city235;66;202;city103;263;307;city73;430;253;city142;185;413;city203;497;285;city136;18;449;city191;355;465;city287;342;138;city260;104;94;city128
171;city81;316;149;city63;387;231;city263;223;399;city290;208;221;city112;462;222;city271
144;city72;286;446;city238;87;189;city128;262;221;city157;397;8;city67;403;300;city228;398;284;city89;382;152;city294;376;390;city52;70;59;city283;219;498;city192


154;city205;246;109;city101;365;49;city127;444;355;city88;349;92;city180;202;69;city58;89;321;city275
141;city112;55;282;city196;84;474;city228;39;190;city212;10;478;city113;231;346;city115;464;162;city154;459;45;city229;8;329;city80;300;407;city168;484;319;city102;154;330;city236;243;314;city69;255;71;city87;302;379;city63;313;84;city91;103;86;city172
149;city191;254;329;city114;272;456;city143;85;246;city224;123;372;city264;218;73;city146;349;461;city113;240;271;city230;268;375;city209;201;209;city269;405;332;city52;50;67;city267;297;360;city241;411;142;city105;149;380;city218;489;118;city166;108;347;city164;262;437;city251;453;292;city221;355;86;city162
139;city139;40;210;city258;26;76;city200;180;320;city299;397;418;city83;320;166;city271
154;city205;246;109;city101;365;49;city127;444;355;city88;349;92;city180;202;69;city58;89;321;city275
132;city194;192;322;city147;275;291;city231;122;358;city167;408;453;city122;500;477;city287;420;363;city230;108;11;city108;72;312;city184;295;244;city137;466;424;city92;220;438;city115;416;45;city136;9;105;city68;34;482;city261
155;city264;457;315;city77;177;151;city119;219;198;city215;338;371;city154;212;85;city73;17;210;city70;327;372;city120;404;212;city248;430;124;city116;382;324;city175;5;90;city61;187;6;city200;31;28;city207;137;74;city223
141;city112;55;282;city196;84;474;city228;39;190;city212;10;478;city113;231;346;city115;464;162;city154;459;45;city229;8;329;city80;300;407;city168;484;319;city102;154;330;city236;243;314;city69;255;71;city87;302;379;city63;313;84;city91;103;86;city172
147;city88;450;371;city217;72;241;city103;109;211;city190;46;457;city77
154;city205;246;109;city101;365;49;city127;444;355;city88;349;92;city180;202;69;city58;89;321;city275
153;city190;281;191;city152;280;424;city257;454;155;city89;299;376;city84;29;29;city271;370;337;city87;303;122;city270;193;193;city99;287;5;city200;386;185;city187;378;291;city186;249;385;city146;47;360;city179
132;city194;192;322;city147;275;291;city231;122;358;city167;408;453;city122;500;477;city287;420;363;city230;108;11;city108;72;312;city184;295;244;city137;466;424;city92;220;438;city115;416;45;city136;9;105;city68;34;482;city261
152;city88;297;82;city263;139;458;city50
168;city193;397;486;city141;210;444;city125;251;325;city269;146;69;city63;378;86;city276;227;301;city256;484;245;city73;211;40;city283
133;city63;49;346;city141;279;135;city296;258;394;city208;64;259;city163;156;173;city244;422;307;city201;84;276;city219;34;107;city234;483;435;city56;238;186;city260;309;19;city146;86;487;city52;341;70;city156;325;434;city85;392;92;city215;191;347;city266;487;139;city293
173;city90;462;378;city97;461;227;city249;321;287;city61;35;391;city240;487;385;city114
129;city279;394;117;city217;423;156;city213;82;446;city290;187;272;city292;149;153;city274;127;102;city276;161;285;city142;201;2;city83;175;117;city257;356;211;city188;306;298;city71;388;108;city186;186;321;city53;456;83;city125;159;236;city233;29;314;city100
173;city90;462;378;city97;461;227;city249;321;287;city61;35;391;city240;487;385;city114
125;city269;166;14;city120;81;484;city136;188;154;city221;192;258;city176;163;164;city59
133;city63;49;346;city141;279;135;city296;258;394;city208;64;259;city163;156;173;city244;422;307;city201;84;276;city219;34;107;city234;483;435;city56;238;186;city260;309;19;city146;86;487;city52;341;70;city156;325;434;city85;392;92;city215;191;347;city266;487;139;city293
171;city81;316;149;city63;387;231;city263;223;399;city290;208;221;city112;462;222;city271
169;city189;5;424;city209;228;85;city274;46;379;city77;57;49;city171;470;54;city261;291;468;city158;198;32;city186;333;236;city138;112;432;city136;339;81;city195;291;319;city216;34;117;city148;131;94;city53
167;city164;45;413;city193;400;33;city83;498;46;city194;422;171;city125;340;366;city82;425;34;city279;42;90;city70;64;32;city142;103;472;city138;66;484;city285;268;477;city270
167;city164;45;413;city193;400;33;city83;498;46;city194;422;171;city125;340;366;city82;425;34;city279;42;90;city70;64;32;city142;103;472;city138;66;484;city285;268;477;city270
128;city130;343;372;city205;128;200;city62;359;264;city298;31;471;city255;100;140;city269;122;296;city212;73;484;city170;388;52;city174;360;306;city161;471;126;city160;195;415;city288;99;92;city222;492;351;city242;155;82;city290;459;285;city249
140;city129;9;353;city150;214;228;city122;262;364;city90;438;94;city242;395;114;city229;5;111;city254;47;125;city131
167;city164;45;413;city193;400;33;city83;498;46;city194;422;171;city125;340;366;city82;425;34;city279;42;90;city70;64;32;city142;103;472;city138;66;484;city285;268;477;city270
173;city90;462;378;city97;461;227;city249;321;287;city61;35;391;city240;487;385;city114
141;city112;55;282;city196;84;474;city228;39;190;city212;10;478;city113;231;346;city115;464;162;city154;459;45;city229;8;329;city80;300;407;city168;484;319;city102;154;330;city236;243;314;city69;255;71;city87;302;379;city63;313;84;city91;103;86;city172
154;city205;246;109;city101;365;49;city127;444;355;city88;349;92;city180;202;69;city58;89;321;city275
161;city233;161;450;city214;24;442;city84;279;282;city72;468;383;city229;292;347;city225;195;471;city86;180;371;city76;349;499;city282;228;175;city178;244;57;city252;106;434;city166
154;city205;246;109;city101;365;49;city127;444;355;city88;349;92;city180;202;69;city58;89;321;city275
162;city120;324;80;city263;147;269;city270;118;123;city287;300;463;city123
174;city271;424;447;city142;480;446;city190;361;290;city293;59;336;city63;272;321;city88;451;7;city270;176;162;city68;443;121;city57;440;162;city129;433;232;city73;177;261;city75;454;409;city299;48;68;city150;317;294;city166;125;285;city291;404;325;city133;171;57;city91;366;326;city286
163;city114;165;477;city146;208;148;city258;110;245;city142;183;305;city89
136;city237;356;24;city77;453;311;city164;83;386;city141;380;136;city150;228;51;city177;60;411;city88;244;337;city138;105;81;city256;76;10;city263;323;90;city59;468;395;city75;427;371;city87
143;city239;129;402;city130;84;342;city263;367;450;city141;133;147;city81;191;113;city289;203;60;city242;23;147;city64;474;410;city135;153;115;city60;120;224;city125;401;139;city78;435;389;city57;353;98;city259;441;352;city91;83;265;city166;99;17;city257
131;city286;36;59;city199;495;37;city75;47;305;city104;102;275;city254;441;361;city213
144;city72;286;446;city238;87;189;city128;262;221;city157;397;8;city67;403;300;city228;398;284;city89;382;152;city294;376;390;city52;70;59;city283;219;498;city192
159;city277;465;471;city190;134;499;city240;487;230;city95;37;174;city149;205;305;city117;440;156;city127;59;179;city145;30;133;city171

155;city264;457;315;city77;177;151;city119;219;198;city215;338;371;city154;212;85;city73;17;210;city70;327;372;city120;404;212;city248;430;124;city116;382;324;city175;5;90;city61;187;6;city200;31;28;city207;137;74;city223
154;city205;246;109;city101;365;49;city127;444;355;city88;349;92;city180;202;69;city58;89;321;city275
139;city139;40;210;city258;26;76;city200;180;320;city299;397;418;city83;320;166;city271
154;city205;246;109;city101;365;49;city127;444;355;city88;349;92;city180;202;69;city58;89;321;city275
150;city157;346;245;city179;474;218;city93;283;274;city227;265;287;city189;244;29;city138;465;389;city114;315;174;city255;18;52;city61;287;328;city218;499;382;city268
145;city173;272;97;city130;365;241;city81;245;304;city99;64;448;city291;287;233;city119;35;384;city140;43;322;city124;458;61;city247;5;361;city281;207;498;city96;66;112;city168;337;499;city57;451;238;city295;199;154;city97;105;191;city176;192;349;city92
174;city271;424;447;city142;480;446;city190;361;290;city293;59;336;city63;272;321;city88;451;7;city270;176;162;city68;443;121;city57;440;162;city129;433;232;city73;177;261;city75;454;409;city299;48;68;city150;317;294;city166;125;285;city291;404;325;city133;171;57;city91;366;326;city286
147;city88;450;371;city217;72;241;city103;109;211;city190;46;457;city77
126;city56;381;365;city133
147;city88;450;371;city217;72;241;city103;109;211;city190;46;457;city77
151;city121;291;333;city73;265;494;city88;229;204;city292;263;447;city299
145;city173;272;97;city130;365;241;city81;245;304;city99;64;448;city291;287;233;city119;35;384;city140;43;322;city124;458;61;city247;5;361;city281;207;498;city96;66;112;city168;337;499;city57;451;238;city295;199;154;city97;105;191;city176;192;349;city92
148;city65;68;146;city141;257;366;city298;29;152;city181;368;366;city158;342;458;city125;403;298;city145;63;367;city169;254;309;city170;20;384;city122;238;265;city211;279;34;city203;250;370;city72
145;city173;272;97;city130;365;241;city81;245;304;city99;64;448;city291;287;233;city119;35;384;city140;43;322;city124;458;61;city247;5;361;city281;207;498;city96;66;112;city168;337;499;city57;451;238;city295;199;154;city97;105;191;city176;192;349;city92
136;city237;356;24;city77;453;311;city164;83;386;city141;380;136;city150;228;51;city177;60;411;city88;244;337;city138;105;81;city256;76;10;city263;323;90;city59;468;395;city75;427;371;city87
163;city114;165;477;city146;208;148;city258;110;245;city142;183;305;city89
130;city79;285;4;city262;440;185;city90;415;119;city136;33;347;city60;472;481;city248;386;399;city204;173;42;city197;371;404;city145;176;95;city195;274;6;city128;283;188;city133;249;414;city193;182;183;city273;176;329;city88;485;453;city117;396;92;city281;208;35;city255;309;478;city65;127;255;city87
139;city139;40;210;city258;26;76;city200;180;320;city299;397;418;city83;320;166;city271

166;city119;246;175;city124;264;20;city263
127;city55;294;388;city222;119;141;city151;377;279;city215;110;304;city99;262;5;city245;249;422;city267;427;329;city176;71;392;city242;161;269;city121;353;60;city85;295;350;city294
169;city189;5;424;city209;228;85;city274;46;379;city77;57;49;city171;470;54;city261;291;468;city158;198;32;city186;333;236;city138;112;432;city136;339;81;city195;291;319;city216;34;117;city148;131;94;city53
145;city173;272;97;city130;365;241;city81;245;304;city99;64;448;city291;287;233;city119;35;384;city140;43;322;city124;458;61;city247;5;361;city281;207;498;city96;66;112;city168;337;499;city57;451;238;city295;199;154;city97;105;191;city176;192;349;city92
129;city279;394;117;city217;423;156;city213;82;446;city290;187;272;city292;149;153;city274;127;102;city276;161;285;city142;201;2;city83;175;117;city257;356;211;city188;306;298;city71;388;108;city186;186;321;city53;456;83;city125;159;236;city233;29;314;city100
130;city79;285;4;city262;440;185;city90;415;119;city136;33;347;city60;472;481;city248;386;399;city204;173;42;city197;371;404;city145;176;95;city195;274;6;city128;283;188;city133;249;414;city193;182;183;city273;176;329;city88;485;453;city117;396;92;city281;208;35;city255;309;478;city65;127;255;city87
166;city119;246;175;city124;264;20;city263
131;city286;36;59;city199;495;37;city75;47;305;city104;102;275;city254;441;361;city213
141;city112;55;282;city196;84;474;city228;39;190;city212;10;478;city113;231;346;city115;464;162;city154;459;45;city229;8;329;city80;300;407;city168;484;319;city102;154;330;city236;243;314;city69;255;71;city87;302;379;city63;313;84;city91;103;86;city172
145;city173;272;97;city130;365;241;city81;245;304;city99;64;448;city291;287;233;city119;35;384;city140;43;322;city124;458;61;city247;5;361;city281;207;498;city96;66;112;city168;337;499;city57;451;238;city295;199;154;city97;105;191;city176;192;349;city92
140;city129;9;353;city150;214;228;city122;262;364;city90;438;94;city242;395;114;city229;5;111;city254;47;125;city131
156;city223;254;467;city111;17;459;city234;355;220;city185;466;382;city168;195;119;city66;295;220;city95;71;246;city214;363;137;city117;432;397;city178;475;340;city150;72;148;city107;468;352;city148;313;206;city63;25;68;city242
132;city194;192;322;city147;275;291;city231;122;358;city167;408;453;city122;500;477;city287;420;363;city230;108;11;city108;72;312;city184;295;244;city137;466;424;city92;220;438;city115;416;45;city136;9;105;city68;34;482;city261
170;city238;108;311;city116;363;123;city173
152;city88;297;82;city263;139;458;city50
142;city231;50;96;city201;364;315;city110;418;245;city285;102;56;city64;358;328;city74;75;192;city133;477;198;city89;68;260;city247;245;5;city290;221;151;city61;188;2;city160;386;171;city266
163;city114;165;477;city146;208;148;city258;110;245;city142;183;305;city89
170;city238;108;311;city116;363;123;city173
144;city72;286;446;city238;87;189;city128;262;221;city157;397;8;city67;403;300;city228;398;284;city89;382;152;city294;376;390;city52;70;59;city283;219;498;city192
156;city223;254;467;city111;17;459;city234;355;220;city185;466;382;city168;195;119;city66;295;220;city95;71;246;city214;363;137;city117;432;397;city178;475;340;city150;72;148;city107;468;352;city148;313;206;city63;25;68;city242
167;city164;45;413;city193;400;33;city83;498;46;city194;422;171;city125;340;366;city82;425;34;city279;42;90;city70;64;32;city142;103;472;city138;66;484;city285;268;477;city270
161;city233;161;450;city214;24;442;city84;279;282;city72;468;383;city229;292;347;city225;195;471;city86;180;371;city76;349;499;city282;228;175;city178;244;57;city252;106;434;city166
156;city223;254;467;city111;17;459;city234;355;220;city185;466;382;city168;195;119;city66;295;220;city95;71;246;city214;363;137;city117;432;397;city178;475;340;city150;72;148;city107;468;352;city148;313;206;city63;25;68;city242
129;city279;394;117;city217;423;156;city213;82;446;city290;187;272;city292;149;153;city274;127;102;city276;161;285;city142;201;2;city83;175;117;city257;356;211;city188;306;298;city71;388;108;city186;186;321;city53;456;83;city125;159;236;city233;29;314;city100
129;city279;394;117;city217;423;156;city213;82;446;city290;187;272;city292;149;153;city274;127;102;city276;161;285;city142;201;2;city83;175;117;city257;356;211;city188;306;298;city71;388;108;city186;186;321;city53;456;83;city125;159;236;city233;29;314;city100
148;city65;68;146;city141;257;366;city298;29;152;city181;368;366;city158;342;458;city125;403;298;city145;63;367;city169;254;309;city170;20;384;city122;238;265;city211;279;34;city203;250;370;city72

167;city164;45;413;city193;400;33;city83;498;46;city194;422;171;city125;340;366;city82;425;34;city279;42;90;city70;64;32;city142;103;472;city138;66;484;city285;268;477;city270
152;city88;297;82;city263;139;458;city50
166;city119;246;175;city124;264;20;city263
148;city65;68;146;city141;257;366;city298;29;152;city181;368;366;city158;342;458;city125;403;298;city145;63;367;city169;254;309;city170;20;384;city122;238;265;city211;279;34;city203;250;370;city72
128;city130;343;372;city205;128;200;city62;359;264;city298;31;471;city255;100;140;city269;122;296;city212;73;484;city170;388;52;city174;360;306;city161;471;126;city160;195;3445;city288;99;92;city222;492;351;city242;155;82;city290;459;285;city249
150;city157;346;245;city179;474;218;city93;283;274;city227;265;287;city189;244;29;city138;465;389;city114;315;174;city255;18;52;city61;287;328;city218;499;382;city268
141;city112;55;282;city196;84;474;city228;39;190;city212;10;478;city113;231;346;city115;464;162;city154;459;45;city229;8;329;city80;300;407;city168;484;319;city102;154;330;city236;243;314;city69;255;71;city87;302;379;city63;313;84;city91;103;86;city172
143;city239;129;402;city130;84;342;city263;367;450;city141;133;147;city81;191;113;city289;203;60;city242;23;147;city64;474;410;city135;153;115;city60;120;224;city125;401;139;city78;435;389;city57;353;98;city259;441;352;city91;83;265;city166;99;17;city257
131;city286;36;59;city199;495;37;city75;47;305;city104;102;275;city254;441;361;city213
129;city279;394;117;city217;423;156;city213;82;446;city290;187;272;city292;149;153;city274;127;102;city276;161;285;city142;201;2;city83;175;117;city257;356;211;city188;306;298;city71;388;108;city186;186;321;city53;456;83;city125;159;236;city233;29;314;city100
133;city63;49;346;city141;279;135;city296;258;394;city208;64;259;city163;156;173;city244;422;307;city201;84;276;city219;34;107;city234;483;435;city56;238;186;city260;309;19;city146;86;487;city52;341;70;city156;325;434;city85;392;92;city215;191;347;city266;487;139;city293
172;city105;170;94;city224;238;381;city50;248;399;city56;142;83;city170;201;364;city235;66;202;city103;263;307;city73;430;253;city142;185;413;city203;497;285;city136;18;449;city191;355;465;city287;342;138;city260;104;94;city128
154;city205;246;109;city101;365;49;city127;444;355;city88;349;92;city180;202;69;city58;89;321;city275
163;city114;165;477;city146;208;148;city258;110;245;city142;183;305;city89
133;city63;49;346;city141;279;135;city296;258;394;city208;64;259;city163;156;173;city244;422;307;city201;84;276;city219;34;107;city234;483;435;city56;238;186;city260;309;19;city146;86;487;city52;341;70;city156;325;434;city85;392;92;city215;191;347;city266;487;139;city293
149;city191;254;329;city114;272;456;city143;85;246;city224;123;372;city264;218;73;city146;349;461;city113;240;271;city230;268;375;city209;201;209;city269;405;332;city52;50;67;city267;297;360;city241;411;142;city105;149;380;city218;489;118;city166;108;347;city164;262;437;city251;453;292;city221;355;86;city162
147;city88;450;371;city217;72;241;city103;109;211;city190;46;457;city77
145;city173;272;97;city130;365;241;city81;245;304;city99;64;448;city291;287;233;city119;35;384;city140;43;322;city124;458;61;city247;5;361;city281;207;498;city96;66;112;city168;337;499;city57;451;238;city295;199;154;city97;105;191;city176;192;349;city92
134;city264;325;290;city69;191;14;city249;267;51;city138;326;12;city180;49;208;city61;388;167;city142;182;194;city237;351;37;city268;207;346;city207
128;city130;343;372;city205;128;200;city62;359;264;city298;31;471;city255;100;140;city269;122;296;city212;73;484;city170;388;52;city174;360;306;city161;471;126;city160;195;3445;city288;99;92;city222;492;351;city242;155;82;city290;459;285;city249
160;city58;437;59;city181;466;447;city278;480;484;city103;388;238;city194;36;387;city192;72;472;city110;309;266;city250;240;256;city78;4;206;city132;448;470;city96;123;227;city82
150;city157;346;245;city179;474;218;city93;283;274;city227;265;287;city189;244;29;city138;465;389;city114;315;174;city255;18;52;city61;287;328;city218;499;382;city268
148;city65;68;146;city141;257;366;city298;29;152;city181;368;366;city158;342;458;city125;403;298;city145;63;367;city169;254;309;city170;20;384;city122;238;265;city211;279;34;city203;250;370;city72
151;city121;291;333;city73;265;494;city88;229;204;city292;263;447;city299
140;city129;9;353;city150;214;228;city122;262;364;city90;438;94;city242;395;114;city229;5;111;city254;47;125;city131
141;city112;55;282;city196;84;474;city228;39;190;city212;10;478;city113;231;346;city115;464;162;city154;459;45;city229;8;329;city80;300;407;city168;484;319;city102;154;330;city236;243;314;city69;255;71;city87;302;379;city63;313;84;city91;103;86;city172
145;city173;272;97;city130;365;241;city81;245;304;city99;64;448;city291;287;233;city119;35;384;city140;43;322;city124;458;61;city247;5;361;city281;207;498;city96;66;112;city168;337;499;city57;451;238;city295;199;154;city97;105;191;city176;192;349;city92
147;city88;450;371;city217;72;241;city103;109;211;city190;46;457;city77
174;city271;424;447;city142;480;446;city190;361;290;city293;59;336;city63;272;321;city88;451;7;city270;176;162;city68;443;121;city57;440;162;city129;433;232;city73;177;261;city75;454;409;city299;48;68;city150;317;294;city166;125;285;city291;404;325;city133;171;57;city91;366;326;city286
138;city103;183;251;city261;483;459;city238;496;41;city206;52;373;city248;194;30;city233;64;242;city151;254;303;city132;83;231;city57;471;10;city223;179;270;city259;324;85;city296;192;343;city290;474;243;city277;40;158;city281;77;188;city220;497;47;city275;218;431;city232;479;345;city241
164;city84;66;386;city258;434;381;city203;245;142;city70;92;435;city272;195;486;city90;90;162;city202;29;168;city142;63;30;city103;229;6;city256;349;320;city159;198;71;city162;389;8;city280
154;city205;246;109;city101;365;49;city127;444;355;city88;349;92;city180;202;69;city58;89;321;city275
142;city231;50;96;city201;364;315;city110;418;245;city285;102;56;city64;358;328;city74;75;192;city133;477;198;city89;68;260;city247;245;5;city290;221;151;city61;188;2;city160;386;171;city266

133;city63;49;346;city141;279;135;city296;258;394;city208;64;259;city163;156;173;city244;422;307;city201;84;276;city219;34;107;city234;483;435;city56;238;186;city260;309;19;city146;86;487;city52;341;70;city156;325;434;city85;392;92;city215;191;347;city266;487;139;city293
166;city119;246;175;city124;264;20;city263
132;city194;192;322;city147;275;291;city231;122;358;city167;408;453;city122;500;477;city287;420;363;city230;108;11;city108;72;312;city184;295;244;city137;466;424;city92;220;438;city115;416;45;city136;9;105;city68;34;482;city261
141;city112;55;282;city196;84;474;city228;39;190;city212;10;478;city113;231;346;city115;464;162;city154;459;45;city229;8;329;city80;300;407;city168;484;319;city102;154;330;city236;243;314;city69;255;71;city87;302;379;city63;313;84;city91;103;86;city172
152;city88;297;82;city263;139;458;city50
153;city190;281;191;city152;280;424;city257;454;155;city89;299;376;city84;29;29;city271;370;337;city87;303;122;city270;193;193;city99;287;5;city200;386;185;city187;378;291;city186;249;385;city146;47;360;city179
164;city84;66;386;city258;434;381;city203;245;142;city70;92;435;city272;195;486;city90;90;162;city202;29;168;city142;63;30;city103;229;6;city256;349;320;city159;198;71;city162;389;8;city280
131;city286;36;59;city199;495;37;city75;47;305;city104;102;275;city254;441;361;city213
145;city173;272;97;city130;365;241;city81;245;304;city99;64;448;city291;287;233;city119;35;384;city140;43;322;city124;458;61;city247;5;361;city281;207;498;city96;66;112;city168;337;499;city57;451;238;city295;199;154;city97;105;191;city176;192;349;city92
168;city193;397;486;city141;210;444;city125;251;325;city269;146;69;city63;378;86;city276;227;301;city256;484;245;city73;211;40;city283
172;city105;170;94;city224;238;381;city50;248;399;city56;142;83;city170;201;364;city235;66;202;city103;263;307;city73;430;253;city142;185;413;city203;497;285;city136;18;449;city191;355;465;city287;342;138;city260;104;94;city128
159;city277;465;471;city190;134;499;city240;487;230;city95;37;174;city149;205;305;city117;440;156;city127;59;179;city145;30;133;city171
156;city223;254;467;city111;17;459;city234;355;220;city185;466;382;city168;195;119;city66;295;220;city95;71;246;city214;363;137;city117;432;397;city178;475;340;city150;72;148;city107;468;352;city148;313;206;city63;25;68;city242
150;city157;346;245;city179;474;218;city93;283;274;city227;265;287;city189;244;29;city138;465;389;city114;315;174;city255;18;52;city61;287;328;city218;499;382;city268
144;city72;286;446;city238;87;189;city128;262;221;city157;397;8;city67;403;300;city228;398;284;city89;382;152;city294;376;390;city52;70;59;city283;219;498;city192
135;city88;30;353;city146;118;52;city63;396;163;city247
172;city105;170;94;city224;238;381;city50;248;399;city56;142;83;city170;201;364;city235;66;202;city103;263;307;city73;430;253;city142;185;413;city203;497;285;city136;18;449;city191;355;465;city287;342;138;city260;104;94;city128
158;city129;92;73;city91;9;11;city85;183;23;city201;465;208;city109;196;407;city66;158;462;city222;420;411;city284;163;213;city137;208;339;city263;291;368;city218;387;88;city125;446;464;city232;265;30;city230;19;244;city126;68;345;city238;380;299;city95;122;314;city236
163;city114;165;477;city146;208;148;city258;110;245;city142;183;305;city89
143;city239;129;402;city130;84;342;city263;367;450;city141;133;147;city81;191;113;city289;203;60;city242;23;147;city64;474;410;city135;153;115;city60;120;224;city125;401;139;city78;435;389;city57;353;98;city259;441;352;city91;83;265;city166;99;17;city257
135;city88;30;353;city146;118;52;city63;396;163;city247
143;city239;129;402;city130;84;342;city263;367;450;city141;133;147;city81;191;113;city289;203;60;city242;23;147;city64;474;410;city135;153;115;city60;120;224;city125;401;139;city78;435;389;city57;353;98;city259;441;352;city91;83;265;city166;99;17;city257
148;city65;68;146;city141;257;366;city298;29;152;city181;368;366;city158;342;458;city125;403;298;city145;63;367;city169;254;309;city170;20;384;city122;238;265;city211;279;34;city203;250;370;city72
126;city56;381;365;city133
128;city130;343;372;city205;128;200;city62;359;264;city298;31;471;city255;100;140;city269;122;296;city212;73;484;city170;388;52;city174;360;306;city161;471;126;city160;195;3445;city288;99;92;city222;492;351;city242;155;82;city290;459;285;city249
136;city237;356;24;city77;453;311;city164;83;386;city141;380;136;city150;228;51;city177;60;411;city88;244;337;city138;105;81;city256;76;10;city263;323;90;city59;468;395;city75;427;371;city87
149;city191;254;329;city114;272;456;city143;85;246;city224;123;372;city264;218;73;city146;349;461;city113;240;271;city230;268;375;city209;201;209;city269;405;332;city52;50;67;city267;297;360;city241;411;142;city105;149;380;city218;489;118;city166;108;347;city164;262;437;city251;453;292;city221;355;86;city162
150;city157;346;245;city179;474;218;city93;283;274;city227;265;287;city189;244;29;city138;465;389;city114;315;174;city255;18;52;city61;287;328;city218;499;382;city268
171;city81;316;149;city63;387;231;city263;223;399;city290;208;221;city112;462;222;city271
161;city233;161;450;city214;24;442;city84;279;282;city72;468;383;city229;292;347;city225;195;471;city86;180;371;city76;349;499;city282;228;175;city178;244;57;city252;106;434;city166
126;city56;381;365;city133
153;city190;281;191;city152;280;424;city257;454;155;city89;299;376;city84;29;29;city271;370;337;city87;303;122;city270;193;193;city99;287;5;city200;386;185;city187;378;291;city186;249;385;city146;47;360;city179
174;city271;424;447;city142;480;446;city190;361;290;city293;59;336;city63;272;321;city88;451;7;city270;176;162;city68;443;121;city57;440;162;city129;433;232;city73;177;261;city75;454;409;city299;48;68;city150;317;294;city166;125;285;city291;404;325;city133;171;57;city91;366;326;city286
142;city231;50;96;city201;364;315;city110;418;245;city285;102;56;city64;358;328;city74;75;192;city133;477;198;city89;68;260;city247;245;5;city290;221;151;city61;188;2;city160;386;171;city266
136;city237;356;24;city77;453;311;city164;83;386;city141;380;136;city150;228;51;city177;60;411;city88;244;337;city138;105;81;city256;76;10;city263;323;90;city59;468;395;city75;427;371;city87
139;city139;40;210;city258;26;76;city200;180;320;city299;397;418;city83;320;166;city271
133;city63;49;346;city141;279;135;city296;258;394;city208;64;259;city163;156;173;city244;422;307;city201;84;276;city219;34;107;city234;483;435;city56;238;186;city260;309;19;city146;86;487;city52;341;70;city156;325;434;city85;392;92;city215;191;347;city266;487;139;city293
160;city58;437;59;city181;466;447;city278;480;484;city103;388;238;city194;36;387;city192;72;472;city110;309;266;city250;240;256;city78;4;206;city132;448;470;city96;123;227;city82
126;city56;381;365;city133
142;city231;50;96;city201;364;315;city110;418;245;city285;102;56;city64;358;328;city74;75;192;city133;477;198;city89;68;260;city247;245;5;city290;221;151;city61;188;2;city160;386;171;city266
153;city190;281;191;city152;280;424;city257;454;155;city89;299;376;city84;29;29;city271;370;337;city87;303;122;city270;193;193;city99;287;5;city200;386;185;city187;378;291;city186;249;385;city146;47;360;city179
133;city63;49;346;city141;279;135;city296;258;394;city208;64;259;city163;156;173;city244;422;307;city201;84;276;city219;34;107;city234;483;435;city56;238;186;city260;309;19;city146;86;487;city52;341;70;city156;325;434;city85;392;92;city215;191;347;city266;487;139;city293
149;city191;254;329;city114;272;456;city143;85;246;city224;123;372;city264;218;73;city146;349;461;city113;240;271;city230;268;375;city209;201;209;city269;405;332;city52;50;67;city267;297;360;city241;411;142;city105;149;380;city218;489;118;city166;108;347;city164;262;437;city251;453;292;city221;355;86;city162
152;city88;297;82;city263;139;458;city50
149;city191;254;329;city114;272;456;city143;85;246;city224;123;372;city264;218;73;city146;349;461;city113;240;271;city230;268;375;city209;201;209;city269;405;332;city52;50;67;city267;297;360;city241;411;142;city105;149;380;city218;489;118;city166;108;347;city164;262;437;city251;453;292;city221;355;86;city162
141;city112;55;282;city196;84;474;city228;39;190;city212;10;478;city113;231;346;city115;464;162;city154;459;45;city229;8;329;city80;300;407;city168;484;319;city102;154;330;city236;243;314;city69;255;71;city87;302;379;city63;313;84;city91;103;86;city172
152;city88;297;82;city263;139;458;city50
168;city193;397;486;city141;210;444;city125;251;325;city269;146;69;city63;378;86;city276;227;301;city256;484;245;city73;211;40;city283
157;city241;213;488;city202;150;111;city78;491;325;city69;123;165;city254;68;470;city77
150;city157;346;245;city179;474;218;city93;283;274;city227;265;287;city189;244;29;city138;465;389;city114;315;174;city255;18;52;city61;287;328;city218;499;382;city268
136;city237;356;24;city77;453;311;city164;83;386;city141;380;136;city150;228;51;city177;60;411;city88;244;337;city138;105;81;city256;76;10;city263;323;90;city59;468;395;city75;427;371;city87
128;city130;343;372;city205;128;200;city62;359;264;city298;31;471;city255;100;140;city269;122;296;city212;73;484;city170;388;52;city174;360;306;city161;471;126;city160;195;3445;city288;99;92;city222;492;351;city242;155;82;city290;459;285;city249
143;city239;129;402;city130;84;342;city263;367;450;city141;133;147;city81;191;113;city289;203;60;city242;23;147;city64;474;410;city135;153;115;city60;120;224;city125;401;139;city78;435;389;city57;353;98;city259;441;352;city91;83;265;city166;99;17;city257
139;city139;40;210;city258;26;76;city200;180;320;city299;397;418;city83;320;166;city271
