


156;city84;247;406;city70;107;297;city200;387;341;city148;4;261;city278;320;50;city213;83;188;city63;450;328;city173;36;30;city235;303;381;city195;457;302;city242;140;346;city121;474;108;city88










156;city84;247;406;city70;107;297;city200;387;341;city148;4;261;city278;320;50;city213;83;188;city63;450;328;city173;36;30;city235;303;381;city195;457;302;city242;140;346;city121;474;108;city88
148;city298;406;191;city289;249;61;city82;279;64;city145;219;96;city244;328;372;city121;222;259;city194;494;340;city159;123;476;city178;157;374;city127;108;475;city273;318;303;city123;175;447;city254;346;127;city182

154;city198;154;211;city214;384;72;city295;372;264;city161;322;60;city296;172;500;city160;305;136;city57;16;195;city140;225;468;city115;38;129;city58;105;216;city294;163;235;city270;242;447;city138;386;84;city202;54;138;city203;205;347;city189;259;85;city67;61;478;city85;410;398;city133

166;city100;220;327;city153;425;389;city298;348;197;city194;294;346;city278;341;60;city82;254;322;city57;302;138;city293;344;236;city60;313;405;city192;75;415;city294;336;17;city236;485;419;city204;104;262;city211;254;254;city259;373;67;city249;285;92;city245;439;330;city146





157;city272;121;195;city197;228;338;city233;334;228;city97;379;190;city67;351;160;city164;83;331;city222;332;383;city192;72;114;city248;390;404;city153;437;406;city56;190;484;city125;203;292;city62;149;372;city114;132;477;city292;342;188;city165;168;75;city259;29;111;city71



145;city74;269;319;city121;260;310;city214;165;73;city139;240;22;city236;164;46;city81;500;345;city63;490;58;city298;447;363;city101;304;388;city133;401;81;city93;353;248;city124

157;city272;121;195;city197;228;338;city233;334;228;city97;379;190;city67;351;160;city164;83;331;city222;332;383;city192;72;114;city248;390;404;city153;437;406;city56;190;484;city125;203;292;city62;149;372;city114;132;477;city292;342;188;city165;168;75;city259;29;111;city71

161;city184;316;90;city258;143;385;city242;248;499;city113;60;212;city62;179;47;city78;304;213;city111;364;194;city175;236;197;city176;143;241;city72;434;384;city96
140;city202;41;272;city181;302;46;city293;220;61;city116;486;144;city113;76;337;city219
156;city84;247;406;city70;107;297;city200;387;341;city148;4;261;city278;320;50;city213;83;188;city63;450;328;city173;36;30;city235;303;381;city195;457;302;city242;140;346;city121;474;108;city88

151;city98;222;228;city67;344;493;city179;98;353;city52;45;93;city233;42;92;city121;203;316;city193;9;36;city259

131;city53;469;353;city54;403;137;city294;447;423;city85;387;420;city253;288;50;city127;13;486;city66;344;400;city83;28;259;city243
174;city82;95;177;city73;340;93;city50;474;334;city64;325;303;city254;256;320;city221
142;city277;469;402;city179;31;107;city156;457;312;city104;111;60;city217;391;234;city117;337;338;city165;285;17;city225;78;61;city130;427;100;city203;123;327;city247;311;449;city140;399;411;city82;214;455;city101;414;179;city295;177;159;city108;369;102;city275;309;165;city230




149;city107;103;5;city278;375;78;city254;374;246;city89;350;379;city159;459;371;city85;27;349;city293;440;428;city124;218;372;city170;275;217;city127;256;217;city81;248;184;city75;76;465;city121;64;164;city58
160;city219;234;327;city214;132;482;city184;144;100;city170;103;325;city123;480;422;city106;129;327;city238;200;400;city292;416;469;city194;61;139;city58;41;405;city281;230;322;city96;390;494;city65;182;17;city186;56;332;city232
148;city298;406;191;city289;249;61;city82;279;64;city145;219;96;city244;328;372;city121;222;259;city194;494;340;city159;123;476;city178;157;374;city127;108;475;city273;318;303;city123;175;447;city254;346;127;city182
172;city268;35;18;city128;46;463;city81;183;287;city286;30;143;city154;25;488;city295;308;195;city254;232;456;city143;201;406;city264;208;72;city163;72;279;city65;268;99;city64;305;192;city54

165;city295;180;285;city76;180;258;city173;437;431;city225;312;231;city134;487;498;city68
156;city84;247;406;city70;107;297;city200;387;341;city148;4;261;city278;320;50;city213;83;188;city63;450;328;city173;36;30;city235;303;381;city195;457;302;city242;140;346;city121;474;108;city88
132;city129;447;128;city84;15;365;city243;333;40;city230;393;234;city56;194;207;city286;213;253;city254;149;402;city150;253;192;city77
151;city98;222;228;city67;344;493;city179;98;353;city52;45;93;city233;42;92;city121;203;316;city193;9;36;city259
141;city241;205;419;city207;181;221;city153;37;475;city77;450;374;city200;128;146;city231;328;426;city113
126;city132;118;295;city281;24;496;city70;326;330;city86;308;37;city187
143;city87;264;195;city215;411;341;city121;440;82;city70;111;222;city116;256;322;city233

170;city110;175;109;city175;372;417;city187;17;123;city199;193;374;city228;452;317;city58;353;148;city218;108;319;city78
157;city272;121;195;city197;228;338;city233;334;228;city97;379;190;city67;351;160;city164;83;331;city222;332;383;city192;72;114;city248;390;404;city153;437;406;city56;190;484;city125;203;292;city62;149;372;city114;132;477;city292;342;188;city165;168;75;city259;29;111;city71
147;city272;250;40;city279;260;334;city264;392;500;city177;235;265;city255;241;499;city270;324;449;city292;455;404;city139;282;151;city90;91;125;city76;123;176;city227;129;268;city134;177;307;city221;327;203;city209
166;city100;220;327;city153;425;389;city298;348;197;city194;294;346;city278;341;60;city82;254;322;city57;302;138;city293;344;236;city60;313;405;city192;75;415;city294;336;17;city236;485;419;city204;104;262;city211;254;254;city259;373;67;city249;285;92;city245;439;330;city146
174;city82;95;177;city73;340;93;city50;474;334;city64;325;303;city254;256;320;city221

133;city219;248;104;city200;153;382;city90;308;202;city240
169;city65;193;382;city206;43;492;city53;139;146;city222;310;17;city256;301;217;city72;171;34;city259;445;334;city212;257;417;city265;321;194;city247
132;city129;447;128;city84;15;365;city243;333;40;city230;393;234;city56;194;207;city286;213;253;city254;149;402;city150;253;192;city77
128;city234;175;136;city153;243;298;city286;198;428;city80;316;387;city92;254;331;city290;461;274;city287;358;279;city262;417;229;city217;474;52;city207;284;292;city72;142;35;city102;380;25;city275;45;36;city206;128;64;city178;392;79;city146;256;281;city141;316;362;city77;430;323;city176;98;413;city265
171;city278;384;434;city94;460;453;city295;422;163;city58;379;433;city233;229;321;city239;474;106;city197;363;156;city247;455;262;city129;100;96;city105
144;city209;467;302;city189;393;256;city253;250;145;city236;411;469;city202;176;484;city210;59;229;city193;473;51;city250;240;111;city175;458;481;city206;130;315;city194;465;48;city109;437;351;city227;218;45;city208;24;498;city205;215;342;city65;300;315;city101;39;185;city110;21;49;city90
161;city184;316;90;city258;143;385;city242;248;499;city113;60;212;city62;179;47;city78;304;213;city111;364;194;city175;236;197;city176;143;241;city72;434;384;city96

148;city298;406;191;city289;249;61;city82;279;64;city145;219;96;city244;328;372;city121;222;259;city194;494;340;city159;123;476;city178;157;374;city127;108;475;city273;318;303;city123;175;447;city254;346;127;city182
157;city272;121;195;city197;228;338;city233;334;228;city97;379;190;city67;351;160;city164;83;331;city222;332;383;city192;72;114;city248;390;404;city153;437;406;city56;190;484;city125;203;292;city62;149;372;city114;132;477;city292;342;188;city165;168;75;city259;29;111;city71

132;city129;447;128;city84;15;365;city243;333;40;city230;393;234;city56;194;207;city286;213;253;city254;149;402;city150;253;192;city77
144;city209;467;302;city189;393;256;city253;250;145;city236;411;469;city202;176;484;city210;59;229;city193;473;51;city250;240;111;city175;458;481;city206;130;315;city194;465;48;city109;437;351;city227;218;45;city208;24;498;city205;215;342;city65;300;315;city101;39;185;city110;21;49;city90
157;city272;121;195;city197;228;338;city233;334;228;city97;379;190;city67;351;160;city164;83;331;city222;332;383;city192;72;114;city248;390;404;city153;437;406;city56;190;484;city125;203;292;city62;149;372;city114;132;477;city292;342;188;city165;168;75;city259;29;111;city71
151;city98;222;228;city67;344;493;city179;98;353;city52;45;93;city233;42;92;city121;203;316;city193;9;36;city259
174;city82;95;177;city73;340;93;city50;474;334;city64;325;303;city254;256;320;city221
151;city98;222;228;city67;344;493;city179;98;353;city52;45;93;city233;42;92;city121;203;316;city193;9;36;city259

165;city295;180;285;city76;180;258;city173;437;431;city225;312;231;city134;487;498;city68
156;city84;247;406;city70;107;297;city200;387;341;city148;4;261;city278;320;50;city213;83;188;city63;450;328;city173;36;30;city235;303;381;city195;457;302;city242;140;346;city121;474;108;city88

158;city294;365;488;city271;390;443;city231;175;287;city82;468;499;city259;387;9;city250;57;217;city163;436;74;city103;453;482;city290;261;299;city286;81;376;city184;281;94;city128;33;311;city141;43;79;city248;348;467;city161;231;208;city88;279;275;city150;395;214;city275
165;city295;180;285;city76;180;258;city173;437;431;city225;312;231;city134;487;498;city68
171;city278;384;434;city94;460;453;city295;422;163;city58;379;433;city233;229;321;city239;474;106;city197;363;156;city247;455;262;city129;100;96;city105
152;city110;370;137;city65;301;143;city181;108;359;city115;407;363;city125;485;325;city221;402;249;city186;429;118;city250;463;410;city76;18;348;city64;282;395;city66;60;301;city290;326;350;city280;282;156;city190;309;97;city206;120;479;city102;148;269;city256
146;city178;127;58;city156;197;345;city215;352;146;city263;363;307;city67;166;270;city280;272;395;city236;470;234;city191;132;101;city154;62;77;city171;459;34;city148;246;26;city299;337;229;city153;131;231;city179;335;52;city292;219;487;city152;240;87;city246
146;city178;127;58;city156;197;345;city215;352;146;city263;363;307;city67;166;270;city280;272;395;city236;470;234;city191;132;101;city154;62;77;city171;459;34;city148;246;26;city299;337;229;city153;131;231;city179;335;52;city292;219;487;city152;240;87;city246
153;city125;166;409;city168;34;364;city212;363;43;city119;331;376;city64;346;22;city296;66;41;city133;221;18;city157;161;234;city126;401;137;city67;247;167;city259;30;255;city154;148;411;city278;41;257;city89;92;75;city57;277;202;city156
136;city234;322;140;city98;409;375;city294;495;318;city214;218;202;city238;350;202;city178;82;232;city242;131;469;city296;138;320;city150;245;223;city259;173;60;city197;10;122;city201;168;100;city117;157;384;city53;155;392;city260;401;316;city84
129;city109;234;310;city153;131;499;city164;82;100;city60;236;472;city257

140;city202;41;272;city181;302;46;city293;220;61;city116;486;144;city113;76;337;city219
160;city219;234;327;city214;132;482;city184;144;100;city170;103;325;city123;480;422;city106;129;327;city238;200;400;city292;416;469;city194;61;139;city58;41;405;city281;230;322;city96;390;494;city65;182;17;city186;56;332;city232
167;city293;178;4;city111;238;51;city265;420;214;city175;228;273;city207;425;87;city283;252;402;city247
156;city84;247;406;city70;107;297;city200;387;341;city148;4;261;city278;320;50;city213;83;188;city63;450;328;city173;36;30;city235;303;381;city195;457;302;city242;140;346;city121;474;108;city88
147;city272;250;40;city279;260;334;city264;392;500;city177;235;265;city255;241;499;city270;324;449;city292;455;404;city139;282;151;city90;91;125;city76;123;176;city227;129;268;city134;177;307;city221;327;203;city209
148;city298;406;191;city289;249;61;city82;279;64;city145;219;96;city244;328;372;city121;222;259;city194;494;340;city159;123;476;city178;157;374;city127;108;475;city273;318;303;city123;175;447;city254;346;127;city182
141;city241;205;419;city207;181;221;city153;37;475;city77;450;374;city200;128;146;city231;328;426;city113
158;city294;365;488;city271;390;443;city231;175;287;city82;468;499;city259;387;9;city250;57;217;city163;436;74;city103;453;482;city290;261;299;city286;81;376;city184;281;94;city128;33;311;city141;43;79;city248;348;467;city161;231;208;city88;279;275;city150;395;214;city275
154;city198;154;211;city214;384;72;city295;372;264;city161;322;60;city296;172;500;city160;305;136;city57;16;195;city140;225;468;city115;38;129;city58;105;216;city294;163;235;city270;242;447;city138;386;84;city202;54;138;city203;205;347;city189;259;85;city67;61;478;city85;410;398;city133
161;city184;316;90;city258;143;385;city242;248;499;city113;60;212;city62;179;47;city78;304;213;city111;364;194;city175;236;197;city176;143;241;city72;434;384;city96
125;city220;424;102;city266;105;222;city84;21;314;city133;415;239;city272;493;288;city176;123;352;city108;260;438;city268;391;304;city285;44;308;city57;181;10;city287;410;280;city173;471;11;city140;215;418;city109;218;344;city166;460;169;city119;420;403;city150
138;city126;60;104;city241;418;274;city101;463;343;city163;499;390;city146;190;208;city211;423;5;city138;431;62;city233;145;295;city108;50;78;city263;319;207;city66;328;373;city145;33;212;city104
133;city219;248;104;city200;153;382;city90;308;202;city240
163;city238;468;313;city143;120;206;city100;99;19;city106;319;85;city157;202;346;city267;362;388;city85;315;44;city241;494;89;city273;496;58;city79

135;city148;291;238;city220;443;165;city107;125;419;city78;347;344;city104;55;421;city86;46;55;city53;352;140;city74;244;177;city56
151;city98;222;228;city67;344;493;city179;98;353;city52;45;93;city233;42;92;city121;203;316;city193;9;36;city259
146;city178;127;58;city156;197;345;city215;352;146;city263;363;307;city67;166;270;city280;272;395;city236;470;234;city191;132;101;city154;62;77;city171;459;34;city148;246;26;city299;337;229;city153;131;231;city179;335;52;city292;219;487;city152;240;87;city246

138;city126;60;104;city241;418;274;city101;463;343;city163;499;390;city146;190;208;city211;423;5;city138;431;62;city233;145;295;city108;50;78;city263;319;207;city66;328;373;city145;33;212;city104
151;city98;222;228;city67;344;493;city179;98;353;city52;45;93;city233;42;92;city121;203;316;city193;9;36;city259
145;city74;269;319;city121;260;310;city214;165;73;city139;240;22;city236;164;46;city81;500;345;city63;490;58;city298;447;363;city101;304;388;city133;401;81;city93;353;248;city124
127;city214;283;106;city288;388;429;city125;124;365;city267;195;479;city256;467;174;city83
144;city209;467;302;city189;393;256;city253;250;145;city236;411;469;city202;176;484;city210;59;229;city193;473;51;city250;240;111;city175;458;481;city206;130;315;city194;465;48;city109;437;351;city227;218;45;city208;24;498;city205;215;342;city65;300;315;city101;39;185;city110;21;49;city90
173;city227;60;259;city241;493;72;city272;164;65;city181;432;326;city289;417;234;city268;333;289;city131;99;91;city104;248;71;city169;411;328;city183;265;124;city89;55;405;city74
169;city65;193;382;city206;43;492;city53;139;146;city222;310;17;city256;301;217;city72;171;34;city259;445;334;city212;257;417;city265;321;194;city247
144;city209;467;302;city189;393;256;city253;250;145;city236;411;469;city202;176;484;city210;59;229;city193;473;51;city250;240;111;city175;458;481;city206;130;315;city194;465;48;city109;437;351;city227;218;45;city208;24;498;city205;215;342;city65;300;315;city101;39;185;city110;21;49;city90
132;city129;447;128;city84;15;365;city243;333;40;city230;393;234;city56;194;207;city286;213;253;city254;149;402;city150;253;192;city77
141;city241;205;419;city207;181;221;city153;37;475;city77;450;374;city200;128;146;city231;328;426;city113
166;city100;220;327;city153;425;389;city298;348;197;city194;294;346;city278;341;60;city82;254;322;city57;302;138;city293;344;236;city60;313;405;city192;75;415;city294;336;17;city236;485;419;city204;104;262;city211;254;254;city259;373;67;city249;285;92;city245;439;330;city146

168;city233;6;102;city141
145;city74;269;319;city121;260;310;city214;165;73;city139;240;22;city236;164;46;city81;500;345;city63;490;58;city298;447;363;city101;304;388;city133;401;81;city93;353;248;city124
128;city234;175;136;city153;243;298;city286;198;428;city80;316;387;city92;254;331;city290;461;274;city287;358;279;city262;417;229;city217;474;52;city207;284;292;city72;142;35;city102;380;25;city275;45;36;city206;128;64;city178;392;79;city146;256;281;city141;316;362;city77;430;323;city176;98;413;city265

147;city272;250;40;city279;260;334;city264;392;500;city177;235;265;city255;241;499;city270;324;449;city292;455;404;city139;282;151;city90;91;125;city76;123;176;city227;129;268;city134;177;307;city221;327;203;city209
132;city129;447;128;city84;15;365;city243;333;40;city230;393;234;city56;194;207;city286;213;253;city254;149;402;city150;253;192;city77
170;city110;175;109;city175;372;417;city187;17;123;city199;193;374;city228;452;317;city58;353;148;city218;108;319;city78
167;city293;178;4;city111;238;51;city265;420;214;city175;228;273;city207;425;87;city283;252;402;city247
171;city278;384;434;city94;460;453;city295;422;163;city58;379;433;city233;229;321;city239;474;106;city197;363;156;city247;455;262;city129;100;96;city105
147;city272;250;40;city279;260;334;city264;392;500;city177;235;265;city255;241;499;city270;324;449;city292;455;404;city139;282;151;city90;91;125;city76;123;176;city227;129;268;city134;177;307;city221;327;203;city209
158;city294;365;488;city271;390;443;city231;175;287;city82;468;499;city259;387;9;city250;57;217;city163;436;74;city103;453;482;city290;261;299;city286;81;376;city184;281;94;city128;33;311;city141;43;79;city248;348;467;city161;231;208;city88;279;275;city150;395;214;city275
169;city65;193;382;city206;43;492;city53;139;146;city222;310;17;city256;301;217;city72;171;34;city259;445;334;city212;257;417;city265;321;194;city247
169;city65;193;382;city206;43;492;city53;139;146;city222;310;17;city256;301;217;city72;171;34;city259;445;334;city212;257;417;city265;321;194;city247

131;city53;469;353;city54;403;137;city294;447;423;city85;387;420;city253;288;50;city127;13;486;city66;344;400;city83;28;259;city243
142;city277;469;402;city179;31;107;city156;457;312;city104;111;60;city217;391;234;city117;337;338;city165;285;17;city225;78;61;city130;427;100;city203;123;327;city247;311;449;city140;399;411;city82;214;455;city101;414;179;city295;177;159;city108;369;102;city275;309;165;city230
171;city278;384;434;city94;460;453;city295;422;163;city58;379;433;city233;229;321;city239;474;106;city197;363;156;city247;455;262;city129;100;96;city105
174;city82;95;177;city73;340;93;city50;474;334;city64;325;303;city254;256;320;city221
157;city272;121;195;city197;228;338;city233;334;228;city97;379;190;city67;351;160;city164;83;331;city222;332;383;city192;72;114;city248;390;404;city153;437;406;city56;190;484;city125;203;292;city62;149;372;city114;132;477;city292;342;188;city165;168;75;city259;29;111;city71
173;city227;60;259;city241;493;72;city272;164;65;city181;432;326;city289;417;234;city268;333;289;city131;99;91;city104;248;71;city169;411;328;city183;265;124;city89;55;405;city74
160;city219;234;327;city214;132;482;city184;144;100;city170;103;325;city123;480;422;city106;129;327;city238;200;400;city292;416;469;city194;61;139;city58;41;405;city281;230;322;city96;390;494;city65;182;17;city186;56;332;city232
157;city272;121;195;city197;228;338;city233;334;228;city97;379;190;city67;351;160;city164;83;331;city222;332;383;city192;72;114;city248;390;404;city153;437;406;city56;190;484;city125;203;292;city62;149;372;city114;132;477;city292;342;188;city165;168;75;city259;29;111;city71
169;city65;193;382;city206;43;492;city53;139;146;city222;310;17;city256;301;217;city72;171;34;city259;445;334;city212;257;417;city265;321;194;city247
137;city151;394;424;city219
167;city293;178;4;city111;238;51;city265;420;214;city175;228;273;city207;425;87;city283;252;402;city247
169;city65;193;382;city206;43;492;city53;139;146;city222;310;17;city256;301;217;city72;171;34;city259;445;334;city212;257;417;city265;321;194;city247

164;city168;268;327;city266;94;270;city144;350;17;city128;229;191;city189;129;57;city255;228;406;city241
142;city277;469;402;city179;31;107;city156;457;312;city104;111;60;city217;391;234;city117;337;338;city165;285;17;city225;78;61;city130;427;100;city203;123;327;city247;311;449;city140;399;411;city82;214;455;city101;414;179;city295;177;159;city108;369;102;city275;309;165;city230
151;city98;222;228;city67;344;493;city179;98;353;city52;45;93;city233;42;92;city121;203;316;city193;9;36;city259
131;city53;469;353;city54;403;137;city294;447;423;city85;387;420;city253;288;50;city127;13;486;city66;344;400;city83;28;259;city243
130;city242;206;470;city173;386;69;city149;460;346;city285;191;160;city229;257;19;city114;425;461;city136
159;city65;438;264;city158;291;445;city142;190;47;city60;333;206;city236
153;city125;166;409;city168;34;364;city212;363;43;city119;331;376;city64;346;22;city296;66;41;city133;221;18;city157;161;234;city126;401;137;city67;247;167;city259;30;255;city154;148;411;city278;41;257;city89;92;75;city57;277;202;city156

160;city219;234;327;city214;132;482;city184;144;100;city170;103;325;city123;480;422;city106;129;327;city238;200;400;city292;416;469;city194;61;139;city58;41;405;city281;230;322;city96;390;494;city65;182;17;city186;56;332;city232
125;city220;424;102;city266;105;222;city84;21;314;city133;415;239;city272;493;288;city176;123;352;city108;260;438;city268;391;304;city285;44;308;city57;181;10;city287;410;280;city173;471;11;city140;215;418;city109;218;344;city166;460;169;city119;420;403;city150
172;city268;35;18;city128;46;463;city81;183;287;city286;30;143;city154;25;488;city295;308;195;city254;232;456;city143;201;406;city264;208;72;city163;72;279;city65;268;99;city64;305;192;city54
149;city107;103;5;city278;375;78;city254;374;246;city89;350;379;city159;459;371;city85;27;349;city293;440;428;city124;218;372;city170;275;217;city127;256;217;city81;248;184;city75;76;465;city121;64;164;city58

128;city234;175;136;city153;243;298;city286;198;428;city80;316;387;city92;254;331;city290;461;274;city287;358;279;city262;417;229;city217;474;52;city207;284;292;city72;142;35;city102;380;25;city275;45;36;city206;128;64;city178;392;79;city146;256;281;city141;316;362;city77;430;323;city176;98;413;city265
165;city295;180;285;city76;180;258;city173;437;431;city225;312;231;city134;487;498;city68
151;city98;222;228;city67;344;493;city179;98;353;city52;45;93;city233;42;92;city121;203;316;city193;9;36;city259
165;city295;180;285;city76;180;258;city173;437;431;city225;312;231;city134;487;498;city68
163;city238;468;313;city143;120;206;city100;99;19;city106;319;85;city157;202;346;city267;362;388;city85;315;44;city241;494;89;city273;496;58;city79
163;city238;468;313;city143;120;206;city100;99;19;city106;319;85;city157;202;346;city267;362;388;city85;315;44;city241;494;89;city273;496;58;city79
159;city65;438;264;city158;291;445;city142;190;47;city60;333;206;city236
153;city125;166;409;city168;34;364;city212;363;43;city119;331;376;city64;346;22;city296;66;41;city133;221;18;city157;161;234;city126;401;137;city67;247;167;city259;30;255;city154;148;411;city278;41;257;city89;92;75;city57;277;202;city156
161;city184;316;90;city258;143;385;city242;248;499;city113;60;212;city62;179;47;city78;304;213;city111;364;194;city175;236;197;city176;143;241;city72;434;384;city96
128;city234;175;136;city153;243;298;city286;198;428;city80;316;387;city92;254;331;city290;461;274;city287;358;279;city262;417;229;city217;474;52;city207;284;292;city72;142;35;city102;380;25;city275;45;36;city206;128;64;city178;392;79;city146;256;281;city141;316;362;city77;430;323;city176;98;413;city265
149;city107;103;5;city278;375;78;city254;374;246;city89;350;379;city159;459;371;city85;27;349;city293;440;428;city124;218;372;city170;275;217;city127;256;217;city81;248;184;city75;76;465;city121;64;164;city58
154;city198;154;211;city214;384;72;city295;372;264;city161;322;60;city296;172;500;city160;305;136;city57;16;195;city140;225;468;city115;38;129;city58;105;216;city294;163;235;city270;242;447;city138;386;84;city202;54;138;city203;205;347;city189;259;85;city67;61;478;city85;410;398;city133
149;city107;103;5;city278;375;78;city254;374;246;city89;350;379;city159;459;371;city85;27;349;city293;440;428;city124;218;372;city170;275;217;city127;256;217;city81;248;184;city75;76;465;city121;64;164;city58
138;city126;60;104;city241;418;274;city101;463;343;city163;499;390;city146;190;208;city211;423;5;city138;431;62;city233;145;295;city108;50;78;city263;319;207;city66;328;373;city145;33;212;city104
170;city110;175;109;city175;372;417;city187;17;123;city199;193;374;city228;452;317;city58;353;148;city218;108;319;city78
128;city234;175;136;city153;243;298;city286;198;428;city80;316;387;city92;254;331;city290;461;274;city287;358;279;city262;417;229;city217;474;52;city207;284;292;city72;142;35;city102;380;25;city275;45;36;city206;128;64;city178;392;79;city146;256;281;city141;316;362;city77;430;323;city176;98;413;city265
146;city178;127;58;city156;197;345;city215;352;146;city263;363;307;city67;166;270;city280;272;395;city236;470;234;city191;132;101;city154;62;77;city171;459;34;city148;246;26;city299;337;229;city153;131;231;city179;335;52;city292;219;487;city152;240;87;city246
136;city234;322;140;city98;409;375;city294;495;318;city214;218;202;city238;350;202;city178;82;232;city242;131;469;city296;138;320;city150;245;223;city259;173;60;city197;10;122;city201;168;100;city117;157;384;city53;155;392;city260;401;316;city84
140;city202;41;272;city181;302;46;city293;220;61;city116;486;144;city113;76;337;city219
160;city219;234;327;city214;132;482;city184;144;100;city170;103;325;city123;480;422;city106;129;327;city238;200;400;city292;416;469;city194;61;139;city58;41;405;city281;230;322;city96;390;494;city65;182;17;city186;56;332;city232
169;city65;193;382;city206;43;492;city53;139;146;city222;310;17;city256;301;217;city72;171;34;city259;445;334;city212;257;417;city265;321;194;city247
162;city296;42;90;city205;451;203;city81;127;479;city216;415;482;city77;442;258;city213;207;132;city186;121;281;city73;280;494;city157;434;221;city93;445;84;city162;409;250;city270;411;225;city211;389;86;city91
150;city107;265;83;city281;345;133;city175;84;374;city82
127;city214;283;106;city288;388;429;city125;124;365;city267;195;479;city256;467;174;city83
156;city84;247;406;city70;107;297;city200;387;341;city148;4;261;city278;320;50;city213;83;188;city63;450;328;city173;36;30;city235;303;381;city195;457;302;city242;140;346;city121;474;108;city88
173;city227;60;259;city241;493;72;city272;164;65;city181;432;326;city289;417;234;city268;333;289;city131;99;91;city104;248;71;city169;411;328;city183;265;124;city89;55;405;city74

129;city109;234;310;city153;131;499;city164;82;100;city60;236;472;city257
127;city214;283;106;city288;388;429;city125;124;365;city267;195;479;city256;467;174;city83
134;city218;161;78;city73;159;95;city95;109;198;city94;139;395;city242;264;278;city154;246;336;city196;207;47;city114;299;261;city271;135;401;city146;85;180;city129;394;369;city253;16;500;city116;243;301;city258;427;106;city284;320;199;city86
131;city53;469;353;city54;403;137;city294;447;423;city85;387;420;city253;288;50;city127;13;486;city66;344;400;city83;28;259;city243
152;city110;370;137;city65;301;143;city181;108;359;city115;407;363;city125;485;325;city221;402;249;city186;429;118;city250;463;410;city76;18;348;city64;282;395;city66;60;301;city290;326;350;city280;282;156;city190;309;97;city206;120;479;city102;148;269;city256
132;city129;447;128;city84;15;365;city243;333;40;city230;393;234;city56;194;207;city286;213;253;city254;149;402;city150;253;192;city77
146;city178;127;58;city156;197;345;city215;352;146;city263;363;307;city67;166;270;city280;272;395;city236;470;234;city191;132;101;city154;62;77;city171;459;34;city148;246;26;city299;337;229;city153;131;231;city179;335;52;city292;219;487;city152;240;87;city246
150;city107;265;83;city281;345;133;city175;84;374;city82
153;city125;166;409;city168;34;364;city212;363;43;city119;331;376;city64;346;22;city296;66;41;city133;221;18;city157;161;234;city126;401;137;city67;247;167;city259;30;255;city154;148;411;city278;41;257;city89;92;75;city57;277;202;city156
138;city126;60;104;city241;418;274;city101;463;343;city163;499;390;city146;190;208;city211;423;5;city138;431;62;city233;145;295;city108;50;78;city263;319;207;city66;328;373;city145;33;212;city104
163;city238;468;313;city143;120;206;city100;99;19;city106;319;85;city157;202;346;city267;362;388;city85;315;44;city241;494;89;city273;496;58;city79
137;city151;394;424;city219
171;city278;384;434;city94;460;453;city295;422;163;city58;379;433;city233;229;321;city239;474;106;city197;363;156;city247;455;262;city129;100;96;city105
151;city98;222;228;city67;344;493;city179;98;353;city52;45;93;city233;42;92;city121;203;316;city193;9;36;city259
152;city110;370;137;city65;301;143;city181;108;359;city115;407;363;city125;485;325;city221;402;249;city186;429;118;city250;463;410;city76;18;348;city64;282;395;city66;60;301;city290;326;350;city280;282;156;city190;309;97;city206;120;479;city102;148;269;city256
137;city151;394;424;city219
164;city168;268;327;city266;94;270;city144;350;17;city128;229;191;city189;129;57;city255;228;406;city241
127;city214;283;106;city288;388;429;city125;124;365;city267;195;479;city256;467;174;city83
160;city219;234;327;city214;132;482;city184;144;100;city170;103;325;city123;480;422;city106;129;327;city238;200;400;city292;416;469;city194;61;139;city58;41;405;city281;230;322;city96;390;494;city65;182;17;city186;56;332;city232
139;city215;322;387;city124;27;247;city265;266;393;city228;356;256;city103;460;432;city160;403;483;city177;249;206;city190;476;362;city293;380;115;city173;476;457;city98;179;139;city271;469;61;city176;468;432;city134
174;city82;95;177;city73;340;93;city50;474;334;city64;325;303;city254;256;320;city221
129;city109;234;310;city153;131;499;city164;82;100;city60;236;472;city257
132;city129;447;128;city84;15;365;city243;333;40;city230;393;234;city56;194;207;city286;213;253;city254;149;402;city150;253;192;city77
140;city202;41;272;city181;302;46;city293;220;61;city116;486;144;city113;76;337;city219
156;city84;247;406;city70;107;297;city200;387;341;city148;4;261;city278;320;50;city213;83;188;city63;450;328;city173;36;30;city235;303;381;city195;457;302;city242;140;346;city121;474;108;city88
125;city220;424;102;city266;105;222;city84;21;314;city133;415;239;city272;493;288;city176;123;352;city108;260;438;city268;391;304;city285;44;308;city57;181;10;city287;410;280;city173;471;11;city140;215;418;city109;218;344;city166;460;169;city119;420;403;city150
125;city220;424;102;city266;105;222;city84;21;314;city133;415;239;city272;493;288;city176;123;352;city108;260;438;city268;391;304;city285;44;308;city57;181;10;city287;410;280;city173;471;11;city140;215;418;city109;218;344;city166;460;169;city119;420;403;city150
135;city148;291;238;city220;443;165;city107;125;419;city78;347;344;city104;55;421;city86;46;55;city53;352;140;city74;244;177;city56
137;city151;394;424;city219
134;city218;161;78;city73;159;95;city95;109;198;city94;139;395;city242;264;278;city154;246;336;city196;207;47;city114;299;261;city271;135;401;city146;85;180;city129;394;369;city253;16;500;city116;243;301;city258;427;106;city284;320;199;city86
171;city278;384;434;city94;460;453;city295;422;163;city58;379;433;city233;229;321;city239;474;106;city197;363;156;city247;455;262;city129;100;96;city105
163;city238;468;313;city143;120;206;city100;99;19;city106;319;85;city157;202;346;city267;362;388;city85;315;44;city241;494;89;city273;496;58;city79
144;city209;467;302;city189;393;256;city253;250;145;city236;411;469;city202;176;484;city210;59;229;city193;473;51;city250;240;111;city175;458;481;city206;130;315;city194;465;48;city109;437;351;city227;218;45;city208;24;498;city205;215;342;city65;300;315;city101;39;185;city110;21;49;city90
146;city178;127;58;city156;197;345;city215;352;146;city263;363;307;city67;166;270;city280;272;395;city236;470;234;city191;132;101;city154;62;77;city171;459;34;city148;246;26;city299;337;229;city153;131;231;city179;335;52;city292;219;487;city152;240;87;city246
136;city234;322;140;city98;409;375;city294;495;318;city214;218;202;city238;350;202;city178;82;232;city242;131;469;city296;138;320;city150;245;223;city259;173;60;city197;10;122;city201;168;100;city117;157;384;city53;155;392;city260;401;316;city84
151;city98;222;228;city67;344;493;city179;98;353;city52;45;93;city233;42;92;city121;203;316;city193;9;36;city259
136;city234;322;140;city98;409;375;city294;495;318;city214;218;202;city238;350;202;city178;82;232;city242;131;469;city296;138;320;city150;245;223;city259;173;60;city197;10;122;city201;168;100;city117;157;384;city53;155;392;city260;401;316;city84
159;city65;438;264;city158;291;445;city142;190;47;city60;333;206;city236
159;city65;438;264;city158;291;445;city142;190;47;city60;333;206;city236
157;city272;121;195;city197;228;338;city233;334;228;city97;379;190;city67;351;160;city164;83;331;city222;332;383;city192;72;114;city248;390;404;city153;437;406;city56;190;484;city125;203;292;city62;149;372;city114;132;477;city292;342;188;city165;168;75;city259;29;111;city71
129;city109;234;310;city153;131;499;city164;82;100;city60;236;472;city257
147;city272;250;40;city279;260;334;city264;392;500;city177;235;265;city255;241;499;city270;324;449;city292;455;404;city139;282;151;city90;91;125;city76;123;176;city227;129;268;city134;177;307;city221;327;203;city209
159;city65;438;264;city158;291;445;city142;190;47;city60;333;206;city236
160;city219;234;327;city214;132;482;city184;144;100;city170;103;325;city123;480;422;city106;129;327;city238;200;400;city292;416;469;city194;61;139;city58;41;405;city281;230;322;city96;390;494;city65;182;17;city186;56;332;city232
167;city293;178;4;city111;238;51;city265;420;214;city175;228;273;city207;425;87;city283;252;402;city247
155;city108;22;98;city293;67;154;city232;133;220;city104;194;6;city215;155;363;city169;262;94;city102
155;city108;22;98;city293;67;154;city232;133;220;city104;194;6;city215;155;363;city169;262;94;city102
130;city242;206;470;city173;386;69;city149;460;346;city285;191;160;city229;257;19;city114;425;461;city136
146;city178;127;58;city156;197;345;city215;352;146;city263;363;307;city67;166;270;city280;272;395;city236;470;234;city191;132;101;city154;62;77;city171;459;34;city148;246;26;city299;337;229;city153;131;231;city179;335;52;city292;219;487;city152;240;87;city246
165;city295;180;285;city76;180;258;city173;437;431;city225;312;231;city134;487;498;city68
161;city184;316;90;city258;143;385;city242;248;499;city113;60;212;city62;179;47;city78;304;213;city111;364;194;city175;236;197;city176;143;241;city72;434;384;city96
155;city108;22;98;city293;67;154;city232;133;220;city104;194;6;city215;155;363;city169;262;94;city102
139;city215;322;387;city124;27;247;city265;266;393;city228;356;256;city103;460;432;city160;403;483;city177;249;206;city190;476;362;city293;380;115;city173;476;457;city98;179;139;city271;469;61;city176;468;432;city134
152;city110;370;137;city65;301;143;city181;108;359;city115;407;363;city125;485;325;city221;402;249;city186;429;118;city250;463;410;city76;18;348;city64;282;395;city66;60;301;city290;326;350;city280;282;156;city190;309;97;city206;120;479;city102;148;269;city256
159;city65;438;264;city158;291;445;city142;190;47;city60;333;206;city236
159;city65;438;264;city158;291;445;city142;190;47;city60;333;206;city236
127;city214;283;106;city288;388;429;city125;124;365;city267;195;479;city256;467;174;city83
166;city100;220;327;city153;425;389;city298;348;197;city194;294;346;city278;341;60;city82;254;322;city57;302;138;city293;344;236;city60;313;405;city192;75;415;city294;336;17;city236;485;419;city204;104;262;city211;254;254;city259;373;67;city249;285;92;city245;439;330;city146
168;city233;6;102;city141
138;city126;60;104;city241;418;274;city101;463;343;city163;499;390;city146;190;208;city211;423;5;city138;431;62;city233;145;295;city108;50;78;city263;319;207;city66;328;373;city145;33;212;city104
127;city214;283;106;city288;388;429;city125;124;365;city267;195;479;city256;467;174;city83
153;city125;166;409;city168;34;364;city212;363;43;city119;331;376;city64;346;22;city296;66;41;city133;221;18;city157;161;234;city126;401;137;city67;247;167;city259;30;255;city154;148;411;city278;41;257;city89;92;75;city57;277;202;city156
152;city110;370;137;city65;301;143;city181;108;359;city115;407;363;city125;485;325;city221;402;249;city186;429;118;city250;463;410;city76;18;348;city64;282;395;city66;60;301;city290;326;350;city280;282;156;city190;309;97;city206;120;479;city102;148;269;city256
150;city107;265;83;city281;345;133;city175;84;374;city82
159;city65;438;264;city158;291;445;city142;190;47;city60;333;206;city236
151;city98;222;228;city67;344;493;city179;98;353;city52;45;93;city233;42;92;city121;203;316;city193;9;36;city259
160;city219;234;327;city214;132;482;city184;144;100;city170;103;325;city123;480;422;city106;129;327;city238;200;400;city292;416;469;city194;61;139;city58;41;405;city281;230;322;city96;390;494;city65;182;17;city186;56;332;city232
129;city109;234;310;city153;131;499;city164;82;100;city60;236;472;city257
128;city234;175;136;city153;243;298;city286;198;428;city80;316;387;city92;254;331;city290;461;274;city287;358;279;city262;417;229;city217;474;52;city207;284;292;city72;142;35;city102;380;25;city275;45;36;city206;128;64;city178;392;79;city146;256;281;city141;316;362;city77;430;323;city176;98;413;city265
168;city233;6;102;city141
143;city87;264;195;city215;411;341;city121;440;82;city70;111;222;city116;256;322;city233
145;city74;269;319;city121;260;310;city214;165;73;city139;240;22;city236;164;46;city81;500;345;city63;490;58;city298;447;363;city101;304;388;city133;401;81;city93;353;248;city124
141;city241;205;419;city207;181;221;city153;37;475;city77;450;374;city200;128;146;city231;328;426;city113
140;city202;41;272;city181;302;46;city293;220;61;city116;486;144;city113;76;337;city219
