ERROR 2
ERROR 9
ERROR 12
ERROR 13
ERROR 15
ERROR 18
ERROR 19
ERROR 23
ERROR 24
ERROR 27
ERROR 31
ERROR 34
ERROR 37
ERROR 40
ERROR 47
ERROR 52
ERROR 53
ERROR 54
ERROR 55
ERROR 56
ERROR 61
ERROR 63
ERROR 66
ERROR 70
ERROR 71
ERROR 73
ERROR 76
ERROR 77
ERROR 78
ERROR 79
ERROR 80
ERROR 86
ERROR 90
ERROR 92
ERROR 99
ERROR 100
ERROR 103
ERROR 104
ERROR 105
ERROR 107
ERROR 110
ERROR 111
ERROR 112
ERROR 115
ERROR 117
ERROR 118
ERROR 119
ERROR 121
ERROR 122
ERROR 123
ERROR 124
ERROR 125
ERROR 128
ERROR 132
ERROR 141
ERROR 142
ERROR 148
ERROR 151
ERROR 152
ERROR 157
ERROR 159
ERROR 161
ERROR 162
ERROR 166
ERROR 167
ERROR 169
ERROR 170
ERROR 173
ERROR 175
ERROR 176
ERROR 177
ERROR 178
ERROR 180
ERROR 181
ERROR 184
ERROR 185
ERROR 187
ERROR 188
ERROR 189
ERROR 190
ERROR 191
ERROR 195
ERROR 197
ERROR 204
ERROR 208
ERROR 209
ERROR 212
ERROR 214
ERROR 217
ERROR 218
ERROR 219
ERROR 220
ERROR 224
ERROR 230
ERROR 231
ERROR 232
ERROR 234
ERROR 235
ERROR 236
ERROR 240
ERROR 242
ERROR 243
ERROR 244
ERROR 248
ERROR 249
ERROR 250
ERROR 253
ERROR 255
ERROR 257
ERROR 260
ERROR 261
ERROR 265
ERROR 266
ERROR 267
ERROR 269
ERROR 271
ERROR 274
ERROR 278
ERROR 279
ERROR 280
ERROR 281
ERROR 282
ERROR 283
ERROR 291
ERROR 292
ERROR 295
ERROR 296
ERROR 297
ERROR 298
ERROR 301
ERROR 305
ERROR 307
ERROR 314
ERROR 320
ERROR 322
ERROR 323
ERROR 326
ERROR 330
ERROR 331
ERROR 335
ERROR 336
ERROR 339
ERROR 341
ERROR 342
ERROR 343
ERROR 344
ERROR 346
ERROR 353
ERROR 356
ERROR 357
ERROR 362
ERROR 365
ERROR 366
ERROR 368
ERROR 370
ERROR 372
ERROR 375
ERROR 377
ERROR 378
ERROR 379
ERROR 381
ERROR 382
ERROR 384
ERROR 386
ERROR 387
ERROR 389
ERROR 390
ERROR 392
ERROR 394
ERROR 395
ERROR 396
ERROR 397
ERROR 398
ERROR 402
ERROR 403
ERROR 405
ERROR 406
ERROR 407
ERROR 409
ERROR 412
ERROR 414
ERROR 415
ERROR 417
ERROR 419
ERROR 420
ERROR 421
ERROR 423
ERROR 424
ERROR 425
ERROR 429
ERROR 431
ERROR 432
ERROR 433
ERROR 439
ERROR 442
ERROR 445
ERROR 449
ERROR 452
ERROR 455
ERROR 457
ERROR 459
ERROR 462
ERROR 466
ERROR 467
ERROR 470
ERROR 472
ERROR 473
ERROR 474
ERROR 476
ERROR 478
ERROR 480
ERROR 481
ERROR 482
ERROR 484
ERROR 489
ERROR 496
ERROR 498
ERROR 501
ERROR 503
ERROR 505
ERROR 507
ERROR 508
ERROR 509
ERROR 516
ERROR 517
ERROR 521
ERROR 522
ERROR 523
ERROR 524
ERROR 525
ERROR 529
ERROR 531
ERROR 532
ERROR 533
ERROR 534
ERROR 537
ERROR 539
ERROR 541
ERROR 543
ERROR 545
ERROR 548
ERROR 551
ERROR 552
ERROR 553
ERROR 554
ERROR 556
ERROR 564
ERROR 566
ERROR 567
ERROR 570
ERROR 573
ERROR 574
ERROR 575
ERROR 576
ERROR 577
ERROR 580
ERROR 582
ERROR 584
ERROR 585
ERROR 586
ERROR 587
ERROR 588
ERROR 590
ERROR 591
ERROR 592
ERROR 593
ERROR 596
ERROR 598
ERROR 600
ERROR 603
ERROR 604
ERROR 605
ERROR 608
ERROR 610
ERROR 611
ERROR 619
ERROR 623
ERROR 625
ERROR 626
ERROR 628
ERROR 633
ERROR 634
ERROR 636
ERROR 637
ERROR 638
ERROR 639
ERROR 643
ERROR 644
ERROR 645
ERROR 648
ERROR 650
ERROR 651
ERROR 652
ERROR 655
ERROR 656
ERROR 657
ERROR 659
ERROR 660
ERROR 661
ERROR 663
ERROR 664
ERROR 665
ERROR 669
ERROR 670
ERROR 672
ERROR 673
ERROR 677
ERROR 679
ERROR 680
ERROR 681
ERROR 682
ERROR 683
ERROR 684
ERROR 685
ERROR 686
ERROR 689
ERROR 691
ERROR 692
ERROR 694
ERROR 696
ERROR 698
ERROR 700
ERROR 704
ERROR 710
ERROR 712
ERROR 713
ERROR 714
ERROR 716
ERROR 717
ERROR 720
ERROR 722
ERROR 724
ERROR 725
ERROR 726
ERROR 727
ERROR 729
ERROR 735
ERROR 738
ERROR 740
ERROR 741
ERROR 743
ERROR 746
ERROR 747
ERROR 748
ERROR 749
ERROR 750
ERROR 751
ERROR 753
ERROR 754
ERROR 756
ERROR 758
ERROR 760
ERROR 762
ERROR 763
ERROR 767
ERROR 771
ERROR 774
ERROR 777
ERROR 778
ERROR 782
ERROR 783
ERROR 785
ERROR 790
ERROR 791
ERROR 794
ERROR 795
ERROR 800
ERROR 802
ERROR 805
ERROR 806
ERROR 807
ERROR 809
ERROR 810
ERROR 811
ERROR 813
ERROR 814
ERROR 817
ERROR 818
ERROR 820
ERROR 821
ERROR 822
ERROR 823
ERROR 824
ERROR 826
ERROR 829
ERROR 830
ERROR 831
ERROR 834
ERROR 837
ERROR 838
ERROR 839
ERROR 842
ERROR 843
ERROR 844
ERROR 847
ERROR 848
ERROR 852
ERROR 853
ERROR 854
ERROR 855
ERROR 857
ERROR 859
ERROR 860
ERROR 862
ERROR 868
ERROR 869
ERROR 870
ERROR 873
ERROR 876
ERROR 882
ERROR 885
ERROR 887
ERROR 888
ERROR 890
ERROR 893
ERROR 894
ERROR 896
ERROR 899
ERROR 901
ERROR 903
ERROR 905
ERROR 906
ERROR 907
ERROR 908
ERROR 909
ERROR 912
ERROR 916
ERROR 917
ERROR 918
ERROR 919
ERROR 920
ERROR 921
ERROR 922
ERROR 924
ERROR 926
ERROR 927
ERROR 928
ERROR 934
ERROR 938
ERROR 939
ERROR 940
ERROR 942
ERROR 943
ERROR 944
ERROR 945
ERROR 947
ERROR 948
ERROR 951
ERROR 952
ERROR 953
ERROR 954
ERROR 955
ERROR 961
ERROR 962
ERROR 963
ERROR 965
ERROR 967
ERROR 968
ERROR 969
ERROR 975
ERROR 976
ERROR 978
ERROR 982
ERROR 984
ERROR 985
ERROR 989
ERROR 992
ERROR 993
ERROR 997
ERROR 1000
ERROR 1001
ERROR 1003
ERROR 1005
ERROR 1006
ERROR 1009
ERROR 1010
ERROR 1013
ERROR 1014
ERROR 1015
ERROR 1017
ERROR 1018
ERROR 1020
ERROR 1021
ERROR 1022
ERROR 1023
ERROR 1024
ERROR 1027
ERROR 1029
ERROR 1031
ERROR 1034
ERROR 1035
ERROR 1036
ERROR 1037
ERROR 1040
ERROR 1044
ERROR 1045
ERROR 1046
ERROR 1047
ERROR 1048
ERROR 1049
ERROR 1051
ERROR 1053
ERROR 1056
ERROR 1057
ERROR 1058
ERROR 1059
ERROR 1061
ERROR 1062
ERROR 1066
ERROR 1067
ERROR 1069
ERROR 1071
ERROR 1073
ERROR 1074
ERROR 1075
ERROR 1079
ERROR 1081
ERROR 1082
ERROR 1084
ERROR 1085
ERROR 1086
ERROR 1087
ERROR 1090
ERROR 1094
ERROR 1095
ERROR 1097
ERROR 1100
ERROR 1101
ERROR 1102
ERROR 1103
ERROR 1105
ERROR 1115
ERROR 1117
ERROR 1121
ERROR 1125
ERROR 1129
ERROR 1130
ERROR 1133
ERROR 1134
ERROR 1135
ERROR 1136
ERROR 1138
ERROR 1139
ERROR 1140
ERROR 1143
ERROR 1145
ERROR 1149
ERROR 1150
ERROR 1152
ERROR 1156
ERROR 1157
ERROR 1159
ERROR 1161
ERROR 1162
ERROR 1164
ERROR 1166
ERROR 1168
ERROR 1173
ERROR 1174
ERROR 1175
ERROR 1178
ERROR 1179
ERROR 1180
ERROR 1181
ERROR 1185
ERROR 1186
ERROR 1187
ERROR 1191
ERROR 1192
ERROR 1194
ERROR 1195
ERROR 1197
ERROR 1199
ERROR 1200
ERROR 1203
ERROR 1205
ERROR 1206
ERROR 1209
ERROR 1211
ERROR 1213
ERROR 1214
ERROR 1216
ERROR 1217
ERROR 1218
ERROR 1219
ERROR 1220
ERROR 1221
ERROR 1223
ERROR 1230
ERROR 1232
ERROR 1233
ERROR 1234
ERROR 1238
ERROR 1239
ERROR 1240
ERROR 1243
ERROR 1244
ERROR 1245
ERROR 1246
ERROR 1249
ERROR 1250
ERROR 1252
ERROR 1253
ERROR 1254
ERROR 1255
ERROR 1256
ERROR 1257
ERROR 1258
ERROR 1260
ERROR 1264
ERROR 1266
ERROR 1267
ERROR 1268
ERROR 1269
ERROR 1270
ERROR 1274
ERROR 1276
ERROR 1278
ERROR 1279
ERROR 1286
ERROR 1289
ERROR 1290
ERROR 1292
ERROR 1293
ERROR 1295
ERROR 1296
ERROR 1297
ERROR 1299
ERROR 1301
ERROR 1303
ERROR 1306
ERROR 1308
ERROR 1311
ERROR 1319
ERROR 1328
ERROR 1329
ERROR 1332
ERROR 1333
ERROR 1336
ERROR 1338
ERROR 1339
ERROR 1340
ERROR 1341
ERROR 1342
ERROR 1345
ERROR 1347
ERROR 1348
ERROR 1349
ERROR 1350
ERROR 1351
ERROR 1355
ERROR 1356
ERROR 1357
ERROR 1358
ERROR 1363
ERROR 1364
ERROR 1366
ERROR 1367
ERROR 1371
ERROR 1372
ERROR 1375
ERROR 1376
ERROR 1377
ERROR 1378
ERROR 1379
ERROR 1380
ERROR 1384
ERROR 1385
ERROR 1387
ERROR 1388
ERROR 1391
ERROR 1394
ERROR 1395
ERROR 1396
ERROR 1397
ERROR 1400
ERROR 1401
ERROR 1403
ERROR 1404
ERROR 1405
ERROR 1406
ERROR 1407
ERROR 1410
ERROR 1412
ERROR 1417
ERROR 1420
ERROR 1422
ERROR 1426
ERROR 1427
ERROR 1429
ERROR 1430
ERROR 1433
ERROR 1437
ERROR 1439
ERROR 1441
ERROR 1444
ERROR 1446
ERROR 1448
ERROR 1450
ERROR 1451
ERROR 1452
ERROR 1453
ERROR 1455
ERROR 1459
ERROR 1461
ERROR 1469
ERROR 1470
ERROR 1471
ERROR 1472
ERROR 1476
ERROR 1478
ERROR 1480
ERROR 1481
ERROR 1483
ERROR 1485
ERROR 1486
ERROR 1489
ERROR 1490
ERROR 1491
ERROR 1492
ERROR 1494
ERROR 1495
ERROR 1496
ERROR 1499
ERROR 1500
ERROR 1501
ERROR 1502
ERROR 1505
ERROR 1509
ERROR 1510
ERROR 1513
ERROR 1515
ERROR 1517
ERROR 1520
ERROR 1524
ERROR 1526
ERROR 1528
ERROR 1529
ERROR 1533
ERROR 1535
ERROR 1538
ERROR 1539
ERROR 1540
ERROR 1541
ERROR 1542
ERROR 1543
ERROR 1547
ERROR 1548
ERROR 1551
ERROR 1558
ERROR 1560
ERROR 1562
ERROR 1563
ERROR 1565
ERROR 1566
ERROR 1568
ERROR 1569
ERROR 1570
ERROR 1571
ERROR 1572
ERROR 1573
ERROR 1580
ERROR 1585
ERROR 1588
ERROR 1589
ERROR 1592
ERROR 1595
ERROR 1596
ERROR 1597
ERROR 1601
ERROR 1605
ERROR 1607
ERROR 1612
ERROR 1614
ERROR 1615
ERROR 1616
ERROR 1618
ERROR 1621
ERROR 1622
ERROR 1624
ERROR 1625
ERROR 1626
ERROR 1627
ERROR 1629
ERROR 1630
ERROR 1633
ERROR 1637
ERROR 1640
ERROR 1642
ERROR 1643
ERROR 1644
ERROR 1645
ERROR 1647
ERROR 1648
ERROR 1649
ERROR 1652
ERROR 1653
ERROR 1654
ERROR 1658
ERROR 1659
ERROR 1660
ERROR 1661
ERROR 1662
ERROR 1666
ERROR 1669
ERROR 1671
ERROR 1675
ERROR 1676
ERROR 1678
ERROR 1679
ERROR 1680
ERROR 1685
ERROR 1687
ERROR 1690
ERROR 1693
ERROR 1695
ERROR 1696
ERROR 1699
ERROR 1700
ERROR 1707
ERROR 1708
ERROR 1712
ERROR 1713
ERROR 1714
ERROR 1715
ERROR 1716
ERROR 1717
ERROR 1718
ERROR 1721
ERROR 1726
ERROR 1727
ERROR 1728
ERROR 1729
ERROR 1730
ERROR 1732
ERROR 1735
ERROR 1742
ERROR 1745
ERROR 1746
ERROR 1748
ERROR 1751
ERROR 1753
ERROR 1754
ERROR 1756
ERROR 1757
ERROR 1758
ERROR 1759
ERROR 1760
ERROR 1763
ERROR 1766
ERROR 1767
ERROR 1770
ERROR 1772
ERROR 1774
ERROR 1775
ERROR 1777
ERROR 1778
ERROR 1780
ERROR 1781
ERROR 1783
ERROR 1785
ERROR 1786
ERROR 1788
ERROR 1790
ERROR 1796
ERROR 1797
ERROR 1799
ERROR 1800
ERROR 1801
ERROR 1803
ERROR 1805
ERROR 1807
ERROR 1810
ERROR 1813
ERROR 1821
ERROR 1826
ERROR 1828
ERROR 1832
ERROR 1833
ERROR 1834
ERROR 1835
ERROR 1836
