


133;city190;360;227;city88;231;389;city284;496;201;city52;308;271;city214;357;117;city98;453;296;city103;231;429;city290;95;455;city67;478;354;city56;296;156;city219;61;295;city240;409;427;city174;413;130;city105
127;city191;228;244;city130;450;479;city197;416;414;city103;233;419;city292;339;55;city155;432;396;city288;377;219;city172;234;263;city256;428;20;city111



137;city68;70;33;city114;500;233;city183
125;city260;53;396;city205;112;152;city259;368;203;city68;126;370;city60;318;116;city172;138;367;city281;375;347;city249;191;232;city140;454;219;city224;5;305;city75;277;255;city171;183;470;city228;409;339;city242;414;18;city183;219;152;city147;419;472;city191;492;416;city151;258;179;city270;258;96;city153
152;city258;18;14;city202;135;361;city213;105;50;city151;440;323;city278;23;244;city82;132;141;city209;159;393;city122;373;246;city247;58;488;city145;397;278;city62
171;city299;22;358;city162;290;3;city140;142;72;city235;426;105;city58;483;423;city53;340;208;city222;266;307;city168;411;16;city230;28;45;city167;238;4;city72;223;407;city116;377;151;city149;162;16;city126;455;130;city130;149;135;city107;237;73;city100;375;238;city189;414;368;city154


152;city258;18;14;city202;135;361;city213;105;50;city151;440;323;city278;23;244;city82;132;141;city209;159;393;city122;373;246;city247;58;488;city145;397;278;city62
125;city260;53;396;city205;112;152;city259;368;203;city68;126;370;city60;318;116;city172;138;367;city281;375;347;city249;191;232;city140;454;219;city224;5;305;city75;277;255;city171;183;470;city228;409;339;city242;414;18;city183;219;152;city147;419;472;city191;492;416;city151;258;179;city270;258;96;city153








125;city260;53;396;city205;112;152;city259;368;203;city68;126;370;city60;318;116;city172;138;367;city281;375;347;city249;191;232;city140;454;219;city224;5;305;city75;277;255;city171;183;470;city228;409;339;city242;414;18;city183;219;152;city147;419;472;city191;492;416;city151;258;179;city270;258;96;city153
148;city281;358;209;city124;331;173;city285;484;311;city188

127;city191;228;244;city130;450;479;city197;416;414;city103;233;419;city292;339;55;city155;432;396;city288;377;219;city172;234;263;city256;428;20;city111
156;city214;89;76;city162;463;76;city198;426;457;city192;423;411;city126;435;294;city240

157;city235;233;3;city296;79;182;city195;124;430;city71;349;446;city297;351;458;city104;233;198;city162;364;182;city169;264;59;city286;282;468;city193;281;481;city150;265;299;city68;71;239;city77;199;386;city175;257;347;city70;9;108;city119;359;325;city160;428;290;city298
146;city290;354;9;city156;228;267;city66;469;412;city177;81;211;city282;3;427;city76;253;98;city181;247;27;city178;148;115;city123;323;368;city166;130;201;city198;239;172;city289;409;271;city78;121;198;city260
137;city68;70;33;city114;500;233;city183
162;city216;192;84;city115;173;324;city111;13;177;city169

131;city80;90;144;city176;463;27;city68;201;42;city127;190;142;city258;127;404;city208;451;251;city84;125;335;city86;19;465;city163;170;99;city246;500;303;city131
146;city290;354;9;city156;228;267;city66;469;412;city177;81;211;city282;3;427;city76;253;98;city181;247;27;city178;148;115;city123;323;368;city166;130;201;city198;239;172;city289;409;271;city78;121;198;city260
149;city179;228;46;city173;451;418;city231;37;19;city141;449;417;city215;321;364;city268;98;474;city83;69;302;city298;127;435;city201;152;396;city194;281;25;city143

149;city179;228;46;city173;451;418;city231;37;19;city141;449;417;city215;321;364;city268;98;474;city83;69;302;city298;127;435;city201;152;396;city194;281;25;city143
174;city100;300;75;city164;212;157;city291;244;471;city223;327;269;city111;307;66;city255;180;211;city285;393;347;city101
125;city260;53;396;city205;112;152;city259;368;203;city68;126;370;city60;318;116;city172;138;367;city281;375;347;city249;191;232;city140;454;219;city224;5;305;city75;277;255;city171;183;470;city228;409;339;city242;414;18;city183;219;152;city147;419;472;city191;492;416;city151;258;179;city270;258;96;city153
155;city250;24;80;city208;130;28;city203
160;city99;199;496;city205;131;48;city145;497;236;city259;122;248;city74;446;125;city157;458;75;city78;106;24;city116;178;8;city289;482;356;city58;399;385;city134;139;65;city244;349;378;city260;208;216;city284
169;city184;123;482;city181
156;city214;89;76;city162;463;76;city198;426;457;city192;423;411;city126;435;294;city240
155;city250;24;80;city208;130;28;city203
159;city80;279;230;city263;435;129;city85;416;56;city299;50;386;city242;179;349;city185;286;331;city91;398;344;city166;119;159;city101;147;442;city241;245;450;city105;355;157;city233
141;city104;382;276;city232;94;312;city166;211;419;city260;417;163;city265;375;220;city124;233;138;city63
159;city80;279;230;city263;435;129;city85;416;56;city299;50;386;city242;179;349;city185;286;331;city91;398;344;city166;119;159;city101;147;442;city241;245;450;city105;355;157;city233
164;city89;79;105;city52
153;city260;416;254;city225;109;69;city202;282;23;city281;193;94;city92;434;440;city139;218;179;city130;382;200;city83;470;83;city210;458;434;city204;218;144;city110;51;268;city88;34;178;city55;37;225;city67
137;city68;70;33;city114;500;233;city183
154;city255;11;440;city234;360;372;city262;290;328;city242;324;455;city91;267;426;city208;51;221;city167;355;284;city51;134;443;city213;13;31;city133;305;52;city166;87;128;city215
141;city104;382;276;city232;94;312;city166;211;419;city260;417;163;city265;375;220;city124;233;138;city63
128;city140;8;91;city295;417;213;city68;203;466;city262;87;142;city73;68;409;city210;450;499;city93;274;34;city279;499;143;city78;66;385;city106;237;293;city181;283;220;city158;15;101;city125
168;city63;389;221;city105;75;202;city184;410;74;city187;304;283;city256;359;201;city62;457;182;city212;158;458;city139;392;265;city285;82;201;city168;181;331;city195;270;263;city193;59;163;city107;13;273;city231;120;115;city296
129;city248;209;416;city133;136;268;city194;168;175;city293;418;120;city241;181;489;city208;169;462;city78;128;221;city66;220;335;city103
136;city207;351;445;city262;66;203;city70;376;93;city92;54;407;city157;240;25;city149;245;46;city239;9;105;city140;240;398;city104;268;389;city128;159;186;city184;14;498;city77;155;93;city242;179;245;city123;241;7;city72;175;412;city298
154;city255;11;440;city234;360;372;city262;290;328;city242;324;455;city91;267;426;city208;51;221;city167;355;284;city51;134;443;city213;13;31;city133;305;52;city166;87;128;city215
169;city184;123;482;city181
133;city190;360;227;city88;231;389;city284;496;201;city52;308;271;city214;357;117;city98;453;296;city103;231;429;city290;95;455;city67;478;354;city56;296;156;city219;61;295;city240;409;427;city174;413;130;city105
171;city299;22;358;city162;290;3;city140;142;72;city235;426;105;city58;483;423;city53;340;208;city222;266;307;city168;411;16;city230;28;45;city167;238;4;city72;223;407;city116;377;151;city149;162;16;city126;455;130;city130;149;135;city107;237;73;city100;375;238;city189;414;368;city154

137;city68;70;33;city114;500;233;city183
164;city89;79;105;city52

159;city80;279;230;city263;435;129;city85;416;56;city299;50;386;city242;179;349;city185;286;331;city91;398;344;city166;119;159;city101;147;442;city241;245;450;city105;355;157;city233

154;city255;11;440;city234;360;372;city262;290;328;city242;324;455;city91;267;426;city208;51;221;city167;355;284;city51;134;443;city213;13;31;city133;305;52;city166;87;128;city215
155;city250;24;80;city208;130;28;city203
171;city299;22;358;city162;290;3;city140;142;72;city235;426;105;city58;483;423;city53;340;208;city222;266;307;city168;411;16;city230;28;45;city167;238;4;city72;223;407;city116;377;151;city149;162;16;city126;455;130;city130;149;135;city107;237;73;city100;375;238;city189;414;368;city154
140;city166;319;383;city245;142;204;city253;213;224;city74
157;city235;233;3;city296;79;182;city195;124;430;city71;349;446;city297;351;458;city104;233;198;city162;364;182;city169;264;59;city286;282;468;city193;281;481;city150;265;299;city68;71;239;city77;199;386;city175;257;347;city70;9;108;city119;359;325;city160;428;290;city298
163;city150;197;92;city228
129;city248;209;416;city133;136;268;city194;168;175;city293;418;120;city241;181;489;city208;169;462;city78;128;221;city66;220;335;city103
173;city247;255;344;city50;468;436;city75;337;346;city56;463;363;city121;113;277;city127;347;9;city259;482;297;city240;425;466;city94;163;364;city252
171;city299;22;358;city162;290;3;city140;142;72;city235;426;105;city58;483;423;city53;340;208;city222;266;307;city168;411;16;city230;28;45;city167;238;4;city72;223;407;city116;377;151;city149;162;16;city126;455;130;city130;149;135;city107;237;73;city100;375;238;city189;414;368;city154
141;city104;382;276;city232;94;312;city166;211;419;city260;417;163;city265;375;220;city124;233;138;city63
155;city250;24;80;city208;130;28;city203
152;city258;18;14;city202;135;361;city213;105;50;city151;440;323;city278;23;244;city82;132;141;city209;159;393;city122;373;246;city247;58;488;city145;397;278;city62
169;city184;123;482;city181
153;city260;416;254;city225;109;69;city202;282;23;city281;193;94;city92;434;440;city139;218;179;city130;382;200;city83;470;83;city210;458;434;city204;218;144;city110;51;268;city88;34;178;city55;37;225;city67
154;city255;11;440;city234;360;372;city262;290;328;city242;324;455;city91;267;426;city208;51;221;city167;355;284;city51;134;443;city213;13;31;city133;305;52;city166;87;128;city215
172;city275;401;319;city240;344;183;city97;138;253;city218;222;10;city127;373;171;city165;297;201;city297;363;387;city208;403;269;city207;29;12;city190;106;155;city216;169;129;city249;370;166;city126;268;292;city284;128;343;city285;55;422;city276;252;487;city162;82;456;city271
156;city214;89;76;city162;463;76;city198;426;457;city192;423;411;city126;435;294;city240
162;city216;192;84;city115;173;324;city111;13;177;city169
155;city250;24;80;city208;130;28;city203

125;city260;53;396;city205;112;152;city259;368;203;city68;126;370;city60;318;116;city172;138;367;city281;375;347;city249;191;232;city140;454;219;city224;5;305;city75;277;255;city171;183;470;city228;409;339;city242;414;18;city183;219;152;city147;419;472;city191;492;416;city151;258;179;city270;258;96;city153
136;city207;351;445;city262;66;203;city70;376;93;city92;54;407;city157;240;25;city149;245;46;city239;9;105;city140;240;398;city104;268;389;city128;159;186;city184;14;498;city77;155;93;city242;179;245;city123;241;7;city72;175;412;city298
128;city140;8;91;city295;417;213;city68;203;466;city262;87;142;city73;68;409;city210;450;499;city93;274;34;city279;499;143;city78;66;385;city106;237;293;city181;283;220;city158;15;101;city125
172;city275;401;319;city240;344;183;city97;138;253;city218;222;10;city127;373;171;city165;297;201;city297;363;387;city208;403;269;city207;29;12;city190;106;155;city216;169;129;city249;370;166;city126;268;292;city284;128;343;city285;55;422;city276;252;487;city162;82;456;city271
151;city196;360;437;city217;203;147;city134;6;365;city243;214;472;city81;346;49;city117;121;381;city137;270;175;city92;209;284;city223;427;135;city245;334;489;city192;363;318;city255;312;360;city247;385;476;city89;450;308;city50;36;69;city197;252;121;city64;154;495;city241;177;27;city226
165;city182;473;223;city113;114;457;city244;172;278;city104;421;293;city169;158;239;city74;461;108;city147;298;77;city145;346;104;city211;193;193;city229;303;339;city203;479;299;city149;315;133;city112;400;407;city108;85;28;city130;76;196;city239
164;city89;79;105;city52
155;city250;24;80;city208;130;28;city203
142;city52;383;186;city148;53;155;city273;295;331;city198;395;290;city185;48;76;city235;59;140;city217;39;203;city288;394;499;city105;343;104;city211;492;252;city255;270;208;city157;94;388;city223;91;261;city252
170;city247;237;423;city205;252;86;city51;79;41;city218;50;212;city194;405;307;city271;360;156;city265;328;360;city150
142;city52;383;186;city148;53;155;city273;295;331;city198;395;290;city185;48;76;city235;59;140;city217;39;203;city288;394;499;city105;343;104;city211;492;252;city255;270;208;city157;94;388;city223;91;261;city252
164;city89;79;105;city52
169;city184;123;482;city181
168;city63;389;221;city105;75;202;city184;410;74;city187;304;283;city256;359;201;city62;457;182;city212;158;458;city139;392;265;city285;82;201;city168;181;331;city195;270;263;city193;59;163;city107;13;273;city231;120;115;city296

147;city151;430;417;city242;32;434;city126;127;237;city212;356;156;city188;108;387;city106;296;146;city263;67;185;city291;128;238;city51;293;240;city71;114;86;city283
152;city258;18;14;city202;135;361;city213;105;50;city151;440;323;city278;23;244;city82;132;141;city209;159;393;city122;373;246;city247;58;488;city145;397;278;city62
174;city100;300;75;city164;212;157;city291;244;471;city223;327;269;city111;307;66;city255;180;211;city285;393;347;city101
158;city225;304;77;city285;491;99;city85;375;125;city96;334;334;city198;109;280;city191;175;495;city226;58;111;city125;142;173;city100;482;449;city192;238;436;city134;332;491;city199;407;84;city275;354;67;city290;240;322;city155;292;393;city88;68;48;city87;360;496;city58;106;399;city255;470;108;city156
173;city247;255;344;city50;468;436;city75;337;346;city56;463;363;city121;113;277;city127;347;9;city259;482;297;city240;425;466;city94;163;364;city252
161;city127;2;231;city89;300;398;city175;33;131;city155;191;296;city272;284;178;city58;385;133;city72;298;55;city228;313;417;city147;11;390;city151;363;437;city174;279;328;city63;299;365;city69;335;68;city227
171;city299;22;358;city162;290;3;city140;142;72;city235;426;105;city58;483;423;city53;340;208;city222;266;307;city168;411;16;city230;28;45;city167;238;4;city72;223;407;city116;377;151;city149;162;16;city126;455;130;city130;149;135;city107;237;73;city100;375;238;city189;414;368;city154
137;city68;70;33;city114;500;233;city183
136;city207;351;445;city262;66;203;city70;376;93;city92;54;407;city157;240;25;city149;245;46;city239;9;105;city140;240;398;city104;268;389;city128;159;186;city184;14;498;city77;155;93;city242;179;245;city123;241;7;city72;175;412;city298
152;city258;18;14;city202;135;361;city213;105;50;city151;440;323;city278;23;244;city82;132;141;city209;159;393;city122;373;246;city247;58;488;city145;397;278;city62
169;city184;123;482;city181
135;city214;459;479;city80;387;374;city220;66;73;city182;6;173;city99;497;192;city53;18;202;city224;200;333;city258;210;44;city133;96;226;city119;217;233;city180;461;393;city187;19;255;city134;137;289;city140;451;442;city167;281;388;city223;399;64;city164;53;7;city193;50;180;city92;431;213;city154
134;city80;230;328;city292;443;6;city275;451;301;city215;327;391;city252;70;186;city160;460;257;city266;15;136;city189;252;260;city52;157;390;city237;371;424;city120;234;275;city242;250;76;city199;136;314;city53;372;176;city155;480;434;city248;273;318;city219;340;170;city156

146;city290;354;9;city156;228;267;city66;469;412;city177;81;211;city282;3;427;city76;253;98;city181;247;27;city178;148;115;city123;323;368;city166;130;201;city198;239;172;city289;409;271;city78;121;198;city260
132;city295;28;206;city144;317;108;city225
130;city216;4;332;city258
160;city99;199;496;city205;131;48;city145;497;236;city259;122;248;city74;446;125;city157;458;75;city78;106;24;city116;178;8;city289;482;356;city58;399;385;city134;139;65;city244;349;378;city260;208;216;city284
138;city248;456;356;city256;199;427;city90;393;187;city272;445;499;city118;195;422;city223;499;289;city213;51;14;city208;493;380;city75
134;city80;230;328;city292;443;6;city275;451;301;city215;327;391;city252;70;186;city160;460;257;city266;15;136;city189;252;260;city52;157;390;city237;371;424;city120;234;275;city242;250;76;city199;136;314;city53;372;176;city155;480;434;city248;273;318;city219;340;170;city156
136;city207;351;445;city262;66;203;city70;376;93;city92;54;407;city157;240;25;city149;245;46;city239;9;105;city140;240;398;city104;268;389;city128;159;186;city184;14;498;city77;155;93;city242;179;245;city123;241;7;city72;175;412;city298
145;city79;480;205;city186;262;385;city220;76;39;city293;351;358;city122;120;294;city175;22;420;city190;16;323;city81;443;317;city155;342;444;city98;195;24;city157;316;470;city188;404;285;city174;283;113;city179;260;416;city158;442;497;city236;362;98;city56;197;168;city70;496;49;city273
162;city216;192;84;city115;173;324;city111;13;177;city169
128;city140;8;91;city295;417;213;city68;203;466;city262;87;142;city73;68;409;city210;450;499;city93;274;34;city279;499;143;city78;66;385;city106;237;293;city181;283;220;city158;15;101;city125
164;city89;79;105;city52
155;city250;24;80;city208;130;28;city203
154;city255;11;440;city234;360;372;city262;290;328;city242;324;455;city91;267;426;city208;51;221;city167;355;284;city51;134;443;city213;13;31;city133;305;52;city166;87;128;city215
168;city63;389;221;city105;75;202;city184;410;74;city187;304;283;city256;359;201;city62;457;182;city212;158;458;city139;392;265;city285;82;201;city168;181;331;city195;270;263;city193;59;163;city107;13;273;city231;120;115;city296

141;city104;382;276;city232;94;312;city166;211;419;city260;417;163;city265;375;220;city124;233;138;city63
148;city281;358;209;city124;331;173;city285;484;1106;city188
141;city104;382;276;city232;94;312;city166;211;419;city260;417;163;city265;375;220;city124;233;138;city63
146;city290;354;9;city156;228;267;city66;469;412;city177;81;211;city282;3;427;city76;253;98;city181;247;27;city178;148;115;city123;323;368;city166;130;201;city198;239;172;city289;409;271;city78;121;198;city260
154;city255;11;440;city234;360;372;city262;290;328;city242;324;455;city91;267;426;city208;51;221;city167;355;284;city51;134;443;city213;13;31;city133;305;52;city166;87;128;city215
135;city214;459;479;city80;387;374;city220;66;73;city182;6;173;city99;497;192;city53;18;202;city224;200;333;city258;210;44;city133;96;226;city119;217;233;city180;461;393;city187;19;255;city134;137;289;city140;451;442;city167;281;388;city223;399;64;city164;53;7;city193;50;180;city92;431;213;city154
174;city100;300;75;city164;212;157;city291;244;471;city223;327;269;city111;307;66;city255;180;211;city285;393;347;city101
155;city250;24;80;city208;130;28;city203
131;city80;90;144;city176;463;27;city68;201;42;city127;190;142;city258;127;404;city208;451;251;city84;125;335;city86;19;465;city163;170;99;city246;500;303;city131
151;city196;360;437;city217;203;147;city134;6;365;city243;214;472;city81;346;49;city117;121;381;city137;270;175;city92;209;284;city223;427;135;city245;334;489;city192;363;318;city255;312;360;city247;385;476;city89;450;308;city50;36;69;city197;252;121;city64;154;495;city241;177;27;city226
173;city247;255;344;city50;468;436;city75;337;346;city56;463;363;city121;113;277;city127;347;9;city259;482;297;city240;425;466;city94;163;364;city252
141;city104;382;276;city232;94;312;city166;211;419;city260;417;163;city265;375;220;city124;233;138;city63
135;city214;459;479;city80;387;374;city220;66;73;city182;6;173;city99;497;192;city53;18;202;city224;200;333;city258;210;44;city133;96;226;city119;217;233;city180;461;393;city187;19;255;city134;137;289;city140;451;442;city167;281;388;city223;399;64;city164;53;7;city193;50;180;city92;431;213;city154
163;city150;197;92;city228
131;city80;90;144;city176;463;27;city68;201;42;city127;190;142;city258;127;404;city208;451;251;city84;125;335;city86;19;465;city163;170;99;city246;500;303;city131
134;city80;230;328;city292;443;6;city275;451;301;city215;327;391;city252;70;186;city160;460;257;city266;15;136;city189;252;260;city52;157;390;city237;371;424;city120;234;275;city242;250;76;city199;136;314;city53;372;176;city155;480;434;city248;273;318;city219;340;170;city156
164;city89;79;105;city52
152;city258;18;14;city202;135;361;city213;105;50;city151;440;323;city278;23;244;city82;132;141;city209;159;393;city122;373;246;city247;58;488;city145;397;278;city62
159;city80;279;230;city263;435;129;city85;416;56;city299;50;386;city242;179;349;city185;286;331;city91;398;344;city166;119;159;city101;147;442;city241;245;450;city105;355;157;city233

168;city63;389;221;city105;75;202;city184;410;74;city187;304;283;city256;359;201;city62;457;182;city212;158;458;city139;392;265;city285;82;201;city168;181;331;city195;270;263;city193;59;163;city107;13;273;city231;120;115;city296
157;city235;233;3;city296;79;182;city195;124;430;city71;349;446;city297;351;458;city104;233;198;city162;364;182;city169;264;59;city286;282;468;city193;281;481;city150;265;299;city68;71;239;city77;199;386;city175;257;347;city70;9;108;city119;359;325;city160;428;290;city298
161;city127;2;231;city89;300;398;city175;33;131;city155;191;296;city272;284;178;city58;385;133;city72;298;55;city228;313;417;city147;11;390;city151;363;437;city174;279;328;city63;299;365;city69;335;68;city227
130;city216;4;332;city258

138;city248;456;356;city256;199;427;city90;393;187;city272;445;499;city118;195;422;city223;499;289;city213;51;14;city208;493;380;city75
145;city79;480;205;city186;262;385;city220;76;39;city293;351;358;city122;120;294;city175;22;420;city190;16;323;city81;443;317;city155;342;444;city98;195;24;city157;316;470;city188;404;285;city174;283;113;city179;260;416;city158;442;497;city236;362;98;city56;197;168;city70;496;49;city273
164;city89;79;105;city52
131;city80;90;144;city176;463;27;city68;201;42;city127;190;142;city258;127;404;city208;451;251;city84;125;335;city86;19;465;city163;170;99;city246;500;303;city131
131;city80;90;144;city176;463;27;city68;201;42;city127;190;142;city258;127;404;city208;451;251;city84;125;335;city86;19;465;city163;170;99;city246;500;303;city131
126;city225;104;158;city72;242;395;city258;184;465;city229;384;473;city246;428;84;city154
152;city258;18;14;city202;135;361;city213;105;50;city151;440;323;city278;23;244;city82;132;141;city209;159;393;city122;373;246;city247;58;488;city145;397;278;city62
160;city99;199;496;city205;131;48;city145;497;236;city259;122;248;city74;446;125;city157;458;75;city78;106;24;city116;178;8;city289;482;356;city58;399;385;city134;139;65;city244;349;378;city260;208;216;city284
169;city184;123;482;city181
131;city80;90;144;city176;463;27;city68;201;42;city127;190;142;city258;127;404;city208;451;251;city84;125;335;city86;19;465;city163;170;99;city246;500;303;city131
143;city162;22;445;city254;201;68;city52;168;30;city190;39;238;city236;122;303;city173;306;495;city75;157;74;city205;432;217;city213;394;88;city107;155;198;city298;371;450;city158;178;229;city79
155;city250;24;80;city208;130;28;city203
161;city127;2;231;city89;300;398;city175;33;131;city155;191;296;city272;284;178;city58;385;133;city72;298;55;city228;313;417;city147;11;390;city151;363;437;city174;279;328;city63;299;365;city69;335;68;city227
162;city216;192;84;city115;173;324;city111;13;177;city169
151;city196;360;437;city217;203;147;city134;6;365;city243;214;472;city81;346;49;city117;121;381;city137;270;175;city92;209;284;city223;427;135;city245;334;489;city192;363;318;city255;312;360;city247;385;476;city89;450;308;city50;36;69;city197;252;121;city64;154;495;city241;177;27;city226
162;city216;192;84;city115;173;324;city111;13;177;city169
127;city191;228;244;city130;450;479;city197;416;414;city103;233;419;city292;339;55;city155;432;396;city288;377;219;city172;234;263;city256;428;20;city111
170;city247;237;423;city205;252;86;city51;79;41;city218;50;212;city194;405;307;city271;360;156;city265;328;360;city150
162;city216;192;84;city115;173;324;city111;13;177;city169
151;city196;360;437;city217;203;147;city134;6;365;city243;214;472;city81;346;49;city117;121;381;city137;270;175;city92;209;284;city223;427;135;city245;334;489;city192;363;318;city255;312;360;city247;385;476;city89;450;308;city50;36;69;city197;252;121;city64;154;495;city241;177;27;city226
164;city89;79;105;city52
169;city184;123;482;city181
134;city80;230;328;city292;443;6;city275;451;301;city215;327;391;city252;70;186;city160;460;257;city266;15;136;city189;252;260;city52;157;390;city237;371;424;city120;234;275;city242;250;76;city199;136;314;city53;372;176;city155;480;434;city248;273;318;city219;340;170;city156
160;city99;199;496;city205;131;48;city145;497;236;city259;122;248;city74;446;125;city157;458;75;city78;106;24;city116;178;8;city289;482;356;city58;399;385;city134;139;65;city244;349;378;city260;208;216;city284
165;city182;473;223;city113;114;457;city244;172;278;city104;421;293;city169;158;239;city74;461;108;city147;298;77;city145;346;104;city211;193;193;city229;303;339;city203;479;299;city149;315;133;city112;400;407;city108;85;28;city130;76;196;city239
139;city132;293;409;city112;397;29;city68;121;182;city88;403;487;city156;226;61;city264;292;442;city150;302;56;city287
152;city258;18;14;city202;135;361;city213;105;50;city151;440;323;city278;23;244;city82;132;141;city209;159;393;city122;373;246;city247;58;488;city145;397;278;city62
154;city255;11;440;city234;360;372;city262;290;328;city242;324;455;city91;267;426;city208;51;221;city167;355;284;city51;134;443;city213;13;31;city133;305;52;city166;87;128;city215
135;city214;459;479;city80;387;374;city220;66;73;city182;6;173;city99;497;192;city53;18;202;city224;200;333;city258;210;44;city133;96;226;city119;217;233;city180;461;393;city187;19;255;city134;137;289;city140;451;442;city167;281;388;city223;399;64;city164;53;7;city193;50;180;city92;431;213;city154
134;city80;230;328;city292;443;6;city275;451;301;city215;327;391;city252;70;186;city160;460;257;city266;15;136;city189;252;260;city52;157;390;city237;371;424;city120;234;275;city242;250;76;city199;136;314;city53;372;176;city155;480;434;city248;273;318;city219;340;170;city156
140;city166;319;383;city245;142;204;city253;213;224;city74
126;city225;104;158;city72;242;395;city258;184;465;city229;384;473;city246;428;84;city154
144;city102;213;413;city136;91;61;city228;204;262;city174;187;242;city157;421;445;city232;19;484;city149;70;326;city165;444;463;city64;404;111;city294;65;48;city265;451;16;city211;114;444;city130;240;48;city194
172;city275;401;319;city240;344;183;city97;138;253;city218;222;10;city127;373;171;city165;297;201;city297;363;387;city208;403;269;city207;29;12;city190;106;155;city216;169;129;city249;370;166;city126;268;292;city284;128;343;city285;55;422;city276;252;487;city162;82;456;city271
161;city127;2;231;city89;300;398;city175;33;131;city155;191;296;city272;284;178;city58;385;133;city72;298;55;city228;313;417;city147;11;390;city151;363;437;city174;279;328;city63;299;365;city69;335;68;city227
171;city299;22;358;city162;290;3;city140;142;72;city235;426;105;city58;483;423;city53;340;208;city222;266;307;city168;411;16;city230;28;45;city167;238;4;city72;223;407;city116;377;151;city149;162;16;city126;455;130;city130;149;135;city107;237;73;city100;375;238;city189;414;368;city154
140;city166;319;383;city245;142;204;city253;213;224;city74
157;city235;233;3;city296;79;182;city195;124;430;city71;349;446;city297;351;458;city104;233;198;city162;364;182;city169;264;59;city286;282;468;city193;281;481;city150;265;299;city68;71;239;city77;199;386;city175;257;347;city70;9;108;city119;359;325;city160;428;290;city298
127;city191;228;244;city130;450;479;city197;416;414;city103;233;419;city292;339;55;city155;432;396;city288;377;219;city172;234;263;city256;428;20;city111
135;city214;459;479;city80;387;374;city220;66;73;city182;6;173;city99;497;192;city53;18;202;city224;200;333;city258;210;44;city133;96;226;city119;217;233;city180;461;393;city187;19;255;city134;137;289;city140;451;442;city167;281;388;city223;399;64;city164;53;7;city193;50;180;city92;431;213;city154
156;city214;89;76;city162;463;76;city198;426;457;city192;423;411;city126;435;294;city240
136;city207;351;445;city262;66;203;city70;376;93;city92;54;407;city157;240;25;city149;245;46;city239;9;105;city140;240;398;city104;268;389;city128;159;186;city184;14;498;city77;155;93;city242;179;245;city123;241;7;city72;175;412;city298
162;city216;192;84;city115;173;324;city111;13;177;city169
160;city99;199;2711;city205;131;48;city145;497;236;city259;122;248;city74;446;125;city157;458;75;city78;106;24;city116;178;8;city289;482;356;city58;399;385;city134;139;65;city244;349;378;city260;208;216;city284
129;city248;209;416;city133;136;268;city194;168;175;city293;418;120;city241;181;489;city208;169;462;city78;128;221;city66;220;335;city103

140;city166;319;383;city245;142;204;city253;213;224;city74
171;city299;22;358;city162;290;3;city140;142;72;city235;426;105;city58;483;423;city53;340;208;city222;266;307;city168;411;16;city230;28;45;city167;238;4;city72;223;407;city116;377;151;city149;162;16;city126;455;130;city130;149;135;city107;237;73;city100;375;238;city189;414;368;city154
167;city103;65;426;city82;333;239;city53;310;421;city264
155;city250;24;80;city208;130;28;city203
168;city63;389;221;city105;75;202;city184;410;74;city187;304;283;city256;359;201;city62;457;182;city212;158;458;city139;392;265;city285;82;201;city168;181;331;city195;270;263;city193;59;163;city107;13;273;city231;120;115;city296
132;city295;28;206;city144;317;108;city225
127;city191;228;244;city130;450;479;city197;416;414;city103;233;419;city292;339;55;city155;432;396;city288;377;219;city172;234;263;city256;428;20;city111
139;city132;293;409;city112;397;29;city68;121;182;city88;403;487;city156;226;61;city264;292;442;city150;302;56;city287
168;city63;389;221;city105;75;202;city184;410;74;city187;304;283;city256;359;201;city62;457;182;city212;158;458;city139;392;265;city285;82;201;city168;181;331;city195;270;263;city193;59;163;city107;13;273;city231;120;115;city296
137;city68;70;33;city114;500;233;city183
139;city132;293;409;city112;397;29;city68;121;182;city88;403;487;city156;226;61;city264;292;442;city150;302;56;city287
129;city248;209;416;city133;136;268;city194;168;175;city293;418;120;city241;181;489;city208;169;462;city78;128;221;city66;220;335;city103
157;city235;233;3;city296;79;182;city195;124;430;city71;349;446;city297;351;458;city104;233;198;city162;364;182;city169;264;59;city286;282;468;city193;281;481;city150;265;299;city68;71;239;city77;199;386;city175;257;347;city70;9;108;city119;359;325;city160;428;290;city298
126;city225;104;158;city72;242;395;city258;184;465;city229;384;473;city246;428;84;city154
135;city214;459;479;city80;387;374;city220;66;73;city182;6;173;city99;497;192;city53;18;202;city224;200;333;city258;210;44;city133;96;226;city119;217;233;city180;461;393;city187;19;255;city134;137;289;city140;451;442;city167;281;388;city223;399;64;city164;53;7;city193;50;180;city92;431;213;city154
134;city80;230;328;city292;443;6;city275;451;301;city215;327;391;city252;70;186;city160;460;257;city266;15;136;city189;252;260;city52;157;390;city237;371;424;city120;234;275;city242;250;76;city199;136;314;city53;372;176;city155;480;434;city248;273;318;city219;340;170;city156

129;city248;209;416;city133;136;268;city194;168;175;city293;418;120;city241;181;489;city208;169;462;city78;128;221;city66;220;335;city103
153;city260;416;254;city225;109;69;city202;282;23;city281;193;94;city92;434;440;city139;218;179;city130;382;200;city83;470;83;city210;458;434;city204;218;144;city110;51;268;city88;34;178;city55;37;225;city67
172;city275;401;319;city240;344;183;city97;138;253;city218;222;10;city127;373;171;city165;297;201;city297;363;387;city208;403;269;city207;29;12;city190;106;155;city216;169;129;city249;370;166;city126;268;292;city284;128;343;city285;55;422;city276;252;487;city162;82;456;city271
136;city207;351;445;city262;66;203;city70;376;93;city92;54;407;city157;240;25;city149;245;46;city239;9;105;city140;240;398;city104;268;389;city128;159;186;city184;14;498;city77;155;93;city242;179;245;city123;241;7;city72;175;412;city298
147;city151;430;417;city242;32;434;city126;127;237;city212;356;156;city188;108;387;city106;296;146;city263;67;185;city291;128;238;city51;293;240;city71;114;86;city283
133;city190;360;227;city88;231;389;city284;496;201;city52;308;271;city214;357;117;city98;453;296;city103;231;429;city290;95;455;city67;478;354;city56;296;156;city219;61;295;city240;409;427;city174;413;130;city105
126;city225;104;158;city72;242;395;city258;184;465;city229;384;473;city246;428;84;city154
130;city216;4;332;city258
164;city89;79;105;city52
140;city166;319;383;city245;142;204;city253;213;224;city74
137;city68;70;33;city114;500;233;city183
172;city275;401;319;city240;344;183;city97;138;253;city218;222;10;city127;373;171;city165;297;201;city297;363;387;city208;403;269;city207;29;12;city190;106;155;city216;169;129;city249;370;166;city126;268;292;city284;128;343;city285;55;422;city276;252;487;city162;82;456;city271
144;city102;213;413;city136;91;61;city228;204;262;city174;187;242;city157;421;445;city232;19;484;city149;70;326;city165;444;463;city64;404;111;city294;65;48;city265;451;16;city211;114;444;city130;240;48;city194
164;city89;79;105;city52
128;city140;8;91;city295;417;213;city68;203;466;city262;87;142;city73;68;409;city210;450;499;city93;274;34;city279;499;143;city78;66;385;city106;237;293;city181;283;220;city158;15;101;city125
160;city99;199;2711;city205;131;48;city145;497;236;city259;122;248;city74;446;125;city157;458;75;city78;106;24;city116;178;8;city289;482;356;city58;399;385;city134;139;65;city244;349;378;city260;208;216;city284
158;city225;304;77;city285;491;99;city85;375;125;city96;334;334;city198;109;280;city191;175;495;city226;58;111;city125;142;173;city100;482;449;city192;238;436;city134;332;491;city199;407;84;city275;354;67;city290;240;322;city155;292;393;city88;68;48;city87;360;496;city58;106;399;city255;470;108;city156
158;city225;304;77;city285;491;99;city85;375;125;city96;334;334;city198;109;280;city191;175;495;city226;58;111;city125;142;173;city100;482;449;city192;238;436;city134;332;491;city199;407;84;city275;354;67;city290;240;322;city155;292;393;city88;68;48;city87;360;496;city58;106;399;city255;470;108;city156
