ERROR 5
ERROR 6
ERROR 10
ERROR 13
ERROR 14
ERROR 18
ERROR 21
ERROR 25
ERROR 26
ERROR 30
ERROR 33
ERROR 41
ERROR 43
ERROR 48
ERROR 49
ERROR 55
ERROR 56
ERROR 57
ERROR 62
ERROR 64
ERROR 65
ERROR 70
ERROR 71
ERROR 78
ERROR 84
ERROR 85
ERROR 86
ERROR 92
ERROR 93
ERROR 95
ERROR 97
ERROR 103
ERROR 105
ERROR 107
ERROR 109
ERROR 112
ERROR 120
ERROR 121
ERROR 129
ERROR 133
ERROR 136
ERROR 142
ERROR 145
ERROR 146
ERROR 148
ERROR 155
ERROR 156
ERROR 157
ERROR 163
ERROR 164
ERROR 166
ERROR 173
ERROR 177
ERROR 178
ERROR 180
ERROR 183
ERROR 184
ERROR 186
ERROR 187
ERROR 188
ERROR 192
ERROR 193
ERROR 195
ERROR 198
ERROR 201
ERROR 202
ERROR 203
ERROR 207
ERROR 212
ERROR 218
ERROR 220
ERROR 221
ERROR 223
ERROR 227
ERROR 229
ERROR 233
ERROR 234
ERROR 235
ERROR 236
ERROR 237
ERROR 241
ERROR 245
ERROR 247
ERROR 248
ERROR 249
ERROR 250
ERROR 251
ERROR 253
ERROR 255
ERROR 256
ERROR 257
ERROR 259
ERROR 264
ERROR 265
ERROR 266
ERROR 269
ERROR 270
ERROR 271
ERROR 272
ERROR 278
ERROR 280
ERROR 282
ERROR 283
ERROR 287
ERROR 288
ERROR 289
ERROR 291
ERROR 295
ERROR 296
ERROR 300
ERROR 301
ERROR 305
ERROR 306
ERROR 307
ERROR 311
ERROR 312
ERROR 313
ERROR 315
ERROR 316
ERROR 317
ERROR 320
ERROR 322
ERROR 323
ERROR 325
ERROR 326
ERROR 329
ERROR 331
ERROR 335
ERROR 337
ERROR 339
ERROR 341
ERROR 346
ERROR 348
ERROR 357
ERROR 358
ERROR 364
ERROR 369
ERROR 370
ERROR 371
ERROR 372
ERROR 373
ERROR 375
ERROR 379
ERROR 385
ERROR 386
ERROR 387
ERROR 389
ERROR 390
ERROR 396
ERROR 398
ERROR 403
ERROR 404
ERROR 405
ERROR 408
ERROR 410
ERROR 411
ERROR 419
ERROR 421
ERROR 423
ERROR 425
ERROR 426
ERROR 429
ERROR 430
ERROR 435
ERROR 436
ERROR 437
ERROR 438
ERROR 439
ERROR 442
ERROR 447
ERROR 455
ERROR 456
ERROR 458
ERROR 461
ERROR 463
ERROR 469
ERROR 470
ERROR 475
ERROR 476
ERROR 477
ERROR 480
ERROR 484
ERROR 488
ERROR 489
ERROR 490
ERROR 491
ERROR 493
ERROR 499
ERROR 500
ERROR 501
ERROR 505
ERROR 507
ERROR 508
ERROR 509
ERROR 514
ERROR 516
ERROR 518
ERROR 520
ERROR 522
ERROR 523
ERROR 524
ERROR 526
ERROR 527
ERROR 530
ERROR 531
ERROR 534
ERROR 536
ERROR 537
ERROR 538
ERROR 540
ERROR 545
ERROR 549
ERROR 551
ERROR 552
ERROR 553
ERROR 554
ERROR 558
ERROR 560
ERROR 561
ERROR 564
ERROR 565
ERROR 569
ERROR 571
ERROR 573
ERROR 574
ERROR 575
ERROR 577
ERROR 579
ERROR 580
ERROR 581
ERROR 582
ERROR 586
ERROR 588
ERROR 590
ERROR 595
ERROR 597
ERROR 598
ERROR 599
ERROR 600
ERROR 601
ERROR 602
ERROR 603
ERROR 607
ERROR 608
ERROR 609
ERROR 613
ERROR 617
ERROR 620
ERROR 621
ERROR 622
ERROR 624
ERROR 627
ERROR 629
ERROR 632
ERROR 635
ERROR 636
ERROR 638
ERROR 639
ERROR 640
ERROR 644
ERROR 645
ERROR 650
ERROR 651
ERROR 653
ERROR 654
ERROR 657
ERROR 658
ERROR 660
ERROR 661
ERROR 665
ERROR 667
ERROR 670
ERROR 671
ERROR 673
ERROR 674
ERROR 675
ERROR 678
ERROR 681
ERROR 682
ERROR 684
ERROR 687
ERROR 688
ERROR 693
ERROR 694
ERROR 695
ERROR 699
ERROR 702
ERROR 703
ERROR 704
ERROR 705
ERROR 706
ERROR 708
ERROR 709
ERROR 711
ERROR 712
ERROR 713
ERROR 714
ERROR 715
ERROR 716
ERROR 719
ERROR 720
ERROR 721
ERROR 723
ERROR 724
ERROR 726
ERROR 730
ERROR 731
ERROR 732
ERROR 733
ERROR 735
ERROR 738
ERROR 739
ERROR 740
ERROR 741
ERROR 742
ERROR 748
ERROR 749
ERROR 752
ERROR 756
ERROR 757
ERROR 760
ERROR 761
ERROR 764
ERROR 768
ERROR 769
ERROR 773
ERROR 776
ERROR 778
ERROR 779
ERROR 780
ERROR 781
ERROR 782
ERROR 783
ERROR 786
ERROR 789
ERROR 791
ERROR 792
ERROR 793
ERROR 794
ERROR 796
ERROR 797
ERROR 798
ERROR 799
ERROR 800
ERROR 801
ERROR 803
ERROR 809
ERROR 810
ERROR 811
ERROR 816
ERROR 820
ERROR 822
ERROR 828
ERROR 830
ERROR 831
ERROR 833
ERROR 835
ERROR 836
ERROR 838
ERROR 839
ERROR 840
ERROR 845
ERROR 846
ERROR 847
ERROR 849
ERROR 852
ERROR 853
ERROR 854
ERROR 860
ERROR 861
ERROR 863
ERROR 865
ERROR 867
ERROR 868
ERROR 874
ERROR 875
ERROR 877
ERROR 879
ERROR 880
ERROR 881
ERROR 882
ERROR 883
ERROR 884
ERROR 886
ERROR 887
ERROR 888
ERROR 889
ERROR 890
ERROR 891
ERROR 892
ERROR 894
ERROR 897
ERROR 898
ERROR 899
ERROR 901
ERROR 903
ERROR 905
ERROR 908
ERROR 909
ERROR 910
ERROR 913
ERROR 914
ERROR 915
ERROR 917
ERROR 918
ERROR 919
ERROR 920
ERROR 923
ERROR 927
ERROR 930
ERROR 931
ERROR 934
ERROR 935
ERROR 938
ERROR 939
ERROR 940
ERROR 942
ERROR 943
ERROR 946
ERROR 949
ERROR 951
ERROR 952
ERROR 957
ERROR 959
ERROR 960
ERROR 961
ERROR 962
ERROR 963
ERROR 969
ERROR 970
ERROR 972
ERROR 973
ERROR 976
ERROR 978
ERROR 979
ERROR 982
ERROR 983
ERROR 984
ERROR 987
ERROR 988
ERROR 989
ERROR 990
ERROR 994
ERROR 995
ERROR 997
ERROR 998
ERROR 1002
ERROR 1003
ERROR 1004
ERROR 1011
ERROR 1013
ERROR 1014
ERROR 1016
ERROR 1027
ERROR 1029
ERROR 1034
ERROR 1035
ERROR 1037
ERROR 1039
ERROR 1044
ERROR 1046
ERROR 1047
ERROR 1048
ERROR 1051
ERROR 1054
ERROR 1056
ERROR 1057
ERROR 1058
ERROR 1059
ERROR 1060
ERROR 1061
ERROR 1068
ERROR 1069
ERROR 1073
ERROR 1076
ERROR 1077
ERROR 1078
ERROR 1080
ERROR 1082
ERROR 1084
ERROR 1087
ERROR 1088
ERROR 1089
ERROR 1091
ERROR 1092
ERROR 1095
ERROR 1099
ERROR 1100
ERROR 1102
ERROR 1105
ERROR 1106
ERROR 1108
ERROR 1111
ERROR 1113
ERROR 1114
ERROR 1115
ERROR 1120
ERROR 1122
ERROR 1123
ERROR 1124
ERROR 1127
ERROR 1128
ERROR 1131
ERROR 1133
ERROR 1136
ERROR 1138
ERROR 1139
ERROR 1141
ERROR 1142
ERROR 1143
ERROR 1146
ERROR 1147
ERROR 1150
ERROR 1151
ERROR 1152
ERROR 1155
ERROR 1159
ERROR 1160
ERROR 1163
ERROR 1165
ERROR 1167
ERROR 1173
ERROR 1174
ERROR 1175
ERROR 1176
ERROR 1177
ERROR 1180
ERROR 1182
ERROR 1183
ERROR 1184
ERROR 1186
ERROR 1191
ERROR 1193
ERROR 1195
ERROR 1197
ERROR 1201
ERROR 1203
ERROR 1209
ERROR 1210
ERROR 1211
ERROR 1213
ERROR 1215
ERROR 1216
ERROR 1217
ERROR 1218
ERROR 1219
ERROR 1220
ERROR 1223
ERROR 1225
ERROR 1226
ERROR 1227
ERROR 1228
ERROR 1229
ERROR 1234
ERROR 1235
ERROR 1236
ERROR 1237
ERROR 1239
ERROR 1241
ERROR 1242
ERROR 1243
ERROR 1244
ERROR 1247
ERROR 1248
ERROR 1250
ERROR 1252
ERROR 1253
ERROR 1254
ERROR 1256
ERROR 1257
ERROR 1258
ERROR 1260
ERROR 1261
ERROR 1263
ERROR 1264
ERROR 1266
ERROR 1267
ERROR 1268
ERROR 1269
ERROR 1273
ERROR 1274
ERROR 1275
ERROR 1276
ERROR 1278
ERROR 1280
ERROR 1281
ERROR 1286
ERROR 1289
ERROR 1291
ERROR 1293
ERROR 1294
ERROR 1295
ERROR 1296
ERROR 1297
ERROR 1302
ERROR 1305
ERROR 1306
ERROR 1307
ERROR 1309
ERROR 1310
ERROR 1312
ERROR 1313
ERROR 1314
ERROR 1316
ERROR 1318
ERROR 1321
ERROR 1322
ERROR 1323
ERROR 1325
ERROR 1329
ERROR 1330
ERROR 1331
ERROR 1332
ERROR 1333
ERROR 1335
ERROR 1336
ERROR 1340
ERROR 1341
ERROR 1346
ERROR 1347
ERROR 1349
ERROR 1353
ERROR 1354
ERROR 1358
ERROR 1359
ERROR 1360
ERROR 1361
ERROR 1364
ERROR 1367
ERROR 1368
ERROR 1371
ERROR 1372
ERROR 1375
ERROR 1378
ERROR 1379
ERROR 1380
ERROR 1382
ERROR 1387
ERROR 1393
ERROR 1395
ERROR 1396
ERROR 1398
ERROR 1399
ERROR 1405
ERROR 1407
ERROR 1408
ERROR 1410
ERROR 1411
ERROR 1414
ERROR 1415
ERROR 1417
ERROR 1419
ERROR 1422
ERROR 1423
ERROR 1426
ERROR 1427
ERROR 1428
ERROR 1430
ERROR 1431
ERROR 1432
ERROR 1433
ERROR 1436
ERROR 1437
ERROR 1440
ERROR 1442
ERROR 1443
ERROR 1444
ERROR 1448
ERROR 1451
ERROR 1453
ERROR 1457
ERROR 1458
ERROR 1459
ERROR 1460
ERROR 1464
ERROR 1465
ERROR 1466
ERROR 1468
ERROR 1470
ERROR 1472
ERROR 1473
ERROR 1476
ERROR 1477
ERROR 1478
ERROR 1480
ERROR 1481
ERROR 1483
ERROR 1484
ERROR 1487
ERROR 1488
ERROR 1489
ERROR 1490
ERROR 1491
ERROR 1493
ERROR 1495
ERROR 1500
ERROR 1501
ERROR 1503
ERROR 1504
ERROR 1507
ERROR 1508
ERROR 1509
ERROR 1511
ERROR 1512
ERROR 1513
ERROR 1514
ERROR 1516
ERROR 1517
ERROR 1520
ERROR 1522
ERROR 1523
ERROR 1526
ERROR 1527
ERROR 1529
ERROR 1532
ERROR 1536
ERROR 1537
ERROR 1539
ERROR 1541
ERROR 1543
ERROR 1544
ERROR 1549
ERROR 1550
ERROR 1553
ERROR 1554
ERROR 1555
ERROR 1556
ERROR 1558
ERROR 1560
ERROR 1561
ERROR 1562
ERROR 1564
ERROR 1565
ERROR 1566
ERROR 1567
ERROR 1568
ERROR 1572
ERROR 1573
ERROR 1574
ERROR 1577
ERROR 1579
ERROR 1582
ERROR 1584
ERROR 1587
ERROR 1589
ERROR 1590
ERROR 1592
ERROR 1593
ERROR 1594
ERROR 1595
ERROR 1597
ERROR 1599
ERROR 1604
ERROR 1606
ERROR 1610
ERROR 1611
ERROR 1613
ERROR 1614
ERROR 1618
ERROR 1620
ERROR 1621
ERROR 1623
ERROR 1625
ERROR 1626
ERROR 1627
ERROR 1629
ERROR 1630
ERROR 1634
ERROR 1635
ERROR 1640
ERROR 1645
ERROR 1648
ERROR 1653
ERROR 1654
ERROR 1657
ERROR 1659
ERROR 1663
ERROR 1665
ERROR 1666
ERROR 1667
ERROR 1669
ERROR 1670
ERROR 1672
ERROR 1676
ERROR 1677
ERROR 1678
ERROR 1679
ERROR 1683
ERROR 1684
ERROR 1685
ERROR 1686
ERROR 1687
ERROR 1692
ERROR 1693
ERROR 1695
ERROR 1697
ERROR 1698
ERROR 1699
ERROR 1700
ERROR 1704
ERROR 1705
ERROR 1706
ERROR 1710
ERROR 1711
ERROR 1717
ERROR 1718
ERROR 1719
ERROR 1722
ERROR 1724
ERROR 1728
ERROR 1731
ERROR 1733
ERROR 1734
ERROR 1735
ERROR 1738
ERROR 1740
ERROR 1741
ERROR 1742
ERROR 1744
ERROR 1749
ERROR 1750
ERROR 1755
ERROR 1756
ERROR 1759
ERROR 1762
ERROR 1763
ERROR 1765
ERROR 1766
ERROR 1774
ERROR 1775
ERROR 1776
