








174;city205;139;423;city102;184;230;city50;8;255;city137;104;78;city261;312;12;city115;69;385;city148;235;158;city170;99;202;city217;417;490;city247;141;464;city71;24;42;city186






159;city155;253;41;city140;175;8;city187;432;72;city264;106;230;city190;364;353;city141;451;21;city89;426;264;city54;187;204;city277;8;461;city286;346;202;city83;296;243;city160





137;city211;208;28;city176;264;81;city213;233;278;city238
164;city144;364;243;city150;231;151;city93;181;204;city181;273;124;city257;124;374;city227;113;260;city100;312;372;city284;60;80;city297;374;372;city66;27;426;city250

147;city294;448;433;city270;400;222;city104;256;41;city58;260;32;city285;454;449;city66;267;390;city157
139;city96;328;210;city58
149;city101;293;256;city227;3;498;city87;254;164;city164;24;411;city202;346;238;city76;179;410;city89;183;148;city228;337;108;city58;311;348;city95;210;267;city163;10;455;city160;243;386;city138;466;190;city168;442;337;city100
153;city69;12;216;city296;199;322;city59;107;265;city128;305;90;city256;465;448;city240;371;333;city278;157;178;city181;183;60;city214


154;city144;452;409;city64;316;14;city203;441;107;city116;2;5;city253;201;200;city70;379;187;city63;337;290;city246;328;156;city204;175;294;city249;274;420;city197;132;137;city171;275;303;city105;475;74;city210;328;301;city77
147;city294;448;433;city270;400;222;city104;256;41;city58;260;32;city285;454;449;city66;267;390;city157
163;city62;264;314;city144;142;493;city56;380;433;city184;371;45;city119;114;457;city82
125;city231;215;18;city166;463;59;city96;164;349;city111;212;343;city232;12;217;city254;51;414;city267;229;444;city218;265;105;city84;145;137;city115;484;237;city142;264;496;city167
132;city233;489;410;city139;21;358;city74;163;157;city289;167;34;city228;150;138;city162;378;116;city58;156;309;city111;386;388;city188;64;122;city256;120;324;city100;302;60;city291;429;313;city69;281;139;city152;81;448;city290;249;433;city199;130;168;city78;289;94;city262
161;city191;468;245;city233





132;city233;489;410;city139;21;358;city74;163;157;city289;167;34;city228;150;138;city162;378;116;city58;156;309;city111;386;388;city188;64;122;city256;120;324;city100;302;60;city291;429;313;city69;281;139;city152;81;448;city290;249;433;city199;130;168;city78;289;94;city262
156;city200;33;119;city137;261;350;city232;228;52;city112;370;46;city238;84;330;city172;230;244;city124;427;323;city149;351;383;city74;294;137;city245;257;29;city111;471;167;city290;77;455;city248;104;56;city194;484;78;city262;337;108;city135;14;102;city192;147;472;city85;384;420;city216
163;city62;264;314;city144;142;493;city56;380;433;city184;371;45;city119;114;457;city82
139;city96;328;210;city58

161;city191;468;245;city233
152;city214;445;459;city270;155;431;city287;272;232;city87;287;33;city121;324;478;city74
159;city155;253;41;city140;175;8;city187;432;72;city264;106;230;city190;364;353;city141;451;21;city89;426;264;city54;187;204;city277;8;461;city286;346;202;city83;296;243;city160
170;city230;427;76;city223;201;448;city232;97;256;city93;281;20;city296;398;151;city293;181;112;city262;466;141;city69;391;390;city271;188;269;city176;349;269;city144;489;12;city185;131;36;city134;268;255;city239;12;145;city89
171;city268;130;31;city212;108;180;city67;357;177;city270;182;207;city252;35;93;city76;308;74;city150;153;213;city153;163;76;city265;80;301;city77
153;city69;12;216;city296;199;322;city59;107;265;city128;305;90;city256;465;448;city240;371;333;city278;157;178;city181;183;60;city214

129;city232;385;4;city190;208;474;city74;392;323;city194;150;435;city268;198;150;city149;427;88;city293;197;197;city253;422;181;city69;286;116;city96;371;376;city56;136;331;city270;125;305;city222;247;77;city136;368;60;city218;328;26;city235;500;451;city93
125;city231;215;18;city166;463;59;city96;164;349;city111;212;343;city232;12;217;city254;51;414;city267;229;444;city218;265;105;city84;145;137;city115;484;237;city142;264;496;city167
149;city101;293;256;city227;3;498;city87;254;164;city164;24;411;city202;346;238;city76;179;410;city89;183;148;city228;337;108;city58;311;348;city95;210;267;city163;10;455;city160;243;386;city138;466;190;city168;442;337;city100
174;city205;139;423;city102;184;230;city50;8;255;city137;104;78;city261;312;12;city115;69;385;city148;235;158;city170;99;202;city217;417;490;city247;141;464;city71;24;42;city186

131;city150;149;205;city167;465;494;city116;397;46;city122;77;316;city108;39;49;city140;120;433;city176;443;2;city273;91;495;city74;499;103;city286;380;181;city270;34;191;city295;80;439;city202;478;432;city78;294;81;city112;325;185;city71;370;189;city120;346;86;city159;277;439;city208;384;218;city89
137;city211;208;28;city176;264;81;city213;233;278;city238
126;city254;500;248;city124;225;66;city57;286;350;city72;116;460;city233;66;324;city82;348;345;city81;13;341;city197;74;2;city87
160;city64;148;344;city132;237;396;city254;409;425;city59;145;364;city159;361;245;city174;403;412;city212;137;290;city271;245;110;city200;184;143;city297;137;400;city222;414;464;city242;500;332;city277;310;292;city101;378;204;city108;311;11;city296;351;178;city85
127;city183;493;303;city157;213;171;city231;262;212;city229;308;254;city236

155;city105;444;22;city203;201;89;city53;349;380;city151
155;city105;444;22;city203;201;89;city53;349;380;city151
164;city144;364;243;city150;231;151;city93;181;204;city181;273;124;city257;124;374;city227;113;260;city100;312;372;city284;60;80;city297;374;372;city66;27;426;city250
165;city68;208;56;city91;331;214;city165;176;10;city184;18;224;city82;173;294;city79;409;386;city126;489;122;city171;53;420;city152
153;city69;12;216;city296;199;322;city59;107;265;city128;305;90;city256;465;448;city240;371;333;city278;157;178;city181;183;60;city214
166;city297;374;368;city52;134;375;city154
132;city233;489;410;city139;21;358;city74;163;157;city289;167;34;city228;150;138;city162;378;116;city58;156;309;city111;386;388;city188;64;122;city256;120;324;city100;302;60;city291;429;313;city69;281;139;city152;81;448;city290;249;433;city199;130;168;city78;289;94;city262
165;city68;208;56;city91;331;214;city165;176;10;city184;18;224;city82;173;294;city79;409;386;city126;489;122;city171;53;420;city152

159;city155;253;41;city140;175;8;city187;432;1835;city264;106;230;city190;364;353;city141;451;21;city89;426;264;city54;187;204;city277;8;461;city286;346;202;city83;296;243;city160

137;city211;208;28;city176;264;81;city213;233;278;city238
157;city254;447;16;city239;406;208;city125;24;279;city240;335;469;city171;83;481;city269;210;129;city167;162;227;city110;483;90;city142;234;304;city289;395;37;city192;375;56;city212;284;96;city216
171;city268;130;31;city212;108;180;city67;357;177;city270;182;207;city252;35;93;city76;308;74;city150;153;213;city153;163;76;city265;80;301;city77
170;city230;427;76;city223;201;448;city232;97;256;city93;281;20;city296;398;151;city293;181;112;city262;466;141;city69;391;390;city271;188;269;city176;349;269;city144;489;12;city185;131;36;city134;268;255;city239;12;145;city89
132;city233;489;410;city139;21;358;city74;163;157;city289;167;34;city228;150;138;city162;378;116;city58;156;309;city111;386;388;city188;64;122;city256;120;324;city100;302;60;city291;429;313;city69;281;139;city152;81;448;city290;249;433;city199;130;168;city78;289;94;city262
143;city102;272;120;city196;113;208;city278;222;298;city109


162;city131;327;97;city73;227;209;city277;471;142;city189;404;81;city170
169;city275;109;469;city139;186;433;city244;264;309;city101;75;420;city80;217;159;city124;311;36;city288;357;12;city91;50;486;city282;68;344;city200;382;70;city118;108;297;city137;98;284;city126;385;22;city110;386;435;city206;373;327;city207;423;97;city176;23;229;city295;432;228;city148

165;city68;208;56;city91;331;214;city165;176;10;city184;18;224;city82;173;294;city79;409;386;city126;489;122;city171;53;420;city152

137;city211;208;28;city176;264;81;city213;233;278;city238
152;city214;445;459;city270;155;431;city287;272;232;city87;287;33;city121;324;478;city74
129;city232;385;4;city190;208;474;city74;392;323;city194;150;435;city268;198;150;city149;427;88;city293;197;197;city253;422;181;city69;286;116;city96;371;376;city56;136;331;city270;125;305;city222;247;77;city136;368;60;city218;328;26;city235;500;451;city93

140;city69;62;132;city299;328;207;city73;406;136;city267;440;453;city253;16;490;city217;58;281;city61;498;27;city281;260;97;city277;117;477;city81;336;370;city166;478;402;city265;94;95;city97;118;346;city52;389;415;city211;101;6;city243;457;163;city179;7;246;city221
169;city275;109;469;city139;186;433;city244;264;309;city101;75;420;city80;217;159;city124;311;36;city288;357;12;city91;50;486;city282;68;344;city200;382;70;city118;108;297;city137;98;284;city126;385;22;city110;386;435;city206;373;327;city207;423;97;city176;23;229;city295;432;228;city148
160;city64;148;344;city132;237;396;city254;409;425;city59;145;364;city159;361;245;city174;403;412;city212;137;290;city271;245;110;city200;184;143;city297;137;400;city222;414;464;city242;500;332;city277;310;292;city101;378;204;city108;311;11;city296;351;178;city85
126;city254;500;248;city124;225;66;city57;286;350;city72;116;460;city233;66;324;city82;348;345;city81;13;341;city197;74;2;city87
164;city144;364;243;city150;231;151;city93;181;204;city181;273;124;city257;124;374;city227;113;260;city100;312;372;city284;60;80;city297;374;372;city66;27;426;city250
158;city243;161;199;city150;427;443;city187;313;145;city124;51;253;city218;309;462;city109;337;34;city251;456;420;city291;464;95;city288;38;417;city96;190;390;city265;426;434;city164;88;310;city155;498;308;city297;93;289;city270;495;300;city274;354;277;city248;342;449;city221;382;453;city201

173;city275;454;257;city215;266;370;city184;242;312;city158;158;200;city80;156;434;city137;157;109;city130;21;434;city51;24;485;city225;341;363;city77;237;174;city253;257;162;city54
126;city254;500;248;city124;225;66;city57;286;350;city72;116;460;city233;66;324;city82;348;345;city81;13;341;city197;74;2;city87
134;city234;226;389;city284;468;55;city228;463;135;city169;94;200;city159;124;353;city170;91;287;city147;473;223;city188;163;354;city216;191;492;city115;91;189;city150;109;75;city90
149;city101;293;256;city227;3;498;city87;254;164;city164;24;411;city202;346;238;city76;179;410;city89;183;148;city228;337;108;city58;311;348;city95;210;267;city163;10;455;city160;243;386;city138;466;190;city168;442;337;city100
165;city68;208;56;city91;331;214;city165;176;10;city184;18;224;city82;173;294;city79;409;386;city126;489;122;city171;53;420;city152
126;city254;500;248;city124;225;66;city57;286;350;city72;116;460;city233;66;324;city82;348;345;city81;13;341;city197;74;2;city87

129;city232;385;4;city190;208;474;city74;392;323;city194;150;435;city268;198;150;city149;427;88;city293;197;197;city253;422;181;city69;286;116;city96;371;376;city56;136;331;city270;125;305;city222;247;77;city136;368;60;city218;328;26;city235;500;451;city93
129;city232;385;4;city190;208;474;city74;392;323;city194;150;435;city268;198;150;city149;427;88;city293;197;197;city253;422;181;city69;286;116;city96;371;376;city56;136;331;city270;125;305;city222;247;77;city136;368;60;city218;328;26;city235;500;451;city93
169;city275;109;469;city139;186;433;city244;264;309;city101;75;420;city80;217;159;city124;311;36;city288;357;12;city91;50;486;city282;68;344;city200;382;70;city118;108;297;city137;98;284;city126;385;22;city110;386;435;city206;373;327;city207;423;97;city176;23;229;city295;432;228;city148
143;city102;272;120;city196;113;208;city278;222;298;city109
171;city268;130;31;city212;108;180;city67;357;177;city270;182;207;city252;35;93;city76;308;74;city150;153;213;city153;163;76;city265;80;301;city77
145;city55;423;377;city83;139;478;city73;93;483;city95;496;130;city295;154;308;city99;194;353;city203;316;118;city150;353;376;city169;323;495;city93;227;457;city206;27;229;city82;385;46;city230
133;city76;345;459;city120;433;105;city210;129;345;city194;349;206;city99;370;209;city296;4;453;city98;452;207;city251;326;44;city160;24;441;city156;103;106;city92
148;city64;379;196;city120;363;221;city279;174;161;city168;437;139;city178;361;200;city222;365;97;city60
127;city183;493;303;city157;213;171;city231;262;212;city229;308;254;city236
146;city146;66;491;city95;361;328;city91
125;city231;215;18;city166;463;59;city96;164;349;city111;212;343;city232;12;217;city254;51;414;city267;229;444;city218;265;105;city84;145;137;city115;484;237;city142;264;496;city167
155;city105;444;22;city203;201;89;city53;349;380;city151
128;city132;313;489;city126;384;244;city106
154;city144;452;409;city64;316;14;city203;441;107;city116;2;5;city253;201;200;city70;379;187;city63;337;290;city246;328;156;city204;175;294;city249;274;420;city197;132;137;city171;275;303;city105;475;74;city210;328;301;city77
132;city233;489;410;city139;21;358;city74;163;157;city289;167;34;city228;150;138;city162;378;116;city58;156;309;city111;386;388;city188;64;122;city256;120;324;city100;302;60;city291;429;313;city69;281;139;city152;81;448;city290;249;433;city199;130;168;city78;289;94;city262
130;city83;382;291;city242;173;321;city179;389;336;city240;104;279;city169;100;278;city84;36;13;city105;420;388;city61;371;249;city127;327;338;city87;195;185;city281;171;422;city88;152;348;city146;321;32;city101;118;427;city173;363;46;city167;70;267;city184;495;224;city153
172;city140;479;85;city66;484;440;city247;107;26;city142;98;82;city181;29;441;city125;464;483;city79;403;117;city252;197;191;city144;66;431;city61;145;153;city191;69;328;city250;341;27;city194;471;301;city182;319;390;city123;269;418;city67;48;312;city180;391;113;city235;379;282;city268;416;276;city215
135;city187;257;154;city215;213;433;city53;190;369;city264;69;403;city205;304;341;city139;122;300;city283;302;236;city107;81;321;city254;429;492;city99;434;287;city293;46;40;city277;33;176;city222;71;467;city175;178;87;city182;14;459;city290
142;city206;458;479;city290;245;403;city234;165;219;city147;423;181;city214;374;399;city232;247;482;city266;29;286;city168;126;169;city181;10;199;city88
165;city68;208;56;city91;331;214;city165;176;10;city184;18;224;city82;173;294;city79;409;386;city126;489;122;city171;53;420;city152
168;city209;459;313;city203;320;493;city172;403;208;city149;372;362;city245;472;62;city198;339;112;city55
172;city140;479;85;city66;484;440;city247;107;26;city142;98;82;city181;29;441;city125;464;483;city79;403;117;city252;197;191;city144;66;431;city61;145;153;city191;69;328;city250;341;27;city194;471;301;city182;319;390;city123;269;418;city67;48;312;city180;391;113;city235;379;282;city268;416;276;city215
160;city64;148;344;city132;237;396;city254;409;425;city59;145;364;city159;361;245;city174;403;412;city212;137;290;city271;245;110;city200;184;143;city297;137;400;city222;414;464;city242;500;332;city277;310;292;city101;378;204;city108;311;11;city296;351;178;city85
146;city146;66;491;city95;361;328;city91
163;city62;264;314;city144;142;493;city56;380;433;city184;371;45;city119;114;457;city82
159;city155;253;41;city140;175;8;city187;432;1835;city264;106;230;city190;364;353;city141;451;21;city89;426;264;city54;187;204;city277;8;461;city286;346;202;city83;296;243;city160
128;city132;313;489;city126;384;244;city106
129;city232;385;4;city190;208;474;city74;392;323;city194;150;435;city268;198;150;city149;427;88;city293;197;197;city253;422;181;city69;286;116;city96;371;376;city56;136;331;city270;125;305;city222;247;77;city136;368;60;city218;328;26;city235;500;451;city93
166;city297;374;368;city52;134;375;city154
160;city64;148;344;city132;237;396;city254;409;425;city59;145;364;city159;361;245;city174;403;412;city212;137;290;city271;245;110;city200;184;143;city297;137;400;city222;414;464;city242;500;332;city277;310;292;city101;378;204;city108;311;11;city296;351;178;city85
147;city294;448;433;city270;400;222;city104;256;41;city58;260;32;city285;454;449;city66;267;390;city157
147;city294;448;433;city270;400;222;city104;256;41;city58;260;32;city285;454;449;city66;267;390;city157
164;city144;364;243;city150;231;151;city93;181;204;city181;273;124;city257;124;374;city227;113;260;city100;312;372;city284;60;80;city297;374;372;city66;27;426;city250
167;city97;191;496;city140;160;181;city297;33;201;city81;192;372;city296;93;394;city193
135;city187;257;154;city215;213;433;city53;190;369;city264;69;403;city205;304;341;city139;122;300;city283;302;236;city107;81;321;city254;429;492;city99;434;287;city293;46;40;city277;33;176;city222;71;467;city175;178;87;city182;14;459;city290
146;city146;66;491;city95;361;328;city91
153;city69;12;216;city296;199;322;city59;107;265;city128;305;90;city256;465;448;city240;371;333;city278;157;178;city181;183;60;city214
160;city64;148;344;city132;237;396;city254;409;425;city59;145;364;city159;361;245;city174;403;412;city212;137;290;city271;245;110;city200;184;143;city297;137;400;city222;414;464;city242;500;332;city277;310;292;city101;378;204;city108;311;11;city296;351;178;city85
163;city62;264;314;city144;142;493;city56;380;433;city184;371;45;city119;114;457;city82
151;city101;237;18;city169;102;5;city69;63;310;city83;438;203;city287;245;115;city78;485;367;city193;17;316;city80;98;89;city94;17;59;city272;143;341;city64;312;115;city73;424;431;city66;125;326;city298
136;city88;311;442;city231
127;city183;493;303;city157;213;171;city231;262;212;city229;308;254;city236
146;city146;66;491;city95;361;328;city91
173;city275;454;257;city215;266;370;city184;242;312;city158;158;200;city80;156;434;city137;157;109;city130;21;434;city51;24;485;city225;341;363;city77;237;174;city253;257;162;city54
153;city69;12;216;city296;199;322;city59;107;265;city128;305;90;city256;465;448;city240;371;333;city278;157;178;city181;183;60;city214
161;city191;468;245;city233
134;city234;226;389;city284;468;55;city228;463;135;city169;94;200;city159;124;353;city170;91;287;city147;473;223;city188;163;354;city216;191;492;city115;91;189;city150;109;75;city90
161;city191;468;245;city233
132;city233;489;410;city139;21;358;city74;163;157;city289;167;34;city228;150;138;city162;378;116;city58;156;309;city111;386;388;city188;64;122;city256;120;324;city100;302;60;city291;429;313;city69;281;139;city152;81;448;city290;249;433;city199;130;168;city78;289;94;city262
134;city234;226;389;city284;468;55;city228;463;135;city169;94;200;city159;124;353;city170;91;287;city147;473;223;city188;163;354;city216;191;492;city115;91;189;city150;109;75;city90
136;city88;311;442;city231
166;city297;374;368;city52;134;375;city154
130;city83;382;291;city242;173;321;city179;389;336;city240;104;279;city169;100;278;city84;36;13;city105;420;388;city61;371;249;city127;327;338;city87;195;185;city281;171;422;city88;152;348;city146;321;32;city101;118;427;city173;363;46;city167;70;267;city184;495;224;city153
171;city268;130;31;city212;108;180;city67;357;177;city270;182;207;city252;35;93;city76;308;74;city150;153;213;city153;163;76;city265;80;301;city77
164;city144;364;243;city150;231;151;city93;181;204;city181;273;124;city257;124;374;city227;113;260;city100;312;372;city284;60;80;city297;374;372;city66;27;426;city250
158;city243;161;199;city150;427;443;city187;313;145;city124;51;253;city218;309;462;city109;337;34;city251;456;420;city291;464;95;city288;38;417;city96;190;390;city265;426;434;city164;88;310;city155;498;308;city297;93;289;city270;495;300;city274;354;277;city248;342;449;city221;382;453;city201
174;city205;139;423;city102;184;230;city50;8;255;city137;104;78;city261;312;12;city115;69;385;city148;235;158;city170;99;202;city217;417;490;city247;141;464;city71;24;42;city186
167;city97;191;496;city140;160;181;city297;33;201;city81;192;372;city296;93;394;city193
155;city105;444;22;city203;201;89;city53;349;380;city151
133;city76;345;459;city120;433;105;city210;129;345;city194;349;206;city99;370;209;city296;4;453;city98;452;207;city251;326;44;city160;24;441;city156;103;106;city92
147;city294;448;433;city270;400;222;city104;256;41;city58;260;32;city285;454;449;city66;267;390;city157
150;city280;2;250;city70;326;218;city184;77;359;city147;48;385;city248;144;383;city254;446;7;city158;138;391;city50;365;208;city156;205;377;city288
152;city214;445;459;city270;155;431;city287;272;232;city87;287;33;city121;324;478;city74
147;city294;448;433;city270;400;222;city104;256;41;city58;260;32;city285;454;449;city66;267;390;city157
171;city268;130;31;city212;108;180;city67;357;177;city270;182;207;city252;35;93;city76;308;74;city150;153;213;city153;163;76;city265;80;301;city77
129;city232;385;4;city190;208;474;city74;392;323;city194;150;435;city268;198;150;city149;427;88;city293;197;197;city253;422;181;city69;286;116;city96;371;376;city56;136;331;city270;125;305;city222;247;77;city136;368;60;city218;328;26;city235;500;451;city93
135;city187;257;154;city215;213;433;city53;190;369;city264;69;403;city205;304;341;city139;122;300;city283;302;236;city107;81;321;city254;429;492;city99;434;287;city293;46;40;city277;33;176;city222;71;467;city175;178;87;city182;14;459;city290
168;city209;459;313;city203;320;493;city172;403;208;city149;372;362;city245;472;62;city198;339;112;city55
132;city233;489;410;city139;21;358;city74;163;157;city289;167;34;city228;150;138;city162;378;116;city58;156;309;city111;386;388;city188;64;122;city256;120;324;city100;302;60;city291;429;313;city69;281;139;city152;81;448;city290;249;433;city199;130;168;city78;289;94;city262
129;city232;385;4;city190;208;474;city74;392;323;city194;150;435;city268;198;150;city149;427;88;city293;197;197;city253;422;181;city69;286;116;city96;371;376;city56;136;331;city270;125;305;city222;247;77;city136;368;60;city218;328;26;city235;500;451;city93
162;city131;327;97;city73;227;209;city277;471;142;city189;404;81;city170
145;city55;423;377;city83;139;478;city73;93;483;city95;496;130;city295;154;308;city99;194;353;city203;316;118;city150;353;376;city169;323;495;city93;227;457;city206;27;229;city82;385;46;city230
134;city234;226;389;city284;468;55;city228;463;135;city169;94;200;city159;124;353;city170;91;287;city147;473;223;city188;163;354;city216;191;492;city115;91;189;city150;109;75;city90
136;city88;311;442;city231
170;city230;427;76;city223;201;448;city232;97;256;city93;281;20;city296;398;151;city293;181;112;city262;466;141;city69;391;390;city271;188;269;city176;349;269;city144;489;12;city185;131;36;city134;268;255;city239;12;145;city89
145;city55;423;377;city83;139;478;city73;93;483;city95;496;130;city295;154;308;city99;194;353;city203;316;118;city150;353;376;city169;323;495;city93;227;457;city206;27;229;city82;385;46;city230
139;city96;328;210;city58
135;city187;257;154;city215;213;433;city53;190;369;city264;69;403;city205;304;341;city139;122;300;city283;302;236;city107;81;321;city254;429;492;city99;434;287;city293;46;40;city277;33;176;city222;71;467;city175;178;87;city182;14;459;city290
171;city268;130;31;city212;108;180;city67;357;177;city270;182;207;city252;35;93;city76;308;74;city150;153;213;city153;163;76;city265;80;301;city77
159;city155;253;41;city140;175;8;city187;432;1835;city264;106;230;city190;364;353;city141;451;21;city89;426;264;city54;187;204;city277;8;461;city286;346;202;city83;296;243;city160
167;city97;191;496;city140;160;181;city297;33;201;city81;192;372;city296;93;394;city193

135;city187;257;154;city215;213;433;city53;190;369;city264;69;403;city205;304;341;city139;122;300;city283;302;236;city107;81;321;city254;429;492;city99;434;287;city293;46;40;city277;33;176;city222;71;467;city175;178;87;city182;14;459;city290
135;city187;257;154;city215;213;433;city53;190;369;city264;69;403;city205;304;341;city139;122;300;city283;302;236;city107;81;321;city254;429;492;city99;434;287;city293;46;40;city277;33;176;city222;71;467;city175;178;87;city182;14;459;city290
126;city254;500;248;city124;225;66;city57;286;350;city72;116;460;city233;66;324;city82;348;345;city81;13;341;city197;74;2;city87
152;city214;445;459;city270;155;431;city287;272;232;city87;287;33;city121;324;478;city74
161;city191;468;245;city233
145;city55;423;377;city83;139;478;city73;93;483;city95;496;130;city295;154;308;city99;194;353;city203;316;118;city150;353;376;city169;323;495;city93;227;457;city206;27;229;city82;385;46;city230
130;city83;382;291;city242;173;321;city179;389;336;city240;104;279;city169;100;278;city84;36;13;city105;420;388;city61;371;249;city127;327;338;city87;195;185;city281;171;422;city88;152;348;city146;321;32;city101;118;427;city173;363;46;city167;70;267;city184;495;224;city153
134;city234;226;389;city284;468;55;city228;463;135;city169;94;200;city159;124;353;city170;91;287;city147;473;223;city188;163;354;city216;191;492;city115;91;189;city150;109;75;city90
126;city254;500;248;city124;225;66;city57;286;350;city72;116;460;city233;66;324;city82;348;345;city81;13;341;city197;74;2;city87
139;city96;328;210;city58
162;city131;327;97;city73;227;209;city277;471;142;city189;404;81;city170
158;city243;161;199;city150;427;443;city187;313;145;city124;51;253;city218;309;462;city109;337;34;city251;456;420;city291;464;95;city288;38;417;city96;190;390;city265;426;434;city164;88;310;city155;498;308;city297;93;289;city270;495;300;city274;354;277;city248;342;449;city221;382;453;city201
127;city183;493;303;city157;213;171;city231;262;212;city229;308;254;city236
132;city233;489;410;city139;21;358;city74;163;157;city289;167;34;city228;150;138;city162;378;116;city58;156;309;city111;386;388;city188;64;122;city256;120;324;city100;302;60;city291;429;313;city69;281;139;city152;81;448;city290;249;433;city199;130;168;city78;289;94;city262
170;city230;427;76;city223;201;448;city232;97;256;city93;281;20;city296;398;151;city293;181;112;city262;466;141;city69;391;390;city271;188;269;city176;349;269;city144;489;12;city185;131;36;city134;268;255;city239;12;145;city89
153;city69;12;216;city296;199;322;city59;107;265;city128;305;90;city256;465;448;city240;371;333;city278;157;178;city181;183;60;city214
165;city68;208;56;city91;331;214;city165;176;10;city184;18;224;city82;173;294;city79;409;386;city126;489;122;city171;53;420;city152
135;city187;257;154;city215;213;433;city53;190;369;city264;69;403;city205;304;341;city139;122;300;city283;302;236;city107;81;321;city254;429;492;city99;434;287;city293;46;40;city277;33;176;city222;71;467;city175;178;87;city182;14;459;city290

137;city211;208;28;city176;264;81;city213;233;278;city238
130;city83;382;291;city242;173;321;city179;389;336;city240;104;279;city169;100;278;city84;36;13;city105;420;388;city61;371;249;city127;327;338;city87;195;185;city281;171;422;city88;152;348;city146;321;32;city101;118;427;city173;363;46;city167;70;267;city184;495;224;city153
136;city88;311;442;city231
131;city150;149;205;city167;465;494;city116;397;46;city122;77;316;city108;39;49;city140;120;433;city176;443;2;city273;91;495;city74;499;103;city286;380;181;city270;34;191;city295;80;439;city202;478;432;city78;294;81;city112;325;185;city71;370;189;city120;346;86;city159;277;439;city208;384;218;city89

127;city183;493;303;city157;213;171;city231;262;212;city229;308;254;city236
174;city205;139;423;city102;184;230;city50;8;255;city137;104;78;city261;312;12;city115;69;385;city148;235;158;city170;99;202;city217;417;490;city247;141;464;city71;24;42;city186
125;city231;215;18;city166;463;59;city96;164;349;city111;212;343;city232;12;217;city254;51;414;city267;229;444;city218;265;105;city84;145;137;city115;484;237;city142;264;496;city167
158;city243;161;199;city150;427;443;city187;313;145;city124;51;253;city218;309;462;city109;337;34;city251;456;420;city291;464;95;city288;38;417;city96;190;390;city265;426;434;city164;88;310;city155;498;308;city297;93;289;city270;495;300;city274;354;277;city248;342;449;city221;382;453;city201
169;city275;109;469;city139;186;433;city244;264;309;city101;75;420;city80;217;159;city124;311;36;city288;357;12;city91;50;486;city282;68;344;city200;382;70;city118;108;297;city137;98;284;city126;385;22;city110;386;435;city206;373;327;city207;423;97;city176;23;229;city295;432;228;city148
157;city254;447;16;city239;406;208;city125;24;279;city240;335;469;city171;83;481;city269;210;129;city167;162;227;city110;483;90;city142;234;304;city289;395;37;city192;375;56;city212;284;96;city216
170;city230;427;76;city223;201;448;city232;97;256;city93;281;20;city296;398;151;city293;181;112;city262;466;141;city69;391;390;city271;188;269;city176;349;269;city144;489;12;city185;131;36;city134;268;255;city239;12;145;city89
152;city214;445;459;city270;155;431;city287;272;232;city87;287;33;city121;324;478;city74
155;city105;444;22;city203;201;89;city53;349;380;city151
130;city83;382;291;city242;173;321;city179;389;336;city240;104;279;city169;100;278;city84;36;13;city105;420;388;city61;371;249;city127;327;338;city87;195;185;city281;171;422;city88;152;348;city146;321;32;city101;118;427;city173;363;46;city167;70;267;city184;495;224;city153
128;city132;313;489;city126;384;244;city106
167;city97;191;496;city140;160;181;city297;33;201;city81;192;372;city296;93;394;city193
139;city96;328;210;city58
136;city88;311;442;city231
128;city132;313;489;city126;384;244;city106
157;city254;447;16;city239;406;208;city125;24;279;city240;335;469;city171;83;481;city269;210;129;city167;162;227;city110;483;90;city142;234;304;city289;395;37;city192;375;56;city212;284;96;city216
157;city254;447;16;city239;406;208;city125;24;279;city240;335;469;city171;83;481;city269;210;129;city167;162;227;city110;483;90;city142;234;304;city289;395;37;city192;375;56;city212;284;96;city216
135;city187;257;154;city215;213;433;city53;190;369;city264;69;403;city205;304;341;city139;122;300;city283;302;236;city107;81;321;city254;429;492;city99;434;287;city293;46;40;city277;33;176;city222;71;467;city175;178;87;city182;14;459;city290
142;city206;458;479;city290;245;403;city234;165;219;city147;423;181;city214;374;399;city232;247;482;city266;29;286;city168;126;169;city181;10;199;city88
134;city234;226;389;city284;468;55;city228;463;135;city169;94;200;city159;124;353;city170;91;287;city147;473;223;city188;163;354;city216;191;492;city115;91;189;city150;109;75;city90
157;city254;447;16;city239;406;208;city125;24;279;city240;335;469;city171;83;481;city269;210;129;city167;162;227;city110;483;90;city142;234;304;city289;395;37;city192;375;56;city212;284;96;city216
147;city294;448;433;city270;400;222;city104;256;41;city58;260;32;city285;454;449;city66;267;390;city157
125;city231;215;18;city166;463;59;city96;164;349;city111;212;343;city232;12;217;city254;51;414;city267;229;444;city218;265;105;city84;145;137;city115;484;237;city142;264;496;city167
154;city144;452;409;city64;316;14;city203;441;107;city116;2;5;city253;201;200;city70;379;187;city63;337;290;city246;328;156;city204;175;294;city249;274;420;city197;132;137;city171;275;303;city105;475;74;city210;328;301;city77
135;city187;257;154;city215;213;433;city53;190;369;city264;69;403;city205;304;341;city139;122;300;city283;302;236;city107;81;321;city254;429;492;city99;434;287;city293;46;40;city277;33;176;city222;71;467;city175;178;87;city182;14;459;city290
145;city55;423;377;city83;139;478;city73;93;483;city95;496;130;city295;154;308;city99;194;353;city203;316;118;city150;353;376;city169;323;495;city93;227;457;city206;27;229;city82;385;46;city230
167;city97;191;496;city140;160;181;city297;33;201;city81;192;372;city296;93;394;city193
155;city105;444;22;city203;201;89;city53;349;380;city151
130;city83;382;291;city242;173;321;city179;389;336;city240;104;279;city169;100;278;city84;36;13;city105;420;388;city61;371;249;city127;327;338;city87;195;185;city281;171;422;city88;152;348;city146;321;32;city101;118;427;city173;363;46;city167;70;267;city184;495;224;city153
137;city211;208;28;city176;264;81;city213;233;278;city238
165;city68;208;56;city91;331;214;city165;176;10;city184;18;224;city82;173;294;city79;409;386;city126;489;122;city171;53;420;city152

129;city232;385;4;city190;208;474;city74;392;323;city194;150;435;city268;198;150;city149;427;88;city293;197;197;city253;422;181;city69;286;116;city96;371;376;city56;136;331;city270;125;305;city222;247;77;city136;368;60;city218;328;26;city235;500;451;city93
147;city294;448;433;city270;400;222;city104;256;41;city58;260;32;city285;454;449;city66;267;390;city157
141;city163;109;188;city276;319;496;city122;456;248;city216;185;285;city214;77;181;city167
157;city254;447;16;city239;406;208;city125;24;279;city240;335;469;city171;83;481;city269;210;129;city167;162;227;city110;483;90;city142;234;304;city289;395;37;city192;375;56;city212;284;96;city216
151;city101;237;18;city169;102;5;city69;63;310;city83;438;203;city287;245;115;city78;485;367;city193;17;316;city80;98;89;city94;17;59;city272;143;341;city64;312;115;city73;424;431;city66;125;326;city298
127;city183;493;303;city157;213;171;city231;262;212;city229;308;254;city236
160;city64;148;344;city132;237;396;city254;409;425;city59;145;364;city159;361;245;city174;403;412;city212;137;290;city271;245;110;city200;184;143;city297;137;400;city222;414;464;city242;500;332;city277;310;292;city101;378;204;city108;311;11;city296;351;178;city85
138;city276;286;495;city71;496;383;city148;221;435;city291;24;295;city141;377;110;city202;256;217;city167;292;139;city99;214;113;city238;294;203;city230;112;50;city67;213;5;city207;59;374;city90
137;city211;208;28;city176;264;81;city213;233;278;city238
148;city64;379;196;city120;363;221;city279;174;161;city168;437;139;city178;361;200;city222;365;97;city60
129;city232;385;4;city190;208;474;city74;392;323;city194;150;435;city268;198;150;city149;427;88;city293;197;197;city253;422;181;city69;286;116;city96;371;376;city56;136;331;city270;125;305;city222;247;77;city136;368;60;city218;328;26;city235;500;451;city93
148;city64;379;196;city120;363;221;city279;174;161;city168;437;139;city178;361;200;city222;365;97;city60
139;city96;328;210;city58
131;city150;149;205;city167;465;494;city116;397;46;city122;77;316;city108;39;49;city140;120;433;city176;443;2;city273;91;495;city74;499;103;city286;380;181;city270;34;191;city295;80;439;city202;478;432;city78;294;81;city112;325;185;city71;370;189;city120;346;86;city159;277;439;city208;384;218;city89
155;city105;444;22;city203;201;89;city53;349;380;city151
174;city205;139;423;city102;184;230;city50;8;255;city137;104;78;city261;312;12;city115;69;385;city148;235;158;city170;99;202;city217;417;490;city247;141;464;city71;24;42;city186
131;city150;149;205;city167;465;494;city116;397;46;city122;77;316;city108;39;49;city140;120;433;city176;443;2;city273;91;495;city74;499;103;city286;380;181;city270;34;191;city295;80;439;city202;478;432;city78;294;81;city112;325;185;city71;370;189;city120;346;86;city159;277;439;city208;384;218;city89
155;city105;444;22;city203;201;89;city53;349;380;city151
164;city144;364;243;city150;231;151;city93;181;204;city181;273;124;city257;124;374;city227;113;260;city100;312;372;city284;60;80;city297;374;372;city66;27;426;city250
163;city62;264;314;city144;142;493;city56;380;433;city184;371;45;city119;114;457;city82
147;city294;448;433;city270;400;222;city104;256;41;city58;260;32;city285;454;449;city66;267;390;city157
172;city140;479;85;city66;484;440;city247;107;26;city142;98;82;city181;29;441;city125;464;483;city79;403;117;city252;197;191;city144;66;431;city61;145;153;city191;69;328;city250;341;27;city194;471;301;city182;319;390;city123;269;418;city67;48;312;city180;391;113;city235;379;282;city268;416;276;city215
129;city232;385;4;city190;208;474;city74;392;323;city194;150;435;city268;198;150;city149;427;88;city293;197;197;city253;422;181;city69;286;116;city96;371;376;city56;136;331;city270;125;305;city222;247;77;city136;368;60;city218;328;26;city235;500;451;city93
165;city68;208;56;city91;331;214;city165;176;10;city184;18;224;city82;173;294;city79;409;386;city126;489;122;city171;53;420;city152
127;city183;493;303;city157;213;171;city231;262;212;city229;308;254;city236
174;city205;139;423;city102;184;230;city50;8;255;city137;104;78;city261;312;12;city115;69;385;city148;235;158;city170;99;202;city217;417;490;city247;141;464;city71;24;42;city186
173;city275;454;257;city215;266;370;city184;242;312;city158;158;200;city80;156;434;city137;157;109;city130;21;434;city51;24;485;city225;341;363;city77;237;174;city253;257;162;city54
135;city187;257;154;city215;213;433;city53;190;369;city264;69;403;city205;304;341;city139;122;300;city283;302;236;city107;81;321;city254;429;492;city99;434;287;city293;46;40;city277;33;176;city222;71;467;city175;178;87;city182;14;459;city290
136;city88;311;442;city231
142;city206;458;479;city290;245;403;city234;165;219;city147;423;181;city214;374;399;city232;247;482;city266;29;286;city168;126;169;city181;10;199;city88
159;city155;253;41;city140;175;8;city187;432;1835;city264;106;230;city190;364;353;city141;451;21;city89;426;264;city54;187;204;city277;8;461;city286;346;202;city83;296;243;city160
125;city231;215;18;city166;463;59;city96;164;349;city111;212;343;city232;12;217;city254;51;414;city267;229;444;city218;265;105;city84;145;137;city115;484;237;city142;264;496;city167
149;city101;293;256;city227;3;498;city87;254;164;city164;24;411;city202;346;238;city76;179;410;city89;183;148;city228;337;108;city58;311;348;city95;210;267;city163;10;455;city160;243;386;city138;466;190;city168;442;337;city100
142;city206;458;479;city290;245;403;city234;165;219;city147;423;181;city214;374;399;city232;247;482;city266;29;286;city168;126;169;city181;10;199;city88
132;city233;489;410;city139;21;358;city74;163;157;city289;167;34;city228;150;138;city162;378;116;city58;156;309;city111;386;388;city188;64;122;city256;120;324;city100;302;60;city291;429;313;city69;281;139;city152;81;448;city290;249;433;city199;130;168;city78;289;94;city262
131;city150;149;205;city167;465;494;city116;397;46;city122;77;316;city108;39;49;city140;120;433;city176;443;2;city273;91;495;city74;499;103;city286;380;181;city270;34;191;city295;80;439;city202;478;432;city78;294;81;city112;325;185;city71;370;189;city120;346;86;city159;277;439;city208;384;218;city89
138;city276;286;495;city71;496;383;city148;221;435;city291;24;295;city141;377;110;city202;256;217;city167;292;139;city99;214;113;city238;294;203;city230;112;50;city67;213;5;city207;59;374;city90

173;city275;454;257;city215;266;370;city184;242;312;city158;158;200;city80;156;434;city137;157;109;city130;21;434;city51;24;485;city225;341;363;city77;237;174;city253;257;162;city54
166;city297;374;368;city52;134;375;city154
133;city76;345;459;city120;433;105;city210;129;345;city194;349;206;city99;370;209;city296;4;453;city98;452;207;city251;326;44;city160;24;441;city156;103;106;city92
173;city275;454;257;city215;266;370;city184;242;312;city158;158;200;city80;156;434;city137;157;109;city130;21;434;city51;24;485;city225;341;363;city77;237;174;city253;257;162;city54
155;city105;444;22;city203;201;89;city53;349;380;city151
129;city232;385;4;city190;208;474;city74;392;323;city194;150;435;city268;198;150;city149;427;88;city293;197;197;city253;422;181;city69;286;116;city96;371;376;city56;136;331;city270;125;305;city222;247;77;city136;368;60;city218;328;26;city235;500;451;city93
130;city83;382;291;city242;173;321;city179;389;336;city240;104;279;city169;100;278;city84;36;13;city105;420;388;city61;371;249;city127;327;338;city87;195;185;city281;171;422;city88;152;348;city146;321;32;city101;118;427;city173;363;46;city167;70;267;city184;495;224;city153
169;city275;109;469;city139;186;433;city244;264;309;city101;75;420;city80;217;159;city124;311;36;city288;357;12;city91;50;486;city282;68;344;city200;382;70;city118;108;297;city137;98;284;city126;385;22;city110;386;435;city206;373;327;city207;423;97;city176;23;229;city295;432;228;city148
163;city62;264;314;city144;142;493;city56;380;433;city184;371;45;city119;114;457;city82
174;city205;139;423;city102;184;230;city50;8;255;city137;104;78;city261;312;12;city115;69;385;city148;235;158;city170;99;202;city217;417;490;city247;141;464;city71;24;42;city186
149;city101;293;256;city227;3;498;city87;254;164;city164;24;411;city202;346;238;city76;179;410;city89;183;148;city228;337;108;city58;311;348;city95;210;267;city163;10;455;city160;243;386;city138;466;190;city168;442;337;city100
126;city254;500;248;city124;225;66;city57;286;350;city72;116;460;city233;66;324;city82;348;345;city81;13;341;city197;74;2;city87
145;city55;423;377;city83;139;478;city73;93;483;city95;496;130;city295;154;308;city99;194;353;city203;316;118;city150;353;376;city169;323;495;city93;227;457;city206;27;229;city82;385;46;city230
152;city214;445;459;city270;155;431;city287;272;232;city87;287;33;city121;324;478;city74
168;city209;459;313;city203;320;493;city172;403;208;city149;372;362;city245;472;62;city198;339;112;city55
146;city146;66;491;city95;361;328;city91
162;city131;327;97;city73;227;209;city277;471;142;city189;404;81;city170
154;city144;452;409;city64;316;14;city203;441;107;city116;2;5;city253;201;200;city70;379;187;city63;337;290;city246;328;156;city204;175;294;city249;274;420;city197;132;137;city171;275;303;city105;475;74;city210;328;301;city77
143;city102;272;120;city196;113;208;city278;222;298;city109
154;city144;452;409;city64;316;14;city203;441;107;city116;2;5;city253;201;200;city70;379;187;city63;337;290;city246;328;156;city204;175;294;city249;274;420;city197;132;137;city171;275;303;city105;475;74;city210;328;301;city77
170;city230;427;76;city223;201;448;city232;97;256;city93;281;20;city296;398;151;city293;181;112;city262;466;141;city69;391;390;city271;188;269;city176;349;269;city144;489;12;city185;131;36;city134;268;255;city239;12;145;city89
143;city102;272;120;city196;113;208;city278;222;298;city109
149;city101;293;256;city227;3;498;city87;254;164;city164;24;411;city202;346;238;city76;179;410;city89;183;148;city228;337;108;city58;311;348;city95;210;267;city163;10;455;city160;243;386;city138;466;190;city168;442;337;city100
142;city206;458;479;city290;245;403;city234;165;219;city147;423;181;city214;374;399;city232;247;482;city266;29;286;city168;126;169;city181;10;199;city88
125;city231;215;18;city166;463;59;city96;164;349;city111;212;343;city232;12;217;city254;51;414;city267;229;444;city218;265;105;city84;145;137;city115;484;237;city142;264;496;city167
127;city183;493;303;city157;213;171;city231;262;212;city229;308;254;city236
152;city214;445;459;city270;155;431;city287;272;232;city87;287;33;city121;324;478;city74
173;city275;454;257;city215;266;370;city184;242;312;city158;158;200;city80;156;434;city137;157;109;city130;21;434;city51;24;485;city225;341;363;city77;237;174;city253;257;162;city54
170;city230;427;76;city223;201;448;city232;97;256;city93;281;20;city296;398;151;city293;181;112;city262;466;141;city69;391;390;city271;188;269;city176;349;269;city144;489;12;city185;131;36;city134;268;255;city239;12;145;city89
154;city144;452;409;city64;316;14;city203;441;107;city116;2;5;city253;201;200;city70;379;187;city63;337;290;city246;328;156;city204;175;294;city249;274;420;city197;132;137;city171;275;303;city105;475;74;city210;328;301;city77
173;city275;454;257;city215;266;370;city184;242;312;city158;158;200;city80;156;434;city137;157;109;city130;21;434;city51;24;485;city225;341;363;city77;237;174;city253;257;162;city54
159;city155;253;41;city140;175;8;city187;432;1835;city264;106;230;city190;364;353;city141;451;21;city89;426;264;city54;187;204;city277;8;461;city286;346;202;city83;296;243;city160
154;city144;452;409;city64;316;14;city203;441;107;city116;2;5;city253;201;200;city70;379;187;city63;337;290;city246;328;156;city204;175;294;city249;274;420;city197;132;137;city171;275;303;city105;475;74;city210;328;301;city77
146;city146;66;491;city95;361;328;city91
168;city209;459;313;city203;320;493;city172;403;208;city149;372;362;city245;472;62;city198;339;112;city55
159;city155;253;41;city140;175;8;city187;432;1835;city264;106;230;city190;364;353;city141;451;21;city89;426;264;city54;187;204;city277;8;461;city286;346;202;city83;296;243;city160
159;city155;253;41;city140;175;8;city187;432;1835;city264;106;230;city190;364;353;city141;451;21;city89;426;264;city54;187;204;city277;8;461;city286;346;202;city83;296;243;city160
155;city105;444;22;city203;201;89;city53;349;380;city151
138;city276;286;495;city71;496;383;city148;221;435;city291;24;295;city141;377;110;city202;256;217;city167;292;139;city99;214;113;city238;294;203;city230;112;50;city67;213;5;city207;59;374;city90
154;city144;452;409;city64;316;14;city203;441;107;city116;2;5;city253;201;200;city70;379;187;city63;337;290;city246;328;156;city204;175;294;city249;274;420;city197;132;137;city171;275;303;city105;475;74;city210;328;301;city77
150;city280;2;250;city70;326;218;city184;77;359;city147;48;385;city248;144;383;city254;446;7;city158;138;391;city50;365;208;city156;205;377;city288
169;city275;109;469;city139;186;433;city244;264;309;city101;75;420;city80;217;159;city124;311;36;city288;357;12;city91;50;486;city282;68;344;city200;382;70;city118;108;297;city137;98;284;city126;385;22;city110;386;435;city206;373;327;city207;423;97;city176;23;229;city295;432;228;city148
157;city254;447;16;city239;406;208;city125;24;279;city240;335;469;city171;83;481;city269;210;129;city167;162;227;city110;483;90;city142;234;304;city289;395;37;city192;375;56;city212;284;96;city216
144;city51;71;40;city155;3;382;city189
138;city276;286;495;city71;496;383;city148;221;435;city291;24;295;city141;377;110;city202;256;217;city167;292;139;city99;214;113;city238;294;203;city230;112;50;city67;213;5;city207;59;374;city90
166;city297;374;368;city52;134;375;city154
170;city230;427;76;city223;201;448;city232;97;256;city93;281;20;city296;398;151;city293;181;112;city262;466;141;city69;391;390;city271;188;269;city176;349;269;city144;489;12;city185;131;36;city134;268;255;city239;12;145;city89
142;city206;458;479;city290;245;403;city234;165;219;city147;423;181;city214;374;399;city232;247;482;city266;29;286;city168;126;169;city181;10;199;city88
128;city132;313;489;city126;384;244;city106
132;city233;489;410;city139;21;358;city74;163;157;city289;167;34;city228;150;138;city162;378;116;city58;156;309;city111;386;388;city188;64;122;city256;120;324;city100;302;60;city291;429;313;city69;281;139;city152;81;448;city290;249;433;city199;130;168;city78;289;94;city262
131;city150;149;205;city167;465;494;city116;397;46;city122;77;316;city108;39;49;city140;120;433;city176;443;2;city273;91;495;city74;499;103;city286;380;181;city270;34;191;city295;80;439;city202;478;432;city78;294;81;city112;325;185;city71;370;189;city120;346;86;city159;277;439;city208;384;218;city89
160;city64;148;344;city132;237;396;city254;409;425;city59;145;364;city159;361;245;city174;403;412;city212;137;290;city271;245;110;city200;184;143;city297;137;400;city222;414;464;city242;500;332;city277;310;292;city101;378;204;city108;311;11;city296;351;178;city85
162;city131;327;97;city73;227;209;city277;471;142;city189;404;81;city170
162;city131;327;97;city73;227;209;city277;471;142;city189;404;81;city170
129;city232;385;4;city190;208;474;city74;392;323;city194;150;435;city268;198;150;city149;427;88;city293;197;197;city253;422;181;city69;286;116;city96;371;376;city56;136;331;city270;125;305;city222;247;77;city136;368;60;city218;328;26;city235;500;451;city93
156;city200;33;119;city137;261;350;city232;228;52;city112;370;46;city238;84;330;city172;230;244;city124;427;323;city149;351;383;city74;294;137;city245;257;29;city111;471;167;city290;77;455;city248;104;56;city194;484;78;city262;337;108;city135;14;102;city192;147;472;city85;384;420;city216
154;city144;452;409;city64;316;14;city203;441;107;city116;2;5;city253;201;200;city70;379;187;city63;337;290;city246;328;156;city204;175;294;city249;274;420;city197;132;137;city171;275;303;city105;475;74;city210;328;301;city77
153;city69;12;216;city296;199;322;city59;107;265;city128;305;90;city256;465;448;city240;371;333;city278;157;178;city181;183;60;city214
161;city191;468;245;city233
137;city211;208;28;city176;264;81;city213;233;278;city238
168;city209;459;313;city203;320;493;city172;403;208;city149;372;362;city245;472;62;city198;339;112;city55
142;city206;458;479;city290;245;403;city234;165;219;city147;423;181;city214;374;399;city232;247;482;city266;29;286;city168;126;169;city181;10;199;city88
172;city140;479;85;city66;484;440;city247;107;26;city142;98;82;city181;29;441;city125;464;483;city79;403;117;city252;197;191;city144;66;431;city61;145;153;city191;69;328;city250;341;27;city194;471;301;city182;319;390;city123;269;418;city67;48;312;city180;391;113;city235;379;282;city268;416;276;city215
151;city101;237;18;city169;102;5;city69;63;310;city83;438;203;city287;245;115;city78;485;367;city193;17;316;city80;98;89;city94;17;59;city272;143;341;city64;312;115;city73;424;431;city66;125;326;city298
133;city76;345;459;city120;433;105;city210;129;345;city194;349;206;city99;370;209;city296;4;453;city98;452;207;city251;326;44;city160;24;441;city156;103;106;city92
171;city268;130;31;city212;108;180;city67;357;177;city270;182;207;city252;35;93;city76;308;74;city150;153;213;city153;163;76;city265;80;301;city77
157;city254;447;16;city239;406;208;city125;24;279;city240;335;469;city171;83;481;city269;210;129;city167;162;227;city110;483;90;city142;234;304;city289;395;37;city192;375;56;city212;284;96;city216
144;city51;71;40;city155;3;382;city189
158;city243;161;199;city150;427;443;city187;313;145;city124;51;253;city218;309;462;city109;337;34;city251;456;420;city291;464;95;city288;38;417;city96;190;390;city265;426;434;city164;88;310;city155;498;308;city297;93;289;city270;495;300;city274;354;277;city248;342;449;city221;382;453;city201
130;city83;382;291;city242;173;321;city179;389;336;city240;104;279;city169;100;278;city84;36;13;city105;420;388;city61;371;249;city127;327;338;city87;195;185;city281;171;422;city88;152;348;city146;321;32;city101;118;427;city173;363;46;city167;70;267;city184;495;224;city153
143;city102;272;120;city196;113;208;city278;222;298;city109
132;city233;489;410;city139;21;358;city74;163;157;city289;167;34;city228;150;138;city162;378;116;city58;156;309;city111;386;388;city188;64;122;city256;120;324;city100;302;60;city291;429;313;city69;281;139;city152;81;448;city290;249;433;city199;130;168;city78;289;94;city262
140;city69;62;132;city299;328;207;city73;406;136;city267;440;453;city253;16;490;city217;58;281;city61;498;27;city281;260;97;city277;117;477;city81;336;370;city166;478;402;city265;94;95;city97;118;346;city52;389;415;city211;101;6;city243;457;163;city179;7;246;city221
126;city254;500;248;city124;225;66;city57;286;350;city72;116;460;city233;66;324;city82;348;345;city81;13;341;city197;74;2;city87
165;city68;208;56;city91;331;214;city165;176;10;city184;18;224;city82;173;294;city79;409;386;city126;489;122;city171;53;420;city152
172;city140;479;85;city66;484;440;city247;107;26;city142;98;82;city181;29;441;city125;464;483;city79;403;117;city252;197;191;city144;66;431;city61;145;153;city191;69;328;city250;341;27;city194;471;301;city182;319;390;city123;269;418;city67;48;312;city180;391;113;city235;379;282;city268;416;276;city215
156;city200;33;119;city137;261;350;city232;228;52;city112;370;46;city238;84;330;city172;230;244;city124;427;323;city149;351;383;city74;294;137;city245;257;29;city111;471;167;city290;77;455;city248;104;56;city194;484;78;city262;337;108;city135;14;102;city192;147;472;city85;384;420;city216
172;city140;479;85;city66;484;440;city247;107;26;city142;98;82;city181;29;441;city125;464;483;city79;403;117;city252;197;191;city144;66;431;city61;145;153;city191;69;328;city250;341;27;city194;471;301;city182;319;390;city123;269;418;city67;48;312;city180;391;113;city235;379;282;city268;416;276;city215
147;city294;448;433;city270;400;222;city104;256;41;city58;260;32;city285;454;449;city66;267;390;city157
174;city205;139;423;city102;184;230;city50;8;255;city137;104;78;city261;312;12;city115;69;385;city148;235;158;city170;99;202;city217;417;490;city247;141;464;city71;24;42;city186
134;city234;226;389;city284;468;55;city228;463;135;city169;94;200;city159;124;353;city170;91;287;city147;473;223;city188;163;354;city216;191;492;city115;91;189;city150;109;75;city90
