ERROR 2
ERROR 7
ERROR 14
ERROR 18
ERROR 22
ERROR 23
ERROR 24
ERROR 25
ERROR 29
ERROR 31
ERROR 32
ERROR 33
ERROR 35
ERROR 36
ERROR 40
ERROR 41
ERROR 45
ERROR 47
ERROR 49
ERROR 55
ERROR 56
ERROR 57
ERROR 59
ERROR 60
ERROR 61
ERROR 62
ERROR 64
ERROR 71
ERROR 72
ERROR 74
ERROR 77
ERROR 78
ERROR 79
ERROR 80
ERROR 82
ERROR 84
ERROR 86
ERROR 87
ERROR 88
ERROR 89
ERROR 92
ERROR 93
ERROR 95
ERROR 96
ERROR 98
ERROR 101
ERROR 103
ERROR 104
ERROR 107
ERROR 109
ERROR 111
ERROR 112
ERROR 113
ERROR 114
ERROR 116
ERROR 117
ERROR 118
ERROR 119
ERROR 123
ERROR 125
ERROR 128
ERROR 130
ERROR 131
ERROR 132
ERROR 135
ERROR 140
ERROR 142
ERROR 149
ERROR 154
ERROR 156
ERROR 157
ERROR 158
ERROR 160
ERROR 163
ERROR 164
ERROR 166
ERROR 167
ERROR 168
ERROR 170
ERROR 173
ERROR 179
ERROR 180
ERROR 186
ERROR 188
ERROR 190
ERROR 192
ERROR 193
ERROR 195
ERROR 196
ERROR 197
ERROR 203
ERROR 204
ERROR 205
ERROR 206
ERROR 214
ERROR 215
ERROR 216
ERROR 218
ERROR 219
ERROR 220
ERROR 221
ERROR 225
ERROR 226
ERROR 227
ERROR 234
ERROR 235
ERROR 236
ERROR 241
ERROR 244
ERROR 249
ERROR 250
ERROR 253
ERROR 254
ERROR 255
ERROR 256
ERROR 257
ERROR 261
ERROR 263
ERROR 266
ERROR 267
ERROR 269
ERROR 270
ERROR 272
ERROR 273
ERROR 274
ERROR 275
ERROR 277
ERROR 281
ERROR 284
ERROR 286
ERROR 287
ERROR 295
ERROR 297
ERROR 299
ERROR 300
ERROR 302
ERROR 305
ERROR 306
ERROR 307
ERROR 308
ERROR 309
ERROR 311
ERROR 312
ERROR 313
ERROR 314
ERROR 315
ERROR 316
ERROR 318
ERROR 320
ERROR 324
ERROR 325
ERROR 330
ERROR 334
ERROR 335
ERROR 336
ERROR 338
ERROR 341
ERROR 351
ERROR 352
ERROR 353
ERROR 354
ERROR 355
ERROR 358
ERROR 359
ERROR 361
ERROR 363
ERROR 364
ERROR 365
ERROR 366
ERROR 368
ERROR 372
ERROR 373
ERROR 374
ERROR 375
ERROR 377
ERROR 378
ERROR 382
ERROR 385
ERROR 386
ERROR 387
ERROR 395
ERROR 396
ERROR 401
ERROR 405
ERROR 407
ERROR 408
ERROR 409
ERROR 410
ERROR 411
ERROR 412
ERROR 414
ERROR 420
ERROR 421
ERROR 422
ERROR 423
ERROR 426
ERROR 427
ERROR 428
ERROR 430
ERROR 434
ERROR 435
ERROR 438
ERROR 440
ERROR 443
ERROR 447
ERROR 448
ERROR 449
ERROR 452
ERROR 454
ERROR 457
ERROR 458
ERROR 459
ERROR 461
ERROR 467
ERROR 468
ERROR 470
ERROR 471
ERROR 472
ERROR 474
ERROR 476
ERROR 478
ERROR 479
ERROR 483
ERROR 484
ERROR 486
ERROR 489
ERROR 492
ERROR 493
ERROR 494
ERROR 495
ERROR 496
ERROR 499
ERROR 500
ERROR 501
ERROR 504
ERROR 507
ERROR 510
ERROR 511
ERROR 513
ERROR 514
ERROR 516
ERROR 521
ERROR 522
ERROR 523
ERROR 530
ERROR 531
ERROR 532
ERROR 533
ERROR 534
ERROR 535
ERROR 536
ERROR 539
ERROR 540
ERROR 541
ERROR 543
ERROR 544
ERROR 545
ERROR 548
ERROR 549
ERROR 551
ERROR 553
ERROR 554
ERROR 555
ERROR 556
ERROR 557
ERROR 558
ERROR 562
ERROR 563
ERROR 564
ERROR 565
ERROR 566
ERROR 567
ERROR 568
ERROR 569
ERROR 570
ERROR 571
ERROR 574
ERROR 575
ERROR 577
ERROR 578
ERROR 580
ERROR 584
ERROR 585
ERROR 586
ERROR 587
ERROR 588
ERROR 594
ERROR 595
ERROR 596
ERROR 599
ERROR 600
ERROR 601
ERROR 604
ERROR 605
ERROR 606
ERROR 607
ERROR 608
ERROR 609
ERROR 610
ERROR 611
ERROR 612
ERROR 615
ERROR 616
ERROR 617
ERROR 619
ERROR 621
ERROR 622
ERROR 624
ERROR 625
ERROR 626
ERROR 629
ERROR 632
ERROR 634
ERROR 635
ERROR 637
ERROR 638
ERROR 641
ERROR 643
ERROR 644
ERROR 647
ERROR 648
ERROR 650
ERROR 651
ERROR 654
ERROR 658
ERROR 662
ERROR 665
ERROR 673
ERROR 674
ERROR 675
ERROR 676
ERROR 679
ERROR 680
ERROR 684
ERROR 685
ERROR 686
ERROR 687
ERROR 688
ERROR 690
ERROR 693
ERROR 695
ERROR 696
ERROR 697
ERROR 698
ERROR 699
ERROR 702
ERROR 703
