










153;city162;128;42;city289;341;78;city258;74;494;city73;115;286;city63;475;26;city119;201;197;city151
158;city152;467;260;city143;378;137;city249;125;11;city226;189;129;city165;153;174;city54;231;323;city108;124;187;city194;244;481;city167
156;city174;306;172;city269;288;377;city220;205;376;city53;67;327;city177;385;99;city182;252;205;city288;372;112;city279;349;298;city119;354;208;city84;195;480;city281;142;257;city202;130;64;city248;265;488;city225;473;486;city184;393;262;city261;349;331;city253;62;410;city124;395;343;city205;40;497;city94



174;city59;11;62;city177;256;213;city228;363;9;city104;142;160;city204;403;326;city176;299;155;city167;114;152;city295;28;237;city235;47;314;city192;38;103;city274;164;267;city99;354;482;city210;57;84;city150;325;411;city123;292;179;city243
153;city162;128;42;city289;341;78;city258;74;494;city73;115;286;city63;475;26;city119;201;197;city151
158;city152;467;260;city143;378;137;city249;125;11;city226;189;129;city165;153;174;city54;231;323;city108;124;187;city194;244;481;city167

143;city51;252;420;city124;37;26;city71;295;455;city173;318;176;city109;129;495;city268;325;259;city253;494;135;city154;170;349;city113;30;9;city129;26;323;city86;180;326;city160;335;130;city125;320;253;city221;338;192;city229;409;165;city267;311;268;city278;33;198;city156;162;386;city218





125;city251;160;199;city91;200;217;city176;414;220;city246;160;218;city101;318;307;city143;314;414;city87;367;393;city147;487;216;city226;378;79;city62;344;194;city202;227;107;city131;395;146;city247;370;164;city198;407;106;city144;67;69;city140;185;447;city64;491;263;city97;407;89;city290
160;city234;188;148;city87;456;149;city145;295;208;city243;163;139;city68;119;78;city176;3;264;city280;17;143;city274
172;city121;418;373;city155;179;52;city50;300;430;city69;230;141;city236;50;115;city166;88;334;city165;253;340;city210;393;362;city94;2;457;city139;65;89;city157;473;345;city151;392;193;city197;23;219;city185;87;488;city251;100;16;city258;362;332;city244
129;city118;62;330;city60;455;477;city163;448;289;city89;474;383;city68;287;286;city95;125;350;city190;28;242;city269;294;413;city55;164;218;city254;77;189;city193;378;234;city65;416;386;city139
150;city278;386;436;city172;89;359;city103;451;366;city167
155;city85;356;429;city195;351;212;city104;258;194;city93;469;29;city215;123;251;city144;71;260;city79
135;city237;169;395;city74;108;260;city60;229;40;city231;369;428;city278;348;50;city90;222;120;city94;81;289;city202;39;177;city164;398;403;city266;205;377;city51

129;city118;62;330;city60;455;477;city163;448;289;city89;474;383;city68;287;286;city95;125;350;city190;28;242;city269;294;413;city55;164;218;city254;77;189;city193;378;234;city65;416;386;city139

134;city88;99;470;city63;124;101;city132;262;96;city280
128;city122;152;444;city243;488;464;city59;81;49;city83;432;83;city262;436;431;city229
174;city59;11;62;city177;256;213;city228;363;9;city104;142;160;city204;403;326;city176;299;155;city167;114;152;city295;28;237;city235;47;314;city192;38;103;city274;164;267;city99;354;482;city210;57;84;city150;325;411;city123;292;179;city243


125;city251;160;199;city91;200;217;city176;414;220;city246;160;218;city101;318;307;city143;314;414;city87;367;393;city147;487;216;city226;378;79;city62;344;194;city202;227;107;city131;395;146;city247;370;164;city198;407;106;city144;67;69;city140;185;447;city64;491;263;city97;407;89;city290
153;city162;128;42;city289;341;78;city258;74;494;city73;115;286;city63;475;26;city119;201;197;city151
134;city88;99;470;city63;124;101;city132;262;96;city280
156;city174;306;172;city269;288;377;city220;205;376;city53;67;327;city177;385;99;city182;252;205;city288;372;112;city279;349;298;city119;354;208;city84;195;480;city281;142;257;city202;130;64;city248;265;488;city225;473;486;city184;393;262;city261;349;331;city253;62;410;city124;395;343;city205;40;497;city94
143;city51;252;420;city124;37;26;city71;295;455;city173;318;176;city109;129;495;city268;325;259;city253;494;135;city154;170;349;city113;30;9;city129;26;323;city86;180;326;city160;335;130;city125;320;253;city221;338;192;city229;409;165;city267;311;268;city278;33;198;city156;162;386;city218
135;city237;169;395;city74;108;260;city60;229;40;city231;369;428;city278;348;50;city90;222;120;city94;81;289;city202;39;177;city164;398;403;city266;205;377;city51

141;city261;214;318;city226;123;371;city283;253;305;city157;497;259;city76;131;224;city50;179;388;city245;64;264;city237;324;340;city279;385;334;city139;205;229;city238;103;47;city179;417;351;city190;225;341;city128;56;147;city95;405;439;city165;296;359;city154
154;city115;479;127;city100;349;3;city110;400;455;city86;30;467;city214;328;141;city275




125;city251;160;199;city91;200;217;city176;414;220;city246;160;218;city101;318;307;city143;314;414;city87;367;393;city147;487;216;city226;378;79;city62;344;194;city202;227;107;city131;395;146;city247;370;164;city198;407;106;city144;67;69;city140;185;447;city64;491;263;city97;407;89;city290
135;city237;169;395;city74;108;260;city60;229;40;city231;369;428;city278;348;50;city90;222;120;city94;81;289;city202;39;177;city164;398;403;city266;205;377;city51
164;city98;31;265;city207;183;58;city178;17;481;city261;349;108;city193;171;487;city280;469;328;city250;328;425;city208;500;221;city53;288;214;city58;206;103;city174;404;81;city198;404;356;city137;497;50;city74;354;281;city68;41;361;city274;489;245;city265;29;499;city189
160;city234;188;148;city87;456;149;city145;295;208;city243;163;139;city68;119;78;city176;3;264;city280;17;143;city274

164;city98;31;265;city207;183;58;city178;17;481;city261;349;108;city193;171;487;city280;469;328;city250;328;425;city208;500;221;city53;288;214;city58;206;103;city174;404;81;city198;404;356;city137;497;50;city74;354;281;city68;41;361;city274;489;245;city265;29;499;city189
141;city261;214;318;city226;123;371;city283;253;305;city157;497;259;city76;131;224;city50;179;388;city245;64;264;city237;324;340;city279;385;334;city139;205;229;city238;103;47;city179;417;351;city190;225;341;city128;56;147;city95;405;439;city165;296;359;city154
134;city88;99;470;city63;124;101;city132;262;96;city280
157;city248;244;478;city186;33;243;city63;343;408;city205;406;394;city104;453;213;city91;427;203;city287;339;44;city179;75;112;city119;7;181;city276;328;107;city168;395;270;city167;359;351;city192
150;city278;386;436;city172;89;359;city103;451;366;city167
154;city115;479;127;city100;349;3;city110;400;455;city86;30;467;city214;328;141;city275

153;city162;128;42;city289;341;78;city258;74;494;city73;115;286;city63;475;26;city119;201;197;city151
128;city122;152;444;city243;488;464;city59;81;49;city83;432;83;city262;436;431;city229
132;city234;350;318;city200;473;480;city123;417;161;city138;141;464;city175;410;128;city182;149;177;city151;69;180;city141;189;162;city156;99;391;city86;68;32;city291;321;132;city107;339;41;city164;456;468;city120;71;418;city189

144;city257;139;376;city210;424;52;city78;320;433;city295;312;109;city77;205;492;city113;443;251;city186;412;69;city296
128;city122;152;444;city243;488;464;city59;81;49;city83;432;83;city262;436;431;city229
149;city225;93;46;city167;400;237;city81;355;23;city70;302;30;city176;35;187;city97;482;377;city142;293;312;city164;91;452;city236;213;210;city277;37;185;city293
144;city257;139;376;city210;424;52;city78;320;433;city295;312;109;city77;205;492;city113;443;251;city186;412;69;city296
170;city299;145;461;city221;426;353;city148;267;182;city286;376;155;city64;83;333;city75;249;248;city212;315;48;city263;476;88;city74;271;96;city145;284;29;city120;229;447;city170;484;199;city298;65;118;city103;170;235;city203;96;290;city219;273;145;city165
174;city59;11;62;city177;256;213;city228;363;9;city104;142;160;city204;403;326;city176;299;155;city167;114;152;city295;28;237;city235;47;314;city192;38;103;city274;164;267;city99;354;482;city210;57;84;city150;325;411;city123;292;179;city243
153;city162;128;42;city289;341;78;city258;74;494;city73;115;286;city63;475;26;city119;201;197;city151
170;city299;145;461;city221;426;353;city148;267;182;city286;376;155;city64;83;333;city75;249;248;city212;315;48;city263;476;88;city74;271;96;city145;284;29;city120;229;447;city170;484;199;city298;65;118;city103;170;235;city203;96;290;city219;273;145;city165

139;city65;267;175;city296;147;161;city170;302;311;city160;344;395;city163;395;397;city117;213;249;city71;297;366;city99;117;205;city115
167;city58;216;173;city83;58;273;city294;469;101;city185;430;35;city191
152;city250;292;268;city164;446;137;city269;294;197;city215
130;city247;447;26;city119;374;406;city251;351;19;city50;246;377;city55;484;122;city212;100;280;city98;276;223;city292;102;209;city127;79;282;city88;117;266;city79;476;295;city62;242;407;city206;213;127;city162;294;5;city282;347;174;city234
156;city174;306;172;city269;288;377;city220;205;376;city53;67;327;city177;385;99;city182;252;205;city288;372;112;city279;349;298;city119;354;208;city84;195;480;city281;142;257;city202;130;64;city248;265;488;city225;473;486;city184;393;262;city261;349;331;city253;62;410;city124;395;343;city205;40;497;city94

161;city272;17;184;city176;130;415;city223;450;329;city90
147;city118;198;414;city141;221;199;city283;331;464;city252;308;264;city154
126;city229;137;346;city219;181;378;city291
132;city234;350;318;city200;473;480;city123;417;161;city138;141;464;city175;410;128;city182;149;177;city151;69;180;city141;189;162;city156;99;391;city86;68;32;city291;321;132;city107;339;41;city164;456;468;city120;71;418;city189
170;city299;145;461;city221;426;353;city148;267;182;city286;376;155;city64;83;333;city75;249;248;city212;315;48;city263;476;88;city74;271;96;city145;284;29;city120;229;447;city170;484;199;city298;65;118;city103;170;235;city203;96;290;city219;273;145;city165

146;city248;443;489;city273
174;city59;11;62;city177;256;213;city228;363;9;city104;142;160;city204;403;326;city176;299;155;city167;114;152;city295;28;237;city235;47;314;city192;38;103;city274;164;267;city99;354;482;city210;57;84;city150;325;411;city123;292;179;city243
135;city237;169;395;city74;108;260;city60;229;40;city231;369;428;city278;348;50;city90;222;120;city94;81;289;city202;39;177;city164;398;403;city266;205;377;city51
128;city122;152;444;city243;488;464;city59;81;49;city83;432;83;city262;436;431;city229
164;city98;31;265;city207;183;58;city178;17;481;city261;349;108;city193;171;487;city280;469;328;city250;328;425;city208;500;221;city53;288;214;city58;206;103;city174;404;81;city198;404;356;city137;497;50;city74;354;281;city68;41;361;city274;489;245;city265;29;499;city189


173;city134;62;485;city70;468;300;city282;222;310;city69;288;205;city60
172;city121;418;373;city155;179;52;city50;300;430;city69;230;141;city236;50;115;city166;88;334;city165;253;340;city210;393;362;city94;2;457;city139;65;89;city157;473;345;city151;392;193;city197;23;219;city185;87;488;city251;100;16;city258;362;332;city244
136;city136;488;326;city103
133;city179;336;266;city271;18;263;city59;450;323;city195;377;340;city198;221;429;city210;474;268;city196;128;221;city162;241;165;city228;163;281;city212;201;471;city118;331;211;city120;427;238;city149;60;141;city144;53;379;city137;487;41;city107;345;282;city238;208;7;city206
162;city280;102;294;city239;46;384;city192;43;491;city170;333;429;city99;478;50;city251;229;146;city158;484;397;city199;387;469;city63;265;276;city255;199;62;city114;301;107;city58;18;278;city126;69;28;city156;216;204;city61
134;city88;99;470;city63;124;101;city132;262;96;city280
135;city237;169;395;city74;108;260;city60;229;40;city231;369;428;city278;348;50;city90;222;120;city94;81;289;city202;39;177;city164;398;403;city266;205;377;city51
167;city58;216;173;city83;58;273;city294;469;101;city185;430;35;city191
128;city122;152;444;city243;488;464;city59;81;49;city83;432;83;city262;436;431;city229
129;city118;62;330;city60;455;477;city163;448;289;city89;474;383;city68;287;286;city95;125;350;city190;28;242;city269;294;413;city55;164;218;city254;77;189;city193;378;234;city65;416;386;city139
126;city229;137;346;city219;181;378;city291
153;city162;128;42;city289;341;78;city258;74;494;city73;115;286;city63;475;26;city119;201;197;city151
165;city87;329;355;city67;57;380;city76;435;194;city108;124;455;city233;158;294;city169
160;city234;188;148;city87;456;149;city145;295;208;city243;163;139;city68;119;78;city176;3;264;city280;17;143;city274
155;city85;356;429;city195;351;212;city104;258;194;city93;469;29;city215;123;251;city144;71;260;city79
147;city118;198;414;city141;221;199;city283;331;464;city252;308;264;city154
170;city299;145;461;city221;426;353;city148;267;182;city286;376;155;city64;83;333;city75;249;248;city212;315;48;city263;476;88;city74;271;96;city145;284;29;city120;229;447;city170;484;199;city298;65;118;city103;170;235;city203;96;290;city219;273;145;city165
128;city122;152;444;city243;488;464;city59;81;49;city83;432;83;city262;436;431;city229
138;city189;142;268;city175;263;498;city81;26;468;city221;43;207;city180;359;212;city249;186;3;city164;95;146;city218;21;211;city296;45;61;city214
147;city118;198;414;city141;221;199;city283;331;464;city252;308;264;city154
154;city115;479;127;city100;349;3;city110;400;455;city86;30;467;city214;328;141;city275
169;city172;79;461;city286;66;68;city222;471;249;city247;334;317;city155;356;476;city65;149;421;city186;435;346;city164;159;178;city191;93;78;city95;169;153;city258;39;299;city249;431;191;city207;119;428;city143;238;465;city279;152;74;city80;28;282;city138;385;483;city250
131;city125;94;410;city175;4;403;city183;173;467;city96;272;223;city83;214;366;city76;337;119;city123;406;133;city136;228;377;city176;198;47;city107;27;377;city139;365;21;city271;338;451;city253;116;163;city70;392;145;city111;320;148;city234;192;351;city71
137;city181;490;390;city285;378;5;city288;183;205;city222
153;city162;128;42;city289;341;78;city258;74;494;city73;115;286;city63;475;26;city119;201;197;city151
125;city251;160;199;city91;200;217;city176;414;220;city246;160;218;city101;318;307;city143;314;414;city87;367;393;city147;487;216;city226;378;79;city62;344;194;city202;227;107;city131;395;146;city247;370;164;city198;407;106;city144;67;69;city140;185;447;city64;491;263;city97;407;89;city290

135;city237;169;395;city74;108;260;city60;229;40;city231;369;428;city278;348;50;city90;222;120;city94;81;289;city202;39;177;city164;398;403;city266;205;377;city51
157;city248;244;478;city186;33;243;city63;343;408;city205;406;394;city104;453;213;city91;427;203;city287;339;44;city179;75;112;city119;7;181;city276;328;107;city168;395;270;city167;359;351;city192
143;city51;252;420;city124;37;26;city71;295;455;city173;318;176;city109;129;495;city268;325;259;city253;494;135;city154;170;349;city113;30;9;city129;26;323;city86;180;326;city160;335;130;city125;320;253;city221;338;192;city229;409;165;city267;311;268;city278;33;198;city156;162;386;city218
170;city299;145;461;city221;426;353;city148;267;182;city286;376;155;city64;83;333;city75;249;248;city212;315;48;city263;476;88;city74;271;96;city145;284;29;city120;229;447;city170;484;199;city298;65;118;city103;170;235;city203;96;290;city219;273;145;city165
130;city247;447;26;city119;374;406;city251;351;19;city50;246;377;city55;484;122;city212;100;280;city98;276;223;city292;102;209;city127;79;282;city88;117;266;city79;476;295;city62;242;407;city206;213;127;city162;294;5;city282;347;174;city234
173;city134;62;485;city70;468;300;city282;222;310;city69;288;205;city60
160;city234;188;148;city87;456;149;city145;295;208;city243;163;139;city68;119;78;city176;3;264;city280;17;143;city274
164;city98;31;265;city207;183;58;city178;17;481;city261;349;108;city193;171;487;city280;469;328;city250;328;425;city208;500;221;city53;288;214;city58;206;103;city174;404;81;city198;404;356;city137;497;50;city74;354;281;city68;41;361;city274;489;245;city265;29;499;city189
144;city257;139;376;city210;424;52;city78;320;433;city295;312;109;city77;205;492;city113;443;251;city186;412;69;city296
172;city121;418;373;city155;179;52;city50;300;430;city69;230;141;city236;50;115;city166;88;334;city165;253;340;city210;393;362;city94;2;457;city139;65;89;city157;473;345;city151;392;193;city197;23;219;city185;87;488;city251;100;16;city258;362;332;city244

150;city278;386;436;city172;89;359;city103;451;366;city167
131;city125;94;410;city175;4;403;city183;173;467;city96;272;223;city83;214;366;city76;337;119;city123;406;133;city136;228;377;city176;198;47;city107;27;377;city139;365;21;city271;338;451;city253;116;163;city70;392;145;city111;320;148;city234;192;351;city71
158;city152;467;260;city143;378;137;city249;125;11;city226;189;129;city165;153;174;city54;231;323;city108;124;187;city194;244;481;city167

137;city181;490;390;city285;378;5;city288;183;205;city222
170;city299;145;461;city221;426;353;city148;267;182;city286;376;155;city64;83;333;city75;249;248;city212;315;48;city263;476;88;city74;271;96;city145;284;29;city120;229;447;city170;484;199;city298;65;118;city103;170;235;city203;96;290;city219;273;145;city165
141;city261;214;318;city226;123;371;city283;253;305;city157;497;259;city76;131;224;city50;179;388;city245;64;264;city237;324;340;city279;385;334;city139;205;229;city238;103;47;city179;417;351;city190;225;341;city128;56;147;city95;405;439;city165;296;359;city154
162;city280;102;294;city239;46;384;city192;43;491;city170;333;429;city99;478;50;city251;229;146;city158;484;397;city199;387;469;city63;265;276;city255;199;62;city114;301;107;city58;18;278;city126;69;28;city156;216;204;city61

134;city88;99;470;city63;124;101;city132;262;96;city280
162;city280;102;294;city239;46;384;city192;43;491;city170;333;429;city99;478;50;city251;229;146;city158;484;397;city199;387;469;city63;265;276;city255;199;62;city114;301;107;city58;18;278;city126;69;28;city156;216;204;city61
152;city250;292;268;city164;446;137;city269;294;197;city215
162;city280;102;294;city239;46;384;city192;43;491;city170;333;429;city99;478;50;city251;229;146;city158;484;397;city199;387;469;city63;265;276;city255;199;62;city114;301;107;city58;18;278;city126;69;28;city156;216;204;city61
128;city122;152;444;city243;488;464;city59;81;49;city83;432;83;city262;436;431;city229
127;city53;463;352;city90;99;209;city216;316;202;city177;262;422;city121;165;469;city284;487;304;city188;46;193;city203;346;80;city74;121;43;city69;234;338;city223;426;151;city263;185;37;city99;341;258;city186;22;329;city200;310;290;city73;159;176;city164;467;57;city242;447;156;city65
165;city87;329;355;city67;57;380;city76;435;194;city108;124;455;city233;158;294;city169
141;city261;214;318;city226;123;371;city283;253;305;city157;497;259;city76;131;224;city50;179;388;city245;64;264;city237;324;340;city279;385;334;city139;205;229;city238;103;47;city179;417;351;city190;225;341;city128;56;147;city95;405;439;city165;296;359;city154
139;city65;267;175;city296;147;161;city170;302;311;city160;344;395;city163;395;397;city117;213;249;city71;297;366;city99;117;205;city115

149;city225;93;46;city167;400;237;city81;355;23;city70;302;30;city176;35;187;city97;482;377;city142;293;312;city164;91;452;city236;213;210;city277;37;185;city293
143;city51;252;420;city124;37;26;city71;295;455;city173;318;176;city109;129;495;city268;325;259;city253;494;135;city154;170;349;city113;30;9;city129;26;323;city86;180;326;city160;335;130;city125;320;253;city221;338;192;city229;409;165;city267;311;268;city278;33;198;city156;162;386;city218
132;city234;350;318;city200;473;480;city123;417;161;city138;141;464;city175;410;128;city182;149;177;city151;69;180;city141;189;162;city156;99;391;city86;68;32;city291;321;132;city107;339;41;city164;456;468;city120;71;418;city189
143;city51;252;420;city124;37;26;city71;295;455;city173;318;176;city109;129;495;city268;325;259;city253;494;135;city154;170;349;city113;30;9;city129;26;323;city86;180;326;city160;335;130;city125;320;253;city221;338;192;city229;409;165;city267;311;268;city278;33;198;city156;162;386;city218
165;city87;329;355;city67;57;380;city76;435;194;city108;124;455;city233;158;294;city169
139;city65;267;175;city296;147;161;city170;302;311;city160;344;395;city163;395;397;city117;213;249;city71;297;366;city99;117;205;city115
157;city248;244;478;city186;33;243;city63;343;408;city205;406;394;city104;453;213;city91;427;203;city287;339;44;city179;75;112;city119;7;181;city276;328;107;city168;395;270;city167;359;351;city192
141;city261;214;318;city226;123;371;city283;253;305;city157;497;259;city76;131;224;city50;179;388;city245;64;264;city237;324;340;city279;385;334;city139;205;229;city238;103;47;city179;417;351;city190;225;341;city128;56;147;city95;405;439;city165;296;359;city154
138;city189;142;268;city175;263;498;city81;26;468;city221;43;207;city180;359;212;city249;186;3;city164;95;146;city218;21;211;city296;45;61;city214
174;city59;11;62;city177;256;213;city228;363;9;city104;142;160;city204;403;326;city176;299;155;city167;114;152;city295;28;237;city235;47;314;city192;38;103;city274;164;267;city99;354;482;city210;57;84;city150;325;411;city123;292;179;city243
169;city172;79;461;city286;66;68;city222;471;249;city247;334;317;city155;356;476;city65;149;421;city186;435;346;city164;159;178;city191;93;78;city95;169;153;city258;39;299;city249;431;191;city207;119;428;city143;238;465;city279;152;74;city80;28;282;city138;385;483;city250
138;city189;142;268;city175;263;498;city81;26;468;city221;43;207;city180;359;212;city249;186;3;city164;95;146;city218;21;211;city296;45;61;city214
137;city181;490;390;city285;378;5;city288;183;205;city222
160;city234;188;148;city87;456;149;city145;295;208;city243;163;139;city68;119;78;city176;3;264;city280;17;143;city274
142;city144;219;104;city262;151;226;city276;94;401;city143;9;296;city287
158;city152;467;260;city143;378;137;city249;125;11;city226;189;129;city165;153;174;city54;231;323;city108;124;187;city194;244;481;city167
133;city179;336;266;city271;18;263;city59;450;323;city195;377;340;city198;221;429;city210;474;268;city196;128;221;city162;241;165;city228;163;281;city212;201;471;city118;331;211;city120;427;238;city149;60;141;city144;53;379;city137;487;41;city107;345;282;city238;208;7;city206
168;city143;434;32;city168;329;194;city284;291;260;city190;17;136;city51;312;4;city114;459;439;city236;439;125;city136;172;350;city178;163;34;city149;437;250;city182;19;32;city142;471;489;city148;179;39;city287;412;193;city194;481;93;city92;99;132;city137;330;482;city219
125;city251;160;199;city91;200;217;city176;414;220;city246;160;218;city101;318;307;city143;314;414;city87;367;393;city147;487;216;city226;378;79;city62;344;194;city202;227;107;city131;395;146;city247;370;164;city198;407;106;city144;67;69;city140;185;447;city64;491;263;city97;407;89;city290
132;city234;350;318;city200;473;480;city123;417;161;city138;141;464;city175;410;128;city182;149;177;city151;69;180;city141;189;162;city156;99;391;city86;68;32;city291;321;132;city107;339;41;city164;456;468;city120;71;418;city189
144;city257;139;376;city210;424;52;city78;320;433;city295;312;109;city77;205;492;city113;443;251;city186;412;69;city296
129;city118;62;330;city60;455;477;city163;448;289;city89;474;383;city68;287;286;city95;125;350;city190;28;242;city269;294;413;city55;164;218;city254;77;189;city193;378;234;city65;416;386;city139
127;city53;463;352;city90;99;209;city216;316;202;city177;262;422;city121;165;469;city284;487;304;city188;46;193;city203;346;80;city74;121;43;city69;234;338;city223;426;151;city263;185;37;city99;341;258;city186;22;329;city200;310;290;city73;159;176;city164;467;57;city242;447;156;city65
158;city152;467;260;city143;378;137;city249;125;11;city226;189;129;city165;153;174;city54;231;323;city108;124;187;city194;244;481;city167
151;city161;221;392;city68;92;89;city133;354;7;city58;224;83;city93;405;63;city179;422;159;city207;236;76;city134;165;151;city282;443;431;city130;365;414;city115;110;117;city77;215;404;city139;204;120;city212
167;city58;216;173;city83;58;273;city294;469;101;city185;430;35;city191
137;city181;490;390;city285;378;5;city288;183;205;city222
160;city234;188;148;city87;456;149;city145;295;208;city243;163;139;city68;119;78;city176;3;264;city280;17;143;city274
136;city136;488;326;city103
144;city257;139;376;city210;424;52;city78;320;433;city295;312;109;city77;205;492;city113;443;251;city186;412;69;city296
172;city121;418;373;city155;179;52;city50;300;430;city69;230;141;city236;50;115;city166;88;334;city165;253;340;city210;393;362;city94;2;457;city139;65;89;city157;473;345;city151;392;193;city197;23;219;city185;87;488;city251;100;16;city258;362;332;city244
155;city85;356;429;city195;351;212;city104;258;194;city93;469;29;city215;123;251;city144;71;260;city79
147;city118;198;414;city141;221;199;city283;331;464;city252;308;264;city154
150;city278;386;436;city172;89;359;city103;451;366;city167
142;city144;219;104;city262;151;226;city276;94;401;city143;9;296;city287
150;city278;386;436;city172;89;359;city103;451;366;city167
168;city143;434;32;city168;329;194;city284;291;260;city190;17;136;city51;312;4;city114;459;439;city236;439;125;city136;172;350;city178;163;34;city149;437;250;city182;19;32;city142;471;489;city148;179;39;city287;412;193;city194;481;93;city92;99;132;city137;330;482;city219
153;city162;128;42;city289;341;78;city258;74;494;city73;115;286;city63;475;26;city119;201;197;city151
125;city251;160;199;city91;200;217;city176;414;220;city246;160;218;city101;318;307;city143;314;414;city87;367;393;city147;487;216;city226;378;79;city62;344;194;city202;227;107;city131;395;146;city247;370;164;city198;407;106;city144;67;69;city140;185;447;city64;491;263;city97;407;89;city290
160;city234;188;148;city87;456;149;city145;295;208;city243;163;139;city68;119;78;city176;3;264;city280;17;143;city274
147;city118;198;414;city141;221;199;city283;331;464;city252;308;264;city154
163;city200;236;453;city65;322;8;city195;98;282;city125;74;322;city152;28;243;city92;272;95;city292;285;419;city268;113;223;city219;218;401;city67;385;69;city164;412;214;city93;81;238;city111;115;288;city185
153;city162;128;42;city289;341;78;city258;74;494;city73;115;286;city63;475;26;city119;201;197;city151
143;city51;252;420;city124;37;26;city71;295;455;city173;318;176;city109;129;495;city268;325;259;city253;494;135;city154;170;349;city113;30;9;city129;26;323;city86;180;326;city160;335;130;city125;320;253;city221;338;192;city229;409;165;city267;311;268;city278;33;198;city156;162;386;city218
170;city299;145;461;city221;426;353;city148;267;182;city286;376;155;city64;83;333;city75;249;248;city212;315;48;city263;476;88;city74;271;96;city145;284;29;city120;229;447;city170;484;199;city298;65;118;city103;170;235;city203;96;290;city219;273;145;city165
142;city144;219;104;city262;151;226;city276;94;401;city143;9;296;city287
173;city134;62;485;city70;468;300;city282;222;310;city69;288;205;city60
149;city225;93;46;city167;400;237;city81;355;23;city70;302;30;city176;35;187;city97;482;377;city142;293;312;city164;91;452;city236;213;210;city277;37;185;city293
168;city143;434;32;city168;329;194;city284;291;260;city190;17;136;city51;312;4;city114;459;439;city236;439;125;city136;172;350;city178;163;34;city149;437;250;city182;19;32;city142;471;489;city148;179;39;city287;412;193;city194;481;93;city92;99;132;city137;330;482;city219
144;city257;139;376;city210;424;52;city78;320;433;city295;312;109;city77;205;492;city113;443;251;city186;412;69;city296
155;city85;356;429;city195;351;212;city104;258;194;city93;469;29;city215;123;251;city144;71;260;city79
136;city136;488;326;city103
131;city125;94;410;city175;4;403;city183;173;467;city96;272;223;city83;214;366;city76;337;119;city123;406;133;city136;228;377;city176;198;47;city107;27;377;city139;365;21;city271;338;451;city253;116;163;city70;392;145;city111;320;148;city234;192;351;city71
145;city233;237;422;city248;196;109;city86;126;206;city186;411;315;city68;336;100;city80;333;332;city250;121;212;city276;82;336;city141;452;91;city189;352;413;city163;361;20;city109;406;416;city50;218;17;city286;327;70;city171;485;293;city219;380;256;city76;386;91;city164
174;city59;11;62;city177;256;213;city228;363;9;city104;142;160;city204;403;326;city176;299;155;city167;114;152;city295;28;237;city235;47;314;city192;38;103;city274;164;267;city99;354;482;city210;57;84;city150;325;411;city123;292;179;city243
174;city59;11;62;city177;256;213;city228;363;9;city104;142;160;city204;403;326;city176;299;155;city167;114;152;city295;28;237;city235;47;314;city192;38;103;city274;164;267;city99;354;482;city210;57;84;city150;325;411;city123;292;179;city243
137;city181;490;390;city285;378;5;city288;183;205;city222
133;city179;336;266;city271;18;263;city59;450;323;city195;377;340;city198;221;429;city210;474;268;city196;128;221;city162;241;165;city228;163;281;city212;201;471;city118;331;211;city120;427;238;city149;60;141;city144;53;379;city137;487;41;city107;345;282;city238;208;7;city206
136;city136;488;326;city103
142;city144;219;104;city262;151;226;city276;94;401;city143;9;296;city287

127;city53;463;352;city90;99;209;city216;316;202;city177;262;422;city121;165;469;city284;487;304;city188;46;193;city203;346;80;city74;121;43;city69;234;338;city223;426;151;city263;185;37;city99;341;258;city186;22;329;city200;310;290;city73;159;176;city164;467;57;city242;447;156;city65
174;city59;11;62;city177;256;213;city228;363;9;city104;142;160;city204;403;326;city176;299;155;city167;114;152;city295;28;237;city235;47;314;city192;38;103;city274;164;267;city99;354;482;city210;57;84;city150;325;411;city123;292;179;city243

128;city122;152;444;city243;488;464;city59;81;49;city83;432;83;city262;436;431;city229
168;city143;434;32;city168;329;194;city284;291;260;city190;17;136;city51;312;4;city114;459;439;city236;439;125;city136;172;350;city178;163;34;city149;437;250;city182;19;32;city142;471;489;city148;179;39;city287;412;193;city194;481;93;city92;99;132;city137;330;482;city219
164;city98;31;265;city207;183;58;city178;17;481;city261;349;108;city193;171;487;city280;469;328;city250;328;425;city208;500;221;city53;288;214;city58;206;103;city174;404;81;city198;404;356;city137;497;50;city74;354;281;city68;41;361;city274;489;245;city265;29;499;city189
132;city234;350;318;city200;473;480;city123;417;161;city138;141;464;city175;410;128;city182;149;177;city151;69;180;city141;189;162;city156;99;391;city86;68;32;city291;321;132;city107;339;41;city164;456;468;city120;71;418;city189
173;city134;62;485;city70;468;300;city282;222;310;city69;288;205;city60
151;city161;221;392;city68;92;89;city133;354;7;city58;224;83;city93;405;63;city179;422;159;city207;236;76;city134;165;151;city282;443;431;city130;365;414;city115;110;117;city77;215;404;city139;204;120;city212
165;city87;329;355;city67;57;380;city76;435;194;city108;124;455;city233;158;294;city169
172;city121;418;373;city155;179;52;city50;300;430;city69;230;141;city236;50;115;city166;88;334;city165;253;340;city210;393;362;city94;2;457;city139;65;89;city157;473;345;city151;392;193;city197;23;219;city185;87;488;city251;100;16;city258;362;332;city244
132;city234;350;318;city200;473;480;city123;417;161;city138;141;464;city175;410;128;city182;149;177;city151;69;180;city141;189;162;city156;99;391;city86;68;32;city291;321;132;city107;339;41;city164;456;468;city120;71;418;city189
136;city136;488;326;city103
151;city161;221;392;city68;92;89;city133;354;7;city58;224;83;city93;405;63;city179;422;159;city207;236;76;city134;165;151;city282;443;431;city130;365;414;city115;110;117;city77;215;404;city139;204;120;city212
143;city51;252;420;city124;37;26;city71;295;455;city173;318;176;city109;129;495;city268;325;259;city253;494;135;city154;170;349;city113;30;9;city129;26;323;city86;180;326;city160;335;130;city125;320;253;city221;338;192;city229;409;165;city267;311;268;city278;33;198;city156;162;386;city218
163;city200;236;453;city65;322;8;city195;98;282;city125;74;322;city152;28;243;city92;272;95;city292;285;419;city268;113;223;city219;218;401;city67;385;69;city164;412;214;city93;81;238;city111;115;288;city185
142;city144;219;104;city262;151;226;city276;94;401;city143;9;296;city287
144;city257;139;376;city210;424;52;city78;320;433;city295;312;109;city77;205;492;city113;443;251;city186;412;69;city296
174;city59;11;62;city177;256;213;city228;363;9;city104;142;160;city204;403;326;city176;299;155;city167;114;152;city295;28;237;city235;47;314;city192;38;103;city274;164;267;city99;354;482;city210;57;84;city150;325;411;city123;292;179;city243
147;city118;198;414;city141;221;199;city283;331;464;city252;308;264;city154
172;city121;418;373;city155;179;52;city50;300;430;city69;230;141;city236;50;115;city166;88;334;city165;253;340;city210;393;362;city94;2;457;city139;65;89;city157;473;345;city151;392;193;city197;23;219;city185;87;488;city251;100;16;city258;362;332;city244
145;city233;237;422;city248;196;109;city86;126;206;city186;411;315;city68;336;100;city80;333;332;city250;121;212;city276;82;336;city141;452;91;city189;352;413;city163;361;20;city109;406;416;city50;218;17;city286;327;70;city171;485;293;city219;380;256;city76;386;91;city164

149;city225;93;46;city167;400;237;city81;355;23;city70;302;30;city176;35;187;city97;482;377;city142;293;312;city164;91;452;city236;213;210;city277;37;185;city293
128;city122;152;444;city243;488;464;city59;81;49;city83;432;83;city262;436;431;city229
127;city53;463;352;city90;99;209;city216;316;202;city177;262;422;city121;165;469;city284;487;304;city188;46;193;city203;346;80;city74;121;43;city69;234;338;city223;426;151;city263;185;37;city99;341;258;city186;22;329;city200;310;290;city73;159;176;city164;467;57;city242;447;156;city65
167;city58;216;173;city83;58;273;city294;469;101;city185;430;35;city191
127;city53;463;352;city90;99;209;city216;316;202;city177;262;422;city121;165;469;city284;487;304;city188;46;193;city203;346;80;city74;121;43;city69;234;338;city223;426;151;city263;185;37;city99;341;258;city186;22;329;city200;310;290;city73;159;176;city164;467;57;city242;447;156;city65
164;city98;31;265;city207;183;58;city178;17;481;city261;349;108;city193;171;487;city280;469;328;city250;328;425;city208;500;221;city53;288;214;city58;206;103;city174;404;81;city198;404;356;city137;497;50;city74;354;281;city68;41;361;city274;489;245;city265;29;499;city189
136;city136;488;326;city103
139;city65;267;175;city296;147;161;city170;302;311;city160;344;395;city163;395;397;city117;213;249;city71;297;366;city99;117;205;city115
125;city251;160;199;city91;200;217;city176;414;220;city246;160;218;city101;318;307;city143;314;414;city87;367;393;city147;487;216;city226;378;79;city62;344;194;city202;227;107;city131;395;146;city247;370;164;city198;407;106;city144;67;69;city140;185;447;city64;491;263;city97;407;89;city290
135;city237;169;395;city74;108;260;city60;229;40;city231;369;428;city278;348;50;city90;222;120;city94;81;289;city202;39;177;city164;398;403;city266;205;377;city51
159;city287;198;53;city164;488;341;city50;134;66;city93;176;90;city232;239;418;city213;312;254;city107;39;498;city132;392;149;city231;240;353;city217;415;417;city275;251;433;city152;237;189;city190;180;205;city121;47;364;city144
139;city65;267;175;city296;147;161;city170;302;311;city160;344;395;city163;395;397;city117;213;249;city71;297;366;city99;117;205;city115
141;city261;214;318;city226;123;371;city283;253;305;city157;497;259;city76;131;224;city50;179;388;city245;64;264;city237;324;340;city279;385;334;city139;205;229;city238;103;47;city179;417;351;city190;225;341;city128;56;147;city95;405;439;city165;296;359;city154
155;city85;356;429;city195;351;212;city104;258;194;city93;469;29;city215;123;251;city144;71;260;city79
160;city234;188;148;city87;456;149;city145;295;208;city243;163;139;city68;119;78;city176;3;264;city280;17;143;city274
145;city233;237;422;city248;196;109;city86;126;206;city186;411;315;city68;336;100;city80;333;332;city250;121;212;city276;82;336;city141;452;91;city189;352;413;city163;361;20;city109;406;416;city50;218;17;city286;327;70;city171;485;293;city219;380;256;city76;386;91;city164
144;city257;139;376;city210;424;52;city78;320;433;city295;312;109;city77;205;492;city113;443;251;city186;412;69;city296
128;city122;152;444;city243;488;464;city59;81;49;city83;432;83;city262;436;431;city229
132;city234;350;318;city200;473;480;city123;417;161;city138;141;464;city175;410;128;city182;149;177;city151;69;180;city141;189;162;city156;99;391;city86;68;32;city291;321;132;city107;339;41;city164;456;468;city120;71;418;city189
149;city225;93;46;city167;400;237;city81;355;23;city70;302;30;city176;35;187;city97;482;377;city142;293;312;city164;91;452;city236;213;210;city277;37;185;city293
164;city98;31;265;city207;183;58;city178;17;481;city261;349;108;city193;171;487;city280;469;328;city250;328;425;city208;500;221;city53;288;214;city58;206;103;city174;404;81;city198;404;356;city137;497;50;city74;354;281;city68;41;361;city274;489;245;city265;29;499;city189
153;city162;128;42;city289;341;78;city258;74;494;city73;115;286;city63;475;26;city119;201;197;city151
163;city200;236;453;city65;322;8;city195;98;282;city125;74;322;city152;28;243;city92;272;95;city292;285;419;city268;113;223;city219;218;401;city67;385;69;city164;412;214;city93;81;238;city111;115;288;city185

148;city266;342;238;city209;203;31;city232;461;366;city265;76;373;city259;212;294;city95;384;475;city284;316;462;city76
133;city179;336;266;city271;18;263;city59;450;323;city195;377;340;city198;221;429;city210;474;268;city196;128;221;city162;241;165;city228;163;281;city212;201;471;city118;331;211;city120;427;238;city149;60;141;city144;53;379;city137;487;41;city107;345;282;city238;208;7;city206
174;city59;11;62;city177;256;213;city228;363;9;city104;142;160;city204;403;326;city176;299;155;city167;114;152;city295;28;237;city235;47;314;city192;38;103;city274;164;267;city99;354;482;city210;57;84;city150;325;411;city123;292;179;city243
171;city225;34;60;city245;280;178;city227;391;77;city108;146;6;city160;19;160;city167;63;286;city116;87;4;city176;121;170;city257
144;city257;139;376;city210;424;52;city78;320;433;city295;312;109;city77;205;492;city113;443;251;city186;412;69;city296
154;city115;479;127;city100;349;3;city110;400;455;city86;30;467;city214;328;141;city275
134;city88;99;470;city63;124;101;city132;262;96;city280
129;city118;62;330;city60;455;477;city163;448;289;city89;474;383;city68;287;286;city95;125;350;city190;28;242;city269;294;413;city55;164;218;city254;77;189;city193;378;234;city65;416;386;city139
170;city299;145;461;city221;426;353;city148;267;182;city286;376;155;city64;83;333;city75;249;248;city212;315;48;city263;476;88;city74;271;96;city145;284;29;city120;229;447;city170;484;199;city298;65;118;city103;170;235;city203;96;290;city219;273;145;city165
127;city53;463;352;city90;99;209;city216;316;202;city177;262;422;city121;165;469;city284;487;304;city188;46;193;city203;346;80;city74;121;43;city69;234;338;city223;426;151;city263;185;37;city99;341;258;city186;22;329;city200;310;290;city73;159;176;city164;467;57;city242;447;156;city65
149;city225;93;46;city167;400;237;city81;355;23;city70;302;30;city176;35;187;city97;482;377;city142;293;312;city164;91;452;city236;213;210;city277;37;185;city293
149;city225;93;46;city167;400;237;city81;355;23;city70;302;30;city176;35;187;city97;482;377;city142;293;312;city164;91;452;city236;213;210;city277;37;185;city293
129;city118;62;330;city60;455;477;city163;448;289;city89;474;383;city68;287;286;city95;125;350;city190;28;242;city269;294;413;city55;164;218;city254;77;189;city193;378;234;city65;416;386;city139
143;city51;252;420;city124;37;26;city71;295;455;city173;318;176;city109;129;495;city268;325;259;city253;494;135;city154;170;349;city113;30;9;city129;26;323;city86;180;326;city160;335;130;city125;320;253;city221;338;192;city229;409;165;city267;311;268;city278;33;198;city156;162;386;city218
174;city59;11;62;city177;256;213;city228;363;9;city104;142;160;city204;403;326;city176;299;155;city167;114;152;city295;28;237;city235;47;314;city192;38;103;city274;164;267;city99;354;482;city210;57;84;city150;325;411;city123;292;179;city243
165;city87;329;355;city67;57;380;city76;435;194;city108;124;455;city233;158;294;city169
164;city98;31;265;city207;183;58;city178;17;481;city261;349;108;city193;171;487;city280;469;328;city250;328;425;city208;500;221;city53;288;214;city58;206;103;city174;404;81;city198;404;356;city137;497;50;city74;354;281;city68;41;361;city274;489;245;city265;29;499;city189
163;city200;236;453;city65;322;8;city195;98;282;city125;74;322;city152;28;243;city92;272;95;city292;285;419;city268;113;223;city219;218;401;city67;385;69;city164;412;214;city93;81;238;city111;115;288;city185
151;city161;221;392;city68;92;89;city133;354;7;city58;224;83;city93;405;63;city179;422;159;city207;236;76;city134;165;151;city282;443;431;city130;365;414;city115;110;117;city77;215;404;city139;204;120;city212
145;city233;237;422;city248;196;109;city86;126;206;city186;411;315;city68;336;100;city80;333;332;city250;121;212;city276;82;336;city141;452;91;city189;352;413;city163;361;20;city109;406;416;city50;218;17;city286;327;70;city171;485;293;city219;380;256;city76;386;91;city164

131;city125;94;410;city175;4;403;city183;173;467;city96;272;223;city83;214;366;city76;337;119;city123;406;133;city136;228;377;city176;198;47;city107;27;377;city139;365;21;city271;338;451;city253;116;163;city70;392;145;city111;320;148;city234;192;351;city71
164;city98;31;265;city207;183;58;city178;17;481;city261;349;108;city193;171;487;city280;469;328;city250;328;425;city208;500;221;city53;288;214;city58;206;103;city174;404;81;city198;404;356;city137;497;50;city74;354;281;city68;41;361;city274;489;245;city265;29;499;city189
150;city278;386;436;city172;89;359;city103;451;366;city167
173;city134;62;485;city70;468;300;city282;222;310;city69;288;205;city60
125;city251;160;199;city91;200;217;city176;414;220;city246;160;218;city101;318;307;city143;314;414;city87;367;393;city147;487;216;city226;378;79;city62;344;194;city202;227;107;city131;395;146;city247;370;164;city198;407;106;city144;67;69;city140;185;447;city64;491;263;city97;407;89;city290
157;city248;244;478;city186;33;243;city63;343;408;city205;406;394;city104;453;213;city91;427;203;city287;339;44;city179;75;112;city119;7;181;city276;328;107;city168;395;270;city167;359;351;city192
136;city136;488;326;city103
171;city225;34;60;city245;280;178;city227;391;77;city108;146;6;city160;19;160;city167;63;286;city116;87;4;city176;121;170;city257
163;city200;236;453;city65;322;8;city195;98;282;city125;74;322;city152;28;243;city92;272;95;city292;285;419;city268;113;223;city219;218;401;city67;385;69;city164;412;214;city93;81;238;city111;115;288;city185
137;city181;490;390;city285;378;5;city288;183;205;city222
134;city88;99;470;city63;124;101;city132;262;96;city280
130;city247;447;26;city119;374;406;city251;351;19;city50;246;377;city55;484;122;city212;100;280;city98;276;223;city292;102;209;city127;79;282;city88;117;266;city79;476;295;city62;242;407;city206;213;127;city162;294;5;city282;347;174;city234
167;city58;216;173;city83;58;273;city294;469;101;city185;430;35;city191
129;city118;62;330;city60;455;477;city163;448;289;city89;474;383;city68;287;286;city95;125;350;city190;28;242;city269;294;413;city55;164;218;city254;77;189;city193;378;234;city65;416;386;city139
128;city122;152;444;city243;488;464;city59;81;49;city83;432;83;city262;436;431;city229
136;city136;488;326;city103

161;city272;17;184;city176;130;415;city223;450;329;city90
157;city248;244;478;city186;33;243;city63;343;408;city205;406;394;city104;453;213;city91;427;203;city287;339;44;city179;75;112;city119;7;181;city276;328;107;city168;395;270;city167;359;351;city192
148;city266;342;238;city209;203;31;city232;461;366;city265;76;373;city259;212;294;city95;384;475;city284;316;462;city76
156;city174;306;172;city269;288;377;city220;205;376;city53;67;327;city177;385;99;city182;252;205;city288;372;112;city279;349;298;city119;354;208;city84;195;480;city281;142;257;city202;130;64;city248;265;488;city225;473;486;city184;393;262;city261;349;331;city253;62;410;city124;395;343;city205;40;497;city94
130;city247;447;26;city119;374;406;city251;351;19;city50;246;377;city55;484;122;city212;100;280;city98;276;223;city292;102;209;city127;79;282;city88;117;266;city79;476;295;city62;242;407;city206;213;127;city162;294;5;city282;347;174;city234
157;city248;244;478;city186;33;243;city63;343;408;city205;406;394;city104;453;213;city91;427;203;city287;339;44;city179;75;112;city119;7;181;city276;328;107;city168;395;270;city167;359;351;city192
162;city280;102;294;city239;46;384;city192;43;491;city170;333;429;city99;478;50;city251;229;146;city158;484;397;city199;387;469;city63;265;276;city255;199;62;city114;301;107;city58;18;278;city126;69;28;city156;216;204;city61
162;city280;102;294;city239;46;384;city192;43;491;city170;333;429;city99;478;50;city251;229;146;city158;484;397;city199;387;469;city63;265;276;city255;199;62;city114;301;107;city58;18;278;city126;69;28;city156;216;204;city61
125;city251;160;199;city91;200;217;city176;414;220;city246;160;218;city101;318;307;city143;314;414;city87;367;393;city147;487;216;city226;378;79;city62;344;194;city202;227;107;city131;395;146;city247;370;164;city198;407;106;city144;67;69;city140;185;447;city64;491;263;city97;407;89;city290
154;city115;479;127;city100;349;3;city110;400;455;city86;30;467;city214;328;141;city275
130;city247;447;26;city119;374;406;city251;351;19;city50;246;377;city55;484;122;city212;100;280;city98;276;223;city292;102;209;city127;79;282;city88;117;266;city79;476;295;city62;242;407;city206;213;127;city162;294;5;city282;347;174;city234
126;city229;137;346;city219;181;378;city291
138;city189;142;268;city175;263;498;city81;26;468;city221;43;207;city180;359;212;city249;186;3;city164;95;146;city218;21;211;city296;45;61;city214
126;city229;137;346;city219;181;378;city291
150;city278;386;436;city172;89;359;city103;451;366;city167
158;city152;467;260;city143;378;137;city249;125;11;city226;189;129;city165;153;174;city54;231;323;city108;124;187;city194;244;481;city167
134;city88;99;470;city63;124;101;city132;262;96;city280
172;city121;418;373;city155;179;52;city50;300;430;city69;230;141;city236;50;115;city166;88;334;city165;253;340;city210;393;362;city94;2;457;city139;65;89;city157;473;345;city151;392;193;city197;23;219;city185;87;488;city251;100;16;city258;362;332;city244
140;city258;284;352;city93;37;228;city165;52;288;city224;479;273;city83;480;336;city63;493;391;city235
125;city251;160;199;city91;200;217;city176;414;220;city246;160;218;city101;318;307;city143;314;414;city87;367;393;city147;487;216;city226;378;79;city62;344;194;city202;227;107;city131;395;146;city247;370;164;city198;407;106;city144;67;69;city140;185;447;city64;491;263;city97;407;89;city290
150;city278;386;436;city172;89;359;city103;451;366;city167
155;city85;356;429;city195;351;212;city104;258;194;city93;469;29;city215;123;251;city144;71;260;city79
172;city121;418;373;city155;179;52;city50;300;430;city69;230;141;city236;50;115;city166;88;334;city165;253;340;city210;393;362;city94;2;457;city139;65;89;city157;473;345;city151;392;193;city197;23;219;city185;87;488;city251;100;16;city258;362;332;city244
127;city53;463;352;city90;99;209;city216;316;202;city177;262;422;city121;165;469;city284;487;304;city188;46;193;city203;346;80;city74;121;43;city69;234;338;city223;426;151;city263;185;37;city99;341;258;city186;22;329;city200;310;290;city73;159;176;city164;467;57;city242;447;156;city65
127;city53;463;352;city90;99;209;city216;316;202;city177;262;422;city121;165;469;city284;487;304;city188;46;193;city203;346;80;city74;121;43;city69;234;338;city223;426;151;city263;185;37;city99;341;258;city186;22;329;city200;310;290;city73;159;176;city164;467;57;city242;447;156;city65
165;city87;329;355;city67;57;380;city76;435;194;city108;124;455;city233;158;294;city169
141;city261;214;318;city226;123;371;city283;253;305;city157;497;259;city76;131;224;city50;179;388;city245;64;264;city237;324;340;city279;385;334;city139;205;229;city238;103;47;city179;417;351;city190;225;341;city128;56;147;city95;405;439;city165;296;359;city154
135;city237;169;395;city74;108;260;city60;229;40;city231;369;428;city278;348;50;city90;222;120;city94;81;289;city202;39;177;city164;398;403;city266;205;377;city51
162;city280;102;294;city239;46;384;city192;43;491;city170;333;429;city99;478;50;city251;229;146;city158;484;397;city199;387;469;city63;265;276;city255;199;62;city114;301;107;city58;18;278;city126;69;28;city156;216;204;city61
168;city143;434;32;city168;329;194;city284;291;260;city190;17;136;city51;312;4;city114;459;439;city236;439;125;city136;172;350;city178;163;34;city149;437;250;city182;19;32;city142;471;489;city148;179;39;city287;412;193;city194;481;93;city92;99;132;city137;330;482;city219
164;city98;31;265;city207;183;58;city178;17;481;city261;349;108;city193;171;487;city280;469;328;city250;328;425;city208;500;221;city53;288;214;city58;206;103;city174;404;81;city198;404;356;city137;497;50;city74;354;281;city68;41;361;city274;489;245;city265;29;499;city189
142;city144;219;104;city262;151;226;city276;94;401;city143;9;296;city287
134;city88;99;470;city63;124;101;city132;262;96;city280
154;city115;479;127;city100;349;3;city110;400;455;city86;30;467;city214;328;141;city275
148;city266;342;238;city209;203;31;city232;461;366;city265;76;373;city259;212;294;city95;384;475;city284;316;462;city76
152;city250;292;268;city164;446;137;city269;294;197;city215
169;city172;79;461;city286;66;68;city222;471;249;city247;334;317;city155;356;476;city65;149;421;city186;435;346;city164;159;178;city191;93;78;city95;169;153;city258;39;299;city249;431;191;city207;119;428;city143;238;465;city279;152;74;city80;28;282;city138;385;483;city250
140;city258;284;352;city93;37;228;city165;52;288;city224;479;273;city83;480;336;city63;493;391;city235
142;city144;219;104;city262;151;226;city276;94;401;city143;9;296;city287
126;city229;137;346;city219;181;378;city291
167;city58;216;173;city83;58;273;city294;469;101;city185;430;35;city191
137;city181;490;390;city285;378;5;city288;183;205;city222
155;city85;356;429;city195;351;212;city104;258;194;city93;469;29;city215;123;251;city144;71;260;city79
139;city65;267;175;city296;147;161;city170;302;311;city160;344;395;city163;395;397;city117;213;249;city71;297;366;city99;117;205;city115
161;city272;17;184;city176;130;415;city223;450;329;city90
130;city247;447;26;city119;374;406;city251;351;19;city50;246;377;city55;484;122;city212;100;280;city98;276;223;city292;102;209;city127;79;282;city88;117;266;city79;476;295;city62;242;407;city206;213;127;city162;294;5;city282;347;174;city234
150;city278;386;436;city172;89;359;city103;451;366;city167
131;city125;94;410;city175;4;403;city183;173;467;city96;272;223;city83;214;366;city76;337;119;city123;406;133;city136;228;377;city176;198;47;city107;27;377;city139;365;21;city271;338;451;city253;116;163;city70;392;145;city111;320;148;city234;192;351;city71
141;city261;214;318;city226;123;371;city283;253;305;city157;497;259;city76;131;224;city50;179;388;city245;64;264;city237;324;340;city279;385;334;city139;205;229;city238;103;47;city179;417;351;city190;225;341;city128;56;147;city95;405;439;city165;296;359;city154
156;city174;306;172;city269;288;377;city220;205;376;city53;67;327;city177;385;99;city182;252;205;city288;372;112;city279;349;298;city119;354;208;city84;195;480;city281;142;257;city202;130;64;city248;265;488;city225;473;486;city184;393;262;city261;349;331;city253;62;410;city124;395;343;city205;40;497;city94
146;city248;443;489;city273
165;city87;329;355;city67;57;380;city76;435;194;city108;124;455;city233;158;294;city169
132;city234;350;318;city200;473;480;city123;417;161;city138;141;464;city175;410;128;city182;149;177;city151;69;180;city141;189;162;city156;99;391;city86;68;32;city291;321;132;city107;339;41;city164;456;468;city120;71;418;city189
161;city272;17;184;city176;130;415;city223;450;329;city90

126;city229;137;346;city219;181;378;city291
159;city287;198;53;city164;488;341;city50;134;66;city93;176;90;city232;239;418;city213;312;254;city107;39;498;city132;392;149;city231;240;353;city217;415;417;city275;251;433;city152;237;189;city190;180;205;city121;47;364;city144
125;city251;160;199;city91;200;217;city176;414;220;city246;160;218;city101;318;307;city143;314;414;city87;367;393;city147;487;216;city226;378;79;city62;344;194;city202;227;107;city131;395;146;city247;370;164;city198;407;106;city144;67;69;city140;185;447;city64;491;263;city97;407;89;city290
143;city51;252;420;city124;37;26;city71;295;455;city173;318;176;city109;129;495;city268;325;259;city253;494;135;city154;170;349;city113;30;9;city129;26;323;city86;180;326;city160;335;130;city125;320;253;city221;338;192;city229;409;165;city267;311;268;city278;33;198;city156;162;386;city218
154;city115;479;127;city100;349;3;city110;400;455;city86;30;467;city214;328;141;city275
137;city181;490;390;city285;378;5;city288;183;205;city222
154;city115;479;127;city100;349;3;city110;400;455;city86;30;467;city214;328;141;city275
147;city118;198;414;city141;221;199;city283;331;464;city252;308;264;city154
135;city237;169;395;city74;108;260;city60;229;40;city231;369;428;city278;348;50;city90;222;120;city94;81;289;city202;39;177;city164;398;403;city266;205;377;city51
128;city122;152;444;city243;488;464;city59;81;49;city83;432;83;city262;436;431;city229
150;city278;386;436;city172;89;359;city103;451;366;city167
129;city118;62;330;city60;455;477;city163;448;289;city89;474;383;city68;287;286;city95;125;350;city190;28;242;city269;294;413;city55;164;218;city254;77;189;city193;378;234;city65;416;386;city139
158;city152;467;260;city143;378;137;city249;125;11;city226;189;129;city165;153;174;city54;231;323;city108;124;187;city194;244;481;city167
132;city234;350;318;city200;473;480;city123;417;161;city138;141;464;city175;410;128;city182;149;177;city151;69;180;city141;189;162;city156;99;391;city86;68;32;city291;321;132;city107;339;41;city164;456;468;city120;71;418;city189
162;city280;102;294;city239;46;384;city192;43;491;city170;333;429;city99;478;50;city251;229;146;city158;484;397;city199;387;469;city63;265;276;city255;199;62;city114;301;107;city58;18;278;city126;69;28;city156;216;204;city61
129;city118;62;330;city60;455;477;city163;448;289;city89;474;383;city68;287;286;city95;125;350;city190;28;242;city269;294;413;city55;164;218;city254;77;189;city193;378;234;city65;416;386;city139
174;city59;11;62;city177;256;213;city228;363;9;city104;142;160;city204;403;326;city176;299;155;city167;114;152;city295;28;237;city235;47;314;city192;38;103;city274;164;267;city99;354;482;city210;57;84;city150;325;411;city123;292;179;city243
141;city261;214;318;city226;123;371;city283;253;305;city157;497;259;city76;131;224;city50;179;388;city245;64;264;city237;324;340;city279;385;334;city139;205;229;city238;103;47;city179;417;351;city190;225;341;city128;56;147;city95;405;439;city165;296;359;city154
165;city87;329;355;city67;57;380;city76;435;194;city108;124;455;city233;158;294;city169
146;city248;443;489;city273
162;city280;102;294;city239;46;384;city192;43;491;city170;333;429;city99;478;50;city251;229;146;city158;484;397;city199;387;469;city63;265;276;city255;199;62;city114;301;107;city58;18;278;city126;69;28;city156;216;204;city61
127;city53;463;352;city90;99;209;city216;316;202;city177;262;422;city121;165;469;city284;487;304;city188;46;193;city203;346;80;city74;121;43;city69;234;338;city223;426;151;city263;185;37;city99;341;258;city186;22;329;city200;310;290;city73;159;176;city164;467;57;city242;447;156;city65
146;city248;443;489;city273
139;city65;267;175;city296;147;161;city170;302;311;city160;344;395;city163;395;397;city117;213;249;city71;297;366;city99;117;205;city115
126;city229;137;346;city219;181;378;city291
172;city121;418;373;city155;179;52;city50;300;430;city69;230;141;city236;50;115;city166;88;334;city165;253;340;city210;393;362;city94;2;457;city139;65;89;city157;473;345;city151;392;193;city197;23;219;city185;87;488;city251;100;16;city258;362;332;city244
166;city233;216;183;city290;62;35;city147;433;470;city232;103;285;city75;346;99;city170
134;city88;99;470;city63;124;101;city132;262;96;city280
163;city200;236;453;city65;322;8;city195;98;282;city125;74;322;city152;28;243;city92;272;95;city292;285;419;city268;113;223;city219;218;401;city67;385;69;city164;412;214;city93;81;238;city111;115;288;city185
125;city251;160;199;city91;200;217;city176;414;220;city246;160;218;city101;318;307;city143;314;414;city87;367;393;city147;487;216;city226;378;79;city62;344;194;city202;227;107;city131;395;146;city247;370;164;city198;407;106;city144;67;69;city140;185;447;city64;491;263;city97;407;89;city290
142;city144;219;104;city262;151;226;city276;94;401;city143;9;296;city287
171;city225;34;60;city245;280;178;city227;391;77;city108;146;6;city160;19;160;city167;63;286;city116;87;4;city176;121;170;city257
133;city179;336;266;city271;18;263;city59;450;323;city195;377;340;city198;221;429;city210;474;268;city196;128;221;city162;241;165;city228;163;281;city212;201;471;city118;331;211;city120;427;238;city149;60;141;city144;53;379;city137;487;41;city107;345;282;city238;208;7;city206
152;city250;292;268;city164;446;137;city269;294;197;city215
168;city143;434;32;city168;329;194;city284;291;260;city190;17;136;city51;312;4;city114;459;439;city236;439;125;city136;172;350;city178;163;34;city149;437;250;city182;19;32;city142;471;489;city148;179;39;city287;412;193;city194;481;93;city92;99;132;city137;330;482;city219
163;city200;236;453;city65;322;8;city195;98;282;city125;74;322;city152;28;243;city92;272;95;city292;285;419;city268;113;223;city219;218;401;city67;385;69;city164;412;214;city93;81;238;city111;115;288;city185
166;city233;216;183;city290;62;35;city147;433;470;city232;103;285;city75;346;99;city170
152;city250;292;268;city164;446;137;city269;294;197;city215
131;city125;94;410;city175;4;403;city183;173;467;city96;272;223;city83;214;366;city76;337;119;city123;406;133;city136;228;377;city176;198;47;city107;27;377;city139;365;21;city271;338;451;city253;116;163;city70;392;145;city111;320;148;city234;192;351;city71
164;city98;31;265;city207;183;58;city178;17;481;city261;349;108;city193;171;487;city280;469;328;city250;328;425;city208;500;221;city53;288;214;city58;206;103;city174;404;81;city198;404;356;city137;497;50;city74;354;281;city68;41;361;city274;489;245;city265;29;499;city189
130;city247;447;26;city119;374;406;city251;351;19;city50;246;377;city55;484;122;city212;100;280;city98;276;223;city292;102;209;city127;79;282;city88;117;266;city79;476;295;city62;242;407;city206;213;127;city162;294;5;city282;347;174;city234
163;city200;236;453;city65;322;8;city195;98;282;city125;74;322;city152;28;243;city92;272;95;city292;285;419;city268;113;223;city219;218;401;city67;385;69;city164;412;214;city93;81;238;city111;115;288;city185
157;city248;244;478;city186;33;243;city63;343;408;city205;406;394;city104;453;213;city91;427;203;city287;339;44;city179;75;112;city119;7;181;city276;328;107;city168;395;270;city167;359;351;city192
142;city144;219;104;city262;151;226;city276;94;401;city143;9;296;city287
170;city299;145;461;city221;426;353;city148;267;182;city286;376;155;city64;83;333;city75;249;248;city212;315;48;city263;476;88;city74;271;96;city145;284;29;city120;229;447;city170;484;199;city298;65;118;city103;170;235;city203;96;290;city219;273;145;city165
152;city250;292;268;city164;446;137;city269;294;197;city215
144;city257;139;376;city210;424;52;city78;320;433;city295;312;109;city77;205;492;city113;443;251;city186;412;69;city296
158;city152;467;260;city143;378;137;city249;125;11;city226;189;129;city165;153;174;city54;231;323;city108;124;187;city194;244;481;city167
126;city229;137;346;city219;181;378;city291
142;city144;219;104;city262;151;226;city276;94;401;city143;9;296;city287
125;city251;160;199;city91;200;217;city176;414;220;city246;160;218;city101;318;307;city143;314;414;city87;367;393;city147;487;216;city226;378;79;city62;344;194;city202;227;107;city131;395;146;city247;370;164;city198;407;106;city144;67;69;city140;185;447;city64;491;263;city97;407;89;city290
165;city87;329;355;city67;57;380;city76;435;194;city108;124;455;city233;158;294;city169
132;city234;350;318;city200;473;480;city123;417;161;city138;141;464;city175;410;128;city182;149;177;city151;69;180;city141;189;162;city156;99;391;city86;68;32;city291;321;132;city107;339;41;city164;456;468;city120;71;418;city189
147;city118;198;414;city141;221;199;city283;331;464;city252;308;264;city154
161;city272;17;184;city176;130;415;city223;450;329;city90
152;city250;292;268;city164;446;137;city269;294;197;city215
160;city234;188;148;city87;456;149;city145;295;208;city243;163;139;city68;119;78;city176;3;264;city280;17;143;city274
173;city134;62;485;city70;468;300;city282;222;310;city69;288;205;city60
171;city225;34;60;city245;280;178;city227;391;77;city108;146;6;city160;19;160;city167;63;286;city116;87;4;city176;121;170;city257
171;city225;34;60;city245;280;178;city227;391;77;city108;146;6;city160;19;160;city167;63;286;city116;87;4;city176;121;170;city257
142;city144;219;104;city262;151;226;city276;94;401;city143;9;296;city287
147;city118;198;414;city141;221;199;city283;331;464;city252;308;264;city154
157;city248;244;478;city186;33;243;city63;343;408;city205;406;394;city104;453;213;city91;427;203;city287;339;44;city179;75;112;city119;7;181;city276;328;107;city168;395;270;city167;359;351;city192
157;city248;244;478;city186;33;243;city63;343;408;city205;406;394;city104;453;213;city91;427;203;city287;339;44;city179;75;112;city119;7;181;city276;328;107;city168;395;270;city167;359;351;city192
136;city136;488;326;city103
159;city287;198;53;city164;488;341;city50;134;66;city93;176;90;city232;239;418;city213;312;254;city107;39;498;city132;392;149;city231;240;353;city217;415;417;city275;251;433;city152;237;189;city190;180;205;city121;47;364;city144
130;city247;447;26;city119;374;406;city251;351;19;city50;246;377;city55;484;122;city212;100;280;city98;276;223;city292;102;209;city127;79;282;city88;117;266;city79;476;295;city62;242;407;city206;213;127;city162;294;5;city282;347;174;city234
164;city98;31;265;city207;183;58;city178;17;481;city261;349;108;city193;171;487;city280;469;328;city250;328;425;city208;500;221;city53;288;214;city58;206;103;city174;404;81;city198;404;356;city137;497;50;city74;354;281;city68;41;361;city274;489;245;city265;29;499;city189
137;city181;490;390;city285;378;5;city288;183;205;city222
138;city189;142;268;city175;263;498;city81;26;468;city221;43;207;city180;359;212;city249;186;3;city164;95;146;city218;21;211;city296;45;61;city214
156;city174;306;172;city269;288;377;city220;205;376;city53;67;327;city177;385;99;city182;252;205;city288;372;112;city279;349;298;city119;354;208;city84;195;480;city281;142;257;city202;130;64;city248;265;488;city225;473;486;city184;393;262;city261;349;331;city253;62;410;city124;395;343;city205;40;497;city94
172;city121;418;373;city155;179;52;city50;300;430;city69;230;141;city236;50;115;city166;88;334;city165;253;340;city210;393;362;city94;2;457;city139;65;89;city157;473;345;city151;392;193;city197;23;219;city185;87;488;city251;100;16;city258;362;332;city244
147;city118;198;414;city141;221;199;city283;331;464;city252;308;264;city154
163;city200;236;453;city65;322;8;city195;98;282;city125;74;322;city152;28;243;city92;272;95;city292;285;419;city268;113;223;city219;218;401;city67;385;69;city164;412;214;city93;81;238;city111;115;288;city185
132;city234;350;318;city200;473;480;city123;417;161;city138;141;464;city175;410;128;city182;149;177;city151;69;180;city141;189;162;city156;99;391;city86;68;32;city291;321;132;city107;339;41;city164;456;468;city120;71;418;city189
156;city174;306;172;city269;288;377;city220;205;376;city53;67;327;city177;385;99;city182;252;205;city288;372;112;city279;349;298;city119;354;208;city84;195;480;city281;142;257;city202;130;64;city248;265;488;city225;473;486;city184;393;262;city261;349;331;city253;62;410;city124;395;343;city205;40;497;city94
155;city85;356;429;city195;351;212;city104;258;194;city93;469;29;city215;123;251;city144;71;260;city79
157;city248;244;478;city186;33;243;city63;343;408;city205;406;394;city104;453;213;city91;427;203;city287;339;44;city179;75;112;city119;7;181;city276;328;107;city168;395;270;city167;359;351;city192
144;city257;139;376;city210;424;52;city78;320;433;city295;312;109;city77;205;492;city113;443;251;city186;412;69;city296
162;city280;102;294;city239;46;384;city192;43;491;city170;333;429;city99;478;50;city251;229;146;city158;484;397;city199;387;469;city63;265;276;city255;199;62;city114;301;107;city58;18;278;city126;69;28;city156;216;204;city61
157;city248;244;478;city186;33;243;city63;343;408;city205;406;394;city104;453;213;city91;427;203;city287;339;44;city179;75;112;city119;7;181;city276;328;107;city168;395;270;city167;359;351;city192
154;city115;479;127;city100;349;3;city110;400;455;city86;30;467;city214;328;141;city275
152;city250;292;268;city164;446;137;city269;294;197;city215
159;city287;198;53;city164;488;341;city50;134;66;city93;176;90;city232;239;418;city213;312;254;city107;39;498;city132;392;149;city231;240;353;city217;415;417;city275;251;433;city152;237;189;city190;180;205;city121;47;364;city144
137;city181;490;390;city285;378;5;city288;183;205;city222
135;city237;169;395;city74;108;260;city60;229;40;city231;369;428;city278;348;50;city90;222;120;city94;81;289;city202;39;177;city164;398;403;city266;205;377;city51
173;city134;62;485;city70;468;300;city282;222;310;city69;288;205;city60
127;city53;463;352;city90;99;209;city216;316;202;city177;262;422;city121;165;469;city284;487;304;city188;46;193;city203;346;80;city74;121;43;city69;234;338;city223;426;151;city263;185;37;city99;341;258;city186;22;329;city200;310;290;city73;159;176;city164;467;57;city242;447;156;city65
144;city257;139;376;city210;424;52;city78;320;433;city295;312;109;city77;205;492;city113;443;251;city186;412;69;city296
125;city251;160;199;city91;200;217;city176;414;220;city246;160;218;city101;318;307;city143;314;414;city87;367;393;city147;487;216;city226;378;79;city62;344;194;city202;227;107;city131;395;146;city247;370;164;city198;407;106;city144;67;69;city140;185;447;city64;491;263;city97;407;89;city290
142;city144;219;104;city262;151;226;city276;94;401;city143;9;296;city287
157;city248;244;478;city186;33;243;city63;343;408;city205;406;394;city104;453;213;city91;427;203;city287;339;44;city179;75;112;city119;7;181;city276;328;107;city168;395;270;city167;359;351;city192
165;city87;329;355;city67;57;380;city76;435;194;city108;124;455;city233;158;294;city169
168;city143;434;32;city168;329;194;city284;291;260;city190;17;136;city51;312;4;city114;459;439;city236;439;125;city136;172;350;city178;163;34;city149;437;250;city182;19;32;city142;471;489;city148;179;39;city287;412;193;city194;481;93;city92;99;132;city137;330;482;city219
152;city250;292;268;city164;446;137;city269;294;197;city215
140;city258;284;352;city93;37;228;city165;52;288;city224;479;273;city83;480;336;city63;493;391;city235
166;city233;216;183;city290;62;35;city147;433;470;city232;103;285;city75;346;99;city170
149;city225;93;46;city167;400;237;city81;355;23;city70;302;30;city176;35;187;city97;482;377;city142;293;312;city164;91;452;city236;213;210;city277;37;185;city293
151;city161;221;392;city68;92;89;city133;354;7;city58;224;83;city93;405;63;city179;422;159;city207;236;76;city134;165;151;city282;443;431;city130;365;414;city115;110;117;city77;215;404;city139;204;120;city212
149;city225;93;46;city167;400;237;city81;355;23;city70;302;30;city176;35;187;city97;482;377;city142;293;312;city164;91;452;city236;213;210;city277;37;185;city293
173;city134;62;485;city70;468;300;city282;222;310;city69;288;205;city60
148;city266;342;238;city209;203;31;city232;461;366;city265;76;373;city259;212;294;city95;384;475;city284;316;462;city76
158;city152;467;260;city143;378;137;city249;125;11;city226;189;129;city165;153;174;city54;231;323;city108;124;187;city194;244;481;city167
131;city125;94;410;city175;4;403;city183;173;467;city96;272;223;city83;214;366;city76;337;119;city123;406;133;city136;228;377;city176;198;47;city107;27;377;city139;365;21;city271;338;451;city253;116;163;city70;392;145;city111;320;148;city234;192;351;city71
134;city88;99;470;city63;124;101;city132;262;96;city280
138;city189;142;268;city175;263;498;city81;26;468;city221;43;207;city180;359;212;city249;186;3;city164;95;146;city218;21;211;city296;45;61;city214
167;city58;216;173;city83;58;273;city294;469;101;city185;430;35;city191
160;city234;188;148;city87;456;149;city145;295;208;city243;163;139;city68;119;78;city176;3;264;city280;17;143;city274
158;city152;467;260;city143;378;137;city249;125;11;city226;189;129;city165;153;174;city54;231;323;city108;124;187;city194;244;481;city167
142;city144;219;104;city262;151;226;city276;94;401;city143;9;296;city287
172;city121;418;373;city155;179;52;city50;300;430;city69;230;141;city236;50;115;city166;88;334;city165;253;340;city210;393;362;city94;2;457;city139;65;89;city157;473;345;city151;392;193;city197;23;219;city185;87;488;city251;100;16;city258;362;332;city244
156;city174;306;172;city269;288;377;city220;205;376;city53;67;327;city177;385;99;city182;252;205;city288;372;112;city279;349;298;city119;354;208;city84;195;480;city281;142;257;city202;130;64;city248;265;488;city225;473;486;city184;393;262;city261;349;331;city253;62;410;city124;395;343;city205;40;497;city94
161;city272;17;184;city176;130;415;city223;450;329;city90
169;city172;79;461;city286;66;68;city222;471;249;city247;334;317;city155;356;476;city65;149;421;city186;435;346;city164;159;178;city191;93;78;city95;169;153;city258;39;299;city249;431;191;city207;119;428;city143;238;465;city279;152;74;city80;28;282;city138;385;483;city250
161;city272;17;184;city176;130;415;city223;450;329;city90
142;city144;219;104;city262;151;226;city276;94;401;city143;9;296;city287
138;city189;142;268;city175;263;498;city81;26;468;city221;43;207;city180;359;212;city249;186;3;city164;95;146;city218;21;211;city296;45;61;city214
132;city234;350;318;city200;473;480;city123;417;161;city138;141;464;city175;410;128;city182;149;177;city151;69;180;city141;189;162;city156;99;391;city86;68;32;city291;321;132;city107;339;41;city164;456;468;city120;71;418;city189
129;city118;62;330;city60;455;477;city163;448;289;city89;474;383;city68;287;286;city95;125;350;city190;28;242;city269;294;413;city55;164;5394;city254;77;189;city193;378;234;city65;416;386;city139
157;city248;244;478;city186;33;243;city63;343;408;city205;406;394;city104;453;213;city91;427;203;city287;339;44;city179;75;112;city119;7;181;city276;328;107;city168;395;270;city167;359;351;city192
125;city251;160;199;city91;200;217;city176;414;220;city246;160;218;city101;318;307;city143;314;414;city87;367;393;city147;487;216;city226;378;79;city62;344;194;city202;227;107;city131;395;146;city247;370;164;city198;407;106;city144;67;69;city140;185;447;city64;491;263;city97;407;89;city290
168;city143;434;32;city168;329;194;city284;291;260;city190;17;136;city51;312;4;city114;459;439;city236;439;125;city136;172;350;city178;163;34;city149;437;250;city182;19;32;city142;471;489;city148;179;39;city287;412;193;city194;481;93;city92;99;132;city137;330;482;city219
154;city115;479;127;city100;349;3;city110;400;455;city86;30;467;city214;328;141;city275
144;city257;139;376;city210;424;52;city78;320;433;city295;312;109;city77;205;492;city113;443;251;city186;412;69;city296
161;city272;17;184;city176;130;415;city223;450;329;city90
164;city98;31;265;city207;183;58;city178;17;481;city261;349;108;city193;171;487;city280;469;328;city250;328;425;city208;500;221;city53;288;214;city58;206;103;city174;404;81;city198;404;356;city137;497;50;city74;354;281;city68;41;361;city274;489;245;city265;29;499;city189
144;city257;139;376;city210;424;52;city78;320;433;city295;312;109;city77;205;492;city113;443;251;city186;412;69;city296
157;city248;244;478;city186;33;243;city63;343;408;city205;406;394;city104;453;213;city91;427;203;city287;339;44;city179;75;112;city119;7;181;city276;328;107;city168;395;270;city167;359;351;city192
152;city250;292;268;city164;446;137;city269;294;197;city215
161;city272;17;184;city176;130;415;city223;450;329;city90
140;city258;284;352;city93;37;228;city165;52;288;city224;479;273;city83;480;5677;city63;493;391;city235
146;city248;443;489;city273
151;city161;221;392;city68;92;89;city133;354;7;city58;224;83;city93;405;63;city179;422;159;city207;236;76;city134;165;151;city282;443;431;city130;365;414;city115;110;117;city77;215;404;city139;204;120;city212
148;city266;342;238;city209;203;31;city232;461;366;city265;76;373;city259;212;294;city95;384;475;city284;316;462;city76
166;city233;216;183;city290;62;35;city147;433;470;city232;103;285;city75;346;99;city170
127;city53;463;352;city90;99;209;city216;316;202;city177;262;422;city121;165;469;city284;487;304;city188;46;193;city203;346;80;city74;121;43;city69;234;338;city223;426;151;city263;185;37;city99;341;258;city186;22;329;city200;310;290;city73;159;176;city164;467;57;city242;447;156;city65
132;city234;350;318;city200;473;480;city123;417;161;city138;141;464;city175;410;128;city182;149;177;city151;69;180;city141;189;162;city156;99;391;city86;68;32;city291;321;132;city107;339;41;city164;456;468;city120;71;418;city189
167;city58;216;173;city83;58;273;city294;469;101;city185;430;35;city191
159;city287;198;53;city164;488;341;city50;134;66;city93;176;90;city232;239;418;city213;312;254;city107;39;498;city132;392;149;city231;240;353;city217;415;417;city275;251;433;city152;237;189;city190;180;205;city121;47;364;city144
168;city143;434;32;city168;329;194;city284;291;260;city190;17;136;city51;312;4;city114;459;439;city236;439;125;city136;172;350;city178;163;34;city149;437;250;city182;19;32;city142;471;489;city148;179;39;city287;412;193;city194;481;93;city92;99;132;city137;330;482;city219
143;city51;252;420;city124;37;26;city71;295;455;city173;318;176;city109;129;495;city268;325;259;city253;494;135;city154;170;349;city113;30;9;city129;26;323;city86;180;326;city160;335;130;city125;320;253;city221;338;192;city229;409;165;city267;311;268;city278;33;198;city156;162;386;city218
142;city144;219;104;city262;151;226;city276;94;401;city143;9;296;city287
168;city143;434;32;city168;329;194;city284;291;260;city190;17;136;city51;312;4;city114;459;439;city236;439;125;city136;172;350;city178;163;34;city149;437;250;city182;19;32;city142;471;489;city148;179;39;city287;412;193;city194;481;93;city92;99;132;city137;330;482;city219
