










127;city161;293;72;city141;156;269;city257;37;387;city267;135;255;city239;11;483;city248;185;184;city147;338;253;city183

133;city155;94;52;city166;397;130;city212


140;city297;380;78;city286;159;462;city208;366;90;city58;54;465;city56;495;416;city277;135;331;city287
140;city297;380;78;city286;159;462;city208;366;90;city58;54;465;city56;495;416;city277;135;331;city287
149;city274;6;237;city172;332;44;city59;180;131;city151;449;53;city102;227;420;city153;393;151;city127;398;128;city92;278;344;city69;431;436;city245;214;284;city113

167;city146;122;470;city276




174;city196;130;443;city159;285;497;city116;125;285;city162;213;142;city98;407;7;city293;139;444;city229;475;138;city67;86;471;city230;261;477;city288;305;164;city232;90;473;city241;266;14;city100;471;364;city77;266;39;city143;213;277;city297;382;462;city161;11;137;city294;91;395;city53




144;city110;229;53;city263;110;272;city78;442;264;city136;448;54;city89;144;486;city237

174;city196;130;443;city159;285;497;city116;125;285;city162;213;142;city98;407;7;city293;139;444;city229;475;138;city67;86;471;city230;261;477;city288;305;164;city232;90;473;city241;266;14;city100;471;364;city77;266;39;city143;213;277;city297;382;462;city161;11;137;city294;91;395;city53

166;city261;170;171;city298;51;113;city167;384;179;city161;98;241;city182;131;390;city149;78;90;city233;19;449;city222;25;465;city204;280;253;city63;500;452;city106;396;20;city284

127;city161;293;72;city141;156;269;city257;37;387;city267;135;255;city239;11;483;city248;185;184;city147;338;253;city183
130;city81;161;250;city195;72;496;city139;118;185;city237;497;203;city145;203;340;city107
171;city203;66;228;city68;302;50;city269;156;131;city149;400;439;city274;395;413;city125;113;434;city168;453;163;city148;415;299;city284;264;278;city179;442;470;city225;377;46;city161;146;391;city151;232;307;city174;271;306;city257;180;47;city81
153;city294;44;346;city156

146;city52;349;70;city238;69;300;city99;285;432;city276;447;54;city79;283;435;city53;343;16;city205

138;city118;177;307;city192;368;466;city275;346;459;city52;122;342;city114;421;325;city90;481;289;city195;460;461;city95;110;205;city146;287;67;city75;288;24;city67;138;159;city221;75;439;city217;44;340;city186;347;311;city51;223;174;city128;254;403;city59;188;115;city152;367;22;city77
140;city297;380;78;city286;159;462;city208;366;90;city58;54;465;city56;495;416;city277;135;331;city287

130;city81;161;250;city195;72;496;city139;118;185;city237;497;203;city145;203;340;city107
166;city261;170;171;city298;51;113;city167;384;179;city161;98;241;city182;131;390;city149;78;90;city233;19;449;city222;25;465;city204;280;253;city63;500;452;city106;396;20;city284


150;city297;168;132;city271;302;165;city200;465;41;city143;292;179;city131;176;372;city114;439;281;city100;182;371;city161;498;248;city51;446;289;city239;120;153;city277
136;city106;356;276;city136;148;18;city264;404;320;city181;9;326;city161;184;142;city187;16;132;city238;162;107;city291;488;52;city193;300;356;city84;478;343;city117;141;235;city147


170;city199;443;204;city68;415;376;city178;225;184;city172;360;202;city211;232;67;city219;192;27;city223;139;155;city241

142;city80;344;124;city187;342;252;city188;269;426;city90;465;17;city109;494;310;city281;397;201;city120;405;97;city144;209;425;city292;152;432;city177;142;146;city60


135;city160;327;148;city189;53;323;city55;134;337;city200;233;36;city252;79;374;city86;429;90;city267;456;169;city263;87;201;city155
171;city203;66;228;city68;302;50;city269;156;131;city149;400;439;city274;395;413;city125;113;434;city168;453;163;city148;415;299;city284;264;278;city179;442;470;city225;377;46;city161;146;391;city151;232;307;city174;271;306;city257;180;47;city81
167;city146;122;470;city276
171;city203;66;228;city68;302;50;city269;156;131;city149;400;439;city274;395;413;city125;113;434;city168;453;163;city148;415;299;city284;264;278;city179;442;470;city225;377;46;city161;146;391;city151;232;307;city174;271;306;city257;180;47;city81
151;city299;206;383;city51
143;city215;9;227;city196;436;216;city74;2;42;city101;398;179;city147;451;215;city142;13;18;city127;124;156;city104;312;316;city208;378;385;city251;269;314;city80
144;city110;229;53;city263;110;272;city78;442;264;city136;448;54;city89;144;486;city237
145;city297;398;399;city213;114;494;city157;244;209;city130;355;7;city181;280;303;city68;236;255;city172;328;359;city93;269;300;city110;202;121;city101


147;city53;293;7;city262;59;155;city231;473;116;city165;334;239;city61;275;35;city76;297;142;city102;11;340;city141;235;310;city190;306;230;city299;280;273;city120;70;461;city221;246;220;city51;53;56;city267;160;112;city216
146;city52;349;70;city238;69;300;city99;285;432;city276;447;54;city79;283;435;city53;343;16;city205


144;city110;229;53;city263;110;272;city78;442;264;city136;448;54;city89;144;486;city237
127;city161;293;72;city141;156;269;city257;37;387;city267;135;255;city239;11;483;city248;185;184;city147;338;253;city183

172;city66;250;410;city290;261;288;city288;431;86;city202;101;103;city117;134;74;city237;432;409;city287;377;340;city142;129;449;city218;133;71;city178;240;115;city143;271;487;city150;240;21;city122;391;378;city186;162;217;city102;414;194;city106;148;370;city268
131;city171;457;306;city227;12;29;city296;138;19;city72;141;109;city292
131;city171;457;306;city227;12;29;city296;138;19;city72;141;109;city292
143;city215;9;227;city196;436;216;city74;2;42;city101;398;179;city147;451;215;city142;13;18;city127;124;156;city104;312;316;city208;378;385;city251;269;314;city80
136;city106;356;276;city136;148;18;city264;404;320;city181;9;326;city161;184;142;city187;16;132;city238;162;107;city291;488;52;city193;300;356;city84;478;343;city117;141;235;city147
128;city95;135;102;city125;204;222;city241;321;415;city243;233;480;city282;473;168;city263;111;224;city67;128;440;city174;107;255;city61;133;438;city232;74;431;city198;340;373;city195;332;446;city109;417;454;city202;128;158;city167;424;275;city55;387;199;city68;203;229;city66;149;16;city286;130;18;city226
145;city297;398;399;city213;114;494;city157;244;209;city130;355;7;city181;280;303;city68;236;255;city172;328;359;city93;269;300;city110;202;121;city101
128;city95;135;102;city125;204;222;city241;321;415;city243;233;480;city282;473;168;city263;111;224;city67;128;440;city174;107;255;city61;133;438;city232;74;431;city198;340;373;city195;332;446;city109;417;454;city202;128;158;city167;424;275;city55;387;199;city68;203;229;city66;149;16;city286;130;18;city226
135;city160;327;148;city189;53;323;city55;134;337;city200;233;36;city252;79;374;city86;429;90;city267;456;169;city263;87;201;city155
149;city274;6;237;city172;332;44;city59;180;131;city151;449;53;city102;227;420;city153;393;151;city127;398;128;city92;278;344;city69;431;436;city245;214;284;city113

173;city255;308;361;city275;50;263;city66;289;262;city100;74;90;city146;478;107;city232;101;460;city134;356;241;city129;427;464;city283;67;402;city235;109;366;city64;234;241;city128;324;147;city157;439;405;city90;347;91;city196;386;284;city70;155;449;city92;65;484;city199;83;484;city210;350;402;city174

168;city255;307;426;city164;127;65;city70

163;city186;422;299;city144;348;228;city152;496;393;city87;103;158;city293;43;244;city234
125;city177;446;83;city160;11;427;city82;172;215;city134;382;377;city264;199;450;city83;139;65;city157;255;266;city105;256;356;city209;89;470;city159;95;49;city217;300;469;city139;319;468;city122;189;394;city166;37;26;city257;210;431;city162
163;city186;422;299;city144;348;228;city152;496;393;city87;103;158;city293;43;244;city234
143;city215;9;227;city196;436;216;city74;2;42;city101;398;179;city147;451;215;city142;13;18;city127;124;156;city104;312;316;city208;378;385;city251;269;314;city80
142;city80;344;124;city187;342;252;city188;269;426;city90;465;17;city109;494;310;city281;397;201;city120;405;97;city144;209;425;city292;152;432;city177;142;146;city60
151;city299;206;383;city51
161;city81;404;144;city80;37;326;city163;201;100;city253;406;19;city184;410;488;city178;487;359;city176;250;245;city62;129;140;city282;50;297;city280;198;291;city286;333;379;city231;491;105;city77;304;150;city102;358;246;city201
134;city107;286;61;city109;101;284;city131;408;190;city276;490;223;city138;153;53;city293;485;394;city216;46;117;city137;200;331;city87;4;164;city51;311;416;city210;268;474;city111
161;city81;404;144;city80;37;326;city163;201;100;city253;406;19;city184;410;488;city178;487;359;city176;250;245;city62;129;140;city282;50;297;city280;198;291;city286;333;379;city231;491;105;city77;304;150;city102;358;246;city201
158;city286;335;71;city113;309;415;city197;63;78;city277;102;250;city61;38;180;city216;116;457;city171;373;352;city265;306;287;city237;397;78;city169;127;495;city143;266;292;city128;35;283;city252;382;451;city299;277;47;city164;163;444;city298
158;city286;335;71;city113;309;415;city197;63;78;city277;102;250;city61;38;180;city216;116;457;city171;373;352;city265;306;287;city237;397;78;city169;127;495;city143;266;292;city128;35;283;city252;382;451;city299;277;47;city164;163;444;city298
125;city177;446;83;city160;11;427;city82;172;215;city134;382;377;city264;199;450;city83;139;65;city157;255;266;city105;256;356;city209;89;470;city159;95;49;city217;300;469;city139;319;468;city122;189;394;city166;37;26;city257;210;431;city162

164;city61;258;321;city254;170;350;city226;498;28;city299;185;149;city63;302;361;city257;437;37;city147;343;378;city97;404;317;city103;434;98;city85;480;26;city116;215;487;city142;166;382;city149;283;276;city215;56;234;city143;21;439;city296;379;274;city209;175;10;city57;468;223;city256;106;371;city67
166;city261;170;171;city298;51;113;city167;384;179;city161;98;241;city182;131;390;city149;78;90;city233;19;449;city222;25;465;city204;280;253;city63;500;452;city106;396;20;city284
169;city166;73;245;city63;414;261;city124;17;361;city172;131;62;city159
130;city81;161;250;city195;72;496;city139;118;185;city237;497;203;city145;203;340;city107
150;city297;168;132;city271;302;165;city200;465;41;city143;292;179;city131;176;372;city114;439;281;city100;182;371;city161;498;248;city51;446;289;city239;120;153;city277
152;city274;383;276;city168;356;391;city234;308;160;city101;364;489;city239;301;105;city252;67;351;city293;482;72;city225;243;157;city135;18;104;city184;330;43;city185;224;308;city65
150;city297;168;132;city271;302;165;city200;465;41;city143;292;179;city131;176;372;city114;439;281;city100;182;371;city161;498;248;city51;446;289;city239;120;153;city277
169;city166;73;245;city63;414;261;city124;17;361;city172;131;62;city159
126;city264;229;156;city241;208;344;city144;466;422;city76;339;446;city160;198;465;city57;244;348;city135;58;14;city78;260;461;city117;244;391;city242;379;100;city71;206;361;city204;208;117;city153;396;371;city197;184;36;city121
139;city102;434;387;city75;438;239;city244;450;233;city76;367;436;city216;307;455;city54;493;303;city247
125;city177;446;83;city160;11;427;city82;172;215;city134;382;377;city264;199;450;city83;139;65;city157;255;266;city105;256;356;city209;89;470;city159;95;49;city217;300;469;city139;319;468;city122;189;394;city166;37;26;city257;210;431;city162
127;city161;293;72;city141;156;269;city257;37;387;city267;135;255;city239;11;483;city248;185;184;city147;338;253;city183
161;city81;404;144;city80;37;326;city163;201;100;city253;406;19;city184;410;488;city178;487;359;city176;250;245;city62;129;140;city282;50;297;city280;198;291;city286;333;379;city231;491;105;city77;304;150;city102;358;246;city201
136;city106;356;276;city136;148;18;city264;404;320;city181;9;326;city161;184;142;city187;16;132;city238;162;107;city291;488;52;city193;300;356;city84;478;343;city117;141;235;city147
172;city66;250;410;city290;261;288;city288;431;86;city202;101;103;city117;134;74;city237;432;409;city287;377;340;city142;129;449;city218;133;71;city178;240;115;city143;271;487;city150;240;21;city122;391;378;city186;162;217;city102;414;194;city106;148;370;city268
173;city255;308;361;city275;50;263;city66;289;262;city100;74;90;city146;478;107;city232;101;460;city134;356;241;city129;427;464;city283;67;402;city235;109;366;city64;234;241;city128;324;147;city157;439;405;city90;347;91;city196;386;284;city70;155;449;city92;65;484;city199;83;484;city210;350;402;city174
152;city274;383;276;city168;356;391;city234;308;160;city101;364;489;city239;301;105;city252;67;351;city293;482;72;city225;243;157;city135;18;104;city184;330;43;city185;224;308;city65
137;city125;203;224;city235
171;city203;66;228;city68;302;50;city269;156;131;city149;400;439;city274;395;413;city125;113;434;city168;453;163;city148;415;299;city284;264;278;city179;442;470;city225;377;46;city161;146;391;city151;232;307;city174;271;306;city257;180;47;city81
140;city297;380;78;city286;159;462;city208;366;90;city58;54;465;city56;495;416;city277;135;331;city287

142;city80;344;124;city187;342;252;city188;269;426;city90;465;17;city109;494;310;city281;397;201;city120;405;97;city144;209;425;city292;152;432;city177;142;146;city60
133;city155;94;52;city166;397;130;city212
166;city261;170;171;city298;51;113;city167;384;179;city161;98;241;city182;131;390;city149;78;90;city233;19;449;city222;25;465;city204;280;253;city63;500;452;city106;396;20;city284
167;city146;122;470;city276
137;city125;203;224;city235
140;city297;380;78;city286;159;462;city208;366;90;city58;54;465;city56;495;416;city277;135;331;city287
152;city274;383;276;city168;356;391;city234;308;160;city101;364;489;city239;301;105;city252;67;351;city293;482;72;city225;243;157;city135;18;104;city184;330;43;city185;224;308;city65
173;city255;308;361;city275;50;263;city66;289;262;city100;74;90;city146;478;107;city232;101;460;city134;356;241;city129;427;464;city283;67;402;city235;109;366;city64;234;241;city128;324;147;city157;439;405;city90;347;91;city196;386;284;city70;155;449;city92;65;484;city199;83;484;city210;350;402;city174
156;city267;47;84;city109;464;459;city239;219;81;city160;323;399;city198;188;468;city253;59;180;city59;157;159;city227;398;322;city289;360;379;city116;365;186;city196;277;227;city257;74;419;city78
152;city274;383;276;city168;356;391;city234;308;160;city101;364;489;city239;301;105;city252;67;351;city293;482;72;city225;243;157;city135;18;104;city184;330;43;city185;224;308;city65

143;city215;9;227;city196;436;216;city74;2;42;city101;398;179;city147;451;215;city142;13;18;city127;124;156;city104;312;316;city208;378;385;city251;269;314;city80
126;city264;229;156;city241;208;344;city144;466;422;city76;339;446;city160;198;465;city57;244;348;city135;58;14;city78;260;461;city117;244;391;city242;379;100;city71;206;361;city204;208;117;city153;396;371;city197;184;36;city121
136;city106;356;276;city136;148;18;city264;404;320;city181;9;326;city161;184;142;city187;16;132;city238;162;107;city291;488;52;city193;300;356;city84;478;343;city117;141;235;city147
144;city110;229;53;city263;110;272;city78;442;264;city136;448;54;city89;144;486;city237
157;city254;244;421;city108;315;173;city209;28;351;city161;320;119;city238;224;500;city133;317;385;city282;249;435;city59;107;316;city95
174;city196;130;443;city159;285;497;city116;125;285;city162;213;142;city98;407;7;city293;139;444;city229;475;138;city67;86;471;city230;261;477;city288;305;164;city232;90;473;city241;266;14;city100;471;364;city77;266;39;city143;213;277;city297;382;462;city161;11;137;city294;91;395;city53


167;city146;122;470;city276
147;city53;293;7;city262;59;155;city231;473;116;city165;334;239;city61;275;35;city76;297;142;city102;11;340;city141;235;310;city190;306;230;city299;280;273;city120;70;461;city221;246;220;city51;53;56;city267;160;112;city216
125;city177;446;83;city160;11;427;city82;172;215;city134;382;377;city264;199;450;city83;139;65;city157;255;266;city105;256;356;city209;89;470;city159;95;49;city217;300;469;city139;319;468;city122;189;394;city166;37;26;city257;210;431;city162
135;city160;327;148;city189;53;323;city55;134;337;city200;233;36;city252;79;374;city86;429;90;city267;456;169;city263;87;201;city155
161;city81;404;144;city80;37;326;city163;201;100;city253;406;19;city184;410;488;city178;487;359;city176;250;245;city62;129;140;city282;50;297;city280;198;291;city286;333;379;city231;491;105;city77;304;150;city102;358;246;city201
146;city52;349;70;city238;69;300;city99;285;432;city276;447;54;city79;283;435;city53;343;16;city205
156;city267;47;84;city109;464;459;city239;219;81;city160;323;399;city198;188;468;city253;59;180;city59;157;159;city227;398;322;city289;360;379;city116;365;186;city196;277;227;city257;74;419;city78
169;city166;73;245;city63;414;261;city124;17;361;city172;131;62;city159
151;city299;206;383;city51
130;city81;161;250;city195;72;496;city139;118;185;city237;497;203;city145;203;340;city107
140;city297;380;78;city286;159;462;city208;366;90;city58;54;465;city56;495;416;city277;135;331;city287
140;city297;380;78;city286;159;462;city208;366;90;city58;54;465;city56;495;416;city277;135;331;city287
171;city203;66;228;city68;302;50;city269;156;131;city149;400;439;city274;395;413;city125;113;434;city168;453;163;city148;415;299;city284;264;278;city179;442;470;city225;377;46;city161;146;391;city151;232;307;city174;271;306;city257;180;47;city81
136;city106;356;276;city136;148;18;city264;404;320;city181;9;326;city161;184;142;city187;16;132;city238;162;107;city291;488;52;city193;300;356;city84;478;343;city117;141;235;city147
161;city81;404;144;city80;37;326;city163;201;100;city253;406;19;city184;410;488;city178;487;359;city176;250;245;city62;129;140;city282;50;297;city280;198;291;city286;333;379;city231;491;105;city77;304;150;city102;358;246;city201
152;city274;383;276;city168;356;391;city234;308;160;city101;364;489;city239;301;105;city252;67;351;city293;482;72;city225;243;157;city135;18;104;city184;330;43;city185;224;308;city65
173;city255;308;361;city275;50;263;city66;289;262;city100;74;90;city146;478;107;city232;101;460;city134;356;241;city129;427;464;city283;67;402;city235;109;366;city64;234;241;city128;324;147;city157;439;405;city90;347;91;city196;386;284;city70;155;449;city92;65;484;city199;83;484;city210;350;402;city174
129;city264;460;245;city228;131;290;city62;19;178;city239;373;173;city111;8;390;city224;426;389;city240
131;city171;457;306;city227;12;29;city296;138;19;city72;141;109;city292
150;city297;168;132;city271;302;165;city200;465;41;city143;292;179;city131;176;372;city114;439;281;city100;182;371;city161;498;248;city51;446;289;city239;120;153;city277
132;city56;367;91;city152;455;397;city188;286;458;city253;387;394;city210;125;461;city263;70;77;city225;116;314;city194;242;166;city283;92;9;city277;207;229;city143;332;78;city125;225;6;city242;477;458;city55;171;182;city224;58;265;city233;259;75;city295;38;335;city272;487;233;city199
143;city215;9;227;city196;436;216;city74;2;42;city101;398;179;city147;451;215;city142;13;18;city127;124;156;city104;312;316;city208;378;385;city251;269;314;city80
169;city166;73;245;city63;414;261;city124;17;361;city172;131;62;city159
127;city161;293;72;city141;156;269;city257;37;387;city267;135;255;city239;11;483;city248;185;184;city147;338;253;city183
142;city80;344;124;city187;342;252;city188;269;426;city90;465;17;city109;494;310;city281;397;201;city120;405;97;city144;209;425;city292;152;432;city177;142;146;city60
130;city81;161;250;city195;72;496;city139;118;185;city237;497;203;city145;203;340;city107
129;city264;460;245;city228;131;290;city62;19;178;city239;373;173;city111;8;390;city224;426;389;city240
166;city261;170;171;city298;51;113;city167;384;179;city161;98;241;city182;131;390;city149;78;90;city233;19;449;city222;25;465;city204;280;253;city63;500;452;city106;396;20;city284
156;city267;47;84;city109;464;459;city239;219;81;city160;323;399;city198;188;468;city253;59;180;city59;157;159;city227;398;322;city289;360;379;city116;365;186;city196;277;227;city257;74;419;city78
171;city203;66;228;city68;302;50;city269;156;131;city149;400;439;city274;395;413;city125;113;434;city168;453;163;city148;415;299;city284;264;278;city179;442;470;city225;377;46;city161;146;391;city151;232;307;city174;271;306;city257;180;47;city81
135;city160;327;148;city189;53;323;city55;134;337;city200;233;36;city252;79;374;city86;429;90;city267;456;169;city263;87;201;city155
170;city199;443;204;city68;415;376;city178;225;184;city172;360;202;city211;232;67;city219;192;27;city223;139;155;city241
137;city125;203;224;city235
125;city177;446;83;city160;11;427;city82;172;215;city134;382;377;city264;199;450;city83;139;65;city157;255;266;city105;256;356;city209;89;470;city159;95;49;city217;300;469;city139;319;468;city122;189;394;city166;37;26;city257;210;431;city162
142;city80;344;124;city187;342;252;city188;269;426;city90;465;17;city109;494;310;city281;397;201;city120;405;97;city144;209;425;city292;152;432;city177;142;146;city60
135;city160;327;148;city189;53;323;city55;134;337;city200;233;36;city252;79;374;city86;429;90;city267;456;169;city263;87;201;city155
143;city215;9;227;city196;436;216;city74;2;42;city101;398;179;city147;451;215;city142;13;18;city127;124;156;city104;312;316;city208;378;385;city251;269;314;city80
131;city171;457;306;city227;12;29;city296;138;19;city72;141;109;city292
173;city255;308;361;city275;50;263;city66;289;262;city100;74;90;city146;478;107;city232;101;460;city134;356;241;city129;427;464;city283;67;402;city235;109;366;city64;234;241;city128;324;147;city157;439;405;city90;347;91;city196;386;284;city70;155;449;city92;65;484;city199;83;484;city210;350;402;city174
151;city299;206;383;city51
129;city264;460;245;city228;131;290;city62;19;178;city239;373;173;city111;8;390;city224;426;389;city240
142;city80;344;124;city187;342;252;city188;269;426;city90;465;17;city109;494;310;city281;397;201;city120;405;97;city144;209;425;city292;152;432;city177;142;146;city60
163;city186;422;299;city144;348;228;city152;496;393;city87;103;158;city293;43;244;city234
154;city83;100;200;city140;361;7;city104;492;303;city72
161;city81;404;144;city80;37;326;city163;201;100;city253;406;19;city184;410;488;city178;487;359;city176;250;245;city62;129;140;city282;50;297;city280;198;291;city286;333;379;city231;491;105;city77;304;150;city102;358;246;city201
131;city171;457;306;city227;12;29;city296;138;19;city72;141;109;city292
167;city146;122;470;city276
165;city219;100;269;city194;221;258;city215;344;494;city191;97;381;city294;377;63;city206;61;349;city182;385;449;city103;26;146;city110;101;248;city253;42;72;city72;27;77;city226;190;116;city248
146;city52;349;70;city238;69;300;city99;285;432;city276;447;54;city79;283;435;city53;343;16;city205
168;city255;307;426;city164;127;65;city70
140;city297;380;78;city286;159;462;city208;366;90;city58;54;465;city56;495;416;city277;135;331;city287
149;city274;6;237;city172;332;44;city59;180;131;city151;449;53;city102;227;420;city153;393;151;city127;398;128;city92;278;344;city69;431;436;city245;214;284;city113
160;city263;381;267;city65;282;290;city217;301;137;city152;215;305;city256;30;330;city250;418;24;city198;27;40;city105;382;87;city106;476;128;city191;93;225;city266
146;city52;349;70;city238;69;300;city99;285;432;city276;447;54;city79;283;435;city53;343;16;city205
157;city254;244;421;city108;315;173;city209;28;351;city161;320;119;city238;224;500;city133;317;385;city282;249;435;city59;107;316;city95

127;city161;293;72;city141;156;269;city257;37;387;city267;135;255;city239;11;483;city248;185;184;city147;338;253;city183
133;city155;94;52;city166;397;130;city212
143;city215;9;227;city196;436;216;city74;2;42;city101;398;179;city147;451;215;city142;13;18;city127;124;156;city104;312;316;city208;378;385;city251;269;314;city80
136;city106;356;276;city136;148;18;city264;404;320;city181;9;326;city161;184;142;city187;16;132;city238;162;107;city291;488;52;city193;300;356;city84;478;343;city117;141;235;city147
173;city255;308;361;city275;50;263;city66;289;262;city100;74;90;city146;478;107;city232;101;460;city134;356;241;city129;427;464;city283;67;402;city235;109;366;city64;234;241;city128;324;147;city157;439;405;city90;347;91;city196;386;284;city70;155;449;city92;65;484;city199;83;484;city210;350;402;city174
149;city274;6;237;city172;332;44;city59;180;131;city151;449;53;city102;227;420;city153;393;151;city127;398;128;city92;278;344;city69;431;436;city245;214;284;city113
148;city227;346;192;city65;272;195;city220;103;335;city296;443;72;city135;51;251;city247;240;261;city107;285;367;city178;412;138;city167;90;467;city132;334;142;city264
169;city166;73;245;city63;414;261;city124;17;361;city172;131;62;city159
154;city83;100;200;city140;361;7;city104;492;303;city72
138;city118;177;307;city192;368;466;city275;346;459;city52;122;342;city114;421;325;city90;481;289;city195;460;461;city95;110;205;city146;287;67;city75;288;24;city67;138;159;city221;75;439;city217;44;340;city186;347;311;city51;223;174;city128;254;403;city59;188;115;city152;367;22;city77
148;city227;346;192;city65;272;195;city220;103;335;city296;443;72;city135;51;251;city247;240;261;city107;285;367;city178;412;138;city167;90;467;city132;334;142;city264
168;city255;307;426;city164;127;65;city70
137;city125;203;224;city235
141;city68;352;456;city52;477;343;city246;266;100;city225;159;131;city212;242;440;city164;352;368;city115;194;213;city208;167;351;city170;468;387;city197;361;72;city132;408;133;city114
171;city203;66;228;city68;302;50;city269;156;131;city149;400;439;city274;395;413;city125;113;434;city168;453;163;city148;415;299;city284;264;278;city179;442;470;city225;377;46;city161;146;391;city151;232;307;city174;271;306;city257;180;47;city81
150;city297;168;132;city271;302;165;city200;465;41;city143;292;179;city131;176;372;city114;439;281;city100;182;371;city161;498;248;city51;446;289;city239;120;153;city277
144;city110;229;53;city263;110;272;city78;442;264;city136;448;54;city89;144;486;city237
166;city261;170;171;city298;51;113;city167;384;179;city161;98;241;city182;131;390;city149;78;90;city233;19;449;city222;25;465;city204;280;253;city63;500;452;city106;396;20;city284
144;city110;229;53;city263;110;272;city78;442;264;city136;448;54;city89;144;486;city237
166;city261;170;171;city298;51;113;city167;384;179;city161;98;241;city182;131;390;city149;78;90;city233;19;449;city222;25;465;city204;280;253;city63;500;452;city106;396;20;city284
138;city118;177;307;city192;368;466;city275;346;459;city52;122;342;city114;421;325;city90;481;289;city195;460;461;city95;110;205;city146;287;67;city75;288;24;city67;138;159;city221;75;439;city217;44;340;city186;347;311;city51;223;174;city128;254;403;city59;188;115;city152;367;22;city77
132;city56;367;91;city152;455;397;city188;286;458;city253;387;394;city210;125;461;city263;70;77;city225;116;314;city194;242;166;city283;92;9;city277;207;229;city143;332;78;city125;225;6;city242;477;458;city55;171;182;city224;58;265;city233;259;75;city295;38;335;city272;487;233;city199
170;city199;443;204;city68;415;376;city178;225;184;city172;360;202;city211;232;67;city219;192;27;city223;139;155;city241
146;city52;349;70;city238;69;300;city99;285;432;city276;447;54;city79;283;435;city53;343;16;city205
150;city297;168;132;city271;302;165;city200;465;41;city143;292;179;city131;176;372;city114;439;281;city100;182;371;city161;498;248;city51;446;289;city239;120;153;city277
168;city255;307;426;city164;127;65;city70
133;city155;94;52;city166;397;130;city212

139;city102;434;387;city75;438;239;city244;450;233;city76;367;436;city216;307;455;city54;493;303;city247
173;city255;308;361;city275;50;263;city66;289;262;city100;74;90;city146;478;107;city232;101;460;city134;356;241;city129;427;464;city283;67;402;city235;109;366;city64;234;241;city128;324;147;city157;439;405;city90;347;91;city196;386;284;city70;155;449;city92;65;484;city199;83;484;city210;350;402;city174
127;city161;293;72;city141;156;269;city257;37;387;city267;135;255;city239;11;483;city248;185;184;city147;338;253;city183
167;city146;122;470;city276
153;city294;44;346;city156
133;city155;94;52;city166;397;130;city212
141;city68;352;456;city52;477;343;city246;266;100;city225;159;131;city212;242;440;city164;352;368;city115;194;213;city208;167;351;city170;468;387;city197;361;72;city132;408;133;city114
136;city106;356;276;city136;148;18;city264;404;320;city181;9;326;city161;184;142;city187;16;132;city238;162;107;city291;488;52;city193;300;356;city84;478;343;city117;141;235;city147
165;city219;100;269;city194;221;258;city215;344;494;city191;97;381;city294;377;63;city206;61;349;city182;385;449;city103;26;146;city110;101;248;city253;42;72;city72;27;77;city226;190;116;city248
167;city146;122;470;city276
127;city161;293;72;city141;156;269;city257;37;387;city267;135;255;city239;11;483;city248;185;184;city147;338;253;city183
138;city118;177;307;city192;368;466;city275;346;459;city52;122;342;city114;421;325;city90;481;289;city195;460;461;city95;110;205;city146;287;67;city75;288;24;city67;138;159;city221;75;439;city217;44;340;city186;347;311;city51;223;174;city128;254;403;city59;188;115;city152;367;22;city77
126;city264;229;156;city241;208;344;city144;466;422;city76;339;446;city160;198;465;city57;244;348;city135;58;14;city78;260;461;city117;244;391;city242;379;100;city71;206;361;city204;208;117;city153;396;371;city197;184;36;city121
172;city66;250;410;city290;261;288;city288;431;86;city202;101;103;city117;134;74;city237;432;409;city287;377;340;city142;129;449;city218;133;71;city178;240;115;city143;271;487;city150;240;21;city122;391;378;city186;162;217;city102;414;194;city106;148;370;city268
167;city146;122;470;city276
145;city297;398;399;city213;114;494;city157;244;209;city130;355;7;city181;280;303;city68;236;255;city172;328;359;city93;269;300;city110;202;121;city101
174;city196;130;443;city159;285;497;city116;125;285;city162;213;142;city98;407;7;city293;139;444;city229;475;138;city67;86;471;city230;261;477;city288;305;164;city232;90;473;city241;266;14;city100;471;364;city77;266;39;city143;213;277;city297;382;462;city161;11;137;city294;91;395;city53


135;city160;327;148;city189;53;323;city55;134;337;city200;233;36;city252;79;374;city86;429;90;city267;456;169;city263;87;201;city155
149;city274;6;237;city172;332;44;city59;180;131;city151;449;53;city102;227;420;city153;393;151;city127;398;128;city92;278;344;city69;431;436;city245;214;284;city113
140;city297;380;78;city286;159;462;city208;366;90;city58;54;465;city56;495;416;city277;135;331;city287
125;city177;446;83;city160;11;427;city82;172;215;city134;382;377;city264;199;450;city83;139;65;city157;255;266;city105;256;356;city209;89;470;city159;95;49;city217;300;469;city139;319;468;city122;189;394;city166;37;26;city257;210;431;city162
151;city299;206;383;city51
163;city186;422;299;city144;348;228;city152;496;393;city87;103;158;city293;43;244;city234
145;city297;398;399;city213;114;494;city157;244;209;city130;355;7;city181;280;303;city68;236;255;city172;328;359;city93;269;300;city110;202;121;city101
168;city255;307;426;city164;127;65;city70
160;city263;381;267;city65;282;290;city217;301;137;city152;215;305;city256;30;330;city250;418;24;city198;27;40;city105;382;87;city106;476;128;city191;93;225;city266
154;city83;100;200;city140;361;7;city104;492;303;city72
136;city106;356;276;city136;148;18;city264;404;320;city181;9;326;city161;184;142;city187;16;132;city238;162;107;city291;488;52;city193;300;356;city84;478;343;city117;141;235;city147
159;city271;405;75;city228;230;285;city70;437;203;city128;430;429;city67;31;150;city206;276;278;city173;179;440;city262;258;91;city208;460;337;city96;408;349;city117;41;187;city291;110;233;city61;373;370;city181;405;221;city273;443;87;city229;387;381;city64
128;city95;135;102;city125;204;222;city241;321;415;city243;233;480;city282;473;168;city263;111;224;city67;128;440;city174;107;255;city61;133;438;city232;74;431;city198;340;373;city195;332;446;city109;417;454;city202;128;158;city167;424;275;city55;387;199;city68;203;229;city66;149;16;city286;130;18;city226
143;city215;9;227;city196;436;216;city74;2;42;city101;398;179;city147;451;215;city142;13;18;city127;124;156;city104;312;316;city208;378;385;city251;269;314;city80
142;city80;344;124;city187;342;252;city188;269;426;city90;465;17;city109;494;310;city281;397;201;city120;405;97;city144;209;425;city292;152;432;city177;142;146;city60
160;city263;381;267;city65;282;290;city217;301;137;city152;215;305;city256;30;330;city250;418;24;city198;27;40;city105;382;87;city106;476;128;city191;93;225;city266
146;city52;349;70;city238;69;300;city99;285;432;city276;447;54;city79;283;435;city53;343;16;city205
170;city199;443;204;city68;415;376;city178;225;184;city172;360;202;city211;232;67;city219;192;27;city223;139;155;city241
169;city166;73;245;city63;414;261;city124;17;361;city172;131;62;city159
151;city299;206;383;city51
138;city118;177;307;city192;368;466;city275;346;459;city52;122;342;city114;421;325;city90;481;289;city195;460;461;city95;110;205;city146;287;67;city75;288;24;city67;138;159;city221;75;439;city217;44;340;city186;347;311;city51;223;174;city128;254;403;city59;188;115;city152;367;22;city77
138;city118;177;307;city192;368;466;city275;346;459;city52;122;342;city114;421;325;city90;481;289;city195;460;461;city95;110;205;city146;287;67;city75;288;24;city67;138;159;city221;75;439;city217;44;340;city186;347;311;city51;223;174;city128;254;403;city59;188;115;city152;367;22;city77
147;city53;293;7;city262;59;155;city231;473;116;city165;334;239;city61;275;35;city76;297;142;city102;11;340;city141;235;310;city190;306;230;city299;280;273;city120;70;461;city221;246;220;city51;53;56;city267;160;112;city216
127;city161;293;72;city141;156;269;city257;37;387;city267;135;255;city239;11;483;city248;185;184;city147;338;253;city183
149;city274;6;237;city172;332;44;city59;180;131;city151;449;53;city102;227;420;city153;393;151;city127;398;128;city92;278;344;city69;431;436;city245;214;284;city113
139;city102;434;387;city75;438;239;city244;450;233;city76;367;436;city216;307;455;city54;493;303;city247
125;city177;446;83;city160;11;427;city82;172;215;city134;382;377;city264;199;450;city83;139;65;city157;255;266;city105;256;356;city209;89;470;city159;95;49;city217;300;469;city139;319;468;city122;189;394;city166;37;26;city257;210;431;city162
137;city125;203;224;city235
146;city52;349;70;city238;69;300;city99;285;432;city276;447;54;city79;283;435;city53;343;16;city205
147;city53;293;7;city262;59;155;city231;473;116;city165;334;239;city61;275;35;city76;297;142;city102;11;340;city141;235;310;city190;306;230;city299;280;273;city120;70;461;city221;246;220;city51;53;56;city267;160;112;city216
149;city274;6;237;city172;332;44;city59;180;131;city151;449;53;city102;227;420;city153;393;151;city127;398;128;city92;278;344;city69;431;436;city245;214;284;city113
146;city52;349;70;city238;69;300;city99;285;432;city276;447;54;city79;283;435;city53;343;16;city205
130;city81;161;250;city195;72;496;city139;118;185;city237;497;203;city145;203;340;city107
142;city80;344;124;city187;342;252;city188;269;426;city90;465;17;city109;494;310;city281;397;201;city120;405;97;city144;209;425;city292;152;432;city177;142;146;city60
150;city297;168;132;city271;302;165;city200;465;41;city143;292;179;city131;176;372;city114;439;281;city100;182;371;city161;498;248;city51;446;289;city239;120;153;city277
134;city107;286;61;city109;101;284;city131;408;190;city276;490;223;city138;153;53;city293;485;394;city216;46;117;city137;200;331;city87;4;164;city51;311;416;city210;268;474;city111
140;city297;380;78;city286;159;462;city208;366;90;city58;54;465;city56;495;416;city277;135;331;city287
138;city118;177;307;city192;368;466;city275;346;459;city52;122;342;city114;421;325;city90;481;289;city195;460;461;city95;110;205;city146;287;67;city75;288;24;city67;138;159;city221;75;439;city217;44;340;city186;347;311;city51;223;174;city128;254;403;city59;188;115;city152;367;22;city77
133;city155;94;52;city166;397;130;city212
141;city68;352;456;city52;477;343;city246;266;100;city225;159;131;city212;242;440;city164;352;368;city115;194;213;city208;167;351;city170;468;387;city197;361;72;city132;408;133;city114
153;city294;44;346;city156
153;city294;44;346;city156
144;city110;229;53;city263;110;272;city78;442;264;city136;448;54;city89;144;486;city237
156;city267;47;84;city109;464;459;city239;219;81;city160;323;399;city198;188;468;city253;59;180;city59;157;159;city227;398;322;city289;360;379;city116;365;186;city196;277;227;city257;74;419;city78
159;city271;405;75;city228;230;285;city70;437;203;city128;430;429;city67;31;150;city206;276;278;city173;179;440;city262;258;91;city208;460;337;city96;408;349;city117;41;187;city291;110;233;city61;373;370;city181;405;221;city273;443;87;city229;387;381;city64
147;city53;293;7;city262;59;155;city231;473;116;city165;334;239;city61;275;35;city76;297;142;city102;11;340;city141;235;310;city190;306;230;city299;280;273;city120;70;461;city221;246;220;city51;53;56;city267;160;112;city216
132;city56;367;91;city152;455;397;city188;286;458;city253;387;394;city210;125;461;city263;70;77;city225;116;314;city194;242;166;city283;92;9;city277;207;229;city143;332;78;city125;225;6;city242;477;458;city55;171;182;city224;58;265;city233;259;75;city295;38;335;city272;487;233;city199
152;city274;383;276;city168;356;391;city234;308;160;city101;364;489;city239;301;105;city252;67;351;city293;482;72;city225;243;157;city135;18;104;city184;330;43;city185;224;308;city65
155;city288;148;192;city92;166;70;city184;490;317;city254;446;460;city186
147;city53;293;7;city262;59;155;city231;473;116;city165;334;239;city61;275;35;city76;297;142;city102;11;340;city141;235;310;city190;306;230;city299;280;273;city120;70;461;city221;246;220;city51;53;56;city267;160;112;city216
147;city53;293;7;city262;59;155;city231;473;116;city165;334;239;city61;275;35;city76;297;142;city102;11;340;city141;235;310;city190;306;230;city299;280;273;city120;70;461;city221;246;220;city51;53;56;city267;160;112;city216
129;city264;460;245;city228;131;290;city62;19;178;city239;373;173;city111;8;390;city224;426;389;city240
157;city254;244;421;city108;315;173;city209;28;351;city161;320;119;city238;224;500;city133;317;385;city282;249;435;city59;107;316;city95
137;city125;203;224;city235
163;city186;422;299;city144;348;228;city152;496;393;city87;103;158;city293;43;244;city234
130;city81;161;250;city195;72;496;city139;118;185;city237;497;203;city145;203;340;city107
146;city52;349;70;city238;69;300;city99;285;432;city276;447;54;city79;283;435;city53;343;16;city205
130;city81;161;250;city195;72;496;city139;118;185;city237;497;203;city145;203;340;city107
160;city263;381;267;city65;282;290;city217;301;137;city152;215;305;city256;30;330;city250;418;24;city198;27;40;city105;382;87;city106;476;128;city191;93;225;city266
147;city53;293;7;city262;59;155;city231;473;116;city165;334;239;city61;275;35;city76;297;142;city102;11;340;city141;235;310;city190;306;230;city299;280;273;city120;70;461;city221;246;220;city51;53;56;city267;160;112;city216
134;city107;286;61;city109;101;284;city131;408;190;city276;490;223;city138;153;53;city293;485;394;city216;46;117;city137;200;331;city87;4;164;city51;311;416;city210;268;474;city111
161;city81;404;144;city80;37;326;city163;201;100;city253;406;19;city184;410;488;city178;487;359;city176;250;245;city62;129;140;city282;50;297;city280;198;291;city286;333;379;city231;491;105;city77;304;150;city102;358;246;city201
167;city146;122;470;city276
154;city83;100;200;city140;361;7;city104;492;303;city72
