

























174;city294;63;126;city214;104;97;city136;168;224;city70;8;204;city87;306;321;city175;494;100;city298;440;333;city216;156;451;city181;219;464;city81;140;272;city174;277;51;city121;356;219;city94;308;282;city67;93;458;city200;414;318;city173
161;city134;325;210;city52
141;city151;466;2;city155;498;294;city55;417;425;city250;363;14;city231;232;325;city144;336;208;city153;59;470;city203;74;428;city295;134;90;city277;474;64;city226;78;236;city202;412;138;city143
156;city124;169;29;city188;491;244;city262;245;140;city203;429;368;city169
145;city261;481;372;city134;97;87;city55;353;309;city231;264;500;city166;44;196;city233;467;270;city249;78;176;city267;291;372;city152;420;263;city174


170;city191;149;391;city261;346;176;city223;248;272;city120;252;393;city136;174;224;city182;182;59;city96
129;city142;73;236;city145;187;404;city148;390;367;city155;382;135;city56;405;143;city107;204;51;city85;297;107;city251;215;103;city115;416;400;city264;399;305;city190;435;384;city87;273;49;city156

142;city64;444;42;city173






147;city141;49;286;city200;362;69;city261;442;104;city238;36;285;city109
128;city180;426;438;city68;138;351;city100;61;263;city92;368;310;city146;372;487;city292;278;275;city51;60;314;city201;78;450;city83
127;city126;166;75;city198;172;473;city231;28;308;city125;20;169;city161;198;361;city64;131;378;city282;45;455;city251;232;479;city143;355;478;city168;342;172;city112;404;278;city232;84;232;city87;35;210;city93;331;234;city174

133;city115;431;5;city222;105;56;city249;58;284;city234;464;31;city145;59;103;city175;220;183;city156;219;476;city169;152;195;city166;3;270;city210
160;city260;40;296;city103;98;310;city163;47;123;city218;416;201;city166;32;251;city141;415;242;city120;342;214;city220;341;352;city106;468;343;city228;443;299;city231;181;258;city254
156;city124;169;29;city188;491;244;city262;245;140;city203;429;368;city169

161;city134;325;210;city52
141;city151;466;2;city155;498;294;city55;417;425;city250;363;14;city231;232;325;city144;336;208;city153;59;470;city203;74;428;city295;134;90;city277;474;64;city226;78;236;city202;412;138;city143
148;city190;155;189;city214;102;196;city160;95;460;city134

127;city126;166;75;city198;172;473;city231;28;308;city125;20;169;city161;198;361;city64;131;378;city282;45;455;city251;232;479;city143;355;478;city168;342;172;city112;404;278;city232;84;232;city87;35;210;city93;331;234;city174
167;city101;37;354;city160;18;263;city249;328;12;city146;390;142;city130;383;267;city71;307;298;city247;415;266;city211;372;224;city99;139;499;city218;312;191;city94;115;67;city137;196;78;city286;479;339;city282;200;293;city141;403;446;city69;321;446;city293;263;208;city103
163;city141;456;353;city280;445;5;city175;148;371;city121;179;64;city211;308;498;city101;170;179;city260


160;city260;40;296;city103;98;310;city163;47;123;city218;416;201;city166;32;251;city141;415;242;city120;342;214;city220;341;352;city106;468;343;city228;443;299;city231;181;258;city254
127;city126;166;75;city198;172;473;city231;28;308;city125;20;169;city161;198;361;city64;131;378;city282;45;455;city251;232;479;city143;355;478;city168;342;172;city112;404;278;city232;84;232;city87;35;210;city93;331;234;city174
171;city136;104;91;city109;461;399;city218;422;97;city79;473;182;city285;305;312;city66;57;291;city258;386;432;city53;460;168;city145;391;345;city292;306;30;city107;496;418;city204;27;461;city157;272;360;city101;432;462;city77;412;199;city139;136;211;city94

129;city142;73;236;city145;187;404;city148;390;367;city155;382;135;city56;405;143;city107;204;51;city85;297;107;city251;215;103;city115;416;400;city264;399;305;city190;435;384;city87;273;49;city156

144;city152;350;29;city156;444;405;city197;61;459;city124;116;426;city199;84;254;city256;370;494;city91;138;80;city297;400;328;city58;377;103;city203;132;327;city190;63;455;city231;410;494;city282;277;16;city205;407;419;city175;263;71;city222;173;236;city105

164;city90;434;14;city104;163;460;city174
135;city207;355;416;city284;276;62;city210;354;65;city289;477;314;city115;83;443;city192;357;343;city235;345;194;city63
130;city69;300;399;city58;450;317;city228;441;128;city94;14;149;city295;296;122;city199;227;34;city181;499;373;city189;350;363;city271

142;city64;444;42;city173
170;city191;149;391;city261;346;176;city223;248;272;city120;252;393;city136;174;224;city182;182;59;city96

156;city124;169;29;city188;491;244;city262;245;140;city203;429;368;city169
141;city151;466;2;city155;498;294;city55;417;425;city250;363;14;city231;232;325;city144;336;208;city153;59;470;city203;74;428;city295;134;90;city277;474;64;city226;78;236;city202;412;138;city143



132;city85;259;334;city146;378;398;city287;487;362;city228;414;450;city271;367;56;city137;297;231;city267;219;357;city58;346;432;city86
146;city136;136;60;city207

146;city136;136;60;city207
173;city63;310;153;city83;198;6;city185
135;city207;355;416;city284;276;62;city210;354;65;city289;477;314;city115;83;443;city192;357;343;city235;345;194;city63



156;city124;169;29;city188;491;244;city262;245;140;city203;429;368;city169

147;city141;49;286;city200;362;69;city261;442;104;city238;36;285;city109
144;city152;350;29;city156;444;405;city197;61;459;city124;116;426;city199;84;254;city256;370;494;city91;138;80;city297;400;328;city58;377;103;city203;132;327;city190;63;455;city231;410;494;city282;277;16;city205;407;419;city175;263;71;city222;173;236;city105

163;city141;456;353;city280;445;5;city175;148;371;city121;179;64;city211;308;498;city101;170;179;city260


159;city254;437;436;city209;376;247;city162;366;451;city281;168;357;city91;405;114;city197;170;41;city226;134;62;city201;462;160;city215;166;5;city257;277;202;city175;399;175;city167
145;city261;481;372;city134;97;87;city55;353;309;city231;264;500;city166;44;196;city233;467;270;city249;78;176;city267;291;372;city152;420;263;city174
157;city280;79;329;city145;270;364;city135;296;184;city116;446;21;city276;413;8;city287;461;183;city136;12;442;city63;423;431;city168;404;389;city180;285;288;city259;162;12;city97;37;473;city179;113;216;city150;474;117;city142;64;359;city80;196;262;city184
161;city134;325;210;city52

134;city198;344;467;city276;73;227;city50;452;124;city214;214;141;city128;83;208;city264;268;300;city265;100;448;city103;137;140;city206;319;364;city60;289;83;city169;120;171;city256;467;437;city79;330;446;city201;70;121;city95;195;101;city152

158;city268;482;454;city299;20;485;city124;117;278;city92;114;287;city127;6;253;city264;386;29;city255;335;244;city214;347;419;city212;102;292;city130;498;96;city60;204;44;city165

146;city136;136;60;city207

128;city180;426;438;city68;138;351;city100;61;263;city92;368;310;city146;372;487;city292;278;275;city51;60;314;city201;78;450;city83
143;city268;208;192;city151;240;42;city197;319;5;city224;376;340;city92;64;334;city233;32;20;city213;179;92;city75;264;299;city246;118;174;city130;448;179;city255;267;32;city82;215;299;city270;4;267;city124;153;295;city287
170;city191;149;391;city261;346;176;city223;248;272;city120;252;393;city136;174;224;city182;182;59;city96
133;city115;431;5;city222;105;56;city249;58;284;city234;464;31;city145;59;103;city175;220;183;city156;219;476;city169;152;195;city166;3;270;city210
161;city134;325;210;city52
157;city280;79;329;city145;270;364;city135;296;184;city116;446;21;city276;413;8;city287;461;183;city136;12;442;city63;423;431;city168;404;389;city180;285;288;city259;162;12;city97;37;473;city179;113;216;city150;474;117;city142;64;359;city80;196;262;city184
164;city90;434;14;city104;163;460;city174
143;city268;208;192;city151;240;42;city197;319;5;city224;376;340;city92;64;334;city233;32;20;city213;179;92;city75;264;299;city246;118;174;city130;448;179;city255;267;32;city82;215;299;city270;4;267;city124;153;295;city287


127;city126;166;75;city198;172;473;city231;28;308;city125;20;169;city161;198;361;city64;131;378;city282;45;455;city251;232;479;city143;355;478;city168;342;172;city112;404;278;city232;84;232;city87;35;210;city93;331;234;city174
126;city71;122;231;city78;164;151;city213;454;123;city119;154;215;city91;482;243;city69;366;381;city155;28;206;city150;26;122;city209;423;86;city169;316;321;city276;21;347;city233;445;394;city244;197;227;city172;15;290;city114
138;city194;294;469;city186;362;472;city106;463;210;city74;236;373;city238;256;232;city174;472;309;city233;342;187;city241;35;153;city87;148;281;city143;281;206;city80;150;258;city224;340;187;city205;21;101;city155;333;37;city254;281;57;city188;88;289;city88;86;122;city258;470;79;city283
143;city268;208;192;city151;240;42;city197;319;5;city224;376;340;city92;64;334;city233;32;20;city213;179;92;city75;264;299;city246;118;174;city130;448;179;city255;267;32;city82;215;299;city270;4;267;city124;153;295;city287
158;city268;482;454;city299;20;485;city124;117;278;city92;114;287;city127;6;253;city264;386;29;city255;335;244;city214;347;419;city212;102;292;city130;498;96;city60;204;44;city165
139;city237;354;178;city179;191;37;city259;268;149;city90

134;city198;344;467;city276;73;227;city50;452;124;city214;214;141;city128;83;208;city264;268;300;city265;100;448;city103;137;140;city206;319;364;city60;289;83;city169;120;171;city256;467;437;city79;330;446;city201;70;121;city95;195;101;city152
165;city210;224;396;city249;265;227;city81;184;154;city89;379;266;city53;14;375;city241;478;368;city295;446;74;city263;377;456;city291
132;city85;259;334;city146;378;398;city287;487;362;city228;414;450;city271;367;56;city137;297;231;city267;219;357;city58;346;432;city86
157;city280;79;329;city145;270;364;city135;296;184;city116;446;21;city276;413;8;city287;461;183;city136;12;442;city63;423;431;city168;404;389;city180;285;288;city259;162;12;city97;37;473;city179;113;216;city150;474;117;city142;64;359;city80;196;262;city184
163;city141;456;353;city280;445;5;city175;148;371;city121;179;64;city211;308;498;city101;170;179;city260
156;city124;169;29;city188;491;244;city262;245;140;city203;429;368;city169
137;city154;413;185;city224;316;326;city164;419;233;city281;69;131;city160;339;377;city158;318;434;city278;324;6;city108;317;45;city168;81;345;city140;164;491;city165;55;329;city78;286;80;city56;440;320;city163;25;293;city242;446;169;city93;105;61;city97;205;321;city117
140;city130;25;427;city248;397;459;city98;336;356;city251;307;251;city80
170;city191;149;391;city261;346;176;city223;248;272;city120;252;393;city136;174;224;city182;182;59;city96
145;city261;481;372;city134;97;87;city55;353;309;city231;264;500;city166;44;196;city233;467;270;city249;78;176;city267;291;372;city152;420;263;city174
132;city85;259;334;city146;378;398;city287;487;362;city228;414;450;city271;367;56;city137;297;231;city267;219;357;city58;346;432;city86
173;city63;310;153;city83;198;6;city185
155;city95;311;485;city96;47;464;city258;144;279;city141;97;378;city203;446;54;city108;124;345;city223;281;258;city134;297;358;city71;296;122;city216;161;271;city158;120;101;city170;22;40;city74;154;438;city82;198;192;city92


157;city280;79;329;city145;270;364;city135;296;184;city116;446;21;city276;413;8;city287;461;183;city136;12;442;city63;423;431;city168;404;389;city180;285;288;city259;162;12;city97;37;473;city179;113;216;city150;474;117;city142;64;359;city80;196;262;city184
126;city71;122;231;city78;164;151;city213;454;123;city119;154;215;city91;482;243;city69;366;381;city155;28;206;city150;26;122;city209;423;86;city169;316;321;city276;21;347;city233;445;394;city244;197;227;city172;15;290;city114
127;city126;166;75;city198;172;473;city231;28;308;city125;20;169;city161;198;361;city64;131;378;city282;45;455;city251;232;479;city143;355;478;city168;342;172;city112;404;278;city232;84;232;city87;35;210;city93;331;234;city174

170;city191;149;391;city261;346;176;city223;248;272;city120;252;393;city136;174;224;city182;182;59;city96
154;city253;97;161;city90;208;172;city222;276;70;city157;330;169;city288;476;299;city59;312;158;city292;76;445;city187;6;46;city104;442;144;city182;323;190;city280;143;11;city105
149;city299;355;291;city57;444;240;city107;260;278;city197;376;280;city161;274;376;city137;105;274;city198;261;357;city179;202;72;city249
148;city190;155;189;city214;102;196;city160;95;460;city134
149;city299;355;291;city57;444;240;city107;260;278;city197;376;280;city161;274;376;city137;105;274;city198;261;357;city179;202;72;city249
165;city210;224;396;city249;265;227;city81;184;154;city89;379;266;city53;14;375;city241;478;368;city295;446;74;city263;377;456;city291
150;city224;60;457;city271;85;435;city203;383;207;city92;238;495;city201;264;6;city63;499;150;city267;482;323;city247
168;city231;382;330;city285;494;484;city259;106;222;city294;82;121;city63;65;329;city151;222;204;city72;496;286;city145;415;462;city186;350;444;city279
133;city115;431;5;city222;105;56;city249;58;284;city234;464;31;city145;59;103;city175;220;183;city156;219;476;city169;152;195;city166;3;270;city210

160;city260;40;296;city103;98;310;city163;47;123;city218;416;201;city166;32;251;city141;415;242;city120;342;214;city220;341;352;city106;468;343;city228;443;299;city231;181;258;city254
126;city71;122;231;city78;164;151;city213;454;123;city119;154;215;city91;482;243;city69;366;381;city155;28;206;city150;26;122;city209;423;86;city169;316;321;city276;21;347;city233;445;394;city244;197;227;city172;15;290;city114
172;city153;172;333;city256
161;city134;325;210;city52
143;city268;208;192;city151;240;42;city197;319;5;city224;376;340;city92;64;334;city233;32;20;city213;179;92;city75;264;299;city246;118;174;city130;448;179;city255;267;32;city82;215;299;city270;4;267;city124;153;295;city287
172;city153;172;333;city256
137;city154;413;185;city224;316;326;city164;419;233;city281;69;131;city160;339;377;city158;318;434;city278;324;6;city108;317;45;city168;81;345;city140;164;491;city165;55;329;city78;286;80;city56;440;320;city163;25;293;city242;446;169;city93;105;61;city97;205;321;city117
147;city141;49;286;city200;362;69;city261;442;104;city238;36;285;city109
160;city260;40;296;city103;98;310;city163;47;123;city218;416;201;city166;32;251;city141;415;242;city120;342;214;city220;341;352;city106;468;343;city228;443;299;city231;181;258;city254
144;city152;350;29;city156;444;405;city197;61;459;city124;116;426;city199;84;254;city256;370;494;city91;138;80;city297;400;328;city58;377;103;city203;132;327;city190;63;455;city231;410;494;city282;277;16;city205;407;419;city175;263;71;city222;173;236;city105
143;city268;208;192;city151;240;42;city197;319;5;city224;376;340;city92;64;334;city233;32;20;city213;179;92;city75;264;299;city246;118;174;city130;448;179;city255;267;32;city82;215;299;city270;4;267;city124;153;295;city287
164;city90;434;14;city104;163;460;city174

161;city134;325;210;city52

161;city134;325;210;city52
159;city254;437;436;city209;376;247;city162;366;451;city281;168;357;city91;405;114;city197;170;41;city226;134;62;city201;462;160;city215;166;5;city257;277;202;city175;399;175;city167
137;city154;413;185;city224;316;326;city164;419;233;city281;69;131;city160;339;377;city158;318;434;city278;324;6;city108;317;45;city168;81;345;city140;164;491;city165;55;329;city78;286;80;city56;440;320;city163;25;293;city242;446;169;city93;105;61;city97;205;321;city117
134;city198;344;467;city276;73;227;city50;452;124;city214;214;141;city128;83;208;city264;268;300;city265;100;448;city103;137;140;city206;319;364;city60;289;83;city169;120;171;city256;467;437;city79;330;446;city201;70;121;city95;195;101;city152
170;city191;149;391;city261;346;176;city223;248;272;city120;252;393;city136;174;224;city182;182;59;city96
132;city85;259;334;city146;378;398;city287;487;362;city228;414;450;city271;367;56;city137;297;231;city267;219;357;city58;346;432;city86

128;city180;426;438;city68;138;351;city100;61;263;city92;368;310;city146;372;487;city292;278;275;city51;60;314;city201;78;450;city83
135;city207;355;416;city284;276;62;city210;354;65;city289;477;314;city115;83;443;city192;357;343;city235;345;194;city63
143;city268;208;192;city151;240;42;city197;319;5;city224;376;340;city92;64;334;city233;32;20;city213;179;92;city75;264;299;city246;118;174;city130;448;179;city255;267;32;city82;215;299;city270;4;267;city124;153;295;city287
143;city268;208;192;city151;240;42;city197;319;5;city224;376;340;city92;64;334;city233;32;20;city213;179;92;city75;264;299;city246;118;174;city130;448;179;city255;267;32;city82;215;299;city270;4;267;city124;153;295;city287
161;city134;325;210;city52
126;city71;122;231;city78;164;151;city213;454;123;city119;154;215;city91;482;243;city69;366;381;city155;28;206;city150;26;122;city209;423;86;city169;316;321;city276;21;347;city233;445;394;city244;197;227;city172;15;290;city114
143;city268;208;192;city151;240;42;city197;319;5;city224;376;340;city92;64;334;city233;32;20;city213;179;92;city75;264;299;city246;118;174;city130;448;179;city255;267;32;city82;215;299;city270;4;267;city124;153;295;city287

159;city254;437;436;city209;376;247;city162;366;451;city281;168;357;city91;405;114;city197;170;41;city226;134;62;city201;462;160;city215;166;5;city257;277;202;city175;399;175;city167
168;city231;382;330;city285;494;484;city259;106;222;city294;82;121;city63;65;329;city151;222;204;city72;496;286;city145;415;462;city186;350;444;city279
142;city64;444;42;city173
167;city101;37;354;city160;18;263;city249;328;12;city146;390;142;city130;383;267;city71;307;298;city247;415;266;city211;372;224;city99;139;499;city218;312;191;city94;115;67;city137;196;78;city286;479;339;city282;200;293;city141;403;446;city69;321;446;city293;263;208;city103
142;city64;444;42;city173
150;city224;60;457;city271;85;435;city203;383;207;city92;238;495;city201;264;6;city63;499;150;city267;482;323;city247
141;city151;466;2;city155;498;294;city55;417;425;city250;363;14;city231;232;325;city144;336;208;city153;59;470;city203;74;428;city295;134;90;city277;474;64;city226;78;236;city202;412;138;city143
132;city85;259;334;city146;378;398;city287;487;362;city228;414;450;city271;367;56;city137;297;231;city267;219;357;city58;346;432;city86
142;city64;444;42;city173
152;city183;471;80;city85;230;144;city202;383;177;city206;352;363;city82;100;197;city170;258;454;city156;23;72;city246;365;8;city109;70;313;city83;53;57;city254;5;42;city64
144;city152;350;29;city156;444;405;city197;61;459;city124;116;426;city199;84;254;city256;370;494;city91;138;80;city297;400;328;city58;377;103;city203;132;327;city190;63;455;city231;410;494;city282;277;16;city205;407;419;city175;263;71;city222;173;236;city105
157;city280;79;329;city145;270;364;city135;296;184;city116;446;21;city276;413;8;city287;461;183;city136;12;442;city63;423;431;city168;404;389;city180;285;288;city259;162;12;city97;37;473;city179;113;216;city150;474;117;city142;64;359;city80;196;262;city184
144;city152;350;29;city156;444;405;city197;61;459;city124;116;426;city199;84;254;city256;370;494;city91;138;80;city297;400;328;city58;377;103;city203;132;327;city190;63;455;city231;410;494;city282;277;16;city205;407;419;city175;263;71;city222;173;236;city105
146;city136;136;60;city207
146;city136;136;60;city207
149;city299;355;291;city57;444;240;city107;260;278;city197;376;280;city161;274;376;city137;105;274;city198;261;357;city179;202;72;city249
132;city85;259;334;city146;378;398;city287;487;362;city228;414;450;city271;367;56;city137;297;231;city267;219;357;city58;346;432;city86
140;city130;25;427;city248;397;459;city98;336;356;city251;307;251;city80
137;city154;413;185;city224;316;326;city164;419;233;city281;69;131;city160;339;377;city158;318;434;city278;324;6;city108;317;45;city168;81;345;city140;164;491;city165;55;329;city78;286;80;city56;440;320;city163;25;293;city242;446;169;city93;105;61;city97;205;321;city117
169;city148;113;24;city114;491;161;city89;222;474;city240;429;263;city62;20;443;city52
156;city124;169;29;city188;491;244;city262;245;140;city203;429;368;city169
162;city281;40;500;city62;85;30;city263;203;219;city265;369;399;city199;354;130;city190;471;261;city80;332;406;city194;221;466;city219;74;217;city189;387;318;city198;50;287;city51;419;478;city210;402;311;city60;112;123;city65
168;city231;382;330;city285;494;484;city259;106;222;city294;82;121;city63;65;329;city151;222;204;city72;496;286;city145;415;462;city186;350;444;city279
142;city64;444;42;city173
149;city299;355;291;city57;444;240;city107;260;278;city197;376;280;city161;274;376;city137;105;274;city198;261;357;city179;202;72;city249
149;city299;355;291;city57;444;240;city107;260;278;city197;376;280;city161;274;376;city137;105;274;city198;261;357;city179;202;72;city249

132;city85;259;334;city146;378;398;city287;487;362;city228;414;450;city271;367;56;city137;297;231;city267;219;357;city58;346;432;city86
127;city126;166;75;city198;172;473;city231;28;308;city125;20;169;city161;198;361;city64;131;378;city282;45;455;city251;232;479;city143;355;478;city168;342;172;city112;404;278;city232;84;232;city87;35;210;city93;331;234;city174

168;city231;382;330;city285;494;484;city259;106;222;city294;82;121;city63;65;329;city151;222;204;city72;496;286;city145;415;462;city186;350;444;city279
144;city152;350;29;city156;444;405;city197;61;459;city124;116;426;city199;84;254;city256;370;494;city91;138;80;city297;400;328;city58;377;103;city203;132;327;city190;63;455;city231;410;494;city282;277;16;city205;407;419;city175;263;71;city222;173;236;city105
158;city268;482;454;city299;20;485;city124;117;278;city92;114;287;city127;6;253;city264;386;29;city255;335;244;city214;347;419;city212;102;292;city130;498;96;city60;204;44;city165
161;city134;325;210;city52
145;city261;481;372;city134;97;87;city55;353;309;city231;264;500;city166;44;196;city233;467;270;city249;78;176;city267;291;372;city152;420;263;city174
125;city93;55;195;city147;439;458;city223;265;270;city214;459;248;city274;424;197;city202;394;261;city135
169;city148;113;24;city114;491;161;city89;222;474;city240;429;263;city62;20;443;city52
170;city191;149;391;city261;346;176;city223;248;272;city120;252;393;city136;174;224;city182;182;59;city96
146;city136;136;60;city207
153;city99;356;104;city238;212;106;city84;88;140;city277;58;11;city224;57;492;city211;243;302;city289;147;425;city197;21;151;city253;82;180;city67;75;346;city53;428;237;city153;84;72;city110;216;236;city285;6;472;city270;61;497;city158;489;413;city233;443;322;city284

156;city124;169;29;city188;491;244;city262;245;140;city203;429;368;city169
143;city268;208;192;city151;240;42;city197;319;5;city224;376;340;city92;64;334;city233;32;20;city213;179;92;city75;264;299;city246;118;174;city130;448;179;city255;267;32;city82;215;299;city270;4;267;city124;153;295;city287
164;city90;434;14;city104;163;460;city174
129;city142;73;236;city145;187;404;city148;390;367;city155;382;135;city56;405;143;city107;204;51;city85;297;107;city251;215;103;city115;416;400;city264;399;305;city190;435;384;city87;273;49;city156
136;city122;469;66;city190;172;373;city95;368;82;city266;9;336;city127;212;200;city175;280;153;city155;40;190;city295;305;328;city90;5;296;city123;167;462;city263;225;236;city271;69;415;city142;497;157;city132;445;471;city165;5;250;city135;256;201;city244;490;71;city65
171;city136;104;91;city109;461;399;city218;422;97;city79;473;182;city285;305;312;city66;57;291;city258;386;432;city53;460;168;city145;391;345;city292;306;30;city107;496;418;city204;27;461;city157;272;360;city101;432;462;city77;412;199;city139;136;211;city94
161;city134;325;210;city52
169;city148;113;24;city114;491;161;city89;222;474;city240;429;263;city62;20;443;city52
152;city183;471;80;city85;230;144;city202;383;177;city206;352;363;city82;100;197;city170;258;454;city156;23;72;city246;365;8;city109;70;313;city83;53;57;city254;5;42;city64
152;city183;471;80;city85;230;144;city202;383;177;city206;352;363;city82;100;197;city170;258;454;city156;23;72;city246;365;8;city109;70;313;city83;53;57;city254;5;42;city64
149;city299;355;291;city57;444;240;city107;260;278;city197;376;280;city161;274;376;city137;105;274;city198;261;357;city179;202;72;city249
151;city156;484;312;city78;184;364;city172;276;199;city57;170;223;city162;405;14;city159;160;207;city244;386;107;city200;174;245;city230;483;142;city256;278;356;city204;237;24;city54;154;140;city285;299;15;city268;289;395;city75;360;420;city164;301;258;city106;458;491;city274;10;152;city71;368;190;city67
143;city268;208;192;city151;240;42;city197;319;5;city224;376;340;city92;64;334;city233;32;20;city213;179;92;city75;264;299;city246;118;174;city130;448;179;city255;267;32;city82;215;299;city270;4;267;city124;153;295;city287
157;city280;79;329;city145;270;364;city135;296;184;city116;446;21;city276;413;8;city287;461;183;city136;12;442;city63;423;431;city168;404;389;city180;285;288;city259;162;12;city97;37;473;city179;113;216;city150;474;117;city142;64;359;city80;196;262;city184
143;city268;208;192;city151;240;42;city197;319;5;city224;376;340;city92;64;334;city233;32;20;city213;179;92;city75;264;299;city246;118;174;city130;448;179;city255;267;32;city82;215;299;city270;4;267;city124;153;295;city287
152;city183;471;80;city85;230;144;city202;383;177;city206;352;363;city82;100;197;city170;258;454;city156;23;72;city246;365;8;city109;70;313;city83;53;57;city254;5;42;city64
156;city124;169;29;city188;491;244;city262;245;140;city203;429;368;city169
157;city280;79;329;city145;270;364;city135;296;184;city116;446;21;city276;413;8;city287;461;183;city136;12;442;city63;423;431;city168;404;389;city180;285;288;city259;162;12;city97;37;473;city179;113;216;city150;474;117;city142;64;359;city80;196;262;city184
170;city191;149;391;city261;346;176;city223;248;272;city120;252;393;city136;174;224;city182;182;59;city96
170;city191;149;391;city261;346;176;city223;248;272;city120;252;393;city136;174;224;city182;182;59;city96
160;city260;40;296;city103;98;310;city163;47;123;city218;416;201;city166;32;251;city141;415;242;city120;342;214;city220;341;352;city106;468;343;city228;443;299;city231;181;258;city254

163;city141;456;353;city280;445;5;city175;148;371;city121;179;64;city211;308;498;city101;170;179;city260
157;city280;79;329;city145;270;364;city135;296;184;city116;446;21;city276;413;8;city287;461;183;city136;12;442;city63;423;431;city168;404;389;city180;285;288;city259;162;12;city97;37;473;city179;113;216;city150;474;117;city142;64;359;city80;196;262;city184
169;city148;113;24;city114;491;161;city89;222;474;city240;429;263;city62;20;443;city52
163;city141;456;353;city280;445;5;city175;148;371;city121;179;64;city211;308;498;city101;170;179;city260
148;city190;155;189;city214;102;196;city160;95;460;city134
149;city299;355;291;city57;444;240;city107;260;278;city197;376;280;city161;274;376;city137;105;274;city198;261;357;city179;202;72;city249
142;city64;444;42;city173
170;city191;149;391;city261;346;176;city223;248;272;city120;252;393;city136;174;224;city182;182;59;city96
132;city85;259;334;city146;378;398;city287;487;362;city228;414;450;city271;367;56;city137;297;231;city267;219;357;city58;346;432;city86
134;city198;344;467;city276;73;227;city50;452;124;city214;214;141;city128;83;208;city264;268;300;city265;100;448;city103;137;140;city206;319;364;city60;289;83;city169;120;171;city256;467;437;city79;330;446;city201;70;121;city95;195;101;city152
127;city126;166;75;city198;172;473;city231;28;308;city125;20;169;city161;198;361;city64;131;378;city282;45;455;city251;232;479;city143;355;478;city168;342;172;city112;404;278;city232;84;232;city87;35;210;city93;331;234;city174
134;city198;344;467;city276;73;227;city50;452;124;city214;214;141;city128;83;208;city264;268;300;city265;100;448;city103;137;140;city206;319;364;city60;289;83;city169;120;171;city256;467;437;city79;330;446;city201;70;121;city95;195;101;city152
167;city101;37;354;city160;18;263;city249;328;12;city146;390;142;city130;383;267;city71;307;298;city247;415;266;city211;372;224;city99;139;499;city218;312;191;city94;115;67;city137;196;78;city286;479;339;city282;200;293;city141;403;446;city69;321;446;city293;263;208;city103
141;city151;466;2;city155;498;294;city55;417;9961;city250;363;14;city231;232;325;city144;336;208;city153;59;470;city203;74;428;city295;134;90;city277;474;64;city226;78;236;city202;412;138;city143
169;city148;113;24;city114;491;161;city89;222;474;city240;429;263;city62;20;443;city52
156;city124;169;29;city188;491;244;city262;245;140;city203;429;368;city169
144;city152;350;29;city156;444;405;city197;61;459;city124;116;426;city199;84;254;city256;370;494;city91;138;80;city297;400;328;city58;377;103;city203;132;327;city190;63;455;city231;410;494;city282;277;16;city205;407;419;city175;263;71;city222;173;236;city105
174;city294;63;8193;city214;104;97;city136;168;224;city70;8;204;city87;306;321;city175;494;100;city298;440;333;city216;156;451;city181;219;464;city81;140;272;city174;277;51;city121;356;219;city94;308;282;city67;93;458;city200;414;318;city173
153;city99;356;104;city238;212;106;city84;88;140;city277;58;11;city224;57;492;city211;243;302;city289;147;425;city197;21;151;city253;82;180;city67;75;346;city53;428;237;city153;84;72;city110;216;236;city285;6;472;city270;61;497;city158;489;413;city233;443;322;city284
164;city90;434;14;city104;163;460;city174
161;city134;325;210;city52
135;city207;355;416;city284;276;62;city210;354;65;city289;477;314;city115;83;443;city192;357;343;city235;345;194;city63
143;city268;208;192;city151;240;42;city197;319;5;city224;376;340;city92;64;334;city233;32;20;city213;179;92;city75;264;299;city246;118;174;city130;448;179;city255;267;32;city82;215;299;city270;4;267;city124;153;295;city287
162;city281;40;500;city62;85;30;city263;203;219;city265;369;399;city199;354;130;city190;471;261;city80;332;406;city194;221;466;city219;74;217;city189;387;318;city198;50;287;city51;419;478;city210;402;311;city60;112;123;city65
129;city142;73;236;city145;187;404;city148;390;367;city155;382;135;city56;405;143;city107;204;51;city85;297;107;city251;215;103;city115;416;400;city264;399;305;city190;435;384;city87;273;49;city156
133;city115;431;5;city222;105;56;city249;58;284;city234;464;31;city145;59;103;city175;220;183;city156;219;476;city169;152;195;city166;3;270;city210
148;city190;155;189;city214;102;196;city160;95;460;city134
130;city69;300;399;city58;450;317;city228;441;128;city94;14;149;city295;296;122;city199;227;34;city181;499;373;city189;350;363;city271
146;city136;136;60;city207
171;city136;104;91;city109;461;399;city218;422;97;city79;473;182;city285;305;312;city66;57;291;city258;386;432;city53;460;168;city145;391;345;city292;306;30;city107;496;418;city204;27;461;city157;272;360;city101;432;462;city77;412;199;city139;136;211;city94
158;city268;482;454;city299;20;485;city124;117;278;city92;114;287;city127;6;253;city264;386;29;city255;335;244;city214;347;419;city212;102;292;city130;498;96;city60;204;44;city165
133;city115;431;5;city222;105;56;city249;58;284;city234;464;31;city145;59;103;city175;220;183;city156;219;476;city169;152;195;city166;3;270;city210
142;city64;444;42;city173
131;city225;486;6;city269;55;464;city127;251;149;city241;153;293;city102;196;202;city213;442;73;city298;390;341;city247;451;303;city249;460;128;city292;116;419;city274;229;51;city109;406;107;city172;472;50;city167
134;city198;344;467;city276;73;227;city50;452;124;city214;214;141;city128;83;208;city264;268;300;city265;100;448;city103;137;140;city206;319;364;city60;289;83;city169;120;171;city256;467;437;city79;330;446;city201;70;121;city95;195;101;city152
162;city281;40;500;city62;85;30;city263;203;219;city265;369;399;city199;354;130;city190;471;261;city80;332;406;city194;221;466;city219;74;217;city189;387;318;city198;50;287;city51;419;478;city210;402;311;city60;112;123;city65
164;city90;434;14;city104;163;460;city174
150;city224;60;457;city271;85;435;city203;383;207;city92;238;495;city201;264;6;city63;499;150;city267;482;323;city247
147;city141;49;286;city200;362;69;city261;442;104;city238;36;285;city109
169;city148;113;24;city114;491;161;city89;222;474;city240;429;263;city62;20;443;city52
159;city254;437;436;city209;376;247;city162;366;451;city281;168;357;city91;405;114;city197;170;41;city226;134;62;city201;462;160;city215;166;5;city257;277;202;city175;399;175;city167
127;city126;166;75;city198;172;473;city231;28;308;city125;20;169;city161;198;361;city64;131;378;city282;45;455;city251;232;479;city143;355;478;city168;342;172;city112;404;278;city232;84;232;city87;35;210;city93;331;234;city174
174;city294;63;8193;city214;104;97;city136;168;224;city70;8;204;city87;306;321;city175;494;100;city298;440;333;city216;156;451;city181;219;464;city81;140;272;city174;277;51;city121;356;219;city94;308;282;city67;93;458;city200;414;318;city173
171;city136;104;91;city109;461;399;city218;422;97;city79;473;182;city285;305;312;city66;57;291;city258;386;432;city53;460;168;city145;391;345;city292;306;30;city107;496;418;city204;27;461;city157;272;360;city101;432;462;city77;412;199;city139;136;211;city94
129;city142;73;236;city145;187;404;city148;390;367;city155;382;135;city56;405;143;city107;204;51;city85;297;107;city251;215;103;city115;416;400;city264;399;305;city190;435;384;city87;273;49;city156
155;city95;311;485;city96;47;464;city258;144;279;city141;97;378;city203;446;54;city108;124;345;city223;281;258;city134;297;358;city71;296;122;city216;161;271;city158;120;101;city170;22;40;city74;154;438;city82;198;192;city92
143;city268;208;192;city151;240;42;city197;319;5;city224;376;340;city92;64;334;city233;32;20;city213;179;92;city75;264;299;city246;118;174;city130;448;179;city255;267;32;city82;215;299;city270;4;267;city124;153;295;city287
154;city253;97;161;city90;208;172;city222;276;70;city157;330;169;city288;476;299;city59;312;158;city292;76;445;city187;6;46;city104;442;144;city182;323;190;city280;143;11;city105
174;city294;63;8193;city214;104;97;city136;168;224;city70;8;204;city87;306;321;city175;494;100;city298;440;333;city216;156;451;city181;219;464;city81;140;272;city174;277;51;city121;356;219;city94;308;282;city67;93;458;city200;414;318;city173
166;city164;67;91;city190;360;133;city269;140;324;city251;422;40;city298;134;193;city95;48;131;city276;281;167;city294;295;211;city244;57;251;city73;133;458;city152;414;305;city165;84;54;city256;340;200;city194;353;289;city207;198;277;city110;353;421;city123
168;city231;382;330;city285;494;484;city259;106;222;city294;82;121;city63;65;329;city151;222;204;city72;496;286;city145;415;462;city186;350;444;city279
170;city191;149;391;city261;346;176;city223;248;272;city120;252;393;city136;174;224;city182;182;59;city96
161;city134;325;210;city52
140;city130;25;427;city248;397;459;city98;336;356;city251;307;251;city80
159;city254;437;436;city209;376;247;city162;366;451;city281;168;357;city91;405;114;city197;170;41;city226;134;62;city201;462;160;city215;166;5;city257;277;202;city175;399;175;city167
130;city69;300;399;city58;450;317;city228;441;128;city94;14;149;city295;296;122;city199;227;34;city181;499;373;city189;350;363;city271
150;city224;60;457;city271;85;435;city203;383;207;city92;238;495;city201;264;6;city63;499;150;city267;482;323;city247
171;city136;104;91;city109;461;399;city218;422;97;city79;473;182;city285;305;312;city66;57;291;city258;386;432;city53;460;168;city145;391;345;city292;306;30;city107;496;418;city204;27;461;city157;272;360;city101;432;462;city77;412;199;city139;136;211;city94
159;city254;437;436;city209;376;247;city162;366;451;city281;168;357;city91;405;114;city197;170;41;city226;134;62;city201;462;160;city215;166;5;city257;277;202;city175;399;175;city167
173;city63;310;153;city83;198;6;city185
130;city69;300;399;city58;450;317;city228;441;128;city94;14;149;city295;296;122;city199;227;34;city181;499;373;city189;350;363;city271
160;city260;40;296;city103;98;310;city163;47;123;city218;416;201;city166;32;251;city141;415;242;city120;342;214;city220;341;352;city106;468;343;city228;443;299;city231;181;258;city254
144;city152;350;29;city156;444;405;city197;61;459;city124;116;426;city199;84;254;city256;370;494;city91;138;80;city297;400;328;city58;377;103;city203;132;327;city190;63;455;city231;410;494;city282;277;16;city205;407;419;city175;263;71;city222;173;236;city105
134;city198;344;467;city276;73;227;city50;452;124;city214;214;141;city128;83;208;city264;268;300;city265;100;448;city103;137;140;city206;319;364;city60;289;83;city169;120;171;city256;467;437;city79;330;446;city201;70;121;city95;195;101;city152
126;city71;122;231;city78;164;151;city213;454;123;city119;154;215;city91;482;243;city69;366;381;city155;28;206;city150;26;122;city209;423;86;city169;316;321;city276;21;347;city233;445;394;city244;197;227;city172;15;290;city114
157;city280;79;329;city145;270;364;city135;296;184;city116;446;21;city276;413;8;city287;461;183;city136;12;442;city63;423;431;city168;404;389;city180;285;288;city259;162;12;city97;37;473;city179;113;216;city150;474;117;city142;64;359;city80;196;262;city184
144;city152;350;29;city156;444;405;city197;61;459;city124;116;426;city199;84;254;city256;370;494;city91;138;80;city297;400;328;city58;377;103;city203;132;327;city190;63;455;city231;410;494;city282;277;16;city205;407;419;city175;263;71;city222;173;236;city105
162;city281;40;500;city62;85;30;city263;203;219;city265;369;399;city199;354;130;city190;471;261;city80;332;406;city194;221;466;city219;74;217;city189;387;318;city198;50;287;city51;419;478;city210;402;311;city60;112;123;city65
166;city164;67;91;city190;360;133;city269;140;324;city251;422;40;city298;134;193;city95;48;131;city276;281;167;city294;295;211;city244;57;251;city73;133;458;city152;414;305;city165;84;54;city256;340;200;city194;353;289;city207;198;277;city110;353;421;city123
156;city124;169;29;city188;491;244;city262;245;140;city203;429;368;city169
162;city281;40;500;city62;85;30;city263;203;219;city265;369;399;city199;354;130;city190;471;261;city80;332;406;city194;221;466;city219;74;217;city189;387;318;city198;50;287;city51;419;478;city210;402;311;city60;112;123;city65
171;city136;104;91;city109;461;399;city218;422;97;city79;473;182;city285;305;312;city66;57;291;city258;386;432;city53;460;168;city145;391;345;city292;306;30;city107;496;418;city204;27;461;city157;272;360;city101;432;462;city77;412;199;city139;136;211;city94
130;city69;300;399;city58;450;317;city228;441;128;city94;14;149;city295;296;122;city199;227;34;city181;499;373;city189;350;363;city271
137;city154;413;185;city224;316;326;city164;419;233;city281;69;131;city160;339;377;city158;318;434;city278;324;6;city108;317;45;city168;81;345;city140;164;491;city165;55;329;city78;286;80;city56;440;320;city163;25;293;city242;446;169;city93;105;61;city97;205;321;city117
156;city124;169;29;city188;491;244;city262;245;140;city203;429;368;city169
138;city194;294;469;city186;362;472;city106;463;210;city74;236;373;city238;256;232;city174;472;309;city233;342;187;city241;35;153;city87;148;281;city143;281;206;city80;150;258;city224;340;187;city205;21;101;city155;333;37;city254;281;57;city188;88;289;city88;86;122;city258;470;79;city283
158;city268;482;454;city299;20;485;city124;117;278;city92;114;287;city127;6;253;city264;386;29;city255;335;244;city214;347;419;city212;102;292;city130;498;96;city60;204;44;city165
135;city207;355;416;city284;276;62;city210;354;65;city289;477;314;city115;83;443;city192;357;343;city235;345;194;city63
174;city294;63;8193;city214;104;97;city136;168;224;city70;8;204;city87;306;321;city175;494;100;city298;440;333;city216;156;451;city181;219;464;city81;140;272;city174;277;51;city121;356;219;city94;308;282;city67;93;458;city200;414;318;city173
174;city294;63;8193;city214;104;97;city136;168;224;city70;8;204;city87;306;321;city175;494;100;city298;440;333;city216;156;451;city181;219;464;city81;140;272;city174;277;51;city121;356;219;city94;308;282;city67;93;458;city200;414;318;city173
138;city194;294;469;city186;362;472;city106;463;210;city74;236;373;city238;256;232;city174;472;309;city233;342;187;city241;35;153;city87;148;281;city143;281;206;city80;150;258;city224;340;187;city205;21;101;city155;333;37;city254;281;57;city188;88;289;city88;86;122;city258;470;79;city283
126;city71;122;231;city78;164;151;city213;454;123;city119;154;215;city91;482;243;city69;366;381;city155;28;206;city150;26;122;city209;423;86;city169;316;321;city276;21;347;city233;445;394;city244;197;227;city172;15;290;city114
152;city183;471;80;city85;230;144;city202;383;177;city206;352;363;city82;100;197;city170;258;454;city156;23;72;city246;365;8;city109;70;313;city83;53;57;city254;5;42;city64
132;city85;259;334;city146;378;398;city287;487;362;city228;414;450;city271;367;56;city137;297;231;city267;219;357;city58;346;432;city86
139;city237;354;178;city179;191;37;city259;268;149;city90
151;city156;484;312;city78;184;364;city172;276;199;city57;170;223;city162;405;14;city159;160;207;city244;386;107;city200;174;245;city230;483;142;city256;278;356;city204;237;24;city54;154;140;city285;299;15;city268;289;395;city75;360;420;city164;301;258;city106;458;491;city274;10;152;city71;368;190;city67
149;city299;355;291;city57;444;240;city107;260;278;city197;376;280;city161;274;376;city137;105;274;city198;261;357;city179;202;72;city249
125;city93;55;195;city147;439;458;city223;265;270;city214;459;248;city274;424;197;city202;394;261;city135
161;city134;325;210;city52
169;city148;113;24;city114;491;161;city89;222;474;city240;429;263;city62;20;443;city52
137;city154;413;185;city224;316;326;city164;419;233;city281;69;131;city160;339;377;city158;318;434;city278;324;6;city108;317;45;city168;81;345;city140;164;491;city165;55;329;city78;286;80;city56;440;320;city163;25;293;city242;446;169;city93;105;61;city97;205;321;city117
164;city90;434;14;city104;163;460;city174
172;city153;172;333;city256
130;city69;300;399;city58;450;317;city228;441;128;city94;14;149;city295;296;122;city199;227;34;city181;499;373;city189;350;363;city271
168;city231;382;330;city285;494;484;city259;106;222;city294;82;121;city63;65;329;city151;222;204;city72;496;286;city145;415;462;city186;350;444;city279
143;city268;208;192;city151;240;42;city197;319;5;city224;376;340;city92;64;334;city233;32;20;city213;179;92;city75;264;299;city246;118;174;city130;448;179;city255;267;32;city82;215;299;city270;4;267;city124;153;295;city287
136;city122;469;66;city190;172;373;city95;368;82;city266;9;336;city127;212;200;city175;280;153;city155;40;190;city295;305;328;city90;5;296;city123;167;462;city263;225;236;city271;69;415;city142;497;157;city132;445;471;city165;5;250;city135;256;201;city244;490;71;city65
168;city231;382;330;city285;494;484;city259;106;222;city294;82;121;city63;65;329;city151;222;204;city72;496;286;city145;415;462;city186;350;444;city279
143;city268;208;192;city151;240;42;city197;319;5;city224;376;340;city92;64;334;city233;32;20;city213;179;92;city75;264;299;city246;118;174;city130;448;179;city255;267;32;city82;215;299;city270;4;267;city124;153;295;city287
174;city294;63;8193;city214;104;97;city136;168;224;city70;8;204;city87;306;321;city175;494;100;city298;440;333;city216;156;451;city181;219;464;city81;140;272;city174;277;51;city121;356;219;city94;308;282;city67;93;458;city200;414;318;city173
151;city156;484;312;city78;184;364;city172;276;199;city57;170;223;city162;405;14;city159;160;207;city244;386;107;city200;174;245;city230;483;142;city256;278;356;city204;237;24;city54;154;140;city285;299;15;city268;289;395;city75;360;420;city164;301;258;city106;458;491;city274;10;152;city71;368;190;city67
134;city198;344;467;city276;73;227;city50;452;124;city214;214;141;city128;83;208;city264;268;300;city265;100;448;city103;137;140;city206;319;364;city60;289;83;city169;120;171;city256;467;437;city79;330;446;city201;70;121;city95;195;101;city152
145;city261;481;372;city134;97;87;city55;353;309;city231;264;500;city166;44;196;city233;467;270;city249;78;176;city267;291;372;city152;420;263;city174
128;city180;426;438;city68;138;351;city100;61;263;city92;368;310;city146;372;487;city292;278;275;city51;60;314;city201;78;450;city83
141;city151;466;2;city155;498;294;city55;417;9961;city250;363;14;city231;232;325;city144;336;208;city153;59;470;city203;74;428;city295;134;90;city277;474;64;city226;78;236;city202;412;138;city143
142;city64;444;42;city173
140;city130;25;427;city248;397;459;city98;336;356;city251;307;251;city80
166;city164;67;91;city190;360;133;city269;140;324;city251;422;40;city298;134;193;city95;48;131;city276;281;167;city294;295;211;city244;57;251;city73;133;458;city152;414;305;city165;84;54;city256;340;200;city194;353;289;city207;198;277;city110;353;421;city123
140;city130;25;427;city248;397;459;city98;336;356;city251;307;251;city80
143;city268;208;192;city151;240;42;city197;319;5;city224;376;340;city92;64;334;city233;32;20;city213;179;92;city75;264;299;city246;118;174;city130;448;179;city255;267;32;city82;215;299;city270;4;267;city124;153;295;city287
145;city261;481;372;city134;97;87;city55;353;309;city231;264;500;city166;44;196;city233;467;270;city249;78;176;city267;291;372;city152;420;263;city174
132;city85;259;334;city146;378;398;city287;487;362;city228;414;450;city271;367;56;city137;297;231;city267;219;357;city58;346;432;city86
129;city142;73;236;city145;187;404;city148;390;367;city155;382;135;city56;405;143;city107;204;51;city85;297;107;city251;215;6160;city115;416;400;city264;399;305;city190;435;384;city87;273;49;city156
149;city299;355;291;city57;444;240;city107;260;278;city197;376;280;city161;274;376;city137;105;274;city198;261;357;city179;202;72;city249
163;city141;456;353;city280;445;5;city175;148;371;city121;179;64;city211;308;498;city101;170;179;city260
165;city210;224;396;city249;265;227;city81;184;154;city89;379;266;city53;14;375;city241;478;368;city295;446;74;city263;377;456;city291
143;city268;208;192;city151;240;42;city197;319;5;city224;376;340;city92;64;334;city233;32;20;city213;179;92;city75;264;299;city246;118;174;city130;448;179;city255;267;32;city82;215;299;city270;4;267;city124;153;295;city287
165;city210;224;396;city249;265;227;city81;184;154;city89;379;266;city53;14;375;city241;478;368;city295;446;74;city263;377;456;city291
125;city93;55;195;city147;439;458;city223;265;270;city214;459;248;city274;424;197;city202;394;261;city135
156;city124;169;29;city188;491;244;city262;245;140;city203;429;368;city169
174;city294;63;8193;city214;104;97;city136;168;224;city70;8;204;city87;306;321;city175;494;100;city298;440;333;city216;156;451;city181;219;464;city81;140;272;city174;277;51;city121;356;219;city94;308;282;city67;93;458;city200;414;318;city173
174;city294;63;8193;city214;104;97;city136;168;224;city70;8;204;city87;306;321;city175;494;100;city298;440;333;city216;156;451;city181;219;464;city81;140;272;city174;277;51;city121;356;219;city94;308;282;city67;93;458;city200;414;318;city173
170;city191;149;391;city261;346;176;city223;248;272;city120;252;393;city136;174;224;city182;182;59;city96
139;city237;354;178;city179;191;37;city259;268;149;city90
170;city191;149;391;city261;346;176;city223;248;272;city120;252;393;city136;174;224;city182;182;59;city96
145;city261;481;372;city134;97;87;city55;353;309;city231;264;500;city166;44;196;city233;467;270;city249;78;176;city267;291;372;city152;420;263;city174
139;city237;354;178;city179;191;37;city259;268;149;city90
150;city224;60;457;city271;85;435;city203;383;207;city92;238;495;city201;264;6;city63;499;150;city267;482;323;city247
163;city141;456;353;city280;445;5;city175;148;371;city121;179;64;city211;308;498;city101;170;179;city260
172;city153;172;333;city256
143;city268;208;192;city151;240;42;city197;319;5;city224;376;340;city92;64;334;city233;32;20;city213;179;92;city75;264;299;city246;118;174;city130;448;179;city255;267;32;city82;215;299;city270;4;267;city124;153;295;city287
151;city156;484;312;city78;184;364;city172;276;199;city57;170;223;city162;405;14;city159;160;207;city244;386;107;city200;174;245;city230;483;142;city256;278;356;city204;237;24;city54;154;140;city285;299;15;city268;289;395;city75;360;420;city164;301;258;city106;458;491;city274;10;152;city71;368;190;city67
130;city69;300;399;city58;450;317;city228;441;128;city94;14;149;city295;296;122;city199;227;34;city181;499;373;city189;350;363;city271
150;city224;60;457;city271;85;435;city203;383;207;city92;238;495;city201;264;6;city63;499;150;city267;482;323;city247
130;city69;300;399;city58;450;317;city228;441;128;city94;14;149;city295;296;122;city199;227;34;city181;499;373;city189;350;363;city271
163;city141;456;353;city280;445;5;city175;148;371;city121;179;64;city211;308;498;city101;170;179;city260
153;city99;356;104;city238;212;106;city84;88;140;city277;58;11;city224;57;492;city211;243;302;city289;147;425;city197;21;151;city253;82;180;city67;75;346;city53;428;237;city153;84;72;city110;216;236;city285;6;472;city270;61;497;city158;489;413;city233;443;322;city284
139;city237;354;178;city179;191;37;city259;268;149;city90
153;city99;356;104;city238;212;106;city84;88;140;city277;58;11;city224;57;492;city211;243;302;city289;147;425;city197;21;151;city253;82;180;city67;75;346;city53;428;237;city153;84;72;city110;216;236;city285;6;472;city270;61;497;city158;489;413;city233;443;322;city284
156;city124;169;29;city188;491;244;city262;245;140;city203;429;368;city169
139;city237;354;178;city179;191;37;city259;268;149;city90
157;city280;79;329;city145;270;364;city135;296;184;city116;446;21;city276;413;8;city287;461;183;city136;12;442;city63;423;431;city168;404;389;city180;285;288;city259;162;12;city97;37;473;city179;113;216;city150;474;117;city142;64;359;city80;196;262;city184
174;city294;63;8193;city214;104;97;city136;168;224;city70;8;204;city87;306;321;city175;494;100;city298;440;333;city216;156;451;city181;219;464;city81;140;272;city174;277;51;city121;356;219;city94;308;282;city67;93;458;city200;414;318;city173
174;city294;63;8193;city214;104;97;city136;168;224;city70;8;204;city87;306;321;city175;494;100;city298;440;333;city216;156;451;city181;219;464;city81;140;272;city174;277;51;city121;356;219;city94;308;282;city67;93;458;city200;414;318;city173
132;city85;259;334;city146;378;398;city287;487;362;city228;414;450;city271;367;56;city137;297;231;city267;219;357;city58;346;432;city86
166;city164;67;91;city190;360;133;city269;140;324;city251;422;40;city298;134;193;city95;48;131;city276;281;167;city294;295;211;city244;57;251;city73;133;458;city152;414;305;city165;84;54;city256;340;200;city194;353;289;city207;198;277;city110;353;421;city123
153;city99;356;104;city238;212;106;city84;88;140;city277;58;11;city224;57;492;city211;243;302;city289;147;425;city197;21;151;city253;82;180;city67;75;346;city53;428;237;city153;84;72;city110;216;236;city285;6;472;city270;61;497;city158;489;413;city233;443;322;city284
131;city225;486;6;city269;55;464;city127;251;149;city241;153;293;city102;196;202;city213;442;73;city298;390;341;city247;451;303;city249;460;128;city292;116;419;city274;229;51;city109;406;107;city172;472;50;city167
140;city130;25;427;city248;397;459;city98;336;356;city251;307;251;city80
149;city299;355;291;city57;444;240;city107;260;278;city197;376;280;city161;274;376;city137;105;274;city198;261;357;city179;202;72;city249
147;city141;49;286;city200;362;69;city261;442;104;city238;36;285;city109
127;city126;166;75;city198;172;473;city231;28;308;city125;20;169;city161;198;361;city64;131;378;city282;45;455;city251;232;479;city143;355;478;city168;342;172;city112;404;278;city232;84;232;city87;35;210;city93;331;234;city174
127;city126;166;75;city198;172;473;city231;28;308;city125;20;169;city161;198;361;city64;131;378;city282;45;455;city251;232;479;city143;355;478;city168;342;172;city112;404;278;city232;84;232;city87;35;210;city93;331;234;city174
167;city101;37;354;city160;18;263;city249;328;12;city146;390;142;city130;383;267;city71;307;298;city247;415;266;city211;372;224;city99;139;499;city218;312;191;city94;115;67;city137;196;78;city286;479;339;city282;200;293;city141;403;446;city69;321;446;city293;263;208;city103
174;city294;63;8193;city214;104;97;city136;168;224;city70;8;204;city87;306;321;city175;494;100;city298;440;333;city216;156;451;city181;219;464;city81;140;272;city174;277;51;city121;356;219;city94;308;282;city67;93;458;city200;414;318;city173
140;city130;25;427;city248;397;459;city98;336;356;city251;307;251;city80
163;city141;456;353;city280;445;5;city175;148;371;city121;179;64;city211;308;498;city101;170;179;city260
141;city151;466;2;city155;498;294;city55;417;9961;city250;363;14;city231;232;325;city144;336;208;city153;59;470;city203;74;428;city295;134;90;city277;474;64;city226;78;236;city202;412;138;city143
137;city154;413;185;city224;316;326;city164;419;233;city281;69;131;city160;339;377;city158;318;434;city278;324;6;city108;317;45;city168;81;345;city140;164;491;city165;55;329;city78;286;80;city56;440;320;city163;25;293;city242;446;169;city93;105;61;city97;205;321;city117
165;city210;224;396;city249;265;227;city81;184;154;city89;379;266;city53;14;375;city241;478;368;city295;446;74;city263;377;456;city291
154;city253;97;161;city90;208;172;city222;276;70;city157;330;169;city288;476;299;city59;312;158;city292;76;445;city187;6;46;city104;442;144;city182;323;190;city280;143;11;city105
152;city183;471;80;city85;230;144;city202;383;177;city206;352;363;city82;100;197;city170;258;454;city156;23;72;city246;365;8;city109;70;313;city83;53;57;city254;5;42;city64
129;city142;73;236;city145;187;404;city148;390;367;city155;382;135;city56;405;143;city107;204;51;city85;297;107;city251;215;6160;city115;416;400;city264;399;305;city190;435;384;city87;273;49;city156
161;city134;325;210;city52
129;city142;73;236;city145;187;404;city148;390;367;city155;382;135;city56;405;143;city107;204;51;city85;297;107;city251;215;6160;city115;416;400;city264;399;305;city190;435;384;city87;273;49;city156
140;city130;25;427;city248;397;459;city98;336;356;city251;307;251;city80
148;city190;155;189;city214;102;196;city160;95;460;city134
152;city183;471;80;city85;230;144;city202;383;177;city206;352;363;city82;100;197;city170;258;454;city156;23;72;city246;365;8;city109;70;313;city83;53;57;city254;5;42;city64
141;city151;466;2;city155;498;294;city55;417;9961;city250;363;14;city231;232;325;city144;336;208;city153;59;470;city203;74;428;city295;134;90;city277;474;64;city226;78;236;city202;412;138;city143
146;city136;136;60;city207
161;city134;325;210;city52
168;city231;382;330;city285;494;484;city259;106;222;city294;82;121;city63;65;329;city151;222;204;city72;496;286;city145;415;462;city186;350;444;city279
171;city136;104;91;city109;461;399;city218;422;97;city79;473;182;city285;305;312;city66;57;291;city258;386;432;city53;460;168;city145;391;345;city292;306;30;city107;496;418;city204;27;461;city157;272;360;city101;432;462;city77;412;199;city139;136;211;city94
154;city253;97;161;city90;208;172;city222;276;70;city157;330;169;city288;476;299;city59;312;158;city292;76;445;city187;6;46;city104;442;144;city182;323;190;city280;143;11;city105
162;city281;40;500;city62;85;30;city263;203;219;city265;369;399;city199;354;130;city190;471;261;city80;332;406;city194;221;466;city219;74;217;city189;387;318;city198;50;287;city51;419;478;city210;402;311;city60;112;123;city65
131;city225;486;6;city269;55;464;city127;251;149;city241;153;293;city102;196;202;city213;442;73;city298;390;341;city247;451;303;city249;460;128;city292;116;419;city274;229;51;city109;406;107;city172;472;50;city167
155;city95;311;485;city96;47;464;city258;144;279;city141;97;378;city203;446;54;city108;124;345;city223;281;258;city134;297;358;city71;296;122;city216;161;271;city158;120;101;city170;22;40;city74;154;438;city82;198;192;city92
137;city154;413;185;city224;316;326;city164;419;233;city281;69;131;city160;339;377;city158;318;434;city278;324;6;city108;317;45;city168;81;345;city140;164;491;city165;55;329;city78;286;80;city56;440;320;city163;25;293;city242;446;169;city93;105;61;city97;205;321;city117
168;city231;382;330;city285;494;484;city259;106;222;city294;82;121;city63;65;329;city151;222;204;city72;496;286;city145;415;462;city186;350;444;city279
161;city134;325;210;city52
128;city180;426;438;city68;138;351;city100;61;263;city92;368;310;city146;372;487;city292;278;275;city51;60;314;city201;78;450;city83
174;city294;63;8193;city214;104;97;city136;168;224;city70;8;204;city87;306;321;city175;494;100;city298;440;333;city216;156;451;city181;219;464;city81;140;272;city174;277;51;city121;356;219;city94;308;282;city67;93;458;city200;414;318;city173
128;city180;426;438;city68;138;351;city100;61;263;city92;368;310;city146;372;487;city292;278;275;city51;60;314;city201;78;450;city83
125;city93;55;195;city147;439;458;city223;265;270;city214;459;248;city274;424;197;city202;394;261;city135
158;city268;482;454;city299;20;485;city124;117;278;city92;114;287;city127;6;253;city264;386;29;city255;335;244;city214;347;419;city212;102;292;city130;498;96;city60;204;44;city165
134;city198;344;467;city276;73;227;city50;452;124;city214;214;141;city128;83;208;city264;268;300;city265;100;448;city103;137;140;city206;319;364;city60;289;83;city169;120;171;city256;467;437;city79;330;446;city201;70;121;city95;195;101;city152
147;city141;49;286;city200;362;69;city261;442;104;city238;36;285;city109
128;city180;426;438;city68;138;351;city100;61;263;city92;368;310;city146;372;487;city292;278;275;city51;60;314;city201;78;450;city83
149;city299;355;291;city57;444;240;city107;260;278;city197;376;280;city161;274;376;city137;105;274;city198;261;357;city179;202;72;city249
165;city210;224;396;city249;265;227;city81;184;154;city89;379;266;city53;14;375;city241;478;368;city295;446;74;city263;377;456;city291
162;city281;40;500;city62;85;30;city263;203;219;city265;369;399;city199;354;130;city190;471;261;city80;332;406;city194;221;466;city219;74;217;city189;387;318;city198;50;287;city51;419;478;city210;402;311;city60;112;123;city65
131;city225;486;6;city269;55;464;city127;251;149;city241;153;293;city102;196;202;city213;442;73;city298;390;341;city247;451;303;city249;460;128;city292;116;419;city274;229;51;city109;406;107;city172;472;50;city167
169;city148;113;24;city114;491;161;city89;222;474;city240;429;263;city62;20;443;city52
172;city153;172;333;city256
133;city115;431;5;city222;105;56;city249;58;284;city234;464;31;city145;59;103;city175;220;183;city156;219;476;city169;152;195;city166;3;270;city210
172;city153;172;333;city256
167;city101;37;354;city160;18;263;city249;328;12;city146;390;142;city130;383;267;city71;307;298;city247;415;266;city211;372;224;city99;139;499;city218;312;191;city94;115;67;city137;196;78;city286;479;339;city282;200;293;city141;403;446;city69;321;446;city293;263;208;city103
163;city141;456;353;city280;445;5;city175;148;371;city121;179;64;city211;308;498;city101;170;179;city260
165;city210;224;396;city249;265;227;city81;184;154;city89;379;266;city53;14;375;city241;478;368;city295;446;74;city263;377;456;city291
157;city280;79;329;city145;270;364;city135;296;184;city116;446;21;city276;413;8;city287;461;183;city136;12;442;city63;423;431;city168;404;389;city180;285;288;city259;162;12;city97;37;473;city179;113;216;city150;474;117;city142;64;359;city80;196;262;city184
137;city154;413;185;city224;316;326;city164;419;233;city281;69;131;city160;339;377;city158;318;434;city278;324;6;city108;317;45;city168;81;345;city140;164;491;city165;55;329;city78;286;80;city56;440;320;city163;25;293;city242;446;169;city93;105;61;city97;205;321;city117
140;city130;25;427;city248;397;459;city98;336;356;city251;307;251;city80
159;city254;437;436;city209;376;247;city162;366;451;city281;168;357;city91;405;114;city197;170;41;city226;134;62;city201;462;160;city215;166;5;city257;277;202;city175;399;175;city167
139;city237;354;178;city179;191;37;city259;268;149;city90
158;city268;482;454;city299;20;485;city124;117;278;city92;114;287;city127;6;253;city264;386;29;city255;335;244;city214;347;419;city212;102;1733;city130;498;96;city60;204;44;city165
