ERROR 1
ERROR 4
ERROR 18
ERROR 19
ERROR 21
ERROR 22
ERROR 25
ERROR 27
ERROR 31
ERROR 32
ERROR 35
ERROR 40
ERROR 41
ERROR 46
ERROR 50
ERROR 59
ERROR 61
ERROR 67
ERROR 74
ERROR 77
ERROR 81
ERROR 83
ERROR 90
ERROR 93
ERROR 100
ERROR 102
ERROR 106
ERROR 107
ERROR 110
ERROR 111
ERROR 121
ERROR 125
ERROR 127
ERROR 135
ERROR 136
ERROR 137
ERROR 138
ERROR 139
ERROR 140
ERROR 144
ERROR 145
ERROR 149
ERROR 154
ERROR 155
ERROR 157
ERROR 159
ERROR 161
ERROR 165
ERROR 166
ERROR 170
ERROR 172
ERROR 177
ERROR 178
ERROR 179
ERROR 182
ERROR 184
ERROR 185
ERROR 191
ERROR 194
ERROR 196
ERROR 197
ERROR 198
ERROR 199
ERROR 201
ERROR 202
ERROR 204
ERROR 207
ERROR 208
ERROR 212
ERROR 213
ERROR 215
ERROR 221
ERROR 225
ERROR 226
ERROR 227
ERROR 228
ERROR 229
ERROR 230
ERROR 231
ERROR 234
ERROR 235
ERROR 240
ERROR 242
ERROR 243
ERROR 246
ERROR 248
ERROR 249
ERROR 252
ERROR 254
ERROR 256
ERROR 259
ERROR 260
ERROR 262
ERROR 263
ERROR 267
ERROR 270
ERROR 273
ERROR 274
ERROR 275
ERROR 276
ERROR 280
ERROR 281
ERROR 283
ERROR 284
ERROR 290
ERROR 294
ERROR 297
ERROR 298
ERROR 305
ERROR 306
ERROR 308
ERROR 309
ERROR 312
ERROR 314
ERROR 316
ERROR 317
ERROR 318
ERROR 319
ERROR 321
ERROR 324
ERROR 326
ERROR 328
ERROR 330
ERROR 333
ERROR 334
ERROR 336
ERROR 339
ERROR 341
ERROR 344
ERROR 345
ERROR 350
ERROR 356
ERROR 358
ERROR 360
ERROR 361
ERROR 362
ERROR 365
ERROR 366
ERROR 367
ERROR 370
ERROR 371
ERROR 375
ERROR 376
ERROR 377
ERROR 378
ERROR 379
ERROR 382
ERROR 383
ERROR 384
ERROR 385
ERROR 387
ERROR 391
ERROR 392
ERROR 393
ERROR 397
ERROR 398
ERROR 399
ERROR 400
ERROR 402
ERROR 404
ERROR 409
ERROR 410
ERROR 412
ERROR 414
ERROR 418
ERROR 420
ERROR 423
ERROR 424
ERROR 425
ERROR 429
ERROR 432
ERROR 436
ERROR 438
ERROR 439
ERROR 441
ERROR 442
ERROR 443
ERROR 448
ERROR 449
ERROR 453
ERROR 458
ERROR 459
ERROR 460
ERROR 462
ERROR 465
ERROR 467
ERROR 470
ERROR 471
ERROR 472
ERROR 473
ERROR 474
ERROR 475
ERROR 478
ERROR 479
ERROR 480
ERROR 486
ERROR 487
ERROR 488
ERROR 489
ERROR 491
ERROR 494
ERROR 496
ERROR 497
ERROR 499
ERROR 500
ERROR 501
ERROR 502
ERROR 503
ERROR 504
ERROR 506
ERROR 508
ERROR 509
ERROR 510
ERROR 511
ERROR 512
ERROR 515
ERROR 524
ERROR 525
ERROR 529
ERROR 531
ERROR 532
ERROR 533
ERROR 534
ERROR 538
ERROR 540
ERROR 541
ERROR 542
ERROR 543
ERROR 546
ERROR 547
ERROR 550
ERROR 553
ERROR 554
ERROR 556
ERROR 557
ERROR 559
ERROR 560
ERROR 561
ERROR 562
ERROR 563
ERROR 564
ERROR 566
ERROR 569
ERROR 571
ERROR 574
ERROR 575
ERROR 576
ERROR 577
ERROR 578
ERROR 581
ERROR 584
ERROR 585
ERROR 586
ERROR 587
ERROR 588
ERROR 591
ERROR 592
ERROR 593
ERROR 594
ERROR 597
ERROR 599
ERROR 600
ERROR 601
ERROR 605
ERROR 607
ERROR 610
ERROR 611
ERROR 614
ERROR 615
ERROR 619
ERROR 621
ERROR 623
ERROR 635
ERROR 637
ERROR 639
ERROR 645
ERROR 647
ERROR 649
ERROR 652
ERROR 655
ERROR 656
ERROR 657
ERROR 659
ERROR 660
ERROR 661
ERROR 663
ERROR 664
ERROR 667
ERROR 669
ERROR 670
ERROR 672
ERROR 673
ERROR 678
ERROR 681
ERROR 682
ERROR 684
ERROR 690
ERROR 691
ERROR 692
ERROR 693
ERROR 695
ERROR 697
ERROR 699
ERROR 700
ERROR 702
ERROR 704
ERROR 706
ERROR 708
ERROR 709
ERROR 712
ERROR 716
ERROR 718
ERROR 720
ERROR 722
ERROR 723
ERROR 727
ERROR 728
ERROR 732
ERROR 737
ERROR 739
ERROR 740
ERROR 742
ERROR 743
ERROR 744
ERROR 745
ERROR 747
ERROR 748
ERROR 749
ERROR 750
ERROR 751
ERROR 752
ERROR 753
ERROR 754
ERROR 758
ERROR 759
ERROR 761
ERROR 762
ERROR 763
ERROR 764
ERROR 766
ERROR 768
ERROR 769
ERROR 770
ERROR 771
ERROR 772
ERROR 774
ERROR 775
ERROR 776
ERROR 777
ERROR 778
ERROR 779
ERROR 782
ERROR 785
ERROR 786
ERROR 787
ERROR 791
ERROR 794
ERROR 795
ERROR 797
ERROR 798
ERROR 799
ERROR 800
ERROR 801
ERROR 803
ERROR 808
ERROR 811
ERROR 812
ERROR 816
ERROR 819
ERROR 821
ERROR 822
ERROR 825
ERROR 828
ERROR 830
ERROR 831
ERROR 833
ERROR 835
ERROR 838
ERROR 839
ERROR 840
ERROR 841
ERROR 842
ERROR 843
ERROR 844
ERROR 846
ERROR 848
ERROR 849
ERROR 851
ERROR 855
ERROR 859
ERROR 860
ERROR 862
ERROR 863
ERROR 864
ERROR 868
ERROR 870
ERROR 871
ERROR 873
ERROR 875
ERROR 876
ERROR 879
ERROR 881
ERROR 883
ERROR 884
ERROR 885
ERROR 886
ERROR 888
ERROR 892
ERROR 893
ERROR 894
ERROR 896
ERROR 897
ERROR 899
ERROR 900
ERROR 902
ERROR 903
ERROR 905
ERROR 906
ERROR 908
ERROR 910
ERROR 912
ERROR 915
ERROR 916
ERROR 918
ERROR 922
ERROR 923
ERROR 925
ERROR 930
ERROR 934
ERROR 935
ERROR 937
ERROR 939
ERROR 943
ERROR 949
ERROR 950
ERROR 951
ERROR 952
ERROR 954
ERROR 956
ERROR 963
ERROR 964
ERROR 968
ERROR 970
ERROR 971
ERROR 975
ERROR 978
ERROR 981
ERROR 982
ERROR 983
ERROR 986
ERROR 987
ERROR 988
ERROR 989
ERROR 990
ERROR 992
ERROR 993
ERROR 996
ERROR 998
ERROR 999
ERROR 1001
ERROR 1002
ERROR 1003
ERROR 1006
ERROR 1008
ERROR 1010
ERROR 1012
ERROR 1014
ERROR 1015
ERROR 1016
ERROR 1021
ERROR 1023
ERROR 1024
ERROR 1026
ERROR 1029
ERROR 1030
ERROR 1034
ERROR 1037
ERROR 1041
ERROR 1043
ERROR 1044
ERROR 1045
ERROR 1047
ERROR 1052
ERROR 1053
ERROR 1057
ERROR 1058
ERROR 1061
ERROR 1062
ERROR 1063
ERROR 1064
ERROR 1065
ERROR 1066
ERROR 1067
ERROR 1070
ERROR 1071
ERROR 1072
ERROR 1073
ERROR 1074
ERROR 1075
ERROR 1076
ERROR 1078
ERROR 1079
ERROR 1081
ERROR 1082
ERROR 1084
ERROR 1086
ERROR 1087
ERROR 1088
ERROR 1089
ERROR 1091
ERROR 1092
ERROR 1093
ERROR 1094
ERROR 1096
ERROR 1098
ERROR 1100
ERROR 1103
ERROR 1105
ERROR 1109
ERROR 1110
ERROR 1115
ERROR 1116
ERROR 1119
ERROR 1122
ERROR 1124
ERROR 1125
ERROR 1131
ERROR 1137
ERROR 1138
ERROR 1139
ERROR 1142
ERROR 1144
ERROR 1145
ERROR 1146
ERROR 1147
ERROR 1148
ERROR 1152
ERROR 1153
ERROR 1154
ERROR 1158
ERROR 1159
ERROR 1161
ERROR 1162
ERROR 1164
ERROR 1165
ERROR 1166
ERROR 1167
ERROR 1169
ERROR 1170
ERROR 1171
ERROR 1172
ERROR 1173
ERROR 1176
ERROR 1178
ERROR 1182
ERROR 1185
ERROR 1186
ERROR 1189
ERROR 1190
ERROR 1191
ERROR 1192
ERROR 1193
ERROR 1195
ERROR 1198
ERROR 1200
ERROR 1201
ERROR 1202
ERROR 1203
ERROR 1204
ERROR 1205
ERROR 1206
ERROR 1207
ERROR 1209
ERROR 1210
ERROR 1212
ERROR 1215
ERROR 1217
ERROR 1218
ERROR 1219
ERROR 1220
ERROR 1223
ERROR 1225
ERROR 1226
ERROR 1227
ERROR 1228
ERROR 1229
ERROR 1231
ERROR 1232
ERROR 1233
ERROR 1234
ERROR 1236
ERROR 1237
ERROR 1238
ERROR 1243
ERROR 1247
ERROR 1248
ERROR 1249
ERROR 1251
ERROR 1252
ERROR 1255
ERROR 1256
ERROR 1258
ERROR 1259
ERROR 1262
ERROR 1263
ERROR 1266
ERROR 1267
ERROR 1272
ERROR 1273
ERROR 1276
ERROR 1277
ERROR 1279
ERROR 1280
ERROR 1281
ERROR 1282
ERROR 1287
ERROR 1291
ERROR 1293
ERROR 1294
ERROR 1295
ERROR 1297
ERROR 1298
ERROR 1301
ERROR 1302
ERROR 1303
ERROR 1304
ERROR 1305
ERROR 1306
ERROR 1307
ERROR 1311
ERROR 1312
ERROR 1317
ERROR 1322
ERROR 1326
ERROR 1329
ERROR 1331
ERROR 1332
ERROR 1333
ERROR 1335
ERROR 1336
ERROR 1337
ERROR 1338
ERROR 1340
ERROR 1341
ERROR 1342
ERROR 1347
ERROR 1349
ERROR 1350
ERROR 1352
ERROR 1353
ERROR 1355
ERROR 1356
ERROR 1359
ERROR 1360
ERROR 1361
ERROR 1363
ERROR 1366
ERROR 1367
ERROR 1368
ERROR 1370
ERROR 1372
ERROR 1374
ERROR 1377
ERROR 1379
ERROR 1381
ERROR 1382
ERROR 1383
ERROR 1384
ERROR 1387
ERROR 1388
ERROR 1389
ERROR 1391
ERROR 1395
ERROR 1400
ERROR 1401
ERROR 1402
ERROR 1403
ERROR 1407
ERROR 1410
ERROR 1413
ERROR 1417
ERROR 1418
ERROR 1419
ERROR 1421
ERROR 1423
ERROR 1424
ERROR 1426
ERROR 1428
ERROR 1429
ERROR 1431
ERROR 1434
ERROR 1436
ERROR 1437
ERROR 1438
ERROR 1439
ERROR 1441
ERROR 1442
ERROR 1444
ERROR 1445
ERROR 1451
ERROR 1456
ERROR 1459
ERROR 1460
ERROR 1461
ERROR 1462
ERROR 1465
ERROR 1467
ERROR 1468
ERROR 1469
ERROR 1470
ERROR 1471
ERROR 1475
ERROR 1476
ERROR 1478
ERROR 1480
ERROR 1483
ERROR 1485
ERROR 1486
ERROR 1491
ERROR 1493
ERROR 1495
ERROR 1496
ERROR 1500
ERROR 1502
ERROR 1504
ERROR 1505
ERROR 1509
ERROR 1511
ERROR 1514
ERROR 1519
ERROR 1520
ERROR 1521
ERROR 1522
ERROR 1523
ERROR 1524
ERROR 1528
ERROR 1530
ERROR 1531
ERROR 1532
ERROR 1534
ERROR 1536
ERROR 1537
ERROR 1538
ERROR 1543
ERROR 1545
ERROR 1546
ERROR 1548
ERROR 1550
ERROR 1553
ERROR 1555
ERROR 1558
ERROR 1559
ERROR 1560
ERROR 1561
ERROR 1565
ERROR 1566
ERROR 1568
ERROR 1570
ERROR 1573
ERROR 1579
ERROR 1588
ERROR 1589
ERROR 1592
ERROR 1597
ERROR 1598
ERROR 1599
ERROR 1600
ERROR 1601
ERROR 1602
ERROR 1603
ERROR 1605
ERROR 1606
ERROR 1607
ERROR 1609
ERROR 1613
ERROR 1614
ERROR 1615
ERROR 1616
ERROR 1618
ERROR 1620
ERROR 1624
ERROR 1625
ERROR 1626
ERROR 1628
ERROR 1630
ERROR 1633
ERROR 1634
ERROR 1638
ERROR 1639
ERROR 1640
ERROR 1641
ERROR 1642
ERROR 1643
ERROR 1644
ERROR 1647
ERROR 1653
ERROR 1654
ERROR 1655
ERROR 1657
ERROR 1658
ERROR 1660
ERROR 1663
ERROR 1664
ERROR 1665
ERROR 1670
ERROR 1673
ERROR 1674
ERROR 1675
ERROR 1676
ERROR 1677
ERROR 1678
ERROR 1680
ERROR 1681
ERROR 1682
ERROR 1689
ERROR 1692
ERROR 1694
ERROR 1695
ERROR 1696
