



164;city159;418;294;city86;229;327;city115;364;171;city298




155;city134;370;130;city226;37;429;city266;40;392;city176;148;479;city121;31;287;city259


126;city52;367;77;city142;40;224;city190
172;city70;341;296;city87;274;435;city92;216;275;city183;269;63;city52


144;city129;232;381;city101;150;24;city252;129;260;city160;121;392;city79;237;449;city265;449;207;city157;20;241;city201;96;451;city204;132;165;city242;157;95;city85;119;424;city241;98;388;city261;129;261;city84;273;264;city244;115;265;city279


173;city268;486;363;city245;416;158;city291;174;327;city266;93;471;city137;63;31;city172;372;206;city208;468;228;city50;468;130;city106;165;159;city146;387;409;city282;318;163;city103

172;city70;341;296;city87;274;435;city92;216;275;city183;269;63;city52




172;city70;341;296;city87;274;435;city92;216;275;city183;269;63;city52
126;city52;367;77;city142;40;224;city190
135;city91;199;328;city287;135;372;city215;198;195;city269;240;116;city136
164;city159;418;294;city86;229;327;city115;364;171;city298
145;city210;463;137;city81;214;100;city258
171;city99;404;221;city249;50;215;city274


136;city198;414;256;city122;398;291;city238;493;379;city232;368;319;city280;3;409;city190;393;122;city200;474;24;city129;335;177;city224;201;296;city90;263;3;city76;463;382;city150;46;244;city176;251;278;city134;287;484;city121;234;174;city189;445;496;city89

126;city52;367;77;city142;40;224;city190
168;city121;236;235;city216;124;50;city225;169;316;city201;67;166;city111;303;7;city273;17;222;city198;346;174;city145;61;343;city292;223;493;city288;434;417;city226;428;38;city97
170;city274;107;208;city214;296;239;city88;371;230;city231;418;258;city122;246;85;city87;157;451;city244;170;169;city202;138;399;city212;308;421;city154;43;16;city288;149;437;city285;20;401;city170;393;7;city178;229;493;city59;73;38;city291;283;331;city124;412;205;city246;386;20;city290;118;68;city129



136;city198;414;256;city122;398;291;city238;493;379;city232;368;319;city280;3;409;city190;393;122;city200;474;24;city129;335;177;city224;201;296;city90;263;3;city76;463;382;city150;46;244;city176;251;278;city134;287;484;city121;234;174;city189;445;496;city89
146;city117;389;115;city133;291;249;city212;476;445;city203;384;58;city158;13;258;city54;326;129;city144;184;448;city180;77;163;city227;329;422;city294;148;219;city198;320;96;city69;495;22;city292;372;314;city109;323;396;city238;349;165;city60
168;city121;236;235;city216;124;50;city225;169;316;city201;67;166;city111;303;7;city273;17;222;city198;346;174;city145;61;343;city292;223;493;city288;434;417;city226;428;38;city97
149;city111;479;230;city155;114;203;city166;125;201;city126;382;162;city70;280;266;city279;369;110;city224;288;274;city273;434;90;city206;442;179;city277

126;city52;367;77;city142;40;224;city190
155;city134;370;130;city226;37;429;city266;40;392;city176;148;479;city121;31;287;city259


139;city227;259;30;city273;240;91;city179;61;75;city108;459;188;city166;84;239;city69;264;339;city57;391;380;city299;116;483;city150;145;79;city71;454;355;city211;294;152;city278;388;333;city77;424;370;city147;401;330;city138;249;105;city198;318;24;city218;419;134;city225;287;417;city171


173;city268;486;363;city245;416;158;city291;174;327;city266;93;471;city137;63;31;city172;372;206;city208;468;228;city50;468;130;city106;165;159;city146;387;409;city282;318;163;city103
138;city82;291;144;city268;164;46;city147;76;66;city213;313;473;city247;420;427;city83;175;369;city280;357;445;city215;184;305;city85;11;452;city299;447;126;city177;407;436;city184;332;251;city289;290;347;city77;54;201;city256;286;12;city95;403;181;city212;293;367;city298;338;400;city113
162;city121;192;358;city195;392;219;city148;108;485;city283;470;318;city93;267;137;city278;377;280;city132;394;353;city250;176;377;city213;430;220;city221;331;287;city80;106;216;city153;70;494;city102;181;253;city215
138;city82;291;144;city268;164;46;city147;76;66;city213;313;473;city247;420;427;city83;175;369;city280;357;445;city215;184;305;city85;11;452;city299;447;126;city177;407;436;city184;332;251;city289;290;347;city77;54;201;city256;286;12;city95;403;181;city212;293;367;city298;338;400;city113

140;city281;134;122;city212;67;212;city92;262;126;city146


169;city165;246;186;city251;6;32;city111;174;68;city99;377;104;city234;168;359;city107;399;233;city189;363;131;city238;35;311;city233;152;287;city289;236;372;city283;139;120;city72;109;164;city164;488;30;city57;316;10;city135;259;285;city255;160;42;city79;52;357;city155;61;324;city269
145;city210;463;137;city81;214;100;city258
170;city274;107;208;city214;296;239;city88;371;230;city231;418;258;city122;246;85;city87;157;451;city244;170;169;city202;138;399;city212;308;421;city154;43;16;city288;149;437;city285;20;401;city170;393;7;city178;229;493;city59;73;38;city291;283;331;city124;412;205;city246;386;20;city290;118;68;city129


172;city70;341;296;city87;274;435;city92;216;275;city183;269;63;city52
172;city70;341;296;city87;274;435;city92;216;275;city183;269;63;city52

138;city82;291;144;city268;164;46;city147;76;66;city213;313;473;city247;420;427;city83;175;369;city280;357;445;city215;184;305;city85;11;452;city299;447;126;city177;407;436;city184;332;251;city289;290;347;city77;54;201;city256;286;12;city95;403;181;city212;293;367;city298;338;400;city113
125;city117;168;118;city297;173;241;city283;274;448;city295;281;247;city114;64;191;city116;146;147;city64
136;city198;414;256;city122;398;291;city238;493;379;city232;368;319;city280;3;409;city190;393;122;city200;474;24;city129;335;177;city224;201;296;city90;263;3;city76;463;382;city150;46;244;city176;251;278;city134;287;484;city121;234;174;city189;445;496;city89
164;city159;418;294;city86;229;327;city115;364;171;city298
145;city210;463;137;city81;214;100;city258


144;city129;232;381;city101;150;24;city252;129;260;city160;121;392;city79;237;449;city265;449;207;city157;20;241;city201;96;451;city204;132;165;city242;157;95;city85;119;424;city241;98;388;city261;129;261;city84;273;264;city244;115;265;city279
138;city82;291;144;city268;164;46;city147;76;66;city213;313;473;city247;420;427;city83;175;369;city280;357;445;city215;184;305;city85;11;452;city299;447;126;city177;407;436;city184;332;251;city289;290;347;city77;54;201;city256;286;12;city95;403;181;city212;293;367;city298;338;400;city113
125;city117;168;118;city297;173;241;city283;274;448;city295;281;247;city114;64;191;city116;146;147;city64

143;city70;348;123;city229;164;498;city168;415;242;city264;103;140;city281;106;424;city238;457;41;city65;221;110;city163;171;77;city171;32;333;city290;64;156;city86;198;72;city297;430;166;city154;398;292;city231;491;103;city295;324;349;city201;19;427;city149;85;344;city156;237;71;city101
148;city295;256;207;city53;46;184;city204;454;435;city285;371;472;city225;411;289;city273;449;461;city71;210;349;city98;485;483;city270

131;city114;171;288;city136;494;33;city277;252;54;city172;395;246;city178;157;443;city158;443;303;city161;44;317;city220;103;285;city231;334;371;city224;48;113;city115;210;288;city272;154;269;city55;253;271;city229;92;148;city146;95;106;city130;412;99;city190;70;442;city215;40;112;city208
149;city111;479;230;city155;114;203;city166;125;201;city126;382;162;city70;280;266;city279;369;110;city224;288;274;city273;434;90;city206;442;179;city277


134;city84;84;236;city157;323;442;city238;22;161;city264;217;178;city54;255;454;city66;151;434;city200;250;274;city173;399;139;city273;268;409;city96;115;187;city61;77;406;city223;119;86;city161;223;5;city137;494;344;city261;232;378;city209
174;city240;463;269;city200;269;358;city220;494;266;city176;95;78;city287;441;418;city292;364;482;city271;97;474;city207;185;275;city139
137;city240;54;268;city186;446;459;city294;27;423;city81;436;356;city154
139;city227;259;30;city273;240;91;city179;61;75;city108;459;188;city166;84;239;city69;264;339;city57;391;380;city299;116;483;city150;145;79;city71;454;355;city211;294;152;city278;388;333;city77;424;370;city147;401;330;city138;249;105;city198;318;24;city218;419;134;city225;287;417;city171
171;city99;404;221;city249;50;215;city274
162;city121;192;358;city195;392;219;city148;108;485;city283;470;318;city93;267;137;city278;377;280;city132;394;353;city250;176;377;city213;430;220;city221;331;287;city80;106;216;city153;70;494;city102;181;253;city215


162;city121;192;358;city195;392;219;city148;108;485;city283;470;318;city93;267;137;city278;377;280;city132;394;353;city250;176;377;city213;430;220;city221;331;287;city80;106;216;city153;70;494;city102;181;253;city215
162;city121;192;358;city195;392;219;city148;108;485;city283;470;318;city93;267;137;city278;377;280;city132;394;353;city250;176;377;city213;430;220;city221;331;287;city80;106;216;city153;70;494;city102;181;253;city215
173;city268;486;363;city245;416;158;city291;174;327;city266;93;471;city137;63;31;city172;372;206;city208;468;228;city50;468;130;city106;165;159;city146;387;409;city282;318;163;city103
132;city299;213;34;city231;441;443;city91;186;188;city230;218;310;city229;20;320;city135;74;78;city186;134;364;city62;373;182;city146;13;89;city161;173;151;city109;311;32;city192;378;432;city54;207;325;city191;131;39;city184;14;353;city200;476;240;city289;187;288;city171;434;5;city99;398;376;city226

169;city165;246;186;city251;6;32;city111;174;68;city99;377;104;city234;168;359;city107;399;233;city189;363;131;city238;35;311;city233;152;287;city289;236;372;city283;139;120;city72;109;164;city164;488;30;city57;316;10;city135;259;285;city255;160;42;city79;52;357;city155;61;324;city269
171;city99;404;221;city249;50;215;city274
154;city129;436;78;city195;312;335;city182;100;45;city190;325;426;city240;113;260;city144;420;158;city92
126;city52;367;77;city142;40;224;city190
132;city299;213;34;city231;441;443;city91;186;188;city230;218;310;city229;20;320;city135;74;78;city186;134;364;city62;373;182;city146;13;89;city161;173;151;city109;311;32;city192;378;432;city54;207;325;city191;131;39;city184;14;353;city200;476;240;city289;187;288;city171;434;5;city99;398;376;city226
132;city299;213;34;city231;441;443;city91;186;188;city230;218;310;city229;20;320;city135;74;78;city186;134;364;city62;373;182;city146;13;89;city161;173;151;city109;311;32;city192;378;432;city54;207;325;city191;131;39;city184;14;353;city200;476;240;city289;187;288;city171;434;5;city99;398;376;city226

167;city238;459;349;city81;139;386;city185;399;241;city230;431;260;city80;392;327;city234;267;9;city251;494;347;city262;411;95;city256;98;319;city97
164;city159;418;294;city86;229;327;city115;364;171;city298

170;city274;107;208;city214;296;239;city88;371;230;city231;418;258;city122;246;85;city87;157;451;city244;170;169;city202;138;399;city212;308;421;city154;43;16;city288;149;437;city285;20;401;city170;393;7;city178;229;493;city59;73;38;city291;283;331;city124;412;205;city246;386;20;city290;118;68;city129
143;city70;348;123;city229;164;498;city168;415;242;city264;103;140;city281;106;424;city238;457;41;city65;221;110;city163;171;77;city171;32;333;city290;64;156;city86;198;72;city297;430;166;city154;398;292;city231;491;103;city295;324;349;city201;19;427;city149;85;344;city156;237;71;city101

132;city299;213;34;city231;441;443;city91;186;188;city230;218;310;city229;20;320;city135;74;78;city186;134;364;city62;373;182;city146;13;89;city161;173;151;city109;311;32;city192;378;432;city54;207;325;city191;131;39;city184;14;353;city200;476;240;city289;187;288;city171;434;5;city99;398;376;city226
133;city223;174;291;city56;344;258;city232;47;448;city254;487;403;city159;145;342;city212;323;51;city160;126;370;city197;459;53;city238;483;451;city119
135;city91;199;328;city287;135;372;city215;198;195;city269;240;116;city136
140;city281;134;122;city212;67;212;city92;262;126;city146

130;city142;80;34;city161;87;288;city167;165;36;city83
148;city295;256;207;city53;46;184;city204;454;435;city285;371;472;city225;411;289;city273;449;461;city71;210;349;city98;485;483;city270
157;city282;311;385;city269;69;6;city297;259;82;city138;217;475;city277;64;269;city246;435;46;city107;400;278;city89;15;267;city158;328;372;city112;28;493;city133;343;107;city81;287;203;city195;56;419;city162;197;90;city245;496;256;city115;263;116;city134;349;240;city80

171;city99;404;221;city249;50;215;city274
138;city82;291;144;city268;164;46;city147;76;66;city213;313;473;city247;420;427;city83;175;369;city280;357;445;city215;184;305;city85;11;452;city299;447;126;city177;407;436;city184;332;251;city289;290;347;city77;54;201;city256;286;12;city95;403;181;city212;293;367;city298;338;400;city113
154;city129;436;78;city195;312;335;city182;100;45;city190;325;426;city240;113;260;city144;420;158;city92
163;city73;339;459;city72;394;48;city157;309;298;city53;305;106;city297;161;470;city279;73;362;city172;31;415;city148;11;449;city144;197;186;city207;116;208;city120
140;city281;134;122;city212;67;212;city92;262;126;city146
162;city121;192;358;city195;392;219;city148;108;485;city283;470;318;city93;267;137;city278;377;280;city132;394;353;city250;176;377;city213;430;220;city221;331;287;city80;106;216;city153;70;494;city102;181;253;city215
167;city238;459;349;city81;139;386;city185;399;241;city230;431;260;city80;392;327;city234;267;9;city251;494;347;city262;411;95;city256;98;319;city97
141;city128;70;357;city273;450;56;city55;447;449;city173;252;183;city244;164;429;city148;175;320;city138;209;445;city211;454;276;city184;12;138;city288;52;415;city50;252;100;city57;279;173;city108;99;262;city100;394;54;city174
128;city269;492;181;city270;60;370;city164;208;395;city120
130;city142;80;34;city161;87;288;city167;165;36;city83
138;city82;291;144;city268;164;46;city147;76;66;city213;313;473;city247;420;427;city83;175;369;city280;357;445;city215;184;305;city85;11;452;city299;447;126;city177;407;436;city184;332;251;city289;290;347;city77;54;201;city256;286;12;city95;403;181;city212;293;367;city298;338;400;city113
130;city142;80;34;city161;87;288;city167;165;36;city83
136;city198;414;256;city122;398;291;city238;493;379;city232;368;319;city280;3;409;city190;393;122;city200;474;24;city129;335;177;city224;201;296;city90;263;3;city76;463;382;city150;46;244;city176;251;278;city134;287;484;city121;234;174;city189;445;496;city89


141;city128;70;357;city273;450;56;city55;447;449;city173;252;183;city244;164;429;city148;175;320;city138;209;445;city211;454;276;city184;12;138;city288;52;415;city50;252;100;city57;279;173;city108;99;262;city100;394;54;city174
162;city121;192;358;city195;392;219;city148;108;485;city283;470;318;city93;267;137;city278;377;280;city132;394;353;city250;176;377;city213;430;220;city221;331;287;city80;106;216;city153;70;494;city102;181;253;city215
172;city70;341;296;city87;274;435;city92;216;275;city183;269;63;city52
129;city87;72;433;city247;368;44;city166;186;430;city84;377;240;city213;236;440;city218;96;141;city222;276;476;city292;87;211;city196;230;185;city197;72;309;city267;78;291;city233;116;449;city193
149;city111;479;230;city155;114;203;city166;125;201;city126;382;162;city70;280;266;city279;369;110;city224;288;274;city273;434;90;city206;442;179;city277
141;city128;70;357;city273;450;56;city55;447;449;city173;252;183;city244;164;429;city148;175;320;city138;209;445;city211;454;276;city184;12;138;city288;52;415;city50;252;100;city57;279;173;city108;99;262;city100;394;54;city174

161;city244;95;499;city252;118;105;city57;417;165;city290;189;249;city178;406;413;city121;43;493;city82;177;54;city147
137;city240;54;268;city186;446;459;city294;27;423;city81;436;356;city154
162;city121;192;358;city195;392;219;city148;108;485;city283;470;318;city93;267;137;city278;377;280;city132;394;353;city250;176;377;city213;430;220;city221;331;287;city80;106;216;city153;70;494;city102;181;253;city215
132;city299;213;34;city231;441;443;city91;186;188;city230;218;310;city229;20;320;city135;74;78;city186;134;364;city62;373;182;city146;13;89;city161;173;151;city109;311;32;city192;378;432;city54;207;325;city191;131;39;city184;14;353;city200;476;240;city289;187;288;city171;434;9114;city99;398;376;city226


131;city114;171;288;city136;494;33;city277;252;54;city172;395;246;city178;157;443;city158;443;303;city161;44;317;city220;103;285;city231;334;371;city224;48;113;city115;210;288;city272;154;269;city55;253;271;city229;92;148;city146;95;106;city130;412;99;city190;70;442;city215;40;112;city208

145;city210;463;137;city81;214;100;city258
134;city84;84;236;city157;323;442;city238;22;161;city264;217;178;city54;255;454;city66;151;434;city200;250;274;city173;399;139;city273;268;409;city96;115;187;city61;77;406;city223;119;86;city161;223;5;city137;494;344;city261;232;378;city209

148;city295;256;207;city53;46;184;city204;454;435;city285;371;472;city225;411;289;city273;449;461;city71;210;349;city98;485;483;city270
155;city134;370;130;city226;37;429;city266;40;392;city176;148;479;city121;31;287;city259
173;city268;486;363;city245;416;158;city291;174;327;city266;93;471;city137;63;31;city172;372;206;city208;468;228;city50;468;130;city106;165;159;city146;387;409;city282;318;163;city103
129;city87;72;433;city247;368;44;city166;186;430;city84;377;240;city213;236;440;city218;96;141;city222;276;476;city292;87;211;city196;230;185;city197;72;309;city267;78;291;city233;116;449;city193
160;city204;237;181;city134
127;city170;138;427;city270;179;43;city120;448;374;city139;226;314;city231;5;247;city177;20;311;city111;192;434;city132;349;268;city162;419;490;city156
146;city117;389;115;city133;291;249;city212;476;445;city203;384;58;city158;13;258;city54;326;129;city144;184;448;city180;77;163;city227;329;422;city294;148;219;city198;320;96;city69;495;22;city292;372;314;city109;323;396;city238;349;165;city60
136;city198;414;256;city122;398;291;city238;493;379;city232;368;319;city280;3;409;city190;393;122;city200;474;24;city129;335;177;city224;201;296;city90;263;3;city76;463;382;city150;46;244;city176;251;278;city134;287;484;city121;234;174;city189;445;496;city89
161;city244;95;499;city252;118;105;city57;417;165;city290;189;249;city178;406;413;city121;43;493;city82;177;54;city147
172;city70;341;296;city87;274;435;city92;216;275;city183;269;63;city52



134;city84;84;236;city157;323;442;city238;22;161;city264;217;178;city54;255;454;city66;151;434;city200;250;274;city173;399;139;city273;268;409;city96;115;187;city61;77;406;city223;119;86;city161;223;5;city137;494;344;city261;232;378;city209
128;city269;492;181;city270;60;370;city164;208;395;city120
156;city98;42;429;city141;373;36;city116;342;62;city239;310;471;city221;7;192;city175;350;297;city50;270;246;city121;399;125;city228;175;28;city186
161;city244;95;499;city252;118;105;city57;417;165;city290;189;249;city178;406;413;city121;43;493;city82;177;54;city147
137;city240;54;268;city186;446;459;city294;27;423;city81;436;356;city154

139;city227;259;30;city273;240;91;city179;61;75;city108;459;188;city166;84;239;city69;264;339;city57;391;380;city299;116;483;city150;145;79;city71;454;355;city211;294;152;city278;388;333;city77;424;370;city147;401;330;city138;249;105;city198;318;24;city218;419;134;city225;287;417;city171
174;city240;463;269;city200;269;358;city220;494;266;city176;95;78;city287;441;418;city292;364;482;city271;97;474;city207;185;275;city139
155;city134;370;130;city226;37;429;city266;40;392;city176;148;479;city121;31;287;city259
126;city52;367;77;city142;40;224;city190
132;city299;213;34;city231;441;443;city91;186;188;city230;218;310;city229;20;320;city135;74;78;city186;134;364;city62;373;182;city146;13;89;city161;173;151;city109;311;32;city192;378;432;city54;207;325;city191;131;39;city184;14;353;city200;476;240;city289;187;288;city171;434;9114;city99;398;376;city226
145;city210;463;137;city81;214;100;city258
148;city295;256;207;city53;46;184;city204;454;435;city285;371;472;city225;411;289;city273;449;461;city71;210;349;city98;485;483;city270
136;city198;414;256;city122;398;291;city238;493;379;city232;368;319;city280;3;409;city190;393;122;city200;474;24;city129;335;177;city224;201;296;city90;263;3;city76;463;382;city150;46;244;city176;251;278;city134;287;484;city121;234;174;city189;445;496;city89
137;city240;54;268;city186;446;459;city294;27;423;city81;436;356;city154
132;city299;213;34;city231;441;443;city91;186;188;city230;218;310;city229;20;320;city135;74;78;city186;134;364;city62;373;182;city146;13;89;city161;173;151;city109;311;32;city192;378;432;city54;207;325;city191;131;39;city184;14;353;city200;476;240;city289;187;288;city171;434;9114;city99;398;376;city226
171;city99;404;221;city249;50;215;city274
172;city70;341;296;city87;274;435;city92;216;275;city183;269;63;city52
144;city129;232;381;city101;150;24;city252;129;260;city160;121;392;city79;237;449;city265;449;207;city157;20;241;city201;96;451;city204;132;165;city242;157;95;city85;119;2181;city241;98;388;city261;129;261;city84;273;264;city244;115;265;city279
139;city227;259;30;city273;240;91;city179;61;75;city108;459;188;city166;84;239;city69;264;339;city57;391;380;city299;116;483;city150;145;79;city71;454;355;city211;294;152;city278;388;333;city77;424;370;city147;401;330;city138;249;105;city198;318;24;city218;419;134;city225;287;417;city171
137;city240;54;268;city186;446;459;city294;27;423;city81;436;356;city154
131;city114;171;288;city136;494;33;city277;252;54;city172;395;246;city178;157;443;city158;443;303;city161;44;317;city220;103;285;city231;334;371;city224;48;113;city115;210;288;city272;154;269;city55;253;271;city229;92;148;city146;95;106;city130;412;99;city190;70;442;city215;40;112;city208
141;city128;70;357;city273;450;56;city55;447;449;city173;252;183;city244;164;429;city148;175;320;city138;209;445;city211;454;276;city184;12;138;city288;52;415;city50;252;100;city57;279;173;city108;99;262;city100;394;54;city174
141;city128;70;357;city273;450;56;city55;447;449;city173;252;183;city244;164;429;city148;175;320;city138;209;445;city211;454;276;city184;12;138;city288;52;415;city50;252;100;city57;279;173;city108;99;262;city100;394;54;city174


173;city268;486;363;city245;416;158;city291;174;327;city266;93;471;city137;63;31;city172;372;206;city208;468;228;city50;468;130;city106;165;159;city146;387;409;city282;318;163;city103
154;city129;436;78;city195;312;335;city182;100;45;city190;325;426;city240;113;260;city144;420;158;city92
133;city223;174;291;city56;344;258;city232;47;448;city254;487;403;city159;145;342;city212;323;51;city160;126;370;city197;459;53;city238;483;451;city119
143;city70;348;123;city229;164;498;city168;415;242;city264;103;140;city281;106;424;city238;457;41;city65;221;110;city163;171;77;city171;32;333;city290;64;156;city86;198;72;city297;430;166;city154;398;292;city231;491;103;city295;324;349;city201;19;427;city149;85;344;city156;237;71;city101
132;city299;213;34;city231;441;443;city91;186;188;city230;218;310;city229;20;320;city135;74;78;city186;134;364;city62;373;182;city146;13;89;city161;173;151;city109;311;32;city192;378;432;city54;207;325;city191;131;39;city184;14;353;city200;476;240;city289;187;288;city171;434;9114;city99;398;376;city226
128;city269;492;181;city270;60;370;city164;208;395;city120
152;city232;457;258;city240;250;320;city78;445;246;city285;122;389;city152;156;310;city267;41;435;city196;79;10;city90;61;113;city276;305;270;city111


138;city82;291;144;city268;164;46;city147;76;66;city213;313;473;city247;420;427;city83;175;369;city280;357;445;city215;184;305;city85;11;452;city299;447;126;city177;407;436;city184;332;251;city289;290;347;city77;54;201;city256;286;12;city95;403;181;city212;293;367;city298;338;400;city113
152;city232;457;258;city240;250;320;city78;445;246;city285;122;389;city152;156;310;city267;41;435;city196;79;10;city90;61;113;city276;305;270;city111

157;city282;311;385;city269;69;6;city297;259;82;city138;217;475;city277;64;269;city246;435;46;city107;400;278;city89;15;267;city158;328;372;city112;28;493;city133;343;107;city81;287;203;city195;56;419;city162;197;90;city245;496;256;city115;263;116;city134;349;240;city80
145;city210;463;137;city81;214;100;city258
170;city274;107;208;city214;296;239;city88;371;230;city231;418;258;city122;246;85;city87;157;451;city244;170;169;city202;138;399;city212;308;421;city154;43;16;city288;149;437;city285;20;401;city170;393;7;city178;229;493;city59;73;38;city291;283;331;city124;412;205;city246;386;20;city290;118;68;city129
127;city170;138;427;city270;179;43;city120;448;374;city139;226;314;city231;5;247;city177;20;311;city111;192;434;city132;349;268;city162;419;490;city156
143;city70;348;123;city229;164;498;city168;415;242;city264;103;140;city281;106;424;city238;457;41;city65;221;110;city163;171;77;city171;32;333;city290;64;156;city86;198;72;city297;430;166;city154;398;292;city231;491;103;city295;324;349;city201;19;427;city149;85;344;city156;237;71;city101
173;city268;486;363;city245;416;158;city291;174;327;city266;93;471;city137;63;31;city172;372;206;city208;468;228;city50;468;130;city106;165;159;city146;387;409;city282;318;163;city103
172;city70;341;296;city87;274;435;city92;216;275;city183;269;63;city52
152;city232;457;258;city240;250;320;city78;445;246;city285;122;389;city152;156;310;city267;41;435;city196;79;10;city90;61;113;city276;305;270;city111
149;city111;479;230;city155;114;203;city166;125;201;city126;382;162;city70;280;266;city279;369;110;city224;288;274;city273;434;90;city206;442;179;city277
139;city227;259;30;city273;240;91;city179;61;75;city108;459;188;city166;84;239;city69;264;339;city57;391;380;city299;116;483;city150;145;79;city71;454;355;city211;294;152;city278;388;333;city77;424;370;city147;401;330;city138;249;105;city198;318;24;city218;419;134;city225;287;417;city171
156;city98;42;429;city141;373;36;city116;342;62;city239;310;471;city221;7;192;city175;350;297;city50;270;246;city121;399;125;city228;175;28;city186
164;city159;418;294;city86;229;327;city115;364;311;city298
164;city159;418;294;city86;229;327;city115;364;311;city298
149;city111;479;230;city155;114;203;city166;125;201;city126;382;162;city70;280;266;city279;369;110;city224;288;274;city273;434;90;city206;442;179;city277

172;city70;341;296;city87;274;435;city92;216;275;city183;269;63;city52

144;city129;232;381;city101;150;24;city252;129;260;city160;121;392;city79;237;449;city265;449;207;city157;20;241;city201;96;451;city204;132;165;city242;157;95;city85;119;2181;city241;98;388;city261;129;261;city84;273;264;city244;115;265;city279
173;city268;486;363;city245;416;158;city291;174;327;city266;93;471;city137;63;31;city172;372;206;city208;468;228;city50;468;130;city106;165;159;city146;387;409;city282;318;163;city103
170;city274;107;208;city214;296;239;city88;371;230;city231;418;258;city122;246;85;city87;157;451;city244;170;169;city202;138;399;city212;308;421;city154;43;16;city288;149;437;city285;20;401;city170;393;7;city178;229;493;city59;73;38;city291;283;331;city124;412;205;city246;386;20;city290;118;68;city129
133;city223;174;291;city56;344;258;city232;47;448;city254;487;403;city159;145;342;city212;323;51;city160;126;370;city197;459;53;city238;483;451;city119
137;city240;54;268;city186;446;459;city294;27;423;city81;436;356;city154
137;city240;54;268;city186;446;459;city294;27;423;city81;436;356;city154
132;city299;213;34;city231;441;443;city91;186;188;city230;218;310;city229;20;320;city135;74;78;city186;134;364;city62;373;182;city146;13;89;city161;173;151;city109;311;32;city192;378;432;city54;207;325;city191;131;39;city184;14;353;city200;476;240;city289;187;288;city171;434;9114;city99;398;376;city226
174;city240;463;269;city200;269;358;city220;494;266;city176;95;78;city287;441;418;city292;364;482;city271;97;474;city207;185;275;city139
137;city240;54;268;city186;446;459;city294;27;423;city81;436;356;city154
131;city114;171;288;city136;494;33;city277;252;54;city172;395;246;city178;157;443;city158;443;303;city161;44;317;city220;103;285;city231;334;371;city224;48;113;city115;210;288;city272;154;269;city55;253;271;city229;92;148;city146;95;106;city130;412;99;city190;70;442;city215;40;112;city208
148;city295;256;207;city53;46;184;city204;454;435;city285;371;472;city225;411;289;city273;449;461;city71;210;349;city98;485;483;city270
160;city204;237;181;city134
125;city117;168;118;city297;173;241;city283;274;448;city295;281;247;city114;64;191;city116;146;147;city64
152;city232;457;258;city240;250;320;city78;445;246;city285;122;389;city152;156;310;city267;41;435;city196;79;10;city90;61;113;city276;305;270;city111
145;city210;463;137;city81;214;100;city258
137;city240;54;268;city186;446;459;city294;27;423;city81;436;356;city154
135;city91;199;328;city287;135;372;city215;198;195;city269;240;116;city136
173;city268;486;363;city245;416;158;city291;174;327;city266;93;471;city137;63;31;city172;372;206;city208;468;228;city50;468;130;city106;165;159;city146;387;409;city282;318;163;city103
143;city70;348;123;city229;164;498;city168;415;242;city264;103;140;city281;106;424;city238;457;41;city65;221;110;city163;171;77;city171;32;333;city290;64;156;city86;198;72;city297;430;166;city154;398;292;city231;491;103;city295;324;349;city201;19;427;city149;85;344;city156;237;71;city101
133;city223;174;291;city56;344;258;city232;47;448;city254;487;403;city159;145;342;city212;323;51;city160;126;370;city197;459;53;city238;483;451;city119

143;city70;348;123;city229;164;498;city168;415;242;city264;103;140;city281;106;424;city238;457;41;city65;221;110;city163;171;77;city171;32;333;city290;64;156;city86;198;72;city297;430;166;city154;398;292;city231;491;103;city295;324;349;city201;19;427;city149;85;344;city156;237;71;city101
140;city281;134;122;city212;67;212;city92;262;126;city146
131;city114;171;288;city136;494;33;city277;252;54;city172;395;246;city178;157;443;city158;443;303;city161;44;317;city220;103;285;city231;334;371;city224;48;113;city115;210;288;city272;154;269;city55;253;271;city229;92;148;city146;95;106;city130;412;99;city190;70;442;city215;40;112;city208
138;city82;291;144;city268;164;46;city147;76;66;city213;313;473;city247;420;427;city83;175;369;city280;357;445;city215;184;305;city85;11;452;city299;447;126;city177;407;436;city184;332;251;city289;290;347;city77;54;201;city256;286;12;city95;403;181;city212;293;367;city298;338;400;city113
170;city274;107;208;city214;296;239;city88;371;230;city231;418;258;city122;246;85;city87;157;451;city244;170;169;city202;138;399;city212;308;421;city154;43;16;city288;149;437;city285;20;401;city170;393;7;city178;229;493;city59;73;38;city291;283;331;city124;412;205;city246;386;20;city290;118;68;city129

151;city247;134;41;city93;482;235;city129;318;125;city87;310;456;city278;52;122;city213;156;92;city230;304;292;city209;444;363;city139;483;477;city203;380;354;city101
156;city98;42;429;city141;373;36;city116;342;62;city239;310;471;city221;7;192;city175;350;297;city50;270;246;city121;399;125;city228;175;28;city186
162;city121;192;358;city195;392;219;city148;108;485;city283;470;318;city93;267;137;city278;377;280;city132;394;353;city250;176;377;city213;430;220;city221;331;287;city80;106;216;city153;70;494;city102;181;253;city215
164;city159;418;294;city86;229;327;city115;364;311;city298
140;city281;134;122;city212;67;212;city92;262;126;city146
134;city84;84;236;city157;323;442;city238;22;161;city264;217;178;city54;255;454;city66;151;434;city200;250;274;city173;399;139;city273;268;409;city96;115;187;city61;77;406;city223;119;86;city161;223;5;city137;494;344;city261;232;378;city209
128;city269;492;181;city270;60;370;city164;208;395;city120

160;city204;237;181;city134
134;city84;84;236;city157;323;442;city238;22;161;city264;217;178;city54;255;454;city66;151;434;city200;250;274;city173;399;139;city273;268;409;city96;115;187;city61;77;406;city223;119;86;city161;223;5;city137;494;344;city261;232;378;city209
144;city129;232;381;city101;150;24;city252;129;260;city160;121;392;city79;237;449;city265;449;207;city157;20;241;city201;96;451;city204;132;165;city242;157;95;city85;119;2181;city241;98;388;city261;129;261;city84;273;264;city244;115;265;city279

168;city121;236;235;city216;124;50;city225;169;316;city201;67;166;city111;303;7;city273;17;222;city198;346;174;city145;61;343;city292;223;493;city288;434;417;city226;428;38;city97
141;city128;70;357;city273;450;56;city55;447;449;city173;252;183;city244;164;429;city148;175;320;city138;209;445;city211;454;276;city184;12;138;city288;52;415;city50;252;100;city57;279;173;city108;99;262;city100;394;54;city174
160;city204;237;181;city134
145;city210;463;137;city81;214;100;city258
137;city240;54;268;city186;446;459;city294;27;423;city81;436;356;city154
164;city159;418;294;city86;229;327;city115;364;311;city298
128;city269;492;181;city270;60;370;city164;208;395;city120
154;city129;436;78;city195;312;335;city182;100;45;city190;325;426;city240;113;260;city144;420;158;city92
146;city117;389;115;city133;291;249;city212;476;445;city203;384;58;city158;13;258;city54;326;129;city144;184;448;city180;77;163;city227;329;422;city294;148;219;city198;320;96;city69;495;22;city292;372;314;city109;323;396;city238;349;165;city60
158;city52;207;200;city257;486;461;city223;496;444;city285;250;263;city189;363;296;city181;40;77;city105;8;401;city295;227;486;city57;203;233;city215;405;201;city54;225;322;city252;409;116;city245;16;221;city227;181;188;city89;253;436;city235;299;432;city165;138;356;city282;265;459;city178
167;city238;459;349;city81;139;386;city185;399;241;city230;431;260;city80;392;327;city234;267;9;city251;494;347;city262;411;95;city256;98;319;city97
147;city115;476;282;city257;418;360;city253;191;9;city205;209;248;city108
151;city247;134;41;city93;482;235;city129;318;125;city87;310;456;city278;52;122;city213;156;92;city230;304;292;city209;444;363;city139;483;477;city203;380;354;city101
125;city117;168;118;city297;173;241;city283;274;448;city295;281;247;city114;64;191;city116;146;147;city64
135;city91;199;328;city287;135;372;city215;198;195;city269;240;116;city136
155;city134;370;130;city226;37;429;city266;40;392;city176;148;479;city121;31;287;city259
138;city82;291;144;city268;164;46;city147;76;66;city213;313;473;city247;420;427;city83;175;369;city280;357;445;city215;184;305;city85;11;452;city299;447;126;city177;407;436;city184;332;251;city289;290;347;city77;54;201;city256;286;12;city95;403;181;city212;293;367;city298;338;400;city113
168;city121;236;235;city216;124;50;city225;169;316;city201;67;166;city111;303;7;city273;17;222;city198;346;174;city145;61;343;city292;223;493;city288;434;417;city226;428;38;city97
163;city73;339;459;city72;394;48;city157;309;298;city53;305;106;city297;161;470;city279;73;362;city172;31;415;city148;11;449;city144;197;186;city207;116;208;city120
163;city73;339;459;city72;394;48;city157;309;298;city53;305;106;city297;161;470;city279;73;362;city172;31;415;city148;11;449;city144;197;186;city207;116;208;city120
146;city117;389;115;city133;291;249;city212;476;445;city203;384;58;city158;13;258;city54;326;129;city144;184;448;city180;77;163;city227;329;422;city294;148;219;city198;320;96;city69;495;22;city292;372;314;city109;323;396;city238;349;165;city60
134;city84;84;236;city157;323;442;city238;22;161;city264;217;178;city54;255;454;city66;151;434;city200;250;274;city173;399;139;city273;268;409;city96;115;187;city61;77;406;city223;119;86;city161;223;5;city137;494;344;city261;232;378;city209
161;city244;95;499;city252;118;105;city57;417;165;city290;189;249;city178;406;413;city121;43;493;city82;177;54;city147
142;city217;402;106;city155;353;357;city181;309;250;city74;400;166;city89;319;333;city64;414;335;city205;321;30;city199;8;173;city91
134;city84;84;236;city157;323;442;city238;22;161;city264;217;178;city54;255;454;city66;151;434;city200;250;274;city173;399;139;city273;268;409;city96;115;187;city61;77;406;city223;119;86;city161;223;5;city137;494;344;city261;232;378;city209
131;city114;171;288;city136;494;33;city277;252;54;city172;395;246;city178;157;443;city158;443;303;city161;44;317;city220;103;285;city231;334;371;city224;48;113;city115;210;288;city272;154;269;city55;253;271;city229;92;148;city146;95;106;city130;412;99;city190;70;442;city215;40;112;city208
150;city192;300;479;city241;39;499;city50;82;64;city76;402;428;city77;212;118;city53;407;255;city75;442;298;city143;154;119;city267;48;203;city244;316;153;city146;64;330;city196
143;city70;348;123;city229;164;498;city168;415;242;city264;103;140;city281;106;424;city238;457;41;city65;221;110;city163;171;77;city171;32;333;city290;64;156;city86;198;72;city297;430;166;city154;398;292;city231;491;103;city295;324;349;city201;19;427;city149;85;344;city156;237;71;city101
138;city82;291;144;city268;164;46;city147;76;66;city213;313;473;city247;420;427;city83;175;369;city280;357;445;city215;184;305;city85;11;452;city299;447;126;city177;407;436;city184;332;251;city289;290;347;city77;54;201;city256;286;12;city95;403;181;city212;293;367;city298;338;400;city113
130;city142;80;34;city161;87;288;city167;165;36;city83
170;city274;107;208;city214;296;239;city88;371;230;city231;418;258;city122;246;85;city87;157;451;city244;170;169;city202;138;399;city212;308;421;city154;43;16;city288;149;437;city285;20;401;city170;393;7;city178;229;493;city59;73;38;city291;283;331;city124;412;205;city246;386;20;city290;118;68;city129
156;city98;42;429;city141;373;36;city116;342;62;city239;310;471;city221;7;192;city175;350;297;city50;270;246;city121;399;125;city228;175;28;city186
147;city115;476;282;city257;418;360;city253;191;9;city205;209;248;city108
128;city269;492;181;city270;60;370;city164;208;395;city120
134;city84;84;236;city157;323;442;city238;22;161;city264;217;178;city54;255;454;city66;151;434;city200;250;274;city173;399;139;city273;268;409;city96;115;187;city61;77;406;city223;119;86;city161;223;5;city137;494;344;city261;232;378;city209
174;city240;463;269;city200;269;358;city220;494;266;city176;95;78;city287;441;418;city292;364;482;city271;97;474;city207;185;275;city139
163;city73;339;459;city72;394;48;city157;309;298;city53;305;106;city297;161;470;city279;73;362;city172;31;415;city148;11;449;city144;197;186;city207;116;208;city120
170;city274;107;208;city214;296;239;city88;371;230;city231;418;258;city122;246;85;city87;157;451;city244;170;169;city202;138;399;city212;308;421;city154;43;16;city288;149;437;city285;20;401;city170;393;7;city178;229;493;city59;73;38;city291;283;331;city124;412;205;city246;386;20;city290;118;68;city129
149;city111;479;230;city155;114;203;city166;125;201;city126;382;162;city70;280;266;city279;369;110;city224;288;274;city273;434;90;city206;442;179;city277
152;city232;457;258;city240;250;320;city78;445;246;city285;122;389;city152;156;310;city267;41;435;city196;79;10;city90;61;113;city276;305;270;city111
134;city84;84;236;city157;323;442;city238;22;161;city264;217;178;city54;255;454;city66;151;434;city200;250;274;city173;399;139;city273;268;409;city96;115;187;city61;77;406;city223;119;86;city161;223;5;city137;494;344;city261;232;378;city209
128;city269;492;181;city270;60;370;city164;208;395;city120
173;city268;486;363;city245;416;158;city291;174;327;city266;93;471;city137;63;31;city172;372;206;city208;468;228;city50;468;130;city106;165;159;city146;387;409;city282;318;163;city103
168;city121;236;235;city216;124;50;city225;169;316;city201;67;166;city111;303;7;city273;17;222;city198;346;174;city145;61;343;city292;223;493;city288;434;417;city226;428;38;city97
149;city111;479;230;city155;114;203;city166;125;201;city126;382;162;city70;280;266;city279;369;110;city224;288;274;city273;434;90;city206;442;179;city277
129;city87;72;433;city247;368;44;city166;186;430;city84;377;240;city213;236;440;city218;96;141;city222;276;476;city292;87;211;city196;230;185;city197;72;309;city267;78;291;city233;116;449;city193
155;city134;370;130;city226;37;429;city266;40;392;city176;148;479;city121;31;287;city259
165;city267;419;36;city151;78;197;city115;268;332;city53;97;387;city257;360;206;city109;496;304;city129;152;159;city223;372;458;city237;136;461;city293;110;352;city157;349;188;city225;301;114;city253
149;city111;479;230;city155;114;203;city166;125;201;city126;382;162;city70;280;266;city279;369;110;city224;288;274;city273;434;90;city206;442;179;city277
144;city129;232;381;city101;150;24;city252;129;260;city160;121;392;city79;237;449;city265;449;207;city157;20;241;city201;96;451;city204;132;165;city242;157;95;city85;119;2181;city241;98;388;city261;129;261;city84;273;264;city244;115;265;city279
159;city171;60;83;city273;55;62;city286;352;87;city156;443;202;city67;287;451;city220;383;174;city201;232;284;city248;187;350;city215;331;211;city188;415;10;city255;50;358;city189;465;19;city116;113;342;city170;359;237;city95;400;48;city133
141;city128;70;357;city273;450;56;city55;447;449;city173;252;183;city244;164;429;city148;175;320;city138;209;445;city211;454;276;city184;12;138;city288;52;415;city50;252;100;city57;279;173;city108;99;262;city100;394;54;city174
141;city128;70;357;city273;450;56;city55;447;449;city173;252;183;city244;164;429;city148;175;320;city138;209;445;city211;454;276;city184;12;138;city288;52;415;city50;252;100;city57;279;173;city108;99;262;city100;394;54;city174
138;city82;291;144;city268;164;46;city147;76;66;city213;313;473;city247;420;427;city83;175;369;city280;357;445;city215;184;305;city85;11;452;city299;447;126;city177;407;436;city184;332;251;city289;290;347;city77;54;201;city256;286;12;city95;403;181;city212;293;367;city298;338;400;city113
160;city204;237;181;city134
125;city117;168;118;city297;173;241;city283;274;448;city295;281;247;city114;64;191;city116;146;147;city64
163;city73;339;459;city72;394;48;city157;309;298;city53;305;106;city297;161;470;city279;73;362;city172;31;415;city148;11;449;city144;197;186;city207;116;208;city120
133;city223;174;291;city56;344;258;city232;47;448;city254;487;403;city159;145;342;city212;323;51;city160;126;370;city197;459;53;city238;483;451;city119
140;city281;134;122;city212;67;212;city92;262;126;city146
150;city192;300;479;city241;39;499;city50;82;64;city76;402;428;city77;212;118;city53;407;255;city75;442;298;city143;154;119;city267;48;203;city244;316;153;city146;64;330;city196
164;city159;418;294;city86;229;327;city115;364;311;city298
128;city269;492;181;city270;60;370;city164;208;395;city120
156;city98;42;429;city141;373;36;city116;342;62;city239;310;471;city221;7;192;city175;350;297;city50;270;246;city121;399;125;city228;175;28;city186
147;city115;476;282;city257;418;360;city253;191;9;city205;209;248;city108
138;city82;291;144;city268;164;46;city147;76;66;city213;313;473;city247;420;427;city83;175;369;city280;357;445;city215;184;305;city85;11;452;city299;447;126;city177;407;436;city184;332;251;city289;290;347;city77;54;201;city256;286;12;city95;403;181;city212;293;367;city298;338;400;city113
149;city111;479;230;city155;114;203;city166;125;201;city126;382;162;city70;280;266;city279;369;110;city224;288;274;city273;434;90;city206;442;179;city277
152;city232;457;258;city240;250;320;city78;445;246;city285;122;389;city152;156;310;city267;41;435;city196;79;10;city90;61;113;city276;305;270;city111
174;city240;463;269;city200;269;358;city220;494;266;city176;95;78;city287;441;418;city292;364;482;city271;97;474;city207;185;275;city139
133;city223;174;291;city56;344;258;city232;47;448;city254;487;403;city159;145;342;city212;323;51;city160;126;370;city197;459;53;city238;483;451;city119
174;city240;463;269;city200;269;358;city220;494;266;city176;95;78;city287;441;418;city292;364;482;city271;97;474;city207;185;275;city139
145;city210;463;137;city81;214;100;city258
170;city274;107;208;city214;296;239;city88;371;230;city231;418;258;city122;246;85;city87;157;451;city244;170;169;city202;138;399;city212;308;421;city154;43;16;city288;149;437;city285;20;401;city170;393;7;city178;229;493;city59;73;38;city291;283;331;city124;412;205;city246;386;20;city290;118;68;city129
128;city269;492;181;city270;60;370;city164;208;395;city120
133;city223;174;291;city56;344;258;city232;47;448;city254;487;403;city159;145;342;city212;323;51;city160;126;370;city197;459;53;city238;483;451;city119
159;city171;60;83;city273;55;62;city286;352;87;city156;443;202;city67;287;451;city220;383;174;city201;232;284;city248;187;350;city215;331;211;city188;415;10;city255;50;358;city189;465;19;city116;113;342;city170;359;237;city95;400;48;city133
146;city117;389;115;city133;291;249;city212;476;445;city203;384;58;city158;13;258;city54;326;129;city144;184;448;city180;77;163;city227;329;422;city294;148;219;city198;320;96;city69;495;22;city292;372;314;city109;323;396;city238;349;165;city60
172;city70;341;296;city87;274;435;city92;216;275;city183;269;63;city52
130;city142;80;34;city161;87;288;city167;165;36;city83
162;city121;192;358;city195;392;219;city148;108;485;city283;470;318;city93;267;137;city278;377;280;city132;394;353;city250;176;377;city213;430;220;city221;331;287;city80;106;216;city153;70;494;city102;181;253;city215
135;city91;199;328;city287;135;372;city215;198;195;city269;240;116;city136
134;city84;84;236;city157;323;442;city238;22;161;city264;217;178;city54;255;454;city66;151;434;city200;250;274;city173;399;139;city273;268;409;city96;115;187;city61;77;406;city223;119;86;city161;223;5;city137;494;344;city261;232;378;city209
151;city247;134;41;city93;482;235;city129;318;125;city87;310;456;city278;52;122;city213;156;92;city230;304;292;city209;444;363;city139;483;477;city203;380;354;city101
132;city299;213;34;city231;441;443;city91;186;188;city230;218;310;city229;20;320;city135;74;78;city186;134;364;city62;373;182;city146;13;89;city161;173;151;city109;311;32;city192;378;432;city54;207;325;city191;131;39;city184;14;353;city200;476;240;city289;187;288;city171;434;9114;city99;398;376;city226
143;city70;348;123;city229;164;498;city168;415;242;city264;103;140;city281;106;424;city238;457;41;city65;221;110;city163;171;77;city171;32;333;city290;64;156;city86;198;72;city297;430;166;city154;398;292;city231;491;103;city295;324;349;city201;19;427;city149;85;344;city156;237;71;city101
169;city165;246;186;city251;6;32;city111;174;68;city99;377;104;city234;168;359;city107;399;233;city189;363;131;city238;35;311;city233;152;287;city289;236;372;city283;139;120;city72;109;164;city164;488;30;city57;316;10;city135;259;285;city255;160;42;city79;52;357;city155;61;324;city269
157;city282;311;385;city269;69;6;city297;259;82;city138;217;475;city277;64;269;city246;435;46;city107;400;278;city89;15;267;city158;328;372;city112;28;493;city133;343;107;city81;287;203;city195;56;419;city162;197;90;city245;496;256;city115;263;116;city134;349;240;city80
158;city52;207;200;city257;486;461;city223;496;444;city285;250;263;city189;363;296;city181;40;77;city105;8;401;city295;227;486;city57;203;233;city215;405;201;city54;225;322;city252;409;116;city245;16;221;city227;181;188;city89;253;436;city235;299;432;city165;138;356;city282;265;459;city178
165;city267;419;36;city151;78;197;city115;268;332;city53;97;387;city257;360;206;city109;496;304;city129;152;159;city223;372;458;city237;136;461;city293;110;352;city157;349;188;city225;301;114;city253
134;city84;84;236;city157;323;442;city238;22;161;city264;217;178;city54;255;454;city66;151;434;city200;250;274;city173;399;139;city273;268;409;city96;115;187;city61;77;406;city223;119;86;city161;223;5;city137;494;344;city261;232;378;city209
163;city73;339;459;city72;394;48;city157;309;298;city53;305;106;city297;161;470;city279;73;362;city172;31;415;city148;11;449;city144;197;186;city207;116;208;city120
149;city111;479;230;city155;114;203;city166;125;201;city126;382;162;city70;280;266;city279;369;110;city224;288;274;city273;434;90;city206;442;179;city277
126;city52;367;77;city142;40;224;city190
145;city210;463;137;city81;214;100;city258
163;city73;339;459;city72;394;48;city157;309;298;city53;305;106;city297;161;470;city279;73;362;city172;31;415;city148;11;449;city144;197;186;city207;116;208;city120
173;city268;486;363;city245;416;158;city291;174;327;city266;93;471;city137;63;31;city172;372;206;city208;468;228;city50;468;130;city106;165;159;city146;387;409;city282;318;163;city103
151;city247;134;41;city93;482;235;city129;318;125;city87;310;456;city278;52;122;city213;156;92;city230;304;292;city209;444;363;city139;483;477;city203;380;354;city101
161;city244;95;499;city252;118;105;city57;417;165;city290;189;249;city178;406;413;city121;43;493;city82;177;54;city147
170;city274;107;208;city214;296;239;city88;371;230;city231;418;258;city122;246;85;city87;157;451;city244;170;169;city202;138;399;city212;308;421;city154;43;16;city288;149;437;city285;20;401;city170;393;7;city178;229;493;city59;73;38;city291;283;331;city124;412;205;city246;386;20;city290;118;68;city129
163;city73;339;459;city72;394;48;city157;309;298;city53;305;106;city297;161;470;city279;73;362;city172;31;415;city148;11;449;city144;197;186;city207;116;208;city120
172;city70;341;296;city87;274;435;city92;216;275;city183;269;63;city52
130;city142;80;34;city161;87;288;city167;165;36;city83
131;city114;171;288;city136;494;33;city277;252;54;city172;395;246;city178;157;443;city158;443;303;city161;44;317;city220;103;285;city231;334;371;city224;48;113;city115;210;288;city272;154;269;city55;253;271;city229;92;148;city146;95;106;city130;412;99;city190;70;442;city215;40;112;city208
144;city129;232;381;city101;150;24;city252;129;260;city160;121;392;city79;237;449;city265;449;207;city157;20;241;city201;96;451;city204;132;165;city242;157;95;city85;119;2181;city241;98;388;city261;129;261;city84;273;264;city244;115;265;city279
172;city70;341;296;city87;274;435;city92;216;275;city183;269;63;city52
161;city244;95;499;city252;118;105;city57;417;165;city290;189;249;city178;406;413;city121;43;493;city82;177;54;city147
145;city210;463;137;city81;214;100;city258
145;city210;463;137;city81;214;100;city258
147;city115;476;282;city257;418;360;city253;191;9;city205;209;248;city108
131;city114;171;288;city136;494;33;city277;252;54;city172;395;246;city178;157;443;city158;443;303;city161;44;317;city220;103;285;city231;334;371;city224;48;113;city115;210;288;city272;154;269;city55;253;271;city229;92;148;city146;95;106;city130;412;99;city190;70;442;city215;40;112;city208
145;city210;463;137;city81;214;100;city258
139;city227;259;30;city273;240;91;city179;61;75;city108;459;188;city166;84;239;city69;264;339;city57;391;380;city299;116;483;city150;145;79;city71;454;355;city211;294;152;city278;388;333;city77;424;370;city147;401;330;city138;249;105;city198;318;24;city218;419;134;city225;287;417;city171
171;city99;404;221;city249;50;215;city274
145;city210;463;137;city81;214;100;city258
142;city217;402;106;city155;353;357;city181;309;250;city74;400;166;city89;319;333;city64;414;335;city205;321;30;city199;8;173;city91
161;city244;95;499;city252;118;105;city57;417;165;city290;189;249;city178;406;413;city121;43;493;city82;177;54;city147
150;city192;300;479;city241;39;499;city50;82;64;city76;402;428;city77;212;118;city53;407;255;city75;442;298;city143;154;119;city267;48;203;city244;316;153;city146;64;330;city196
143;city70;348;123;city229;164;498;city168;415;242;city264;103;140;city281;106;424;city238;457;41;city65;221;110;city163;171;77;city171;32;333;city290;64;156;city86;198;72;city297;430;166;city154;398;292;city231;491;103;city295;324;349;city201;19;427;city149;85;344;city156;237;71;city101
136;city198;414;256;city122;398;291;city238;493;379;city232;368;319;city280;3;409;city190;393;122;city200;474;24;city129;335;177;city224;201;296;city90;263;3;city76;463;382;city150;46;244;city176;251;278;city134;287;484;city121;234;174;city189;445;496;city89
171;city99;404;221;city249;50;215;city274
132;city299;213;34;city231;441;443;city91;186;188;city230;218;310;city229;20;320;city135;74;78;city186;134;364;city62;373;182;city146;13;89;city161;173;151;city109;311;32;city192;378;432;city54;207;325;city191;131;39;city184;14;353;city200;476;240;city289;187;288;city171;434;9114;city99;398;376;city226
151;city247;134;41;city93;482;235;city129;318;125;city87;310;456;city278;52;122;city213;156;92;city230;304;292;city209;444;363;city139;483;477;city203;380;354;city101
133;city223;174;291;city56;344;258;city232;47;448;city254;487;403;city159;145;342;city212;323;51;city160;126;370;city197;459;53;city238;483;451;city119
153;city287;229;136;city123;227;155;city92;316;27;city141;103;117;city99;479;35;city202;243;240;city110;369;201;city203;29;161;city221;444;440;city172;230;37;city135;476;447;city171;95;304;city188;275;187;city122;199;355;city112;262;283;city50
145;city210;463;137;city81;214;100;city258
161;city244;95;499;city252;118;105;city57;417;165;city290;189;249;city178;406;413;city121;43;493;city82;177;54;city147
140;city281;134;122;city212;67;212;city92;262;126;city146
159;city171;60;83;city273;55;62;city286;352;87;city156;443;202;city67;287;451;city220;383;174;city201;232;284;city248;187;350;city215;331;211;city188;415;10;city255;50;358;city189;465;19;city116;113;342;city170;359;237;city95;400;48;city133
153;city287;229;136;city123;227;155;city92;316;27;city141;103;117;city99;479;35;city202;243;240;city110;369;201;city203;29;161;city221;444;440;city172;230;37;city135;476;447;city171;95;304;city188;275;187;city122;199;355;city112;262;283;city50
125;city117;168;118;city297;173;241;city283;274;448;city295;281;247;city114;64;191;city116;146;147;city64
159;city171;60;83;city273;55;62;city286;352;87;city156;443;202;city67;287;451;city220;383;174;city201;232;284;city248;187;350;city215;331;211;city188;415;10;city255;50;358;city189;465;19;city116;113;342;city170;359;237;city95;400;48;city133
137;city240;54;268;city186;446;459;city294;27;423;city81;436;356;city154
156;city98;42;429;city141;373;36;city116;342;62;city239;310;471;city221;7;192;city175;350;297;city50;270;246;city121;399;125;city228;175;28;city186
157;city282;311;385;city269;69;6;city297;259;82;city138;217;475;city277;64;269;city246;435;46;city107;400;278;city89;15;267;city158;328;372;city112;28;493;city133;343;107;city81;287;203;city195;56;419;city162;197;90;city245;496;256;city115;263;116;city134;349;240;city80
146;city117;389;115;city133;291;249;city212;476;445;city203;384;58;city158;13;258;city54;326;129;city144;184;448;city180;77;163;city227;329;422;city294;148;219;city198;320;96;city69;495;22;city292;372;314;city109;323;396;city238;349;165;city60
126;city52;367;77;city142;40;224;city190
150;city192;300;479;city241;39;499;city50;82;64;city76;402;428;city77;212;118;city53;407;255;city75;442;298;city143;154;119;city267;48;203;city244;316;153;city146;64;330;city196
160;city204;237;181;city134
139;city227;259;30;city273;240;91;city179;61;75;city108;459;188;city166;84;239;city69;264;339;city57;391;380;city299;116;483;city150;145;79;city71;454;355;city211;294;152;city278;388;333;city77;424;370;city147;401;330;city138;249;105;city198;318;24;city218;419;134;city225;287;417;city171
140;city281;134;122;city212;67;212;city92;262;126;city146
164;city159;418;294;city86;229;327;city115;364;3205;city298
159;city171;60;83;city273;55;62;city286;352;87;city156;443;202;city67;287;451;city220;383;174;city201;232;284;city248;187;350;city215;331;211;city188;415;10;city255;50;358;city189;465;19;city116;113;342;city170;359;237;city95;400;48;city133
150;city192;300;479;city241;39;499;city50;82;64;city76;402;428;city77;212;118;city53;407;255;city75;442;298;city143;154;119;city267;48;203;city244;316;153;city146;64;330;city196
153;city287;229;136;city123;227;155;city92;316;27;city141;103;117;city99;479;35;city202;243;240;city110;369;201;city203;29;161;city221;444;440;city172;230;37;city135;476;447;city171;95;304;city188;275;187;city122;199;355;city112;262;283;city50
140;city281;134;122;city212;67;212;city92;262;126;city146
166;city194;352;205;city122;187;139;city99;241;267;city238;483;219;city191;441;341;city243;227;250;city108;456;77;city231;29;477;city259;296;149;city137;229;138;city206;30;161;city170;402;452;city220;75;253;city290;357;447;city216;286;171;city221;284;415;city208;493;445;city153
174;city240;463;269;city200;269;358;city220;494;266;city176;95;78;city287;441;418;city292;364;482;city271;97;474;city207;185;275;city139
125;city117;168;118;city297;173;241;city283;274;448;city295;281;247;city114;64;191;city116;146;147;city64
148;city295;256;207;city53;46;184;city204;454;435;city285;371;472;city225;411;289;city273;449;461;city71;210;349;city98;485;483;city270
156;city98;42;429;city141;373;36;city116;342;62;city239;310;471;city221;7;192;city175;350;297;city50;270;246;city121;399;125;city228;175;28;city186
132;city299;213;34;city231;441;443;city91;186;188;city230;218;310;city229;20;320;city135;74;78;city186;134;364;city62;373;182;city146;13;89;city161;173;151;city109;311;32;city192;378;432;city54;207;325;city191;131;39;city184;14;353;city200;476;240;city289;187;288;city171;434;9114;city99;398;376;city226
130;city142;80;34;city161;87;288;city167;165;36;city83
174;city240;463;269;city200;269;358;city220;494;266;city176;95;78;city287;441;418;city292;364;482;city271;97;474;city207;185;275;city139
131;city114;171;288;city136;494;33;city277;252;54;city172;395;246;city178;157;443;city158;443;303;city161;44;317;city220;103;285;city231;334;371;city224;48;113;city115;210;288;city272;154;269;city55;253;271;city229;92;148;city146;95;106;city130;412;99;city190;70;442;city215;40;112;city208
173;city268;486;363;city245;416;158;city291;174;327;city266;93;471;city137;63;31;city172;372;206;city208;468;228;city50;468;130;city106;165;159;city146;387;409;city282;318;163;city103
134;city84;84;236;city157;323;442;city238;22;161;city264;217;178;city54;255;454;city66;151;434;city200;250;274;city173;399;139;city273;268;409;city96;115;187;city61;77;406;city223;119;86;city161;223;5;city137;494;344;city261;232;378;city209
154;city129;436;78;city195;312;335;city182;100;45;city190;325;426;city240;113;260;city144;420;158;city92
155;city134;370;130;city226;37;429;city266;40;392;city176;148;479;city121;31;287;city259
143;city70;348;123;city229;164;498;city168;415;242;city264;103;140;city281;106;424;city238;457;41;city65;221;110;city163;171;77;city171;32;333;city290;64;156;city86;198;72;city297;430;166;city154;398;292;city231;491;103;city295;324;349;city201;19;427;city149;85;344;city156;237;71;city101
141;city128;70;357;city273;450;56;city55;447;449;city173;252;183;city244;164;429;city148;175;320;city138;209;445;city211;454;276;city184;12;138;city288;52;415;city50;252;100;city57;279;173;city108;99;262;city100;394;54;city174
150;city192;300;479;city241;39;499;city50;82;64;city76;402;428;city77;212;118;city53;407;255;city75;442;298;city143;154;119;city267;48;203;city244;316;153;city146;64;330;city196
162;city121;192;358;city195;392;219;city148;108;485;city283;470;318;city93;267;137;city278;377;280;city132;394;353;city250;176;377;city213;430;220;city221;331;287;city80;106;216;city153;70;494;city102;181;253;city215
163;city73;339;459;city72;394;48;city157;309;298;city53;305;106;city297;161;470;city279;73;362;city172;31;415;city148;11;449;city144;197;186;city207;116;208;city120
135;city91;199;328;city287;135;372;city215;198;195;city269;240;116;city136
149;city111;479;230;city155;114;203;city166;125;201;city126;382;162;city70;280;266;city279;369;110;city224;288;274;city273;434;90;city206;442;179;city277
130;city142;80;34;city161;87;288;city167;165;36;city83
168;city121;236;235;city216;124;50;city225;169;316;city201;67;166;city111;303;7;city273;17;222;city198;346;174;city145;61;343;city292;223;493;city288;434;417;city226;428;38;city97
163;city73;339;459;city72;394;48;city157;309;298;city53;305;106;city297;161;470;city279;73;362;city172;31;415;city148;11;449;city144;197;186;city207;116;208;city120
157;city282;311;385;city269;69;6;city297;259;82;city138;217;475;city277;64;269;city246;435;46;city107;400;278;city89;15;267;city158;328;372;city112;28;493;city133;343;107;city81;287;203;city195;56;419;city162;197;90;city245;496;256;city115;263;116;city134;349;240;city80
144;city129;232;381;city101;150;24;city252;129;260;city160;121;392;city79;237;449;city265;449;207;city157;20;241;city201;96;451;city204;132;165;city242;157;95;city85;119;2181;city241;98;388;city261;129;261;city84;273;264;city244;115;265;city279
163;city73;339;459;city72;394;48;city157;309;298;city53;305;106;city297;161;470;city279;73;362;city172;31;415;city148;11;449;city144;197;186;city207;116;208;city120
149;city111;479;230;city155;114;203;city166;125;201;city126;382;162;city70;280;266;city279;369;110;city224;288;274;city273;434;90;city206;442;179;city277
129;city87;72;433;city247;368;44;city166;186;430;city84;377;240;city213;236;440;city218;96;141;city222;276;476;city292;87;211;city196;230;185;city197;72;309;city267;78;291;city233;116;449;city193
153;city287;229;136;city123;227;155;city92;316;27;city141;103;117;city99;479;35;city202;243;240;city110;369;201;city203;29;161;city221;444;440;city172;230;37;city135;476;447;city171;95;304;city188;275;187;city122;199;355;city112;262;283;city50
142;city217;402;106;city155;353;357;city181;309;250;city74;400;166;city89;319;333;city64;414;335;city205;321;30;city199;8;173;city91
140;city281;134;122;city212;67;212;city92;262;126;city146
173;city268;486;363;city245;416;158;city291;174;327;city266;93;471;city137;63;31;city172;372;206;city208;468;228;city50;468;130;city106;165;159;city146;387;409;city282;318;163;city103
152;city232;457;258;city240;250;320;city78;445;246;city285;122;389;city152;156;310;city267;41;435;city196;79;10;city90;61;113;city276;305;270;city111
161;city244;95;499;city252;118;105;city57;417;165;city290;189;249;city178;406;413;city121;43;493;city82;177;54;city147
160;city204;237;181;city134
138;city82;291;144;city268;164;46;city147;76;66;city213;313;473;city247;420;427;city83;175;369;city280;357;445;city215;184;305;city85;11;452;city299;447;126;city177;407;436;city184;332;251;city289;290;347;city77;54;201;city256;286;12;city95;403;181;city212;293;367;city298;338;400;city113
143;city70;348;123;city229;164;498;city168;415;242;city264;103;140;city281;106;424;city238;457;41;city65;221;110;city163;171;77;city171;32;333;city290;64;156;city86;198;72;city297;430;166;city154;398;292;city231;491;103;city295;324;349;city201;19;427;city149;85;344;city156;237;71;city101
165;city267;419;36;city151;78;197;city115;268;332;city53;97;387;city257;360;206;city109;496;304;city129;152;159;city223;372;458;city237;136;461;city293;110;352;city157;349;188;city225;301;114;city253
138;city82;291;144;city268;164;46;city147;76;66;city213;313;473;city247;420;427;city83;175;369;city280;357;445;city215;184;305;city85;11;452;city299;447;126;city177;407;436;city184;332;251;city289;290;347;city77;54;201;city256;286;12;city95;403;181;city212;293;367;city298;338;400;city113
162;city121;192;358;city195;392;219;city148;108;485;city283;470;318;city93;267;137;city278;377;280;city132;394;353;city250;176;377;city213;430;220;city221;331;287;city80;106;216;city153;70;494;city102;181;253;city215
156;city98;42;429;city141;373;36;city116;342;62;city239;310;471;city221;7;192;city175;350;297;city50;270;246;city121;399;125;city228;175;28;city186
153;city287;229;136;city123;227;155;city92;316;27;city141;103;117;city99;479;35;city202;243;240;city110;369;201;city203;29;161;city221;444;440;city172;230;37;city135;476;447;city171;95;304;city188;275;187;city122;199;355;city112;262;283;city50
142;city217;402;106;city155;353;357;city181;309;250;city74;400;166;city89;319;333;city64;414;335;city205;321;30;city199;8;173;city91
