




126;city128;268;452;city211;71;152;city61;297;411;city69


161;city205;259;207;city232;92;313;city149;364;461;city66;95;351;city299;123;249;city268;398;420;city119;3;21;city244;124;410;city189;410;55;city155;439;376;city139
154;city285;404;345;city256;319;354;city158;423;155;city209;130;313;city224;434;80;city262;156;337;city269;278;150;city167;455;26;city246;191;468;city140;186;237;city273;112;180;city279;296;340;city161;220;287;city239



126;city128;268;452;city211;71;152;city61;297;411;city69


165;city70;314;303;city268;328;129;city97;258;303;city104;213;415;city206;338;6;city64;19;461;city269;398;14;city184;75;419;city183
142;city172;495;215;city212;244;119;city221;126;188;city161;377;41;city101;288;240;city50;21;264;city119;350;29;city250;362;112;city102;500;437;city259;244;96;city146;25;461;city199;437;494;city206;255;194;city115;234;153;city248;149;84;city225;206;200;city112;478;130;city246;266;452;city157;467;133;city84




171;city67;19;48;city71;305;243;city132;184;190;city86;397;152;city186;138;306;city64;489;477;city280;280;474;city63;432;157;city213;291;255;city164;108;332;city85;473;140;city243;431;152;city269;254;129;city188;164;351;city255;8;318;city138;223;377;city170
173;city55;418;97;city193
171;city67;19;48;city71;305;243;city132;184;190;city86;397;152;city186;138;306;city64;489;477;city280;280;474;city63;432;157;city213;291;255;city164;108;332;city85;473;140;city243;431;152;city269;254;129;city188;164;351;city255;8;318;city138;223;377;city170

144;city82;287;208;city187;419;244;city185;36;248;city243;139;405;city96;133;465;city272;340;142;city261;98;43;city291



173;city55;418;97;city193

151;city137;20;16;city98;269;27;city128

141;city54;137;380;city191;454;391;city173

151;city137;20;16;city98;269;27;city128
165;city70;314;303;city268;328;129;city97;258;303;city104;213;415;city206;338;6;city64;19;461;city269;398;14;city184;75;419;city183
156;city247;292;299;city142;12;372;city221;410;446;city137;455;55;city287;66;227;city280
166;city130;260;358;city150;375;31;city158;455;320;city250;464;42;city120;473;344;city201;158;374;city90;36;108;city105;42;139;city135;88;440;city70;65;376;city267;30;257;city245;320;176;city226;259;295;city79;483;67;city261;352;42;city277;436;193;city188
170;city128;86;477;city284;103;68;city156;490;45;city269
152;city190;351;437;city224;365;210;city173;480;345;city139;428;8;city78;149;302;city229;379;498;city167;267;490;city217;454;35;city146;205;415;city130;251;44;city55;55;332;city234;361;135;city151
157;city64;96;389;city86;495;380;city84;67;317;city94;484;113;city99;410;276;city56;303;344;city236;122;431;city102;10;387;city85;182;42;city262;326;364;city278;439;275;city108;32;307;city68;156;417;city57;171;410;city239;475;108;city285;352;322;city205;458;222;city287;122;177;city141
139;city155;243;218;city152;145;213;city261;90;243;city210;43;257;city208;46;254;city65;171;20;city77;126;17;city217;204;421;city222;203;215;city63;171;191;city189;140;2;city239

137;city101;298;447;city127;78;212;city294;68;381;city111;28;377;city154;184;149;city84;156;343;city298;293;358;city122;141;492;city60;292;47;city227;108;301;city63;206;299;city244;15;221;city185;413;91;city80;467;476;city54;194;26;city276;479;412;city291


133;city116;274;418;city73;61;219;city275;32;289;city292;211;220;city51;68;403;city199;9;411;city118;184;89;city236;326;206;city209;221;151;city112;328;161;city55;452;347;city214;412;333;city208;22;232;city197;128;228;city153;401;239;city196;318;79;city126;9;147;city139;340;179;city288
154;city285;404;345;city256;319;354;city158;423;155;city209;130;313;city224;434;80;city262;156;337;city269;278;150;city167;455;26;city246;191;468;city140;186;237;city273;112;180;city279;296;340;city161;220;287;city239
157;city64;96;389;city86;495;380;city84;67;317;city94;484;113;city99;410;276;city56;303;344;city236;122;431;city102;10;387;city85;182;42;city262;326;364;city278;439;275;city108;32;307;city68;156;417;city57;171;410;city239;475;108;city285;352;322;city205;458;222;city287;122;177;city141
141;city54;137;380;city191;454;391;city173
161;city205;259;207;city232;92;313;city149;364;461;city66;95;351;city299;123;249;city268;398;420;city119;3;21;city244;124;410;city189;410;55;city155;439;376;city139
149;city236;303;230;city229;411;247;city194;187;456;city139;311;112;city178;243;132;city100;164;23;city172;489;276;city152;63;251;city265;158;441;city149;52;170;city175;114;259;city297;250;452;city283;324;112;city173;93;154;city109;382;450;city91;328;338;city95;321;365;city201;217;60;city259
146;city58;329;253;city161;351;4939;city299;370;355;city205;398;426;city270;5;176;city274;432;50;city210


138;city100;411;22;city147;480;418;city281;56;23;city110;450;463;city250;26;93;city82;93;498;city256;426;200;city258;20;371;city273;113;414;city262;394;141;city237;159;339;city177;209;101;city151;472;332;city185;390;150;city293;460;143;city52;400;80;city160;98;189;city187;198;270;city263
145;city267;17;206;city132;191;498;city174;167;4;city283;380;385;city127;28;176;city295;458;309;city83;222;423;city270;2;262;city109;208;301;city140;385;439;city255;187;265;city141;314;446;city117
159;city126;363;480;city283;277;491;city67;266;322;city299;111;290;city57;208;355;city177;255;235;city82;413;107;city71;44;464;city260;375;309;city135;335;325;city90;238;123;city171;380;154;city172;417;51;city213;449;500;city206;424;295;city290;463;180;city61;44;93;city138
154;city285;404;345;city256;319;354;city158;423;155;city209;130;313;city224;434;80;city262;156;337;city269;278;150;city167;455;26;city246;191;468;city140;186;237;city273;112;180;city279;296;340;city161;220;287;city239
157;city64;96;389;city86;495;380;city84;67;317;city94;484;113;city99;410;276;city56;303;344;city236;122;431;city102;10;387;city85;182;42;city262;326;364;city278;439;275;city108;32;307;city68;156;417;city57;171;410;city239;475;108;city285;352;322;city205;458;222;city287;122;177;city141
174;city238;412;284;city122;150;37;city233;386;452;city136;251;348;city105;23;227;city145;271;206;city271;384;389;city292;461;337;city77;35;175;city207;37;255;city246
147;city189;185;434;city142;2;334;city81;349;316;city103;88;15;city106;52;314;city72;94;345;city165;280;8;city210;280;92;city77;275;111;city245;451;161;city150;314;269;city262;22;350;city235;252;142;city272;318;478;city151;6;302;city221
142;city172;495;215;city212;244;119;city221;126;188;city161;377;41;city101;288;240;city50;21;264;city119;350;29;city250;362;112;city102;500;437;city259;244;96;city146;25;461;city199;437;494;city206;255;194;city115;234;153;city248;149;84;city225;206;200;city112;478;130;city246;266;452;city157;467;133;city84
132;city221;137;256;city143;197;121;city238;32;282;city235;4;438;city264;293;142;city192;439;65;city59;12;221;city243;32;461;city233;407;289;city88;280;475;city202;51;479;city263;128;70;city204;443;451;city241;431;111;city279;280;241;city93;327;310;city278;235;287;city57;344;118;city124
141;city54;137;380;city191;454;391;city173
154;city285;404;345;city256;319;354;city158;423;155;city209;130;313;city224;434;80;city262;156;337;city269;278;150;city167;455;26;city246;191;468;city140;186;237;city273;112;180;city279;296;340;city161;220;287;city239
153;city234;132;390;city51;386;213;city255;83;377;city150;127;177;city53;466;456;city237;195;299;city111;324;100;city185;258;436;city270;171;382;city86;179;88;city126
174;city238;412;284;city122;150;37;city233;386;452;city136;251;348;city105;23;227;city145;271;206;city271;384;389;city292;461;337;city77;35;175;city207;37;255;city246

132;city221;137;256;city143;197;121;city238;32;282;city235;4;438;city264;293;142;city192;439;65;city59;12;221;city243;32;461;city233;407;289;city88;280;475;city202;51;479;city263;128;70;city204;443;451;city241;431;111;city279;280;241;city93;327;310;city278;235;287;city57;344;118;city124
167;city96;134;98;city256
138;city100;411;22;city147;480;418;city281;56;23;city110;450;463;city250;26;93;city82;93;498;city256;426;200;city258;20;371;city273;113;414;city262;394;141;city237;159;339;city177;209;101;city151;472;332;city185;390;150;city293;460;143;city52;400;80;city160;98;189;city187;198;270;city263

154;city285;404;345;city256;319;354;city158;423;155;city209;130;313;city224;434;80;city262;156;337;city269;278;150;city167;455;26;city246;191;468;city140;186;237;city273;112;180;city279;296;340;city161;220;287;city239
139;city155;243;218;city152;145;213;city261;90;243;city210;43;257;city208;46;254;city65;171;20;city77;126;17;city217;204;421;city222;203;215;city63;171;191;city189;140;2;city239
133;city116;274;418;city73;61;219;city275;32;289;city292;211;220;city51;68;403;city199;9;411;city118;184;89;city236;326;206;city209;221;151;city112;328;161;city55;452;347;city214;412;333;city208;22;232;city197;128;228;city153;401;239;city196;318;79;city126;9;147;city139;340;179;city288
142;city172;495;215;city212;244;119;city221;126;188;city161;377;41;city101;288;240;city50;21;264;city119;350;29;city250;362;112;city102;500;437;city259;244;96;city146;25;461;city199;437;494;city206;255;194;city115;234;153;city248;149;84;city225;206;200;city112;478;130;city246;266;452;city157;467;133;city84
130;city87;224;409;city62;326;237;city208;40;257;city216;123;232;city261;14;429;city106;160;22;city112;394;238;city58;143;425;city276;375;70;city86;404;420;city198
151;city137;20;16;city98;269;27;city128

134;city98;394;462;city78;345;181;city71;349;217;city60;162;106;city81;310;87;city205;438;346;city149;395;268;city132;21;156;city200;499;141;city72;217;18;city140;74;410;city299;375;272;city109;43;173;city86;323;192;city160;168;150;city87;487;141;city173
159;city126;363;480;city283;277;491;city67;266;322;city299;111;290;city57;208;355;city177;255;235;city82;413;107;city71;44;464;city260;375;309;city135;335;325;city90;238;123;city171;380;154;city172;417;51;city213;449;500;city206;424;295;city290;463;180;city61;44;93;city138
135;city193;102;419;city259
170;city128;86;477;city284;103;68;city156;490;45;city269
136;city209;304;452;city222;5;201;city158;324;441;city232;136;212;city195;369;495;city127;304;39;city166;388;43;city151;68;10;city190
138;city100;411;22;city147;480;418;city281;56;23;city110;450;463;city250;26;93;city82;93;498;city256;426;200;city258;20;371;city273;113;414;city262;394;141;city237;159;339;city177;209;101;city151;472;332;city185;390;150;city293;460;143;city52;400;80;city160;98;189;city187;198;270;city263
138;city100;411;22;city147;480;418;city281;56;23;city110;450;463;city250;26;93;city82;93;498;city256;426;200;city258;20;371;city273;113;414;city262;394;141;city237;159;339;city177;209;101;city151;472;332;city185;390;150;city293;460;143;city52;400;80;city160;98;189;city187;198;270;city263
165;city70;314;303;city268;328;129;city97;258;303;city104;213;415;city206;338;6;city64;19;461;city269;398;14;city184;75;419;city183
165;city70;314;303;city268;328;129;city97;258;303;city104;213;415;city206;338;6;city64;19;461;city269;398;14;city184;75;419;city183
151;city137;20;16;city98;269;27;city128
134;city98;394;462;city78;345;181;city71;349;217;city60;162;106;city81;310;87;city205;438;346;city149;395;268;city132;21;156;city200;499;141;city72;217;18;city140;74;410;city299;375;272;city109;43;173;city86;323;192;city160;168;150;city87;487;141;city173
147;city189;185;434;city142;2;334;city81;349;316;city103;88;15;city106;52;314;city72;94;345;city165;280;8;city210;280;92;city77;275;111;city245;451;161;city150;314;269;city262;22;350;city235;252;142;city272;318;478;city151;6;302;city221
144;city82;287;208;city187;419;244;city185;36;248;city243;139;405;city96;133;465;city272;340;142;city261;98;43;city291
174;city238;412;284;city122;150;37;city233;386;452;city136;251;348;city105;23;227;city145;271;206;city271;384;389;city292;461;337;city77;35;175;city207;37;255;city246
172;city86;422;427;city259;203;344;city292;100;396;city55;369;199;city127;49;165;city298;119;329;city269;228;251;city102;222;490;city57;472;227;city265

167;city96;134;98;city256
134;city98;394;462;city78;345;181;city71;349;217;city60;162;106;city81;310;87;city205;438;346;city149;395;268;city132;21;156;city200;499;141;city72;217;18;city140;74;410;city299;375;272;city109;43;173;city86;323;192;city160;168;150;city87;487;141;city173
168;city197;392;199;city276;80;419;city287;195;432;city169;188;91;city72;178;229;city105
173;city55;418;97;city193
166;city130;260;358;city150;375;31;city158;455;320;city250;464;42;city120;473;344;city201;158;374;city90;36;108;city105;42;139;city135;88;440;city70;65;376;city267;30;257;city245;320;176;city226;259;295;city79;483;67;city261;352;42;city277;436;193;city188
147;city189;185;434;city142;2;334;city81;349;316;city103;88;15;city106;52;314;city72;94;345;city165;280;8;city210;280;92;city77;275;111;city245;451;161;city150;314;269;city262;22;350;city235;252;142;city272;318;478;city151;6;302;city221
146;city58;329;253;city161;351;4939;city299;370;355;city205;398;426;city270;5;176;city274;432;50;city210
134;city98;394;462;city78;345;181;city71;349;217;city60;162;106;city81;310;87;city205;438;346;city149;395;268;city132;21;156;city200;499;141;city72;217;18;city140;74;410;city299;375;272;city109;43;173;city86;323;192;city160;168;150;city87;487;141;city173
134;city98;394;462;city78;345;181;city71;349;217;city60;162;106;city81;310;87;city205;438;346;city149;395;268;city132;21;156;city200;499;141;city72;217;18;city140;74;410;city299;375;272;city109;43;173;city86;323;192;city160;168;150;city87;487;141;city173
137;city101;298;447;city127;78;212;city294;68;381;city111;28;377;city154;184;149;city84;156;343;city298;293;358;city122;141;492;city60;292;47;city227;108;301;city63;206;299;city244;15;221;city185;413;91;city80;467;476;city54;194;26;city276;479;412;city291
174;city238;412;284;city122;150;37;city233;386;452;city136;251;348;city105;23;227;city145;271;206;city271;384;389;city292;461;337;city77;35;175;city207;37;255;city246
161;city205;259;207;city232;92;313;city149;364;461;city66;95;351;city299;123;249;city268;398;420;city119;3;21;city244;124;410;city189;410;55;city155;439;376;city139
166;city130;260;358;city150;375;31;city158;455;320;city250;464;42;city120;473;344;city201;158;374;city90;36;108;city105;42;139;city135;88;440;city70;65;376;city267;30;257;city245;320;176;city226;259;295;city79;483;67;city261;352;42;city277;436;193;city188
165;city70;314;303;city268;328;129;city97;258;303;city104;213;415;city206;338;6;city64;19;461;city269;398;14;city184;75;419;city183
154;city285;404;345;city256;319;354;city158;423;155;city209;130;313;city224;434;80;city262;156;337;city269;278;150;city167;455;26;city246;191;468;city140;186;237;city273;112;180;city279;296;340;city161;220;287;city239

165;city70;314;303;city268;328;129;city97;258;303;city104;213;415;city206;338;6;city64;19;461;city269;398;14;city184;75;419;city183
168;city197;392;199;city276;80;419;city287;195;432;city169;188;91;city72;178;229;city105
170;city128;86;477;city284;103;68;city156;490;45;city269
132;city221;137;256;city143;197;121;city238;32;282;city235;4;438;city264;293;142;city192;439;65;city59;12;221;city243;32;461;city233;407;289;city88;280;475;city202;51;479;city263;128;70;city204;443;451;city241;431;111;city279;280;241;city93;327;310;city278;235;287;city57;344;118;city124
155;city284;496;379;city222;70;160;city58;87;201;city125;381;467;city271;171;31;city268;83;166;city102;469;413;city157;91;141;city220;8;336;city212;310;91;city167;426;14;city177;307;339;city219;234;456;city97;63;301;city274;338;384;city95;378;190;city197
161;city205;259;207;city232;92;313;city149;364;461;city66;95;351;city299;123;249;city268;398;420;city119;3;21;city244;124;410;city189;410;55;city155;439;376;city139
144;city82;287;208;city187;419;244;city185;36;248;city243;139;405;city96;133;465;city272;340;142;city261;98;43;city291
173;city55;418;97;city193
170;city128;86;477;city284;103;68;city156;490;45;city269
170;city128;86;477;city284;103;68;city156;490;45;city269
147;city189;185;434;city142;2;334;city81;349;316;city103;88;15;city106;52;314;city72;94;345;city165;280;8;city210;280;92;city77;275;111;city245;451;161;city150;314;269;city262;22;350;city235;252;142;city272;318;478;city151;6;302;city221



130;city87;224;409;city62;326;237;city208;40;257;city216;123;232;city261;14;429;city106;160;22;city112;394;238;city58;143;425;city276;375;70;city86;404;420;city198
170;city128;86;477;city284;103;68;city156;490;45;city269
170;city128;86;477;city284;103;68;city156;490;45;city269
148;city222;453;491;city97
157;city64;96;389;city86;495;380;city84;67;317;city94;484;113;city99;410;276;city56;303;344;city236;122;431;city102;10;387;city85;182;42;city262;326;364;city278;439;275;city108;32;307;city68;156;417;city57;171;410;city239;475;108;city285;352;322;city205;458;222;city287;122;177;city141
166;city130;260;358;city150;375;31;city158;455;320;city250;464;42;city120;473;344;city201;158;374;city90;36;108;city105;42;139;city135;88;440;city70;65;376;city267;30;257;city245;320;176;city226;259;295;city79;483;67;city261;352;42;city277;436;193;city188
142;city172;495;215;city212;244;119;city221;126;188;city161;377;41;city101;288;240;city50;21;264;city119;350;29;city250;362;112;city102;500;437;city259;244;96;city146;25;461;city199;437;494;city206;255;194;city115;234;153;city248;149;84;city225;206;200;city112;478;130;city246;266;452;city157;467;133;city84
129;city298;147;4;city224;110;436;city199;143;152;city299;392;111;city120;141;419;city187;328;281;city94;331;224;city227;468;351;city279;303;441;city131;202;384;city195;65;281;city175;186;117;city132;392;484;city97;448;73;city183;437;139;city271;152;369;city107;59;249;city115;222;348;city180;138;249;city282
152;city190;351;437;city224;365;210;city173;480;345;city139;428;8;city78;149;302;city229;379;498;city167;267;490;city217;454;35;city146;205;415;city130;251;44;city55;55;332;city234;361;135;city151
142;city172;495;215;city212;244;119;city221;126;188;city161;377;41;city101;288;240;city50;21;264;city119;350;29;city250;362;112;city102;500;437;city259;244;96;city146;25;461;city199;437;494;city206;255;194;city115;234;153;city248;149;84;city225;206;200;city112;478;130;city246;266;452;city157;467;133;city84
143;city185;287;255;city174;67;189;city221;254;313;city283;173;328;city285;275;363;city218;6;108;city57;395;168;city226
165;city70;314;303;city268;328;129;city97;258;303;city104;213;415;city206;338;6;city64;19;461;city269;398;14;city184;75;419;city183
173;city55;418;97;city193
151;city137;20;16;city98;269;27;city128
164;city271;50;312;city240;189;17;city163;491;397;city194
169;city158;397;443;city159;172;422;city146;425;479;city78;419;266;city285;96;30;city272;149;245;city232;285;420;city213;343;387;city256;316;65;city229;316;16;city141;9;29;city197;162;439;city190;136;277;city268
150;city96;93;159;city220;32;259;city116;138;397;city273;180;195;city128;71;263;city62;77;261;city159;142;355;city77;67;162;city201;374;456;city167;462;202;city190;294;394;city281;167;425;city76;462;5;city228;264;158;city154;299;57;city82;204;382;city205;352;131;city186;405;125;city297
143;city185;287;255;city174;67;189;city221;254;313;city283;173;328;city285;275;363;city218;6;108;city57;395;168;city226
134;city98;394;462;city78;345;181;city71;349;217;city60;162;106;city81;310;87;city205;438;346;city149;395;268;city132;21;156;city200;499;141;city72;217;18;city140;74;410;city299;375;272;city109;43;173;city86;323;192;city160;168;150;city87;487;141;city173
132;city221;137;256;city143;197;121;city238;32;282;city235;4;438;city264;293;142;city192;439;65;city59;12;221;city243;32;461;city233;407;289;city88;280;475;city202;51;479;city263;128;70;city204;443;451;city241;431;111;city279;280;241;city93;327;310;city278;235;287;city57;344;118;city124
143;city185;287;255;city174;67;189;city221;254;313;city283;173;328;city285;275;363;city218;6;108;city57;395;168;city226

150;city96;93;159;city220;32;259;city116;138;397;city273;180;195;city128;71;263;city62;77;261;city159;142;355;city77;67;162;city201;374;456;city167;462;202;city190;294;394;city281;167;425;city76;462;5;city228;264;158;city154;299;57;city82;204;382;city205;352;131;city186;405;125;city297
156;city247;292;299;city142;12;372;city221;410;446;city137;455;55;city287;66;227;city280
163;city84;6;300;city242;432;266;city78;188;93;city193;452;439;city142;349;332;city147;169;406;city113;76;147;city202
127;city162;46;440;city102;113;380;city86;14;30;city81;226;249;city201;388;119;city195;238;130;city208;243;500;city223;420;122;city132;163;199;city146;362;186;city158;260;49;city254;52;482;city77;156;29;city111;405;85;city167;246;40;city65;45;383;city141;246;203;city165;206;3357;city243;113;30;city284
136;city209;304;452;city222;5;201;city158;324;441;city232;136;212;city195;369;495;city127;304;39;city166;388;43;city151;68;10;city190
144;city82;287;208;city187;419;244;city185;36;248;city243;139;405;city96;133;465;city272;340;142;city261;98;43;city291
159;city126;363;480;city283;277;491;city67;266;322;city299;111;290;city57;208;355;city177;255;235;city82;413;107;city71;44;464;city260;375;309;city135;335;325;city90;238;123;city171;380;154;city172;417;51;city213;449;500;city206;424;295;city290;463;180;city61;44;93;city138
153;city234;132;390;city51;386;213;city255;83;377;city150;127;177;city53;466;456;city237;195;299;city111;324;100;city185;258;436;city270;171;382;city86;179;88;city126
169;city158;397;443;city159;172;422;city146;425;479;city78;419;266;city285;96;30;city272;149;245;city232;285;420;city213;343;387;city256;316;65;city229;316;16;city141;9;29;city197;162;439;city190;136;277;city268
152;city190;351;437;city224;365;210;city173;480;345;city139;428;8;city78;149;302;city229;379;498;city167;267;490;city217;454;35;city146;205;415;city130;251;44;city55;55;332;city234;361;135;city151
139;city155;243;218;city152;145;213;city261;90;243;city210;43;257;city208;46;254;city65;171;20;city77;126;17;city217;204;421;city222;203;215;city63;171;191;city189;140;2;city239
129;city298;147;4;city224;110;436;city199;143;152;city299;392;111;city120;141;419;city187;328;281;city94;331;224;city227;468;351;city279;303;441;city131;202;384;city195;65;281;city175;186;117;city132;392;484;city97;448;73;city183;437;139;city271;152;369;city107;59;249;city115;222;348;city180;138;249;city282
162;city129;445;154;city175;100;242;city51;274;76;city161;427;143;city267;497;376;city269
130;city87;224;409;city62;326;237;city208;40;257;city216;123;232;city261;14;429;city106;160;22;city112;394;238;city58;143;425;city276;375;70;city86;404;420;city198
136;city209;304;452;city222;5;201;city158;324;441;city232;136;212;city195;369;495;city127;304;39;city166;388;43;city151;68;10;city190
134;city98;394;462;city78;345;181;city71;349;217;city60;162;106;city81;310;87;city205;438;346;city149;395;268;city132;21;156;city200;499;141;city72;217;18;city140;74;410;city299;375;272;city109;43;173;city86;323;192;city160;168;150;city87;487;141;city173
149;city236;303;230;city229;411;247;city194;187;456;city139;311;112;city178;243;132;city100;164;23;city172;489;276;city152;63;251;city265;158;441;city149;52;170;city175;114;259;city297;250;452;city283;324;112;city173;93;154;city109;382;450;city91;328;338;city95;321;365;city201;217;60;city259
134;city98;394;462;city78;345;181;city71;349;217;city60;162;106;city81;310;87;city205;438;346;city149;395;268;city132;21;156;city200;499;141;city72;217;18;city140;74;410;city299;375;272;city109;43;173;city86;323;192;city160;168;150;city87;487;141;city173
151;city137;20;16;city98;269;27;city128
128;city152;7;53;city111;450;438;city230;215;499;city52
150;city96;93;159;city220;32;259;city116;138;397;city273;180;195;city128;71;263;city62;77;261;city159;142;355;city77;67;162;city201;374;456;city167;462;202;city190;294;394;city281;167;425;city76;462;5;city228;264;158;city154;299;57;city82;204;382;city205;352;131;city186;405;125;city297
172;city86;422;427;city259;203;344;city292;100;396;city55;369;199;city127;49;165;city298;119;329;city269;228;251;city102;222;490;city57;472;227;city265
169;city158;397;443;city159;172;422;city146;425;479;city78;419;266;city285;96;30;city272;149;245;city232;285;420;city213;343;387;city256;316;65;city229;316;16;city141;9;29;city197;162;439;city190;136;277;city268
130;city87;224;409;city62;326;237;city208;40;257;city216;123;232;city261;14;429;city106;160;22;city112;394;238;city58;143;425;city276;375;70;city86;404;420;city198
155;city284;496;379;city222;70;160;city58;87;201;city125;381;467;city271;171;31;city268;83;166;city102;469;413;city157;91;141;city220;8;336;city212;310;91;city167;426;14;city177;307;339;city219;234;456;city97;63;301;city274;338;384;city95;378;190;city197
146;city58;329;253;city161;351;4939;city299;370;355;city205;398;426;city270;5;176;city274;432;50;city210
156;city247;292;299;city142;12;372;city221;410;446;city137;455;55;city287;66;227;city280
131;city207;3;404;city293;237;351;city228;209;167;city214;325;359;city163
148;city222;453;491;city97
167;city96;134;98;city256
165;city70;314;303;city268;328;129;city97;258;303;city104;213;415;city206;338;6;city64;19;461;city269;398;14;city184;75;419;city183
174;city238;412;284;city122;150;37;city233;386;452;city136;251;348;city105;23;227;city145;271;206;city271;384;389;city292;461;337;city77;35;175;city207;37;255;city246
139;city155;243;218;city152;145;213;city261;90;243;city210;43;257;city208;46;254;city65;171;20;city77;126;17;city217;204;421;city222;203;215;city63;171;191;city189;140;2;city239
171;city67;19;48;city71;305;243;city132;184;190;city86;397;152;city186;138;306;city64;489;477;city280;280;474;city63;432;157;city213;291;255;city164;108;332;city85;473;140;city243;431;152;city269;254;129;city188;164;351;city255;8;318;city138;223;377;city170
138;city100;411;22;city147;480;418;city281;56;23;city110;450;463;city250;26;93;city82;93;498;city256;426;200;city258;20;371;city273;113;414;city262;394;141;city237;159;339;city177;209;101;city151;472;332;city185;390;150;city293;460;143;city52;400;80;city160;98;189;city187;198;270;city263
141;city54;137;380;city191;454;391;city173
134;city98;394;462;city78;345;181;city71;349;217;city60;162;106;city81;310;87;city205;438;346;city149;395;268;city132;21;156;city200;499;141;city72;217;18;city140;74;410;city299;375;272;city109;43;173;city86;323;192;city160;168;150;city87;487;141;city173
149;city236;303;230;city229;411;247;city194;187;456;city139;311;112;city178;243;132;city100;164;23;city172;489;276;city152;63;251;city265;158;441;city149;52;170;city175;114;259;city297;250;452;city283;324;112;city173;93;154;city109;382;450;city91;328;338;city95;321;365;city201;217;60;city259
148;city222;453;491;city97
159;city126;363;480;city283;277;491;city67;266;322;city299;111;290;city57;208;355;city177;255;235;city82;413;107;city71;44;464;city260;375;309;city135;335;325;city90;238;123;city171;380;154;city172;417;51;city213;449;500;city206;424;295;city290;463;180;city61;44;93;city138
128;city152;7;53;city111;450;438;city230;215;499;city52
146;city58;329;253;city161;351;4939;city299;370;355;city205;398;426;city270;5;176;city274;432;50;city210
126;city128;268;452;city211;71;152;city61;297;411;city69
133;city116;274;418;city73;61;219;city275;32;289;city292;211;220;city51;68;403;city199;9;411;city118;184;89;city236;326;206;city209;221;151;city112;328;161;city55;452;347;city214;412;333;city208;22;232;city197;128;228;city153;401;239;city196;318;79;city126;9;147;city139;340;179;city288
137;city101;298;447;city127;78;212;city294;68;381;city111;28;377;city154;184;149;city84;156;343;city298;293;358;city122;141;492;city60;292;47;city227;108;301;city63;206;299;city244;15;221;city185;413;91;city80;467;476;city54;194;26;city276;479;412;city291
169;city158;397;443;city159;172;422;city146;425;479;city78;419;266;city285;96;30;city272;149;245;city232;285;420;city213;343;387;city256;316;65;city229;316;16;city141;9;29;city197;162;439;city190;136;277;city268
145;city267;17;206;city132;191;498;city174;167;4;city283;380;385;city127;28;176;city295;458;309;city83;222;423;city270;2;262;city109;208;301;city140;385;439;city255;187;265;city141;314;446;city117
134;city98;394;462;city78;345;181;city71;349;217;city60;162;106;city81;310;87;city205;438;346;city149;395;268;city132;21;156;city200;499;141;city72;217;18;city140;74;410;city299;375;272;city109;43;173;city86;323;192;city160;168;150;city87;487;141;city173
137;city101;298;447;city127;78;212;city294;68;381;city111;28;377;city154;184;149;city84;156;343;city298;293;358;city122;141;492;city60;292;47;city227;108;301;city63;206;299;city244;15;221;city185;413;91;city80;467;476;city54;194;26;city276;479;412;city291
171;city67;19;48;city71;305;243;city132;184;190;city86;397;152;city186;138;306;city64;489;477;city280;280;474;city63;432;157;city213;291;255;city164;108;332;city85;473;140;city243;431;152;city269;254;129;city188;164;351;city255;8;318;city138;223;377;city170
162;city129;445;154;city175;100;242;city51;274;76;city161;427;143;city267;497;376;city269
144;city82;287;208;city187;419;244;city185;36;248;city243;139;405;city96;133;465;city272;340;142;city261;98;43;city291
161;city205;259;207;city232;92;313;city149;364;461;city66;95;351;city299;123;249;city268;398;420;city119;3;21;city244;124;410;city189;410;55;city155;439;376;city139
157;city64;96;389;city86;495;380;city84;67;317;city94;484;113;city99;410;276;city56;303;344;city236;122;431;city102;10;387;city85;182;42;city262;326;364;city278;439;275;city108;32;307;city68;156;417;city57;171;410;city239;475;108;city285;352;322;city205;458;222;city287;122;177;city141
146;city58;329;253;city161;351;4939;city299;370;355;city205;398;426;city270;5;176;city274;432;50;city210
152;city190;351;437;city224;365;210;city173;480;345;city139;428;8;city78;149;302;city229;379;498;city167;267;490;city217;454;35;city146;205;415;city130;251;44;city55;55;332;city234;361;135;city151
162;city129;445;154;city175;100;242;city51;274;76;city161;427;143;city267;497;376;city269
146;city58;329;253;city161;351;4939;city299;370;355;city205;398;426;city270;5;176;city274;432;50;city210
132;city221;137;256;city143;197;121;city238;32;282;city235;4;438;city264;293;142;city192;439;65;city59;12;221;city243;32;461;city233;407;289;city88;280;475;city202;51;479;city263;128;70;city204;443;451;city241;431;111;city279;280;241;city93;327;310;city278;235;287;city57;344;118;city124
143;city185;287;255;city174;67;189;city221;254;313;city283;173;328;city285;275;363;city218;6;108;city57;395;168;city226
131;city207;3;404;city293;237;351;city228;209;167;city214;325;359;city163
156;city247;292;299;city142;12;372;city221;410;446;city137;455;55;city287;66;227;city280
150;city96;93;159;city220;32;259;city116;138;397;city273;180;195;city128;71;263;city62;77;261;city159;142;355;city77;67;162;city201;374;456;city167;462;202;city190;294;394;city281;167;425;city76;462;5;city228;264;158;city154;299;57;city82;204;382;city205;352;131;city186;405;125;city297
143;city185;287;255;city174;67;189;city221;254;313;city283;173;328;city285;275;363;city218;6;108;city57;395;168;city226
137;city101;298;447;city127;78;212;city294;68;381;city111;28;377;city154;184;149;city84;156;343;city298;293;358;city122;141;492;city60;292;47;city227;108;301;city63;206;299;city244;15;221;city185;413;91;city80;467;476;city54;194;26;city276;479;412;city291
153;city234;132;390;city51;386;213;city255;83;377;city150;127;177;city53;466;456;city237;195;299;city111;324;100;city185;258;436;city270;171;382;city86;179;88;city126
135;city193;102;419;city259
132;city221;137;256;city143;197;121;city238;32;282;city235;4;438;city264;293;142;city192;439;65;city59;12;221;city243;32;461;city233;407;289;city88;280;475;city202;51;479;city263;128;70;city204;443;451;city241;431;111;city279;280;241;city93;327;310;city278;235;287;city57;344;118;city124
151;city137;20;16;city98;269;27;city128
143;city185;287;255;city174;67;189;city221;254;313;city283;173;328;city285;275;363;city218;6;108;city57;395;168;city226
171;city67;19;48;city71;305;243;city132;184;190;city86;397;152;city186;138;306;city64;489;477;city280;280;474;city63;432;157;city213;291;255;city164;108;332;city85;473;140;city243;431;152;city269;254;129;city188;164;351;city255;8;318;city138;223;377;city170
126;city128;268;452;city211;71;152;city61;297;411;city69
125;city282;100;18;city258;139;420;city112;190;241;city211;389;55;city209;297;269;city123;336;329;city278;330;487;city273;366;412;city256;101;369;city253;57;490;city93;423;366;city153;281;200;city198;258;250;city67
153;city234;132;390;city51;386;213;city255;83;377;city150;127;177;city53;466;456;city237;195;299;city111;324;100;city185;258;436;city270;171;382;city86;179;88;city126
156;city247;292;299;city142;12;372;city221;410;446;city137;455;55;city287;66;227;city280
131;city207;3;404;city293;237;351;city228;209;167;city214;325;359;city163
145;city267;17;206;city132;191;498;city174;167;4;city283;380;385;city127;28;176;city295;458;309;city83;222;423;city270;2;262;city109;208;301;city140;385;439;city255;187;265;city141;314;446;city117
149;city236;303;230;city229;411;247;city194;187;456;city139;311;112;city178;243;132;city100;164;23;city172;489;276;city152;63;251;city265;158;441;city149;52;170;city175;114;259;city297;250;452;city283;324;112;city173;93;154;city109;382;450;city91;328;338;city95;321;365;city201;217;60;city259
137;city101;298;447;city127;78;212;city294;68;381;city111;28;377;city154;184;149;city84;156;343;city298;293;358;city122;141;492;city60;292;47;city227;108;301;city63;206;299;city244;15;221;city185;413;91;city80;467;476;city54;194;26;city276;479;412;city291
174;city238;412;284;city122;150;37;city233;386;452;city136;251;348;city105;23;227;city145;271;206;city271;384;389;city292;461;337;city77;35;175;city207;37;255;city246
163;city84;6;300;city242;432;266;city78;188;93;city193;452;439;city142;349;332;city147;169;406;city113;76;147;city202
160;city251;400;131;city128;383;68;city199;31;101;city271;330;93;city295;259;157;city167;287;280;city146;222;288;city260;156;466;city298;160;86;city230;7;13;city127;403;36;city102;365;162;city278;454;25;city77;138;359;city89;176;159;city288;306;199;city275;446;491;city60;239;319;city187;116;23;city69
152;city190;351;437;city224;365;210;city173;480;345;city139;428;8;city78;149;302;city229;379;498;city167;267;490;city217;454;35;city146;205;415;city130;251;44;city55;55;332;city234;361;135;city151
150;city96;93;159;city220;32;259;city116;138;397;city273;180;195;city128;71;263;city62;77;261;city159;142;355;city77;67;162;city201;374;456;city167;462;202;city190;294;394;city281;167;425;city76;462;5;city228;264;158;city154;299;57;city82;204;382;city205;352;131;city186;405;125;city297
138;city100;411;22;city147;480;418;city281;56;23;city110;450;463;city250;26;93;city82;93;498;city256;426;200;city258;20;371;city273;113;414;city262;394;141;city237;159;339;city177;209;101;city151;472;332;city185;390;150;city293;460;143;city52;400;80;city160;98;189;city187;198;270;city263
154;city285;404;345;city256;319;354;city158;423;155;city209;130;313;city224;434;80;city262;156;337;city269;278;150;city167;455;26;city246;191;468;city140;186;237;city273;112;180;city279;296;340;city161;220;287;city239
135;city193;102;419;city259
154;city285;404;345;city256;319;354;city158;423;155;city209;130;313;city224;434;80;city262;156;337;city269;278;150;city167;455;26;city246;191;468;city140;186;237;city273;112;180;city279;296;340;city161;220;287;city239
146;city58;329;253;city161;351;4939;city299;370;355;city205;398;426;city270;5;176;city274;432;50;city210
142;city172;495;215;city212;244;119;city221;126;188;city161;377;41;city101;288;240;city50;21;264;city119;350;29;city250;362;112;city102;500;437;city259;244;96;city146;25;461;city199;437;494;city206;255;194;city115;234;153;city248;149;84;city225;206;200;city112;478;130;city246;266;452;city157;467;133;city84
133;city116;274;418;city73;61;219;city275;32;289;city292;211;220;city51;68;403;city199;9;411;city118;184;89;city236;326;206;city209;221;151;city112;328;161;city55;452;347;city214;412;333;city208;22;232;city197;128;228;city153;401;239;city196;318;79;city126;9;147;city139;340;179;city288
174;city238;412;284;city122;150;37;city233;386;452;city136;251;348;city105;23;227;city145;271;206;city271;384;389;city292;461;337;city77;35;175;city207;37;255;city246
162;city129;445;154;city175;100;242;city51;274;76;city161;427;143;city267;497;376;city269
149;city236;303;230;city229;411;247;city194;187;456;city139;311;112;city178;243;132;city100;164;23;city172;489;276;city152;63;251;city265;158;441;city149;52;170;city175;114;259;city297;250;452;city283;324;112;city173;93;154;city109;382;450;city91;328;338;city95;321;365;city201;217;60;city259
171;city67;19;48;city71;305;243;city132;184;190;city86;397;152;city186;138;306;city64;489;477;city280;280;474;city63;432;157;city213;291;255;city164;108;332;city85;473;140;city243;431;152;city269;254;129;city188;164;351;city255;8;318;city138;223;377;city170
134;city98;394;462;city78;345;181;city71;349;217;city60;162;106;city81;310;87;city205;438;346;city149;395;268;city132;21;156;city200;499;141;city72;217;18;city140;74;410;city299;375;272;city109;43;2756;city86;323;192;city160;168;150;city87;487;141;city173
170;city128;86;477;city284;103;68;city156;490;45;city269
164;city271;50;312;city240;189;17;city163;491;397;city194
145;city267;17;206;city132;191;498;city174;167;4;city283;380;385;city127;28;176;city295;458;309;city83;222;423;city270;2;262;city109;208;301;city140;385;439;city255;187;265;city141;314;446;city117
158;city247;339;222;city212;198;199;city88;479;240;city180;184;132;city58;382;275;city132;396;126;city261
149;city236;303;230;city229;411;247;city194;187;456;city139;311;112;city178;243;132;city100;164;23;city172;489;276;city152;63;251;city265;158;441;city149;52;170;city175;114;259;city297;250;452;city283;324;112;city173;93;154;city109;382;450;city91;328;338;city95;321;365;city201;217;60;city259
171;city67;19;48;city71;305;243;city132;184;190;city86;397;152;city186;138;306;city64;489;477;city280;280;474;city63;432;157;city213;291;255;city164;108;332;city85;473;140;city243;431;152;city269;254;129;city188;164;351;city255;8;318;city138;223;377;city170
159;city126;363;480;city283;277;491;city67;266;322;city299;111;290;city57;208;355;city177;255;235;city82;413;107;city71;44;464;city260;375;309;city135;335;325;city90;238;123;city171;380;154;city172;417;51;city213;449;500;city206;424;295;city290;463;180;city61;44;93;city138
162;city129;445;154;city175;100;242;city51;274;76;city161;427;143;city267;497;376;city269
160;city251;400;131;city128;383;68;city199;31;101;city271;330;93;city295;259;157;city167;287;280;city146;222;288;city260;156;466;city298;160;86;city230;7;13;city127;403;36;city102;365;162;city278;454;25;city77;138;359;city89;176;159;city288;306;199;city275;446;491;city60;239;319;city187;116;23;city69
141;city54;137;380;city191;454;391;city173
134;city98;394;462;city78;345;181;city71;349;217;city60;162;106;city81;310;87;city205;438;346;city149;395;268;city132;21;156;city200;499;141;city72;217;18;city140;74;410;city299;375;272;city109;43;2756;city86;323;192;city160;168;150;city87;487;141;city173
160;city251;400;131;city128;383;68;city199;31;101;city271;330;93;city295;259;157;city167;287;280;city146;222;288;city260;156;466;city298;160;86;city230;7;13;city127;403;36;city102;365;162;city278;454;25;city77;138;359;city89;176;159;city288;306;199;city275;446;491;city60;239;319;city187;116;23;city69
148;city222;453;491;city97
130;city87;224;409;city62;326;237;city208;40;257;city216;123;232;city261;14;429;city106;160;22;city112;394;238;city58;143;425;city276;375;70;city86;404;420;city198
142;city172;495;215;city212;244;119;city221;126;188;city161;377;41;city101;288;240;city50;21;264;city119;350;29;city250;362;112;city102;500;437;city259;244;96;city146;25;461;city199;437;494;city206;255;194;city115;234;153;city248;149;84;city225;206;200;city112;478;130;city246;266;452;city157;467;133;city84
129;city298;147;4;city224;110;436;city199;143;152;city299;392;111;city120;141;419;city187;328;281;city94;331;224;city227;468;351;city279;303;441;city131;202;384;city195;65;281;city175;186;117;city132;392;484;city97;448;73;city183;437;139;city271;152;369;city107;59;249;city115;222;348;city180;138;249;city282
126;city128;268;452;city211;71;152;city61;297;411;city69
155;city284;496;379;city222;70;160;city58;87;201;city125;381;467;city271;171;31;city268;83;166;city102;469;413;city157;91;141;city220;8;336;city212;310;91;city167;426;14;city177;307;339;city219;234;456;city97;63;301;city274;338;384;city95;378;190;city197
136;city209;304;452;city222;5;201;city158;324;441;city232;136;212;city195;369;495;city127;304;39;city166;388;43;city151;68;10;city190
150;city96;93;159;city220;32;259;city116;138;397;city273;180;195;city128;71;263;city62;77;261;city159;142;355;city77;67;162;city201;374;456;city167;462;202;city190;294;394;city281;167;425;city76;462;5;city228;264;158;city154;299;57;city82;204;382;city205;352;131;city186;405;125;city297
171;city67;19;48;city71;305;243;city132;184;190;city86;397;152;city186;138;306;city64;489;477;city280;280;474;city63;432;157;city213;291;255;city164;108;332;city85;473;140;city243;431;152;city269;254;129;city188;164;351;city255;8;318;city138;223;377;city170
167;city96;134;98;city256
166;city130;260;358;city150;375;31;city158;455;320;city250;464;42;city120;473;344;city201;158;374;city90;36;108;city105;42;139;city135;88;440;city70;65;376;city267;30;257;city245;320;176;city226;259;295;city79;483;67;city261;352;42;city277;436;193;city188
162;city129;445;154;city175;100;242;city51;274;76;city161;427;143;city267;497;376;city269
151;city137;20;16;city98;269;27;city128
126;city128;268;452;city211;71;152;city61;297;411;city69
142;city172;495;215;city212;244;119;city221;126;188;city161;377;41;city101;288;240;city50;21;264;city119;350;29;city250;362;112;city102;500;437;city259;244;96;city146;25;461;city199;437;494;city206;255;194;city115;234;153;city248;149;84;city225;206;200;city112;478;130;city246;266;452;city157;467;133;city84
125;city282;100;18;city258;139;420;city112;190;241;city211;389;55;city209;297;269;city123;336;329;city278;330;487;city273;366;412;city256;101;369;city253;57;490;city93;423;366;city153;281;200;city198;258;250;city67
165;city70;314;303;city268;328;129;city97;258;303;city104;213;415;city206;338;6;city64;19;461;city269;398;14;city184;75;419;city183
132;city221;137;256;city143;197;121;city238;32;282;city235;4;438;city264;293;142;city192;439;65;city59;12;221;city243;32;461;city233;407;289;city88;280;475;city202;51;479;city263;128;70;city204;443;451;city241;431;111;city279;280;241;city93;327;310;city278;235;287;city57;344;118;city124
