


169;city173;354;496;city212;362;366;city132;381;40;city195;377;259;city262;415;375;city68;280;95;city126;418;291;city170;38;429;city88;131;248;city281

131;city219;400;250;city95;468;95;city54;386;220;city142;162;168;city87;223;300;city252;385;324;city253
125;city212;326;150;city239;378;278;city286;299;460;city242

134;city86;352;335;city74;144;318;city253;102;307;city258;103;435;city146;42;30;city52


158;city292;117;440;city169;98;188;city205;88;112;city197;459;497;city295;286;121;city216;361;217;city262;461;84;city140;490;234;city254;460;162;city243;126;85;city233;413;482;city50;452;83;city120;43;442;city149



133;city160;420;68;city221;177;86;city203;13;389;city295;182;61;city254;472;49;city273;417;163;city192;34;335;city286;459;374;city97;5;28;city150




166;city243;89;152;city162;283;290;city177;283;298;city209


154;city289;79;460;city111;444;37;city225;312;117;city238;86;160;city230;90;257;city156;294;103;city189;312;11;city292;398;96;city60;394;478;city165;218;210;city149;422;20;city201;460;245;city112;324;180;city236;425;236;city212;487;174;city162
147;city86;225;210;city277;432;295;city127;275;329;city245



147;city86;225;210;city277;432;295;city127;275;329;city245
169;city173;354;496;city212;362;366;city132;381;40;city195;377;259;city262;415;375;city68;280;95;city126;418;291;city170;38;429;city88;131;248;city281



130;city228;459;276;city216;315;285;city211;183;491;city251;269;359;city70;17;92;city125;160;471;city296;136;103;city241;336;119;city270;340;197;city92;442;455;city257;144;123;city130;56;475;city127;154;207;city231;312;54;city83;89;133;city240;35;83;city111;198;152;city159;343;201;city256
159;city170;194;392;city241;21;330;city122;195;216;city52;250;213;city107;106;168;city235;297;105;city231;155;359;city163;329;14;city210;47;140;city132
131;city219;400;250;city95;468;95;city54;386;220;city142;162;168;city87;223;300;city252;385;324;city253

154;city289;79;460;city111;444;37;city225;312;117;city238;86;160;city230;90;257;city156;294;103;city189;312;11;city292;398;96;city60;394;478;city165;218;210;city149;422;20;city201;460;245;city112;324;180;city236;425;236;city212;487;174;city162
174;city233;349;217;city177;449;127;city143;393;88;city114;29;373;city267;420;402;city286;468;332;city266
157;city144;153;407;city197;182;426;city74;218;310;city164;465;37;city122

135;city205;304;99;city284;164;114;city180;56;12;city140;55;314;city133;221;296;city204;291;456;city102;269;358;city109;92;372;city69;138;3;city254;298;371;city85;252;203;city151;345;454;city247;409;217;city214;405;205;city240;306;67;city182;193;181;city107;123;390;city172;41;27;city55;340;367;city143
131;city219;400;250;city95;468;95;city54;386;220;city142;162;168;city87;223;300;city252;385;324;city253


136;city102;442;399;city245;107;165;city255;292;23;city93;485;350;city287;112;430;city61;413;418;city189
134;city86;352;335;city74;144;318;city253;102;307;city258;103;435;city146;42;30;city52


127;city67;474;9;city210

141;city160;484;222;city183;455;118;city119;410;468;city156;321;210;city111;102;222;city211;133;161;city147;255;222;city158;280;461;city92;412;302;city239;208;452;city190;212;41;city210;82;348;city250;200;273;city91;187;108;city88;319;110;city58;418;229;city125;74;65;city264
145;city261;12;30;city132;309;239;city208;20;421;city68;281;264;city86;431;198;city84;318;177;city241;21;80;city293;223;246;city53;65;35;city58;481;168;city145;141;108;city97
125;city212;326;150;city239;378;278;city286;299;460;city242
127;city67;474;9;city210
134;city86;352;335;city74;144;318;city253;102;307;city258;103;435;city146;42;30;city52
133;city160;420;68;city221;177;86;city203;13;389;city295;182;61;city254;472;49;city273;417;163;city192;34;335;city286;459;374;city97;5;28;city150
139;city260;447;130;city53;192;179;city151;157;298;city246;304;415;city224;259;191;city120;427;199;city194;231;483;city225;86;182;city267
140;city101;435;82;city241;416;214;city188;71;253;city263;29;207;city89;83;259;city137;425;458;city252;371;262;city126;464;123;city80;135;349;city66;70;271;city60;418;228;city186;462;346;city242;282;64;city139;258;344;city95;202;348;city200;112;332;city268;360;46;city253;497;368;city55;490;285;city229
131;city219;400;250;city95;468;95;city54;386;220;city142;162;168;city87;223;300;city252;385;324;city253
133;city160;420;68;city221;177;86;city203;13;389;city295;182;61;city254;472;49;city273;417;163;city192;34;335;city286;459;374;city97;5;28;city150

149;city189;49;376;city206;407;34;city228;87;467;city137;240;459;city140

138;city195;214;72;city155;28;283;city98;104;371;city268;197;431;city90;492;143;city191;70;439;city117;198;395;city208
158;city292;117;440;city169;98;188;city205;88;112;city197;459;497;city295;286;121;city216;361;217;city262;461;84;city140;490;234;city254;460;162;city243;126;85;city233;413;482;city50;452;83;city120;43;442;city149
141;city160;484;222;city183;455;118;city119;410;468;city156;321;210;city111;102;222;city211;133;161;city147;255;222;city158;280;461;city92;412;302;city239;208;452;city190;212;41;city210;82;348;city250;200;273;city91;187;108;city88;319;110;city58;418;229;city125;74;65;city264
134;city86;352;335;city74;144;318;city253;102;307;city258;103;435;city146;42;30;city52

153;city202;499;217;city258;184;80;city99;303;448;city102;370;123;city123;46;199;city73;264;145;city53;309;403;city186;97;51;city139;60;454;city251;109;103;city140;7;447;city211;138;318;city134;12;142;city124;118;227;city196;411;449;city125;140;67;city109;420;286;city122;357;462;city136

137;city210;320;420;city80
170;city225;48;165;city200;39;452;city172;226;309;city108;18;454;city249;300;29;city184;40;35;city232;480;197;city153;288;287;city237
147;city86;225;210;city277;432;295;city127;275;329;city245
142;city122;119;10;city198;372;183;city109;62;83;city145;56;124;city287;39;461;city252;295;113;city280;359;361;city290;187;353;city221;128;220;city144;153;63;city70;465;439;city138;389;109;city266;483;103;city113

157;city144;153;407;city197;182;426;city74;218;310;city164;465;37;city122
137;city210;320;420;city80
171;city142;34;387;city104;441;352;city150;477;225;city134
133;city160;420;68;city221;177;86;city203;13;389;city295;182;61;city254;472;49;city273;417;163;city192;34;335;city286;459;374;city97;5;28;city150
130;city228;459;276;city216;315;285;city211;183;491;city251;269;359;city70;17;92;city125;160;471;city296;136;103;city241;336;119;city270;340;197;city92;442;455;city257;144;123;city130;56;475;city127;154;207;city231;312;54;city83;89;133;city240;35;83;city111;198;152;city159;343;201;city256

131;city219;400;250;city95;468;95;city54;386;220;city142;162;168;city87;223;300;city252;385;324;city253
137;city210;320;420;city80
136;city102;442;399;city245;107;165;city255;292;23;city93;485;350;city287;112;430;city61;413;418;city189
141;city160;484;222;city183;455;118;city119;410;468;city156;321;210;city111;102;222;city211;133;161;city147;255;222;city158;280;461;city92;412;302;city239;208;452;city190;212;41;city210;82;348;city250;200;273;city91;187;108;city88;319;110;city58;418;229;city125;74;65;city264

146;city119;394;120;city78;293;267;city297;307;89;city150;338;137;city241;49;440;city259;275;205;city195;350;322;city75;249;395;city288;356;119;city203;160;334;city226
149;city189;49;376;city206;407;34;city228;87;467;city137;240;459;city140
148;city152;21;439;city209;310;337;city294
157;city144;153;407;city197;182;426;city74;218;310;city164;465;37;city122
139;city260;447;130;city53;192;179;city151;157;298;city246;304;415;city224;259;191;city120;427;199;city194;231;483;city225;86;182;city267

162;city162;313;329;city208
138;city195;214;72;city155;28;283;city98;104;371;city268;197;431;city90;492;143;city191;70;439;city117;198;395;city208
138;city195;214;72;city155;28;283;city98;104;371;city268;197;431;city90;492;143;city191;70;439;city117;198;395;city208
132;city220;276;390;city59;458;301;city135;419;415;city145;62;299;city107;423;131;city71;495;106;city70;133;7;city198;221;183;city164;93;330;city150;491;47;city182;452;478;city57;211;295;city261;235;106;city192;191;210;city203


172;city232;305;78;city180;8;272;city266;76;468;city227;375;143;city85;179;45;city233;134;163;city75
137;city210;320;420;city80
173;city172;271;390;city91;83;389;city108;17;207;city183;170;66;city289;65;152;city57;449;151;city142;79;89;city92;487;53;city232;27;119;city249;309;166;city243;177;454;city63;63;399;city146

142;city122;119;10;city198;372;183;city109;62;83;city145;56;124;city287;39;461;city252;295;113;city280;359;361;city290;187;353;city221;128;220;city144;153;63;city70;465;439;city138;389;109;city266;483;103;city113
136;city102;442;399;city245;107;165;city255;292;23;city93;485;350;city287;112;430;city61;413;418;city189


162;city162;313;329;city208
162;city162;313;329;city208

146;city119;394;120;city78;293;267;city297;307;89;city150;338;137;city241;49;440;city259;275;205;city195;350;322;city75;249;395;city288;356;119;city203;160;334;city226

174;city233;349;217;city177;449;127;city143;393;88;city114;29;373;city267;420;402;city286;468;332;city266
153;city202;499;217;city258;184;80;city99;303;448;city102;370;123;city123;46;199;city73;264;145;city53;309;403;city186;97;51;city139;60;454;city251;109;103;city140;7;447;city211;138;318;city134;12;142;city124;118;227;city196;411;449;city125;140;67;city109;420;286;city122;357;462;city136
127;city67;474;9;city210
171;city142;34;387;city104;441;352;city150;477;225;city134
146;city119;394;120;city78;293;267;city297;307;89;city150;338;137;city241;49;440;city259;275;205;city195;350;322;city75;249;395;city288;356;119;city203;160;334;city226
126;city140;233;163;city127;483;36;city273;176;138;city101;175;22;city132;221;318;city249;184;233;city261;4;202;city287;5;19;city210;406;309;city186;92;133;city110;500;458;city123;479;108;city104
154;city289;79;460;city111;444;37;city225;312;117;city238;86;160;city230;90;257;city156;294;103;city189;312;11;city292;398;96;city60;394;478;city165;218;210;city149;422;20;city201;460;245;city112;324;180;city236;425;236;city212;487;174;city162
174;city233;349;217;city177;449;127;city143;393;88;city114;29;373;city267;420;402;city286;468;332;city266
133;city160;420;68;city221;177;86;city203;13;389;city295;182;61;city254;472;49;city273;417;163;city192;34;335;city286;459;374;city97;5;28;city150
142;city122;119;10;city198;372;183;city109;62;83;city145;56;124;city287;39;461;city252;295;113;city280;359;361;city290;187;353;city221;128;220;city144;153;63;city70;465;439;city138;389;109;city266;483;103;city113
132;city220;276;390;city59;458;301;city135;419;415;city145;62;299;city107;423;131;city71;495;106;city70;133;7;city198;221;183;city164;93;330;city150;491;47;city182;452;478;city57;211;295;city261;235;106;city192;191;210;city203
163;city298;165;41;city149;70;391;city217;54;109;city50;434;484;city239;143;410;city257
126;city140;233;163;city127;483;36;city273;176;138;city101;175;22;city132;221;318;city249;184;233;city261;4;202;city287;5;19;city210;406;309;city186;92;133;city110;500;458;city123;479;108;city104
170;city225;48;165;city200;39;452;city172;226;309;city108;18;454;city249;300;29;city184;40;35;city232;480;197;city153;288;287;city237

169;city173;354;496;city212;362;366;city132;381;40;city195;377;259;city262;415;375;city68;280;95;city126;418;291;city170;38;429;city88;131;248;city281
138;city195;214;72;city155;28;283;city98;104;371;city268;197;431;city90;492;143;city191;70;439;city117;198;395;city208
146;city119;394;120;city78;293;267;city297;307;89;city150;338;137;city241;49;440;city259;275;205;city195;350;322;city75;249;395;city288;356;119;city203;160;334;city226
137;city210;320;420;city80
129;city61;342;387;city112;227;66;city132;347;32;city144;322;230;city53;138;94;city195;352;63;city148;378;95;city185;110;497;city216;124;15;city142;260;153;city233;269;450;city103;490;43;city230;375;490;city70;409;345;city145;419;340;city271

137;city210;320;420;city80
144;city83;9;12;city135;2;124;city92;83;310;city63;118;53;city151;403;498;city51;168;16;city202
167;city264;21;192;city165;97;76;city90;237;30;city73;366;477;city259;60;412;city291;144;183;city179;469;42;city296;379;316;city113;353;131;city153;38;341;city188;394;428;city277;32;413;city99
133;city160;420;68;city221;177;86;city203;13;389;city295;182;61;city254;472;49;city273;417;163;city192;34;335;city286;459;374;city97;5;28;city150
174;city233;349;217;city177;449;127;city143;393;88;city114;29;373;city267;420;402;city286;468;332;city266
151;city113;471;352;city59;206;353;city206;434;89;city294;106;405;city123;148;487;city165;125;398;city128;459;119;city198;351;76;city214;24;22;city75;6;450;city247;343;301;city288;301;146;city187;454;95;city181;378;474;city60;176;447;city131;11;365;city118;396;17;city275;425;89;city158

171;city142;34;387;city104;441;352;city150;477;225;city134




160;city205;253;309;city109;351;179;city134;12;409;city298
131;city219;400;250;city95;468;95;city54;386;220;city142;162;168;city87;223;300;city252;385;324;city253
150;city102;371;165;city78;286;161;city151;46;69;city279;125;344;city124;88;145;city265;99;32;city60;121;395;city182;2;381;city212;280;128;city122;360;346;city249;480;71;city89;273;10;city270
154;city289;79;460;city111;444;37;city225;312;117;city238;86;160;city230;90;257;city156;294;103;city189;312;11;city292;398;96;city60;394;478;city165;218;210;city149;422;20;city201;460;245;city112;324;180;city236;425;236;city212;487;174;city162

168;city189;426;109;city175;243;443;city110;362;463;city177;211;313;city57;248;445;city236;196;177;city182;237;147;city192;55;495;city111
157;city144;153;407;city197;182;426;city74;218;310;city164;465;37;city122
131;city219;400;250;city95;468;95;city54;386;220;city142;162;168;city87;223;300;city252;385;324;city253
131;city219;400;250;city95;468;95;city54;386;220;city142;162;168;city87;223;300;city252;385;324;city253
130;city228;459;276;city216;315;285;city211;183;491;city251;269;359;city70;17;92;city125;160;471;city296;136;103;city241;336;119;city270;340;197;city92;442;455;city257;144;123;city130;56;475;city127;154;207;city231;312;54;city83;89;133;city240;35;83;city111;198;152;city159;343;201;city256
148;city152;21;439;city209;310;337;city294
164;city283;193;125;city93;390;178;city292
144;city83;9;12;city135;2;124;city92;83;310;city63;118;53;city151;403;498;city51;168;16;city202
139;city260;447;130;city53;192;179;city151;157;298;city246;304;415;city224;259;191;city120;427;199;city194;231;483;city225;86;182;city267
159;city170;194;392;city241;21;330;city122;195;216;city52;250;213;city107;106;168;city235;297;105;city231;155;359;city163;329;14;city210;47;140;city132
159;city170;194;392;city241;21;330;city122;195;216;city52;250;213;city107;106;168;city235;297;105;city231;155;359;city163;329;14;city210;47;140;city132
130;city228;459;276;city216;315;285;city211;183;491;city251;269;359;city70;17;92;city125;160;471;city296;136;103;city241;336;119;city270;340;197;city92;442;455;city257;144;123;city130;56;475;city127;154;207;city231;312;54;city83;89;133;city240;35;83;city111;198;152;city159;343;201;city256
130;city228;459;276;city216;315;285;city211;183;491;city251;269;359;city70;17;92;city125;160;471;city296;136;103;city241;336;119;city270;340;197;city92;442;455;city257;144;123;city130;56;475;city127;154;207;city231;312;54;city83;89;133;city240;35;83;city111;198;152;city159;343;201;city256
170;city225;48;165;city200;39;452;city172;226;309;city108;18;454;city249;300;29;city184;40;35;city232;480;197;city153;288;287;city237

144;city83;9;12;city135;2;124;city92;83;310;city63;118;53;city151;403;498;city51;168;16;city202
171;city142;34;387;city104;441;352;city150;477;225;city134
174;city233;349;217;city177;449;127;city143;393;88;city114;29;373;city267;420;402;city286;468;332;city266


157;city144;153;407;city197;182;426;city74;218;310;city164;465;37;city122
155;city189;307;318;city264;326;432;city219;421;365;city108;232;295;city299;222;81;city81;220;41;city227;146;372;city78;132;476;city103;59;302;city114;304;68;city170;412;268;city243;227;4;city258;449;28;city147;313;81;city270;10;371;city203;446;370;city278
141;city160;484;222;city183;455;118;city119;410;468;city156;321;210;city111;102;222;city211;133;161;city147;255;222;city158;280;461;city92;412;302;city239;208;452;city190;212;41;city210;82;348;city250;200;273;city91;187;108;city88;319;110;city58;418;229;city125;74;65;city264
161;city59;329;252;city61;21;376;city118;387;163;city83;497;465;city236;151;249;city98;152;318;city172;493;45;city89;481;335;city202;23;242;city280;308;425;city135;496;440;city189;187;185;city54;247;354;city160;351;41;city196;372;408;city279;320;70;city246
157;city144;153;407;city197;182;426;city74;218;310;city164;465;37;city122
136;city102;442;399;city245;107;165;city255;292;23;city93;485;350;city287;112;430;city61;413;418;city189
149;city189;49;376;city206;407;34;city228;87;467;city137;240;459;city140
135;city205;304;99;city284;164;114;city180;56;12;city140;55;314;city133;221;296;city204;291;456;city102;269;358;city109;92;372;city69;138;3;city254;298;371;city85;252;203;city151;345;454;city247;409;217;city214;405;205;city240;306;67;city182;193;181;city107;123;390;city172;41;27;city55;340;367;city143
153;city202;499;217;city258;184;80;city99;303;448;city102;370;123;city123;46;199;city73;264;145;city53;309;403;city186;97;51;city139;60;454;city251;109;103;city140;7;447;city211;138;318;city134;12;142;city124;118;227;city196;411;449;city125;140;67;city109;420;286;city122;357;462;city136
159;city170;194;392;city241;21;330;city122;195;216;city52;250;213;city107;106;168;city235;297;105;city231;155;359;city163;329;14;city210;47;140;city132
168;city189;426;109;city175;243;443;city110;362;463;city177;211;313;city57;248;445;city236;196;177;city182;237;147;city192;55;495;city111
131;city219;400;250;city95;468;95;city54;386;220;city142;162;168;city87;223;300;city252;385;324;city253
131;city219;400;250;city95;468;95;city54;386;220;city142;162;168;city87;223;300;city252;385;324;city253
144;city83;9;12;city135;2;124;city92;83;310;city63;118;53;city151;403;498;city51;168;16;city202
137;city210;320;420;city80
137;city210;320;420;city80
130;city228;459;276;city216;315;285;city211;183;491;city251;269;359;city70;17;92;city125;160;471;city296;136;103;city241;336;119;city270;340;197;city92;442;455;city257;144;123;city130;56;475;city127;154;207;city231;312;54;city83;89;133;city240;35;83;city111;198;152;city159;343;201;city256
125;city212;326;150;city239;378;278;city286;299;460;city242
156;city148;32;291;city71;493;235;city165
135;city205;304;99;city284;164;114;city180;56;12;city140;55;314;city133;221;296;city204;291;456;city102;269;358;city109;92;372;city69;138;3;city254;298;371;city85;252;203;city151;345;454;city247;409;217;city214;405;205;city240;306;67;city182;193;181;city107;123;390;city172;41;27;city55;340;367;city143
156;city148;32;291;city71;493;235;city165
172;city232;305;78;city180;8;272;city266;76;468;city227;375;143;city85;179;45;city233;134;163;city75
145;city261;12;30;city132;309;239;city208;20;421;city68;281;264;city86;431;198;city84;318;177;city241;21;80;city293;223;246;city53;65;35;city58;481;168;city145;141;108;city97
131;city219;400;250;city95;468;95;city54;386;220;city142;162;168;city87;223;300;city252;385;324;city253
172;city232;305;78;city180;8;272;city266;76;468;city227;375;143;city85;179;45;city233;134;163;city75
144;city83;9;12;city135;2;124;city92;83;310;city63;118;53;city151;403;498;city51;168;16;city202
129;city61;342;387;city112;227;66;city132;347;32;city144;322;230;city53;138;94;city195;352;63;city148;378;95;city185;110;497;city216;124;15;city142;260;153;city233;269;450;city103;490;43;city230;375;490;city70;409;345;city145;419;340;city271
141;city160;484;222;city183;455;118;city119;410;468;city156;321;210;city111;102;222;city211;133;161;city147;255;222;city158;280;461;city92;412;302;city239;208;452;city190;212;41;city210;82;348;city250;200;273;city91;187;108;city88;319;110;city58;418;229;city125;74;65;city264
150;city102;371;165;city78;286;161;city151;46;69;city279;125;344;city124;88;145;city265;99;32;city60;121;395;city182;2;381;city212;280;128;city122;360;346;city249;480;71;city89;273;10;city270
129;city61;342;387;city112;227;66;city132;347;32;city144;322;230;city53;138;94;city195;352;63;city148;378;95;city185;110;497;city216;124;15;city142;260;153;city233;269;450;city103;490;43;city230;375;490;city70;409;345;city145;419;340;city271
151;city113;471;352;city59;206;353;city206;434;89;city294;106;405;city123;148;487;city165;125;398;city128;459;119;city198;351;76;city214;24;22;city75;6;450;city247;343;301;city288;301;146;city187;454;95;city181;378;474;city60;176;447;city131;11;365;city118;396;17;city275;425;89;city158
169;city173;354;496;city212;362;366;city132;381;40;city195;377;259;city262;415;375;city68;280;95;city126;418;291;city170;38;429;city88;131;248;city281
142;city122;119;10;city198;372;183;city109;62;83;city145;56;124;city287;39;461;city252;295;113;city280;359;361;city290;187;353;city221;128;220;city144;153;63;city70;465;439;city138;389;109;city266;483;103;city113
174;city233;349;217;city177;449;127;city143;393;88;city114;29;373;city267;420;402;city286;468;332;city266
153;city202;499;217;city258;184;80;city99;303;448;city102;370;123;city123;46;199;city73;264;145;city53;309;403;city186;97;51;city139;60;454;city251;109;103;city140;7;447;city211;138;318;city134;12;142;city124;118;227;city196;411;449;city125;140;67;city109;420;286;city122;357;462;city136
134;city86;352;335;city74;144;318;city253;102;307;city258;103;435;city146;42;30;city52
143;city199;289;322;city176
150;city102;371;165;city78;286;161;city151;46;69;city279;125;344;city124;88;145;city265;99;32;city60;121;395;city182;2;381;city212;280;128;city122;360;346;city249;480;71;city89;273;10;city270
133;city160;420;68;city221;177;86;city203;13;389;city295;182;61;city254;472;49;city273;417;163;city192;34;335;city286;459;374;city97;5;28;city150
139;city260;447;130;city53;192;179;city151;157;298;city246;304;415;city224;259;191;city120;427;199;city194;231;483;city225;86;182;city267
170;city225;48;165;city200;39;452;city172;226;309;city108;18;454;city249;300;29;city184;40;35;city232;480;197;city153;288;287;city237
151;city113;471;352;city59;206;353;city206;434;89;city294;106;405;city123;148;487;city165;125;398;city128;459;119;city198;351;76;city214;24;22;city75;6;450;city247;343;301;city288;301;146;city187;454;95;city181;378;474;city60;176;447;city131;11;365;city118;396;17;city275;425;89;city158
173;city172;271;390;city91;83;389;city108;17;207;city183;170;66;city289;65;152;city57;449;151;city142;79;89;city92;487;53;city232;27;119;city249;309;166;city243;177;454;city63;63;399;city146
143;city199;289;322;city176
161;city59;329;252;city61;21;376;city118;387;163;city83;497;465;city236;151;249;city98;152;318;city172;493;45;city89;481;335;city202;23;242;city280;308;425;city135;496;440;city189;187;185;city54;247;354;city160;351;41;city196;372;408;city279;320;70;city246
146;city119;394;120;city78;293;267;city297;307;89;city150;338;137;city241;49;440;city259;275;205;city195;350;322;city75;249;395;city288;356;119;city203;160;334;city226
170;city225;48;165;city200;39;452;city172;226;309;city108;18;454;city249;300;29;city184;40;35;city232;480;197;city153;288;287;city237
168;city189;426;109;city175;243;443;city110;362;463;city177;211;313;city57;248;445;city236;196;177;city182;237;147;city192;55;495;city111
138;city195;214;72;city155;28;283;city98;104;371;city268;197;431;city90;492;143;city191;70;439;city117;198;395;city208
145;city261;12;30;city132;309;239;city208;20;421;city68;281;264;city86;431;198;city84;318;177;city241;21;80;city293;223;246;city53;65;35;city58;481;168;city145;141;108;city97
158;city292;117;440;city169;98;188;city205;88;112;city197;459;497;city295;286;121;city216;361;217;city262;461;84;city140;490;234;city254;460;162;city243;126;85;city233;413;482;city50;452;83;city120;43;442;city149
140;city101;435;82;city241;416;214;city188;71;253;city263;29;207;city89;83;259;city137;425;458;city252;371;262;city126;464;123;city80;135;349;city66;70;271;city60;418;228;city186;462;346;city242;282;64;city139;258;344;city95;202;348;city200;112;332;city268;360;46;city253;497;368;city55;490;285;city229
150;city102;371;165;city78;286;161;city151;46;69;city279;125;344;city124;88;145;city265;99;32;city60;121;395;city182;2;381;city212;280;128;city122;360;346;city249;480;71;city89;273;10;city270
160;city205;253;309;city109;351;179;city134;12;409;city298
173;city172;271;390;city91;83;389;city108;17;207;city183;170;66;city289;65;152;city57;449;151;city142;79;89;city92;487;53;city232;27;119;city249;309;166;city243;177;454;city63;63;399;city146
129;city61;342;387;city112;227;66;city132;347;32;city144;322;230;city53;138;94;city195;352;63;city148;378;95;city185;110;497;city216;124;15;city142;260;153;city233;269;450;city103;490;43;city230;375;490;city70;409;345;city145;419;340;city271
166;city243;89;152;city162;283;290;city177;283;298;city209
126;city140;233;163;city127;483;36;city273;176;138;city101;175;22;city132;221;318;city249;184;233;city261;4;202;city287;5;19;city210;406;309;city186;92;133;city110;500;458;city123;479;108;city104
130;city228;459;276;city216;315;285;city211;183;491;city251;269;359;city70;17;92;city125;160;471;city296;136;103;city241;336;119;city270;340;197;city92;442;455;city257;144;123;city130;56;475;city127;154;207;city231;312;54;city83;89;133;city240;35;83;city111;198;152;city159;343;201;city256
160;city205;253;309;city109;351;179;city134;12;409;city298
135;city205;304;99;city284;164;114;city180;56;12;city140;55;314;city133;221;296;city204;291;456;city102;269;358;city109;92;372;city69;138;3;city254;298;371;city85;252;203;city151;345;454;city247;409;217;city214;405;205;city240;306;67;city182;193;181;city107;123;390;city172;41;27;city55;340;367;city143
166;city243;89;152;city162;283;290;city177;283;298;city209
156;city148;32;291;city71;493;235;city165
166;city243;89;152;city162;283;290;city177;283;298;city209
147;city86;225;210;city277;432;295;city127;275;329;city245
153;city202;499;217;city258;184;80;city99;303;448;city102;370;123;city123;46;199;city73;264;145;city53;309;403;city186;97;51;city139;60;454;city251;109;103;city140;7;447;city211;138;318;city134;12;142;city124;118;227;city196;411;449;city125;140;67;city109;420;286;city122;357;462;city136
159;city170;194;392;city241;21;330;city122;195;216;city52;250;213;city107;106;168;city235;297;105;city231;155;359;city163;329;14;city210;47;140;city132
148;city152;21;439;city209;310;337;city294
129;city61;342;387;city112;227;66;city132;347;32;city144;322;230;city53;138;94;city195;352;63;city148;378;95;city185;110;497;city216;124;15;city142;260;153;city233;269;450;city103;490;43;city230;375;490;city70;409;345;city145;419;340;city271
132;city220;276;390;city59;458;301;city135;419;415;city145;62;299;city107;423;131;city71;495;106;city70;133;7;city198;221;183;city164;93;330;city150;491;47;city182;452;478;city57;211;295;city261;235;106;city192;191;210;city203
145;city261;12;30;city132;309;239;city208;20;421;city68;281;264;city86;431;198;city84;318;177;city241;21;80;city293;223;246;city53;65;35;city58;481;168;city145;141;108;city97
159;city170;194;392;city241;21;330;city122;195;216;city52;250;213;city107;106;168;city235;297;105;city231;155;359;city163;329;14;city210;47;140;city132
138;city195;214;72;city155;28;283;city98;104;371;city268;197;431;city90;492;143;city191;70;439;city117;198;395;city208
154;city289;79;460;city111;444;37;city225;312;117;city238;86;160;city230;90;257;city156;294;103;city189;312;11;city292;398;96;city60;394;478;city165;218;210;city149;422;20;city201;460;245;city112;324;180;city236;425;236;city212;487;174;city162
127;city67;474;9;city210
137;city210;320;420;city80
174;city233;349;217;city177;449;127;city143;393;88;city114;29;373;city267;420;402;city286;468;332;city266
151;city113;471;352;city59;206;353;city206;434;89;city294;106;405;city123;148;487;city165;125;398;city128;459;119;city198;351;76;city214;24;22;city75;6;450;city247;343;301;city288;301;146;city187;454;95;city181;378;474;city60;176;447;city131;11;365;city118;396;17;city275;425;89;city158
163;city298;165;41;city149;70;391;city217;54;109;city50;434;484;city239;143;410;city257
156;city148;32;291;city71;493;235;city165
134;city86;352;335;city74;144;318;city253;102;307;city258;103;435;city146;42;30;city52
174;city233;349;217;city177;449;127;city143;393;88;city114;29;373;city267;420;402;city286;468;332;city266
148;city152;21;439;city209;310;337;city294
173;city172;271;390;city91;83;389;city108;17;207;city183;170;66;city289;65;152;city57;449;151;city142;79;89;city92;487;53;city232;27;119;city249;309;166;city243;177;454;city63;63;399;city146
160;city205;253;309;city109;351;179;city134;12;409;city298
147;city86;225;210;city277;432;295;city127;275;329;city245
149;city189;49;376;city206;407;34;city228;87;467;city137;240;459;city140
129;city61;342;387;city112;227;66;city132;347;32;city144;322;230;city53;138;94;city195;352;63;city148;378;95;city185;110;497;city216;124;15;city142;260;153;city233;269;450;city103;490;43;city230;375;490;city70;409;345;city145;419;340;city271
137;city210;320;420;city80
147;city86;225;210;city277;432;295;city127;275;329;city245
139;city260;447;130;city53;192;179;city151;157;298;city246;304;415;city224;259;191;city120;427;199;city194;231;483;city225;86;182;city267
150;city102;371;165;city78;286;161;city151;46;69;city279;125;344;city124;88;145;city265;99;32;city60;121;395;city182;2;381;city212;280;128;city122;360;346;city249;480;71;city89;273;10;city270
131;city219;400;250;city95;468;95;city54;386;220;city142;162;168;city87;223;300;city252;385;324;city253
138;city195;214;72;city155;28;283;city98;104;371;city268;197;431;city90;492;143;city191;70;439;city117;198;395;city208
134;city86;352;335;city74;144;318;city253;102;307;city258;103;435;city146;42;30;city52
136;city102;442;399;city245;107;165;city255;292;23;city93;485;350;city287;112;430;city61;413;418;city189
135;city205;304;99;city284;164;114;city180;56;12;city140;55;314;city133;221;296;city204;291;456;city102;269;358;city109;92;372;city69;138;3;city254;298;371;city85;252;203;city151;345;454;city247;409;217;city214;405;205;city240;306;67;city182;193;181;city107;123;390;city172;41;27;city55;340;367;city143
135;city205;304;99;city284;164;114;city180;56;12;city140;55;314;city133;221;296;city204;291;456;city102;269;358;city109;92;372;city69;138;3;city254;298;371;city85;252;203;city151;345;454;city247;409;217;city214;405;205;city240;306;67;city182;193;181;city107;123;390;city172;41;27;city55;340;367;city143
164;city283;193;125;city93;390;178;city292
136;city102;442;399;city245;107;165;city255;292;23;city93;485;350;city287;112;430;city61;413;418;city189
143;city199;289;322;city176
157;city144;153;407;city197;182;426;city74;218;310;city164;465;37;city122
148;city152;21;439;city209;310;337;city294
169;city173;354;496;city212;362;366;city132;381;40;city195;377;259;city262;415;375;city68;280;95;city126;418;291;city170;38;429;city88;131;248;city281
171;city142;34;387;city104;441;352;city150;477;225;city134
173;city172;271;390;city91;83;389;city108;17;207;city183;170;66;city289;65;152;city57;449;151;city142;79;89;city92;487;53;city232;27;119;city249;309;166;city243;177;454;city63;63;399;city146
160;city205;253;309;city109;351;179;city134;12;409;city298
153;city202;499;217;city258;184;80;city99;303;448;city102;370;123;city123;46;199;city73;264;145;city53;309;403;city186;97;51;city139;60;454;city251;109;103;city140;7;447;city211;138;318;city134;12;142;city124;118;227;city196;411;449;city125;140;67;city109;420;286;city122;357;462;city136
174;city233;349;217;city177;449;127;city143;393;88;city114;29;373;city267;420;402;city286;468;332;city266
134;city86;352;335;city74;144;318;city253;102;307;city258;103;435;city146;42;30;city52
163;city298;165;41;city149;70;391;city217;54;109;city50;434;484;city239;143;410;city257
170;city225;48;165;city200;39;452;city172;226;309;city108;18;454;city249;300;29;city184;40;35;city232;480;197;city153;288;287;city237
128;city208;229;222;city86;327;345;city293;97;357;city65;141;326;city270;179;189;city88;38;472;city203;347;487;city95;130;482;city83;63;133;city249;367;463;city102
141;city160;484;222;city183;455;118;city119;410;468;city156;321;210;city111;102;222;city211;133;161;city147;255;222;city158;280;461;city92;412;302;city239;208;452;city190;212;41;city210;82;348;city250;200;273;city91;187;108;city88;319;110;city58;418;229;city125;74;65;city264
159;city170;194;392;city241;21;330;city122;195;216;city52;250;213;city107;106;168;city235;297;105;city231;155;359;city163;329;14;city210;47;140;city132
164;city283;193;125;city93;390;178;city292
157;city144;153;407;city197;182;426;city74;218;310;city164;465;37;city122
161;city59;329;252;city61;21;376;city118;387;163;city83;497;465;city236;151;249;city98;152;318;city172;493;45;city89;481;335;city202;23;242;city280;308;425;city135;496;440;city189;187;185;city54;247;354;city160;351;41;city196;372;408;city279;320;70;city246
136;city102;442;399;city245;107;165;city255;292;23;city93;485;350;city287;112;430;city61;413;418;city189
137;city210;320;420;city80
126;city140;233;163;city127;483;36;city273;176;138;city101;175;22;city132;221;318;city249;184;233;city261;4;202;city287;5;19;city210;406;309;city186;92;133;city110;500;458;city123;479;108;city104
169;city173;354;496;city212;362;366;city132;381;40;city195;377;259;city262;415;375;city68;280;95;city126;418;291;city170;38;429;city88;131;248;city281
173;city172;271;390;city91;83;389;city108;17;207;city183;170;66;city289;65;152;city57;449;151;city142;79;89;city92;487;53;city232;27;119;city249;309;166;city243;177;454;city63;63;399;city146
158;city292;117;440;city169;98;188;city205;88;112;city197;459;497;city295;286;121;city216;361;217;city262;461;84;city140;490;234;city254;460;162;city243;126;85;city233;413;482;city50;452;83;city120;43;442;city149
155;city189;307;318;city264;326;432;city219;421;365;city108;232;295;city299;222;81;city81;220;41;city227;146;372;city78;132;476;city103;59;302;city114;304;68;city170;412;268;city243;227;4;city258;449;28;city147;313;81;city270;10;371;city203;446;370;city278
172;city232;305;78;city180;8;272;city266;76;468;city227;375;143;city85;179;45;city233;134;163;city75
154;city289;79;460;city111;444;37;city225;312;117;city238;86;160;city230;90;257;city156;294;103;city189;312;11;city292;398;96;city60;394;478;city165;218;210;city149;422;20;city201;460;245;city112;324;180;city236;425;236;city212;487;174;city162
146;city119;394;120;city78;293;267;city297;307;89;city150;338;137;city241;49;440;city259;275;205;city195;350;322;city75;249;395;city288;356;119;city203;160;334;city226
170;city225;48;165;city200;39;452;city172;226;309;city108;18;454;city249;300;29;city184;40;35;city232;480;197;city153;288;287;city237
129;city61;342;387;city112;227;66;city132;347;32;city144;322;230;city53;138;94;city195;352;63;city148;378;95;city185;110;497;city216;124;15;city142;260;153;city233;269;450;city103;490;43;city230;375;490;city70;409;345;city145;419;340;city271
129;city61;342;387;city112;227;66;city132;347;32;city144;322;230;city53;138;94;city195;352;63;city148;378;95;city185;110;497;city216;124;15;city142;260;153;city233;269;450;city103;490;43;city230;375;490;city70;409;345;city145;419;340;city271
151;city113;471;352;city59;206;353;city206;434;89;city294;106;405;city123;148;487;city165;125;398;city128;459;119;city198;351;76;city214;24;22;city75;6;450;city247;343;301;city288;301;146;city187;454;95;city181;378;474;city60;176;447;city131;11;365;city118;396;17;city275;425;89;city158
138;city195;214;72;city155;28;283;city98;104;371;city268;197;431;city90;492;143;city191;70;439;city117;198;395;city208
174;city233;349;217;city177;449;127;city143;393;88;city114;29;373;city267;420;402;city286;468;332;city266
133;city160;420;68;city221;177;86;city203;13;389;city295;182;61;city254;472;49;city273;417;163;city192;34;335;city286;459;374;city97;5;28;city150
169;city173;354;496;city212;362;366;city132;381;40;city195;377;259;city262;415;375;city68;280;95;city126;418;291;city170;38;429;city88;131;248;city281
172;city232;305;78;city180;8;272;city266;76;468;city227;375;143;city85;179;45;city233;134;163;city75
126;city140;233;163;city127;483;36;city273;176;138;city101;175;22;city132;221;318;city249;184;233;city261;4;202;city287;5;19;city210;406;309;city186;92;133;city110;500;458;city123;479;108;city104
157;city144;153;407;city197;182;426;city74;218;310;city164;465;37;city122
164;city283;193;125;city93;390;178;city292
142;city122;119;10;city198;372;183;city109;62;83;city145;56;124;city287;39;461;city252;295;113;city280;359;361;city290;187;353;city221;128;220;city144;153;63;city70;465;439;city138;389;109;city266;483;103;city113
138;city195;214;72;city155;28;283;city98;104;371;city268;197;431;city90;492;143;city191;70;439;city117;198;395;city208
141;city160;484;222;city183;455;118;city119;410;468;city156;321;210;city111;102;222;city211;133;161;city147;255;222;city158;280;461;city92;412;302;city239;208;452;city190;212;41;city210;82;348;city250;200;273;city91;187;108;city88;319;110;city58;418;229;city125;74;65;city264
146;city119;394;120;city78;293;267;city297;307;89;city150;338;137;city241;49;440;city259;275;205;city195;350;322;city75;249;395;city288;356;119;city203;160;334;city226
147;city86;225;210;city277;432;295;city127;275;329;city245
153;city202;499;217;city258;184;80;city99;303;448;city102;370;123;city123;46;199;city73;264;145;city53;309;403;city186;97;51;city139;60;454;city251;109;103;city140;7;447;city211;138;318;city134;12;142;city124;118;227;city196;411;449;city125;140;67;city109;420;286;city122;357;462;city136
134;city86;352;335;city74;144;318;city253;102;307;city258;103;435;city146;42;30;city52
162;city162;313;329;city208
147;city86;225;210;city277;432;295;city127;275;329;city245
158;city292;117;440;city169;98;188;city205;88;112;city197;459;497;city295;286;121;city216;361;217;city262;461;84;city140;490;234;city254;460;162;city243;126;85;city233;413;482;city50;452;83;city120;43;442;city149
128;city208;229;222;city86;327;345;city293;97;357;city65;141;326;city270;179;189;city88;38;472;city203;347;487;city95;130;482;city83;63;133;city249;367;463;city102
159;city170;194;392;city241;21;330;city122;195;216;city52;250;213;city107;106;168;city235;297;105;city231;155;359;city163;329;14;city210;47;140;city132
150;city102;371;165;city78;286;161;city151;46;69;city279;125;344;city124;88;145;city265;99;32;city60;121;395;city182;2;381;city212;280;128;city122;360;346;city249;480;71;city89;273;10;city270
151;city113;471;352;city59;206;353;city206;434;89;city294;106;405;city123;148;487;city165;125;398;city128;459;119;city198;351;76;city214;24;22;city75;6;450;city247;343;301;city288;301;146;city187;454;95;city181;378;474;city60;176;447;city131;11;365;city118;396;17;city275;425;89;city158
145;city261;12;30;city132;309;239;city208;20;421;city68;281;264;city86;431;198;city84;318;177;city241;21;80;city293;223;246;city53;65;35;city58;481;168;city145;141;108;city97
143;city199;289;322;city176
162;city162;313;329;city208
147;city86;225;210;city277;432;295;city127;275;329;city245
138;city195;214;72;city155;28;283;city98;104;371;city268;197;431;city90;492;143;city191;70;439;city117;198;395;city208
166;city243;89;152;city162;283;290;city177;283;298;city209
156;city148;32;291;city71;493;235;city165
132;city220;276;390;city59;458;301;city135;419;415;city145;62;299;city107;423;131;city71;495;106;city70;133;7;city198;221;183;city164;93;330;city150;491;47;city182;452;478;city57;211;295;city261;235;106;city192;191;210;city203
150;city102;371;165;city78;286;161;city151;46;69;city279;125;344;city124;88;145;city265;99;32;city60;121;395;city182;2;381;city212;280;128;city122;360;346;city249;480;71;city89;273;10;city270
167;city264;21;192;city165;97;76;city90;237;30;city73;366;477;city259;60;412;city291;144;183;city179;469;42;city296;379;316;city113;353;131;city153;38;341;city188;394;428;city277;32;413;city99
155;city189;307;318;city264;326;432;city219;421;365;city108;232;295;city299;222;81;city81;220;41;city227;146;372;city78;132;476;city103;59;302;city114;304;68;city170;412;268;city243;227;4;city258;449;28;city147;313;81;city270;10;371;city203;446;370;city278
170;city225;48;165;city200;39;452;city172;226;309;city108;18;454;city249;300;29;city184;40;35;city232;480;197;city153;288;287;city237
128;city208;229;222;city86;327;345;city293;97;357;city65;141;326;city270;179;189;city88;38;472;city203;347;487;city95;130;482;city83;63;133;city249;367;463;city102
133;city160;420;68;city221;177;86;city203;13;389;city295;182;61;city254;472;49;city273;417;163;city192;34;335;city286;459;374;city97;5;28;city150
146;city119;394;120;city78;293;267;city297;307;89;city150;338;137;city241;49;440;city259;275;205;city195;350;322;city75;249;395;city288;356;119;city203;160;334;city226
158;city292;117;440;city169;98;188;city205;88;112;city197;459;497;city295;286;121;city216;361;217;city262;461;84;city140;490;234;city254;460;162;city243;126;85;city233;413;482;city50;452;83;city120;43;442;city149
156;city148;32;291;city71;493;235;city165
128;city208;229;222;city86;327;345;city293;97;357;city65;141;326;city270;179;189;city88;38;472;city203;347;487;city95;130;482;city83;63;133;city249;367;463;city102
134;city86;352;335;city74;144;318;city253;102;307;city258;103;435;city146;42;30;city52
150;city102;371;165;city78;286;161;city151;46;69;city279;125;344;city124;88;145;city265;99;32;city60;121;395;city182;2;381;city212;280;128;city122;360;346;city249;480;71;city89;273;10;city270
161;city59;329;252;city61;21;376;city118;387;163;city83;497;465;city236;151;249;city98;152;318;city172;493;45;city89;481;335;city202;23;242;city280;308;425;city135;496;440;city189;187;185;city54;247;354;city160;351;41;city196;372;408;city279;320;70;city246
126;city140;233;163;city127;483;36;city273;176;138;city101;175;22;city132;221;318;city249;184;233;city261;4;202;city287;5;19;city210;406;309;city186;92;133;city110;500;458;city123;479;108;city104
146;city119;394;120;city78;293;267;city297;307;89;city150;338;137;city241;49;440;city259;275;205;city195;350;322;city75;249;395;city288;356;119;city203;160;334;city226
166;city243;89;152;city162;283;290;city177;283;298;city209
170;city225;48;165;city200;39;452;city172;226;309;city108;18;454;city249;300;29;city184;40;35;city232;480;197;city153;288;287;city237
144;city83;9;12;city135;2;124;city92;83;310;city63;118;53;city151;403;498;city51;168;16;city202
130;city228;459;276;city216;315;285;city211;183;491;city251;269;359;city70;17;92;city125;160;471;city296;136;103;city241;336;119;city270;340;197;city92;442;455;city257;144;123;city130;56;475;city127;154;207;city231;312;54;city83;89;133;city240;35;83;city111;198;152;city159;343;201;city256
160;city205;253;309;city109;351;179;city134;12;409;city298
145;city261;12;30;city132;309;239;city208;20;421;city68;281;264;city86;431;198;city84;318;177;city241;21;80;city293;223;246;city53;65;35;city58;481;168;city145;141;108;city97
156;city148;32;291;city71;493;235;city165
162;city162;313;329;city208
128;city208;229;222;city86;327;345;city293;97;357;city65;141;326;city270;179;189;city88;38;472;city203;347;487;city95;130;482;city83;63;133;city249;367;463;city102
137;city210;320;420;city80
139;city260;447;130;city53;192;179;city151;157;298;city246;304;415;city224;259;191;city120;427;199;city194;231;483;city225;86;182;city267
127;city67;474;9;city210
149;city189;49;376;city206;407;34;city228;87;467;city137;240;459;city140
132;city220;276;390;city59;458;301;city135;419;415;city145;62;299;city107;423;131;city71;495;106;city70;133;7;city198;221;183;city164;93;330;city150;491;47;city182;452;478;city57;211;295;city261;235;106;city192;191;210;city203
149;city189;49;376;city206;407;34;city228;87;467;city137;240;459;city140
156;city148;32;291;city71;493;235;city165
161;city59;329;252;city61;21;376;city118;387;163;city83;497;465;city236;151;249;city98;152;318;city172;493;45;city89;481;335;city202;23;242;city280;308;425;city135;496;440;city189;187;185;city54;247;354;city160;351;41;city196;372;408;city279;320;70;city246
132;city220;276;390;city59;458;301;city135;419;415;city145;62;299;city107;423;131;city71;495;106;city70;133;7;city198;221;183;city164;93;330;city150;491;47;city182;452;478;city57;211;295;city261;235;106;city192;191;210;city203
159;city170;194;392;city241;21;330;city122;195;216;city52;250;213;city107;106;168;city235;297;105;city231;155;359;city163;329;14;city210;47;140;city132
160;city205;253;309;city109;351;179;city134;12;409;city298
140;city101;435;82;city241;416;214;city188;71;253;city263;29;207;city89;83;259;city137;425;458;city252;371;262;city126;464;123;city80;135;349;city66;70;271;city60;418;228;city186;462;346;city242;282;64;city139;258;344;city95;202;348;city200;112;332;city268;360;46;city253;497;368;city55;490;285;city229
159;city170;194;392;city241;21;330;city122;195;216;city52;250;213;city107;106;168;city235;297;105;city231;155;359;city163;329;14;city210;47;140;city132
161;city59;329;252;city61;21;376;city118;387;163;city83;497;465;city236;151;249;city98;152;318;city172;493;45;city89;481;335;city202;23;242;city280;308;425;city135;496;440;city189;187;185;city54;247;354;city160;351;41;city196;372;408;city279;320;70;city246
148;city152;21;439;city209;310;337;city294
148;city152;21;439;city209;310;337;city294
130;city228;459;276;city216;315;285;city211;183;491;city251;269;359;city70;17;92;city125;160;471;city296;136;103;city241;336;119;city270;340;197;city92;442;455;city257;144;123;city130;56;475;city127;154;207;city231;312;54;city83;89;133;city240;35;83;city111;198;152;city159;343;201;city256
132;city220;276;390;city59;458;301;city135;419;415;city145;62;299;city107;423;131;city71;495;106;city70;133;7;city198;221;183;city164;93;330;city150;491;47;city182;452;478;city57;211;295;city261;235;106;city192;191;210;city203
134;city86;352;335;city74;144;318;city253;102;307;city258;103;435;city146;42;30;city52
146;city119;394;120;city78;293;267;city297;307;89;city150;338;137;city241;49;440;city259;275;205;city195;350;322;city75;249;395;city288;356;119;city203;160;334;city226
173;city172;271;390;city91;83;389;city108;17;207;city183;170;66;city289;65;152;city57;449;151;city142;79;89;city92;487;53;city232;27;119;city249;309;166;city243;177;454;city63;63;399;city146
127;city67;474;9;city210
166;city243;89;152;city162;283;290;city177;283;298;city209
153;city202;499;217;city258;184;80;city99;303;448;city102;370;123;city123;46;199;city73;264;145;city53;309;403;city186;97;51;city139;60;454;city251;109;103;city140;7;447;city211;138;318;city134;12;142;city124;118;227;city196;411;449;city125;140;67;city109;420;286;city122;357;462;city136
158;city292;117;440;city169;98;188;city205;88;112;city197;459;497;city295;286;121;city216;361;217;city262;461;84;city140;490;234;city254;460;162;city243;126;85;city233;413;482;city50;452;83;city120;43;442;city149
136;city102;442;399;city245;107;165;city255;292;23;city93;485;350;city287;112;430;city61;413;418;city189
160;city205;253;309;city109;351;179;city134;12;409;city298
142;city122;119;10;city198;372;183;city109;62;83;city145;56;124;city287;39;461;city252;295;113;city280;359;361;city290;187;353;city221;128;220;city144;153;63;city70;465;439;city138;389;109;city266;483;103;city113
133;city160;420;68;city221;177;86;city203;13;389;city295;182;61;city254;472;49;city273;417;163;city192;34;335;city286;459;374;city97;5;28;city150
139;city260;447;130;city53;192;179;city151;157;298;city246;304;415;city224;259;191;city120;427;199;city194;231;483;city225;86;182;city267
165;city156;341;50;city80;397;369;city140;427;217;city88;85;42;city279;415;291;city170;485;326;city194;292;471;city54;106;128;city217;47;446;city155;246;144;city142;87;144;city100;330;391;city200;217;349;city237;433;187;city292
146;city119;394;120;city78;293;267;city297;307;89;city150;338;137;city241;49;440;city259;275;205;city195;350;322;city75;249;395;city288;356;119;city203;160;334;city226
132;city220;276;390;city59;458;301;city135;419;415;city145;62;299;city107;423;131;city71;495;106;city70;133;7;city198;221;183;city164;93;330;city150;491;47;city182;452;478;city57;211;295;city261;235;106;city192;191;210;city203
165;city156;341;50;city80;397;369;city140;427;217;city88;85;42;city279;415;291;city170;485;326;city194;292;471;city54;106;128;city217;47;446;city155;246;144;city142;87;144;city100;330;391;city200;217;349;city237;433;187;city292
134;city86;352;335;city74;144;318;city253;102;307;city258;103;435;city146;42;30;city52
145;city261;12;30;city132;309;239;city208;20;421;city68;281;264;city86;431;198;city84;318;177;city241;21;80;city293;223;246;city53;65;35;city58;481;168;city145;141;108;city97
146;city119;394;120;city78;293;267;city297;307;89;city150;338;137;city241;49;440;city259;275;205;city195;350;322;city75;249;395;city288;356;119;city203;160;334;city226
141;city160;484;222;city183;455;118;city119;410;468;city156;321;210;city111;102;222;city211;133;161;city147;255;222;city158;280;461;city92;412;302;city239;208;452;city190;212;41;city210;82;348;city250;200;273;city91;187;108;city88;319;110;city58;418;229;city125;74;65;city264
163;city298;165;41;city149;70;391;city217;54;109;city50;434;484;city239;143;410;city257
163;city298;165;41;city149;70;391;city217;54;109;city50;434;484;city239;143;410;city257
136;city102;442;399;city245;107;165;city255;292;23;city93;485;350;city287;112;430;city61;413;418;city189
130;city228;459;276;city216;315;285;city211;183;491;city251;269;359;city70;17;92;city125;160;471;city296;136;103;city241;336;119;city270;340;197;city92;442;455;city257;144;123;city130;56;475;city127;154;207;city231;312;54;city83;89;133;city240;35;83;city111;198;152;city159;343;201;city256
158;city292;117;440;city169;98;188;city205;88;112;city197;459;497;city295;286;121;city216;361;217;city262;461;84;city140;490;234;city254;460;162;city243;126;85;city233;413;482;city50;452;83;city120;43;442;city149
170;city225;48;165;city200;39;452;city172;226;309;city108;18;454;city249;300;29;city184;40;35;city232;480;197;city153;288;287;city237
152;city276;487;121;city72;308;262;city175;127;114;city225;315;162;city270
150;city102;371;165;city78;286;161;city151;46;69;city279;125;344;city124;88;145;city265;99;32;city60;121;395;city182;2;381;city212;280;128;city122;360;346;city249;480;71;city89;273;10;city270
166;city243;89;152;city162;283;290;city177;283;298;city209
147;city86;225;210;city277;432;295;city127;275;329;city245
155;city189;307;318;city264;326;432;city219;421;365;city108;232;295;city299;222;81;city81;220;41;city227;146;372;city78;132;476;city103;59;302;city114;304;68;city170;412;268;city243;227;4;city258;449;28;city147;313;81;city270;10;371;city203;446;370;city278
145;city261;12;30;city132;309;239;city208;20;421;city68;281;264;city86;431;198;city84;318;177;city241;21;80;city293;223;246;city53;65;35;city58;481;168;city145;141;108;city97
170;city225;48;165;city200;39;452;city172;226;309;city108;18;454;city249;300;29;city184;40;35;city232;480;197;city153;288;287;city237
158;city292;117;440;city169;98;188;city205;88;112;city197;459;497;city295;286;121;city216;361;217;city262;461;84;city140;490;234;city254;460;162;city243;126;85;city233;413;482;city50;452;83;city120;43;442;city149
129;city61;342;387;city112;227;66;city132;347;32;city144;322;230;city53;138;94;city195;352;63;city148;378;95;city185;110;497;city216;124;15;city142;260;153;city233;269;450;city103;490;43;city230;375;490;city70;409;345;city145;419;340;city271
156;city148;32;291;city71;493;235;city165
156;city148;32;291;city71;493;235;city165
153;city202;499;217;city258;184;80;city99;303;448;city102;370;123;city123;46;199;city73;264;145;city53;309;403;city186;97;51;city139;60;454;city251;109;103;city140;7;447;city211;138;318;city134;12;142;city124;118;227;city196;411;449;city125;140;67;city109;420;286;city122;357;462;city136
163;city298;165;41;city149;70;391;city217;54;109;city50;434;484;city239;143;410;city257
167;city264;21;192;city165;97;76;city90;237;30;city73;366;477;city259;60;412;city291;144;183;city179;469;42;city296;379;316;city113;353;131;city153;38;341;city188;394;428;city277;32;413;city99
150;city102;371;165;city78;286;161;city151;46;69;city279;125;344;city124;88;145;city265;99;32;city60;121;395;city182;2;381;city212;280;128;city122;360;346;city249;480;71;city89;273;10;city270
163;city298;165;41;city149;70;391;city217;54;109;city50;434;484;city239;143;410;city257
172;city232;305;78;city180;8;272;city266;76;468;city227;375;143;city85;179;45;city233;134;163;city75
159;city170;194;392;city241;21;330;city122;195;216;city52;250;213;city107;106;168;city235;297;105;city231;155;359;city163;329;14;city210;47;140;city132
167;city264;21;192;city165;97;76;city90;237;30;city73;366;477;city259;60;412;city291;144;183;city179;469;42;city296;379;316;city113;353;131;city153;38;341;city188;394;428;city277;32;413;city99
153;city202;499;217;city258;184;80;city99;303;448;city102;370;123;city123;46;199;city73;264;145;city53;309;403;city186;97;51;city139;60;454;city251;109;103;city140;7;447;city211;138;318;city134;12;142;city124;118;227;city196;411;449;city125;140;67;city109;420;286;city122;357;462;city136
134;city86;352;335;city74;144;318;city253;102;307;city258;103;435;city146;42;30;city52
160;city205;253;309;city109;351;179;city134;12;409;city298
143;city199;289;322;city176
171;city142;34;387;city104;441;352;city150;477;225;city134
164;city283;193;125;city93;390;178;city292
171;city142;34;387;city104;441;352;city150;477;225;city134
136;city102;442;399;city245;107;165;city255;292;23;city93;485;350;city287;112;430;city61;413;418;city189
147;city86;225;210;city277;432;295;city127;275;329;city245
127;city67;474;9;city210
172;city232;305;78;city180;8;272;city266;76;468;city227;375;143;city85;179;45;city233;134;163;city75
132;city220;276;390;city59;458;301;city135;419;415;city145;62;299;city107;423;131;city71;495;106;city70;133;7;city198;221;183;city164;93;330;city150;491;47;city182;452;478;city57;211;295;city261;235;106;city192;191;210;city203
