













132;city247;330;197;city170;287;57;city271;163;440;city231;472;498;city185;449;111;city297;118;302;city273;237;415;city162;494;381;city268;53;109;city111;419;348;city244;124;196;city60;288;80;city131;386;305;city171
153;city169;418;391;city203;79;323;city143;69;312;city78;11;451;city252;154;185;city263;399;45;city92;400;269;city107;411;176;city153

158;city270;321;231;city101;200;191;city158;490;105;city118;143;18;city216;175;246;city75;187;95;city98;175;307;city141;180;189;city280;316;57;city207;258;265;city218;346;319;city257;494;152;city230;243;161;city95;468;70;city53;229;382;city224;35;84;city298;101;212;city227
161;city60;90;24;city297;364;125;city92;494;297;city219;285;304;city64;218;447;city252;280;398;city91;338;2;city165;344;214;city65;297;23;city269;144;455;city212;162;150;city120;355;493;city244







171;city159;442;375;city199;26;347;city53;385;418;city137;87;416;city220;342;58;city180;259;305;city129;392;50;city78;416;37;city89;311;304;city251;288;32;city140;459;384;city224;248;151;city282;464;341;city207;287;436;city160;127;243;city244;358;122;city238;47;275;city145


172;city114;418;353;city227;467;275;city262;225;317;city59;139;171;city253;311;440;city199;343;170;city204;330;6;city216;460;430;city217;463;438;city242;348;344;city110;349;282;city287;316;386;city222;8;205;city298;32;422;city205

131;city92;434;487;city52;488;422;city159;161;385;city242;184;453;city198;408;128;city103;396;224;city293;211;326;city171;359;235;city288;346;321;city175;373;228;city248;349;207;city216;390;210;city282;231;30;city245;264;41;city91;84;185;city192;358;94;city84;108;278;city207;495;478;city249

160;city163;407;409;city117;56;297;city58;500;304;city198;28;485;city265;424;71;city112;54;363;city161;146;54;city72;299;447;city232;19;177;city214;277;368;city186
163;city272;434;5;city168;70;186;city211;268;299;city235;71;155;city276;302;392;city262;448;282;city234;78;350;city287;148;289;city214;465;189;city258;39;300;city254;415;409;city255;136;447;city109;279;408;city245;390;273;city226;487;422;city199;49;295;city299
171;city159;442;375;city199;26;347;city53;385;418;city137;87;416;city220;342;58;city180;259;305;city129;392;50;city78;416;37;city89;311;304;city251;288;32;city140;459;384;city224;248;151;city282;464;341;city207;287;436;city160;127;243;city244;358;122;city238;47;275;city145





167;city120;243;117;city290;121;432;city180
154;city211;412;347;city57;372;245;city101;493;401;city82;233;199;city156;214;335;city71
172;city114;418;353;city227;467;275;city262;225;317;city59;139;171;city253;311;440;city199;343;170;city204;330;6;city216;460;430;city217;463;438;city242;348;344;city110;349;282;city287;316;386;city222;8;205;city298;32;422;city205
171;city159;442;375;city199;26;347;city53;385;418;city137;87;416;city220;342;58;city180;259;305;city129;392;50;city78;416;37;city89;311;304;city251;288;32;city140;459;384;city224;248;151;city282;464;341;city207;287;436;city160;127;243;city244;358;122;city238;47;275;city145


137;city175;2;352;city134;425;408;city61;371;484;city62;309;186;city94;94;480;city205;28;480;city106;477;201;city214;303;282;city170;199;70;city292;24;255;city117;221;178;city279;230;314;city75;65;266;city269;78;71;city227;435;7;city211;326;4;city87;117;241;city247;79;218;city282;453;488;city179



151;city54;325;233;city225;226;47;city299;2;242;city210;460;120;city97;469;161;city168;264;452;city291;27;396;city195;372;323;city255;262;285;city144;349;326;city283;130;19;city110;397;412;city120


174;city123;192;292;city238;124;149;city75;73;237;city126;28;41;city89;95;322;city296;402;400;city241;133;83;city164;53;349;city101;296;275;city239;10;55;city132;338;275;city247;298;107;city277;304;26;city151;194;106;city86;158;440;city193;266;211;city106;143;191;city63;463;232;city87
136;city282;19;478;city153;290;31;city91;115;25;city183;330;434;city225

137;city175;2;352;city134;425;408;city61;371;484;city62;309;186;city94;94;480;city205;28;480;city106;477;201;city214;303;282;city170;199;70;city292;24;255;city117;221;178;city279;230;314;city75;65;266;city269;78;71;city227;435;7;city211;326;4;city87;117;241;city247;79;218;city282;453;488;city179
146;city53;104;333;city164;262;126;city138;489;245;city136;377;149;city223;160;351;city147;169;64;city227;297;434;city74;328;62;city135
143;city222;204;274;city88;335;416;city275;147;408;city64;413;128;city253;268;43;city235;253;334;city133;98;374;city187;54;288;city190
149;city197;164;472;city60;433;387;city255;256;24;city70;325;217;city112;292;188;city296
158;city270;321;231;city101;200;191;city158;490;105;city118;143;18;city216;175;246;city75;187;95;city98;175;307;city141;180;189;city280;316;57;city207;258;265;city218;346;319;city257;494;152;city230;243;161;city95;468;70;city53;229;382;city224;35;84;city298;101;212;city227
130;city231;352;301;city248;249;137;city197;444;211;city133;272;174;city184;218;287;city143;411;375;city63;326;218;city81;25;29;city51
148;city273;451;393;city222
157;city130;278;478;city54;466;302;city124;449;277;city67;45;150;city246;281;290;city211;424;184;city170;373;462;city200;295;366;city131;443;300;city98;438;450;city120
142;city118;232;108;city211;87;370;city264;246;365;city72;104;294;city244;417;285;city108;150;406;city66;126;454;city292;244;43;city263;59;446;city107;10;270;city160;27;163;city274;197;151;city116;75;139;city69
169;city187;165;35;city266;199;93;city237;308;420;city271

127;city261;446;2;city94;276;280;city168;237;400;city96;413;296;city82;62;73;city253;438;71;city196;456;11;city216;495;237;city269;238;255;city235;410;342;city51;233;348;city284;240;154;city212;468;321;city282;180;367;city119;175;154;city150;179;336;city230;192;75;city140;245;294;city102;57;74;city231
135;city179;448;74;city93;199;368;city210;341;200;city216;385;105;city130;464;187;city195;282;181;city162;273;216;city224;415;184;city229;303;439;city237;306;236;city264;283;499;city293;64;193;city280;16;364;city259;488;475;city116
159;city282;389;218;city57;79;478;city79;58;315;city270;365;218;city125;399;247;city293

131;city92;434;487;city52;488;422;city159;161;385;city242;184;453;city198;408;128;city103;396;224;city293;211;326;city171;359;235;city288;346;321;city175;373;228;city248;349;207;city216;390;210;city282;231;30;city245;264;41;city91;84;185;city192;358;94;city84;108;278;city207;495;478;city249
144;city90;346;431;city272;62;155;city52;78;386;city139;196;6;city196;72;245;city261;104;256;city66;216;312;city122
157;city130;278;478;city54;466;302;city124;449;277;city67;45;150;city246;281;290;city211;424;184;city170;373;462;city200;295;366;city131;443;300;city98;438;450;city120

143;city222;204;274;city88;335;416;city275;147;408;city64;413;128;city253;268;43;city235;253;334;city133;98;374;city187;54;288;city190
144;city90;346;431;city272;62;155;city52;78;386;city139;196;6;city196;72;245;city261;104;256;city66;216;312;city122
173;city242;488;342;city251;329;459;city135;287;321;city177;489;439;city234;118;228;city97;404;242;city91;328;226;city108;470;387;city118;248;364;city143;347;215;city75
170;city192;289;438;city273;196;80;city145;457;301;city295;199;149;city199;456;186;city131;478;325;city149;410;16;city259;205;158;city211
161;city60;90;24;city297;364;125;city92;494;297;city219;285;304;city64;218;447;city252;280;398;city91;338;2;city165;344;214;city65;297;23;city269;144;455;city212;162;150;city120;355;493;city244
141;city291;261;385;city169;38;159;city161;75;196;city222;51;21;city76
158;city270;321;231;city101;200;191;city158;490;105;city118;143;18;city216;175;246;city75;187;95;city98;175;307;city141;180;189;city280;316;57;city207;258;265;city218;346;319;city257;494;152;city230;243;161;city95;468;70;city53;229;382;city224;35;84;city298;101;212;city227
128;city295;194;2;city181;386;294;city93;460;281;city90;271;453;city229;13;111;city225;199;98;city235;395;186;city202;301;143;city261;217;180;city192;50;307;city167;329;172;city258;427;495;city219;99;471;city120;486;321;city89;201;357;city122;25;376;city53;198;185;city285
136;city282;19;478;city153;290;31;city91;115;25;city183;330;434;city225
164;city293;489;467;city194;225;223;city238;458;378;city247;317;491;city58;142;24;city299;433;351;city179
164;city293;489;467;city194;225;223;city238;458;378;city247;317;491;city58;142;24;city299;433;351;city179
138;city238;43;56;city251;255;434;city101;369;432;city219;22;361;city68;101;3;city112;305;261;city163;205;282;city240;374;84;city265;196;272;city50;84;161;city291;336;280;city248;82;267;city189;186;142;city207;477;198;city294;258;437;city76;246;123;city159;199;146;city139;388;269;city129
173;city242;488;342;city251;329;459;city135;287;321;city177;489;439;city234;118;228;city97;404;242;city91;328;226;city108;470;387;city118;248;364;city143;347;215;city75
157;city130;278;478;city54;466;302;city124;449;277;city67;45;150;city246;281;290;city211;424;184;city170;373;462;city200;295;366;city131;443;300;city98;438;450;city120
131;city92;434;487;city52;488;422;city159;161;385;city242;184;453;city198;408;128;city103;396;224;city293;211;326;city171;359;235;city288;346;321;city175;373;228;city248;349;207;city216;390;210;city282;231;30;city245;264;41;city91;84;185;city192;358;94;city84;108;278;city207;495;478;city249
164;city293;489;467;city194;225;223;city238;458;378;city247;317;491;city58;142;24;city299;433;351;city179

169;city187;165;35;city266;199;93;city237;308;420;city271
146;city53;104;333;city164;262;126;city138;489;245;city136;377;149;city223;160;351;city147;169;64;city227;297;434;city74;328;62;city135
151;city54;325;233;city225;226;47;city299;2;242;city210;460;120;city97;469;161;city168;264;452;city291;27;396;city195;372;323;city255;262;285;city144;349;326;city283;130;19;city110;397;412;city120
140;city150;40;196;city52;216;134;city167;136;121;city257;480;381;city283;490;285;city100
143;city222;204;274;city88;335;416;city275;147;408;city64;413;128;city253;268;43;city235;253;334;city133;98;374;city187;54;288;city190
174;city123;192;292;city238;124;149;city75;73;237;city126;28;41;city89;95;322;city296;402;400;city241;133;83;city164;53;349;city101;296;275;city239;10;55;city132;338;275;city247;298;107;city277;304;26;city151;194;106;city86;158;440;city193;266;211;city106;143;191;city63;463;232;city87
170;city192;289;438;city273;196;80;city145;457;301;city295;199;149;city199;456;186;city131;478;325;city149;410;16;city259;205;158;city211

130;city231;352;301;city248;249;137;city197;444;211;city133;272;174;city184;218;287;city143;411;375;city63;326;218;city81;25;29;city51
163;city272;434;5;city168;70;186;city211;268;299;city235;71;155;city276;302;392;city262;448;282;city234;78;350;city287;148;289;city214;465;189;city258;39;300;city254;415;409;city255;136;447;city109;279;408;city245;390;273;city226;487;422;city199;49;295;city299

142;city118;232;108;city211;87;370;city264;246;365;city72;104;294;city244;417;285;city108;150;406;city66;126;454;city292;244;43;city263;59;446;city107;10;270;city160;27;163;city274;197;151;city116;75;139;city69
141;city291;261;385;city169;38;159;city161;75;196;city222;51;21;city76


136;city282;19;478;city153;290;31;city91;115;25;city183;330;434;city225
138;city238;43;56;city251;255;434;city101;369;432;city219;22;361;city68;101;3;city112;305;261;city163;205;282;city240;374;84;city265;196;272;city50;84;161;city291;336;280;city248;82;267;city189;186;142;city207;477;198;city294;258;437;city76;246;123;city159;199;146;city139;388;269;city129
159;city282;389;218;city57;79;478;city79;58;315;city270;365;218;city125;399;247;city293
157;city130;278;478;city54;466;302;city124;449;277;city67;45;150;city246;281;290;city211;424;184;city170;373;462;city200;295;366;city131;443;300;city98;438;450;city120

153;city169;418;391;city203;79;323;city143;69;312;city78;11;451;city252;154;185;city263;399;45;city92;400;269;city107;411;176;city153
145;city173;311;101;city199;101;42;city183;108;306;city193;21;202;city285;455;383;city222;422;236;city123;179;113;city142;49;446;city246;480;393;city51;272;83;city282;144;16;city134
159;city282;389;218;city57;79;478;city79;58;315;city270;365;218;city125;399;247;city293
146;city53;104;333;city164;262;126;city138;489;245;city136;377;149;city223;160;351;city147;169;64;city227;297;434;city74;328;62;city135
140;city150;40;196;city52;216;134;city167;136;121;city257;480;381;city283;490;285;city100
161;city60;90;24;city297;364;125;city92;494;297;city219;285;304;city64;218;447;city252;280;398;city91;338;2;city165;344;214;city65;297;23;city269;144;455;city212;162;150;city120;355;493;city244
129;city240;226;33;city264;420;355;city208;146;421;city228;125;54;city277
129;city240;226;33;city264;420;355;city208;146;421;city228;125;54;city277
153;city169;418;391;city203;79;323;city143;69;312;city78;11;451;city252;154;185;city263;399;45;city92;400;269;city107;411;176;city153
154;city211;412;347;city57;372;245;city101;493;401;city82;233;199;city156;214;335;city71
143;city222;204;274;city88;335;416;city275;147;408;city64;413;128;city253;268;43;city235;253;334;city133;98;374;city187;54;288;city190

129;city240;226;33;city264;420;355;city208;146;421;city228;125;54;city277
131;city92;434;487;city52;488;422;city159;161;385;city242;184;453;city198;408;128;city103;396;224;city293;211;326;city171;359;235;city288;346;321;city175;373;228;city248;349;207;city216;390;210;city282;231;30;city245;264;41;city91;84;185;city192;358;94;city84;108;278;city207;495;478;city249
137;city175;2;352;city134;425;408;city61;371;484;city62;309;186;city94;94;480;city205;28;480;city106;477;201;city214;303;282;city170;199;70;city292;24;255;city117;221;178;city279;230;314;city75;65;266;city269;78;71;city227;435;7;city211;326;4;city87;117;241;city247;79;218;city282;453;488;city179
150;city256;133;201;city293;231;29;city260;179;227;city286;8;361;city299;215;242;city67;112;325;city240;420;419;city116;3;267;city149;244;26;city59;228;91;city144;460;427;city281;477;220;city72;459;461;city128;401;495;city155
173;city242;488;342;city251;329;459;city135;287;321;city177;489;439;city234;118;228;city97;404;242;city91;328;226;city108;470;387;city118;248;364;city143;347;215;city75
160;city163;407;409;city117;56;297;city58;500;304;city198;28;485;city265;424;71;city112;54;363;city161;146;54;city72;299;447;city232;19;177;city214;277;368;city186
148;city273;451;393;city222
174;city123;192;292;city238;124;149;city75;73;237;city126;28;41;city89;95;322;city296;402;400;city241;133;83;city164;53;349;city101;296;275;city239;10;55;city132;338;275;city247;298;107;city277;304;26;city151;194;106;city86;158;440;city193;266;211;city106;143;191;city63;463;232;city87

163;city272;434;5;city168;70;186;city211;268;299;city235;71;155;city276;302;392;city262;448;282;city234;78;350;city287;148;289;city214;465;189;city258;39;300;city254;415;409;city255;136;447;city109;279;408;city245;390;273;city226;487;422;city199;49;295;city299
146;city53;104;333;city164;262;126;city138;489;245;city136;377;149;city223;160;351;city147;169;64;city227;297;434;city74;328;62;city135
150;city256;133;201;city293;231;29;city260;179;227;city286;8;361;city299;215;242;city67;112;325;city240;420;419;city116;3;267;city149;244;26;city59;228;91;city144;460;427;city281;477;220;city72;459;461;city128;401;495;city155
148;city273;451;393;city222
137;city175;2;352;city134;425;408;city61;371;484;city62;309;186;city94;94;480;city205;28;480;city106;477;201;city214;303;282;city170;199;70;city292;24;255;city117;221;178;city279;230;314;city75;65;266;city269;78;71;city227;435;7;city211;326;4;city87;117;241;city247;79;218;city282;453;488;city179
142;city118;232;108;city211;87;370;city264;246;365;city72;104;294;city244;417;285;city108;150;406;city66;126;454;city292;244;43;city263;59;446;city107;10;270;city160;27;163;city274;197;151;city116;75;139;city69
125;city206;118;296;city219;250;459;city139;28;200;city126;356;95;city106;275;491;city248;344;87;city153;118;489;city183;401;342;city187;277;175;city262;369;17;city298;103;174;city180;137;368;city228
148;city273;451;393;city222
156;city222;247;146;city130;15;339;city63;211;237;city257;199;291;city224;79;2;city105;341;53;city254;365;423;city199;369;425;city62;8;180;city80

127;city261;446;2;city94;276;280;city168;237;400;city96;413;296;city82;62;73;city253;438;71;city196;456;11;city216;495;237;city269;238;255;city235;410;342;city51;233;348;city284;240;154;city212;468;321;city282;180;367;city119;175;154;city150;179;336;city230;192;75;city140;245;294;city102;57;74;city231
136;city282;19;478;city153;290;31;city91;115;25;city183;330;434;city225
133;city171;207;432;city224;63;134;city146;303;263;city120;464;132;city145;379;41;city167;263;219;city51;116;352;city197;217;26;city178;46;474;city77;177;34;city176;207;430;city71;368;108;city185;447;27;city89;486;88;city53;313;323;city290;40;241;city114;147;282;city112;18;46;city177;456;60;city132

140;city150;40;196;city52;216;134;city167;136;121;city257;480;381;city283;490;285;city100
152;city94;65;163;city51;381;66;city289;342;230;city274;445;213;city297;477;461;city111;267;493;city231;119;339;city263;376;306;city60
155;city105;56;93;city271;435;335;city122;197;330;city165;328;36;city199;324;234;city213;325;483;city194;174;476;city148;214;8;city91;78;431;city95;250;304;city202;254;469;city183
164;city293;489;467;city194;225;223;city238;458;378;city247;317;491;city58;142;24;city299;433;351;city179
129;city240;226;33;city264;420;355;city208;146;421;city228;125;54;city277
149;city197;164;472;city60;433;387;city255;256;24;city70;325;217;city112;292;188;city296
160;city163;407;409;city117;56;297;city58;500;304;city198;28;485;city265;424;71;city112;54;363;city161;146;54;city72;299;447;city232;19;177;city214;277;368;city186
137;city175;2;352;city134;425;408;city61;371;484;city62;309;186;city94;94;480;city205;28;480;city106;477;201;city214;303;282;city170;199;70;city292;24;255;city117;221;178;city279;230;314;city75;65;266;city269;78;71;city227;435;7;city211;326;4;city87;117;241;city247;79;218;city282;453;488;city179
168;city139;315;116;city224;212;400;city231;245;131;city179;444;382;city244;321;234;city181;477;151;city222;293;314;city75;9;212;city88;155;42;city262;485;376;city96;104;103;city100;228;13;city254;188;308;city167;484;368;city178;107;460;city180;77;449;city76;297;216;city81;294;258;city90;251;25;city197
138;city238;43;56;city251;255;434;city101;369;432;city219;22;361;city68;101;3;city112;305;261;city163;205;282;city240;374;84;city265;196;272;city50;84;161;city291;336;280;city248;82;267;city189;186;142;city207;477;198;city294;258;437;city76;246;123;city159;199;146;city139;388;269;city129
143;city222;204;274;city88;335;416;city275;147;408;city64;413;128;city253;268;43;city235;253;334;city133;98;374;city187;54;288;city190
164;city293;489;467;city194;225;223;city238;458;378;city247;317;491;city58;142;24;city299;433;351;city179
152;city94;65;163;city51;381;66;city289;342;230;city274;445;213;city297;477;461;city111;267;493;city231;119;339;city263;376;306;city60
155;city105;56;93;city271;435;335;city122;197;330;city165;328;36;city199;324;234;city213;325;483;city194;174;476;city148;214;8;city91;78;431;city95;250;304;city202;254;469;city183
154;city211;412;347;city57;372;245;city101;493;401;city82;233;199;city156;214;335;city71
153;city169;418;391;city203;79;323;city143;69;312;city78;11;451;city252;154;185;city263;399;45;city92;400;269;city107;411;176;city153
134;city96;385;9;city62
163;city272;434;5;city168;70;186;city211;268;299;city235;71;155;city276;302;392;city262;448;282;city234;78;350;city287;148;289;city214;465;189;city258;39;300;city254;415;409;city255;136;447;city109;279;408;city245;390;273;city226;487;422;city199;49;295;city299
146;city53;104;333;city164;262;126;city138;489;245;city136;377;149;city223;160;351;city147;169;64;city227;297;434;city74;328;62;city135
173;city242;488;342;city251;329;459;city135;287;321;city177;489;439;city234;118;228;city97;404;242;city91;328;226;city108;470;387;city118;248;364;city143;347;215;city75
149;city197;164;472;city60;433;387;city255;256;24;city70;325;217;city112;292;188;city296
150;city256;133;201;city293;231;29;city260;179;227;city286;8;361;city299;215;242;city67;112;325;city240;420;419;city116;3;267;city149;244;26;city59;228;91;city144;460;427;city281;477;220;city72;459;461;city128;401;495;city155
148;city273;451;393;city222
144;city90;346;431;city272;62;155;city52;78;386;city139;196;6;city196;72;245;city261;104;256;city66;216;312;city122
153;city169;418;391;city203;79;323;city143;69;312;city78;11;451;city252;154;185;city263;399;45;city92;400;269;city107;411;176;city153
135;city179;448;74;city93;199;368;city210;341;200;city216;385;105;city130;464;187;city195;282;181;city162;273;216;city224;415;184;city229;303;439;city237;306;236;city264;283;499;city293;64;193;city280;16;364;city259;488;475;city116
155;city105;56;93;city271;435;335;city122;197;330;city165;328;36;city199;324;234;city213;325;483;city194;174;476;city148;214;8;city91;78;431;city95;250;304;city202;254;469;city183
151;city54;325;233;city225;226;47;city299;2;242;city210;460;120;city97;469;161;city168;264;452;city291;27;396;city195;372;323;city255;262;285;city144;349;326;city283;130;19;city110;397;412;city120
159;city282;389;218;city57;79;478;city79;58;315;city270;365;218;city125;399;247;city293

151;city54;325;233;city225;226;47;city299;2;242;city210;460;120;city97;469;161;city168;264;452;city291;27;396;city195;372;323;city255;262;285;city144;349;326;city283;130;19;city110;397;412;city120
144;city90;346;431;city272;62;155;city52;78;386;city139;196;6;city196;72;245;city261;104;256;city66;216;312;city122
174;city123;192;292;city238;124;149;city75;73;237;city126;28;41;city89;95;322;city296;402;400;city241;133;83;city164;53;349;city101;296;275;city239;10;55;city132;338;275;city247;298;107;city277;304;26;city151;194;106;city86;158;440;city193;266;211;city106;143;191;city63;463;232;city87
130;city231;352;301;city248;249;137;city197;444;211;city133;272;174;city184;218;287;city143;411;375;city63;326;218;city81;25;29;city51
159;city282;389;218;city57;79;478;city79;58;315;city270;365;218;city125;399;247;city293
142;city118;232;108;city211;87;370;city264;246;365;city72;104;294;city244;417;285;city108;150;406;city66;126;454;city292;244;43;city263;59;446;city107;10;270;city160;27;163;city274;197;151;city116;75;139;city69
155;city105;56;93;city271;435;335;city122;197;330;city165;328;36;city199;324;234;city213;325;483;city194;174;476;city148;214;8;city91;78;431;city95;250;304;city202;254;469;city183
126;city214;325;287;city66
125;city206;118;296;city219;250;459;city139;28;200;city126;356;95;city106;275;491;city248;344;87;city153;118;489;city183;401;342;city187;277;175;city262;369;17;city298;103;174;city180;137;368;city228
164;city293;489;467;city194;225;223;city238;458;378;city247;317;491;city58;142;24;city299;433;351;city179
173;city242;488;342;city251;329;459;city135;287;321;city177;489;439;city234;118;228;city97;404;242;city91;328;226;city108;470;387;city118;248;364;city143;347;215;city75
172;city114;418;353;city227;467;275;city262;225;317;city59;139;171;city253;311;440;city199;343;170;city204;330;6;city216;460;430;city217;463;438;city242;348;344;city110;349;282;city287;316;386;city222;8;205;city298;32;422;city205
146;city53;104;333;city164;262;126;city138;489;245;city136;377;149;city223;160;351;city147;169;64;city227;297;434;city74;328;62;city135
155;city105;56;93;city271;435;335;city122;197;330;city165;328;36;city199;324;234;city213;325;483;city194;174;476;city148;214;8;city91;78;431;city95;250;304;city202;254;469;city183
130;city231;352;301;city248;249;137;city197;444;211;city133;272;174;city184;218;287;city143;411;375;city63;326;218;city81;25;29;city51
151;city54;325;233;city225;226;47;city299;2;242;city210;460;120;city97;469;161;city168;264;452;city291;27;396;city195;372;323;city255;262;285;city144;349;326;city283;130;19;city110;397;412;city120
159;city282;389;218;city57;79;478;city79;58;315;city270;365;218;city125;399;247;city293
129;city240;226;33;city264;420;355;city208;146;421;city228;125;54;city277
134;city96;385;9;city62
135;city179;448;74;city93;199;368;city210;341;200;city216;385;105;city130;464;187;city195;282;181;city162;273;216;city224;415;184;city229;303;439;city237;306;236;city264;283;499;city293;64;193;city280;16;364;city259;488;475;city116
162;city149;183;19;city192;349;417;city221;285;206;city110;435;111;city284;450;488;city133;457;196;city172;316;417;city198;227;86;city276;179;217;city123;297;30;city68;110;315;city104;123;181;city154;236;118;city65;378;273;city64;50;47;city224;288;255;city293
154;city211;412;347;city57;372;245;city101;493;401;city82;233;199;city156;214;335;city71
145;city173;311;101;city199;101;42;city183;108;306;city193;21;202;city285;455;383;city222;422;236;city123;179;113;city142;49;446;city246;480;393;city51;272;83;city282;144;16;city134
155;city105;56;93;city271;435;335;city122;197;330;city165;328;36;city199;324;234;city213;325;483;city194;174;476;city148;214;8;city91;78;431;city95;250;304;city202;254;469;city183
169;city187;165;35;city266;199;93;city237;308;420;city271
157;city130;278;478;city54;466;302;city124;449;277;city67;45;150;city246;281;290;city211;424;184;city170;373;462;city200;295;366;city131;443;300;city98;438;450;city120
127;city261;446;2;city94;276;280;city168;237;400;city96;413;296;city82;62;73;city253;438;71;city196;456;11;city216;495;237;city269;238;255;city235;410;342;city51;233;348;city284;240;154;city212;468;321;city282;180;367;city119;175;154;city150;179;336;city230;192;75;city140;245;294;city102;57;74;city231
129;city240;226;33;city264;420;355;city208;146;421;city228;125;54;city277
149;city197;164;472;city60;433;387;city255;256;24;city70;325;217;city112;292;188;city296
133;city171;207;432;city224;63;134;city146;303;263;city120;464;132;city145;379;41;city167;263;219;city51;116;352;city197;217;26;city178;46;474;city77;177;34;city176;207;430;city71;368;108;city185;447;27;city89;486;88;city53;313;323;city290;40;241;city114;147;282;city112;18;46;city177;456;60;city132
150;city256;133;201;city293;231;29;city260;179;227;city286;8;361;city299;215;242;city67;112;325;city240;420;419;city116;3;267;city149;244;26;city59;228;91;city144;460;427;city281;477;220;city72;459;461;city128;401;495;city155
161;city60;90;24;city297;364;125;city92;494;297;city219;285;304;city64;218;447;city252;280;398;city91;338;2;city165;344;214;city65;297;23;city269;144;455;city212;162;150;city120;355;493;city244
174;city123;192;292;city238;124;149;city75;73;237;city126;28;41;city89;95;322;city296;402;400;city241;133;83;city164;53;349;city101;296;275;city239;10;55;city132;338;275;city247;298;107;city277;304;26;city151;194;106;city86;158;440;city193;266;211;city106;143;191;city63;463;232;city87
172;city114;418;353;city227;467;275;city262;225;317;city59;139;171;city253;311;440;city199;343;170;city204;330;6;city216;460;430;city217;463;438;city242;348;344;city110;349;282;city287;316;386;city222;8;205;city298;32;422;city205
127;city261;446;2;city94;276;280;city168;237;400;city96;413;296;city82;62;73;city253;438;71;city196;456;11;city216;495;237;city269;238;255;city235;410;342;city51;233;348;city284;240;154;city212;468;321;city282;180;367;city119;175;154;city150;179;336;city230;192;75;city140;245;294;city102;57;74;city231
174;city123;192;292;city238;124;149;city75;73;237;city126;28;41;city89;95;322;city296;402;400;city241;133;83;city164;53;349;city101;296;275;city239;10;55;city132;338;275;city247;298;107;city277;304;26;city151;194;106;city86;158;440;city193;266;211;city106;143;191;city63;463;232;city87
171;city159;442;375;city199;26;347;city53;385;418;city137;87;416;city220;342;58;city180;259;305;city129;392;50;city78;416;37;city89;311;304;city251;288;32;city140;459;384;city224;248;151;city282;464;341;city207;287;436;city160;127;243;city244;358;122;city238;47;275;city145
145;city173;311;101;city199;101;42;city183;108;306;city193;21;202;city285;455;383;city222;422;236;city123;179;113;city142;49;446;city246;480;393;city51;272;83;city282;144;16;city134
137;city175;2;352;city134;425;408;city61;371;484;city62;309;186;city94;94;480;city205;28;480;city106;477;201;city214;303;282;city170;199;70;city292;24;255;city117;221;178;city279;230;6922;city75;65;266;city269;78;71;city227;435;7;city211;326;4;city87;117;241;city247;79;218;city282;453;488;city179
142;city118;232;108;city211;87;370;city264;246;365;city72;104;294;city244;417;285;city108;150;406;city66;126;454;city292;244;43;city263;59;446;city107;10;270;city160;27;163;city274;197;151;city116;75;139;city69
173;city242;488;342;city251;329;459;city135;287;321;city177;489;439;city234;118;228;city97;404;242;city91;328;226;city108;470;387;city118;248;364;city143;347;215;city75
162;city149;183;19;city192;349;417;city221;285;206;city110;435;111;city284;450;488;city133;457;196;city172;316;417;city198;227;86;city276;179;217;city123;297;30;city68;110;315;city104;123;181;city154;236;118;city65;378;273;city64;50;47;city224;288;255;city293
134;city96;385;9;city62
162;city149;183;19;city192;349;417;city221;285;206;city110;435;111;city284;450;488;city133;457;196;city172;316;417;city198;227;86;city276;179;217;city123;297;30;city68;110;315;city104;123;181;city154;236;118;city65;378;273;city64;50;47;city224;288;255;city293
147;city143;87;125;city202;213;281;city89;444;166;city191;66;225;city204;305;92;city234;113;167;city170;91;425;city99;489;384;city198;466;76;city126;424;66;city295;61;367;city283;188;324;city127;186;420;city76;318;253;city168
137;city175;2;352;city134;425;408;city61;371;484;city62;309;186;city94;94;480;city205;28;480;city106;477;201;city214;303;282;city170;199;70;city292;24;255;city117;221;178;city279;230;6922;city75;65;266;city269;78;71;city227;435;7;city211;326;4;city87;117;241;city247;79;218;city282;453;488;city179
172;city114;418;353;city227;467;275;city262;225;317;city59;139;171;city253;311;440;city199;343;170;city204;330;6;city216;460;430;city217;463;438;city242;348;344;city110;349;282;city287;316;386;city222;8;205;city298;32;422;city205
157;city130;278;478;city54;466;302;city124;449;277;city67;45;150;city246;281;290;city211;424;184;city170;373;462;city200;295;366;city131;443;300;city98;438;450;city120
127;city261;446;2;city94;276;280;city168;237;400;city96;413;296;city82;62;73;city253;438;71;city196;456;11;city216;495;237;city269;238;255;city235;410;342;city51;233;348;city284;240;154;city212;468;321;city282;180;367;city119;175;154;city150;179;336;city230;192;75;city140;245;294;city102;57;74;city231
138;city238;43;56;city251;255;434;city101;369;432;city219;22;361;city68;101;3;city112;305;261;city163;205;282;city240;374;84;city265;196;272;city50;84;161;city291;336;280;city248;82;267;city189;186;142;city207;477;198;city294;258;437;city76;246;123;city159;199;146;city139;388;269;city129
158;city270;321;231;city101;200;191;city158;490;105;city118;143;18;city216;175;246;city75;187;95;city98;175;307;city141;180;189;city280;316;57;city207;258;265;city218;346;319;city257;494;152;city230;243;161;city95;468;70;city53;229;382;city224;35;84;city298;101;212;city227
147;city143;87;125;city202;213;281;city89;444;166;city191;66;225;city204;305;92;city234;113;167;city170;91;425;city99;489;384;city198;466;76;city126;424;66;city295;61;367;city283;188;324;city127;186;420;city76;318;253;city168

134;city96;385;9;city62
168;city139;315;116;city224;212;400;city231;245;131;city179;444;382;city244;321;234;city181;477;151;city222;293;314;city75;9;212;city88;155;42;city262;485;376;city96;104;103;city100;228;13;city254;188;308;city167;484;368;city178;107;460;city180;77;449;city76;297;216;city81;294;258;city90;251;25;city197
140;city150;40;196;city52;216;134;city167;136;121;city257;480;381;city283;490;285;city100
134;city96;385;9;city62
127;city261;446;2;city94;276;280;city168;237;400;city96;413;296;city82;62;73;city253;438;71;city196;456;11;city216;495;237;city269;238;255;city235;410;342;city51;233;348;city284;240;154;city212;468;321;city282;180;367;city119;175;154;city150;179;336;city230;192;75;city140;245;294;city102;57;74;city231
129;city240;226;33;city264;420;355;city208;146;421;city228;125;54;city277
135;city179;448;74;city93;199;368;city210;341;200;city216;385;105;city130;464;187;city195;282;181;city162;273;216;city224;415;184;city229;303;439;city237;306;236;city264;283;499;city293;64;193;city280;16;364;city259;488;475;city116
130;city231;352;301;city248;249;137;city197;444;211;city133;272;174;city184;218;287;city143;411;375;city63;326;218;city81;25;29;city51
125;city206;118;296;city219;250;459;city139;28;200;city126;356;95;city106;275;491;city248;344;87;city153;118;489;city183;401;342;city187;277;175;city262;369;17;city298;103;174;city180;137;368;city228
174;city123;192;292;city238;124;149;city75;73;237;city126;28;41;city89;95;322;city296;402;400;city241;133;83;city164;53;349;city101;296;275;city239;10;55;city132;338;275;city247;298;107;city277;304;26;city151;194;106;city86;158;440;city193;266;211;city106;143;191;city63;463;232;city87
136;city282;19;478;city153;290;31;city91;115;25;city183;330;434;city225
158;city270;321;231;city101;200;191;city158;490;105;city118;143;18;city216;175;246;city75;187;95;city98;175;307;city141;180;189;city280;316;57;city207;258;265;city218;346;319;city257;494;152;city230;243;161;city95;468;70;city53;229;382;city224;35;84;city298;101;212;city227
165;city160;162;133;city267
125;city206;118;296;city219;250;459;city139;28;200;city126;356;95;city106;275;491;city248;344;87;city153;118;489;city183;401;342;city187;277;175;city262;369;17;city298;103;174;city180;137;368;city228
135;city179;448;74;city93;199;368;city210;341;200;city216;385;105;city130;464;187;city195;282;181;city162;273;216;city224;415;184;city229;303;439;city237;306;236;city264;283;499;city293;64;193;city280;16;364;city259;488;475;city116
150;city256;133;201;city293;231;29;city260;179;227;city286;8;361;city299;215;242;city67;112;325;city240;420;419;city116;3;267;city149;244;26;city59;228;91;city144;460;427;city281;477;220;city72;459;461;city128;401;495;city155
132;city247;330;197;city170;287;57;city271;163;440;city231;472;498;city185;449;111;city297;118;302;city273;237;415;city162;494;381;city268;53;109;city111;419;348;city244;124;196;city60;288;80;city131;386;305;city171
150;city256;133;201;city293;231;29;city260;179;227;city286;8;361;city299;215;242;city67;112;325;city240;420;419;city116;3;267;city149;244;26;city59;228;91;city144;460;427;city281;477;220;city72;459;461;city128;401;495;city155
151;city54;325;233;city225;226;47;city299;2;242;city210;460;120;city97;469;161;city168;264;452;city291;27;396;city195;372;323;city255;262;285;city144;349;326;city283;130;19;city110;397;412;city120
166;city197;329;90;city174;273;220;city134;465;458;city295;368;372;city298;126;222;city210;446;24;city279;160;112;city65;25;104;city128;280;419;city118;12;147;city88;299;84;city54;21;364;city113;473;286;city69;72;208;city233;160;318;city141
154;city211;412;347;city57;372;245;city101;493;401;city82;233;199;city156;214;335;city71
126;city214;325;287;city66
166;city197;329;90;city174;273;220;city134;465;458;city295;368;372;city298;126;222;city210;446;24;city279;160;112;city65;25;104;city128;280;419;city118;12;147;city88;299;84;city54;21;364;city113;473;286;city69;72;208;city233;160;318;city141
126;city214;325;287;city66
161;city60;90;24;city297;364;125;city92;494;297;city219;285;304;city64;218;447;city252;280;398;city91;338;2;city165;344;214;city65;297;23;city269;144;455;city212;162;150;city120;355;493;city244
135;city179;448;74;city93;199;368;city210;341;200;city216;385;105;city130;464;187;city195;282;181;city162;273;216;city224;415;184;city229;303;439;city237;306;236;city264;283;499;city293;64;193;city280;16;364;city259;488;475;city116
127;city261;446;2;city94;276;280;city168;237;400;city96;413;296;city82;62;73;city253;438;71;city196;456;11;city216;495;237;city269;238;255;city235;410;342;city51;233;348;city284;240;154;city212;468;321;city282;180;367;city119;175;154;city150;179;336;city230;192;75;city140;245;294;city102;57;74;city231
162;city149;183;19;city192;349;417;city221;285;206;city110;435;111;city284;450;488;city133;457;196;city172;316;417;city198;227;86;city276;179;217;city123;297;30;city68;110;315;city104;123;181;city154;236;118;city65;378;273;city64;50;47;city224;288;255;city293
161;city60;90;24;city297;364;125;city92;494;297;city219;285;304;city64;218;447;city252;280;398;city91;338;2;city165;344;214;city65;297;23;city269;144;455;city212;162;150;city120;355;493;city244
140;city150;40;196;city52;216;134;city167;136;121;city257;480;381;city283;490;285;city100
136;city282;19;478;city153;290;31;city91;115;25;city183;330;434;city225
130;city231;352;301;city248;249;137;city197;444;211;city133;272;174;city184;218;287;city143;411;375;city63;326;218;city81;25;29;city51
168;city139;315;116;city224;212;400;city231;245;131;city179;444;382;city244;321;234;city181;477;151;city222;293;314;city75;9;212;city88;155;42;city262;485;376;city96;104;103;city100;228;13;city254;188;308;city167;484;368;city178;107;460;city180;77;449;city76;297;216;city81;294;258;city90;251;25;city197
158;city270;321;231;city101;200;191;city158;490;105;city118;143;18;city216;175;246;city75;187;95;city98;175;307;city141;180;189;city280;316;57;city207;258;265;city218;346;319;city257;494;152;city230;243;161;city95;468;70;city53;229;382;city224;35;84;city298;101;212;city227
168;city139;315;116;city224;212;400;city231;245;131;city179;444;382;city244;321;234;city181;477;151;city222;293;314;city75;9;212;city88;155;42;city262;485;376;city96;104;103;city100;228;13;city254;188;308;city167;484;368;city178;107;460;city180;77;449;city76;297;216;city81;294;258;city90;251;25;city197
143;city222;204;274;city88;335;416;city275;147;408;city64;413;128;city253;268;43;city235;253;334;city133;98;374;city187;54;288;city190
165;city160;162;133;city267
151;city54;325;233;city225;226;47;city299;2;242;city210;460;120;city97;469;161;city168;264;452;city291;27;396;city195;372;323;city255;262;285;city144;349;326;city283;130;19;city110;397;412;city120
153;city169;418;391;city203;79;323;city143;69;312;city78;11;451;city252;154;185;city263;399;45;city92;400;269;city107;411;176;city153
170;city192;289;438;city273;196;80;city145;457;301;city295;199;149;city199;456;186;city131;478;325;city149;410;16;city259;205;158;city211
157;city130;278;478;city54;466;302;city124;449;277;city67;45;150;city246;281;290;city211;424;184;city170;373;462;city200;295;366;city131;443;300;city98;438;450;city120
154;city211;412;347;city57;372;245;city101;493;401;city82;233;199;city156;214;335;city71
142;city118;232;108;city211;87;370;city264;246;365;city72;104;294;city244;417;285;city108;150;406;city66;126;454;city292;244;43;city263;59;446;city107;10;270;city160;27;163;city274;197;151;city116;75;139;city69
145;city173;311;101;city199;101;42;city183;108;306;city193;21;202;city285;455;383;city222;422;236;city123;179;113;city142;49;446;city246;480;393;city51;272;83;city282;144;16;city134
155;city105;56;93;city271;435;335;city122;197;330;city165;328;36;city199;324;234;city213;325;483;city194;174;476;city148;214;8;city91;78;431;city95;250;304;city202;254;469;city183
146;city53;104;333;city164;262;126;city138;489;245;city136;377;149;city223;160;351;city147;169;64;city227;297;434;city74;328;62;city135
172;city114;418;353;city227;467;275;city262;225;317;city59;139;171;city253;311;440;city199;343;170;city204;330;6;city216;460;430;city217;463;438;city242;348;344;city110;349;282;city287;316;386;city222;8;205;city298;32;422;city205
138;city238;43;56;city251;255;434;city101;369;432;city219;22;361;city68;101;3;city112;305;261;city163;205;282;city240;374;84;city265;196;272;city50;84;161;city291;336;280;city248;82;267;city189;186;142;city207;477;198;city294;258;437;city76;246;123;city159;199;146;city139;388;269;city129
171;city159;442;375;city199;26;347;city53;385;418;city137;87;416;city220;342;58;city180;259;305;city129;392;50;city78;416;37;city89;311;304;city251;288;32;city140;459;384;city224;248;151;city282;464;341;city207;287;436;city160;127;243;city244;358;122;city238;47;275;city145
135;city179;448;74;city93;199;368;city210;341;200;city216;385;105;city130;464;187;city195;282;181;city162;273;216;city224;415;184;city229;303;439;city237;306;236;city264;283;499;city293;64;193;city280;16;364;city259;488;475;city116
128;city295;194;2;city181;386;294;city93;460;281;city90;271;453;city229;13;111;city225;199;98;city235;395;186;city202;301;143;city261;217;180;city192;50;307;city167;329;172;city258;427;495;city219;99;471;city120;486;321;city89;201;357;city122;25;376;city53;198;185;city285
174;city123;192;292;city238;124;149;city75;73;237;city126;28;41;city89;95;322;city296;402;400;city241;133;83;city164;53;349;city101;296;275;city239;10;55;city132;338;275;city247;298;107;city277;304;26;city151;194;106;city86;158;440;city193;266;211;city106;143;191;city63;463;232;city87
153;city169;418;391;city203;79;323;city143;69;312;city78;11;451;city252;154;185;city263;399;45;city92;400;269;city107;411;176;city153
170;city192;289;438;city273;196;80;city145;457;301;city295;199;149;city199;456;186;city131;478;325;city149;410;16;city259;205;158;city211
164;city293;489;467;city194;225;223;city238;458;378;city247;317;491;city58;142;24;city299;433;351;city179
156;city222;247;146;city130;15;339;city63;211;237;city257;199;291;city224;79;2;city105;341;53;city254;365;423;city199;369;425;city62;8;180;city80
129;city240;226;33;city264;420;355;city208;146;421;city228;125;54;city277
171;city159;442;375;city199;26;347;city53;385;418;city137;87;416;city220;342;58;city180;259;305;city129;392;50;city78;416;37;city89;311;304;city251;288;32;city140;459;384;city224;248;151;city282;464;341;city207;287;436;city160;127;243;city244;358;122;city238;47;275;city145
128;city295;194;2;city181;386;294;city93;460;281;city90;271;453;city229;13;111;city225;199;98;city235;395;186;city202;301;143;city261;217;180;city192;50;307;city167;329;172;city258;427;495;city219;99;471;city120;486;321;city89;201;357;city122;25;376;city53;198;185;city285
141;city291;261;385;city169;38;159;city161;75;196;city222;51;21;city76
163;city272;434;5;city168;70;186;city211;268;299;city235;71;155;city276;302;392;city262;448;282;city234;78;350;city287;148;289;city214;465;189;city258;39;300;city254;415;409;city255;136;447;city109;279;408;city245;390;273;city226;487;422;city199;49;295;city299
174;city123;192;292;city238;124;149;city75;73;237;city126;28;41;city89;95;322;city296;402;400;city241;133;83;city164;53;349;city101;296;275;city239;10;55;city132;338;275;city247;298;107;city277;304;26;city151;194;106;city86;158;440;city193;266;211;city106;143;191;city63;463;232;city87
125;city206;118;296;city219;250;459;city139;28;200;city126;356;95;city106;275;491;city248;344;87;city153;118;489;city183;401;342;city187;277;175;city262;369;17;city298;103;174;city180;137;368;city228
167;city120;243;117;city290;121;432;city180
129;city240;226;33;city264;420;355;city208;146;421;city228;125;54;city277
168;city139;315;116;city224;212;400;city231;245;131;city179;444;382;city244;321;234;city181;477;151;city222;293;314;city75;9;212;city88;155;42;city262;485;376;city96;104;103;city100;228;13;city254;188;308;city167;484;368;city178;107;460;city180;77;449;city76;297;216;city81;294;258;city90;251;25;city197
164;city293;489;467;city194;225;223;city238;458;378;city247;317;491;city58;142;24;city299;433;351;city179
127;city261;446;2;city94;276;280;city168;237;400;city96;413;296;city82;62;73;city253;438;71;city196;456;11;city216;495;237;city269;238;255;city235;410;342;city51;233;348;city284;240;154;city212;468;321;city282;180;367;city119;175;154;city150;179;336;city230;192;75;city140;245;294;city102;57;74;city231
162;city149;183;19;city192;349;417;city221;285;206;city110;435;111;city284;450;488;city133;457;196;city172;316;417;city198;227;86;city276;179;217;city123;297;30;city68;110;315;city104;123;181;city154;236;118;city65;378;273;city64;50;47;city224;288;255;city293
172;city114;418;353;city227;467;275;city262;225;317;city59;139;171;city253;311;440;city199;343;170;city204;330;6;city216;460;430;city217;463;438;city242;348;344;city110;349;282;city287;316;386;city222;8;205;city298;32;422;city205
155;city105;56;93;city271;435;335;city122;197;330;city165;328;36;city199;324;234;city213;325;483;city194;174;476;city148;214;8;city91;78;431;city95;250;304;city202;254;469;city183
173;city242;488;342;city251;329;459;city135;287;321;city177;489;439;city234;118;228;city97;404;242;city91;328;226;city108;470;387;city118;248;364;city143;347;215;city75
172;city114;418;353;city227;467;275;city262;225;317;city59;139;171;city253;311;440;city199;343;170;city204;330;6;city216;460;430;city217;463;438;city242;348;344;city110;349;282;city287;316;386;city222;8;205;city298;32;422;city205
132;city247;330;197;city170;287;57;city271;163;440;city231;472;498;city185;449;111;city297;118;302;city273;237;415;city162;494;381;city268;53;109;city111;419;348;city244;124;196;city60;288;80;city131;386;305;city171
145;city173;311;101;city199;101;42;city183;108;306;city193;21;202;city285;455;383;city222;422;236;city123;179;113;city142;49;446;city246;480;393;city51;272;83;city282;144;16;city134
164;city293;489;467;city194;225;223;city238;458;378;city247;317;491;city58;142;24;city299;433;351;city179
168;city139;315;116;city224;212;400;city231;245;131;city179;444;382;city244;321;234;city181;477;151;city222;293;314;city75;9;212;city88;155;42;city262;485;376;city96;104;103;city100;228;13;city254;188;308;city167;484;368;city178;107;460;city180;77;449;city76;297;216;city81;294;258;city90;251;25;city197
148;city273;451;393;city222
165;city160;162;133;city267
171;city159;442;375;city199;26;347;city53;385;418;city137;87;416;city220;342;58;city180;259;305;city129;392;50;city78;416;37;city89;311;304;city251;288;32;city140;459;384;city224;248;151;city282;464;341;city207;287;436;city160;127;243;city244;358;122;city238;47;275;city145
153;city169;418;391;city203;79;323;city143;69;312;city78;11;451;city252;154;185;city263;399;45;city92;400;269;city107;411;176;city153
127;city261;446;2;city94;276;280;city168;237;400;city96;413;296;city82;62;73;city253;438;71;city196;456;11;city216;495;237;city269;238;255;city235;410;342;city51;233;348;city284;240;154;city212;468;321;city282;180;367;city119;175;154;city150;179;336;city230;192;75;city140;245;294;city102;57;74;city231
169;city187;165;35;city266;199;93;city237;308;420;city271
144;city90;346;431;city272;62;155;city52;78;386;city139;196;6;city196;72;245;city261;104;256;city66;216;312;city122
132;city247;330;197;city170;287;57;city271;163;440;city231;472;498;city185;449;111;city297;118;302;city273;237;415;city162;494;381;city268;53;109;city111;419;348;city244;124;196;city60;288;80;city131;386;305;city171
153;city169;418;391;city203;79;323;city143;69;312;city78;11;451;city252;154;185;city263;399;45;city92;400;269;city107;411;176;city153
137;city175;2;352;city134;425;408;city61;371;484;city62;309;186;city94;94;480;city205;28;480;city106;477;201;city214;303;282;city170;199;70;city292;24;255;city117;221;178;city279;230;6922;city75;65;266;city269;78;71;city227;435;7;city211;326;4;city87;117;241;city247;79;218;city282;453;488;city179
145;city173;311;101;city199;101;42;city183;108;306;city193;21;202;city285;455;383;city222;422;236;city123;179;113;city142;49;446;city246;480;393;city51;272;83;city282;144;16;city134
173;city242;488;342;city251;329;459;city135;287;321;city177;489;439;city234;118;228;city97;404;242;city91;328;226;city108;470;387;city118;248;364;city143;347;215;city75
142;city118;232;108;city211;87;370;city264;246;365;city72;104;294;city244;417;285;city108;150;406;city66;126;454;city292;244;43;city263;59;446;city107;10;270;city160;27;163;city274;197;151;city116;75;139;city69
147;city143;87;125;city202;213;281;city89;444;166;city191;66;225;city204;305;92;city234;113;167;city170;91;425;city99;489;384;city198;466;76;city126;424;66;city295;61;367;city283;188;324;city127;186;420;city76;318;253;city168
148;city273;451;393;city222
161;city60;90;24;city297;364;125;city92;494;297;city219;285;304;city64;218;447;city252;280;398;city91;338;2;city165;344;214;city65;297;23;city269;144;455;city212;162;150;city120;355;493;city244
129;city240;226;33;city264;420;355;city208;146;421;city228;125;54;city277
171;city159;442;375;city199;26;347;city53;385;418;city137;87;416;city220;342;58;city180;259;305;city129;392;50;city78;416;37;city89;311;304;city251;288;32;city140;459;384;city224;248;151;city282;464;341;city207;287;436;city160;127;243;city244;358;122;city238;47;275;city145
140;city150;40;196;city52;216;134;city167;136;121;city257;480;381;city283;490;285;city100
135;city179;448;74;city93;199;368;city210;341;200;city216;385;105;city130;464;187;city195;282;181;city162;273;216;city224;415;184;city229;303;439;city237;306;236;city264;283;499;city293;64;193;city280;16;364;city259;488;475;city116

163;city272;434;5;city168;70;186;city211;268;299;city235;71;155;city276;302;392;city262;448;282;city234;78;350;city287;148;289;city214;465;189;city258;39;300;city254;415;409;city255;136;447;city109;279;408;city245;390;273;city226;487;422;city199;49;295;city299
147;city143;87;125;city202;213;281;city89;444;166;city191;66;225;city204;305;92;city234;113;167;city170;91;425;city99;489;384;city198;466;76;city126;424;66;city295;61;367;city283;188;324;city127;186;420;city76;318;253;city168
144;city90;346;431;city272;62;155;city52;78;386;city139;196;6;city196;72;245;city261;104;256;city66;216;312;city122
168;city139;315;116;city224;212;400;city231;245;131;city179;444;382;city244;321;234;city181;477;151;city222;293;314;city75;9;212;city88;155;42;city262;485;376;city96;104;103;city100;228;13;city254;188;308;city167;484;368;city178;107;460;city180;77;449;city76;297;216;city81;294;258;city90;251;25;city197
135;city179;448;74;city93;199;368;city210;341;200;city216;385;105;city130;464;187;city195;282;181;city162;273;216;city224;415;184;city229;303;439;city237;306;236;city264;283;499;city293;64;193;city280;16;364;city259;488;475;city116
164;city293;489;467;city194;225;223;city238;458;378;city247;317;491;city58;142;24;city299;433;351;city179
174;city123;192;292;city238;124;149;city75;73;237;city126;28;41;city89;95;322;city296;402;400;city241;133;83;city164;53;349;city101;296;275;city239;10;55;city132;338;275;city247;298;107;city277;304;26;city151;194;106;city86;158;440;city193;266;211;city106;143;191;city63;463;232;city87
172;city114;418;353;city227;467;275;city262;225;317;city59;139;171;city253;311;440;city199;343;170;city204;330;6;city216;460;430;city217;463;438;city242;348;344;city110;349;282;city287;316;386;city222;8;205;city298;32;422;city205
129;city240;226;33;city264;420;355;city208;146;421;city228;125;54;city277
135;city179;448;74;city93;199;368;city210;341;200;city216;385;105;city130;464;187;city195;282;181;city162;273;216;city224;415;184;city229;303;439;city237;306;236;city264;283;499;city293;64;193;city280;16;364;city259;488;475;city116
159;city282;389;218;city57;79;478;city79;58;315;city270;365;218;city125;399;247;city293
127;city261;446;2;city94;276;280;city168;237;400;city96;413;296;city82;62;73;city253;438;71;city196;456;11;city216;495;237;city269;238;255;city235;410;342;city51;233;348;city284;240;154;city212;468;321;city282;180;367;city119;175;154;city150;179;336;city230;192;75;city140;245;294;city102;57;74;city231
174;city123;192;292;city238;124;149;city75;73;237;city126;28;41;city89;95;322;city296;402;400;city241;133;83;city164;53;349;city101;296;275;city239;10;55;city132;338;275;city247;298;107;city277;304;26;city151;194;106;city86;158;440;city193;266;211;city106;143;191;city63;463;232;city87
144;city90;346;431;city272;62;155;city52;78;386;city139;196;6;city196;72;245;city261;104;256;city66;216;312;city122
125;city206;118;296;city219;250;459;city139;28;200;city126;356;95;city106;275;491;city248;344;87;city153;118;489;city183;401;342;city187;277;175;city262;369;17;city298;103;174;city180;137;368;city228
144;city90;346;431;city272;62;155;city52;78;386;city139;196;6;city196;72;245;city261;104;256;city66;216;312;city122
131;city92;434;487;city52;488;422;city159;161;385;city242;184;453;city198;408;128;city103;396;224;city293;211;326;city171;359;235;city288;346;321;city175;373;228;city248;349;207;city216;390;210;city282;231;30;city245;264;41;city91;84;185;city192;358;94;city84;108;278;city207;495;478;city249
171;city159;442;375;city199;26;347;city53;385;418;city137;87;416;city220;342;58;city180;259;305;city129;392;50;city78;416;37;city89;311;304;city251;288;32;city140;459;384;city224;248;151;city282;464;341;city207;287;436;city160;127;243;city244;358;122;city238;47;275;city145
125;city206;118;296;city219;250;459;city139;28;200;city126;356;95;city106;275;491;city248;344;87;city153;118;489;city183;401;342;city187;277;175;city262;369;17;city298;103;174;city180;137;368;city228
141;city291;261;385;city169;38;159;city161;75;196;city222;51;21;city76
136;city282;19;478;city153;290;31;city91;115;25;city183;330;434;city225
144;city90;346;431;city272;62;155;city52;78;386;city139;196;6;city196;72;245;city261;104;256;city66;216;312;city122
171;city159;442;375;city199;26;347;city53;385;418;city137;87;416;city220;342;58;city180;259;305;city129;392;50;city78;416;37;city89;311;304;city251;288;32;city140;459;384;city224;248;151;city282;464;341;city207;287;436;city160;127;243;city244;358;122;city238;47;275;city145
165;city160;162;133;city267
169;city187;165;35;city266;199;93;city237;308;420;city271
155;city105;56;93;city271;435;335;city122;197;330;city165;328;36;city199;324;234;city213;325;483;city194;174;476;city148;214;8;city91;78;431;city95;250;304;city202;254;469;city183
137;city175;2;352;city134;425;408;city61;371;484;city62;309;186;city94;94;480;city205;28;480;city106;477;201;city214;303;282;city170;199;70;city292;24;255;city117;221;178;city279;230;6922;city75;65;266;city269;78;71;city227;435;7;city211;326;4;city87;117;241;city247;79;218;city282;453;488;city179
146;city53;104;333;city164;262;126;city138;489;245;city136;377;149;city223;160;351;city147;169;64;city227;297;434;city74;328;62;city135
172;city114;418;353;city227;467;275;city262;225;317;city59;139;171;city253;311;440;city199;343;170;city204;330;6;city216;460;430;city217;463;438;city242;348;344;city110;349;282;city287;316;386;city222;8;205;city298;32;422;city205
130;city231;352;301;city248;249;137;city197;444;211;city133;272;174;city184;218;287;city143;411;375;city63;326;218;city81;25;29;city51
143;city222;204;274;city88;335;416;city275;147;408;city64;413;128;city253;268;43;city235;253;334;city133;98;374;city187;54;288;city190
155;city105;56;93;city271;435;335;city122;197;330;city165;328;36;city199;324;234;city213;325;483;city194;174;476;city148;214;8;city91;78;431;city95;250;304;city202;254;469;city183
144;city90;346;431;city272;62;155;city52;78;386;city139;196;6;city196;72;245;city261;104;256;city66;216;312;city122
129;city240;226;33;city264;420;355;city208;146;421;city228;125;54;city277
125;city206;118;296;city219;250;459;city139;28;200;city126;356;95;city106;275;491;city248;344;87;city153;118;489;city183;401;342;city187;277;175;city262;369;17;city298;103;174;city180;137;368;city228
173;city242;488;342;city251;329;459;city135;287;321;city177;489;439;city234;118;228;city97;404;242;city91;328;226;city108;470;387;city118;248;364;city143;347;215;city75
171;city159;442;375;city199;26;347;city53;385;418;city137;87;416;city220;342;58;city180;259;305;city129;392;50;city78;416;37;city89;311;304;city251;288;32;city140;459;384;city224;248;151;city282;464;341;city207;287;436;city160;127;243;city244;358;122;city238;47;275;city145
162;city149;183;19;city192;349;417;city221;285;206;city110;435;111;city284;450;488;city133;457;196;city172;316;417;city198;227;86;city276;179;217;city123;297;30;city68;110;315;city104;123;181;city154;236;118;city65;378;273;city64;50;47;city224;288;255;city293
141;city291;261;385;city169;38;159;city161;75;196;city222;51;21;city76
130;city231;352;301;city248;249;137;city197;444;211;city133;272;174;city184;218;287;city143;411;375;city63;326;218;city81;25;29;city51
160;city163;407;409;city117;56;297;city58;500;304;city198;28;485;city265;424;71;city112;54;363;city161;146;54;city72;299;447;city232;19;177;city214;277;368;city186
146;city53;104;333;city164;262;126;city138;489;245;city136;377;149;city223;160;351;city147;169;64;city227;297;434;city74;328;62;city135
137;city175;2;352;city134;425;408;city61;371;484;city62;309;186;city94;94;480;city205;28;480;city106;477;201;city214;303;282;city170;199;70;city292;24;255;city117;221;178;city279;230;6922;city75;65;266;city269;78;71;city227;435;7;city211;326;4;city87;117;241;city247;79;218;city282;453;488;city179
147;city143;87;125;city202;213;281;city89;444;166;city191;66;225;city204;305;92;city234;113;167;city170;91;425;city99;489;384;city198;466;76;city126;424;66;city295;61;367;city283;188;324;city127;186;420;city76;318;253;city168
167;city120;243;117;city290;121;432;city180
153;city169;418;391;city203;79;323;city143;69;312;city78;11;451;city252;154;185;city263;399;45;city92;400;269;city107;411;176;city153
144;city90;346;431;city272;62;155;city52;78;386;city139;196;6;city196;72;245;city261;104;256;city66;216;312;city122
170;city192;289;438;city273;196;80;city145;457;301;city295;199;149;city199;456;186;city131;478;325;city149;410;16;city259;205;158;city211
172;city114;418;353;city227;467;275;city262;225;317;city59;139;171;city253;311;440;city199;343;170;city204;330;6;city216;460;430;city217;463;438;city242;348;344;city110;349;282;city287;316;386;city222;8;205;city298;32;422;city205
154;city211;412;347;city57;372;245;city101;493;401;city82;233;199;city156;214;335;city71
131;city92;434;487;city52;488;422;city159;161;385;city242;184;453;city198;408;128;city103;396;224;city293;211;326;city171;359;235;city288;346;321;city175;373;228;city248;349;207;city216;390;210;city282;231;30;city245;264;41;city91;84;185;city192;358;94;city84;108;278;city207;495;478;city249
144;city90;346;431;city272;62;155;city52;78;386;city139;196;6;city196;72;245;city261;104;256;city66;216;312;city122
132;city247;330;197;city170;287;57;city271;163;440;city231;472;498;city185;449;111;city297;118;302;city273;237;415;city162;494;381;city268;53;109;city111;419;348;city244;124;196;city60;288;80;city131;386;305;city171
141;city291;261;385;city169;38;159;city161;75;196;city222;51;21;city76
169;city187;165;35;city266;199;93;city237;308;420;city271
147;city143;87;125;city202;213;281;city89;444;166;city191;66;225;city204;305;92;city234;113;167;city170;91;425;city99;489;384;city198;466;76;city126;424;66;city295;61;367;city283;188;324;city127;186;420;city76;318;253;city168
131;city92;434;487;city52;488;422;city159;161;385;city242;184;453;city198;408;128;city103;396;224;city293;211;326;city171;359;235;city288;346;321;city175;373;228;city248;349;207;city216;390;210;city282;231;30;city245;264;41;city91;84;185;city192;358;94;city84;108;278;city207;495;478;city249
136;city282;19;478;city153;290;31;city91;115;25;city183;330;434;city225
129;city240;226;33;city264;420;355;city208;146;421;city228;125;54;city277
164;city293;489;467;city194;225;223;city238;458;378;city247;317;491;city58;142;24;city299;433;351;city179
170;city192;289;438;city273;196;80;city145;457;301;city295;199;149;city199;456;186;city131;478;325;city149;410;16;city259;205;158;city211
153;city169;418;391;city203;79;323;city143;69;312;city78;11;451;city252;154;185;city263;399;45;city92;400;269;city107;411;176;city153
151;city54;325;233;city225;226;47;city299;2;242;city210;460;120;city97;469;161;city168;264;452;city291;27;396;city195;372;323;city255;262;285;city144;349;326;city283;130;19;city110;397;412;city120
168;city139;315;116;city224;212;400;city231;245;131;city179;444;382;city244;321;234;city181;477;151;city222;293;314;city75;9;212;city88;155;42;city262;485;376;city96;104;103;city100;228;13;city254;188;308;city167;484;368;city178;107;460;city180;77;449;city76;297;216;city81;294;258;city90;251;25;city197
159;city282;389;218;city57;79;478;city79;58;315;city270;365;218;city125;399;247;city293
130;city231;352;301;city248;249;137;city197;444;211;city133;272;174;city184;218;287;city143;411;375;city63;326;218;city81;25;29;city51
170;city192;289;438;city273;196;80;city145;457;301;city295;199;149;city199;456;186;city131;478;325;city149;410;16;city259;205;158;city211
136;city282;19;478;city153;290;31;city91;115;25;city183;330;434;city225
150;city256;133;201;city293;231;29;city260;179;227;city286;8;361;city299;215;242;city67;112;325;city240;420;419;city116;3;267;city149;244;26;city59;228;91;city144;460;427;city281;477;220;city72;459;461;city128;401;495;city155
154;city211;412;347;city57;372;245;city101;493;401;city82;233;199;city156;214;335;city71
171;city159;442;375;city199;26;347;city53;385;418;city137;87;416;city220;342;58;city180;259;305;city129;392;50;city78;416;37;city89;311;304;city251;288;32;city140;459;384;city224;248;151;city282;464;341;city207;287;436;city160;127;243;city244;358;122;city238;47;275;city145
152;city94;65;163;city51;381;66;city289;342;230;city274;445;213;city297;477;461;city111;267;493;city231;119;339;city263;376;306;city60
130;city231;352;301;city248;249;137;city197;444;211;city133;272;174;city184;218;287;city143;411;375;city63;326;218;city81;25;29;city51
141;city291;261;385;city169;38;159;city161;75;196;city222;51;21;city76
157;city130;278;478;city54;466;302;city124;449;277;city67;45;150;city246;281;290;city211;424;184;city170;373;462;city200;295;366;city131;443;300;city98;438;450;city120
159;city282;389;218;city57;79;478;city79;58;315;city270;365;218;city125;399;247;city293
130;city231;352;301;city248;249;137;city197;444;211;city133;272;174;city184;218;287;city143;411;375;city63;326;218;city81;25;29;city51
144;city90;346;431;city272;62;155;city52;78;386;city139;196;6;city196;72;245;city261;104;256;city66;216;312;city122
166;city197;329;90;city174;273;220;city134;465;458;city295;368;372;city298;126;222;city210;446;24;city279;160;112;city65;25;104;city128;280;419;city118;12;147;city88;299;84;city54;21;364;city113;473;286;city69;72;208;city233;160;318;city141
154;city211;412;347;city57;372;245;city101;493;401;city82;233;199;city156;214;335;city71
144;city90;346;431;city272;62;155;city52;78;386;city139;196;6;city196;72;245;city261;104;256;city66;216;312;city122
159;city282;389;218;city57;79;478;city79;58;315;city270;365;218;city125;399;247;city293
161;city60;90;24;city297;364;125;city92;494;297;city219;285;304;city64;218;447;city252;280;398;city91;338;2;city165;344;214;city65;297;23;city269;144;455;city212;162;150;city120;355;493;city244
129;city240;226;33;city264;420;355;city208;146;421;city228;125;54;city277
156;city222;247;146;city130;15;339;city63;211;237;city257;199;291;city224;79;2;city105;341;53;city254;365;423;city199;369;425;city62;8;180;city80
143;city222;204;274;city88;335;416;city275;147;408;city64;413;128;city253;268;43;city235;253;334;city133;98;374;city187;54;288;city190
168;city139;315;116;city224;212;400;city231;245;131;city179;444;382;city244;321;234;city181;477;151;city222;293;314;city75;9;212;city88;155;42;city262;485;376;city96;104;103;city100;228;13;city254;188;308;city167;484;368;city178;107;460;city180;77;449;city76;297;216;city81;294;258;city90;251;25;city197
135;city179;448;74;city93;199;368;city210;341;200;city216;385;105;city130;464;187;city195;282;181;city162;273;216;city224;415;184;city229;303;439;city237;306;236;city264;283;499;city293;64;193;city280;16;364;city259;488;475;city116
149;city197;164;472;city60;433;387;city255;256;24;city70;325;217;city112;292;188;city296
157;city130;278;478;city54;466;302;city124;449;277;city67;45;150;city246;281;290;city211;424;184;city170;373;462;city200;295;366;city131;443;300;city98;438;450;city120
162;city149;183;19;city192;349;417;city221;285;206;city110;435;111;city284;450;488;city133;457;196;city172;316;417;city198;227;86;city276;179;217;city123;297;30;city68;110;315;city104;123;181;city154;236;118;city65;378;273;city64;50;47;city224;288;255;city293
158;city270;321;231;city101;200;191;city158;490;105;city118;143;18;city216;175;246;city75;187;95;city98;175;307;city141;180;189;city280;316;57;city207;258;265;city218;346;319;city257;494;152;city230;243;161;city95;468;70;city53;229;382;city224;35;84;city298;101;212;city227
126;city214;325;287;city66
163;city272;434;5;city168;70;186;city211;268;299;city235;71;155;city276;302;392;city262;448;282;city234;78;350;city287;148;289;city214;465;189;city258;39;300;city254;415;409;city255;136;447;city109;279;408;city245;390;273;city226;487;422;city199;49;295;city299
135;city179;448;74;city93;199;368;city210;341;200;city216;385;105;city130;464;187;city195;282;181;city162;273;216;city224;415;184;city229;303;439;city237;306;236;city264;283;499;city293;64;193;city280;16;364;city259;488;475;city116
138;city238;43;56;city251;255;434;city101;369;432;city219;22;361;city68;101;3;city112;305;261;city163;205;282;city240;374;84;city265;196;272;city50;84;161;city291;336;280;city248;82;267;city189;186;142;city207;477;198;city294;258;437;city76;246;123;city159;199;146;city139;388;269;city129
135;city179;448;74;city93;199;368;city210;341;200;city216;385;105;city130;464;187;city195;282;181;city162;273;216;city224;415;184;city229;303;439;city237;306;236;city264;283;499;city293;64;193;city280;16;364;city259;488;475;city116
158;city270;321;231;city101;200;191;city158;490;105;city118;143;18;city216;175;246;city75;187;95;city98;175;307;city141;180;189;city280;316;57;city207;258;265;city218;346;319;city257;494;152;city230;243;161;city95;468;70;city53;229;382;city224;35;84;city298;101;212;city227
158;city270;321;231;city101;200;191;city158;490;105;city118;143;18;city216;175;246;city75;187;95;city98;175;307;city141;180;189;city280;316;57;city207;258;265;city218;346;319;city257;494;152;city230;243;161;city95;468;70;city53;229;382;city224;35;84;city298;101;212;city227
127;city261;446;2;city94;276;280;city168;237;400;city96;413;296;city82;62;73;city253;438;71;city196;456;11;city216;495;237;city269;238;255;city235;410;342;city51;233;348;city284;240;154;city212;468;321;city282;180;367;city119;175;154;city150;179;336;city230;192;75;city140;245;294;city102;57;74;city231
163;city272;434;5;city168;70;186;city211;268;299;city235;71;155;city276;302;392;city262;448;282;city234;78;350;city287;148;289;city214;465;189;city258;39;300;city254;415;409;city255;136;447;city109;279;408;city245;390;273;city226;487;422;city199;49;295;city299
174;city123;192;292;city238;124;149;city75;73;237;city126;28;41;city89;95;322;city296;402;400;city241;133;83;city164;53;349;city101;296;275;city239;10;55;city132;338;275;city247;298;107;city277;304;26;city151;194;106;city86;158;440;city193;266;211;city106;143;191;city63;463;232;city87
159;city282;389;218;city57;79;478;city79;58;315;city270;365;218;city125;399;247;city293
164;city293;489;467;city194;225;223;city238;458;378;city247;317;491;city58;142;24;city299;433;351;city179
133;city171;207;432;city224;63;134;city146;303;263;city120;464;132;city145;379;41;city167;263;219;city51;116;352;city197;217;26;city178;46;474;city77;177;34;city176;207;430;city71;368;108;city185;447;27;city89;486;88;city53;313;323;city290;40;241;city114;147;282;city112;18;46;city177;456;60;city132
149;city197;164;472;city60;433;387;city255;256;24;city70;325;217;city112;292;188;city296
161;city60;90;24;city297;364;125;city92;494;297;city219;285;304;city64;218;447;city252;280;398;city91;338;2;city165;344;214;city65;297;23;city269;144;455;city212;162;150;city120;355;493;city244
144;city90;346;431;city272;62;155;city52;78;386;city139;196;6;city196;72;245;city261;104;256;city66;216;312;city122
130;city231;352;301;city248;249;137;city197;444;211;city133;272;174;city184;218;287;city143;411;375;city63;326;218;city81;25;29;city51
126;city214;325;287;city66
169;city187;165;35;city266;199;93;city237;308;420;city271
157;city130;278;478;city54;466;302;city124;449;277;city67;45;150;city246;281;290;city211;424;184;city170;373;462;city200;295;366;city131;443;300;city98;438;450;city120
148;city273;451;393;city222
148;city273;451;393;city222
135;city179;448;74;city93;199;368;city210;341;200;city216;385;105;city130;464;187;city195;282;181;city162;273;216;city224;415;184;city229;303;439;city237;306;236;city264;283;499;city293;64;193;city280;16;364;city259;488;475;city116
134;city96;385;9;city62
161;city60;90;24;city297;364;125;city92;494;297;city219;285;304;city64;218;447;city252;280;398;city91;338;2;city165;344;214;city65;297;23;city269;144;455;city212;162;150;city120;355;493;city244
148;city273;451;393;city222
173;city242;488;342;city251;329;459;city135;287;321;city177;489;439;city234;118;228;city97;404;242;city91;328;226;city108;470;387;city118;248;364;city143;347;215;city75
137;city175;2;352;city134;425;408;city61;371;484;city62;309;186;city94;94;480;city205;28;480;city106;477;201;city214;303;282;city170;199;70;city292;24;255;city117;221;178;city279;230;6922;city75;65;266;city269;78;71;city227;435;7;city211;326;4;city87;117;241;city247;79;218;city282;453;488;city179
132;city247;330;197;city170;287;57;city271;163;440;city231;472;498;city185;449;111;city297;118;302;city273;237;415;city162;494;381;city268;53;109;city111;419;348;city244;124;196;city60;288;80;city131;386;305;city171
159;city282;389;218;city57;79;478;city79;58;315;city270;365;218;city125;399;247;city293
159;city282;389;218;city57;79;478;city79;58;315;city270;365;218;city125;399;247;city293
160;city163;407;409;city117;56;297;city58;500;304;city198;28;485;city265;424;71;city112;54;363;city161;146;54;city72;299;447;city232;19;177;city214;277;368;city186
141;city291;261;385;city169;38;159;city161;75;196;city222;51;21;city76
167;city120;243;117;city290;121;432;city180
143;city222;204;274;city88;335;416;city275;147;408;city64;413;128;city253;268;43;city235;253;334;city133;98;374;city187;54;288;city190
157;city130;278;478;city54;466;302;city124;449;277;city67;45;150;city246;281;290;city211;424;184;city170;373;462;city200;295;366;city131;443;300;city98;438;450;city120
166;city197;329;90;city174;273;220;city134;465;458;city295;368;372;city298;126;222;city210;446;24;city279;160;112;city65;25;104;city128;280;419;city118;12;147;city88;299;84;city54;21;364;city113;473;286;city69;72;208;city233;160;318;city141
174;city123;192;292;city238;124;149;city75;73;237;city126;28;41;city89;95;322;city296;402;400;city241;133;83;city164;53;349;city101;296;275;city239;10;55;city132;338;275;city247;298;107;city277;304;26;city151;194;106;city86;158;440;city193;266;211;city106;143;191;city63;463;232;city87
130;city231;352;301;city248;249;137;city197;444;211;city133;272;174;city184;218;287;city143;411;375;city63;326;218;city81;25;29;city51
174;city123;192;292;city238;124;149;city75;73;237;city126;28;41;city89;95;322;city296;402;400;city241;133;83;city164;53;349;city101;296;275;city239;10;55;city132;338;275;city247;298;107;city277;304;26;city151;194;106;city86;158;440;city193;266;211;city106;143;191;city63;463;232;city87
144;city90;346;431;city272;62;155;city52;78;386;city139;196;6;city196;72;245;city261;104;256;city66;216;312;city122
128;city295;194;2;city181;386;294;city93;460;281;city90;271;453;city229;13;111;city225;199;98;city235;395;186;city202;301;143;city261;217;180;city192;50;307;city167;329;172;city258;427;495;city219;99;471;city120;486;321;city89;201;357;city122;25;376;city53;198;185;city285
163;city272;434;5;city168;70;186;city211;268;299;city235;71;155;city276;302;392;city262;448;282;city234;78;350;city287;148;289;city214;465;189;city258;39;300;city254;415;409;city255;136;447;city109;279;408;city245;390;273;city226;487;422;city199;49;295;city299
149;city197;164;472;city60;433;387;city255;256;24;city70;325;217;city112;292;188;city296
172;city114;418;353;city227;467;275;city262;225;317;city59;139;171;city253;311;440;city199;343;170;city204;330;6;city216;460;430;city217;463;438;city242;348;344;city110;349;282;city287;316;386;city222;8;205;city298;32;422;city205
142;city118;232;108;city211;87;370;city264;246;365;city72;104;294;city244;417;285;city108;150;406;city66;126;454;city292;244;43;city263;59;446;city107;10;270;city160;27;163;city274;197;151;city116;75;139;city69
139;city254;248;481;city245;251;130;city130;436;216;city74;256;330;city273;372;445;city143;374;181;city160;75;208;city182;154;58;city217;77;143;city172;369;70;city98;289;153;city248;92;207;city151;271;400;city141;250;31;city287;445;335;city175;231;360;city193;392;211;city139;239;270;city228;342;117;city198
148;city273;451;393;city222
172;city114;418;353;city227;467;275;city262;225;317;city59;139;171;city253;311;440;city199;343;170;city204;330;6;city216;460;430;city217;463;438;city242;348;344;city110;349;282;city287;316;386;city222;8;205;city298;32;422;city205
159;city282;389;218;city57;79;478;city79;58;315;city270;365;218;city125;399;247;city293
165;city160;162;133;city267
156;city222;247;146;city130;15;339;city63;211;237;city257;199;291;city224;79;2;city105;341;53;city254;365;423;city199;369;425;city62;8;180;city80
146;city53;104;333;city164;262;126;city138;489;245;city136;377;149;city223;160;351;city147;169;64;city227;297;434;city74;328;62;city135
141;city291;261;385;city169;38;159;city161;75;196;city222;51;21;city76
170;city192;289;438;city273;196;80;city145;457;301;city295;199;149;city199;456;186;city131;478;325;city149;410;16;city259;205;158;city211
137;city175;2;352;city134;425;408;city61;371;484;city62;309;186;city94;94;480;city205;28;480;city106;477;201;city214;303;282;city170;199;70;city292;24;255;city117;221;178;city279;230;6922;city75;65;266;city269;78;71;city227;435;7;city211;326;4;city87;117;241;city247;79;218;city282;453;488;city179
162;city149;183;19;city192;349;417;city221;285;206;city110;435;111;city284;450;488;city133;457;196;city172;316;417;city198;227;86;city276;179;217;city123;297;30;city68;110;315;city104;123;181;city154;236;118;city65;378;273;city64;50;47;city224;288;255;city293
129;city240;226;33;city264;420;355;city208;146;421;city228;125;54;city277
126;city214;325;287;city66
169;city187;165;35;city266;199;93;city237;308;420;city271
159;city282;389;218;city57;79;478;city79;58;315;city270;365;218;city125;399;247;city293
138;city238;43;56;city251;255;434;city101;369;432;city219;22;361;city68;101;3;city112;305;261;city163;205;282;city240;374;84;city265;196;272;city50;84;161;city291;336;280;city248;82;267;city189;186;142;city207;477;198;city294;258;437;city76;246;123;city159;199;146;city139;388;269;city129
129;city240;226;33;city264;420;355;city208;146;421;city228;125;54;city277
126;city214;325;287;city66
126;city214;325;287;city66
148;city273;451;393;city222
164;city293;489;467;city194;225;223;city238;458;378;city247;317;491;city58;142;24;city299;433;351;city179
130;city231;352;301;city248;249;137;city197;444;211;city133;272;174;city184;218;287;city143;411;375;city63;326;218;city81;25;29;city51
159;city282;389;218;city57;79;478;city79;58;315;city270;365;218;city125;399;247;city293
130;city231;352;301;city248;249;137;city197;444;211;city133;272;174;city184;218;287;city143;411;375;city63;326;218;city81;25;29;city51
173;city242;488;342;city251;329;459;city135;287;321;city177;489;439;city234;118;228;city97;404;242;city91;328;226;city108;470;387;city118;248;364;city143;347;215;city75
131;city92;434;487;city52;488;422;city159;161;385;city242;184;453;city198;408;128;city103;396;224;city293;211;326;city171;359;235;city288;346;321;city175;373;228;city248;349;207;city216;390;210;city282;231;30;city245;264;41;city91;84;185;city192;358;94;city84;108;278;city207;495;478;city249
