







163;city208;86;443;city167;3;169;city97;142;417;city152;379;400;city95


157;city90;432;188;city109

162;city82;72;51;city267;287;102;city223;447;149;city157;22;302;city196;463;220;city110;492;290;city287;92;354;city190;179;130;city183
148;city78;408;190;city99;467;219;city81;107;487;city85;21;422;city133;367;45;city278;340;383;city142;281;92;city271;28;249;city232;338;26;city112;142;66;city68;52;65;city204;281;39;city216;462;289;city192


125;city82;388;342;city95;56;257;city205;330;223;city153;8;115;city92;81;483;city59;188;384;city286;388;235;city280;417;75;city290

146;city147;294;66;city141






138;city171;390;151;city221;330;209;city229;177;378;city255;447;118;city124;351;429;city115;292;442;city67;408;488;city178



161;city119;334;453;city268;102;413;city273;124;434;city270;132;346;city257;32;314;city98;462;493;city63;107;63;city211;230;343;city219;34;328;city295;55;59;city57;185;197;city209
161;city119;334;453;city268;102;413;city273;124;434;city270;132;346;city257;32;314;city98;462;493;city63;107;63;city211;230;343;city219;34;328;city295;55;59;city57;185;197;city209


159;city173;254;179;city220;65;469;city183;252;422;city299;70;485;city237;179;45;city223;91;61;city270;497;115;city251;256;417;city136;374;140;city298;82;444;city205;196;68;city214;71;40;city141;233;237;city219;252;45;city142;403;103;city65;72;196;city156;435;104;city213
168;city205;398;118;city69;175;423;city157;340;15;city246;416;323;city199;430;96;city203;197;250;city68;337;433;city272;418;6;city291;289;276;city296;64;20;city107;94;393;city155;438;269;city115;165;373;city221;405;382;city131




146;city147;294;66;city141






155;city198;130;268;city118;286;248;city169;347;174;city201;372;56;city142;402;306;city276;132;272;city199;156;293;city226;435;478;city158;159;497;city60;220;479;city129;446;87;city299;22;200;city214;136;106;city296;338;232;city249;336;21;city269;483;18;city150;337;366;city62;462;46;city161


159;city173;254;179;city220;65;469;city183;252;422;city299;70;485;city237;179;45;city223;91;61;city270;497;115;city251;256;417;city136;374;140;city298;82;444;city205;196;68;city214;71;40;city141;233;237;city219;252;45;city142;403;103;city65;72;196;city156;435;104;city213
152;city204;332;259;city285;449;432;city107;44;266;city54;495;461;city88;310;21;city164
157;city90;432;188;city109
148;city78;408;190;city99;467;219;city81;107;487;city85;21;422;city133;367;45;city278;340;383;city142;281;92;city271;28;249;city232;338;26;city112;142;66;city68;52;65;city204;281;39;city216;462;289;city192
143;city125;163;368;city186;85;392;city58;393;315;city253;71;399;city142;11;362;city265;276;469;city165;41;4;city54;29;228;city211;342;390;city206;392;211;city62;257;400;city75;6;224;city271;384;103;city237;387;463;city177;274;87;city89
165;city188;132;353;city84;238;366;city203;464;449;city156;243;486;city226;417;76;city276




129;city270;134;489;city149;445;441;city82;15;394;city259;448;77;city54;284;161;city216;438;146;city228;327;407;city244;300;40;city272;66;49;city218;45;47;city271;463;5;city187;189;122;city295;139;374;city263;375;282;city159;336;301;city229;124;389;city238;422;97;city248;216;377;city152
135;city76;233;443;city243;452;337;city153;275;62;city166;422;7;city57;456;462;city183;66;303;city122;328;489;city211;71;324;city275;389;230;city63;414;367;city155;46;221;city245;116;370;city189;343;205;city133;372;141;city143
139;city236;149;435;city212;430;364;city183;325;253;city240;452;202;city274;169;458;city99;448;81;city262;119;201;city223;500;312;city163
132;city186;141;28;city172;400;128;city214;47;181;city143;225;21;city189;250;273;city259;176;217;city253;106;293;city292;153;384;city58;310;112;city171;318;367;city200;461;385;city71;437;213;city298;414;295;city296;219;216;city137;217;449;city166;173;264;city199;46;435;city94
133;city139;30;201;city114;90;30;city175;2;434;city291;278;201;city141;43;371;city262;11;263;city104;63;84;city221;103;75;city264



163;city208;86;443;city167;3;169;city97;142;417;city152;379;400;city95
159;city173;254;179;city220;65;469;city183;252;422;city299;70;485;city237;179;45;city223;91;61;city270;497;115;city251;256;417;city136;374;140;city298;82;444;city205;196;68;city214;71;40;city141;233;237;city219;252;45;city142;403;103;city65;72;196;city156;435;104;city213
162;city82;72;51;city267;287;102;city223;447;149;city157;22;302;city196;463;220;city110;492;290;city287;92;354;city190;179;130;city183
135;city76;233;443;city243;452;337;city153;275;62;city166;422;7;city57;456;462;city183;66;303;city122;328;489;city211;71;324;city275;389;230;city63;414;367;city155;46;221;city245;116;370;city189;343;205;city133;372;141;city143


169;city299;297;41;city135;313;416;city117;239;29;city86;328;263;city240
153;city182;197;129;city98;387;352;city290;372;471;city58;114;34;city275;388;488;city145;472;341;city173

143;city125;163;368;city186;85;392;city58;393;315;city253;71;399;city142;11;362;city265;276;469;city165;41;4;city54;29;228;city211;342;390;city206;392;211;city62;257;400;city75;6;224;city271;384;103;city237;387;463;city177;274;87;city89
155;city198;130;268;city118;286;248;city169;347;174;city201;372;56;city142;402;306;city276;132;272;city199;156;293;city226;435;478;city158;159;497;city60;220;479;city129;446;87;city299;22;200;city214;136;106;city296;338;232;city249;336;21;city269;483;18;city150;337;366;city62;462;46;city161
162;city82;72;51;city267;287;102;city223;447;149;city157;22;302;city196;463;220;city110;492;290;city287;92;354;city190;179;130;city183
147;city230;367;277;city270;100;305;city281;286;403;city235;147;228;city78;222;321;city244;354;385;city280;282;226;city72;12;339;city248;75;274;city245

171;city58;498;314;city226
159;city173;254;179;city220;65;469;city183;252;422;city299;70;485;city237;179;45;city223;91;61;city270;497;115;city251;256;417;city136;374;140;city298;82;444;city205;196;68;city214;71;40;city141;233;237;city219;252;45;city142;403;103;city65;72;196;city156;435;104;city213
149;city232;67;452;city195;454;265;city99;283;399;city133;457;316;city100;106;99;city106;391;334;city263;15;192;city115;478;165;city182;444;55;city177;275;99;city250;9;196;city280;364;197;city277;18;440;city278
149;city232;67;452;city195;454;265;city99;283;399;city133;457;316;city100;106;99;city106;391;334;city263;15;192;city115;478;165;city182;444;55;city177;275;99;city250;9;196;city280;364;197;city277;18;440;city278
155;city198;130;268;city118;286;248;city169;347;174;city201;372;56;city142;402;306;city276;132;272;city199;156;293;city226;435;478;city158;159;497;city60;220;479;city129;446;87;city299;22;200;city214;136;106;city296;338;232;city249;336;21;city269;483;18;city150;337;366;city62;462;46;city161
132;city186;141;28;city172;400;128;city214;47;181;city143;225;21;city189;250;273;city259;176;217;city253;106;293;city292;153;384;city58;310;112;city171;318;367;city200;461;385;city71;437;213;city298;414;295;city296;219;216;city137;217;449;city166;173;264;city199;46;435;city94
164;city75;251;78;city172;462;47;city93;479;474;city149;347;202;city175;400;87;city294;313;311;city101

164;city75;251;78;city172;462;47;city93;479;474;city149;347;202;city175;400;87;city294;313;311;city101

127;city74;482;37;city242;457;27;city166;110;300;city162;72;237;city88;367;415;city275;88;7;city177;378;442;city298;402;486;city69;363;56;city222
133;city139;30;201;city114;90;30;city175;2;434;city291;278;201;city141;43;371;city262;11;263;city104;63;84;city221;103;75;city264
125;city82;388;342;city95;56;257;city205;330;223;city153;8;115;city92;81;483;city59;188;384;city286;388;235;city280;417;75;city290
162;city82;72;51;city267;287;102;city223;447;149;city157;22;302;city196;463;220;city110;492;290;city287;92;354;city190;179;130;city183
168;city205;398;118;city69;175;423;city157;340;15;city246;416;323;city199;430;96;city203;197;250;city68;337;433;city272;418;6;city291;289;276;city296;64;20;city107;94;393;city155;438;269;city115;165;373;city221;405;382;city131
154;city140;481;85;city137;397;184;city174;32;286;city215;172;215;city185;144;217;city250
138;city171;390;151;city221;330;209;city229;177;378;city255;447;118;city124;351;429;city115;292;442;city67;408;488;city178

146;city147;294;66;city141
135;city76;233;443;city243;452;337;city153;275;62;city166;422;7;city57;456;462;city183;66;303;city122;328;489;city211;71;324;city275;389;230;city63;414;367;city155;46;221;city245;116;370;city189;343;205;city133;372;141;city143

168;city205;398;118;city69;175;423;city157;340;15;city246;416;323;city199;430;96;city203;197;250;city68;337;433;city272;418;6;city291;289;276;city296;64;20;city107;94;393;city155;438;269;city115;165;373;city221;405;382;city131
144;city58;82;147;city218;339;321;city157;359;338;city68;377;303;city297;229;275;city286;463;136;city172;27;270;city147;477;439;city266;238;380;city242;242;419;city201;41;14;city103

157;city90;432;188;city109
154;city140;481;85;city137;397;184;city174;32;286;city215;172;215;city185;144;217;city250
154;city140;481;85;city137;397;184;city174;32;286;city215;172;215;city185;144;217;city250
156;city51;98;434;city212;470;228;city150;157;136;city232;240;82;city242;230;338;city219
163;city208;86;443;city167;3;169;city97;142;417;city152;379;400;city95
156;city51;98;434;city212;470;228;city150;157;136;city232;240;82;city242;230;338;city219
159;city173;254;179;city220;65;469;city183;252;422;city299;70;485;city237;179;45;city223;91;61;city270;497;115;city251;256;417;city136;374;140;city298;82;444;city205;196;68;city214;71;40;city141;233;237;city219;252;45;city142;403;103;city65;72;196;city156;435;104;city213
161;city119;334;453;city268;102;413;city273;124;434;city270;132;346;city257;32;314;city98;462;493;city63;107;63;city211;230;343;city219;34;328;city295;55;59;city57;185;197;city209
132;city186;141;28;city172;400;128;city214;47;181;city143;225;21;city189;250;273;city259;176;217;city253;106;293;city292;153;384;city58;310;112;city171;318;367;city200;461;385;city71;437;213;city298;414;295;city296;219;216;city137;217;449;city166;173;264;city199;46;435;city94



163;city208;86;443;city167;3;169;city97;142;417;city152;379;400;city95
127;city74;482;37;city242;457;27;city166;110;300;city162;72;237;city88;367;415;city275;88;7;city177;378;442;city298;402;486;city69;363;56;city222
135;city76;233;443;city243;452;337;city153;275;62;city166;422;7;city57;456;462;city183;66;303;city122;328;489;city211;71;324;city275;389;230;city63;414;367;city155;46;221;city245;116;370;city189;343;205;city133;372;141;city143
169;city299;297;41;city135;313;416;city117;239;29;city86;328;263;city240
154;city140;481;85;city137;397;184;city174;32;286;city215;172;215;city185;144;217;city250


131;city85;24;498;city163;293;292;city162;482;367;city282;486;475;city108;241;104;city299;260;284;city210;70;61;city116;412;419;city141;89;223;city172;204;402;city181;29;495;city95;198;239;city276;56;437;city205

152;city204;332;259;city285;449;432;city107;44;266;city54;495;461;city88;310;21;city164
136;city52;122;473;city115;183;398;city123;110;212;city154;383;170;city288;256;58;city169;466;30;city269;69;66;city167;153;444;city290;203;415;city103;335;109;city299;387;18;city59
131;city85;24;498;city163;293;292;city162;482;367;city282;486;475;city108;241;104;city299;260;284;city210;70;61;city116;412;419;city141;89;223;city172;204;402;city181;29;495;city95;198;239;city276;56;437;city205
161;city119;334;453;city268;102;413;city273;124;434;city270;132;346;city257;32;314;city98;462;493;city63;107;63;city211;230;343;city219;34;328;city295;55;59;city57;185;197;city209
139;city236;149;435;city212;430;364;city183;325;253;city240;452;202;city274;169;458;city99;448;81;city262;119;201;city223;500;312;city163


156;city51;98;434;city212;470;228;city150;157;136;city232;240;82;city242;230;338;city219
164;city75;251;78;city172;462;47;city93;479;474;city149;347;202;city175;400;87;city294;313;311;city101
138;city171;390;151;city221;330;209;city229;177;378;city255;447;118;city124;351;429;city115;292;442;city67;408;488;city178
126;city231;352;494;city269;192;290;city74;172;146;city289;12;354;city68
157;city90;432;188;city109
155;city198;130;268;city118;286;248;city169;347;174;city201;372;56;city142;402;306;city276;132;272;city199;156;293;city226;435;478;city158;159;497;city60;220;479;city129;446;87;city299;22;200;city214;136;106;city296;338;232;city249;336;21;city269;483;18;city150;337;366;city62;462;46;city161
148;city78;408;190;city99;467;219;city81;107;487;city85;21;422;city133;367;45;city278;340;383;city142;281;92;city271;28;249;city232;338;26;city112;142;66;city68;52;65;city204;281;39;city216;462;289;city192
159;city173;254;179;city220;65;469;city183;252;422;city299;70;485;city237;179;45;city223;91;61;city270;497;115;city251;256;417;city136;374;140;city298;82;444;city205;196;68;city214;71;40;city141;233;237;city219;252;45;city142;403;103;city65;72;196;city156;435;104;city213
134;city279;212;310;city193;499;66;city80;38;159;city196;256;391;city141;103;21;city241;52;473;city166;385;409;city222;243;184;city247;368;222;city202;345;206;city129;17;287;city185
130;city292;483;136;city264;323;24;city242;279;477;city89;354;168;city271;187;21;city217;344;14;city283;499;31;city166;318;76;city50;296;206;city185;129;483;city59;2;259;city202;261;418;city221;397;19;city276
165;city188;132;353;city84;238;366;city203;464;449;city156;243;486;city226;417;76;city276
136;city52;122;473;city115;183;398;city123;110;212;city154;383;170;city288;256;58;city169;466;30;city269;69;66;city167;153;444;city290;203;415;city103;335;109;city299;387;18;city59
160;city123;373;494;city294;372;487;city164;404;456;city125;302;31;city129;155;216;city192;6;452;city265;110;451;city218;232;433;city127
150;city211;210;365;city132;422;498;city236;357;180;city208;418;2;city130;244;422;city176;70;111;city57;168;330;city77;434;176;city100;282;283;city233;44;179;city66;234;357;city269;427;468;city224;304;42;city58

148;city78;408;190;city99;467;219;city81;107;487;city85;21;422;city133;367;45;city278;340;383;city142;281;92;city271;28;249;city232;338;26;city112;142;66;city68;52;65;city204;281;39;city216;462;289;city192
139;city236;149;435;city212;430;364;city183;325;253;city240;452;202;city274;169;458;city99;448;81;city262;119;201;city223;500;312;city163
169;city299;297;41;city135;313;416;city117;239;29;city86;328;263;city240
154;city140;481;85;city137;397;184;city174;32;286;city215;172;215;city185;144;217;city250
131;city85;24;498;city163;293;292;city162;482;367;city282;486;475;city108;241;104;city299;260;284;city210;70;61;city116;412;419;city141;89;223;city172;204;402;city181;29;495;city95;198;239;city276;56;437;city205
125;city82;388;342;city95;56;257;city205;330;223;city153;8;115;city92;81;483;city59;188;384;city286;388;235;city280;417;75;city290

134;city279;212;310;city193;499;66;city80;38;159;city196;256;391;city141;103;21;city241;52;473;city166;385;409;city222;243;184;city247;368;222;city202;345;206;city129;17;287;city185
133;city139;30;201;city114;90;30;city175;2;434;city291;278;201;city141;43;371;city262;11;263;city104;63;84;city221;103;75;city264
132;city186;141;28;city172;400;128;city214;47;181;city143;225;21;city189;250;273;city259;176;217;city253;106;293;city292;153;384;city58;310;112;city171;318;367;city200;461;385;city71;437;213;city298;414;295;city296;219;216;city137;217;449;city166;173;264;city199;46;435;city94
165;city188;132;353;city84;238;366;city203;464;449;city156;243;486;city226;417;76;city276
129;city270;134;489;city149;445;441;city82;15;394;city259;448;77;city54;284;161;city216;438;146;city228;327;407;city244;300;40;city272;66;49;city218;45;47;city271;463;5;city187;189;122;city295;139;374;city263;375;282;city159;336;301;city229;124;389;city238;422;97;city248;216;377;city152
132;city186;141;28;city172;400;128;city214;47;181;city143;225;21;city189;250;273;city259;176;217;city253;106;293;city292;153;384;city58;310;112;city171;318;367;city200;461;385;city71;437;213;city298;414;295;city296;219;216;city137;217;449;city166;173;264;city199;46;435;city94
138;city171;390;151;city221;330;209;city229;177;378;city255;447;118;city124;351;429;city115;292;442;city67;408;488;city178

164;city75;251;78;city172;462;47;city93;479;474;city149;347;202;city175;400;87;city294;313;311;city101

147;city230;367;277;city270;100;305;city281;286;403;city235;147;228;city78;222;321;city244;354;385;city280;282;226;city72;12;339;city248;75;274;city245
168;city205;398;118;city69;175;423;city157;340;15;city246;416;323;city199;430;96;city203;197;250;city68;337;433;city272;418;6;city291;289;276;city296;64;20;city107;94;393;city155;438;269;city115;165;373;city221;405;382;city131

152;city204;332;259;city285;449;432;city107;44;266;city54;495;461;city88;310;21;city164
128;city259;413;188;city81;364;424;city215;42;452;city77;21;373;city196;47;38;city229;48;465;city101;300;332;city249;340;369;city230
130;city292;483;136;city264;323;24;city242;279;477;city89;354;168;city271;187;21;city217;344;14;city283;499;31;city166;318;76;city50;296;206;city185;129;483;city59;2;259;city202;261;418;city221;397;19;city276
131;city85;24;498;city163;293;292;city162;482;367;city282;486;475;city108;241;104;city299;260;284;city210;70;61;city116;412;419;city141;89;223;city172;204;402;city181;29;495;city95;198;239;city276;56;437;city205
159;city173;254;179;city220;65;469;city183;252;422;city299;70;485;city237;179;45;city223;91;61;city270;497;115;city251;256;417;city136;374;140;city298;82;444;city205;196;68;city214;71;40;city141;233;237;city219;252;45;city142;403;103;city65;72;196;city156;435;104;city213
150;city211;210;365;city132;422;498;city236;357;180;city208;418;2;city130;244;422;city176;70;111;city57;168;330;city77;434;176;city100;282;283;city233;44;179;city66;234;357;city269;427;468;city224;304;42;city58
174;city121;400;440;city294;451;439;city104;431;15;city73;441;372;city243;309;78;city128;74;232;city151;363;306;city244;186;70;city298;43;306;city80;179;424;city234;175;455;city286;266;159;city195;73;57;city211;498;457;city119;299;255;city229;355;151;city203;94;384;city187;13;269;city279;447;282;city155
157;city90;432;188;city109
131;city85;24;498;city163;293;292;city162;482;367;city282;486;475;city108;241;104;city299;260;284;city210;70;61;city116;412;419;city141;89;223;city172;204;402;city181;29;495;city95;198;239;city276;56;437;city205
136;city52;122;473;city115;183;398;city123;110;212;city154;383;170;city288;256;58;city169;466;30;city269;69;66;city167;153;444;city290;203;415;city103;335;109;city299;387;18;city59
157;city90;432;188;city109
169;city299;297;41;city135;313;416;city117;239;29;city86;328;263;city240
151;city121;298;138;city247;52;286;city163;172;335;city108;398;365;city102;248;234;city236;430;338;city206;302;252;city229;324;297;city95;120;169;city162;47;262;city146;310;487;city101;123;250;city124;440;400;city62;363;53;city133

151;city121;298;138;city247;52;286;city163;172;335;city108;398;365;city102;248;234;city236;430;338;city206;302;252;city229;324;297;city95;120;169;city162;47;262;city146;310;487;city101;123;250;city124;440;400;city62;363;53;city133
133;city139;30;201;city114;90;30;city175;2;434;city291;278;201;city141;43;371;city262;11;263;city104;63;84;city221;103;75;city264
138;city171;390;151;city221;330;209;city229;177;378;city255;447;118;city124;351;429;city115;292;442;city67;408;488;city178
158;city151;366;496;city241;360;324;city107;168;308;city87;56;32;city62;413;337;city127;336;197;city190;100;158;city234;459;134;city285;111;402;city139;460;47;city182
153;city182;197;129;city98;387;352;city290;372;471;city58;114;34;city275;388;488;city145;472;341;city173
169;city299;297;41;city135;313;416;city117;239;29;city86;328;263;city240
158;city151;366;496;city241;360;324;city107;168;308;city87;56;32;city62;413;337;city127;336;197;city190;100;158;city234;459;134;city285;111;402;city139;460;47;city182
141;city243;162;499;city89;423;54;city140;490;263;city171;237;313;city61;60;283;city187;260;363;city265;66;270;city53;96;202;city279;462;216;city191;250;103;city50
142;city222;375;472;city229;75;483;city84;455;83;city206;496;442;city174;154;437;city295;220;448;city171;279;490;city181;403;201;city299;417;41;city215;492;402;city120;368;471;city68;91;167;city61;184;199;city133;205;25;city172;452;490;city124;116;23;city260
144;city58;82;147;city218;339;321;city157;359;338;city68;377;303;city297;229;275;city286;463;136;city172;27;270;city147;477;439;city266;238;380;city242;242;419;city201;41;14;city103
133;city139;30;201;city114;90;30;city175;2;434;city291;278;201;city141;43;371;city262;11;263;city104;63;84;city221;103;75;city264
148;city78;408;190;city99;467;219;city81;107;487;city85;21;422;city133;367;45;city278;340;383;city142;281;92;city271;28;249;city232;338;26;city112;142;66;city68;52;65;city204;281;39;city216;462;289;city192
156;city51;98;434;city212;470;228;city150;157;136;city232;240;82;city242;230;338;city219
125;city82;388;342;city95;56;257;city205;330;223;city153;8;115;city92;81;483;city59;188;384;city286;388;235;city280;417;75;city290
144;city58;82;147;city218;339;321;city157;359;338;city68;377;303;city297;229;275;city286;463;136;city172;27;270;city147;477;439;city266;238;380;city242;242;419;city201;41;14;city103
160;city123;373;494;city294;372;487;city164;404;456;city125;302;31;city129;155;216;city192;6;452;city265;110;451;city218;232;433;city127
150;city211;210;365;city132;422;498;city236;357;180;city208;418;2;city130;244;422;city176;70;111;city57;168;330;city77;434;176;city100;282;283;city233;44;179;city66;234;357;city269;427;468;city224;304;42;city58
144;city58;82;147;city218;339;321;city157;359;338;city68;377;303;city297;229;275;city286;463;136;city172;27;270;city147;477;439;city266;238;380;city242;242;419;city201;41;14;city103
129;city270;134;489;city149;445;441;city82;15;394;city259;448;77;city54;284;161;city216;438;146;city228;327;407;city244;300;40;city272;66;49;city218;45;47;city271;463;5;city187;189;122;city295;139;374;city263;375;282;city159;336;301;city229;124;389;city238;422;97;city248;216;377;city152
148;city78;408;190;city99;467;219;city81;107;487;city85;21;422;city133;367;45;city278;340;383;city142;281;92;city271;28;249;city232;338;26;city112;142;66;city68;52;65;city204;281;39;city216;462;289;city192
160;city123;373;494;city294;372;487;city164;404;456;city125;302;31;city129;155;216;city192;6;452;city265;110;451;city218;232;433;city127
134;city279;212;310;city193;499;66;city80;38;159;city196;256;391;city141;103;21;city241;52;473;city166;385;409;city222;243;184;city247;368;222;city202;345;206;city129;17;287;city185
141;city243;162;499;city89;423;54;city140;490;263;city171;237;313;city61;60;283;city187;260;363;city265;66;270;city53;96;202;city279;462;216;city191;250;103;city50
154;city140;481;85;city137;397;184;city174;32;286;city215;172;215;city185;144;217;city250
136;city52;122;473;city115;183;398;city123;110;212;city154;383;170;city288;256;58;city169;466;30;city269;69;66;city167;153;444;city290;203;415;city103;335;109;city299;387;18;city59
163;city208;86;443;city167;3;169;city97;142;417;city152;379;400;city95
128;city259;413;188;city81;364;424;city215;42;452;city77;21;373;city196;47;38;city229;48;465;city101;300;332;city249;340;369;city230
154;city140;481;85;city137;397;184;city174;32;286;city215;172;215;city185;144;217;city250
148;city78;408;190;city99;467;219;city81;107;487;city85;21;422;city133;367;45;city278;340;383;city142;281;92;city271;28;249;city232;338;26;city112;142;66;city68;52;65;city204;281;39;city216;462;289;city192
135;city76;233;443;city243;452;337;city153;275;62;city166;422;7;city57;456;462;city183;66;303;city122;328;489;city211;71;324;city275;389;230;city63;414;367;city155;46;221;city245;116;370;city189;343;205;city133;372;141;city143
133;city139;30;201;city114;90;30;city175;2;434;city291;278;201;city141;43;371;city262;11;263;city104;63;84;city221;103;75;city264
126;city231;352;494;city269;192;290;city74;172;146;city289;12;354;city68
129;city270;134;489;city149;445;441;city82;15;394;city259;448;77;city54;284;161;city216;438;146;city228;327;407;city244;300;40;city272;66;49;city218;45;47;city271;463;5;city187;189;122;city295;139;374;city263;375;282;city159;336;301;city229;124;389;city238;422;97;city248;216;377;city152
153;city182;197;129;city98;387;352;city290;372;471;city58;114;34;city275;388;488;city145;472;341;city173
126;city231;352;494;city269;192;290;city74;172;146;city289;12;354;city68
159;city173;254;179;city220;65;469;city183;252;422;city299;70;485;city237;179;45;city223;91;61;city270;497;115;city251;256;417;city136;374;140;city298;82;444;city205;196;68;city214;71;40;city141;233;237;city219;252;45;city142;403;103;city65;72;196;city156;435;104;city213
173;city222;259;322;city248;499;367;city131;236;286;city199;113;151;city64;488;300;city86;231;367;city172;133;301;city269;277;214;city162;423;237;city294;447;189;city147;204;108;city281;371;500;city211
137;city265;125;320;city67;39;126;city252;156;234;city224;270;329;city169;497;446;city77;72;408;city185;391;268;city258;294;178;city221;345;275;city66;64;81;city125;2;278;city219;222;19;city247;191;133;city273;108;481;city56;244;245;city189;438;496;city90;10;16;city89;176;157;city61
134;city279;212;310;city193;499;66;city80;38;159;city196;256;391;city141;103;21;city241;52;473;city166;385;409;city222;243;184;city247;368;222;city202;345;206;city129;17;287;city185
129;city270;134;489;city149;445;441;city82;15;394;city259;448;77;city54;284;161;city216;438;146;city228;327;407;city244;300;40;city272;66;49;city218;45;47;city271;463;5;city187;189;122;city295;139;374;city263;375;282;city159;336;301;city229;124;389;city238;422;97;city248;216;377;city152
163;city208;86;443;city167;3;169;city97;142;417;city152;379;400;city95
140;city206;397;457;city104;184;286;city121;122;33;city159;99;342;city164;14;137;city254;250;41;city203;323;244;city160;297;475;city214;69;65;city255;417;193;city132;183;63;city118;207;412;city77;161;89;city99;192;354;city148;463;499;city139;421;451;city261;75;156;city193
143;city125;163;368;city186;85;392;city58;393;315;city253;71;399;city142;11;362;city265;276;469;city165;41;4;city54;29;228;city211;342;390;city206;392;211;city62;257;400;city75;6;224;city271;384;103;city237;387;463;city177;274;87;city89
127;city74;482;37;city242;457;27;city166;110;300;city162;72;237;city88;367;415;city275;88;7;city177;378;442;city298;402;486;city69;363;56;city222
166;city60;237;33;city277;348;122;city100;386;215;city130;375;469;city257;204;449;city124;225;219;city103
144;city58;82;147;city218;339;321;city157;359;338;city68;377;303;city297;229;275;city286;463;136;city172;27;270;city147;477;439;city266;238;380;city242;242;419;city201;41;14;city103
167;city186;239;103;city53;262;110;city290;227;356;city94
126;city231;352;494;city269;192;290;city74;172;146;city289;12;354;city68
142;city222;375;472;city229;75;483;city84;455;83;city206;496;442;city174;154;437;city295;220;448;city171;279;490;city181;403;201;city299;417;41;city215;492;402;city120;368;471;city68;91;167;city61;184;199;city133;205;25;city172;452;490;city124;116;23;city260
162;city82;72;51;city267;287;102;city223;447;149;city157;22;302;city196;463;220;city110;492;290;city287;92;354;city190;179;130;city183
146;city147;294;66;city141
161;city119;334;453;city268;102;413;city273;124;434;city270;132;346;city257;32;314;city98;462;493;city63;107;63;city211;230;343;city219;34;328;city295;55;59;city57;185;197;city209
155;city198;130;268;city118;286;248;city169;347;174;city201;372;56;city142;402;306;city276;132;272;city199;156;293;city226;435;478;city158;159;497;city60;220;479;city129;446;87;city299;22;200;city214;136;106;city296;338;232;city249;336;21;city269;483;18;city150;337;366;city62;462;46;city161
146;city147;294;66;city141
162;city82;72;51;city267;287;102;city223;447;149;city157;22;302;city196;463;220;city110;492;290;city287;92;354;city190;179;130;city183
132;city186;141;28;city172;400;128;city214;47;181;city143;225;21;city189;250;273;city259;176;217;city253;106;293;city292;153;384;city58;310;112;city171;318;367;city200;461;385;city71;437;213;city298;414;295;city296;219;216;city137;217;449;city166;173;264;city199;46;435;city94
136;city52;122;473;city115;183;398;city123;110;212;city154;383;170;city288;256;58;city169;466;30;city269;69;66;city167;153;444;city290;203;415;city103;335;109;city299;387;18;city59
151;city121;298;138;city247;52;286;city163;172;335;city108;398;365;city102;248;234;city236;430;338;city206;302;252;city229;324;297;city95;120;169;city162;47;262;city146;310;487;city101;123;250;city124;440;400;city62;363;53;city133
154;city140;481;85;city137;397;184;city174;32;286;city215;172;215;city185;144;217;city250
142;city222;375;472;city229;75;483;city84;455;83;city206;496;442;city174;154;437;city295;220;448;city171;279;490;city181;403;201;city299;417;41;city215;492;402;city120;368;471;city68;91;167;city61;184;199;city133;205;25;city172;452;490;city124;116;23;city260
172;city279;305;42;city234;319;110;city193;415;409;city122;223;85;city291;125;451;city133;145;266;city292;408;375;city83;315;333;city104;336;245;city215;186;185;city156;373;14;city270;425;10;city208;236;249;city271;126;195;city259;407;371;city223
143;city125;163;368;city186;85;392;city58;393;315;city253;71;399;city142;11;362;city265;276;469;city165;41;4;city54;29;228;city211;342;390;city206;392;211;city62;257;400;city75;6;224;city271;384;103;city237;387;463;city177;274;87;city89
132;city186;141;28;city172;400;128;city214;47;181;city143;225;21;city189;250;273;city259;176;217;city253;106;293;city292;153;384;city58;310;112;city171;318;367;city200;461;385;city71;437;213;city298;414;295;city296;219;216;city137;217;449;city166;173;264;city199;46;435;city94
137;city265;125;320;city67;39;126;city252;156;234;city224;270;329;city169;497;446;city77;72;408;city185;391;268;city258;294;178;city221;345;275;city66;64;81;city125;2;278;city219;222;19;city247;191;133;city273;108;481;city56;244;245;city189;438;496;city90;10;16;city89;176;157;city61
166;city60;237;33;city277;348;122;city100;386;215;city130;375;469;city257;204;449;city124;225;219;city103
141;city243;162;499;city89;423;54;city140;490;263;city171;237;313;city61;60;283;city187;260;363;city265;66;270;city53;96;202;city279;462;216;city191;250;103;city50
132;city186;141;28;city172;400;128;city214;47;181;city143;225;21;city189;250;273;city259;176;217;city253;106;293;city292;153;384;city58;310;112;city171;318;367;city200;461;385;city71;437;213;city298;414;295;city296;219;216;city137;217;449;city166;173;264;city199;46;435;city94
133;city139;30;201;city114;90;30;city175;2;434;city291;278;201;city141;43;371;city262;11;263;city104;63;84;city221;103;75;city264
162;city82;72;51;city267;287;102;city223;447;149;city157;22;302;city196;463;220;city110;492;290;city287;92;354;city190;179;130;city183
138;city171;390;151;city221;330;209;city229;177;378;city255;447;118;city124;351;429;city115;292;442;city67;408;488;city178
147;city230;367;277;city270;100;305;city281;286;403;city235;147;228;city78;222;321;city244;354;385;city280;282;226;city72;12;339;city248;75;274;city245
149;city232;67;452;city195;454;265;city99;283;399;city133;457;316;city100;106;99;city106;391;334;city263;15;192;city115;478;165;city182;444;55;city177;275;99;city250;9;196;city280;364;197;city277;18;440;city278
132;city186;141;28;city172;400;128;city214;47;181;city143;225;21;city189;250;273;city259;176;217;city253;106;293;city292;153;384;city58;310;112;city171;318;367;city200;461;385;city71;437;213;city298;414;295;city296;219;216;city137;217;449;city166;173;264;city199;46;435;city94
165;city188;132;353;city84;238;366;city203;464;449;city156;243;486;city226;417;76;city276
162;city82;72;51;city267;287;102;city223;447;149;city157;22;302;city196;463;220;city110;492;290;city287;92;354;city190;179;130;city183
140;city206;397;457;city104;184;286;city121;122;33;city159;99;342;city164;14;137;city254;250;41;city203;323;244;city160;297;475;city214;69;65;city255;417;193;city132;183;63;city118;207;412;city77;161;89;city99;192;354;city148;463;499;city139;421;451;city261;75;156;city193
127;city74;482;37;city242;457;27;city166;110;300;city162;72;237;city88;367;415;city275;88;7;city177;378;442;city298;402;486;city69;363;56;city222
128;city259;413;188;city81;364;424;city215;42;452;city77;21;373;city196;47;38;city229;48;465;city101;300;332;city249;340;369;city230
129;city270;134;489;city149;445;441;city82;15;394;city259;448;77;city54;284;161;city216;438;146;city228;327;407;city244;300;40;city272;66;49;city218;45;47;city271;463;5;city187;189;122;city295;139;374;city263;375;282;city159;336;301;city229;124;389;city238;422;97;city248;216;377;city152
156;city51;98;434;city212;470;228;city150;157;136;city232;240;82;city242;230;338;city219
148;city78;408;190;city99;467;219;city81;107;487;city85;21;422;city133;367;45;city278;340;383;city142;281;92;city271;28;249;city232;338;26;city112;142;66;city68;52;65;city204;281;39;city216;462;289;city192
129;city270;134;489;city149;445;441;city82;15;394;city259;448;77;city54;284;161;city216;438;146;city228;327;407;city244;300;40;city272;66;49;city218;45;47;city271;463;5;city187;189;122;city295;139;374;city263;375;282;city159;336;301;city229;124;389;city238;422;97;city248;216;377;city152
162;city82;72;51;city267;287;102;city223;447;149;city157;22;302;city196;463;220;city110;492;290;city287;92;354;city190;179;130;city183
154;city140;481;85;city137;397;184;city174;32;286;city215;172;215;city185;144;217;city250
165;city188;132;353;city84;238;366;city203;464;449;city156;243;486;city226;417;76;city276
139;city236;149;435;city212;430;364;city183;325;253;city240;452;202;city274;169;458;city99;448;81;city262;119;201;city223;500;312;city163
143;city125;163;368;city186;85;392;city58;393;315;city253;71;399;city142;11;362;city265;276;469;city165;41;4;city54;29;228;city211;342;390;city206;392;211;city62;257;400;city75;6;224;city271;384;103;city237;387;463;city177;274;87;city89
165;city188;132;353;city84;238;366;city203;464;449;city156;243;486;city226;417;76;city276
128;city259;413;188;city81;364;424;city215;42;452;city77;21;373;city196;47;38;city229;48;465;city101;300;332;city249;340;369;city230
172;city279;305;42;city234;319;110;city193;415;409;city122;223;85;city291;125;451;city133;145;266;city292;408;375;city83;315;333;city104;336;245;city215;186;185;city156;373;14;city270;425;10;city208;236;249;city271;126;195;city259;407;371;city223
161;city119;334;453;city268;102;413;city273;124;434;city270;132;346;city257;32;314;city98;462;493;city63;107;63;city211;230;343;city219;34;328;city295;55;59;city57;185;197;city209
125;city82;388;342;city95;56;257;city205;330;223;city153;8;115;city92;81;483;city59;188;384;city286;388;235;city280;417;75;city290
164;city75;251;78;city172;462;47;city93;479;474;city149;347;202;city175;400;87;city294;313;311;city101
162;city82;72;51;city267;287;102;city223;447;149;city157;22;302;city196;463;220;city110;492;290;city287;92;354;city190;179;130;city183
163;city208;86;443;city167;3;169;city97;142;417;city152;379;400;city95
135;city76;233;443;city243;452;337;city153;275;62;city166;422;7;city57;456;462;city183;66;303;city122;328;489;city211;71;324;city275;389;230;city63;414;367;city155;46;221;city245;116;370;city189;343;205;city133;372;141;city143
153;city182;197;129;city98;387;352;city290;372;471;city58;114;34;city275;388;488;city145;472;341;city173
149;city232;67;452;city195;454;265;city99;283;399;city133;457;316;city100;106;99;city106;391;334;city263;15;192;city115;478;165;city182;444;55;city177;275;99;city250;9;196;city280;364;197;city277;18;440;city278
170;city190;370;262;city268;332;249;city291;474;201;city145;283;309;city51;404;287;city245;487;101;city135;104;305;city150;49;382;city172;50;416;city65
131;city85;24;498;city163;293;292;city162;482;367;city282;486;475;city108;241;104;city299;260;284;city210;70;61;city116;412;419;city141;89;223;city172;204;402;city181;29;495;city95;198;239;city276;56;437;city205
174;city121;400;440;city294;451;439;city104;431;15;city73;441;372;city243;309;78;city128;74;232;city151;363;306;city244;186;70;city298;43;306;city80;179;424;city234;175;455;city286;266;159;city195;73;57;city211;498;457;city119;299;255;city229;355;151;city203;94;384;city187;13;269;city279;447;282;city155
163;city208;86;443;city167;3;169;city97;142;417;city152;379;400;city95
166;city60;237;33;city277;348;122;city100;386;215;city130;375;469;city257;204;449;city124;225;219;city103
174;city121;400;440;city294;451;439;city104;431;15;city73;441;372;city243;309;78;city128;74;232;city151;363;306;city244;186;70;city298;43;306;city80;179;424;city234;175;455;city286;266;159;city195;73;57;city211;498;457;city119;299;255;city229;355;151;city203;94;384;city187;13;269;city279;447;282;city155
160;city123;373;494;city294;372;487;city164;404;456;city125;302;31;city129;155;216;city192;6;452;city265;110;451;city218;232;433;city127
173;city222;259;322;city248;499;367;city131;236;286;city199;113;151;city64;488;300;city86;231;367;city172;133;301;city269;277;214;city162;423;237;city294;447;189;city147;204;108;city281;371;500;city211
154;city140;481;85;city137;397;184;city174;32;286;city215;172;215;city185;144;217;city250
142;city222;375;472;city229;75;483;city84;455;83;city206;496;442;city174;154;437;city295;220;448;city171;279;490;city181;403;201;city299;417;41;city215;492;402;city120;368;471;city68;91;167;city61;184;199;city133;205;25;city172;452;490;city124;116;23;city260
