ERROR 9
ERROR 10
ERROR 15
ERROR 19
ERROR 28
ERROR 40
ERROR 41
ERROR 42
ERROR 50
ERROR 52
ERROR 57
ERROR 63
ERROR 64
ERROR 68
ERROR 70
ERROR 71
ERROR 73
ERROR 75
ERROR 81
ERROR 85
ERROR 86
ERROR 90
ERROR 92
ERROR 94
ERROR 95
ERROR 96
ERROR 97
ERROR 98
ERROR 100
ERROR 101
ERROR 102
ERROR 103
ERROR 104
ERROR 108
ERROR 114
ERROR 116
ERROR 119
ERROR 120
ERROR 122
ERROR 125
ERROR 126
ERROR 129
ERROR 130
ERROR 131
ERROR 134
ERROR 136
ERROR 138
ERROR 140
ERROR 141
ERROR 142
ERROR 143
ERROR 145
ERROR 146
ERROR 148
ERROR 149
ERROR 150
ERROR 151
ERROR 153
ERROR 157
ERROR 158
ERROR 159
ERROR 164
ERROR 165
ERROR 169
ERROR 174
ERROR 175
ERROR 182
ERROR 183
ERROR 184
ERROR 186
ERROR 188
ERROR 189
ERROR 193
ERROR 195
ERROR 196
ERROR 200
ERROR 201
ERROR 204
ERROR 206
ERROR 207
ERROR 209
ERROR 212
ERROR 215
ERROR 219
ERROR 220
ERROR 221
ERROR 223
ERROR 224
ERROR 229
ERROR 230
ERROR 232
ERROR 233
ERROR 234
ERROR 236
ERROR 237
ERROR 238
ERROR 240
ERROR 241
ERROR 243
ERROR 245
ERROR 246
ERROR 248
ERROR 249
ERROR 252
ERROR 254
ERROR 255
ERROR 256
ERROR 259
ERROR 261
ERROR 265
ERROR 271
ERROR 273
ERROR 275
ERROR 280
ERROR 281
ERROR 282
ERROR 283
ERROR 286
ERROR 288
ERROR 290
ERROR 293
ERROR 294
ERROR 295
ERROR 296
ERROR 298
ERROR 301
ERROR 303
ERROR 304
ERROR 306
ERROR 307
ERROR 309
ERROR 314
ERROR 316
ERROR 317
ERROR 318
ERROR 319
ERROR 325
ERROR 326
ERROR 328
ERROR 335
ERROR 336
ERROR 338
ERROR 339
ERROR 341
ERROR 342
ERROR 346
ERROR 347
ERROR 348
ERROR 353
ERROR 354
ERROR 355
ERROR 356
ERROR 359
ERROR 361
ERROR 362
ERROR 363
ERROR 365
ERROR 368
ERROR 370
ERROR 373
ERROR 377
ERROR 379
ERROR 382
ERROR 384
ERROR 386
ERROR 387
ERROR 388
ERROR 390
ERROR 393
ERROR 394
ERROR 396
ERROR 398
ERROR 399
ERROR 402
ERROR 407
ERROR 408
ERROR 410
ERROR 414
ERROR 416
ERROR 418
ERROR 421
ERROR 424
ERROR 425
ERROR 426
ERROR 428
ERROR 429
ERROR 434
ERROR 436
ERROR 437
ERROR 439
ERROR 442
ERROR 448
ERROR 452
ERROR 454
ERROR 455
ERROR 456
ERROR 459
ERROR 462
ERROR 463
ERROR 467
ERROR 469
ERROR 471
ERROR 473
ERROR 474
ERROR 475
ERROR 478
ERROR 479
ERROR 481
ERROR 483
ERROR 484
ERROR 485
ERROR 492
ERROR 495
ERROR 500
ERROR 501
ERROR 502
ERROR 503
ERROR 504
ERROR 505
ERROR 510
ERROR 511
ERROR 514
ERROR 515
ERROR 516
ERROR 517
ERROR 519
ERROR 520
ERROR 521
ERROR 527
ERROR 528
ERROR 530
ERROR 534
ERROR 536
ERROR 537
ERROR 539
ERROR 541
ERROR 544
ERROR 545
ERROR 546
ERROR 547
ERROR 549
ERROR 551
ERROR 552
ERROR 553
ERROR 555
ERROR 558
ERROR 560
ERROR 561
ERROR 562
ERROR 563
ERROR 564
ERROR 565
ERROR 566
ERROR 567
ERROR 571
ERROR 572
ERROR 573
ERROR 575
ERROR 576
ERROR 578
ERROR 579
ERROR 580
ERROR 582
ERROR 583
ERROR 584
ERROR 585
ERROR 586
ERROR 589
ERROR 596
ERROR 598
ERROR 599
ERROR 601
ERROR 602
ERROR 603
ERROR 604
ERROR 605
ERROR 606
ERROR 608
ERROR 609
ERROR 610
ERROR 612
ERROR 616
ERROR 618
ERROR 619
ERROR 620
ERROR 622
ERROR 623
ERROR 624
ERROR 626
ERROR 629
ERROR 630
ERROR 631
ERROR 632
ERROR 635
ERROR 636
ERROR 637
ERROR 638
ERROR 639
ERROR 640
ERROR 644
ERROR 646
ERROR 647
ERROR 648
ERROR 651
ERROR 653
ERROR 655
ERROR 656
ERROR 660
ERROR 663
ERROR 664
ERROR 666
ERROR 668
ERROR 670
ERROR 672
ERROR 674
ERROR 676
ERROR 677
