ERROR 14
ERROR 22
ERROR 25
ERROR 26
ERROR 30
ERROR 35
ERROR 36
ERROR 40
ERROR 45
ERROR 53
ERROR 54
ERROR 55
ERROR 58
ERROR 65
ERROR 66
ERROR 67
ERROR 70
ERROR 74
ERROR 77
ERROR 78
ERROR 79
ERROR 81
ERROR 84
ERROR 85
ERROR 86
ERROR 88
ERROR 90
ERROR 93
ERROR 99
ERROR 106
ERROR 110
ERROR 113
ERROR 114
ERROR 117
ERROR 118
ERROR 119
ERROR 125
ERROR 127
ERROR 131
ERROR 132
ERROR 135
ERROR 136
ERROR 137
ERROR 138
ERROR 141
ERROR 143
ERROR 147
ERROR 151
ERROR 152
ERROR 153
ERROR 154
ERROR 155
ERROR 159
ERROR 161
ERROR 168
ERROR 169
ERROR 170
ERROR 171
ERROR 172
ERROR 173
ERROR 176
ERROR 180
ERROR 186
ERROR 187
ERROR 189
ERROR 191
ERROR 193
ERROR 195
ERROR 196
ERROR 197
ERROR 201
ERROR 203
ERROR 212
ERROR 219
ERROR 225
ERROR 226
ERROR 227
ERROR 228
ERROR 230
ERROR 231
ERROR 232
ERROR 237
ERROR 239
ERROR 241
ERROR 243
ERROR 247
ERROR 249
ERROR 253
ERROR 255
ERROR 258
ERROR 259
ERROR 261
ERROR 262
ERROR 263
ERROR 265
ERROR 266
ERROR 269
ERROR 270
ERROR 272
ERROR 274
ERROR 275
ERROR 276
ERROR 281
ERROR 284
ERROR 285
ERROR 286
ERROR 287
ERROR 289
ERROR 290
ERROR 295
ERROR 297
ERROR 298
ERROR 300
ERROR 303
ERROR 306
ERROR 308
ERROR 309
ERROR 313
ERROR 314
ERROR 316
ERROR 317
ERROR 320
ERROR 321
ERROR 322
ERROR 325
ERROR 326
ERROR 327
ERROR 330
ERROR 331
ERROR 332
ERROR 334
ERROR 335
ERROR 340
ERROR 346
ERROR 353
ERROR 354
ERROR 355
ERROR 357
ERROR 361
ERROR 363
ERROR 366
ERROR 367
ERROR 368
ERROR 369
ERROR 372
ERROR 376
ERROR 377
ERROR 378
ERROR 381
ERROR 382
ERROR 384
ERROR 389
ERROR 393
ERROR 396
ERROR 398
ERROR 399
ERROR 400
ERROR 404
ERROR 409
ERROR 410
ERROR 411
ERROR 412
ERROR 413
ERROR 414
ERROR 416
ERROR 417
ERROR 420
ERROR 421
ERROR 423
ERROR 425
ERROR 427
ERROR 428
ERROR 429
ERROR 431
ERROR 432
ERROR 433
ERROR 434
ERROR 435
ERROR 437
ERROR 439
ERROR 443
ERROR 444
ERROR 447
ERROR 448
ERROR 449
ERROR 450
ERROR 452
ERROR 453
ERROR 458
ERROR 462
ERROR 463
ERROR 466
ERROR 471
ERROR 478
ERROR 481
ERROR 482
ERROR 484
ERROR 485
ERROR 491
ERROR 492
ERROR 495
ERROR 496
ERROR 500
ERROR 503
ERROR 504
ERROR 509
ERROR 512
ERROR 515
ERROR 516
ERROR 517
ERROR 518
ERROR 520
ERROR 522
ERROR 523
ERROR 526
ERROR 528
ERROR 530
ERROR 531
ERROR 532
ERROR 533
ERROR 534
ERROR 536
ERROR 538
ERROR 541
ERROR 543
ERROR 545
ERROR 546
ERROR 547
ERROR 551
ERROR 556
ERROR 558
ERROR 560
ERROR 564
ERROR 565
ERROR 567
ERROR 568
ERROR 571
ERROR 573
ERROR 574
ERROR 575
ERROR 576
ERROR 578
ERROR 580
ERROR 583
ERROR 588
ERROR 589
ERROR 595
ERROR 600
ERROR 602
ERROR 604
ERROR 606
ERROR 607
ERROR 609
ERROR 610
ERROR 613
ERROR 616
ERROR 617
ERROR 619
ERROR 621
ERROR 623
ERROR 633
ERROR 634
ERROR 638
ERROR 640
ERROR 641
ERROR 643
ERROR 646
ERROR 649
ERROR 652
ERROR 654
ERROR 655
ERROR 659
ERROR 666
ERROR 668
ERROR 669
ERROR 670
ERROR 672
ERROR 675
ERROR 677
ERROR 678
ERROR 679
ERROR 682
ERROR 684
ERROR 686
ERROR 688
ERROR 691
ERROR 692
ERROR 693
ERROR 694
ERROR 695
ERROR 702
ERROR 707
ERROR 709
ERROR 710
ERROR 712
ERROR 713
ERROR 715
ERROR 718
ERROR 721
ERROR 723
ERROR 724
ERROR 725
ERROR 727
ERROR 729
ERROR 732
ERROR 736
ERROR 739
ERROR 741
ERROR 743
ERROR 744
ERROR 746
ERROR 748
ERROR 749
ERROR 751
ERROR 753
ERROR 754
ERROR 761
ERROR 763
ERROR 764
ERROR 766
ERROR 767
ERROR 768
ERROR 770
ERROR 774
ERROR 777
ERROR 778
ERROR 781
ERROR 782
ERROR 783
ERROR 787
ERROR 789
ERROR 790
ERROR 791
ERROR 793
ERROR 798
ERROR 801
ERROR 803
ERROR 805
ERROR 806
ERROR 808
ERROR 810
ERROR 814
ERROR 817
ERROR 818
ERROR 820
ERROR 822
ERROR 823
ERROR 824
ERROR 828
ERROR 829
ERROR 833
ERROR 835
ERROR 836
ERROR 837
ERROR 839
ERROR 841
ERROR 845
ERROR 846
ERROR 847
ERROR 848
ERROR 852
ERROR 855
ERROR 856
ERROR 857
ERROR 859
ERROR 862
ERROR 868
ERROR 870
ERROR 872
ERROR 878
ERROR 881
ERROR 882
ERROR 886
ERROR 887
ERROR 889
ERROR 890
ERROR 891
ERROR 892
ERROR 893
ERROR 896
ERROR 897
ERROR 903
ERROR 907
ERROR 908
ERROR 909
ERROR 910
ERROR 911
ERROR 913
ERROR 916
ERROR 917
ERROR 918
ERROR 921
ERROR 922
ERROR 923
ERROR 924
ERROR 926
ERROR 927
ERROR 929
ERROR 930
ERROR 932
ERROR 935
ERROR 936
ERROR 937
ERROR 939
ERROR 940
ERROR 946
ERROR 947
ERROR 948
ERROR 952
ERROR 953
ERROR 955
ERROR 960
ERROR 962
ERROR 964
ERROR 967
ERROR 969
ERROR 975
ERROR 978
ERROR 979
ERROR 980
ERROR 981
ERROR 985
ERROR 987
ERROR 988
ERROR 989
ERROR 991
ERROR 993
ERROR 996
ERROR 997
ERROR 1000
ERROR 1002
ERROR 1003
ERROR 1005
ERROR 1006
ERROR 1007
ERROR 1009
ERROR 1011
ERROR 1013
ERROR 1017
ERROR 1019
ERROR 1026
ERROR 1027
ERROR 1028
ERROR 1030
ERROR 1033
ERROR 1034
ERROR 1035
ERROR 1036
ERROR 1041
ERROR 1043
ERROR 1045
ERROR 1047
ERROR 1048
ERROR 1049
ERROR 1050
ERROR 1051
ERROR 1052
ERROR 1054
ERROR 1056
ERROR 1057
ERROR 1058
ERROR 1059
ERROR 1061
ERROR 1062
ERROR 1065
ERROR 1066
ERROR 1067
ERROR 1076
ERROR 1079
ERROR 1082
ERROR 1084
ERROR 1085
ERROR 1088
ERROR 1092
ERROR 1094
ERROR 1095
ERROR 1096
ERROR 1097
ERROR 1098
ERROR 1099
ERROR 1100
ERROR 1101
ERROR 1102
ERROR 1103
ERROR 1104
ERROR 1106
ERROR 1107
ERROR 1109
ERROR 1110
ERROR 1115
ERROR 1118
ERROR 1121
ERROR 1122
ERROR 1123
ERROR 1125
ERROR 1126
ERROR 1127
ERROR 1129
ERROR 1131
ERROR 1132
ERROR 1135
ERROR 1136
ERROR 1138
ERROR 1139
ERROR 1140
ERROR 1141
ERROR 1144
ERROR 1145
ERROR 1148
ERROR 1151
ERROR 1155
ERROR 1157
ERROR 1163
ERROR 1164
ERROR 1166
ERROR 1167
ERROR 1168
ERROR 1171
ERROR 1172
ERROR 1173
ERROR 1174
ERROR 1177
ERROR 1178
ERROR 1183
ERROR 1184
ERROR 1188
ERROR 1190
ERROR 1192
ERROR 1193
ERROR 1194
ERROR 1195
ERROR 1196
ERROR 1197
ERROR 1199
ERROR 1200
ERROR 1202
ERROR 1203
ERROR 1205
ERROR 1207
ERROR 1208
ERROR 1212
ERROR 1213
ERROR 1215
ERROR 1218
ERROR 1219
ERROR 1220
ERROR 1222
ERROR 1226
ERROR 1227
ERROR 1231
ERROR 1233
ERROR 1235
ERROR 1239
ERROR 1240
ERROR 1241
ERROR 1242
ERROR 1244
ERROR 1245
ERROR 1246
ERROR 1247
ERROR 1250
ERROR 1251
ERROR 1252
ERROR 1253
ERROR 1257
ERROR 1258
ERROR 1261
ERROR 1267
ERROR 1270
ERROR 1271
ERROR 1272
ERROR 1273
ERROR 1274
ERROR 1277
ERROR 1280
ERROR 1284
ERROR 1286
ERROR 1287
ERROR 1290
ERROR 1292
ERROR 1294
ERROR 1298
ERROR 1300
ERROR 1301
ERROR 1302
ERROR 1304
ERROR 1306
ERROR 1309
ERROR 1311
ERROR 1313
ERROR 1316
ERROR 1317
ERROR 1320
ERROR 1322
ERROR 1323
ERROR 1324
ERROR 1326
ERROR 1328
ERROR 1329
ERROR 1330
ERROR 1331
ERROR 1334
ERROR 1337
ERROR 1338
ERROR 1339
ERROR 1341
ERROR 1343
ERROR 1348
ERROR 1349
ERROR 1352
ERROR 1353
ERROR 1354
ERROR 1355
ERROR 1357
ERROR 1358
ERROR 1360
ERROR 1366
ERROR 1367
ERROR 1368
ERROR 1369
ERROR 1370
ERROR 1373
ERROR 1374
ERROR 1375
ERROR 1377
ERROR 1378
ERROR 1380
ERROR 1382
ERROR 1383
ERROR 1387
ERROR 1390
ERROR 1393
ERROR 1395
ERROR 1399
ERROR 1401
ERROR 1402
ERROR 1403
ERROR 1404
ERROR 1406
ERROR 1407
ERROR 1408
ERROR 1409
ERROR 1412
ERROR 1416
ERROR 1417
ERROR 1420
ERROR 1421
ERROR 1422
ERROR 1424
ERROR 1425
ERROR 1427
ERROR 1428
ERROR 1429
ERROR 1433
ERROR 1434
ERROR 1437
ERROR 1439
ERROR 1440
ERROR 1441
ERROR 1445
ERROR 1447
ERROR 1448
ERROR 1450
ERROR 1451
ERROR 1453
ERROR 1455
ERROR 1456
ERROR 1458
ERROR 1460
ERROR 1461
ERROR 1462
ERROR 1463
ERROR 1466
ERROR 1468
ERROR 1470
ERROR 1472
ERROR 1474
ERROR 1476
ERROR 1477
ERROR 1478
ERROR 1480
ERROR 1482
ERROR 1483
ERROR 1486
ERROR 1487
ERROR 1488
ERROR 1489
ERROR 1493
ERROR 1498
ERROR 1499
ERROR 1507
ERROR 1509
ERROR 1510
ERROR 1513
ERROR 1514
ERROR 1517
ERROR 1520
ERROR 1524
ERROR 1525
ERROR 1530
ERROR 1531
ERROR 1535
ERROR 1536
ERROR 1537
ERROR 1539
ERROR 1541
ERROR 1542
ERROR 1545
ERROR 1549
ERROR 1550
ERROR 1551
ERROR 1552
ERROR 1553
ERROR 1554
ERROR 1558
ERROR 1563
ERROR 1564
ERROR 1566
ERROR 1567
ERROR 1570
ERROR 1576
ERROR 1579
ERROR 1582
ERROR 1583
ERROR 1585
ERROR 1588
ERROR 1590
ERROR 1593
ERROR 1596
ERROR 1598
ERROR 1599
ERROR 1600
ERROR 1601
ERROR 1602
ERROR 1603
ERROR 1604
ERROR 1605
ERROR 1614
ERROR 1617
ERROR 1619
ERROR 1624
ERROR 1626
ERROR 1630
ERROR 1631
ERROR 1634
ERROR 1635
ERROR 1636
ERROR 1637
ERROR 1638
ERROR 1641
ERROR 1642
ERROR 1643
ERROR 1645
ERROR 1648
ERROR 1650
ERROR 1651
ERROR 1652
ERROR 1655
ERROR 1656
ERROR 1657
ERROR 1658
ERROR 1660
ERROR 1661
ERROR 1663
ERROR 1664
ERROR 1666
ERROR 1668
ERROR 1669
ERROR 1672
ERROR 1674
ERROR 1675
ERROR 1676
ERROR 1679
ERROR 1680
ERROR 1686
ERROR 1687
ERROR 1688
ERROR 1689
ERROR 1691
ERROR 1692
ERROR 1693
ERROR 1695
ERROR 1696
ERROR 1697
ERROR 1698
ERROR 1703
ERROR 1707
ERROR 1710
ERROR 1711
ERROR 1713
ERROR 1716
ERROR 1718
ERROR 1721
ERROR 1723
ERROR 1724
ERROR 1725
ERROR 1726
ERROR 1729
ERROR 1731
ERROR 1732
ERROR 1733
ERROR 1735
ERROR 1739
ERROR 1740
ERROR 1741
ERROR 1745
ERROR 1747
ERROR 1748
ERROR 1749
ERROR 1751
ERROR 1752
ERROR 1755
ERROR 1761
