











155;city255;475;172;city149






164;city192;41;36;city179;169;238;city63;494;259;city107;290;22;city97;288;119;city72








141;city250;126;419;city88;245;427;city220;244;252;city116


128;city192;44;397;city249;216;446;city262;164;83;city251;189;439;city289;282;229;city287;315;113;city247;94;138;city170;205;307;city168;30;174;city217;43;288;city255
158;city71;50;383;city137;73;456;city244;95;98;city209;77;213;city172
163;city85;113;185;city62;234;164;city238;416;199;city164;4;390;city63;331;386;city160;141;148;city145;131;86;city265;161;146;city257;355;365;city120


162;city142;303;381;city121;17;159;city91;481;330;city69



144;city128;439;111;city226;195;327;city274;103;470;city270;156;147;city155;366;291;city190;120;223;city200
163;city85;113;185;city62;234;164;city238;416;199;city164;4;390;city63;331;386;city160;141;148;city145;131;86;city265;161;146;city257;355;365;city120
164;city192;41;36;city179;169;238;city63;494;259;city107;290;22;city97;288;119;city72
162;city142;303;381;city121;17;159;city91;481;330;city69


170;city180;159;327;city105;73;224;city71;152;211;city191;210;231;city265;43;415;city167;390;436;city131

162;city142;303;381;city121;17;159;city91;481;330;city69
130;city223;40;277;city110;89;171;city131;159;55;city226;56;49;city277;246;108;city62;194;184;city117;469;253;city261;107;160;city108;497;357;city51;342;254;city271;149;310;city246;9;319;city75
156;city210;336;257;city213;20;426;city58;3;353;city211;212;333;city161;437;112;city198;246;235;city136;460;427;city53;289;383;city214;33;392;city79;110;321;city195;486;392;city66;229;313;city216;92;66;city157;42;418;city194;90;371;city297;7;482;city60;61;134;city119;58;379;city50;74;31;city230


145;city268;348;177;city170;20;183;city216;480;172;city122;152;227;city87;310;125;city289;278;277;city282;425;87;city105;432;460;city86;20;267;city79;404;386;city233

134;city61;225;458;city146;359;27;city232;451;214;city105;46;433;city285;341;67;city299;489;95;city261;12;19;city52;74;31;city80;47;86;city236;8;297;city51;51;280;city248;128;122;city155;206;492;city260;128;454;city102;97;2;city175;192;362;city203;228;92;city148;389;172;city277;90;186;city296
134;city61;225;458;city146;359;27;city232;451;214;city105;46;433;city285;341;67;city299;489;95;city261;12;19;city52;74;31;city80;47;86;city236;8;297;city51;51;280;city248;128;122;city155;206;492;city260;128;454;city102;97;2;city175;192;362;city203;228;92;city148;389;172;city277;90;186;city296


128;city192;44;397;city249;216;446;city262;164;83;city251;189;439;city289;282;229;city287;315;113;city247;94;138;city170;205;307;city168;30;174;city217;43;288;city255
146;city99;479;61;city131;401;267;city153;180;402;city210;362;325;city227;47;392;city220;181;296;city216;482;330;city98;413;153;city104;310;209;city121;383;43;city218;360;197;city85;70;369;city256;151;209;city282;446;488;city60;388;227;city221;260;399;city182;456;383;city255;230;498;city139;379;49;city129
151;city251;306;460;city181;103;360;city155;199;442;city53;52;262;city249;34;496;city195;119;28;city113;131;438;city283;425;93;city104
144;city128;439;111;city226;195;327;city274;103;470;city270;156;147;city155;366;291;city190;120;223;city200
127;city171;27;116;city194;201;24;city218;343;229;city286;77;251;city155;246;143;city288;464;185;city116
147;city249;133;420;city223;81;430;city270;129;333;city247;358;81;city203;375;498;city53;371;157;city212;249;291;city236;337;447;city215;17;348;city204;141;452;city200;368;489;city137;164;281;city132;395;291;city111;225;236;city224;84;99;city239;371;448;city57
167;city85;457;175;city212;119;448;city111;222;193;city153;77;481;city293;442;490;city108;242;350;city66;279;66;city102
148;city296;426;495;city137;152;401;city98;170;439;city169;172;127;city86;125;445;city210
159;city95;171;492;city180;222;59;city143;240;199;city129;210;472;city227;397;179;city61;379;455;city263

129;city161;122;189;city258;274;317;city285;293;197;city175;270;201;city159;415;310;city185;372;467;city257;415;71;city274


147;city249;133;420;city223;81;430;city270;129;333;city247;358;81;city203;375;498;city53;371;157;city212;249;291;city236;337;447;city215;17;348;city204;141;452;city200;368;489;city137;164;281;city132;395;291;city111;225;236;city224;84;99;city239;371;448;city57

166;city64;389;206;city204;415;230;city207;186;76;city156

140;city72;47;490;city283;273;302;city157;216;409;city195;388;202;city214;424;22;city222;247;494;city121;318;450;city151;114;469;city167;310;61;city193;473;249;city216;206;113;city134;118;296;city82;175;437;city67;28;312;city132
138;city192;3;51;city155;259;454;city124;169;8;city127;227;424;city136;181;198;city228;171;386;city210;355;177;city173;18;440;city76;366;88;city59;430;142;city138;312;239;city159;161;429;city98
172;city75;273;176;city265;47;235;city152;92;122;city236;71;306;city253

130;city223;40;277;city110;89;171;city131;159;55;city226;56;49;city277;246;108;city62;194;184;city117;469;253;city261;107;160;city108;497;357;city51;342;254;city271;149;310;city246;9;319;city75
131;city51;270;304;city250;495;406;city205;94;219;city281;149;310;city69;429;395;city135;379;235;city146;379;360;city170;292;470;city253;218;416;city88;220;344;city110;387;300;city242;338;405;city52;468;345;city177;196;487;city297;389;149;city269;299;320;city102;452;264;city162;443;253;city295;349;73;city100
143;city284;129;380;city215;433;220;city206;454;327;city176
132;city51;234;47;city93;456;140;city56;122;40;city133;24;194;city72;167;274;city207;305;310;city232;375;216;city107;112;485;city70;386;259;city77;251;213;city297;327;242;city288
159;city95;171;492;city180;222;59;city143;240;199;city129;210;472;city227;397;179;city61;379;455;city263
128;city192;44;397;city249;216;446;city262;164;83;city251;189;439;city289;282;229;city287;315;113;city247;94;138;city170;205;307;city168;30;174;city217;43;288;city255
125;city224;30;118;city62

163;city85;113;185;city62;234;164;city238;416;199;city164;4;390;city63;331;386;city160;141;148;city145;131;86;city265;161;146;city257;355;365;city120
148;city296;426;495;city137;152;401;city98;170;439;city169;172;127;city86;125;445;city210
167;city85;457;175;city212;119;448;city111;222;193;city153;77;481;city293;442;490;city108;242;350;city66;279;66;city102
167;city85;457;175;city212;119;448;city111;222;193;city153;77;481;city293;442;490;city108;242;350;city66;279;66;city102
172;city75;273;176;city265;47;235;city152;92;122;city236;71;306;city253
158;city71;50;383;city137;73;456;city244;95;98;city209;77;213;city172
159;city95;171;492;city180;222;59;city143;240;199;city129;210;472;city227;397;179;city61;379;455;city263
144;city128;439;111;city226;195;327;city274;103;470;city270;156;147;city155;366;291;city190;120;223;city200

172;city75;273;176;city265;47;235;city152;92;122;city236;71;306;city253
159;city95;171;492;city180;222;59;city143;240;199;city129;210;472;city227;397;179;city61;379;455;city263
157;city94;102;29;city194;397;444;city213;46;185;city241;305;487;city105

153;city54;199;346;city90;252;237;city148;397;84;city271;297;369;city209;487;5;city69;352;297;city68;187;226;city168;441;419;city268;311;83;city243;279;461;city86;292;126;city267;20;120;city64;265;183;city58;126;78;city56;495;348;city274
133;city159;58;98;city194;232;403;city100;91;59;city270
154;city121;388;204;city278;257;17;city56;481;365;city91;339;282;city138;270;361;city261;226;487;city209;75;126;city130;387;374;city51;156;188;city259;472;195;city207;320;205;city126;109;141;city290;151;355;city251;215;478;city200;204;174;city202;138;360;city97;168;30;city60
161;city185;261;369;city128;25;15;city177;185;281;city75;355;319;city279
163;city85;113;185;city62;234;164;city238;416;199;city164;4;390;city63;331;386;city160;141;148;city145;131;86;city265;161;146;city257;355;365;city120
139;city209;428;300;city281;443;152;city230;299;391;city223;416;491;city183;358;22;city108;291;241;city219;57;30;city132;203;203;city128;17;204;city252;207;200;city244;365;341;city205;361;179;city283;382;265;city204;361;33;city100
168;city296;7;150;city283;450;120;city138;233;342;city99;216;185;city123;413;470;city56;264;480;city216;363;440;city73;6;23;city62;395;14;city104;364;369;city225;62;245;city84;488;474;city210;330;40;city219;470;212;city264;126;260;city140;183;94;city196;353;182;city244;148;430;city155;100;137;city274
172;city75;273;176;city265;47;235;city152;92;122;city236;71;306;city253
160;city279;119;449;city125;388;388;city95;355;440;city163;390;213;city132;32;21;city82;430;138;city208;24;138;city222;380;145;city270;393;467;city65;458;400;city286
173;city99;22;284;city154;496;467;city232;215;168;city97;197;331;city100;224;253;city70;419;147;city221;350;452;city61;372;405;city266;339;83;city297
144;city128;439;111;city226;195;327;city274;103;470;city270;156;147;city155;366;291;city190;120;223;city200
129;city161;122;189;city258;274;317;city285;293;197;city175;270;201;city159;415;310;city185;372;467;city257;415;71;city274
138;city192;3;51;city155;259;454;city124;169;8;city127;227;424;city136;181;198;city228;171;386;city210;355;177;city173;18;440;city76;366;88;city59;430;142;city138;312;239;city159;161;429;city98
140;city72;47;490;city283;273;302;city157;216;409;city195;388;202;city214;424;22;city222;247;494;city121;318;450;city151;114;469;city167;310;61;city193;473;249;city216;206;113;city134;118;296;city82;175;437;city67;28;312;city132
165;city106;176;399;city165;48;28;city184;96;475;city248;318;492;city221;425;13;city178
156;city210;336;257;city213;20;426;city58;3;353;city211;212;333;city161;437;112;city198;246;235;city136;460;427;city53;289;383;city214;33;392;city79;110;321;city195;486;392;city66;229;313;city216;92;66;city157;42;418;city194;90;371;city297;7;482;city60;61;134;city119;58;379;city50;74;31;city230
140;city72;47;490;city283;273;302;city157;216;409;city195;388;202;city214;424;22;city222;247;494;city121;318;450;city151;114;469;city167;310;61;city193;473;249;city216;206;113;city134;118;296;city82;175;437;city67;28;312;city132
150;city182;134;172;city135
158;city71;50;383;city137;73;456;city244;95;98;city209;77;213;city172
144;city128;439;111;city226;195;327;city274;103;470;city270;156;147;city155;366;291;city190;120;223;city200
154;city121;388;204;city278;257;17;city56;481;365;city91;339;282;city138;270;361;city261;226;487;city209;75;126;city130;387;374;city51;156;188;city259;472;195;city207;320;205;city126;109;141;city290;151;355;city251;215;478;city200;204;174;city202;138;360;city97;168;30;city60
143;city284;129;380;city215;433;220;city206;454;327;city176
162;city142;303;381;city121;17;159;city91;481;330;city69
168;city296;7;150;city283;450;120;city138;233;342;city99;216;185;city123;413;470;city56;264;480;city216;363;440;city73;6;23;city62;395;14;city104;364;369;city225;62;245;city84;488;474;city210;330;40;city219;470;212;city264;126;260;city140;183;94;city196;353;182;city244;148;430;city155;100;137;city274
149;city248;323;221;city154;297;72;city76;11;309;city125;388;222;city181;337;97;city199;241;480;city140;412;159;city150;372;254;city233;312;124;city105;95;191;city281;168;291;city190;463;295;city288
164;city192;41;36;city179;169;238;city63;494;259;city107;290;22;city97;288;119;city72
134;city61;225;458;city146;359;27;city232;451;214;city105;46;433;city285;341;67;city299;489;95;city261;12;19;city52;74;31;city80;47;86;city236;8;297;city51;51;280;city248;128;122;city155;206;492;city260;128;454;city102;97;2;city175;192;362;city203;228;92;city148;389;172;city277;90;186;city296

153;city54;199;346;city90;252;237;city148;397;84;city271;297;369;city209;487;5;city69;352;297;city68;187;226;city168;441;419;city268;311;83;city243;279;461;city86;292;126;city267;20;120;city64;265;183;city58;126;78;city56;495;348;city274
145;city268;348;177;city170;20;183;city216;480;172;city122;152;227;city87;310;125;city289;278;277;city282;425;87;city105;432;460;city86;20;267;city79;404;386;city233
153;city54;199;346;city90;252;237;city148;397;84;city271;297;369;city209;487;5;city69;352;297;city68;187;226;city168;441;419;city268;311;83;city243;279;461;city86;292;126;city267;20;120;city64;265;183;city58;126;78;city56;495;348;city274
144;city128;439;111;city226;195;327;city274;103;470;city270;156;147;city155;366;291;city190;120;223;city200

144;city128;439;111;city226;195;327;city274;103;470;city270;156;147;city155;366;291;city190;120;223;city200
157;city94;102;29;city194;397;444;city213;46;185;city241;305;487;city105
156;city210;336;257;city213;20;426;city58;3;353;city211;212;333;city161;437;112;city198;246;235;city136;460;427;city53;289;383;city214;33;392;city79;110;321;city195;486;392;city66;229;313;city216;92;66;city157;42;418;city194;90;371;city297;7;482;city60;61;134;city119;58;379;city50;74;31;city230
141;city250;126;419;city88;245;427;city220;244;252;city116
141;city250;126;419;city88;245;427;city220;244;252;city116
125;city224;30;118;city62
138;city192;3;51;city155;259;454;city124;169;8;city127;227;424;city136;181;198;city228;171;386;city210;355;177;city173;18;440;city76;366;88;city59;430;142;city138;312;239;city159;161;429;city98
143;city284;129;380;city215;433;220;city206;454;327;city176
125;city224;30;118;city62
163;city85;113;185;city62;234;164;city238;416;199;city164;4;390;city63;331;386;city160;141;148;city145;131;86;city265;161;146;city257;355;365;city120
161;city185;261;369;city128;25;15;city177;185;281;city75;355;319;city279
140;city72;47;490;city283;273;302;city157;216;409;city195;388;202;city214;424;22;city222;247;494;city121;318;450;city151;114;469;city167;310;61;city193;473;249;city216;206;113;city134;118;296;city82;175;437;city67;28;312;city132
148;city296;426;495;city137;152;401;city98;170;439;city169;172;127;city86;125;445;city210
174;city262;357;258;city81;12;405;city139;399;463;city151;111;71;city292;113;43;city224
127;city171;27;116;city194;201;24;city218;343;229;city286;77;251;city155;246;143;city288;464;185;city116
137;city170;329;79;city284;281;466;city107;231;110;city109;39;104;city137;437;362;city192;435;326;city151;82;391;city226;235;462;city216;229;127;city127;445;482;city263;454;440;city249;219;354;city89;82;145;city175;401;461;city221;156;53;city165
172;city75;273;176;city265;47;235;city152;92;122;city236;71;306;city253
142;city265;318;50;city108;435;348;city213;47;27;city220;192;201;city50;111;61;city207;147;373;city157;454;280;city96;380;358;city281
154;city121;388;204;city278;257;17;city56;481;365;city91;339;282;city138;270;361;city261;226;487;city209;75;126;city130;387;374;city51;156;188;city259;472;195;city207;320;205;city126;109;141;city290;151;355;city251;215;478;city200;204;174;city202;138;360;city97;168;30;city60
142;city265;318;50;city108;435;348;city213;47;27;city220;192;201;city50;111;61;city207;147;373;city157;454;280;city96;380;358;city281
161;city185;261;369;city128;25;15;city177;185;281;city75;355;319;city279
163;city85;113;185;city62;234;164;city238;416;199;city164;4;390;city63;331;386;city160;141;148;city145;131;86;city265;161;146;city257;355;365;city120
134;city61;225;458;city146;359;27;city232;451;214;city105;46;433;city285;341;67;city299;489;95;city261;12;19;city52;74;31;city80;47;86;city236;8;297;city51;51;280;city248;128;122;city155;206;492;city260;128;454;city102;97;2;city175;192;362;city203;228;92;city148;389;172;city277;90;186;city296
160;city279;119;449;city125;388;388;city95;355;440;city163;390;213;city132;32;21;city82;430;138;city208;24;138;city222;380;145;city270;393;467;city65;458;400;city286
171;city281;485;400;city251;187;123;city253;439;387;city120;489;324;city190;472;226;city134;206;494;city198;166;477;city209;102;428;city287;316;287;city53;210;276;city239;413;274;city118;22;169;city185;442;22;city299;491;40;city176;326;62;city150;482;263;city162;242;197;city130;106;79;city218;306;4;city108
148;city296;426;495;city137;152;401;city98;170;439;city169;172;127;city86;125;445;city210
152;city126;53;60;city201;125;361;city161;484;111;city223;354;19;city231;210;267;city57;396;130;city189;226;354;city66;472;170;city259;321;122;city172;251;58;city173;178;154;city228;323;243;city96;480;369;city124;189;50;city150;126;23;city192;394;248;city178;40;110;city131;315;153;city68
131;city51;270;304;city250;495;406;city205;94;219;city281;149;310;city69;429;395;city135;379;235;city146;379;360;city170;292;470;city253;218;416;city88;220;344;city110;387;300;city242;338;405;city52;468;345;city177;196;487;city297;389;149;city269;299;320;city102;452;264;city162;443;253;city295;349;73;city100
152;city126;53;60;city201;125;361;city161;484;111;city223;354;19;city231;210;267;city57;396;130;city189;226;354;city66;472;170;city259;321;122;city172;251;58;city173;178;154;city228;323;243;city96;480;369;city124;189;50;city150;126;23;city192;394;248;city178;40;110;city131;315;153;city68
133;city159;58;98;city194;232;403;city100;91;59;city270
146;city99;479;61;city131;401;267;city153;180;402;city210;362;325;city227;47;392;city220;181;296;city216;482;330;city98;413;153;city104;310;209;city121;383;43;city218;360;197;city85;70;369;city256;151;209;city282;446;488;city60;388;227;city221;260;399;city182;456;383;city255;230;498;city139;379;49;city129

129;city161;122;189;city258;274;317;city285;293;197;city175;270;201;city159;415;310;city185;372;467;city257;415;71;city274
128;city192;44;397;city249;216;446;city262;164;83;city251;189;439;city289;282;229;city287;315;113;city247;94;138;city170;205;307;city168;30;174;city217;43;288;city255

129;city161;122;189;city258;274;317;city285;293;197;city175;270;201;city159;415;310;city185;372;467;city257;415;71;city274
170;city180;159;327;city105;73;224;city71;152;211;city191;210;231;city265;43;415;city167;390;436;city131
134;city61;225;458;city146;359;27;city232;451;214;city105;46;433;city285;341;67;city299;489;95;city261;12;19;city52;74;31;city80;47;86;city236;8;297;city51;51;280;city248;128;122;city155;206;492;city260;128;454;city102;97;2;city175;192;362;city203;228;92;city148;389;172;city277;90;186;city296
127;city171;27;116;city194;201;24;city218;343;229;city286;77;251;city155;246;143;city288;464;185;city116
153;city54;199;346;city90;252;237;city148;397;84;city271;297;369;city209;487;5;city69;352;297;city68;187;226;city168;441;419;city268;311;83;city243;279;461;city86;292;126;city267;20;120;city64;265;183;city58;126;78;city56;495;348;city274
173;city99;22;284;city154;496;467;city232;215;168;city97;197;331;city100;224;253;city70;419;147;city221;350;452;city61;372;405;city266;339;83;city297
126;city167;485;119;city120
151;city251;306;460;city181;103;360;city155;199;442;city53;52;262;city249;34;496;city195;119;28;city113;131;438;city283;425;93;city104
165;city106;176;399;city165;48;28;city184;96;475;city248;318;492;city221;425;13;city178
164;city192;41;36;city179;169;238;city63;494;259;city107;290;5255;city97;288;119;city72
147;city249;133;420;city223;81;430;city270;129;333;city247;358;81;city203;375;498;city53;371;157;city212;249;291;city236;337;447;city215;17;348;city204;141;452;city200;368;489;city137;164;281;city132;395;291;city111;225;236;city224;84;99;city239;371;448;city57
125;city224;30;118;city62
139;city209;428;300;city281;443;152;city230;299;391;city223;416;491;city183;358;22;city108;291;241;city219;57;30;city132;203;203;city128;17;204;city252;207;200;city244;365;341;city205;361;179;city283;382;265;city204;361;33;city100
127;city171;27;116;city194;201;24;city218;343;229;city286;77;251;city155;246;143;city288;464;185;city116
125;city224;30;118;city62
155;city255;475;172;city149
128;city192;44;397;city249;216;446;city262;164;83;city251;189;439;city289;282;229;city287;315;113;city247;94;138;city170;205;307;city168;30;174;city217;43;288;city255
159;city95;171;492;city180;222;59;city143;240;199;city129;210;472;city227;397;179;city61;379;455;city263
147;city249;133;420;city223;81;430;city270;129;333;city247;358;81;city203;375;498;city53;371;157;city212;249;291;city236;337;447;city215;17;348;city204;141;452;city200;368;489;city137;164;281;city132;395;291;city111;225;236;city224;84;99;city239;371;448;city57
158;city71;50;383;city137;73;456;city244;95;98;city209;77;213;city172
130;city223;40;277;city110;89;171;city131;159;55;city226;56;49;city277;246;108;city62;194;184;city117;469;253;city261;107;160;city108;497;357;city51;342;254;city271;149;310;city246;9;319;city75
168;city296;7;150;city283;450;120;city138;233;342;city99;216;185;city123;413;470;city56;264;480;city216;363;440;city73;6;23;city62;395;14;city104;364;369;city225;62;245;city84;488;474;city210;330;40;city219;470;212;city264;126;260;city140;183;94;city196;353;182;city244;148;430;city155;100;137;city274
157;city94;102;29;city194;397;444;city213;46;185;city241;305;487;city105

130;city223;40;277;city110;89;171;city131;159;55;city226;56;49;city277;246;108;city62;194;184;city117;469;253;city261;107;160;city108;497;357;city51;342;254;city271;149;310;city246;9;319;city75
165;city106;176;399;city165;48;28;city184;96;475;city248;318;492;city221;425;13;city178
144;city128;439;111;city226;195;327;city274;103;470;city270;156;147;city155;366;291;city190;120;223;city200
143;city284;129;380;city215;433;220;city206;454;327;city176
159;city95;171;492;city180;222;59;city143;240;199;city129;210;472;city227;397;179;city61;379;455;city263
129;city161;122;189;city258;274;317;city285;293;197;city175;270;201;city159;415;310;city185;372;467;city257;415;71;city274
155;city255;475;172;city149
137;city170;329;79;city284;281;466;city107;231;110;city109;39;104;city137;437;362;city192;435;326;city151;82;391;city226;235;462;city216;229;127;city127;445;482;city263;454;440;city249;219;354;city89;82;145;city175;401;461;city221;156;53;city165
162;city142;303;381;city121;17;159;city91;481;330;city69
136;city238;341;292;city178;462;5;city216
141;city250;126;419;city88;245;427;city220;244;252;city116
148;city296;426;495;city137;152;401;city98;170;439;city169;172;127;city86;125;445;city210
150;city182;134;172;city135
151;city251;306;460;city181;103;360;city155;199;442;city53;52;262;city249;34;496;city195;119;28;city113;131;438;city283;425;93;city104
145;city268;348;177;city170;20;183;city216;480;172;city122;152;227;city87;310;125;city289;278;277;city282;425;87;city105;432;460;city86;20;267;city79;404;386;city233
139;city209;428;300;city281;443;152;city230;299;391;city223;416;491;city183;358;22;city108;291;241;city219;57;30;city132;203;203;city128;17;204;city252;207;200;city244;365;341;city205;361;179;city283;382;265;city204;361;33;city100
134;city61;225;458;city146;359;27;city232;451;214;city105;46;433;city285;341;67;city299;489;95;city261;12;19;city52;74;31;city80;47;86;city236;8;297;city51;51;280;city248;128;122;city155;206;492;city260;128;454;city102;97;2;city175;192;362;city203;228;92;city148;389;172;city277;90;186;city296
161;city185;261;369;city128;25;15;city177;185;281;city75;355;319;city279
159;city95;171;492;city180;222;59;city143;240;199;city129;210;472;city227;397;179;city61;379;455;city263
154;city121;388;204;city278;257;17;city56;481;365;city91;339;282;city138;270;361;city261;226;487;city209;75;126;city130;387;374;city51;156;188;city259;472;195;city207;320;205;city126;109;141;city290;151;355;city251;215;478;city200;204;174;city202;138;360;city97;168;30;city60
174;city262;357;258;city81;12;405;city139;399;463;city151;111;71;city292;113;43;city224
160;city279;119;449;city125;388;388;city95;355;440;city163;390;213;city132;32;21;city82;430;138;city208;24;138;city222;380;145;city270;393;467;city65;458;400;city286
130;city223;40;277;city110;89;171;city131;159;55;city226;56;49;city277;246;108;city62;194;184;city117;469;253;city261;107;160;city108;497;357;city51;342;254;city271;149;310;city246;9;319;city75
158;city71;50;383;city137;73;456;city244;95;98;city209;77;213;city172
143;city284;129;380;city215;433;220;city206;454;327;city176
163;city85;113;185;city62;234;164;city238;416;199;city164;4;390;city63;331;386;city160;141;148;city145;131;86;city265;161;146;city257;355;365;city120
131;city51;270;304;city250;495;406;city205;94;219;city281;149;310;city69;429;395;city135;379;235;city146;379;360;city170;292;470;city253;218;416;city88;220;344;city110;387;300;city242;338;405;city52;468;345;city177;196;487;city297;389;149;city269;299;320;city102;452;264;city162;443;253;city295;349;73;city100
128;city192;44;397;city249;216;446;city262;164;83;city251;189;439;city289;282;229;city287;315;113;city247;94;138;city170;205;307;city168;30;174;city217;43;288;city255
159;city95;171;492;city180;222;59;city143;240;199;city129;210;472;city227;397;179;city61;379;455;city263
155;city255;475;172;city149
126;city167;485;119;city120
125;city224;30;118;city62
174;city262;357;258;city81;12;405;city139;399;463;city151;111;71;city292;113;43;city224
155;city255;475;172;city149
130;city223;40;277;city110;89;171;city131;159;55;city226;56;49;city277;246;108;city62;194;184;city117;469;253;city261;107;160;city108;497;357;city51;342;254;city271;149;310;city246;9;319;city75
173;city99;22;284;city154;496;467;city232;215;168;city97;197;331;city100;224;253;city70;419;147;city221;350;452;city61;372;405;city266;339;83;city297
156;city210;336;257;city213;20;426;city58;3;353;city211;212;333;city161;437;112;city198;246;235;city136;460;427;city53;289;383;city214;33;392;city79;110;321;city195;486;392;city66;229;313;city216;92;66;city157;42;418;city194;90;371;city297;7;482;city60;61;134;city119;58;379;city50;74;31;city230
156;city210;336;257;city213;20;426;city58;3;353;city211;212;333;city161;437;112;city198;246;235;city136;460;427;city53;289;383;city214;33;392;city79;110;321;city195;486;392;city66;229;313;city216;92;66;city157;42;418;city194;90;371;city297;7;482;city60;61;134;city119;58;379;city50;74;31;city230
132;city51;234;47;city93;456;140;city56;122;40;city133;24;194;city72;167;274;city207;305;310;city232;375;216;city107;112;485;city70;386;259;city77;251;213;city297;327;242;city288
125;city224;30;118;city62
145;city268;348;177;city170;20;183;city216;480;172;city122;152;227;city87;310;125;city289;278;277;city282;425;87;city105;432;460;city86;20;267;city79;404;386;city233
171;city281;485;400;city251;187;123;city253;439;387;city120;489;324;city190;472;226;city134;206;494;city198;166;477;city209;102;428;city287;316;287;city53;210;276;city239;413;274;city118;22;169;city185;442;22;city299;491;40;city176;326;62;city150;482;263;city162;242;197;city130;106;79;city218;306;4;city108
149;city248;323;221;city154;297;72;city76;11;309;city125;388;222;city181;337;97;city199;241;480;city140;412;159;city150;372;254;city233;312;124;city105;95;191;city281;168;291;city190;463;295;city288
145;city268;348;177;city170;20;183;city216;480;172;city122;152;227;city87;310;125;city289;278;277;city282;425;87;city105;432;460;city86;20;267;city79;404;386;city233
141;city250;126;419;city88;245;427;city220;244;252;city116
127;city171;27;116;city194;201;24;city218;343;229;city286;77;251;city155;246;143;city288;464;185;city116
136;city238;341;292;city178;462;5;city216
134;city61;225;458;city146;359;27;city232;451;214;city105;46;433;city285;341;67;city299;489;95;city261;12;19;city52;74;31;city80;47;86;city236;8;297;city51;51;280;city248;128;122;city155;206;492;city260;128;454;city102;97;2;city175;192;362;city203;228;92;city148;389;172;city277;90;186;city296
167;city85;457;175;city212;119;448;city111;222;193;city153;77;481;city293;442;490;city108;242;350;city66;279;66;city102
150;city182;134;172;city135
163;city85;113;185;city62;234;164;city238;416;199;city164;4;390;city63;331;386;city160;141;148;city145;131;86;city265;161;146;city257;355;365;city120
127;city171;27;116;city194;201;24;city218;343;229;city286;77;251;city155;246;143;city288;464;185;city116
162;city142;303;381;city121;17;159;city91;481;330;city69
166;city64;389;206;city204;415;230;city207;186;76;city156
157;city94;102;29;city194;397;444;city213;46;185;city241;305;487;city105
165;city106;176;399;city165;48;28;city184;96;475;city248;318;492;city221;425;13;city178
169;city92;411;221;city241;151;49;city275;75;400;city254;158;379;city180;122;266;city50;426;59;city243;362;148;city82
127;city171;27;116;city194;201;24;city218;343;229;city286;77;251;city155;246;143;city288;464;185;city116
171;city281;485;400;city251;187;123;city253;439;387;city120;489;324;city190;472;226;city134;206;494;city198;166;477;city209;102;428;city287;316;287;city53;210;276;city239;413;274;city118;22;169;city185;442;22;city299;491;40;city176;326;62;city150;482;263;city162;242;197;city130;106;79;city218;306;4;city108
162;city142;303;381;city121;17;159;city91;481;330;city69
172;city75;273;176;city265;47;235;city152;92;122;city236;71;306;city253
128;city192;44;397;city249;216;446;city262;164;83;city251;189;439;city289;282;229;city287;315;113;city247;94;138;city170;205;307;city168;30;174;city217;43;288;city255
129;city161;122;189;city258;274;317;city285;293;197;city175;270;201;city159;415;310;city185;372;467;city257;415;71;city274
156;city210;336;257;city213;20;426;city58;3;353;city211;212;333;city161;437;112;city198;246;235;city136;460;427;city53;289;383;city214;33;392;city79;110;321;city195;486;392;city66;229;313;city216;92;66;city157;42;418;city194;90;371;city297;7;482;city60;61;134;city119;58;379;city50;74;31;city230
169;city92;411;221;city241;151;49;city275;75;400;city254;158;379;city180;122;266;city50;426;59;city243;362;148;city82
170;city180;159;327;city105;73;224;city71;152;211;city191;210;231;city265;43;415;city167;390;436;city131
157;city94;102;29;city194;397;444;city213;46;185;city241;305;487;city105
162;city142;303;381;city121;17;159;city91;481;330;city69
173;city99;22;284;city154;496;467;city232;215;168;city97;197;331;city100;224;253;city70;419;147;city221;350;452;city61;372;405;city266;339;83;city297
138;city192;3;51;city155;259;454;city124;169;8;city127;227;424;city136;181;198;city228;171;386;city210;355;177;city173;18;440;city76;366;88;city59;430;142;city138;312;239;city159;161;429;city98
143;city284;129;380;city215;433;220;city206;454;327;city176
126;city167;485;119;city120
156;city210;336;257;city213;20;426;city58;3;353;city211;212;333;city161;437;112;city198;246;235;city136;460;427;city53;289;383;city214;33;392;city79;110;321;city195;486;392;city66;229;313;city216;92;66;city157;42;418;city194;90;371;city297;7;482;city60;61;134;city119;58;379;city50;74;31;city230
132;city51;234;47;city93;456;140;city56;122;40;city133;24;194;city72;167;274;city207;305;310;city232;375;216;city107;112;485;city70;386;259;city77;251;213;city297;327;242;city288
169;city92;411;221;city241;151;49;city275;75;400;city254;158;379;city180;122;266;city50;426;59;city243;362;148;city82
132;city51;234;47;city93;456;140;city56;122;40;city133;24;194;city72;167;274;city207;305;310;city232;375;216;city107;112;485;city70;386;259;city77;251;213;city297;327;242;city288
136;city238;341;292;city178;462;5;city216
142;city265;318;50;city108;435;348;city213;47;27;city220;192;201;city50;111;61;city207;147;373;city157;454;280;city96;380;358;city281
128;city192;44;397;city249;216;446;city262;164;83;city251;189;439;city289;282;229;city287;315;113;city247;94;138;city170;205;307;city168;30;174;city217;43;288;city255
166;city64;389;206;city204;415;230;city207;186;76;city156
158;city71;50;383;city137;73;456;city244;95;98;city209;77;213;city172
142;city265;318;50;city108;435;348;city213;47;27;city220;192;201;city50;111;61;city207;147;373;city157;454;280;city96;380;358;city281
137;city170;329;79;city284;281;466;city107;231;110;city109;39;104;city137;437;362;city192;435;326;city151;82;391;city226;235;462;city216;229;127;city127;445;482;city263;454;440;city249;219;354;city89;82;145;city175;401;461;city221;156;53;city165
138;city192;3;51;city155;259;454;city124;169;8;city127;227;424;city136;181;198;city228;171;386;city210;355;177;city173;18;440;city76;366;88;city59;430;142;city138;312;239;city159;161;429;city98
145;city268;348;177;city170;20;183;city216;480;172;city122;152;227;city87;310;125;city289;278;277;city282;425;87;city105;432;460;city86;20;267;city79;404;386;city233
142;city265;318;50;city108;435;348;city213;47;27;city220;192;201;city50;111;61;city207;147;373;city157;454;280;city96;380;358;city281
161;city185;261;369;city128;25;15;city177;185;281;city75;355;319;city279
167;city85;457;175;city212;119;448;city111;222;193;city153;77;481;city293;442;490;city108;242;350;city66;279;66;city102
160;city279;119;449;city125;388;388;city95;355;440;city163;390;213;city132;32;21;city82;430;138;city208;24;138;city222;380;145;city270;393;467;city65;458;400;city286
163;city85;113;185;city62;234;164;city238;416;199;city164;4;390;city63;331;386;city160;141;148;city145;131;86;city265;161;146;city257;355;365;city120
155;city255;475;172;city149
159;city95;171;492;city180;222;59;city143;240;199;city129;210;472;city227;397;179;city61;379;455;city263
149;city248;323;221;city154;297;72;city76;11;309;city125;388;222;city181;337;97;city199;241;480;city140;412;159;city150;372;254;city233;312;124;city105;95;191;city281;168;291;city190;463;295;city288
162;city142;303;381;city121;17;159;city91;481;330;city69
167;city85;457;175;city212;119;448;city111;222;193;city153;77;481;city293;442;490;city108;242;350;city66;279;66;city102
137;city170;329;79;city284;281;466;city107;231;110;city109;39;104;city137;437;362;city192;435;326;city151;82;391;city226;235;462;city216;229;127;city127;445;482;city263;454;440;city249;219;354;city89;82;145;city175;401;461;city221;156;53;city165
142;city265;318;50;city108;435;348;city213;47;27;city220;192;201;city50;111;61;city207;147;373;city157;454;280;city96;380;358;city281
140;city72;47;490;city283;273;302;city157;216;409;city195;388;202;city214;424;22;city222;247;494;city121;318;450;city151;114;469;city167;310;61;city193;473;249;city216;206;113;city134;118;296;city82;175;437;city67;28;312;city132
168;city296;7;150;city283;450;120;city138;233;342;city99;216;185;city123;413;470;city56;264;480;city216;363;440;city73;6;23;city62;395;14;city104;364;369;city225;62;245;city84;488;474;city210;330;40;city219;470;212;city264;126;260;city140;183;94;city196;353;182;city244;148;430;city155;100;137;city274
170;city180;159;327;city105;73;224;city71;152;211;city191;210;231;city265;43;415;city167;390;436;city131
125;city224;30;118;city62
153;city54;199;346;city90;252;237;city148;397;84;city271;297;369;city209;487;5;city69;352;297;city68;187;226;city168;441;419;city268;311;83;city243;279;461;city86;292;126;city267;20;120;city64;265;183;city58;126;78;city56;495;348;city274
156;city210;336;257;city213;20;426;city58;3;353;city211;212;333;city161;437;112;city198;246;235;city136;460;427;city53;289;383;city214;33;392;city79;110;321;city195;486;392;city66;229;313;city216;92;66;city157;42;418;city194;90;371;city297;7;482;city60;61;134;city119;58;379;city50;74;31;city230
126;city167;485;119;city120
163;city85;113;185;city62;234;164;city238;416;199;city164;4;390;city63;331;386;city160;141;148;city145;131;86;city265;161;146;city257;355;365;city120
157;city94;102;29;city194;397;444;city213;46;185;city241;305;487;city105
154;city121;388;204;city278;257;17;city56;481;365;city91;339;282;city138;270;361;city261;226;487;city209;75;126;city130;387;374;city51;156;188;city259;472;195;city207;320;205;city126;109;141;city290;151;355;city251;215;478;city200;204;174;city202;138;360;city97;168;30;city60
166;city64;389;206;city204;415;230;city207;186;76;city156
148;city296;426;495;city137;152;401;city98;170;439;city169;172;127;city86;125;445;city210
134;city61;225;458;city146;359;27;city232;451;214;city105;46;433;city285;341;67;city299;489;95;city261;12;19;city52;74;31;city80;47;86;city236;8;297;city51;51;280;city248;128;122;city155;206;492;city260;128;454;city102;97;2;city175;192;362;city203;228;92;city148;389;172;city277;90;186;city296
130;city223;40;277;city110;89;171;city131;159;55;city226;56;49;city277;246;108;city62;194;184;city117;469;253;city261;107;160;city108;497;357;city51;342;254;city271;149;310;city246;9;319;city75
170;city180;159;327;city105;73;224;city71;152;211;city191;210;231;city265;43;415;city167;390;436;city131
130;city223;40;277;city110;89;171;city131;159;55;city226;56;49;city277;246;108;city62;194;184;city117;469;253;city261;107;160;city108;497;357;city51;342;254;city271;149;310;city246;9;319;city75
164;city192;41;36;city179;169;238;city63;494;259;city107;290;5255;city97;288;119;city72
152;city126;53;60;city201;125;361;city161;484;111;city223;354;19;city231;210;267;city57;396;130;city189;226;354;city66;472;170;city259;321;122;city172;251;58;city173;178;154;city228;323;243;city96;480;369;city124;189;50;city150;126;23;city192;394;248;city178;40;110;city131;315;153;city68
152;city126;53;60;city201;125;361;city161;484;111;city223;354;19;city231;210;267;city57;396;130;city189;226;354;city66;472;170;city259;321;122;city172;251;58;city173;178;154;city228;323;243;city96;480;369;city124;189;50;city150;126;23;city192;394;248;city178;40;110;city131;315;153;city68
146;city99;479;61;city131;401;267;city153;180;402;city210;362;325;city227;47;392;city220;181;296;city216;482;330;city98;413;153;city104;310;209;city121;383;43;city218;360;197;city85;70;369;city256;151;209;city282;446;488;city60;388;227;city221;260;399;city182;456;383;city255;230;498;city139;379;49;city129
146;city99;479;61;city131;401;267;city153;180;402;city210;362;325;city227;47;392;city220;181;296;city216;482;330;city98;413;153;city104;310;209;city121;383;43;city218;360;197;city85;70;369;city256;151;209;city282;446;488;city60;388;227;city221;260;399;city182;456;383;city255;230;498;city139;379;49;city129
167;city85;457;175;city212;119;448;city111;222;193;city153;77;481;city293;442;490;city108;242;350;city66;279;66;city102
148;city296;426;495;city137;152;401;city98;170;439;city169;172;127;city86;125;445;city210
150;city182;134;172;city135
171;city281;485;400;city251;187;123;city253;439;387;city120;489;324;city190;472;226;city134;206;494;city198;166;477;city209;102;428;city287;316;287;city53;210;276;city239;413;274;city118;22;169;city185;442;22;city299;491;40;city176;326;62;city150;482;263;city162;242;197;city130;106;79;city218;306;4;city108
143;city284;129;380;city215;433;220;city206;454;327;city176
159;city95;171;492;city180;222;59;city143;240;199;city129;210;472;city227;397;179;city61;379;455;city263
127;city171;27;116;city194;201;24;city218;343;229;city286;77;251;city155;246;143;city288;464;185;city116
156;city210;336;257;city213;20;426;city58;3;353;city211;212;333;city161;437;112;city198;246;235;city136;460;427;city53;289;383;city214;33;392;city79;110;321;city195;486;392;city66;229;313;city216;92;66;city157;42;418;city194;90;371;city297;7;482;city60;61;134;city119;58;379;city50;74;31;city230
144;city128;439;111;city226;195;327;city274;103;470;city270;156;147;city155;366;291;city190;120;223;city200
142;city265;318;50;city108;435;348;city213;47;27;city220;192;201;city50;111;61;city207;147;373;city157;454;280;city96;380;358;city281
148;city296;426;495;city137;152;401;city98;170;439;city169;172;127;city86;125;445;city210
141;city250;126;419;city88;245;427;city220;244;252;city116
148;city296;426;495;city137;152;401;city98;170;439;city169;172;127;city86;125;445;city210
153;city54;199;346;city90;252;237;city148;397;84;city271;297;369;city209;487;5;city69;352;297;city68;187;226;city168;441;419;city268;311;83;city243;279;461;city86;292;126;city267;20;120;city64;265;183;city58;126;78;city56;495;348;city274
167;city85;457;175;city212;119;448;city111;222;193;city153;77;481;city293;442;490;city108;242;350;city66;279;66;city102
136;city238;341;292;city178;462;5;city216
140;city72;47;490;city283;273;302;city157;216;409;city195;388;202;city214;424;22;city222;247;494;city121;318;450;city151;114;469;city167;310;61;city193;473;249;city216;206;113;city134;118;296;city82;175;437;city67;28;312;city132
169;city92;411;221;city241;151;49;city275;75;400;city254;158;379;city180;122;266;city50;426;59;city243;362;148;city82
165;city106;176;399;city165;48;28;city184;96;475;city248;318;492;city221;425;13;city178
162;city142;303;381;city121;17;159;city91;481;330;city69
126;city167;485;119;city120
137;city170;329;79;city284;281;466;city107;231;110;city109;39;104;city137;437;362;city192;435;326;city151;82;391;city226;235;462;city216;229;127;city127;445;482;city263;454;440;city249;219;354;city89;82;145;city175;401;461;city221;156;53;city165
159;city95;171;492;city180;222;59;city143;240;199;city129;210;472;city227;397;179;city61;379;455;city263
170;city180;159;327;city105;73;224;city71;152;211;city191;210;231;city265;43;415;city167;390;436;city131
137;city170;329;79;city284;281;466;city107;231;110;city109;39;104;city137;437;362;city192;435;326;city151;82;391;city226;235;462;city216;229;127;city127;445;482;city263;454;440;city249;219;354;city89;82;145;city175;401;461;city221;156;53;city165
140;city72;47;490;city283;273;302;city157;216;409;city195;388;202;city214;424;22;city222;247;494;city121;318;450;city151;114;469;city167;310;61;city193;473;249;city216;206;113;city134;118;296;city82;175;437;city67;28;312;city132
170;city180;159;327;city105;73;224;city71;152;211;city191;210;231;city265;43;415;city167;390;436;city131
150;city182;134;172;city135
146;city99;479;61;city131;401;267;city153;180;402;city210;362;325;city227;47;392;city220;181;296;city216;482;330;city98;413;153;city104;310;209;city121;383;43;city218;360;197;city85;70;369;city256;151;209;city282;446;488;city60;388;227;city221;260;399;city182;456;383;city255;230;498;city139;379;49;city129
173;city99;22;284;city154;496;467;city232;215;168;city97;197;331;city100;224;253;city70;419;147;city221;350;452;city61;372;405;city266;339;83;city297
130;city223;40;277;city110;89;171;city131;159;55;city226;56;49;city277;246;108;city62;194;184;city117;469;253;city261;107;160;city108;497;357;city51;342;254;city271;149;310;city246;9;319;city75
138;city192;3;51;city155;259;454;city124;169;8;city127;227;424;city136;181;198;city228;171;386;city210;355;177;city173;18;440;city76;366;88;city59;430;142;city138;312;239;city159;161;429;city98
128;city192;44;397;city249;216;446;city262;164;83;city251;189;439;city289;282;229;city287;315;113;city247;94;138;city170;205;307;city168;30;174;city217;43;288;city255
150;city182;134;172;city135
158;city71;50;383;city137;73;456;city244;95;98;city209;77;213;city172
148;city296;426;495;city137;152;401;city98;170;439;city169;172;127;city86;125;445;city210
163;city85;113;185;city62;234;164;city238;416;199;city164;4;390;city63;331;386;city160;141;148;city145;131;86;city265;161;146;city257;355;365;city120
165;city106;176;399;city165;48;28;city184;96;475;city248;318;492;city221;425;13;city178
164;city192;41;36;city179;169;238;city63;494;259;city107;290;5255;city97;288;119;city72
169;city92;411;221;city241;151;49;city275;75;400;city254;158;379;city180;122;266;city50;426;59;city243;362;148;city82
161;city185;261;369;city128;25;15;city177;185;281;city75;355;319;city279
170;city180;159;327;city105;73;224;city71;152;211;city191;210;231;city265;43;415;city167;390;436;city131
129;city161;122;189;city258;274;317;city285;293;197;city175;270;201;city159;415;310;city185;372;467;city257;415;71;city274
129;city161;122;189;city258;274;317;city285;293;197;city175;270;201;city159;415;310;city185;372;467;city257;415;71;city274
166;city64;389;206;city204;415;230;city207;186;76;city156
169;city92;411;221;city241;151;49;city275;75;400;city254;158;379;city180;122;266;city50;426;59;city243;362;148;city82
125;city224;30;118;city62
131;city51;270;304;city250;495;406;city205;94;219;city281;149;310;city69;429;395;city135;379;235;city146;379;360;city170;292;470;city253;218;416;city88;220;344;city110;387;300;city242;338;405;city52;468;345;city177;196;487;city297;389;149;city269;299;320;city102;452;264;city162;443;253;city295;349;73;city100
156;city210;336;257;city213;20;426;city58;3;353;city211;212;333;city161;437;112;city198;246;235;city136;460;427;city53;289;383;city214;33;392;city79;110;321;city195;486;392;city66;229;313;city216;92;66;city157;42;418;city194;90;371;city297;7;482;city60;61;134;city119;58;379;city50;74;31;city230
145;city268;348;177;city170;20;183;city216;480;172;city122;152;227;city87;310;125;city289;278;277;city282;425;87;city105;432;460;city86;20;267;city79;404;386;city233
126;city167;485;119;city120
132;city51;234;47;city93;456;140;city56;122;40;city133;24;194;city72;167;274;city207;305;310;city232;375;216;city107;112;485;city70;386;259;city77;251;213;city297;327;242;city288
125;city224;30;118;city62
138;city192;3;51;city155;259;454;city124;169;8;city127;227;424;city136;181;198;city228;171;386;city210;355;177;city173;18;440;city76;366;88;city59;430;142;city138;312;239;city159;161;429;city98
167;city85;457;175;city212;119;448;city111;222;193;city153;77;481;city293;442;490;city108;242;350;city66;279;66;city102
143;city284;129;380;city215;433;220;city206;454;327;city176
134;city61;225;458;city146;359;27;city232;451;214;city105;46;433;city285;341;67;city299;489;95;city261;12;19;city52;74;31;city80;47;86;city236;8;297;city51;51;280;city248;128;122;city155;206;492;city260;128;454;city102;97;2;city175;192;362;city203;228;92;city148;389;172;city277;90;186;city296
146;city99;479;61;city131;401;267;city153;180;402;city210;362;325;city227;47;392;city220;181;296;city216;482;330;city98;413;153;city104;310;209;city121;383;43;city218;360;197;city85;70;369;city256;151;209;city282;446;488;city60;388;227;city221;260;399;city182;456;383;city255;230;498;city139;379;49;city129
150;city182;134;172;city135
145;city268;348;177;city170;20;183;city216;480;172;city122;152;227;city87;310;125;city289;278;277;city282;425;87;city105;432;460;city86;20;267;city79;404;386;city233
144;city128;439;111;city226;195;327;city274;103;470;city270;156;147;city155;366;291;city190;120;223;city200
130;city223;40;277;city110;89;171;city131;159;55;city226;56;49;city277;246;108;city62;194;184;city117;469;253;city261;107;160;city108;497;357;city51;342;254;city271;149;310;city246;9;319;city75
161;city185;261;369;city128;25;15;city177;185;281;city75;355;319;city279
150;city182;134;172;city135
133;city159;58;98;city194;232;403;city100;91;59;city270
144;city128;439;111;city226;195;327;city274;103;470;city270;156;147;city155;366;291;city190;120;223;city200
149;city248;323;221;city154;297;72;city76;11;309;city125;388;222;city181;337;97;city199;241;480;city140;412;159;city150;372;254;city233;312;124;city105;95;191;city281;168;291;city190;463;295;city288
165;city106;176;399;city165;48;28;city184;96;475;city248;318;492;city221;425;13;city178
126;city167;485;119;city120
156;city210;336;257;city213;20;426;city58;3;353;city211;212;333;city161;437;112;city198;246;235;city136;460;427;city53;289;383;city214;33;392;city79;110;321;city195;486;392;city66;229;313;city216;92;66;city157;42;418;city194;90;371;city297;7;482;city60;61;134;city119;58;379;city50;74;31;city230
