
162;city113;41;12;city53;176;182;city54;288;223;city202;64;257;city252;208;104;city218;474;259;city155;346;500;city215;304;250;city269;169;299;city222;310;431;city88;204;56;city171;289;39;city193;229;288;city209;227;149;city257;436;17;city259;114;359;city105

150;city159;216;96;city52;79;310;city192


131;city115;100;341;city164;9;112;city297;211;65;city214;403;239;city50;91;43;city111;110;89;city54;149;376;city247;171;78;city66;194;476;city184;319;131;city234;100;472;city132;123;445;city257

163;city203;86;457;city118;396;319;city187;231;324;city245;183;228;city288;370;286;city242;444;188;city119;311;101;city142;421;410;city297;82;270;city76;484;425;city104;386;403;city175;322;303;city152;408;399;city246;152;261;city243;356;364;city233;324;365;city138



144;city158;426;88;city194;63;30;city98;156;407;city212;147;206;city84;315;63;city187


128;city256;195;214;city60;239;455;city186;224;139;city167;278;30;city157;29;89;city279;120;365;city173
162;city113;41;12;city53;176;182;city54;288;223;city202;64;257;city252;208;104;city218;474;259;city155;346;500;city215;304;250;city269;169;299;city222;310;431;city88;204;56;city171;289;39;city193;229;288;city209;227;149;city257;436;17;city259;114;359;city105



146;city253;375;367;city239;331;89;city158;194;323;city97;403;266;city274;218;376;city193;74;74;city175;325;254;city277;261;288;city136;282;377;city195;196;498;city93;317;437;city168;123;474;city188;267;27;city163;247;363;city151;46;97;city133;369;388;city179;222;213;city255;337;223;city247;132;279;city299




144;city158;426;88;city194;63;30;city98;156;407;city212;147;206;city84;315;63;city187
144;city158;426;88;city194;63;30;city98;156;407;city212;147;206;city84;315;63;city187
142;city139;3;7;city199;224;342;city260;500;90;city112;281;316;city98;425;113;city164;156;282;city267;163;472;city166;49;241;city120;404;77;city190;380;35;city228;6;215;city53





144;city158;426;88;city194;63;30;city98;156;407;city212;147;206;city84;315;63;city187
164;city130;423;398;city207;122;467;city299;452;23;city287;149;117;city267;280;362;city289;5;118;city137;50;283;city246;75;335;city52

129;city132;425;440;city156;468;46;city86;239;119;city245;14;245;city50;383;230;city218;89;237;city166;38;330;city282;468;274;city180;497;41;city293;167;257;city135;125;430;city243;353;332;city152;142;66;city273;182;228;city123;97;331;city150;11;316;city98;273;239;city60;270;447;city191
145;city242;365;114;city128;46;11;city137;25;450;city133;209;65;city88;381;267;city89;457;253;city144;342;96;city274;284;454;city132;477;355;city71;312;466;city215;426;180;city179


125;city107;145;180;city127;335;317;city278;353;105;city50;249;59;city66;166;422;city74;488;369;city116;168;137;city138;438;296;city281
146;city253;375;367;city239;331;89;city158;194;323;city97;403;266;city274;218;376;city193;74;74;city175;325;254;city277;261;288;city136;282;377;city195;196;498;city93;317;437;city168;123;474;city188;267;27;city163;247;363;city151;46;97;city133;369;388;city179;222;213;city255;337;223;city247;132;279;city299







152;city197;73;307;city192;122;291;city65;70;476;city225;124;156;city239;219;299;city84;199;99;city280;219;371;city288

162;city113;41;12;city53;176;182;city54;288;223;city202;64;257;city252;208;104;city218;474;259;city155;346;500;city215;304;250;city269;169;299;city222;310;431;city88;204;56;city171;289;39;city193;229;288;city209;227;149;city257;436;17;city259;114;359;city105
128;city256;195;214;city60;239;455;city186;224;139;city167;278;30;city157;29;89;city279;120;365;city173

151;city218;286;377;city211;296;476;city59;380;485;city95;132;216;city92;33;136;city171;253;52;city281;102;251;city197;460;56;city147;8;426;city100;360;314;city57;84;428;city255;476;276;city136
163;city203;86;457;city118;396;319;city187;231;324;city245;183;228;city288;370;286;city242;444;188;city119;311;101;city142;421;410;city297;82;270;city76;484;425;city104;386;403;city175;322;303;city152;408;399;city246;152;261;city243;356;364;city233;324;365;city138

155;city273;30;366;city212;254;30;city298;236;221;city90;350;451;city176;350;387;city211;11;468;city270;148;396;city227;78;9;city224;443;71;city102;284;108;city274;293;272;city241;430;104;city137;149;227;city114;165;332;city276;388;10;city51;250;346;city170
142;city139;3;7;city199;224;342;city260;500;90;city112;281;316;city98;425;113;city164;156;282;city267;163;472;city166;49;241;city120;404;77;city190;380;35;city228;6;215;city53
150;city159;216;96;city52;79;310;city192
135;city74;56;412;city190;410;398;city275;273;96;city58;172;417;city99;476;66;city239;249;192;city138;318;340;city60;492;185;city184;489;234;city175;422;125;city112;366;439;city50
144;city158;426;88;city194;63;30;city98;156;407;city212;147;206;city84;315;63;city187


127;city263;444;460;city95;394;173;city256;328;494;city139;339;102;city62;285;217;city264;43;88;city129;282;93;city67;308;165;city294;56;467;city174;326;390;city277;327;346;city253;403;107;city150;61;216;city289;225;294;city268;431;288;city141;229;216;city59

163;city203;86;457;city118;396;319;city187;231;324;city245;183;228;city288;370;286;city242;444;188;city119;311;101;city142;421;410;city297;82;270;city76;484;425;city104;386;403;city175;322;303;city152;408;399;city246;152;261;city243;356;364;city233;324;365;city138
152;city197;73;307;city192;122;291;city65;70;476;city225;124;156;city239;219;299;city84;199;99;city280;219;371;city288


163;city203;86;457;city118;396;319;city187;231;324;city245;183;228;city288;370;286;city242;444;188;city119;311;101;city142;421;410;city297;82;270;city76;484;425;city104;386;403;city175;322;303;city152;408;399;city246;152;261;city243;356;364;city233;324;365;city138
173;city265;350;294;city180;291;88;city144;496;203;city99;232;468;city211;200;348;city271;310;188;city278;9;10;city56;152;238;city245;184;435;city85;376;446;city131;45;101;city222;392;242;city55;86;190;city80;18;474;city286
148;city215;416;46;city104;435;100;city112;459;232;city72;371;213;city143;297;453;city113;144;144;city203;494;117;city287;24;377;city177;377;289;city157;160;253;city176;48;454;city260;116;26;city77;3;303;city144;300;387;city155;246;92;city200;278;168;city202;378;243;city235

158;city162;281;168;city54;185;442;city138;347;96;city121;174;244;city98;388;449;city235;440;410;city181;298;266;city232;310;364;city240;289;377;city177


168;city198;248;268;city71;225;4;city87;86;461;city253;120;492;city106;56;208;city84;377;45;city160;247;5;city216;305;407;city95;176;223;city86;453;423;city249;59;131;city194
174;city128;187;304;city223;4;220;city174;100;287;city158;483;482;city136;428;418;city211
151;city218;286;377;city211;296;476;city59;380;485;city95;132;216;city92;33;136;city171;253;52;city281;102;251;city197;460;56;city147;8;426;city100;360;314;city57;84;428;city255;476;276;city136

162;city113;41;12;city53;176;182;city54;288;223;city202;64;257;city252;208;104;city218;474;259;city155;346;500;city215;304;250;city269;169;299;city222;310;431;city88;204;56;city171;289;39;city193;229;288;city209;227;149;city257;436;17;city259;114;359;city105
125;city107;145;180;city127;335;317;city278;353;105;city50;249;59;city66;166;422;city74;488;369;city116;168;137;city138;438;296;city281
168;city198;248;268;city71;225;4;city87;86;461;city253;120;492;city106;56;208;city84;377;45;city160;247;5;city216;305;407;city95;176;223;city86;453;423;city249;59;131;city194
164;city130;423;398;city207;122;467;city299;452;23;city287;149;117;city267;280;362;city289;5;118;city137;50;283;city246;75;335;city52
145;city242;365;114;city128;46;11;city137;25;450;city133;209;65;city88;381;267;city89;457;253;city144;342;96;city274;284;454;city132;477;355;city71;312;466;city215;426;180;city179
169;city115;332;217;city92;286;263;city207;411;311;city172;222;92;city187



146;city253;375;367;city239;331;89;city158;194;323;city97;403;266;city274;218;376;city193;74;74;city175;325;254;city277;261;288;city136;282;377;city195;196;498;city93;317;437;city168;123;474;city188;267;27;city163;247;363;city151;46;97;city133;369;388;city179;222;213;city255;337;223;city247;132;279;city299
169;city115;332;217;city92;286;263;city207;411;311;city172;222;92;city187
164;city130;423;398;city207;122;467;city299;452;23;city287;149;117;city267;280;362;city289;5;118;city137;50;283;city246;75;335;city52
173;city265;350;294;city180;291;88;city144;496;203;city99;232;468;city211;200;348;city271;310;188;city278;9;10;city56;152;238;city245;184;435;city85;376;446;city131;45;101;city222;392;242;city55;86;190;city80;18;474;city286
169;city115;332;217;city92;286;263;city207;411;311;city172;222;92;city187
166;city94;474;130;city142;224;218;city270;351;104;city245
168;city198;248;268;city71;225;4;city87;86;461;city253;120;492;city106;56;208;city84;377;45;city160;247;5;city216;305;407;city95;176;223;city86;453;423;city249;59;131;city194

129;city132;425;440;city156;468;46;city86;239;119;city245;14;245;city50;383;230;city218;89;237;city166;38;330;city282;468;274;city180;497;41;city293;167;257;city135;125;430;city243;353;332;city152;142;66;city273;182;228;city123;97;331;city150;11;316;city98;273;239;city60;270;447;city191


160;city60;453;167;city223;164;71;city127;69;480;city294;281;191;city262;8;488;city209;247;300;city189;492;443;city170;340;314;city135;263;401;city200;121;493;city167;454;198;city112

168;city198;248;268;city71;225;4;city87;86;461;city253;120;492;city106;56;208;city84;377;45;city160;247;5;city216;305;407;city95;176;223;city86;453;423;city249;59;131;city194
128;city256;195;214;city60;239;455;city186;224;139;city167;278;30;city157;29;89;city279;120;365;city173
140;city167;9;287;city275;500;492;city290;310;39;city257;311;144;city91;121;481;city173;398;447;city267;332;288;city71;38;151;city293;185;482;city245;473;42;city282;161;134;city104;2;193;city130
150;city159;216;96;city52;79;310;city192

142;city139;3;7;city199;224;342;city260;500;90;city112;281;316;city98;425;113;city164;156;282;city267;163;472;city166;49;241;city120;404;77;city190;380;35;city228;6;215;city53
167;city137;334;417;city190;153;490;city123;131;495;city92;366;322;city60
135;city74;56;412;city190;410;398;city275;273;96;city58;172;417;city99;476;66;city239;249;192;city138;318;340;city60;492;185;city184;489;234;city175;422;125;city112;366;439;city50
125;city107;145;180;city127;335;317;city278;353;105;city50;249;59;city66;166;422;city74;488;369;city116;168;137;city138;438;296;city281
136;city95;427;244;city284;217;51;city178;38;33;city232;340;223;city235;176;246;city118;315;207;city226;266;476;city184;38;27;city244;309;223;city116;155;44;city221;427;255;city249;54;24;city169
159;city98;320;461;city107;69;286;city59;212;60;city51;335;443;city206;64;89;city238;445;41;city278;491;259;city123
155;city273;30;366;city212;254;30;city298;236;221;city90;350;451;city176;350;387;city211;11;468;city270;148;396;city227;78;9;city224;443;71;city102;284;108;city274;293;272;city241;430;104;city137;149;227;city114;165;332;city276;388;10;city51;250;346;city170


128;city256;195;214;city60;239;455;city186;224;139;city167;278;30;city157;29;89;city279;120;365;city173
172;city130;354;154;city262;450;294;city121
150;city159;216;96;city52;79;310;city192
160;city60;453;167;city223;164;71;city127;69;480;city294;281;191;city262;8;488;city209;247;300;city189;492;443;city170;340;314;city135;263;401;city200;121;493;city167;454;198;city112


162;city113;41;12;city53;176;182;city54;288;223;city202;64;257;city252;208;104;city218;474;259;city155;346;500;city215;304;250;city269;169;299;city222;310;431;city88;204;56;city171;289;39;city193;229;288;city209;227;149;city257;436;17;city259;114;359;city105
167;city137;334;417;city190;153;490;city123;131;495;city92;366;322;city60
163;city203;86;457;city118;396;319;city187;231;324;city245;183;228;city288;370;286;city242;444;188;city119;311;101;city142;421;410;city297;82;270;city76;484;425;city104;386;403;city175;322;303;city152;408;399;city246;152;261;city243;356;364;city233;324;365;city138

136;city95;427;244;city284;217;51;city178;38;33;city232;340;223;city235;176;246;city118;315;207;city226;266;476;city184;38;27;city244;309;223;city116;155;44;city221;427;255;city249;54;24;city169
145;city242;365;114;city128;46;11;city137;25;450;city133;209;65;city88;381;267;city89;457;253;city144;342;96;city274;284;454;city132;477;355;city71;312;466;city215;426;180;city179
166;city94;474;130;city142;224;218;city270;351;104;city245
129;city132;425;440;city156;468;46;city86;239;119;city245;14;245;city50;383;230;city218;89;237;city166;38;330;city282;468;274;city180;497;41;city293;167;257;city135;125;430;city243;353;332;city152;142;66;city273;182;228;city123;97;331;city150;11;316;city98;273;239;city60;270;447;city191
125;city107;145;180;city127;335;317;city278;353;105;city50;249;59;city66;166;422;city74;488;369;city116;168;137;city138;438;296;city281

150;city159;216;96;city52;79;310;city192
151;city218;286;377;city211;296;476;city59;380;485;city95;132;216;city92;33;136;city171;253;52;city281;102;251;city197;460;56;city147;8;426;city100;360;314;city57;84;428;city255;476;276;city136
137;city95;141;355;city150
129;city132;425;440;city156;468;46;city86;239;119;city245;14;245;city50;383;230;city218;89;237;city166;38;330;city282;468;274;city180;497;41;city293;167;257;city135;125;430;city243;353;332;city152;142;66;city273;182;228;city123;97;331;city150;11;316;city98;273;239;city60;270;447;city191
130;city234;395;386;city64;55;254;city194;186;359;city123;438;335;city174;234;271;city208;215;50;city75;75;61;city291;136;494;city135;23;239;city66;100;468;city68;370;265;city270;238;203;city237;154;89;city180;273;496;city186;16;242;city148;225;266;city175
131;city115;100;341;city164;9;112;city297;211;65;city214;403;239;city50;91;43;city111;110;89;city54;149;376;city247;171;78;city66;194;476;city184;319;131;city234;100;472;city132;123;445;city257
148;city215;416;46;city104;435;100;city112;459;232;city72;371;213;city143;297;453;city113;144;144;city203;494;117;city287;24;377;city177;377;289;city157;160;253;city176;48;454;city260;116;26;city77;3;303;city144;300;387;city155;246;92;city200;278;168;city202;378;243;city235
174;city128;187;304;city223;4;220;city174;100;287;city158;483;482;city136;428;418;city211
145;city242;365;114;city128;46;11;city137;25;450;city133;209;65;city88;381;267;city89;457;253;city144;342;96;city274;284;454;city132;477;355;city71;312;466;city215;426;180;city179
128;city256;195;214;city60;239;455;city186;224;139;city167;278;30;city157;29;89;city279;120;365;city173
135;city74;56;412;city190;410;398;city275;273;96;city58;172;417;city99;476;66;city239;249;192;city138;318;340;city60;492;185;city184;489;234;city175;422;125;city112;366;439;city50
125;city107;145;180;city127;335;317;city278;353;105;city50;249;59;city66;166;422;city74;488;369;city116;168;137;city138;438;296;city281
130;city234;395;386;city64;55;254;city194;186;359;city123;438;335;city174;234;271;city208;215;50;city75;75;61;city291;136;494;city135;23;239;city66;100;468;city68;370;265;city270;238;203;city237;154;89;city180;273;496;city186;16;242;city148;225;266;city175
159;city98;320;461;city107;69;286;city59;212;60;city51;335;443;city206;64;89;city238;445;41;city278;491;259;city123
163;city203;86;457;city118;396;319;city187;231;324;city245;183;228;city288;370;286;city242;444;188;city119;311;101;city142;421;410;city297;82;270;city76;484;425;city104;386;403;city175;322;303;city152;408;399;city246;152;261;city243;356;364;city233;324;365;city138
140;city167;9;287;city275;500;492;city290;310;39;city257;311;144;city91;121;481;city173;398;447;city267;332;288;city71;38;151;city293;185;482;city245;473;42;city282;161;134;city104;2;193;city130
146;city253;375;367;city239;331;89;city158;194;323;city97;403;266;city274;218;376;city193;74;74;city175;325;254;city277;261;288;city136;282;377;city195;196;498;city93;317;437;city168;123;474;city188;267;27;city163;247;363;city151;46;97;city133;369;388;city179;222;213;city255;337;223;city247;132;279;city299
169;city115;332;217;city92;286;263;city207;411;311;city172;222;92;city187
160;city60;453;167;city223;164;71;city127;69;480;city294;281;191;city262;8;488;city209;247;300;city189;492;443;city170;340;314;city135;263;401;city200;121;493;city167;454;198;city112
145;city242;365;114;city128;46;11;city137;25;450;city133;209;65;city88;381;267;city89;457;253;city144;342;96;city274;284;454;city132;477;355;city71;312;466;city215;426;180;city179
128;city256;195;214;city60;239;455;city186;224;139;city167;278;30;city157;29;89;city279;120;365;city173

173;city265;350;294;city180;291;88;city144;496;203;city99;232;468;city211;200;348;city271;310;188;city278;9;10;city56;152;238;city245;184;435;city85;376;446;city131;45;101;city222;392;242;city55;86;190;city80;18;474;city286
142;city139;3;7;city199;224;342;city260;500;90;city112;281;316;city98;425;113;city164;156;282;city267;163;472;city166;49;241;city120;404;77;city190;380;35;city228;6;215;city53
169;city115;332;217;city92;286;263;city207;411;311;city172;222;92;city187
140;city167;9;287;city275;500;492;city290;310;39;city257;311;144;city91;121;481;city173;398;447;city267;332;288;city71;38;151;city293;185;482;city245;473;42;city282;161;134;city104;2;193;city130
173;city265;350;294;city180;291;88;city144;496;203;city99;232;468;city211;200;348;city271;310;188;city278;9;10;city56;152;238;city245;184;435;city85;376;446;city131;45;101;city222;392;242;city55;86;190;city80;18;474;city286
168;city198;248;268;city71;225;4;city87;86;461;city253;120;492;city106;56;208;city84;377;45;city160;247;5;city216;305;407;city95;176;223;city86;453;423;city249;59;131;city194
127;city263;444;460;city95;394;173;city256;328;494;city139;339;102;city62;285;217;city264;43;88;city129;282;93;city67;308;165;city294;56;467;city174;326;390;city277;327;346;city253;403;107;city150;61;216;city289;225;294;city268;431;288;city141;229;216;city59
150;city159;216;96;city52;79;310;city192
127;city263;444;460;city95;394;173;city256;328;494;city139;339;102;city62;285;217;city264;43;88;city129;282;93;city67;308;165;city294;56;467;city174;326;390;city277;327;346;city253;403;107;city150;61;216;city289;225;294;city268;431;288;city141;229;216;city59
158;city162;281;168;city54;185;442;city138;347;96;city121;174;244;city98;388;449;city235;440;410;city181;298;266;city232;310;364;city240;289;377;city177

144;city158;426;88;city194;63;30;city98;156;407;city212;147;206;city84;315;63;city187
147;city211;478;349;city71;143;95;city83;251;249;city65;195;86;city167;11;211;city213;287;395;city267;391;74;city192;31;442;city69
168;city198;248;268;city71;225;4;city87;86;461;city253;120;492;city106;56;208;city84;377;45;city160;247;5;city216;305;407;city95;176;223;city86;453;423;city249;59;131;city194
166;city94;474;130;city142;224;218;city270;351;104;city245
150;city159;216;96;city52;79;310;city192
129;city132;425;440;city156;468;46;city86;239;119;city245;14;245;city50;383;230;city218;89;237;city166;38;330;city282;468;274;city180;497;41;city293;167;257;city135;125;430;city243;353;332;city152;142;66;city273;182;228;city123;97;331;city150;11;316;city98;273;239;city60;270;447;city191
138;city217;107;263;city289;464;216;city139;431;67;city131;73;410;city187;278;313;city174;192;389;city257;232;332;city154;250;23;city74;253;163;city226;78;479;city82;299;292;city77
161;city65;156;89;city89
161;city65;156;89;city89
166;city94;474;130;city142;224;218;city270;351;104;city245
146;city253;375;367;city239;331;89;city158;194;323;city97;403;266;city274;218;376;city193;74;74;city175;325;254;city277;261;288;city136;282;377;city195;196;498;city93;317;437;city168;123;474;city188;267;27;city163;247;363;city151;46;97;city133;369;388;city179;222;213;city255;337;223;city247;132;279;city299
146;city253;375;367;city239;331;89;city158;194;323;city97;403;266;city274;218;376;city193;74;74;city175;325;254;city277;261;288;city136;282;377;city195;196;498;city93;317;437;city168;123;474;city188;267;27;city163;247;363;city151;46;97;city133;369;388;city179;222;213;city255;337;223;city247;132;279;city299
161;city65;156;89;city89
169;city115;332;217;city92;286;263;city207;411;311;city172;222;92;city187
154;city289;56;2;city271;117;169;city209;71;68;city149;463;34;city207;82;399;city214;181;108;city98;401;396;city237;29;472;city127;396;205;city213;207;84;city182;103;405;city284;396;218;city170;324;491;city186;38;285;city239;129;13;city134;41;442;city293
137;city95;141;355;city150
129;city132;425;440;city156;468;46;city86;239;119;city245;14;245;city50;383;230;city218;89;237;city166;38;330;city282;468;274;city180;497;41;city293;167;257;city135;125;430;city243;353;332;city152;142;66;city273;182;228;city123;97;331;city150;11;316;city98;273;239;city60;270;447;city191
129;city132;425;440;city156;468;46;city86;239;119;city245;14;245;city50;383;230;city218;89;237;city166;38;330;city282;468;274;city180;497;41;city293;167;257;city135;125;430;city243;353;332;city152;142;66;city273;182;228;city123;97;331;city150;11;316;city98;273;239;city60;270;447;city191
131;city115;100;341;city164;9;112;city297;211;65;city214;403;239;city50;91;43;city111;110;89;city54;149;376;city247;171;78;city66;194;476;city184;319;131;city234;100;472;city132;123;445;city257
153;city56;203;192;city141;437;365;city212;281;419;city216;408;339;city167;314;338;city78;400;232;city196;184;445;city217;185;438;city85;251;15;city222;323;447;city63;167;425;city138;112;65;city75;48;394;city180;336;171;city92
125;city107;145;180;city127;335;317;city278;353;105;city50;249;59;city66;166;422;city74;488;369;city116;168;137;city138;438;296;city281
148;city215;416;46;city104;435;100;city112;459;232;city72;371;213;city143;297;453;city113;144;144;city203;494;117;city287;24;377;city177;377;289;city157;160;253;city176;48;454;city260;116;26;city77;3;303;city144;300;387;city155;246;92;city200;278;168;city202;378;243;city235
170;city157;264;18;city218;21;375;city184;223;380;city261;314;404;city214;238;280;city104;233;326;city242;343;234;city53;470;102;city286;129;157;city135;15;90;city88;28;332;city99;474;208;city249;374;316;city219;457;456;city206;354;362;city174;132;363;city168;200;375;city290
168;city198;248;268;city71;225;4;city87;86;461;city253;120;492;city106;56;208;city84;377;45;city160;247;5;city216;305;407;city95;176;223;city86;453;423;city249;59;131;city194
150;city159;216;96;city52;79;310;city192
146;city253;375;367;city239;331;89;city158;194;323;city97;403;266;city274;218;376;city193;74;74;city175;325;254;city277;261;288;city136;282;377;city195;196;498;city93;317;437;city168;123;474;city188;267;27;city163;247;363;city151;46;97;city133;369;388;city179;222;213;city255;337;223;city247;132;279;city299
166;city94;474;130;city142;224;218;city270;351;104;city245
144;city158;426;88;city194;63;30;city98;156;407;city212;147;206;city84;315;63;city187
141;city232;164;176;city112;476;162;city235;358;212;city247;217;387;city171;345;256;city265;275;106;city186;225;27;city295;89;214;city176;164;61;city201;467;470;city151;460;163;city87;106;311;city213
170;city157;264;18;city218;21;375;city184;223;380;city261;314;404;city214;238;280;city104;233;326;city242;343;234;city53;470;102;city286;129;157;city135;15;90;city88;28;332;city99;474;208;city249;374;316;city219;457;456;city206;354;362;city174;132;363;city168;200;375;city290
159;city98;320;461;city107;69;286;city59;212;60;city51;335;443;city206;64;89;city238;445;41;city278;491;259;city123
166;city94;474;130;city142;224;218;city270;351;104;city245
137;city95;141;355;city150
148;city215;416;46;city104;435;100;city112;459;232;city72;371;213;city143;297;453;city113;144;144;city203;494;117;city287;24;377;city177;377;289;city157;160;253;city176;48;454;city260;116;26;city77;3;303;city144;300;387;city155;246;92;city200;278;168;city202;378;243;city235
135;city74;56;412;city190;410;398;city275;273;96;city58;172;417;city99;476;66;city239;249;192;city138;318;340;city60;492;185;city184;489;234;city175;422;125;city112;366;439;city50
141;city232;164;176;city112;476;162;city235;358;212;city247;217;387;city171;345;256;city265;275;106;city186;225;27;city295;89;214;city176;164;61;city201;467;470;city151;460;163;city87;106;311;city213
153;city56;203;192;city141;437;365;city212;281;419;city216;408;339;city167;314;338;city78;400;232;city196;184;445;city217;185;438;city85;251;15;city222;323;447;city63;167;425;city138;112;65;city75;48;394;city180;336;171;city92
162;city113;41;12;city53;176;182;city54;288;223;city202;64;257;city252;208;104;city218;474;259;city155;346;500;city215;304;250;city269;169;299;city222;310;431;city88;204;56;city171;289;39;city193;229;288;city209;227;149;city257;436;17;city259;114;359;city105
132;city99;301;43;city126;407;345;city199;175;430;city151;172;87;city79;102;408;city165;237;82;city80;490;89;city56;235;379;city184;351;52;city223;308;402;city53;262;490;city243;273;432;city249
170;city157;264;18;city218;21;375;city184;223;380;city261;314;404;city214;238;280;city104;233;326;city242;343;234;city53;470;102;city286;129;157;city135;15;90;city88;28;332;city99;474;208;city249;374;316;city219;457;456;city206;354;362;city174;132;363;city168;200;375;city290
129;city132;425;440;city156;468;46;city86;239;119;city245;14;245;city50;383;230;city218;89;237;city166;38;330;city282;468;274;city180;497;41;city293;167;257;city135;125;430;city243;353;332;city152;142;66;city273;182;228;city123;97;331;city150;11;316;city98;273;239;city60;270;447;city191
146;city253;375;367;city239;331;89;city158;194;323;city97;403;266;city274;218;376;city193;74;74;city175;325;254;city277;261;288;city136;282;377;city195;196;498;city93;317;437;city168;123;474;city188;267;27;city163;247;363;city151;46;97;city133;369;388;city179;222;213;city255;337;223;city247;132;279;city299
161;city65;156;89;city89
129;city132;425;440;city156;468;46;city86;239;119;city245;14;245;city50;383;230;city218;89;237;city166;38;330;city282;468;274;city180;497;41;city293;167;257;city135;125;430;city243;353;332;city152;142;66;city273;182;228;city123;97;331;city150;11;316;city98;273;239;city60;270;447;city191
132;city99;301;43;city126;407;345;city199;175;430;city151;172;87;city79;102;408;city165;237;82;city80;490;89;city56;235;379;city184;351;52;city223;308;402;city53;262;490;city243;273;432;city249
126;city188;410;62;city246;205;285;city297;264;6;city268;338;304;city294;195;456;city75;275;161;city189
166;city94;474;130;city142;224;218;city270;351;104;city245
134;city292;292;368;city110;76;466;city76;50;32;city276;248;494;city269;103;489;city212;461;382;city218;324;386;city159;232;77;city145;448;312;city75;164;321;city147;232;74;city231;58;15;city209;294;124;city135;165;453;city186
133;city177;28;284;city127;161;484;city275;82;387;city107;208;202;city204;80;267;city162;450;250;city276;362;250;city95;280;334;city110;301;3031;city278;201;75;city133;456;275;city191
125;city107;145;180;city127;335;317;city278;353;105;city50;249;59;city66;166;422;city74;488;369;city116;168;137;city138;438;296;city281
159;city98;320;461;city107;69;286;city59;212;60;city51;335;443;city206;64;89;city238;445;41;city278;491;259;city123
161;city65;156;89;city89
153;city56;203;192;city141;437;365;city212;281;419;city216;408;339;city167;314;338;city78;400;232;city196;184;445;city217;185;438;city85;251;15;city222;323;447;city63;167;425;city138;112;65;city75;48;394;city180;336;171;city92
173;city265;350;294;city180;291;88;city144;496;203;city99;232;468;city211;200;348;city271;310;188;city278;9;10;city56;152;238;city245;184;435;city85;376;446;city131;45;101;city222;392;242;city55;86;190;city80;18;474;city286
127;city263;444;460;city95;394;173;city256;328;494;city139;339;102;city62;285;217;city264;43;88;city129;282;93;city67;308;165;city294;56;467;city174;326;390;city277;327;346;city253;403;107;city150;61;216;city289;225;294;city268;431;288;city141;229;216;city59
126;city188;410;62;city246;205;285;city297;264;6;city268;338;304;city294;195;456;city75;275;161;city189
157;city155;398;215;city277;378;480;city282;323;388;city218;242;145;city66;419;189;city191;351;166;city166;496;358;city93;460;9;city72;467;489;city187;217;422;city133;491;372;city242;28;157;city124;356;148;city58;94;251;city175;97;220;city235;145;362;city134;210;53;city196;12;90;city85;180;261;city126
131;city115;100;341;city164;9;112;city297;211;65;city214;403;239;city50;91;43;city111;110;89;city54;149;376;city247;171;78;city66;194;476;city184;319;131;city234;100;472;city132;123;445;city257
167;city137;334;417;city190;153;490;city123;131;495;city92;366;322;city60
152;city197;73;307;city192;122;291;city65;70;476;city225;124;156;city239;219;299;city84;199;99;city280;219;371;city288
143;city299;93;121;city125;282;57;city110;411;256;city62
172;city130;354;4976;city262;450;294;city121
142;city139;3;7;city199;224;342;city260;500;90;city112;281;316;city98;425;113;city164;156;282;city267;163;472;city166;49;241;city120;404;77;city190;380;35;city228;6;215;city53
128;city256;195;214;city60;239;455;city186;224;139;city167;278;30;city157;29;89;city279;120;365;city173
144;city158;426;88;city194;63;30;city98;156;407;city212;147;206;city84;315;63;city187
173;city265;350;294;city180;291;88;city144;496;203;city99;232;468;city211;200;348;city271;310;188;city278;9;10;city56;152;238;city245;184;435;city85;376;446;city131;45;101;city222;392;242;city55;86;190;city80;18;474;city286
167;city137;334;417;city190;153;490;city123;131;495;city92;366;322;city60
158;city162;281;168;city54;185;442;city138;347;96;city121;174;244;city98;388;449;city235;440;410;city181;298;266;city232;310;364;city240;289;377;city177
143;city299;93;121;city125;282;57;city110;411;256;city62
146;city253;375;367;city239;331;89;city158;194;323;city97;403;266;city274;218;376;city193;74;74;city175;325;254;city277;261;288;city136;282;377;city195;196;498;city93;317;437;city168;123;474;city188;267;27;city163;247;363;city151;46;97;city133;369;388;city179;222;213;city255;337;223;city247;132;279;city299
169;city115;332;217;city92;286;263;city207;411;311;city172;222;92;city187
160;city60;453;167;city223;164;71;city127;69;480;city294;281;191;city262;8;488;city209;247;300;city189;492;443;city170;340;314;city135;263;401;city200;121;493;city167;454;198;city112
145;city242;365;114;city128;46;11;city137;25;450;city133;209;65;city88;381;267;city89;457;253;city144;342;96;city274;284;454;city132;477;355;city71;312;466;city215;426;180;city179
134;city292;292;368;city110;76;466;city76;50;32;city276;248;494;city269;103;489;city212;461;382;city218;324;386;city159;232;77;city145;448;312;city75;164;321;city147;232;74;city231;58;15;city209;294;124;city135;165;453;city186
155;city273;30;366;city212;254;30;city298;236;221;city90;350;451;city176;350;387;city211;11;468;city270;148;396;city227;78;9;city224;443;71;city102;284;108;city274;293;272;city241;430;104;city137;149;227;city114;165;332;city276;388;10;city51;250;346;city170
128;city256;195;214;city60;239;455;city186;224;139;city167;278;30;city157;29;89;city279;120;365;city173
165;city123;409;31;city169;36;30;city273;270;67;city126;238;412;city76;338;472;city188;323;295;city237;358;289;city280;91;75;city260;271;321;city293;159;142;city207;495;421;city220;412;110;city74;150;28;city92;3;44;city99
128;city256;195;214;city60;239;455;city186;224;139;city167;278;30;city157;29;89;city279;120;365;city173
127;city263;444;460;city95;394;173;city256;328;494;city139;339;102;city62;285;217;city264;43;88;city129;282;93;city67;308;165;city294;56;467;city174;326;390;city277;327;346;city253;403;107;city150;61;216;city289;225;294;city268;431;288;city141;229;216;city59
153;city56;203;192;city141;437;365;city212;281;419;city216;408;339;city167;314;338;city78;400;232;city196;184;445;city217;185;438;city85;251;15;city222;323;447;city63;167;425;city138;112;65;city75;48;394;city180;336;171;city92
146;city253;375;367;city239;331;89;city158;194;323;city97;403;266;city274;218;376;city193;74;74;city175;325;254;city277;261;288;city136;282;377;city195;196;498;city93;317;437;city168;123;474;city188;267;27;city163;247;363;city151;46;97;city133;369;388;city179;222;213;city255;337;223;city247;132;279;city299
160;city60;453;167;city223;164;71;city127;69;480;city294;281;191;city262;8;488;city209;247;300;city189;492;443;city170;340;314;city135;263;401;city200;121;493;city167;454;198;city112
158;city162;281;168;city54;185;442;city138;347;96;city121;174;244;city98;388;449;city235;440;410;city181;298;266;city232;310;364;city240;289;377;city177
164;city130;423;398;city207;122;467;city299;452;23;city287;149;117;city267;280;362;city289;5;118;city137;50;283;city246;75;335;city52
130;city234;395;386;city64;55;254;city194;186;359;city123;438;335;city174;234;271;city208;215;50;city75;75;61;city291;136;494;city135;23;239;city66;100;468;city68;370;265;city270;238;203;city237;154;89;city180;273;496;city186;16;242;city148;225;266;city175
125;city107;145;180;city127;335;317;city278;353;105;city50;249;59;city66;166;422;city74;488;369;city116;168;137;city138;438;296;city281
152;city197;73;307;city192;122;291;city65;70;476;city225;124;156;city239;219;299;city84;199;99;city280;219;371;city288
173;city265;350;294;city180;291;88;city144;496;203;city99;232;468;city211;200;348;city271;310;188;city278;9;10;city56;152;238;city245;184;435;city85;376;446;city131;45;101;city222;392;242;city55;86;190;city80;18;474;city286
134;city292;292;368;city110;76;466;city76;50;32;city276;248;494;city269;103;489;city212;461;382;city218;324;386;city159;232;77;city145;448;312;city75;164;321;city147;232;74;city231;58;15;city209;294;124;city135;165;453;city186
139;city165;241;308;city110;419;279;city206;163;406;city280;219;180;city173;135;184;city259;89;376;city275;45;322;city95;454;54;city119
125;city107;145;180;city127;335;317;city278;353;105;city50;249;59;city66;166;422;city74;488;369;city116;168;137;city138;438;296;city281
174;city128;187;304;city223;4;220;city174;100;287;city158;483;482;city136;428;418;city211
159;city98;320;461;city107;69;286;city59;212;60;city51;335;443;city206;64;89;city238;445;41;city278;491;259;city123
144;city158;426;88;city194;63;30;city98;156;407;city212;147;206;city84;315;63;city187
170;city157;264;18;city218;21;375;city184;223;380;city261;314;404;city214;238;280;city104;233;326;city242;343;234;city53;470;102;city286;129;157;city135;15;90;city88;28;332;city99;474;208;city249;374;316;city219;457;456;city206;354;362;city174;132;363;city168;200;375;city290
127;city263;444;460;city95;394;173;city256;328;494;city139;339;102;city62;285;217;city264;43;88;city129;282;93;city67;308;165;city294;56;467;city174;326;390;city277;327;346;city253;403;107;city150;61;216;city289;225;294;city268;431;288;city141;229;216;city59
138;city217;107;263;city289;464;216;city139;431;67;city131;73;410;city187;278;313;city174;192;389;city257;232;332;city154;250;23;city74;253;163;city226;78;479;city82;299;292;city77
138;city217;107;263;city289;464;216;city139;431;67;city131;73;410;city187;278;313;city174;192;389;city257;232;332;city154;250;23;city74;253;163;city226;78;479;city82;299;292;city77
137;city95;141;355;city150
158;city162;281;168;city54;185;442;city138;347;96;city121;174;244;city98;388;449;city235;440;410;city181;298;266;city232;310;364;city240;289;377;city177
158;city162;281;168;city54;185;442;city138;347;96;city121;174;244;city98;388;449;city235;440;410;city181;298;266;city232;310;364;city240;289;377;city177
139;city165;241;308;city110;419;279;city206;163;406;city280;219;180;city173;135;184;city259;89;376;city275;45;322;city95;454;54;city119
165;city123;409;31;city169;36;30;city273;270;67;city126;238;412;city76;338;472;city188;323;295;city237;358;289;city280;91;75;city260;271;321;city293;159;142;city207;495;421;city220;412;110;city74;150;28;city92;3;44;city99
161;city65;156;89;city89
165;city123;409;31;city169;36;30;city273;270;67;city126;238;412;city76;338;472;city188;323;295;city237;358;289;city280;91;75;city260;271;321;city293;159;142;city207;495;421;city220;412;110;city74;150;28;city92;3;44;city99
170;city157;264;18;city218;21;375;city184;223;380;city261;314;404;city214;238;280;city104;233;326;city242;343;234;city53;470;102;city286;129;157;city135;15;90;city88;28;332;city99;474;208;city249;374;316;city219;457;456;city206;354;362;city174;132;363;city168;200;375;city290
134;city292;292;368;city110;76;466;city76;50;32;city276;248;494;city269;103;489;city212;461;382;city218;324;386;city159;232;77;city145;448;312;city75;164;321;city147;232;74;city231;58;15;city209;294;124;city135;165;453;city186
156;city223;424;416;city87;398;133;city281;274;68;city173;343;143;city72;127;451;city219;451;265;city100;49;442;city149;223;330;city299;320;67;city264;289;403;city285;65;99;city86;240;24;city175;308;36;city191;93;368;city216;254;102;city119;114;346;city65;443;80;city241;41;187;city117;365;16;city255
154;city289;56;2;city271;117;169;city209;71;68;city149;463;34;city207;82;399;city214;181;108;city98;401;396;city237;29;472;city127;396;205;city213;207;84;city182;103;405;city284;396;218;city170;324;491;city186;38;285;city239;129;13;city134;41;442;city293
156;city223;424;416;city87;398;133;city281;274;68;city173;343;143;city72;127;451;city219;451;265;city100;49;442;city149;223;330;city299;320;67;city264;289;403;city285;65;99;city86;240;24;city175;308;36;city191;93;368;city216;254;102;city119;114;346;city65;443;80;city241;41;187;city117;365;16;city255
164;city130;423;398;city207;122;467;city299;452;23;city287;149;117;city267;280;362;city289;5;118;city137;50;283;city246;75;335;city52
133;city177;28;284;city127;161;484;city275;82;387;city107;208;202;city204;80;267;city162;450;250;city276;362;250;city95;280;334;city110;301;3031;city278;201;75;city133;456;275;city191
166;city94;474;130;city142;224;218;city270;351;104;city245
159;city98;320;461;city107;69;286;city59;212;60;city51;335;443;city206;64;89;city238;445;41;city278;491;259;city123
149;city240;221;250;city93;228;281;city89;459;309;city79;74;387;city271;499;381;city180;358;255;city263;462;323;city291;129;470;city186;437;255;city105;240;356;city55;62;309;city151;444;126;city159;372;440;city254;142;94;city299;192;341;city141
172;city130;354;4976;city262;450;294;city121
168;city198;248;268;city71;225;4;city87;86;461;city253;120;492;city106;56;208;city84;377;45;city160;247;5;city216;305;407;city95;176;223;city86;453;423;city249;59;131;city194
167;city137;334;417;city190;153;490;city123;131;495;city92;366;322;city60
165;city123;409;31;city169;36;30;city273;270;67;city126;238;412;city76;338;472;city188;323;295;city237;358;289;city280;91;75;city260;271;321;city293;159;142;city207;495;421;city220;412;110;city74;150;28;city92;3;44;city99
170;city157;264;18;city218;21;375;city184;223;380;city261;314;404;city214;238;280;city104;233;326;city242;343;234;city53;470;102;city286;129;157;city135;15;90;city88;28;332;city99;474;208;city249;374;316;city219;457;456;city206;354;362;city174;132;363;city168;200;375;city290
162;city113;41;12;city53;176;182;city54;288;223;city202;64;257;city252;208;104;city218;474;259;city155;346;500;city215;304;250;city269;169;299;city222;310;431;city88;204;56;city171;289;39;city193;229;288;city209;227;149;city257;436;17;city259;114;359;city105
170;city157;264;18;city218;21;375;city184;223;380;city261;314;404;city214;238;280;city104;233;326;city242;343;234;city53;470;102;city286;129;157;city135;15;90;city88;28;332;city99;474;208;city249;374;316;city219;457;456;city206;354;362;city174;132;363;city168;200;375;city290
147;city211;478;349;city71;143;95;city83;251;249;city65;195;86;city167;11;211;city213;287;395;city267;391;74;city192;31;442;city69
129;city132;425;440;city156;468;46;city86;239;119;city245;14;245;city50;383;230;city218;89;237;city166;38;330;city282;468;274;city180;497;41;city293;167;257;city135;125;430;city243;353;332;city152;142;66;city273;182;228;city123;97;331;city150;11;316;city98;273;239;city60;270;447;city191
136;city95;427;244;city284;217;51;city178;38;33;city232;340;223;city235;176;246;city118;315;207;city226;266;476;city184;38;27;city244;309;223;city116;155;44;city221;427;255;city249;54;24;city169
161;city65;156;89;city89
141;city232;164;176;city112;476;162;city235;358;212;city247;217;387;city171;345;256;city265;275;106;city186;225;27;city295;89;214;city176;164;61;city201;467;470;city151;460;163;city87;106;311;city213
143;city299;93;121;city125;282;57;city110;411;256;city62
156;city223;424;416;city87;398;133;city281;274;68;city173;343;143;city72;127;451;city219;451;265;city100;49;442;city149;223;330;city299;320;67;city264;289;403;city285;65;99;city86;240;24;city175;308;36;city191;93;368;city216;254;102;city119;114;346;city65;443;80;city241;41;187;city117;365;16;city255
173;city265;350;294;city180;291;88;city144;496;203;city99;232;468;city211;200;348;city271;310;188;city278;9;10;city56;152;238;city245;184;435;city85;376;446;city131;45;101;city222;392;242;city55;86;190;city80;18;474;city286
154;city289;56;2;city271;117;169;city209;71;68;city149;463;34;city207;82;399;city214;181;108;city98;401;396;city237;29;472;city127;396;205;city213;207;84;city182;103;405;city284;396;218;city170;324;491;city186;38;285;city239;129;13;city134;41;442;city293
136;city95;427;244;city284;217;51;city178;38;33;city232;340;223;city235;176;246;city118;315;207;city226;266;476;city184;38;27;city244;309;223;city116;155;44;city221;427;255;city249;54;24;city169
141;city232;164;176;city112;476;162;city235;358;212;city247;217;387;city171;345;256;city265;275;106;city186;225;27;city295;89;214;city176;164;61;city201;467;470;city151;460;163;city87;106;311;city213
157;city155;398;215;city277;378;480;city282;323;388;city218;242;145;city66;419;189;city191;351;166;city166;496;358;city93;460;9;city72;467;489;city187;217;422;city133;491;372;city242;28;157;city124;356;148;city58;94;251;city175;97;220;city235;145;362;city134;210;53;city196;12;90;city85;180;261;city126
142;city139;3;7;city199;224;342;city260;500;90;city112;281;316;city98;425;113;city164;156;282;city267;163;472;city166;49;241;city120;404;77;city190;380;35;city228;6;215;city53
161;city65;156;89;city89
168;city198;248;268;city71;225;4;city87;86;461;city253;120;492;city106;56;208;city84;377;45;city160;247;5;city216;305;407;city95;176;223;city86;453;423;city249;59;131;city194
129;city132;425;440;city156;468;46;city86;239;119;city245;14;245;city50;383;230;city218;89;237;city166;38;330;city282;468;274;city180;497;41;city293;167;257;city135;125;430;city243;353;332;city152;142;66;city273;182;228;city123;97;331;city150;11;316;city98;273;239;city60;270;447;city191
154;city289;56;2;city271;117;169;city209;71;68;city149;463;34;city207;82;399;city214;181;108;city98;401;396;city237;29;472;city127;396;205;city213;207;84;city182;103;405;city284;396;218;city170;324;491;city186;38;285;city239;129;13;city134;41;442;city293
155;city273;30;366;city212;254;30;city298;236;221;city90;350;451;city176;350;387;city211;11;468;city270;148;396;city227;78;9;city224;443;71;city102;284;108;city274;293;272;city241;430;104;city137;149;227;city114;165;332;city276;388;10;city51;250;346;city170
150;city159;216;96;city52;79;310;city192
140;city167;9;287;city275;500;492;city290;310;39;city257;311;144;city91;121;481;city173;398;447;city267;332;288;city71;38;151;city293;185;482;city245;473;42;city282;161;134;city104;2;193;city130
155;city273;30;366;city212;254;30;city298;236;221;city90;350;451;city176;350;387;city211;11;468;city270;148;396;city227;78;9;city224;443;71;city102;284;108;city274;293;272;city241;430;104;city137;149;227;city114;165;332;city276;388;10;city51;250;346;city170
172;city130;354;4976;city262;450;294;city121
128;city256;195;214;city60;239;455;city186;224;139;city167;278;30;city157;29;89;city279;120;365;city173
146;city253;375;367;city239;331;89;city158;194;323;city97;403;266;city274;218;376;city193;74;74;city175;325;254;city277;261;288;city136;282;377;city195;196;498;city93;317;437;city168;123;474;city188;267;27;city163;247;363;city151;46;97;city133;369;388;city179;222;213;city255;337;223;city247;132;279;city299
143;city299;93;121;city125;282;57;city110;411;256;city62
132;city99;301;43;city126;407;345;city199;175;430;city151;172;87;city79;102;408;city165;237;82;city80;490;89;city56;235;379;city184;351;52;city223;308;402;city53;262;490;city243;273;432;city249
137;city95;141;355;city150
156;city223;424;416;city87;398;133;city281;274;68;city173;343;143;city72;127;451;city219;451;265;city100;49;442;city149;223;330;city299;320;67;city264;289;403;city285;65;99;city86;240;24;city175;308;36;city191;93;368;city216;254;102;city119;114;346;city65;443;80;city241;41;187;city117;365;16;city255
145;city242;365;114;city128;46;11;city137;25;450;city133;209;65;city88;381;267;city89;457;253;city144;342;96;city274;284;454;city132;477;355;city71;312;466;city215;426;180;city179
156;city223;424;416;city87;398;133;city281;274;68;city173;343;143;city72;127;451;city219;451;265;city100;49;442;city149;223;330;city299;320;67;city264;289;403;city285;65;99;city86;240;24;city175;308;36;city191;93;368;city216;254;102;city119;114;346;city65;443;80;city241;41;187;city117;365;16;city255
142;city139;3;7;city199;224;342;city260;500;90;city112;281;316;city98;425;113;city164;156;282;city267;163;472;city166;49;241;city120;404;77;city190;380;35;city228;6;215;city53
145;city242;365;114;city128;46;11;city137;25;450;city133;209;65;city88;381;267;city89;457;253;city144;342;96;city274;284;454;city132;477;355;city71;312;466;city215;426;180;city179
172;city130;354;4976;city262;450;294;city121
156;city223;424;416;city87;398;133;city281;274;68;city173;343;143;city72;127;451;city219;451;265;city100;49;442;city149;223;330;city299;320;67;city264;289;403;city285;65;99;city86;240;24;city175;308;36;city191;93;368;city216;254;102;city119;114;346;city65;443;80;city241;41;187;city117;365;16;city255
149;city240;221;250;city93;228;281;city89;459;309;city79;74;387;city271;499;381;city180;358;255;city263;462;323;city291;129;470;city186;437;255;city105;240;356;city55;62;309;city151;444;126;city159;372;440;city254;142;94;city299;192;341;city141
125;city107;145;180;city127;335;317;city278;353;105;city50;249;59;city66;166;422;city74;488;369;city116;168;137;city138;438;296;city281
166;city94;474;130;city142;224;218;city270;351;104;city245
160;city60;453;167;city223;164;71;city127;69;480;city294;281;191;city262;8;488;city209;247;300;city189;492;443;city170;340;314;city135;263;401;city200;121;493;city167;454;198;city112
125;city107;145;180;city127;335;317;city278;353;105;city50;249;59;city66;166;422;city74;488;369;city116;168;137;city138;438;296;city281
145;city242;365;114;city128;46;11;city137;25;450;city133;209;65;city88;381;267;city89;457;253;city144;342;96;city274;284;454;city132;477;355;city71;312;466;city215;426;180;city179
162;city113;41;12;city53;176;182;city54;288;223;city202;64;257;city252;208;104;city218;474;259;city155;346;500;city215;304;250;city269;169;299;city222;310;431;city88;204;56;city171;289;39;city193;229;288;city209;227;149;city257;436;17;city259;114;359;city105
143;city299;93;121;city125;282;57;city110;411;256;city62
164;city130;423;398;city207;122;467;city299;452;23;city287;149;117;city267;280;362;city289;5;118;city137;50;283;city246;75;335;city52
129;city132;425;440;city156;468;46;city86;239;119;city245;14;245;city50;383;230;city218;89;237;city166;38;330;city282;468;274;city180;497;41;city293;167;257;city135;125;430;city243;353;332;city152;142;66;city273;182;228;city123;97;331;city150;11;316;city98;273;239;city60;270;447;city191
160;city60;453;167;city223;164;71;city127;69;480;city294;281;191;city262;8;488;city209;247;300;city189;492;443;city170;340;314;city135;263;401;city200;121;493;city167;454;198;city112
160;city60;453;167;city223;164;71;city127;69;480;city294;281;191;city262;8;488;city209;247;300;city189;492;443;city170;340;314;city135;263;401;city200;121;493;city167;454;198;city112
138;city217;107;263;city289;464;216;city139;431;67;city131;73;410;city187;278;313;city174;192;389;city257;232;332;city154;250;23;city74;253;163;city226;78;479;city82;299;292;city77
128;city256;195;214;city60;239;455;city186;224;139;city167;278;30;city157;29;89;city279;120;365;city173
132;city99;301;43;city126;407;345;city199;175;430;city151;172;87;city79;102;408;city165;237;82;city80;490;89;city56;235;379;city184;351;52;city223;308;402;city53;262;490;city243;273;432;city249
155;city273;30;366;city212;254;30;city298;236;221;city90;350;451;city176;350;387;city211;11;468;city270;148;396;city227;78;9;city224;443;71;city102;284;108;city274;293;272;city241;430;104;city137;149;227;city114;165;332;city276;388;10;city51;250;346;city170
134;city292;292;368;city110;76;466;city76;50;32;city276;248;494;city269;103;489;city212;461;382;city218;324;386;city159;232;77;city145;448;312;city75;164;321;city147;232;74;city231;58;15;city209;294;124;city135;165;453;city186
170;city157;264;18;city218;21;375;city184;223;380;city261;314;404;city214;238;280;city104;233;326;city242;343;234;city53;470;102;city286;129;157;city135;15;90;city88;28;332;city99;474;208;city249;374;316;city219;457;456;city206;354;362;city174;132;363;city168;200;375;city290
140;city167;9;287;city275;500;492;city290;310;39;city257;311;144;city91;121;481;city173;398;447;city267;332;288;city71;38;151;city293;185;482;city245;473;42;city282;161;134;city104;2;193;city130
158;city162;281;168;city54;185;442;city138;347;96;city121;174;244;city98;388;449;city235;440;410;city181;298;266;city232;310;364;city240;289;377;city177
132;city99;301;43;city126;407;345;city199;175;430;city151;172;87;city79;102;408;city165;237;82;city80;490;89;city56;235;379;city184;351;52;city223;308;402;city53;262;490;city243;273;432;city249
174;city128;187;304;city223;4;220;city174;100;287;city158;483;482;city136;428;418;city211
158;city162;281;168;city54;185;442;city138;347;96;city121;174;244;city98;388;449;city235;440;410;city181;298;266;city232;310;364;city240;289;377;city177
136;city95;427;244;city284;217;51;city178;38;33;city232;340;223;city235;176;246;city118;315;207;city226;266;476;city184;38;27;city244;309;223;city116;155;44;city221;427;255;city249;54;24;city169
171;city131;114;278;city290;171;357;city91;147;89;city53
126;city188;410;62;city246;205;285;city297;264;6;city268;338;304;city294;195;456;city75;275;161;city189
163;city203;86;457;city118;396;319;city187;231;324;city245;183;228;city288;370;286;city242;444;188;city119;311;101;city142;421;410;city297;82;270;city76;484;425;city104;386;403;city175;322;303;city152;408;399;city246;152;261;city243;356;364;city233;324;365;city138
130;city234;395;386;city64;55;254;city194;186;359;city123;438;335;city174;234;271;city208;215;50;city75;75;61;city291;136;494;city135;23;239;city66;100;468;city68;370;265;city270;238;203;city237;154;89;city180;273;496;city186;16;242;city148;225;266;city175
144;city158;426;88;city194;63;30;city98;156;407;city212;147;206;city84;315;63;city187
162;city113;41;12;city53;176;182;city54;288;223;city202;64;257;city252;208;104;city218;474;259;city155;346;500;city215;304;250;city269;169;299;city222;310;431;city88;204;56;city171;289;39;city193;229;288;city209;227;149;city257;436;17;city259;114;359;city105
162;city113;41;12;city53;176;182;city54;288;223;city202;64;257;city252;208;104;city218;474;259;city155;346;500;city215;304;250;city269;169;299;city222;310;431;city88;204;56;city171;289;39;city193;229;288;city209;227;149;city257;436;17;city259;114;359;city105
132;city99;301;43;city126;407;345;city199;175;430;city151;172;87;city79;102;408;city165;237;82;city80;490;89;city56;235;379;city184;351;52;city223;308;402;city53;262;490;city243;273;432;city249
148;city215;416;46;city104;435;100;city112;459;232;city72;371;213;city143;297;453;city113;144;144;city203;494;117;city287;24;377;city177;377;289;city157;160;253;city176;48;454;city260;116;26;city77;3;303;city144;300;387;city155;246;92;city200;278;168;city202;378;243;city235
125;city107;145;180;city127;335;317;city278;353;105;city50;249;59;city66;166;422;city74;488;369;city116;168;137;city138;438;296;city281
126;city188;410;62;city246;205;285;city297;264;6;city268;338;304;city294;195;456;city75;275;161;city189
157;city155;398;215;city277;378;480;city282;323;388;city218;242;145;city66;419;189;city191;351;166;city166;496;358;city93;460;9;city72;467;489;city187;217;422;city133;491;8721;city242;28;157;city124;356;148;city58;94;251;city175;97;220;city235;145;362;city134;210;53;city196;12;90;city85;180;261;city126
139;city165;241;308;city110;419;279;city206;163;406;city280;219;180;city173;135;184;city259;89;376;city275;45;322;city95;454;54;city119
148;city215;416;46;city104;435;100;city112;459;232;city72;371;213;city143;297;453;city113;144;144;city203;494;117;city287;24;377;city177;377;289;city157;160;253;city176;48;454;city260;116;26;city77;3;303;city144;300;387;city155;246;92;city200;278;168;city202;378;243;city235
126;city188;410;62;city246;205;285;city297;264;6;city268;338;304;city294;195;456;city75;275;161;city189
149;city240;221;250;city93;228;281;city89;459;309;city79;74;387;city271;499;381;city180;358;255;city263;462;323;city291;129;470;city186;437;255;city105;240;356;city55;62;309;city151;444;126;city159;372;440;city254;142;94;city299;192;341;city141
173;city265;350;294;city180;291;88;city144;496;203;city99;232;468;city211;200;348;city271;310;188;city278;9;10;city56;152;238;city245;184;435;city85;376;446;city131;45;101;city222;392;242;city55;86;190;city80;18;474;city286
130;city234;395;386;city64;55;254;city194;186;359;city123;438;335;city174;234;271;city208;215;50;city75;75;61;city291;136;494;city135;23;239;city66;100;468;city68;370;265;city270;238;203;city237;154;89;city180;273;496;city186;16;242;city148;225;266;city175
145;city242;365;114;city128;46;11;city137;25;450;city133;209;65;city88;381;267;city89;457;253;city144;342;96;city274;284;454;city132;477;355;city71;312;466;city215;426;180;city179
157;city155;398;215;city277;378;480;city282;323;388;city218;242;145;city66;419;189;city191;351;166;city166;496;358;city93;460;9;city72;467;489;city187;217;422;city133;491;8721;city242;28;157;city124;356;148;city58;94;251;city175;97;220;city235;145;362;city134;210;53;city196;12;90;city85;180;261;city126
173;city265;350;294;city180;291;88;city144;496;203;city99;232;468;city211;200;348;city271;310;188;city278;9;10;city56;152;238;city245;184;435;city85;376;446;city131;45;101;city222;392;242;city55;86;190;city80;18;474;city286
127;city263;444;460;city95;394;173;city256;328;494;city139;339;102;city62;285;217;city264;43;88;city129;282;93;city67;308;165;city294;56;467;city174;326;390;city277;327;346;city253;403;107;city150;61;216;city289;225;294;city268;431;288;city141;229;216;city59
156;city223;424;416;city87;398;133;city281;274;68;city173;343;143;city72;127;451;city219;451;265;city100;49;442;city149;223;330;city299;320;67;city264;289;403;city285;65;99;city86;240;24;city175;308;36;city191;93;368;city216;254;102;city119;114;346;city65;443;80;city241;41;187;city117;365;16;city255
171;city131;114;278;city290;171;357;city91;147;89;city53
128;city256;195;214;city60;239;455;city186;224;139;city167;278;30;city157;29;89;city279;120;365;city173
126;city188;410;62;city246;205;285;city297;264;6;city268;338;304;city294;195;456;city75;275;161;city189
153;city56;203;192;city141;437;365;city212;281;419;city216;408;339;city167;314;338;city78;400;232;city196;184;445;city217;185;438;city85;251;15;city222;323;447;city63;167;425;city138;112;65;city75;48;394;city180;336;171;city92
147;city211;478;349;city71;143;95;city83;251;249;city65;195;86;city167;11;211;city213;287;395;city267;391;74;city192;31;442;city69
134;city292;292;368;city110;76;466;city76;50;32;city276;248;494;city269;103;489;city212;461;382;city218;324;386;city159;232;77;city145;448;312;city75;164;321;city147;232;74;city231;58;15;city209;294;124;city135;165;453;city186
134;city292;292;368;city110;76;466;city76;50;32;city276;248;494;city269;103;489;city212;461;382;city218;324;386;city159;232;77;city145;448;312;city75;164;321;city147;232;74;city231;58;15;city209;294;124;city135;165;453;city186
147;city211;478;349;city71;143;95;city83;251;249;city65;195;86;city167;11;211;city213;287;395;city267;391;74;city192;31;442;city69
152;city197;73;307;city192;122;291;city65;70;476;city225;124;156;city239;219;299;city84;199;99;city280;219;371;city288
162;city113;41;12;city53;176;182;city54;288;223;city202;64;257;city252;208;104;city218;474;259;city155;346;500;city215;304;250;city269;169;299;city222;310;431;city88;204;56;city171;289;39;city193;229;288;city209;227;149;city257;436;17;city259;114;359;city105
164;city130;423;398;city207;122;467;city299;452;23;city287;149;117;city267;280;362;city289;5;118;city137;50;283;city246;75;335;city52
144;city158;426;88;city194;63;30;city98;156;407;city212;147;206;city84;315;63;city187
136;city95;427;244;city284;217;51;city178;38;33;city232;340;223;city235;176;246;city118;315;207;city226;266;476;city184;38;27;city244;309;223;city116;155;44;city221;427;255;city249;54;24;city169
168;city198;248;268;city71;225;4;city87;86;461;city253;120;492;city106;56;208;city84;377;3281;city160;247;5;city216;305;407;city95;176;223;city86;453;423;city249;59;131;city194
152;city197;73;307;city192;122;291;city65;70;476;city225;124;156;city239;219;299;city84;199;99;city280;219;371;city288
163;city203;86;457;city118;396;319;city187;231;324;city245;183;228;city288;370;286;city242;444;188;city119;311;101;city142;421;410;city297;82;270;city76;484;425;city104;386;403;city175;322;303;city152;408;399;city246;152;261;city243;356;364;city233;324;365;city138
171;city131;114;278;city290;171;357;city91;147;89;city53
156;city223;424;416;city87;398;133;city281;274;68;city173;343;143;city72;127;451;city219;451;265;city100;49;442;city149;223;330;city299;320;67;city264;289;403;city285;65;99;city86;240;24;city175;308;36;city191;93;368;city216;254;102;city119;114;346;city65;443;80;city241;41;187;city117;365;16;city255
127;city263;444;460;city95;394;173;city256;328;494;city139;339;102;city62;285;217;city264;43;88;city129;282;93;city67;308;165;city294;56;467;city174;326;390;city277;327;346;city253;403;107;city150;61;216;city289;225;294;city268;431;288;city141;229;216;city59
133;city177;28;284;city127;161;484;city275;82;387;city107;208;202;city204;80;267;city162;450;250;city276;362;250;city95;280;334;city110;301;3031;city278;201;75;city133;456;275;city191
156;city223;424;416;city87;398;133;city281;274;68;city173;343;143;city72;127;451;city219;451;265;city100;49;442;city149;223;330;city299;320;67;city264;289;403;city285;65;99;city86;240;24;city175;308;36;city191;93;368;city216;254;102;city119;114;346;city65;443;80;city241;41;187;city117;365;16;city255
156;city223;424;416;city87;398;133;city281;274;68;city173;343;143;city72;127;451;city219;451;265;city100;49;442;city149;223;330;city299;320;67;city264;289;403;city285;65;99;city86;240;24;city175;308;36;city191;93;368;city216;254;102;city119;114;346;city65;443;80;city241;41;187;city117;365;16;city255
168;city198;248;268;city71;225;4;city87;86;461;city253;120;492;city106;56;208;city84;377;3281;city160;247;5;city216;305;407;city95;176;223;city86;453;423;city249;59;131;city194
148;city215;416;46;city104;435;100;city112;459;232;city72;371;213;city143;297;453;city113;144;144;city203;494;117;city287;24;377;city177;377;289;city157;160;253;city176;48;454;city260;116;26;city77;3;303;city144;300;387;city155;246;92;city200;278;168;city202;378;243;city235
165;city123;409;31;city169;36;30;city273;270;67;city126;238;412;city76;338;472;city188;323;295;city237;358;289;city280;91;75;city260;271;321;city293;159;142;city207;495;421;city220;412;110;city74;150;28;city92;3;44;city99
148;city215;416;46;city104;435;100;city112;459;232;city72;371;213;city143;297;453;city113;144;144;city203;494;117;city287;24;377;city177;377;289;city157;160;253;city176;48;454;city260;116;26;city77;3;303;city144;300;387;city155;246;92;city200;278;168;city202;378;243;city235
155;city273;30;366;city212;254;30;city298;236;221;city90;350;451;city176;350;387;city211;11;468;city270;148;396;city227;78;9;city224;443;71;city102;284;108;city274;293;272;city241;430;104;city137;149;227;city114;165;332;city276;388;10;city51;250;346;city170
158;city162;281;168;city54;185;442;city138;347;96;city121;174;244;city98;388;449;city235;440;410;city181;298;266;city232;310;364;city240;289;377;city177
172;city130;354;4976;city262;450;294;city121
126;city188;410;62;city246;205;285;city297;264;6;city268;338;304;city294;195;456;city75;275;161;city189
174;city128;187;304;city223;4;220;city174;100;287;city158;483;482;city136;428;418;city211
132;city99;301;43;city126;407;345;city199;175;430;city151;172;87;city79;102;408;city165;237;82;city80;490;89;city56;235;379;city184;351;52;city223;308;402;city53;262;490;city243;273;432;city249
139;city165;241;308;city110;419;279;city206;163;406;city280;219;180;city173;135;184;city259;89;376;city275;45;322;city95;454;54;city119
136;city95;427;244;city284;217;51;city178;38;33;city232;340;223;city235;176;246;city118;315;207;city226;266;476;city184;38;27;city244;309;223;city116;155;44;city221;427;255;city249;54;24;city169
129;city132;425;440;city156;468;46;city86;239;119;city245;14;245;city50;383;230;city218;89;237;city166;38;330;city282;468;274;city180;497;41;city293;167;257;city135;125;430;city243;353;332;city152;142;66;city273;182;228;city123;97;331;city150;11;316;city98;273;239;city60;270;447;city191
154;city289;56;2;city271;117;169;city209;71;68;city149;463;34;city207;82;399;city214;181;108;city98;401;396;city237;29;472;city127;396;205;city213;207;84;city182;103;405;city284;396;218;city170;324;491;city186;38;285;city239;129;13;city134;41;442;city293
140;city167;9;287;city275;500;492;city290;310;39;city257;311;144;city91;121;481;city173;398;447;city267;332;288;city71;38;151;city293;185;482;city245;473;42;city282;161;134;city104;2;193;city130
139;city165;241;308;city110;419;279;city206;163;406;city280;219;180;city173;135;184;city259;89;376;city275;45;322;city95;454;54;city119
168;city198;248;268;city71;225;4;city87;86;461;city253;120;492;city106;56;208;city84;377;3281;city160;247;5;city216;305;407;city95;176;223;city86;453;423;city249;59;131;city194
165;city123;409;31;city169;36;30;city273;270;67;city126;238;412;city76;338;472;city188;323;295;city237;358;289;city280;91;75;city260;271;321;city293;159;142;city207;495;421;city220;412;110;city74;150;28;city92;3;44;city99
138;city217;107;263;city289;464;216;city139;431;67;city131;73;410;city187;278;313;city174;192;389;city257;232;332;city154;250;23;city74;253;163;city226;78;479;city82;299;292;city77
157;city155;398;215;city277;378;480;city282;323;388;city218;242;145;city66;419;189;city191;351;166;city166;496;358;city93;460;9;city72;467;489;city187;217;422;city133;491;8721;city242;28;157;city124;356;148;city58;94;251;city175;97;220;city235;145;362;city134;210;53;city196;12;90;city85;180;261;city126
155;city273;30;366;city212;254;30;city298;236;221;city90;350;451;city176;350;387;city211;11;468;city270;148;396;city227;78;9;city224;443;71;city102;284;108;city274;293;272;city241;430;104;city137;149;227;city114;165;332;city276;388;10;city51;250;346;city170
160;city60;453;167;city223;164;71;city127;69;480;city294;281;191;city262;8;488;city209;247;300;city189;492;443;city170;340;314;city135;263;401;city200;121;493;city167;454;198;city112
141;city232;164;176;city112;476;162;city235;358;212;city247;217;387;city171;345;256;city265;275;106;city186;225;27;city295;89;214;city176;164;61;city201;467;470;city151;460;163;city87;106;311;city213
