ERROR 3
ERROR 7
ERROR 14
ERROR 16
ERROR 18
ERROR 29
ERROR 30
ERROR 31
ERROR 36
ERROR 37
ERROR 39
ERROR 40
ERROR 43
ERROR 45
ERROR 47
ERROR 50
ERROR 53
ERROR 57
ERROR 58
ERROR 59
ERROR 60
ERROR 63
ERROR 64
ERROR 65
ERROR 68
ERROR 70
ERROR 72
ERROR 79
ERROR 80
ERROR 84
ERROR 88
ERROR 89
ERROR 92
ERROR 97
ERROR 99
ERROR 112
ERROR 113
ERROR 116
ERROR 121
ERROR 122
ERROR 128
ERROR 129
ERROR 132
ERROR 135
ERROR 136
ERROR 143
ERROR 145
ERROR 148
ERROR 150
ERROR 158
ERROR 168
ERROR 170
ERROR 172
ERROR 174
ERROR 175
ERROR 176
ERROR 177
ERROR 178
ERROR 179
ERROR 184
ERROR 185
ERROR 186
ERROR 188
ERROR 190
ERROR 191
ERROR 193
ERROR 195
ERROR 197
ERROR 200
ERROR 202
ERROR 203
ERROR 204
ERROR 205
ERROR 206
ERROR 207
ERROR 208
ERROR 209
ERROR 210
ERROR 212
ERROR 214
ERROR 216
ERROR 220
ERROR 221
ERROR 222
ERROR 223
ERROR 224
ERROR 225
ERROR 232
ERROR 234
ERROR 235
ERROR 239
ERROR 242
ERROR 243
ERROR 244
ERROR 248
ERROR 250
ERROR 257
ERROR 258
ERROR 260
ERROR 264
ERROR 265
ERROR 266
ERROR 269
ERROR 270
ERROR 271
ERROR 275
ERROR 276
ERROR 278
ERROR 279
ERROR 282
ERROR 284
ERROR 286
ERROR 287
ERROR 288
ERROR 295
ERROR 296
ERROR 298
ERROR 299
ERROR 303
ERROR 304
ERROR 307
ERROR 308
ERROR 309
ERROR 313
ERROR 314
ERROR 319
ERROR 324
ERROR 325
ERROR 326
ERROR 327
ERROR 333
ERROR 334
ERROR 336
ERROR 337
ERROR 339
ERROR 341
ERROR 343
ERROR 348
ERROR 353
ERROR 357
ERROR 362
ERROR 367
ERROR 368
ERROR 376
ERROR 378
ERROR 380
ERROR 383
ERROR 384
ERROR 385
ERROR 387
ERROR 388
ERROR 389
ERROR 391
ERROR 392
ERROR 395
ERROR 398
ERROR 403
ERROR 406
ERROR 407
ERROR 412
ERROR 421
ERROR 422
ERROR 426
ERROR 428
ERROR 429
ERROR 434
ERROR 437
ERROR 438
ERROR 441
ERROR 444
ERROR 445
ERROR 446
ERROR 450
ERROR 453
ERROR 454
ERROR 457
ERROR 458
ERROR 459
ERROR 460
ERROR 461
ERROR 462
ERROR 463
ERROR 464
ERROR 465
ERROR 467
ERROR 469
ERROR 471
ERROR 475
ERROR 477
ERROR 478
ERROR 479
ERROR 487
ERROR 488
ERROR 489
ERROR 490
ERROR 491
ERROR 492
ERROR 493
ERROR 496
ERROR 497
ERROR 498
ERROR 500
ERROR 501
ERROR 504
ERROR 507
ERROR 510
ERROR 514
ERROR 516
ERROR 518
ERROR 521
ERROR 522
ERROR 523
ERROR 525
ERROR 528
ERROR 529
ERROR 530
ERROR 532
ERROR 533
ERROR 535
ERROR 536
ERROR 537
ERROR 538
ERROR 539
ERROR 542
ERROR 546
ERROR 547
ERROR 551
ERROR 553
ERROR 555
ERROR 558
ERROR 561
ERROR 562
ERROR 564
ERROR 566
ERROR 567
ERROR 568
ERROR 569
ERROR 570
ERROR 571
ERROR 573
ERROR 576
ERROR 577
ERROR 578
ERROR 580
ERROR 585
ERROR 586
ERROR 594
ERROR 595
ERROR 598
ERROR 603
ERROR 607
ERROR 608
ERROR 609
ERROR 613
ERROR 619
ERROR 622
ERROR 623
ERROR 628
ERROR 629
ERROR 631
ERROR 634
ERROR 636
ERROR 641
ERROR 643
ERROR 645
ERROR 647
ERROR 649
ERROR 650
ERROR 651
ERROR 653
ERROR 659
ERROR 660
ERROR 661
ERROR 662
ERROR 666
ERROR 667
ERROR 670
ERROR 672
ERROR 674
ERROR 676
ERROR 677
ERROR 680
ERROR 681
ERROR 682
ERROR 684
ERROR 686
ERROR 688
ERROR 690
ERROR 692
ERROR 693
ERROR 695
ERROR 696
ERROR 697
ERROR 699
ERROR 700
ERROR 701
ERROR 703
ERROR 705
ERROR 707
ERROR 709
ERROR 710
ERROR 712
ERROR 714
ERROR 715
ERROR 720
ERROR 721
ERROR 730
ERROR 732
ERROR 734
ERROR 735
ERROR 736
ERROR 738
ERROR 739
ERROR 740
ERROR 742
ERROR 747
ERROR 749
ERROR 754
ERROR 755
ERROR 757
ERROR 759
ERROR 760
ERROR 761
ERROR 764
ERROR 766
ERROR 767
ERROR 772
ERROR 774
ERROR 775
ERROR 778
ERROR 780
ERROR 781
ERROR 784
ERROR 787
ERROR 791
ERROR 792
ERROR 794
ERROR 795
ERROR 797
ERROR 798
ERROR 799
ERROR 800
ERROR 801
ERROR 803
ERROR 804
ERROR 805
ERROR 809
ERROR 811
ERROR 813
ERROR 815
ERROR 816
ERROR 818
ERROR 819
ERROR 820
ERROR 822
ERROR 823
ERROR 824
ERROR 825
ERROR 826
ERROR 830
ERROR 831
ERROR 832
ERROR 833
ERROR 835
ERROR 838
ERROR 839
ERROR 841
ERROR 842
ERROR 843
ERROR 844
ERROR 846
ERROR 847
ERROR 850
ERROR 854
ERROR 860
ERROR 861
ERROR 862
ERROR 868
ERROR 869
ERROR 871
ERROR 872
ERROR 875
ERROR 882
ERROR 883
ERROR 888
ERROR 890
ERROR 891
ERROR 892
ERROR 895
ERROR 897
ERROR 898
ERROR 899
ERROR 900
ERROR 901
ERROR 909
ERROR 912
ERROR 914
ERROR 920
ERROR 921
ERROR 923
ERROR 924
ERROR 925
ERROR 927
ERROR 928
ERROR 930
ERROR 932
ERROR 933
ERROR 937
ERROR 938
ERROR 939
ERROR 940
ERROR 943
ERROR 946
ERROR 947
ERROR 950
ERROR 951
ERROR 953
ERROR 955
ERROR 956
ERROR 957
ERROR 958
ERROR 960
ERROR 962
ERROR 964
ERROR 965
ERROR 966
ERROR 967
ERROR 968
ERROR 970
ERROR 971
ERROR 973
ERROR 974
ERROR 977
ERROR 979
ERROR 980
ERROR 981
ERROR 985
ERROR 986
ERROR 987
ERROR 990
ERROR 992
ERROR 993
ERROR 996
ERROR 998
ERROR 999
ERROR 1003
ERROR 1004
ERROR 1005
ERROR 1007
ERROR 1008
ERROR 1009
ERROR 1010
ERROR 1013
ERROR 1015
ERROR 1019
ERROR 1020
ERROR 1021
ERROR 1022
ERROR 1023
ERROR 1026
ERROR 1027
ERROR 1028
ERROR 1031
ERROR 1032
ERROR 1034
ERROR 1035
ERROR 1036
ERROR 1037
ERROR 1039
ERROR 1041
ERROR 1042
ERROR 1043
ERROR 1044
ERROR 1045
ERROR 1047
ERROR 1049
ERROR 1051
ERROR 1053
ERROR 1054
ERROR 1060
ERROR 1061
ERROR 1063
ERROR 1064
ERROR 1065
ERROR 1068
ERROR 1071
ERROR 1072
ERROR 1073
ERROR 1074
ERROR 1075
ERROR 1079
ERROR 1081
ERROR 1084
ERROR 1087
ERROR 1088
ERROR 1089
ERROR 1091
ERROR 1094
ERROR 1095
ERROR 1100
ERROR 1101
ERROR 1102
ERROR 1104
ERROR 1105
ERROR 1106
ERROR 1107
ERROR 1112
ERROR 1117
ERROR 1119
ERROR 1120
ERROR 1121
ERROR 1122
ERROR 1127
ERROR 1129
ERROR 1131
ERROR 1132
ERROR 1135
ERROR 1136
ERROR 1138
ERROR 1140
ERROR 1142
ERROR 1145
ERROR 1147
ERROR 1149
ERROR 1152
ERROR 1153
ERROR 1154
ERROR 1157
ERROR 1158
ERROR 1159
ERROR 1163
ERROR 1164
ERROR 1165
