ERROR 2
ERROR 4
ERROR 13
ERROR 14
ERROR 24
ERROR 28
ERROR 30
ERROR 34
ERROR 39
ERROR 42
ERROR 43
ERROR 44
ERROR 46
ERROR 47
ERROR 48
ERROR 49
ERROR 51
ERROR 52
ERROR 53
ERROR 54
ERROR 55
ERROR 60
ERROR 63
ERROR 68
ERROR 72
ERROR 74
ERROR 80
ERROR 90
ERROR 91
ERROR 98
ERROR 100
ERROR 102
ERROR 107
ERROR 108
ERROR 109
ERROR 117
ERROR 121
ERROR 124
ERROR 126
ERROR 132
ERROR 137
ERROR 138
ERROR 142
ERROR 143
ERROR 150
ERROR 154
ERROR 155
ERROR 156
ERROR 160
ERROR 164
ERROR 165
ERROR 168
ERROR 169
ERROR 170
ERROR 176
ERROR 177
ERROR 179
ERROR 182
ERROR 183
ERROR 184
ERROR 186
ERROR 192
ERROR 194
ERROR 198
ERROR 199
ERROR 200
ERROR 202
ERROR 208
ERROR 211
ERROR 218
ERROR 219
ERROR 220
ERROR 222
ERROR 225
ERROR 226
ERROR 227
ERROR 229
ERROR 230
ERROR 233
ERROR 234
ERROR 236
ERROR 237
ERROR 238
ERROR 243
ERROR 248
ERROR 250
ERROR 251
ERROR 254
ERROR 256
ERROR 257
ERROR 260
ERROR 261
ERROR 263
ERROR 264
ERROR 265
ERROR 266
ERROR 268
ERROR 271
ERROR 273
ERROR 274
ERROR 276
ERROR 279
ERROR 280
ERROR 282
ERROR 283
ERROR 284
ERROR 286
ERROR 288
ERROR 290
ERROR 291
ERROR 292
ERROR 293
ERROR 294
ERROR 295
ERROR 298
ERROR 300
ERROR 301
ERROR 303
ERROR 304
ERROR 306
ERROR 308
ERROR 313
ERROR 314
ERROR 315
ERROR 316
ERROR 317
ERROR 318
ERROR 319
ERROR 321
ERROR 322
ERROR 328
ERROR 329
ERROR 331
ERROR 334
ERROR 335
ERROR 336
ERROR 337
ERROR 339
ERROR 340
ERROR 341
ERROR 343
ERROR 345
ERROR 346
ERROR 351
ERROR 352
ERROR 353
ERROR 359
ERROR 361
ERROR 366
ERROR 371
ERROR 373
ERROR 374
ERROR 375
ERROR 379
ERROR 380
ERROR 381
ERROR 383
ERROR 385
ERROR 386
ERROR 391
ERROR 393
ERROR 394
ERROR 395
ERROR 401
ERROR 403
ERROR 404
ERROR 406
ERROR 408
ERROR 409
ERROR 411
ERROR 412
ERROR 413
ERROR 414
ERROR 416
ERROR 418
ERROR 420
ERROR 422
ERROR 424
ERROR 427
ERROR 433
ERROR 435
ERROR 436
ERROR 439
ERROR 444
ERROR 445
ERROR 446
ERROR 447
ERROR 452
ERROR 453
ERROR 456
ERROR 459
ERROR 460
ERROR 466
ERROR 467
ERROR 469
ERROR 471
ERROR 472
ERROR 475
ERROR 478
ERROR 479
ERROR 480
ERROR 482
ERROR 485
ERROR 488
ERROR 492
ERROR 495
ERROR 496
ERROR 497
ERROR 498
ERROR 501
ERROR 502
ERROR 503
ERROR 506
ERROR 507
ERROR 510
ERROR 515
ERROR 516
ERROR 524
ERROR 525
ERROR 526
ERROR 534
ERROR 535
ERROR 537
ERROR 541
ERROR 542
ERROR 546
ERROR 547
ERROR 549
ERROR 550
ERROR 555
ERROR 558
ERROR 559
ERROR 562
ERROR 563
ERROR 567
ERROR 568
ERROR 570
ERROR 572
ERROR 573
ERROR 574
ERROR 575
ERROR 576
ERROR 577
ERROR 579
ERROR 581
ERROR 583
ERROR 585
ERROR 588
ERROR 589
ERROR 590
ERROR 592
ERROR 594
ERROR 595
ERROR 597
ERROR 600
ERROR 601
ERROR 602
ERROR 609
ERROR 610
ERROR 611
ERROR 612
ERROR 613
ERROR 614
ERROR 615
ERROR 616
ERROR 620
ERROR 624
ERROR 625
ERROR 626
ERROR 628
ERROR 631
ERROR 633
ERROR 634
ERROR 635
ERROR 637
ERROR 638
ERROR 643
ERROR 644
ERROR 646
ERROR 648
ERROR 649
ERROR 650
ERROR 652
ERROR 653
ERROR 656
ERROR 657
ERROR 659
ERROR 661
ERROR 664
ERROR 670
ERROR 671
ERROR 673
ERROR 675
ERROR 677
ERROR 678
ERROR 681
ERROR 682
ERROR 683
ERROR 686
ERROR 687
ERROR 688
ERROR 689
ERROR 692
ERROR 693
ERROR 694
ERROR 698
ERROR 699
ERROR 701
ERROR 702
ERROR 703
ERROR 705
ERROR 706
ERROR 708
ERROR 709
ERROR 710
ERROR 715
ERROR 716
ERROR 717
ERROR 718
ERROR 719
ERROR 720
ERROR 721
ERROR 722
ERROR 726
ERROR 727
ERROR 728
ERROR 730
ERROR 731
ERROR 732
ERROR 733
ERROR 734
ERROR 735
ERROR 736
ERROR 737
ERROR 738
ERROR 740
ERROR 741
ERROR 742
ERROR 746
ERROR 749
ERROR 750
ERROR 752
ERROR 754
ERROR 756
ERROR 759
ERROR 760
ERROR 761
ERROR 762
ERROR 764
ERROR 765
ERROR 766
ERROR 767
ERROR 769
ERROR 770
ERROR 771
ERROR 773
ERROR 774
ERROR 777
ERROR 778
ERROR 780
ERROR 785
ERROR 787
ERROR 793
ERROR 794
ERROR 797
ERROR 799
ERROR 800
ERROR 801
ERROR 811
ERROR 815
ERROR 822
ERROR 824
ERROR 826
ERROR 827
ERROR 828
ERROR 830
ERROR 837
ERROR 838
ERROR 840
ERROR 841
ERROR 844
ERROR 847
ERROR 848
ERROR 849
ERROR 850
ERROR 851
ERROR 854
ERROR 857
ERROR 862
ERROR 865
ERROR 867
ERROR 869
ERROR 870
ERROR 872
ERROR 873
ERROR 874
ERROR 876
ERROR 877
ERROR 880
ERROR 881
ERROR 882
ERROR 888
ERROR 889
ERROR 895
ERROR 897
ERROR 899
ERROR 902
ERROR 904
ERROR 906
ERROR 907
ERROR 908
ERROR 909
ERROR 910
ERROR 912
ERROR 914
ERROR 916
ERROR 917
ERROR 919
ERROR 922
ERROR 927
ERROR 928
ERROR 929
ERROR 930
ERROR 932
ERROR 934
ERROR 937
ERROR 938
ERROR 940
ERROR 941
ERROR 943
ERROR 944
ERROR 947
ERROR 953
ERROR 956
ERROR 961
ERROR 962
ERROR 963
ERROR 964
ERROR 965
ERROR 966
ERROR 967
ERROR 970
ERROR 971
ERROR 976
ERROR 977
ERROR 982
ERROR 984
ERROR 985
ERROR 986
ERROR 988
ERROR 998
ERROR 999
ERROR 1002
ERROR 1004
ERROR 1005
ERROR 1006
ERROR 1007
ERROR 1012
ERROR 1014
ERROR 1016
ERROR 1018
ERROR 1019
ERROR 1020
ERROR 1021
ERROR 1022
ERROR 1023
ERROR 1025
ERROR 1026
ERROR 1027
ERROR 1028
ERROR 1029
ERROR 1031
ERROR 1033
ERROR 1040
ERROR 1041
ERROR 1042
ERROR 1043
ERROR 1048
ERROR 1051
ERROR 1053
ERROR 1055
ERROR 1057
ERROR 1058
ERROR 1059
ERROR 1060
ERROR 1062
ERROR 1063
ERROR 1067
ERROR 1070
ERROR 1072
ERROR 1073
ERROR 1074
ERROR 1075
ERROR 1076
ERROR 1077
ERROR 1078
ERROR 1082
ERROR 1084
ERROR 1085
ERROR 1086
ERROR 1087
ERROR 1088
ERROR 1089
ERROR 1091
ERROR 1092
ERROR 1093
ERROR 1095
ERROR 1096
ERROR 1097
ERROR 1101
ERROR 1102
ERROR 1106
ERROR 1107
ERROR 1108
ERROR 1111
ERROR 1113
ERROR 1119
ERROR 1121
ERROR 1123
ERROR 1124
ERROR 1126
ERROR 1128
ERROR 1131
ERROR 1133
ERROR 1134
ERROR 1136
ERROR 1144
ERROR 1146
ERROR 1148
ERROR 1149
