ERROR 4
ERROR 5
ERROR 6
ERROR 10
ERROR 13
ERROR 14
ERROR 17
ERROR 18
ERROR 23
ERROR 25
ERROR 28
ERROR 31
ERROR 32
ERROR 34
ERROR 43
ERROR 50
ERROR 51
ERROR 55
ERROR 58
ERROR 59
ERROR 66
ERROR 67
ERROR 70
ERROR 71
ERROR 75
ERROR 78
ERROR 82
ERROR 84
ERROR 86
ERROR 88
ERROR 89
ERROR 95
ERROR 97
ERROR 98
ERROR 101
ERROR 102
ERROR 107
ERROR 112
ERROR 114
ERROR 120
ERROR 124
ERROR 127
ERROR 129
ERROR 130
ERROR 131
ERROR 132
ERROR 135
ERROR 136
ERROR 138
ERROR 139
ERROR 140
ERROR 145
ERROR 146
ERROR 147
ERROR 148
ERROR 154
ERROR 155
ERROR 158
ERROR 159
ERROR 164
ERROR 166
ERROR 167
ERROR 174
ERROR 176
ERROR 179
ERROR 182
ERROR 185
ERROR 187
ERROR 188
ERROR 191
ERROR 197
ERROR 203
ERROR 207
ERROR 209
ERROR 212
ERROR 217
ERROR 226
ERROR 227
ERROR 229
ERROR 230
ERROR 243
ERROR 244
ERROR 245
ERROR 246
ERROR 247
ERROR 249
ERROR 250
ERROR 251
ERROR 252
ERROR 255
ERROR 264
ERROR 266
ERROR 270
ERROR 272
ERROR 278
ERROR 279
ERROR 280
ERROR 281
ERROR 283
ERROR 284
ERROR 288
ERROR 294
ERROR 297
ERROR 301
ERROR 302
ERROR 305
ERROR 306
ERROR 307
ERROR 308
ERROR 309
ERROR 313
ERROR 316
ERROR 323
ERROR 324
ERROR 326
ERROR 327
ERROR 329
ERROR 330
ERROR 331
ERROR 335
ERROR 338
ERROR 342
ERROR 344
ERROR 346
ERROR 348
ERROR 349
ERROR 351
ERROR 352
ERROR 354
ERROR 355
ERROR 356
ERROR 357
ERROR 359
ERROR 362
ERROR 363
ERROR 366
ERROR 379
ERROR 381
ERROR 384
ERROR 386
ERROR 387
ERROR 392
ERROR 397
ERROR 401
ERROR 403
ERROR 405
ERROR 409
ERROR 411
ERROR 414
ERROR 415
ERROR 418
ERROR 419
ERROR 421
ERROR 422
ERROR 423
ERROR 427
ERROR 431
ERROR 432
ERROR 434
ERROR 435
ERROR 436
ERROR 439
ERROR 440
ERROR 445
ERROR 446
ERROR 447
ERROR 448
ERROR 449
ERROR 452
ERROR 453
ERROR 455
ERROR 456
ERROR 457
ERROR 459
ERROR 461
ERROR 464
ERROR 466
ERROR 468
ERROR 473
ERROR 479
ERROR 480
ERROR 481
ERROR 483
ERROR 484
ERROR 489
ERROR 491
ERROR 492
ERROR 494
ERROR 495
ERROR 496
ERROR 499
ERROR 501
ERROR 503
ERROR 505
ERROR 507
ERROR 510
ERROR 511
ERROR 512
ERROR 513
ERROR 514
ERROR 516
ERROR 517
ERROR 521
ERROR 523
ERROR 524
ERROR 525
ERROR 531
ERROR 535
ERROR 536
ERROR 538
ERROR 540
ERROR 542
ERROR 545
ERROR 546
ERROR 549
ERROR 550
ERROR 551
ERROR 552
ERROR 553
ERROR 554
ERROR 557
ERROR 558
ERROR 560
ERROR 561
ERROR 563
ERROR 566
ERROR 567
ERROR 569
ERROR 570
ERROR 571
ERROR 572
ERROR 573
ERROR 576
ERROR 577
ERROR 578
ERROR 579
ERROR 580
ERROR 581
ERROR 582
ERROR 584
ERROR 588
ERROR 589
ERROR 592
ERROR 593
ERROR 595
ERROR 601
ERROR 603
ERROR 606
ERROR 611
ERROR 612
ERROR 613
ERROR 614
ERROR 615
ERROR 616
ERROR 626
ERROR 628
ERROR 630
ERROR 632
ERROR 633
ERROR 635
ERROR 641
ERROR 643
ERROR 644
ERROR 646
ERROR 652
ERROR 653
ERROR 659
ERROR 660
ERROR 662
ERROR 664
ERROR 670
ERROR 671
ERROR 672
ERROR 674
ERROR 675
ERROR 676
ERROR 677
ERROR 680
ERROR 682
ERROR 683
ERROR 686
ERROR 687
ERROR 688
ERROR 689
ERROR 693
ERROR 694
ERROR 696
ERROR 698
ERROR 699
ERROR 700
ERROR 701
ERROR 703
ERROR 705
ERROR 706
ERROR 707
ERROR 708
ERROR 711
ERROR 712
ERROR 714
ERROR 716
ERROR 717
ERROR 718
ERROR 722
ERROR 723
ERROR 724
ERROR 725
ERROR 726
ERROR 727
ERROR 728
ERROR 730
ERROR 731
ERROR 732
ERROR 734
ERROR 735
ERROR 737
ERROR 740
ERROR 741
ERROR 742
ERROR 743
ERROR 744
ERROR 747
ERROR 749
ERROR 751
ERROR 752
ERROR 753
ERROR 754
ERROR 756
ERROR 760
ERROR 761
ERROR 762
ERROR 763
ERROR 764
ERROR 765
ERROR 768
ERROR 770
ERROR 771
ERROR 777
ERROR 778
ERROR 779
ERROR 781
ERROR 782
ERROR 783
ERROR 784
ERROR 785
ERROR 786
ERROR 790
ERROR 792
ERROR 793
ERROR 794
ERROR 796
ERROR 799
ERROR 802
ERROR 804
ERROR 805
ERROR 806
ERROR 809
ERROR 810
ERROR 812
ERROR 813
ERROR 814
ERROR 816
ERROR 818
ERROR 819
ERROR 820
ERROR 821
ERROR 824
ERROR 827
ERROR 828
ERROR 829
ERROR 830
ERROR 832
ERROR 839
ERROR 840
ERROR 841
ERROR 843
ERROR 844
ERROR 846
ERROR 850
ERROR 853
ERROR 855
ERROR 858
ERROR 862
ERROR 865
ERROR 867
ERROR 868
ERROR 871
ERROR 875
ERROR 876
ERROR 879
ERROR 880
ERROR 881
ERROR 884
ERROR 885
ERROR 888
ERROR 893
ERROR 894
ERROR 896
ERROR 897
ERROR 899
ERROR 902
ERROR 903
ERROR 904
ERROR 905
ERROR 907
ERROR 909
ERROR 910
ERROR 911
ERROR 912
ERROR 918
ERROR 919
ERROR 920
ERROR 921
ERROR 922
ERROR 925
ERROR 926
ERROR 927
ERROR 928
ERROR 929
ERROR 931
ERROR 935
ERROR 937
ERROR 939
ERROR 940
ERROR 941
ERROR 943
ERROR 947
ERROR 949
ERROR 950
ERROR 951
ERROR 952
ERROR 953
ERROR 955
ERROR 956
ERROR 957
ERROR 958
ERROR 961
ERROR 962
ERROR 963
ERROR 966
ERROR 971
ERROR 973
ERROR 974
ERROR 977
ERROR 979
ERROR 980
ERROR 982
ERROR 985
ERROR 986
ERROR 987
ERROR 988
ERROR 991
ERROR 994
ERROR 996
ERROR 997
ERROR 998
ERROR 1000
ERROR 1002
ERROR 1004
ERROR 1006
ERROR 1009
ERROR 1010
ERROR 1014
ERROR 1016
ERROR 1017
ERROR 1021
ERROR 1022
ERROR 1023
ERROR 1024
ERROR 1025
ERROR 1026
ERROR 1029
ERROR 1033
ERROR 1035
ERROR 1039
ERROR 1041
ERROR 1042
ERROR 1044
ERROR 1046
ERROR 1051
ERROR 1052
ERROR 1054
ERROR 1057
ERROR 1060
ERROR 1061
ERROR 1062
ERROR 1068
ERROR 1069
ERROR 1072
ERROR 1073
ERROR 1074
ERROR 1076
ERROR 1077
ERROR 1078
ERROR 1079
ERROR 1081
ERROR 1084
ERROR 1086
ERROR 1092
ERROR 1093
ERROR 1094
ERROR 1096
ERROR 1098
ERROR 1099
ERROR 1100
ERROR 1104
ERROR 1105
ERROR 1107
ERROR 1108
ERROR 1109
ERROR 1110
ERROR 1111
ERROR 1113
ERROR 1115
ERROR 1116
ERROR 1118
ERROR 1119
ERROR 1120
ERROR 1122
ERROR 1124
ERROR 1127
ERROR 1128
ERROR 1129
ERROR 1136
ERROR 1137
ERROR 1142
ERROR 1143
ERROR 1144
ERROR 1148
ERROR 1150
ERROR 1153
ERROR 1163
ERROR 1165
ERROR 1166
ERROR 1167
ERROR 1168
ERROR 1169
ERROR 1171
ERROR 1172
ERROR 1173
ERROR 1176
ERROR 1177
ERROR 1181
ERROR 1185
ERROR 1190
ERROR 1191
ERROR 1192
ERROR 1194
ERROR 1195
ERROR 1200
ERROR 1202
ERROR 1203
ERROR 1205
ERROR 1212
ERROR 1213
ERROR 1214
ERROR 1216
ERROR 1217
ERROR 1218
ERROR 1222
ERROR 1223
ERROR 1224
ERROR 1225
ERROR 1226
ERROR 1227
ERROR 1230
ERROR 1231
ERROR 1232
ERROR 1233
ERROR 1234
ERROR 1235
ERROR 1236
ERROR 1237
ERROR 1239
ERROR 1240
ERROR 1245
ERROR 1247
ERROR 1249
ERROR 1250
ERROR 1251
ERROR 1252
ERROR 1253
ERROR 1254
ERROR 1255
ERROR 1263
ERROR 1266
ERROR 1267
ERROR 1268
ERROR 1270
ERROR 1271
ERROR 1272
ERROR 1277
ERROR 1279
ERROR 1280
ERROR 1281
ERROR 1282
ERROR 1283
ERROR 1285
ERROR 1287
ERROR 1288
ERROR 1289
ERROR 1291
ERROR 1292
ERROR 1295
ERROR 1296
ERROR 1297
ERROR 1298
ERROR 1299
ERROR 1300
ERROR 1302
ERROR 1303
ERROR 1304
ERROR 1306
ERROR 1309
ERROR 1311
ERROR 1313
ERROR 1314
ERROR 1317
ERROR 1320
ERROR 1321
ERROR 1323
ERROR 1324
ERROR 1325
ERROR 1326
ERROR 1329
ERROR 1330
ERROR 1331
ERROR 1332
ERROR 1333
ERROR 1336
ERROR 1338
ERROR 1339
ERROR 1340
ERROR 1341
ERROR 1343
ERROR 1344
ERROR 1345
ERROR 1350
ERROR 1351
ERROR 1355
ERROR 1357
ERROR 1360
ERROR 1361
ERROR 1363
ERROR 1365
ERROR 1367
ERROR 1370
ERROR 1372
ERROR 1373
ERROR 1374
ERROR 1375
ERROR 1379
ERROR 1380
ERROR 1381
ERROR 1383
ERROR 1384
ERROR 1385
ERROR 1386
ERROR 1389
ERROR 1390
ERROR 1392
ERROR 1395
ERROR 1399
ERROR 1400
ERROR 1401
ERROR 1403
ERROR 1407
ERROR 1408
ERROR 1410
ERROR 1412
ERROR 1414
ERROR 1415
ERROR 1418
ERROR 1419
ERROR 1420
ERROR 1421
ERROR 1422
ERROR 1423
ERROR 1425
ERROR 1426
ERROR 1432
ERROR 1433
ERROR 1434
ERROR 1435
ERROR 1437
ERROR 1439
ERROR 1441
ERROR 1442
ERROR 1443
ERROR 1446
ERROR 1447
ERROR 1448
ERROR 1450
ERROR 1451
ERROR 1452
ERROR 1454
ERROR 1456
ERROR 1457
ERROR 1458
ERROR 1459
ERROR 1460
ERROR 1461
ERROR 1463
ERROR 1464
ERROR 1465
ERROR 1466
ERROR 1468
ERROR 1472
ERROR 1474
ERROR 1475
ERROR 1476
ERROR 1477
ERROR 1478
ERROR 1481
ERROR 1483
ERROR 1484
ERROR 1485
ERROR 1486
ERROR 1487
ERROR 1488
ERROR 1489
ERROR 1491
ERROR 1495
ERROR 1499
ERROR 1501
ERROR 1502
ERROR 1503
ERROR 1507
ERROR 1509
ERROR 1511
ERROR 1513
ERROR 1514
ERROR 1515
ERROR 1516
ERROR 1517
ERROR 1519
ERROR 1520
ERROR 1522
ERROR 1523
ERROR 1525
ERROR 1526
ERROR 1529
ERROR 1531
ERROR 1532
ERROR 1534
ERROR 1535
ERROR 1543
ERROR 1545
ERROR 1548
ERROR 1549
ERROR 1550
ERROR 1551
ERROR 1553
ERROR 1555
ERROR 1560
ERROR 1563
ERROR 1566
ERROR 1567
ERROR 1568
ERROR 1570
ERROR 1573
ERROR 1575
