
154;city230;412;157;city216;353;357;city266;400;256;city285;24;82;city222;436;239;city260;174;25;city171;236;229;city163;172;235;city183;120;311;city54;113;466;city263;219;152;city265;256;61;city190;47;411;city64


150;city167;263;306;city269;399;26;city261;123;484;city236;226;134;city137;360;386;city207;330;250;city204;202;267;city211;489;207;city191;156;127;city116;149;280;city126;86;292;city83






164;city210;376;361;city109;271;470;city108;409;148;city217;85;37;city92;485;229;city177;287;484;city87;142;354;city58;452;261;city129;321;293;city263;235;340;city190;345;368;city218;383;42;city122;47;65;city234;229;161;city61;278;172;city221;5;252;city180;45;490;city167;167;144;city212

146;city225;128;474;city67;448;53;city104;79;389;city88;144;281;city170;472;73;city227;439;465;city102;268;144;city267;20;311;city111;340;276;city209;378;248;city137






144;city140;91;380;city57;12;7795;city233;39;122;city133;111;485;city145;47;90;city147;34;201;city289;277;462;city107;158;460;city121;471;375;city95;44;4;city253;406;415;city295;133;290;city263;468;139;city98;202;454;city117;82;46;city130

128;city298;311;251;city286;227;462;city291;292;356;city221;456;349;city78;451;295;city198


154;city230;412;157;city216;353;357;city266;400;256;city285;24;82;city222;436;239;city260;174;25;city171;236;229;city163;172;235;city183;120;311;city54;113;466;city263;219;152;city265;256;61;city190;47;411;city64



137;city134;158;421;city175;445;138;city118;16;62;city240;131;129;city270



146;city225;128;474;city67;448;53;city104;79;389;city88;144;281;city170;472;73;city227;439;465;city102;268;144;city267;20;311;city111;340;276;city209;378;248;city137
126;city238;143;445;city195;372;278;city262;28;336;city246;126;371;city70;184;23;city67;456;4;city164;181;144;city257


136;city255;385;499;city124;12;371;city157;341;283;city243;480;47;city87;384;307;city264;76;290;city173;306;291;city290;52;359;city193;225;116;city196;180;17;city228;119;177;city270
159;city160;72;306;city93;20;203;city75;314;108;city98;462;221;city170;306;266;city297;228;71;city108;390;368;city162
172;city277;116;391;city93;458;394;city129;456;395;city282;420;126;city109;247;25;city262;470;215;city192;441;348;city257


133;city175;277;310;city190;458;496;city163;433;48;city178;256;173;city183;365;385;city115;122;165;city116;101;221;city234;158;31;city245;55;361;city131;450;259;city220;313;422;city110;256;106;city106;258;320;city260;470;406;city254;124;106;city171;248;488;city160;282;483;city186;103;66;city154;444;411;city53
142;city297;498;109;city126;428;184;city260;492;201;city109;475;78;city195;127;350;city63;383;181;city163;337;408;city274;99;304;city259;49;127;city207;385;80;city244;352;281;city66;241;378;city296

140;city112;333;296;city68;190;393;city134;478;262;city156;420;322;city222;354;266;city128;413;334;city275;261;352;city58;255;329;city92;25;100;city147;193;62;city117;330;464;city140
144;city140;91;380;city57;12;7795;city233;39;122;city133;111;485;city145;47;90;city147;34;201;city289;277;462;city107;158;460;city121;471;375;city95;44;4;city253;406;415;city295;133;290;city263;468;139;city98;202;454;city117;82;46;city130
144;city140;91;380;city57;12;7795;city233;39;122;city133;111;485;city145;47;90;city147;34;201;city289;277;462;city107;158;460;city121;471;375;city95;44;4;city253;406;415;city295;133;290;city263;468;139;city98;202;454;city117;82;46;city130

164;city210;376;361;city109;271;470;city108;409;148;city217;85;37;city92;485;229;city177;287;484;city87;142;354;city58;452;261;city129;321;293;city263;235;340;city190;345;368;city218;383;42;city122;47;65;city234;229;161;city61;278;172;city221;5;252;city180;45;490;city167;167;144;city212



164;city210;376;361;city109;271;470;city108;409;148;city217;85;37;city92;485;229;city177;287;484;city87;142;354;city58;452;261;city129;321;293;city263;235;340;city190;345;368;city218;383;42;city122;47;65;city234;229;161;city61;278;172;city221;5;252;city180;45;490;city167;167;144;city212
146;city225;128;474;city67;448;53;city104;79;389;city88;144;281;city170;472;73;city227;439;465;city102;268;144;city267;20;311;city111;340;276;city209;378;248;city137

148;city180;159;412;city263;375;132;city283;63;440;city179;146;14;city186;478;185;city74;46;170;city121;485;185;city205;208;277;city176;78;163;city171;470;154;city167;206;437;city271;357;329;city194;443;293;city218;317;262;city173;355;22;city183;46;182;city191;118;190;city248;448;210;city233;180;189;city213
162;city188;4;67;city131;347;150;city210;180;287;city249;74;318;city146;408;83;city141;287;93;city277;353;246;city159;404;73;city124;204;6;city216;330;244;city99

150;city167;263;306;city269;399;26;city261;123;484;city236;226;134;city137;360;386;city207;330;250;city204;202;267;city211;489;207;city191;156;127;city116;149;280;city126;86;292;city83


174;city105;212;258;city192;318;94;city117;465;260;city106;318;434;city142;203;261;city141;48;116;city292
172;city277;116;391;city93;458;394;city129;456;395;city282;420;126;city109;247;25;city262;470;215;city192;441;348;city257
143;city172;64;126;city279;257;438;city78;12;109;city224;98;274;city72;408;434;city219
142;city297;498;109;city126;428;184;city260;492;201;city109;475;78;city195;127;350;city63;383;181;city163;337;408;city274;99;304;city259;49;127;city207;385;80;city244;352;281;city66;241;378;city296
145;city197;31;191;city53;62;125;city80;363;56;city110

148;city180;159;412;city263;375;132;city283;63;440;city179;146;14;city186;478;185;city74;46;170;city121;485;185;city205;208;277;city176;78;163;city171;470;154;city167;206;437;city271;357;329;city194;443;293;city218;317;262;city173;355;22;city183;46;182;city191;118;190;city248;448;210;city233;180;189;city213
128;city298;311;251;city286;227;462;city291;292;356;city221;456;349;city78;451;295;city198

164;city210;376;361;city109;271;470;city108;409;148;city217;85;37;city92;485;229;city177;287;484;city87;142;354;city58;452;261;city129;321;293;city263;235;340;city190;345;368;city218;383;42;city122;47;65;city234;229;161;city61;278;172;city221;5;252;city180;45;490;city167;167;144;city212
154;city230;412;157;city216;353;357;city266;400;256;city285;24;82;city222;436;239;city260;174;25;city171;236;229;city163;172;235;city183;120;311;city54;113;466;city263;219;152;city265;256;61;city190;47;411;city64
171;city295;66;284;city217;146;76;city85;217;412;city269;186;41;city260;230;78;city253;460;31;city155;136;96;city202;224;375;city153;302;295;city127;54;257;city69
139;city216;153;426;city299;181;221;city211;377;27;city203;497;270;city222;234;409;city62;225;116;city78
136;city255;385;499;city124;12;371;city157;341;283;city243;480;47;city87;384;307;city264;76;290;city173;306;291;city290;52;359;city193;225;116;city196;180;17;city228;119;177;city270

132;city270;14;167;city83;307;112;city203;142;153;city163;141;174;city135;493;200;city229;388;436;city172;256;245;city105;324;61;city133;496;308;city245;373;272;city298;112;178;city147;486;205;city232;44;447;city97;463;309;city206;73;289;city272;482;107;city57
139;city216;153;426;city299;181;221;city211;377;27;city203;497;270;city222;234;409;city62;225;116;city78
137;city134;158;421;city175;445;138;city118;16;62;city240;131;129;city270
158;city261;405;418;city62;304;161;city250;235;190;city200;67;415;city110;177;42;city127;31;470;city144;486;377;city140
158;city261;405;418;city62;304;161;city250;235;190;city200;67;415;city110;177;42;city127;31;470;city144;486;377;city140
139;city216;153;426;city299;181;221;city211;377;27;city203;497;270;city222;234;409;city62;225;116;city78
144;city140;91;380;city57;12;7795;city233;39;122;city133;111;485;city145;47;90;city147;34;201;city289;277;462;city107;158;460;city121;471;375;city95;44;4;city253;406;415;city295;133;290;city263;468;139;city98;202;454;city117;82;46;city130
155;city146;260;364;city57;479;329;city122;479;1304;city244;302;145;city96;133;402;city99;301;370;city109;78;382;city294;132;456;city59;429;430;city125;53;188;city136;50;354;city272;379;360;city113;7;356;city288
171;city295;66;284;city217;146;76;city85;217;412;city269;186;41;city260;230;78;city253;460;31;city155;136;96;city202;224;375;city153;302;295;city127;54;257;city69
160;city156;102;124;city155;80;113;city283;463;93;city278;180;123;city59;353;13;city130
147;city83;130;168;city242;316;333;city159;222;393;city197;500;328;city252;136;386;city69;75;253;city170;408;293;city65;197;104;city221;194;368;city286;63;125;city234;123;235;city147;158;491;city269
146;city225;128;474;city67;448;53;city104;79;389;city88;144;281;city170;472;73;city227;439;465;city102;268;144;city267;20;311;city111;340;276;city209;378;248;city137

148;city180;159;412;city263;375;132;city283;63;440;city179;146;14;city186;478;185;city74;46;170;city121;485;185;city205;208;277;city176;78;163;city171;470;154;city167;206;437;city271;357;329;city194;443;293;city218;317;262;city173;355;22;city183;46;182;city191;118;190;city248;448;210;city233;180;189;city213
139;city216;153;426;city299;181;221;city211;377;27;city203;497;270;city222;234;409;city62;225;116;city78


146;city225;128;474;city67;448;53;city104;79;389;city88;144;281;city170;472;73;city227;439;465;city102;268;144;city267;20;311;city111;340;276;city209;378;248;city137
137;city134;158;421;city175;445;138;city118;16;62;city240;131;129;city270

148;city180;159;412;city263;375;132;city283;63;440;city179;146;14;city186;478;185;city74;46;170;city121;485;185;city205;208;277;city176;78;163;city171;470;154;city167;206;437;city271;357;329;city194;443;293;city218;317;262;city173;355;22;city183;46;182;city191;118;190;city248;448;210;city233;180;189;city213
149;city196;98;4;city132;93;459;city140;469;359;city192;227;474;city179;14;303;city190;274;343;city284;277;69;city231;499;122;city292;26;367;city243;201;196;city70;190;468;city296;144;203;city204;433;278;city62;318;92;city66;392;119;city258;119;125;city250
150;city167;263;306;city269;399;26;city261;123;484;city236;226;134;city137;360;386;city207;330;250;city204;202;267;city211;489;207;city191;156;127;city116;149;280;city126;86;292;city83

137;city134;158;421;city175;445;138;city118;16;62;city240;131;129;city270
158;city261;405;418;city62;304;161;city250;235;190;city200;67;415;city110;177;42;city127;31;470;city144;486;377;city140
173;city237;304;95;city184;100;217;city225
163;city299;368;443;city136

173;city237;304;95;city184;100;217;city225
159;city160;72;306;city93;20;203;city75;314;108;city98;462;221;city170;306;266;city297;228;71;city108;390;368;city162
158;city261;405;418;city62;304;161;city250;235;190;city200;67;415;city110;177;42;city127;31;470;city144;486;377;city140
167;city50;380;91;city75;428;290;city118;491;88;city128;434;413;city187;314;387;city295;398;36;city270;315;63;city202;496;448;city288;33;20;city255;150;286;city208;161;163;city239;99;252;city108;408;369;city178
151;city239;443;149;city172;243;402;city178;107;323;city113;124;181;city225;286;455;city162;396;432;city266;129;309;city252;231;217;city280;191;24;city129;32;165;city144;315;428;city263;8;135;city137
129;city135;326;295;city152;210;149;city293;467;413;city84;192;276;city240;295;18;city290;26;288;city168;53;372;city67;22;415;city105;23;166;city228;94;25;city190
164;city210;376;361;city109;271;470;city108;409;148;city217;85;37;city92;485;229;city177;287;484;city87;142;354;city58;452;261;city129;321;293;city263;235;340;city190;345;368;city218;383;42;city122;47;65;city234;229;161;city61;278;172;city221;5;252;city180;45;490;city167;167;144;city212
133;city175;277;310;city190;458;496;city163;433;48;city178;256;173;city183;365;1600;city115;122;165;city116;101;221;city234;158;31;city245;55;361;city131;450;259;city220;313;422;city110;256;106;city106;258;320;city260;470;406;city254;124;106;city171;248;488;city160;282;483;city186;103;66;city154;444;411;city53
165;city98;78;355;city261;117;396;city271;76;7;city250;288;363;city184;256;466;city249;273;133;city55;402;185;city290;89;238;city113
174;city105;212;258;city192;318;94;city117;465;260;city106;318;434;city142;203;261;city141;48;116;city292
132;city270;14;167;city83;307;112;city203;142;153;city163;141;174;city135;493;200;city229;388;436;city172;256;245;city105;324;61;city133;496;308;city245;373;272;city298;112;178;city147;486;205;city232;44;447;city97;463;309;city206;73;289;city272;482;107;city57

136;city255;385;499;city124;12;371;city157;341;283;city243;480;47;city87;384;307;city264;76;290;city173;306;291;city290;52;359;city193;225;116;city196;180;17;city228;119;177;city270
133;city175;277;310;city190;458;496;city163;433;48;city178;256;173;city183;365;1600;city115;122;165;city116;101;221;city234;158;31;city245;55;361;city131;450;259;city220;313;422;city110;256;106;city106;258;320;city260;470;406;city254;124;106;city171;248;488;city160;282;483;city186;103;66;city154;444;411;city53
156;city101;312;346;city103;100;279;city226;157;25;city216;373;230;city89;280;277;city256;281;461;city186;106;31;city268;136;457;city128;306;205;city277;498;194;city248;291;492;city70;20;480;city78;498;399;city176;149;294;city253

152;city196;340;417;city226;433;435;city261;490;296;city238;437;490;city295;261;127;city269;75;41;city60;459;72;city129;228;118;city165;270;151;city83;491;364;city255;156;53;city213;107;112;city278;104;396;city151;240;400;city285;248;144;city288;374;215;city162;176;249;city181;104;408;city253;334;347;city53
138;city148;189;487;city70;295;228;city109;183;357;city224;197;350;city93;249;65;city172;274;295;city162;68;10;city174;236;409;city263;388;196;city78;443;336;city238;71;50;city292;151;129;city260;470;301;city252;409;393;city151
142;city297;498;109;city126;428;184;city260;492;201;city109;475;78;city195;127;350;city63;383;181;city163;337;408;city274;99;304;city259;49;127;city207;385;80;city244;352;281;city66;241;378;city296
171;city295;66;284;city217;146;76;city85;217;412;city269;186;41;city260;230;78;city253;460;31;city155;136;96;city202;224;375;city153;302;295;city127;54;257;city69
140;city112;333;296;city68;190;393;city134;478;262;city156;420;322;city222;354;266;city128;413;334;city275;261;352;city58;255;329;city92;25;100;city147;193;62;city117;330;464;city140

156;city101;312;346;city103;100;279;city226;157;25;city216;373;230;city89;280;277;city256;281;461;city186;106;31;city268;136;457;city128;306;205;city277;498;194;city248;291;492;city70;20;480;city78;498;399;city176;149;294;city253
160;city156;102;124;city155;80;113;city283;463;93;city278;180;123;city59;353;13;city130
174;city105;212;258;city192;318;94;city117;465;260;city106;318;434;city142;203;261;city141;48;116;city292
171;city295;66;284;city217;146;76;city85;217;412;city269;186;41;city260;230;78;city253;460;31;city155;136;96;city202;224;375;city153;302;295;city127;54;257;city69
158;city261;405;418;city62;304;161;city250;235;190;city200;67;415;city110;177;42;city127;31;470;city144;486;377;city140
131;city88;310;149;city181;494;18;city214;426;371;city98;384;108;city208;27;247;city64;223;180;city136;188;459;city246;349;307;city227;273;172;city217;149;73;city71;477;338;city283;17;450;city293
137;city134;158;421;city175;445;138;city118;16;62;city240;131;129;city270
148;city180;159;412;city263;375;132;city283;63;440;city179;146;14;city186;478;185;city74;46;170;city121;485;185;city205;208;277;city176;78;163;city171;470;154;city167;206;437;city271;357;329;city194;443;293;city218;317;262;city173;355;22;city183;46;182;city191;118;190;city248;448;210;city233;180;189;city213
139;city216;153;426;city299;181;221;city211;377;27;city203;497;270;city222;234;409;city62;225;116;city78
137;city134;158;421;city175;445;138;city118;16;62;city240;131;129;city270
164;city210;376;361;city109;271;470;city108;409;148;city217;85;37;city92;485;229;city177;287;484;city87;142;354;city58;452;261;city129;321;293;city263;235;340;city190;345;368;city218;383;42;city122;47;65;city234;229;161;city61;278;172;city221;5;252;city180;45;490;city167;167;144;city212
143;city172;64;126;city279;257;438;city78;12;109;city224;98;274;city72;408;434;city219
131;city88;310;149;city181;494;18;city214;426;371;city98;384;108;city208;27;247;city64;223;180;city136;188;459;city246;349;307;city227;273;172;city217;149;73;city71;477;338;city283;17;450;city293
148;city180;159;412;city263;375;132;city283;63;440;city179;146;14;city186;478;185;city74;46;170;city121;485;185;city205;208;277;city176;78;163;city171;470;154;city167;206;437;city271;357;329;city194;443;293;city218;317;262;city173;355;22;city183;46;182;city191;118;190;city248;448;210;city233;180;189;city213
133;city175;277;310;city190;458;496;city163;433;48;city178;256;173;city183;365;1600;city115;122;165;city116;101;221;city234;158;31;city245;55;361;city131;450;259;city220;313;422;city110;256;106;city106;258;320;city260;470;406;city254;124;106;city171;248;488;city160;282;483;city186;103;66;city154;444;411;city53
129;city135;326;295;city152;210;149;city293;467;413;city84;192;276;city240;295;18;city290;26;288;city168;53;372;city67;22;415;city105;23;166;city228;94;25;city190
154;city230;412;157;city216;353;357;city266;400;256;city285;24;82;city222;436;239;city260;174;25;city171;236;229;city163;172;235;city183;120;311;city54;113;466;city263;219;152;city265;256;61;city190;47;411;city64
142;city297;498;109;city126;428;184;city260;492;201;city109;475;78;city195;127;350;city63;383;181;city163;337;408;city274;99;304;city259;49;127;city207;385;80;city244;352;281;city66;241;378;city296
170;city196;103;23;city261;211;459;city50;426;298;city215;289;392;city92;389;325;city188;186;479;city266;320;89;city98;225;44;city126;475;383;city68;254;322;city51;453;417;city287;138;285;city191;62;269;city142
136;city255;385;499;city124;12;371;city157;341;283;city243;480;47;city87;384;307;city264;76;290;city173;306;291;city290;52;359;city193;225;116;city196;180;17;city228;119;177;city270

158;city261;405;418;city62;304;161;city250;235;190;city200;67;415;city110;177;42;city127;31;470;city144;486;377;city140

142;city297;498;109;city126;428;184;city260;492;201;city109;475;78;city195;127;350;city63;383;181;city163;337;408;city274;99;304;city259;49;127;city207;385;80;city244;352;281;city66;241;378;city296
171;city295;66;284;city217;146;76;city85;217;412;city269;186;41;city260;230;78;city253;460;31;city155;136;96;city202;224;375;city153;302;295;city127;54;257;city69
163;city299;368;443;city136
165;city98;78;355;city261;117;396;city271;76;7;city250;288;363;city184;256;466;city249;273;133;city55;402;185;city290;89;238;city113

171;city295;66;284;city217;146;76;city85;217;412;city269;186;41;city260;230;78;city253;460;31;city155;136;96;city202;224;375;city153;302;295;city127;54;257;city69
147;city83;130;168;city242;316;333;city159;222;393;city197;500;328;city252;136;386;city69;75;253;city170;408;293;city65;197;104;city221;194;368;city286;63;125;city234;123;235;city147;158;491;city269
164;city210;376;361;city109;271;470;city108;409;148;city217;85;37;city92;485;229;city177;287;484;city87;142;354;city58;452;261;city129;321;293;city263;235;340;city190;345;368;city218;383;42;city122;47;65;city234;229;161;city61;278;172;city221;5;252;city180;45;490;city167;167;144;city212
171;city295;66;284;city217;146;76;city85;217;412;city269;186;41;city260;230;78;city253;460;31;city155;136;96;city202;224;375;city153;302;295;city127;54;257;city69
140;city112;333;296;city68;190;393;city134;478;262;city156;420;322;city222;354;266;city128;413;334;city275;261;352;city58;255;329;city92;25;100;city147;193;62;city117;330;464;city140
130;city263;258;110;city199;192;425;city218;441;68;city188;277;81;city224;484;269;city186;150;175;city169;308;363;city100;233;340;city84;491;219;city229;469;256;city221;341;317;city262;180;416;city178;287;87;city295;8;401;city223

163;city299;368;443;city136
165;city98;78;355;city261;117;396;city271;76;7;city250;288;363;city184;256;466;city249;273;133;city55;402;185;city290;89;238;city113
148;city180;159;412;city263;375;132;city283;63;440;city179;146;14;city186;478;185;city74;46;170;city121;485;185;city205;208;277;city176;78;163;city171;470;154;city167;206;437;city271;357;329;city194;443;293;city218;317;262;city173;355;22;city183;46;182;city191;118;190;city248;448;210;city233;180;189;city213
161;city68;162;123;city196;317;484;city212;145;403;city119;374;235;city95
171;city295;66;284;city217;146;76;city85;217;412;city269;186;41;city260;230;78;city253;460;31;city155;136;96;city202;224;375;city153;302;295;city127;54;257;city69
172;city277;116;391;city93;458;394;city129;456;395;city282;420;126;city109;247;25;city262;470;215;city192;441;348;city257
137;city134;158;421;city175;445;138;city118;16;62;city240;131;129;city270

143;city172;64;126;city279;257;438;city78;12;109;city224;98;274;city72;408;434;city219
158;city261;405;418;city62;304;161;city250;235;190;city200;67;415;city110;177;42;city127;31;470;city144;486;377;city140
166;city234;275;417;city227;190;416;city51;132;342;city129
130;city263;258;110;city199;192;425;city218;441;68;city188;277;81;city224;484;269;city186;150;175;city169;308;363;city100;233;340;city84;491;219;city229;469;256;city221;341;317;city262;180;416;city178;287;87;city295;8;401;city223
147;city83;130;168;city242;316;333;city159;222;393;city197;500;328;city252;136;386;city69;75;253;city170;408;293;city65;197;104;city221;194;368;city286;63;125;city234;123;235;city147;158;491;city269
139;city216;153;426;city299;181;221;city211;377;27;city203;497;270;city222;234;409;city62;225;116;city78
153;city174;104;354;city166;490;492;city109;79;6;city168;378;381;city183;285;415;city269;265;115;city102;203;22;city103;312;107;city279;55;152;city232;418;494;city282;475;41;city179;117;66;city75;359;86;city180;29;46;city159
160;city156;102;124;city155;80;113;city283;463;93;city278;180;123;city59;353;13;city130
165;city98;78;355;city261;117;396;city271;76;7;city250;288;363;city184;256;466;city249;273;133;city55;402;185;city290;89;238;city113
134;city203;457;352;city131;346;12;city178;358;57;city80;87;244;city73;18;450;city154;422;315;city143;109;250;city262;19;53;city66;338;225;city199;245;381;city133;148;468;city57;111;471;city124;19;193;city54;76;466;city165;74;218;city98;452;273;city291
154;city230;412;157;city216;353;357;city266;400;256;city285;24;82;city222;436;239;city260;174;25;city171;236;229;city163;172;235;city183;120;311;city54;113;466;city263;219;152;city265;256;61;city190;47;411;city64
145;city197;31;191;city53;62;125;city80;363;56;city110
161;city68;162;123;city196;317;484;city212;145;403;city119;374;235;city95
156;city101;312;346;city103;100;279;city226;157;25;city216;373;230;city89;280;277;city256;281;461;city186;106;31;city268;136;457;city128;306;205;city277;498;194;city248;291;492;city70;20;480;city78;498;399;city176;149;294;city253
126;city238;143;445;city195;372;278;city262;28;336;city246;126;371;city70;184;23;city67;456;4;city164;181;144;city257
127;city162;367;471;city164;179;59;city201;433;371;city187;249;143;city77;211;42;city92;382;267;city81;23;40;city179;73;260;city184;220;280;city220;350;16;city206
137;city134;158;421;city175;445;138;city118;16;62;city240;131;129;city270
148;city180;159;412;city263;375;132;city283;63;440;city179;146;14;city186;478;185;city74;46;170;city121;485;185;city205;208;277;city176;78;163;city171;470;154;city167;206;437;city271;357;329;city194;443;293;city218;317;262;city173;355;22;city183;46;182;city191;118;190;city248;448;210;city233;180;189;city213
143;city172;64;126;city279;257;438;city78;12;109;city224;98;274;city72;408;434;city219
161;city68;162;123;city196;317;484;city212;145;403;city119;374;235;city95

162;city188;4;67;city131;347;150;city210;180;287;city249;74;318;city146;408;83;city141;287;93;city277;353;246;city159;404;73;city124;204;6;city216;330;244;city99
137;city134;158;421;city175;445;138;city118;16;62;city240;131;129;city270
137;city134;158;421;city175;445;138;city118;16;62;city240;131;129;city270
154;city230;412;157;city216;353;357;city266;400;256;city285;24;82;city222;436;239;city260;174;25;city171;236;229;city163;172;235;city183;120;311;city54;113;466;city263;219;152;city265;256;61;city190;47;411;city64
148;city180;159;412;city263;375;132;city283;63;440;city179;146;14;city186;478;185;city74;46;170;city121;485;185;city205;208;277;city176;78;163;city171;470;154;city167;206;437;city271;357;329;city194;443;293;city218;317;262;city173;355;22;city183;46;182;city191;118;190;city248;448;210;city233;180;189;city213
149;city196;98;4;city132;93;459;city140;469;359;city192;227;474;city179;14;303;city190;274;343;city284;277;69;city231;499;122;city292;26;367;city243;201;196;city70;190;468;city296;144;203;city204;433;278;city62;318;92;city66;392;119;city258;119;125;city250
141;city88;453;306;city284;182;18;city63;264;254;city99;213;252;city57;400;200;city52;138;439;city249;314;400;city87;387;99;city185;151;471;city230
134;city203;457;352;city131;346;12;city178;358;57;city80;87;244;city73;18;450;city154;422;315;city143;109;250;city262;19;53;city66;338;225;city199;245;381;city133;148;468;city57;111;471;city124;19;193;city54;76;466;city165;74;218;city98;452;273;city291

144;city140;91;380;city57;12;7795;city233;39;122;city133;111;485;city145;47;90;city147;34;201;city289;277;462;city107;158;460;city121;471;375;city95;44;4;city253;406;415;city295;133;290;city263;468;139;city98;202;454;city117;82;46;city130
141;city88;453;306;city284;182;18;city63;264;254;city99;213;252;city57;400;200;city52;138;439;city249;314;400;city87;387;99;city185;151;471;city230
164;city210;376;361;city109;271;470;city108;409;148;city217;85;37;city92;485;229;city177;287;484;city87;142;354;city58;452;261;city129;321;293;city263;235;340;city190;345;368;city218;383;42;city122;47;65;city234;229;161;city61;278;172;city221;5;252;city180;45;490;city167;167;144;city212
132;city270;14;167;city83;307;112;city203;142;153;city163;141;174;city135;493;200;city229;388;436;city172;256;245;city105;324;61;city133;496;308;city245;373;272;city298;112;178;city147;486;205;city232;44;447;city97;463;309;city206;73;289;city272;482;107;city57

166;city234;275;417;city227;190;416;city51;132;342;city129
142;city297;498;109;city126;428;184;city260;492;201;city109;475;78;city195;127;350;city63;383;181;city163;337;408;city274;99;304;city259;49;127;city207;385;80;city244;352;281;city66;241;378;city296
164;city210;376;361;city109;271;470;city108;409;148;city217;85;37;city92;485;229;city177;287;484;city87;142;354;city58;452;261;city129;321;293;city263;235;340;city190;345;368;city218;383;42;city122;47;65;city234;229;161;city61;278;172;city221;5;252;city180;45;490;city167;167;144;city212
138;city148;189;487;city70;295;228;city109;183;357;city224;197;350;city93;249;65;city172;274;295;city162;68;10;city174;236;409;city263;388;196;city78;443;336;city238;71;50;city292;151;129;city260;470;301;city252;409;393;city151
132;city270;14;167;city83;307;112;city203;142;153;city163;141;174;city135;493;200;city229;388;436;city172;256;245;city105;324;61;city133;496;308;city245;373;272;city298;112;178;city147;486;205;city232;44;447;city97;463;309;city206;73;289;city272;482;107;city57
154;city230;412;157;city216;353;357;city266;400;256;city285;24;82;city222;436;239;city260;174;25;city171;236;229;city163;172;235;city183;120;311;city54;113;466;city263;219;152;city265;256;61;city190;47;411;city64
145;city197;31;191;city53;62;125;city80;363;56;city110
138;city148;189;487;city70;295;228;city109;183;357;city224;197;350;city93;249;65;city172;274;295;city162;68;10;city174;236;409;city263;388;196;city78;443;336;city238;71;50;city292;151;129;city260;470;301;city252;409;393;city151
151;city239;443;149;city172;243;402;city178;107;323;city113;124;181;city225;286;455;city162;396;432;city266;129;309;city252;231;217;city280;191;24;city129;32;165;city144;315;428;city263;8;135;city137
153;city174;104;354;city166;490;492;city109;79;6;city168;378;381;city183;285;415;city269;265;115;city102;203;22;city103;312;107;city279;55;152;city232;418;494;city282;475;41;city179;117;66;city75;359;86;city180;29;46;city159
149;city196;98;4;city132;93;459;city140;469;359;city192;227;474;city179;14;303;city190;274;343;city284;277;69;city231;499;122;city292;26;367;city243;201;196;city70;190;468;city296;144;203;city204;433;278;city62;318;92;city66;392;119;city258;119;125;city250
151;city239;443;149;city172;243;402;city178;107;323;city113;124;181;city225;286;455;city162;396;432;city266;129;309;city252;231;217;city280;191;24;city129;32;165;city144;315;428;city263;8;135;city137
147;city83;130;168;city242;316;333;city159;222;393;city197;500;328;city252;136;386;city69;75;253;city170;408;293;city65;197;104;city221;194;368;city286;63;125;city234;123;235;city147;158;491;city269
126;city238;143;445;city195;372;278;city262;28;336;city246;126;371;city70;184;23;city67;456;4;city164;181;144;city257
149;city196;98;4;city132;93;459;city140;469;359;city192;227;474;city179;14;303;city190;274;343;city284;277;69;city231;499;122;city292;26;367;city243;201;196;city70;190;468;city296;144;203;city204;433;278;city62;318;92;city66;392;119;city258;119;125;city250
139;city216;153;426;city299;181;221;city211;377;27;city203;497;270;city222;234;409;city62;225;116;city78
164;city210;376;361;city109;271;470;city108;409;148;city217;85;37;city92;485;229;city177;287;484;city87;142;354;city58;452;261;city129;321;293;city263;235;340;city190;345;368;city218;383;42;city122;47;65;city234;229;161;city61;278;172;city221;5;252;city180;45;490;city167;167;144;city212
174;city105;212;258;city192;318;94;city117;465;260;city106;318;434;city142;203;261;city141;48;116;city292
163;city299;368;443;city136
140;city112;333;296;city68;190;393;city134;478;262;city156;420;322;city222;354;266;city128;413;334;city275;261;352;city58;255;329;city92;25;100;city147;193;62;city117;330;464;city140
132;city270;14;167;city83;307;112;city203;142;153;city163;141;174;city135;493;200;city229;388;436;city172;256;245;city105;324;61;city133;496;308;city245;373;272;city298;112;178;city147;486;205;city232;44;447;city97;463;309;city206;73;289;city272;482;107;city57
130;city263;258;110;city199;192;425;city218;441;68;city188;277;81;city224;484;269;city186;150;175;city169;308;363;city100;233;340;city84;491;219;city229;469;256;city221;341;317;city262;180;416;city178;287;87;city295;8;401;city223
151;city239;443;149;city172;243;402;city178;107;323;city113;124;181;city225;286;455;city162;396;432;city266;129;309;city252;231;217;city280;191;24;city129;32;165;city144;315;428;city263;8;135;city137

171;city295;66;284;city217;146;76;city85;217;412;city269;186;41;city260;230;78;city253;460;31;city155;136;96;city202;224;375;city153;302;295;city127;54;257;city69
160;city156;102;124;city155;80;113;city283;463;93;city278;180;123;city59;353;13;city130
143;city172;64;126;city279;257;438;city78;12;109;city224;98;274;city72;408;434;city219
146;city225;128;474;city67;448;53;city104;79;389;city88;144;281;city170;472;73;city227;439;465;city102;268;144;city267;20;311;city111;340;276;city209;378;248;city137
163;city299;368;443;city136
136;city255;385;9653;city124;12;371;city157;341;283;city243;480;47;city87;384;307;city264;76;290;city173;306;291;city290;52;359;city193;225;116;city196;180;17;city228;119;177;city270
133;city175;277;310;city190;458;496;city163;433;48;city178;256;173;city183;365;1600;city115;122;165;city116;101;221;city234;158;31;city245;55;361;city131;450;259;city220;313;422;city110;256;106;city106;258;320;city260;470;406;city254;124;106;city171;248;488;city160;282;483;city186;103;66;city154;444;411;city53
147;city83;130;168;city242;316;333;city159;222;393;city197;500;328;city252;136;386;city69;75;253;city170;408;293;city65;197;104;city221;194;368;city286;63;125;city234;123;235;city147;158;491;city269
164;city210;376;361;city109;271;470;city108;409;148;city217;85;37;city92;485;229;city177;287;484;city87;142;354;city58;452;261;city129;321;293;city263;235;340;city190;345;368;city218;383;42;city122;47;65;city234;229;161;city61;278;172;city221;5;252;city180;45;490;city167;167;144;city212
167;city50;380;91;city75;428;290;city118;491;88;city128;434;413;city187;314;387;city295;398;36;city270;315;63;city202;496;448;city288;33;20;city255;150;286;city208;161;163;city239;99;252;city108;408;369;city178
146;city225;128;474;city67;448;53;city104;79;389;city88;144;281;city170;472;73;city227;439;465;city102;268;144;city267;20;311;city111;340;276;city209;378;248;city137
154;city230;412;157;city216;353;357;city266;400;256;city285;24;82;city222;436;239;city260;174;25;city171;236;229;city163;172;235;city183;120;311;city54;113;466;city263;219;152;city265;256;61;city190;47;411;city64
170;city196;103;23;city261;211;459;city50;426;298;city215;289;392;city92;389;325;city188;186;479;city266;320;89;city98;225;44;city126;475;383;city68;254;322;city51;453;417;city287;138;285;city191;62;269;city142
147;city83;130;168;city242;316;333;city159;222;393;city197;500;328;city252;136;386;city69;75;253;city170;408;293;city65;197;104;city221;194;368;city286;63;125;city234;123;235;city147;158;491;city269

170;city196;103;23;city261;211;459;city50;426;298;city215;289;392;city92;389;325;city188;186;479;city266;320;89;city98;225;44;city126;475;383;city68;254;322;city51;453;417;city287;138;285;city191;62;269;city142
146;city225;128;474;city67;448;53;city104;79;389;city88;144;281;city170;472;73;city227;439;465;city102;268;144;city267;20;311;city111;340;276;city209;378;248;city137
172;city277;116;391;city93;458;394;city129;456;395;city282;420;126;city109;247;25;city262;470;215;city192;441;348;city257
125;city79;409;304;city167;236;328;city250;489;116;city159;86;455;city289;455;397;city172;298;312;city218;59;302;city223;273;485;city230;443;137;city113;213;30;city197;233;11;city104;36;298;city128;351;238;city64
158;city261;405;418;city62;304;161;city250;235;190;city200;67;415;city110;177;42;city127;31;470;city144;486;377;city140
162;city188;4;67;city131;347;150;city210;180;287;city249;74;318;city146;408;83;city141;287;93;city277;353;246;city159;404;73;city124;204;6;city216;330;244;city99
169;city210;206;45;city183;458;479;city124;258;347;city206;258;431;city61;407;83;city115;260;69;city93;85;346;city161;43;435;city172;391;355;city203;153;193;city166;146;292;city82;59;183;city209
161;city68;162;123;city196;317;484;city212;145;403;city119;374;235;city95
160;city156;102;124;city155;80;113;city283;463;93;city278;180;123;city59;353;13;city130
167;city50;380;91;city75;428;290;city118;491;88;city128;434;413;city187;314;387;city295;398;36;city270;315;63;city202;496;448;city288;33;20;city255;150;286;city208;161;163;city239;99;252;city108;408;369;city178
155;city146;260;364;city57;479;329;city122;479;1304;city244;302;145;city96;133;402;city99;301;370;city109;78;382;city294;132;456;city59;429;430;city125;53;188;city136;50;354;city272;379;360;city113;7;356;city288
173;city237;304;95;city184;100;217;city225
161;city68;162;123;city196;317;484;city212;145;403;city119;374;235;city95
155;city146;260;364;city57;479;329;city122;479;1304;city244;302;145;city96;133;402;city99;301;370;city109;78;382;city294;132;456;city59;429;430;city125;53;188;city136;50;354;city272;379;360;city113;7;356;city288
138;city148;189;487;city70;295;228;city109;183;357;city224;197;350;city93;249;65;city172;274;295;city162;68;10;city174;236;409;city263;388;196;city78;443;336;city238;71;50;city292;151;129;city260;470;301;city252;409;393;city151
138;city148;189;487;city70;295;228;city109;183;357;city224;197;350;city93;249;65;city172;274;295;city162;68;10;city174;236;409;city263;388;196;city78;443;336;city238;71;50;city292;151;129;city260;470;301;city252;409;393;city151
128;city298;311;251;city286;227;462;city291;292;356;city221;456;349;city78;451;295;city198
146;city225;128;474;city67;448;53;city104;79;389;city88;144;281;city170;472;73;city227;439;465;city102;268;144;city267;20;311;city111;340;276;city209;378;248;city137
138;city148;189;487;city70;295;228;city109;183;357;city224;197;350;city93;249;65;city172;274;295;city162;68;10;city174;236;409;city263;388;196;city78;443;336;city238;71;50;city292;151;129;city260;470;301;city252;409;393;city151
165;city98;78;355;city261;117;396;city271;76;7;city250;288;363;city184;256;466;city249;273;133;city55;402;185;city290;89;238;city113
147;city83;130;168;city242;316;333;city159;222;393;city197;500;328;city252;136;386;city69;75;253;city170;408;293;city65;197;104;city221;194;368;city286;63;125;city234;123;235;city147;158;491;city269
142;city297;498;109;city126;428;184;city260;492;201;city109;475;78;city195;127;350;city63;383;181;city163;337;408;city274;99;304;city259;49;127;city207;385;80;city244;352;281;city66;241;378;city296
143;city172;64;126;city279;257;438;city78;12;109;city224;98;274;city72;408;434;city219
134;city203;457;352;city131;346;12;city178;358;57;city80;87;244;city73;18;450;city154;422;315;city143;109;250;city262;19;53;city66;338;225;city199;245;381;city133;148;468;city57;111;471;city124;19;193;city54;76;466;city165;74;218;city98;452;273;city291
145;city197;31;191;city53;62;125;city80;363;56;city110
141;city88;453;306;city284;182;18;city63;264;254;city99;213;252;city57;400;200;city52;138;439;city249;314;400;city87;387;99;city185;151;471;city230
165;city98;78;355;city261;117;396;city271;76;7;city250;288;363;city184;256;466;city249;273;133;city55;402;185;city290;89;238;city113
137;city134;158;421;city175;445;138;city118;16;62;city240;131;129;city270
136;city255;385;9653;city124;12;371;city157;341;283;city243;480;47;city87;384;307;city264;76;290;city173;306;291;city290;52;359;city193;225;116;city196;180;17;city228;119;177;city270
167;city50;380;91;city75;428;290;city118;491;88;city128;434;413;city187;314;387;city295;398;36;city270;315;63;city202;496;448;city288;33;20;city255;150;286;city208;161;163;city239;99;252;city108;408;369;city178
147;city83;130;168;city242;316;333;city159;222;393;city197;500;328;city252;136;386;city69;75;253;city170;408;293;city65;197;104;city221;194;368;city286;63;125;city234;123;235;city147;158;491;city269
155;city146;260;364;city57;479;329;city122;479;1304;city244;302;145;city96;133;402;city99;301;370;city109;78;382;city294;132;456;city59;429;430;city125;53;188;city136;50;354;city272;379;360;city113;7;356;city288
147;city83;130;168;city242;316;333;city159;222;393;city197;500;328;city252;136;386;city69;75;253;city170;408;293;city65;197;104;city221;194;368;city286;63;125;city234;123;235;city147;158;491;city269
138;city148;189;487;city70;295;228;city109;183;357;city224;197;350;city93;249;65;city172;274;295;city162;68;10;city174;236;409;city263;388;196;city78;443;336;city238;71;50;city292;151;129;city260;470;301;city252;409;393;city151
163;city299;368;443;city136
170;city196;103;23;city261;211;459;city50;426;298;city215;289;392;city92;389;325;city188;186;479;city266;320;89;city98;225;44;city126;475;383;city68;254;322;city51;453;417;city287;138;285;city191;62;269;city142
164;city210;376;361;city109;271;470;city108;409;148;city217;85;37;city92;485;229;city177;287;484;city87;142;354;city58;452;261;city129;321;293;city263;235;340;city190;345;368;city218;383;42;city122;47;65;city234;229;161;city61;278;172;city221;5;252;city180;45;490;city167;167;144;city212
138;city148;189;487;city70;295;228;city109;183;357;city224;197;350;city93;249;65;city172;274;295;city162;68;10;city174;236;409;city263;388;196;city78;443;336;city238;71;50;city292;151;129;city260;470;301;city252;409;393;city151
150;city167;263;306;city269;399;26;city261;123;484;city236;226;134;city137;360;386;city207;330;250;city204;202;267;city211;489;207;city191;156;127;city116;149;280;city126;86;292;city83
127;city162;367;471;city164;179;59;city201;433;371;city187;249;143;city77;211;42;city92;382;267;city81;23;40;city179;73;260;city184;220;280;city220;350;16;city206
128;city298;311;251;city286;227;462;city291;292;356;city221;456;349;city78;451;295;city198
127;city162;367;471;city164;179;59;city201;433;371;city187;249;143;city77;211;42;city92;382;267;city81;23;40;city179;73;260;city184;220;280;city220;350;16;city206
157;city193;330;38;city192;282;198;city61;246;388;city266;243;219;city58;426;490;city172;44;189;city130;412;146;city89;270;307;city124
155;city146;260;364;city57;479;329;city122;479;1304;city244;302;145;city96;133;402;city99;301;370;city109;78;382;city294;132;456;city59;429;430;city125;53;188;city136;50;354;city272;379;360;city113;7;356;city288
172;city277;116;391;city93;458;394;city129;456;395;city282;420;126;city109;247;25;city262;470;215;city192;441;348;city257
139;city216;153;426;city299;181;221;city211;377;27;city203;497;270;city222;234;409;city62;225;116;city78
162;city188;4;67;city131;347;150;city210;180;287;city249;74;318;city146;408;83;city141;287;93;city277;353;246;city159;404;73;city124;204;6;city216;330;244;city99
168;city172;141;72;city132;36;436;city185;380;232;city265
139;city216;153;426;city299;181;221;city211;377;27;city203;497;270;city222;234;409;city62;225;116;city78
133;city175;277;310;city190;458;496;city163;433;48;city178;256;173;city183;365;1600;city115;122;165;city116;101;221;city234;158;31;city245;55;361;city131;450;259;city220;313;422;city110;256;106;city106;258;320;city260;470;406;city254;124;106;city171;248;488;city160;282;483;city186;103;66;city154;444;411;city53
152;city196;340;417;city226;433;435;city261;490;296;city238;437;490;city295;261;127;city269;75;41;city60;459;72;city129;228;118;city165;270;151;city83;491;364;city255;156;53;city213;107;112;city278;104;396;city151;240;400;city285;248;144;city288;374;215;city162;176;249;city181;104;408;city253;334;347;city53
144;city140;91;380;city57;12;7795;city233;39;122;city133;111;485;city145;47;90;city147;34;201;city289;277;462;city107;158;460;city121;471;375;city95;44;4;city253;406;415;city295;133;290;city263;468;139;city98;202;454;city117;82;46;city130
140;city112;333;296;city68;190;393;city134;478;262;city156;420;322;city222;354;266;city128;413;334;city275;261;352;city58;255;329;city92;25;100;city147;193;62;city117;330;464;city140
142;city297;498;109;city126;428;184;city260;492;201;city109;475;78;city195;127;350;city63;383;181;city163;337;408;city274;99;304;city259;49;127;city207;385;80;city244;352;281;city66;241;378;city296
129;city135;326;295;city152;210;149;city293;467;413;city84;192;276;city240;295;18;city290;26;288;city168;53;372;city67;22;415;city105;23;166;city228;94;25;city190
163;city299;368;443;city136
140;city112;333;296;city68;190;393;city134;478;262;city156;420;322;city222;354;266;city128;413;334;city275;261;352;city58;255;329;city92;25;100;city147;193;62;city117;330;464;city140
136;city255;385;9653;city124;12;371;city157;341;283;city243;480;47;city87;384;307;city264;76;290;city173;306;291;city290;52;359;city193;225;116;city196;180;17;city228;119;177;city270
151;city239;443;149;city172;243;402;city178;107;323;city113;124;181;city225;286;455;city162;396;432;city266;129;309;city252;231;217;city280;191;24;city129;32;165;city144;315;428;city263;8;135;city137
162;city188;4;67;city131;347;150;city210;180;287;city249;74;318;city146;408;83;city141;287;93;city277;353;246;city159;404;73;city124;204;6;city216;330;244;city99
142;city297;498;109;city126;428;184;city260;492;201;city109;475;78;city195;127;350;city63;383;181;city163;337;408;city274;99;304;city259;49;127;city207;385;80;city244;352;281;city66;241;378;city296
128;city298;311;251;city286;227;462;city291;292;356;city221;456;349;city78;451;295;city198
168;city172;141;72;city132;36;436;city185;380;232;city265
131;city88;310;149;city181;494;18;city214;426;371;city98;384;108;city208;27;247;city64;223;180;city136;188;459;city246;349;307;city227;273;172;city217;149;73;city71;477;338;city283;17;450;city293
132;city270;14;167;city83;307;112;city203;142;153;city163;141;174;city135;493;200;city229;388;436;city172;256;245;city105;324;61;city133;496;308;city245;373;272;city298;112;178;city147;486;205;city232;44;447;city97;463;309;city206;73;289;city272;482;107;city57
170;city196;103;23;city261;211;459;city50;426;298;city215;289;392;city92;389;325;city188;186;479;city266;320;89;city98;225;44;city126;475;383;city68;254;322;city51;453;417;city287;138;285;city191;62;269;city142
170;city196;103;23;city261;211;459;city50;426;298;city215;289;392;city92;389;325;city188;186;479;city266;320;89;city98;225;44;city126;475;383;city68;254;322;city51;453;417;city287;138;285;city191;62;269;city142
140;city112;333;296;city68;190;393;city134;478;262;city156;420;322;city222;354;266;city128;413;334;city275;261;352;city58;255;329;city92;25;100;city147;193;62;city117;330;464;city140
144;city140;91;380;city57;12;7795;city233;39;122;city133;111;485;city145;47;90;city147;34;201;city289;277;462;city107;158;460;city121;471;375;city95;44;4;city253;406;415;city295;133;290;city263;468;139;city98;202;454;city117;82;46;city130
136;city255;385;9653;city124;12;371;city157;341;283;city243;480;47;city87;384;307;city264;76;290;city173;306;291;city290;52;359;city193;225;116;city196;180;17;city228;119;177;city270
161;city68;162;123;city196;317;484;city212;145;403;city119;374;235;city95
157;city193;330;38;city192;282;198;city61;246;388;city266;243;219;city58;426;490;city172;44;189;city130;412;146;city89;270;307;city124
141;city88;453;306;city284;182;18;city63;264;254;city99;213;252;city57;400;200;city52;138;439;city249;314;400;city87;387;99;city185;151;471;city230
135;city168;162;82;city153
139;city216;153;426;city299;181;221;city211;377;27;city203;497;270;city222;234;409;city62;225;116;city78
144;city140;91;380;city57;12;7795;city233;39;122;city133;111;485;city145;47;90;city147;34;201;city289;277;462;city107;158;460;city121;471;375;city95;44;4;city253;406;415;city295;133;290;city263;468;139;city98;202;454;city117;82;46;city130
155;city146;260;364;city57;479;329;city122;479;1304;city244;302;145;city96;133;402;city99;301;370;city109;78;382;city294;132;456;city59;429;430;city125;53;188;city136;50;354;city272;379;360;city113;7;356;city288
169;city210;206;45;city183;458;479;city124;258;347;city206;258;431;city61;407;83;city115;260;69;city93;85;346;city161;43;435;city172;391;355;city203;153;193;city166;146;292;city82;59;183;city209
156;city101;312;346;city103;100;279;city226;157;25;city216;373;230;city89;280;277;city256;281;461;city186;106;31;city268;136;457;city128;306;205;city277;498;194;city248;291;492;city70;20;480;city78;498;399;city176;149;294;city253
162;city188;4;67;city131;347;150;city210;180;287;city249;74;318;city146;408;83;city141;287;93;city277;353;246;city159;404;73;city124;204;6;city216;330;244;city99
135;city168;162;82;city153
154;city230;412;157;city216;353;357;city266;400;256;city285;24;82;city222;436;239;city260;174;25;city171;236;229;city163;172;235;city183;120;311;city54;113;466;city263;219;152;city265;256;61;city190;47;411;city64
146;city225;128;474;city67;448;53;city104;79;389;city88;144;281;city170;472;73;city227;439;465;city102;268;144;city267;20;311;city111;340;276;city209;378;248;city137
160;city156;102;124;city155;80;113;city283;463;93;city278;180;123;city59;353;13;city130
164;city210;376;361;city109;271;470;city108;409;148;city217;85;37;city92;485;229;city177;287;484;city87;142;354;city58;452;261;city129;321;293;city263;235;340;city190;345;368;city218;383;42;city122;47;65;city234;229;161;city61;278;172;city221;5;252;city180;45;490;city167;167;144;city212
130;city263;258;110;city199;192;425;city218;441;68;city188;277;81;city224;484;269;city186;150;175;city169;308;363;city100;233;340;city84;491;219;city229;469;256;city221;341;317;city262;180;416;city178;287;87;city295;8;401;city223
