












172;city207;199;62;city270;104;288;city54;354;132;city206;368;19;city142;456;328;city220;60;320;city150;109;458;city295;11;313;city154;334;447;city242;80;2;city140;402;186;city278;179;134;city246;277;273;city131

132;city220;165;263;city147;270;400;city264;178;154;city271;399;58;city99;129;363;city80;313;13;city57;164;389;city216;455;379;city224;195;84;city244;225;39;city258;209;232;city125;318;430;city121;402;180;city176;300;370;city169;439;29;city140;379;348;city82;252;410;city63
133;city102;291;43;city168;307;181;city181;365;128;city155;147;88;city120;474;432;city179;311;259;city66;135;179;city258
133;city102;291;43;city168;307;181;city181;365;128;city155;147;88;city120;474;432;city179;311;259;city66;135;179;city258
174;city91;78;460;city61;31;88;city279;500;296;city273;460;33;city270;271;105;city159;474;307;city108;494;269;city139;439;295;city288;383;412;city117;392;324;city55;163;58;city119;354;68;city187;322;481;city105

174;city91;78;460;city61;31;88;city279;500;296;city273;460;33;city270;271;105;city159;474;307;city108;494;269;city139;439;295;city288;383;412;city117;392;324;city55;163;58;city119;354;68;city187;322;481;city105
174;city91;78;460;city61;31;88;city279;500;296;city273;460;33;city270;271;105;city159;474;307;city108;494;269;city139;439;295;city288;383;412;city117;392;324;city55;163;58;city119;354;68;city187;322;481;city105







172;city207;199;62;city270;104;288;city54;354;132;city206;368;19;city142;456;328;city220;60;320;city150;109;458;city295;11;313;city154;334;447;city242;80;2;city140;402;186;city278;179;134;city246;277;273;city131




132;city220;165;263;city147;270;400;city264;178;154;city271;399;58;city99;129;363;city80;313;13;city57;164;389;city216;455;379;city224;195;84;city244;225;39;city258;209;232;city125;318;430;city121;402;180;city176;300;370;city169;439;29;city140;379;348;city82;252;410;city63
147;city268;113;384;city87;426;420;city66;499;88;city144;43;34;city183;418;29;city174;344;454;city69;473;154;city85;448;258;city251;319;331;city180;319;462;city241;417;242;city234;169;3;city206

132;city220;165;263;city147;270;400;city264;178;154;city271;399;58;city99;129;363;city80;313;13;city57;164;389;city216;455;379;city224;195;84;city244;225;39;city258;209;232;city125;318;430;city121;402;180;city176;300;370;city169;439;29;city140;379;348;city82;252;410;city63

173;city87;6;128;city107;454;301;city284;295;306;city50;481;419;city160;67;270;city241;352;184;city281;263;465;city68;163;280;city263;374;364;city208




142;city89;499;396;city284;452;332;city236;21;229;city254;66;337;city90;36;145;city130;384;475;city162;225;215;city80;355;218;city220;320;39;city156;21;182;city240;466;415;city230;170;58;city180;203;312;city274;391;266;city84;487;426;city121;496;154;city79;259;223;city194;125;59;city74

138;city238;235;405;city85;222;336;city151;76;391;city108;274;79;city191;25;185;city186;404;322;city119
130;city289;416;129;city239;140;327;city188;104;45;city243;499;406;city77;120;80;city197;307;132;city288
137;city274;82;47;city146;172;490;city184;199;126;city69;104;313;city67;479;88;city297;219;332;city70;263;439;city56;250;239;city187;191;358;city179;423;408;city221;199;369;city102;244;216;city137


153;city156;500;404;city81;461;403;city299;76;101;city152;257;59;city109;47;238;city167;369;278;city283;130;494;city129

171;city269;26;161;city110;457;139;city245;87;148;city200;299;430;city226;488;403;city232;54;340;city55;285;40;city209;339;14;city172;37;380;city233;83;346;city268;112;77;city155



133;city102;291;43;city168;307;181;city181;365;128;city155;147;88;city120;474;432;city179;311;259;city66;135;179;city258

166;city188;320;88;city139;195;409;city55;148;453;city64;366;431;city123;472;398;city103;163;67;city261;220;471;city86;404;397;city192;487;9;city254;125;312;city227;214;42;city164;21;65;city243;431;40;city294;252;432;city134;48;75;city152;249;438;city119;32;284;city241;440;480;city159;43;158;city138
169;city256;182;25;city293;489;369;city249;274;151;city273;189;482;city133;427;122;city87;383;228;city70;185;322;city176;451;393;city270;125;498;city277;238;97;city232;32;69;city142

165;city67;471;165;city109
141;city124;163;150;city157;104;313;city150;383;191;city194;152;264;city126;181;237;city66;415;195;city53;285;54;city172;10;389;city151;130;2;city256;361;312;city153;393;208;city219;368;42;city185;284;35;city184;484;174;city261;27;246;city291;166;171;city119;302;127;city228
156;city296;61;333;city236
147;city268;113;384;city87;426;420;city66;499;88;city144;43;34;city183;418;29;city174;344;454;city69;473;154;city85;448;258;city251;319;331;city180;319;462;city241;417;242;city234;169;3;city206
157;city165;431;98;city226;406;398;city84;204;9;city131;374;379;city146;21;415;city120;31;387;city244;413;337;city135;404;409;city164;466;263;city150

159;city220;156;387;city161;457;78;city79;187;457;city111;294;461;city279;267;284;city65;120;48;city80;92;321;city186
141;city124;163;150;city157;104;313;city150;383;191;city194;152;264;city126;181;237;city66;415;195;city53;285;54;city172;10;389;city151;130;2;city256;361;312;city153;393;208;city219;368;42;city185;284;35;city184;484;174;city261;27;246;city291;166;171;city119;302;127;city228
153;city156;500;404;city81;461;403;city299;76;101;city152;257;59;city109;47;238;city167;369;278;city283;130;494;city129

161;city132;236;21;city287;123;138;city172;143;22;city294;159;380;city102
129;city111;156;248;city284;58;290;city263;451;337;city91;142;320;city272;42;70;city285
143;city262;457;86;city266;383;267;city215;384;451;city82;323;191;city219;467;18;city284;165;150;city194;213;320;city237;496;430;city103;295;429;city176;394;375;city94;494;328;city110
134;city271;463;416;city130
140;city120;227;202;city133;54;192;city94;150;360;city76

145;city288;65;356;city186;290;408;city115;84;203;city275;370;333;city207;251;427;city258;248;453;city75;150;207;city102;304;63;city190;45;347;city132;328;155;city90;239;138;city180;166;166;city134;289;164;city137;225;447;city136;14;457;city78;132;260;city144;357;228;city175;91;292;city246;59;455;city298
150;city247;130;299;city99;141;157;city132;469;347;city284;369;438;city265;500;107;city279;98;281;city211;405;343;city266;487;418;city207;61;143;city225;330;98;city112;336;244;city197;152;18;city200;364;129;city60;244;408;city203;66;31;city65;100;246;city55;400;204;city171;440;415;city75;471;288;city100
169;city256;182;25;city293;489;369;city249;274;151;city273;189;482;city133;427;122;city87;383;228;city70;185;322;city176;451;393;city270;125;498;city277;238;97;city232;32;69;city142

129;city111;156;248;city284;58;290;city263;451;337;city91;142;320;city272;42;70;city285
149;city97;7;484;city111;487;149;city291;168;287;city142;245;67;city120;498;428;city145;115;406;city229;149;294;city267;142;122;city174;326;134;city54
140;city120;227;202;city133;54;192;city94;150;360;city76
168;city72;8;2;city145;330;253;city224;227;426;city142;204;265;city219;397;135;city102;138;35;city288;113;47;city85;483;15;city154;118;9;city223;409;384;city269

166;city188;320;88;city139;195;409;city55;148;453;city64;366;431;city123;472;398;city103;163;67;city261;220;471;city86;404;397;city192;487;9;city254;125;312;city227;214;42;city164;21;65;city243;431;40;city294;252;432;city134;48;75;city152;249;438;city119;32;284;city241;440;480;city159;43;158;city138
138;city238;235;405;city85;222;336;city151;76;391;city108;274;79;city191;25;185;city186;404;322;city119

169;city256;182;25;city293;489;369;city249;274;151;city273;189;482;city133;427;122;city87;383;228;city70;185;322;city176;451;393;city270;125;498;city277;238;97;city232;32;69;city142
154;city123;206;474;city181;381;136;city298;229;188;city173;440;224;city205;195;255;city219;232;70;city70;99;185;city203;31;416;city76;483;144;city102;370;480;city240
125;city172;52;194;city163
128;city144;284;264;city197;489;405;city109;147;423;city221;351;425;city189
145;city288;65;356;city186;290;408;city115;84;203;city275;370;333;city207;251;427;city258;248;453;city75;150;207;city102;304;63;city190;45;347;city132;328;155;city90;239;138;city180;166;166;city134;289;164;city137;225;447;city136;14;457;city78;132;260;city144;357;228;city175;91;292;city246;59;455;city298
157;city165;431;98;city226;406;398;city84;204;9;city131;374;379;city146;21;415;city120;31;387;city244;413;337;city135;404;409;city164;466;263;city150
134;city271;463;416;city130
140;city120;227;202;city133;54;192;city94;150;360;city76
140;city120;227;202;city133;54;192;city94;150;360;city76
154;city123;206;474;city181;381;136;city298;229;188;city173;440;224;city205;195;255;city219;232;70;city70;99;185;city203;31;416;city76;483;144;city102;370;480;city240
140;city120;227;202;city133;54;192;city94;150;360;city76
158;city213;476;325;city155;277;251;city188;378;395;city99;494;205;city52;137;182;city89;496;470;city288;492;356;city93;418;4;city59;95;32;city243;392;420;city296;400;316;city66;27;77;city204;151;392;city292;476;40;city124;297;237;city159;307;428;city281;418;259;city237
171;city269;26;161;city110;457;139;city245;87;148;city200;299;430;city226;488;403;city232;54;340;city55;285;40;city209;339;14;city172;37;380;city233;83;346;city268;112;77;city155
170;city122;175;154;city155;156;426;city204;260;251;city278;392;275;city272;253;96;city143;157;485;city170;305;428;city293;422;453;city110;57;146;city218;2;277;city291;394;418;city118;305;65;city269;88;412;city109;279;352;city196

165;city67;471;165;city109
135;city246;132;443;city233;244;64;city262;158;57;city140;18;298;city229;81;292;city172;17;83;city76;68;489;city231;260;464;city129;459;245;city141;492;452;city220;29;214;city117;169;73;city126;42;406;city239;432;466;city244;214;372;city179;314;2;city289
152;city196;36;131;city176;484;305;city122;63;299;city296;323;411;city194;315;242;city146;175;423;city78;294;199;city115;461;364;city100;382;452;city216;319;263;city271;131;484;city79


149;city97;7;484;city111;487;149;city291;168;287;city142;245;67;city120;498;428;city145;115;406;city229;149;294;city267;142;122;city174;326;134;city54
146;city74;366;257;city291;298;106;city122
152;city196;36;131;city176;484;305;city122;63;299;city296;323;411;city194;315;242;city146;175;423;city78;294;199;city115;461;364;city100;382;452;city216;319;263;city271;131;484;city79

141;city124;163;150;city157;104;313;city150;383;191;city194;152;264;city126;181;237;city66;415;195;city53;285;54;city172;10;389;city151;130;2;city256;361;312;city153;393;208;city219;368;42;city185;284;35;city184;484;174;city261;27;246;city291;166;171;city119;302;127;city228
171;city269;26;161;city110;457;139;city245;87;148;city200;299;430;city226;488;403;city232;54;340;city55;285;40;city209;339;14;city172;37;380;city233;83;346;city268;112;77;city155
132;city220;165;263;city147;270;400;city264;178;154;city271;399;58;city99;129;363;city80;313;13;city57;164;389;city216;455;379;city224;195;84;city244;225;39;city258;209;232;city125;318;430;city121;402;180;city176;300;370;city169;439;29;city140;379;348;city82;252;410;city63
125;city172;52;194;city163

142;city89;499;396;city284;452;332;city236;21;229;city254;66;337;city90;36;145;city130;384;475;city162;225;215;city80;355;218;city220;320;39;city156;21;182;city240;466;415;city230;170;58;city180;203;312;city274;391;266;city84;487;426;city121;496;154;city79;259;223;city194;125;59;city74
151;city67;459;397;city85;87;96;city82;394;18;city159;282;352;city181;297;145;city139;420;484;city282;451;367;city58;83;134;city176;114;360;city290;180;380;city174;310;430;city291;150;105;city255;398;57;city292;123;146;city210;100;435;city216;442;21;city237;210;346;city234
147;city268;113;384;city87;426;420;city66;499;88;city144;43;34;city183;418;29;city174;344;454;city69;473;154;city85;448;258;city251;319;331;city180;319;462;city241;417;242;city234;169;3;city206

140;city120;227;202;city133;54;192;city94;150;360;city76
133;city102;291;43;city168;307;181;city181;365;128;city155;147;88;city120;474;432;city179;311;259;city66;135;179;city258
132;city220;165;263;city147;270;400;city264;178;154;city271;399;58;city99;129;363;city80;313;13;city57;164;389;city216;455;379;city224;195;84;city244;225;39;city258;209;232;city125;318;430;city121;402;180;city176;300;370;city169;439;29;city140;379;348;city82;252;410;city63
140;city120;227;202;city133;54;192;city94;150;360;city76
174;city91;78;460;city61;31;88;city279;500;296;city273;460;33;city270;271;105;city159;474;307;city108;494;269;city139;439;295;city288;383;412;city117;392;324;city55;163;58;city119;354;68;city187;322;481;city105
125;city172;52;194;city163
143;city262;457;86;city266;383;267;city215;384;451;city82;323;191;city219;467;18;city284;165;150;city194;213;320;city237;496;430;city103;295;429;city176;394;375;city94;494;328;city110
168;city72;8;2;city145;330;253;city224;227;426;city142;204;265;city219;397;135;city102;138;35;city288;113;47;city85;483;15;city154;118;9;city223;409;384;city269
140;city120;227;202;city133;54;192;city94;150;360;city76
130;city289;416;129;city239;140;327;city188;104;45;city243;499;406;city77;120;80;city197;307;132;city288
173;city87;6;128;city107;454;301;city284;295;306;city50;481;419;city160;67;270;city241;352;184;city281;263;465;city68;163;280;city263;374;364;city208

168;city72;8;2;city145;330;253;city224;227;426;city142;204;265;city219;397;135;city102;138;35;city288;113;47;city85;483;15;city154;118;9;city223;409;384;city269
173;city87;6;128;city107;454;301;city284;295;306;city50;481;419;city160;67;270;city241;352;184;city281;263;465;city68;163;280;city263;374;364;city208
167;city251;465;373;city247;197;235;city207;93;359;city98;325;23;city209;429;144;city56;357;200;city261;19;419;city213;378;435;city109;387;109;city189;287;208;city228;112;21;city62;397;275;city202;255;444;city178;259;390;city111

150;city247;130;299;city99;141;157;city132;469;347;city284;369;438;city265;500;107;city279;98;281;city211;405;343;city266;487;418;city207;61;143;city225;330;98;city112;336;244;city197;152;18;city200;364;129;city60;244;408;city203;66;31;city65;100;246;city55;400;204;city171;440;415;city75;471;288;city100
150;city247;130;299;city99;141;157;city132;469;347;city284;369;438;city265;500;107;city279;98;281;city211;405;343;city266;487;418;city207;61;143;city225;330;98;city112;336;244;city197;152;18;city200;364;129;city60;244;408;city203;66;31;city65;100;246;city55;400;204;city171;440;415;city75;471;288;city100
126;city77;221;60;city139;328;468;city109;477;87;city126;105;436;city167;222;499;city256;159;245;city138;295;393;city219;448;136;city124;70;206;city225;417;368;city284;37;271;city298;4;18;city220;244;238;city183;202;425;city103;31;68;city259
173;city87;6;128;city107;454;301;city284;295;306;city50;481;419;city160;67;270;city241;352;184;city281;263;465;city68;163;280;city263;374;364;city208
156;city296;61;333;city236
140;city120;227;202;city133;54;192;city94;150;360;city76
157;city165;431;98;city226;406;398;city84;204;9;city131;374;379;city146;21;415;city120;31;387;city244;413;337;city135;404;409;city164;466;263;city150
138;city238;235;405;city85;222;336;city151;76;391;city108;274;79;city191;25;185;city186;404;322;city119

158;city213;476;325;city155;277;251;city188;378;395;city99;494;205;city52;137;182;city89;496;470;city288;492;356;city93;418;4;city59;95;32;city243;392;420;city296;400;316;city66;27;77;city204;151;392;city292;476;40;city124;297;237;city159;307;428;city281;418;259;city237
131;city239;104;290;city127;358;135;city95;488;212;city143;106;101;city234;398;248;city126;342;39;city245;352;340;city253;304;387;city60
165;city67;471;165;city109
128;city144;284;264;city197;489;405;city109;147;423;city221;351;425;city189
163;city225;201;473;city230;358;242;city205;341;439;city92;391;441;city294;426;99;city161;324;24;city51;141;217;city272;331;234;city276;277;150;city184;497;95;city59;362;418;city135;216;92;city166;45;136;city164;375;196;city69;170;397;city192;496;59;city89;254;2;city248
163;city225;201;473;city230;358;242;city205;341;439;city92;391;441;city294;426;99;city161;324;24;city51;141;217;city272;331;234;city276;277;150;city184;497;95;city59;362;418;city135;216;92;city166;45;136;city164;375;196;city69;170;397;city192;496;59;city89;254;2;city248
126;city77;221;60;city139;328;468;city109;477;87;city126;105;436;city167;222;499;city256;159;245;city138;295;393;city219;448;136;city124;70;206;city225;417;368;city284;37;271;city298;4;18;city220;244;238;city183;202;425;city103;31;68;city259
127;city192;466;352;city88
157;city165;431;98;city226;406;398;city84;204;9;city131;374;379;city146;21;415;city120;31;387;city244;413;337;city135;404;409;city164;466;263;city150
142;city89;499;396;city284;452;332;city236;21;229;city254;66;337;city90;36;145;city130;384;475;city162;225;215;city80;355;218;city220;320;39;city156;21;182;city240;466;415;city230;170;58;city180;203;312;city274;391;266;city84;487;426;city121;496;154;city79;259;223;city194;125;59;city74
157;city165;431;98;city226;406;398;city84;204;9;city131;374;379;city146;21;415;city120;31;387;city244;413;337;city135;404;409;city164;466;263;city150
146;city74;366;257;city291;298;106;city122
172;city207;199;62;city270;104;288;city54;354;132;city206;368;19;city142;456;328;city220;60;320;city150;109;458;city295;11;313;city154;334;447;city242;80;2;city140;402;186;city278;179;134;city246;277;273;city131
158;city213;476;325;city155;277;251;city188;378;395;city99;494;205;city52;137;182;city89;496;470;city288;492;356;city93;418;4;city59;95;32;city243;392;420;city296;400;316;city66;27;77;city204;151;392;city292;476;40;city124;297;237;city159;307;428;city281;418;259;city237
147;city268;113;384;city87;426;420;city66;499;88;city144;43;34;city183;418;29;city174;344;454;city69;473;154;city85;448;258;city251;319;331;city180;319;462;city241;417;242;city234;169;3;city206
171;city269;26;161;city110;457;139;city245;87;148;city200;299;430;city226;488;403;city232;54;340;city55;285;40;city209;339;14;city172;37;380;city233;83;346;city268;112;77;city155
167;city251;465;373;city247;197;235;city207;93;359;city98;325;23;city209;429;144;city56;357;200;city261;19;419;city213;378;435;city109;387;109;city189;287;208;city228;112;21;city62;397;275;city202;255;444;city178;259;390;city111
140;city120;227;202;city133;54;192;city94;150;360;city76
144;city209;367;279;city253;371;66;city113;461;222;city76;402;177;city156;358;131;city72;285;170;city213;90;109;city58;346;406;city172;385;438;city162;213;326;city297;69;79;city218;349;286;city148;311;2;city184;158;191;city281;113;423;city81;362;33;city205;443;94;city242
151;city67;459;397;city85;87;96;city82;394;18;city159;282;352;city181;297;145;city139;420;484;city282;451;367;city58;83;134;city176;114;360;city290;180;380;city174;310;430;city291;150;105;city255;398;57;city292;123;146;city210;100;435;city216;442;21;city237;210;346;city234
157;city165;431;98;city226;406;398;city84;204;9;city131;374;379;city146;21;415;city120;31;387;city244;413;337;city135;404;409;city164;466;263;city150

127;city192;466;352;city88
165;city67;471;165;city109
137;city274;82;47;city146;172;490;city184;199;126;city69;104;313;city67;479;88;city297;219;332;city70;263;439;city56;250;239;city187;191;358;city179;423;408;city221;199;369;city102;244;216;city137
174;city91;78;460;city61;31;88;city279;500;296;city273;460;33;city270;271;105;city159;474;307;city108;494;269;city139;439;295;city288;383;412;city117;392;324;city55;163;58;city119;354;68;city187;322;481;city105
128;city144;284;264;city197;489;405;city109;147;423;city221;351;425;city189
155;city214;386;481;city75;21;91;city250;86;198;city201;382;345;city62;231;115;city205;130;206;city130;247;475;city222;319;152;city288;326;380;city289
153;city156;500;404;city81;461;403;city299;76;101;city152;257;59;city109;47;238;city167;369;278;city283;130;494;city129
160;city264;417;158;city247;94;84;city287;42;494;city234;58;73;city147;190;267;city175;304;460;city221;220;228;city61;244;186;city73;292;327;city103;61;145;city182;284;204;city75;162;73;city93;130;72;city233
161;city132;236;21;city287;123;138;city172;143;22;city294;159;380;city102

171;city269;26;161;city110;457;139;city245;87;148;city200;299;430;city226;488;403;city232;54;340;city55;285;40;city209;339;14;city172;37;380;city233;83;346;city268;112;77;city155

138;city238;235;405;city85;222;336;city151;76;391;city108;274;79;city191;25;185;city186;404;322;city119
138;city238;235;405;city85;222;336;city151;76;391;city108;274;79;city191;25;185;city186;404;322;city119
160;city264;417;158;city247;94;84;city287;42;494;city234;58;73;city147;190;267;city175;304;460;city221;220;228;city61;244;186;city73;292;327;city103;61;145;city182;284;204;city75;162;73;city93;130;72;city233
156;city296;61;333;city236
134;city271;463;416;city130

143;city262;457;86;city266;383;267;city215;384;451;city82;323;191;city219;467;18;city284;165;150;city194;213;320;city237;496;430;city103;295;429;city176;394;375;city94;494;328;city110
146;city74;366;257;city291;298;106;city122
172;city207;199;62;city270;104;288;city54;354;132;city206;368;19;city142;456;328;city220;60;320;city150;109;458;city295;11;313;city154;334;447;city242;80;2;city140;402;186;city278;179;134;city246;277;273;city131
135;city246;132;443;city233;244;64;city262;158;57;city140;18;298;city229;81;292;city172;17;83;city76;68;489;city231;260;464;city129;459;245;city141;492;452;city220;29;214;city117;169;73;city126;42;406;city239;432;466;city244;214;372;city179;314;2;city289
144;city209;367;279;city253;371;66;city113;461;222;city76;402;177;city156;358;131;city72;285;170;city213;90;109;city58;346;406;city172;385;438;city162;213;326;city297;69;79;city218;349;286;city148;311;2;city184;158;191;city281;113;423;city81;362;33;city205;443;94;city242
132;city220;165;263;city147;270;400;city264;178;154;city271;399;58;city99;129;363;city80;313;13;city57;164;389;city216;455;379;city224;195;84;city244;225;39;city258;209;232;city125;318;430;city121;402;180;city176;300;370;city169;439;29;city140;379;348;city82;252;410;city63
170;city122;175;154;city155;156;426;city204;260;251;city278;392;275;city272;253;96;city143;157;485;city170;305;428;city293;422;453;city110;57;146;city218;2;277;city291;394;418;city118;305;65;city269;88;412;city109;279;352;city196
165;city67;471;165;city109
140;city120;227;202;city133;54;192;city94;150;360;city76
133;city102;291;43;city168;307;181;city181;365;128;city155;147;88;city120;474;432;city179;311;259;city66;135;179;city258
165;city67;471;165;city109
167;city251;465;373;city247;197;235;city207;93;359;city98;325;23;city209;429;144;city56;357;200;city261;19;419;city213;378;435;city109;387;109;city189;287;208;city228;112;21;city62;397;275;city202;255;444;city178;259;390;city111
132;city220;165;263;city147;270;400;city264;178;154;city271;399;58;city99;129;363;city80;313;13;city57;164;389;city216;455;379;city224;195;84;city244;225;39;city258;209;232;city125;318;430;city121;402;180;city176;300;370;city169;439;29;city140;379;348;city82;252;410;city63
171;city269;26;161;city110;457;139;city245;87;148;city200;299;430;city226;488;403;city232;54;340;city55;285;40;city209;339;14;city172;37;380;city233;83;346;city268;112;77;city155
147;city268;113;384;city87;426;420;city66;499;88;city144;43;34;city183;418;29;city174;344;454;city69;473;154;city85;448;258;city251;319;331;city180;319;462;city241;417;242;city234;169;3;city206
132;city220;165;263;city147;270;400;city264;178;154;city271;399;58;city99;129;363;city80;313;13;city57;164;389;city216;455;379;city224;195;84;city244;225;39;city258;209;232;city125;318;430;city121;402;180;city176;300;370;city169;439;29;city140;379;348;city82;252;410;city63
133;city102;291;43;city168;307;181;city181;365;128;city155;147;88;city120;474;432;city179;311;259;city66;135;179;city258
166;city188;320;88;city139;195;409;city55;148;453;city64;366;431;city123;472;398;city103;163;67;city261;220;471;city86;404;397;city192;487;9;city254;125;312;city227;214;42;city164;21;65;city243;431;40;city294;252;432;city134;48;75;city152;249;438;city119;32;284;city241;440;480;city159;43;158;city138
135;city246;132;443;city233;244;64;city262;158;57;city140;18;298;city229;81;292;city172;17;83;city76;68;489;city231;260;464;city129;459;245;city141;492;452;city220;29;214;city117;169;73;city126;42;406;city239;432;466;city244;214;372;city179;314;2;city289
159;city220;156;387;city161;457;78;city79;187;457;city111;294;461;city279;267;284;city65;120;48;city80;92;321;city186
170;city122;175;154;city155;156;426;city204;260;251;city278;392;275;city272;253;96;city143;157;485;city170;305;428;city293;422;453;city110;57;146;city218;2;277;city291;394;418;city118;305;65;city269;88;412;city109;279;352;city196
172;city207;199;62;city270;104;288;city54;354;132;city206;368;19;city142;456;328;city220;60;320;city150;109;458;city295;11;313;city154;334;447;city242;80;2;city140;402;186;city278;179;134;city246;277;273;city131
151;city67;459;397;city85;87;96;city82;394;18;city159;282;352;city181;297;145;city139;420;484;city282;451;367;city58;83;134;city176;114;360;city290;180;380;city174;310;430;city291;150;105;city255;398;57;city292;123;146;city210;100;435;city216;442;21;city237;210;346;city234
147;city268;113;384;city87;426;420;city66;499;88;city144;43;34;city183;418;29;city174;344;454;city69;473;154;city85;448;258;city251;319;331;city180;319;462;city241;417;242;city234;169;3;city206
169;city256;182;25;city293;489;369;city249;274;151;city273;189;482;city133;427;122;city87;383;228;city70;185;322;city176;451;393;city270;125;498;city277;238;97;city232;32;69;city142
147;city268;113;384;city87;426;420;city66;499;88;city144;43;34;city183;418;29;city174;344;454;city69;473;154;city85;448;258;city251;319;331;city180;319;462;city241;417;242;city234;169;3;city206
135;city246;132;443;city233;244;64;city262;158;57;city140;18;298;city229;81;292;city172;17;83;city76;68;489;city231;260;464;city129;459;245;city141;492;452;city220;29;214;city117;169;73;city126;42;406;city239;432;466;city244;214;372;city179;314;2;city289
146;city74;366;257;city291;298;106;city122
125;city172;52;194;city163
164;city176;108;143;city298;114;265;city123;197;42;city279;136;118;city142;385;475;city174;66;199;city144;364;35;city240;496;349;city79;287;335;city173;43;480;city214;385;300;city152;259;279;city62;347;148;city277;248;30;city184;325;170;city125;106;179;city270;366;425;city229;475;2;city154
174;city91;78;460;city61;31;88;city279;500;296;city273;460;33;city270;271;105;city159;474;307;city108;494;269;city139;439;295;city288;383;412;city117;392;324;city55;163;58;city119;354;68;city187;322;481;city105
132;city220;165;263;city147;270;400;city264;178;154;city271;399;58;city99;129;363;city80;313;13;city57;164;389;city216;455;379;city224;195;84;city244;225;39;city258;209;232;city125;318;430;city121;402;180;city176;300;370;city169;439;29;city140;379;348;city82;252;410;city63
166;city188;320;88;city139;195;409;city55;148;453;city64;366;431;city123;472;398;city103;163;67;city261;220;471;city86;404;397;city192;487;9;city254;125;312;city227;214;42;city164;21;65;city243;431;40;city294;252;432;city134;48;75;city152;249;438;city119;32;284;city241;440;480;city159;43;158;city138
128;city144;284;264;city197;489;405;city109;147;423;city221;351;425;city189
129;city111;156;248;city284;58;290;city263;451;337;city91;142;320;city272;42;70;city285
126;city77;221;60;city139;328;468;city109;477;87;city126;105;436;city167;222;499;city256;159;245;city138;295;393;city219;448;136;city124;70;206;city225;417;368;city284;37;271;city298;4;18;city220;244;238;city183;202;425;city103;31;68;city259
173;city87;6;128;city107;454;301;city284;295;306;city50;481;419;city160;67;270;city241;352;184;city281;263;465;city68;163;280;city263;374;364;city208

168;city72;8;2;city145;330;253;city224;227;426;city142;204;265;city219;397;135;city102;138;35;city288;113;47;city85;483;15;city154;118;9;city223;409;384;city269
157;city165;431;98;city226;406;398;city84;204;9;city131;374;379;city146;21;415;city120;31;387;city244;413;337;city135;404;409;city164;466;263;city150
152;city196;36;131;city176;484;305;city122;63;299;city296;323;411;city194;315;242;city146;175;423;city78;294;199;city115;461;364;city100;382;452;city216;319;263;city271;131;484;city79
160;city264;417;158;city247;94;84;city287;42;494;city234;58;73;city147;190;267;city175;304;460;city221;220;228;city61;244;186;city73;292;327;city103;61;145;city182;284;204;city75;162;73;city93;130;72;city233
129;city111;156;248;city284;58;290;city263;451;337;city91;142;320;city272;42;70;city285
168;city72;8;2;city145;330;253;city224;227;426;city142;204;265;city219;397;135;city102;138;35;city288;113;47;city85;483;15;city154;118;9;city223;409;384;city269
140;city120;227;202;city133;54;192;city94;150;360;city76
132;city220;165;263;city147;270;400;city264;178;154;city271;399;58;city99;129;363;city80;313;13;city57;164;389;city216;455;379;city224;195;84;city244;225;39;city258;209;232;city125;318;430;city121;402;180;city176;300;370;city169;439;29;city140;379;348;city82;252;410;city63
159;city220;156;387;city161;457;78;city79;187;457;city111;294;461;city279;267;284;city65;120;48;city80;92;321;city186
129;city111;156;248;city284;58;290;city263;451;337;city91;142;320;city272;42;70;city285
136;city276;345;313;city88;254;84;city246
146;city74;366;257;city291;298;106;city122
163;city225;201;473;city230;358;242;city205;341;439;city92;391;441;city294;426;99;city161;324;24;city51;141;217;city272;331;234;city276;277;150;city184;497;95;city59;362;418;city135;216;92;city166;45;136;city164;375;196;city69;170;397;city192;496;59;city89;254;2;city248
172;city207;199;62;city270;104;288;city54;354;132;city206;368;19;city142;456;328;city220;60;320;city150;109;458;city295;11;313;city154;334;447;city242;80;2;city140;402;186;city278;179;134;city246;277;273;city131
153;city156;500;404;city81;461;403;city299;76;101;city152;257;59;city109;47;238;city167;369;278;city283;130;494;city129
169;city256;182;25;city293;489;369;city249;274;151;city273;189;482;city133;427;122;city87;383;228;city70;185;322;city176;451;393;city270;125;498;city277;238;97;city232;32;69;city142
173;city87;6;128;city107;454;301;city284;295;306;city50;481;419;city160;67;270;city241;352;184;city281;263;465;city68;163;280;city263;374;364;city208
135;city246;132;443;city233;244;64;city262;158;57;city140;18;298;city229;81;292;city172;17;83;city76;68;489;city231;260;464;city129;459;245;city141;492;452;city220;29;214;city117;169;73;city126;42;406;city239;432;466;city244;214;372;city179;314;2;city289
132;city220;165;263;city147;270;400;city264;178;154;city271;399;58;city99;129;363;city80;313;13;city57;164;389;city216;455;379;city224;195;84;city244;225;39;city258;209;232;city125;318;430;city121;402;180;city176;300;370;city169;439;29;city140;379;348;city82;252;410;city63
153;city156;500;404;city81;461;403;city299;76;101;city152;257;59;city109;47;238;city167;369;278;city283;130;494;city129
134;city271;463;416;city130
149;city97;7;484;city111;487;149;city291;168;287;city142;245;67;city120;498;428;city145;115;406;city229;149;294;city267;142;122;city174;326;134;city54
153;city156;500;404;city81;461;403;city299;76;101;city152;257;59;city109;47;238;city167;369;278;city283;130;494;city129
157;city165;431;98;city226;406;398;city84;204;9;city131;374;379;city146;21;415;city120;31;387;city244;413;337;city135;404;409;city164;466;263;city150
145;city288;65;356;city186;290;408;city115;84;203;city275;370;333;city207;251;427;city258;248;453;city75;150;207;city102;304;63;city190;45;347;city132;328;155;city90;239;138;city180;166;166;city134;289;164;city137;225;447;city136;14;457;city78;132;260;city144;357;228;city175;91;292;city246;59;455;city298
141;city124;163;150;city157;104;313;city150;383;191;city194;152;264;city126;181;237;city66;415;195;city53;285;54;city172;10;389;city151;130;2;city256;361;312;city153;393;208;city219;368;42;city185;284;35;city184;484;174;city261;27;246;city291;166;171;city119;302;127;city228
161;city132;236;21;city287;123;138;city172;143;22;city294;159;380;city102
146;city74;366;257;city291;298;106;city122
125;city172;52;194;city163
170;city122;175;154;city155;156;426;city204;260;251;city278;392;275;city272;253;96;city143;157;485;city170;305;428;city293;422;453;city110;57;146;city218;2;277;city291;394;418;city118;305;65;city269;88;412;city109;279;352;city196
160;city264;417;158;city247;94;84;city287;42;494;city234;58;73;city147;190;267;city175;304;460;city221;220;228;city61;244;186;city73;292;327;city103;61;145;city182;284;204;city75;162;73;city93;130;72;city233
130;city289;416;129;city239;140;327;city188;104;45;city243;499;406;city77;120;80;city197;307;132;city288
173;city87;6;128;city107;454;301;city284;295;306;city50;481;419;city160;67;270;city241;352;184;city281;263;465;city68;163;280;city263;374;364;city208
143;city262;457;86;city266;383;267;city215;384;451;city82;323;191;city219;467;18;city284;165;150;city194;213;320;city237;496;430;city103;295;429;city176;394;375;city94;494;328;city110
145;city288;65;356;city186;290;408;city115;84;203;city275;370;333;city207;251;427;city258;248;453;city75;150;207;city102;304;63;city190;45;347;city132;328;155;city90;239;138;city180;166;166;city134;289;164;city137;225;447;city136;14;457;city78;132;260;city144;357;228;city175;91;292;city246;59;455;city298
143;city262;457;86;city266;383;267;city215;384;451;city82;323;191;city219;467;18;city284;165;150;city194;213;320;city237;496;430;city103;295;429;city176;394;375;city94;494;328;city110
130;city289;416;129;city239;140;327;city188;104;45;city243;499;406;city77;120;80;city197;307;132;city288
150;city247;130;299;city99;141;157;city132;469;347;city284;369;438;city265;500;107;city279;98;281;city211;405;343;city266;487;418;city207;61;143;city225;330;98;city112;336;244;city197;152;18;city200;364;129;city60;244;408;city203;66;31;city65;100;246;city55;400;204;city171;440;415;city75;471;288;city100
134;city271;463;416;city130
125;city172;52;194;city163
172;city207;199;62;city270;104;288;city54;354;132;city206;368;19;city142;456;328;city220;60;320;city150;109;458;city295;11;313;city154;334;447;city242;80;2;city140;402;186;city278;179;134;city246;277;273;city131
134;city271;463;416;city130
173;city87;6;128;city107;454;301;city284;295;306;city50;481;419;city160;67;270;city241;352;184;city281;263;465;city68;163;280;city263;374;364;city208
143;city262;457;86;city266;383;267;city215;384;451;city82;323;191;city219;467;18;city284;165;150;city194;213;320;city237;496;430;city103;295;429;city176;394;375;city94;494;328;city110
155;city214;386;481;city75;21;91;city250;86;198;city201;382;345;city62;231;115;city205;130;206;city130;247;475;city222;319;152;city288;326;380;city289
157;city165;431;98;city226;406;398;city84;204;9;city131;374;379;city146;21;415;city120;31;387;city244;413;337;city135;404;409;city164;466;263;city150
158;city213;476;325;city155;277;251;city188;378;395;city99;494;205;city52;137;182;city89;496;470;city288;492;356;city93;418;4;city59;95;32;city243;392;420;city296;400;316;city66;27;77;city204;151;392;city292;476;40;city124;297;237;city159;307;428;city281;418;259;city237
138;city238;235;405;city85;222;336;city151;76;391;city108;274;79;city191;25;185;city186;404;322;city119
157;city165;431;98;city226;406;398;city84;204;9;city131;374;379;city146;21;415;city120;31;387;city244;413;337;city135;404;409;city164;466;263;city150
131;city239;104;290;city127;358;135;city95;488;212;city143;106;101;city234;398;248;city126;342;39;city245;352;340;city253;304;387;city60
139;city225;16;424;city199;33;307;city176;472;211;city242;169;383;city64;171;348;city70;499;176;city228;90;362;city146;192;219;city119;279;227;city183;268;31;city158
172;city207;199;62;city270;104;288;city54;354;132;city206;368;19;city142;456;328;city220;60;320;city150;109;458;city295;11;313;city154;334;447;city242;80;2;city140;402;186;city278;179;134;city246;277;273;city131
168;city72;8;2;city145;330;253;city224;227;426;city142;204;265;city219;397;135;city102;138;35;city288;113;47;city85;483;15;city154;118;9;city223;409;384;city269
132;city220;165;263;city147;270;400;city264;178;154;city271;399;58;city99;129;363;city80;313;13;city57;164;389;city216;455;379;city224;195;84;city244;225;39;city258;209;232;city125;318;430;city121;402;180;city176;300;370;city169;439;29;city140;379;348;city82;252;410;city63
146;city74;366;257;city291;298;106;city122
140;city120;227;202;city133;54;192;city94;150;360;city76
149;city97;7;484;city111;487;149;city291;168;287;city142;245;67;city120;498;428;city145;115;406;city229;149;294;city267;142;122;city174;326;134;city54
129;city111;156;248;city284;58;290;city263;451;337;city91;142;320;city272;42;70;city285
134;city271;463;416;city130
130;city289;416;129;city239;140;327;city188;104;45;city243;499;406;city77;120;80;city197;307;132;city288
153;city156;500;404;city81;461;403;city299;76;101;city152;257;59;city109;47;238;city167;369;278;city283;130;494;city129
159;city220;156;387;city161;457;78;city79;187;457;city111;294;461;city279;267;284;city65;120;48;city80;92;321;city186
157;city165;431;98;city226;406;398;city84;204;9;city131;374;379;city146;21;415;city120;31;387;city244;413;337;city135;404;409;city164;466;263;city150
153;city156;500;404;city81;461;403;city299;76;101;city152;257;59;city109;47;238;city167;369;278;city283;130;494;city129
133;city102;291;43;city168;307;181;city181;365;128;city155;147;88;city120;474;432;city179;311;259;city66;135;179;city258
151;city67;459;397;city85;87;96;city82;394;18;city159;282;352;city181;297;145;city139;420;484;city282;451;367;city58;83;134;city176;114;360;city290;180;380;city174;310;430;city291;150;105;city255;398;57;city292;123;146;city210;100;435;city216;442;21;city237;210;346;city234
149;city97;7;484;city111;487;149;city291;168;287;city142;245;67;city120;498;428;city145;115;406;city229;149;294;city267;142;122;city174;326;134;city54
162;city226;144;35;city82;159;55;city258;161;151;city193;28;201;city216;394;408;city58;260;364;city97;359;268;city206;277;334;city123;318;345;city252;130;465;city238;63;198;city191;268;279;city87;65;22;city279;198;158;city248;356;402;city115;448;91;city143;282;371;city133
158;city213;476;325;city155;277;251;city188;378;395;city99;494;205;city52;137;182;city89;496;470;city288;492;356;city93;418;4;city59;95;32;city243;392;420;city296;400;316;city66;27;77;city204;151;392;city292;476;40;city124;297;237;city159;307;428;city281;418;259;city237
160;city264;417;158;city247;94;84;city287;42;494;city234;58;73;city147;190;267;city175;304;460;city221;220;228;city61;244;186;city73;292;327;city103;61;145;city182;284;204;city75;162;73;city93;130;72;city233
155;city214;386;481;city75;21;91;city250;86;198;city201;382;345;city62;231;115;city205;130;206;city130;247;475;city222;319;152;city288;326;380;city289
155;city214;386;481;city75;21;91;city250;86;198;city201;382;345;city62;231;115;city205;130;206;city130;247;475;city222;319;152;city288;326;380;city289
156;city296;61;333;city236
156;city296;61;333;city236
132;city220;165;263;city147;270;400;city264;178;154;city271;399;58;city99;129;363;city80;313;13;city57;164;389;city216;455;379;city224;195;84;city244;225;39;city258;209;232;city125;318;430;city121;402;180;city176;300;370;city169;439;29;city140;379;348;city82;252;410;city63
131;city239;104;290;city127;358;135;city95;488;212;city143;106;101;city234;398;248;city126;342;39;city245;352;340;city253;304;387;city60
140;city120;227;202;city133;54;192;city94;150;360;city76
154;city123;206;474;city181;381;136;city298;229;188;city173;440;224;city205;195;255;city219;232;70;city70;99;185;city203;31;416;city76;483;144;city102;370;480;city240
147;city268;113;384;city87;426;420;city66;499;88;city144;43;34;city183;418;29;city174;344;454;city69;473;154;city85;448;258;city251;319;331;city180;319;462;city241;417;242;city234;169;3;city206
137;city274;82;47;city146;172;490;city184;199;126;city69;104;313;city67;479;88;city297;219;332;city70;263;439;city56;250;239;city187;191;358;city179;423;408;city221;199;369;city102;244;216;city137
153;city156;500;404;city81;461;403;city299;76;101;city152;257;59;city109;47;238;city167;369;278;city283;130;494;city129
163;city225;201;473;city230;358;242;city205;341;439;city92;391;441;city294;426;99;city161;324;24;city51;141;217;city272;331;234;city276;277;150;city184;497;95;city59;362;418;city135;216;92;city166;45;136;city164;375;196;city69;170;397;city192;496;59;city89;254;2;city248
141;city124;163;150;city157;104;313;city150;383;191;city194;152;264;city126;181;237;city66;415;195;city53;285;54;city172;10;389;city151;130;2;city256;361;312;city153;393;208;city219;368;42;city185;284;35;city184;484;174;city261;27;246;city291;166;171;city119;302;127;city228
172;city207;199;62;city270;104;288;city54;354;132;city206;368;19;city142;456;328;city220;60;320;city150;109;458;city295;11;313;city154;334;447;city242;80;2;city140;402;186;city278;179;134;city246;277;273;city131
129;city111;156;248;city284;58;290;city263;451;337;city91;142;320;city272;42;70;city285
131;city239;104;290;city127;358;135;city95;488;212;city143;106;101;city234;398;248;city126;342;39;city245;352;340;city253;304;387;city60
168;city72;8;2;city145;330;253;city224;227;426;city142;204;265;city219;397;135;city102;138;35;city288;113;47;city85;483;15;city154;118;9;city223;409;384;city269
149;city97;7;484;city111;487;149;city291;168;287;city142;245;67;city120;498;428;city145;115;406;city229;149;294;city267;142;122;city174;326;134;city54
138;city238;235;405;city85;222;336;city151;76;391;city108;274;79;city191;25;185;city186;404;322;city119
133;city102;291;43;city168;307;181;city181;365;128;city155;147;88;city120;474;432;city179;311;259;city66;135;179;city258
165;city67;471;165;city109
167;city251;465;373;city247;197;235;city207;93;359;city98;325;23;city209;429;144;city56;357;200;city261;19;419;city213;378;435;city109;387;109;city189;287;208;city228;112;21;city62;397;275;city202;255;444;city178;259;390;city111
158;city213;476;325;city155;277;251;city188;378;395;city99;494;205;city52;137;182;city89;496;470;city288;492;356;city93;418;4;city59;95;32;city243;392;420;city296;400;316;city66;27;77;city204;151;392;city292;476;40;city124;297;237;city159;307;428;city281;418;259;city237
138;city238;235;405;city85;222;336;city151;76;391;city108;274;79;city191;25;185;city186;404;322;city119
154;city123;206;474;city181;381;136;city298;229;188;city173;440;224;city205;195;255;city219;232;70;city70;99;185;city203;31;416;city76;483;144;city102;370;480;city240
152;city196;36;131;city176;484;305;city122;63;299;city296;323;411;city194;315;242;city146;175;423;city78;294;199;city115;461;364;city100;382;452;city216;319;263;city271;131;484;city79
147;city268;113;384;city87;426;420;city66;499;88;city144;43;34;city183;418;29;city174;344;454;city69;473;154;city85;448;258;city251;319;331;city180;319;462;city241;417;242;city234;169;3;city206
156;city296;61;333;city236
129;city111;156;248;city284;58;290;city263;451;337;city91;142;320;city272;42;70;city285
131;city239;104;290;city127;358;135;city95;488;212;city143;106;101;city234;398;248;city126;342;39;city245;352;340;city253;304;387;city60
154;city123;206;474;city181;381;136;city298;229;188;city173;440;224;city205;195;255;city219;232;70;city70;99;185;city203;31;416;city76;483;144;city102;370;480;city240
132;city220;165;263;city147;270;400;city264;178;154;city271;399;58;city99;129;363;city80;313;13;city57;164;389;city216;455;379;city224;195;84;city244;225;39;city258;209;232;city125;318;430;city121;402;180;city176;300;370;city169;439;29;city140;379;348;city82;252;410;city63
126;city77;221;60;city139;328;468;city109;477;87;city126;105;436;city167;222;499;city256;159;245;city138;295;393;city219;448;136;city124;70;206;city225;417;368;city284;37;271;city298;4;18;city220;244;238;city183;202;425;city103;31;68;city259
138;city238;235;405;city85;222;336;city151;76;391;city108;274;79;city191;25;185;city186;404;322;city119
158;city213;476;325;city155;277;251;city188;378;395;city99;494;205;city52;137;182;city89;496;470;city288;492;356;city93;418;4;city59;95;32;city243;392;420;city296;400;316;city66;27;77;city204;151;392;city292;476;40;city124;297;237;city159;307;428;city281;418;259;city237
144;city209;367;279;city253;371;66;city113;461;222;city76;402;177;city156;358;131;city72;285;170;city213;90;109;city58;346;406;city172;385;438;city162;213;986;city297;69;79;city218;349;286;city148;311;2;city184;158;191;city281;113;423;city81;362;33;city205;443;94;city242
134;city271;463;416;city130
172;city207;199;62;city270;104;288;city54;354;132;city206;368;19;city142;456;328;city220;60;320;city150;109;458;city295;11;313;city154;334;447;city242;80;2;city140;402;186;city278;179;134;city246;277;273;city131
138;city238;235;405;city85;222;336;city151;76;391;city108;274;79;city191;25;185;city186;404;322;city119
152;city196;36;131;city176;484;305;city122;63;299;city296;323;411;city194;315;242;city146;175;423;city78;294;199;city115;461;364;city100;382;452;city216;319;263;city271;131;484;city79
130;city289;416;129;city239;140;327;city188;104;45;city243;499;406;city77;120;80;city197;307;132;city288
146;city74;366;257;city291;298;106;city122
137;city274;82;47;city146;172;490;city184;199;126;city69;104;313;city67;479;88;city297;219;332;city70;263;439;city56;250;239;city187;191;358;city179;423;408;city221;199;369;city102;244;216;city137
166;city188;320;88;city139;195;409;city55;148;453;city64;366;431;city123;472;398;city103;163;67;city261;220;471;city86;404;397;city192;487;9;city254;125;312;city227;214;42;city164;21;65;city243;431;40;city294;252;432;city134;48;75;city152;249;438;city119;32;284;city241;440;480;city159;43;158;city138
143;city262;457;86;city266;383;267;city215;384;451;city82;323;191;city219;467;18;city284;165;150;city194;213;320;city237;496;430;city103;295;429;city176;394;375;city94;494;328;city110
136;city276;345;313;city88;254;84;city246
170;city122;175;154;city155;156;426;city204;260;251;city278;392;275;city272;253;96;city143;157;485;city170;305;428;city293;422;453;city110;57;146;city218;2;277;city291;394;418;city118;305;65;city269;88;412;city109;279;352;city196
153;city156;500;404;city81;461;403;city299;76;101;city152;257;59;city109;47;238;city167;369;278;city283;130;494;city129
129;city111;156;248;city284;58;290;city263;451;337;city91;142;320;city272;42;70;city285
162;city226;144;35;city82;159;55;city258;161;151;city193;28;201;city216;394;408;city58;260;364;city97;359;268;city206;277;334;city123;318;345;city252;130;465;city238;63;198;city191;268;279;city87;65;22;city279;198;158;city248;356;402;city115;448;91;city143;282;371;city133
155;city214;386;481;city75;21;91;city250;86;198;city201;382;345;city62;231;115;city205;130;206;city130;247;475;city222;319;152;city288;326;380;city289
166;city188;320;88;city139;195;409;city55;148;453;city64;366;431;city123;472;398;city103;163;67;city261;220;471;city86;404;397;city192;487;9;city254;125;312;city227;214;42;city164;21;65;city243;431;40;city294;252;432;city134;48;75;city152;249;438;city119;32;284;city241;440;480;city159;43;158;city138
133;city102;291;43;city168;307;181;city181;365;128;city155;147;88;city120;474;432;city179;311;259;city66;135;179;city258
129;city111;156;248;city284;58;290;city263;451;337;city91;142;320;city272;42;70;city285
151;city67;459;397;city85;87;96;city82;394;18;city159;282;352;city181;297;145;city139;420;484;city282;451;367;city58;83;134;city176;114;360;city290;180;380;city174;310;430;city291;150;105;city255;398;57;city292;123;146;city210;100;435;city216;442;21;city237;210;346;city234
130;city289;416;129;city239;140;327;city188;104;45;city243;499;406;city77;120;80;city197;307;132;city288
133;city102;291;43;city168;307;181;city181;365;128;city155;147;88;city120;474;432;city179;311;259;city66;135;179;city258
140;city120;227;202;city133;54;192;city94;150;360;city76
165;city67;471;165;city109
150;city247;130;299;city99;141;157;city132;469;347;city284;369;438;city265;500;107;city279;98;281;city211;405;343;city266;487;418;city207;61;143;city225;330;98;city112;336;244;city197;152;18;city200;364;129;city60;244;408;city203;66;31;city65;100;246;city55;400;204;city171;440;415;city75;471;288;city100
144;city209;367;279;city253;371;66;city113;461;222;city76;402;177;city156;358;131;city72;285;170;city213;90;109;city58;346;406;city172;385;438;city162;213;986;city297;69;79;city218;349;286;city148;311;2;city184;158;191;city281;113;423;city81;362;33;city205;443;94;city242
169;city256;182;25;city293;489;369;city249;274;151;city273;189;482;city133;427;122;city87;383;228;city70;185;322;city176;451;393;city270;125;498;city277;238;97;city232;32;69;city142
141;city124;163;150;city157;104;313;city150;383;191;city194;152;264;city126;181;237;city66;415;195;city53;285;54;city172;10;389;city151;130;2;city256;361;312;city153;393;208;city219;368;42;city185;284;35;city184;484;174;city261;27;246;city291;166;171;city119;302;127;city228
151;city67;459;397;city85;87;96;city82;394;18;city159;282;352;city181;297;145;city139;420;484;city282;451;367;city58;83;134;city176;114;360;city290;180;380;city174;310;430;city291;150;105;city255;398;57;city292;123;146;city210;100;435;city216;442;21;city237;210;346;city234
149;city97;7;484;city111;487;149;city291;168;287;city142;245;67;city120;498;428;city145;115;406;city229;149;294;city267;142;122;city174;326;134;city54
172;city207;199;62;city270;104;288;city54;354;132;city206;368;19;city142;456;328;city220;60;320;city150;109;458;city295;11;313;city154;334;447;city242;80;2;city140;402;186;city278;179;134;city246;277;273;city131
126;city77;221;60;city139;328;468;city109;477;87;city126;105;436;city167;222;499;city256;159;245;city138;295;393;city219;448;136;city124;70;206;city225;417;368;city284;37;271;city298;4;18;city220;244;238;city183;202;425;city103;31;68;city259
131;city239;104;290;city127;358;135;city95;488;212;city143;106;101;city234;398;248;city126;342;39;city245;352;340;city253;304;387;city60
128;city144;284;264;city197;489;405;city109;147;423;city221;351;425;city189
170;city122;175;154;city155;156;426;city204;260;251;city278;392;275;city272;253;96;city143;157;485;city170;305;428;city293;422;453;city110;57;146;city218;2;277;city291;394;418;city118;305;65;city269;88;412;city109;279;352;city196
131;city239;104;290;city127;358;135;city95;488;212;city143;106;101;city234;398;248;city126;342;39;city245;352;340;city253;304;387;city60
145;city288;65;356;city186;290;408;city115;84;203;city275;370;333;city207;251;427;city258;248;453;city75;150;207;city102;304;63;city190;45;347;city132;328;155;city90;239;138;city180;166;166;city134;289;164;city137;225;447;city136;14;457;city78;132;260;city144;357;228;city175;91;292;city246;59;455;city298
168;city72;8;2;city145;330;253;city224;227;426;city142;204;265;city219;397;135;city102;138;35;city288;113;47;city85;483;15;city154;118;9;city223;409;384;city269
160;city264;417;158;city247;94;84;city287;42;494;city234;58;73;city147;190;267;city175;304;460;city221;220;228;city61;244;186;city73;292;327;city103;61;145;city182;284;204;city75;162;73;city93;130;72;city233
167;city251;465;373;city247;197;235;city207;93;359;city98;325;23;city209;429;144;city56;357;200;city261;19;419;city213;378;435;city109;387;109;city189;287;208;city228;112;21;city62;397;275;city202;255;444;city178;259;390;city111
153;city156;500;404;city81;461;403;city299;76;101;city152;257;59;city109;47;238;city167;369;278;city283;130;494;city129
147;city268;113;384;city87;426;420;city66;499;88;city144;43;34;city183;418;29;city174;344;454;city69;473;154;city85;448;258;city251;319;331;city180;319;462;city241;417;242;city234;169;3;city206
130;city289;416;129;city239;140;327;city188;104;45;city243;499;406;city77;120;80;city197;307;132;city288
134;city271;463;416;city130
139;city225;16;424;city199;33;307;city176;472;211;city242;169;383;city64;171;348;city70;499;176;city228;90;362;city146;192;219;city119;279;227;city183;268;31;city158
129;city111;156;248;city284;58;290;city263;451;337;city91;142;320;city272;42;70;city285
129;city111;156;248;city284;58;290;city263;451;337;city91;142;320;city272;42;70;city285
156;city296;61;333;city236
139;city225;16;424;city199;33;307;city176;472;211;city242;169;383;city64;171;348;city70;499;176;city228;90;362;city146;192;219;city119;279;227;city183;268;31;city158
167;city251;465;373;city247;197;235;city207;93;359;city98;325;23;city209;429;144;city56;357;200;city261;19;419;city213;378;435;city109;387;109;city189;287;208;city228;112;21;city62;397;275;city202;255;444;city178;259;390;city111
155;city214;386;481;city75;21;91;city250;86;198;city201;382;345;city62;231;115;city205;130;206;city130;247;475;city222;319;152;city288;326;380;city289
132;city220;165;263;city147;270;400;city264;178;154;city271;399;58;city99;129;363;city80;313;13;city57;164;389;city216;455;379;city224;195;84;city244;225;39;city258;209;232;city125;318;430;city121;402;180;city176;300;370;city169;439;29;city140;379;348;city82;252;410;city63
142;city89;499;396;city284;452;332;city236;21;229;city254;66;337;city90;36;145;city130;384;475;city162;225;215;city80;355;218;city220;320;39;city156;21;182;city240;466;415;city230;170;58;city180;203;312;city274;391;266;city84;487;426;city121;496;154;city79;259;223;city194;125;989;city74
166;city188;320;88;city139;195;409;city55;148;453;city64;366;431;city123;472;398;city103;163;67;city261;220;471;city86;404;397;city192;487;9;city254;125;312;city227;214;42;city164;21;65;city243;431;40;city294;252;432;city134;48;75;city152;249;438;city119;32;284;city241;440;480;city159;43;158;city138
163;city225;201;473;city230;358;242;city205;341;439;city92;391;441;city294;426;99;city161;324;24;city51;141;217;city272;331;234;city276;277;150;city184;497;95;city59;362;418;city135;216;92;city166;45;136;city164;375;196;city69;170;397;city192;496;59;city89;254;2;city248
167;city251;465;373;city247;197;235;city207;93;359;city98;325;23;city209;429;144;city56;357;200;city261;19;419;city213;378;435;city109;387;109;city189;287;208;city228;112;21;city62;397;275;city202;255;444;city178;259;390;city111
148;city84;408;143;city115;142;10;city209;6;389;city247;345;395;city228;395;286;city79;276;323;city222;100;313;city291;474;318;city106;84;323;city139;303;82;city122;370;493;city83;4;379;city62;51;262;city220;285;440;city290;41;229;city134;126;256;city169
154;city123;206;474;city181;381;136;city298;229;188;city173;440;224;city205;195;255;city219;232;70;city70;99;185;city203;31;416;city76;483;144;city102;370;480;city240
174;city91;78;460;city61;31;88;city279;500;296;city273;460;33;city270;271;105;city159;474;307;city108;494;269;city139;439;295;city288;383;412;city117;392;324;city55;163;58;city119;354;68;city187;322;481;city105
146;city74;366;257;city291;298;106;city122
139;city225;16;424;city199;33;307;city176;472;211;city242;169;383;city64;171;348;city70;499;176;city228;90;362;city146;192;219;city119;279;227;city183;268;31;city158
125;city172;52;194;city163
148;city84;408;143;city115;142;10;city209;6;389;city247;345;395;city228;395;286;city79;276;323;city222;100;313;city291;474;318;city106;84;323;city139;303;82;city122;370;493;city83;4;379;city62;51;262;city220;285;440;city290;41;229;city134;126;256;city169
145;city288;65;356;city186;290;408;city115;84;203;city275;370;333;city207;251;427;city258;248;453;city75;150;207;city102;304;63;city190;45;347;city132;328;155;city90;239;138;city180;166;166;city134;289;164;city137;225;447;city136;14;457;city78;132;260;city144;357;228;city175;91;292;city246;59;455;city298
142;city89;499;396;city284;452;332;city236;21;229;city254;66;337;city90;36;145;city130;384;475;city162;225;215;city80;355;218;city220;320;39;city156;21;182;city240;466;415;city230;170;58;city180;203;312;city274;391;266;city84;487;426;city121;496;154;city79;259;223;city194;125;989;city74
126;city77;221;60;city139;328;468;city109;477;87;city126;105;436;city167;222;499;city256;159;245;city138;295;393;city219;448;136;city124;70;206;city225;417;368;city284;37;271;city298;4;18;city220;244;238;city183;202;425;city103;31;68;city259
164;city176;108;143;city298;114;265;city123;197;42;city279;136;118;city142;385;475;city174;66;199;city144;364;35;city240;496;349;city79;287;335;city173;43;480;city214;385;300;city152;259;279;city62;347;148;city277;248;30;city184;325;170;city125;106;179;city270;366;425;city229;475;2;city154
152;city196;36;131;city176;484;305;city122;63;299;city296;323;411;city194;315;242;city146;175;423;city78;294;199;city115;461;364;city100;382;452;city216;319;263;city271;131;484;city79
169;city256;182;25;city293;489;369;city249;274;151;city273;189;482;city133;427;122;city87;383;228;city70;185;322;city176;451;393;city270;125;498;city277;238;97;city232;32;69;city142
134;city271;463;416;city130
125;city172;52;194;city163
161;city132;236;21;city287;123;138;city172;143;22;city294;159;380;city102
154;city123;206;474;city181;381;136;city298;229;188;city173;440;224;city205;195;255;city219;232;70;city70;99;185;city203;31;416;city76;483;144;city102;370;480;city240
163;city225;201;473;city230;358;242;city205;341;439;city92;391;441;city294;426;99;city161;324;24;city51;141;217;city272;331;234;city276;277;150;city184;497;95;city59;362;418;city135;216;92;city166;45;136;city164;375;196;city69;170;397;city192;496;59;city89;254;2;city248
173;city87;6;128;city107;454;301;city284;295;306;city50;481;419;city160;67;270;city241;352;184;city281;263;465;city68;163;280;city263;374;364;city208
133;city102;291;43;city168;307;181;city181;365;128;city155;147;88;city120;474;432;city179;311;259;city66;135;179;city258
167;city251;465;373;city247;197;235;city207;93;359;city98;325;23;city209;429;144;city56;357;200;city261;19;419;city213;378;435;city109;387;109;city189;287;208;city228;112;21;city62;397;275;city202;255;444;city178;259;390;city111
149;city97;7;484;city111;487;149;city291;168;287;city142;245;67;city120;498;428;city145;115;406;city229;149;294;city267;142;122;city174;326;134;city54
149;city97;7;484;city111;487;149;city291;168;287;city142;245;67;city120;498;428;city145;115;406;city229;149;294;city267;142;122;city174;326;134;city54
174;city91;78;460;city61;31;88;city279;500;296;city273;460;33;city270;271;105;city159;474;307;city108;494;269;city139;439;295;city288;383;412;city117;392;324;city55;163;58;city119;354;68;city187;322;481;city105
128;city144;284;264;city197;489;405;city109;147;423;city221;351;425;city189
161;city132;236;21;city287;123;138;city172;143;22;city294;159;380;city102
127;city192;466;352;city88
129;city111;156;248;city284;58;290;city263;451;337;city91;142;320;city272;42;70;city285
134;city271;463;416;city130
126;city77;221;60;city139;328;468;city109;477;87;city126;105;436;city167;222;499;city256;159;245;city138;295;393;city219;448;136;city124;70;206;city225;417;368;city284;37;271;city298;4;18;city220;244;238;city183;202;425;city103;31;68;city259
157;city165;431;98;city226;406;398;city84;204;9;city131;374;379;city146;21;415;city120;31;387;city244;413;337;city135;404;409;city164;466;263;city150
153;city156;500;404;city81;461;403;city299;76;101;city152;257;59;city109;47;238;city167;369;278;city283;130;494;city129
136;city276;345;313;city88;254;84;city246
143;city262;457;86;city266;383;267;city215;384;451;city82;323;191;city219;467;18;city284;165;150;city194;213;320;city237;496;430;city103;295;429;city176;394;375;city94;494;328;city110
142;city89;499;396;city284;452;332;city236;21;229;city254;66;337;city90;36;145;city130;384;475;city162;225;215;city80;355;218;city220;320;39;city156;21;182;city240;466;415;city230;170;58;city180;203;312;city274;391;266;city84;487;426;city121;496;154;city79;259;223;city194;125;989;city74
142;city89;499;396;city284;452;332;city236;21;229;city254;66;337;city90;36;145;city130;384;475;city162;225;215;city80;355;218;city220;320;39;city156;21;182;city240;466;415;city230;170;58;city180;203;312;city274;391;266;city84;487;426;city121;496;154;city79;259;223;city194;125;989;city74
140;city120;227;202;city133;54;192;city94;150;360;city76
137;city274;82;47;city146;172;490;city184;199;126;city69;104;313;city67;479;88;city297;219;332;city70;263;439;city56;250;239;city187;191;358;city179;423;408;city221;199;369;city102;244;216;city137
159;city220;156;387;city161;457;78;city79;187;457;city111;294;461;city279;267;284;city65;120;48;city80;92;321;city186
154;city123;206;474;city181;381;136;city298;229;188;city173;440;224;city205;195;255;city219;232;70;city70;99;185;city203;31;416;city76;483;144;city102;370;480;city240
167;city251;465;373;city247;197;235;city207;93;359;city98;325;23;city209;429;144;city56;357;200;city261;19;419;city213;378;435;city109;387;109;city189;287;208;city228;112;21;city62;397;275;city202;255;444;city178;259;390;city111
171;city269;26;161;city110;457;139;city245;87;148;city200;299;430;city226;488;403;city232;54;340;city55;285;40;city209;339;14;city172;37;380;city233;83;346;city268;112;77;city155
142;city89;499;396;city284;452;332;city236;21;229;city254;66;337;city90;36;145;city130;384;475;city162;225;215;city80;355;218;city220;320;39;city156;21;182;city240;466;415;city230;170;58;city180;203;312;city274;391;266;city84;487;426;city121;496;154;city79;259;223;city194;125;989;city74
144;city209;367;279;city253;371;66;city113;461;222;city76;402;177;city156;358;131;city72;285;170;city213;90;109;city58;346;406;city172;385;438;city162;213;986;city297;69;79;city218;349;286;city148;311;2;city184;158;191;city281;113;423;city81;362;33;city205;443;94;city242
167;city251;465;373;city247;197;235;city207;93;359;city98;325;23;city209;429;144;city56;357;200;city261;19;419;city213;378;435;city109;387;109;city189;287;208;city228;112;21;city62;397;275;city202;255;444;city178;259;390;city111
148;city84;408;143;city115;142;10;city209;6;389;city247;345;395;city228;395;286;city79;276;323;city222;100;313;city291;474;318;city106;84;323;city139;303;82;city122;370;493;city83;4;379;city62;51;262;city220;285;440;city290;41;229;city134;126;256;city169
161;city132;236;21;city287;123;138;city172;143;22;city294;159;380;city102
162;city226;144;35;city82;159;55;city258;161;151;city193;28;201;city216;394;408;city58;260;364;city97;359;268;city206;277;334;city123;318;345;city252;130;465;city238;63;198;city191;268;279;city87;65;22;city279;198;158;city248;356;402;city115;448;91;city143;282;371;city133
156;city296;61;333;city236
174;city91;78;460;city61;31;88;city279;500;296;city273;460;33;city270;271;105;city159;474;307;city108;494;269;city139;439;295;city288;383;412;city117;392;324;city55;163;58;city119;354;68;city187;322;481;city105
143;city262;457;86;city266;383;267;city215;384;451;city82;323;191;city219;467;18;city284;165;150;city194;213;320;city237;496;430;city103;295;429;city176;394;375;city94;494;328;city110
128;city144;284;264;city197;489;405;city109;147;423;city221;351;425;city189
162;city226;144;35;city82;159;55;city258;161;151;city193;28;201;city216;394;408;city58;260;364;city97;359;268;city206;277;334;city123;318;345;city252;130;465;city238;63;198;city191;268;279;city87;65;22;city279;198;158;city248;356;402;city115;448;91;city143;282;371;city133
146;city74;366;257;city291;298;106;city122
142;city89;499;396;city284;452;332;city236;21;229;city254;66;337;city90;36;145;city130;384;475;city162;225;215;city80;355;218;city220;320;39;city156;21;182;city240;466;415;city230;170;58;city180;203;312;city274;391;266;city84;487;426;city121;496;154;city79;259;223;city194;125;989;city74
160;city264;417;158;city247;94;84;city287;42;494;city234;58;73;city147;190;267;city175;304;460;city221;220;228;city61;244;186;city73;292;327;city103;61;145;city182;284;204;city75;162;73;city93;130;72;city233
173;city87;6;128;city107;454;301;city284;295;306;city50;481;419;city160;67;270;city241;352;184;city281;263;465;city68;163;280;city263;374;364;city208
153;city156;500;404;city81;461;403;city299;76;101;city152;257;59;city109;47;238;city167;369;278;city283;130;494;city129
166;city188;320;88;city139;195;409;city55;148;453;city64;366;431;city123;472;398;city103;163;67;city261;220;471;city86;404;397;city192;487;9;city254;125;312;city227;214;42;city164;21;65;city243;431;40;city294;252;432;city134;48;75;city152;249;438;city119;32;284;city241;440;480;city159;43;158;city138
133;city102;291;43;city168;307;181;city181;365;128;city155;147;88;city120;474;432;city179;311;259;city66;135;179;city258
172;city207;199;62;city270;104;288;city54;354;132;city206;368;19;city142;456;328;city220;60;320;city150;109;458;city295;11;313;city154;334;447;city242;80;2;city140;402;186;city278;179;134;city246;277;273;city131
165;city67;471;165;city109
170;city122;175;154;city155;156;426;city204;260;251;city278;392;275;city272;253;96;city143;157;485;city170;305;428;city293;422;453;city110;57;146;city218;2;277;city291;394;418;city118;305;65;city269;88;412;city109;279;352;city196
170;city122;175;154;city155;156;426;city204;260;251;city278;392;275;city272;253;96;city143;157;485;city170;305;428;city293;422;453;city110;57;146;city218;2;277;city291;394;418;city118;305;65;city269;88;412;city109;279;352;city196
127;city192;466;352;city88
154;city123;206;474;city181;381;136;city298;229;188;city173;440;734;city205;195;255;city219;232;70;city70;99;185;city203;31;416;city76;483;144;city102;370;480;city240
