ERROR 2
ERROR 6
ERROR 11
ERROR 15
ERROR 16
ERROR 22
ERROR 24
ERROR 29
ERROR 30
ERROR 37
ERROR 38
ERROR 40
ERROR 41
ERROR 44
ERROR 45
ERROR 47
ERROR 54
ERROR 57
ERROR 60
ERROR 66
ERROR 68
ERROR 69
ERROR 70
ERROR 75
ERROR 76
ERROR 78
ERROR 80
ERROR 81
ERROR 85
ERROR 90
ERROR 92
ERROR 95
ERROR 99
ERROR 104
ERROR 105
ERROR 107
ERROR 113
ERROR 114
ERROR 116
ERROR 117
ERROR 120
ERROR 122
ERROR 124
ERROR 131
ERROR 133
ERROR 137
ERROR 139
ERROR 140
ERROR 142
ERROR 143
ERROR 144
ERROR 147
ERROR 153
ERROR 155
ERROR 156
ERROR 157
ERROR 159
ERROR 161
ERROR 162
ERROR 163
ERROR 168
ERROR 170
ERROR 171
ERROR 173
ERROR 174
ERROR 177
ERROR 180
ERROR 181
ERROR 182
ERROR 185
ERROR 187
ERROR 189
ERROR 190
ERROR 193
ERROR 194
ERROR 197
ERROR 200
ERROR 201
ERROR 202
ERROR 206
ERROR 208
ERROR 209
ERROR 210
ERROR 214
ERROR 218
ERROR 220
ERROR 224
ERROR 226
ERROR 228
ERROR 231
ERROR 234
ERROR 235
ERROR 236
ERROR 238
ERROR 239
ERROR 240
ERROR 248
ERROR 249
ERROR 253
ERROR 257
ERROR 259
ERROR 260
ERROR 263
ERROR 264
ERROR 269
ERROR 271
ERROR 276
ERROR 278
ERROR 280
ERROR 283
ERROR 287
ERROR 290
ERROR 293
ERROR 294
ERROR 296
ERROR 297
ERROR 300
ERROR 302
ERROR 303
ERROR 308
ERROR 310
ERROR 312
ERROR 313
ERROR 314
ERROR 315
ERROR 318
ERROR 320
ERROR 321
ERROR 322
ERROR 324
ERROR 327
ERROR 328
ERROR 329
ERROR 330
ERROR 331
ERROR 332
ERROR 335
ERROR 338
ERROR 340
ERROR 342
ERROR 343
ERROR 344
ERROR 345
ERROR 347
ERROR 352
ERROR 353
ERROR 356
ERROR 359
ERROR 362
ERROR 363
ERROR 364
ERROR 365
ERROR 367
ERROR 370
ERROR 371
ERROR 372
ERROR 375
ERROR 377
ERROR 378
ERROR 380
ERROR 381
ERROR 383
ERROR 384
ERROR 390
ERROR 391
ERROR 394
ERROR 395
ERROR 396
ERROR 399
ERROR 400
ERROR 406
ERROR 408
ERROR 409
ERROR 411
ERROR 413
ERROR 415
ERROR 419
ERROR 421
ERROR 422
ERROR 423
ERROR 424
ERROR 428
ERROR 430
ERROR 431
ERROR 432
ERROR 433
ERROR 434
ERROR 435
ERROR 436
ERROR 438
ERROR 440
ERROR 441
ERROR 448
ERROR 449
ERROR 454
ERROR 456
ERROR 457
ERROR 458
ERROR 459
ERROR 460
ERROR 461
ERROR 464
ERROR 465
ERROR 467
ERROR 471
ERROR 475
ERROR 477
ERROR 479
ERROR 480
ERROR 483
ERROR 484
ERROR 485
ERROR 488
ERROR 490
ERROR 492
ERROR 493
ERROR 499
ERROR 503
ERROR 506
ERROR 507
ERROR 509
ERROR 513
ERROR 514
ERROR 515
ERROR 516
ERROR 518
ERROR 522
ERROR 524
ERROR 527
ERROR 528
ERROR 529
ERROR 530
ERROR 532
ERROR 534
ERROR 536
ERROR 537
ERROR 538
ERROR 540
ERROR 541
ERROR 542
ERROR 550
ERROR 552
ERROR 555
ERROR 557
ERROR 561
ERROR 562
ERROR 563
ERROR 565
ERROR 566
ERROR 567
ERROR 569
ERROR 570
ERROR 571
ERROR 574
ERROR 576
ERROR 577
ERROR 578
ERROR 579
ERROR 582
ERROR 583
ERROR 586
ERROR 592
ERROR 594
ERROR 596
ERROR 597
ERROR 598
ERROR 602
ERROR 603
ERROR 604
ERROR 607
ERROR 613
ERROR 617
ERROR 619
ERROR 620
ERROR 624
ERROR 625
ERROR 628
ERROR 634
ERROR 635
ERROR 636
ERROR 637
ERROR 639
ERROR 640
ERROR 641
ERROR 643
ERROR 645
ERROR 646
ERROR 650
ERROR 653
ERROR 654
ERROR 655
ERROR 656
ERROR 657
ERROR 659
ERROR 660
ERROR 663
ERROR 665
ERROR 667
ERROR 674
ERROR 675
ERROR 679
ERROR 684
ERROR 688
ERROR 690
ERROR 695
ERROR 696
ERROR 699
ERROR 701
ERROR 704
ERROR 705
ERROR 709
ERROR 710
ERROR 713
ERROR 714
ERROR 721
ERROR 724
ERROR 727
ERROR 728
ERROR 731
ERROR 735
ERROR 736
ERROR 739
ERROR 741
ERROR 742
ERROR 743
ERROR 747
ERROR 748
ERROR 749
ERROR 755
ERROR 756
ERROR 757
ERROR 758
ERROR 759
ERROR 760
ERROR 762
ERROR 763
ERROR 764
ERROR 768
ERROR 771
ERROR 772
ERROR 774
ERROR 775
ERROR 776
ERROR 777
ERROR 779
ERROR 780
ERROR 782
ERROR 784
ERROR 788
ERROR 789
ERROR 792
ERROR 793
ERROR 795
ERROR 796
ERROR 800
ERROR 802
ERROR 804
ERROR 810
ERROR 812
ERROR 815
ERROR 819
ERROR 820
ERROR 822
ERROR 825
ERROR 828
ERROR 830
ERROR 831
ERROR 832
ERROR 833
ERROR 837
ERROR 838
ERROR 841
ERROR 842
ERROR 844
ERROR 845
ERROR 846
ERROR 849
ERROR 850
ERROR 851
ERROR 853
ERROR 854
ERROR 857
ERROR 859
ERROR 861
ERROR 863
ERROR 864
ERROR 865
ERROR 866
ERROR 868
ERROR 872
ERROR 877
ERROR 878
ERROR 882
ERROR 884
ERROR 885
ERROR 887
ERROR 888
ERROR 889
ERROR 891
ERROR 892
ERROR 893
ERROR 894
ERROR 895
ERROR 896
ERROR 898
ERROR 899
ERROR 900
ERROR 902
ERROR 903
ERROR 904
ERROR 906
ERROR 907
ERROR 912
ERROR 913
ERROR 914
ERROR 915
ERROR 916
ERROR 923
ERROR 924
ERROR 929
ERROR 930
ERROR 931
ERROR 932
ERROR 933
ERROR 935
ERROR 936
ERROR 937
ERROR 943
ERROR 948
ERROR 951
ERROR 952
ERROR 954
ERROR 955
ERROR 958
ERROR 961
ERROR 962
ERROR 963
ERROR 965
ERROR 966
ERROR 969
ERROR 970
ERROR 971
ERROR 973
ERROR 974
ERROR 975
ERROR 976
ERROR 979
ERROR 980
ERROR 981
ERROR 982
ERROR 983
ERROR 986
ERROR 988
ERROR 990
ERROR 991
ERROR 993
ERROR 994
ERROR 995
ERROR 996
ERROR 998
ERROR 999
ERROR 1000
ERROR 1004
ERROR 1008
ERROR 1011
ERROR 1012
ERROR 1013
ERROR 1015
ERROR 1016
ERROR 1017
ERROR 1022
ERROR 1023
ERROR 1024
ERROR 1025
ERROR 1026
ERROR 1027
ERROR 1028
ERROR 1032
ERROR 1036
ERROR 1037
ERROR 1040
ERROR 1042
ERROR 1044
ERROR 1045
ERROR 1046
ERROR 1047
ERROR 1050
ERROR 1051
ERROR 1052
ERROR 1054
ERROR 1059
ERROR 1061
ERROR 1063
ERROR 1064
ERROR 1065
ERROR 1068
ERROR 1070
ERROR 1073
ERROR 1074
ERROR 1075
ERROR 1076
ERROR 1077
ERROR 1078
ERROR 1079
ERROR 1081
ERROR 1082
ERROR 1087
ERROR 1089
ERROR 1090
ERROR 1092
ERROR 1093
ERROR 1094
ERROR 1096
ERROR 1097
ERROR 1101
ERROR 1103
ERROR 1104
ERROR 1107
ERROR 1108
ERROR 1111
ERROR 1112
ERROR 1114
ERROR 1115
ERROR 1116
ERROR 1120
ERROR 1122
ERROR 1123
ERROR 1125
ERROR 1126
ERROR 1128
ERROR 1130
ERROR 1131
