ERROR 3
ERROR 7
ERROR 16
ERROR 18
ERROR 19
ERROR 21
ERROR 22
ERROR 26
ERROR 33
ERROR 34
ERROR 36
ERROR 37
ERROR 38
ERROR 42
ERROR 45
ERROR 47
ERROR 69
ERROR 73
ERROR 74
ERROR 76
ERROR 81
ERROR 83
ERROR 84
ERROR 85
ERROR 87
ERROR 92
ERROR 93
ERROR 95
ERROR 98
ERROR 99
ERROR 100
ERROR 105
ERROR 108
ERROR 109
ERROR 111
ERROR 112
ERROR 113
ERROR 117
ERROR 118
ERROR 119
ERROR 121
ERROR 122
ERROR 123
ERROR 126
ERROR 127
ERROR 128
ERROR 131
ERROR 132
ERROR 134
ERROR 135
ERROR 138
ERROR 147
ERROR 148
ERROR 150
ERROR 156
ERROR 159
ERROR 162
ERROR 167
ERROR 170
ERROR 171
ERROR 176
ERROR 180
ERROR 182
ERROR 184
ERROR 188
ERROR 192
ERROR 195
ERROR 196
ERROR 197
ERROR 199
ERROR 203
ERROR 208
ERROR 209
ERROR 210
ERROR 211
ERROR 212
ERROR 216
ERROR 219
ERROR 220
ERROR 222
ERROR 225
ERROR 226
ERROR 227
ERROR 236
ERROR 239
ERROR 246
ERROR 248
ERROR 252
ERROR 253
ERROR 256
ERROR 258
ERROR 260
ERROR 261
ERROR 262
ERROR 263
ERROR 264
ERROR 266
ERROR 268
ERROR 272
ERROR 279
ERROR 280
ERROR 281
ERROR 284
ERROR 285
ERROR 286
ERROR 287
ERROR 289
ERROR 290
ERROR 291
ERROR 293
ERROR 295
ERROR 297
ERROR 301
ERROR 302
ERROR 303
ERROR 305
ERROR 306
ERROR 307
ERROR 311
ERROR 317
ERROR 319
ERROR 320
ERROR 323
ERROR 324
ERROR 328
ERROR 331
ERROR 334
ERROR 340
ERROR 343
ERROR 345
ERROR 348
ERROR 349
ERROR 350
ERROR 351
ERROR 352
ERROR 355
ERROR 358
ERROR 359
ERROR 360
ERROR 364
ERROR 365
ERROR 366
ERROR 367
ERROR 368
ERROR 370
ERROR 372
ERROR 373
ERROR 378
ERROR 379
ERROR 380
ERROR 383
ERROR 384
ERROR 387
ERROR 388
ERROR 391
ERROR 393
ERROR 394
ERROR 396
ERROR 397
ERROR 399
ERROR 400
ERROR 402
ERROR 403
ERROR 406
ERROR 407
ERROR 408
ERROR 410
ERROR 415
ERROR 416
ERROR 419
ERROR 420
ERROR 424
ERROR 426
ERROR 427
ERROR 428
ERROR 429
ERROR 430
ERROR 431
ERROR 432
ERROR 434
ERROR 440
ERROR 442
ERROR 444
ERROR 445
ERROR 447
ERROR 449
ERROR 450
ERROR 451
ERROR 453
ERROR 456
ERROR 457
ERROR 458
ERROR 460
ERROR 462
ERROR 466
ERROR 468
ERROR 469
ERROR 472
ERROR 474
ERROR 477
ERROR 478
ERROR 480
ERROR 482
ERROR 485
ERROR 486
ERROR 487
ERROR 490
ERROR 495
ERROR 496
ERROR 500
ERROR 501
ERROR 502
ERROR 504
ERROR 505
ERROR 507
ERROR 509
ERROR 510
ERROR 511
ERROR 519
ERROR 521
ERROR 522
ERROR 524
ERROR 525
ERROR 528
ERROR 529
ERROR 530
ERROR 532
ERROR 534
ERROR 540
ERROR 541
ERROR 542
ERROR 544
ERROR 545
ERROR 546
ERROR 548
ERROR 550
ERROR 551
ERROR 553
ERROR 556
ERROR 557
ERROR 559
ERROR 561
ERROR 562
ERROR 564
ERROR 567
ERROR 568
ERROR 569
ERROR 570
ERROR 572
ERROR 574
ERROR 578
ERROR 579
ERROR 582
ERROR 584
ERROR 585
ERROR 589
ERROR 590
ERROR 591
ERROR 594
ERROR 597
ERROR 600
ERROR 603
ERROR 606
ERROR 607
ERROR 609
ERROR 610
ERROR 611
ERROR 614
ERROR 615
ERROR 618
ERROR 621
ERROR 626
ERROR 628
ERROR 633
ERROR 636
ERROR 637
ERROR 640
ERROR 642
ERROR 646
ERROR 647
ERROR 652
ERROR 653
ERROR 654
ERROR 655
ERROR 656
ERROR 658
ERROR 660
ERROR 661
ERROR 662
ERROR 665
ERROR 669
ERROR 670
ERROR 672
ERROR 675
ERROR 677
ERROR 678
ERROR 681
ERROR 682
ERROR 683
ERROR 684
ERROR 688
ERROR 689
ERROR 690
ERROR 691
ERROR 694
ERROR 695
ERROR 696
ERROR 697
ERROR 698
ERROR 699
ERROR 702
ERROR 703
ERROR 708
ERROR 711
ERROR 716
ERROR 717
ERROR 718
ERROR 720
ERROR 724
ERROR 726
ERROR 731
ERROR 732
ERROR 733
ERROR 735
ERROR 736
ERROR 737
ERROR 738
ERROR 739
ERROR 740
ERROR 743
ERROR 744
ERROR 745
ERROR 746
ERROR 749
ERROR 753
ERROR 755
ERROR 758
ERROR 759
ERROR 763
ERROR 764
ERROR 765
ERROR 767
ERROR 770
ERROR 772
ERROR 773
ERROR 776
ERROR 777
ERROR 778
ERROR 779
ERROR 781
ERROR 783
ERROR 784
ERROR 790
ERROR 792
ERROR 793
ERROR 794
ERROR 797
ERROR 798
ERROR 800
ERROR 802
ERROR 804
ERROR 805
ERROR 811
ERROR 812
ERROR 813
ERROR 817
ERROR 818
ERROR 819
ERROR 820
ERROR 823
ERROR 824
ERROR 825
ERROR 826
ERROR 829
ERROR 830
ERROR 832
ERROR 833
ERROR 837
ERROR 846
ERROR 851
ERROR 853
ERROR 854
ERROR 855
ERROR 857
ERROR 858
ERROR 860
ERROR 863
ERROR 864
ERROR 865
ERROR 866
ERROR 870
ERROR 871
ERROR 873
ERROR 875
ERROR 876
ERROR 878
ERROR 880
ERROR 881
ERROR 882
ERROR 883
ERROR 889
ERROR 891
ERROR 892
ERROR 897
ERROR 898
ERROR 900
ERROR 904
ERROR 906
ERROR 908
ERROR 909
ERROR 910
ERROR 911
ERROR 914
ERROR 915
ERROR 916
ERROR 919
ERROR 920
ERROR 921
ERROR 924
ERROR 927
ERROR 931
ERROR 933
ERROR 934
ERROR 936
ERROR 937
ERROR 938
ERROR 939
ERROR 940
ERROR 942
ERROR 949
ERROR 951
ERROR 954
ERROR 956
ERROR 959
ERROR 960
ERROR 964
ERROR 966
ERROR 967
ERROR 970
ERROR 971
ERROR 973
ERROR 974
ERROR 977
ERROR 981
ERROR 982
ERROR 983
ERROR 984
ERROR 986
ERROR 988
ERROR 989
ERROR 991
ERROR 992
ERROR 994
ERROR 995
ERROR 996
ERROR 997
ERROR 998
ERROR 999
ERROR 1000
ERROR 1001
ERROR 1003
ERROR 1005
ERROR 1007
ERROR 1010
ERROR 1014
ERROR 1015
ERROR 1017
ERROR 1018
ERROR 1019
ERROR 1020
ERROR 1021
ERROR 1022
ERROR 1023
ERROR 1024
ERROR 1025
ERROR 1026
ERROR 1027
ERROR 1030
ERROR 1031
ERROR 1035
ERROR 1038
ERROR 1040
ERROR 1041
ERROR 1042
ERROR 1044
ERROR 1045
ERROR 1050
ERROR 1053
ERROR 1055
ERROR 1056
ERROR 1058
ERROR 1059
ERROR 1060
ERROR 1061
ERROR 1062
ERROR 1063
ERROR 1064
ERROR 1066
ERROR 1067
ERROR 1069
ERROR 1070
ERROR 1073
ERROR 1075
ERROR 1076
ERROR 1077
ERROR 1081
ERROR 1082
ERROR 1083
ERROR 1084
ERROR 1087
ERROR 1088
ERROR 1089
ERROR 1090
ERROR 1093
ERROR 1094
ERROR 1097
ERROR 1098
ERROR 1100
ERROR 1103
ERROR 1104
ERROR 1106
ERROR 1111
ERROR 1112
ERROR 1113
ERROR 1115
ERROR 1117
ERROR 1118
ERROR 1119
ERROR 1123
ERROR 1126
ERROR 1128
ERROR 1130
ERROR 1131
ERROR 1134
ERROR 1136
ERROR 1137
ERROR 1138
ERROR 1140
ERROR 1142
ERROR 1145
ERROR 1147
ERROR 1149
ERROR 1150
ERROR 1151
ERROR 1153
ERROR 1154
ERROR 1155
ERROR 1156
ERROR 1157
ERROR 1158
ERROR 1160
ERROR 1161
ERROR 1162
ERROR 1164
ERROR 1166
ERROR 1173
ERROR 1174
ERROR 1177
ERROR 1180
ERROR 1181
ERROR 1185
ERROR 1187
ERROR 1188
ERROR 1190
ERROR 1191
ERROR 1194
ERROR 1196
ERROR 1199
ERROR 1200
ERROR 1203
ERROR 1204
ERROR 1205
ERROR 1206
ERROR 1209
ERROR 1213
ERROR 1220
ERROR 1222
ERROR 1225
ERROR 1227
ERROR 1228
ERROR 1229
ERROR 1232
ERROR 1234
ERROR 1235
ERROR 1236
ERROR 1237
ERROR 1238
ERROR 1240
ERROR 1244
ERROR 1245
ERROR 1249
ERROR 1251
ERROR 1255
ERROR 1256
ERROR 1261
ERROR 1265
ERROR 1267
ERROR 1268
ERROR 1270
ERROR 1271
ERROR 1272
ERROR 1278
ERROR 1281
ERROR 1282
ERROR 1283
ERROR 1284
ERROR 1288
ERROR 1289
ERROR 1290
ERROR 1292
ERROR 1294
ERROR 1296
ERROR 1297
ERROR 1298
ERROR 1300
ERROR 1301
ERROR 1302
ERROR 1304
ERROR 1305
ERROR 1306
ERROR 1311
ERROR 1312
ERROR 1313
ERROR 1316
ERROR 1318
ERROR 1320
ERROR 1322
ERROR 1323
ERROR 1325
ERROR 1326
ERROR 1327
ERROR 1329
ERROR 1331
ERROR 1335
ERROR 1336
ERROR 1340
ERROR 1341
ERROR 1342
ERROR 1344
ERROR 1347
ERROR 1350
ERROR 1351
ERROR 1354
ERROR 1355
ERROR 1357
ERROR 1358
ERROR 1360
ERROR 1362
ERROR 1364
ERROR 1365
ERROR 1367
ERROR 1373
ERROR 1379
ERROR 1383
ERROR 1386
ERROR 1390
ERROR 1391
ERROR 1394
ERROR 1396
ERROR 1399
ERROR 1401
ERROR 1403
ERROR 1405
ERROR 1408
ERROR 1417
ERROR 1418
ERROR 1419
ERROR 1421
ERROR 1423
ERROR 1424
ERROR 1425
ERROR 1426
ERROR 1427
ERROR 1428
ERROR 1430
ERROR 1431
ERROR 1432
ERROR 1433
ERROR 1434
ERROR 1436
ERROR 1438
ERROR 1439
ERROR 1443
ERROR 1445
ERROR 1447
ERROR 1448
ERROR 1450
ERROR 1452
ERROR 1454
ERROR 1458
ERROR 1459
ERROR 1460
ERROR 1464
ERROR 1467
ERROR 1469
ERROR 1477
ERROR 1478
ERROR 1480
ERROR 1483
ERROR 1484
ERROR 1486
ERROR 1487
ERROR 1491
ERROR 1493
ERROR 1498
ERROR 1499
ERROR 1500
ERROR 1501
ERROR 1502
ERROR 1503
ERROR 1506
ERROR 1507
ERROR 1509
ERROR 1514
ERROR 1515
ERROR 1520
ERROR 1522
ERROR 1529
ERROR 1533
ERROR 1537
ERROR 1538
ERROR 1540
ERROR 1541
ERROR 1545
ERROR 1546
ERROR 1547
ERROR 1548
ERROR 1552
ERROR 1554
ERROR 1555
ERROR 1557
ERROR 1560
ERROR 1565
ERROR 1567
ERROR 1571
ERROR 1572
ERROR 1576
ERROR 1579
ERROR 1581
ERROR 1583
ERROR 1584
ERROR 1585
ERROR 1590
ERROR 1591
ERROR 1592
ERROR 1594
ERROR 1595
ERROR 1596
ERROR 1597
ERROR 1599
ERROR 1600
ERROR 1602
ERROR 1603
ERROR 1604
ERROR 1605
ERROR 1607
ERROR 1609
ERROR 1610
ERROR 1611
ERROR 1615
ERROR 1616
ERROR 1619
ERROR 1623
ERROR 1625
ERROR 1626
ERROR 1627
ERROR 1628
ERROR 1629
ERROR 1630
ERROR 1631
ERROR 1635
ERROR 1636
ERROR 1637
ERROR 1638
ERROR 1639
ERROR 1640
ERROR 1643
ERROR 1646
ERROR 1649
ERROR 1650
ERROR 1651
ERROR 1653
ERROR 1657
ERROR 1658
ERROR 1659
ERROR 1660
ERROR 1661
ERROR 1662
ERROR 1663
ERROR 1664
ERROR 1668
ERROR 1671
ERROR 1675
ERROR 1676
ERROR 1678
ERROR 1679
ERROR 1680
ERROR 1681
ERROR 1684
ERROR 1685
ERROR 1686
ERROR 1687
ERROR 1692
ERROR 1693
ERROR 1696
ERROR 1697
ERROR 1700
ERROR 1703
ERROR 1706
ERROR 1707
ERROR 1708
ERROR 1711
ERROR 1712
ERROR 1713
ERROR 1718
ERROR 1724
ERROR 1725
ERROR 1730
ERROR 1731
ERROR 1734
ERROR 1736
ERROR 1737
ERROR 1739
ERROR 1740
ERROR 1742
ERROR 1743
ERROR 1744
ERROR 1746
ERROR 1749
ERROR 1751
ERROR 1753
ERROR 1754
ERROR 1755
ERROR 1759
ERROR 1760
ERROR 1761
ERROR 1762
ERROR 1765
ERROR 1768
ERROR 1770
ERROR 1773
ERROR 1774
ERROR 1775
ERROR 1776
ERROR 1777
ERROR 1778
ERROR 1780
ERROR 1782
ERROR 1784
ERROR 1785
ERROR 1790
ERROR 1792
ERROR 1794
ERROR 1795
ERROR 1796
ERROR 1798
ERROR 1799
ERROR 1802
ERROR 1805
ERROR 1806
ERROR 1807
ERROR 1808
ERROR 1809
ERROR 1810
ERROR 1812
ERROR 1815
ERROR 1816
ERROR 1817
ERROR 1821
ERROR 1823
ERROR 1827
ERROR 1831
ERROR 1833
ERROR 1834
ERROR 1835
ERROR 1836
ERROR 1837
ERROR 1838
ERROR 1841
ERROR 1842
ERROR 1847
ERROR 1848
ERROR 1850
ERROR 1852
ERROR 1853
ERROR 1856
ERROR 1864
ERROR 1865
ERROR 1866
ERROR 1867
ERROR 1868
ERROR 1869
ERROR 1872
ERROR 1877
ERROR 1879
ERROR 1882
ERROR 1883
ERROR 1884
