







155;city71;283;290;city144;75;412;city110;250;448;city78;173;409;city186;8;298;city168;411;3;city261;414;164;city195

138;city93;65;385;city89;243;401;city178;355;459;city142;400;351;city265;119;91;city63
170;city180;432;120;city289;400;429;city76;346;466;city148;256;216;city124;475;307;city172;500;490;city273;269;470;city92;6;39;city107;147;309;city264;369;326;city169;177;13;city278





125;city294;335;463;city231;378;419;city151;208;166;city138;389;417;city283;284;125;city54;261;291;city141;366;112;city241;62;192;city55;206;132;city167;61;451;city70;452;485;city129;404;284;city180;344;247;city62;291;156;city182;288;55;city187


169;city135;424;54;city270;491;279;city185;72;214;city76;250;433;city150;278;156;city278;192;131;city103;177;148;city248

136;city283;11;272;city261;4;470;city170;24;95;city155;87;414;city231;158;7;city262;4;16;city106;491;182;city212;377;4;city279;95;80;city244



131;city266;100;493;city235
160;city74;272;392;city248;461;148;city272;385;116;city260;340;271;city278;290;490;city60;388;392;city102

144;city274;488;28;city297;454;412;city299;425;108;city198

136;city283;11;272;city261;4;470;city170;24;95;city155;87;414;city231;158;7;city262;4;16;city106;491;182;city212;377;4;city279;95;80;city244


128;city202;253;450;city103;226;343;city54
134;city275;64;329;city109;73;186;city134;432;224;city60;2;99;city221;171;255;city205

127;city95;185;390;city197;197;27;city56;471;348;city267;414;472;city264;153;211;city199;349;123;city285;404;429;city165;185;427;city149;169;136;city176;53;172;city104;84;60;city183;293;452;city221;423;308;city189



172;city93;121;398;city246;262;106;city201;76;173;city139;222;6;city157
144;city274;488;28;city297;454;412;city299;425;108;city198
149;city63;9;227;city224;289;426;city195;293;89;city293
149;city63;9;227;city224;289;426;city195;293;89;city293
147;city177;5;479;city231;238;16;city184
169;city135;424;54;city270;491;279;city185;72;214;city76;250;433;city150;278;156;city278;192;131;city103;177;148;city248
146;city117;54;29;city189;225;483;city179;314;3;city94;68;441;city258;43;152;city162;405;134;city77;234;49;city112;78;409;city218;253;234;city125


158;city170;279;282;city181
152;city84;63;25;city63;492;202;city298;432;392;city138;11;450;city160;160;227;city79;135;56;city242;188;85;city88;436;401;city204;40;206;city108;245;434;city162;476;55;city260;247;430;city134;3;292;city239;469;338;city145
125;city294;335;463;city231;378;419;city151;208;166;city138;389;417;city283;284;125;city54;261;291;city141;366;112;city241;62;192;city55;206;132;city167;61;451;city70;452;485;city129;404;284;city180;344;247;city62;291;156;city182;288;55;city187
147;city177;5;479;city231;238;16;city184

125;city294;335;463;city231;378;419;city151;208;166;city138;389;417;city283;284;125;city54;261;291;city141;366;112;city241;62;192;city55;206;132;city167;61;451;city70;452;485;city129;404;284;city180;344;247;city62;291;156;city182;288;55;city187


145;city150;426;155;city216;21;482;city280



146;city117;54;29;city189;225;483;city179;314;3;city94;68;441;city258;43;152;city162;405;134;city77;234;49;city112;78;409;city218;253;234;city125

171;city116;463;135;city77;491;4;city193;24;282;city246;130;323;city230;352;379;city298;230;478;city187;388;316;city179;284;288;city128;354;273;city171;243;397;city117;157;347;city158;319;485;city99;403;48;city126
150;city131;269;480;city163;473;120;city169;26;422;city175;492;80;city78;389;395;city231
139;city54;259;453;city243;323;252;city272;240;130;city62
169;city135;424;54;city270;491;279;city185;72;214;city76;250;433;city150;278;156;city278;192;131;city103;177;148;city248
154;city74;149;21;city201;245;494;city233;126;432;city232;244;259;city127;283;134;city102

162;city125;117;225;city134

128;city202;253;450;city103;226;343;city54



139;city54;259;453;city243;323;252;city272;240;130;city62
168;city162;448;181;city65;176;85;city226;391;90;city258;62;303;city208;469;13;city191;179;18;city50;490;351;city52;4;450;city228;423;37;city189;301;483;city136;69;383;city249;160;307;city112



147;city177;5;479;city231;238;16;city184
127;city95;185;390;city197;197;27;city56;471;348;city267;414;472;city264;153;211;city199;349;123;city285;404;429;city165;185;427;city149;169;136;city176;53;172;city104;84;60;city183;293;452;city221;423;308;city189
146;city117;54;29;city189;225;483;city179;314;3;city94;68;441;city258;43;152;city162;405;134;city77;234;49;city112;78;409;city218;253;234;city125

138;city93;65;385;city89;243;401;city178;355;459;city142;400;351;city265;119;91;city63
153;city99;26;384;city224;117;404;city259;378;28;city297;294;45;city82;59;338;city50;454;440;city262;41;71;city296;84;265;city128;202;392;city239;454;343;city272;402;374;city277;82;331;city166;137;61;city294;220;398;city179;358;357;city157;419;365;city284
126;city136;238;89;city173;415;369;city138;369;465;city107;359;204;city280;447;370;city234;100;94;city67;34;228;city74;129;369;city94;262;210;city184;317;170;city190;133;140;city298;234;314;city64
162;city125;117;225;city134
140;city240;351;378;city164;377;399;city263;442;369;city218;376;325;city180;2;420;city223;280;330;city57;16;253;city235;319;281;city178;136;75;city83;427;172;city108;346;169;city112;495;338;city55;141;102;city127;305;242;city177;63;489;city70;454;27;city233;460;103;city284;369;193;city191
152;city84;63;25;city63;492;202;city298;432;392;city138;11;450;city160;160;227;city79;135;56;city242;188;85;city88;436;401;city204;40;206;city108;245;434;city162;476;55;city260;247;430;city134;3;292;city239;469;338;city145





132;city283;287;91;city118;445;227;city67;136;186;city173;139;173;city98;335;193;city133;344;206;city137;383;158;city161;278;475;city222;455;124;city70;404;278;city80;247;257;city59;125;454;city258
167;city228;64;112;city74;488;498;city223;35;377;city78;47;327;city127;105;12;city62;28;246;city129;342;166;city198;262;292;city159;327;93;city201;497;256;city80;101;379;city134;211;51;city194;191;421;city288;11;124;city205
147;city177;5;479;city231;238;16;city184
155;city71;283;290;city144;75;412;city110;250;448;city78;173;409;city186;8;298;city168;411;3;city261;414;164;city195

140;city240;351;378;city164;377;399;city263;442;369;city218;376;325;city180;2;420;city223;280;330;city57;16;253;city235;319;281;city178;136;75;city83;427;172;city108;346;169;city112;495;338;city55;141;102;city127;305;242;city177;63;489;city70;454;27;city233;460;103;city284;369;193;city191

127;city95;185;390;city197;197;27;city56;471;348;city267;414;472;city264;153;211;city199;349;123;city285;404;429;city165;185;427;city149;169;136;city176;53;172;city104;84;60;city183;293;452;city221;423;308;city189
126;city136;238;89;city173;415;369;city138;369;465;city107;359;204;city280;447;370;city234;100;94;city67;34;228;city74;129;369;city94;262;210;city184;317;170;city190;133;140;city298;234;314;city64
145;city150;426;155;city216;21;482;city280
130;city281;9;379;city102;448;401;city175;392;215;city161;403;315;city184;33;59;city272;366;109;city128;495;114;city252;193;494;city86;177;465;city279;3;295;city243;492;12;city298;192;100;city242;16;14;city255;288;132;city55;250;155;city260;353;83;city235;184;208;city141
131;city266;100;493;city235
159;city205;434;496;city134;416;121;city188;267;28;city121;288;109;city282;396;367;city219;126;110;city120;45;109;city117;284;141;city150;264;132;city259;181;299;city204;244;364;city74;114;426;city263;402;363;city196;227;361;city254;239;374;city163;375;330;city257;146;403;city135;3;377;city165;110;422;city98
128;city202;253;450;city103;226;343;city54

167;city228;64;112;city74;488;498;city223;35;377;city78;47;327;city127;105;12;city62;28;246;city129;342;166;city198;262;292;city159;327;93;city201;497;256;city80;101;379;city134;211;51;city194;191;421;city288;11;124;city205
156;city260;384;332;city151
131;city266;100;493;city235
127;city95;185;390;city197;197;27;city56;471;348;city267;414;472;city264;153;211;city199;349;123;city285;404;429;city165;185;427;city149;169;136;city176;53;172;city104;84;60;city183;293;452;city221;423;308;city189
172;city93;121;398;city246;262;106;city201;76;173;city139;222;6;city157
149;city63;9;227;city224;289;426;city195;293;89;city293
155;city71;283;290;city144;75;412;city110;250;448;city78;173;409;city186;8;298;city168;411;3;city261;414;164;city195
149;city63;9;227;city224;289;426;city195;293;89;city293
144;city274;488;28;city297;454;412;city299;425;108;city198
153;city99;26;384;city224;117;404;city259;378;28;city297;294;45;city82;59;338;city50;454;440;city262;41;71;city296;84;265;city128;202;392;city239;454;343;city272;402;374;city277;82;331;city166;137;61;city294;220;398;city179;358;357;city157;419;365;city284
135;city73;356;478;city200;111;44;city251;412;359;city126;180;472;city228;371;467;city227;164;72;city253;407;65;city285;72;233;city209;127;395;city163;34;13;city215;297;128;city103;445;316;city55;464;2;city186;308;497;city164;6;25;city63;489;48;city182;171;459;city179
141;city84;99;74;city281;475;9;city271;417;192;city100;463;106;city145;139;43;city150;425;481;city75;45;434;city81;481;310;city83;322;246;city169;345;167;city111;173;52;city270;262;85;city91;497;404;city180;304;390;city63
125;city294;335;463;city231;378;419;city151;208;166;city138;389;417;city283;284;125;city54;261;291;city141;366;112;city241;62;192;city55;206;132;city167;61;451;city70;452;485;city129;404;284;city180;344;247;city62;291;156;city182;288;55;city187
169;city135;424;54;city270;491;279;city185;72;214;city76;250;433;city150;278;156;city278;192;131;city103;177;148;city248
144;city274;488;28;city297;454;412;city299;425;108;city198
171;city116;463;135;city77;491;4;city193;24;282;city246;130;323;city230;352;379;city298;230;478;city187;388;316;city179;284;288;city128;354;273;city171;243;397;city117;157;347;city158;319;485;city99;403;48;city126

149;city63;9;227;city224;289;426;city195;293;89;city293

130;city281;9;379;city102;448;401;city175;392;215;city161;403;315;city184;33;59;city272;366;109;city128;495;114;city252;193;494;city86;177;465;city279;3;295;city243;492;12;city298;192;100;city242;16;14;city255;288;132;city55;250;155;city260;353;83;city235;184;208;city141
163;city268;230;331;city250;339;327;city287;326;377;city264;177;259;city160;28;45;city286;350;402;city159;63;55;city227;459;23;city54;271;209;city105;165;428;city119;411;345;city233;376;290;city279;325;240;city203;90;430;city140;312;344;city156;69;322;city276;330;170;city52;126;186;city215
160;city74;272;392;city248;461;148;city272;385;116;city260;340;271;city278;290;490;city60;388;392;city102

169;city135;424;54;city270;491;279;city185;72;214;city76;250;433;city150;278;156;city278;192;131;city103;177;148;city248
138;city93;65;385;city89;243;401;city178;355;459;city142;400;351;city265;119;91;city63
163;city268;230;331;city250;339;327;city287;326;377;city264;177;259;city160;28;45;city286;350;402;city159;63;55;city227;459;23;city54;271;209;city105;165;428;city119;411;345;city233;376;290;city279;325;240;city203;90;430;city140;312;344;city156;69;322;city276;330;170;city52;126;186;city215
129;city197;104;93;city259;25;388;city174;197;342;city213;194;469;city257;278;191;city234;75;255;city181;316;459;city210;261;9;city278;462;149;city142;60;391;city110;170;130;city138;426;158;city270;128;343;city209;256;389;city297;438;259;city96
152;city84;63;25;city63;492;202;city298;432;392;city138;11;450;city160;160;227;city79;135;56;city242;188;85;city88;436;401;city204;40;206;city108;245;434;city162;476;55;city260;247;430;city134;3;292;city239;469;338;city145
140;city240;351;378;city164;377;399;city263;442;369;city218;376;325;city180;2;420;city223;280;330;city57;16;253;city235;319;281;city178;136;75;city83;427;172;city108;346;169;city112;495;338;city55;141;102;city127;305;242;city177;63;489;city70;454;27;city233;460;103;city284;369;193;city191
125;city294;335;463;city231;378;419;city151;208;166;city138;389;417;city283;284;125;city54;261;291;city141;366;112;city241;62;192;city55;206;132;city167;61;451;city70;452;485;city129;404;284;city180;344;247;city62;291;156;city182;288;55;city187
162;city125;117;225;city134
129;city197;104;93;city259;25;388;city174;197;342;city213;194;469;city257;278;191;city234;75;255;city181;316;459;city210;261;9;city278;462;149;city142;60;391;city110;170;130;city138;426;158;city270;128;343;city209;256;389;city297;438;259;city96

156;city260;384;332;city151
125;city294;335;463;city231;378;419;city151;208;166;city138;389;417;city283;284;125;city54;261;291;city141;366;112;city241;62;192;city55;206;132;city167;61;451;city70;452;485;city129;404;284;city180;344;247;city62;291;156;city182;288;55;city187
130;city281;9;379;city102;448;401;city175;392;215;city161;403;315;city184;33;59;city272;366;109;city128;495;114;city252;193;494;city86;177;465;city279;3;295;city243;492;12;city298;192;100;city242;16;14;city255;288;132;city55;250;155;city260;353;83;city235;184;208;city141
131;city266;100;493;city235
140;city240;351;378;city164;377;399;city263;442;369;city218;376;325;city180;2;420;city223;280;330;city57;16;253;city235;319;281;city178;136;75;city83;427;172;city108;346;169;city112;495;338;city55;141;102;city127;305;242;city177;63;489;city70;454;27;city233;460;103;city284;369;193;city191
158;city170;279;282;city181
157;city243;297;20;city238;470;327;city88;383;332;city74;369;460;city95;217;112;city229;127;414;city132;458;278;city147;470;27;city140;125;392;city268;228;296;city206;367;164;city233;484;443;city159;49;219;city54;333;53;city230;276;259;city194;411;153;city58;269;445;city199;49;33;city226
156;city260;384;332;city151
171;city116;463;135;city77;491;4;city193;24;282;city246;130;323;city230;352;379;city298;230;478;city187;388;316;city179;284;288;city128;354;273;city171;243;397;city117;157;347;city158;319;485;city99;403;48;city126
167;city228;64;112;city74;488;498;city223;35;377;city78;47;327;city127;105;12;city62;28;246;city129;342;166;city198;262;292;city159;327;93;city201;497;256;city80;101;379;city134;211;51;city194;191;421;city288;11;124;city205

164;city280;458;368;city156;362;376;city272;345;242;city74;427;103;city70;337;466;city257;382;272;city255;76;490;city94;116;290;city212;411;215;city78;364;35;city66;183;128;city119

146;city117;54;29;city189;225;483;city179;314;3;city94;68;441;city258;43;152;city162;405;134;city77;234;49;city112;78;409;city218;253;234;city125
141;city84;99;74;city281;475;9;city271;417;192;city100;463;106;city145;139;43;city150;425;481;city75;45;434;city81;481;310;city83;322;246;city169;345;167;city111;173;52;city270;262;85;city91;497;404;city180;304;390;city63
139;city54;259;453;city243;323;252;city272;240;130;city62
132;city283;287;91;city118;445;227;city67;136;186;city173;139;173;city98;335;193;city133;344;206;city137;383;158;city161;278;475;city222;455;124;city70;404;278;city80;247;257;city59;125;454;city258
162;city125;117;225;city134

127;city95;185;390;city197;197;27;city56;471;348;city267;414;472;city264;153;211;city199;349;123;city285;404;429;city165;185;427;city149;169;136;city176;53;172;city104;84;60;city183;293;452;city221;423;308;city189
164;city280;458;368;city156;362;376;city272;345;242;city74;427;103;city70;337;466;city257;382;272;city255;76;490;city94;116;290;city212;411;215;city78;364;35;city66;183;128;city119
167;city228;64;112;city74;488;498;city223;35;377;city78;47;327;city127;105;12;city62;28;246;city129;342;166;city198;262;292;city159;327;93;city201;497;256;city80;101;379;city134;211;51;city194;191;421;city288;11;124;city205
131;city266;100;493;city235
153;city99;26;384;city224;117;404;city259;378;28;city297;294;45;city82;59;338;city50;454;440;city262;41;71;city296;84;265;city128;202;392;city239;454;343;city272;402;374;city277;82;331;city166;137;61;city294;220;398;city179;358;357;city157;419;365;city284
130;city281;9;379;city102;448;401;city175;392;215;city161;403;315;city184;33;59;city272;366;109;city128;495;114;city252;193;494;city86;177;465;city279;3;295;city243;492;12;city298;192;100;city242;16;14;city255;288;132;city55;250;155;city260;353;83;city235;184;208;city141
140;city240;351;378;city164;377;399;city263;442;369;city218;376;325;city180;2;420;city223;280;330;city57;16;253;city235;319;281;city178;136;75;city83;427;172;city108;346;169;city112;495;338;city55;141;102;city127;305;242;city177;63;489;city70;454;27;city233;460;103;city284;369;193;city191
130;city281;9;379;city102;448;401;city175;392;215;city161;403;315;city184;33;59;city272;366;109;city128;495;114;city252;193;494;city86;177;465;city279;3;295;city243;492;12;city298;192;100;city242;16;14;city255;288;132;city55;250;155;city260;353;83;city235;184;208;city141
144;city274;488;28;city297;454;412;city299;425;108;city198
139;city54;259;453;city243;323;252;city272;240;130;city62
156;city260;384;332;city151
138;city93;65;385;city89;243;401;city178;355;459;city142;400;351;city265;119;91;city63
147;city177;5;479;city231;238;16;city184

159;city205;434;496;city134;416;121;city188;267;28;city121;288;109;city282;396;367;city219;126;110;city120;45;109;city117;284;141;city150;264;132;city259;181;299;city204;244;364;city74;114;426;city263;402;363;city196;227;361;city254;239;374;city163;375;330;city257;146;403;city135;3;377;city165;110;422;city98

140;city240;351;378;city164;377;399;city263;442;369;city218;376;325;city180;2;420;city223;280;330;city57;16;253;city235;319;281;city178;136;75;city83;427;172;city108;346;169;city112;495;338;city55;141;102;city127;305;242;city177;63;489;city70;454;27;city233;460;103;city284;369;193;city191
161;city53;191;92;city202;376;199;city90;342;153;city290;285;105;city146;464;40;city269;402;195;city104;83;245;city188;125;231;city229;281;225;city77;47;367;city82;319;49;city258;500;15;city158;404;428;city243;166;354;city176
141;city84;99;74;city281;475;9;city271;417;192;city100;463;106;city145;139;43;city150;425;481;city75;45;434;city81;481;310;city83;322;246;city169;345;167;city111;173;52;city270;262;85;city91;497;404;city180;304;390;city63
140;city240;351;378;city164;377;399;city263;442;369;city218;376;325;city180;2;420;city223;280;330;city57;16;253;city235;319;281;city178;136;75;city83;427;172;city108;346;169;city112;495;338;city55;141;102;city127;305;242;city177;63;489;city70;454;27;city233;460;103;city284;369;193;city191
166;city156;210;212;city198;447;337;city267;76;441;city233;476;125;city188;310;353;city67;474;453;city212;431;158;city208;385;179;city63;96;332;city263;382;360;city178
131;city266;100;493;city235
144;city274;488;28;city297;454;412;city299;425;108;city198
137;city286;51;8;city257;24;238;city265;60;132;city135
161;city53;191;92;city202;376;199;city90;342;153;city290;285;105;city146;464;40;city269;402;195;city104;83;245;city188;125;231;city229;281;225;city77;47;367;city82;319;49;city258;500;15;city158;404;428;city243;166;354;city176
168;city162;448;181;city65;176;85;city226;391;90;city258;62;303;city208;469;13;city191;179;18;city50;490;351;city52;4;450;city228;423;37;city189;301;483;city136;69;383;city249;160;307;city112
170;city180;432;120;city289;400;429;city76;346;466;city148;256;216;city124;475;307;city172;500;490;city273;269;470;city92;6;39;city107;147;309;city264;369;326;city169;177;13;city278
153;city99;26;384;city224;117;404;city259;378;28;city297;294;45;city82;59;338;city50;454;440;city262;41;71;city296;84;265;city128;202;392;city239;454;343;city272;402;374;city277;82;331;city166;137;61;city294;220;398;city179;358;357;city157;419;365;city284
154;city74;149;21;city201;245;494;city233;126;432;city232;244;259;city127;283;134;city102
148;city86;440;132;city90;332;88;city257;297;497;city113;260;432;city164;41;26;city102;208;259;city197;295;186;city126;211;79;city255
127;city95;185;390;city197;197;27;city56;471;348;city267;414;472;city264;153;211;city199;349;123;city285;404;429;city165;185;427;city149;169;136;city176;53;172;city104;84;60;city183;293;452;city221;423;308;city189
152;city84;63;25;city63;492;202;city298;432;392;city138;11;450;city160;160;227;city79;135;56;city242;188;85;city88;436;401;city204;40;206;city108;245;434;city162;476;55;city260;247;430;city134;3;292;city239;469;338;city145
133;city143;11;331;city231;359;471;city85;34;59;city159;112;232;city228;409;99;city268;342;62;city235;471;72;city71;266;303;city157;384;443;city138
156;city260;384;332;city151
164;city280;458;368;city156;362;376;city272;345;242;city74;427;103;city70;337;466;city257;382;272;city255;76;490;city94;116;290;city212;411;215;city78;364;35;city66;183;128;city119
158;city170;279;282;city181
169;city135;424;54;city270;491;279;city185;72;214;city76;250;433;city150;278;156;city278;192;131;city103;177;148;city248
132;city283;287;91;city118;445;227;city67;136;186;city173;139;173;city98;335;193;city133;344;206;city137;383;158;city161;278;475;city222;455;124;city70;404;278;city80;247;257;city59;125;454;city258
138;city93;65;385;city89;243;401;city178;355;459;city142;400;351;city265;119;91;city63
171;city116;463;135;city77;491;4;city193;24;282;city246;130;323;city230;352;379;city298;230;478;city187;388;316;city179;284;288;city128;354;273;city171;243;397;city117;157;347;city158;319;485;city99;403;48;city126
141;city84;99;74;city281;475;9;city271;417;192;city100;463;106;city145;139;43;city150;425;481;city75;45;434;city81;481;310;city83;322;246;city169;345;167;city111;173;52;city270;262;85;city91;497;404;city180;304;390;city63
141;city84;99;74;city281;475;9;city271;417;192;city100;463;106;city145;139;43;city150;425;481;city75;45;434;city81;481;310;city83;322;246;city169;345;167;city111;173;52;city270;262;85;city91;497;404;city180;304;390;city63
145;city150;426;155;city216;21;482;city280
154;city74;149;21;city201;245;494;city233;126;432;city232;244;259;city127;283;134;city102
149;city63;9;227;city224;289;426;city195;293;89;city293
152;city84;63;25;city63;492;202;city298;432;392;city138;11;450;city160;160;227;city79;135;56;city242;188;85;city88;436;401;city204;40;206;city108;245;434;city162;476;55;city260;247;430;city134;3;292;city239;469;338;city145
141;city84;99;74;city281;475;9;city271;417;192;city100;463;106;city145;139;43;city150;425;481;city75;45;434;city81;481;310;city83;322;246;city169;345;167;city111;173;52;city270;262;85;city91;497;404;city180;304;390;city63
162;city125;117;225;city134
170;city180;432;120;city289;400;429;city76;346;466;city148;256;216;city124;475;307;city172;500;490;city273;269;470;city92;6;39;city107;147;309;city264;369;326;city169;177;13;city278
167;city228;64;112;city74;488;498;city223;35;377;city78;47;327;city127;105;12;city62;28;246;city129;342;166;city198;262;292;city159;327;93;city201;497;256;city80;101;379;city134;211;51;city194;191;421;city288;11;124;city205
166;city156;210;212;city198;447;337;city267;76;441;city233;476;125;city188;310;353;city67;474;453;city212;431;158;city208;385;179;city63;96;332;city263;382;360;city178
128;city202;253;450;city103;226;343;city54
135;city73;356;478;city200;111;44;city251;412;359;city126;180;472;city228;371;467;city227;164;72;city253;407;65;city285;72;233;city209;127;395;city163;34;13;city215;297;128;city103;445;316;city55;464;2;city186;308;497;city164;6;25;city63;489;48;city182;171;459;city179
162;city125;117;225;city134
155;city71;283;290;city144;75;412;city110;250;448;city78;173;409;city186;8;298;city168;411;3;city261;414;164;city195
154;city74;149;21;city201;245;494;city233;126;432;city232;244;259;city127;283;134;city102
163;city268;230;331;city250;339;327;city287;326;377;city264;177;259;city160;28;45;city286;350;402;city159;63;55;city227;459;23;city54;271;209;city105;165;428;city119;411;345;city233;376;290;city279;325;240;city203;90;430;city140;312;344;city156;69;322;city276;330;170;city52;126;186;city215
146;city117;54;29;city189;225;483;city179;314;3;city94;68;441;city258;43;152;city162;405;134;city77;234;49;city112;78;409;city218;253;234;city125
150;city131;269;480;city163;473;120;city169;26;422;city175;492;80;city78;389;395;city231
162;city125;117;225;city134
147;city177;5;479;city231;238;16;city184
138;city93;65;385;city89;243;401;city178;355;459;city142;400;351;city265;119;91;city63
168;city162;448;181;city65;176;85;city226;391;90;city258;62;303;city208;469;13;city191;179;18;city50;490;351;city52;4;450;city228;423;37;city189;301;483;city136;69;383;city249;160;307;city112
169;city135;424;54;city270;491;279;city185;72;214;city76;250;433;city150;278;156;city278;192;131;city103;177;148;city248
157;city243;297;20;city238;470;327;city88;383;332;city74;369;460;city95;217;112;city229;127;414;city132;458;278;city147;470;27;city140;125;392;city268;228;296;city206;367;164;city233;484;443;city159;49;219;city54;333;53;city230;276;259;city194;411;153;city58;269;445;city199;49;33;city226
166;city156;210;212;city198;447;337;city267;76;441;city233;476;125;city188;310;353;city67;474;453;city212;431;158;city208;385;179;city63;96;332;city263;382;360;city178
173;city263;58;270;city145;184;133;city56;121;96;city228;25;217;city241;273;416;city121
136;city283;11;272;city261;4;470;city170;24;95;city155;87;414;city231;158;7;city262;4;16;city106;491;182;city212;377;4;city279;95;80;city244
142;city131;354;474;city239;38;25;city237;29;384;city287
133;city143;11;331;city231;359;471;city85;34;59;city159;112;232;city228;409;99;city268;342;62;city235;471;72;city71;266;303;city157;384;443;city138
166;city156;210;212;city198;447;337;city267;76;441;city233;476;125;city188;310;353;city67;474;453;city212;431;158;city208;385;179;city63;96;332;city263;382;360;city178
154;city74;149;21;city201;245;494;city233;126;432;city232;244;259;city127;283;134;city102
146;city117;54;29;city189;225;483;city179;314;3;city94;68;441;city258;43;152;city162;405;134;city77;234;49;city112;78;409;city218;253;234;city125
129;city197;104;93;city259;25;388;city174;197;342;city213;194;469;city257;278;191;city234;75;255;city181;316;459;city210;261;9;city278;462;149;city142;60;391;city110;170;130;city138;426;158;city270;128;343;city209;256;389;city297;438;259;city96
170;city180;432;120;city289;400;429;city76;346;466;city148;256;216;city124;475;307;city172;500;490;city273;269;470;city92;6;39;city107;147;309;city264;369;326;city169;177;13;city278
164;city280;458;368;city156;362;376;city272;345;242;city74;427;103;city70;337;466;city257;382;272;city255;76;490;city94;116;290;city212;411;215;city78;364;35;city66;183;128;city119
161;city53;191;92;city202;376;199;city90;342;153;city290;285;105;city146;464;40;city269;402;195;city104;83;245;city188;125;231;city229;281;225;city77;47;367;city82;319;49;city258;500;15;city158;404;428;city243;166;354;city176
129;city197;104;93;city259;25;388;city174;197;342;city213;194;469;city257;278;191;city234;75;255;city181;316;459;city210;261;9;city278;462;149;city142;60;391;city110;170;130;city138;426;158;city270;128;343;city209;256;389;city297;438;259;city96
143;city258;67;115;city248;218;348;city191;10;96;city63;126;225;city74;435;473;city102;440;435;city215;128;197;city105;128;130;city196;265;383;city183;354;50;city219;158;409;city70;295;319;city227;337;438;city162;262;248;city210;351;246;city106;479;496;city291;410;351;city217
146;city117;54;29;city189;225;483;city179;314;3;city94;68;441;city258;43;152;city162;405;134;city77;234;49;city112;78;409;city218;253;234;city125
147;city177;5;479;city231;238;16;city184
142;city131;354;474;city239;38;25;city237;29;384;city287
131;city266;100;493;city235

130;city281;9;379;city102;448;401;city175;392;215;city161;403;315;city184;33;59;city272;366;109;city128;495;114;city252;193;494;city86;177;465;city279;3;295;city243;492;12;city298;192;100;city242;16;14;city255;288;132;city55;250;155;city260;353;83;city235;184;208;city141
143;city258;67;115;city248;218;348;city191;10;96;city63;126;225;city74;435;473;city102;440;435;city215;128;197;city105;128;130;city196;265;383;city183;354;50;city219;158;409;city70;295;319;city227;337;438;city162;262;248;city210;351;246;city106;479;496;city291;410;351;city217
172;city93;121;398;city246;262;106;city201;76;173;city139;222;6;city157
163;city268;230;331;city250;339;327;city287;326;377;city264;177;259;city160;28;45;city286;350;402;city159;63;55;city227;459;23;city54;271;209;city105;165;428;city119;411;345;city233;376;290;city279;325;240;city203;90;430;city140;312;344;city156;69;322;city276;330;170;city52;126;186;city215
137;city286;51;8;city257;24;238;city265;60;132;city135
172;city93;121;398;city246;262;106;city201;76;173;city139;222;6;city157
129;city197;104;93;city259;25;388;city174;197;342;city213;194;469;city257;278;191;city234;75;255;city181;316;459;city210;261;9;city278;462;149;city142;60;391;city110;170;130;city138;426;158;city270;128;343;city209;256;389;city297;438;259;city96
128;city202;253;450;city103;226;343;city54
150;city131;269;480;city163;473;120;city169;26;422;city175;492;80;city78;389;395;city231
146;city117;54;29;city189;225;483;city179;314;3;city94;68;441;city258;43;152;city162;405;134;city77;234;49;city112;78;409;city218;253;234;city125
171;city116;463;135;city77;491;4;city193;24;282;city246;130;323;city230;352;379;city298;230;478;city187;388;316;city179;284;288;city128;354;273;city171;243;397;city117;157;347;city158;319;485;city99;403;48;city126
148;city86;440;132;city90;332;88;city257;297;497;city113;260;432;city164;41;26;city102;208;259;city197;295;186;city126;211;79;city255
139;city54;259;453;city243;323;252;city272;240;130;city62
146;city117;54;29;city189;225;483;city179;314;3;city94;68;441;city258;43;152;city162;405;134;city77;234;49;city112;78;409;city218;253;234;city125
145;city150;426;155;city216;21;482;city280
144;city274;488;28;city297;454;412;city299;425;108;city198
145;city150;426;155;city216;21;482;city280
147;city177;5;479;city231;238;16;city184
173;city263;58;270;city145;184;133;city56;121;96;city228;25;217;city241;273;4212;city121
166;city156;210;212;city198;447;337;city267;76;441;city233;476;125;city188;310;353;city67;474;453;city212;431;158;city208;385;179;city63;96;332;city263;382;360;city178
157;city243;297;20;city238;470;327;city88;383;332;city74;369;460;city95;217;112;city229;127;414;city132;458;278;city147;470;27;city140;125;392;city268;228;296;city206;367;164;city233;484;443;city159;49;219;city54;333;53;city230;276;259;city194;411;153;city58;269;445;city199;49;33;city226
166;city156;210;212;city198;447;337;city267;76;441;city233;476;125;city188;310;353;city67;474;453;city212;431;158;city208;385;179;city63;96;332;city263;382;360;city178
162;city125;117;225;city134
130;city281;9;379;city102;448;401;city175;392;215;city161;403;315;city184;33;59;city272;366;109;city128;495;114;city252;193;494;city86;177;465;city279;3;295;city243;492;12;city298;192;100;city242;16;14;city255;288;132;city55;250;155;city260;353;83;city235;184;208;city141
133;city143;11;331;city231;359;471;city85;34;59;city159;112;232;city228;409;99;city268;342;62;city235;471;72;city71;266;303;city157;384;443;city138
156;city260;384;332;city151
167;city228;64;112;city74;488;498;city223;35;377;city78;47;327;city127;105;12;city62;28;246;city129;342;166;city198;262;292;city159;327;93;city201;497;256;city80;101;379;city134;211;51;city194;191;421;city288;11;124;city205
153;city99;26;384;city224;117;404;city259;378;28;city297;294;45;city82;59;338;city50;454;440;city262;41;71;city296;84;265;city128;202;392;city239;454;343;city272;402;374;city277;82;331;city166;137;61;city294;220;398;city179;358;357;city157;419;365;city284
135;city73;356;478;city200;111;44;city251;412;359;city126;180;472;city228;371;467;city227;164;72;city253;407;65;city285;72;233;city209;127;395;city163;34;13;city215;297;128;city103;445;316;city55;464;2;city186;308;497;city164;6;25;city63;489;48;city182;171;459;city179
138;city93;65;385;city89;243;401;city178;355;459;city142;400;351;city265;119;91;city63
134;city275;64;329;city109;73;186;city134;432;224;city60;2;99;city221;171;255;city205
145;city150;426;155;city216;21;482;city280
128;city202;253;450;city103;226;343;city54
141;city84;99;74;city281;475;9;city271;417;192;city100;463;106;city145;139;43;city150;425;481;city75;45;434;city81;481;310;city83;322;246;city169;345;167;city111;173;52;city270;262;85;city91;497;404;city180;304;390;city63
162;city125;117;225;city134
169;city135;424;54;city270;491;279;city185;72;214;city76;250;433;city150;278;156;city278;192;131;city103;177;148;city248
138;city93;65;385;city89;243;401;city178;355;459;city142;400;351;city265;119;91;city63
161;city53;191;92;city202;376;199;city90;342;153;city290;285;105;city146;464;40;city269;402;195;city104;83;245;city188;125;231;city229;281;225;city77;47;367;city82;319;49;city258;500;15;city158;404;428;city243;166;354;city176
166;city156;210;212;city198;447;337;city267;76;441;city233;476;125;city188;310;353;city67;474;453;city212;431;158;city208;385;179;city63;96;332;city263;382;360;city178
145;city150;426;155;city216;21;482;city280
149;city63;9;227;city224;289;426;city195;293;89;city293
132;city283;287;91;city118;445;227;city67;136;186;city173;139;173;city98;335;193;city133;344;206;city137;383;158;city161;278;475;city222;455;124;city70;404;278;city80;247;257;city59;125;454;city258
147;city177;5;479;city231;238;16;city184
141;city84;99;74;city281;475;9;city271;417;192;city100;463;106;city145;139;43;city150;425;481;city75;45;434;city81;481;310;city83;322;246;city169;345;167;city111;173;52;city270;262;85;city91;497;404;city180;304;390;city63
165;city235;404;225;city242;103;38;city164;274;426;city97;372;483;city57;258;129;city214;81;365;city68;299;132;city112;374;369;city215;165;354;city76;412;24;city175;236;317;city208;371;139;city206;2;230;city153;98;292;city131;76;479;city120;39;128;city162;434;2;city196
171;city116;463;135;city77;491;4;city193;24;282;city246;130;323;city230;352;379;city298;230;478;city187;388;316;city179;284;288;city128;354;273;city171;243;397;city117;157;347;city158;319;485;city99;403;48;city126
152;city84;63;25;city63;492;202;city298;432;392;city138;11;450;city160;160;227;city79;135;56;city242;188;85;city88;436;401;city204;40;206;city108;245;434;city162;476;55;city260;247;430;city134;3;292;city239;469;338;city145
135;city73;356;478;city200;111;44;city251;412;359;city126;180;472;city228;371;467;city227;164;72;city253;407;65;city285;72;233;city209;127;395;city163;34;13;city215;297;128;city103;445;316;city55;464;2;city186;308;497;city164;6;25;city63;489;48;city182;171;459;city179
165;city235;404;225;city242;103;38;city164;274;426;city97;372;483;city57;258;129;city214;81;365;city68;299;132;city112;374;369;city215;165;354;city76;412;24;city175;236;317;city208;371;139;city206;2;230;city153;98;292;city131;76;479;city120;39;128;city162;434;2;city196
164;city280;458;368;city156;362;376;city272;345;242;city74;427;103;city70;337;466;city257;382;272;city255;76;490;city94;116;290;city212;411;215;city78;364;35;city66;183;128;city119
146;city117;54;29;city189;225;483;city179;314;3;city94;68;441;city258;43;152;city162;405;134;city77;234;49;city112;78;409;city218;253;234;city125
169;city135;424;54;city270;491;279;city185;72;214;city76;250;433;city150;278;156;city278;192;131;city103;177;148;city248
157;city243;297;20;city238;470;327;city88;383;332;city74;369;460;city95;217;112;city229;127;414;city132;458;278;city147;470;27;city140;125;392;city268;228;296;city206;367;164;city233;484;443;city159;49;219;city54;333;53;city230;276;259;city194;411;153;city58;269;445;city199;49;33;city226
153;city99;26;384;city224;117;404;city259;378;28;city297;294;45;city82;59;338;city50;454;440;city262;41;71;city296;84;265;city128;202;392;city239;454;343;city272;402;374;city277;82;331;city166;137;61;city294;220;398;city179;358;357;city157;419;365;city284
134;city275;64;329;city109;73;186;city134;432;224;city60;2;99;city221;171;255;city205
