ERROR 6
ERROR 8
ERROR 9
ERROR 10
ERROR 11
ERROR 12
ERROR 21
ERROR 22
ERROR 23
ERROR 28
ERROR 29
ERROR 30
ERROR 34
ERROR 37
ERROR 38
ERROR 41
ERROR 42
ERROR 45
ERROR 47
ERROR 50
ERROR 53
ERROR 56
ERROR 59
ERROR 60
ERROR 63
ERROR 64
ERROR 66
ERROR 69
ERROR 71
ERROR 73
ERROR 85
ERROR 86
ERROR 91
ERROR 92
ERROR 98
ERROR 99
ERROR 100
ERROR 101
ERROR 104
ERROR 109
ERROR 110
ERROR 113
ERROR 115
ERROR 117
ERROR 119
ERROR 121
ERROR 122
ERROR 124
ERROR 125
ERROR 128
ERROR 129
ERROR 130
ERROR 132
ERROR 133
ERROR 136
ERROR 138
ERROR 139
ERROR 140
ERROR 144
ERROR 145
ERROR 150
ERROR 151
ERROR 154
ERROR 156
ERROR 161
ERROR 163
ERROR 168
ERROR 173
ERROR 178
ERROR 187
ERROR 188
ERROR 189
ERROR 190
ERROR 191
ERROR 193
ERROR 196
ERROR 200
ERROR 205
ERROR 206
ERROR 207
ERROR 212
ERROR 213
ERROR 215
ERROR 217
ERROR 218
ERROR 219
ERROR 221
ERROR 222
ERROR 223
ERROR 226
ERROR 227
ERROR 228
ERROR 230
ERROR 232
ERROR 233
ERROR 235
ERROR 237
ERROR 239
ERROR 242
ERROR 246
ERROR 247
ERROR 248
ERROR 252
ERROR 253
ERROR 254
ERROR 256
ERROR 258
ERROR 259
ERROR 264
ERROR 265
ERROR 266
ERROR 269
ERROR 272
ERROR 274
ERROR 277
ERROR 284
ERROR 286
ERROR 287
ERROR 293
ERROR 294
ERROR 295
ERROR 297
ERROR 298
ERROR 300
ERROR 301
ERROR 302
ERROR 303
ERROR 304
ERROR 305
ERROR 309
ERROR 312
ERROR 314
ERROR 315
ERROR 316
ERROR 318
ERROR 321
ERROR 322
ERROR 323
ERROR 325
ERROR 326
ERROR 328
ERROR 329
ERROR 330
ERROR 332
ERROR 334
ERROR 335
ERROR 339
ERROR 341
ERROR 342
ERROR 344
ERROR 347
ERROR 348
ERROR 350
ERROR 353
ERROR 355
ERROR 356
ERROR 359
ERROR 363
ERROR 364
ERROR 370
ERROR 371
ERROR 374
ERROR 377
ERROR 378
ERROR 381
ERROR 382
ERROR 383
ERROR 387
ERROR 388
ERROR 389
ERROR 393
ERROR 394
ERROR 395
ERROR 396
ERROR 398
ERROR 400
ERROR 401
ERROR 403
ERROR 404
ERROR 405
ERROR 406
ERROR 407
ERROR 408
ERROR 409
ERROR 410
ERROR 412
ERROR 415
ERROR 418
ERROR 419
ERROR 421
ERROR 425
ERROR 426
ERROR 427
ERROR 429
ERROR 430
ERROR 432
ERROR 433
ERROR 434
ERROR 437
ERROR 439
ERROR 440
ERROR 441
ERROR 442
ERROR 448
ERROR 449
ERROR 456
ERROR 459
ERROR 460
ERROR 462
ERROR 466
ERROR 467
ERROR 468
ERROR 469
ERROR 471
ERROR 472
ERROR 475
ERROR 481
ERROR 485
ERROR 486
ERROR 487
ERROR 492
ERROR 493
ERROR 497
ERROR 498
ERROR 499
ERROR 501
ERROR 505
ERROR 507
ERROR 508
ERROR 509
ERROR 510
ERROR 511
ERROR 519
ERROR 520
ERROR 522
ERROR 525
ERROR 528
ERROR 530
ERROR 531
ERROR 532
ERROR 533
ERROR 536
ERROR 537
ERROR 538
ERROR 539
ERROR 540
ERROR 541
ERROR 542
ERROR 544
ERROR 546
ERROR 548
ERROR 549
ERROR 550
ERROR 553
ERROR 557
ERROR 558
ERROR 559
ERROR 560
ERROR 565
ERROR 567
ERROR 569
ERROR 571
ERROR 573
ERROR 578
ERROR 579
ERROR 582
ERROR 583
ERROR 584
ERROR 590
ERROR 591
ERROR 593
ERROR 594
ERROR 595
ERROR 596
ERROR 597
ERROR 598
ERROR 599
ERROR 601
ERROR 602
ERROR 607
ERROR 608
ERROR 610
ERROR 611
ERROR 613
ERROR 614
ERROR 615
ERROR 616
ERROR 617
ERROR 618
ERROR 619
ERROR 620
ERROR 623
ERROR 624
ERROR 626
ERROR 627
ERROR 628
ERROR 629
ERROR 631
ERROR 634
ERROR 639
ERROR 640
ERROR 641
ERROR 646
ERROR 648
ERROR 650
ERROR 652
ERROR 655
ERROR 658
ERROR 660
ERROR 662
ERROR 663
ERROR 666
ERROR 667
ERROR 671
ERROR 672
ERROR 673
ERROR 674
ERROR 675
ERROR 678
ERROR 679
ERROR 680
ERROR 685
ERROR 688
ERROR 689
ERROR 693
ERROR 694
ERROR 695
ERROR 698
ERROR 700
ERROR 703
ERROR 706
ERROR 709
ERROR 711
ERROR 714
