



165;city116;405;313;city134;250;95;city182;239;372;city285;493;448;city185;449;306;city230;303;305;city252;85;209;city80;65;34;city112





148;city145;175;61;city296;471;429;city140;239;260;city77;127;495;city148;483;79;city205;495;152;city286;438;128;city82
125;city214;396;219;city56;360;6;city140;5;220;city63;71;124;city246;423;181;city66;11;155;city202;388;468;city95;165;463;city297;405;83;city257

150;city203;244;200;city227

139;city132;286;135;city178;13;282;city53;197;244;city272;185;9;city281;292;77;city115;356;113;city160

134;city109;92;319;city297;148;246;city255;396;336;city238;90;381;city293
163;city66;431;488;city102;167;491;city145;398;420;city195;22;318;city267;34;240;city246;266;279;city255;177;91;city122;112;443;city171;110;198;city258;494;417;city111








129;city229;494;249;city296;343;162;city184

125;city214;396;219;city56;360;6;city140;5;220;city63;71;124;city246;423;181;city66;11;155;city202;388;468;city95;165;463;city297;405;83;city257
156;city148;396;399;city251;120;67;city173;306;117;city276;99;375;city202;95;293;city165;374;459;city125;122;233;city206;352;2;city119;153;224;city52;68;340;city178
125;city214;396;219;city56;360;6;city140;5;220;city63;71;124;city246;423;181;city66;11;155;city202;388;468;city95;165;463;city297;405;83;city257


133;city101;47;392;city132;180;205;city232;37;334;city211;27;473;city90;485;313;city108;419;385;city204;449;20;city121;56;327;city180;382;154;city154;340;309;city295;441;157;city253;428;353;city75;237;309;city125;384;121;city163

125;city214;396;219;city56;360;6;city140;5;220;city63;71;124;city246;423;181;city66;11;155;city202;388;468;city95;165;463;city297;405;83;city257
129;city229;494;249;city296;343;162;city184
125;city214;396;219;city56;360;6;city140;5;220;city63;71;124;city246;423;181;city66;11;155;city202;388;468;city95;165;463;city297;405;83;city257
134;city109;92;319;city297;148;246;city255;396;336;city238;90;381;city293


173;city117;395;281;city113;453;324;city162



150;city203;244;200;city227

147;city269;230;245;city59;452;236;city265;353;8;city122;487;216;city276;405;369;city85;7;227;city225;222;66;city180;172;484;city238;224;350;city199;356;261;city123

166;city72;58;462;city225;248;403;city135;215;60;city150;197;279;city119;253;234;city235;4;327;city178;68;29;city162;122;157;city164;324;294;city185
167;city258;412;145;city239;98;305;city147;256;326;city97;246;345;city223;345;321;city262




173;city117;395;281;city113;453;324;city162

133;city101;47;392;city132;180;205;city232;37;334;city211;27;473;city90;485;313;city108;419;385;city204;449;20;city121;56;327;city180;382;154;city154;340;309;city295;441;157;city253;428;353;city75;237;309;city125;384;121;city163


152;city231;480;381;city81;302;473;city234;497;413;city257;207;391;city264;474;483;city241;74;90;city225;421;50;city132;128;485;city244
125;city214;396;219;city56;360;6;city140;5;220;city63;71;124;city246;423;181;city66;11;155;city202;388;468;city95;165;463;city297;405;83;city257
157;city215;408;443;city159;20;165;city249;255;328;city144;75;383;city265;225;435;city257;51;268;city152;388;384;city232;427;223;city261;257;245;city146;154;115;city127;13;58;city66;26;417;city277
133;city101;47;392;city132;180;205;city232;37;334;city211;27;473;city90;485;313;city108;419;385;city204;449;20;city121;56;327;city180;382;154;city154;340;309;city295;441;157;city253;428;353;city75;237;309;city125;384;121;city163
153;city116;29;176;city66;38;273;city166;339;200;city228;25;218;city75;322;166;city74;53;246;city123;359;244;city267;176;108;city95;271;174;city260;150;228;city86;34;366;city109;316;227;city161;209;204;city196;456;85;city89;349;304;city59;63;118;city262;317;330;city239;95;14;city71


174;city174;35;277;city147
158;city140;285;74;city126;143;244;city211

152;city231;480;381;city81;302;473;city234;497;413;city257;207;391;city264;474;483;city241;74;90;city225;421;50;city132;128;485;city244
163;city66;431;488;city102;167;491;city145;398;420;city195;22;318;city267;34;240;city246;266;279;city255;177;91;city122;112;443;city171;110;198;city258;494;417;city111
166;city72;58;462;city225;248;403;city135;215;60;city150;197;279;city119;253;234;city235;4;327;city178;68;29;city162;122;157;city164;324;294;city185
164;city291;202;54;city117;369;421;city161;409;342;city72
157;city215;408;443;city159;20;165;city249;255;328;city144;75;383;city265;225;435;city257;51;268;city152;388;384;city232;427;223;city261;257;245;city146;154;115;city127;13;58;city66;26;417;city277
150;city203;244;200;city227
155;city64;385;157;city201;21;351;city191;51;255;city105;264;183;city94;266;196;city271
164;city291;202;54;city117;369;421;city161;409;342;city72
161;city105;93;495;city248
173;city117;395;281;city113;453;324;city162
163;city66;431;488;city102;167;491;city145;398;420;city195;22;318;city267;34;240;city246;266;279;city255;177;91;city122;112;443;city171;110;198;city258;494;417;city111
167;city258;412;145;city239;98;305;city147;256;326;city97;246;345;city223;345;321;city262
150;city203;244;200;city227
157;city215;408;443;city159;20;165;city249;255;328;city144;75;383;city265;225;435;city257;51;268;city152;388;384;city232;427;223;city261;257;245;city146;154;115;city127;13;58;city66;26;417;city277
125;city214;396;219;city56;360;6;city140;5;220;city63;71;124;city246;423;181;city66;11;155;city202;388;468;city95;165;463;city297;405;83;city257
161;city105;93;495;city248
142;city168;350;342;city165;126;23;city285
133;city101;47;392;city132;180;205;city232;37;334;city211;27;473;city90;485;313;city108;419;385;city204;449;20;city121;56;327;city180;382;154;city154;340;309;city295;441;157;city253;428;353;city75;237;309;city125;384;121;city163
138;city127;395;459;city152;36;269;city130;45;466;city133;157;50;city82;457;80;city116;315;290;city114;277;372;city124;399;178;city100
165;city116;405;313;city134;250;95;city182;239;372;city285;493;448;city185;449;306;city230;303;305;city252;85;209;city80;65;34;city112
158;city140;285;74;city126;143;244;city211
164;city291;202;54;city117;369;421;city161;409;342;city72

152;city231;480;381;city81;302;473;city234;497;413;city257;207;391;city264;474;483;city241;74;90;city225;421;50;city132;128;485;city244
133;city101;47;392;city132;180;205;city232;37;334;city211;27;473;city90;485;313;city108;419;385;city204;449;20;city121;56;327;city180;382;154;city154;340;309;city295;441;157;city253;428;353;city75;237;309;city125;384;121;city163

157;city215;408;443;city159;20;165;city249;255;328;city144;75;383;city265;225;435;city257;51;268;city152;388;384;city232;427;223;city261;257;245;city146;154;115;city127;13;58;city66;26;417;city277

141;city226;247;183;city220;456;374;city217;245;413;city237;29;78;city95

132;city191;24;287;city193;99;165;city72;347;273;city149;48;266;city243;13;156;city89;401;168;city268;15;333;city233;484;451;city195;50;458;city68;206;465;city182

143;city217;37;417;city121;87;82;city153;440;82;city225
157;city215;408;443;city159;20;165;city249;255;328;city144;75;383;city265;225;435;city257;51;268;city152;388;384;city232;427;223;city261;257;245;city146;154;115;city127;13;58;city66;26;417;city277
139;city132;286;135;city178;13;282;city53;197;244;city272;185;9;city281;292;77;city115;356;113;city160
134;city109;92;319;city297;148;246;city255;396;336;city238;90;381;city293
164;city291;202;54;city117;369;421;city161;409;342;city72
143;city217;37;417;city121;87;82;city153;440;82;city225
141;city226;247;183;city220;456;374;city217;245;413;city237;29;78;city95
164;city291;202;54;city117;369;421;city161;409;342;city72
155;city64;385;157;city201;21;351;city191;51;255;city105;264;183;city94;266;196;city271
153;city116;29;176;city66;38;273;city166;339;200;city228;25;218;city75;322;166;city74;53;246;city123;359;244;city267;176;108;city95;271;174;city260;150;228;city86;34;366;city109;316;227;city161;209;204;city196;456;85;city89;349;304;city59;63;118;city262;317;330;city239;95;14;city71
173;city117;395;281;city113;453;324;city162
125;city214;396;219;city56;360;6;city140;5;220;city63;71;124;city246;423;181;city66;11;155;city202;388;468;city95;165;463;city297;405;83;city257
167;city258;412;145;city239;98;305;city147;256;326;city97;246;345;city223;345;321;city262
139;city132;286;135;city178;13;282;city53;197;244;city272;185;9;city281;292;77;city115;356;113;city160
163;city66;431;488;city102;167;491;city145;398;420;city195;22;318;city267;34;240;city246;266;279;city255;177;91;city122;112;443;city171;110;198;city258;494;417;city111

144;city232;188;402;city154;364;82;city219;314;11;city203;249;312;city163;100;459;city113;336;75;city135;371;489;city214
166;city72;58;462;city225;248;403;city135;215;60;city150;197;279;city119;253;234;city235;4;327;city178;68;29;city162;122;157;city164;324;294;city185
144;city232;188;402;city154;364;82;city219;314;11;city203;249;312;city163;100;459;city113;336;75;city135;371;489;city214
135;city171;49;334;city218;416;293;city54;346;415;city156;321;194;city290;289;135;city205;179;457;city221
148;city145;175;61;city296;471;429;city140;239;260;city77;127;495;city148;483;79;city205;495;152;city286;438;128;city82

139;city132;286;135;city178;13;282;city53;197;244;city272;185;9;city281;292;77;city115;356;113;city160
163;city66;431;488;city102;167;491;city145;398;420;city195;22;318;city267;34;240;city246;266;279;city255;177;91;city122;112;443;city171;110;198;city258;494;417;city111
143;city217;37;417;city121;87;82;city153;440;82;city225

152;city231;480;381;city81;302;473;city234;497;413;city257;207;391;city264;474;483;city241;74;90;city225;421;50;city132;128;485;city244
135;city171;49;334;city218;416;293;city54;346;415;city156;321;194;city290;289;135;city205;179;457;city221
158;city140;285;74;city126;143;244;city211
140;city198;240;179;city116;141;119;city209;205;165;city80;148;410;city225;290;215;city181;268;39;city50;12;303;city193;489;380;city175;376;199;city87;215;295;city255;380;191;city172;201;424;city135;172;144;city218;381;241;city93;372;372;city143;371;407;city122;336;366;city63;316;19;city236;317;256;city127
139;city132;286;135;city178;13;282;city53;197;244;city272;185;9;city281;292;77;city115;356;113;city160
154;city70;211;443;city274;139;129;city143;468;447;city258;354;12;city140;450;354;city291;82;460;city172;190;137;city61;459;487;city152;167;338;city211;434;56;city264;80;394;city119;46;35;city182;280;391;city51;111;239;city177;415;40;city253;423;122;city66;288;55;city64;202;300;city132
139;city132;286;135;city178;13;282;city53;197;244;city272;185;9;city281;292;77;city115;356;113;city160
153;city116;29;176;city66;38;273;city166;339;200;city228;25;218;city75;322;166;city74;53;246;city123;359;244;city267;176;108;city95;271;174;city260;150;228;city86;34;366;city109;316;227;city161;209;204;city196;456;85;city89;349;304;city59;63;118;city262;317;330;city239;95;14;city71
140;city198;240;179;city116;141;119;city209;205;165;city80;148;410;city225;290;215;city181;268;39;city50;12;303;city193;489;380;city175;376;199;city87;215;295;city255;380;191;city172;201;424;city135;172;144;city218;381;241;city93;372;372;city143;371;407;city122;336;366;city63;316;19;city236;317;256;city127
136;city79;283;71;city263
138;city127;395;459;city152;36;269;city130;45;466;city133;157;50;city82;457;80;city116;315;290;city114;277;372;city124;399;178;city100
139;city132;286;135;city178;13;282;city53;197;244;city272;185;9;city281;292;77;city115;356;113;city160
139;city132;286;135;city178;13;282;city53;197;244;city272;185;9;city281;292;77;city115;356;113;city160
159;city148;230;162;city163
158;city140;285;74;city126;143;244;city211
165;city116;405;313;city134;250;95;city182;239;372;city285;493;448;city185;449;306;city230;303;305;city252;85;209;city80;65;34;city112
134;city109;92;319;city297;148;246;city255;396;336;city238;90;381;city293
130;city56;91;375;city199;78;82;city86;283;227;city256;385;24;city221;115;188;city130
161;city105;93;495;city248
164;city291;202;54;city117;369;421;city161;409;342;city72
162;city265;253;365;city139;346;339;city159;201;217;city162;251;271;city274;496;217;city279;455;122;city64;443;436;city67;316;378;city168;104;355;city215;240;286;city198;143;338;city195;36;219;city292;51;55;city244;293;223;city223;161;354;city106;293;16;city148;265;245;city241;457;202;city127
157;city215;408;443;city159;20;165;city249;255;328;city144;75;383;city265;225;435;city257;51;268;city152;388;384;city232;427;223;city261;257;245;city146;154;115;city127;13;58;city66;26;417;city277
137;city106;412;27;city86;174;373;city253;379;355;city200;40;127;city157;270;466;city245
127;city144;354;212;city218;285;41;city77;180;235;city280;345;64;city102;211;210;city190;173;412;city220;280;196;city233;51;227;city128;72;147;city64;451;304;city290;156;454;city92;21;255;city109;129;445;city79;191;483;city293;448;177;city103
168;city184;121;278;city235;433;109;city229;209;170;city107;71;178;city162;297;422;city64;463;330;city250;491;45;city134;183;449;city238;132;47;city58;64;46;city227;499;213;city145;470;421;city155;151;378;city62;262;198;city277
170;city86;467;321;city185;122;449;city243;22;78;city90;117;500;city84;253;449;city169;45;211;city171;169;448;city108
165;city116;405;313;city134;250;95;city182;239;372;city285;493;448;city185;449;306;city230;303;305;city252;85;209;city80;65;34;city112
138;city127;395;459;city152;36;269;city130;45;466;city133;157;50;city82;457;80;city116;315;290;city114;277;372;city124;399;178;city100
153;city116;29;176;city66;38;273;city166;339;200;city228;25;218;city75;322;166;city74;53;246;city123;359;244;city267;176;108;city95;271;174;city260;150;228;city86;34;366;city109;316;227;city161;209;204;city196;456;85;city89;349;304;city59;63;118;city262;317;330;city239;95;14;city71

173;city117;395;281;city113;453;324;city162
138;city127;395;459;city152;36;269;city130;45;466;city133;157;50;city82;457;80;city116;315;290;city114;277;372;city124;399;178;city100

147;city269;230;245;city59;452;236;city265;353;8;city122;487;216;city276;405;369;city85;7;227;city225;222;66;city180;172;484;city238;224;350;city199;356;261;city123
170;city86;467;321;city185;122;449;city243;22;78;city90;117;500;city84;253;449;city169;45;211;city171;169;448;city108
141;city226;247;183;city220;456;374;city217;245;413;city237;29;78;city95
139;city132;286;135;city178;13;282;city53;197;244;city272;185;9;city281;292;77;city115;356;113;city160
139;city132;286;135;city178;13;282;city53;197;244;city272;185;9;city281;292;77;city115;356;113;city160
167;city258;412;145;city239;98;305;city147;256;326;city97;246;345;city223;345;321;city262
125;city214;396;219;city56;360;6;city140;5;220;city63;71;124;city246;423;181;city66;11;155;city202;388;468;city95;165;463;city297;405;83;city257
160;city59;202;55;city200;13;57;city94;363;365;city289;225;32;city128
150;city203;244;200;city227
151;city129;180;439;city267;328;41;city136;96;182;city256;254;2;city141;227;488;city107;262;240;city276;2;145;city295;415;356;city160;110;79;city146;404;110;city191;168;475;city177;188;4;city98;266;298;city168
153;city116;29;176;city66;38;273;city166;339;200;city228;25;218;city75;322;166;city74;53;246;city123;359;244;city267;176;108;city95;271;174;city260;150;228;city86;34;366;city109;316;227;city161;209;204;city196;456;85;city89;349;304;city59;63;118;city262;317;330;city239;95;14;city71
166;city72;58;462;city225;248;403;city135;215;60;city150;197;279;city119;253;234;city235;4;327;city178;68;29;city162;122;157;city164;324;294;city185

163;city66;431;488;city102;167;491;city145;398;420;city195;22;318;city267;34;240;city246;266;279;city255;177;91;city122;112;443;city171;110;198;city258;494;417;city111
165;city116;405;313;city134;250;95;city182;239;372;city285;493;448;city185;449;306;city230;303;305;city252;85;209;city80;65;34;city112
150;city203;244;200;city227
165;city116;405;313;city134;250;95;city182;239;372;city285;493;448;city185;449;306;city230;303;305;city252;85;209;city80;65;34;city112
156;city148;396;399;city251;120;67;city173;306;117;city276;99;375;city202;95;293;city165;374;459;city125;122;233;city206;352;2;city119;153;224;city52;68;340;city178
145;city222;30;408;city132;469;322;city199;409;229;city227;69;353;city131;169;320;city237;121;417;city166;336;161;city81;437;445;city209;47;165;city183;112;340;city137;386;18;city161;182;44;city57;114;32;city280;350;209;city118
130;city56;91;375;city199;78;82;city86;283;227;city256;385;24;city221;115;188;city130

153;city116;29;176;city66;38;273;city166;339;200;city228;25;218;city75;322;166;city74;53;246;city123;359;244;city267;176;108;city95;271;174;city260;150;228;city86;34;366;city109;316;227;city161;209;204;city196;456;85;city89;349;304;city59;63;118;city262;317;330;city239;95;14;city71
141;city226;247;183;city220;456;374;city217;245;413;city237;29;78;city95

168;city184;121;278;city235;433;109;city229;209;170;city107;71;178;city162;297;422;city64;463;330;city250;491;45;city134;183;449;city238;132;47;city58;64;46;city227;499;213;city145;470;421;city155;151;378;city62;262;198;city277
148;city145;175;61;city296;471;429;city140;239;260;city77;127;495;city148;483;79;city205;495;152;city286;438;128;city82
157;city215;408;443;city159;20;165;city249;255;328;city144;75;383;city265;225;435;city257;51;268;city152;388;384;city232;427;223;city261;257;245;city146;154;115;city127;13;58;city66;26;417;city277
143;city217;37;417;city121;87;82;city153;440;82;city225
136;city79;283;71;city263
152;city231;480;381;city81;302;473;city234;497;413;city257;207;391;city264;474;483;city241;74;90;city225;421;50;city132;128;485;city244

148;city145;175;61;city296;471;429;city140;239;260;city77;127;495;city148;483;79;city205;495;152;city286;438;128;city82
161;city105;93;495;city248
172;city56;180;364;city131;225;257;city141
154;city70;211;443;city274;139;129;city143;468;447;city258;354;12;city140;450;354;city291;82;460;city172;190;137;city61;459;487;city152;167;338;city211;434;56;city264;80;394;city119;46;35;city182;280;391;city51;111;239;city177;415;40;city253;423;122;city66;288;55;city64;202;300;city132
174;city174;35;277;city147
125;city214;396;219;city56;360;6;city140;5;220;city63;71;124;city246;423;181;city66;11;155;city202;388;468;city95;165;463;city297;405;83;city257
135;city171;49;334;city218;416;293;city54;346;415;city156;321;194;city290;289;135;city205;179;457;city221
164;city291;202;54;city117;369;421;city161;409;342;city72
146;city131;435;72;city64;131;277;city193;134;357;city248;31;213;city53
154;city70;211;443;city274;139;129;city143;468;447;city258;354;12;city140;450;354;city291;82;460;city172;190;137;city61;459;487;city152;167;338;city211;434;56;city264;80;394;city119;46;35;city182;280;391;city51;111;239;city177;415;40;city253;423;122;city66;288;55;city64;202;300;city132
164;city291;202;54;city117;369;421;city161;409;342;city72
151;city129;180;439;city267;328;41;city136;96;182;city256;254;2;city141;227;488;city107;262;240;city276;2;145;city295;415;356;city160;110;79;city146;404;110;city191;168;475;city177;188;4;city98;266;298;city168
138;city127;395;459;city152;36;269;city130;45;466;city133;157;50;city82;457;80;city116;315;290;city114;277;372;city124;399;178;city100

130;city56;91;375;city199;78;82;city86;283;227;city256;385;24;city221;115;188;city130
157;city215;408;443;city159;20;165;city249;255;328;city144;75;383;city265;225;435;city257;51;268;city152;388;384;city232;427;223;city261;257;245;city146;154;115;city127;13;58;city66;26;417;city277
164;city291;202;54;city117;369;421;city161;409;342;city72
140;city198;240;179;city116;141;119;city209;205;165;city80;148;410;city225;290;215;city181;268;39;city50;12;303;city193;489;380;city175;376;199;city87;215;295;city255;380;191;city172;201;424;city135;172;144;city218;381;241;city93;372;372;city143;371;407;city122;336;366;city63;316;19;city236;317;256;city127
134;city109;92;319;city297;148;246;city255;396;336;city238;90;381;city293
151;city129;180;439;city267;328;41;city136;96;182;city256;254;2;city141;227;488;city107;262;240;city276;2;145;city295;415;356;city160;110;79;city146;404;110;city191;168;475;city177;188;4;city98;266;298;city168
146;city131;435;72;city64;131;277;city193;134;357;city248;31;213;city53
167;city258;412;145;city239;98;305;city147;256;326;city97;246;345;city223;345;321;city262
174;city174;35;277;city147
166;city72;58;462;city225;248;403;city135;215;60;city150;197;279;city119;253;234;city235;4;327;city178;68;29;city162;122;157;city164;324;294;city185
167;city258;412;145;city239;98;305;city147;256;326;city97;246;345;city223;345;321;city262
163;city66;431;488;city102;167;491;city145;398;420;city195;22;318;city267;34;240;city246;266;279;city255;177;91;city122;112;443;city171;110;198;city258;494;417;city111
151;city129;180;439;city267;328;41;city136;96;182;city256;254;2;city141;227;488;city107;262;240;city276;2;145;city295;415;356;city160;110;79;city146;404;110;city191;168;475;city177;188;4;city98;266;298;city168
172;city56;180;364;city131;225;257;city141
141;city226;247;183;city220;456;374;city217;245;413;city237;29;78;city95
172;city56;180;364;city131;225;257;city141
142;city168;350;342;city165;126;23;city285
130;city56;91;375;city199;78;82;city86;283;227;city256;385;24;city221;115;188;city130
165;city116;405;313;city134;250;95;city182;239;372;city285;493;448;city185;449;306;city230;303;305;city252;85;209;city80;65;34;city112
131;city213;167;252;city86;164;412;city100;271;355;city292

164;city291;202;54;city117;369;421;city161;409;342;city72
130;city56;91;375;city199;78;82;city86;283;227;city256;385;24;city221;115;188;city130
170;city86;467;321;city185;122;449;city243;22;78;city90;117;500;city84;253;449;city169;45;211;city171;169;448;city108
131;city213;167;252;city86;164;412;city100;271;355;city292
136;city79;283;71;city263
157;city215;408;443;city159;20;165;city249;255;328;city144;75;383;city265;225;435;city257;51;268;city152;388;384;city232;427;223;city261;257;245;city146;154;115;city127;13;58;city66;26;417;city277
164;city291;202;54;city117;369;421;city161;409;342;city72
134;city109;92;319;city297;148;246;city255;396;336;city238;90;381;city293
162;city265;253;365;city139;346;339;city159;201;217;city162;251;271;city274;496;217;city279;455;122;city64;443;436;city67;316;378;city168;104;355;city215;240;286;city198;143;338;city195;36;219;city292;51;55;city244;293;223;city223;161;354;city106;293;16;city148;265;245;city241;457;202;city127
164;city291;202;54;city117;369;421;city161;409;342;city72

154;city70;211;443;city274;139;129;city143;468;447;city258;354;12;city140;450;354;city291;82;460;city172;190;137;city61;459;487;city152;167;338;city211;434;56;city264;80;394;city119;46;35;city182;280;391;city51;111;239;city177;415;40;city253;423;122;city66;288;55;city64;202;300;city132
172;city56;180;364;city131;225;257;city141
129;city229;494;249;city296;343;162;city184
131;city213;167;252;city86;164;412;city100;271;355;city292
136;city79;283;71;city263
132;city191;24;287;city193;99;165;city72;347;273;city149;48;266;city243;13;156;city89;401;168;city268;15;333;city233;484;451;city195;50;458;city68;206;465;city182
174;city174;35;277;city147
