ERROR 5
ERROR 6
ERROR 16
ERROR 22
ERROR 23
ERROR 24
ERROR 26
ERROR 35
ERROR 36
ERROR 40
ERROR 41
ERROR 43
ERROR 45
ERROR 47
ERROR 48
ERROR 60
ERROR 61
ERROR 64
ERROR 73
ERROR 76
ERROR 80
ERROR 81
ERROR 83
ERROR 90
ERROR 92
ERROR 102
ERROR 103
ERROR 106
ERROR 107
ERROR 108
ERROR 110
ERROR 113
ERROR 115
ERROR 116
ERROR 117
ERROR 119
ERROR 120
ERROR 121
ERROR 125
ERROR 128
ERROR 131
ERROR 132
ERROR 134
ERROR 136
ERROR 139
ERROR 144
ERROR 146
ERROR 147
ERROR 148
ERROR 149
ERROR 150
ERROR 152
ERROR 159
ERROR 162
ERROR 167
ERROR 169
ERROR 172
ERROR 174
ERROR 177
ERROR 179
ERROR 184
ERROR 186
ERROR 187
ERROR 188
ERROR 192
ERROR 194
ERROR 197
ERROR 202
ERROR 206
ERROR 208
ERROR 211
ERROR 212
ERROR 213
ERROR 216
ERROR 218
ERROR 224
ERROR 225
ERROR 229
ERROR 230
ERROR 234
ERROR 240
ERROR 242
ERROR 244
ERROR 246
ERROR 247
ERROR 248
ERROR 251
ERROR 256
ERROR 258
ERROR 262
ERROR 268
ERROR 277
ERROR 279
ERROR 283
ERROR 286
ERROR 291
ERROR 292
ERROR 305
ERROR 309
ERROR 314
ERROR 316
ERROR 317
ERROR 322
ERROR 325
ERROR 328
ERROR 330
ERROR 332
ERROR 334
ERROR 335
ERROR 339
ERROR 342
ERROR 343
ERROR 344
ERROR 350
ERROR 352
ERROR 353
ERROR 354
ERROR 360
ERROR 361
ERROR 363
ERROR 365
ERROR 366
ERROR 367
ERROR 368
ERROR 371
ERROR 374
ERROR 375
ERROR 377
ERROR 378
ERROR 379
ERROR 382
ERROR 385
ERROR 386
ERROR 387
ERROR 388
ERROR 389
ERROR 390
ERROR 395
ERROR 396
ERROR 397
ERROR 398
ERROR 400
ERROR 403
ERROR 405
ERROR 407
ERROR 408
ERROR 409
ERROR 410
ERROR 414
ERROR 415
ERROR 420
ERROR 423
ERROR 430
ERROR 432
ERROR 433
ERROR 438
ERROR 442
ERROR 446
ERROR 448
ERROR 451
ERROR 452
ERROR 455
ERROR 459
ERROR 460
ERROR 461
ERROR 462
ERROR 466
ERROR 467
ERROR 469
ERROR 470
ERROR 471
ERROR 474
ERROR 478
ERROR 479
ERROR 484
ERROR 486
ERROR 488
ERROR 490
ERROR 491
ERROR 497
ERROR 498
ERROR 502
ERROR 503
ERROR 504
ERROR 508
ERROR 510
ERROR 512
ERROR 513
ERROR 516
ERROR 519
ERROR 520
ERROR 521
ERROR 522
ERROR 523
ERROR 528
ERROR 532
ERROR 538
ERROR 543
ERROR 545
ERROR 547
ERROR 552
ERROR 554
ERROR 557
ERROR 560
ERROR 562
ERROR 563
ERROR 564
ERROR 565
ERROR 571
ERROR 573
ERROR 575
ERROR 577
ERROR 579
ERROR 580
ERROR 581
ERROR 587
ERROR 589
ERROR 590
ERROR 595
ERROR 596
ERROR 598
ERROR 601
ERROR 608
ERROR 609
ERROR 613
ERROR 615
ERROR 616
ERROR 621
ERROR 624
ERROR 625
ERROR 627
ERROR 630
ERROR 631
ERROR 633
ERROR 634
ERROR 636
ERROR 637
ERROR 639
ERROR 641
ERROR 642
ERROR 643
ERROR 646
ERROR 647
ERROR 648
ERROR 649
ERROR 651
ERROR 655
ERROR 656
ERROR 657
ERROR 659
ERROR 661
ERROR 663
ERROR 665
ERROR 666
ERROR 670
ERROR 673
ERROR 674
ERROR 675
ERROR 676
ERROR 678
ERROR 682
ERROR 684
ERROR 685
ERROR 688
ERROR 691
ERROR 692
ERROR 694
ERROR 695
ERROR 697
ERROR 698
ERROR 699
ERROR 701
ERROR 702
ERROR 706
ERROR 707
ERROR 708
ERROR 709
ERROR 710
ERROR 712
ERROR 713
ERROR 717
ERROR 720
ERROR 726
ERROR 729
ERROR 730
ERROR 731
ERROR 733
ERROR 734
ERROR 735
ERROR 736
ERROR 737
ERROR 741
ERROR 742
ERROR 743
ERROR 745
ERROR 748
ERROR 749
ERROR 750
ERROR 751
ERROR 752
ERROR 753
ERROR 754
ERROR 756
ERROR 760
ERROR 762
ERROR 764
ERROR 765
ERROR 767
ERROR 768
ERROR 771
ERROR 772
ERROR 773
ERROR 777
ERROR 778
ERROR 781
ERROR 783
ERROR 788
ERROR 790
ERROR 794
ERROR 795
ERROR 796
ERROR 799
ERROR 800
ERROR 801
ERROR 802
ERROR 810
ERROR 813
ERROR 816
ERROR 818
ERROR 819
ERROR 821
ERROR 822
ERROR 824
ERROR 829
ERROR 830
ERROR 837
ERROR 838
ERROR 839
ERROR 840
ERROR 842
ERROR 844
ERROR 846
ERROR 851
ERROR 852
ERROR 858
ERROR 859
ERROR 860
ERROR 862
ERROR 863
ERROR 865
ERROR 866
ERROR 867
ERROR 868
ERROR 873
ERROR 874
ERROR 878
ERROR 882
ERROR 884
ERROR 885
ERROR 889
ERROR 892
ERROR 893
ERROR 894
ERROR 895
ERROR 896
ERROR 897
ERROR 898
ERROR 899
ERROR 900
ERROR 901
ERROR 903
ERROR 905
ERROR 906
ERROR 907
ERROR 910
ERROR 911
ERROR 913
ERROR 919
ERROR 923
ERROR 925
ERROR 926
ERROR 927
ERROR 928
ERROR 933
ERROR 935
ERROR 936
ERROR 939
ERROR 941
ERROR 946
ERROR 950
ERROR 952
ERROR 953
ERROR 955
ERROR 957
ERROR 958
ERROR 959
ERROR 961
ERROR 962
ERROR 963
ERROR 967
ERROR 969
ERROR 970
ERROR 972
ERROR 975
ERROR 976
ERROR 979
ERROR 982
ERROR 983
ERROR 984
ERROR 985
ERROR 986
ERROR 991
ERROR 992
ERROR 993
ERROR 994
ERROR 999
ERROR 1003
ERROR 1004
ERROR 1005
ERROR 1009
ERROR 1012
ERROR 1013
ERROR 1014
ERROR 1015
ERROR 1016
ERROR 1020
ERROR 1024
ERROR 1027
ERROR 1028
ERROR 1031
ERROR 1032
ERROR 1033
ERROR 1036
ERROR 1037
ERROR 1038
ERROR 1040
ERROR 1041
ERROR 1042
ERROR 1043
ERROR 1045
ERROR 1046
ERROR 1051
ERROR 1052
ERROR 1055
ERROR 1058
ERROR 1060
ERROR 1061
ERROR 1062
ERROR 1063
ERROR 1064
ERROR 1066
ERROR 1067
ERROR 1069
ERROR 1071
ERROR 1072
ERROR 1075
ERROR 1077
ERROR 1078
ERROR 1080
ERROR 1083
ERROR 1084
ERROR 1087
ERROR 1089
ERROR 1090
ERROR 1092
ERROR 1093
ERROR 1096
ERROR 1097
ERROR 1100
ERROR 1103
ERROR 1107
ERROR 1109
ERROR 1110
ERROR 1111
ERROR 1112
ERROR 1114
ERROR 1115
ERROR 1116
ERROR 1117
ERROR 1118
ERROR 1119
ERROR 1120
ERROR 1121
ERROR 1124
ERROR 1128
ERROR 1130
ERROR 1131
ERROR 1133
ERROR 1134
ERROR 1136
ERROR 1138
ERROR 1140
ERROR 1141
ERROR 1145
ERROR 1149
ERROR 1150
ERROR 1152
ERROR 1153
ERROR 1157
ERROR 1161
ERROR 1163
ERROR 1165
ERROR 1167
ERROR 1169
ERROR 1170
ERROR 1173
ERROR 1175
ERROR 1176
ERROR 1177
ERROR 1179
ERROR 1181
ERROR 1182
ERROR 1183
ERROR 1184
ERROR 1186
ERROR 1187
ERROR 1191
ERROR 1193
ERROR 1194
ERROR 1195
ERROR 1197
ERROR 1199
ERROR 1200
ERROR 1202
ERROR 1204
ERROR 1205
ERROR 1208
ERROR 1209
ERROR 1210
ERROR 1211
ERROR 1214
ERROR 1216
ERROR 1217
ERROR 1218
ERROR 1220
ERROR 1221
ERROR 1222
ERROR 1223
ERROR 1224
ERROR 1225
ERROR 1227
ERROR 1228
ERROR 1229
ERROR 1230
ERROR 1231
ERROR 1233
ERROR 1237
ERROR 1238
ERROR 1239
ERROR 1240
ERROR 1241
ERROR 1242
ERROR 1244
ERROR 1246
ERROR 1249
ERROR 1251
ERROR 1252
ERROR 1253
ERROR 1257
ERROR 1260
ERROR 1263
ERROR 1264
ERROR 1265
ERROR 1266
ERROR 1267
ERROR 1269
ERROR 1271
ERROR 1273
ERROR 1274
ERROR 1275
ERROR 1276
ERROR 1277
ERROR 1280
ERROR 1282
ERROR 1283
ERROR 1285
ERROR 1286
ERROR 1287
ERROR 1289
ERROR 1290
ERROR 1292
ERROR 1296
ERROR 1299
ERROR 1300
ERROR 1301
ERROR 1303
ERROR 1305
ERROR 1309
ERROR 1312
ERROR 1314
ERROR 1315
ERROR 1320
ERROR 1321
ERROR 1322
ERROR 1325
ERROR 1326
ERROR 1327
ERROR 1328
ERROR 1330
ERROR 1332
ERROR 1333
ERROR 1334
ERROR 1336
ERROR 1337
ERROR 1340
ERROR 1344
ERROR 1346
ERROR 1347
ERROR 1348
ERROR 1350
ERROR 1352
ERROR 1356
ERROR 1359
ERROR 1360
ERROR 1364
ERROR 1365
ERROR 1366
ERROR 1369
ERROR 1370
ERROR 1372
ERROR 1374
ERROR 1375
ERROR 1376
ERROR 1377
ERROR 1379
ERROR 1380
ERROR 1381
ERROR 1383
ERROR 1384
ERROR 1385
ERROR 1386
ERROR 1391
ERROR 1392
ERROR 1395
ERROR 1396
ERROR 1397
ERROR 1402
ERROR 1405
ERROR 1409
ERROR 1410
ERROR 1411
ERROR 1417
ERROR 1418
ERROR 1419
ERROR 1420
ERROR 1421
ERROR 1425
ERROR 1426
ERROR 1428
ERROR 1430
ERROR 1432
ERROR 1434
ERROR 1435
ERROR 1436
ERROR 1438
ERROR 1439
ERROR 1441
ERROR 1442
ERROR 1445
ERROR 1447
ERROR 1449
ERROR 1450
ERROR 1455
ERROR 1457
ERROR 1459
ERROR 1460
ERROR 1462
ERROR 1463
ERROR 1464
ERROR 1465
ERROR 1466
ERROR 1467
ERROR 1469
ERROR 1471
ERROR 1473
ERROR 1474
ERROR 1480
ERROR 1484
ERROR 1485
ERROR 1491
ERROR 1493
ERROR 1494
ERROR 1496
ERROR 1497
ERROR 1498
ERROR 1499
ERROR 1501
ERROR 1502
ERROR 1503
ERROR 1505
ERROR 1506
ERROR 1508
ERROR 1509
ERROR 1512
ERROR 1513
ERROR 1519
ERROR 1520
ERROR 1524
ERROR 1526
ERROR 1529
ERROR 1532
ERROR 1536
ERROR 1538
ERROR 1547
ERROR 1548
ERROR 1549
ERROR 1552
ERROR 1556
ERROR 1558
ERROR 1560
ERROR 1561
ERROR 1562
ERROR 1564
ERROR 1565
ERROR 1567
ERROR 1568
ERROR 1570
ERROR 1573
ERROR 1574
ERROR 1576
ERROR 1578
ERROR 1579
ERROR 1580
ERROR 1582
ERROR 1584
ERROR 1585
ERROR 1586
ERROR 1587
ERROR 1589
ERROR 1591
ERROR 1593
ERROR 1599
ERROR 1604
ERROR 1607
ERROR 1611
ERROR 1613
ERROR 1616
ERROR 1622
ERROR 1626
ERROR 1629
ERROR 1630
ERROR 1631
ERROR 1633
ERROR 1634
ERROR 1635
ERROR 1638
ERROR 1639
ERROR 1643
ERROR 1644
ERROR 1645
ERROR 1649
ERROR 1651
ERROR 1652
ERROR 1653
ERROR 1654
ERROR 1655
ERROR 1656
ERROR 1659
ERROR 1660
ERROR 1667
ERROR 1668
ERROR 1669
ERROR 1673
ERROR 1674
ERROR 1676
ERROR 1677
ERROR 1682
ERROR 1688
ERROR 1695
ERROR 1696
ERROR 1701
ERROR 1704
ERROR 1705
ERROR 1706
ERROR 1710
ERROR 1711
ERROR 1714
ERROR 1715
ERROR 1717
ERROR 1720
ERROR 1721
ERROR 1725
ERROR 1726
ERROR 1727
ERROR 1728
ERROR 1732
ERROR 1733
ERROR 1738
ERROR 1740
ERROR 1742
ERROR 1743
ERROR 1745
ERROR 1746
ERROR 1748
ERROR 1750
ERROR 1754
ERROR 1755
ERROR 1756
ERROR 1757
ERROR 1760
ERROR 1762
ERROR 1763
ERROR 1764
ERROR 1766
ERROR 1768
ERROR 1770
ERROR 1772
ERROR 1773
ERROR 1775
ERROR 1779
ERROR 1781
ERROR 1782
ERROR 1783
ERROR 1784
ERROR 1785
ERROR 1788
ERROR 1789
ERROR 1791
ERROR 1792
ERROR 1794
ERROR 1795
ERROR 1798
ERROR 1799
ERROR 1801
ERROR 1805
ERROR 1807
ERROR 1809
ERROR 1814
ERROR 1815
ERROR 1820
ERROR 1821
ERROR 1825
ERROR 1827
ERROR 1828
ERROR 1829
ERROR 1834
ERROR 1835
ERROR 1836
ERROR 1840
ERROR 1841
ERROR 1845
ERROR 1846
ERROR 1850
ERROR 1854
ERROR 1855
ERROR 1856
ERROR 1857
ERROR 1858
ERROR 1859
ERROR 1861
ERROR 1862
ERROR 1863
ERROR 1865
ERROR 1867
ERROR 1868
ERROR 1871
