ERROR 8
ERROR 10
ERROR 11
ERROR 16
ERROR 17
ERROR 24
ERROR 30
ERROR 31
ERROR 32
ERROR 33
ERROR 34
ERROR 38
ERROR 42
ERROR 46
ERROR 52
ERROR 53
ERROR 54
ERROR 55
ERROR 56
ERROR 61
ERROR 63
ERROR 65
ERROR 66
ERROR 69
ERROR 70
ERROR 71
ERROR 72
ERROR 74
ERROR 76
ERROR 77
ERROR 79
ERROR 80
ERROR 81
ERROR 86
ERROR 91
ERROR 93
ERROR 94
ERROR 98
ERROR 100
ERROR 101
ERROR 103
ERROR 104
ERROR 106
ERROR 114
ERROR 115
ERROR 116
ERROR 119
ERROR 120
ERROR 121
ERROR 124
ERROR 125
ERROR 126
ERROR 127
ERROR 129
ERROR 130
ERROR 138
ERROR 140
ERROR 141
ERROR 145
ERROR 147
ERROR 150
ERROR 154
ERROR 164
ERROR 168
ERROR 170
ERROR 171
ERROR 173
ERROR 174
ERROR 175
ERROR 176
ERROR 181
ERROR 182
ERROR 184
ERROR 191
ERROR 201
ERROR 203
ERROR 204
ERROR 205
ERROR 209
ERROR 212
ERROR 215
ERROR 216
ERROR 218
ERROR 219
ERROR 221
ERROR 222
ERROR 225
ERROR 226
ERROR 229
ERROR 232
ERROR 233
ERROR 234
ERROR 236
ERROR 238
ERROR 239
ERROR 241
ERROR 243
ERROR 244
ERROR 247
ERROR 248
ERROR 250
ERROR 252
ERROR 253
ERROR 254
ERROR 258
ERROR 268
ERROR 271
ERROR 274
ERROR 276
ERROR 277
ERROR 279
ERROR 281
ERROR 282
ERROR 284
ERROR 285
ERROR 286
ERROR 287
ERROR 288
ERROR 289
ERROR 291
ERROR 298
ERROR 299
ERROR 301
ERROR 302
ERROR 303
ERROR 304
ERROR 305
ERROR 307
ERROR 309
ERROR 310
ERROR 312
ERROR 315
ERROR 316
ERROR 317
ERROR 319
ERROR 321
ERROR 323
ERROR 327
ERROR 328
ERROR 329
ERROR 332
ERROR 333
ERROR 334
ERROR 338
ERROR 339
ERROR 340
ERROR 341
ERROR 343
ERROR 344
ERROR 345
ERROR 347
ERROR 349
ERROR 350
ERROR 352
ERROR 357
ERROR 360
ERROR 361
ERROR 365
ERROR 366
ERROR 368
ERROR 369
ERROR 371
ERROR 373
ERROR 374
ERROR 375
ERROR 376
ERROR 377
ERROR 378
ERROR 380
ERROR 382
ERROR 385
ERROR 388
ERROR 389
ERROR 391
ERROR 393
ERROR 395
ERROR 396
ERROR 398
ERROR 399
ERROR 401
ERROR 402
ERROR 403
ERROR 404
ERROR 406
ERROR 409
ERROR 410
ERROR 414
ERROR 415
ERROR 421
ERROR 422
ERROR 424
ERROR 428
ERROR 429
ERROR 432
ERROR 433
ERROR 434
ERROR 435
ERROR 436
ERROR 439
ERROR 440
ERROR 442
ERROR 444
ERROR 446
ERROR 447
ERROR 448
ERROR 449
ERROR 451
ERROR 452
ERROR 453
ERROR 454
ERROR 455
ERROR 456
ERROR 458
ERROR 459
ERROR 464
ERROR 466
ERROR 467
ERROR 468
ERROR 470
ERROR 471
ERROR 472
ERROR 474
ERROR 476
ERROR 477
ERROR 478
ERROR 479
ERROR 485
ERROR 488
ERROR 490
ERROR 494
ERROR 495
ERROR 497
ERROR 499
ERROR 500
ERROR 502
ERROR 505
ERROR 506
ERROR 509
ERROR 511
ERROR 515
ERROR 516
ERROR 518
ERROR 520
ERROR 521
ERROR 522
ERROR 524
ERROR 525
ERROR 526
ERROR 528
ERROR 529
ERROR 530
ERROR 532
ERROR 533
ERROR 536
ERROR 537
ERROR 541
ERROR 542
ERROR 544
ERROR 548
ERROR 549
ERROR 551
ERROR 552
ERROR 555
ERROR 557
ERROR 558
ERROR 559
ERROR 563
ERROR 564
ERROR 569
ERROR 571
ERROR 573
ERROR 575
ERROR 577
ERROR 578
ERROR 579
ERROR 587
ERROR 591
ERROR 592
ERROR 593
ERROR 596
ERROR 599
ERROR 600
ERROR 602
ERROR 604
ERROR 605
ERROR 607
ERROR 611
ERROR 613
ERROR 616
ERROR 617
ERROR 618
ERROR 620
ERROR 621
ERROR 624
ERROR 626
ERROR 627
ERROR 631
ERROR 632
ERROR 634
ERROR 636
ERROR 639
ERROR 640
ERROR 642
ERROR 645
ERROR 650
ERROR 651
ERROR 652
ERROR 653
ERROR 654
ERROR 655
ERROR 657
ERROR 658
ERROR 659
ERROR 662
ERROR 664
ERROR 668
ERROR 669
ERROR 670
ERROR 672
ERROR 676
ERROR 681
ERROR 684
ERROR 685
ERROR 686
ERROR 687
ERROR 688
ERROR 690
ERROR 693
ERROR 695
ERROR 697
ERROR 698
ERROR 699
ERROR 700
ERROR 701
ERROR 702
ERROR 703
ERROR 704
ERROR 705
ERROR 708
ERROR 710
ERROR 711
ERROR 712
ERROR 713
ERROR 714
ERROR 715
ERROR 716
ERROR 717
ERROR 721
ERROR 724
ERROR 725
ERROR 726
ERROR 727
ERROR 730
ERROR 733
ERROR 736
ERROR 739
ERROR 740
ERROR 742
ERROR 743
ERROR 746
ERROR 751
ERROR 753
ERROR 754
ERROR 755
ERROR 756
ERROR 757
ERROR 758
ERROR 760
ERROR 761
ERROR 762
ERROR 763
ERROR 767
ERROR 768
ERROR 770
ERROR 772
ERROR 773
ERROR 774
ERROR 776
ERROR 777
ERROR 780
ERROR 782
ERROR 783
ERROR 785
ERROR 786
ERROR 787
ERROR 789
ERROR 790
ERROR 791
ERROR 792
ERROR 794
ERROR 795
ERROR 796
ERROR 804
ERROR 806
ERROR 807
ERROR 811
ERROR 812
ERROR 815
ERROR 816
ERROR 817
ERROR 818
ERROR 819
ERROR 820
ERROR 821
ERROR 824
ERROR 825
ERROR 828
ERROR 832
ERROR 833
ERROR 835
ERROR 836
ERROR 837
ERROR 844
ERROR 846
ERROR 850
ERROR 851
ERROR 853
ERROR 856
ERROR 857
ERROR 858
ERROR 862
ERROR 864
ERROR 867
ERROR 870
ERROR 871
ERROR 873
ERROR 874
ERROR 877
ERROR 878
ERROR 879
ERROR 880
ERROR 882
ERROR 883
ERROR 886
ERROR 887
ERROR 890
ERROR 891
ERROR 893
ERROR 894
ERROR 896
ERROR 898
ERROR 900
ERROR 902
ERROR 903
ERROR 906
ERROR 907
ERROR 908
ERROR 913
ERROR 917
ERROR 919
ERROR 921
ERROR 923
ERROR 926
ERROR 927
ERROR 930
ERROR 932
ERROR 933
ERROR 934
ERROR 936
ERROR 937
ERROR 938
ERROR 940
ERROR 941
ERROR 943
ERROR 944
ERROR 945
ERROR 948
ERROR 949
ERROR 951
ERROR 956
ERROR 957
ERROR 961
ERROR 962
ERROR 964
ERROR 966
ERROR 967
ERROR 970
ERROR 971
ERROR 973
ERROR 976
ERROR 977
ERROR 979
ERROR 985
ERROR 988
ERROR 989
ERROR 990
ERROR 993
ERROR 994
ERROR 995
ERROR 997
ERROR 998
ERROR 1001
ERROR 1003
ERROR 1005
ERROR 1006
ERROR 1007
ERROR 1010
ERROR 1011
ERROR 1014
ERROR 1018
ERROR 1021
ERROR 1022
ERROR 1023
ERROR 1026
ERROR 1027
ERROR 1031
ERROR 1032
ERROR 1033
ERROR 1035
ERROR 1036
ERROR 1044
ERROR 1046
ERROR 1048
ERROR 1051
ERROR 1052
ERROR 1054
ERROR 1055
ERROR 1056
ERROR 1057
ERROR 1058
ERROR 1060
ERROR 1063
ERROR 1064
ERROR 1065
ERROR 1066
ERROR 1067
ERROR 1072
ERROR 1074
ERROR 1075
ERROR 1077
ERROR 1079
ERROR 1081
ERROR 1082
ERROR 1084
ERROR 1088
ERROR 1090
ERROR 1091
ERROR 1092
ERROR 1100
ERROR 1102
ERROR 1105
ERROR 1106
ERROR 1107
ERROR 1108
ERROR 1110
ERROR 1114
ERROR 1115
ERROR 1116
ERROR 1117
ERROR 1122
ERROR 1123
ERROR 1124
ERROR 1125
ERROR 1127
ERROR 1128
ERROR 1129
ERROR 1130
ERROR 1135
ERROR 1136
ERROR 1140
ERROR 1141
ERROR 1142
ERROR 1143
ERROR 1144
ERROR 1145
ERROR 1152
ERROR 1153
ERROR 1154
ERROR 1155
ERROR 1159
ERROR 1160
ERROR 1161
ERROR 1163
ERROR 1164
ERROR 1165
ERROR 1166
ERROR 1169
ERROR 1170
ERROR 1171
ERROR 1175
ERROR 1180
ERROR 1182
ERROR 1183
ERROR 1189
ERROR 1193
ERROR 1194
ERROR 1197
ERROR 1200
ERROR 1202
ERROR 1204
ERROR 1206
ERROR 1208
ERROR 1210
ERROR 1211
ERROR 1213
ERROR 1215
ERROR 1217
ERROR 1218
ERROR 1222
ERROR 1223
ERROR 1224
ERROR 1225
ERROR 1226
ERROR 1227
ERROR 1230
ERROR 1231
ERROR 1233
ERROR 1236
ERROR 1237
ERROR 1238
ERROR 1239
ERROR 1240
ERROR 1245
ERROR 1249
ERROR 1252
ERROR 1253
ERROR 1254
ERROR 1255
ERROR 1260
ERROR 1265
ERROR 1266
ERROR 1267
ERROR 1270
ERROR 1272
ERROR 1276
ERROR 1278
ERROR 1280
ERROR 1282
ERROR 1283
ERROR 1284
ERROR 1285
ERROR 1286
ERROR 1288
ERROR 1289
ERROR 1290
ERROR 1291
ERROR 1293
ERROR 1294
ERROR 1296
ERROR 1305
ERROR 1310
ERROR 1311
ERROR 1312
ERROR 1315
ERROR 1316
ERROR 1317
ERROR 1318
ERROR 1319
ERROR 1320
ERROR 1321
ERROR 1322
ERROR 1324
ERROR 1325
ERROR 1328
ERROR 1330
ERROR 1332
ERROR 1333
ERROR 1334
ERROR 1335
ERROR 1339
ERROR 1340
ERROR 1342
ERROR 1343
ERROR 1345
ERROR 1347
ERROR 1348
ERROR 1350
ERROR 1351
ERROR 1353
ERROR 1354
ERROR 1357
ERROR 1358
ERROR 1359
ERROR 1360
ERROR 1361
ERROR 1362
ERROR 1363
ERROR 1364
ERROR 1365
ERROR 1366
ERROR 1368
ERROR 1370
ERROR 1371
ERROR 1373
ERROR 1374
ERROR 1379
ERROR 1380
ERROR 1381
ERROR 1383
ERROR 1388
ERROR 1389
ERROR 1391
ERROR 1393
ERROR 1394
ERROR 1397
ERROR 1398
ERROR 1399
ERROR 1404
ERROR 1408
ERROR 1409
ERROR 1411
ERROR 1413
ERROR 1417
ERROR 1418
ERROR 1419
ERROR 1421
ERROR 1425
ERROR 1426
ERROR 1427
ERROR 1430
ERROR 1431
ERROR 1432
ERROR 1436
ERROR 1437
ERROR 1438
ERROR 1439
ERROR 1440
ERROR 1441
ERROR 1442
ERROR 1445
ERROR 1447
ERROR 1448
ERROR 1449
ERROR 1450
ERROR 1451
ERROR 1454
ERROR 1461
ERROR 1463
ERROR 1464
ERROR 1466
ERROR 1469
ERROR 1472
ERROR 1473
ERROR 1475
ERROR 1477
ERROR 1478
ERROR 1479
ERROR 1482
ERROR 1484
ERROR 1485
ERROR 1486
ERROR 1491
ERROR 1492
ERROR 1493
ERROR 1499
ERROR 1500
ERROR 1501
ERROR 1503
ERROR 1510
ERROR 1512
ERROR 1516
ERROR 1518
ERROR 1520
ERROR 1521
ERROR 1522
ERROR 1523
ERROR 1524
ERROR 1527
ERROR 1531
ERROR 1532
ERROR 1533
ERROR 1537
ERROR 1540
ERROR 1543
ERROR 1546
ERROR 1547
ERROR 1549
ERROR 1550
ERROR 1551
ERROR 1554
ERROR 1557
ERROR 1558
ERROR 1559
ERROR 1561
ERROR 1562
ERROR 1564
ERROR 1565
ERROR 1566
