










129;city192;433;19;city128;111;368;city143;494;447;city266;137;27;city150;330;426;city145;20;427;city209;292;239;city158;20;78;city292;203;455;city120










141;city69;402;309;city265;274;422;city235;285;311;city234;152;354;city160;263;46;city110
162;city166;249;201;city298;91;470;city197;272;289;city247;224;314;city193;292;74;city207;68;61;city50;473;107;city255;117;257;city73;277;243;city231;436;474;city83;121;463;city133;444;35;city156;239;293;city98;488;345;city123;491;350;city134

137;city273;138;400;city270
168;city51;489;278;city92;160;169;city230;272;227;city84;47;328;city204;22;188;city168;317;423;city248;187;9;city70;206;171;city90




148;city148;145;413;city130;121;342;city298;303;275;city295;469;225;city73;469;346;city109;144;375;city237;11;161;city96;456;323;city153;75;335;city231;150;20;city76;420;332;city157;66;468;city192;443;242;city111;497;450;city116;498;59;city176;67;210;city177;318;93;city61;379;117;city113

173;city110;481;408;city175;57;203;city72;45;430;city85;418;31;city256


150;city149;71;393;city185;304;317;city155
161;city202;422;298;city87;289;278;city93;184;462;city151;365;137;city130;290;113;city109;453;250;city132;296;403;city191;107;364;city210;195;422;city237;469;413;city271;31;459;city183;441;91;city221;476;185;city180;454;229;city182;364;200;city174;205;208;city52;253;260;city159;103;259;city268;312;159;city98
146;city108;378;440;city278;131;217;city163;234;302;city105;168;424;city157;332;153;city109;88;167;city207;128;307;city285;262;384;city245;51;144;city141;103;99;city248;488;80;city208;100;97;city151;281;231;city51;90;49;city63;117;62;city272;410;352;city173;326;317;city100;410;423;city60;4;108;city87
133;city77;454;275;city102;63;64;city244;313;460;city120;290;339;city73;368;152;city290;364;414;city251;244;214;city248;358;201;city203;52;181;city214
139;city287;241;114;city215;251;318;city134;281;137;city71;130;358;city89;192;450;city50;253;95;city201;4;491;city220;247;83;city127;363;62;city285;218;114;city62
138;city151;117;303;city176;413;469;city263;271;159;city140;63;283;city105;75;204;city104;398;177;city166;197;218;city175
133;city77;454;275;city102;63;64;city244;313;460;city120;290;339;city73;368;152;city290;364;414;city251;244;214;city248;358;201;city203;52;181;city214

156;city266;152;312;city162;118;18;city143;258;437;city251;222;249;city189
173;city110;481;408;city175;57;203;city72;45;430;city85;418;31;city256
126;city66;479;48;city290

153;city53;102;233;city222;377;314;city206;399;395;city163;214;118;city280;141;22;city130;327;60;city261;177;375;city168;342;38;city179;387;389;city94;381;267;city124;417;310;city209;53;112;city190;62;185;city232;248;446;city298
161;city202;422;298;city87;289;278;city93;184;462;city151;365;137;city130;290;113;city109;453;250;city132;296;403;city191;107;364;city210;195;422;city237;469;413;city271;31;459;city183;441;91;city221;476;185;city180;454;229;city182;364;200;city174;205;208;city52;253;260;city159;103;259;city268;312;159;city98
138;city151;117;303;city176;413;469;city263;271;159;city140;63;283;city105;75;204;city104;398;177;city166;197;218;city175

126;city66;479;48;city290
138;city151;117;303;city176;413;469;city263;271;159;city140;63;283;city105;75;204;city104;398;177;city166;197;218;city175
141;city69;402;309;city265;274;422;city235;285;311;city234;152;354;city160;263;46;city110

170;city244;134;281;city215;274;187;city87;361;393;city154;376;2;city51;61;276;city153;439;401;city117;71;351;city193;413;472;city83;198;19;city105;92;372;city107;193;216;city123;458;434;city147;181;69;city256;53;58;city119;110;417;city190
148;city148;145;413;city130;121;342;city298;303;275;city295;469;225;city73;469;346;city109;144;375;city237;11;161;city96;456;323;city153;75;335;city231;150;20;city76;420;332;city157;66;468;city192;443;242;city111;497;450;city116;498;59;city176;67;210;city177;318;93;city61;379;117;city113

128;city130;326;5;city254;22;68;city66;227;51;city77;490;158;city283;454;370;city170;399;324;city288;463;449;city193;57;440;city256;387;145;city68;185;455;city94
164;city268;198;436;city160;494;117;city77;229;95;city292;183;164;city55;484;69;city232;401;272;city265;410;395;city255;236;240;city140;461;119;city161;348;260;city222;37;269;city261

148;city148;145;413;city130;121;342;city298;303;275;city295;469;225;city73;469;346;city109;144;375;city237;11;161;city96;456;323;city153;75;335;city231;150;20;city76;420;332;city157;66;468;city192;443;242;city111;497;450;city116;498;59;city176;67;210;city177;318;93;city61;379;117;city113
136;city57;13;77;city298;304;178;city263;377;223;city262;374;39;city207;115;267;city203;482;275;city98;435;343;city284;172;478;city297;156;418;city175;284;237;city162;484;61;city158;88;56;city78;383;124;city140;418;472;city279
150;city149;71;393;city185;304;317;city155
171;city135;237;204;city289;290;3;city148;140;488;city87;109;495;city149;140;243;city214;331;84;city77;167;280;city118;342;76;city211
148;city148;145;413;city130;121;342;city298;303;275;city295;469;225;city73;469;346;city109;144;375;city237;11;161;city96;456;323;city153;75;335;city231;150;20;city76;420;332;city157;66;468;city192;443;242;city111;497;450;city116;498;59;city176;67;210;city177;318;93;city61;379;117;city113
149;city243;90;317;city218;317;192;city256;277;193;city251
133;city77;454;275;city102;63;64;city244;313;460;city120;290;339;city73;368;152;city290;364;414;city251;244;214;city248;358;201;city203;52;181;city214
156;city266;152;312;city162;118;18;city143;258;437;city251;222;249;city189
129;city192;433;19;city128;111;368;city143;494;447;city266;137;27;city150;330;426;city145;20;427;city209;292;239;city158;20;78;city292;203;455;city120
145;city98;453;179;city94;23;143;city71;121;21;city299;254;443;city107;165;44;city243;421;206;city147;99;119;city158
158;city102;244;432;city114;328;308;city247;97;293;city167;352;414;city51;462;386;city222;133;3;city277;133;447;city151;140;31;city299;488;130;city197;70;164;city210;228;137;city88;355;31;city174;420;208;city291;395;30;city284;264;489;city296;193;170;city207;441;481;city129;492;145;city176

169;city142;455;254;city240;325;162;city145;8;53;city264;372;278;city121;414;381;city191;44;370;city117;135;500;city200;327;435;city55;194;381;city282;198;278;city238;271;377;city165;292;28;city152;253;164;city205;262;367;city247
155;city106;402;358;city259;365;288;city299;320;260;city265;241;47;city222;205;41;city108;141;383;city255;265;64;city243;96;287;city223;255;157;city70;333;294;city208;40;437;city237;108;360;city254;241;257;city139;495;54;city60

146;city108;378;440;city278;131;217;city163;234;302;city105;168;424;city157;332;153;city109;88;167;city207;128;307;city285;262;384;city245;51;144;city141;103;99;city248;488;80;city208;100;97;city151;281;231;city51;90;49;city63;117;62;city272;410;352;city173;326;317;city100;410;423;city60;4;108;city87
139;city287;241;114;city215;251;318;city134;281;137;city71;130;358;city89;192;450;city50;253;95;city201;4;491;city220;247;83;city127;363;62;city285;218;114;city62
141;city69;402;309;city265;274;422;city235;285;311;city234;152;354;city160;263;46;city110
151;city261;264;31;city119;309;482;city83;375;420;city60;467;126;city272;63;322;city225
132;city106;330;162;city93;490;167;city247;337;216;city278;21;29;city151;383;72;city103;329;394;city124;181;115;city194;72;268;city114
173;city110;481;408;city175;57;203;city72;45;430;city85;418;31;city256
136;city57;13;77;city298;304;178;city263;377;223;city262;374;39;city207;115;267;city203;482;275;city98;435;343;city284;172;478;city297;156;418;city175;284;237;city162;484;61;city158;88;56;city78;383;124;city140;418;472;city279

149;city243;90;317;city218;317;192;city256;277;193;city251
163;city110;103;33;city297;113;285;city230;100;168;city176
132;city106;330;162;city93;490;167;city247;337;216;city278;21;29;city151;383;72;city103;329;394;city124;181;115;city194;72;268;city114
164;city268;198;436;city160;494;117;city77;229;95;city292;183;164;city55;484;69;city232;401;272;city265;410;395;city255;236;240;city140;461;119;city161;348;260;city222;37;269;city261
163;city110;103;33;city297;113;285;city230;100;168;city176
163;city110;103;33;city297;113;285;city230;100;168;city176
169;city142;455;254;city240;325;162;city145;8;53;city264;372;278;city121;414;381;city191;44;370;city117;135;500;city200;327;435;city55;194;381;city282;198;278;city238;271;377;city165;292;28;city152;253;164;city205;262;367;city247
158;city102;244;432;city114;328;308;city247;97;293;city167;352;414;city51;462;386;city222;133;3;city277;133;447;city151;140;31;city299;488;130;city197;70;164;city210;228;137;city88;355;31;city174;420;208;city291;395;30;city284;264;489;city296;193;170;city207;441;481;city129;492;145;city176
153;city53;102;233;city222;377;314;city206;399;395;city163;214;118;city280;141;22;city130;327;60;city261;177;375;city168;342;38;city179;387;389;city94;381;267;city124;417;310;city209;53;112;city190;62;185;city232;248;446;city298
161;city202;422;298;city87;289;278;city93;184;462;city151;365;137;city130;290;113;city109;453;250;city132;296;403;city191;107;364;city210;195;422;city237;469;413;city271;31;459;city183;441;91;city221;476;185;city180;454;229;city182;364;200;city174;205;208;city52;253;260;city159;103;259;city268;312;159;city98

146;city108;378;440;city278;131;217;city163;234;302;city105;168;424;city157;332;153;city109;88;167;city207;128;307;city285;262;384;city245;51;144;city141;103;99;city248;488;80;city208;100;97;city151;281;231;city51;90;49;city63;117;62;city272;410;352;city173;326;317;city100;410;423;city60;4;108;city87
136;city57;13;77;city298;304;178;city263;377;223;city262;374;39;city207;115;267;city203;482;275;city98;435;343;city284;172;478;city297;156;418;city175;284;237;city162;484;61;city158;88;56;city78;383;124;city140;418;472;city279
163;city110;103;33;city297;113;285;city230;100;168;city176
162;city166;249;201;city298;91;470;city197;272;289;city247;224;314;city193;292;74;city207;68;61;city50;473;107;city255;117;257;city73;277;243;city231;436;474;city83;121;463;city133;444;35;city156;239;293;city98;488;345;city123;491;350;city134
137;city273;138;400;city270

159;city191;50;149;city113;295;391;city298;304;97;city168;280;238;city178
163;city110;103;33;city297;113;285;city230;100;168;city176
126;city66;479;48;city290
152;city272;189;310;city170;135;124;city208


145;city98;453;179;city94;23;143;city71;121;21;city299;254;443;city107;165;44;city243;421;206;city147;99;119;city158
149;city243;90;317;city218;317;192;city256;277;193;city251
144;city221;281;98;city86;73;43;city132;299;197;city188;140;244;city257;24;223;city59;165;292;city134;346;307;city159;234;209;city114;151;203;city107;398;351;city84;186;253;city203;385;230;city110
156;city266;152;312;city162;118;18;city143;258;437;city251;222;249;city189
170;city244;134;281;city215;274;187;city87;361;393;city154;376;2;city51;61;276;city153;439;401;city117;71;351;city193;413;472;city83;198;19;city105;92;372;city107;193;216;city123;458;434;city147;181;69;city256;53;58;city119;110;417;city190
163;city110;103;33;city297;113;285;city230;100;168;city176
125;city155;213;132;city87;171;470;city91;144;332;city95;473;68;city195;455;231;city244;388;165;city139;32;113;city262;252;364;city191;305;431;city265;232;97;city118;467;237;city96;260;107;city277
152;city272;189;310;city170;135;124;city208
156;city266;152;312;city162;118;18;city143;258;437;city251;222;249;city189
141;city69;402;309;city265;274;422;city235;285;311;city234;152;354;city160;263;46;city110
167;city58;45;490;city155;257;63;city273;166;477;city60;416;471;city136;253;33;city169;127;299;city267;377;321;city279;143;447;city276;62;222;city68;160;481;city170;138;417;city103;95;375;city268;209;371;city202;145;451;city168;412;189;city203;165;125;city158;386;240;city186
132;city106;330;162;city93;490;167;city247;337;216;city278;21;29;city151;383;72;city103;329;394;city124;181;115;city194;72;268;city114
168;city51;489;278;city92;160;169;city230;272;227;city84;47;328;city204;22;188;city168;317;423;city248;187;9;city70;206;171;city90
159;city191;50;149;city113;295;391;city298;304;97;city168;280;238;city178
137;city273;138;400;city270
155;city106;402;358;city259;365;288;city299;320;260;city265;241;47;city222;205;41;city108;141;383;city255;265;64;city243;96;287;city223;255;157;city70;333;294;city208;40;437;city237;108;360;city254;241;257;city139;495;54;city60
137;city273;138;400;city270
125;city155;213;132;city87;171;470;city91;144;332;city95;473;68;city195;455;231;city244;388;165;city139;32;113;city262;252;364;city191;305;431;city265;232;97;city118;467;237;city96;260;107;city277
149;city243;90;317;city218;317;192;city256;277;193;city251
153;city53;102;233;city222;377;314;city206;399;395;city163;214;118;city280;141;22;city130;327;60;city261;177;375;city168;342;38;city179;387;389;city94;381;267;city124;417;310;city209;53;112;city190;62;185;city232;248;446;city298
132;city106;330;162;city93;490;167;city247;337;216;city278;21;29;city151;383;72;city103;329;394;city124;181;115;city194;72;268;city114
131;city149;258;380;city113;101;393;city179;439;449;city237;404;491;city219;449;484;city136;485;200;city291;242;97;city267;247;241;city268;4;9;city74;300;208;city137;214;493;city108
132;city106;330;162;city93;490;167;city247;337;216;city278;21;29;city151;383;72;city103;329;394;city124;181;115;city194;72;268;city114
129;city192;433;19;city128;111;368;city143;494;447;city266;137;27;city150;330;426;city145;20;427;city209;292;239;city158;20;78;city292;203;455;city120

167;city58;45;490;city155;257;63;city273;166;477;city60;416;471;city136;253;33;city169;127;299;city267;377;321;city279;143;447;city276;62;222;city68;160;481;city170;138;417;city103;95;375;city268;209;371;city202;145;451;city168;412;189;city203;165;125;city158;386;240;city186
129;city192;433;19;city128;111;368;city143;494;447;city266;137;27;city150;330;426;city145;20;427;city209;292;239;city158;20;78;city292;203;455;city120
157;city227;186;234;city98;109;134;city207;31;4;city96;107;311;city139;421;453;city167;361;201;city88;251;279;city103;478;475;city76;420;383;city89;57;472;city258;191;233;city203;60;372;city176

128;city130;326;5;city254;22;68;city66;227;51;city77;490;158;city283;454;370;city170;399;324;city288;463;449;city193;57;440;city256;387;145;city68;185;455;city94

169;city142;455;254;city240;325;162;city145;8;53;city264;372;278;city121;414;381;city191;44;370;city117;135;500;city200;327;435;city55;194;381;city282;198;278;city238;271;377;city165;292;28;city152;253;164;city205;262;367;city247
165;city253;23;8;city59;353;140;city179;443;412;city138;192;364;city164;41;420;city137;41;123;city283;254;487;city213;310;423;city96;407;280;city161;284;112;city171;166;21;city244;258;201;city259
139;city287;241;114;city215;251;318;city134;281;137;city71;130;358;city89;192;450;city50;253;95;city201;4;491;city220;247;83;city127;363;62;city285;218;114;city62
140;city255;341;72;city288;315;288;city207;255;223;city51;12;383;city55;251;239;city183;195;172;city72;481;22;city186;273;144;city144;331;34;city123;357;60;city73;328;463;city258;472;17;city299;322;213;city261
153;city53;102;233;city222;377;314;city206;399;395;city163;214;118;city280;141;22;city130;327;60;city261;177;375;city168;342;38;city179;387;389;city94;381;267;city124;417;310;city209;53;112;city190;62;185;city232;248;446;city298
125;city155;213;132;city87;171;470;city91;144;332;city95;473;68;city195;455;231;city244;388;165;city139;32;113;city262;252;364;city191;305;431;city265;232;97;city118;467;237;city96;260;107;city277
171;city135;237;204;city289;290;3;city148;140;488;city87;109;495;city149;140;243;city214;331;84;city77;167;280;city118;342;76;city211
171;city135;237;204;city289;290;3;city148;140;488;city87;109;495;city149;140;243;city214;331;84;city77;167;280;city118;342;76;city211
150;city149;71;393;city185;304;317;city155
146;city108;378;440;city278;131;217;city163;234;302;city105;168;424;city157;332;153;city109;88;167;city207;128;307;city285;262;384;city245;51;144;city141;103;99;city248;488;80;city208;100;97;city151;281;231;city51;90;49;city63;117;62;city272;410;352;city173;326;317;city100;410;423;city60;4;108;city87

145;city98;453;179;city94;23;143;city71;121;21;city299;254;443;city107;165;44;city243;421;206;city147;99;119;city158
174;city194;350;435;city74;376;160;city103;486;173;city83;156;489;city280;289;234;city69;432;330;city208;251;136;city184;180;171;city249;491;348;city64;413;271;city183;63;254;city133;442;152;city227;366;144;city226;493;138;city113;30;36;city196
128;city130;326;5;city254;22;68;city66;227;51;city77;490;158;city283;454;370;city170;399;324;city288;463;449;city193;57;440;city256;387;145;city68;185;455;city94
137;city273;138;400;city270

131;city149;258;380;city113;101;393;city179;439;449;city237;404;491;city219;449;484;city136;485;200;city291;242;97;city267;247;241;city268;4;9;city74;300;208;city137;214;493;city108
173;city110;481;408;city175;57;203;city72;45;430;city85;418;31;city256
135;city264;485;27;city70;472;9;city129;362;160;city71;309;251;city199;480;28;city180;418;94;city112;76;468;city111;102;340;city196;449;327;city244;348;254;city191;47;375;city120;137;195;city78;29;138;city255;97;189;city187;86;103;city197
162;city166;249;201;city298;91;470;city197;272;289;city247;224;314;city193;292;74;city207;68;61;city50;473;107;city255;117;257;city73;277;243;city231;436;474;city83;121;463;city133;444;35;city156;239;293;city98;488;345;city123;491;350;city134
127;city83;382;163;city283
147;city215;99;146;city80;409;327;city158;302;423;city63;465;207;city172;95;212;city125;353;87;city175;325;238;city230;9;486;city53;462;221;city61;187;74;city218;417;483;city188;70;110;city178;20;482;city284;156;292;city225;84;459;city84;61;416;city185;302;462;city119;201;194;city275
133;city77;454;275;city102;63;64;city244;313;460;city120;290;339;city73;368;152;city290;364;414;city251;244;214;city248;358;201;city203;52;181;city214
162;city166;249;201;city298;91;470;city197;272;289;city247;224;314;city193;292;74;city207;68;61;city50;473;107;city255;117;257;city73;277;243;city231;436;474;city83;121;463;city133;444;35;city156;239;293;city98;488;345;city123;491;350;city134

125;city155;213;132;city87;171;470;city91;144;332;city95;473;68;city195;455;231;city244;388;165;city139;32;113;city262;252;364;city191;305;431;city265;232;97;city118;467;237;city96;260;107;city277
165;city253;23;8;city59;353;140;city179;443;412;city138;192;364;city164;41;420;city137;41;123;city283;254;487;city213;310;423;city96;407;280;city161;284;112;city171;166;21;city244;258;201;city259
140;city255;341;72;city288;315;288;city207;255;223;city51;12;383;city55;251;239;city183;195;172;city72;481;22;city186;273;144;city144;331;34;city123;357;60;city73;328;463;city258;472;17;city299;322;213;city261
136;city57;13;77;city298;304;178;city263;377;223;city262;374;39;city207;115;267;city203;482;275;city98;435;343;city284;172;478;city297;156;418;city175;284;237;city162;484;61;city158;88;56;city78;383;124;city140;418;472;city279
170;city244;134;281;city215;274;187;city87;361;393;city154;376;2;city51;61;276;city153;439;401;city117;71;351;city193;413;472;city83;198;19;city105;92;372;city107;193;216;city123;458;434;city147;181;69;city256;53;58;city119;110;417;city190
173;city110;481;408;city175;57;203;city72;45;430;city85;418;31;city256
127;city83;382;163;city283
129;city192;433;19;city128;111;368;city143;494;447;city266;137;27;city150;330;426;city145;20;427;city209;292;239;city158;20;78;city292;203;455;city120
140;city255;341;72;city288;315;288;city207;255;223;city51;12;383;city55;251;239;city183;195;172;city72;481;22;city186;273;144;city144;331;34;city123;357;60;city73;328;463;city258;472;17;city299;322;213;city261
162;city166;249;201;city298;91;470;city197;272;289;city247;224;314;city193;292;74;city207;68;61;city50;473;107;city255;117;257;city73;277;243;city231;436;474;city83;121;463;city133;444;35;city156;239;293;city98;488;345;city123;491;350;city134
142;city263;252;70;city109;229;218;city168;325;334;city148;463;151;city203;468;177;city208;161;104;city115;40;329;city193;261;29;city103;169;180;city297;386;192;city275;343;186;city64
128;city130;326;5;city254;22;68;city66;227;51;city77;490;158;city283;454;370;city170;399;324;city288;463;449;city193;57;440;city256;387;145;city68;185;455;city94
131;city149;258;380;city113;101;393;city179;439;449;city237;404;491;city219;449;484;city136;485;200;city291;242;97;city267;247;241;city268;4;9;city74;300;208;city137;214;493;city108
142;city263;252;70;city109;229;218;city168;325;334;city148;463;151;city203;468;177;city208;161;104;city115;40;329;city193;261;29;city103;169;180;city297;386;192;city275;343;186;city64
131;city149;258;380;city113;101;393;city179;439;449;city237;404;491;city219;449;484;city136;485;200;city291;242;97;city267;247;241;city268;4;9;city74;300;208;city137;214;493;city108
144;city221;281;98;city86;73;43;city132;299;197;city188;140;244;city257;24;223;city59;165;292;city134;346;307;city159;234;209;city114;151;203;city107;398;351;city84;186;253;city203;385;230;city110
161;city202;422;298;city87;289;278;city93;184;462;city151;365;137;city130;290;113;city109;453;250;city132;296;403;city191;107;364;city210;195;422;city237;469;413;city271;31;459;city183;441;91;city221;476;185;city180;454;229;city182;364;200;city174;205;208;city52;253;260;city159;103;259;city268;312;159;city98
138;city151;117;303;city176;413;469;city263;271;159;city140;63;283;city105;75;204;city104;398;177;city166;197;218;city175
135;city264;485;27;city70;472;9;city129;362;160;city71;309;251;city199;480;28;city180;418;94;city112;76;468;city111;102;340;city196;449;327;city244;348;254;city191;47;375;city120;137;195;city78;29;138;city255;97;189;city187;86;103;city197
133;city77;454;275;city102;63;64;city244;313;460;city120;290;339;city73;368;152;city290;364;414;city251;244;214;city248;358;201;city203;52;181;city214
161;city202;422;298;city87;289;278;city93;184;462;city151;365;137;city130;290;113;city109;453;250;city132;296;403;city191;107;364;city210;195;422;city237;469;413;city271;31;459;city183;441;91;city221;476;185;city180;454;229;city182;364;200;city174;205;208;city52;253;260;city159;103;259;city268;312;159;city98
127;city83;382;163;city283
126;city66;479;48;city290
172;city56;141;439;city259;494;198;city201;190;469;city74;397;266;city135;232;482;city146;374;26;city230;427;341;city215;254;250;city154;272;315;city185;75;226;city164;383;470;city163;119;168;city114;291;143;city298;439;223;city252;422;279;city210
172;city56;141;439;city259;494;198;city201;190;469;city74;397;266;city135;232;482;city146;374;26;city230;427;341;city215;254;250;city154;272;315;city185;75;226;city164;383;470;city163;119;168;city114;291;143;city298;439;223;city252;422;279;city210
155;city106;402;358;city259;365;288;city299;320;260;city265;241;47;city222;205;41;city108;141;383;city255;265;64;city243;96;287;city223;255;157;city70;333;294;city208;40;437;city237;108;360;city254;241;257;city139;495;54;city60
169;city142;455;254;city240;325;162;city145;8;53;city264;372;278;city121;414;381;city191;44;370;city117;135;500;city200;327;435;city55;194;381;city282;198;278;city238;271;377;city165;292;28;city152;253;164;city205;262;367;city247
145;city98;453;179;city94;23;143;city71;121;21;city299;254;443;city107;165;44;city243;421;206;city147;99;119;city158
138;city151;117;303;city176;413;469;city263;271;159;city140;63;283;city105;75;204;city104;398;177;city166;197;218;city175
169;city142;455;254;city240;325;162;city145;8;53;city264;372;278;city121;414;381;city191;44;370;city117;135;500;city200;327;435;city55;194;381;city282;198;278;city238;271;377;city165;292;28;city152;253;164;city205;262;367;city247
174;city194;350;435;city74;376;160;city103;486;173;city83;156;489;city280;289;234;city69;432;330;city208;251;136;city184;180;171;city249;491;348;city64;413;271;city183;63;254;city133;442;152;city227;366;144;city226;493;138;city113;30;36;city196
127;city83;382;163;city283
158;city102;244;432;city114;328;308;city247;97;293;city167;352;414;city51;462;386;city222;133;3;city277;133;447;city151;140;31;city299;488;130;city197;70;164;city210;228;137;city88;355;31;city174;420;208;city291;395;30;city284;264;489;city296;193;170;city207;441;481;city129;492;145;city176
155;city106;402;358;city259;365;288;city299;320;260;city265;241;47;city222;205;41;city108;141;383;city255;265;64;city243;96;287;city223;255;157;city70;333;294;city208;40;437;city237;108;360;city254;241;257;city139;495;54;city60
155;city106;402;358;city259;365;288;city299;320;260;city265;241;47;city222;205;41;city108;141;383;city255;265;64;city243;96;287;city223;255;157;city70;333;294;city208;40;437;city237;108;360;city254;241;257;city139;495;54;city60

168;city51;489;278;city92;160;169;city230;272;227;city84;47;328;city204;22;188;city168;317;423;city248;187;9;city70;206;171;city90

153;city53;102;233;city222;377;314;city206;399;395;city163;214;118;city280;141;22;city130;327;60;city261;177;375;city168;342;38;city179;387;389;city94;381;267;city124;417;310;city209;53;112;city190;62;185;city232;248;446;city298
147;city215;99;146;city80;409;327;city158;302;423;city63;465;207;city172;95;212;city125;353;87;city175;325;238;city230;9;486;city53;462;221;city61;187;74;city218;417;483;city188;70;110;city178;20;482;city284;156;292;city225;84;459;city84;61;416;city185;302;462;city119;201;194;city275
165;city253;23;8;city59;353;140;city179;443;412;city138;192;364;city164;41;420;city137;41;123;city283;254;487;city213;310;423;city96;407;280;city161;284;112;city171;166;21;city244;258;201;city259
164;city268;198;436;city160;494;117;city77;229;95;city292;183;164;city55;484;69;city232;401;272;city265;410;395;city255;236;240;city140;461;119;city161;348;260;city222;37;269;city261
138;city151;117;303;city176;413;469;city263;271;159;city140;63;283;city105;75;204;city104;398;177;city166;197;218;city175

146;city108;378;440;city278;131;217;city163;234;302;city105;168;424;city157;332;153;city109;88;167;city207;128;307;city285;262;384;city245;51;144;city141;103;99;city248;488;80;city208;100;97;city151;281;231;city51;90;49;city63;117;62;city272;410;352;city173;326;317;city100;410;423;city60;4;108;city87
167;city58;45;490;city155;257;63;city273;166;477;city60;416;471;city136;253;33;city169;127;299;city267;377;321;city279;143;447;city276;62;222;city68;160;481;city170;138;417;city103;95;375;city268;209;371;city202;145;451;city168;412;189;city203;165;125;city158;386;240;city186
125;city155;213;132;city87;171;470;city91;144;332;city95;473;68;city195;455;231;city244;388;165;city139;32;113;city262;252;364;city191;305;431;city265;232;97;city118;467;237;city96;260;107;city277
134;city103;299;435;city209;132;349;city151
130;city269;493;27;city141;463;481;city140;191;429;city228;408;138;city241;272;157;city298;336;142;city135;298;254;city110;345;88;city91;379;84;city283;228;254;city193;465;425;city236;175;358;city198;290;311;city169;384;9;city71;265;267;city161;152;166;city229;46;13;city151
171;city135;237;204;city289;290;3;city148;140;488;city87;109;495;city149;140;243;city214;331;84;city77;167;280;city118;342;76;city211
151;city261;264;31;city119;309;482;city83;375;420;city60;467;126;city272;63;322;city225
145;city98;453;179;city94;23;143;city71;121;21;city299;254;443;city107;165;44;city243;421;206;city147;99;119;city158
137;city273;138;400;city270
139;city287;241;114;city215;251;318;city134;281;137;city71;130;358;city89;192;450;city50;253;95;city201;4;491;city220;247;83;city127;363;62;city285;218;114;city62
167;city58;45;490;city155;257;63;city273;166;477;city60;416;471;city136;253;33;city169;127;299;city267;377;321;city279;143;447;city276;62;222;city68;160;481;city170;138;417;city103;95;375;city268;209;371;city202;145;451;city168;412;189;city203;165;125;city158;386;240;city186
155;city106;402;358;city259;365;288;city299;320;260;city265;241;47;city222;205;41;city108;141;383;city255;265;64;city243;96;287;city223;255;157;city70;333;294;city208;40;437;city237;108;360;city254;241;257;city139;495;54;city60
171;city135;237;204;city289;290;3;city148;140;488;city87;109;495;city149;140;243;city214;331;84;city77;167;280;city118;342;76;city211
127;city83;382;163;city283
137;city273;138;400;city270
163;city110;103;33;city297;113;285;city230;100;168;city176
169;city142;455;254;city240;325;162;city145;8;53;city264;372;278;city121;414;381;city191;44;370;city117;135;500;city200;327;435;city55;194;381;city282;198;278;city238;271;377;city165;292;28;city152;253;164;city205;262;367;city247
153;city53;102;233;city222;377;314;city206;399;395;city163;214;118;city280;141;22;city130;327;60;city261;177;375;city168;342;38;city179;387;389;city94;381;267;city124;417;310;city209;53;112;city190;62;185;city232;248;446;city298
158;city102;244;432;city114;328;308;city247;97;293;city167;352;414;city51;462;386;city222;133;3;city277;133;447;city151;140;31;city299;488;130;city197;70;164;city210;228;137;city88;355;31;city174;420;208;city291;395;30;city284;264;489;city296;193;170;city207;441;481;city129;492;145;city176
139;city287;241;114;city215;251;318;city134;281;137;city71;130;358;city89;192;450;city50;253;95;city201;4;491;city220;247;83;city127;363;62;city285;218;114;city62
127;city83;382;163;city283
130;city269;493;27;city141;463;481;city140;191;429;city228;408;138;city241;272;157;city298;336;142;city135;298;254;city110;345;88;city91;379;84;city283;228;254;city193;465;425;city236;175;358;city198;290;311;city169;384;9;city71;265;267;city161;152;166;city229;46;13;city151
149;city243;90;317;city218;317;192;city256;277;193;city251
149;city243;90;317;city218;317;192;city256;277;193;city251
125;city155;213;132;city87;171;470;city91;144;332;city95;473;68;city195;455;231;city244;388;165;city139;32;113;city262;252;364;city191;305;431;city265;232;97;city118;467;237;city96;260;107;city277
173;city110;481;408;city175;57;203;city72;45;430;city85;418;31;city256
171;city135;237;204;city289;290;3;city148;140;488;city87;109;495;city149;140;243;city214;331;84;city77;167;280;city118;342;76;city211
131;city149;258;380;city113;101;393;city179;439;449;city237;404;491;city219;449;484;city136;485;200;city291;242;97;city267;247;241;city268;4;9;city74;300;208;city137;214;493;city108
131;city149;258;380;city113;101;393;city179;439;449;city237;404;491;city219;449;484;city136;485;200;city291;242;97;city267;247;241;city268;4;9;city74;300;208;city137;214;493;city108
160;city139;182;385;city270;477;378;city220;180;204;city261;276;418;city296;68;181;city146;253;32;city292;322;496;city181;415;189;city297
139;city287;241;114;city215;251;318;city134;281;137;city71;130;358;city89;192;450;city50;253;95;city201;4;491;city220;247;83;city127;363;62;city285;218;114;city62
156;city266;152;312;city162;118;18;city143;258;437;city251;222;249;city189
128;city130;326;5;city254;22;68;city66;227;51;city77;490;158;city283;454;370;city170;399;324;city288;463;449;city193;57;440;city256;387;145;city68;185;455;city94
162;city166;249;201;city298;91;470;city197;272;289;city247;224;314;city193;292;74;city207;68;61;city50;473;107;city255;117;257;city73;277;243;city231;436;474;city83;121;463;city133;444;35;city156;239;293;city98;488;345;city123;491;350;city134
142;city263;252;70;city109;229;218;city168;325;334;city148;463;151;city203;468;177;city208;161;104;city115;40;329;city193;261;29;city103;169;180;city297;386;192;city275;343;186;city64
149;city243;90;317;city218;317;192;city256;277;193;city251
160;city139;182;385;city270;477;378;city220;180;204;city261;276;418;city296;68;181;city146;253;32;city292;322;496;city181;415;189;city297
155;city106;402;358;city259;365;288;city299;320;260;city265;241;47;city222;205;41;city108;141;383;city255;265;64;city243;96;287;city223;255;157;city70;333;294;city208;40;437;city237;108;360;city254;241;257;city139;495;54;city60
141;city69;402;309;city265;274;422;city235;285;311;city234;152;354;city160;263;46;city110
162;city166;249;201;city298;91;470;city197;272;289;city247;224;314;city193;292;74;city207;68;61;city50;473;107;city255;117;257;city73;277;243;city231;436;474;city83;121;463;city133;444;35;city156;239;293;city98;488;345;city123;491;350;city134
174;city194;350;435;city74;376;160;city103;486;173;city83;156;489;city280;289;234;city69;432;330;city208;251;136;city184;180;171;city249;491;348;city64;413;271;city183;63;254;city133;442;152;city227;366;144;city226;493;138;city113;30;36;city196
131;city149;258;380;city113;101;393;city179;439;449;city237;404;491;city219;449;484;city136;485;200;city291;242;97;city267;247;241;city268;4;9;city74;300;208;city137;214;493;city108
137;city273;138;400;city270
162;city166;249;201;city298;91;470;city197;272;289;city247;224;314;city193;292;74;city207;68;61;city50;473;107;city255;117;257;city73;277;243;city231;436;474;city83;121;463;city133;444;35;city156;239;293;city98;488;345;city123;491;350;city134
154;city268;34;374;city231;385;75;city72
129;city192;433;19;city128;111;368;city143;494;447;city266;137;27;city150;330;426;city145;20;427;city209;292;239;city158;20;78;city292;203;455;city120
160;city139;182;385;city270;477;378;city220;180;204;city261;276;418;city296;68;181;city146;253;32;city292;322;496;city181;415;189;city297
131;city149;258;380;city113;101;393;city179;439;449;city237;404;491;city219;449;484;city136;485;200;city291;242;97;city267;247;241;city268;4;9;city74;300;208;city137;214;493;city108
169;city142;455;254;city240;325;162;city145;8;53;city264;372;278;city121;414;381;city191;44;370;city117;135;500;city200;327;435;city55;194;381;city282;198;278;city238;271;377;city165;292;28;city152;253;164;city205;262;367;city247
165;city253;23;8;city59;353;140;city179;443;412;city138;192;364;city164;41;420;city137;41;123;city283;254;487;city213;310;423;city96;407;280;city161;284;112;city171;166;21;city244;258;201;city259
134;city103;299;435;city209;132;349;city151
174;city194;350;435;city74;376;160;city103;486;173;city83;156;489;city280;289;234;city69;432;330;city208;251;136;city184;180;171;city249;491;348;city64;413;271;city183;63;254;city133;442;152;city227;366;144;city226;493;138;city113;30;36;city196
161;city202;422;298;city87;289;278;city93;184;462;city151;365;137;city130;290;113;city109;453;250;city132;296;403;city191;107;364;city210;195;422;city237;469;413;city271;31;459;city183;441;91;city221;476;185;city180;454;229;city182;364;200;city174;205;208;city52;253;260;city159;103;259;city268;312;159;city98
173;city110;481;408;city175;57;203;city72;45;430;city85;418;31;city256
173;city110;481;408;city175;57;203;city72;45;430;city85;418;31;city256
139;city287;241;114;city215;251;318;city134;281;137;city71;130;358;city89;192;450;city50;253;95;city201;4;491;city220;247;83;city127;363;62;city285;218;114;city62
171;city135;237;204;city289;290;3;city148;140;488;city87;109;495;city149;140;243;city214;331;84;city77;167;280;city118;342;76;city211
128;city130;326;5;city254;22;68;city66;227;51;city77;490;158;city283;454;370;city170;399;324;city288;463;449;city193;57;440;city256;387;145;city68;185;455;city94
149;city243;90;317;city218;317;192;city256;277;193;city251
173;city110;481;408;city175;57;203;city72;45;430;city85;418;31;city256
130;city269;493;27;city141;463;481;city140;191;429;city228;408;138;city241;272;157;city298;336;142;city135;298;254;city110;345;88;city91;379;84;city283;228;254;city193;465;425;city236;175;358;city198;290;311;city169;384;9;city71;265;267;city161;152;166;city229;46;13;city151
160;city139;182;385;city270;477;378;city220;180;204;city261;276;418;city296;68;181;city146;253;32;city292;322;496;city181;415;189;city297
147;city215;99;146;city80;409;327;city158;302;423;city63;465;207;city172;95;212;city125;353;87;city175;325;238;city230;9;486;city53;462;221;city61;187;74;city218;417;483;city188;70;110;city178;20;482;city284;156;292;city225;84;459;city84;61;416;city185;302;462;city119;201;194;city275
152;city272;189;310;city170;135;124;city208
150;city149;71;393;city185;304;317;city155
164;city268;198;436;city160;494;117;city77;229;95;city292;183;164;city55;484;69;city232;401;272;city265;410;395;city255;236;240;city140;461;119;city161;348;260;city222;37;269;city261
156;city266;152;312;city162;118;18;city143;258;437;city251;222;249;city189
138;city151;117;303;city176;413;469;city263;271;159;city140;63;283;city105;75;204;city104;398;177;city166;197;218;city175
154;city268;34;374;city231;385;75;city72
129;city192;433;19;city128;111;368;city143;494;447;city266;137;27;city150;330;426;city145;20;427;city209;292;239;city158;20;78;city292;203;455;city120
147;city215;99;146;city80;409;327;city158;302;423;city63;465;207;city172;95;212;city125;353;87;city175;325;238;city230;9;486;city53;462;221;city61;187;74;city218;417;483;city188;70;110;city178;20;482;city284;156;292;city225;84;459;city84;61;416;city185;302;462;city119;201;194;city275
142;city263;252;70;city109;229;218;city168;325;334;city148;463;151;city203;468;177;city208;161;104;city115;40;329;city193;261;29;city103;169;180;city297;386;192;city275;343;186;city64
134;city103;299;435;city209;132;349;city151
134;city103;299;435;city209;132;349;city151
156;city266;152;312;city162;118;18;city143;258;437;city251;222;249;city189
174;city194;350;435;city74;376;160;city103;486;173;city83;156;489;city280;289;234;city69;432;330;city208;251;136;city184;180;171;city249;491;348;city64;413;271;city183;63;254;city133;442;152;city227;366;144;city226;493;138;city113;30;36;city196
160;city139;182;385;city270;477;378;city220;180;204;city261;276;418;city296;68;181;city146;253;32;city292;322;496;city181;415;189;city297
164;city268;198;436;city160;494;117;city77;229;95;city292;183;164;city55;484;69;city232;401;272;city265;410;395;city255;236;240;city140;461;119;city161;348;260;city222;37;269;city261
156;city266;152;312;city162;118;18;city143;258;437;city251;222;249;city189
164;city268;198;436;city160;494;117;city77;229;95;city292;183;164;city55;484;69;city232;401;272;city265;410;395;city255;236;240;city140;461;119;city161;348;260;city222;37;269;city261
144;city221;281;98;city86;73;43;city132;299;197;city188;140;244;city257;24;223;city59;165;292;city134;346;307;city159;234;209;city114;151;203;city107;398;351;city84;186;253;city203;385;230;city110
137;city273;138;400;city270
169;city142;455;254;city240;325;162;city145;8;53;city264;372;278;city121;414;381;city191;44;370;city117;135;500;city200;327;435;city55;194;381;city282;198;278;city238;271;377;city165;292;28;city152;253;164;city205;262;367;city247
145;city98;453;179;city94;23;143;city71;121;21;city299;254;443;city107;165;44;city243;421;206;city147;99;119;city158
142;city263;252;70;city109;229;218;city168;325;334;city148;463;151;city203;468;177;city208;161;104;city115;40;329;city193;261;29;city103;169;180;city297;386;192;city275;343;186;city64
131;city149;258;380;city113;101;393;city179;439;449;city237;404;491;city219;449;484;city136;485;200;city291;242;97;city267;247;241;city268;4;9;city74;300;208;city137;214;493;city108
172;city56;141;439;city259;494;198;city201;190;469;city74;397;266;city135;232;482;city146;374;26;city230;427;341;city215;254;250;city154;272;315;city185;75;226;city164;383;470;city163;119;168;city114;291;143;city298;439;223;city252;422;279;city210
155;city106;402;358;city259;365;288;city299;320;260;city265;241;47;city222;205;41;city108;141;383;city255;265;64;city243;96;287;city223;255;157;city70;333;294;city208;40;437;city237;108;360;city254;241;257;city139;495;54;city60
149;city243;90;317;city218;317;192;city256;277;193;city251
127;city83;382;163;city283
148;city148;145;413;city130;121;342;city298;303;275;city295;469;225;city73;469;346;city109;144;375;city237;11;161;city96;456;323;city153;75;335;city231;150;20;city76;420;332;city157;66;468;city192;443;242;city111;497;450;city116;498;59;city176;67;210;city177;318;93;city61;379;117;city113
139;city287;241;114;city215;251;318;city134;281;137;city71;130;358;city89;192;450;city50;253;95;city201;4;491;city220;247;83;city127;363;62;city285;218;114;city62
152;city272;189;310;city170;135;124;city208
164;city268;198;436;city160;494;117;city77;229;95;city292;183;164;city55;484;69;city232;401;272;city265;410;395;city255;236;240;city140;461;119;city161;348;260;city222;37;269;city261
165;city253;23;8;city59;353;140;city179;443;412;city138;192;364;city164;41;420;city137;41;123;city283;254;487;city213;310;423;city96;407;280;city161;284;112;city171;166;21;city244;258;201;city259
132;city106;330;162;city93;490;167;city247;337;216;city278;21;29;city151;383;72;city103;329;394;city124;181;115;city194;72;268;city114
151;city261;264;31;city119;309;482;city83;375;420;city60;467;126;city272;63;322;city225
140;city255;341;72;city288;315;288;city207;255;223;city51;12;383;city55;251;239;city183;195;172;city72;481;22;city186;273;144;city144;331;34;city123;357;60;city73;328;463;city258;472;17;city299;322;213;city261
171;city135;237;204;city289;290;3;city148;140;488;city87;109;495;city149;140;243;city214;331;84;city77;167;280;city118;342;76;city211
137;city273;138;400;city270
125;city155;213;132;city87;171;470;city91;144;332;city95;473;68;city195;455;231;city244;388;165;city139;32;113;city262;252;364;city191;305;431;city265;232;97;city118;467;237;city96;260;107;city277
133;city77;454;275;city102;63;64;city244;313;460;city120;290;339;city73;368;152;city290;364;414;city251;244;214;city248;358;201;city203;52;181;city214
155;city106;402;358;city259;365;288;city299;320;260;city265;241;47;city222;205;41;city108;141;383;city255;265;64;city243;96;287;city223;255;157;city70;333;294;city208;40;437;city237;108;360;city254;241;257;city139;495;54;city60
128;city130;326;5;city254;22;68;city66;227;51;city77;490;158;city283;454;370;city170;399;324;city288;463;449;city193;57;440;city256;387;145;city68;185;455;city94
151;city261;264;31;city119;309;482;city83;375;420;city60;467;126;city272;63;322;city225
133;city77;454;275;city102;63;64;city244;313;460;city120;290;339;city73;368;152;city290;364;414;city251;244;214;city248;358;201;city203;52;181;city214
162;city166;249;201;city298;91;470;city197;272;289;city247;224;314;city193;292;74;city207;68;61;city50;473;107;city255;117;257;city73;277;243;city231;436;474;city83;121;463;city133;444;35;city156;239;293;city98;488;345;city123;491;350;city134
134;city103;299;435;city209;132;349;city151
171;city135;237;204;city289;290;3;city148;140;488;city87;109;495;city149;140;243;city214;331;84;city77;167;280;city118;342;76;city211
157;city227;186;234;city98;109;134;city207;31;4;city96;107;311;city139;421;453;city167;361;201;city88;251;279;city103;478;475;city76;420;383;city89;57;472;city258;191;233;city203;60;372;city176
163;city110;103;33;city297;113;285;city230;100;168;city176
159;city191;50;149;city113;295;391;city298;304;97;city168;280;238;city178
155;city106;402;358;city259;365;288;city299;320;260;city265;241;47;city222;205;41;city108;141;383;city255;265;64;city243;96;287;city223;255;157;city70;333;294;city208;40;437;city237;108;360;city254;241;257;city139;495;54;city60
147;city215;99;146;city80;409;327;city158;302;423;city63;465;207;city172;95;212;city125;353;87;city175;325;238;city230;9;486;city53;462;221;city61;187;74;city218;417;483;city188;70;110;city178;20;482;city284;156;292;city225;84;459;city84;61;416;city185;302;462;city119;201;194;city275
151;city261;264;31;city119;309;482;city83;375;420;city60;467;126;city272;63;322;city225
159;city191;50;149;city113;295;391;city298;304;97;city168;280;238;city178
150;city149;71;393;city185;304;317;city155
170;city244;134;281;city215;274;187;city87;361;393;city154;376;2;city51;61;276;city153;439;401;city117;71;351;city193;413;472;city83;198;19;city105;92;372;city107;193;216;city123;458;434;city147;181;69;city256;53;58;city119;110;417;city190
174;city194;350;435;city74;376;160;city103;486;173;city83;156;489;city280;289;234;city69;432;330;city208;251;136;city184;180;171;city249;491;348;city64;413;271;city183;63;254;city133;442;152;city227;366;144;city226;493;138;city113;30;36;city196
170;city244;134;281;city215;274;187;city87;361;393;city154;376;2;city51;61;276;city153;439;401;city117;71;351;city193;413;472;city83;198;19;city105;92;372;city107;193;216;city123;458;434;city147;181;69;city256;53;58;city119;110;417;city190
174;city194;350;435;city74;376;160;city103;486;173;city83;156;489;city280;289;234;city69;432;330;city208;251;136;city184;180;171;city249;491;348;city64;413;271;city183;63;254;city133;442;152;city227;366;144;city226;493;138;city113;30;36;city196
160;city139;182;385;city270;477;378;city220;180;204;city261;276;418;city296;68;181;city146;253;32;city292;322;496;city181;415;189;city297
141;city69;402;309;city265;274;422;city235;285;311;city234;152;354;city160;263;46;city110
150;city149;71;393;city185;304;317;city155
141;city69;402;309;city265;274;422;city235;285;311;city234;152;354;city160;263;46;city110
168;city51;489;278;city92;160;169;city230;272;227;city84;47;328;city204;22;188;city168;317;423;city248;187;9;city70;206;171;city90
139;city287;241;114;city215;251;318;city134;281;137;city71;130;358;city89;192;450;city50;253;95;city201;4;491;city220;247;83;city127;363;62;city285;218;114;city62
168;city51;489;278;city92;160;169;city230;272;227;city84;47;328;city204;22;188;city168;317;423;city248;187;9;city70;206;171;city90
125;city155;213;132;city87;171;470;city91;144;332;city95;473;68;city195;455;231;city244;388;165;city139;32;113;city262;252;364;city191;305;431;city265;232;97;city118;467;237;city96;260;107;city277
169;city142;455;254;city240;325;162;city145;8;53;city264;372;278;city121;414;381;city191;44;370;city117;135;500;city200;327;435;city55;194;381;city282;198;278;city238;271;377;city165;292;28;city152;253;164;city205;262;367;city247
133;city77;454;275;city102;63;64;city244;313;460;city120;290;339;city73;368;152;city290;364;414;city251;244;214;city248;358;201;city203;52;181;city214
168;city51;489;278;city92;160;169;city230;272;227;city84;47;328;city204;22;188;city168;317;423;city248;187;9;city70;206;171;city90
149;city243;90;317;city218;317;192;city256;277;193;city251
125;city155;213;132;city87;171;470;city91;144;332;city95;473;68;city195;455;231;city244;388;165;city139;32;113;city262;252;364;city191;305;431;city265;232;97;city118;467;237;city96;260;107;city277
132;city106;330;162;city93;490;167;city247;337;216;city278;21;29;city151;383;72;city103;329;394;city124;181;115;city194;72;268;city114
131;city149;258;380;city113;101;393;city179;439;449;city237;404;491;city219;449;484;city136;485;200;city291;242;97;city267;247;241;city268;4;9;city74;300;208;city137;214;493;city108
156;city266;152;312;city162;118;18;city143;258;437;city251;222;249;city189
140;city255;341;72;city288;315;288;city207;255;223;city51;12;383;city55;251;239;city183;195;172;city72;481;22;city186;273;144;city144;331;34;city123;357;60;city73;328;463;city258;472;17;city299;322;213;city261
159;city191;50;149;city113;295;391;city298;304;97;city168;280;238;city178
148;city148;145;413;city130;121;342;city298;303;275;city295;469;225;city73;469;346;city109;144;375;city237;11;161;city96;456;323;city153;75;335;city231;150;20;city76;420;332;city157;66;468;city192;443;242;city111;497;450;city116;498;59;city176;67;210;city177;318;93;city61;379;117;city113
157;city227;186;234;city98;109;134;city207;31;4;city96;107;311;city139;421;453;city167;361;201;city88;251;279;city103;478;475;city76;420;383;city89;57;472;city258;191;233;city203;60;372;city176
152;city272;189;310;city170;135;124;city208
165;city253;23;8;city59;353;140;city179;443;412;city138;192;364;city164;41;420;city137;41;123;city283;254;487;city213;310;423;city96;407;280;city161;284;112;city171;166;21;city244;258;201;city259
139;city287;241;114;city215;251;318;city134;281;137;city71;130;358;city89;192;450;city50;253;95;city201;4;491;city220;247;83;city127;363;62;city285;218;114;city62
165;city253;23;8;city59;353;140;city179;443;412;city138;192;364;city164;41;420;city137;41;123;city283;254;487;city213;310;423;city96;407;280;city161;284;112;city171;166;21;city244;258;201;city259
143;city110;314;87;city147;493;324;city190;210;187;city170;251;239;city180;494;251;city285;222;416;city163;90;239;city74;396;89;city59;232;62;city220;476;274;city264;393;451;city250;414;80;city162;231;251;city292;488;139;city270;176;14;city97
172;city56;141;439;city259;494;198;city201;190;469;city74;397;266;city135;232;482;city146;374;26;city230;427;341;city215;254;250;city154;272;315;city185;75;226;city164;383;470;city163;119;168;city114;291;143;city298;439;223;city252;422;279;city210
173;city110;481;408;city175;57;203;city72;45;430;city85;418;31;city256
134;city103;299;435;city209;132;349;city151
