ERROR 1
ERROR 4
ERROR 9
ERROR 13
ERROR 14
ERROR 20
ERROR 22
ERROR 23
ERROR 32
ERROR 33
ERROR 34
ERROR 43
ERROR 49
ERROR 62
ERROR 67
ERROR 68
ERROR 70
ERROR 71
ERROR 72
ERROR 73
ERROR 75
ERROR 78
ERROR 79
ERROR 80
ERROR 81
ERROR 82
ERROR 89
ERROR 90
ERROR 92
ERROR 93
ERROR 95
ERROR 97
ERROR 99
ERROR 103
ERROR 104
ERROR 105
ERROR 108
ERROR 109
ERROR 110
ERROR 111
ERROR 116
ERROR 120
ERROR 121
ERROR 126
ERROR 127
ERROR 136
ERROR 137
ERROR 140
ERROR 142
ERROR 147
ERROR 149
ERROR 153
ERROR 155
ERROR 156
ERROR 163
ERROR 167
ERROR 169
ERROR 172
ERROR 174
ERROR 175
ERROR 177
ERROR 179
ERROR 181
ERROR 188
ERROR 190
ERROR 191
ERROR 192
ERROR 194
ERROR 200
ERROR 201
ERROR 203
ERROR 206
ERROR 207
ERROR 208
ERROR 211
ERROR 215
ERROR 216
ERROR 219
ERROR 220
ERROR 226
ERROR 227
ERROR 229
ERROR 230
ERROR 236
ERROR 238
ERROR 239
ERROR 243
ERROR 245
ERROR 248
ERROR 251
ERROR 254
ERROR 255
ERROR 256
ERROR 257
ERROR 258
ERROR 259
ERROR 261
ERROR 263
ERROR 265
ERROR 269
ERROR 270
ERROR 272
ERROR 273
ERROR 274
ERROR 276
ERROR 278
ERROR 280
ERROR 281
ERROR 287
ERROR 288
ERROR 289
ERROR 290
ERROR 293
ERROR 294
ERROR 296
ERROR 298
ERROR 299
ERROR 303
ERROR 304
ERROR 308
ERROR 310
ERROR 311
ERROR 312
ERROR 313
ERROR 314
ERROR 315
ERROR 316
ERROR 317
ERROR 318
ERROR 319
ERROR 325
ERROR 331
ERROR 332
ERROR 335
ERROR 336
ERROR 337
ERROR 338
ERROR 344
ERROR 347
ERROR 349
ERROR 350
ERROR 351
ERROR 353
ERROR 355
ERROR 357
ERROR 360
ERROR 362
ERROR 364
ERROR 368
ERROR 369
ERROR 374
ERROR 375
ERROR 380
ERROR 383
ERROR 384
ERROR 386
ERROR 388
ERROR 392
ERROR 393
ERROR 394
ERROR 397
ERROR 398
ERROR 400
ERROR 402
ERROR 406
ERROR 410
ERROR 413
ERROR 414
ERROR 416
ERROR 417
ERROR 419
ERROR 420
ERROR 422
ERROR 427
ERROR 428
ERROR 432
ERROR 434
ERROR 435
ERROR 436
ERROR 437
ERROR 442
ERROR 444
ERROR 445
ERROR 447
ERROR 451
ERROR 454
ERROR 456
ERROR 458
ERROR 463
ERROR 468
ERROR 470
ERROR 471
ERROR 472
ERROR 474
ERROR 475
ERROR 477
ERROR 479
ERROR 481
ERROR 483
ERROR 484
ERROR 485
ERROR 487
ERROR 492
ERROR 493
ERROR 496
ERROR 497
ERROR 500
ERROR 501
ERROR 502
ERROR 505
ERROR 506
ERROR 507
ERROR 512
ERROR 513
ERROR 518
ERROR 520
ERROR 521
ERROR 526
ERROR 527
ERROR 532
ERROR 533
ERROR 535
ERROR 537
ERROR 539
ERROR 540
ERROR 542
ERROR 543
ERROR 544
ERROR 547
ERROR 548
ERROR 555
ERROR 557
ERROR 559
ERROR 560
ERROR 561
ERROR 562
ERROR 563
ERROR 564
ERROR 566
ERROR 567
ERROR 568
ERROR 570
ERROR 571
ERROR 574
ERROR 576
ERROR 577
ERROR 580
ERROR 583
ERROR 585
ERROR 589
ERROR 590
ERROR 594
ERROR 595
ERROR 596
ERROR 600
ERROR 601
ERROR 603
ERROR 604
ERROR 605
ERROR 607
ERROR 608
ERROR 609
ERROR 612
ERROR 613
ERROR 615
ERROR 616
ERROR 619
ERROR 622
ERROR 624
ERROR 625
ERROR 626
ERROR 633
ERROR 634
ERROR 636
ERROR 637
ERROR 639
ERROR 644
ERROR 645
ERROR 649
ERROR 650
ERROR 651
ERROR 652
ERROR 655
ERROR 656
ERROR 657
ERROR 659
ERROR 660
ERROR 661
ERROR 664
ERROR 668
ERROR 677
ERROR 679
ERROR 680
ERROR 681
ERROR 682
ERROR 685
ERROR 686
ERROR 692
ERROR 695
ERROR 696
ERROR 697
ERROR 699
ERROR 701
ERROR 704
ERROR 705
ERROR 706
ERROR 708
ERROR 709
ERROR 710
ERROR 712
ERROR 713
ERROR 717
ERROR 719
ERROR 721
ERROR 723
ERROR 724
ERROR 726
ERROR 729
ERROR 732
ERROR 733
ERROR 734
ERROR 736
ERROR 737
ERROR 739
ERROR 743
ERROR 744
ERROR 746
ERROR 748
ERROR 750
ERROR 755
ERROR 757
ERROR 760
ERROR 761
ERROR 764
ERROR 768
ERROR 772
ERROR 773
ERROR 774
ERROR 775
ERROR 776
ERROR 777
ERROR 778
ERROR 779
ERROR 780
ERROR 781
ERROR 786
ERROR 787
ERROR 788
ERROR 791
ERROR 792
ERROR 794
ERROR 795
ERROR 797
ERROR 799
ERROR 800
ERROR 807
ERROR 808
ERROR 809
ERROR 810
ERROR 811
ERROR 812
ERROR 816
ERROR 818
ERROR 819
ERROR 820
ERROR 821
ERROR 824
ERROR 826
ERROR 828
ERROR 830
ERROR 832
ERROR 835
ERROR 836
ERROR 838
ERROR 840
ERROR 844
ERROR 846
ERROR 848
ERROR 854
ERROR 856
ERROR 859
ERROR 860
ERROR 861
ERROR 862
ERROR 863
ERROR 867
ERROR 868
ERROR 871
ERROR 875
ERROR 877
ERROR 878
ERROR 881
ERROR 883
ERROR 884
ERROR 885
ERROR 886
ERROR 888
ERROR 889
ERROR 890
ERROR 891
ERROR 893
ERROR 894
ERROR 895
ERROR 896
ERROR 897
ERROR 898
ERROR 899
ERROR 901
ERROR 902
ERROR 908
ERROR 909
ERROR 911
ERROR 913
ERROR 916
ERROR 917
ERROR 921
ERROR 923
ERROR 925
ERROR 926
ERROR 928
ERROR 930
ERROR 931
ERROR 932
ERROR 934
ERROR 936
ERROR 938
ERROR 939
ERROR 940
ERROR 941
ERROR 943
ERROR 944
ERROR 945
ERROR 946
ERROR 947
ERROR 948
ERROR 949
ERROR 950
ERROR 951
ERROR 954
ERROR 957
ERROR 958
ERROR 959
ERROR 962
ERROR 968
ERROR 971
ERROR 972
ERROR 977
ERROR 979
ERROR 980
ERROR 981
ERROR 982
ERROR 984
ERROR 985
ERROR 988
ERROR 989
ERROR 990
ERROR 993
ERROR 995
ERROR 996
ERROR 997
ERROR 999
ERROR 1000
ERROR 1001
ERROR 1003
ERROR 1004
ERROR 1005
ERROR 1006
ERROR 1008
ERROR 1010
ERROR 1011
ERROR 1012
ERROR 1013
ERROR 1019
ERROR 1020
ERROR 1022
ERROR 1023
ERROR 1024
ERROR 1026
ERROR 1027
ERROR 1031
ERROR 1032
ERROR 1034
ERROR 1037
ERROR 1038
ERROR 1039
ERROR 1042
ERROR 1046
ERROR 1047
ERROR 1048
ERROR 1050
ERROR 1051
ERROR 1057
ERROR 1059
ERROR 1060
ERROR 1062
ERROR 1064
ERROR 1065
ERROR 1066
ERROR 1068
ERROR 1069
ERROR 1072
ERROR 1074
ERROR 1075
ERROR 1076
ERROR 1079
ERROR 1080
ERROR 1081
ERROR 1082
ERROR 1083
ERROR 1087
ERROR 1092
ERROR 1093
ERROR 1098
ERROR 1100
ERROR 1104
ERROR 1106
ERROR 1107
ERROR 1109
ERROR 1112
ERROR 1113
ERROR 1115
ERROR 1117
ERROR 1119
ERROR 1120
ERROR 1124
ERROR 1127
ERROR 1128
ERROR 1132
ERROR 1138
ERROR 1139
ERROR 1140
ERROR 1141
ERROR 1142
ERROR 1143
ERROR 1146
ERROR 1147
ERROR 1150
ERROR 1152
ERROR 1154
ERROR 1155
ERROR 1160
ERROR 1163
ERROR 1164
ERROR 1165
ERROR 1166
ERROR 1168
ERROR 1172
ERROR 1174
ERROR 1175
ERROR 1177
ERROR 1178
ERROR 1182
ERROR 1189
ERROR 1191
ERROR 1195
ERROR 1198
ERROR 1200
ERROR 1201
ERROR 1203
ERROR 1204
ERROR 1205
ERROR 1206
ERROR 1210
ERROR 1211
ERROR 1212
ERROR 1215
ERROR 1218
ERROR 1219
ERROR 1220
ERROR 1222
ERROR 1226
ERROR 1227
ERROR 1228
ERROR 1232
ERROR 1233
ERROR 1234
ERROR 1239
ERROR 1241
ERROR 1243
ERROR 1245
ERROR 1248
ERROR 1250
ERROR 1251
ERROR 1253
ERROR 1256
ERROR 1262
ERROR 1263
ERROR 1265
ERROR 1266
ERROR 1271
ERROR 1274
ERROR 1275
ERROR 1278
ERROR 1279
ERROR 1280
ERROR 1281
ERROR 1282
ERROR 1285
ERROR 1286
ERROR 1287
ERROR 1291
ERROR 1293
ERROR 1294
ERROR 1295
ERROR 1297
ERROR 1298
ERROR 1299
ERROR 1300
ERROR 1304
ERROR 1305
ERROR 1306
ERROR 1307
ERROR 1310
ERROR 1312
ERROR 1313
ERROR 1314
ERROR 1317
ERROR 1319
ERROR 1321
ERROR 1322
ERROR 1324
ERROR 1326
ERROR 1330
ERROR 1331
ERROR 1332
ERROR 1335
ERROR 1336
ERROR 1337
ERROR 1338
ERROR 1342
ERROR 1346
ERROR 1347
ERROR 1348
ERROR 1349
ERROR 1350
ERROR 1351
ERROR 1352
ERROR 1353
ERROR 1359
ERROR 1361
ERROR 1362
ERROR 1365
ERROR 1370
ERROR 1372
ERROR 1373
ERROR 1376
ERROR 1379
ERROR 1380
ERROR 1382
ERROR 1384
ERROR 1385
ERROR 1390
ERROR 1394
ERROR 1399
ERROR 1406
ERROR 1407
ERROR 1408
ERROR 1409
ERROR 1410
ERROR 1411
ERROR 1412
ERROR 1413
ERROR 1414
ERROR 1417
ERROR 1418
ERROR 1419
ERROR 1420
ERROR 1421
ERROR 1423
ERROR 1427
ERROR 1428
ERROR 1430
ERROR 1431
ERROR 1432
ERROR 1433
ERROR 1434
ERROR 1435
ERROR 1440
ERROR 1442
ERROR 1443
ERROR 1445
ERROR 1446
ERROR 1450
ERROR 1456
ERROR 1457
ERROR 1458
ERROR 1459
ERROR 1460
ERROR 1461
ERROR 1462
ERROR 1464
ERROR 1465
ERROR 1466
ERROR 1467
ERROR 1469
ERROR 1470
ERROR 1471
ERROR 1472
ERROR 1473
ERROR 1474
ERROR 1476
ERROR 1482
ERROR 1484
ERROR 1488
ERROR 1489
ERROR 1491
ERROR 1499
ERROR 1500
ERROR 1501
ERROR 1504
ERROR 1506
ERROR 1509
ERROR 1512
ERROR 1513
ERROR 1519
ERROR 1520
ERROR 1522
ERROR 1523
ERROR 1525
ERROR 1526
ERROR 1527
ERROR 1528
ERROR 1529
ERROR 1530
ERROR 1540
ERROR 1545
ERROR 1546
ERROR 1549
ERROR 1551
ERROR 1554
ERROR 1555
ERROR 1560
ERROR 1562
ERROR 1564
ERROR 1565
ERROR 1567
ERROR 1571
ERROR 1574
ERROR 1576
ERROR 1580
ERROR 1581
ERROR 1585
ERROR 1587
ERROR 1588
ERROR 1590
ERROR 1591
ERROR 1592
ERROR 1595
ERROR 1599
ERROR 1602
ERROR 1605
ERROR 1608
ERROR 1612
ERROR 1614
ERROR 1615
ERROR 1617
ERROR 1619
ERROR 1620
ERROR 1623
ERROR 1629
ERROR 1630
ERROR 1632
ERROR 1633
ERROR 1638
ERROR 1639
ERROR 1640
ERROR 1641
ERROR 1648
ERROR 1651
ERROR 1652
ERROR 1654
ERROR 1655
ERROR 1658
ERROR 1660
ERROR 1661
ERROR 1663
ERROR 1665
ERROR 1666
ERROR 1668
ERROR 1671
ERROR 1673
ERROR 1674
ERROR 1675
ERROR 1676
ERROR 1677
ERROR 1682
ERROR 1689
ERROR 1690
ERROR 1691
ERROR 1693
ERROR 1694
ERROR 1695
ERROR 1696
ERROR 1697
ERROR 1701
ERROR 1703
ERROR 1704
ERROR 1707
ERROR 1708
ERROR 1710
ERROR 1716
ERROR 1717
ERROR 1720
ERROR 1721
ERROR 1723
ERROR 1726
ERROR 1730
ERROR 1732
ERROR 1733
ERROR 1735
ERROR 1737
ERROR 1738
ERROR 1740
ERROR 1744
ERROR 1745
ERROR 1746
ERROR 1749
ERROR 1752
ERROR 1753
ERROR 1755
ERROR 1756
ERROR 1762
ERROR 1763
ERROR 1765
ERROR 1766
ERROR 1767
ERROR 1768
ERROR 1771
ERROR 1773
ERROR 1774
ERROR 1775
ERROR 1779
ERROR 1789
ERROR 1791
ERROR 1792
ERROR 1793
ERROR 1794
ERROR 1795
ERROR 1796
ERROR 1797
ERROR 1799
ERROR 1801
ERROR 1804
ERROR 1806
ERROR 1809
ERROR 1810
ERROR 1812
ERROR 1813
ERROR 1814
ERROR 1816
ERROR 1817
ERROR 1819
ERROR 1820
ERROR 1823
ERROR 1825
ERROR 1826
ERROR 1827
ERROR 1828
ERROR 1830
ERROR 1832
ERROR 1833
ERROR 1834
ERROR 1835
ERROR 1836
ERROR 1837
ERROR 1838
ERROR 1839
ERROR 1840
ERROR 1841
ERROR 1843
ERROR 1844
ERROR 1850
ERROR 1851
ERROR 1854
ERROR 1855
ERROR 1857
ERROR 1859
ERROR 1860
ERROR 1861
ERROR 1862
ERROR 1863
ERROR 1865
ERROR 1866
ERROR 1868
ERROR 1871
ERROR 1877
