










134;city294;365;241;city225;171;450;city223;59;12;city127;463;308;city87;82;329;city75;439;332;city246;142;94;city221;498;219;city158
126;city134;179;366;city289;146;429;city173;12;34;city171;110;175;city237;313;196;city151;79;328;city247;156;217;city90;397;5;city250;457;17;city116;203;430;city56;186;257;city269;359;238;city89;89;459;city167

137;city258;252;304;city168;214;384;city199;365;388;city250;78;326;city77;75;71;city225;224;368;city201
170;city233;364;214;city66;164;471;city64;467;494;city124;250;499;city283;164;315;city247;287;384;city121;9;203;city216;260;15;city273;434;91;city263;484;409;city229;196;259;city116;438;409;city131
137;city258;252;304;city168;214;384;city199;365;388;city250;78;326;city77;75;71;city225;224;368;city201


167;city232;356;90;city136;339;87;city200;15;295;city111;57;300;city299;63;215;city261;339;195;city90;120;77;city142;35;58;city70;500;40;city257


173;city289;169;62;city218;328;143;city183;123;413;city169;418;52;city143;176;415;city54;18;221;city72;355;389;city225;414;98;city170



126;city134;179;366;city289;146;429;city173;12;34;city171;110;175;city237;313;196;city151;79;328;city247;156;217;city90;397;5;city250;457;17;city116;203;430;city56;186;257;city269;359;238;city89;89;459;city167




137;city258;252;304;city168;214;384;city199;365;388;city250;78;326;city77;75;71;city225;224;368;city201


148;city139;358;4;city114;56;387;city141;27;109;city50;260;217;city160;283;403;city134;403;173;city198;254;110;city283;106;256;city168
157;city279;51;373;city282;339;116;city167;361;201;city283
126;city134;179;366;city289;146;429;city173;12;34;city171;110;175;city237;313;196;city151;79;328;city247;156;217;city90;397;5;city250;457;17;city116;203;430;city56;186;257;city269;359;238;city89;89;459;city167
173;city289;169;62;city218;328;143;city183;123;413;city169;418;52;city143;176;415;city54;18;221;city72;355;389;city225;414;98;city170



174;city189;368;131;city152;168;206;city118
159;city182;103;369;city175;195;381;city272;201;249;city124;92;238;city72;212;360;city243;172;30;city299;301;242;city236;132;293;city85;443;166;city123

139;city247;94;224;city106;295;357;city101
134;city294;365;241;city225;171;450;city223;59;12;city127;463;308;city87;82;329;city75;439;332;city246;142;94;city221;498;219;city158


126;city134;179;366;city289;146;429;city173;12;34;city171;110;175;city237;313;196;city151;79;328;city247;156;217;city90;397;5;city250;457;17;city116;203;430;city56;186;257;city269;359;238;city89;89;459;city167

150;city114;215;393;city74;97;195;city238;457;392;city158;189;498;city260;265;113;city126;364;170;city66;208;267;city77;387;224;city146;62;396;city172;192;5;city129;430;13;city141;336;298;city107;72;299;city65;36;275;city239;414;264;city118;468;181;city224;148;475;city214;125;449;city225
166;city56;379;85;city296;93;259;city92;167;146;city169;414;343;city135;209;129;city154

174;city189;368;131;city152;168;206;city118
159;city182;103;369;city175;195;381;city272;201;249;city124;92;238;city72;212;360;city243;172;30;city299;301;242;city236;132;293;city85;443;166;city123


174;city189;368;131;city152;168;206;city118
170;city233;364;214;city66;164;471;city64;467;494;city124;250;499;city283;164;315;city247;287;384;city121;9;203;city216;260;15;city273;434;91;city263;484;409;city229;196;259;city116;438;409;city131




137;city258;252;304;city168;214;384;city199;365;388;city250;78;326;city77;75;71;city225;224;368;city201
138;city91;206;273;city104;231;127;city167;131;408;city117;263;148;city100;464;322;city76;248;407;city244;306;472;city217;319;277;city228;268;327;city84;120;106;city298;320;182;city259;318;369;city212


138;city91;206;273;city104;231;127;city167;131;408;city117;263;148;city100;464;322;city76;248;407;city244;306;472;city217;319;277;city228;268;327;city84;120;106;city298;320;182;city259;318;369;city212
147;city145;327;122;city151;482;140;city170;270;500;city168;470;206;city152
147;city145;327;122;city151;482;140;city170;270;500;city168;470;206;city152

139;city247;94;224;city106;295;357;city101


133;city81;400;462;city294;329;78;city91;165;78;city62;50;338;city103;240;320;city141;472;190;city205;254;428;city223;329;99;city192;183;219;city215;490;425;city106

147;city145;327;122;city151;482;140;city170;270;500;city168;470;206;city152
174;city189;368;131;city152;168;206;city118

159;city182;103;369;city175;195;381;city272;201;249;city124;92;238;city72;212;360;city243;172;30;city299;301;242;city236;132;293;city85;443;166;city123
174;city189;368;131;city152;168;206;city118

158;city143;178;223;city167;153;91;city215;194;224;city194;3;295;city200;426;349;city222;212;430;city119;327;434;city149

174;city189;368;131;city152;168;206;city118


147;city145;327;122;city151;482;140;city170;270;500;city168;470;206;city152
174;city189;368;131;city152;168;206;city118
127;city91;176;220;city171;350;296;city158;452;339;city84;171;455;city123;278;260;city178;255;184;city216;273;381;city138;359;475;city68;140;337;city262;355;52;city286;419;101;city62;370;143;city267;392;202;city179;45;363;city127;343;14;city228;43;445;city225;324;492;city185;259;74;city142
134;city294;365;241;city225;171;450;city223;59;12;city127;463;308;city87;82;329;city75;439;332;city246;142;94;city221;498;219;city158
157;city279;51;373;city282;339;116;city167;361;201;city283
149;city160;324;88;city208;429;254;city193;150;205;city235;446;169;city106;231;382;city153;401;432;city207;106;241;city75;182;121;city239;334;377;city229;156;445;city227;2;70;city177;18;132;city198;203;214;city53;323;247;city205
141;city297;255;447;city182;399;487;city251;426;342;city205;167;189;city98;28;166;city233;146;439;city202



147;city145;327;122;city151;482;140;city170;270;500;city168;470;206;city152
169;city162;172;329;city298


154;city165;158;296;city113;218;323;city292;314;115;city140;457;44;city228;444;336;city91;158;165;city183;123;225;city181;424;181;city245

147;city145;327;122;city151;482;140;city170;270;500;city168;470;206;city152
153;city271;181;361;city249
168;city110;487;121;city267;483;157;city177
125;city91;112;462;city240;66;257;city156;111;46;city69;464;249;city86;346;378;city175;256;155;city235;300;27;city151;297;371;city202;104;107;city210;290;366;city182;391;269;city269;446;181;city144;360;37;city282;180;6;city256;485;303;city286
159;city182;103;369;city175;195;381;city272;201;249;city124;92;238;city72;212;360;city243;172;30;city299;301;242;city236;132;293;city85;443;166;city123

138;city91;206;273;city104;231;127;city167;131;408;city117;263;148;city100;464;322;city76;248;407;city244;306;472;city217;319;277;city228;268;327;city84;120;106;city298;320;182;city259;318;369;city212
172;city242;396;483;city132;295;403;city252;53;330;city179
157;city279;51;373;city282;339;116;city167;361;201;city283
145;city151;114;197;city213;235;463;city159
134;city294;365;241;city225;171;450;city223;59;12;city127;463;308;city87;82;329;city75;439;332;city246;142;94;city221;498;219;city158

168;city110;487;121;city267;483;157;city177


125;city91;112;462;city240;66;257;city156;111;46;city69;464;249;city86;346;378;city175;256;155;city235;300;27;city151;297;371;city202;104;107;city210;290;366;city182;391;269;city269;446;181;city144;360;37;city282;180;6;city256;485;303;city286
134;city294;365;241;city225;171;450;city223;59;12;city127;463;308;city87;82;329;city75;439;332;city246;142;94;city221;498;219;city158
142;city258;305;34;city95;221;398;city73;412;267;city97;163;106;city154;19;451;city52
125;city91;112;462;city240;66;257;city156;111;46;city69;464;249;city86;346;378;city175;256;155;city235;300;27;city151;297;371;city202;104;107;city210;290;366;city182;391;269;city269;446;181;city144;360;37;city282;180;6;city256;485;303;city286
169;city162;172;329;city298
170;city233;364;214;city66;164;471;city64;467;494;city124;250;499;city283;164;315;city247;287;384;city121;9;203;city216;260;15;city273;434;91;city263;484;409;city229;196;259;city116;438;409;city131
172;city242;396;483;city132;295;403;city252;53;330;city179
147;city145;327;122;city151;482;140;city170;270;500;city168;470;206;city152
162;city232;413;493;city264;169;174;city61;159;242;city220;16;121;city116;18;108;city216;13;59;city236;67;239;city111;184;234;city149;171;432;city106;205;389;city63;92;279;city62;366;98;city223;77;91;city203;238;255;city185;127;480;city104;429;147;city243
146;city148;497;132;city146;60;113;city85;320;146;city218;480;159;city127;216;255;city99;410;351;city282;131;67;city246;493;454;city186;470;51;city95

149;city160;324;88;city208;429;254;city193;150;205;city235;446;169;city106;231;382;city153;401;432;city207;106;241;city75;182;121;city239;334;377;city229;156;445;city227;2;70;city177;18;132;city198;203;214;city53;323;247;city205
142;city258;305;34;city95;221;398;city73;412;267;city97;163;106;city154;19;451;city52
137;city258;252;304;city168;214;384;city199;365;388;city250;78;326;city77;75;71;city225;224;368;city201
163;city217;143;488;city88
156;city60;105;485;city220;253;134;city263;331;41;city175;275;130;city136;220;120;city204;485;43;city282;22;32;city133;17;185;city102;333;29;city294;357;172;city217;21;261;city104
163;city217;143;488;city88
135;city69;179;268;city177;89;67;city145;495;430;city114;104;329;city259;226;127;city67;138;197;city107;350;338;city75;462;98;city55
166;city56;379;85;city296;93;259;city92;167;146;city169;414;343;city135;209;129;city154
173;city289;169;62;city218;328;143;city183;123;413;city169;418;52;city143;176;415;city54;18;221;city72;355;389;city225;414;98;city170

129;city108;395;267;city153;42;454;city206;453;401;city61;89;106;city99;352;144;city123;356;370;city199;293;383;city53;476;473;city54;180;41;city257;339;146;city209;413;100;city244;150;455;city129;118;125;city260;430;303;city189;151;277;city248;137;341;city256;242;128;city271;219;321;city111;22;159;city251
163;city217;143;488;city88
149;city160;324;88;city208;429;254;city193;150;205;city235;446;169;city106;231;382;city153;401;432;city207;106;241;city75;182;121;city239;334;377;city229;156;445;city227;2;70;city177;18;132;city198;203;214;city53;323;247;city205
163;city217;143;488;city88
148;city139;358;4;city114;56;387;city141;27;109;city50;260;217;city160;283;403;city134;403;173;city198;254;110;city283;106;256;city168
126;city134;179;366;city289;146;429;city173;12;34;city171;110;175;city237;313;196;city151;79;328;city247;156;217;city90;397;5;city250;457;17;city116;203;430;city56;186;257;city269;359;238;city89;89;459;city167
158;city143;178;223;city167;153;91;city215;194;224;city194;3;295;city200;426;349;city222;212;430;city119;327;434;city149
164;city179;194;204;city128;77;413;city193;264;125;city55;308;235;city100;435;213;city157;463;465;city209;231;257;city235;212;19;city156;218;333;city293;450;136;city272;378;379;city196;395;119;city134;500;462;city284
157;city279;51;373;city282;339;116;city167;361;201;city283
145;city151;114;197;city213;235;463;city159
129;city108;395;267;city153;42;454;city206;453;401;city61;89;106;city99;352;144;city123;356;370;city199;293;383;city53;476;473;city54;180;41;city257;339;146;city209;413;100;city244;150;455;city129;118;125;city260;430;303;city189;151;277;city248;137;341;city256;242;128;city271;219;321;city111;22;159;city251
144;city121;388;388;city61;44;404;city242;283;462;city276;108;45;city108;179;401;city209;45;106;city101;438;132;city180;376;232;city292;87;462;city190;116;96;city134;247;102;city228;85;490;city232;116;488;city251;267;102;city270;327;454;city281;166;408;city183;29;466;city124;207;226;city178

145;city151;114;197;city213;235;463;city159
139;city247;94;224;city106;295;357;city101
135;city69;179;268;city177;89;67;city145;495;430;city114;104;329;city259;226;127;city67;138;197;city107;350;338;city75;462;98;city55
141;city297;255;447;city182;399;487;city251;426;342;city205;167;189;city98;28;166;city233;146;439;city202
148;city139;358;4;city114;56;387;city141;27;109;city50;260;217;city160;283;403;city134;403;173;city198;254;110;city283;106;256;city168
125;city91;112;462;city240;66;257;city156;111;46;city69;464;249;city86;346;378;city175;256;155;city235;300;27;city151;297;371;city202;104;107;city210;290;366;city182;391;269;city269;446;181;city144;360;37;city282;180;6;city256;485;303;city286
129;city108;395;267;city153;42;454;city206;453;401;city61;89;106;city99;352;144;city123;356;370;city199;293;383;city53;476;473;city54;180;41;city257;339;146;city209;413;100;city244;150;455;city129;118;125;city260;430;303;city189;151;277;city248;137;341;city256;242;128;city271;219;321;city111;22;159;city251
171;city251;364;339;city222;265;303;city81;401;488;city195;238;118;city284;332;129;city230
145;city151;114;197;city213;235;463;city159
153;city271;181;361;city249
134;city294;365;241;city225;171;450;city223;59;12;city127;463;308;city87;82;329;city75;439;332;city246;142;94;city221;498;219;city158
161;city231;498;193;city55;137;117;city267;111;458;city220;200;404;city95;311;218;city131;494;176;city98;342;184;city217;182;181;city123;488;348;city211;468;360;city288;498;100;city257;392;231;city243
169;city162;172;329;city298
158;city143;178;223;city167;153;91;city215;194;224;city194;3;295;city200;426;349;city222;212;430;city119;327;434;city149
136;city159;75;166;city141;206;434;city52;316;310;city249;444;118;city206;264;21;city292;64;485;city235;210;300;city76;279;345;city173;145;390;city111;370;489;city78;382;443;city234;468;194;city192;351;131;city84;293;155;city93;250;483;city252;451;129;city102
153;city271;181;361;city249

128;city167;356;200;city157;204;146;city93;275;205;city170;331;266;city285;401;105;city226;113;185;city249;281;478;city86
164;city179;194;204;city128;77;413;city193;264;125;city55;308;235;city100;435;213;city157;463;465;city209;231;257;city235;212;19;city156;218;333;city293;450;136;city272;378;379;city196;395;119;city134;500;462;city284
125;city91;112;462;city240;66;257;city156;111;46;city69;464;249;city86;346;378;city175;256;155;city235;300;27;city151;297;371;city202;104;107;city210;290;366;city182;391;269;city269;446;181;city144;360;37;city282;180;6;city256;485;303;city286
143;city262;132;407;city96;500;165;city107;77;404;city148;43;274;city86;51;213;city156;199;229;city85;25;491;city135;346;95;city71;167;328;city181;192;337;city296;194;259;city68;348;252;city236;496;388;city214;487;277;city231;321;244;city110;189;270;city94;382;44;city202;49;362;city237;47;172;city242
157;city279;51;373;city282;339;116;city167;361;201;city283
146;city148;497;132;city146;60;113;city85;320;146;city218;480;159;city127;216;255;city99;410;351;city282;131;67;city246;493;454;city186;470;51;city95
135;city69;179;268;city177;89;67;city145;495;430;city114;104;329;city259;226;127;city67;138;197;city107;350;338;city75;462;98;city55
159;city182;103;369;city175;195;381;city272;201;249;city124;92;238;city72;212;360;city243;172;30;city299;301;242;city236;132;293;city85;443;166;city123
156;city60;105;485;city220;253;134;city263;331;41;city175;275;130;city136;220;120;city204;485;43;city282;22;32;city133;17;185;city102;333;29;city294;357;172;city217;21;261;city104
163;city217;143;488;city88
167;city232;356;90;city136;339;87;city200;15;295;city111;57;300;city299;63;215;city261;339;195;city90;120;77;city142;35;58;city70;500;40;city257
150;city114;215;393;city74;97;195;city238;457;392;city158;189;498;city260;265;113;city126;364;170;city66;208;267;city77;387;224;city146;62;396;city172;192;5;city129;430;13;city141;336;298;city107;72;299;city65;36;275;city239;414;264;city118;468;181;city224;148;475;city214;125;449;city225
168;city110;487;121;city267;483;157;city177
152;city138;237;473;city74;188;220;city216;477;358;city104;432;103;city88;394;373;city283;365;56;city119;262;89;city189;436;245;city241;49;347;city211
157;city279;51;373;city282;339;116;city167;361;201;city283
135;city69;179;268;city177;89;67;city145;495;430;city114;104;329;city259;226;127;city67;138;197;city107;350;338;city75;462;98;city55
138;city91;206;273;city104;231;127;city167;131;408;city117;263;148;city100;464;322;city76;248;407;city244;306;472;city217;319;277;city228;268;327;city84;120;106;city298;320;182;city259;318;369;city212
128;city167;356;200;city157;204;146;city93;275;205;city170;331;266;city285;401;105;city226;113;185;city249;281;478;city86
126;city134;179;366;city289;146;429;city173;12;34;city171;110;175;city237;313;196;city151;79;328;city247;156;217;city90;397;5;city250;457;17;city116;203;430;city56;186;257;city269;359;238;city89;89;459;city167
146;city148;497;132;city146;60;113;city85;320;146;city218;480;159;city127;216;255;city99;410;351;city282;131;67;city246;493;454;city186;470;51;city95
154;city165;158;296;city113;218;323;city292;314;115;city140;457;44;city228;444;336;city91;158;165;city183;123;225;city181;424;181;city245
127;city91;176;220;city171;350;296;city158;452;339;city84;171;455;city123;278;260;city178;255;184;city216;273;381;city138;359;475;city68;140;337;city262;355;52;city286;419;101;city62;370;143;city267;392;202;city179;45;363;city127;343;14;city228;43;445;city225;324;492;city185;259;74;city142
166;city56;379;85;city296;93;259;city92;167;146;city169;414;343;city135;209;129;city154
140;city94;219;328;city266;399;424;city147;250;78;city203;113;239;city204;391;248;city83;421;58;city117;88;167;city70;250;494;city178;169;248;city101;432;408;city265;255;185;city210;478;356;city163;173;71;city257
148;city139;358;4;city114;56;387;city141;27;109;city50;260;217;city160;283;403;city134;403;173;city198;254;110;city283;106;256;city168
137;city258;252;304;city168;214;384;city199;365;388;city250;78;326;city77;75;71;city225;224;368;city201
162;city232;413;493;city264;169;174;city61;159;242;city220;16;121;city116;18;108;city216;13;59;city236;67;239;city111;184;234;city149;171;432;city106;205;389;city63;92;279;city62;366;98;city223;77;91;city203;238;255;city185;127;480;city104;429;147;city243
149;city160;324;88;city208;429;254;city193;150;205;city235;446;169;city106;231;382;city153;401;432;city207;106;241;city75;182;121;city239;334;377;city229;156;445;city227;2;70;city177;18;132;city198;203;214;city53;323;247;city205
153;city271;181;361;city249
136;city159;75;166;city141;206;434;city52;316;310;city249;444;118;city206;264;21;city292;64;485;city235;210;300;city76;279;345;city173;145;390;city111;370;489;city78;382;443;city234;468;194;city192;351;131;city84;293;155;city93;250;483;city252;451;129;city102
164;city179;194;204;city128;77;413;city193;264;125;city55;308;235;city100;435;213;city157;463;465;city209;231;257;city235;212;19;city156;218;333;city293;450;136;city272;378;379;city196;395;119;city134;500;462;city284
130;city195;437;428;city297;227;211;city252;217;191;city272;75;181;city199;71;483;city293
136;city159;75;166;city141;206;434;city52;316;310;city249;444;118;city206;264;21;city292;64;485;city235;210;300;city76;279;345;city173;145;390;city111;370;489;city78;382;443;city234;468;194;city192;351;131;city84;293;155;city93;250;483;city252;451;129;city102
136;city159;75;166;city141;206;434;city52;316;310;city249;444;118;city206;264;21;city292;64;485;city235;210;300;city76;279;345;city173;145;390;city111;370;489;city78;382;443;city234;468;194;city192;351;131;city84;293;155;city93;250;483;city252;451;129;city102
125;city91;112;462;city240;66;257;city156;111;46;city69;464;249;city86;346;378;city175;256;155;city235;300;27;city151;297;371;city202;104;107;city210;290;366;city182;391;269;city269;446;181;city144;360;37;city282;180;6;city256;485;303;city286
128;city167;356;200;city157;204;146;city93;275;205;city170;331;266;city285;401;105;city226;113;185;city249;281;478;city86
132;city242;339;306;city155;465;221;city125;315;233;city264
171;city251;364;339;city222;265;303;city81;401;488;city195;238;118;city284;332;129;city230
151;city133;11;129;city266;32;233;city234;447;244;city58;188;352;city218;20;324;city124;72;25;city67;409;439;city141;55;383;city208;27;254;city102;500;410;city227
144;city121;388;388;city61;44;404;city242;283;462;city276;108;45;city108;179;401;city209;45;106;city101;438;132;city180;376;232;city292;87;462;city190;116;96;city134;247;102;city228;85;490;city232;116;488;city251;267;102;city270;327;454;city281;166;408;city183;29;466;city124;207;226;city178
134;city294;365;241;city225;171;450;city223;59;12;city127;463;308;city87;82;329;city75;439;332;city246;142;94;city221;498;219;city158
165;city83;323;173;city109;280;384;city116;214;311;city228;289;149;city123;401;456;city132
163;city217;143;488;city88
136;city159;75;166;city141;206;434;city52;316;310;city249;444;118;city206;264;21;city292;64;485;city235;210;300;city76;279;345;city173;145;390;city111;370;489;city78;382;443;city234;468;194;city192;351;131;city84;293;155;city93;250;483;city252;451;129;city102
128;city167;356;200;city157;204;146;city93;275;205;city170;331;266;city285;401;105;city226;113;185;city249;281;478;city86
152;city138;237;473;city74;188;220;city216;477;358;city104;432;103;city88;394;373;city283;365;56;city119;262;89;city189;436;245;city241;49;347;city211
169;city162;172;329;city298
146;city148;497;132;city146;60;113;city85;320;146;city218;480;159;city127;216;4525;city99;410;351;city282;131;67;city246;493;454;city186;470;51;city95
145;city151;114;197;city213;235;463;city159
168;city110;487;121;city267;483;157;city177
149;city160;324;88;city208;429;254;city193;150;205;city235;446;169;city106;231;382;city153;401;432;city207;106;241;city75;182;121;city239;334;377;city229;156;445;city227;2;70;city177;18;132;city198;203;214;city53;323;247;city205

138;city91;206;273;city104;231;127;city167;131;408;city117;263;148;city100;464;322;city76;248;407;city244;306;472;city217;319;277;city228;268;327;city84;120;106;city298;320;182;city259;318;369;city212
150;city114;215;393;city74;97;195;city238;457;392;city158;189;498;city260;265;113;city126;364;170;city66;208;8429;city77;387;224;city146;62;396;city172;192;5;city129;430;13;city141;336;298;city107;72;299;city65;36;275;city239;414;264;city118;468;181;city224;148;475;city214;125;449;city225
143;city262;132;407;city96;500;165;city107;77;404;city148;43;274;city86;51;213;city156;199;229;city85;25;491;city135;346;95;city71;167;328;city181;192;337;city296;194;259;city68;348;252;city236;496;388;city214;487;277;city231;321;244;city110;189;270;city94;382;44;city202;49;362;city237;47;172;city242
133;city81;400;462;city294;329;78;city91;165;78;city62;50;338;city103;240;320;city141;472;190;city205;254;428;city223;329;99;city192;183;219;city215;490;425;city106
138;city91;206;273;city104;231;127;city167;131;408;city117;263;148;city100;464;322;city76;248;407;city244;306;472;city217;319;277;city228;268;327;city84;120;106;city298;320;182;city259;318;369;city212
135;city69;179;268;city177;89;67;city145;495;430;city114;104;329;city259;226;127;city67;138;197;city107;350;338;city75;462;98;city55
138;city91;206;273;city104;231;127;city167;131;408;city117;263;148;city100;464;322;city76;248;407;city244;306;472;city217;319;277;city228;268;327;city84;120;106;city298;320;182;city259;318;369;city212
166;city56;379;85;city296;93;259;city92;167;146;city169;414;343;city135;209;129;city154
139;city247;94;224;city106;295;357;city101
153;city271;181;361;city249
147;city145;327;122;city151;482;140;city170;270;500;city168;470;206;city152
163;city217;143;488;city88
155;city131;39;450;city92;168;392;city82;35;50;city198;306;120;city230;136;395;city170;185;47;city146;176;444;city290;372;213;city155;281;404;city298;11;272;city139;96;151;city112;411;288;city57;467;473;city183;42;495;city116;249;429;city129;352;485;city235;28;262;city130;198;138;city137;49;125;city299
143;city262;132;407;city96;500;165;city107;77;404;city148;43;274;city86;51;213;city156;199;229;city85;25;491;city135;346;95;city71;167;328;city181;192;337;city296;194;259;city68;348;252;city236;496;388;city214;487;277;city231;321;244;city110;189;270;city94;382;44;city202;49;362;city237;47;172;city242
141;city297;255;447;city182;399;487;city251;426;342;city205;167;189;city98;28;166;city233;146;439;city202
152;city138;237;473;city74;188;220;city216;477;358;city104;432;103;city88;394;373;city283;365;56;city119;262;89;city189;436;245;city241;49;347;city211
130;city195;437;428;city297;227;211;city252;217;191;city272;75;181;city199;71;483;city293
162;city232;413;493;city264;169;174;city61;159;242;city220;16;121;city116;18;108;city216;13;59;city236;67;239;city111;184;234;city149;171;432;city106;205;389;city63;92;279;city62;366;98;city223;77;91;city203;238;255;city185;127;480;city104;429;147;city243
172;city242;396;483;city132;295;403;city252;53;330;city179
148;city139;358;4;city114;56;387;city141;27;109;city50;260;217;city160;283;403;city134;403;173;city198;254;110;city283;106;256;city168
171;city251;364;339;city222;265;303;city81;401;488;city195;238;118;city284;332;129;city230
140;city94;219;328;city266;399;424;city147;250;78;city203;113;239;city204;391;248;city83;421;58;city117;88;167;city70;250;494;city178;169;248;city101;432;408;city265;255;185;city210;478;356;city163;173;71;city257
174;city189;368;131;city152;168;206;city118
135;city69;179;268;city177;89;67;city145;495;430;city114;104;329;city259;226;127;city67;138;197;city107;350;338;city75;462;98;city55
170;city233;364;214;city66;164;471;city64;467;494;city124;250;499;city283;164;315;city247;287;384;city121;9;203;city216;260;15;city273;434;91;city263;484;409;city229;196;259;city116;438;409;city131
131;city233;74;453;city57;373;395;city74
173;city289;169;62;city218;328;143;city183;123;413;city169;418;52;city143;176;415;city54;18;221;city72;355;389;city225;414;98;city170
146;city148;497;132;city146;60;113;city85;320;146;city218;480;159;city127;216;4525;city99;410;351;city282;131;67;city246;493;454;city186;470;51;city95
137;city258;252;304;city168;214;384;city199;365;388;city250;78;326;city77;75;71;city225;224;368;city201
167;city232;356;90;city136;339;87;city200;15;295;city111;57;300;city299;63;215;city261;339;195;city90;120;77;city142;35;58;city70;500;40;city257
125;city91;112;462;city240;66;257;city156;111;46;city69;464;249;city86;346;378;city175;256;155;city235;300;27;city151;297;371;city202;104;107;city210;290;366;city182;391;269;city269;446;181;city144;360;37;city282;180;6;city256;485;303;city286
141;city297;255;447;city182;399;487;city251;426;342;city205;167;189;city98;28;166;city233;146;439;city202
144;city121;388;388;city61;44;404;city242;283;462;city276;108;45;city108;179;401;city209;45;106;city101;438;132;city180;376;232;city292;87;462;city190;116;96;city134;247;102;city228;85;490;city232;116;488;city251;267;102;city270;327;454;city281;166;408;city183;29;466;city124;207;226;city178
174;city189;368;131;city152;168;206;city118
148;city139;358;4;city114;56;387;city141;27;109;city50;260;217;city160;283;403;city134;403;173;city198;254;110;city283;106;256;city168
171;city251;364;339;city222;265;303;city81;401;488;city195;238;118;city284;332;129;city230
135;city69;179;268;city177;89;67;city145;495;430;city114;104;329;city259;226;127;city67;138;197;city107;350;338;city75;462;98;city55
151;city133;11;129;city266;32;233;city234;447;244;city58;188;352;city218;20;324;city124;72;25;city67;409;439;city141;55;383;city208;27;254;city102;500;410;city227
170;city233;364;214;city66;164;471;city64;467;494;city124;250;499;city283;164;315;city247;287;384;city121;9;203;city216;260;15;city273;434;91;city263;484;409;city229;196;259;city116;438;409;city131
135;city69;179;268;city177;89;67;city145;495;430;city114;104;329;city259;226;127;city67;138;197;city107;350;338;city75;462;98;city55
127;city91;176;220;city171;350;296;city158;452;339;city84;171;455;city123;278;260;city178;255;184;city216;273;381;city138;359;475;city68;140;337;city262;355;52;city286;419;101;city62;370;143;city267;392;202;city179;45;363;city127;343;14;city228;43;445;city225;324;492;city185;259;74;city142
161;city231;498;193;city55;137;117;city267;111;458;city220;200;404;city95;311;218;city131;494;176;city98;342;184;city217;182;181;city123;488;348;city211;468;360;city288;498;100;city257;392;231;city243

145;city151;114;197;city213;235;463;city159
162;city232;413;493;city264;169;174;city61;159;242;city220;16;121;city116;18;108;city216;13;59;city236;67;239;city111;184;234;city149;171;432;city106;205;389;city63;92;279;city62;366;98;city223;77;91;city203;238;255;city185;127;480;city104;429;147;city243
155;city131;39;450;city92;168;392;city82;35;50;city198;306;120;city230;136;395;city170;185;47;city146;176;444;city290;372;213;city155;281;404;city298;11;272;city139;96;151;city112;411;288;city57;467;473;city183;42;495;city116;249;429;city129;352;485;city235;28;262;city130;198;138;city137;49;125;city299
174;city189;368;131;city152;168;206;city118
131;city233;74;453;city57;373;395;city74
163;city217;143;488;city88
128;city167;356;200;city157;204;146;city93;275;205;city170;331;266;city285;401;105;city226;113;185;city249;281;478;city86
130;city195;437;428;city297;227;211;city252;217;191;city272;75;181;city199;71;483;city293
161;city231;498;193;city55;137;117;city267;111;458;city220;200;404;city95;311;218;city131;494;176;city98;342;184;city217;182;181;city123;488;348;city211;468;360;city288;498;100;city257;392;231;city243
173;city289;169;62;city218;328;143;city183;123;413;city169;418;52;city143;176;415;city54;18;221;city72;355;389;city225;414;98;city170
140;city94;219;328;city266;399;424;city147;250;78;city203;113;239;city204;391;248;city83;421;58;city117;88;167;city70;250;494;city178;169;248;city101;432;408;city265;255;185;city210;478;356;city163;173;71;city257
150;city114;215;393;city74;97;195;city238;457;392;city158;189;498;city260;265;113;city126;364;170;city66;208;8429;city77;387;224;city146;62;396;city172;192;5;city129;430;13;city141;336;298;city107;72;299;city65;36;275;city239;414;264;city118;468;181;city224;148;475;city214;125;449;city225
163;city217;143;488;city88
165;city83;323;173;city109;280;384;city116;214;311;city228;289;149;city123;401;456;city132
139;city247;94;224;city106;295;357;city101
172;city242;396;483;city132;295;403;city252;53;330;city179
128;city167;356;200;city157;204;146;city93;275;205;city170;331;266;city285;401;105;city226;113;185;city249;281;478;city86
170;city233;364;214;city66;164;471;city64;467;494;city124;250;499;city283;164;315;city247;287;384;city121;9;203;city216;260;15;city273;434;91;city263;484;409;city229;196;259;city116;438;409;city131
147;city145;327;122;city151;482;140;city170;270;500;city168;470;206;city152
153;city271;181;361;city249
154;city165;158;296;city113;218;323;city292;314;115;city140;457;44;city228;444;336;city91;158;165;city183;123;225;city181;424;181;city245
134;city294;365;241;city225;171;450;city223;59;12;city127;463;308;city87;82;329;city75;439;332;city246;142;94;city221;498;219;city158
142;city258;305;34;city95;221;398;city73;412;267;city97;163;106;city154;19;451;city52
145;city151;114;197;city213;235;463;city159
140;city94;219;328;city266;399;424;city147;250;78;city203;113;239;city204;391;248;city83;421;58;city117;88;167;city70;250;494;city178;169;248;city101;432;408;city265;255;185;city210;478;356;city163;173;71;city257
168;city110;487;121;city267;483;157;city177

162;city232;413;493;city264;169;174;city61;159;242;city220;16;121;city116;18;108;city216;13;59;city236;67;239;city111;184;234;city149;171;432;city106;205;389;city63;92;279;city62;366;98;city223;77;91;city203;238;255;city185;127;480;city104;429;147;city243
169;city162;172;329;city298
135;city69;179;268;city177;89;67;city145;495;430;city114;104;329;city259;226;127;city67;138;197;city107;350;338;city75;462;98;city55
142;city258;305;34;city95;221;398;city73;412;267;city97;163;106;city154;19;451;city52
156;city60;105;485;city220;253;134;city263;331;41;city175;275;130;city136;220;120;city204;485;43;city282;22;32;city133;17;185;city102;333;29;city294;357;172;city217;21;261;city104
138;city91;206;273;city104;231;127;city167;131;408;city117;263;148;city100;464;322;city76;248;407;city244;306;472;city217;319;277;city228;268;327;city84;120;106;city298;320;182;city259;318;369;city212
163;city217;143;488;city88
148;city139;358;4;city114;56;387;city141;27;109;city50;260;217;city160;283;403;city134;403;173;city198;254;110;city283;106;256;city168
153;city271;181;361;city249
163;city217;143;488;city88
130;city195;437;428;city297;227;211;city252;217;191;city272;75;181;city199;71;483;city293
161;city231;498;193;city55;137;117;city267;111;458;city220;200;404;city95;311;218;city131;494;176;city98;342;184;city217;182;181;city123;488;348;city211;468;360;city288;498;100;city257;392;231;city243
165;city83;323;173;city109;280;384;city116;214;311;city228;289;149;city123;401;456;city132
173;city289;169;62;city218;328;143;city183;123;413;city169;418;52;city143;176;415;city54;18;221;city72;355;389;city225;414;98;city170
163;city217;143;488;city88
148;city139;358;4;city114;56;387;city141;27;109;city50;260;217;city160;283;403;city134;403;173;city198;254;110;city283;106;256;city168
170;city233;364;214;city66;164;471;city64;467;494;city124;250;499;city283;164;315;city247;287;384;city121;9;203;city216;260;15;city273;434;91;city263;484;409;city229;196;259;city116;438;409;city131
137;city258;252;304;city168;214;384;city199;365;388;city250;78;326;city77;75;71;city225;224;368;city201

156;city60;105;485;city220;253;134;city263;331;41;city175;275;130;city136;220;120;city204;485;43;city282;22;32;city133;17;185;city102;333;29;city294;357;172;city217;21;261;city104
129;city108;395;267;city153;42;454;city206;453;401;city61;89;106;city99;352;144;city123;356;370;city199;293;383;city53;476;473;city54;180;41;city257;339;146;city209;413;100;city244;150;455;city129;118;125;city260;430;303;city189;151;277;city248;137;341;city256;242;128;city271;219;321;city111;22;159;city251
163;city217;143;488;city88
151;city133;11;129;city266;32;233;city234;447;244;city58;188;352;city218;20;324;city124;72;25;city67;409;439;city141;55;383;city208;27;254;city102;500;410;city227
150;city114;215;393;city74;97;195;city238;457;392;city158;189;498;city260;265;113;city126;364;170;city66;208;8429;city77;387;224;city146;62;396;city172;192;5;city129;430;13;city141;336;298;city107;72;299;city65;36;275;city239;414;264;city118;468;181;city224;148;475;city214;125;449;city225
158;city143;178;223;city167;153;91;city215;194;224;city194;3;295;city200;426;349;city222;212;430;city119;327;434;city149
131;city233;74;453;city57;373;395;city74
150;city114;215;393;city74;97;195;city238;457;392;city158;189;498;city260;265;113;city126;364;170;city66;208;8429;city77;387;224;city146;62;396;city172;192;5;city129;430;13;city141;336;298;city107;72;299;city65;36;275;city239;414;264;city118;468;181;city224;148;475;city214;125;449;city225
146;city148;497;132;city146;60;113;city85;320;146;city218;480;159;city127;216;4525;city99;410;351;city282;131;67;city246;493;454;city186;470;51;city95
125;city91;112;462;city240;66;257;city156;111;46;city69;464;249;city86;346;378;city175;256;155;city235;300;27;city151;297;371;city202;104;107;city210;290;366;city182;391;269;city269;446;181;city144;360;37;city282;180;6;city256;485;303;city286
137;city258;252;304;city168;214;384;city199;365;388;city250;78;326;city77;75;71;city225;224;368;city201
174;city189;368;131;city152;168;206;city118
134;city294;365;241;city225;171;450;city223;59;12;city127;463;308;city87;82;329;city75;439;332;city246;142;94;city221;498;219;city158
126;city134;179;366;city289;146;429;city173;12;34;city171;110;175;city237;313;196;city151;79;328;city247;156;217;city90;397;5;city250;457;17;city116;203;430;city56;186;257;city269;359;238;city89;89;459;city167
152;city138;237;473;city74;188;220;city216;477;358;city104;432;103;city88;394;373;city283;365;56;city119;262;89;city189;436;245;city241;49;347;city211
139;city247;94;224;city106;295;357;city101
169;city162;172;329;city298
146;city148;497;132;city146;60;113;city85;320;146;city218;480;159;city127;216;4525;city99;410;351;city282;131;67;city246;493;454;city186;470;51;city95
164;city179;194;204;city128;77;413;city193;264;125;city55;308;235;city100;435;213;city157;463;465;city209;231;257;city235;212;19;city156;218;333;city293;450;136;city272;378;379;city196;395;119;city134;500;462;city284
137;city258;252;304;city168;214;384;city199;365;388;city250;78;326;city77;75;71;city225;224;368;city201
136;city159;75;166;city141;206;434;city52;316;310;city249;444;118;city206;264;21;city292;64;485;city235;210;300;city76;279;345;city173;145;390;city111;370;489;city78;382;443;city234;468;194;city192;351;131;city84;293;155;city93;250;483;city252;451;129;city102
127;city91;176;220;city171;350;296;city158;452;339;city84;171;455;city123;278;260;city178;255;184;city216;273;381;city138;359;475;city68;140;337;city262;355;52;city286;419;101;city62;370;143;city267;392;202;city179;45;363;city127;343;14;city228;43;445;city225;324;492;city185;259;74;city142
129;city108;395;267;city153;42;454;city206;453;401;city61;89;106;city99;352;144;city123;356;370;city199;293;383;city53;476;473;city54;180;41;city257;339;146;city209;413;100;city244;150;455;city129;118;125;city260;430;303;city189;151;277;city248;137;341;city256;242;128;city271;219;321;city111;22;159;city251
131;city233;74;453;city57;373;395;city74
144;city121;388;388;city61;44;404;city242;283;462;city276;108;45;city108;179;401;city209;45;106;city101;438;132;city180;376;232;city292;87;462;city190;116;96;city134;247;102;city228;85;490;city232;116;488;city251;267;102;city270;327;454;city281;166;408;city183;29;466;city124;207;226;city178
132;city242;339;306;city155;465;221;city125;315;233;city264
130;city195;437;428;city297;227;211;city252;217;191;city272;75;181;city199;71;483;city293
145;city151;114;197;city213;235;463;city159
159;city182;103;369;city175;195;381;city272;201;249;city124;92;238;city72;212;360;city243;172;30;city299;301;242;city236;132;293;city85;443;166;city123
172;city242;396;483;city132;295;403;city252;53;330;city179
142;city258;305;34;city95;221;398;city73;412;267;city97;163;106;city154;19;451;city52
150;city114;215;393;city74;97;195;city238;457;392;city158;189;498;city260;265;113;city126;364;170;city66;208;8429;city77;387;224;city146;62;396;city172;192;5;city129;430;13;city141;336;298;city107;72;299;city65;36;275;city239;414;264;city118;468;181;city224;148;475;city214;125;449;city225
134;city294;365;241;city225;171;450;city223;59;12;city127;463;308;city87;82;329;city75;439;332;city246;142;94;city221;498;219;city158
153;city271;181;361;city249
142;city258;305;34;city95;221;398;city73;412;267;city97;163;106;city154;19;451;city52
162;city232;413;493;city264;169;174;city61;159;242;city220;16;121;city116;18;108;city216;13;59;city236;67;239;city111;184;234;city149;171;432;city106;205;389;city63;92;279;city62;366;98;city223;77;91;city203;238;255;city185;127;480;city104;429;147;city243
148;city139;358;4;city114;56;387;city141;27;109;city50;260;217;city160;283;403;city134;403;173;city198;254;110;city283;106;256;city168
139;city247;94;224;city106;295;357;city101
139;city247;94;224;city106;295;357;city101
165;city83;323;173;city109;280;384;city116;214;311;city228;289;149;city123;401;456;city132
129;city108;395;267;city153;42;454;city206;453;401;city61;89;106;city99;352;144;city123;356;370;city199;293;383;city53;476;473;city54;180;41;city257;339;146;city209;413;100;city244;150;455;city129;118;125;city260;430;303;city189;151;277;city248;137;341;city256;242;128;city271;219;321;city111;22;159;city251
169;city162;172;329;city298
135;city69;179;268;city177;89;67;city145;495;430;city114;104;329;city259;226;127;city67;138;197;city107;350;338;city75;462;98;city55
160;city56;68;457;city274;380;47;city90;396;10;city201;121;493;city192;424;27;city81;220;270;city271;189;90;city170;98;338;city214;93;249;city189
142;city258;305;34;city95;221;398;city73;412;267;city97;163;106;city154;19;451;city52
129;city108;395;267;city153;42;454;city206;453;401;city61;89;106;city99;352;144;city123;356;370;city199;293;383;city53;476;473;city54;180;41;city257;339;146;city209;413;100;city244;150;455;city129;118;125;city260;430;303;city189;151;277;city248;137;341;city256;242;128;city271;219;321;city111;22;159;city251
140;city94;219;328;city266;399;424;city147;250;78;city203;113;239;city204;391;248;city83;421;58;city117;88;167;city70;250;494;city178;169;248;city101;432;408;city265;255;185;city210;478;356;city163;173;71;city257
166;city56;379;85;city296;93;259;city92;167;146;city169;414;343;city135;209;129;city154
147;city145;327;122;city151;482;140;city170;270;500;city168;470;206;city152
139;city247;94;224;city106;295;357;city101
169;city162;172;329;city298
131;city233;74;453;city57;373;395;city74
169;city162;172;329;city298
161;city231;498;193;city55;137;117;city267;111;458;city220;200;404;city95;311;218;city131;494;176;city98;342;184;city217;182;181;city123;488;348;city211;468;360;city288;498;100;city257;392;231;city243
142;city258;305;34;city95;221;398;city73;412;267;city97;163;106;city154;19;451;city52
174;city189;368;131;city152;168;206;city118
139;city247;94;224;city106;295;357;city101
161;city231;498;193;city55;137;117;city267;111;458;city220;200;404;city95;311;218;city131;494;176;city98;342;184;city217;182;181;city123;488;348;city211;468;360;city288;498;100;city257;392;231;city243
169;city162;172;329;city298
158;city143;178;223;city167;153;91;city215;194;224;city194;3;295;city200;426;349;city222;212;430;city119;327;434;city149
157;city279;51;373;city282;339;116;city167;361;201;city283
157;city279;51;373;city282;339;116;city167;361;201;city283
166;city56;379;85;city296;93;259;city92;167;146;city169;414;343;city135;209;129;city154
156;city60;105;485;city220;253;134;city263;331;41;city175;275;130;city136;220;120;city204;485;43;city282;22;32;city133;17;185;city102;333;29;city294;357;172;city217;21;261;city104
141;city297;255;447;city182;399;487;city251;426;342;city205;167;189;city98;28;166;city233;146;439;city202
150;city114;215;393;city74;97;195;city238;457;392;city158;189;498;city260;265;113;city126;364;170;city66;208;8429;city77;387;224;city146;62;396;city172;192;5;city129;430;13;city141;336;298;city107;72;299;city65;36;275;city239;414;264;city118;468;181;city224;148;475;city214;125;449;city225
172;city242;396;483;city132;295;403;city252;53;330;city179
126;city134;179;366;city289;146;429;city173;12;34;city171;110;175;city237;313;196;city151;79;328;city247;156;217;city90;397;5;city250;457;17;city116;203;430;city56;186;257;city269;359;238;city89;89;459;city167
168;city110;487;121;city267;483;157;city177
140;city94;219;328;city266;399;424;city147;250;78;city203;113;239;city204;391;248;city83;421;58;city117;88;167;city70;250;494;city178;169;248;city101;432;408;city265;255;185;city210;478;356;city163;173;71;city257
134;city294;365;241;city225;171;450;city223;59;12;city127;463;308;city87;82;329;city75;439;332;city246;142;94;city221;498;219;city158
163;city217;143;488;city88
161;city231;498;193;city55;137;117;city267;111;458;city220;200;404;city95;311;218;city131;494;176;city98;342;184;city217;182;181;city123;488;348;city211;468;360;city288;498;100;city257;392;231;city243
163;city217;143;488;city88
166;city56;379;85;city296;93;259;city92;167;146;city169;414;343;city135;209;129;city154
147;city145;327;122;city151;482;140;city170;270;500;city168;470;206;city152
164;city179;194;204;city128;77;413;city193;264;125;city55;308;235;city100;435;213;city157;463;465;city209;231;257;city235;212;19;city156;218;333;city293;450;136;city272;378;379;city196;395;119;city134;500;462;city284
170;city233;364;214;city66;164;471;city64;467;494;city124;250;499;city283;164;315;city247;287;384;city121;9;203;city216;260;15;city273;434;91;city263;484;409;city229;196;259;city116;438;409;city131
158;city143;178;223;city167;153;91;city215;194;224;city194;3;295;city200;426;349;city222;212;430;city119;327;434;city149
145;city151;114;197;city213;235;463;city159
131;city233;74;453;city57;373;395;city74
145;city151;114;197;city213;235;463;city159
145;city151;114;197;city213;235;463;city159
165;city83;323;173;city109;280;384;city116;214;311;city228;289;149;city123;401;456;city132
147;city145;327;122;city151;482;140;city170;270;500;city168;470;206;city152
158;city143;178;223;city167;153;91;city215;194;224;city194;3;295;city200;426;349;city222;212;430;city119;327;434;city149
160;city56;68;457;city274;380;47;city90;396;10;city201;121;493;city192;424;27;city81;220;270;city271;189;90;city170;98;338;city214;93;249;city189
