ERROR 17
ERROR 19
ERROR 23
ERROR 24
ERROR 25
ERROR 28
ERROR 30
ERROR 31
ERROR 37
ERROR 38
ERROR 42
ERROR 43
ERROR 46
ERROR 47
ERROR 49
ERROR 54
ERROR 55
ERROR 58
ERROR 62
ERROR 66
ERROR 67
ERROR 69
ERROR 70
ERROR 72
ERROR 76
ERROR 83
ERROR 85
ERROR 88
ERROR 90
ERROR 94
ERROR 95
ERROR 96
ERROR 100
ERROR 101
ERROR 102
ERROR 103
ERROR 104
ERROR 105
ERROR 106
ERROR 107
ERROR 114
ERROR 115
ERROR 117
ERROR 120
ERROR 122
ERROR 123
ERROR 126
ERROR 127
ERROR 129
ERROR 130
ERROR 134
ERROR 138
ERROR 139
ERROR 140
ERROR 141
ERROR 142
ERROR 145
ERROR 148
ERROR 149
ERROR 150
ERROR 154
ERROR 160
ERROR 164
ERROR 167
ERROR 168
ERROR 173
ERROR 175
ERROR 177
ERROR 178
ERROR 179
ERROR 187
ERROR 190
ERROR 191
ERROR 194
ERROR 195
ERROR 196
ERROR 197
ERROR 201
ERROR 202
ERROR 205
ERROR 210
ERROR 211
ERROR 212
ERROR 213
ERROR 214
ERROR 216
ERROR 217
ERROR 218
ERROR 219
ERROR 220
ERROR 222
ERROR 223
ERROR 227
ERROR 228
ERROR 230
ERROR 232
ERROR 234
ERROR 235
ERROR 236
ERROR 238
ERROR 240
ERROR 241
ERROR 243
ERROR 244
ERROR 246
ERROR 248
ERROR 251
ERROR 253
ERROR 255
ERROR 258
ERROR 259
ERROR 260
ERROR 261
ERROR 263
ERROR 264
ERROR 266
ERROR 267
ERROR 269
ERROR 270
ERROR 271
ERROR 274
ERROR 275
ERROR 277
ERROR 280
ERROR 282
ERROR 283
ERROR 284
ERROR 286
ERROR 288
ERROR 289
ERROR 294
ERROR 296
ERROR 297
ERROR 304
ERROR 307
ERROR 308
ERROR 309
ERROR 310
ERROR 312
ERROR 313
ERROR 314
ERROR 315
ERROR 316
ERROR 317
ERROR 318
ERROR 320
ERROR 324
ERROR 325
ERROR 326
ERROR 327
ERROR 328
ERROR 329
ERROR 330
ERROR 331
ERROR 333
ERROR 339
ERROR 340
ERROR 341
ERROR 345
ERROR 347
ERROR 348
ERROR 349
ERROR 350
ERROR 358
ERROR 360
ERROR 363
ERROR 365
ERROR 370
ERROR 371
ERROR 373
ERROR 377
ERROR 380
ERROR 381
ERROR 382
ERROR 384
ERROR 385
ERROR 386
ERROR 388
ERROR 390
ERROR 391
ERROR 396
ERROR 400
ERROR 401
ERROR 402
ERROR 403
ERROR 406
ERROR 407
ERROR 411
ERROR 412
ERROR 416
ERROR 418
ERROR 419
ERROR 420
ERROR 421
ERROR 422
ERROR 428
ERROR 433
ERROR 434
ERROR 436
ERROR 437
ERROR 438
ERROR 440
ERROR 445
ERROR 446
ERROR 447
ERROR 451
ERROR 453
ERROR 456
ERROR 458
ERROR 459
ERROR 461
ERROR 464
ERROR 467
ERROR 468
ERROR 471
ERROR 472
ERROR 474
ERROR 475
ERROR 478
ERROR 479
ERROR 480
ERROR 481
ERROR 482
ERROR 484
ERROR 486
ERROR 488
ERROR 489
ERROR 490
ERROR 491
ERROR 494
ERROR 496
ERROR 497
ERROR 501
ERROR 502
ERROR 504
ERROR 505
ERROR 506
ERROR 509
ERROR 510
ERROR 511
ERROR 515
ERROR 521
ERROR 524
ERROR 525
ERROR 531
ERROR 532
ERROR 534
ERROR 537
ERROR 538
ERROR 540
ERROR 542
ERROR 543
ERROR 544
ERROR 553
ERROR 555
ERROR 556
ERROR 558
ERROR 560
ERROR 563
ERROR 564
ERROR 567
ERROR 569
ERROR 571
ERROR 573
ERROR 574
ERROR 575
ERROR 576
ERROR 579
ERROR 580
ERROR 581
ERROR 582
ERROR 583
ERROR 584
ERROR 586
ERROR 589
ERROR 594
ERROR 595
ERROR 596
ERROR 597
ERROR 598
ERROR 600
ERROR 601
ERROR 604
ERROR 607
ERROR 610
ERROR 611
ERROR 613
ERROR 614
ERROR 616
ERROR 617
ERROR 618
ERROR 620
ERROR 623
ERROR 624
ERROR 630
ERROR 631
ERROR 638
ERROR 639
ERROR 640
ERROR 641
ERROR 643
ERROR 646
ERROR 647
ERROR 649
ERROR 650
ERROR 651
ERROR 652
ERROR 655
ERROR 657
ERROR 660
ERROR 661
ERROR 664
ERROR 665
ERROR 668
ERROR 672
ERROR 675
ERROR 679
ERROR 680
ERROR 681
ERROR 682
ERROR 685
ERROR 687
ERROR 688
ERROR 690
ERROR 691
ERROR 693
ERROR 694
ERROR 696
ERROR 697
ERROR 701
ERROR 703
ERROR 706
ERROR 710
ERROR 711
ERROR 713
ERROR 715
ERROR 718
ERROR 720
ERROR 721
ERROR 727
ERROR 729
ERROR 732
ERROR 733
ERROR 735
ERROR 738
ERROR 739
ERROR 748
ERROR 752
ERROR 754
ERROR 758
ERROR 759
ERROR 763
ERROR 765
ERROR 768
ERROR 769
ERROR 772
ERROR 775
ERROR 777
ERROR 781
ERROR 782
ERROR 783
ERROR 784
ERROR 785
ERROR 787
ERROR 790
ERROR 791
ERROR 793
ERROR 795
ERROR 796
ERROR 803
ERROR 804
ERROR 807
ERROR 808
ERROR 810
ERROR 812
ERROR 814
ERROR 815
ERROR 818
ERROR 819
ERROR 820
ERROR 821
ERROR 822
ERROR 826
ERROR 827
ERROR 828
ERROR 836
ERROR 840
ERROR 841
ERROR 843
ERROR 844
ERROR 845
ERROR 846
ERROR 849
ERROR 850
ERROR 857
ERROR 858
ERROR 860
ERROR 861
ERROR 862
ERROR 864
ERROR 865
ERROR 870
ERROR 874
ERROR 876
ERROR 877
ERROR 879
ERROR 880
ERROR 881
ERROR 882
ERROR 884
ERROR 885
ERROR 889
ERROR 891
ERROR 894
ERROR 900
ERROR 901
ERROR 902
ERROR 905
ERROR 908
ERROR 911
ERROR 912
ERROR 913
ERROR 918
ERROR 920
ERROR 922
ERROR 924
ERROR 925
ERROR 928
ERROR 930
ERROR 933
ERROR 934
ERROR 935
ERROR 938
ERROR 941
ERROR 943
ERROR 944
ERROR 948
ERROR 949
ERROR 950
ERROR 951
ERROR 952
ERROR 956
ERROR 958
ERROR 959
ERROR 960
ERROR 961
ERROR 962
ERROR 963
ERROR 965
ERROR 966
ERROR 968
ERROR 969
ERROR 970
ERROR 971
ERROR 972
ERROR 973
ERROR 977
ERROR 978
ERROR 979
ERROR 980
ERROR 982
ERROR 984
ERROR 987
ERROR 988
ERROR 991
ERROR 995
ERROR 997
ERROR 1000
ERROR 1006
ERROR 1008
ERROR 1009
ERROR 1015
ERROR 1016
ERROR 1021
ERROR 1022
ERROR 1025
ERROR 1026
ERROR 1028
ERROR 1029
ERROR 1030
ERROR 1031
ERROR 1034
ERROR 1036
ERROR 1037
ERROR 1038
ERROR 1043
ERROR 1044
ERROR 1051
ERROR 1052
ERROR 1054
ERROR 1055
ERROR 1056
ERROR 1058
ERROR 1059
ERROR 1060
ERROR 1061
ERROR 1062
ERROR 1063
ERROR 1067
ERROR 1070
ERROR 1071
ERROR 1072
ERROR 1073
ERROR 1074
ERROR 1076
ERROR 1078
ERROR 1079
ERROR 1080
ERROR 1081
ERROR 1082
ERROR 1083
ERROR 1085
ERROR 1086
ERROR 1087
ERROR 1090
ERROR 1092
ERROR 1095
ERROR 1096
ERROR 1098
ERROR 1099
ERROR 1101
ERROR 1102
ERROR 1103
ERROR 1104
ERROR 1105
ERROR 1106
ERROR 1107
ERROR 1113
ERROR 1117
ERROR 1118
ERROR 1119
ERROR 1121
ERROR 1122
ERROR 1123
ERROR 1125
ERROR 1126
ERROR 1128
ERROR 1130
ERROR 1131
ERROR 1132
ERROR 1133
ERROR 1134
ERROR 1138
ERROR 1140
ERROR 1142
ERROR 1148
ERROR 1150
ERROR 1153
ERROR 1154
ERROR 1156
ERROR 1157
ERROR 1158
ERROR 1160
ERROR 1165
ERROR 1167
ERROR 1168
ERROR 1174
ERROR 1175
ERROR 1176
ERROR 1178
ERROR 1179
ERROR 1180
ERROR 1181
ERROR 1182
ERROR 1184
ERROR 1187
ERROR 1188
ERROR 1190
ERROR 1191
ERROR 1192
ERROR 1194
ERROR 1196
ERROR 1197
ERROR 1199
ERROR 1200
ERROR 1203
ERROR 1204
ERROR 1205
ERROR 1206
ERROR 1208
ERROR 1211
ERROR 1213
ERROR 1214
ERROR 1215
ERROR 1216
ERROR 1219
ERROR 1222
ERROR 1224
ERROR 1228
ERROR 1231
ERROR 1232
ERROR 1235
ERROR 1239
ERROR 1242
ERROR 1243
ERROR 1244
ERROR 1246
ERROR 1249
ERROR 1250
ERROR 1251
ERROR 1253
ERROR 1255
ERROR 1256
ERROR 1262
ERROR 1266
ERROR 1269
ERROR 1275
ERROR 1277
ERROR 1278
ERROR 1280
ERROR 1283
ERROR 1285
ERROR 1290
ERROR 1291
ERROR 1292
ERROR 1294
ERROR 1298
ERROR 1299
ERROR 1300
ERROR 1302
ERROR 1303
ERROR 1305
ERROR 1306
ERROR 1308
ERROR 1309
ERROR 1310
ERROR 1312
ERROR 1315
ERROR 1316
ERROR 1317
ERROR 1318
ERROR 1319
ERROR 1320
ERROR 1323
ERROR 1325
ERROR 1326
ERROR 1328
ERROR 1331
ERROR 1333
ERROR 1335
ERROR 1337
ERROR 1340
ERROR 1341
ERROR 1343
ERROR 1344
ERROR 1345
ERROR 1347
ERROR 1349
ERROR 1350
ERROR 1352
ERROR 1353
ERROR 1357
ERROR 1358
ERROR 1359
ERROR 1366
ERROR 1367
ERROR 1372
ERROR 1375
ERROR 1379
ERROR 1381
ERROR 1382
ERROR 1385
ERROR 1389
ERROR 1390
ERROR 1392
ERROR 1393
ERROR 1394
ERROR 1396
ERROR 1398
ERROR 1399
ERROR 1400
ERROR 1402
ERROR 1403
ERROR 1405
ERROR 1406
ERROR 1408
ERROR 1409
ERROR 1410
ERROR 1411
ERROR 1415
ERROR 1416
ERROR 1417
ERROR 1418
ERROR 1420
ERROR 1421
ERROR 1422
ERROR 1424
ERROR 1425
ERROR 1426
ERROR 1428
ERROR 1429
ERROR 1431
ERROR 1432
ERROR 1435
ERROR 1436
ERROR 1438
ERROR 1439
ERROR 1440
ERROR 1444
ERROR 1446
ERROR 1448
ERROR 1451
ERROR 1452
ERROR 1453
ERROR 1455
ERROR 1456
ERROR 1459
ERROR 1460
ERROR 1465
ERROR 1466
ERROR 1467
ERROR 1470
ERROR 1473
ERROR 1474
ERROR 1475
ERROR 1479
ERROR 1484
ERROR 1486
ERROR 1487
ERROR 1491
ERROR 1497
ERROR 1498
ERROR 1500
ERROR 1504
ERROR 1506
ERROR 1510
ERROR 1511
ERROR 1513
ERROR 1514
ERROR 1515
ERROR 1518
ERROR 1519
ERROR 1521
ERROR 1524
ERROR 1525
ERROR 1527
ERROR 1530
ERROR 1531
ERROR 1533
ERROR 1535
ERROR 1537
ERROR 1540
ERROR 1542
ERROR 1544
ERROR 1546
ERROR 1550
ERROR 1551
ERROR 1557
ERROR 1560
ERROR 1563
ERROR 1566
ERROR 1569
ERROR 1572
ERROR 1573
ERROR 1579
ERROR 1583
ERROR 1584
ERROR 1587
ERROR 1588
ERROR 1592
ERROR 1595
ERROR 1598
ERROR 1599
ERROR 1600
ERROR 1602
ERROR 1603
ERROR 1604
ERROR 1606
ERROR 1610
ERROR 1614
ERROR 1615
ERROR 1617
ERROR 1620
ERROR 1622
ERROR 1623
ERROR 1624
ERROR 1625
ERROR 1626
ERROR 1630
ERROR 1631
ERROR 1632
ERROR 1635
ERROR 1636
ERROR 1637
ERROR 1639
ERROR 1640
ERROR 1641
ERROR 1642
ERROR 1644
ERROR 1646
ERROR 1648
ERROR 1650
ERROR 1652
ERROR 1656
ERROR 1660
ERROR 1661
ERROR 1665
ERROR 1667
ERROR 1670
ERROR 1673
ERROR 1674
ERROR 1677
ERROR 1678
ERROR 1679
ERROR 1681
ERROR 1684
ERROR 1685
ERROR 1686
ERROR 1691
ERROR 1698
ERROR 1700
ERROR 1702
ERROR 1708
ERROR 1710
ERROR 1713
ERROR 1715
ERROR 1716
ERROR 1717
ERROR 1718
ERROR 1721
ERROR 1722
ERROR 1723
ERROR 1724
ERROR 1725
ERROR 1726
ERROR 1727
ERROR 1728
ERROR 1729
ERROR 1730
ERROR 1734
ERROR 1735
ERROR 1737
ERROR 1738
ERROR 1739
ERROR 1740
ERROR 1743
ERROR 1744
ERROR 1745
ERROR 1746
ERROR 1748
ERROR 1749
ERROR 1753
ERROR 1755
ERROR 1756
ERROR 1761
ERROR 1763
ERROR 1764
ERROR 1766
ERROR 1767
ERROR 1770
ERROR 1773
ERROR 1774
ERROR 1776
ERROR 1779
ERROR 1780
ERROR 1781
ERROR 1782
ERROR 1787
ERROR 1788
ERROR 1789
ERROR 1792
ERROR 1795
ERROR 1798
ERROR 1801
ERROR 1804
ERROR 1806
ERROR 1808
ERROR 1809
ERROR 1810
ERROR 1815
ERROR 1817
ERROR 1818
