













127;city109;192;425;city106;30;36;city252;205;76;city220;483;89;city163;272;180;city113;483;443;city102;255;182;city161;263;416;city225;153;476;city296;346;425;city173;286;17;city136;433;94;city153;48;279;city56

137;city116;204;106;city98;130;10;city285;100;426;city189;446;20;city170;246;390;city93
143;city203;187;487;city178;468;442;city226;363;288;city283;371;406;city97;341;468;city293;284;228;city103;355;259;city282;392;387;city111;300;31;city156;441;311;city54;230;341;city195;475;229;city249;254;440;city243;447;254;city147;41;420;city148;469;21;city126
143;city203;187;487;city178;468;442;city226;363;288;city283;371;406;city97;341;468;city293;284;228;city103;355;259;city282;392;387;city111;300;31;city156;441;311;city54;230;341;city195;475;229;city249;254;440;city243;447;254;city147;41;420;city148;469;21;city126


167;city283;37;260;city167;185;115;city148;162;138;city210;177;9;city169;376;367;city162;130;178;city97

137;city116;204;106;city98;130;10;city285;100;426;city189;446;20;city170;246;390;city93





127;city109;192;425;city106;30;36;city252;205;76;city220;483;89;city163;272;180;city113;483;443;city102;255;182;city161;263;416;city225;153;476;city296;346;425;city173;286;17;city136;433;94;city153;48;279;city56

147;city199;257;179;city195;461;213;city272;64;136;city106;341;463;city87;420;488;city271;27;66;city211






158;city223;409;361;city174;395;316;city230;135;308;city249;268;452;city258;411;16;city200;102;48;city167;392;476;city108;279;364;city263;154;398;city95;355;231;city254;182;112;city100

144;city71;326;404;city207;434;88;city203;259;458;city142;255;351;city129;445;365;city298;16;275;city227;154;180;city266;348;477;city150;456;153;city151

160;city120;243;377;city156;259;359;city129;101;111;city70;44;39;city179;185;278;city50;41;68;city55




169;city212;92;257;city237;102;224;city247;379;233;city80;210;323;city192;309;215;city94;288;343;city269;374;69;city228
143;city203;187;487;city178;468;442;city226;363;288;city283;371;406;city97;341;468;city293;284;228;city103;355;259;city282;392;387;city111;300;31;city156;441;311;city54;230;341;city195;475;229;city249;254;440;city243;447;254;city147;41;420;city148;469;21;city126
147;city199;257;179;city195;461;213;city272;64;136;city106;341;463;city87;420;488;city271;27;66;city211

164;city112;494;199;city197
169;city212;92;257;city237;102;224;city247;379;233;city80;210;323;city192;309;215;city94;288;343;city269;374;69;city228




141;city249;221;334;city142;206;421;city81;433;379;city60;7;68;city134;137;350;city50;274;401;city102;272;487;city181;274;429;city68;68;257;city282;265;102;city170;335;323;city294;251;200;city207;95;355;city293;235;447;city109;197;424;city230;9;341;city237

173;city81;81;189;city127;217;465;city161
156;city238;358;438;city54;70;451;city84;235;449;city178;165;378;city88;27;490;city109;245;192;city184;477;139;city272;95;75;city122;85;154;city209;494;495;city190;42;258;city264;497;278;city284;329;167;city51;71;492;city198;44;401;city125;476;113;city133;354;84;city286

129;city92;4;125;city237;10;366;city101;148;96;city184;281;347;city140;125;176;city208;310;481;city153;8;268;city87;470;55;city289;398;247;city267;495;173;city197;488;176;city277

156;city238;358;438;city54;70;451;city84;235;449;city178;165;378;city88;27;490;city109;245;192;city184;477;139;city272;95;75;city122;85;154;city209;494;495;city190;42;258;city264;497;278;city284;329;167;city51;71;492;city198;44;401;city125;476;113;city133;354;84;city286

166;city93;396;308;city69;446;492;city134;390;291;city145;392;272;city66;81;111;city212;273;288;city263;485;368;city119;389;187;city105;331;289;city53;406;96;city83;154;90;city156;88;408;city239;10;241;city270

143;city203;187;487;city178;468;442;city226;363;288;city283;371;406;city97;341;468;city293;284;228;city103;355;259;city282;392;387;city111;300;31;city156;441;311;city54;230;341;city195;475;229;city249;254;440;city243;447;254;city147;41;420;city148;469;21;city126
143;city203;187;487;city178;468;442;city226;363;288;city283;371;406;city97;341;468;city293;284;228;city103;355;259;city282;392;387;city111;300;31;city156;441;311;city54;230;341;city195;475;229;city249;254;440;city243;447;254;city147;41;420;city148;469;21;city126
161;city204;3;413;city266;471;285;city137;126;338;city239;289;188;city277;380;171;city124;323;93;city109;415;257;city152;451;65;city65;164;339;city87


145;city128;146;233;city134;478;173;city149


169;city212;92;257;city237;102;224;city247;379;233;city80;210;323;city192;309;215;city94;288;343;city269;374;69;city228
158;city223;409;361;city174;395;316;city230;135;308;city249;268;452;city258;411;16;city200;102;48;city167;392;476;city108;279;364;city263;154;398;city95;355;231;city254;182;112;city100
128;city187;158;301;city53;261;174;city266;296;147;city274;410;347;city51;191;182;city60;342;48;city191
144;city71;326;404;city207;434;88;city203;259;458;city142;255;351;city129;445;365;city298;16;275;city227;154;180;city266;348;477;city150;456;153;city151
136;city230;119;24;city287;178;160;city138;334;53;city241;419;44;city232;423;417;city135;466;498;city149;267;259;city175;256;249;city161;500;73;city104;220;351;city210
151;city97;291;105;city112;339;406;city113;494;474;city222;134;189;city152
155;city129;98;225;city245;75;310;city145;310;469;city225;5;214;city77;232;400;city57;434;164;city174;401;12;city262
156;city238;358;438;city54;70;451;city84;235;449;city178;165;378;city88;27;490;city109;245;192;city184;477;139;city272;95;75;city122;85;154;city209;494;495;city190;42;258;city264;497;278;city284;329;167;city51;71;492;city198;44;401;city125;476;113;city133;354;84;city286

172;city171;101;320;city195;432;395;city176;313;405;city279;296;306;city200;348;140;city296;97;102;city276;142;44;city143;94;355;city256;105;383;city56;486;63;city238;49;268;city90
139;city75;415;141;city194;56;367;city117;319;130;city285


144;city71;326;404;city207;434;88;city203;259;458;city142;255;351;city129;445;365;city298;16;275;city227;154;180;city266;348;477;city150;456;153;city151
170;city298;9;218;city177;493;8;city165;195;191;city84;373;220;city126;380;330;city213;460;70;city98;256;493;city77;478;234;city291;264;11;city141;86;23;city277;397;293;city249;97;347;city158;86;235;city242;38;273;city219;491;137;city233
156;city238;358;438;city54;70;451;city84;235;449;city178;165;378;city88;27;490;city109;245;192;city184;477;139;city272;95;75;city122;85;154;city209;494;495;city190;42;258;city264;497;278;city284;329;167;city51;71;492;city198;44;401;city125;476;113;city133;354;84;city286
141;city249;221;334;city142;206;421;city81;433;379;city60;7;68;city134;137;350;city50;274;401;city102;272;487;city181;274;429;city68;68;257;city282;265;102;city170;335;323;city294;251;200;city207;95;355;city293;235;447;city109;197;424;city230;9;341;city237
164;city112;494;199;city197
138;city273;56;15;city256;215;311;city264
172;city171;101;320;city195;432;395;city176;313;405;city279;296;306;city200;348;140;city296;97;102;city276;142;44;city143;94;355;city256;105;383;city56;486;63;city238;49;268;city90

133;city292;255;455;city91;341;492;city51;400;29;city128;135;402;city286;245;436;city52;386;276;city148
138;city273;56;15;city256;215;311;city264
150;city156;255;354;city97;410;328;city245;346;85;city282;484;309;city183;84;232;city84;27;344;city127;153;342;city270;133;180;city79;448;417;city225;408;49;city230;244;382;city92

153;city152;230;484;city245;274;364;city255;211;8;city128;388;499;city262;422;323;city82;40;159;city93;50;201;city217;153;354;city96;493;472;city56;397;451;city232;143;211;city235;39;401;city281;457;237;city261;384;174;city108;121;28;city298;398;219;city211
174;city70;313;336;city211;197;31;city82;314;405;city207;253;101;city93;14;278;city223;66;175;city54;120;21;city261;259;111;city152;196;391;city122;403;234;city163;361;416;city243;7;379;city206;268;301;city236

134;city284;81;46;city161;378;34;city209;490;167;city191;101;112;city152;286;347;city267;448;172;city194;302;284;city251;91;36;city130;276;262;city214;336;167;city207;10;225;city249;131;192;city275;457;280;city244;478;20;city218;116;58;city206;457;186;city63;45;94;city61;145;423;city299
128;city187;158;301;city53;261;174;city266;296;147;city274;410;347;city51;191;182;city60;342;48;city191
141;city249;221;334;city142;206;421;city81;433;379;city60;7;68;city134;137;350;city50;274;401;city102;272;487;city181;274;429;city68;68;257;city282;265;102;city170;335;323;city294;251;200;city207;95;355;city293;235;447;city109;197;424;city230;9;341;city237
168;city54;266;84;city122;449;113;city210;85;204;city170;466;420;city208;427;226;city136;257;62;city224;109;107;city110;469;484;city72;137;126;city193;98;300;city133;348;440;city295;35;121;city150;451;331;city241;446;283;city194;323;178;city163
133;city292;255;455;city91;341;492;city51;400;29;city128;135;402;city286;245;436;city52;386;276;city148
146;city57;201;474;city165;387;474;city144;499;325;city53;171;146;city191;257;69;city193;57;346;city131;371;118;city249
146;city57;201;474;city165;387;474;city144;499;325;city53;171;146;city191;257;69;city193;57;346;city131;371;118;city249
133;city292;255;455;city91;341;492;city51;400;29;city128;135;402;city286;245;436;city52;386;276;city148

164;city112;494;199;city197
133;city292;255;455;city91;341;492;city51;400;29;city128;135;402;city286;245;436;city52;386;276;city148
159;city199;107;276;city291;254;234;city96;335;492;city183;453;149;city156;74;277;city189;30;417;city87
159;city199;107;276;city291;254;234;city96;335;492;city183;453;149;city156;74;277;city189;30;417;city87
172;city171;101;320;city195;432;395;city176;313;405;city279;296;306;city200;348;140;city296;97;102;city276;142;44;city143;94;355;city256;105;383;city56;486;63;city238;49;268;city90

160;city120;243;377;city156;259;359;city129;101;111;city70;44;39;city179;185;278;city50;41;68;city55

145;city128;146;233;city134;478;173;city149
132;city51;124;468;city299;188;117;city253;62;457;city77;442;453;city72;345;46;city144;174;215;city263;394;127;city193;127;346;city255;186;247;city190;375;305;city103;181;102;city181;134;216;city290;288;224;city291
174;city70;313;336;city211;197;31;city82;314;405;city207;253;101;city93;14;278;city223;66;175;city54;120;21;city261;259;111;city152;196;391;city122;403;234;city163;361;416;city243;7;379;city206;268;301;city236
133;city292;255;455;city91;341;492;city51;400;29;city128;135;402;city286;245;436;city52;386;276;city148
138;city273;56;15;city256;215;311;city264
151;city97;291;105;city112;339;406;city113;494;474;city222;134;189;city152
142;city86;462;477;city222;429;88;city246;389;203;city209;97;119;city118;365;46;city165;75;111;city275;23;435;city254;40;304;city250;309;236;city180;467;45;city125;6;406;city226;376;485;city68

148;city188;486;378;city221;276;455;city201;213;154;city209;180;107;city227;245;484;city234;157;158;city101;17;170;city64
130;city95;26;247;city172;57;148;city251;239;468;city78;229;273;city180;198;473;city290;256;110;city254;425;68;city149;94;321;city274;463;156;city167;63;151;city244;54;437;city86;105;442;city183;140;63;city170;456;432;city203;109;211;city292;430;396;city130;189;421;city223

153;city152;230;484;city245;274;364;city255;211;8;city128;388;499;city262;422;323;city82;40;159;city93;50;201;city217;153;354;city96;493;472;city56;397;451;city232;143;211;city235;39;401;city281;457;237;city261;384;174;city108;121;28;city298;398;219;city211
156;city238;358;438;city54;70;451;city84;235;449;city178;165;378;city88;27;490;city109;245;192;city184;477;139;city272;95;75;city122;85;154;city209;494;495;city190;42;258;city264;497;278;city284;329;167;city51;71;492;city198;44;401;city125;476;113;city133;354;84;city286
143;city203;187;487;city178;468;442;city226;363;288;city283;371;406;city97;341;468;city293;284;228;city103;355;259;city282;392;387;city111;300;31;city156;441;311;city54;230;341;city195;475;229;city249;254;440;city243;447;254;city147;41;420;city148;469;21;city126
155;city129;98;225;city245;75;310;city145;310;469;city225;5;214;city77;232;400;city57;434;164;city174;401;12;city262
152;city103;64;399;city262
147;city199;257;179;city195;461;213;city272;64;136;city106;341;463;city87;420;488;city271;27;66;city211
160;city120;243;377;city156;259;359;city129;101;111;city70;44;39;city179;185;278;city50;41;68;city55
166;city93;396;308;city69;446;492;city134;390;291;city145;392;272;city66;81;111;city212;273;288;city263;485;368;city119;389;187;city105;331;289;city53;406;96;city83;154;90;city156;88;408;city239;10;241;city270
147;city199;257;179;city195;461;213;city272;64;136;city106;341;463;city87;420;488;city271;27;66;city211
147;city199;257;179;city195;461;213;city272;64;136;city106;341;463;city87;420;488;city271;27;66;city211
144;city71;326;404;city207;434;88;city203;259;458;city142;255;351;city129;445;365;city298;16;275;city227;154;180;city266;348;477;city150;456;153;city151

174;city70;313;336;city211;197;31;city82;314;405;city207;253;101;city93;14;278;city223;66;175;city54;120;21;city261;259;111;city152;196;391;city122;403;234;city163;361;416;city243;7;379;city206;268;301;city236
127;city109;192;425;city106;30;36;city252;205;76;city220;483;89;city163;272;180;city113;483;443;city102;255;182;city161;263;416;city225;153;476;city296;346;425;city173;286;17;city136;433;94;city153;48;279;city56
141;city249;221;334;city142;206;421;city81;433;379;city60;7;68;city134;137;350;city50;274;401;city102;272;487;city181;274;429;city68;68;257;city282;265;102;city170;335;323;city294;251;200;city207;95;355;city293;235;447;city109;197;424;city230;9;341;city237
135;city224;314;433;city276;357;347;city156;397;490;city160;186;244;city158;20;384;city207;450;179;city50;263;274;city165;360;338;city233
144;city71;326;404;city207;434;88;city203;259;458;city142;255;351;city129;445;365;city298;16;275;city227;154;180;city266;348;477;city150;456;153;city151
127;city109;192;425;city106;30;36;city252;205;76;city220;483;89;city163;272;180;city113;483;443;city102;255;182;city161;263;416;city225;153;476;city296;346;425;city173;286;17;city136;433;94;city153;48;279;city56
158;city223;409;361;city174;395;316;city230;135;308;city249;268;452;city258;411;16;city200;102;48;city167;392;476;city108;279;364;city263;154;398;city95;355;231;city254;182;112;city100
145;city128;146;233;city134;478;173;city149
145;city128;146;233;city134;478;173;city149
157;city163;266;15;city142;384;359;city97;283;33;city206;256;7506;city205
156;city238;358;438;city54;70;451;city84;235;449;city178;165;378;city88;27;490;city109;245;192;city184;477;139;city272;95;75;city122;85;154;city209;494;495;city190;42;258;city264;497;278;city284;329;167;city51;71;492;city198;44;401;city125;476;113;city133;354;84;city286
146;city57;201;474;city165;387;474;city144;499;325;city53;171;146;city191;257;69;city193;57;346;city131;371;118;city249
127;city109;192;425;city106;30;36;city252;205;76;city220;483;89;city163;272;180;city113;483;443;city102;255;182;city161;263;416;city225;153;476;city296;346;425;city173;286;17;city136;433;94;city153;48;279;city56
149;city220;448;383;city245;240;345;city112;39;154;city106;498;226;city281;163;495;city71;251;420;city83;355;461;city73;235;365;city233;418;43;city228;450;263;city104
130;city95;26;247;city172;57;148;city251;239;468;city78;229;273;city180;198;473;city290;256;110;city254;425;68;city149;94;321;city274;463;156;city167;63;151;city244;54;437;city86;105;442;city183;140;63;city170;456;432;city203;109;211;city292;430;396;city130;189;421;city223
129;city92;4;125;city237;10;366;city101;148;96;city184;281;347;city140;125;176;city208;310;481;city153;8;268;city87;470;55;city289;398;247;city267;495;173;city197;488;176;city277
152;city103;64;399;city262
128;city187;158;301;city53;261;174;city266;296;147;city274;410;347;city51;191;182;city60;342;48;city191
126;city136;410;113;city97;363;479;city52;396;174;city100;415;255;city178;145;176;city125;367;145;city110;101;387;city119;343;86;city142;213;245;city57;465;250;city223;18;152;city51;309;131;city196;71;497;city245;14;155;city183
155;city129;98;225;city245;75;310;city145;310;469;city225;5;214;city77;232;400;city57;434;164;city174;401;12;city262
172;city171;101;320;city195;432;395;city176;313;405;city279;296;306;city200;348;140;city296;97;102;city276;142;44;city143;94;355;city256;105;383;city56;486;63;city238;49;268;city90
171;city70;212;425;city285;71;95;city120;300;387;city96;162;316;city144;349;282;city159;99;390;city81;461;409;city154;461;475;city244;266;367;city115;166;284;city189;150;380;city103;329;225;city273
138;city273;56;15;city256;215;311;city264
149;city220;448;383;city245;240;345;city112;39;154;city106;498;226;city281;163;495;city71;251;420;city83;355;461;city73;235;365;city233;418;43;city228;450;263;city104
137;city116;204;106;city98;130;10;city285;100;426;city189;446;20;city170;246;390;city93
169;city212;92;257;city237;102;224;city247;379;233;city80;210;323;city192;309;215;city94;288;343;city269;374;69;city228
137;city116;204;106;city98;130;10;city285;100;426;city189;446;20;city170;246;390;city93
143;city203;187;487;city178;468;442;city226;363;288;city283;371;406;city97;341;468;city293;284;228;city103;355;259;city282;392;387;city111;300;31;city156;441;311;city54;230;341;city195;475;229;city249;254;440;city243;447;254;city147;41;420;city148;469;21;city126
161;city204;3;413;city266;471;285;city137;126;338;city239;289;188;city277;380;171;city124;323;93;city109;415;257;city152;451;65;city65;164;339;city87
147;city199;257;179;city195;461;213;city272;64;136;city106;341;463;city87;420;488;city271;27;66;city211

173;city81;81;189;city127;217;465;city161
133;city292;255;455;city91;341;492;city51;400;29;city128;135;402;city286;245;436;city52;386;276;city148
153;city152;230;484;city245;274;364;city255;211;8;city128;388;499;city262;422;323;city82;40;159;city93;50;201;city217;153;354;city96;493;472;city56;397;451;city232;143;211;city235;39;401;city281;457;237;city261;384;174;city108;121;28;city298;398;219;city211
156;city238;358;438;city54;70;451;city84;235;449;city178;165;378;city88;27;490;city109;245;192;city184;477;139;city272;95;75;city122;85;154;city209;494;495;city190;42;258;city264;497;278;city284;329;167;city51;71;492;city198;44;401;city125;476;113;city133;354;84;city286
137;city116;204;106;city98;130;10;city285;100;426;city189;446;20;city170;246;390;city93
158;city223;409;361;city174;395;316;city230;135;308;city249;268;452;city258;411;16;city200;102;48;city167;392;476;city108;279;364;city263;154;398;city95;355;231;city254;182;112;city100
169;city212;92;257;city237;102;224;city247;379;233;city80;210;323;city192;309;215;city94;288;343;city269;374;69;city228
164;city112;494;199;city197

158;city223;409;361;city174;395;316;city230;135;308;city249;268;452;city258;411;16;city200;102;48;city167;392;476;city108;279;364;city263;154;398;city95;355;231;city254;182;112;city100

172;city171;101;320;city195;432;395;city176;313;405;city279;296;306;city200;348;140;city296;97;102;city276;142;44;city143;94;355;city256;105;383;city56;486;63;city238;49;268;city90
130;city95;26;247;city172;57;148;city251;239;468;city78;229;273;city180;198;473;city290;256;110;city254;425;68;city149;94;321;city274;463;156;city167;63;151;city244;54;437;city86;105;442;city183;140;63;city170;456;432;city203;109;211;city292;430;396;city130;189;421;city223
129;city92;4;125;city237;10;366;city101;148;96;city184;281;347;city140;125;176;city208;310;481;city153;8;268;city87;470;55;city289;398;247;city267;495;173;city197;488;176;city277
154;city250;282;376;city124;399;467;city149;410;6;city112;472;418;city203;254;109;city208;94;366;city131;467;334;city286;221;495;city80;354;293;city147;92;362;city205;346;60;city211;65;427;city246;308;474;city155;331;211;city220

133;city292;255;455;city91;341;492;city51;400;29;city128;135;402;city286;245;436;city52;386;276;city148
126;city136;410;113;city97;363;479;city52;396;174;city100;415;255;city178;145;176;city125;367;145;city110;101;387;city119;343;86;city142;213;245;city57;465;250;city223;18;152;city51;309;131;city196;71;497;city245;14;155;city183
139;city75;415;141;city194;56;367;city117;319;130;city285
154;city250;282;376;city124;399;467;city149;410;6;city112;472;418;city203;254;109;city208;94;366;city131;467;334;city286;221;495;city80;354;293;city147;92;362;city205;346;60;city211;65;427;city246;308;474;city155;331;211;city220

144;city71;326;404;city207;434;88;city203;259;458;city142;255;351;city129;445;365;city298;16;275;city227;154;180;city266;348;477;city150;456;153;city151
158;city223;409;361;city174;395;316;city230;135;308;city249;268;452;city258;411;16;city200;102;48;city167;392;476;city108;279;364;city263;154;398;city95;355;231;city254;182;112;city100
137;city116;204;106;city98;130;10;city285;100;426;city189;446;20;city170;246;390;city93
155;city129;98;225;city245;75;310;city145;310;469;city225;5;214;city77;232;400;city57;434;164;city174;401;12;city262
155;city129;98;225;city245;75;310;city145;310;469;city225;5;214;city77;232;400;city57;434;164;city174;401;12;city262
132;city51;124;468;city299;188;117;city253;62;457;city77;442;453;city72;345;46;city144;174;215;city263;394;127;city193;127;346;city255;186;247;city190;375;305;city103;181;102;city181;134;216;city290;288;224;city291
162;city296;440;260;city242;421;284;city272;498;24;city206;81;425;city287;250;307;city297;35;469;city108;277;439;city110;392;409;city187;77;212;city55;499;235;city216;141;179;city114;484;175;city291;54;195;city205;323;409;city251;377;326;city87;451;193;city275
165;city53;249;410;city77
169;city212;92;257;city237;102;224;city247;379;233;city80;210;323;city192;309;215;city94;288;343;city269;374;69;city228
126;city136;410;113;city97;363;479;city52;396;174;city100;415;255;city178;145;176;city125;367;145;city110;101;387;city119;343;86;city142;213;245;city57;465;250;city223;18;152;city51;309;131;city196;71;497;city245;14;155;city183
130;city95;26;247;city172;57;148;city251;239;468;city78;229;273;city180;198;473;city290;256;110;city254;425;68;city149;94;321;city274;463;156;city167;63;151;city244;54;437;city86;105;442;city183;140;63;city170;456;432;city203;109;211;city292;430;396;city130;189;421;city223
173;city81;81;189;city127;217;465;city161
132;city51;124;468;city299;188;117;city253;62;457;city77;442;453;city72;345;46;city144;174;215;city263;394;127;city193;127;346;city255;186;247;city190;375;305;city103;181;102;city181;134;216;city290;288;224;city291
141;city249;221;334;city142;206;421;city81;433;379;city60;7;68;city134;137;350;city50;274;401;city102;272;487;city181;274;429;city68;68;257;city282;265;102;city170;335;323;city294;251;200;city207;95;355;city293;235;447;city109;197;424;city230;9;341;city237
127;city109;192;425;city106;30;36;city252;205;76;city220;483;89;city163;272;180;city113;483;443;city102;255;182;city161;263;416;city225;153;476;city296;346;425;city173;286;17;city136;433;94;city153;48;279;city56
130;city95;26;247;city172;57;148;city251;239;468;city78;229;273;city180;198;473;city290;256;110;city254;425;68;city149;94;321;city274;463;156;city167;63;151;city244;54;437;city86;105;442;city183;140;63;city170;456;432;city203;109;211;city292;430;396;city130;189;421;city223
174;city70;313;336;city211;197;31;city82;314;405;city207;253;101;city93;14;278;city223;66;175;city54;120;21;city261;259;111;city152;196;391;city122;403;234;city163;361;416;city243;7;379;city206;268;301;city236
145;city128;146;233;city134;478;173;city149
165;city53;249;410;city77
157;city163;266;15;city142;384;359;city97;283;33;city206;256;7506;city205
160;city120;243;377;city156;259;359;city129;101;111;city70;44;39;city179;185;278;city50;41;68;city55
153;city152;230;484;city245;274;364;city255;211;8;city128;388;499;city262;422;323;city82;40;159;city93;50;201;city217;153;354;city96;493;472;city56;397;451;city232;143;211;city235;39;401;city281;457;237;city261;384;174;city108;121;28;city298;398;219;city211
154;city250;282;376;city124;399;467;city149;410;6;city112;472;418;city203;254;109;city208;94;366;city131;467;334;city286;221;495;city80;354;293;city147;92;362;city205;346;60;city211;65;427;city246;308;474;city155;331;211;city220
138;city273;56;15;city256;215;311;city264
154;city250;282;376;city124;399;467;city149;410;6;city112;472;418;city203;254;109;city208;94;366;city131;467;334;city286;221;495;city80;354;293;city147;92;362;city205;346;60;city211;65;427;city246;308;474;city155;331;211;city220
172;city171;101;320;city195;432;395;city176;313;405;city279;296;306;city200;348;140;city296;97;102;city276;142;44;city143;94;355;city256;105;383;city56;486;63;city238;49;268;city90
139;city75;415;141;city194;56;367;city117;319;130;city285
173;city81;81;189;city127;217;465;city161
142;city86;462;477;city222;429;88;city246;389;203;city209;97;119;city118;365;46;city165;75;111;city275;23;435;city254;40;304;city250;309;236;city180;467;45;city125;6;406;city226;376;485;city68
155;city129;98;225;city245;75;310;city145;310;469;city225;5;214;city77;232;400;city57;434;164;city174;401;12;city262
151;city97;291;105;city112;339;406;city113;494;474;city222;134;189;city152
168;city54;266;84;city122;449;113;city210;85;204;city170;466;420;city208;427;226;city136;257;62;city224;109;107;city110;469;484;city72;137;126;city193;98;300;city133;348;440;city295;35;121;city150;451;331;city241;446;283;city194;323;178;city163
174;city70;313;336;city211;197;31;city82;314;405;city207;253;101;city93;14;278;city223;66;175;city54;120;21;city261;259;111;city152;196;391;city122;403;234;city163;361;416;city243;7;379;city206;268;301;city236
151;city97;291;105;city112;339;406;city113;494;474;city222;134;189;city152
130;city95;26;247;city172;57;148;city251;239;468;city78;229;273;city180;198;473;city290;256;110;city254;425;68;city149;94;321;city274;463;156;city167;63;151;city244;54;437;city86;105;442;city183;140;63;city170;456;432;city203;109;211;city292;430;396;city130;189;421;city223

143;city203;187;487;city178;468;442;city226;363;288;city283;371;406;city97;341;468;city293;284;228;city103;355;259;city282;392;387;city111;300;31;city156;441;311;city54;230;341;city195;475;229;city249;254;440;city243;447;254;city147;41;420;city148;469;21;city126
126;city136;410;113;city97;363;479;city52;396;174;city100;415;255;city178;145;176;city125;367;145;city110;101;387;city119;343;86;city142;213;245;city57;465;250;city223;18;152;city51;309;131;city196;71;497;city245;14;155;city183
170;city298;9;218;city177;493;8;city165;195;191;city84;373;220;city126;380;330;city213;460;70;city98;256;493;city77;478;234;city291;264;11;city141;86;23;city277;397;293;city249;97;347;city158;86;235;city242;38;273;city219;491;137;city233
139;city75;415;141;city194;56;367;city117;319;130;city285
157;city163;266;15;city142;384;359;city97;283;33;city206;256;7506;city205
171;city70;212;425;city285;71;95;city120;300;387;city96;162;316;city144;349;282;city159;99;390;city81;461;409;city154;461;475;city244;266;367;city115;166;284;city189;150;380;city103;329;225;city273
136;city230;119;24;city287;178;160;city138;334;53;city241;419;44;city232;423;417;city135;466;498;city149;267;259;city175;256;249;city161;500;73;city104;220;351;city210
167;city283;37;260;city167;185;115;city148;162;138;city210;177;9;city169;376;367;city162;130;178;city97
159;city199;107;276;city291;254;234;city96;335;492;city183;453;149;city156;74;277;city189;30;417;city87
157;city163;266;15;city142;384;359;city97;283;33;city206;256;7506;city205
172;city171;101;320;city195;432;395;city176;313;405;city279;296;306;city200;348;140;city296;97;102;city276;142;44;city143;94;355;city256;105;383;city56;486;63;city238;49;268;city90
132;city51;124;468;city299;188;117;city253;62;457;city77;442;453;city72;345;46;city144;174;215;city263;394;127;city193;127;346;city255;186;247;city190;375;305;city103;181;102;city181;134;216;city290;288;224;city291
162;city296;440;260;city242;421;284;city272;498;24;city206;81;425;city287;250;307;city297;35;469;city108;277;439;city110;392;409;city187;77;212;city55;499;235;city216;141;179;city114;484;175;city291;54;195;city205;323;409;city251;377;326;city87;451;193;city275
144;city71;326;404;city207;434;88;city203;259;458;city142;255;351;city129;445;365;city298;16;275;city227;154;180;city266;348;477;city150;456;153;city151
165;city53;249;410;city77
170;city298;9;218;city177;493;8;city165;195;191;city84;373;220;city126;380;330;city213;460;70;city98;256;493;city77;478;234;city291;264;11;city141;86;23;city277;397;293;city249;97;347;city158;86;235;city242;38;273;city219;491;137;city233
133;city292;255;455;city91;341;492;city51;400;29;city128;135;402;city286;245;436;city52;386;276;city148
171;city70;212;425;city285;71;95;city120;300;387;city96;162;316;city144;349;282;city159;99;390;city81;461;409;city154;461;475;city244;266;367;city115;166;284;city189;150;380;city103;329;225;city273
131;city122;272;179;city141;210;73;city100;439;376;city266;343;180;city188;125;200;city239;399;36;city205;223;140;city218;175;320;city53;256;15;city280;447;298;city265;396;347;city194;455;93;city282;32;141;city89
133;city292;255;455;city91;341;492;city51;400;29;city128;135;402;city286;245;436;city52;386;276;city148
131;city122;272;179;city141;210;73;city100;439;376;city266;343;180;city188;125;200;city239;399;36;city205;223;140;city218;175;320;city53;256;15;city280;447;298;city265;396;347;city194;455;93;city282;32;141;city89
157;city163;266;15;city142;384;359;city97;283;33;city206;256;7506;city205
152;city103;64;399;city262
132;city51;124;468;city299;188;117;city253;62;457;city77;442;453;city72;345;46;city144;174;215;city263;394;127;city193;127;346;city255;186;247;city190;375;305;city103;181;102;city181;134;216;city290;288;224;city291
126;city136;410;113;city97;363;479;city52;396;174;city100;415;255;city178;145;176;city125;367;145;city110;101;387;city119;343;86;city142;213;245;city57;465;250;city223;18;152;city51;309;131;city196;71;497;city245;14;155;city183
156;city238;358;438;city54;70;451;city84;235;449;city178;165;378;city88;27;490;city109;245;192;city184;477;139;city272;95;75;city122;85;154;city209;494;495;city190;42;258;city264;497;278;city284;329;167;city51;71;492;city198;44;401;city125;476;113;city133;354;84;city286
169;city212;92;257;city237;102;224;city247;379;233;city80;210;323;city192;309;215;city94;288;343;city269;374;69;city228
172;city171;101;320;city195;432;395;city176;313;405;city279;296;306;city200;348;140;city296;97;102;city276;142;44;city143;94;355;city256;105;383;city56;486;63;city238;49;268;city90
133;city292;255;455;city91;341;492;city51;400;29;city128;135;402;city286;245;436;city52;386;276;city148
157;city163;266;15;city142;384;359;city97;283;33;city206;256;7506;city205
155;city129;98;225;city245;75;310;city145;310;469;city225;5;214;city77;232;400;city57;434;164;city174;401;12;city262
159;city199;107;276;city291;254;234;city96;335;492;city183;453;149;city156;74;277;city189;30;417;city87
172;city171;101;320;city195;432;395;city176;313;405;city279;296;306;city200;348;140;city296;97;102;city276;142;44;city143;94;355;city256;105;383;city56;486;63;city238;49;268;city90
125;city128;213;232;city285;411;499;city240
148;city188;486;378;city221;276;455;city201;213;154;city209;180;107;city227;245;484;city234;157;158;city101;17;170;city64
154;city250;282;376;city124;399;467;city149;410;6;city112;472;418;city203;254;109;city208;94;366;city131;467;334;city286;221;495;city80;354;293;city147;92;362;city205;346;60;city211;65;427;city246;308;474;city155;331;211;city220
148;city188;486;378;city221;276;455;city201;213;154;city209;180;107;city227;245;484;city234;157;158;city101;17;170;city64
141;city249;221;334;city142;206;421;city81;433;379;city60;7;68;city134;137;350;city50;274;401;city102;272;487;city181;274;429;city68;68;257;city282;265;102;city170;335;323;city294;251;200;city207;95;355;city293;235;447;city109;197;424;city230;9;341;city237
147;city199;257;179;city195;461;213;city272;64;136;city106;341;463;city87;420;488;city271;27;66;city211
130;city95;26;247;city172;57;148;city251;239;468;city78;229;273;city180;198;473;city290;256;110;city254;425;68;city149;94;321;city274;463;156;city167;63;151;city244;54;437;city86;105;442;city183;140;63;city170;456;432;city203;109;211;city292;430;396;city130;189;421;city223
133;city292;255;455;city91;341;492;city51;400;29;city128;135;402;city286;245;436;city52;386;276;city148
174;city70;313;336;city211;197;31;city82;314;405;city207;253;101;city93;14;278;city223;66;175;city54;120;21;city261;259;111;city152;196;391;city122;403;234;city163;361;416;city243;7;379;city206;268;301;city236
132;city51;124;468;city299;188;117;city253;62;457;city77;442;453;city72;345;46;city144;174;215;city263;394;127;city193;127;346;city255;186;247;city190;375;305;city103;181;102;city181;134;216;city290;288;224;city291
154;city250;282;376;city124;399;467;city149;410;6;city112;472;418;city203;254;109;city208;94;366;city131;467;334;city286;221;495;city80;354;293;city147;92;362;city205;346;60;city211;65;427;city246;308;474;city155;331;211;city220
142;city86;462;477;city222;429;88;city246;389;203;city209;97;119;city118;365;46;city165;75;111;city275;23;435;city254;40;304;city250;309;236;city180;467;45;city125;6;406;city226;376;485;city68
166;city93;396;308;city69;446;492;city134;390;291;city145;392;272;city66;81;111;city212;273;288;city263;485;368;city119;389;187;city105;331;289;city53;406;96;city83;154;90;city156;88;408;city239;10;241;city270
141;city249;221;334;city142;206;421;city81;433;379;city60;7;68;city134;137;350;city50;274;401;city102;272;487;city181;274;429;city68;68;257;city282;265;102;city170;335;323;city294;251;200;city207;95;355;city293;235;447;city109;197;424;city230;9;341;city237
170;city298;9;218;city177;493;8;city165;195;191;city84;373;220;city126;380;330;city213;460;70;city98;256;493;city77;478;234;city291;264;11;city141;86;23;city277;397;293;city249;97;347;city158;86;235;city242;38;273;city219;491;137;city233
167;city283;37;260;city167;185;115;city148;162;138;city210;177;9;city169;376;367;city162;130;178;city97
164;city112;494;199;city197
132;city51;124;468;city299;188;117;city253;62;457;city77;442;453;city72;345;46;city144;174;215;city263;394;127;city193;127;346;city255;186;247;city190;375;305;city103;181;102;city181;134;216;city290;288;224;city291
128;city187;158;301;city53;261;174;city266;296;147;city274;410;347;city51;191;182;city60;342;48;city191
131;city122;272;179;city141;210;73;city100;439;376;city266;343;180;city188;125;200;city239;399;36;city205;223;140;city218;175;320;city53;256;15;city280;447;298;city265;396;347;city194;455;93;city282;32;141;city89
131;city122;272;179;city141;210;73;city100;439;376;city266;343;180;city188;125;200;city239;399;36;city205;223;140;city218;175;320;city53;256;15;city280;447;298;city265;396;347;city194;455;93;city282;32;141;city89
130;city95;26;247;city172;57;148;city251;239;468;city78;229;273;city180;198;473;city290;256;110;city254;425;68;city149;94;321;city274;463;156;city167;63;151;city244;54;437;city86;105;442;city183;140;63;city170;456;432;city203;109;211;city292;430;396;city130;189;421;city223
154;city250;282;376;city124;399;467;city149;410;6;city112;472;418;city203;254;109;city208;94;366;city131;467;334;city286;221;495;city80;354;293;city147;92;362;city205;346;60;city211;65;427;city246;308;474;city155;331;211;city220
166;city93;396;308;city69;446;492;city134;390;291;city145;392;272;city66;81;111;city212;273;288;city263;485;368;city119;389;187;city105;331;289;city53;406;96;city83;154;90;city156;88;408;city239;10;241;city270

169;city212;92;257;city237;102;224;city247;379;233;city80;210;323;city192;309;215;city94;288;343;city269;374;69;city228
158;city223;409;361;city174;395;316;city230;135;308;city249;268;452;city258;411;16;city200;102;48;city167;392;476;city108;279;364;city263;154;398;city95;355;231;city254;182;112;city100
150;city156;255;354;city97;410;328;city245;346;85;city282;484;309;city183;84;232;city84;27;344;city127;153;342;city270;133;180;city79;448;417;city225;408;49;city230;244;382;city92
165;city53;249;410;city77
157;city163;266;15;city142;384;359;city97;283;33;city206;256;7506;city205
167;city283;37;260;city167;185;115;city148;162;138;city210;177;9;city169;376;367;city162;130;178;city97
127;city109;192;425;city106;30;36;city252;205;76;city220;483;89;city163;272;180;city113;483;443;city102;255;182;city161;263;416;city225;153;476;city296;346;425;city173;286;17;city136;433;94;city153;48;279;city56
164;city112;494;199;city197
161;city204;3;413;city266;471;285;city137;126;338;city239;289;188;city277;380;171;city124;323;93;city109;415;257;city152;451;65;city65;164;339;city87
126;city136;410;113;city97;363;479;city52;396;174;city100;415;255;city178;145;176;city125;367;145;city110;101;387;city119;343;86;city142;213;245;city57;465;250;city223;18;152;city51;309;131;city196;71;497;city245;14;155;city183
126;city136;410;113;city97;363;479;city52;396;174;city100;415;255;city178;145;176;city125;367;145;city110;101;387;city119;343;86;city142;213;245;city57;465;250;city223;18;152;city51;309;131;city196;71;497;city245;14;155;city183
171;city70;212;425;city285;71;95;city120;300;387;city96;162;316;city144;349;282;city159;99;390;city81;461;409;city154;461;475;city244;266;367;city115;166;284;city189;150;380;city103;329;225;city273
146;city57;201;474;city165;387;474;city144;499;325;city53;171;146;city191;257;69;city193;57;346;city131;371;118;city249
130;city95;26;247;city172;57;148;city251;239;468;city78;229;273;city180;198;473;city290;256;110;city254;425;68;city149;94;321;city274;463;156;city167;63;151;city244;54;437;city86;105;442;city183;140;63;city170;456;432;city203;109;211;city292;430;396;city130;189;421;city223
170;city298;9;218;city177;493;8;city165;195;191;city84;373;220;city126;380;330;city213;460;70;city98;256;493;city77;478;234;city291;264;11;city141;86;23;city277;397;293;city249;97;347;city158;86;235;city242;38;273;city219;491;137;city233
138;city273;56;15;city256;215;311;city264
135;city224;314;433;city276;357;347;city156;397;490;city160;186;244;city158;20;384;city207;450;179;city50;263;274;city165;360;338;city233
162;city296;440;260;city242;421;284;city272;498;24;city206;81;425;city287;250;307;city297;35;469;city108;277;439;city110;392;409;city187;77;212;city55;499;235;city216;141;179;city114;484;175;city291;54;195;city205;323;409;city251;377;326;city87;451;193;city275
142;city86;462;477;city222;429;88;city246;389;203;city209;97;119;city118;365;46;city165;75;111;city275;23;435;city254;40;304;city250;309;236;city180;467;45;city125;6;406;city226;376;485;city68
172;city171;101;320;city195;432;395;city176;313;405;city279;296;306;city200;348;140;city296;97;102;city276;142;44;city143;94;355;city256;105;383;city56;486;63;city238;49;268;city90
130;city95;26;247;city172;57;148;city251;239;468;city78;229;273;city180;198;473;city290;256;110;city254;425;68;city149;94;321;city274;463;156;city167;63;151;city244;54;437;city86;105;442;city183;140;63;city170;456;432;city203;109;211;city292;430;396;city130;189;421;city223
171;city70;212;425;city285;71;95;city120;300;387;city96;162;316;city144;349;282;city159;99;390;city81;461;409;city154;461;475;city244;266;367;city115;166;284;city189;150;380;city103;329;225;city273
150;city156;255;354;city97;410;328;city245;346;85;city282;484;309;city183;84;232;city84;27;344;city127;153;342;city270;133;180;city79;448;417;city225;408;49;city230;244;382;city92
133;city292;255;455;city91;341;492;city51;400;29;city128;135;402;city286;245;436;city52;386;276;city148
137;city116;204;106;city98;130;10;city285;100;426;city189;446;20;city170;246;390;city93
151;city97;291;105;city112;339;406;city113;494;474;city222;134;189;city152
170;city298;9;218;city177;493;8;city165;195;191;city84;373;220;city126;380;330;city213;460;70;city98;256;493;city77;478;234;city291;264;11;city141;86;23;city277;397;293;city249;97;347;city158;86;235;city242;38;273;city219;491;137;city233
137;city116;204;106;city98;130;10;city285;100;426;city189;446;20;city170;246;390;city93
165;city53;249;410;city77
172;city171;101;320;city195;432;395;city176;313;405;city279;296;306;city200;348;140;city296;97;102;city276;142;44;city143;94;355;city256;105;383;city56;486;63;city238;49;268;city90
167;city283;37;260;city167;185;115;city148;162;138;city210;177;9;city169;376;367;city162;130;178;city97
126;city136;410;113;city97;363;479;city52;396;174;city100;415;255;city178;145;176;city125;367;145;city110;101;387;city119;343;86;city142;213;245;city57;465;250;city223;18;152;city51;309;131;city196;71;497;city245;14;155;city183
148;city188;486;378;city221;276;455;city201;213;154;city209;180;107;city227;245;484;city234;157;158;city101;17;170;city64
169;city212;92;257;city237;102;224;city247;379;233;city80;210;323;city192;309;215;city94;288;343;city269;374;69;city228
130;city95;26;247;city172;57;148;city251;239;468;city78;229;273;city180;198;473;city290;256;110;city254;425;68;city149;94;321;city274;463;156;city167;63;151;city244;54;437;city86;105;442;city183;140;63;city170;456;432;city203;109;211;city292;430;396;city130;189;421;city223
148;city188;486;378;city221;276;455;city201;213;154;city209;180;107;city227;245;484;city234;157;158;city101;17;170;city64
157;city163;266;15;city142;384;359;city97;283;33;city206;256;7506;city205
174;city70;313;336;city211;197;31;city82;314;405;city207;253;101;city93;14;278;city223;66;175;city54;120;21;city261;259;111;city152;196;391;city122;403;234;city163;361;416;city243;7;379;city206;268;301;city236
131;city122;272;179;city141;210;73;city100;439;376;city266;343;180;city188;125;200;city239;399;36;city205;223;140;city218;175;320;city53;256;15;city280;447;298;city265;396;347;city194;455;93;city282;32;141;city89
129;city92;4;125;city237;10;366;city101;148;96;city184;281;347;city140;125;176;city208;310;481;city153;8;268;city87;470;55;city289;398;247;city267;495;173;city197;488;176;city277
132;city51;124;468;city299;188;117;city253;62;457;city77;442;453;city72;345;46;city144;174;215;city263;394;127;city193;127;346;city255;186;247;city190;375;305;city103;181;102;city181;134;216;city290;288;224;city291
158;city223;409;361;city174;395;316;city230;135;308;city249;268;452;city258;411;16;city200;102;48;city167;392;476;city108;279;364;city263;154;398;city95;355;231;city254;182;112;city100
144;city71;326;404;city207;434;88;city203;259;458;city142;255;351;city129;445;365;city298;16;275;city227;154;180;city266;348;477;city150;456;153;city151
156;city238;358;438;city54;70;451;city84;235;449;city178;165;378;city88;27;490;city109;245;192;city184;477;139;city272;95;75;city122;85;154;city209;494;495;city190;42;258;city264;497;278;city284;329;167;city51;71;492;city198;44;401;city125;476;113;city133;354;84;city286
134;city284;81;46;city161;378;34;city209;490;167;city191;101;112;city152;286;347;city267;448;172;city194;302;284;city251;91;36;city130;276;262;city214;336;167;city207;10;225;city249;131;192;city275;457;280;city244;478;20;city218;116;58;city206;457;186;city63;45;94;city61;145;423;city299
133;city292;255;455;city91;341;492;city51;400;29;city128;135;402;city286;245;436;city52;386;276;city148
129;city92;4;125;city237;10;366;city101;148;96;city184;281;347;city140;125;176;city208;310;481;city153;8;268;city87;470;55;city289;398;247;city267;495;173;city197;488;176;city277
125;city128;213;232;city285;411;499;city240
125;city128;213;232;city285;411;499;city240
136;city230;119;24;city287;178;160;city138;334;53;city241;419;44;city232;423;417;city135;466;498;city149;267;259;city175;256;249;city161;500;73;city104;220;351;city210
160;city120;243;377;city156;259;359;city129;101;111;city70;44;39;city179;185;278;city50;41;68;city55
155;city129;98;225;city245;75;310;city145;310;469;city225;5;214;city77;232;400;city57;434;164;city174;401;12;city262
154;city250;282;376;city124;399;467;city149;410;6;city112;472;418;city203;254;109;city208;94;366;city131;467;334;city286;221;495;city80;354;293;city147;92;362;city205;346;60;city211;65;427;city246;308;474;city155;331;211;city220
145;city128;146;233;city134;478;173;city149
145;city128;146;233;city134;478;173;city149
134;city284;81;46;city161;378;34;city209;490;167;city191;101;112;city152;286;347;city267;448;172;city194;302;284;city251;91;36;city130;276;262;city214;336;167;city207;10;225;city249;131;192;city275;457;280;city244;478;20;city218;116;58;city206;457;186;city63;45;94;city61;145;423;city299
171;city70;212;425;city285;71;95;city120;300;387;city96;162;316;city144;349;282;city159;99;390;city81;461;409;city154;461;475;city244;266;367;city115;166;284;city189;150;380;city103;329;225;city273
170;city298;9;218;city177;493;8;city165;195;191;city84;373;220;city126;380;330;city213;460;70;city98;256;493;city77;478;234;city291;264;11;city141;86;23;city277;397;293;city249;97;347;city158;86;235;city242;38;273;city219;491;137;city233
160;city120;243;377;city156;259;359;city129;101;111;city70;44;39;city179;185;278;city50;41;68;city55
127;city109;192;425;city106;30;36;city252;205;76;city220;483;89;city163;272;180;city113;483;443;city102;255;182;city161;263;416;city225;153;476;city296;346;425;city173;286;17;city136;433;94;city153;48;279;city56
153;city152;230;484;city245;274;364;city255;211;8;city128;388;499;city262;422;323;city82;40;159;city93;50;201;city217;153;354;city96;493;472;city56;397;451;city232;143;211;city235;39;401;city281;457;237;city261;384;174;city108;121;28;city298;398;219;city211
160;city120;243;377;city156;259;359;city129;101;111;city70;44;39;city179;185;278;city50;41;68;city55
167;city283;37;260;city167;185;115;city148;162;138;city210;177;9;city169;376;367;city162;130;178;city97
137;city116;204;106;city98;130;10;city285;100;426;city189;446;20;city170;246;390;city93
141;city249;221;334;city142;206;421;city81;433;379;city60;7;68;city134;137;350;city50;274;401;city102;272;487;city181;274;429;city68;68;257;city282;265;102;city170;335;323;city294;251;200;city207;95;355;city293;235;447;city109;197;424;city230;9;341;city237
128;city187;158;301;city53;261;174;city266;296;147;city274;410;347;city51;191;182;city60;342;48;city191
148;city188;486;378;city221;276;455;city201;213;154;city209;180;107;city227;245;484;city234;157;158;city101;17;170;city64
169;city212;92;257;city237;102;224;city247;379;233;city80;210;323;city192;309;215;city94;288;343;city269;374;69;city228
137;city116;204;106;city98;130;10;city285;100;426;city189;446;20;city170;246;390;city93
149;city220;448;383;city245;240;345;city112;39;154;city106;498;226;city281;163;495;city71;251;420;city83;355;461;city73;235;365;city233;418;43;city228;450;263;city104
126;city136;410;113;city97;363;479;city52;396;174;city100;415;255;city178;145;176;city125;367;145;city110;101;387;city119;343;86;city142;213;245;city57;465;250;city223;18;152;city51;309;131;city196;71;497;city245;14;155;city183
160;city120;243;377;city156;259;359;city129;101;111;city70;44;39;city179;185;278;city50;41;68;city55
159;city199;107;276;city291;254;234;city96;335;492;city183;453;149;city156;74;277;city189;30;417;city87
168;city54;266;84;city122;449;113;city210;85;204;city170;466;420;city208;427;226;city136;257;62;city224;109;107;city110;469;484;city72;137;126;city193;98;300;city133;348;440;city295;35;121;city150;451;331;city241;446;283;city194;323;178;city163
153;city152;230;484;city245;274;364;city255;211;8;city128;388;499;city262;422;323;city82;40;159;city93;50;201;city217;153;354;city96;493;472;city56;397;451;city232;143;211;city235;39;401;city281;457;237;city261;384;174;city108;121;28;city298;398;219;city211
142;city86;462;477;city222;429;88;city246;389;203;city209;97;119;city118;365;46;city165;75;111;city275;23;435;city254;40;304;city250;309;236;city180;467;45;city125;6;406;city226;376;485;city68
136;city230;119;24;city287;178;160;city138;334;53;city241;419;44;city232;423;417;city135;466;498;city149;267;259;city175;256;249;city161;500;73;city104;220;351;city210

142;city86;462;477;city222;429;88;city246;389;203;city209;97;119;city118;365;46;city165;75;111;city275;23;435;city254;40;304;city250;309;236;city180;467;45;city125;6;406;city226;376;485;city68
158;city223;409;361;city174;395;316;city230;135;308;city249;268;452;city258;411;16;city200;102;48;city167;392;476;city108;279;364;city263;154;398;city95;355;231;city254;182;112;city100
158;city223;409;361;city174;395;316;city230;135;308;city249;268;452;city258;411;16;city200;102;48;city167;392;476;city108;279;364;city263;154;398;city95;355;231;city254;182;112;city100
125;city128;213;232;city285;411;499;city240
147;city199;257;179;city195;461;213;city272;64;136;city106;341;463;city87;420;488;city271;27;66;city211
131;city122;272;179;city141;210;73;city100;439;376;city266;343;180;city188;125;200;city239;399;36;city205;223;140;city218;175;320;city53;256;15;city280;447;298;city265;396;347;city194;455;93;city282;32;141;city89
159;city199;107;276;city291;254;234;city96;335;492;city183;453;149;city156;74;277;city189;30;417;city87
145;city128;146;233;city134;478;173;city149
168;city54;266;84;city122;449;113;city210;85;204;city170;466;420;city208;427;226;city136;257;62;city224;109;107;city110;469;484;city72;137;126;city193;98;300;city133;348;440;city295;35;121;city150;451;331;city241;446;283;city194;323;178;city163
158;city223;409;361;city174;395;316;city230;135;308;city249;268;452;city258;411;16;city200;102;48;city167;392;476;city108;279;364;city263;154;398;city95;355;231;city254;182;112;city100
134;city284;81;46;city161;378;34;city209;490;167;city191;101;112;city152;286;347;city267;448;172;city194;302;284;city251;91;36;city130;276;262;city214;336;167;city207;10;225;city249;131;192;city275;457;280;city244;478;20;city218;116;58;city206;457;186;city63;45;94;city61;145;423;city299
174;city70;313;336;city211;197;31;city82;314;405;city207;253;101;city93;14;278;city223;66;175;city54;120;21;city261;259;111;city152;196;391;city122;403;234;city163;361;416;city243;7;379;city206;268;301;city236
171;city70;212;425;city285;71;95;city120;300;387;city96;162;316;city144;349;282;city159;99;390;city81;461;409;city154;461;475;city244;266;367;city115;166;284;city189;150;380;city103;329;225;city273
156;city238;358;438;city54;70;451;city84;235;449;city178;165;378;city88;27;490;city109;245;192;city184;477;139;city272;95;75;city122;85;154;city209;494;495;city190;42;258;city264;497;278;city284;329;167;city51;71;492;city198;44;401;city125;476;113;city133;354;84;city286
165;city53;249;410;city77
144;city71;326;404;city207;434;88;city203;259;458;city142;255;351;city129;445;365;city298;16;275;city227;154;180;city266;348;477;city150;456;153;city151
159;city199;107;276;city291;254;234;city96;335;492;city183;453;149;city156;74;277;city189;30;417;city87
152;city103;64;399;city262
159;city199;107;276;city291;254;234;city96;335;492;city183;453;149;city156;74;277;city189;30;417;city87
153;city152;230;484;city245;274;364;city255;211;8;city128;388;499;city262;422;323;city82;40;159;city93;50;201;city217;153;354;city96;493;472;city56;397;451;city232;143;211;city235;39;401;city281;457;237;city261;384;174;city108;121;28;city298;398;219;city211
154;city250;282;376;city124;399;467;city149;410;6;city112;472;418;city203;254;109;city208;94;366;city131;467;334;city286;221;495;city80;354;293;city147;92;362;city205;346;60;city211;65;427;city246;308;474;city155;331;211;city220
146;city57;201;474;city165;387;474;city144;499;325;city53;171;146;city191;257;5705;city193;57;346;city131;371;118;city249
139;city75;415;141;city194;56;367;city117;319;130;city285

150;city156;255;354;city97;410;328;city245;346;85;city282;484;309;city183;84;232;city84;27;344;city127;153;342;city270;133;180;city79;448;417;city225;408;49;city230;244;382;city92
161;city204;3;413;city266;471;285;city137;126;338;city239;289;188;city277;380;171;city124;323;93;city109;415;257;city152;451;65;city65;164;339;city87
137;city116;204;106;city98;130;10;city285;100;426;city189;446;20;city170;246;390;city93
164;city112;494;199;city197
170;city298;9;218;city177;493;8;city165;195;191;city84;373;220;city126;380;330;city213;460;70;city98;256;493;city77;478;234;city291;264;11;city141;86;23;city277;397;293;city249;97;347;city158;86;235;city242;38;273;city219;491;137;city233
145;city128;146;233;city134;478;173;city149
129;city92;4;125;city237;10;366;city101;148;96;city184;281;347;city140;125;176;city208;310;481;city153;8;268;city87;470;55;city289;398;247;city267;495;173;city197;488;176;city277
174;city70;313;336;city211;197;31;city82;314;405;city207;253;101;city93;14;278;city223;66;175;city54;120;21;city261;259;111;city152;196;391;city122;403;234;city163;361;416;city243;7;379;city206;268;301;city236
150;city156;255;354;city97;410;328;city245;346;85;city282;484;309;city183;84;232;city84;27;344;city127;153;342;city270;133;180;city79;448;417;city225;408;49;city230;244;382;city92
130;city95;26;247;city172;57;148;city251;239;468;city78;229;273;city180;198;473;city290;256;110;city254;425;68;city149;94;321;city274;463;156;city167;63;151;city244;54;437;city86;105;442;city183;140;63;city170;456;432;city203;109;211;city292;430;396;city130;189;421;city223
126;city136;410;113;city97;363;479;city52;396;174;city100;415;255;city178;145;176;city125;367;145;city110;101;387;city119;343;86;city142;213;245;city57;465;250;city223;18;152;city51;309;131;city196;71;497;city245;14;155;city183
153;city152;230;484;city245;274;364;city255;211;8;city128;388;499;city262;422;323;city82;40;159;city93;50;201;city217;153;354;city96;493;472;city56;397;451;city232;143;211;city235;39;401;city281;457;237;city261;384;174;city108;121;28;city298;398;219;city211
165;city53;249;410;city77
145;city128;146;233;city134;478;173;city149
141;city249;221;334;city142;206;421;city81;433;379;city60;7;68;city134;137;350;city50;274;401;city102;272;487;city181;274;429;city68;68;257;city282;265;102;city170;335;323;city294;251;200;city207;95;355;city293;235;447;city109;197;424;city230;9;341;city237
138;city273;56;15;city256;215;311;city264
166;city93;396;308;city69;446;492;city134;390;291;city145;392;272;city66;81;111;city212;273;288;city263;485;368;city119;389;187;city105;331;289;city53;406;96;city83;154;90;city156;88;408;city239;10;241;city270
152;city103;64;399;city262
150;city156;255;354;city97;410;328;city245;346;85;city282;484;309;city183;84;232;city84;27;344;city127;153;342;city270;133;180;city79;448;417;city225;408;49;city230;244;382;city92
132;city51;124;468;city299;188;117;city253;62;457;city77;442;453;city72;345;46;city144;174;215;city263;394;127;city193;127;346;city255;186;247;city190;375;305;city103;181;102;city181;134;216;city290;288;224;city291
127;city109;192;425;city106;30;36;city252;205;76;city220;483;89;city163;272;180;city113;483;443;city102;255;182;city161;263;416;city225;153;476;city296;346;425;city173;286;17;city136;433;94;city153;48;279;city56
163;city96;230;281;city117;126;29;city78;259;61;city194;254;302;city50;491;356;city167;425;497;city163;310;211;city85
149;city220;448;383;city245;240;345;city112;39;154;city106;498;226;city281;163;495;city71;251;420;city83;355;461;city73;235;365;city233;418;43;city228;450;263;city104

174;city70;313;336;city211;197;31;city82;314;405;city207;253;101;city93;14;278;city223;66;175;city54;120;21;city261;259;111;city152;196;391;city122;403;234;city163;361;416;city243;7;379;city206;268;301;city236

150;city156;255;354;city97;410;328;city245;346;85;city282;484;309;city183;84;232;city84;27;344;city127;153;342;city270;133;180;city79;448;417;city225;408;49;city230;244;382;city92
148;city188;486;378;city221;276;455;city201;213;154;city209;180;107;city227;245;484;city234;157;158;city101;17;170;city64
134;city284;81;46;city161;378;34;city209;490;167;city191;101;112;city152;286;347;city267;448;172;city194;302;284;city251;91;36;city130;276;262;city214;336;167;city207;10;225;city249;131;192;city275;457;280;city244;478;20;city218;116;58;city206;457;186;city63;45;94;city61;145;423;city299
148;city188;486;378;city221;276;455;city201;213;154;city209;180;107;city227;245;484;city234;157;158;city101;17;170;city64
155;city129;98;225;city245;75;310;city145;310;469;city225;5;214;city77;232;400;city57;434;164;city174;401;12;city262
168;city54;266;84;city122;449;113;city210;85;204;city170;466;420;city208;427;226;city136;257;62;city224;109;107;city110;469;484;city72;137;126;city193;98;300;city133;348;440;city295;35;121;city150;451;331;city241;446;283;city194;323;178;city163
131;city122;272;179;city141;210;73;city100;439;376;city266;343;180;city188;125;200;city239;399;36;city205;223;140;city218;175;320;city53;256;15;city280;447;298;city265;396;347;city194;455;93;city282;32;141;city89
170;city298;9;218;city177;493;8;city165;195;191;city84;373;220;city126;380;330;city213;460;70;city98;256;493;city77;478;234;city291;264;11;city141;86;23;city277;397;293;city249;97;347;city158;86;235;city242;38;273;city219;491;137;city233
173;city81;81;189;city127;217;465;city161
138;city273;56;15;city256;215;311;city264
174;city70;313;336;city211;197;31;city82;314;405;city207;253;101;city93;14;278;city223;66;175;city54;120;21;city261;259;111;city152;196;391;city122;403;234;city163;361;416;city243;7;379;city206;268;301;city236
148;city188;486;378;city221;276;455;city201;213;154;city209;180;107;city227;245;484;city234;157;158;city101;17;170;city64
152;city103;64;399;city262
130;city95;26;247;city172;57;148;city251;239;468;city78;229;273;city180;198;473;city290;256;110;city254;425;68;city149;94;321;city274;463;156;city167;63;151;city244;54;437;city86;105;442;city183;140;63;city170;456;432;city203;109;211;city292;430;396;city130;189;421;city223
153;city152;230;484;city245;274;364;city255;211;8;city128;388;499;city262;422;323;city82;40;159;city93;50;201;city217;153;354;city96;493;472;city56;397;451;city232;143;211;city235;39;401;city281;457;237;city261;384;174;city108;121;28;city298;398;219;city211
170;city298;9;218;city177;493;8;city165;195;191;city84;373;220;city126;380;330;city213;460;70;city98;256;493;city77;478;234;city291;264;11;city141;86;23;city277;397;293;city249;97;347;city158;86;235;city242;38;273;city219;491;137;city233
170;city298;9;218;city177;493;8;city165;195;191;city84;373;220;city126;380;330;city213;460;70;city98;256;493;city77;478;234;city291;264;11;city141;86;23;city277;397;293;city249;97;347;city158;86;235;city242;38;273;city219;491;137;city233
153;city152;230;484;city245;274;364;city255;211;8;city128;388;499;city262;422;323;city82;40;159;city93;50;201;city217;153;354;city96;493;472;city56;397;451;city232;143;211;city235;39;401;city281;457;237;city261;384;174;city108;121;28;city298;398;219;city211

142;city86;462;477;city222;429;88;city246;389;203;city209;97;119;city118;365;46;city165;75;111;city275;23;435;city254;40;304;city250;309;236;city180;467;45;city125;6;406;city226;376;485;city68
148;city188;486;378;city221;276;455;city201;213;154;city209;180;107;city227;245;484;city234;157;158;city101;17;170;city64
131;city122;272;179;city141;210;73;city100;439;376;city266;343;180;city188;125;200;city239;399;36;city205;223;140;city218;175;320;city53;256;15;city280;447;298;city265;396;347;city194;455;93;city282;32;141;city89
