









161;city80;95;146;city129;18;115;city280;238;476;city270;213;287;city176;294;99;city284;408;268;city151


159;city116;403;154;city237;196;29;city131;330;118;city293;465;128;city211;194;82;city294;46;465;city56;94;179;city85;328;218;city160



168;city90;18;286;city295;335;147;city143;69;386;city73;192;112;city169;256;45;city242;96;227;city191
154;city54;13;356;city93;94;235;city170;82;7;city122;284;268;city236;297;457;city64;54;464;city101;426;435;city247;478;192;city273;246;474;city95;455;287;city192;180;151;city112;133;224;city119;462;133;city133;228;86;city215;275;255;city121;88;342;city86;349;233;city211



154;city54;13;356;city93;94;235;city170;82;7;city122;284;268;city236;297;457;city64;54;464;city101;426;435;city247;478;192;city273;246;474;city95;455;287;city192;180;151;city112;133;224;city119;462;133;city133;228;86;city215;275;255;city121;88;342;city86;349;233;city211

126;city199;218;269;city204;160;327;city173;239;239;city258;210;336;city127;370;267;city279;446;82;city67;335;143;city117;373;488;city159;160;380;city103;249;141;city209;217;17;city272;170;413;city289;216;479;city178;345;83;city242;121;66;city108;212;86;city167;56;240;city294;462;417;city60


126;city199;218;269;city204;160;327;city173;239;239;city258;210;336;city127;370;267;city279;446;82;city67;335;143;city117;373;488;city159;160;380;city103;249;141;city209;217;17;city272;170;413;city289;216;479;city178;345;83;city242;121;66;city108;212;86;city167;56;240;city294;462;417;city60







153;city146;384;319;city174;414;235;city295;231;402;city75;26;49;city154;271;113;city105;26;17;city167;240;27;city58;377;389;city194;87;470;city134;291;439;city115;271;379;city110;34;162;city213;45;255;city173;431;11;city288;42;496;city255

162;city142;15;96;city262;497;155;city130;112;3;city76;66;473;city270;171;298;city120;472;448;city254;92;487;city140;305;263;city219
168;city90;18;286;city295;335;147;city143;69;386;city73;192;112;city169;256;45;city242;96;227;city191





136;city160;422;476;city167;346;59;city200
159;city116;403;154;city237;196;29;city131;330;118;city293;465;128;city211;194;82;city294;46;465;city56;94;179;city85;328;218;city160
149;city86;360;58;city91;162;135;city213;12;309;city107;273;261;city150;449;352;city111;253;274;city110;233;30;city290;293;404;city215;35;282;city199


149;city86;360;58;city91;162;135;city213;12;309;city107;273;261;city150;449;352;city111;253;274;city110;233;30;city290;293;404;city215;35;282;city199

162;city142;15;96;city262;497;155;city130;112;3;city76;66;473;city270;171;298;city120;472;448;city254;92;487;city140;305;263;city219
129;city104;248;245;city245

166;city121;474;93;city254;103;234;city80;216;137;city287;49;443;city138;148;341;city242;372;239;city238;357;314;city92
173;city180;294;481;city200;450;35;city162;285;214;city272;15;463;city166;450;371;city115;13;213;city90;213;500;city188;35;47;city93;275;432;city168;470;59;city221;362;201;city183;372;313;city199;331;206;city248;80;40;city288
139;city132;5;479;city124;354;469;city278;74;19;city201;37;369;city246;155;205;city120;322;95;city198;266;244;city219;112;186;city249;315;257;city80;178;128;city238;250;141;city85;110;242;city87;399;165;city109;54;121;city102




139;city132;5;479;city124;354;469;city278;74;19;city201;37;369;city246;155;205;city120;322;95;city198;266;244;city219;112;186;city249;315;257;city80;178;128;city238;250;141;city85;110;242;city87;399;165;city109;54;121;city102

150;city201;259;13;city173;217;114;city224;463;342;city294;206;492;city92;478;169;city222;161;28;city289;100;168;city152;209;313;city223;219;261;city196;123;304;city254
154;city54;13;356;city93;94;235;city170;82;7;city122;284;268;city236;297;457;city64;54;464;city101;426;435;city247;478;192;city273;246;474;city95;455;287;city192;180;151;city112;133;224;city119;462;133;city133;228;86;city215;275;255;city121;88;342;city86;349;233;city211
142;city230;198;139;city191;252;325;city128;452;142;city118;405;142;city164;319;118;city73;460;478;city232;494;379;city170;395;27;city231;27;490;city190;18;370;city141;15;360;city276;453;286;city76;17;340;city238;290;315;city221;66;379;city135;313;393;city121;79;396;city256;91;233;city186;236;4;city163
159;city116;403;154;city237;196;29;city131;330;118;city293;465;128;city211;194;82;city294;46;465;city56;94;179;city85;328;218;city160


142;city230;198;139;city191;252;325;city128;452;142;city118;405;142;city164;319;118;city73;460;478;city232;494;379;city170;395;27;city231;27;490;city190;18;370;city141;15;360;city276;453;286;city76;17;340;city238;290;315;city221;66;379;city135;313;393;city121;79;396;city256;91;233;city186;236;4;city163


127;city282;186;450;city66;146;17;city169;367;174;city287;85;73;city233;241;448;city130;433;46;city182;343;499;city237;202;366;city280;217;108;city272;344;227;city253;145;318;city67;403;310;city80;297;104;city221;430;308;city108;432;357;city259;91;441;city98

128;city229;57;359;city121;408;172;city218;313;74;city285;33;265;city110;396;19;city248;402;420;city271;199;455;city206;481;428;city233
154;city54;13;356;city93;94;235;city170;82;7;city122;284;268;city236;297;457;city64;54;464;city101;426;435;city247;478;192;city273;246;474;city95;455;287;city192;180;151;city112;133;224;city119;462;133;city133;228;86;city215;275;255;city121;88;342;city86;349;233;city211
136;city160;422;476;city167;346;59;city200

159;city116;403;154;city237;196;29;city131;330;118;city293;465;128;city211;194;82;city294;46;465;city56;94;179;city85;328;218;city160
129;city104;248;245;city245


164;city274;491;391;city234

142;city230;198;139;city191;252;325;city128;452;142;city118;405;142;city164;319;118;city73;460;478;city232;494;379;city170;395;27;city231;27;490;city190;18;370;city141;15;360;city276;453;286;city76;17;340;city238;290;315;city221;66;379;city135;313;393;city121;79;396;city256;91;233;city186;236;4;city163
170;city92;126;15;city254;390;425;city241;302;37;city208;282;156;city77;158;482;city64;75;214;city192;334;456;city224;476;265;city155;10;175;city169


153;city146;384;319;city174;414;235;city295;231;402;city75;26;49;city154;271;113;city105;26;17;city167;240;27;city58;377;389;city194;87;470;city134;291;439;city115;271;379;city110;34;162;city213;45;255;city173;431;11;city288;42;496;city255
166;city121;474;93;city254;103;234;city80;216;137;city287;49;443;city138;148;341;city242;372;239;city238;357;314;city92

162;city142;15;96;city262;497;155;city130;112;3;city76;66;473;city270;171;298;city120;472;448;city254;92;487;city140;305;263;city219
132;city214;107;19;city202;52;65;city213;346;29;city139;178;223;city283


136;city160;422;476;city167;346;59;city200
171;city234;22;81;city168;152;57;city179;156;385;city290;391;481;city88;75;136;city187;449;226;city66;144;462;city292;126;383;city98
125;city94;497;41;city123;424;233;city206;204;348;city152;304;224;city82;371;344;city92;325;146;city73;315;371;city279;377;479;city208;270;94;city168;319;499;city196;24;231;city171;461;370;city199;493;399;city297;104;19;city198;393;314;city78;256;192;city259
174;city237;280;316;city145;11;128;city105;91;115;city199;184;42;city155;92;398;city293;221;290;city50;487;33;city189;73;98;city220;86;300;city73;170;33;city57;369;324;city291;433;334;city178;163;260;city96;4;308;city186;17;294;city55;497;11;city226;315;477;city179
167;city226;403;77;city54
132;city214;107;19;city202;52;65;city213;346;29;city139;178;223;city283
153;city146;384;319;city174;414;235;city295;231;402;city75;26;49;city154;271;113;city105;26;17;city167;240;27;city58;377;389;city194;87;470;city134;291;439;city115;271;379;city110;34;162;city213;45;255;city173;431;11;city288;42;496;city255
128;city229;57;359;city121;408;172;city218;313;74;city285;33;265;city110;396;19;city248;402;420;city271;199;455;city206;481;428;city233
132;city214;107;19;city202;52;65;city213;346;29;city139;178;223;city283
168;city90;18;286;city295;335;147;city143;69;386;city73;192;112;city169;256;45;city242;96;227;city191

144;city282;265;28;city103;88;430;city275;337;335;city297;207;413;city125;59;479;city133;452;418;city208;305;426;city162;344;281;city173;207;280;city70;383;465;city193
150;city201;259;13;city173;217;114;city224;463;342;city294;206;492;city92;478;169;city222;161;28;city289;100;168;city152;209;313;city223;219;261;city196;123;304;city254
139;city132;5;479;city124;354;469;city278;74;19;city201;37;369;city246;155;205;city120;322;95;city198;266;244;city219;112;186;city249;315;257;city80;178;128;city238;250;141;city85;110;242;city87;399;165;city109;54;121;city102
129;city104;248;245;city245
129;city104;248;245;city245
164;city274;491;391;city234
129;city104;248;245;city245

139;city132;5;479;city124;354;469;city278;74;19;city201;37;369;city246;155;205;city120;322;95;city198;266;244;city219;112;186;city249;315;257;city80;178;128;city238;250;141;city85;110;242;city87;399;165;city109;54;121;city102
137;city267;407;434;city82;449;474;city93;320;233;city280;252;187;city149;61;235;city53;282;276;city91;110;354;city133;79;98;city177;469;364;city127;445;88;city223;396;282;city141;220;248;city86;108;95;city131;131;90;city185;443;305;city99;489;82;city56;95;71;city89
150;city201;259;13;city173;217;114;city224;463;342;city294;206;492;city92;478;169;city222;161;28;city289;100;168;city152;209;313;city223;219;261;city196;123;304;city254
150;city201;259;13;city173;217;114;city224;463;342;city294;206;492;city92;478;169;city222;161;28;city289;100;168;city152;209;313;city223;219;261;city196;123;304;city254
131;city249;383;145;city265;140;319;city258;440;407;city223;254;396;city199;62;84;city243;44;107;city197;383;56;city274;70;389;city155;147;301;city50;382;293;city286;60;36;city251;60;322;city224;477;420;city61;62;425;city188
152;city228;316;221;city240;455;255;city215;179;464;city299;357;252;city201;432;175;city239
161;city80;95;146;city129;18;115;city280;238;476;city270;213;287;city176;294;99;city284;408;268;city151
132;city214;107;19;city202;52;65;city213;346;29;city139;178;223;city283
137;city267;407;434;city82;449;474;city93;320;233;city280;252;187;city149;61;235;city53;282;276;city91;110;354;city133;79;98;city177;469;364;city127;445;88;city223;396;282;city141;220;248;city86;108;95;city131;131;90;city185;443;305;city99;489;82;city56;95;71;city89
166;city121;474;93;city254;103;234;city80;216;137;city287;49;443;city138;148;341;city242;372;239;city238;357;314;city92
166;city121;474;93;city254;103;234;city80;216;137;city287;49;443;city138;148;341;city242;372;239;city238;357;314;city92

152;city228;316;221;city240;455;255;city215;179;464;city299;357;252;city201;432;175;city239
146;city298;424;327;city264;27;62;city191;396;141;city259;480;199;city84;339;432;city190
146;city298;424;327;city264;27;62;city191;396;141;city259;480;199;city84;339;432;city190
136;city160;422;476;city167;346;59;city200
139;city132;5;479;city124;354;469;city278;74;19;city201;37;369;city246;155;205;city120;322;95;city198;266;244;city219;112;186;city249;315;257;city80;178;128;city238;250;141;city85;110;242;city87;399;165;city109;54;121;city102
126;city199;218;269;city204;160;327;city173;239;239;city258;210;336;city127;370;267;city279;446;82;city67;335;143;city117;373;488;city159;160;380;city103;249;141;city209;217;17;city272;170;413;city289;216;479;city178;345;83;city242;121;66;city108;212;86;city167;56;240;city294;462;417;city60
164;city274;491;391;city234
146;city298;424;327;city264;27;62;city191;396;141;city259;480;199;city84;339;432;city190
165;city265;293;66;city197;440;310;city144;73;143;city201;29;94;city272
134;city220;206;373;city65;173;159;city277;319;52;city276;241;357;city268

159;city116;403;154;city237;196;29;city131;330;118;city293;465;128;city211;194;82;city294;46;465;city56;94;179;city85;328;218;city160
135;city242;396;440;city292;130;477;city255;138;354;city70;475;418;city293;73;439;city147;418;466;city236;297;423;city167;213;332;city259;71;201;city85;446;111;city208

125;city94;497;41;city123;424;233;city206;204;348;city152;304;224;city82;371;344;city92;325;146;city73;315;371;city279;377;479;city208;270;94;city168;319;499;city196;24;231;city171;461;370;city199;493;399;city297;104;19;city198;393;314;city78;256;192;city259
132;city214;107;19;city202;52;65;city213;346;29;city139;178;223;city283
143;city281;370;297;city273;376;420;city55;424;269;city190;61;492;city182;338;147;city75;381;312;city236;496;163;city88;183;352;city269;454;112;city262;127;6;city165;66;304;city86;299;254;city146;56;207;city225;379;386;city211;58;284;city80
169;city53;60;500;city85;211;398;city51;231;389;city138;59;249;city150;486;391;city131;27;96;city123;19;233;city78;419;194;city169;178;454;city136;481;171;city230;445;88;city81;125;438;city54
156;city190;82;190;city74;288;278;city221;282;389;city59;126;232;city187;338;261;city201;308;79;city71;327;492;city133
164;city274;491;391;city234
171;city234;22;81;city168;152;57;city179;156;385;city290;391;481;city88;75;136;city187;449;226;city66;144;462;city292;126;383;city98
145;city151;468;251;city256;383;372;city154;394;6;city85;453;381;city65;370;59;city132;219;260;city258;164;117;city146;332;406;city100;149;257;city125;47;182;city73;428;363;city60;287;221;city225;290;43;city283;281;434;city62;170;73;city230;319;179;city232
148;city166;376;102;city234;269;83;city72;152;281;city121;201;248;city174;352;356;city96;395;332;city204;169;22;city61;204;281;city246;72;338;city131;285;17;city257;421;435;city251
125;city94;497;41;city123;424;233;city206;204;348;city152;304;224;city82;371;344;city92;325;146;city73;315;371;city279;377;479;city208;270;94;city168;319;499;city196;24;231;city171;461;370;city199;493;399;city297;104;19;city198;393;314;city78;256;192;city259
132;city214;107;19;city202;52;65;city213;346;29;city139;178;223;city283

142;city230;198;139;city191;252;325;city128;452;142;city118;405;142;city164;319;118;city73;460;478;city232;494;379;city170;395;27;city231;27;490;city190;18;370;city141;15;360;city276;453;286;city76;17;340;city238;290;315;city221;66;379;city135;313;393;city121;79;396;city256;91;233;city186;236;4;city163
173;city180;294;481;city200;450;35;city162;285;214;city272;15;463;city166;450;371;city115;13;213;city90;213;500;city188;35;47;city93;275;432;city168;470;59;city221;362;201;city183;372;313;city199;331;206;city248;80;40;city288
151;city93;294;356;city125;114;200;city196;238;271;city224;342;228;city66;383;162;city171;264;262;city101;334;290;city137;334;127;city89;498;143;city54;182;355;city177;476;493;city229;138;142;city176;246;93;city81;120;242;city99;91;477;city119;319;384;city52;463;66;city298;276;339;city87
149;city86;360;58;city91;162;135;city213;12;309;city107;273;261;city150;449;352;city111;253;274;city110;233;30;city290;293;404;city215;35;282;city199
151;city93;294;356;city125;114;200;city196;238;271;city224;342;228;city66;383;162;city171;264;262;city101;334;290;city137;334;127;city89;498;143;city54;182;355;city177;476;493;city229;138;142;city176;246;93;city81;120;242;city99;91;477;city119;319;384;city52;463;66;city298;276;339;city87
159;city116;403;154;city237;196;29;city131;330;118;city293;465;128;city211;194;82;city294;46;465;city56;94;179;city85;328;218;city160
152;city228;316;221;city240;455;255;city215;179;464;city299;357;252;city201;432;175;city239
133;city186;70;394;city169;477;217;city268;438;409;city259;462;166;city172;137;287;city98;363;264;city58;269;257;city109

164;city274;491;391;city234
158;city229;213;72;city97;209;46;city104;123;175;city151
143;city281;370;297;city273;376;420;city55;424;269;city190;61;492;city182;338;147;city75;381;312;city236;496;163;city88;183;352;city269;454;112;city262;127;6;city165;66;304;city86;299;254;city146;56;207;city225;379;386;city211;58;284;city80
146;city298;424;327;city264;27;62;city191;396;141;city259;480;199;city84;339;432;city190
157;city61;106;16;city74;130;138;city153;52;481;city289;217;176;city135;32;157;city108;97;138;city218;416;293;city80;95;149;city250
142;city230;198;139;city191;252;325;city128;452;142;city118;405;142;city164;319;118;city73;460;478;city232;494;379;city170;395;27;city231;27;490;city190;18;370;city141;15;360;city276;453;286;city76;17;340;city238;290;315;city221;66;379;city135;313;393;city121;79;396;city256;91;233;city186;236;4;city163
128;city229;57;359;city121;408;172;city218;313;74;city285;33;265;city110;396;19;city248;402;420;city271;199;455;city206;481;428;city233
129;city104;248;245;city245
140;city89;494;375;city119;233;98;city194;387;113;city159;311;64;city240;349;361;city293;66;342;city210;141;38;city131;58;2;city187;66;28;city52;415;9;city150
170;city92;126;15;city254;390;425;city241;302;37;city208;282;156;city77;158;482;city64;75;214;city192;334;456;city224;476;265;city155;10;175;city169
134;city220;206;373;city65;173;159;city277;319;52;city276;241;357;city268
159;city116;403;154;city237;196;29;city131;330;118;city293;465;128;city211;194;82;city294;46;465;city56;94;179;city85;328;218;city160
138;city253;387;293;city188;35;271;city136;109;110;city62;435;41;city238;316;228;city122;297;481;city162;56;331;city121;148;470;city195;283;343;city177;108;243;city89;339;118;city112;162;315;city167
142;city230;198;139;city191;252;325;city128;452;142;city118;405;142;city164;319;118;city73;460;478;city232;494;379;city170;395;27;city231;27;490;city190;18;370;city141;15;360;city276;453;286;city76;17;340;city238;290;315;city221;66;379;city135;313;393;city121;79;396;city256;91;233;city186;236;4;city163
146;city298;424;327;city264;27;62;city191;396;141;city259;480;199;city84;339;432;city190
161;city80;95;146;city129;18;115;city280;238;476;city270;213;287;city176;294;99;city284;408;268;city151
168;city90;18;286;city295;335;147;city143;69;386;city73;192;112;city169;256;45;city242;96;227;city191
145;city151;468;251;city256;383;372;city154;394;6;city85;453;381;city65;370;59;city132;219;260;city258;164;117;city146;332;406;city100;149;257;city125;47;182;city73;428;363;city60;287;221;city225;290;43;city283;281;434;city62;170;73;city230;319;179;city232
173;city180;294;481;city200;450;35;city162;285;214;city272;15;463;city166;450;371;city115;13;213;city90;213;500;city188;35;47;city93;275;432;city168;470;59;city221;362;201;city183;372;313;city199;331;206;city248;80;40;city288
141;city78;366;125;city199;286;260;city229;16;456;city135;257;416;city223;434;381;city228;54;400;city106;263;284;city240;155;203;city255;463;199;city171
171;city234;22;81;city168;152;57;city179;156;385;city290;391;481;city88;75;136;city187;449;226;city66;144;462;city292;126;383;city98

165;city265;293;66;city197;440;310;city144;73;143;city201;29;94;city272
129;city104;248;245;city245
133;city186;70;394;city169;477;217;city268;438;409;city259;462;166;city172;137;287;city98;363;264;city58;269;257;city109
128;city229;57;359;city121;408;172;city218;313;74;city285;33;265;city110;396;19;city248;402;420;city271;199;455;city206;481;428;city233
126;city199;218;269;city204;160;327;city173;239;239;city258;210;336;city127;370;267;city279;446;82;city67;335;143;city117;373;488;city159;160;380;city103;249;141;city209;217;17;city272;170;413;city289;216;479;city178;345;83;city242;121;66;city108;212;86;city167;56;240;city294;462;417;city60
134;city220;206;373;city65;173;159;city277;319;52;city276;241;357;city268
171;city234;22;81;city168;152;57;city179;156;385;city290;391;481;city88;75;136;city187;449;226;city66;144;462;city292;126;383;city98
133;city186;70;394;city169;477;217;city268;438;409;city259;462;166;city172;137;287;city98;363;264;city58;269;257;city109
131;city249;383;145;city265;140;319;city258;440;407;city223;254;396;city199;62;84;city243;44;107;city197;383;56;city274;70;389;city155;147;301;city50;382;293;city286;60;36;city251;60;322;city224;477;420;city61;62;425;city188
147;city136;454;181;city237;66;382;city66;348;118;city264;239;200;city128;386;498;city155;40;327;city72;330;200;city157;392;367;city98;322;87;city257;282;7;city170;413;154;city276;192;358;city187
169;city53;60;500;city85;211;398;city51;231;389;city138;59;249;city150;486;391;city131;27;96;city123;19;233;city78;419;194;city169;178;454;city136;481;171;city230;445;88;city81;125;438;city54
147;city136;454;181;city237;66;382;city66;348;118;city264;239;200;city128;386;498;city155;40;327;city72;330;200;city157;392;367;city98;322;87;city257;282;7;city170;413;154;city276;192;358;city187
128;city229;57;359;city121;408;172;city218;313;74;city285;33;265;city110;396;19;city248;402;420;city271;199;455;city206;481;428;city233
139;city132;5;479;city124;354;469;city278;74;19;city201;37;369;city246;155;205;city120;322;95;city198;266;244;city219;112;186;city249;315;257;city80;178;128;city238;250;141;city85;110;242;city87;399;165;city109;54;121;city102
145;city151;468;251;city256;383;372;city154;394;6;city85;453;381;city65;370;59;city132;219;260;city258;164;117;city146;332;406;city100;149;257;city125;47;182;city73;428;363;city60;287;221;city225;290;43;city283;281;434;city62;170;73;city230;319;179;city232
152;city228;316;221;city240;455;255;city215;179;464;city299;357;252;city201;432;175;city239
135;city242;396;440;city292;130;477;city255;138;354;city70;475;418;city293;73;439;city147;418;466;city236;297;423;city167;213;332;city259;71;201;city85;446;111;city208
173;city180;294;481;city200;450;35;city162;285;214;city272;15;463;city166;450;371;city115;13;213;city90;213;500;city188;35;47;city93;275;432;city168;470;59;city221;362;201;city183;372;313;city199;331;206;city248;80;40;city288
144;city282;265;28;city103;88;430;city275;337;335;city297;207;413;city125;59;479;city133;452;418;city208;305;426;city162;344;281;city173;207;280;city70;383;465;city193
138;city253;387;293;city188;35;271;city136;109;110;city62;435;41;city238;316;228;city122;297;481;city162;56;331;city121;148;470;city195;283;343;city177;108;243;city89;339;118;city112;162;315;city167
147;city136;454;181;city237;66;382;city66;348;118;city264;239;200;city128;386;498;city155;40;327;city72;330;200;city157;392;367;city98;322;87;city257;282;7;city170;413;154;city276;192;358;city187
139;city132;5;479;city124;354;469;city278;74;19;city201;37;369;city246;155;205;city120;322;95;city198;266;244;city219;112;186;city249;315;257;city80;178;128;city238;250;141;city85;110;242;city87;399;165;city109;54;121;city102
158;city229;213;72;city97;209;46;city104;123;175;city151
142;city230;198;139;city191;252;325;city128;452;142;city118;405;142;city164;319;118;city73;460;478;city232;494;379;city170;395;27;city231;27;490;city190;18;370;city141;15;360;city276;453;286;city76;17;340;city238;290;315;city221;66;379;city135;313;393;city121;79;396;city256;91;233;city186;236;4;city163
161;city80;95;146;city129;18;115;city280;238;476;city270;213;287;city176;294;99;city284;408;268;city151
144;city282;265;28;city103;88;430;city275;337;335;city297;207;413;city125;59;479;city133;452;418;city208;305;426;city162;344;281;city173;207;280;city70;383;465;city193
161;city80;95;146;city129;18;115;city280;238;476;city270;213;287;city176;294;99;city284;408;268;city151
133;city186;70;394;city169;477;217;city268;438;409;city259;462;166;city172;137;287;city98;363;264;city58;269;257;city109
160;city111;257;306;city114;122;151;city157;387;346;city127;64;272;city51;330;242;city216;4;134;city130;148;139;city249;6;470;city261;410;323;city124;145;361;city119;156;428;city79;14;248;city241;110;30;city98;243;338;city69;445;427;city210;122;242;city97;478;488;city76;16;8580;city250
156;city190;82;190;city74;288;278;city221;282;389;city59;126;232;city187;338;261;city201;308;79;city71;327;492;city133
148;city166;376;102;city234;269;83;city72;152;281;city121;201;248;city174;352;356;city96;395;332;city204;169;22;city61;204;281;city246;72;338;city131;285;17;city257;421;435;city251
173;city180;294;481;city200;450;35;city162;285;214;city272;15;463;city166;450;371;city115;13;213;city90;213;500;city188;35;47;city93;275;432;city168;470;59;city221;362;201;city183;372;313;city199;331;206;city248;80;40;city288
145;city151;468;251;city256;383;372;city154;394;6;city85;453;381;city65;370;59;city132;219;260;city258;164;117;city146;332;406;city100;149;257;city125;47;182;city73;428;363;city60;287;221;city225;290;43;city283;281;434;city62;170;73;city230;319;179;city232
129;city104;248;245;city245
174;city237;280;316;city145;11;128;city105;91;115;city199;184;42;city155;92;398;city293;221;290;city50;487;33;city189;73;98;city220;86;300;city73;170;33;city57;369;324;city291;433;334;city178;163;260;city96;4;308;city186;17;294;city55;497;11;city226;315;477;city179
132;city214;107;19;city202;52;65;city213;346;29;city139;178;223;city283
174;city237;280;316;city145;11;128;city105;91;115;city199;184;42;city155;92;398;city293;221;290;city50;487;33;city189;73;98;city220;86;300;city73;170;33;city57;369;324;city291;433;334;city178;163;260;city96;4;308;city186;17;294;city55;497;11;city226;315;477;city179
148;city166;376;102;city234;269;83;city72;152;281;city121;201;248;city174;352;356;city96;395;332;city204;169;22;city61;204;281;city246;72;338;city131;285;17;city257;421;435;city251
168;city90;18;286;city295;335;147;city143;69;386;city73;192;112;city169;256;45;city242;96;227;city191
129;city104;248;245;city245
145;city151;468;251;city256;383;372;city154;394;6;city85;453;381;city65;370;59;city132;219;260;city258;164;117;city146;332;406;city100;149;257;city125;47;182;city73;428;363;city60;287;221;city225;290;43;city283;281;434;city62;170;73;city230;319;179;city232
152;city228;316;221;city240;455;255;city215;179;464;city299;357;252;city201;432;175;city239
132;city214;107;19;city202;52;65;city213;346;29;city139;178;223;city283
153;city146;384;319;city174;414;235;city295;231;402;city75;26;49;city154;271;113;city105;26;17;city167;240;27;city58;377;389;city194;87;470;city134;291;439;city115;271;379;city110;34;162;city213;45;255;city173;431;11;city288;42;496;city255
138;city253;387;293;city188;35;271;city136;109;110;city62;435;41;city238;316;228;city122;297;481;city162;56;331;city121;148;470;city195;283;343;city177;108;243;city89;339;118;city112;162;315;city167
156;city190;82;190;city74;288;278;city221;282;389;city59;126;232;city187;338;261;city201;308;79;city71;327;492;city133
166;city121;474;93;city254;103;234;city80;216;137;city287;49;443;city138;148;341;city242;372;239;city238;357;314;city92
148;city166;376;102;city234;269;83;city72;152;281;city121;201;248;city174;352;356;city96;395;332;city204;169;22;city61;204;281;city246;72;338;city131;285;17;city257;421;435;city251
125;city94;497;41;city123;424;233;city206;204;348;city152;304;224;city82;371;344;city92;325;146;city73;315;371;city279;377;479;city208;270;94;city168;319;499;city196;24;231;city171;461;370;city199;493;399;city297;104;19;city198;393;314;city78;256;192;city259
138;city253;387;293;city188;35;271;city136;109;110;city62;435;41;city238;316;228;city122;297;481;city162;56;331;city121;148;470;city195;283;343;city177;108;243;city89;339;118;city112;162;315;city167
130;city55;447;226;city69;285;137;city161;452;298;city176;229;442;city178;237;347;city276;103;429;city209;341;111;city122;217;422;city102
153;city146;384;319;city174;414;235;city295;231;402;city75;26;49;city154;271;113;city105;26;17;city167;240;27;city58;377;389;city194;87;470;city134;291;439;city115;271;379;city110;34;162;city213;45;255;city173;431;11;city288;42;496;city255
125;city94;497;41;city123;424;233;city206;204;348;city152;304;224;city82;371;344;city92;325;146;city73;315;371;city279;377;479;city208;270;94;city168;319;499;city196;24;231;city171;461;370;city199;493;399;city297;104;19;city198;393;314;city78;256;192;city259
130;city55;447;226;city69;285;137;city161;452;298;city176;229;442;city178;237;347;city276;103;429;city209;341;111;city122;217;422;city102
162;city142;15;96;city262;497;155;city130;112;3;city76;66;473;city270;171;298;city120;472;448;city254;92;487;city140;305;263;city219
166;city121;474;93;city254;103;234;city80;216;137;city287;49;443;city138;148;341;city242;372;239;city238;357;314;city92
156;city190;82;190;city74;288;278;city221;282;389;city59;126;232;city187;338;261;city201;308;79;city71;327;492;city133
133;city186;70;394;city169;477;217;city268;438;409;city259;462;166;city172;137;287;city98;363;264;city58;269;257;city109
127;city282;186;450;city66;146;17;city169;367;174;city287;85;73;city233;241;448;city130;433;46;city182;343;499;city237;202;366;city280;217;108;city272;344;227;city253;145;318;city67;403;310;city80;297;104;city221;430;308;city108;432;357;city259;91;441;city98
144;city282;265;28;city103;88;430;city275;337;335;city297;207;413;city125;59;479;city133;452;418;city208;305;426;city162;344;281;city173;207;280;city70;383;465;city193
143;city281;370;297;city273;376;420;city55;424;269;city190;61;492;city182;338;147;city75;381;312;city236;496;163;city88;183;352;city269;454;112;city262;127;6;city165;66;304;city86;299;254;city146;56;207;city225;379;386;city211;58;284;city80
162;city142;15;96;city262;497;155;city130;112;3;city76;66;473;city270;171;298;city120;472;448;city254;92;487;city140;305;263;city219
161;city80;95;146;city129;18;115;city280;238;476;city270;213;287;city176;294;99;city284;408;268;city151
163;city60;311;178;city94;156;162;city299;415;386;city288;298;338;city143;418;467;city169;35;315;city258;364;279;city284;368;428;city265
135;city242;396;440;city292;130;477;city255;138;354;city70;475;418;city293;73;439;city147;418;466;city236;297;423;city167;213;332;city259;71;201;city85;446;111;city208
173;city180;294;481;city200;450;35;city162;285;214;city272;15;463;city166;450;371;city115;13;213;city90;213;500;city188;35;47;city93;275;432;city168;470;59;city221;362;201;city183;372;313;city199;331;206;city248;80;40;city288
149;city86;360;58;city91;162;135;city213;12;309;city107;273;261;city150;449;352;city111;253;274;city110;233;30;city290;293;404;city215;35;282;city199
125;city94;497;41;city123;424;233;city206;204;348;city152;304;224;city82;371;344;city92;325;146;city73;315;371;city279;377;479;city208;270;94;city168;319;499;city196;24;231;city171;461;370;city199;493;399;city297;104;19;city198;393;314;city78;256;192;city259
162;city142;15;96;city262;497;155;city130;112;3;city76;66;473;city270;171;298;city120;472;448;city254;92;487;city140;305;263;city219
163;city60;311;178;city94;156;162;city299;415;386;city288;298;338;city143;418;467;city169;35;315;city258;364;279;city284;368;428;city265
136;city160;422;476;city167;346;59;city200
155;city196;82;431;city103;256;429;city205;226;349;city162;229;487;city109;158;389;city261;145;45;city166;139;41;city285;441;431;city229;425;112;city250;63;499;city262;364;155;city134;191;266;city119;472;300;city276;463;309;city195;315;344;city54;290;325;city112;57;92;city183;340;28;city83
150;city201;259;13;city173;217;114;city224;463;342;city294;206;492;city92;478;169;city222;161;28;city289;100;168;city152;209;313;city223;219;261;city196;123;304;city254
127;city282;186;450;city66;146;17;city169;367;174;city287;85;73;city233;241;448;city130;433;46;city182;343;499;city237;202;366;city280;217;108;city272;344;227;city253;145;318;city67;403;310;city80;297;104;city221;430;308;city108;432;357;city259;91;441;city98
164;city274;491;391;city234
136;city160;422;476;city167;346;59;city200
167;city226;403;77;city54
151;city93;294;356;city125;114;200;city196;238;271;city224;342;228;city66;383;162;city171;264;262;city101;334;290;city137;334;127;city89;498;143;city54;182;355;city177;476;493;city229;138;142;city176;246;93;city81;120;242;city99;91;477;city119;319;384;city52;463;66;city298;276;339;city87
169;city53;60;500;city85;211;398;city51;231;389;city138;59;249;city150;486;391;city131;27;96;city123;19;233;city78;419;194;city169;178;454;city136;481;171;city230;445;88;city81;125;438;city54
125;city94;497;41;city123;424;233;city206;204;348;city152;304;224;city82;371;344;city92;325;146;city73;315;371;city279;377;479;city208;270;94;city168;319;499;city196;24;231;city171;461;370;city199;493;399;city297;104;19;city198;393;314;city78;256;192;city259
172;city194;435;244;city97;364;431;city206;468;299;city166;290;265;city183;267;295;city59;61;394;city121;157;255;city224;77;170;city238;2;123;city171;340;215;city287;345;376;city106
125;city94;497;41;city123;424;233;city206;204;348;city152;304;224;city82;371;344;city92;325;146;city73;315;371;city279;377;479;city208;270;94;city168;319;499;city196;24;231;city171;461;370;city199;493;399;city297;104;19;city198;393;314;city78;256;192;city259
166;city121;474;93;city254;103;234;city80;216;137;city287;49;443;city138;148;341;city242;372;239;city238;357;314;city92
131;city249;383;145;city265;140;319;city258;440;407;city223;254;396;city199;62;84;city243;44;107;city197;383;56;city274;70;389;city155;147;301;city50;382;293;city286;60;36;city251;60;322;city224;477;420;city61;62;425;city188
148;city166;376;102;city234;269;83;city72;152;281;city121;201;248;city174;352;356;city96;395;332;city204;169;22;city61;204;281;city246;72;338;city131;285;17;city257;421;435;city251
164;city274;491;391;city234
156;city190;82;190;city74;288;278;city221;282;389;city59;126;232;city187;338;261;city201;308;79;city71;327;492;city133
173;city180;294;481;city200;450;35;city162;285;214;city272;15;463;city166;450;371;city115;13;213;city90;213;500;city188;35;47;city93;275;432;city168;470;59;city221;362;201;city183;372;313;city199;331;206;city248;80;40;city288
167;city226;403;77;city54
133;city186;70;394;city169;477;217;city268;438;409;city259;462;166;city172;137;287;city98;363;264;city58;269;257;city109
174;city237;280;316;city145;11;128;city105;91;115;city199;184;42;city155;92;398;city293;221;290;city50;487;33;city189;73;98;city220;86;300;city73;170;33;city57;369;324;city291;433;334;city178;163;260;city96;4;308;city186;17;294;city55;497;11;city226;315;477;city179
137;city267;407;434;city82;449;474;city93;320;233;city280;252;187;city149;61;235;city53;282;276;city91;110;354;city133;79;98;city177;469;364;city127;445;88;city223;396;282;city141;220;248;city86;108;95;city131;131;90;city185;443;305;city99;489;82;city56;95;71;city89
159;city116;403;154;city237;196;29;city131;330;118;city293;465;128;city211;194;82;city294;46;465;city56;94;179;city85;328;218;city160
130;city55;447;226;city69;285;137;city161;452;298;city176;229;442;city178;237;347;city276;103;429;city209;341;111;city122;217;422;city102
151;city93;294;356;city125;114;200;city196;238;271;city224;342;228;city66;383;162;city171;264;262;city101;334;290;city137;334;127;city89;498;143;city54;182;355;city177;476;493;city229;138;142;city176;246;93;city81;120;242;city99;91;477;city119;319;384;city52;463;66;city298;276;339;city87
163;city60;311;178;city94;156;162;city299;415;386;city288;298;338;city143;418;467;city169;35;315;city258;364;279;city284;368;428;city265
137;city267;407;434;city82;449;474;city93;320;233;city280;252;187;city149;61;235;city53;282;276;city91;110;354;city133;79;98;city177;469;364;city127;445;88;city223;396;282;city141;220;248;city86;108;95;city131;131;90;city185;443;305;city99;489;82;city56;95;71;city89
154;city54;13;356;city93;94;235;city170;82;7;city122;284;268;city236;297;457;city64;54;464;city101;426;435;city247;478;192;city273;246;474;city95;455;287;city192;180;151;city112;133;224;city119;462;133;city133;228;86;city215;275;255;city121;88;342;city86;349;233;city211
137;city267;407;434;city82;449;474;city93;320;233;city280;252;187;city149;61;235;city53;282;276;city91;110;354;city133;79;98;city177;469;364;city127;445;88;city223;396;282;city141;220;248;city86;108;95;city131;131;90;city185;443;305;city99;489;82;city56;95;71;city89
141;city78;366;125;city199;286;260;city229;16;456;city135;257;416;city223;434;381;city228;54;400;city106;263;284;city240;155;203;city255;463;199;city171
146;city298;424;327;city264;27;62;city191;396;141;city259;480;199;city84;339;432;city190
139;city132;5;479;city124;354;469;city278;74;19;city201;37;369;city246;155;205;city120;322;95;city198;266;244;city219;112;186;city249;315;257;city80;178;128;city238;250;141;city85;110;242;city87;399;165;city109;54;121;city102
170;city92;126;15;city254;390;425;city241;302;37;city208;282;156;city77;158;482;city64;75;214;city192;334;456;city224;476;265;city155;10;175;city169
145;city151;468;251;city256;383;372;city154;394;6;city85;453;381;city65;370;59;city132;219;260;city258;164;117;city146;332;406;city100;149;257;city125;47;182;city73;428;363;city60;287;221;city225;290;43;city283;281;434;city62;170;73;city230;319;179;city232
142;city230;198;139;city191;252;325;city128;452;142;city118;405;142;city164;319;118;city73;460;478;city232;494;379;city170;395;27;city231;27;490;city190;18;370;city141;15;360;city276;453;286;city76;17;340;city238;290;315;city221;66;379;city135;313;393;city121;79;396;city256;91;233;city186;236;4;city163
158;city229;213;72;city97;209;46;city104;123;175;city151
143;city281;370;297;city273;376;420;city55;424;269;city190;61;492;city182;338;147;city75;381;312;city236;496;163;city88;183;352;city269;454;112;city262;127;6;city165;66;304;city86;299;254;city146;56;207;city225;379;386;city211;58;284;city80
167;city226;403;77;city54
151;city93;294;356;city125;114;200;city196;238;271;city224;342;228;city66;383;162;city171;264;262;city101;334;290;city137;334;127;city89;498;143;city54;182;355;city177;476;493;city229;138;142;city176;246;93;city81;120;242;city99;91;477;city119;319;384;city52;463;66;city298;276;339;city87
164;city274;491;391;city234
130;city55;447;226;city69;285;137;city161;452;298;city176;229;442;city178;237;347;city276;103;429;city209;341;111;city122;217;422;city102
135;city242;396;440;city292;130;477;city255;138;354;city70;475;418;city293;73;439;city147;418;466;city236;297;423;city167;213;332;city259;71;201;city85;446;111;city208
161;city80;95;146;city129;18;115;city280;238;476;city270;213;287;city176;294;99;city284;408;268;city151
162;city142;15;96;city262;497;155;city130;112;3;city76;66;473;city270;171;298;city120;472;448;city254;92;487;city140;305;263;city219
132;city214;107;19;city202;52;65;city213;346;29;city139;178;223;city283
129;city104;248;245;city245
148;city166;376;102;city234;269;83;city72;152;281;city121;201;248;city174;352;356;city96;395;332;city204;169;22;city61;204;281;city246;72;338;city131;285;17;city257;421;435;city251
134;city220;206;373;city65;173;159;city277;319;52;city276;241;357;city268
153;city146;384;319;city174;414;235;city295;231;402;city75;26;49;city154;271;113;city105;26;17;city167;240;27;city58;377;389;city194;87;470;city134;291;439;city115;271;379;city110;34;162;city213;45;255;city173;431;11;city288;42;496;city255
163;city60;311;178;city94;156;162;city299;415;386;city288;298;338;city143;418;467;city169;35;315;city258;364;279;city284;368;428;city265
147;city136;454;181;city237;66;382;city66;348;118;city264;239;200;city128;386;498;city155;40;327;city72;330;200;city157;392;367;city98;322;87;city257;282;7;city170;413;154;city276;192;358;city187
136;city160;422;476;city167;346;59;city200
149;city86;360;58;city91;162;135;city213;12;309;city107;273;261;city150;449;352;city111;253;274;city110;233;30;city290;293;404;city215;35;282;city199
165;city265;293;66;city197;440;310;city144;73;143;city201;29;94;city272
134;city220;206;373;city65;173;159;city277;319;52;city276;241;357;city268
165;city265;293;66;city197;440;310;city144;73;143;city201;29;94;city272
157;city61;106;16;city74;130;138;city153;52;481;city289;217;176;city135;32;157;city108;97;138;city218;416;293;city80;95;149;city250
128;city229;57;359;city121;408;172;city218;313;74;city285;33;265;city110;396;19;city248;402;420;city271;199;455;city206;481;428;city233
128;city229;57;359;city121;408;172;city218;313;74;city285;33;265;city110;396;19;city248;402;420;city271;199;455;city206;481;428;city233
142;city230;198;139;city191;252;325;city128;452;142;city118;405;142;city164;319;118;city73;460;478;city232;494;379;city170;395;27;city231;27;490;city190;18;370;city141;15;360;city276;453;286;city76;17;340;city238;290;315;city221;66;379;city135;313;393;city121;79;396;city256;91;233;city186;236;4;city163
171;city234;22;81;city168;152;57;city179;156;385;city290;391;481;city88;75;136;city187;449;226;city66;144;462;city292;126;383;city98
145;city151;468;251;city256;383;372;city154;394;6;city85;453;381;city65;370;59;city132;219;260;city258;164;117;city146;332;406;city100;149;257;city125;47;182;city73;428;363;city60;287;221;city225;290;43;city283;281;434;city62;170;73;city230;319;179;city232
135;city242;396;440;city292;130;477;city255;138;354;city70;475;418;city293;73;439;city147;418;466;city236;297;423;city167;213;332;city259;71;201;city85;446;111;city208
157;city61;106;16;city74;130;138;city153;52;481;city289;217;176;city135;32;157;city108;97;138;city218;416;293;city80;95;149;city250
161;city80;95;146;city129;18;115;city280;238;476;city270;213;287;city176;294;99;city284;408;268;city151
173;city180;294;481;city200;450;35;city162;285;214;city272;15;463;city166;450;371;city115;13;213;city90;213;500;city188;35;47;city93;275;432;city168;470;59;city221;362;201;city183;372;313;city199;331;206;city248;80;40;city288
140;city89;494;375;city119;233;98;city194;387;113;city159;311;64;city240;349;361;city293;66;342;city210;141;38;city131;58;2;city187;66;28;city52;415;9;city150
159;city116;403;154;city237;196;29;city131;330;118;city293;465;128;city211;194;82;city294;46;465;city56;94;179;city85;328;218;city160
163;city60;311;178;city94;156;162;city299;415;386;city288;298;338;city143;418;467;city169;35;315;city258;364;279;city284;368;428;city265
129;city104;248;245;city245
154;city54;13;356;city93;94;235;city170;82;7;city122;284;268;city236;297;457;city64;54;464;city101;426;435;city247;478;192;city273;246;474;city95;455;287;city192;180;151;city112;133;224;city119;462;133;city133;228;86;city215;275;255;city121;88;342;city86;349;233;city211
168;city90;18;286;city295;335;147;city143;69;386;city73;192;112;city169;256;45;city242;96;227;city191
148;city166;376;102;city234;269;83;city72;152;281;city121;201;248;city174;352;356;city96;395;332;city204;169;22;city61;204;281;city246;72;338;city131;285;17;city257;421;435;city251
140;city89;494;375;city119;233;98;city194;387;113;city159;311;64;city240;349;361;city293;66;342;city210;141;38;city131;58;2;city187;66;28;city52;415;9;city150
137;city267;407;434;city82;449;474;city93;320;233;city280;252;187;city149;61;235;city53;282;276;city91;110;354;city133;79;98;city177;469;364;city127;445;88;city223;396;282;city141;220;248;city86;108;95;city131;131;90;city185;443;305;city99;489;82;city56;95;71;city89
151;city93;294;356;city125;114;200;city196;238;271;city224;342;228;city66;383;162;city171;264;262;city101;334;290;city137;334;127;city89;498;143;city54;182;355;city177;476;493;city229;138;142;city176;246;93;city81;120;242;city99;91;477;city119;319;384;city52;463;66;city298;276;339;city87
136;city160;422;476;city167;346;59;city200
139;city132;5;479;city124;354;469;city278;74;19;city201;37;369;city246;155;205;city120;322;95;city198;266;244;city219;112;186;city249;315;257;city80;178;128;city238;250;141;city85;110;242;city87;399;165;city109;54;121;city102
160;city111;257;306;city114;122;151;city157;387;346;city127;64;272;city51;330;242;city216;4;134;city130;148;139;city249;6;470;city261;410;323;city124;145;361;city119;156;428;city79;14;248;city241;110;30;city98;243;338;city69;445;427;city210;122;242;city97;478;488;city76;16;8580;city250
163;city60;311;178;city94;156;162;city299;415;386;city288;298;338;city143;418;467;city169;35;315;city258;364;279;city284;368;428;city265
142;city230;198;139;city191;252;325;city128;452;142;city118;405;142;city164;319;118;city73;460;478;city232;494;379;city170;395;27;city231;27;490;city190;18;370;city141;15;360;city276;453;286;city76;17;340;city238;290;315;city221;66;379;city135;313;393;city121;79;396;city256;91;233;city186;236;4;city163
164;city274;491;391;city234
149;city86;360;58;city91;162;135;city213;12;309;city107;273;261;city150;449;352;city111;253;274;city110;233;30;city290;293;404;city215;35;282;city199
164;city274;491;391;city234
138;city253;387;293;city188;35;271;city136;109;110;city62;435;41;city238;316;228;city122;297;481;city162;56;331;city121;148;470;city195;283;343;city177;108;243;city89;339;118;city112;162;315;city167
160;city111;257;306;city114;122;151;city157;387;346;city127;64;272;city51;330;242;city216;4;134;city130;148;139;city249;6;470;city261;410;323;city124;145;361;city119;156;428;city79;14;248;city241;110;30;city98;243;338;city69;445;427;city210;122;242;city97;478;488;city76;16;8580;city250
155;city196;82;431;city103;256;429;city205;226;349;city162;229;487;city109;158;389;city261;145;45;city166;139;41;city285;441;431;city229;425;112;city250;63;499;city262;364;155;city134;191;266;city119;472;300;city276;463;309;city195;315;344;city54;290;325;city112;57;92;city183;340;28;city83
153;city146;384;319;city174;414;235;city295;231;402;city75;26;49;city154;271;113;city105;26;17;city167;240;27;city58;377;389;city194;87;470;city134;291;439;city115;271;379;city110;34;162;city213;45;255;city173;431;11;city288;42;496;city255
145;city151;468;251;city256;383;372;city154;394;6;city85;453;381;city65;370;59;city132;219;260;city258;164;117;city146;332;406;city100;149;257;city125;47;182;city73;428;363;city60;287;221;city225;290;43;city283;281;434;city62;170;73;city230;319;179;city232
148;city166;376;102;city234;269;83;city72;152;281;city121;201;248;city174;352;356;city96;395;332;city204;169;22;city61;204;281;city246;72;338;city131;285;17;city257;421;435;city251
172;city194;435;244;city97;364;431;city206;468;299;city166;290;265;city183;267;295;city59;61;394;city121;157;255;city224;77;170;city238;2;123;city171;340;215;city287;345;376;city106
143;city281;370;297;city273;376;420;city55;424;269;city190;61;492;city182;338;147;city75;381;312;city236;496;163;city88;183;352;city269;454;112;city262;127;6;city165;66;304;city86;299;254;city146;56;207;city225;379;386;city211;58;284;city80
143;city281;370;297;city273;376;420;city55;424;269;city190;61;492;city182;338;147;city75;381;312;city236;496;163;city88;183;352;city269;454;112;city262;127;6;city165;66;304;city86;299;254;city146;56;207;city225;379;386;city211;58;284;city80
165;city265;293;66;city197;440;310;city144;73;143;city201;29;94;city272
160;city111;257;306;city114;122;151;city157;387;346;city127;64;272;city51;330;242;city216;4;134;city130;148;139;city249;6;470;city261;410;323;city124;145;361;city119;156;428;city79;14;248;city241;110;30;city98;243;338;city69;445;427;city210;122;242;city97;478;488;city76;16;8580;city250
163;city60;311;178;city94;156;162;city299;415;386;city288;298;338;city143;418;467;city169;35;315;city258;364;279;city284;368;428;city265
164;city274;491;391;city234
137;city267;407;434;city82;449;474;city93;320;233;city280;252;187;city149;61;235;city53;282;276;city91;110;354;city133;79;98;city177;469;364;city127;445;88;city223;396;282;city141;220;248;city86;108;95;city131;131;90;city185;443;305;city99;489;82;city56;95;71;city89
136;city160;422;476;city167;346;59;city200
137;city267;407;434;city82;449;474;city93;320;233;city280;252;187;city149;61;235;city53;282;276;city91;110;354;city133;79;98;city177;469;364;city127;445;88;city223;396;282;city141;220;248;city86;108;95;city131;131;90;city185;443;305;city99;489;82;city56;95;71;city89
150;city201;259;13;city173;217;114;city224;463;342;city294;206;492;city92;478;169;city222;161;28;city289;100;168;city152;209;313;city223;219;261;city196;123;304;city254
147;city136;454;181;city237;66;382;city66;348;118;city264;239;200;city128;386;498;city155;40;327;city72;330;200;city157;392;367;city98;322;87;city257;282;7;city170;413;154;city276;192;358;city187
157;city61;106;16;city74;130;138;city153;52;481;city289;217;176;city135;32;157;city108;97;138;city218;416;293;city80;95;149;city250
142;city230;198;139;city191;252;325;city128;452;142;city118;405;142;city164;319;118;city73;460;478;city232;494;379;city170;395;27;city231;27;490;city190;18;370;city141;15;360;city276;453;286;city76;17;340;city238;290;315;city221;66;379;city135;313;393;city121;79;396;city256;91;233;city186;236;4;city163
162;city142;15;96;city262;497;155;city130;112;3;city76;66;473;city270;171;298;city120;472;448;city254;92;487;city140;305;263;city219
158;city229;213;72;city97;209;46;city104;123;175;city151
144;city282;265;28;city103;88;430;city275;337;335;city297;207;413;city125;59;479;city133;452;418;city208;305;426;city162;344;281;city173;207;280;city70;383;465;city193
168;city90;18;286;city295;335;147;city143;69;386;city73;192;112;city169;256;45;city242;96;227;city191
137;city267;407;434;city82;449;474;city93;320;233;city280;252;187;city149;61;235;city53;282;276;city91;110;354;city133;79;98;city177;469;364;city127;445;88;city223;396;282;city141;220;248;city86;108;95;city131;131;90;city185;443;305;city99;489;82;city56;95;71;city89
159;city116;403;154;city237;196;29;city131;330;118;city293;465;128;city211;194;82;city294;46;465;city56;94;179;city85;328;218;city160
142;city230;198;139;city191;252;325;city128;452;142;city118;405;142;city164;319;118;city73;460;478;city232;494;379;city170;395;27;city231;27;490;city190;18;370;city141;15;360;city276;453;286;city76;17;340;city238;290;315;city221;66;379;city135;313;393;city121;79;396;city256;91;233;city186;236;4;city163
127;city282;186;450;city66;146;17;city169;367;174;city287;85;73;city233;241;448;city130;433;46;city182;343;499;city237;202;366;city280;217;108;city272;344;227;city253;145;318;city67;403;310;city80;297;104;city221;430;308;city108;432;357;city259;91;441;city98
130;city55;447;226;city69;285;137;city161;452;298;city176;229;442;city178;237;347;city276;103;429;city209;341;111;city122;217;422;city102
167;city226;403;77;city54
138;city253;387;293;city188;35;271;city136;109;110;city62;435;41;city238;316;228;city122;297;481;city162;56;331;city121;148;470;city195;283;343;city177;108;243;city89;339;118;city112;162;315;city167
167;city226;403;77;city54
156;city190;82;190;city74;288;278;city221;282;389;city59;126;232;city187;338;261;city201;308;79;city71;327;492;city133
144;city282;265;28;city103;88;430;city275;337;335;city297;207;413;city125;59;479;city133;452;418;city208;305;426;city162;344;281;city173;207;280;city70;383;465;city193
148;city166;376;102;city234;269;83;city72;152;281;city121;201;248;city174;352;356;city96;395;332;city204;169;22;city61;204;281;city246;72;338;city131;285;17;city257;421;435;city251
153;city146;384;319;city174;414;235;city295;231;402;city75;26;49;city154;271;113;city105;26;17;city167;240;27;city58;377;389;city194;87;470;city134;291;439;city115;271;379;city110;34;162;city213;45;255;city173;431;11;city288;42;496;city255
156;city190;82;190;city74;288;278;city221;282;389;city59;126;232;city187;338;261;city201;308;79;city71;327;492;city133
146;city298;424;327;city264;27;62;city191;396;141;city259;480;199;city84;339;432;city190
143;city281;370;297;city273;376;420;city55;424;269;city190;61;492;city182;338;147;city75;381;312;city236;496;163;city88;183;352;city269;454;112;city262;127;6;city165;66;304;city86;299;254;city146;56;207;city225;379;386;city211;58;284;city80
158;city229;213;72;city97;209;46;city104;123;175;city151
146;city298;424;327;city264;27;62;city191;396;141;city259;480;199;city84;339;432;city190
128;city229;57;359;city121;408;172;city218;313;74;city285;33;265;city110;396;19;city248;402;420;city271;199;455;city206;481;428;city233
134;city220;206;373;city65;173;159;city277;319;52;city276;241;357;city268
128;city229;57;359;city121;408;172;city218;313;74;city285;33;265;city110;396;19;city248;402;420;city271;199;455;city206;481;428;city233
165;city265;293;66;city197;440;310;city144;73;143;city201;29;94;city272
136;city160;422;476;city167;346;59;city200
139;city132;5;479;city124;354;469;city278;74;19;city201;37;369;city246;155;205;city120;322;95;city198;266;244;city219;112;186;city249;315;257;city80;178;128;city238;250;141;city85;110;242;city87;399;165;city109;54;121;city102
141;city78;366;125;city199;286;260;city229;16;456;city135;257;416;city223;434;381;city228;54;400;city106;263;284;city240;155;203;city255;463;199;city171
169;city53;60;500;city85;211;398;city51;231;389;city138;59;249;city150;486;391;city131;27;96;city123;19;233;city78;419;194;city169;178;454;city136;481;171;city230;445;88;city81;125;438;city54
173;city180;294;481;city200;450;35;city162;285;214;city272;15;463;city166;450;371;city115;13;213;city90;213;500;city188;35;47;city93;275;432;city168;470;59;city221;362;201;city183;372;313;city199;331;206;city248;80;40;city288
167;city226;403;77;city54
167;city226;403;77;city54
161;city80;95;146;city129;18;115;city280;238;476;city270;213;287;city176;294;99;city284;408;268;city151
174;city237;280;316;city145;11;128;city105;91;115;city199;184;42;city155;92;398;city293;221;290;city50;487;33;city189;73;98;city220;86;300;city73;170;33;city57;369;324;city291;433;334;city178;163;260;city96;4;308;city186;17;294;city55;497;11;city226;315;477;city179
174;city237;280;316;city145;11;128;city105;91;115;city199;184;42;city155;92;398;city293;221;290;city50;487;33;city189;73;98;city220;86;300;city73;170;33;city57;369;324;city291;433;334;city178;163;260;city96;4;308;city186;17;294;city55;497;11;city226;315;477;city179
136;city160;422;476;city167;346;59;city200
174;city237;280;316;city145;11;128;city105;91;115;city199;184;42;city155;92;398;city293;221;290;city50;487;33;city189;73;98;city220;86;300;city73;170;33;city57;369;324;city291;433;334;city178;163;260;city96;4;308;city186;17;294;city55;497;11;city226;315;477;city179
137;city267;407;434;city82;449;474;city93;320;233;city280;252;187;city149;61;235;city53;282;276;city91;110;354;city133;79;98;city177;469;364;city127;445;88;city223;396;282;city141;220;248;city86;108;95;city131;131;90;city185;443;305;city99;489;82;city56;95;71;city89
131;city249;383;145;city265;140;319;city258;440;407;city223;254;396;city199;62;84;city243;44;107;city197;383;56;city274;70;389;city155;147;301;city50;382;293;city286;60;36;city251;60;322;city224;477;420;city61;62;425;city188
166;city121;474;93;city254;103;234;city80;216;137;city287;49;443;city138;148;341;city242;372;239;city238;357;314;city92
169;city53;60;500;city85;211;398;city51;231;389;city138;59;249;city150;486;391;city131;27;96;city123;19;233;city78;419;194;city169;178;454;city136;481;171;city230;445;88;city81;125;438;city54
173;city180;294;481;city200;450;35;city162;285;214;city272;15;463;city166;450;371;city115;13;213;city90;213;500;city188;35;47;city93;275;432;city168;470;59;city221;362;201;city183;372;313;city199;331;206;city248;80;40;city288
164;city274;491;391;city234
140;city89;494;375;city119;233;98;city194;387;113;city159;311;64;city240;349;361;city293;66;342;city210;141;38;city131;58;2;city187;66;28;city52;415;9;city150
149;city86;360;58;city91;162;135;city213;12;309;city107;273;261;city150;449;352;city111;253;274;city110;233;30;city290;293;404;city215;35;9693;city199
158;city229;213;72;city97;209;46;city104;123;175;city151
172;city194;435;244;city97;364;431;city206;468;299;city166;290;265;city183;267;295;city59;61;394;city121;157;255;city224;77;170;city238;2;123;city171;340;215;city287;345;376;city106
146;city298;424;327;city264;27;62;city191;396;141;city259;480;199;city84;339;432;city190
131;city249;383;145;city265;140;319;city258;440;407;city223;254;396;city199;62;84;city243;44;107;city197;383;56;city274;70;389;city155;147;301;city50;382;293;city286;60;36;city251;60;322;city224;477;420;city61;62;425;city188
126;city199;218;269;city204;160;327;city173;239;239;city258;210;336;city127;370;267;city279;446;82;city67;335;143;city117;373;488;city159;160;380;city103;249;141;city209;217;17;city272;170;413;city289;216;479;city178;345;83;city242;121;66;city108;212;86;city167;56;240;city294;462;417;city60
158;city229;213;72;city97;209;46;city104;123;175;city151
171;city234;22;81;city168;152;57;city179;156;385;city290;391;481;city88;75;136;city187;449;226;city66;144;462;city292;126;383;city98
152;city228;316;221;city240;455;255;city215;179;464;city299;357;252;city201;432;175;city239
174;city237;280;316;city145;11;128;city105;91;115;city199;184;42;city155;92;398;city293;221;290;city50;487;33;city189;73;98;city220;86;300;city73;170;33;city57;369;324;city291;433;334;city178;163;260;city96;4;308;city186;17;294;city55;497;11;city226;315;477;city179
167;city226;403;77;city54
162;city142;15;96;city262;497;155;city130;112;3;city76;66;473;city270;171;298;city120;472;448;city254;92;487;city140;305;263;city219
157;city61;106;16;city74;130;138;city153;52;481;city289;217;176;city135;32;157;city108;97;138;city218;416;293;city80;95;149;city250
150;city201;259;13;city173;217;114;city224;463;342;city294;206;492;city92;478;169;city222;161;28;city289;100;168;city152;209;313;city223;219;261;city196;123;304;city254
151;city93;294;356;city125;114;200;city196;238;271;city224;342;228;city66;383;162;city171;264;262;city101;334;290;city137;334;127;city89;498;143;city54;182;355;city177;476;493;city229;138;142;city176;246;93;city81;120;242;city99;91;477;city119;319;384;city52;463;66;city298;276;339;city87
162;city142;15;96;city262;497;155;city130;112;3;city76;66;473;city270;171;298;city120;472;448;city254;92;487;city140;305;263;city219
170;city92;126;15;city254;390;425;city241;302;37;city208;282;156;city77;158;482;city64;75;214;city192;334;456;city224;476;265;city155;10;175;city169
136;city160;422;476;city167;346;59;city200
132;city214;107;19;city202;52;65;city213;346;29;city139;178;223;city283
160;city111;257;306;city114;122;151;city157;387;346;city127;64;272;city51;330;242;city216;4;134;city130;148;139;city249;6;470;city261;410;323;city124;145;361;city119;156;428;city79;14;248;city241;110;30;city98;243;338;city69;445;427;city210;122;242;city97;478;488;city76;16;8580;city250
165;city265;293;66;city197;440;310;city144;73;143;city201;29;94;city272
139;city132;5;479;city124;354;469;city278;74;19;city201;37;369;city246;155;205;city120;322;95;city198;266;244;city219;112;186;city249;315;257;city80;178;128;city238;250;141;city85;110;242;city87;399;165;city109;54;121;city102
152;city228;316;221;city240;455;255;city215;179;464;city299;357;252;city201;432;175;city239
167;city226;403;77;city54
164;city274;491;391;city234
172;city194;435;244;city97;364;431;city206;468;299;city166;290;265;city183;267;295;city59;61;394;city121;157;255;city224;77;170;city238;2;123;city171;340;215;city287;345;376;city106
156;city190;82;190;city74;288;278;city221;282;389;city59;126;232;city187;338;261;city201;308;79;city71;327;492;city133
153;city146;384;319;city174;414;235;city295;231;402;city75;26;49;city154;271;113;city105;26;17;city167;240;27;city58;377;389;city194;87;470;city134;291;439;city115;271;379;city110;34;162;city213;45;255;city173;431;11;city288;42;496;city255
147;city136;454;181;city237;66;382;city66;348;118;city264;239;200;city128;386;498;city155;40;327;city72;330;200;city157;392;367;city98;322;87;city257;282;7;city170;413;154;city276;192;358;city187
126;city199;218;269;city204;160;327;city173;239;239;city258;210;336;city127;370;267;city279;446;82;city67;335;143;city117;373;488;city159;160;380;city103;249;141;city209;217;17;city272;170;413;city289;216;479;city178;345;83;city242;121;66;city108;212;86;city167;56;240;city294;462;417;city60
133;city186;70;394;city169;477;217;city268;438;409;city259;462;166;city172;137;287;city98;363;264;city58;269;257;city109
162;city142;15;96;city262;497;155;city130;112;3;city76;66;473;city270;171;298;city120;472;448;city254;92;487;city140;305;263;city219
160;city111;257;306;city114;122;151;city157;387;346;city127;64;272;city51;330;242;city216;4;134;city130;148;139;city249;6;470;city261;410;323;city124;145;361;city119;156;428;city79;14;248;city241;110;30;city98;243;338;city69;445;427;city210;122;242;city97;478;488;city76;16;8580;city250
157;city61;106;16;city74;130;138;city153;52;481;city289;217;176;city135;32;157;city108;97;138;city218;416;293;city80;95;149;city250
162;city142;15;96;city262;497;155;city130;112;3;city76;66;473;city270;171;298;city120;472;448;city254;92;487;city140;305;263;city219
135;city242;396;440;city292;130;477;city255;138;354;city70;475;418;city293;73;439;city147;418;466;city236;297;423;city167;213;332;city259;71;201;city85;446;111;city208
164;city274;491;391;city234
144;city282;265;28;city103;88;430;city275;337;335;city297;207;413;city125;59;479;city133;452;418;city208;305;426;city162;344;281;city173;207;280;city70;383;465;city193
160;city111;257;306;city114;122;151;city157;387;346;city127;64;272;city51;330;242;city216;4;134;city130;148;139;city249;6;470;city261;410;323;city124;145;361;city119;156;428;city79;14;248;city241;110;30;city98;243;338;city69;445;427;city210;122;242;city97;478;488;city76;16;8580;city250
159;city116;403;154;city237;196;29;city131;330;118;city293;465;128;city211;194;82;city294;46;465;city56;94;179;city85;328;218;city160
167;city226;403;77;city54
147;city136;454;181;city237;66;382;city66;348;118;city264;239;200;city128;386;498;city155;40;327;city72;330;200;city157;392;367;city98;322;87;city257;282;7;city170;413;154;city276;192;358;city187
168;city90;18;286;city295;335;147;city143;69;386;city73;192;112;city169;256;45;city242;96;227;city191
131;city249;383;145;city265;140;319;city258;440;407;city223;254;396;city199;62;84;city243;44;107;city197;383;56;city274;70;389;city155;147;301;city50;382;293;city286;60;36;city251;60;322;city224;477;420;city61;62;425;city188
147;city136;454;181;city237;66;382;city66;348;118;city264;239;200;city128;386;498;city155;40;327;city72;330;200;city157;392;367;city98;322;87;city257;282;7;city170;413;154;city276;192;358;city187
155;city196;82;431;city103;256;429;city205;226;349;city162;229;487;city109;158;389;city261;145;45;city166;139;41;city285;441;431;city229;425;112;city250;63;499;city262;364;155;city134;191;266;city119;472;300;city276;463;309;city195;315;344;city54;290;325;city112;57;92;city183;340;28;city83
139;city132;5;479;city124;354;469;city278;74;19;city201;37;369;city246;155;205;city120;322;95;city198;266;244;city219;112;186;city249;315;257;city80;178;128;city238;250;141;city85;110;242;city87;399;165;city109;54;121;city102
165;city265;293;66;city197;440;310;city144;73;143;city201;29;94;city272
139;city132;5;479;city124;354;469;city278;74;19;city201;37;369;city246;155;205;city120;322;95;city198;266;244;city219;112;186;city249;315;257;city80;178;128;city238;250;141;city85;110;242;city87;399;165;city109;54;121;city102
146;city298;424;327;city264;27;62;city191;396;141;city259;480;199;city84;339;432;city190
172;city194;435;244;city97;364;431;city206;468;299;city166;290;265;city183;267;295;city59;61;394;city121;157;255;city224;77;170;city238;2;123;city171;340;215;city287;345;376;city106
171;city234;22;81;city168;152;57;city179;156;385;city290;391;481;city88;75;136;city187;449;226;city66;144;462;city292;126;383;city98
140;city89;494;375;city119;233;98;city194;387;113;city159;311;64;city240;349;361;city293;66;342;city210;141;38;city131;58;2;city187;66;28;city52;415;9;city150
161;city80;95;146;city129;18;115;city280;238;476;city270;213;287;city176;294;99;city284;408;268;city151
151;city93;294;356;city125;114;200;city196;238;271;city224;342;228;city66;383;162;city171;264;262;city101;334;290;city137;334;127;city89;498;143;city54;182;355;city177;476;493;city229;138;142;city176;246;93;city81;120;242;city99;91;477;city119;319;384;city52;463;66;city298;276;339;city87
148;city166;376;102;city234;269;83;city72;152;281;city121;201;248;city174;352;356;city96;395;332;city204;169;22;city61;204;281;city246;72;338;city131;285;17;city257;421;435;city251
144;city282;265;28;city103;88;430;city275;337;335;city297;207;413;city125;59;479;city133;452;418;city208;305;426;city162;344;281;city173;207;280;city70;383;465;city193
139;city132;5;479;city124;354;469;city278;74;19;city201;37;369;city246;155;205;city120;322;95;city198;266;244;city219;112;186;city249;315;257;city80;178;128;city238;250;141;city85;110;242;city87;399;165;city109;54;121;city102
150;city201;259;13;city173;217;114;city224;463;342;city294;206;492;city92;478;169;city222;161;28;city289;100;168;city152;209;313;city223;219;261;city196;123;304;city254
152;city228;316;221;city240;455;255;city215;179;464;city299;357;252;city201;432;175;city239
144;city282;265;28;city103;88;430;city275;337;335;city297;207;413;city125;59;479;city133;452;418;city208;305;426;city162;344;281;city173;207;280;city70;383;465;city193
125;city94;497;41;city123;424;233;city206;204;348;city152;304;224;city82;371;344;city92;325;146;city73;315;371;city279;377;479;city208;270;94;city168;319;499;city196;24;231;city171;461;370;city199;493;399;city297;104;19;city198;393;314;city78;256;192;city259
170;city92;126;15;city254;390;425;city241;302;37;city208;282;156;city77;158;482;city64;75;214;city192;334;456;city224;476;265;city155;10;175;city169
145;city151;468;251;city256;383;372;city154;394;6;city85;453;381;city65;370;59;city132;219;260;city258;164;117;city146;332;406;city100;149;257;city125;47;182;city73;428;363;city60;287;221;city225;290;43;city283;281;434;city62;170;73;city230;319;179;city232
127;city282;186;450;city66;146;17;city169;367;174;city287;85;73;city233;241;448;city130;433;46;city182;343;499;city237;202;366;city280;217;108;city272;344;227;city253;145;318;city67;403;310;city80;297;104;city221;430;308;city108;432;357;city259;91;441;city98
173;city180;294;481;city200;450;35;city162;285;214;city272;15;463;city166;450;371;city115;13;213;city90;213;500;city188;35;47;city93;275;432;city168;470;59;city221;362;201;city183;372;313;city199;331;206;city248;80;40;city288
159;city116;403;154;city237;196;29;city131;330;118;city293;465;128;city211;194;82;city294;46;465;city56;94;179;city85;328;218;city160
160;city111;257;306;city114;122;151;city157;387;346;city127;64;272;city51;330;242;city216;4;134;city130;148;139;city249;6;470;city261;410;323;city124;145;361;city119;156;428;city79;14;248;city241;110;30;city98;243;338;city69;445;427;city210;122;242;city97;478;488;city76;16;8580;city250
164;city274;491;391;city234
137;city267;407;434;city82;449;474;city93;320;233;city280;252;187;city149;61;235;city53;282;276;city91;110;354;city133;79;98;city177;469;364;city127;445;88;city223;396;282;city141;220;248;city86;108;95;city131;131;90;city185;443;305;city99;489;82;city56;95;71;city89
127;city282;186;450;city66;146;17;city169;367;174;city287;85;73;city233;241;448;city130;433;46;city182;343;499;city237;202;366;city280;217;108;city272;344;227;city253;145;318;city67;403;310;city80;297;104;city221;430;308;city108;432;357;city259;91;441;city98
144;city282;265;28;city103;88;430;city275;337;335;city297;207;413;city125;59;479;city133;452;418;city208;305;426;city162;344;281;city173;207;280;city70;383;465;city193
144;city282;265;28;city103;88;430;city275;337;335;city297;207;413;city125;59;479;city133;452;418;city208;305;426;city162;344;281;city173;207;280;city70;383;465;city193
138;city253;387;293;city188;35;271;city136;109;110;city62;435;41;city238;316;228;city122;297;481;city162;56;331;city121;148;470;city195;283;343;city177;108;243;city89;339;118;city112;162;315;city167
162;city142;15;96;city262;497;155;city130;112;3;city76;66;473;city270;171;298;city120;472;448;city254;92;487;city140;305;263;city219
143;city281;370;297;city273;376;420;city55;424;269;city190;61;492;city182;338;147;city75;381;312;city236;496;163;city88;183;352;city269;454;112;city262;127;6;city165;66;304;city86;299;254;city146;56;207;city225;379;386;city211;58;284;city80
160;city111;257;306;city114;122;151;city157;387;346;city127;64;272;city51;330;242;city216;4;134;city130;148;139;city249;6;470;city261;410;323;city124;145;361;city119;156;428;city79;14;248;city241;110;30;city98;243;338;city69;445;427;city210;122;242;city97;478;488;city76;16;8580;city250
168;city90;18;286;city295;335;147;city143;69;386;city73;192;112;city169;256;45;city242;96;227;city191
163;city60;311;178;city94;156;162;city299;415;386;city288;298;338;city143;418;467;city169;35;315;city258;364;279;city284;368;428;city265
153;city146;384;319;city174;414;235;city295;231;402;city75;26;49;city154;271;113;city105;26;17;city167;240;27;city58;377;389;city194;87;470;city134;291;439;city115;271;379;city110;34;162;city213;45;255;city173;431;11;city288;42;496;city255
169;city53;60;500;city85;211;398;city51;231;389;city138;59;249;city150;486;391;city131;27;96;city123;19;233;city78;419;194;city169;178;454;city136;481;171;city230;445;88;city81;125;438;city54
158;city229;213;72;city97;209;46;city104;123;175;city151
