ERROR 5
ERROR 7
ERROR 9
ERROR 23
ERROR 29
ERROR 31
ERROR 32
ERROR 37
ERROR 39
ERROR 40
ERROR 42
ERROR 46
ERROR 47
ERROR 50
ERROR 53
ERROR 54
ERROR 55
ERROR 62
ERROR 65
ERROR 67
ERROR 76
ERROR 80
ERROR 81
ERROR 82
ERROR 88
ERROR 93
ERROR 95
ERROR 96
ERROR 99
ERROR 103
ERROR 105
ERROR 107
ERROR 108
ERROR 111
ERROR 114
ERROR 115
ERROR 119
ERROR 121
ERROR 122
ERROR 126
ERROR 127
ERROR 128
ERROR 134
ERROR 137
ERROR 139
ERROR 141
ERROR 143
ERROR 146
ERROR 149
ERROR 150
ERROR 151
ERROR 152
ERROR 155
ERROR 162
ERROR 165
ERROR 166
ERROR 170
ERROR 175
ERROR 181
ERROR 182
ERROR 185
ERROR 187
ERROR 188
ERROR 193
ERROR 195
ERROR 196
ERROR 197
ERROR 200
ERROR 201
ERROR 202
ERROR 207
ERROR 209
ERROR 211
ERROR 219
ERROR 221
ERROR 224
ERROR 226
ERROR 227
ERROR 233
ERROR 234
ERROR 235
ERROR 236
ERROR 238
ERROR 239
ERROR 242
ERROR 243
ERROR 245
ERROR 246
ERROR 250
ERROR 251
ERROR 252
ERROR 253
ERROR 255
ERROR 256
ERROR 260
ERROR 268
ERROR 271
ERROR 272
ERROR 274
ERROR 277
ERROR 278
ERROR 280
ERROR 281
ERROR 283
ERROR 285
ERROR 287
ERROR 288
ERROR 289
ERROR 294
ERROR 295
ERROR 299
ERROR 301
ERROR 302
ERROR 305
ERROR 306
ERROR 308
ERROR 309
ERROR 311
ERROR 313
ERROR 316
ERROR 317
ERROR 319
ERROR 320
ERROR 321
ERROR 322
ERROR 324
ERROR 325
ERROR 328
ERROR 329
ERROR 330
ERROR 331
ERROR 333
ERROR 338
ERROR 339
ERROR 340
ERROR 342
ERROR 344
ERROR 346
ERROR 347
ERROR 348
ERROR 350
ERROR 354
ERROR 356
ERROR 358
ERROR 361
ERROR 363
ERROR 366
ERROR 367
ERROR 368
ERROR 372
ERROR 374
ERROR 375
ERROR 378
ERROR 380
ERROR 384
ERROR 385
ERROR 386
ERROR 387
ERROR 388
ERROR 389
ERROR 390
ERROR 392
ERROR 393
ERROR 394
ERROR 396
ERROR 398
ERROR 399
ERROR 400
ERROR 403
ERROR 406
ERROR 407
ERROR 411
ERROR 413
ERROR 414
ERROR 420
ERROR 422
ERROR 424
ERROR 425
ERROR 427
ERROR 428
ERROR 430
ERROR 435
ERROR 436
ERROR 438
ERROR 439
ERROR 441
ERROR 449
ERROR 451
ERROR 452
ERROR 453
ERROR 454
ERROR 455
ERROR 457
ERROR 461
ERROR 464
ERROR 465
ERROR 466
ERROR 468
ERROR 469
ERROR 471
ERROR 472
ERROR 473
ERROR 474
ERROR 476
ERROR 477
ERROR 482
ERROR 484
ERROR 486
ERROR 487
ERROR 488
ERROR 490
ERROR 495
ERROR 496
ERROR 497
ERROR 500
ERROR 501
ERROR 503
ERROR 504
ERROR 505
ERROR 506
ERROR 509
ERROR 514
ERROR 517
ERROR 518
ERROR 520
ERROR 524
ERROR 529
ERROR 531
ERROR 532
ERROR 534
ERROR 535
ERROR 537
ERROR 540
ERROR 541
ERROR 542
ERROR 543
ERROR 548
ERROR 549
ERROR 551
ERROR 553
ERROR 557
ERROR 558
ERROR 559
ERROR 565
ERROR 570
ERROR 572
ERROR 573
ERROR 576
ERROR 578
ERROR 579
ERROR 580
ERROR 581
ERROR 582
ERROR 584
ERROR 585
ERROR 586
ERROR 591
ERROR 592
ERROR 595
ERROR 596
ERROR 597
ERROR 598
ERROR 599
ERROR 602
ERROR 604
ERROR 606
ERROR 607
ERROR 609
ERROR 610
ERROR 612
ERROR 615
ERROR 617
ERROR 618
ERROR 621
ERROR 622
ERROR 625
ERROR 627
ERROR 634
ERROR 642
ERROR 644
ERROR 647
ERROR 648
ERROR 649
ERROR 652
ERROR 653
ERROR 654
ERROR 655
ERROR 657
ERROR 658
ERROR 659
ERROR 660
ERROR 662
ERROR 664
ERROR 668
ERROR 669
ERROR 670
ERROR 672
ERROR 673
ERROR 674
ERROR 675
ERROR 676
ERROR 679
ERROR 681
ERROR 682
ERROR 685
ERROR 687
ERROR 688
ERROR 689
ERROR 690
ERROR 693
ERROR 700
ERROR 702
ERROR 703
ERROR 705
ERROR 706
ERROR 707
ERROR 708
ERROR 709
ERROR 717
ERROR 719
ERROR 720
ERROR 724
ERROR 725
ERROR 730
ERROR 731
ERROR 733
ERROR 737
ERROR 738
ERROR 740
ERROR 742
ERROR 746
ERROR 748
ERROR 753
ERROR 755
ERROR 756
ERROR 758
ERROR 759
ERROR 762
ERROR 763
ERROR 764
ERROR 765
ERROR 767
ERROR 772
ERROR 776
ERROR 778
ERROR 780
ERROR 781
ERROR 783
ERROR 789
ERROR 790
ERROR 792
ERROR 793
ERROR 795
ERROR 796
ERROR 800
ERROR 801
ERROR 802
ERROR 804
ERROR 805
ERROR 807
ERROR 808
ERROR 811
ERROR 813
ERROR 814
ERROR 818
ERROR 820
ERROR 823
ERROR 824
ERROR 826
ERROR 831
ERROR 833
ERROR 836
ERROR 840
ERROR 842
ERROR 843
ERROR 844
ERROR 848
ERROR 852
ERROR 853
ERROR 856
ERROR 863
ERROR 864
ERROR 865
ERROR 866
ERROR 867
ERROR 873
ERROR 874
ERROR 875
ERROR 876
ERROR 877
ERROR 878
ERROR 880
ERROR 881
ERROR 884
ERROR 886
ERROR 888
ERROR 889
ERROR 890
ERROR 892
ERROR 893
ERROR 896
ERROR 898
ERROR 900
ERROR 901
ERROR 903
ERROR 905
ERROR 907
ERROR 908
ERROR 909
ERROR 910
ERROR 912
ERROR 913
ERROR 914
ERROR 917
ERROR 918
ERROR 919
ERROR 924
ERROR 925
ERROR 927
ERROR 929
ERROR 930
ERROR 932
ERROR 933
ERROR 934
ERROR 936
ERROR 937
ERROR 938
ERROR 942
ERROR 944
ERROR 947
ERROR 948
ERROR 949
ERROR 951
ERROR 952
ERROR 953
ERROR 954
ERROR 955
ERROR 956
ERROR 959
ERROR 960
ERROR 962
ERROR 964
ERROR 965
ERROR 967
ERROR 970
ERROR 971
ERROR 976
ERROR 977
ERROR 979
ERROR 980
ERROR 987
ERROR 991
ERROR 992
ERROR 994
ERROR 996
ERROR 997
ERROR 998
ERROR 1003
ERROR 1007
ERROR 1008
ERROR 1014
ERROR 1016
ERROR 1019
ERROR 1020
ERROR 1022
ERROR 1023
ERROR 1028
ERROR 1029
ERROR 1030
ERROR 1032
ERROR 1033
ERROR 1034
ERROR 1037
ERROR 1038
ERROR 1041
ERROR 1042
ERROR 1044
ERROR 1045
ERROR 1049
ERROR 1053
ERROR 1054
ERROR 1055
ERROR 1057
ERROR 1058
ERROR 1061
ERROR 1062
ERROR 1063
ERROR 1064
ERROR 1065
ERROR 1068
ERROR 1069
ERROR 1070
ERROR 1072
ERROR 1073
ERROR 1074
ERROR 1077
ERROR 1078
ERROR 1079
ERROR 1080
ERROR 1083
ERROR 1084
ERROR 1088
ERROR 1093
ERROR 1094
ERROR 1095
ERROR 1096
ERROR 1103
ERROR 1104
ERROR 1107
ERROR 1109
ERROR 1110
ERROR 1111
ERROR 1113
ERROR 1115
ERROR 1117
ERROR 1119
ERROR 1120
ERROR 1121
ERROR 1123
ERROR 1125
ERROR 1128
ERROR 1129
ERROR 1130
ERROR 1132
ERROR 1133
ERROR 1136
ERROR 1137
ERROR 1139
ERROR 1142
ERROR 1143
ERROR 1145
ERROR 1146
ERROR 1147
ERROR 1148
ERROR 1150
ERROR 1153
ERROR 1154
ERROR 1157
ERROR 1160
ERROR 1161
ERROR 1162
ERROR 1163
ERROR 1164
ERROR 1167
ERROR 1169
ERROR 1170
ERROR 1172
ERROR 1175
ERROR 1176
ERROR 1177
ERROR 1178
ERROR 1179
ERROR 1181
ERROR 1182
ERROR 1189
ERROR 1190
ERROR 1191
ERROR 1192
ERROR 1193
ERROR 1200
ERROR 1201
ERROR 1202
ERROR 1206
ERROR 1207
ERROR 1208
ERROR 1211
ERROR 1212
ERROR 1214
ERROR 1215
ERROR 1218
ERROR 1221
ERROR 1222
ERROR 1223
ERROR 1227
ERROR 1228
ERROR 1229
ERROR 1230
ERROR 1231
ERROR 1232
ERROR 1233
ERROR 1234
ERROR 1235
ERROR 1236
ERROR 1239
ERROR 1240
ERROR 1243
ERROR 1245
ERROR 1247
ERROR 1249
ERROR 1252
ERROR 1253
ERROR 1256
ERROR 1261
ERROR 1262
ERROR 1264
ERROR 1265
ERROR 1267
ERROR 1269
ERROR 1271
ERROR 1272
ERROR 1276
ERROR 1277
ERROR 1278
ERROR 1280
ERROR 1281
ERROR 1282
ERROR 1286
ERROR 1287
ERROR 1288
ERROR 1289
ERROR 1290
ERROR 1292
ERROR 1297
ERROR 1301
ERROR 1304
ERROR 1306
ERROR 1307
ERROR 1309
ERROR 1310
ERROR 1311
ERROR 1313
ERROR 1318
ERROR 1322
ERROR 1326
ERROR 1327
ERROR 1334
ERROR 1337
ERROR 1338
ERROR 1343
ERROR 1344
ERROR 1345
ERROR 1346
ERROR 1347
ERROR 1348
ERROR 1351
ERROR 1353
ERROR 1355
ERROR 1356
ERROR 1357
ERROR 1358
ERROR 1362
ERROR 1367
ERROR 1369
ERROR 1370
ERROR 1371
ERROR 1372
ERROR 1376
ERROR 1377
ERROR 1379
ERROR 1381
ERROR 1382
ERROR 1384
ERROR 1387
ERROR 1388
ERROR 1389
ERROR 1393
ERROR 1394
ERROR 1396
ERROR 1397
ERROR 1398
ERROR 1400
ERROR 1402
ERROR 1403
ERROR 1404
ERROR 1405
ERROR 1408
ERROR 1410
ERROR 1411
ERROR 1413
ERROR 1414
ERROR 1419
ERROR 1422
ERROR 1423
ERROR 1424
ERROR 1425
ERROR 1427
ERROR 1432
ERROR 1434
ERROR 1435
ERROR 1437
ERROR 1440
ERROR 1444
ERROR 1448
ERROR 1450
ERROR 1453
ERROR 1454
ERROR 1455
ERROR 1456
ERROR 1457
ERROR 1464
ERROR 1465
ERROR 1471
ERROR 1473
ERROR 1476
ERROR 1479
ERROR 1480
ERROR 1484
ERROR 1485
ERROR 1486
ERROR 1487
ERROR 1489
ERROR 1491
ERROR 1495
ERROR 1496
ERROR 1500
ERROR 1502
ERROR 1504
ERROR 1505
ERROR 1507
ERROR 1509
ERROR 1510
ERROR 1512
ERROR 1513
ERROR 1514
ERROR 1516
ERROR 1517
ERROR 1518
ERROR 1520
ERROR 1521
ERROR 1522
ERROR 1524
ERROR 1527
ERROR 1529
ERROR 1530
ERROR 1531
ERROR 1532
ERROR 1534
ERROR 1537
ERROR 1538
ERROR 1540
ERROR 1541
ERROR 1543
ERROR 1545
ERROR 1547
ERROR 1548
ERROR 1554
ERROR 1555
ERROR 1558
ERROR 1561
ERROR 1562
ERROR 1563
ERROR 1566
ERROR 1567
ERROR 1568
ERROR 1569
ERROR 1570
ERROR 1571
ERROR 1576
ERROR 1578
ERROR 1579
ERROR 1583
ERROR 1584
ERROR 1588
ERROR 1589
ERROR 1590
ERROR 1591
ERROR 1592
ERROR 1593
ERROR 1595
ERROR 1597
ERROR 1598
ERROR 1600
ERROR 1607
ERROR 1608
ERROR 1610
ERROR 1613
ERROR 1614
ERROR 1615
ERROR 1618
ERROR 1620
ERROR 1621
ERROR 1627
ERROR 1629
ERROR 1630
ERROR 1631
ERROR 1635
ERROR 1636
ERROR 1637
ERROR 1639
ERROR 1640
ERROR 1641
ERROR 1644
ERROR 1646
ERROR 1650
ERROR 1651
ERROR 1653
ERROR 1656
ERROR 1660
ERROR 1664
ERROR 1666
ERROR 1671
ERROR 1674
ERROR 1675
ERROR 1676
ERROR 1677
ERROR 1679
ERROR 1684
ERROR 1688
ERROR 1691
ERROR 1692
ERROR 1695
ERROR 1697
ERROR 1700
ERROR 1702
ERROR 1706
ERROR 1708
ERROR 1709
ERROR 1710
ERROR 1712
ERROR 1713
ERROR 1715
ERROR 1716
ERROR 1717
ERROR 1718
ERROR 1719
ERROR 1722
ERROR 1723
ERROR 1724
ERROR 1726
ERROR 1732
ERROR 1733
ERROR 1734
ERROR 1738
ERROR 1739
ERROR 1741
ERROR 1743
ERROR 1744
ERROR 1745
ERROR 1747
ERROR 1748
ERROR 1750
ERROR 1751
ERROR 1754
ERROR 1755
ERROR 1759
ERROR 1761
ERROR 1763
ERROR 1766
ERROR 1767
ERROR 1769
ERROR 1771
ERROR 1772
ERROR 1773
ERROR 1776
ERROR 1779
ERROR 1780
ERROR 1781
ERROR 1784
ERROR 1786
ERROR 1788
ERROR 1789
ERROR 1791
ERROR 1792
ERROR 1799
ERROR 1800
ERROR 1801
ERROR 1802
ERROR 1803
ERROR 1804
ERROR 1807
ERROR 1810
ERROR 1811
ERROR 1813
ERROR 1815
ERROR 1816
ERROR 1817
ERROR 1818
ERROR 1820
ERROR 1822
ERROR 1823
ERROR 1826
ERROR 1827
ERROR 1830
ERROR 1832
ERROR 1834
ERROR 1835
ERROR 1841
ERROR 1843
ERROR 1844
ERROR 1846
ERROR 1847
ERROR 1848
ERROR 1852
ERROR 1853
ERROR 1856
ERROR 1862
ERROR 1863
ERROR 1864
ERROR 1865
ERROR 1867
ERROR 1869
ERROR 1872
ERROR 1873
ERROR 1875
ERROR 1877
ERROR 1879
ERROR 1880
ERROR 1883
ERROR 1884
ERROR 1886
ERROR 1888
ERROR 1889
ERROR 1893
ERROR 1894
ERROR 1895
ERROR 1896
ERROR 1897
ERROR 1898
ERROR 1899
ERROR 1901
ERROR 1902
ERROR 1903
ERROR 1905
ERROR 1909
ERROR 1911
ERROR 1913
ERROR 1914
ERROR 1918
ERROR 1920
ERROR 1921
ERROR 1922
ERROR 1923
ERROR 1930
ERROR 1931
ERROR 1934
ERROR 1935
ERROR 1936
ERROR 1938
ERROR 1939
ERROR 1941
ERROR 1942
ERROR 1943
ERROR 1947
ERROR 1948
ERROR 1951
ERROR 1952
ERROR 1954
ERROR 1956
ERROR 1958
ERROR 1959
ERROR 1966
ERROR 1967
ERROR 1968
ERROR 1969
ERROR 1970
ERROR 1972
ERROR 1973
ERROR 1974
ERROR 1975
