ERROR 2
ERROR 5
ERROR 9
ERROR 10
ERROR 15
ERROR 20
ERROR 26
ERROR 28
ERROR 29
ERROR 31
ERROR 32
ERROR 33
ERROR 37
ERROR 39
ERROR 44
ERROR 45
ERROR 48
ERROR 50
ERROR 53
ERROR 65
ERROR 66
ERROR 68
ERROR 75
ERROR 78
ERROR 79
ERROR 85
ERROR 89
ERROR 94
ERROR 95
ERROR 101
ERROR 102
ERROR 103
ERROR 104
ERROR 107
ERROR 110
ERROR 111
ERROR 112
ERROR 113
ERROR 116
ERROR 117
ERROR 118
ERROR 119
ERROR 125
ERROR 126
ERROR 128
ERROR 129
ERROR 131
ERROR 136
ERROR 137
ERROR 140
ERROR 142
ERROR 143
ERROR 145
ERROR 149
ERROR 150
ERROR 151
ERROR 152
ERROR 158
ERROR 159
ERROR 160
ERROR 164
ERROR 166
ERROR 167
ERROR 169
ERROR 175
ERROR 178
ERROR 185
ERROR 199
ERROR 201
ERROR 204
ERROR 207
ERROR 210
ERROR 211
ERROR 213
ERROR 217
ERROR 219
ERROR 220
ERROR 221
ERROR 235
ERROR 239
ERROR 240
ERROR 241
ERROR 243
ERROR 248
ERROR 249
ERROR 252
ERROR 253
ERROR 257
ERROR 260
ERROR 263
ERROR 267
ERROR 269
ERROR 272
ERROR 273
ERROR 274
ERROR 275
ERROR 277
ERROR 278
ERROR 280
ERROR 281
ERROR 282
ERROR 285
ERROR 286
ERROR 289
ERROR 291
ERROR 294
ERROR 295
ERROR 297
ERROR 298
ERROR 299
ERROR 300
ERROR 306
ERROR 308
ERROR 311
ERROR 313
ERROR 316
ERROR 323
ERROR 324
ERROR 328
ERROR 329
ERROR 330
ERROR 334
ERROR 335
ERROR 342
ERROR 344
ERROR 345
ERROR 348
ERROR 349
ERROR 350
ERROR 357
ERROR 358
ERROR 360
ERROR 368
ERROR 370
ERROR 371
ERROR 374
ERROR 377
ERROR 378
ERROR 383
ERROR 384
ERROR 385
ERROR 386
ERROR 387
ERROR 389
ERROR 390
ERROR 393
ERROR 394
ERROR 396
ERROR 400
ERROR 401
ERROR 402
ERROR 403
ERROR 404
ERROR 405
ERROR 406
ERROR 407
ERROR 410
ERROR 411
ERROR 413
ERROR 416
ERROR 419
ERROR 420
ERROR 421
ERROR 422
ERROR 425
ERROR 426
ERROR 427
ERROR 429
ERROR 435
ERROR 437
ERROR 438
ERROR 439
ERROR 443
ERROR 444
ERROR 445
ERROR 446
ERROR 447
ERROR 449
ERROR 452
ERROR 456
ERROR 457
ERROR 460
ERROR 462
ERROR 463
ERROR 465
ERROR 467
ERROR 476
ERROR 486
ERROR 487
ERROR 494
ERROR 496
ERROR 497
ERROR 498
ERROR 499
ERROR 500
ERROR 502
ERROR 503
ERROR 506
ERROR 508
ERROR 510
ERROR 511
ERROR 513
ERROR 514
ERROR 517
ERROR 518
ERROR 521
ERROR 522
ERROR 525
ERROR 529
ERROR 532
ERROR 535
ERROR 536
ERROR 537
ERROR 538
ERROR 539
ERROR 540
ERROR 541
ERROR 542
ERROR 543
ERROR 547
ERROR 550
ERROR 551
ERROR 552
ERROR 555
ERROR 557
ERROR 558
ERROR 561
ERROR 565
ERROR 566
ERROR 567
ERROR 568
ERROR 569
ERROR 570
ERROR 574
ERROR 577
ERROR 579
ERROR 581
ERROR 582
ERROR 583
ERROR 584
ERROR 586
ERROR 590
ERROR 591
ERROR 592
ERROR 593
ERROR 594
ERROR 596
ERROR 598
ERROR 600
ERROR 603
ERROR 604
ERROR 605
ERROR 607
ERROR 612
ERROR 614
ERROR 615
ERROR 617
ERROR 619
ERROR 620
ERROR 622
ERROR 623
ERROR 624
ERROR 630
ERROR 632
ERROR 636
ERROR 638
ERROR 640
ERROR 646
ERROR 649
ERROR 650
ERROR 654
ERROR 655
ERROR 657
ERROR 658
ERROR 660
ERROR 663
ERROR 665
ERROR 667
ERROR 668
ERROR 670
ERROR 679
ERROR 681
ERROR 682
ERROR 683
ERROR 684
ERROR 685
ERROR 686
ERROR 687
ERROR 689
ERROR 690
ERROR 692
ERROR 701
ERROR 703
ERROR 704
ERROR 705
ERROR 707
ERROR 708
ERROR 709
ERROR 714
ERROR 715
ERROR 717
ERROR 722
ERROR 724
ERROR 725
ERROR 726
ERROR 727
ERROR 729
ERROR 730
ERROR 731
ERROR 732
ERROR 733
ERROR 734
ERROR 735
ERROR 737
ERROR 738
ERROR 739
ERROR 740
ERROR 742
ERROR 743
ERROR 744
ERROR 746
ERROR 747
ERROR 748
ERROR 749
ERROR 750
ERROR 752
ERROR 753
ERROR 754
ERROR 756
ERROR 757
ERROR 759
ERROR 762
ERROR 763
ERROR 765
ERROR 767
ERROR 769
ERROR 772
ERROR 773
ERROR 775
ERROR 776
ERROR 777
ERROR 780
ERROR 781
ERROR 783
ERROR 785
ERROR 787
ERROR 790
ERROR 791
ERROR 792
ERROR 799
ERROR 800
ERROR 801
ERROR 805
ERROR 807
ERROR 812
ERROR 813
ERROR 815
ERROR 818
ERROR 819
ERROR 822
ERROR 823
ERROR 825
ERROR 826
ERROR 831
ERROR 832
ERROR 833
ERROR 834
ERROR 835
ERROR 836
ERROR 838
ERROR 839
ERROR 844
ERROR 845
ERROR 846
ERROR 847
ERROR 849
ERROR 851
ERROR 852
ERROR 853
ERROR 856
ERROR 857
ERROR 858
ERROR 860
ERROR 864
ERROR 865
ERROR 867
ERROR 870
ERROR 871
ERROR 873
ERROR 876
ERROR 877
ERROR 879
ERROR 880
ERROR 882
ERROR 883
ERROR 885
ERROR 888
ERROR 889
ERROR 890
ERROR 892
ERROR 895
ERROR 897
ERROR 900
ERROR 901
ERROR 910
ERROR 913
ERROR 917
ERROR 919
ERROR 920
ERROR 922
ERROR 923
ERROR 924
ERROR 928
ERROR 929
ERROR 934
ERROR 935
ERROR 936
ERROR 937
ERROR 942
ERROR 943
ERROR 944
ERROR 945
ERROR 950
ERROR 951
ERROR 953
ERROR 955
ERROR 958
ERROR 960
ERROR 961
ERROR 962
ERROR 963
ERROR 965
ERROR 968
ERROR 969
ERROR 970
ERROR 971
ERROR 975
ERROR 978
ERROR 980
ERROR 982
ERROR 991
ERROR 994
ERROR 995
ERROR 996
ERROR 997
ERROR 1003
ERROR 1004
ERROR 1005
ERROR 1006
ERROR 1007
ERROR 1009
ERROR 1010
ERROR 1013
ERROR 1014
ERROR 1017
ERROR 1018
ERROR 1020
ERROR 1022
ERROR 1024
ERROR 1026
ERROR 1032
ERROR 1033
ERROR 1036
ERROR 1037
ERROR 1039
ERROR 1040
ERROR 1043
ERROR 1046
ERROR 1048
ERROR 1049
ERROR 1050
ERROR 1051
ERROR 1052
ERROR 1055
ERROR 1057
ERROR 1061
ERROR 1069
ERROR 1071
ERROR 1072
ERROR 1073
ERROR 1075
ERROR 1077
ERROR 1079
ERROR 1080
ERROR 1084
ERROR 1087
ERROR 1088
ERROR 1089
ERROR 1090
ERROR 1091
ERROR 1093
ERROR 1095
ERROR 1097
ERROR 1098
ERROR 1101
ERROR 1102
ERROR 1105
ERROR 1107
ERROR 1109
ERROR 1111
ERROR 1112
ERROR 1113
ERROR 1114
ERROR 1115
ERROR 1116
ERROR 1117
ERROR 1119
ERROR 1120
ERROR 1124
ERROR 1126
ERROR 1128
ERROR 1132
ERROR 1133
ERROR 1135
ERROR 1137
ERROR 1138
ERROR 1140
ERROR 1145
ERROR 1147
ERROR 1148
ERROR 1149
ERROR 1150
ERROR 1152
ERROR 1153
ERROR 1154
ERROR 1156
ERROR 1160
ERROR 1166
ERROR 1169
ERROR 1171
ERROR 1173
ERROR 1175
ERROR 1176
ERROR 1179
ERROR 1180
ERROR 1181
ERROR 1183
ERROR 1184
ERROR 1189
ERROR 1190
ERROR 1192
ERROR 1195
ERROR 1197
ERROR 1201
ERROR 1202
ERROR 1203
ERROR 1204
ERROR 1205
ERROR 1208
ERROR 1209
ERROR 1210
ERROR 1211
ERROR 1212
ERROR 1213
ERROR 1214
ERROR 1216
ERROR 1220
ERROR 1221
ERROR 1224
ERROR 1226
ERROR 1231
ERROR 1233
ERROR 1234
ERROR 1235
ERROR 1237
ERROR 1240
ERROR 1241
ERROR 1243
ERROR 1244
ERROR 1245
ERROR 1246
ERROR 1247
ERROR 1248
ERROR 1249
ERROR 1251
ERROR 1253
ERROR 1254
ERROR 1257
ERROR 1258
ERROR 1259
ERROR 1262
ERROR 1263
