ERROR 2
ERROR 3
ERROR 4
ERROR 14
ERROR 15
ERROR 20
ERROR 22
ERROR 26
ERROR 27
ERROR 28
ERROR 29
ERROR 34
ERROR 48
ERROR 52
ERROR 54
ERROR 56
ERROR 57
ERROR 58
ERROR 59
ERROR 62
ERROR 67
ERROR 72
ERROR 74
ERROR 75
ERROR 77
ERROR 80
ERROR 84
ERROR 90
ERROR 91
ERROR 92
ERROR 93
ERROR 95
ERROR 100
ERROR 102
ERROR 104
ERROR 107
ERROR 108
ERROR 111
ERROR 112
ERROR 113
ERROR 117
ERROR 118
ERROR 122
ERROR 123
ERROR 124
ERROR 125
ERROR 130
ERROR 131
ERROR 132
ERROR 133
ERROR 135
ERROR 136
ERROR 137
ERROR 138
ERROR 142
ERROR 143
ERROR 146
ERROR 147
ERROR 149
ERROR 151
ERROR 153
ERROR 156
ERROR 157
ERROR 160
ERROR 161
ERROR 164
ERROR 171
ERROR 172
ERROR 173
ERROR 177
ERROR 178
ERROR 180
ERROR 181
ERROR 182
ERROR 189
ERROR 193
ERROR 195
ERROR 197
ERROR 198
ERROR 199
ERROR 202
ERROR 203
ERROR 204
ERROR 205
ERROR 206
ERROR 207
ERROR 208
ERROR 213
ERROR 215
ERROR 216
ERROR 217
ERROR 219
ERROR 221
ERROR 223
ERROR 224
ERROR 227
ERROR 228
ERROR 229
ERROR 230
ERROR 232
ERROR 233
ERROR 234
ERROR 239
ERROR 242
ERROR 244
ERROR 245
ERROR 246
ERROR 249
ERROR 250
ERROR 255
ERROR 257
ERROR 258
ERROR 262
ERROR 264
ERROR 266
ERROR 269
ERROR 271
ERROR 272
ERROR 274
ERROR 276
ERROR 278
ERROR 281
ERROR 283
ERROR 284
ERROR 285
ERROR 290
ERROR 292
ERROR 294
ERROR 297
ERROR 298
ERROR 300
ERROR 302
ERROR 304
ERROR 305
ERROR 306
ERROR 310
ERROR 312
ERROR 313
ERROR 316
ERROR 317
ERROR 318
ERROR 321
ERROR 323
ERROR 332
ERROR 335
ERROR 336
ERROR 337
ERROR 338
ERROR 340
ERROR 342
ERROR 344
ERROR 345
ERROR 348
ERROR 353
ERROR 354
ERROR 363
ERROR 364
ERROR 365
ERROR 366
ERROR 367
ERROR 370
ERROR 371
ERROR 379
ERROR 380
ERROR 381
ERROR 386
ERROR 387
ERROR 391
ERROR 393
ERROR 395
ERROR 396
ERROR 398
ERROR 400
ERROR 402
ERROR 405
ERROR 408
ERROR 409
ERROR 411
ERROR 412
ERROR 417
ERROR 422
ERROR 426
ERROR 428
ERROR 429
ERROR 430
ERROR 436
ERROR 437
ERROR 438
ERROR 439
ERROR 444
ERROR 446
ERROR 447
ERROR 449
ERROR 452
ERROR 453
ERROR 455
ERROR 456
ERROR 460
ERROR 463
ERROR 464
ERROR 465
ERROR 467
ERROR 470
ERROR 471
ERROR 473
ERROR 476
ERROR 479
ERROR 480
ERROR 481
ERROR 483
ERROR 485
ERROR 491
ERROR 493
ERROR 494
ERROR 496
ERROR 501
ERROR 504
ERROR 505
ERROR 506
ERROR 508
ERROR 509
ERROR 511
ERROR 512
ERROR 514
ERROR 516
ERROR 520
ERROR 524
ERROR 525
ERROR 530
ERROR 531
ERROR 533
ERROR 536
ERROR 537
ERROR 539
ERROR 540
ERROR 542
ERROR 543
ERROR 545
ERROR 547
ERROR 549
ERROR 550
ERROR 552
ERROR 553
ERROR 554
ERROR 555
ERROR 557
ERROR 558
ERROR 559
ERROR 560
ERROR 561
ERROR 564
ERROR 565
ERROR 568
ERROR 570
ERROR 572
ERROR 575
ERROR 576
ERROR 577
ERROR 581
ERROR 584
ERROR 588
ERROR 591
ERROR 594
ERROR 595
ERROR 596
ERROR 597
ERROR 598
ERROR 602
ERROR 604
ERROR 606
ERROR 608
ERROR 609
ERROR 610
ERROR 611
ERROR 612
ERROR 615
ERROR 621
ERROR 622
ERROR 623
ERROR 628
ERROR 630
ERROR 631
ERROR 633
ERROR 635
ERROR 637
ERROR 638
ERROR 639
ERROR 641
ERROR 643
ERROR 644
ERROR 648
ERROR 651
ERROR 652
ERROR 655
ERROR 657
ERROR 659
ERROR 660
ERROR 663
ERROR 665
ERROR 666
ERROR 667
ERROR 668
ERROR 669
ERROR 670
ERROR 672
ERROR 673
ERROR 677
ERROR 678
ERROR 680
ERROR 683
ERROR 685
ERROR 686
ERROR 687
ERROR 690
ERROR 693
ERROR 694
ERROR 695
ERROR 696
ERROR 700
ERROR 703
ERROR 704
ERROR 705
ERROR 707
ERROR 711
ERROR 712
ERROR 713
ERROR 714
ERROR 716
ERROR 717
ERROR 718
ERROR 720
ERROR 722
ERROR 723
ERROR 725
ERROR 726
ERROR 728
ERROR 732
ERROR 733
ERROR 734
ERROR 735
ERROR 736
ERROR 739
ERROR 740
ERROR 743
ERROR 748
ERROR 749
ERROR 752
ERROR 754
ERROR 755
ERROR 756
ERROR 757
ERROR 760
ERROR 762
ERROR 764
ERROR 765
ERROR 770
ERROR 773
ERROR 775
ERROR 778
ERROR 779
ERROR 781
ERROR 782
ERROR 784
ERROR 785
ERROR 786
ERROR 787
ERROR 788
ERROR 789
ERROR 790
ERROR 793
ERROR 796
ERROR 798
ERROR 804
ERROR 806
ERROR 807
ERROR 808
ERROR 810
ERROR 811
ERROR 813
ERROR 814
ERROR 817
ERROR 821
ERROR 822
ERROR 823
ERROR 824
ERROR 826
ERROR 827
ERROR 828
ERROR 830
ERROR 831
ERROR 833
ERROR 834
ERROR 838
ERROR 839
ERROR 843
ERROR 846
ERROR 850
ERROR 852
ERROR 855
ERROR 857
ERROR 859
ERROR 865
ERROR 866
ERROR 867
ERROR 868
ERROR 869
ERROR 870
ERROR 872
ERROR 873
ERROR 877
ERROR 879
ERROR 883
ERROR 884
ERROR 885
ERROR 887
ERROR 897
ERROR 898
ERROR 900
ERROR 901
ERROR 902
ERROR 903
ERROR 905
ERROR 906
ERROR 907
ERROR 909
ERROR 910
ERROR 911
ERROR 912
ERROR 914
ERROR 915
ERROR 916
ERROR 919
ERROR 923
ERROR 924
ERROR 925
ERROR 929
ERROR 932
ERROR 933
ERROR 935
ERROR 936
ERROR 938
ERROR 939
ERROR 940
ERROR 942
ERROR 945
ERROR 946
ERROR 949
ERROR 950
ERROR 951
ERROR 952
ERROR 953
ERROR 954
ERROR 956
ERROR 957
ERROR 958
ERROR 961
ERROR 963
ERROR 964
ERROR 968
ERROR 969
ERROR 970
ERROR 972
ERROR 973
ERROR 974
ERROR 978
ERROR 979
ERROR 982
ERROR 984
ERROR 987
ERROR 988
ERROR 990
ERROR 992
ERROR 996
ERROR 998
ERROR 1009
ERROR 1011
ERROR 1013
ERROR 1014
ERROR 1015
ERROR 1016
ERROR 1017
ERROR 1018
ERROR 1020
ERROR 1021
ERROR 1028
ERROR 1032
ERROR 1033
ERROR 1034
ERROR 1040
ERROR 1042
ERROR 1043
ERROR 1045
ERROR 1046
ERROR 1047
ERROR 1049
ERROR 1053
ERROR 1054
ERROR 1055
ERROR 1059
ERROR 1060
ERROR 1061
ERROR 1063
ERROR 1064
ERROR 1066
ERROR 1067
ERROR 1069
ERROR 1075
ERROR 1077
ERROR 1081
ERROR 1084
ERROR 1086
ERROR 1087
ERROR 1089
ERROR 1092
ERROR 1093
ERROR 1095
ERROR 1097
ERROR 1101
ERROR 1109
ERROR 1110
ERROR 1113
ERROR 1115
ERROR 1116
ERROR 1118
ERROR 1122
ERROR 1125
