








152;city126;167;282;city142;414;413;city206;94;137;city146;275;394;city219;214;446;city75;91;156;city278;28;332;city137;192;6;city285;366;253;city292;373;340;city130;19;135;city234;473;398;city83;180;151;city138;31;327;city180;14;230;city93;127;461;city260;2;85;city277





129;city79;272;270;city288;152;12;city184

130;city174;334;64;city229;99;475;city65;242;371;city140;359;233;city96;143;199;city230;12;463;city106;376;369;city155;442;259;city86;478;99;city52;12;388;city198;220;419;city116;324;238;city61;48;371;city54;291;43;city193;82;154;city241;447;48;city85;351;27;city67;18;377;city236;83;129;city184
129;city79;272;270;city288;152;12;city184





167;city167;430;104;city122;344;426;city224;220;426;city288;301;198;city123;216;379;city52;172;44;city212;203;95;city256;113;171;city215;67;292;city200;89;355;city84;300;54;city216;239;457;city241;30;267;city184;316;58;city297;191;497;city152;285;308;city114;236;27;city191;93;202;city158

138;city255;274;194;city179;277;223;city275;428;488;city207;363;359;city54;368;4;city71;127;335;city74;372;167;city220;45;430;city169;235;237;city178;212;452;city92;96;280;city204;212;5;city113

145;city186;488;30;city191;97;345;city81;273;38;city85;485;478;city285;318;261;city165;216;399;city281;325;314;city62;40;418;city112;497;417;city72;357;221;city207;460;12;city199;498;393;city217
130;city174;334;64;city229;99;475;city65;242;371;city140;359;233;city96;143;199;city230;12;463;city106;376;369;city155;442;259;city86;478;99;city52;12;388;city198;220;419;city116;324;238;city61;48;371;city54;291;43;city193;82;154;city241;447;48;city85;351;27;city67;18;377;city236;83;129;city184


145;city186;488;30;city191;97;345;city81;273;38;city85;485;478;city285;318;261;city165;216;399;city281;325;314;city62;40;418;city112;497;417;city72;357;221;city207;460;12;city199;498;393;city217

158;city260;295;275;city295;417;270;city275;217;353;city250;362;243;city78;360;397;city76;394;205;city208;248;81;city252;91;7;city254;50;275;city282
159;city194;359;122;city123;388;184;city292;4;22;city114;183;204;city169;324;361;city185;368;194;city73;167;451;city182
130;city174;334;64;city229;99;475;city65;242;371;city140;359;233;city96;143;199;city230;12;463;city106;376;369;city155;442;259;city86;478;99;city52;12;388;city198;220;419;city116;324;238;city61;48;371;city54;291;43;city193;82;154;city241;447;48;city85;351;27;city67;18;377;city236;83;129;city184

140;city214;185;223;city237
148;city211;153;399;city163;133;146;city82;363;50;city114;177;213;city216;94;104;city51;329;335;city223;480;424;city157;487;190;city294;367;149;city123;448;2;city283
140;city214;185;223;city237



147;city257;151;410;city189;225;494;city294;320;60;city254;262;309;city166;491;500;city274;224;198;city118;25;446;city245;453;295;city132;124;226;city282;302;368;city131;274;326;city214;221;127;city91;471;118;city139;494;258;city65;74;170;city263;166;404;city67
168;city216;426;62;city89;104;273;city126;101;345;city119;182;351;city60;430;106;city134;449;289;city152;318;326;city65;200;118;city284;220;16;city226;75;193;city189;341;95;city167;31;371;city57;370;14;city243;499;104;city270;282;29;city111

128;city161;161;101;city128;98;459;city66;347;459;city269;258;383;city240;328;488;city185;248;241;city198;333;31;city202;177;13;city114;371;218;city249;23;311;city279;396;439;city147;499;299;city121;436;335;city248;326;327;city98;447;418;city207;430;469;city88;444;424;city296;424;354;city213
127;city63;192;460;city135;264;81;city156
130;city174;334;64;city229;99;475;city65;242;371;city140;359;233;city96;143;199;city230;12;463;city106;376;369;city155;442;259;city86;478;99;city52;12;388;city198;220;419;city116;324;238;city61;48;371;city54;291;43;city193;82;154;city241;447;48;city85;351;27;city67;18;377;city236;83;129;city184
171;city86;209;450;city151;236;207;city65;342;398;city269;53;8;city241;226;221;city134;302;140;city291;117;371;city197;459;218;city245;285;341;city142

174;city193;256;356;city71;51;397;city272;172;46;city81;202;65;city203;352;458;city221;386;365;city283;349;312;city89;471;223;city197;33;182;city223;298;156;city278;499;22;city178;166;437;city257;435;355;city285;235;66;city261;94;356;city112;55;160;city122;17;220;city248;258;48;city240;276;479;city87

129;city79;272;270;city288;152;12;city184
163;city198;180;347;city91;381;362;city114;346;225;city119;285;77;city177;439;196;city219;233;424;city161;151;169;city217;474;467;city145;168;252;city90
140;city214;185;223;city237

154;city299;385;168;city272;475;271;city147;184;326;city58;267;482;city187;472;73;city197;345;21;city115;400;123;city89;210;377;city289
163;city198;180;347;city91;381;362;city114;346;225;city119;285;77;city177;439;196;city219;233;424;city161;151;169;city217;474;467;city145;168;252;city90
171;city86;209;450;city151;236;207;city65;342;398;city269;53;8;city241;226;221;city134;302;140;city291;117;371;city197;459;218;city245;285;341;city142
146;city252;83;237;city235;123;139;city103;325;7;city255;327;447;city106;255;111;city216;176;224;city194;251;153;city193;322;495;city272;191;201;city218;82;184;city214
158;city260;295;275;city295;417;270;city275;217;353;city250;362;243;city78;360;397;city76;394;205;city208;248;81;city252;91;7;city254;50;275;city282



155;city212;51;339;city201;355;201;city268;235;477;city113;276;178;city100;391;293;city147;314;398;city79;14;245;city137;57;237;city164

148;city211;153;399;city163;133;146;city82;363;50;city114;177;213;city216;94;104;city51;329;335;city223;480;424;city157;487;190;city294;367;149;city123;448;2;city283
129;city79;272;270;city288;152;12;city184
138;city255;274;194;city179;277;223;city275;428;488;city207;363;359;city54;368;4;city71;127;335;city74;372;167;city220;45;430;city169;235;237;city178;212;452;city92;96;280;city204;212;5;city113
125;city233;142;359;city232;371;2;city99;160;277;city204;239;73;city190;211;391;city273;10;14;city136;284;33;city149;480;383;city72;68;476;city71;273;65;city95;7;287;city290;247;421;city216;221;225;city260;275;445;city283;10;174;city286;5;123;city195;59;422;city291;23;423;city276;155;154;city241
131;city284;402;360;city134;180;97;city281;211;63;city277;65;113;city229;205;323;city192;483;98;city202;305;472;city282;422;476;city251;306;9;city129;297;300;city218
138;city255;274;194;city179;277;223;city275;428;488;city207;363;359;city54;368;4;city71;127;335;city74;372;167;city220;45;430;city169;235;237;city178;212;452;city92;96;280;city204;212;5;city113
136;city179;78;375;city55;238;330;city236;406;458;city259;489;405;city174;390;213;city57;426;21;city131;14;318;city175;80;107;city253;288;161;city67;26;105;city286;373;468;city159;57;278;city178;351;374;city74;128;396;city269;376;60;city218;86;16;city257;257;70;city200;13;173;city101;267;331;city87
138;city255;274;194;city179;277;223;city275;428;488;city207;363;359;city54;368;4;city71;127;335;city74;372;167;city220;45;430;city169;235;237;city178;212;452;city92;96;280;city204;212;5;city113
171;city86;209;450;city151;236;207;city65;342;398;city269;53;8;city241;226;221;city134;302;140;city291;117;371;city197;459;218;city245;285;341;city142
139;city139;113;243;city253;156;130;city118;83;202;city55;428;418;city124;342;73;city103;77;436;city113;140;318;city154;193;138;city107;188;279;city239;71;6997;city122;201;152;city249;118;313;city147
129;city79;272;270;city288;152;12;city184

163;city198;180;347;city91;381;362;city114;346;225;city119;285;77;city177;439;196;city219;233;424;city161;151;169;city217;474;467;city145;168;252;city90
130;city174;334;64;city229;99;475;city65;242;371;city140;359;233;city96;143;199;city230;12;463;city106;376;369;city155;442;259;city86;478;4870;city52;12;388;city198;220;419;city116;324;238;city61;48;371;city54;291;43;city193;82;154;city241;447;48;city85;351;27;city67;18;377;city236;83;129;city184
147;city257;151;410;city189;225;494;city294;320;60;city254;262;309;city166;491;500;city274;224;198;city118;25;446;city245;453;295;city132;124;226;city282;302;368;city131;274;326;city214;221;127;city91;471;118;city139;494;258;city65;74;170;city263;166;404;city67
158;city260;295;275;city295;417;270;city275;217;353;city250;362;243;city78;360;397;city76;394;205;city208;248;81;city252;91;7;city254;50;275;city282
155;city212;51;339;city201;355;201;city268;235;477;city113;276;178;city100;391;293;city147;314;398;city79;14;245;city137;57;237;city164
145;city186;488;30;city191;97;345;city81;273;38;city85;485;478;city285;318;261;city165;216;399;city281;325;314;city62;40;418;city112;497;417;city72;357;221;city207;460;12;city199;498;393;city217
161;city220;385;433;city64;52;481;city293;464;484;city192;419;347;city143;60;487;city213;404;162;city148;88;76;city281;431;389;city223;73;222;city73;248;169;city287;432;276;city272;220;451;city295;7;206;city265;268;5;city153;146;422;city276;477;463;city93;164;292;city231
141;city241;344;285;city102;98;40;city214;222;132;city189;290;396;city60;464;121;city192;262;77;city126;85;394;city293
152;city126;167;282;city142;414;413;city206;94;137;city146;275;394;city219;214;446;city75;91;156;city278;28;332;city137;192;6;city285;366;253;city292;373;340;city130;19;135;city234;473;398;city83;180;151;city138;31;327;city180;14;230;city93;127;461;city260;2;85;city277

158;city260;295;275;city295;417;270;city275;217;353;city250;362;243;city78;360;397;city76;394;205;city208;248;81;city252;91;7;city254;50;275;city282
163;city198;180;347;city91;381;362;city114;346;225;city119;285;77;city177;439;196;city219;233;424;city161;151;169;city217;474;467;city145;168;252;city90
148;city211;153;399;city163;133;146;city82;363;50;city114;177;213;city216;94;104;city51;329;335;city223;480;424;city157;487;190;city294;367;149;city123;448;2;city283
173;city129;274;158;city95;41;106;city264;103;353;city117;370;384;city200;360;188;city201;31;205;city139;427;264;city295;328;296;city91;269;120;city57;51;228;city283;456;317;city214;312;371;city263;247;407;city192;190;56;city84;100;284;city86;439;349;city166;374;446;city186;485;466;city203

155;city212;51;339;city201;355;201;city268;235;477;city113;276;178;city100;391;293;city147;314;398;city79;14;245;city137;57;237;city164
125;city233;142;359;city232;371;2;city99;160;277;city204;239;73;city190;211;391;city273;10;14;city136;284;33;city149;480;383;city72;68;476;city71;273;65;city95;7;287;city290;247;421;city216;221;225;city260;275;445;city283;10;174;city286;5;123;city195;59;422;city291;23;423;city276;155;154;city241
136;city179;78;375;city55;238;330;city236;406;458;city259;489;405;city174;390;213;city57;426;21;city131;14;318;city175;80;107;city253;288;161;city67;26;105;city286;373;468;city159;57;278;city178;351;374;city74;128;396;city269;376;60;city218;86;16;city257;257;70;city200;13;173;city101;267;331;city87
125;city233;142;359;city232;371;2;city99;160;277;city204;239;73;city190;211;391;city273;10;14;city136;284;33;city149;480;383;city72;68;476;city71;273;65;city95;7;287;city290;247;421;city216;221;225;city260;275;445;city283;10;174;city286;5;123;city195;59;422;city291;23;423;city276;155;154;city241
130;city174;334;64;city229;99;475;city65;242;371;city140;359;233;city96;143;199;city230;12;463;city106;376;369;city155;442;259;city86;478;4870;city52;12;388;city198;220;419;city116;324;238;city61;48;371;city54;291;43;city193;82;154;city241;447;48;city85;351;27;city67;18;377;city236;83;129;city184
174;city193;256;356;city71;51;397;city272;172;46;city81;202;65;city203;352;458;city221;386;365;city283;349;312;city89;471;223;city197;33;182;city223;298;156;city278;499;22;city178;166;437;city257;435;355;city285;235;66;city261;94;356;city112;55;160;city122;17;220;city248;258;48;city240;276;479;city87
162;city245;152;114;city268;474;474;city177;403;127;city155;99;29;city233;274;281;city153;396;382;city224;96;300;city50;453;441;city251;274;255;city96;10;98;city276;300;340;city54;230;375;city80;426;233;city272;382;16;city112;322;436;city142;292;63;city253;493;476;city187;67;278;city60
147;city257;151;410;city189;225;494;city294;320;60;city254;262;309;city166;491;500;city274;224;198;city118;25;446;city245;453;295;city132;124;226;city282;302;368;city131;274;326;city214;221;127;city91;471;118;city139;494;258;city65;74;170;city263;166;404;city67
174;city193;256;356;city71;51;397;city272;172;46;city81;202;65;city203;352;458;city221;386;365;city283;349;312;city89;471;223;city197;33;182;city223;298;156;city278;499;22;city178;166;437;city257;435;355;city285;235;66;city261;94;356;city112;55;160;city122;17;220;city248;258;48;city240;276;479;city87
130;city174;334;64;city229;99;475;city65;242;371;city140;359;233;city96;143;199;city230;12;463;city106;376;369;city155;442;259;city86;478;4870;city52;12;388;city198;220;419;city116;324;238;city61;48;371;city54;291;43;city193;82;154;city241;447;48;city85;351;27;city67;18;377;city236;83;129;city184
139;city139;113;243;city253;156;130;city118;83;202;city55;428;418;city124;342;73;city103;77;436;city113;140;318;city154;193;138;city107;188;279;city239;71;6997;city122;201;152;city249;118;313;city147
130;city174;334;64;city229;99;475;city65;242;371;city140;359;233;city96;143;199;city230;12;463;city106;376;369;city155;442;259;city86;478;4870;city52;12;388;city198;220;419;city116;324;238;city61;48;371;city54;291;43;city193;82;154;city241;447;48;city85;351;27;city67;18;377;city236;83;129;city184
170;city173;407;362;city271;485;351;city278;251;219;city204;415;268;city130;153;345;city112;491;181;city103;487;295;city242;55;318;city91;10;368;city87;380;349;city282;209;3;city162;360;443;city151
167;city167;430;104;city122;344;426;city224;220;426;city288;301;198;city123;216;379;city52;172;44;city212;203;95;city256;113;171;city215;67;292;city200;89;355;city84;300;54;city216;239;457;city241;30;267;city184;316;58;city297;191;497;city152;285;308;city114;236;27;city191;93;202;city158
165;city136;202;176;city154;470;195;city193;250;159;city190;328;92;city211;58;4;city141;304;98;city195;425;141;city59;216;348;city265;431;345;city214;268;450;city286;239;254;city76;480;475;city199;490;15;city244;105;121;city201
160;city86;152;9;city210;125;465;city52;41;347;city106;88;86;city298;440;185;city111;51;70;city284;483;265;city234;447;10;city89
164;city64;397;382;city112;25;219;city95;234;222;city94;215;393;city248;127;38;city80;174;149;city59;181;409;city252
139;city139;113;243;city253;156;130;city118;83;202;city55;428;418;city124;342;73;city103;77;436;city113;140;318;city154;193;138;city107;188;279;city239;71;6997;city122;201;152;city249;118;313;city147
135;city265;340;449;city297;145;279;city220;264;454;city153;289;471;city218
147;city257;151;410;city189;225;494;city294;320;60;city254;262;309;city166;491;500;city274;224;198;city118;25;446;city245;453;295;city132;124;226;city282;302;368;city131;274;326;city214;221;127;city91;471;118;city139;494;258;city65;74;170;city263;166;404;city67



130;city174;334;64;city229;99;475;city65;242;371;city140;359;233;city96;143;199;city230;12;463;city106;376;369;city155;442;259;city86;478;4870;city52;12;388;city198;220;419;city116;324;238;city61;48;371;city54;291;43;city193;82;154;city241;447;48;city85;351;27;city67;18;377;city236;83;129;city184
143;city201;498;17;city80
173;city129;274;158;city95;41;106;city264;103;353;city117;370;384;city200;360;188;city201;31;205;city139;427;264;city295;328;296;city91;269;120;city57;51;228;city283;456;317;city214;312;371;city263;247;407;city192;190;56;city84;100;284;city86;439;349;city166;374;446;city186;485;466;city203
155;city212;51;339;city201;355;201;city268;235;477;city113;276;178;city100;391;293;city147;314;398;city79;14;245;city137;57;237;city164
145;city186;488;30;city191;97;345;city81;273;38;city85;485;478;city285;318;261;city165;216;399;city281;325;314;city62;40;418;city112;497;417;city72;357;221;city207;460;12;city199;498;393;city217
134;city90;139;7;city285;115;131;city270;129;177;city196;142;339;city108;29;51;city265;449;17;city139;407;474;city273;397;49;city178;470;435;city296;433;302;city107
132;city131;246;400;city245



137;city263;348;308;city125;147;282;city220;385;91;city102;448;55;city67;310;366;city106;255;447;city168;482;61;city130;373;172;city135
144;city165;168;33;city257;222;193;city255;366;275;city128;76;293;city243;361;176;city154;475;196;city198;349;67;city241;306;463;city150;150;376;city156;68;389;city205;331;386;city117;106;495;city68;150;493;city291;217;156;city233;146;358;city76;355;171;city193;130;66;city202;264;153;city195;315;324;city189
167;city167;430;104;city122;344;426;city224;220;426;city288;301;198;city123;216;379;city52;172;44;city212;203;95;city256;113;171;city215;67;292;city200;89;355;city84;300;54;city216;239;457;city241;30;267;city184;316;58;city297;191;497;city152;285;308;city114;236;27;city191;93;202;city158
165;city136;202;176;city154;470;195;city193;250;159;city190;328;92;city211;58;4;city141;304;98;city195;425;141;city59;216;348;city265;431;345;city214;268;450;city286;239;254;city76;480;475;city199;490;15;city244;105;121;city201
125;city233;142;359;city232;371;2;city99;160;277;city204;239;73;city190;211;391;city273;10;14;city136;284;33;city149;480;383;city72;68;476;city71;273;65;city95;7;287;city290;247;421;city216;221;225;city260;275;445;city283;10;174;city286;5;123;city195;59;422;city291;23;423;city276;155;154;city241
173;city129;274;158;city95;41;106;city264;103;353;city117;370;384;city200;360;188;city201;31;205;city139;427;264;city295;328;296;city91;269;120;city57;51;228;city283;456;317;city214;312;371;city263;247;407;city192;190;56;city84;100;284;city86;439;349;city166;374;446;city186;485;466;city203
144;city165;168;33;city257;222;193;city255;366;275;city128;76;293;city243;361;176;city154;475;196;city198;349;67;city241;306;463;city150;150;376;city156;68;389;city205;331;386;city117;106;495;city68;150;493;city291;217;156;city233;146;358;city76;355;171;city193;130;66;city202;264;153;city195;315;324;city189
157;city246;84;54;city218;245;58;city198;474;308;city190;143;201;city102;281;169;city163;101;183;city195;471;202;city242;20;172;city176
173;city129;274;158;city95;41;106;city264;103;353;city117;370;384;city200;360;188;city201;31;205;city139;427;264;city295;328;296;city91;269;120;city57;51;228;city283;456;317;city214;312;371;city263;247;407;city192;190;56;city84;100;284;city86;439;349;city166;374;446;city186;485;466;city203
160;city86;152;9;city210;125;465;city52;41;347;city106;88;86;city298;440;185;city111;51;70;city284;483;265;city234;447;10;city89
157;city246;84;54;city218;245;58;city198;474;308;city190;143;201;city102;281;169;city163;101;183;city195;471;202;city242;20;172;city176
173;city129;274;158;city95;41;106;city264;103;353;city117;370;384;city200;360;188;city201;31;205;city139;427;264;city295;328;296;city91;269;120;city57;51;228;city283;456;317;city214;312;371;city263;247;407;city192;190;56;city84;100;284;city86;439;349;city166;374;446;city186;485;466;city203
138;city255;274;194;city179;277;223;city275;428;488;city207;363;359;city54;368;4;city71;127;335;city74;372;167;city220;45;430;city169;235;237;city178;212;452;city92;96;280;city204;212;5;city113
130;city174;334;64;city229;99;475;city65;242;4598;city140;359;233;city96;143;199;city230;12;463;city106;376;369;city155;442;259;city86;478;4870;city52;12;388;city198;220;419;city116;324;238;city61;48;371;city54;291;43;city193;82;154;city241;447;48;city85;351;27;city67;18;377;city236;83;129;city184
159;city194;359;122;city123;388;184;city292;4;22;city114;183;204;city169;324;361;city185;368;194;city73;167;451;city182
131;city284;402;360;city134;180;97;city281;211;63;city277;65;113;city229;205;323;city192;483;98;city202;305;472;city282;422;476;city251;306;9;city129;297;300;city218
164;city64;397;382;city112;25;219;city95;234;222;city94;215;393;city248;127;38;city80;174;149;city59;181;409;city252
131;city284;402;360;city134;180;97;city281;211;63;city277;65;113;city229;205;323;city192;483;98;city202;305;472;city282;422;476;city251;306;9;city129;297;300;city218
152;city126;167;282;city142;414;413;city206;94;137;city146;275;394;city219;214;446;city75;91;156;city278;28;332;city137;192;6;city285;366;253;city292;373;340;city130;19;135;city234;473;398;city83;180;151;city138;31;327;city180;14;230;city93;127;461;city260;2;85;city277
149;city128;148;305;city88;11;2;city166;222;154;city187;199;373;city202;137;140;city234;489;7;city201;4;323;city73;318;242;city206;85;395;city141;84;198;city296;209;462;city273;163;176;city154;198;271;city58;239;272;city294;262;474;city121;108;346;city122;64;53;city295

159;city194;359;122;city123;388;184;city292;4;22;city114;183;204;city169;324;361;city185;368;194;city73;167;451;city182
137;city263;348;308;city125;147;282;city220;385;91;city102;448;55;city67;310;366;city106;255;447;city168;482;61;city130;373;172;city135
135;city265;340;449;city297;145;279;city220;264;454;city153;289;471;city218
158;city260;295;275;city295;417;270;city275;217;353;city250;362;243;city78;360;397;city76;394;205;city208;248;81;city252;91;7;city254;50;275;city282
154;city299;385;168;city272;475;271;city147;184;326;city58;267;482;city187;472;73;city197;345;21;city115;400;123;city89;210;377;city289
152;city126;167;282;city142;414;413;city206;94;137;city146;275;394;city219;214;446;city75;91;156;city278;28;332;city137;192;6;city285;366;253;city292;373;340;city130;19;135;city234;473;398;city83;180;151;city138;31;327;city180;14;230;city93;127;461;city260;2;85;city277
164;city64;397;382;city112;25;219;city95;234;222;city94;215;393;city248;127;38;city80;174;149;city59;181;409;city252
152;city126;167;282;city142;414;413;city206;94;137;city146;275;394;city219;214;446;city75;91;156;city278;28;332;city137;192;6;city285;366;253;city292;373;340;city130;19;135;city234;473;398;city83;180;151;city138;31;327;city180;14;230;city93;127;461;city260;2;85;city277
162;city245;152;114;city268;474;474;city177;403;127;city155;99;29;city233;274;281;city153;396;382;city224;96;300;city50;453;441;city251;274;255;city96;10;98;city276;300;340;city54;230;375;city80;426;233;city272;382;16;city112;322;436;city142;292;63;city253;493;476;city187;67;278;city60
154;city299;385;168;city272;475;271;city147;184;326;city58;267;482;city187;472;73;city197;345;21;city115;400;123;city89;210;377;city289
157;city246;84;54;city218;245;58;city198;474;308;city190;143;201;city102;281;169;city163;101;183;city195;471;202;city242;20;172;city176
134;city90;139;7;city285;115;131;city270;129;177;city196;142;339;city108;29;51;city265;449;17;city139;407;474;city273;397;49;city178;470;435;city296;433;302;city107
167;city167;430;104;city122;344;426;city224;220;426;city288;301;198;city123;216;379;city52;172;44;city212;203;95;city256;113;171;city215;67;292;city200;89;355;city84;300;54;city216;239;457;city241;30;267;city184;316;58;city297;191;497;city152;285;308;city114;236;27;city191;93;202;city158
142;city106;318;46;city56;204;485;city256;153;268;city191;143;104;city268;270;341;city190;319;413;city298;452;388;city228;130;434;city136;88;64;city219;17;287;city51;338;208;city243;208;98;city158;44;19;city109;64;68;city97;416;476;city141;146;44;city137;66;481;city122
170;city173;407;362;city271;485;351;city278;251;219;city204;415;268;city130;153;345;city112;491;181;city103;487;295;city242;55;318;city91;10;368;city87;380;349;city282;209;3;city162;360;443;city151
168;city216;426;62;city89;104;273;city126;101;345;city119;182;351;city60;430;106;city134;449;289;city152;318;326;city65;200;118;city284;220;16;city226;75;193;city189;341;95;city167;31;371;city57;370;14;city243;499;104;city270;282;29;city111
133;city177;266;243;city272;445;296;city145;311;180;city267;122;348;city190
133;city177;266;243;city272;445;296;city145;311;180;city267;122;348;city190
130;city174;334;64;city229;99;475;city65;242;4598;city140;359;233;city96;143;199;city230;12;463;city106;376;369;city155;442;259;city86;478;4870;city52;12;388;city198;220;419;city116;324;238;city61;48;371;city54;291;43;city193;82;154;city241;447;48;city85;351;27;city67;18;377;city236;83;129;city184
154;city299;385;168;city272;475;271;city147;184;326;city58;267;482;city187;472;73;city197;345;21;city115;400;123;city89;210;377;city289
148;city211;153;399;city163;133;146;city82;363;50;city114;177;213;city216;94;104;city51;329;335;city223;480;424;city157;487;190;city294;367;149;city123;448;2;city283
129;city79;272;270;city288;152;12;city184

162;city245;152;114;city268;474;474;city177;403;127;city155;99;29;city233;274;281;city153;396;382;city224;96;300;city50;453;441;city251;274;255;city96;10;98;city276;300;340;city54;230;375;city80;426;233;city272;382;16;city112;322;436;city142;292;63;city253;493;476;city187;67;278;city60
159;city194;359;122;city123;388;184;city292;4;22;city114;183;204;city169;324;361;city185;368;194;city73;167;451;city182


133;city177;266;243;city272;445;296;city145;311;180;city267;122;348;city190
168;city216;426;62;city89;104;273;city126;101;345;city119;182;351;city60;430;106;city134;449;289;city152;318;326;city65;200;118;city284;220;16;city226;75;193;city189;341;95;city167;31;371;city57;370;14;city243;499;104;city270;282;29;city111
137;city263;348;308;city125;147;282;city220;385;91;city102;448;55;city67;310;366;city106;255;447;city168;482;61;city130;373;172;city135
132;city131;246;400;city245
152;city126;167;282;city142;414;413;city206;94;137;city146;275;394;city219;214;446;city75;91;156;city278;28;332;city137;192;6;city285;366;253;city292;373;340;city130;19;135;city234;473;398;city83;180;151;city138;31;327;city180;14;230;city93;127;461;city260;2;85;city277
170;city173;407;362;city271;485;351;city278;251;219;city204;415;268;city130;153;345;city112;491;181;city103;487;295;city242;55;318;city91;10;368;city87;380;349;city282;209;3;city162;360;443;city151
173;city129;274;158;city95;41;106;city264;103;353;city117;370;384;city200;360;188;city201;31;205;city139;427;264;city295;328;296;city91;269;120;city57;51;228;city283;456;317;city214;312;371;city263;247;407;city192;190;56;city84;100;284;city86;439;349;city166;374;446;city186;485;466;city203
173;city129;274;158;city95;41;106;city264;103;353;city117;370;384;city200;360;188;city201;31;205;city139;427;264;city295;328;296;city91;269;120;city57;51;228;city283;456;317;city214;312;371;city263;247;407;city192;190;56;city84;100;284;city86;439;349;city166;374;446;city186;485;466;city203

165;city136;202;176;city154;470;195;city193;250;159;city190;328;92;city211;58;4;city141;304;98;city195;425;141;city59;216;348;city265;431;345;city214;268;450;city286;239;254;city76;480;475;city199;490;15;city244;105;121;city201
143;city201;498;17;city80
159;city194;359;122;city123;388;184;city292;4;22;city114;183;204;city169;324;361;city185;368;194;city73;167;451;city182
148;city211;153;399;city163;133;146;city82;363;50;city114;177;213;city216;94;104;city51;329;335;city223;480;424;city157;487;190;city294;367;149;city123;448;2;city283
155;city212;51;339;city201;355;201;city268;235;477;city113;276;178;city100;391;293;city147;314;398;city79;14;245;city137;57;237;city164
137;city263;348;308;city125;147;282;city220;385;91;city102;448;55;city67;310;366;city106;255;447;city168;482;61;city130;373;172;city135
126;city189;463;67;city250;354;5;city139;138;145;city271;187;195;city205;17;62;city165;359;390;city235;405;99;city74;6;375;city287;367;132;city239;400;358;city291;115;498;city140;34;437;city290;492;141;city265;105;260;city207;36;153;city220;38;444;city157;411;315;city240;397;223;city86
155;city212;51;339;city201;355;201;city268;235;477;city113;276;178;city100;391;293;city147;314;398;city79;14;245;city137;57;237;city164
155;city212;51;339;city201;355;201;city268;235;477;city113;276;178;city100;391;293;city147;314;398;city79;14;245;city137;57;237;city164
126;city189;463;67;city250;354;5;city139;138;145;city271;187;195;city205;17;62;city165;359;390;city235;405;99;city74;6;375;city287;367;132;city239;400;358;city291;115;498;city140;34;437;city290;492;141;city265;105;260;city207;36;153;city220;38;444;city157;411;315;city240;397;223;city86
164;city64;397;382;city112;25;219;city95;234;222;city94;215;393;city248;127;38;city80;174;149;city59;181;409;city252
142;city106;318;46;city56;204;485;city256;153;268;city191;143;104;city268;270;341;city190;319;413;city298;452;388;city228;130;434;city136;88;64;city219;17;287;city51;338;208;city243;208;98;city158;44;19;city109;64;68;city97;416;476;city141;146;44;city137;66;481;city122
137;city263;348;308;city125;147;282;city220;385;91;city102;448;55;city67;310;366;city106;255;447;city168;482;61;city130;373;172;city135
143;city201;498;17;city80
136;city179;78;375;city55;238;330;city236;406;458;city259;489;405;city174;390;213;city57;426;21;city131;14;318;city175;80;107;city253;288;161;city67;26;105;city286;373;468;city159;57;278;city178;351;374;city74;128;396;city269;376;60;city218;86;16;city257;257;70;city200;13;173;city101;267;331;city87
152;city126;167;282;city142;414;413;city206;94;137;city146;275;394;city219;214;446;city75;91;156;city278;28;332;city137;192;6;city285;366;253;city292;373;340;city130;19;135;city234;473;398;city83;180;151;city138;31;327;city180;14;230;city93;127;461;city260;2;85;city277
173;city129;274;158;city95;41;106;city264;103;353;city117;370;384;city200;360;188;city201;31;205;city139;427;264;city295;328;296;city91;269;120;city57;51;228;city283;456;317;city214;312;371;city263;247;407;city192;190;56;city84;100;284;city86;439;349;city166;374;446;city186;485;466;city203
143;city201;498;17;city80
171;city86;209;450;city151;236;207;city65;342;398;city269;53;8;city241;226;221;city134;302;140;city291;117;371;city197;459;218;city245;285;341;city142
164;city64;397;382;city112;25;219;city95;234;222;city94;215;393;city248;127;38;city80;174;149;city59;181;409;city252
133;city177;266;243;city272;445;296;city145;311;180;city267;122;348;city190
146;city252;83;237;city235;123;139;city103;325;7;city255;327;447;city106;255;111;city216;176;224;city194;251;153;city193;322;495;city272;191;201;city218;82;184;city214
148;city211;153;399;city163;133;146;city82;363;50;city114;177;213;city216;94;104;city51;329;335;city223;480;424;city157;487;190;city294;367;149;city123;448;2;city283
150;city170;331;57;city80;30;296;city119;172;471;city256;276;88;city73;18;281;city157;404;227;city196

161;city220;385;433;city64;52;481;city293;464;484;city192;419;347;city143;60;487;city213;404;162;city148;88;76;city281;431;389;city223;73;222;city73;248;169;city287;432;276;city272;220;451;city295;7;206;city265;268;5;city153;146;422;city276;477;463;city93;164;292;city231
139;city139;113;243;city253;156;130;city118;83;202;city55;428;418;city124;342;73;city103;77;436;city113;140;318;city154;193;138;city107;188;279;city239;71;6997;city122;201;152;city249;118;313;city147
135;city265;340;449;city297;145;279;city220;264;454;city153;289;471;city218
126;city189;463;67;city250;354;5;city139;138;145;city271;187;195;city205;17;62;city165;359;390;city235;405;99;city74;6;375;city287;367;132;city239;400;358;city291;115;498;city140;34;437;city290;492;141;city265;105;260;city207;36;153;city220;38;444;city157;411;315;city240;397;223;city86
147;city257;151;410;city189;225;494;city294;320;60;city254;262;309;city166;491;500;city274;224;198;city118;25;446;city245;453;295;city132;124;226;city282;302;368;city131;274;326;city214;221;127;city91;471;118;city139;494;258;city65;74;170;city263;166;404;city67
127;city63;192;460;city135;264;81;city156
146;city252;83;237;city235;123;139;city103;325;7;city255;327;447;city106;255;111;city216;176;224;city194;251;153;city193;322;495;city272;191;201;city218;82;184;city214
139;city139;113;243;city253;156;130;city118;83;202;city55;428;418;city124;342;73;city103;77;436;city113;140;318;city154;193;138;city107;188;279;city239;71;6997;city122;201;152;city249;118;313;city147
173;city129;274;158;city95;41;106;city264;103;353;city117;370;384;city200;360;188;city201;31;205;city139;427;264;city295;328;296;city91;269;120;city57;51;228;city283;456;317;city214;312;371;city263;247;407;city192;190;56;city84;100;284;city86;439;349;city166;374;446;city186;485;466;city203
129;city79;272;270;city288;152;12;city184
134;city90;139;7;city285;115;131;city270;129;177;city196;142;339;city108;29;51;city265;449;17;city139;407;474;city273;397;49;city178;470;435;city296;433;302;city107
159;city194;359;122;city123;388;184;city292;4;22;city114;183;204;city169;324;361;city185;368;194;city73;167;451;city182
168;city216;426;62;city89;104;273;city126;101;345;city119;182;351;city60;430;106;city134;449;289;city152;318;326;city65;200;118;city284;220;16;city226;75;193;city189;341;95;city167;31;371;city57;370;14;city243;499;104;city270;282;29;city111
151;city129;15;327;city216;394;317;city53;229;145;city165;158;414;city90;422;494;city125;459;444;city113;337;5;city287
134;city90;139;7;city285;115;131;city270;129;177;city196;142;339;city108;29;51;city265;449;17;city139;407;474;city273;397;49;city178;470;435;city296;433;302;city107
163;city198;180;347;city91;381;362;city114;346;225;city119;285;77;city177;439;196;city219;233;424;city161;151;169;city217;474;467;city145;168;252;city90
157;city246;84;54;city218;245;58;city198;474;308;city190;143;201;city102;281;169;city163;101;183;city195;471;202;city242;20;172;city176
169;city259;446;353;city128;78;227;city290;40;375;city172;258;86;city239;306;478;city221;68;351;city125;283;251;city245;351;421;city181
143;city201;498;17;city80
157;city246;84;54;city218;245;58;city198;474;308;city190;143;201;city102;281;169;city163;101;183;city195;471;202;city242;20;172;city176
140;city214;185;223;city237
126;city189;463;67;city250;354;5;city139;138;145;city271;187;195;city205;17;62;city165;359;390;city235;405;99;city74;6;375;city287;367;132;city239;400;358;city291;115;498;city140;34;437;city290;492;141;city265;105;260;city207;36;153;city220;38;444;city157;411;315;city240;397;223;city86
164;city64;397;382;city112;25;219;city95;234;222;city94;215;393;city248;127;38;city80;174;149;city59;181;409;city252
143;city201;498;17;city80
162;city245;152;114;city268;474;474;city177;403;127;city155;99;29;city233;274;281;city153;396;382;city224;96;300;city50;453;441;city251;274;255;city96;10;98;city276;300;340;city54;230;375;city80;426;233;city272;382;16;city112;322;436;city142;292;63;city253;493;476;city187;67;278;city60
151;city129;15;327;city216;394;317;city53;229;145;city165;158;414;city90;422;494;city125;459;444;city113;337;5;city287
151;city129;15;327;city216;394;317;city53;229;145;city165;158;414;city90;422;494;city125;459;444;city113;337;5;city287
148;city211;153;399;city163;133;146;city82;363;50;city114;177;213;city216;94;104;city51;329;335;city223;480;424;city157;487;190;city294;367;149;city123;448;2;city283
152;city126;167;282;city142;414;413;city206;94;137;city146;275;394;city219;214;446;city75;91;156;city278;28;332;city137;192;6;city285;366;253;city292;373;340;city130;19;135;city234;473;398;city83;180;151;city138;31;327;city180;14;230;city93;127;461;city260;2;85;city277
140;city214;185;223;city237
154;city299;385;168;city272;475;271;city147;184;326;city58;267;482;city187;472;73;city197;345;21;city115;400;123;city89;210;377;city289
139;city139;113;243;city253;156;130;city118;83;202;city55;428;418;city124;342;73;city103;77;436;city113;140;318;city154;193;138;city107;188;279;city239;71;6997;city122;201;152;city249;118;313;city147
170;city173;407;362;city271;485;351;city278;251;219;city204;415;268;city130;153;345;city112;491;181;city103;487;295;city242;55;318;city91;10;368;city87;380;349;city282;209;3;city162;360;443;city151
174;city193;256;356;city71;51;397;city272;172;46;city81;202;65;city203;352;458;city221;386;365;city283;349;312;city89;471;223;city197;33;182;city223;298;156;city278;499;22;city178;166;437;city257;435;355;city285;235;66;city261;94;356;city112;55;160;city122;17;220;city248;258;48;city240;276;479;city87
172;city137;482;216;city129;185;403;city298;80;347;city86;266;24;city68;75;223;city266
145;city186;488;30;city191;97;345;city81;273;38;city85;485;478;city285;318;261;city165;216;399;city281;325;314;city62;40;418;city112;497;417;city72;357;221;city207;460;12;city199;498;393;city217
127;city63;192;460;city135;264;81;city156
132;city131;246;400;city245
166;city202;300;20;city117;480;66;city277;315;475;city285
165;city136;202;176;city154;470;195;city193;250;159;city190;328;92;city211;58;4;city141;304;98;city195;425;141;city59;216;348;city265;431;345;city214;268;450;city286;239;254;city76;480;475;city199;490;15;city244;105;121;city201
130;city174;334;64;city229;99;475;city65;242;4598;city140;359;233;city96;143;199;city230;12;463;city106;376;369;city155;442;259;city86;478;4870;city52;12;388;city198;220;419;city116;324;238;city61;48;371;city54;291;43;city193;82;154;city241;447;48;city85;351;27;city67;18;377;city236;83;129;city184
139;city139;113;243;city253;156;130;city118;83;202;city55;428;418;city124;342;73;city103;77;436;city113;140;318;city154;193;138;city107;188;279;city239;71;6997;city122;201;152;city249;118;313;city147
129;city79;272;270;city288;152;12;city184
135;city265;340;449;city297;145;279;city220;264;454;city153;289;471;city218
147;city257;151;410;city189;225;494;city294;320;60;city254;262;309;city166;491;500;city274;224;198;city118;25;446;city245;453;295;city132;124;226;city282;302;368;city131;274;326;city214;221;127;city91;471;118;city139;494;258;city65;74;170;city263;166;404;city67
125;city233;142;359;city232;371;2;city99;160;277;city204;239;73;city190;211;391;city273;10;14;city136;284;33;city149;480;383;city72;68;476;city71;273;65;city95;7;287;city290;247;421;city216;221;225;city260;275;445;city283;10;174;city286;5;123;city195;59;422;city291;23;423;city276;155;154;city241
166;city202;300;20;city117;480;66;city277;315;475;city285
147;city257;151;410;city189;225;494;city294;320;60;city254;262;309;city166;491;500;city274;224;198;city118;25;446;city245;453;295;city132;124;226;city282;302;368;city131;274;326;city214;221;127;city91;471;118;city139;494;258;city65;74;170;city263;166;404;city67
128;city161;161;101;city128;98;459;city66;347;459;city269;258;383;city240;328;488;city185;248;241;city198;333;31;city202;177;13;city114;371;218;city249;23;311;city279;396;439;city147;499;299;city121;436;335;city248;326;327;city98;447;418;city207;430;469;city88;444;424;city296;424;354;city213
134;city90;139;7;city285;115;131;city270;129;177;city196;142;339;city108;29;51;city265;449;17;city139;407;474;city273;397;49;city178;470;435;city296;433;302;city107
126;city189;463;67;city250;354;5;city139;138;145;city271;187;195;city205;17;62;city165;359;390;city235;405;99;city74;6;375;city287;367;132;city239;400;358;city291;115;498;city140;34;437;city290;492;141;city265;105;260;city207;36;153;city220;38;444;city157;411;315;city240;397;223;city86
127;city63;192;460;city135;264;81;city156
156;city290;428;364;city243;185;301;city280;248;333;city91;218;111;city99;150;464;city89;33;395;city113;219;57;city293;222;183;city291;59;166;city174;179;203;city285;313;71;city282;247;283;city115;294;488;city98;320;285;city210;465;49;city129;171;357;city296;95;176;city54;473;136;city292;142;441;city245
157;city246;84;54;city218;245;58;city198;474;308;city190;143;201;city102;281;169;city163;101;183;city195;471;202;city242;20;172;city176
144;city165;168;33;city257;222;193;city255;366;275;city128;76;293;city243;361;176;city154;475;196;city198;349;67;city241;306;463;city150;150;376;city156;68;389;city205;331;386;city117;106;495;city68;150;493;city291;217;156;city233;146;358;city76;355;171;city193;130;66;city202;264;153;city195;315;324;city189
155;city212;51;339;city201;355;201;city268;235;477;city113;276;178;city100;391;293;city147;314;398;city79;14;245;city137;57;237;city164
134;city90;139;7;city285;115;131;city270;129;177;city196;142;339;city108;29;51;city265;449;17;city139;407;474;city273;397;49;city178;470;435;city296;433;302;city107
136;city179;78;375;city55;238;330;city236;406;458;city259;489;405;city174;390;213;city57;426;21;city131;14;318;city175;80;107;city253;288;161;city67;26;105;city286;373;468;city159;57;278;city178;351;374;city74;128;396;city269;376;60;city218;86;16;city257;257;70;city200;13;173;city101;267;331;city87
132;city131;246;400;city245
133;city177;266;243;city272;445;296;city145;311;180;city267;122;348;city190
140;city214;185;223;city237
134;city90;139;7;city285;115;131;city270;129;177;city196;142;339;city108;29;51;city265;449;17;city139;407;474;city273;397;49;city178;470;435;city296;433;302;city107
136;city179;78;375;city55;238;330;city236;406;458;city259;489;405;city174;390;213;city57;426;21;city131;14;318;city175;80;107;city253;288;161;city67;26;105;city286;373;468;city159;57;278;city178;351;374;city74;128;396;city269;376;60;city218;86;16;city257;257;70;city200;13;173;city101;267;331;city87
133;city177;266;243;city272;445;296;city145;311;180;city267;122;348;city190
129;city79;272;270;city288;152;12;city184
127;city63;192;460;city135;264;81;city156
131;city284;402;360;city134;180;97;city281;211;63;city277;65;113;city229;205;323;city192;483;98;city202;305;472;city282;422;476;city251;306;9;city129;297;300;city218
159;city194;359;122;city123;388;184;city292;4;22;city114;183;204;city169;324;361;city185;368;194;city73;167;451;city182
139;city139;113;243;city253;156;130;city118;83;202;city55;428;418;city124;342;73;city103;77;436;city113;140;318;city154;193;138;city107;188;279;city239;71;6997;city122;201;152;city249;118;313;city147
151;city129;15;327;city216;394;317;city53;229;145;city165;158;414;city90;422;494;city125;459;444;city113;337;5;city287
127;city63;192;460;city135;264;81;city156
126;city189;463;67;city250;354;5;city139;138;145;city271;187;195;city205;17;62;city165;359;390;city235;405;99;city74;6;375;city287;367;132;city239;400;358;city291;115;498;city140;34;437;city290;492;141;city265;105;260;city207;36;153;city220;38;444;city157;411;315;city240;397;223;city86
155;city212;51;339;city201;355;201;city268;235;477;city113;276;178;city100;391;293;city147;314;398;city79;14;245;city137;57;237;city164
158;city260;295;275;city295;417;270;city275;217;353;city250;362;243;city78;360;397;city76;394;205;city208;248;81;city252;91;7;city254;50;275;city282
146;city252;83;237;city235;123;139;city103;325;7;city255;327;447;city106;255;111;city216;176;224;city194;251;153;city193;322;495;city272;191;201;city218;82;184;city214
163;city198;180;347;city91;381;362;city114;346;225;city119;285;77;city177;439;196;city219;233;424;city161;151;169;city217;474;467;city145;168;252;city90
150;city170;331;57;city80;30;296;city119;172;471;city256;276;88;city73;18;281;city157;404;227;city196
133;city177;266;243;city272;445;296;city145;311;180;city267;122;348;city190
151;city129;15;327;city216;394;317;city53;229;145;city165;158;414;city90;422;494;city125;459;444;city113;337;5;city287
164;city64;397;382;city112;25;219;city95;234;222;city94;215;393;city248;127;38;city80;174;149;city59;181;409;city252
158;city260;295;275;city295;417;270;city275;217;353;city250;362;243;city78;360;397;city76;394;205;city208;248;81;city252;91;7;city254;50;275;city282
132;city131;246;400;city245
131;city284;402;360;city134;180;97;city281;211;63;city277;65;113;city229;205;323;city192;483;98;city202;305;472;city282;422;476;city251;306;9;city129;297;300;city218
143;city201;498;17;city80
160;city86;152;9;city210;125;465;city52;41;347;city106;88;86;city298;440;185;city111;51;70;city284;483;265;city234;447;10;city89
131;city284;402;360;city134;180;97;city281;211;63;city277;65;113;city229;205;323;city192;483;98;city202;305;472;city282;422;476;city251;306;9;city129;297;300;city218
161;city220;385;433;city64;52;481;city293;464;484;city192;419;347;city143;60;487;city213;404;162;city148;88;76;city281;431;389;city223;73;222;city73;248;169;city287;432;276;city272;220;451;city295;7;206;city265;268;5;city153;146;422;city276;477;463;city93;164;292;city231
144;city165;168;33;city257;222;193;city255;366;275;city128;76;293;city243;361;176;city154;475;196;city198;349;67;city241;306;463;city150;150;376;city156;68;389;city205;331;386;city117;106;495;city68;150;493;city291;217;156;city233;146;358;city76;355;171;city193;130;66;city202;264;153;city195;315;324;city189
129;city79;272;270;city288;152;12;city184
138;city255;274;194;city179;277;223;city275;428;488;city207;363;359;city54;368;4;city71;127;335;city74;372;167;city220;45;430;city169;235;237;city178;212;452;city92;96;280;city204;212;5;city113
146;city252;83;237;city235;123;139;city103;325;7;city255;327;447;city106;255;111;city216;176;224;city194;251;153;city193;322;495;city272;191;201;city218;82;184;city214
141;city241;344;285;city102;98;40;city214;222;132;city189;290;396;city60;464;121;city192;262;77;city126;85;394;city293
131;city284;402;360;city134;180;97;city281;211;63;city277;65;113;city229;205;323;city192;483;98;city202;305;472;city282;422;476;city251;306;9;city129;297;300;city218
168;city216;426;62;city89;104;273;city126;101;345;city119;182;351;city60;430;106;city134;449;289;city152;318;326;city65;200;118;city284;220;16;city226;75;193;city189;341;95;city167;31;371;city57;370;14;city243;499;104;city270;282;29;city111
169;city259;446;353;city128;78;227;city290;40;375;city172;258;86;city239;306;478;city221;68;351;city125;283;251;city245;351;421;city181
168;city216;426;62;city89;104;273;city126;101;345;city119;182;351;city60;430;106;city134;449;289;city152;318;326;city65;200;118;city284;220;16;city226;75;193;city189;341;95;city167;31;371;city57;370;14;city243;499;104;city270;282;29;city111
161;city220;385;433;city64;52;481;city293;464;484;city192;419;347;city143;60;487;city213;404;162;city148;88;76;city281;431;389;city223;73;222;city73;248;169;city287;432;276;city272;220;451;city295;7;206;city265;268;5;city153;146;422;city276;477;463;city93;164;292;city231
132;city131;246;400;city245
138;city255;274;194;city179;277;223;city275;428;488;city207;363;359;city54;368;4;city71;127;335;city74;372;167;city220;45;430;city169;235;237;city178;212;452;city92;96;280;city204;212;5;city113
132;city131;246;400;city245
126;city189;463;67;city250;354;5;city139;138;145;city271;187;195;city205;17;62;city165;359;390;city235;405;99;city74;6;375;city287;367;132;city239;400;358;city291;115;498;city140;34;437;city290;492;141;city265;105;260;city207;36;153;city220;38;444;city157;411;315;city240;397;223;city86
151;city129;15;327;city216;394;317;city53;229;145;city165;158;414;city90;422;494;city125;459;444;city113;337;5;city287
146;city252;83;237;city235;123;139;city103;325;7;city255;327;447;city106;255;111;city216;176;224;city194;251;153;city193;322;495;city272;191;201;city218;82;184;city214
174;city193;256;356;city71;51;397;city272;172;46;city81;202;65;city203;352;458;city221;386;365;city283;349;312;city89;471;223;city197;33;182;city223;298;156;city278;499;22;city178;166;437;city257;435;355;city285;235;66;city261;94;356;city112;55;160;city122;17;220;city248;258;48;city240;276;479;city87
127;city63;192;460;city135;264;81;city156
156;city290;428;364;city243;185;301;city280;248;333;city91;218;111;city99;150;464;city89;33;395;city113;219;57;city293;222;183;city291;59;166;city174;179;203;city285;313;71;city282;247;283;city115;294;488;city98;320;285;city210;465;49;city129;171;357;city296;95;176;city54;473;136;city292;142;441;city245
155;city212;51;339;city201;355;201;city268;235;477;city113;276;178;city100;391;293;city147;314;398;city79;14;245;city137;57;237;city164
169;city259;446;353;city128;78;227;city290;40;375;city172;258;86;city239;306;478;city221;68;351;city125;283;251;city245;351;421;city181
159;city194;359;122;city123;388;184;city292;4;22;city114;183;204;city169;324;361;city185;368;194;city73;167;451;city182
129;city79;272;270;city288;152;12;city184
130;city174;334;64;city229;99;475;city65;242;4598;city140;359;233;city96;143;199;city230;12;463;city106;376;369;city155;442;259;city86;478;4870;city52;12;388;city198;220;419;city116;324;238;city61;48;371;city54;291;43;city193;82;154;city241;447;48;city85;351;27;city67;18;377;city236;83;129;city184
133;city177;266;243;city272;445;296;city145;311;180;city267;122;348;city190
127;city63;192;460;city135;264;81;city156
141;city241;344;285;city102;98;40;city214;222;132;city189;290;396;city60;464;121;city192;262;77;city126;85;394;city293
170;city173;407;362;city271;485;351;city278;251;219;city204;415;268;city130;153;345;city112;491;181;city103;487;295;city242;55;318;city91;10;368;city87;380;349;city282;209;3;city162;360;443;city151
165;city136;202;176;city154;470;195;city193;250;159;city190;328;92;city211;58;4;city141;304;98;city195;425;141;city59;216;348;city265;431;345;city214;268;450;city286;239;254;city76;480;475;city199;490;15;city244;105;121;city201
166;city202;300;20;city117;480;66;city277;315;475;city285
166;city202;300;20;city117;480;66;city277;315;475;city285
140;city214;185;223;city237
135;city265;340;449;city297;145;279;city220;264;454;city153;289;471;city218
132;city131;246;400;city245
171;city86;209;450;city151;236;207;city65;342;398;city269;53;8;city241;226;221;city134;302;140;city291;117;371;city197;459;218;city245;285;341;city142
163;city198;180;347;city91;381;362;city114;346;225;city119;285;77;city177;439;196;city219;233;424;city161;151;169;city217;474;467;city145;168;252;city90
162;city245;152;114;city268;474;474;city177;403;127;city155;99;29;city233;274;281;city153;396;382;city224;96;300;city50;453;441;city251;274;255;city96;10;98;city276;300;340;city54;230;375;city80;426;233;city272;382;16;city112;322;436;city142;292;63;city253;493;476;city187;67;278;city60
162;city245;152;114;city268;474;474;city177;403;127;city155;99;29;city233;274;281;city153;396;382;city224;96;300;city50;453;441;city251;274;255;city96;10;98;city276;300;340;city54;230;375;city80;426;233;city272;382;16;city112;322;436;city142;292;63;city253;493;476;city187;67;278;city60
165;city136;202;176;city154;470;195;city193;250;159;city190;328;92;city211;58;4;city141;304;98;city195;425;141;city59;216;348;city265;431;345;city214;268;450;city286;239;254;city76;480;475;city199;490;15;city244;105;121;city201
168;city216;426;62;city89;104;273;city126;101;345;city119;182;351;city60;430;106;city134;449;289;city152;318;326;city65;200;118;city284;220;16;city226;75;193;city189;341;95;city167;31;371;city57;370;14;city243;499;104;city270;282;29;city111
140;city214;185;223;city237
140;city214;185;223;city237
140;city214;185;223;city237
141;city241;344;285;city102;98;40;city214;222;132;city189;290;396;city60;464;121;city192;262;77;city126;85;394;city293
127;city63;192;460;city135;264;81;city156
137;city263;348;308;city125;147;282;city220;385;91;city102;448;55;city67;310;366;city106;255;447;city168;482;61;city130;373;172;city135
172;city137;482;216;city129;185;403;city298;80;347;city86;266;24;city68;75;223;city266
164;city64;397;382;city112;25;219;city95;234;222;city94;215;393;city248;127;38;city80;174;149;city59;181;409;city252
160;city86;152;9;city210;125;465;city52;41;347;city106;88;86;city298;440;185;city111;51;70;city284;483;265;city234;447;10;city89
129;city79;272;270;city288;152;12;city184
127;city63;192;460;city135;264;81;city156
132;city131;246;400;city245
126;city189;463;67;city250;354;5;city139;138;145;city271;187;195;city205;17;62;city165;359;390;city235;405;99;city74;6;375;city287;367;132;city239;400;358;city291;115;498;city140;34;437;city290;492;141;city265;105;260;city207;36;153;city220;38;444;city157;411;315;city240;397;223;city86
136;city179;78;375;city55;238;330;city236;406;458;city259;489;405;city174;390;213;city57;426;21;city131;14;318;city175;80;107;city253;288;161;city67;26;105;city286;373;468;city159;57;278;city178;351;374;city74;128;396;city269;376;60;city218;86;16;city257;257;70;city200;13;173;city101;267;331;city87
141;city241;344;285;city102;98;40;city214;222;132;city189;290;396;city60;464;121;city192;262;77;city126;85;394;city293
160;city86;152;9;city210;125;465;city52;41;347;city106;88;86;city298;440;185;city111;51;70;city284;483;265;city234;447;10;city89
143;city201;498;17;city80
126;city189;463;67;city250;354;5;city139;138;145;city271;187;195;city205;17;62;city165;359;390;city235;405;99;city74;6;375;city287;367;132;city239;400;358;city291;115;498;city140;34;437;city290;492;141;city265;105;260;city207;36;153;city220;38;444;city157;411;315;city240;397;223;city86
132;city131;246;400;city245
128;city161;161;101;city128;98;459;city66;347;459;city269;258;383;city240;328;488;city185;248;241;city198;333;31;city202;177;13;city114;371;218;city249;23;311;city279;396;439;city147;499;299;city121;436;335;city248;326;327;city98;447;418;city207;430;469;city88;444;424;city296;424;354;city213
147;city257;151;410;city189;225;494;city294;320;60;city254;262;309;city166;491;500;city274;224;198;city118;25;446;city245;453;295;city132;124;226;city282;302;368;city131;274;326;city214;221;127;city91;471;118;city139;494;258;city65;74;170;city263;166;404;city67
167;city167;430;104;city122;344;426;city224;220;426;city288;301;198;city123;216;379;city52;172;44;city212;203;95;city256;113;171;city215;67;292;city200;89;355;city84;300;54;city216;239;457;city241;30;267;city184;316;58;city297;191;497;city152;285;308;city114;236;27;city191;93;202;city158
166;city202;300;20;city117;480;66;city277;315;475;city285
130;city174;334;64;city229;99;475;city65;242;4598;city140;359;233;city96;143;199;city230;12;463;city106;376;369;city155;442;259;city86;478;4870;city52;12;388;city198;220;419;city116;324;238;city61;48;371;city54;291;43;city193;82;154;city241;447;48;city85;351;27;city67;18;377;city236;83;129;city184
131;city284;402;360;city134;180;97;city281;211;63;city277;65;113;city229;205;323;city192;483;98;city202;305;472;city282;422;476;city251;306;9;city129;297;300;city218
155;city212;51;339;city201;355;201;city268;235;477;city113;276;178;city100;391;293;city147;314;398;city79;14;245;city137;57;237;city164
160;city86;152;9;city210;125;465;city52;41;347;city106;88;86;city298;440;185;city111;51;70;city284;483;265;city234;447;10;city89
149;city128;148;305;city88;11;2;city166;222;154;city187;199;373;city202;137;140;city234;489;7;city201;4;323;city73;318;242;city206;85;395;city141;84;198;city296;209;462;city273;163;176;city154;198;271;city58;239;272;city294;262;474;city121;108;346;city122;64;53;city295
130;city174;334;64;city229;99;475;city65;242;4598;city140;359;233;city96;143;199;city230;12;463;city106;376;369;city155;442;259;city86;478;4870;city52;12;388;city198;220;419;city116;324;238;city61;48;371;city54;291;43;city193;82;154;city241;447;48;city85;351;27;city67;18;377;city236;83;129;city184
137;city263;348;308;city125;147;282;city220;385;91;city102;448;55;city67;310;366;city106;255;447;city168;482;61;city130;373;172;city135
159;city194;359;122;city123;388;184;city292;4;22;city114;183;204;city169;324;361;city185;368;194;city73;167;451;city182
133;city177;266;243;city272;445;296;city145;311;180;city267;122;348;city190
134;city90;139;7;city285;115;131;city270;129;177;city196;142;339;city108;29;51;city265;449;17;city139;407;474;city273;397;49;city178;470;435;city296;433;302;city107
143;city201;498;17;city80
128;city161;161;101;city128;98;459;city66;347;459;city269;258;383;city240;328;488;city185;248;241;city198;333;31;city202;177;13;city114;371;218;city249;23;311;city279;396;439;city147;499;299;city121;436;335;city248;326;327;city98;447;418;city207;430;469;city88;444;424;city296;424;354;city213
125;city233;142;359;city232;371;2;city99;160;277;city204;239;73;city190;211;391;city273;10;14;city136;284;33;city149;480;383;city72;68;476;city71;273;65;city95;7;287;city290;247;421;city216;221;225;city260;275;445;city283;10;174;city286;5;123;city195;59;422;city291;23;423;city276;155;154;city241
125;city233;142;359;city232;371;2;city99;160;277;city204;239;73;city190;211;391;city273;10;14;city136;284;33;city149;480;383;city72;68;476;city71;273;65;city95;7;287;city290;247;421;city216;221;225;city260;275;445;city283;10;174;city286;5;123;city195;59;422;city291;23;423;city276;155;154;city241
160;city86;152;9;city210;125;465;city52;41;347;city106;88;86;city298;440;185;city111;51;70;city284;483;265;city234;447;10;city89
171;city86;209;450;city151;236;207;city65;342;398;city269;53;8;city241;226;221;city134;302;140;city291;117;371;city197;459;218;city245;285;341;city142
171;city86;209;450;city151;236;207;city65;342;398;city269;53;8;city241;226;221;city134;302;140;city291;117;371;city197;459;218;city245;285;341;city142
157;city246;84;54;city218;245;58;city198;474;308;city190;143;201;city102;281;169;city163;101;183;city195;471;202;city242;20;172;city176
153;city271;486;83;city261;407;392;city288;254;365;city226;224;42;city264;264;214;city62;130;363;city213
125;city233;142;359;city232;371;2;city99;160;277;city204;239;73;city190;211;391;city273;10;14;city136;284;33;city149;480;383;city72;68;476;city71;273;65;city95;7;287;city290;247;421;city216;221;225;city260;275;445;city283;10;174;city286;5;123;city195;59;422;city291;23;423;city276;155;154;city241
125;city233;142;359;city232;371;2;city99;160;277;city204;239;73;city190;211;391;city273;10;14;city136;284;33;city149;480;383;city72;68;476;city71;273;65;city95;7;287;city290;247;421;city216;221;225;city260;275;445;city283;10;174;city286;5;123;city195;59;422;city291;23;423;city276;155;154;city241
136;city179;78;375;city55;238;330;city236;406;458;city259;489;405;city174;390;213;city57;426;21;city131;14;318;city175;80;107;city253;288;161;city67;26;105;city286;373;468;city159;57;278;city178;351;374;city74;128;396;city269;376;60;city218;86;16;city257;257;70;city200;13;173;city101;267;331;city87
155;city212;51;339;city201;355;201;city268;235;477;city113;276;178;city100;391;293;city147;314;398;city79;14;245;city137;57;237;city164
140;city214;185;223;city237
165;city136;202;176;city154;470;195;city193;250;159;city190;328;92;city211;58;4;city141;304;98;city195;425;141;city59;216;348;city265;431;345;city214;268;450;city286;239;254;city76;480;475;city199;490;15;city244;105;121;city201
166;city202;300;20;city117;480;66;city277;315;475;city285
173;city129;274;158;city95;41;106;city264;103;353;city117;370;384;city200;360;188;city201;31;205;city139;427;264;city295;328;296;city91;269;120;city57;51;228;city283;456;317;city214;312;371;city263;247;407;city192;190;56;city84;100;284;city86;439;349;city166;374;446;city186;485;466;city203
166;city202;300;20;city117;480;66;city277;315;475;city285
125;city233;142;359;city232;371;2;city99;160;277;city204;239;73;city190;211;391;city273;10;14;city136;284;33;city149;480;383;city72;68;476;city71;273;65;city95;7;287;city290;247;421;city216;221;225;city260;275;445;city283;10;174;city286;5;123;city195;59;422;city291;23;423;city276;155;154;city241
170;city173;407;362;city271;485;351;city278;251;219;city204;415;268;city130;153;345;city112;491;181;city103;487;295;city242;55;318;city91;10;368;city87;380;349;city282;209;3;city162;360;443;city151
152;city126;167;282;city142;414;413;city206;94;137;city146;275;394;city219;214;446;city75;91;156;city278;28;332;city137;192;6;city285;366;253;city292;373;340;city130;19;135;city234;473;398;city83;180;151;city138;31;327;city180;14;230;city93;127;461;city260;2;85;city277
159;city194;359;122;city123;388;184;city292;4;22;city114;183;204;city169;324;361;city185;368;194;city73;167;451;city182
173;city129;274;158;city95;41;106;city264;103;353;city117;370;384;city200;360;188;city201;31;205;city139;427;264;city295;328;296;city91;269;120;city57;51;228;city283;456;317;city214;312;371;city263;247;407;city192;190;56;city84;100;284;city86;439;349;city166;374;446;city186;485;466;city203
131;city284;402;360;city134;180;97;city281;211;63;city277;65;113;city229;205;323;city192;483;98;city202;305;472;city282;422;476;city251;306;9;city129;297;300;city218
126;city189;463;67;city250;354;5;city139;138;145;city271;187;195;city205;17;62;city165;359;390;city235;405;99;city74;6;375;city287;367;132;city239;400;358;city291;115;498;city140;34;437;city290;492;141;city265;105;260;city207;36;153;city220;38;444;city157;411;315;city240;397;223;city86
160;city86;152;9;city210;125;465;city52;41;347;city106;88;86;city298;440;185;city111;51;70;city284;483;265;city234;447;10;city89
145;city186;488;30;city191;97;345;city81;273;38;city85;485;478;city285;318;261;city165;216;399;city281;325;314;city62;40;418;city112;497;417;city72;357;221;city207;460;12;city199;498;393;city217
149;city128;148;305;city88;11;2;city166;222;154;city187;199;373;city202;137;140;city234;489;7;city201;4;323;city73;318;242;city206;85;395;city141;84;198;city296;209;462;city273;163;176;city154;198;271;city58;239;272;city294;262;474;city121;108;346;city122;64;53;city295
154;city299;385;168;city272;475;271;city147;184;326;city58;267;482;city187;472;73;city197;345;21;city115;400;123;city89;210;377;city289
146;city252;83;237;city235;123;139;city103;325;7;city255;327;447;city106;255;111;city216;176;224;city194;251;153;city193;322;495;city272;191;201;city218;82;184;city214
172;city137;482;216;city129;185;403;city298;80;347;city86;266;24;city68;75;223;city266
125;city233;142;359;city232;371;2;city99;160;277;city204;239;73;city190;211;391;city273;10;14;city136;284;33;city149;480;383;city72;68;476;city71;273;65;city95;7;287;city290;247;421;city216;221;225;city260;275;445;city283;10;174;city286;5;123;city195;59;422;city291;23;423;city276;155;154;city241
130;city174;334;64;city229;99;475;city65;242;4598;city140;359;233;city96;143;199;city230;12;463;city106;376;369;city155;442;259;city86;478;4870;city52;12;388;city198;220;419;city116;324;238;city61;48;371;city54;291;43;city193;82;154;city241;447;48;city85;351;27;city67;18;377;city236;83;129;city184
149;city128;148;305;city88;11;2;city166;222;154;city187;199;373;city202;137;140;city234;489;7;city201;4;323;city73;318;242;city206;85;395;city141;84;198;city296;209;462;city273;163;176;city154;198;271;city58;239;272;city294;262;474;city121;108;346;city122;64;53;city295
140;city214;185;223;city237
126;city189;463;67;city250;354;5;city139;138;145;city271;187;195;city205;17;62;city165;359;390;city235;405;99;city74;6;375;city287;367;132;city239;400;358;city291;115;498;city140;34;437;city290;492;141;city265;105;260;city207;36;153;city220;38;444;city157;411;315;city240;397;223;city86
139;city139;113;243;city253;156;130;city118;83;202;city55;428;418;city124;342;73;city103;77;436;city113;140;318;city154;193;138;city107;188;279;city239;71;6997;city122;201;152;city249;118;313;city147
156;city290;428;364;city243;185;301;city280;248;333;city91;218;111;city99;150;464;city89;33;395;city113;219;57;city293;222;183;city291;59;166;city174;179;203;city285;313;71;city282;247;283;city115;294;488;city98;320;285;city210;465;49;city129;171;357;city296;95;176;city54;473;136;city292;142;441;city245
166;city202;300;20;city117;480;66;city277;315;475;city285
129;city79;272;270;city288;152;12;city184
131;city284;402;360;city134;180;97;city281;211;63;city277;65;113;city229;205;323;city192;483;98;city202;305;472;city282;422;476;city251;306;9;city129;297;300;city218
159;city194;359;122;city123;388;184;city292;4;22;city114;183;204;city169;324;361;city185;368;194;city73;167;451;city182
143;city201;498;17;city80
136;city179;78;375;city55;238;330;city236;406;458;city259;489;405;city174;390;213;city57;426;21;city131;14;318;city175;80;107;city253;288;161;city67;26;105;city286;373;468;city159;57;278;city178;351;374;city74;128;396;city269;376;60;city218;86;16;city257;257;70;city200;13;173;city101;267;331;city87
142;city106;318;46;city56;204;485;city256;153;268;city191;143;104;city268;270;341;city190;319;413;city298;452;388;city228;130;434;city136;88;64;city219;17;287;city51;338;208;city243;208;98;city158;44;19;city109;64;68;city97;416;476;city141;146;44;city137;66;481;city122
142;city106;318;46;city56;204;485;city256;153;268;city191;143;104;city268;270;341;city190;319;413;city298;452;388;city228;130;434;city136;88;64;city219;17;287;city51;338;208;city243;208;98;city158;44;19;city109;64;68;city97;416;476;city141;146;44;city137;66;481;city122
173;city129;274;158;city95;41;106;city264;103;353;city117;370;384;city200;360;188;city201;31;205;city139;427;264;city295;328;296;city91;269;120;city57;51;228;city283;456;317;city214;312;371;city263;247;407;city192;190;56;city84;100;284;city86;439;349;city166;374;446;city186;485;466;city203
162;city245;152;114;city268;474;474;city177;403;127;city155;99;29;city233;274;281;city153;396;382;city224;96;300;city50;453;441;city251;274;255;city96;10;98;city276;300;340;city54;230;375;city80;426;233;city272;382;16;city112;322;436;city142;292;63;city253;493;476;city187;67;278;city60
150;city170;331;57;city80;30;296;city119;172;471;city256;276;88;city73;18;281;city157;404;227;city196
156;city290;428;364;city243;185;301;city280;248;333;city91;218;111;city99;150;464;city89;33;395;city113;219;57;city293;222;183;city291;59;166;city174;179;203;city285;313;71;city282;247;283;city115;294;488;city98;320;285;city210;465;49;city129;171;357;city296;95;176;city54;473;136;city292;142;441;city245
135;city265;340;449;city297;145;279;city220;264;454;city153;289;471;city218
168;city216;426;62;city89;104;273;city126;101;345;city119;182;351;city60;430;106;city134;449;289;city152;318;326;city65;200;118;city284;220;16;city226;75;193;city189;341;95;city167;31;371;city57;370;14;city243;499;104;city270;282;29;city111
132;city131;246;400;city245
168;city216;426;62;city89;104;273;city126;101;345;city119;182;351;city60;430;106;city134;449;289;city152;318;326;city65;200;118;city284;220;16;city226;75;193;city189;341;95;city167;31;371;city57;370;14;city243;499;104;city270;282;29;city111
126;city189;463;67;city250;354;5;city139;138;145;city271;187;195;city205;17;62;city165;359;390;city235;405;99;city74;6;375;city287;367;132;city239;400;358;city291;115;498;city140;34;437;city290;492;141;city265;105;260;city207;36;153;city220;38;444;city157;411;315;city240;397;223;city86
143;city201;498;17;city80
149;city128;148;305;city88;11;2;city166;222;154;city187;199;373;city202;137;140;city234;489;7;city201;4;323;city73;318;242;city206;85;395;city141;84;198;city296;209;462;city273;163;176;city154;198;271;city58;239;272;city294;262;474;city121;108;346;city122;64;53;city295
143;city201;498;17;city80
170;city173;407;362;city271;485;351;city278;251;219;city204;415;268;city130;153;345;city112;491;181;city103;487;295;city242;55;318;city91;10;368;city87;380;349;city282;209;3;city162;360;443;city151
165;city136;202;176;city154;470;195;city193;250;159;city190;328;92;city211;58;4;city141;304;98;city195;425;141;city59;216;348;city265;431;345;city214;268;450;city286;239;254;city76;480;475;city199;490;15;city244;105;121;city201
135;city265;340;449;city297;145;279;city220;264;454;city153;289;471;city218
126;city189;463;67;city250;354;5;city139;138;145;city271;187;195;city205;17;62;city165;359;390;city235;405;99;city74;6;375;city287;367;132;city239;400;358;city291;115;498;city140;34;437;city290;492;141;city265;105;260;city207;36;153;city220;38;444;city157;411;315;city240;397;223;city86
140;city214;185;223;city237
164;city64;397;382;city112;25;219;city95;234;222;city94;215;393;city248;127;38;city80;174;149;city59;181;409;city252
126;city189;463;67;city250;354;5;city139;138;145;city271;187;195;city205;17;62;city165;359;390;city235;405;99;city74;6;375;city287;367;132;city239;400;358;city291;115;498;city140;34;437;city290;492;141;city265;105;260;city207;36;153;city220;38;444;city157;411;315;city240;397;223;city86
167;city167;430;104;city122;344;426;city224;220;426;city288;301;198;city123;216;379;city52;172;44;city212;203;95;city256;113;171;city215;67;292;city200;89;355;city84;300;54;city216;239;457;city241;30;267;city184;316;58;city297;191;497;city152;285;308;city114;236;27;city191;93;202;city158
162;city245;152;114;city268;474;474;city177;403;127;city155;99;29;city233;274;281;city153;396;382;city224;96;300;city50;453;441;city251;274;255;city96;10;98;city276;300;340;city54;230;375;city80;426;233;city272;382;16;city112;322;436;city142;292;63;city253;493;476;city187;67;278;city60
166;city202;300;20;city117;480;66;city277;315;475;city285
135;city265;340;449;city297;145;279;city220;264;454;city153;289;471;city218
157;city246;84;54;city218;245;58;city198;474;308;city190;143;201;city102;281;169;city163;101;183;city195;471;202;city242;20;172;city176
158;city260;295;275;city295;417;270;city275;217;353;city250;362;243;city78;360;397;city76;394;205;city208;248;81;city252;91;7;city254;50;275;city282
136;city179;78;375;city55;238;330;city236;406;458;city259;489;405;city174;390;213;city57;426;21;city131;14;318;city175;80;107;city253;288;161;city67;26;105;city286;373;468;city159;57;278;city178;351;374;city74;128;396;city269;376;60;city218;86;16;city257;257;70;city200;13;173;city101;267;331;city87
165;city136;202;176;city154;470;195;city193;250;159;city190;328;92;city211;58;4;city141;304;98;city195;425;141;city59;216;348;city265;431;345;city214;268;450;city286;239;254;city76;480;475;city199;490;15;city244;105;121;city201
169;city259;446;353;city128;78;227;city290;40;375;city172;258;86;city239;306;478;city221;68;351;city125;283;251;city245;351;421;city181
134;city90;139;7;city285;115;131;city270;129;177;city196;142;339;city108;29;51;city265;449;17;city139;407;474;city273;397;49;city178;470;435;city296;433;302;city107
145;city186;488;30;city191;97;345;city81;273;38;city85;485;478;city285;318;261;city165;216;399;city281;325;314;city62;40;418;city112;497;417;city72;357;221;city207;460;12;city199;498;393;city217
137;city263;348;308;city125;147;282;city220;385;91;city102;448;55;city67;310;366;city106;255;447;city168;482;61;city130;373;172;city135
145;city186;488;30;city191;97;345;city81;273;38;city85;485;478;city285;318;261;city165;216;399;city281;325;314;city62;40;418;city112;497;417;city72;357;221;city207;460;12;city199;498;393;city217
129;city79;272;270;city288;152;12;city184
154;city299;385;168;city272;475;271;city147;184;326;city58;267;482;city187;472;73;city197;345;21;city115;400;123;city89;210;377;city289
150;city170;331;57;city80;30;296;city119;172;471;city256;276;88;city73;18;281;city157;404;227;city196
144;city165;168;33;city257;222;193;city255;366;275;city128;76;293;city243;361;176;city154;475;196;city198;349;67;city241;306;463;city150;150;376;city156;68;389;city205;331;386;city117;106;495;city68;150;493;city291;217;156;city233;146;358;city76;355;171;city193;130;66;city202;264;153;city195;315;324;city189
167;city167;430;104;city122;344;426;city224;220;426;city288;301;198;city123;216;379;city52;172;44;city212;203;95;city256;113;171;city215;67;292;city200;89;355;city84;300;54;city216;239;457;city241;30;267;city184;316;58;city297;191;497;city152;285;308;city114;236;27;city191;93;202;city158
160;city86;152;9;city210;125;465;city52;41;347;city106;88;86;city298;440;185;city111;51;70;city284;483;265;city234;447;10;city89
130;city174;334;64;city229;99;475;city65;242;4598;city140;359;233;city96;143;199;city230;12;463;city106;376;369;city155;442;259;city86;478;4870;city52;12;388;city198;220;419;city116;324;238;city61;48;371;city54;291;43;city193;82;154;city241;447;48;city85;351;27;city67;18;377;city236;83;129;city184
148;city211;153;399;city163;133;146;city82;363;50;city114;177;213;city216;94;104;city51;329;335;city223;480;424;city157;487;190;city294;367;149;city123;448;2;city283
145;city186;488;30;city191;97;345;city81;273;38;city85;485;478;city285;318;261;city165;216;399;city281;325;314;city62;40;418;city112;497;417;city72;357;221;city207;460;12;city199;498;393;city217
141;city241;344;285;city102;98;40;city214;222;132;city189;290;396;city60;464;121;city192;262;77;city126;85;394;city293
127;city63;192;460;city135;264;81;city156
160;city86;152;9;city210;125;465;city52;41;347;city106;88;86;city298;440;185;city111;51;70;city284;483;265;city234;447;10;city89
152;city126;167;282;city142;414;413;city206;94;137;city146;275;394;city219;214;446;city75;91;156;city278;28;332;city137;192;6;city285;366;253;city292;373;340;city130;19;135;city234;473;398;city83;180;151;city138;31;327;city180;14;230;city93;127;461;city260;2;85;city277
169;city259;446;353;city128;78;227;city290;40;375;city172;258;86;city239;306;478;city221;68;351;city125;283;251;city245;351;421;city181
150;city170;331;57;city80;30;296;city119;172;471;city256;276;88;city73;18;281;city157;404;227;city196
146;city252;83;237;city235;123;139;city103;325;7;city255;327;447;city106;255;111;city216;176;224;city194;251;153;city193;322;495;city272;191;201;city218;82;1955;city214
156;city290;428;364;city243;185;301;city280;248;333;city91;218;111;city99;150;464;city89;33;395;city113;219;57;city293;222;183;city291;59;166;city174;179;203;city285;313;71;city282;247;283;city115;294;488;city98;320;285;city210;465;49;city129;171;357;city296;95;176;city54;473;136;city292;142;441;city245
169;city259;446;353;city128;78;227;city290;40;375;city172;258;86;city239;306;478;city221;68;351;city125;283;251;city245;351;421;city181
155;city212;51;339;city201;355;201;city268;235;477;city113;276;178;city100;391;293;city147;314;398;city79;14;245;city137;57;237;city164
150;city170;331;57;city80;30;296;city119;172;471;city256;276;88;city73;18;281;city157;404;227;city196
143;city201;498;17;city80
134;city90;139;7;city285;115;131;city270;129;177;city196;142;339;city108;29;51;city265;449;17;city139;407;474;city273;397;49;city178;470;435;city296;433;302;city107
166;city202;300;20;city117;480;66;city277;315;475;city285
148;city211;153;399;city163;133;146;city82;363;50;city114;177;213;city216;94;104;city51;329;335;city223;480;424;city157;487;190;city294;367;149;city123;448;2;city283
132;city131;246;400;city245
