ERROR 4
ERROR 5
ERROR 8
ERROR 11
ERROR 12
ERROR 14
ERROR 21
ERROR 24
ERROR 34
ERROR 37
ERROR 38
ERROR 39
ERROR 41
ERROR 42
ERROR 45
ERROR 47
ERROR 57
ERROR 63
ERROR 65
ERROR 66
ERROR 69
ERROR 72
ERROR 74
ERROR 83
ERROR 85
ERROR 87
ERROR 89
ERROR 98
ERROR 101
ERROR 105
ERROR 107
ERROR 108
ERROR 109
ERROR 110
ERROR 112
ERROR 118
ERROR 127
ERROR 130
ERROR 131
ERROR 137
ERROR 139
ERROR 142
ERROR 143
ERROR 146
ERROR 150
ERROR 156
ERROR 160
ERROR 161
ERROR 164
ERROR 165
ERROR 167
ERROR 169
ERROR 170
ERROR 172
ERROR 176
ERROR 177
ERROR 178
ERROR 182
ERROR 184
ERROR 185
ERROR 188
ERROR 189
ERROR 193
ERROR 194
ERROR 197
ERROR 198
ERROR 200
ERROR 201
ERROR 202
ERROR 204
ERROR 208
ERROR 212
ERROR 214
ERROR 217
ERROR 219
ERROR 221
ERROR 222
ERROR 223
ERROR 225
ERROR 227
ERROR 228
ERROR 229
ERROR 230
ERROR 231
ERROR 232
ERROR 233
ERROR 234
ERROR 235
ERROR 241
ERROR 242
ERROR 248
ERROR 250
ERROR 251
ERROR 252
ERROR 253
ERROR 258
ERROR 259
ERROR 263
ERROR 267
ERROR 268
ERROR 271
ERROR 275
ERROR 276
ERROR 280
ERROR 286
ERROR 287
ERROR 290
ERROR 295
ERROR 297
ERROR 298
ERROR 299
ERROR 302
ERROR 303
ERROR 306
ERROR 307
ERROR 310
ERROR 311
ERROR 314
ERROR 315
ERROR 317
ERROR 321
ERROR 324
ERROR 326
ERROR 327
ERROR 329
ERROR 330
ERROR 332
ERROR 334
ERROR 335
ERROR 336
ERROR 337
ERROR 340
ERROR 341
ERROR 345
ERROR 346
ERROR 348
ERROR 352
ERROR 357
ERROR 359
ERROR 360
ERROR 363
ERROR 365
ERROR 367
ERROR 369
ERROR 371
ERROR 372
ERROR 373
ERROR 374
ERROR 376
ERROR 377
ERROR 378
ERROR 379
ERROR 381
ERROR 386
ERROR 390
ERROR 392
ERROR 397
ERROR 398
ERROR 400
ERROR 401
ERROR 403
ERROR 404
ERROR 406
ERROR 407
ERROR 409
ERROR 416
ERROR 418
ERROR 419
ERROR 421
ERROR 423
ERROR 428
ERROR 429
ERROR 430
ERROR 433
ERROR 434
ERROR 436
ERROR 437
ERROR 439
ERROR 442
ERROR 443
ERROR 444
ERROR 447
ERROR 453
ERROR 455
ERROR 456
ERROR 460
ERROR 461
ERROR 464
ERROR 466
ERROR 467
ERROR 470
ERROR 472
ERROR 473
ERROR 475
ERROR 476
ERROR 477
ERROR 482
ERROR 484
ERROR 485
ERROR 487
ERROR 490
ERROR 492
ERROR 494
ERROR 496
ERROR 498
ERROR 503
ERROR 504
ERROR 505
ERROR 508
ERROR 509
ERROR 510
ERROR 512
ERROR 514
ERROR 517
ERROR 518
ERROR 522
ERROR 525
ERROR 526
ERROR 527
ERROR 528
ERROR 531
ERROR 535
ERROR 537
ERROR 539
ERROR 541
ERROR 542
ERROR 543
ERROR 544
ERROR 546
ERROR 548
ERROR 549
ERROR 551
ERROR 553
ERROR 554
ERROR 559
ERROR 560
ERROR 563
ERROR 565
ERROR 566
ERROR 570
ERROR 574
ERROR 575
ERROR 576
ERROR 577
ERROR 580
ERROR 581
ERROR 584
ERROR 585
ERROR 586
ERROR 590
ERROR 591
ERROR 593
ERROR 594
ERROR 595
ERROR 598
ERROR 600
ERROR 602
ERROR 603
ERROR 605
ERROR 608
ERROR 611
ERROR 612
ERROR 614
ERROR 617
ERROR 618
ERROR 619
ERROR 620
ERROR 625
ERROR 626
ERROR 628
ERROR 633
ERROR 635
ERROR 637
ERROR 639
ERROR 640
ERROR 641
ERROR 642
ERROR 646
ERROR 648
ERROR 653
ERROR 656
ERROR 657
ERROR 660
ERROR 661
ERROR 664
ERROR 666
ERROR 668
ERROR 669
ERROR 672
ERROR 674
ERROR 675
ERROR 676
ERROR 677
ERROR 678
ERROR 681
ERROR 684
ERROR 685
ERROR 686
ERROR 687
ERROR 690
ERROR 691
ERROR 692
ERROR 697
ERROR 698
ERROR 699
ERROR 700
ERROR 702
ERROR 704
ERROR 706
ERROR 708
ERROR 710
ERROR 711
ERROR 715
ERROR 716
ERROR 717
ERROR 720
ERROR 721
ERROR 722
ERROR 723
ERROR 724
ERROR 725
ERROR 726
ERROR 727
ERROR 729
ERROR 730
ERROR 731
ERROR 732
ERROR 734
ERROR 736
ERROR 738
ERROR 740
ERROR 741
ERROR 742
ERROR 743
ERROR 747
ERROR 748
ERROR 749
ERROR 750
ERROR 751
ERROR 752
ERROR 754
ERROR 756
ERROR 757
ERROR 758
ERROR 759
ERROR 765
ERROR 770
ERROR 773
ERROR 779
ERROR 781
ERROR 782
ERROR 783
ERROR 784
ERROR 785
ERROR 786
ERROR 787
ERROR 788
ERROR 789
ERROR 792
ERROR 793
ERROR 795
ERROR 796
ERROR 797
ERROR 799
ERROR 802
ERROR 803
ERROR 805
ERROR 809
ERROR 810
ERROR 812
ERROR 814
ERROR 816
ERROR 817
ERROR 819
ERROR 820
ERROR 825
ERROR 826
ERROR 827
ERROR 828
ERROR 831
ERROR 834
ERROR 835
ERROR 836
ERROR 839
ERROR 842
ERROR 843
ERROR 845
ERROR 846
ERROR 847
ERROR 856
ERROR 857
ERROR 858
ERROR 859
ERROR 861
ERROR 863
ERROR 866
ERROR 867
ERROR 870
ERROR 871
ERROR 872
ERROR 873
ERROR 875
ERROR 876
ERROR 877
ERROR 880
ERROR 881
ERROR 882
ERROR 883
ERROR 884
ERROR 885
ERROR 888
ERROR 893
ERROR 894
ERROR 896
ERROR 897
ERROR 903
ERROR 905
ERROR 906
ERROR 908
ERROR 909
ERROR 911
ERROR 915
ERROR 916
ERROR 920
ERROR 921
ERROR 924
ERROR 925
ERROR 926
ERROR 928
ERROR 929
ERROR 931
ERROR 936
ERROR 939
ERROR 940
ERROR 943
ERROR 946
ERROR 947
ERROR 950
ERROR 951
ERROR 955
ERROR 956
ERROR 958
ERROR 959
ERROR 961
ERROR 962
ERROR 966
ERROR 968
ERROR 969
ERROR 970
ERROR 972
ERROR 973
ERROR 974
ERROR 976
ERROR 977
ERROR 979
ERROR 981
ERROR 984
ERROR 989
ERROR 1003
ERROR 1006
ERROR 1011
ERROR 1012
ERROR 1014
ERROR 1018
ERROR 1019
ERROR 1020
ERROR 1022
ERROR 1025
ERROR 1027
ERROR 1030
ERROR 1031
ERROR 1032
ERROR 1034
ERROR 1036
ERROR 1037
ERROR 1038
ERROR 1040
ERROR 1041
ERROR 1042
ERROR 1043
ERROR 1045
ERROR 1048
ERROR 1052
ERROR 1053
ERROR 1056
ERROR 1059
ERROR 1061
ERROR 1062
ERROR 1063
ERROR 1064
ERROR 1065
ERROR 1067
ERROR 1068
ERROR 1069
ERROR 1071
ERROR 1073
ERROR 1074
ERROR 1075
ERROR 1081
ERROR 1084
ERROR 1087
ERROR 1089
ERROR 1090
ERROR 1091
ERROR 1093
ERROR 1094
ERROR 1097
ERROR 1099
ERROR 1100
ERROR 1102
ERROR 1104
ERROR 1106
ERROR 1107
ERROR 1108
ERROR 1109
ERROR 1113
ERROR 1114
ERROR 1116
ERROR 1117
ERROR 1119
ERROR 1121
ERROR 1123
ERROR 1128
ERROR 1129
ERROR 1131
ERROR 1132
ERROR 1134
ERROR 1135
ERROR 1138
ERROR 1139
ERROR 1140
ERROR 1142
ERROR 1144
ERROR 1145
ERROR 1146
ERROR 1149
ERROR 1151
ERROR 1152
ERROR 1153
ERROR 1154
ERROR 1156
ERROR 1157
ERROR 1159
ERROR 1160
ERROR 1161
ERROR 1163
ERROR 1164
ERROR 1166
ERROR 1167
ERROR 1168
ERROR 1169
ERROR 1171
ERROR 1172
