ERROR 7
ERROR 10
ERROR 11
ERROR 17
ERROR 27
ERROR 31
ERROR 40
ERROR 41
ERROR 42
ERROR 43
ERROR 44
ERROR 51
ERROR 52
ERROR 63
ERROR 66
ERROR 67
ERROR 76
ERROR 78
ERROR 79
ERROR 83
ERROR 84
ERROR 87
ERROR 90
ERROR 93
ERROR 96
ERROR 97
ERROR 99
ERROR 101
ERROR 104
ERROR 105
ERROR 110
ERROR 112
ERROR 116
ERROR 119
ERROR 122
ERROR 124
ERROR 125
ERROR 126
ERROR 127
ERROR 128
ERROR 130
ERROR 131
ERROR 138
ERROR 140
ERROR 141
ERROR 144
ERROR 149
ERROR 156
ERROR 161
ERROR 167
ERROR 170
ERROR 171
ERROR 172
ERROR 177
ERROR 178
ERROR 179
ERROR 181
ERROR 186
ERROR 187
ERROR 191
ERROR 198
ERROR 200
ERROR 202
ERROR 205
ERROR 206
ERROR 207
ERROR 210
ERROR 211
ERROR 213
ERROR 214
ERROR 218
ERROR 219
ERROR 220
ERROR 225
ERROR 226
ERROR 227
ERROR 228
ERROR 229
ERROR 230
ERROR 231
ERROR 238
ERROR 246
ERROR 247
ERROR 251
ERROR 252
ERROR 257
ERROR 259
ERROR 260
ERROR 263
ERROR 265
ERROR 267
ERROR 268
ERROR 270
ERROR 273
ERROR 274
ERROR 278
ERROR 280
ERROR 282
ERROR 283
ERROR 284
ERROR 290
ERROR 291
ERROR 293
ERROR 294
ERROR 296
ERROR 298
ERROR 302
ERROR 304
ERROR 305
ERROR 306
ERROR 309
ERROR 312
ERROR 314
ERROR 317
ERROR 320
ERROR 322
ERROR 323
ERROR 325
ERROR 331
ERROR 333
ERROR 334
ERROR 335
ERROR 345
ERROR 346
ERROR 347
ERROR 350
ERROR 354
ERROR 355
ERROR 356
ERROR 357
ERROR 358
ERROR 362
ERROR 363
ERROR 365
ERROR 368
ERROR 369
ERROR 371
ERROR 373
ERROR 376
ERROR 377
ERROR 378
ERROR 379
ERROR 380
ERROR 382
ERROR 384
ERROR 388
ERROR 389
ERROR 391
ERROR 394
ERROR 397
ERROR 401
ERROR 402
ERROR 407
ERROR 410
ERROR 413
ERROR 415
ERROR 416
ERROR 423
ERROR 425
ERROR 428
ERROR 430
ERROR 431
ERROR 433
ERROR 434
ERROR 436
ERROR 438
ERROR 439
ERROR 440
ERROR 441
ERROR 446
ERROR 447
ERROR 449
ERROR 452
ERROR 454
ERROR 457
ERROR 459
ERROR 462
ERROR 463
ERROR 465
ERROR 466
ERROR 467
ERROR 471
ERROR 472
ERROR 478
ERROR 479
ERROR 480
ERROR 481
ERROR 482
ERROR 484
ERROR 486
ERROR 488
ERROR 491
ERROR 494
ERROR 496
ERROR 498
ERROR 499
ERROR 504
ERROR 506
ERROR 507
ERROR 511
ERROR 513
ERROR 514
ERROR 515
ERROR 520
ERROR 524
ERROR 526
ERROR 528
ERROR 529
ERROR 530
ERROR 531
ERROR 532
ERROR 547
ERROR 548
ERROR 550
ERROR 552
ERROR 553
ERROR 557
ERROR 560
ERROR 561
ERROR 562
ERROR 563
ERROR 564
ERROR 569
ERROR 571
ERROR 572
ERROR 573
ERROR 574
ERROR 578
ERROR 584
ERROR 585
ERROR 591
ERROR 592
ERROR 593
ERROR 594
ERROR 597
ERROR 598
ERROR 600
ERROR 601
ERROR 602
ERROR 604
ERROR 606
ERROR 607
ERROR 609
ERROR 612
ERROR 613
ERROR 614
ERROR 618
ERROR 621
ERROR 622
ERROR 624
ERROR 627
ERROR 634
ERROR 635
ERROR 638
ERROR 640
ERROR 643
ERROR 645
ERROR 647
ERROR 649
ERROR 651
ERROR 652
ERROR 653
ERROR 654
ERROR 658
ERROR 661
ERROR 662
ERROR 664
ERROR 665
ERROR 666
ERROR 672
ERROR 673
ERROR 674
ERROR 676
ERROR 677
ERROR 679
ERROR 682
ERROR 683
ERROR 684
ERROR 686
ERROR 691
ERROR 696
ERROR 697
ERROR 699
ERROR 701
ERROR 702
ERROR 704
ERROR 708
ERROR 710
ERROR 712
ERROR 714
ERROR 715
ERROR 716
ERROR 717
ERROR 719
ERROR 722
ERROR 724
ERROR 725
ERROR 729
ERROR 730
ERROR 732
ERROR 734
ERROR 736
ERROR 737
ERROR 739
ERROR 740
ERROR 742
ERROR 744
ERROR 747
ERROR 750
ERROR 751
ERROR 752
ERROR 753
ERROR 757
ERROR 761
ERROR 768
ERROR 771
ERROR 772
ERROR 775
ERROR 780
ERROR 785
ERROR 789
ERROR 790
ERROR 791
ERROR 792
ERROR 793
ERROR 794
ERROR 796
ERROR 797
ERROR 799
ERROR 801
ERROR 803
ERROR 806
ERROR 808
ERROR 809
ERROR 810
ERROR 812
ERROR 813
ERROR 818
ERROR 819
ERROR 822
ERROR 826
ERROR 827
ERROR 828
ERROR 834
ERROR 835
ERROR 836
ERROR 838
ERROR 839
ERROR 840
ERROR 841
ERROR 842
ERROR 844
ERROR 848
ERROR 849
ERROR 850
ERROR 851
ERROR 855
ERROR 856
ERROR 860
ERROR 861
ERROR 862
ERROR 863
ERROR 864
ERROR 867
ERROR 868
ERROR 869
ERROR 870
ERROR 872
ERROR 873
ERROR 874
ERROR 876
ERROR 877
ERROR 884
ERROR 885
ERROR 891
ERROR 894
ERROR 895
ERROR 899
ERROR 902
ERROR 905
ERROR 906
ERROR 908
ERROR 910
ERROR 912
ERROR 914
ERROR 917
ERROR 918
ERROR 919
ERROR 921
ERROR 928
ERROR 931
ERROR 932
ERROR 934
ERROR 935
ERROR 937
ERROR 939
ERROR 942
ERROR 946
ERROR 949
ERROR 950
ERROR 953
ERROR 954
ERROR 955
ERROR 956
ERROR 957
ERROR 959
ERROR 961
ERROR 964
ERROR 965
ERROR 967
ERROR 970
ERROR 973
ERROR 974
ERROR 975
ERROR 976
ERROR 977
ERROR 978
ERROR 979
ERROR 980
ERROR 983
ERROR 986
ERROR 989
ERROR 990
ERROR 994
ERROR 996
ERROR 997
ERROR 999
ERROR 1004
ERROR 1005
ERROR 1009
ERROR 1010
ERROR 1015
ERROR 1016
ERROR 1019
ERROR 1020
ERROR 1021
ERROR 1023
ERROR 1024
ERROR 1030
ERROR 1031
ERROR 1033
ERROR 1034
ERROR 1035
ERROR 1036
ERROR 1037
ERROR 1038
ERROR 1041
ERROR 1046
ERROR 1047
ERROR 1048
ERROR 1049
ERROR 1052
ERROR 1053
ERROR 1055
ERROR 1056
ERROR 1058
ERROR 1062
ERROR 1065
ERROR 1068
ERROR 1069
ERROR 1073
ERROR 1077
ERROR 1078
ERROR 1080
ERROR 1081
ERROR 1083
ERROR 1085
ERROR 1086
ERROR 1090
ERROR 1091
ERROR 1093
ERROR 1094
ERROR 1098
ERROR 1099
ERROR 1100
ERROR 1101
ERROR 1103
ERROR 1104
ERROR 1111
ERROR 1113
ERROR 1115
ERROR 1117
ERROR 1120
ERROR 1121
ERROR 1125
ERROR 1126
ERROR 1127
ERROR 1130
ERROR 1131
ERROR 1134
ERROR 1135
ERROR 1136
ERROR 1138
ERROR 1141
ERROR 1142
ERROR 1146
ERROR 1147
ERROR 1149
ERROR 1153
