ERROR 10
ERROR 11
ERROR 12
ERROR 14
ERROR 16
ERROR 17
ERROR 19
ERROR 24
ERROR 30
ERROR 34
ERROR 36
ERROR 37
ERROR 39
ERROR 40
ERROR 41
ERROR 45
ERROR 47
ERROR 49
ERROR 52
ERROR 53
ERROR 55
ERROR 61
ERROR 62
ERROR 64
ERROR 71
ERROR 72
ERROR 75
ERROR 81
ERROR 83
ERROR 85
ERROR 89
ERROR 91
ERROR 93
ERROR 95
ERROR 97
ERROR 99
ERROR 105
ERROR 110
ERROR 115
ERROR 116
ERROR 117
ERROR 118
ERROR 122
ERROR 123
ERROR 124
ERROR 129
ERROR 132
ERROR 134
ERROR 136
ERROR 137
ERROR 139
ERROR 140
ERROR 141
ERROR 143
ERROR 145
ERROR 148
ERROR 149
ERROR 152
ERROR 154
ERROR 156
ERROR 165
ERROR 166
ERROR 167
ERROR 168
ERROR 169
ERROR 170
ERROR 171
ERROR 172
ERROR 173
ERROR 176
ERROR 178
ERROR 181
ERROR 188
ERROR 190
ERROR 191
ERROR 192
ERROR 194
ERROR 195
ERROR 196
ERROR 197
ERROR 201
ERROR 202
ERROR 203
ERROR 207
ERROR 208
ERROR 210
ERROR 214
ERROR 216
ERROR 218
ERROR 219
ERROR 220
ERROR 222
ERROR 225
ERROR 234
ERROR 235
ERROR 236
ERROR 237
ERROR 238
ERROR 239
ERROR 241
ERROR 242
ERROR 244
ERROR 245
ERROR 246
ERROR 247
ERROR 248
ERROR 249
ERROR 253
ERROR 259
ERROR 262
ERROR 263
ERROR 269
ERROR 271
ERROR 273
ERROR 275
ERROR 277
ERROR 278
ERROR 279
ERROR 280
ERROR 281
ERROR 282
ERROR 292
ERROR 293
ERROR 294
ERROR 300
ERROR 301
ERROR 302
ERROR 304
ERROR 305
ERROR 306
ERROR 310
ERROR 311
ERROR 312
ERROR 314
ERROR 317
ERROR 323
ERROR 324
ERROR 325
ERROR 326
ERROR 327
ERROR 334
ERROR 336
ERROR 338
ERROR 340
ERROR 341
ERROR 343
ERROR 347
ERROR 348
ERROR 351
ERROR 352
ERROR 353
ERROR 354
ERROR 358
ERROR 360
ERROR 361
ERROR 362
ERROR 363
ERROR 365
ERROR 366
ERROR 369
ERROR 372
ERROR 374
ERROR 375
ERROR 378
ERROR 379
ERROR 384
ERROR 386
ERROR 389
ERROR 390
ERROR 391
ERROR 393
ERROR 395
ERROR 397
ERROR 398
ERROR 399
ERROR 405
ERROR 409
ERROR 411
ERROR 414
ERROR 415
ERROR 417
ERROR 418
ERROR 419
ERROR 420
ERROR 422
ERROR 423
ERROR 429
ERROR 432
ERROR 437
ERROR 438
ERROR 439
ERROR 441
ERROR 442
ERROR 443
ERROR 445
ERROR 449
ERROR 452
ERROR 456
ERROR 457
ERROR 461
ERROR 463
ERROR 466
ERROR 467
ERROR 469
ERROR 471
ERROR 472
ERROR 475
ERROR 477
ERROR 480
ERROR 484
ERROR 485
ERROR 487
ERROR 488
ERROR 491
ERROR 494
ERROR 496
ERROR 501
ERROR 502
ERROR 503
ERROR 505
ERROR 513
ERROR 515
ERROR 516
ERROR 517
ERROR 518
ERROR 520
ERROR 521
ERROR 522
ERROR 523
ERROR 525
ERROR 526
ERROR 530
ERROR 532
ERROR 533
ERROR 534
ERROR 536
ERROR 537
ERROR 538
ERROR 539
ERROR 550
ERROR 551
ERROR 552
ERROR 553
ERROR 555
ERROR 556
ERROR 560
ERROR 562
ERROR 564
ERROR 565
ERROR 566
ERROR 567
ERROR 570
ERROR 571
ERROR 573
ERROR 574
ERROR 575
ERROR 580
ERROR 581
ERROR 584
ERROR 586
ERROR 590
ERROR 591
ERROR 593
ERROR 596
ERROR 597
ERROR 598
ERROR 599
ERROR 600
ERROR 601
ERROR 602
ERROR 603
ERROR 605
ERROR 607
ERROR 609
ERROR 611
ERROR 613
ERROR 615
ERROR 616
ERROR 617
ERROR 619
ERROR 620
ERROR 624
ERROR 625
ERROR 627
ERROR 628
ERROR 631
ERROR 635
ERROR 636
ERROR 637
ERROR 644
ERROR 646
ERROR 647
ERROR 651
ERROR 652
ERROR 653
ERROR 654
ERROR 655
ERROR 656
ERROR 657
ERROR 659
ERROR 661
ERROR 665
ERROR 666
ERROR 668
ERROR 671
ERROR 672
ERROR 677
ERROR 679
ERROR 681
ERROR 682
ERROR 684
ERROR 686
ERROR 688
ERROR 690
ERROR 692
ERROR 695
ERROR 697
ERROR 699
ERROR 700
ERROR 704
ERROR 705
ERROR 706
ERROR 707
ERROR 708
ERROR 713
ERROR 715
ERROR 716
ERROR 717
ERROR 719
ERROR 721
ERROR 723
ERROR 727
ERROR 732
ERROR 734
ERROR 736
ERROR 743
ERROR 746
ERROR 747
ERROR 748
ERROR 752
ERROR 756
ERROR 757
ERROR 758
ERROR 759
ERROR 761
ERROR 762
ERROR 763
ERROR 765
ERROR 766
ERROR 768
ERROR 769
ERROR 770
ERROR 774
ERROR 780
ERROR 782
ERROR 784
ERROR 787
ERROR 791
ERROR 795
ERROR 798
ERROR 800
ERROR 804
ERROR 805
ERROR 807
ERROR 808
ERROR 809
ERROR 810
ERROR 813
ERROR 814
ERROR 816
ERROR 818
ERROR 822
ERROR 823
ERROR 824
ERROR 825
ERROR 831
ERROR 832
ERROR 833
ERROR 836
ERROR 837
ERROR 838
ERROR 839
ERROR 841
ERROR 842
ERROR 843
ERROR 846
ERROR 847
ERROR 848
ERROR 850
ERROR 852
ERROR 857
ERROR 859
ERROR 860
ERROR 865
ERROR 868
ERROR 869
ERROR 877
ERROR 878
ERROR 879
ERROR 880
ERROR 881
ERROR 883
ERROR 884
ERROR 888
ERROR 890
ERROR 891
ERROR 893
ERROR 894
ERROR 895
ERROR 896
ERROR 897
ERROR 898
ERROR 899
ERROR 900
ERROR 907
ERROR 908
ERROR 913
ERROR 914
ERROR 915
ERROR 917
ERROR 919
ERROR 921
ERROR 923
ERROR 924
ERROR 925
ERROR 926
ERROR 930
ERROR 935
ERROR 938
ERROR 939
ERROR 941
ERROR 943
ERROR 944
ERROR 946
ERROR 948
ERROR 949
ERROR 950
ERROR 953
ERROR 954
ERROR 955
ERROR 956
ERROR 957
ERROR 960
ERROR 961
ERROR 963
ERROR 964
ERROR 965
ERROR 966
ERROR 968
ERROR 969
ERROR 970
ERROR 971
ERROR 974
ERROR 975
ERROR 976
ERROR 979
ERROR 983
ERROR 984
ERROR 985
ERROR 990
ERROR 991
ERROR 993
ERROR 997
ERROR 999
ERROR 1002
ERROR 1004
ERROR 1006
ERROR 1007
ERROR 1011
ERROR 1012
ERROR 1013
ERROR 1014
ERROR 1015
ERROR 1016
ERROR 1017
ERROR 1023
ERROR 1025
ERROR 1026
ERROR 1027
ERROR 1028
ERROR 1034
ERROR 1036
ERROR 1038
ERROR 1039
ERROR 1040
ERROR 1043
ERROR 1045
ERROR 1046
ERROR 1048
ERROR 1050
ERROR 1053
ERROR 1055
ERROR 1059
ERROR 1062
ERROR 1063
ERROR 1064
ERROR 1066
ERROR 1067
ERROR 1068
ERROR 1074
ERROR 1077
ERROR 1078
ERROR 1079
ERROR 1080
ERROR 1083
ERROR 1087
ERROR 1089
ERROR 1092
