








139;city276;257;301;city298;109;382;city63;307;101;city267;42;3;city88;230;411;city83;471;114;city185;86;230;city81;13;148;city246;258;31;city86;378;490;city225;43;328;city160




139;city276;257;301;city298;109;382;city63;307;101;city267;42;3;city88;230;411;city83;471;114;city185;86;230;city81;13;148;city246;258;31;city86;378;490;city225;43;328;city160

151;city227;124;22;city211;327;243;city276;48;308;city296





135;city279;25;364;city85;3;236;city120;34;185;city141;251;103;city151;237;182;city241;30;411;city126;168;72;city243;444;243;city53;366;177;city202;157;191;city118;473;166;city248;499;411;city276;282;155;city220;66;170;city144;455;226;city78;470;85;city231;423;127;city255;245;331;city139


135;city279;25;364;city85;3;236;city120;34;185;city141;251;103;city151;237;182;city241;30;411;city126;168;72;city243;444;243;city53;366;177;city202;157;191;city118;473;166;city248;499;411;city276;282;155;city220;66;170;city144;455;226;city78;470;85;city231;423;127;city255;245;331;city139
151;city227;124;22;city211;327;243;city276;48;308;city296


168;city253;268;266;city151



127;city238;277;7;city70;146;102;city177;404;118;city196;262;273;city222;198;493;city104;335;499;city90;342;234;city75;33;487;city178;499;388;city78;131;334;city125;194;399;city218;306;494;city82;187;32;city119;36;416;city231;78;395;city288;492;260;city192;404;320;city180
128;city110;449;354;city131;82;80;city165;387;462;city159;222;311;city178;90;120;city298;106;174;city60;473;440;city185;186;350;city142;430;184;city285;250;425;city164;302;349;city227;428;477;city59;495;164;city205
166;city79;211;400;city266;271;231;city294;3;111;city208;60;43;city77;417;92;city132;461;48;city272;361;135;city85;374;484;city283;165;228;city232;61;478;city202;426;446;city120
158;city212;438;117;city248;186;459;city255;192;262;city268;249;134;city200;219;160;city201;207;225;city50;349;383;city133;403;480;city169
173;city182;206;138;city179;323;210;city286;467;234;city77;344;288;city294;353;290;city271;386;380;city124;155;81;city65;248;496;city146;402;384;city108;61;449;city216;427;258;city96;309;274;city209;46;66;city134;179;153;city81;361;43;city277;385;186;city133


142;city198;331;357;city84;143;71;city242;59;137;city298
158;city212;438;117;city248;186;459;city255;192;262;city268;249;134;city200;219;160;city201;207;225;city50;349;383;city133;403;480;city169

173;city182;206;138;city179;323;210;city286;467;234;city77;344;288;city294;353;290;city271;386;380;city124;155;81;city65;248;496;city146;402;384;city108;61;449;city216;427;258;city96;309;274;city209;46;66;city134;179;153;city81;361;43;city277;385;186;city133
127;city238;277;7;city70;146;102;city177;404;118;city196;262;273;city222;198;493;city104;335;499;city90;342;234;city75;33;487;city178;499;388;city78;131;334;city125;194;399;city218;306;494;city82;187;32;city119;36;416;city231;78;395;city288;492;260;city192;404;320;city180
161;city242;327;57;city292;251;152;city200;478;95;city142;73;333;city111;316;47;city80;395;431;city181;92;179;city121
153;city178;476;162;city138;477;59;city100;74;265;city67;334;354;city290;21;106;city227;234;270;city169;351;366;city157;5;354;city258;436;475;city111;229;496;city98;317;492;city115;233;409;city135;313;56;city163


153;city178;476;162;city138;477;59;city100;74;265;city67;334;354;city290;21;106;city227;234;270;city169;351;366;city157;5;354;city258;436;475;city111;229;496;city98;317;492;city115;233;409;city135;313;56;city163

141;city201;310;211;city104;60;131;city161;160;75;city75;187;335;city239;370;417;city212;108;447;city216;376;142;city281;281;414;city242
168;city253;268;266;city151
166;city79;211;400;city266;271;231;city294;3;111;city208;60;43;city77;417;92;city132;461;48;city272;361;135;city85;374;484;city283;165;228;city232;61;478;city202;426;446;city120

166;city79;211;400;city266;271;231;city294;3;111;city208;60;43;city77;417;92;city132;461;48;city272;361;135;city85;374;484;city283;165;228;city232;61;478;city202;426;446;city120
160;city105;50;429;city197;270;214;city248;256;244;city229;84;326;city263;230;410;city62;175;215;city281;443;258;city127;350;12;city243;490;212;city157;41;7;city58;132;489;city242;26;7;city137;378;137;city273;222;362;city91;464;302;city291


162;city55;474;173;city263;390;471;city155;344;80;city256;309;261;city101

153;city178;476;162;city138;477;59;city100;74;265;city67;334;354;city290;21;106;city227;234;270;city169;351;366;city157;5;354;city258;436;475;city111;229;496;city98;317;492;city115;233;409;city135;313;56;city163
174;city68;131;243;city65;197;456;city91;44;492;city88;346;44;city100;21;90;city96

140;city255;478;394;city144;397;353;city176
160;city105;50;429;city197;270;214;city248;256;244;city229;84;326;city263;230;410;city62;175;215;city281;443;258;city127;350;12;city243;490;212;city157;41;7;city58;132;489;city242;26;7;city137;378;137;city273;222;362;city91;464;302;city291


140;city255;478;394;city144;397;353;city176
145;city261;237;406;city57;23;351;city176;155;19;city121;404;377;city164;381;299;city105;335;123;city98;321;179;city87;97;195;city264
173;city182;206;138;city179;323;210;city286;467;234;city77;344;288;city294;353;290;city271;386;380;city124;155;81;city65;248;496;city146;402;384;city108;61;449;city216;427;258;city96;309;274;city209;46;66;city134;179;153;city81;361;43;city277;385;186;city133
165;city50;175;448;city168;107;175;city147;56;453;city87;243;183;city287;232;103;city89;12;425;city82;11;108;city151;29;75;city237;363;398;city196;473;16;city70;425;375;city54;235;463;city165;446;372;city96;137;69;city293;223;65;city223;13;119;city65;347;61;city162
151;city227;124;22;city211;327;243;city276;48;308;city296

145;city261;237;406;city57;23;351;city176;155;19;city121;404;377;city164;381;299;city105;335;123;city98;321;179;city87;97;195;city264
137;city277;101;480;city58;32;486;city143;425;266;city169
155;city157;393;467;city101;251;16;city169;283;187;city87;255;196;city182;135;298;city132;49;102;city261;488;299;city174;291;153;city133;109;471;city239;108;134;city50;111;140;city74;299;427;city138;403;348;city236;282;349;city60;104;25;city193;454;287;city187
129;city289;368;108;city173;174;48;city134;321;81;city87;27;197;city186;479;182;city227;145;119;city76
167;city60;237;230;city209;478;375;city50;54;430;city219;20;404;city226;273;371;city266;271;253;city105;339;44;city109;318;262;city276;104;142;city144;429;409;city275;71;412;city221;472;196;city175;382;130;city285;376;334;city269;204;86;city185;85;435;city103;354;295;city154;410;59;city129
153;city178;476;162;city138;477;59;city100;74;265;city67;334;354;city290;21;106;city227;234;270;city169;351;366;city157;5;354;city258;436;475;city111;229;496;city98;317;492;city115;233;409;city135;313;56;city163
129;city289;368;108;city173;174;48;city134;321;81;city87;27;197;city186;479;182;city227;145;119;city76
169;city299;86;415;city154;327;103;city290;263;164;city206;2;284;city148;117;487;city143;281;392;city109;216;217;city185;486;149;city93;358;35;city83;127;9;city173;56;370;city86;147;270;city298;458;395;city117;339;88;city146;400;234;city63;149;299;city60;102;448;city58
128;city110;449;354;city131;82;80;city165;387;462;city159;222;311;city178;90;120;city298;106;174;city60;473;440;city185;186;350;city142;430;184;city285;250;425;city164;302;349;city227;428;477;city59;495;164;city205
142;city198;331;357;city84;143;71;city242;59;137;city298

151;city227;124;22;city211;327;243;city276;48;308;city296

171;city297;117;324;city278;160;327;city272;148;308;city239;72;256;city117;451;439;city175;311;339;city149;268;367;city159;450;222;city79;407;59;city102;132;62;city111;93;440;city256;374;458;city191;336;301;city147;68;479;city65;415;171;city270;99;101;city235
129;city289;368;108;city173;174;48;city134;321;81;city87;27;197;city186;479;182;city227;145;119;city76
152;city116;486;107;city158;385;327;city297;344;142;city91
130;city184;103;365;city245;280;12;city181;395;344;city236;455;211;city249;307;304;city71;431;493;city232;74;182;city191;66;99;city298;348;224;city220
129;city289;368;108;city173;174;48;city134;321;81;city87;27;197;city186;479;182;city227;145;119;city76
136;city120;23;360;city174;223;376;city169;362;181;city266;500;355;city58;162;423;city288;259;353;city65;89;302;city203;303;66;city269;238;135;city138;32;195;city190;96;55;city181;235;213;city274;297;430;city144;388;73;city250;124;214;city260;95;197;city74;277;184;city94;284;27;city59;333;312;city166
144;city215;213;423;city205;116;344;city108;487;356;city52;461;397;city69;175;327;city256;162;102;city166
136;city120;23;360;city174;223;376;city169;362;181;city266;500;355;city58;162;423;city288;259;353;city65;89;302;city203;303;66;city269;238;135;city138;32;195;city190;96;55;city181;235;213;city274;297;430;city144;388;73;city250;124;214;city260;95;197;city74;277;184;city94;284;27;city59;333;312;city166
132;city156;349;11;city285;248;296;city265;35;332;city91
162;city55;474;173;city263;390;471;city155;344;80;city256;309;261;city101
139;city276;257;301;city298;109;382;city63;307;101;city267;42;3;city88;230;411;city83;471;114;city185;86;230;city81;13;148;city246;258;31;city86;378;490;city225;43;328;city160
167;city60;237;230;city209;478;375;city50;54;430;city219;20;404;city226;273;371;city266;271;253;city105;339;44;city109;318;262;city276;104;142;city144;429;409;city275;71;412;city221;472;196;city175;382;130;city285;376;334;city269;204;86;city185;85;435;city103;354;295;city154;410;59;city129
135;city279;25;364;city85;3;236;city120;34;185;city141;251;103;city151;237;182;city241;30;411;city126;168;72;city243;444;243;city53;366;177;city202;157;191;city118;473;166;city248;499;411;city276;282;155;city220;66;170;city144;455;226;city78;470;85;city231;423;127;city255;245;331;city139
174;city68;131;243;city65;197;456;city91;44;492;city88;346;44;city100;21;90;city96
155;city157;393;467;city101;251;16;city169;283;187;city87;255;196;city182;135;298;city132;49;102;city261;488;299;city174;291;153;city133;109;471;city239;108;134;city50;111;140;city74;299;427;city138;403;348;city236;282;349;city60;104;25;city193;454;287;city187

152;city116;486;107;city158;385;327;city297;344;142;city91
149;city200;193;421;city293;197;178;city55;17;326;city260;122;359;city230;374;300;city77;331;478;city250;378;80;city109;177;356;city235;432;445;city256;140;282;city208
146;city77;262;360;city237;120;408;city221;11;67;city201;271;184;city202;425;192;city89;76;398;city247
147;city74;464;103;city289;369;31;city245;441;322;city166;32;206;city243;269;403;city161;172;369;city119;342;280;city125;11;109;city106;488;118;city146
160;city105;50;429;city197;270;214;city248;256;244;city229;84;326;city263;230;410;city62;175;215;city281;443;258;city127;350;12;city243;490;212;city157;41;7;city58;132;489;city242;26;7;city137;378;137;city273;222;362;city91;464;302;city291
151;city227;124;22;city211;327;243;city276;48;308;city296
161;city242;327;57;city292;251;152;city200;478;95;city142;73;333;city111;316;47;city80;395;431;city181;92;179;city121
163;city140;213;108;city122;131;389;city184;24;240;city160;36;62;city173;439;155;city138;363;445;city205;350;317;city231;382;14;city246;478;459;city93
160;city105;50;429;city197;270;214;city248;256;244;city229;84;326;city263;230;410;city62;175;215;city281;443;258;city127;350;12;city243;490;212;city157;41;7;city58;132;489;city242;26;7;city137;378;137;city273;222;362;city91;464;302;city291
166;city79;211;400;city266;271;231;city294;3;111;city208;60;43;city77;417;92;city132;461;48;city272;361;135;city85;374;484;city283;165;228;city232;61;478;city202;426;446;city120
143;city219;482;165;city233;98;22;city196
140;city255;478;394;city144;397;353;city176
162;city55;474;173;city263;390;471;city155;344;80;city256;309;261;city101
146;city77;262;360;city237;120;408;city221;11;67;city201;271;184;city202;425;192;city89;76;398;city247
125;city51;459;7;city293;191;4;city237;181;15;city142;432;229;city94;108;110;city167;365;70;city126;203;150;city242;152;122;city215;288;74;city146;220;241;city220;128;87;city139
138;city264;386;288;city198;425;260;city68;9;187;city179;497;402;city228;54;320;city272;293;280;city263;486;469;city121;400;49;city62;173;226;city84;180;232;city299;328;452;city95;7;166;city255;57;402;city191;3;149;city173;321;358;city143;303;81;city268;472;426;city127;446;119;city79;383;2370;city131

148;city113;160;80;city117;200;248;city98;127;342;city109;120;422;city162;412;300;city153;114;342;city272
141;city201;310;211;city104;60;131;city161;160;75;city75;187;335;city239;370;417;city212;108;447;city216;376;142;city281;281;414;city242
132;city156;349;11;city285;248;296;city265;35;332;city91
149;city200;193;421;city293;197;178;city55;17;326;city260;122;359;city230;374;300;city77;331;478;city250;378;80;city109;177;356;city235;432;445;city256;140;282;city208
143;city219;482;165;city233;98;22;city196
141;city201;310;211;city104;60;131;city161;160;75;city75;187;335;city239;370;417;city212;108;447;city216;376;142;city281;281;414;city242
146;city77;262;360;city237;120;408;city221;11;67;city201;271;184;city202;425;192;city89;76;398;city247
146;city77;262;360;city237;120;408;city221;11;67;city201;271;184;city202;425;192;city89;76;398;city247
141;city201;310;211;city104;60;131;city161;160;75;city75;187;335;city239;370;417;city212;108;447;city216;376;142;city281;281;414;city242
142;city198;331;357;city84;143;71;city242;59;137;city298
138;city264;386;288;city198;425;260;city68;9;187;city179;497;402;city228;54;320;city272;293;280;city263;486;469;city121;400;49;city62;173;226;city84;180;232;city299;328;452;city95;7;166;city255;57;402;city191;3;149;city173;321;358;city143;303;81;city268;472;426;city127;446;119;city79;383;2370;city131
128;city110;449;354;city131;82;80;city165;387;462;city159;222;311;city178;90;120;city298;106;174;city60;473;440;city185;186;350;city142;430;184;city285;250;425;city164;302;349;city227;428;477;city59;495;164;city205
151;city227;124;22;city211;327;243;city276;48;308;city296
153;city178;476;162;city138;477;59;city100;74;265;city67;334;354;city290;21;106;city227;234;270;city169;351;366;city157;5;354;city258;436;475;city111;229;496;city98;317;492;city115;233;409;city135;313;56;city163
133;city230;467;330;city152;37;218;city190;68;204;city86;84;260;city111;175;335;city128;250;60;city296;433;400;city53;31;197;city85;249;299;city72;446;310;city227;26;387;city246;132;185;city276;301;325;city232;426;325;city110;257;179;city184;443;392;city105;141;97;city63;458;249;city264;51;498;city138
169;city299;86;415;city154;327;103;city290;263;164;city206;2;284;city148;117;487;city143;281;392;city109;216;217;city185;486;149;city93;358;35;city83;127;9;city173;56;370;city86;147;270;city298;458;395;city117;339;88;city146;400;234;city63;149;299;city60;102;448;city58
166;city79;211;400;city266;271;231;city294;3;111;city208;60;43;city77;417;92;city132;461;48;city272;361;135;city85;374;484;city283;165;228;city232;61;478;city202;426;446;city120
164;city85;110;334;city156;247;25;city103

142;city198;331;357;city84;143;71;city242;59;137;city298
135;city279;25;364;city85;3;236;city120;34;185;city141;251;103;city151;237;182;city241;30;411;city126;168;72;city243;444;243;city53;366;177;city202;157;191;city118;473;166;city248;499;411;city276;282;155;city220;66;170;city144;455;226;city78;470;85;city231;423;127;city255;245;331;city139
140;city255;478;394;city144;397;353;city176
126;city292;355;347;city226;219;194;city252;408;261;city174;478;14;city281;286;385;city105;147;380;city142;48;499;city191;76;102;city195;150;129;city120;451;314;city277;148;121;city69
128;city110;449;354;city131;82;80;city165;387;462;city159;222;311;city178;90;120;city298;106;174;city60;473;440;city185;186;350;city142;430;184;city285;250;425;city164;302;349;city227;428;477;city59;495;164;city205
172;city134;312;145;city145
143;city219;482;165;city233;98;22;city196
139;city276;257;301;city298;109;382;city63;307;101;city267;42;3;city88;230;411;city83;471;114;city185;86;230;city81;13;148;city246;258;31;city86;378;490;city225;43;328;city160
140;city255;478;394;city144;397;353;city176
145;city261;237;406;city57;23;351;city176;155;19;city121;404;377;city164;381;299;city105;335;123;city98;321;179;city87;97;195;city264
146;city77;262;360;city237;120;408;city221;11;67;city201;271;184;city202;425;192;city89;76;398;city247
169;city299;86;415;city154;327;103;city290;263;164;city206;2;284;city148;117;487;city143;281;392;city109;216;217;city185;486;149;city93;358;35;city83;127;9;city173;56;370;city86;147;270;city298;458;395;city117;339;88;city146;400;234;city63;149;299;city60;102;448;city58
162;city55;474;173;city263;390;471;city155;344;80;city256;309;261;city101
157;city177;267;454;city221;471;160;city182;373;427;city258;177;227;city81;85;485;city113;436;88;city243;299;265;city280;453;466;city114;413;243;city244;428;21;city56;114;355;city205;299;370;city227;422;92;city134;359;102;city80;459;434;city142;275;324;city279;132;342;city101
152;city116;486;107;city158;385;327;city297;344;142;city91
153;city178;476;162;city138;477;59;city100;74;265;city67;334;354;city290;21;106;city227;234;270;city169;351;366;city157;5;354;city258;436;475;city111;229;496;city98;317;492;city115;233;409;city135;313;56;city163
159;city61;276;233;city148;118;290;city59;293;111;city285;267;435;city241;161;170;city120;345;208;city214
167;city60;237;230;city209;478;375;city50;54;430;city219;20;404;city226;273;371;city266;271;253;city105;339;44;city109;318;262;city276;104;142;city144;429;409;city275;71;412;city221;472;196;city175;382;130;city285;376;334;city269;204;86;city185;85;435;city103;354;295;city154;410;59;city129
159;city61;276;233;city148;118;290;city59;293;111;city285;267;435;city241;161;170;city120;345;208;city214
158;city212;438;117;city248;186;459;city255;192;262;city268;249;134;city200;219;160;city201;207;225;city50;349;383;city133;403;480;city169
154;city181;68;446;city120;21;212;city168;113;135;city64;151;95;city75;139;176;city208;138;385;city191;201;232;city136;162;142;city206;15;306;city217;330;249;city110;44;260;city299;11;452;city159;479;214;city238;400;467;city224;184;26;city200;215;51;city265;413;32;city50


169;city299;86;415;city154;327;103;city290;263;164;city206;2;284;city148;117;487;city143;281;392;city109;216;217;city185;486;149;city93;358;35;city83;127;9;city173;56;370;city86;147;270;city298;458;395;city117;339;88;city146;400;234;city63;149;299;city60;102;448;city58
146;city77;262;360;city237;120;408;city221;11;67;city201;271;184;city202;425;192;city89;76;398;city247
132;city156;349;11;city285;248;296;city265;35;332;city91
149;city200;193;421;city293;197;178;city55;17;326;city260;122;359;city230;374;300;city77;331;478;city250;378;80;city109;177;356;city235;432;445;city256;140;282;city208
174;city68;131;243;city65;197;456;city91;44;492;city88;346;44;city100;21;90;city96
148;city113;160;80;city117;200;248;city98;127;342;city109;120;422;city162;412;300;city153;114;342;city272
166;city79;211;400;city266;271;231;city294;3;111;city208;60;43;city77;417;92;city132;461;48;city272;361;135;city85;374;484;city283;165;228;city232;61;478;city202;426;446;city120
154;city181;68;446;city120;21;212;city168;113;135;city64;151;95;city75;139;176;city208;138;385;city191;201;232;city136;162;142;city206;15;306;city217;330;249;city110;44;260;city299;11;452;city159;479;214;city238;400;467;city224;184;26;city200;215;51;city265;413;32;city50
154;city181;68;446;city120;21;212;city168;113;135;city64;151;95;city75;139;176;city208;138;385;city191;201;232;city136;162;142;city206;15;306;city217;330;249;city110;44;260;city299;11;452;city159;479;214;city238;400;467;city224;184;26;city200;215;51;city265;413;32;city50
131;city146;8;459;city201;355;219;city102;8;379;city180;380;186;city62;351;345;city194;289;53;city121;94;302;city95;28;127;city149;141;348;city281;418;115;city192;225;488;city297;167;84;city96;142;99;city115;223;62;city99;326;460;city66;318;68;city175
140;city255;478;394;city144;397;353;city176
165;city50;175;448;city168;107;175;city147;56;453;city87;243;183;city287;232;103;city89;12;425;city82;11;108;city151;29;75;city237;363;398;city196;473;16;city70;425;375;city54;235;463;city165;446;372;city96;137;69;city293;223;65;city223;13;119;city65;347;61;city162
169;city299;86;415;city154;327;103;city290;263;164;city206;2;284;city148;117;487;city143;281;392;city109;216;217;city185;486;149;city93;358;35;city83;127;9;city173;56;370;city86;147;270;city298;458;395;city117;339;88;city146;400;234;city63;149;299;city60;102;448;city58
128;city110;449;354;city131;82;80;city165;387;462;city159;222;311;city178;90;120;city298;106;174;city60;473;440;city185;186;350;city142;430;184;city285;250;425;city164;302;349;city227;428;477;city59;495;164;city205
133;city230;467;330;city152;37;218;city190;68;204;city86;84;260;city111;175;335;city128;250;60;city296;433;400;city53;31;197;city85;249;299;city72;446;310;city227;26;387;city246;132;185;city276;301;325;city232;426;325;city110;257;179;city184;443;392;city105;141;97;city63;458;249;city264;51;498;city138

144;city215;213;423;city205;116;344;city108;487;356;city52;461;397;city69;175;327;city256;162;102;city166
150;city110;400;208;city234;36;56;city278;127;456;city52;243;38;city261;272;36;city257;291;162;city228;98;135;city108;399;220;city148;489;209;city219;444;320;city99;48;364;city106;247;84;city124;448;29;city113;117;340;city74;69;323;city191;26;223;city60;324;330;city271
147;city74;464;103;city289;369;31;city245;441;322;city166;32;206;city243;269;403;city161;172;8489;city119;342;280;city125;11;109;city106;488;118;city146

151;city227;124;22;city211;327;243;city276;48;308;city296
131;city146;8;459;city201;355;219;city102;8;379;city180;380;186;city62;351;345;city194;289;53;city121;94;302;city95;28;127;city149;141;348;city281;418;115;city192;225;488;city297;167;84;city96;142;99;city115;223;62;city99;326;460;city66;318;68;city175
152;city116;486;107;city158;385;327;city297;344;142;city91
133;city230;467;330;city152;37;218;city190;68;204;city86;84;260;city111;175;335;city128;250;60;city296;433;400;city53;31;197;city85;249;299;city72;446;310;city227;26;387;city246;132;185;city276;301;325;city232;426;325;city110;257;179;city184;443;392;city105;141;97;city63;458;249;city264;51;498;city138
146;city77;262;360;city237;120;408;city221;11;67;city201;271;184;city202;425;192;city89;76;398;city247
143;city219;482;165;city233;98;22;city196
126;city292;355;347;city226;219;194;city252;408;261;city174;478;14;city281;286;385;city105;147;380;city142;48;499;city191;76;102;city195;150;129;city120;451;314;city277;148;121;city69
157;city177;267;454;city221;471;160;city182;373;427;city258;177;227;city81;85;485;city113;436;88;city243;299;265;city280;453;466;city114;413;243;city244;428;21;city56;114;355;city205;299;370;city227;422;92;city134;359;102;city80;459;434;city142;275;324;city279;132;342;city101
173;city182;206;138;city179;323;210;city286;467;234;city77;344;288;city294;353;290;city271;386;380;city124;155;81;city65;248;496;city146;402;384;city108;61;449;city216;427;258;city96;309;274;city209;46;66;city134;179;153;city81;361;43;city277;385;186;city133
173;city182;206;138;city179;323;210;city286;467;234;city77;344;288;city294;353;290;city271;386;380;city124;155;81;city65;248;496;city146;402;384;city108;61;449;city216;427;258;city96;309;274;city209;46;66;city134;179;153;city81;361;43;city277;385;186;city133
126;city292;355;347;city226;219;194;city252;408;261;city174;478;14;city281;286;385;city105;147;380;city142;48;499;city191;76;102;city195;150;129;city120;451;314;city277;148;121;city69
145;city261;237;406;city57;23;351;city176;155;19;city121;404;377;city164;381;299;city105;335;123;city98;321;179;city87;97;195;city264
172;city134;312;145;city145
162;city55;474;173;city263;390;471;city155;344;80;city256;309;261;city101
160;city105;50;429;city197;270;214;city248;256;244;city229;84;326;city263;230;410;city62;175;215;city281;443;258;city127;350;12;city243;490;212;city157;41;7;city58;132;489;city242;26;7;city137;378;137;city273;222;362;city91;464;302;city291
130;city184;103;365;city245;280;12;city181;395;344;city236;455;211;city249;307;304;city71;431;493;city232;74;182;city191;66;99;city298;348;224;city220
166;city79;211;400;city266;271;231;city294;3;111;city208;60;43;city77;417;92;city132;461;48;city272;361;135;city85;374;484;city283;165;228;city232;61;478;city202;426;446;city120
148;city113;160;80;city117;200;248;city98;127;342;city109;120;422;city162;412;300;city153;114;342;city272
127;city238;277;7;city70;146;102;city177;404;118;city196;262;273;city222;198;493;city104;335;499;city90;342;234;city75;33;487;city178;499;388;city78;131;334;city125;194;399;city218;306;494;city82;187;32;city119;36;416;city231;78;395;city288;492;260;city192;404;320;city180
143;city219;482;165;city233;98;22;city196
161;city242;327;57;city292;251;152;city200;478;95;city142;73;333;city111;316;47;city80;395;431;city181;92;179;city121
171;city297;117;324;city278;160;327;city272;148;308;city239;72;256;city117;451;439;city175;311;5236;city149;268;367;city159;450;222;city79;407;59;city102;132;62;city111;93;440;city256;374;458;city191;336;301;city147;68;479;city65;415;171;city270;99;101;city235
163;city140;213;108;city122;131;389;city184;24;240;city160;36;62;city173;439;155;city138;363;445;city205;350;317;city231;382;14;city246;478;459;city93
140;city255;478;394;city144;397;353;city176

158;city212;438;117;city248;186;459;city255;192;262;city268;249;134;city200;219;160;city201;207;225;city50;349;383;city133;403;480;city169
146;city77;262;360;city237;120;408;city221;11;67;city201;271;184;city202;425;192;city89;76;398;city247
131;city146;8;459;city201;355;219;city102;8;379;city180;380;186;city62;351;345;city194;289;53;city121;94;302;city95;28;127;city149;141;348;city281;418;115;city192;225;488;city297;167;84;city96;142;99;city115;223;62;city99;326;460;city66;318;68;city175
169;city299;86;415;city154;327;103;city290;263;164;city206;2;284;city148;117;487;city143;281;392;city109;216;217;city185;486;149;city93;358;35;city83;127;9;city173;56;370;city86;147;270;city298;458;395;city117;339;88;city146;400;234;city63;149;299;city60;102;448;city58
132;city156;349;11;city285;248;296;city265;35;332;city91
132;city156;349;11;city285;248;296;city265;35;332;city91
174;city68;131;243;city65;197;456;city91;44;492;city88;346;44;city100;21;90;city96
164;city85;110;334;city156;247;25;city103
152;city116;486;107;city158;385;327;city297;344;142;city91
174;city68;131;243;city65;197;456;city91;44;492;city88;346;44;city100;21;90;city96
168;city253;268;266;city151
141;city201;310;211;city104;60;131;city161;160;75;city75;187;335;city239;370;417;city212;108;447;city216;376;142;city281;281;414;city242
159;city61;276;233;city148;118;290;city59;293;111;city285;267;435;city241;161;170;city120;345;208;city214
142;city198;331;357;city84;143;71;city242;59;137;city298
128;city110;449;354;city131;82;80;city165;387;462;city159;222;311;city178;90;120;city298;106;174;city60;473;440;city185;186;350;city142;430;184;city285;250;425;city164;302;349;city227;428;477;city59;495;164;city205
155;city157;393;467;city101;251;16;city169;283;187;city87;255;196;city182;135;298;city132;49;102;city261;488;299;city174;291;153;city133;109;471;city239;108;134;city50;111;140;city74;299;427;city138;403;348;city236;282;349;city60;104;25;city193;454;287;city187
146;city77;262;360;city237;120;408;city221;11;67;city201;271;184;city202;425;192;city89;76;398;city247
134;city215;154;18;city81;361;436;city238;484;420;city110;153;97;city190;135;398;city70;117;446;city188;32;406;city149;218;91;city252;185;264;city146;57;177;city180
173;city182;206;138;city179;323;210;city286;467;234;city77;344;288;city294;353;290;city271;386;380;city124;155;81;city65;248;496;city146;402;384;city108;61;449;city216;427;258;city96;309;274;city209;46;66;city134;179;153;city81;361;43;city277;385;186;city133
166;city79;211;400;city266;271;231;city294;3;111;city208;60;43;city77;417;92;city132;461;48;city272;361;135;city85;374;484;city283;165;228;city232;61;478;city202;426;446;city120
153;city178;476;162;city138;477;59;city100;74;265;city67;334;354;city290;21;106;city227;234;270;city169;351;366;city157;5;354;city258;436;475;city111;229;496;city98;317;492;city115;233;409;city135;313;56;city163
140;city255;478;394;city144;397;353;city176
130;city184;103;365;city245;280;12;city181;395;344;city236;455;211;city249;307;304;city71;431;493;city232;74;182;city191;66;99;city298;348;224;city220
139;city276;257;301;city298;109;382;city63;307;101;city267;42;3;city88;230;411;city83;471;114;city185;86;230;city81;13;148;city246;258;31;city86;378;490;city225;43;328;city160
131;city146;8;459;city201;355;219;city102;8;379;city180;380;186;city62;351;345;city194;289;53;city121;94;302;city95;28;127;city149;141;348;city281;418;115;city192;225;488;city297;167;84;city96;142;99;city115;223;62;city99;326;460;city66;318;68;city175
155;city157;393;467;city101;251;16;city169;283;187;city87;255;196;city182;135;298;city132;49;102;city261;488;299;city174;291;153;city133;109;471;city239;108;134;city50;111;140;city74;299;427;city138;403;348;city236;282;349;city60;104;25;city193;454;287;city187
134;city215;154;18;city81;361;436;city238;484;420;city110;153;97;city190;135;398;city70;117;446;city188;32;406;city149;218;91;city252;185;264;city146;57;177;city180
154;city181;68;446;city120;21;212;city168;113;135;city64;151;95;city75;139;176;city208;138;385;city191;201;232;city136;162;142;city206;15;306;city217;330;249;city110;44;260;city299;11;452;city159;479;214;city238;400;467;city224;184;26;city200;215;51;city265;413;32;city50
169;city299;86;415;city154;327;103;city290;263;164;city206;2;284;city148;117;487;city143;281;392;city109;216;217;city185;486;149;city93;358;35;city83;127;9;city173;56;370;city86;147;270;city298;458;395;city117;339;88;city146;400;234;city63;149;299;city60;102;448;city58
133;city230;467;330;city152;37;218;city190;68;204;city86;84;260;city111;175;335;city128;250;60;city296;433;400;city53;31;197;city85;249;299;city72;446;310;city227;26;387;city246;132;185;city276;301;325;city232;426;325;city110;257;179;city184;443;392;city105;141;97;city63;458;249;city264;51;498;city138
170;city213;444;386;city275;322;6;city54;335;414;city236;37;478;city175;89;399;city107;116;272;city143;315;35;city210;466;429;city265;140;460;city99;261;32;city298
151;city227;124;22;city211;327;243;city276;48;308;city296
143;city219;482;165;city233;98;22;city196
166;city79;211;400;city266;271;231;city294;3;111;city208;60;43;city77;417;92;city132;461;48;city272;361;135;city85;374;484;city283;165;228;city232;61;478;city202;426;446;city120
171;city297;117;324;city278;160;327;city272;148;308;city239;72;256;city117;451;439;city175;311;5236;city149;268;367;city159;450;222;city79;407;59;city102;132;62;city111;93;440;city256;374;458;city191;336;301;city147;68;479;city65;415;171;city270;99;101;city235
129;city289;368;108;city173;174;48;city134;321;81;city87;27;197;city186;479;182;city227;145;119;city76
142;city198;331;357;city84;143;71;city242;59;137;city298
137;city277;101;480;city58;32;486;city143;425;266;city169
134;city215;154;18;city81;361;436;city238;484;420;city110;153;97;city190;135;398;city70;117;446;city188;32;406;city149;218;91;city252;185;264;city146;57;177;city180
155;city157;393;467;city101;251;16;city169;283;187;city87;255;196;city182;135;298;city132;49;102;city261;488;299;city174;291;153;city133;109;471;city239;108;134;city50;111;140;city74;299;427;city138;403;348;city236;282;349;city60;104;25;city193;454;287;city187
165;city50;175;448;city168;107;175;city147;56;453;city87;243;183;city287;232;103;city89;12;425;city82;11;108;city151;29;75;city237;363;398;city196;473;16;city70;425;375;city54;235;463;city165;446;372;city96;137;69;city293;223;65;city223;13;119;city65;347;61;city162
138;city264;386;288;city198;425;260;city68;9;187;city179;497;402;city228;54;320;city272;293;280;city263;486;469;city121;400;49;city62;173;226;city84;180;232;city299;328;452;city95;7;166;city255;57;402;city191;3;149;city173;321;358;city143;303;81;city268;472;426;city127;446;119;city79;383;2370;city131
132;city156;349;11;city285;248;296;city265;35;332;city91
134;city215;154;18;city81;361;436;city238;484;420;city110;153;97;city190;135;398;city70;117;446;city188;32;406;city149;218;91;city252;185;264;city146;57;177;city180
125;city51;459;7;city293;191;4;city237;181;15;city142;432;229;city94;108;110;city167;365;70;city126;203;150;city242;152;122;city215;288;74;city146;220;241;city220;128;87;city139
152;city116;486;107;city158;385;327;city297;344;142;city91
155;city157;393;467;city101;251;16;city169;283;187;city87;255;196;city182;135;298;city132;49;102;city261;488;299;city174;291;153;city133;109;471;city239;108;134;city50;111;140;city74;299;427;city138;403;348;city236;282;349;city60;104;25;city193;454;287;city187
146;city77;262;360;city237;120;408;city221;11;67;city201;271;184;city202;425;192;city89;76;398;city247
160;city105;50;429;city197;270;214;city248;256;244;city229;84;326;city263;230;410;city62;175;215;city281;443;258;city127;350;12;city243;490;212;city157;41;7;city58;132;489;city242;26;7;city137;378;137;city273;222;362;city91;464;302;city291
157;city177;267;454;city221;471;160;city182;373;427;city258;177;227;city81;85;485;city113;436;88;city243;299;265;city280;453;466;city114;413;243;city244;428;21;city56;114;355;city205;299;370;city227;422;92;city134;359;102;city80;459;434;city142;275;324;city279;132;342;city101
132;city156;349;11;city285;248;296;city265;35;332;city91
146;city77;262;360;city237;120;408;city221;11;67;city201;271;184;city202;425;192;city89;76;398;city247
129;city289;368;108;city173;174;48;city134;321;81;city87;27;197;city186;479;182;city227;145;119;city76
152;city116;486;107;city158;385;327;city297;344;142;city91
144;city215;213;423;city205;116;344;city108;487;356;city52;461;397;city69;175;327;city256;162;102;city166
140;city255;478;394;city144;397;353;city176
163;city140;213;108;city122;131;389;city184;24;240;city160;36;62;city173;439;155;city138;363;445;city205;350;317;city231;382;14;city246;478;459;city93
157;city177;267;454;city221;471;160;city182;373;427;city258;177;227;city81;85;485;city113;436;88;city243;299;265;city280;453;466;city114;413;243;city244;428;21;city56;114;355;city205;299;370;city227;422;92;city134;359;102;city80;459;434;city142;275;324;city279;132;342;city101
155;city157;393;467;city101;251;16;city169;283;187;city87;255;196;city182;135;298;city132;49;102;city261;488;299;city174;291;153;city133;109;471;city239;108;134;city50;111;140;city74;299;427;city138;403;348;city236;282;349;city60;104;25;city193;454;287;city187
166;city79;211;400;city266;271;231;city294;3;111;city208;60;43;city77;417;92;city132;461;48;city272;361;135;city85;374;484;city283;165;228;city232;61;478;city202;426;446;city120
134;city215;154;18;city81;361;436;city238;484;420;city110;153;97;city190;135;398;city70;117;446;city188;32;406;city149;218;91;city252;185;264;city146;57;177;city180
165;city50;175;448;city168;107;175;city147;56;453;city87;243;183;city287;232;103;city89;12;425;city82;11;108;city151;29;75;city237;363;398;city196;473;16;city70;425;375;city54;235;463;city165;446;372;city96;137;69;city293;223;65;city223;13;119;city65;347;61;city162
168;city253;268;266;city151
147;city74;464;103;city289;369;31;city245;441;322;city166;32;206;city243;269;403;city161;172;8489;city119;342;280;city125;11;109;city106;488;118;city146
173;city182;206;138;city179;323;210;city286;467;234;city77;344;288;city294;353;290;city271;386;380;city124;155;81;city65;248;496;city146;402;384;city108;61;449;city216;427;258;city96;309;274;city209;46;66;city134;179;153;city81;361;43;city277;385;186;city133
165;city50;175;448;city168;107;175;city147;56;453;city87;243;183;city287;232;103;city89;12;425;city82;11;108;city151;29;75;city237;363;398;city196;473;16;city70;425;375;city54;235;463;city165;446;372;city96;137;69;city293;223;65;city223;13;119;city65;347;61;city162
138;city264;386;288;city198;425;260;city68;9;187;city179;497;402;city228;54;320;city272;293;280;city263;486;469;city121;400;49;city62;173;226;city84;180;232;city299;328;452;city95;7;166;city255;57;402;city191;3;149;city173;321;358;city143;303;81;city268;472;426;city127;446;119;city79;383;2370;city131
172;city134;312;145;city145
167;city60;237;230;city209;478;375;city50;54;430;city219;20;404;city226;273;371;city266;271;253;city105;339;44;city109;318;262;city276;104;142;city144;429;409;city275;71;412;city221;472;196;city175;382;130;city285;376;334;city269;204;86;city185;85;435;city103;354;295;city154;410;59;city129
172;city134;312;145;city145
165;city50;175;448;city168;107;175;city147;56;453;city87;243;183;city287;232;103;city89;12;425;city82;11;108;city151;29;75;city237;363;398;city196;473;16;city70;425;375;city54;235;463;city165;446;372;city96;137;69;city293;223;65;city223;13;119;city65;347;61;city162
174;city68;131;243;city65;197;456;city91;44;492;city88;346;44;city100;21;90;city96
137;city277;101;480;city58;32;486;city143;425;266;city169
163;city140;213;108;city122;131;389;city184;24;240;city160;36;62;city173;439;155;city138;363;445;city205;350;317;city231;382;14;city246;478;459;city93
174;city68;131;243;city65;197;456;city91;44;492;city88;346;44;city100;21;90;city96
166;city79;211;400;city266;271;231;city294;3;111;city208;60;43;city77;417;92;city132;461;48;city272;361;135;city85;374;484;city283;165;228;city232;61;478;city202;426;446;city120
