ERROR 5
ERROR 15
ERROR 18
ERROR 19
ERROR 22
ERROR 26
ERROR 27
ERROR 35
ERROR 37
ERROR 42
ERROR 47
ERROR 51
ERROR 52
ERROR 54
ERROR 55
ERROR 60
ERROR 63
ERROR 65
ERROR 68
ERROR 71
ERROR 72
ERROR 76
ERROR 86
ERROR 87
ERROR 88
ERROR 90
ERROR 91
ERROR 93
ERROR 95
ERROR 97
ERROR 98
ERROR 99
ERROR 102
ERROR 103
ERROR 104
ERROR 105
ERROR 106
ERROR 109
ERROR 110
ERROR 113
ERROR 115
ERROR 119
ERROR 120
ERROR 129
ERROR 130
ERROR 132
ERROR 136
ERROR 138
ERROR 139
ERROR 140
ERROR 143
ERROR 144
ERROR 147
ERROR 148
ERROR 149
ERROR 151
ERROR 170
ERROR 171
ERROR 177
ERROR 180
ERROR 181
ERROR 184
ERROR 185
ERROR 190
ERROR 193
ERROR 195
ERROR 198
ERROR 204
ERROR 205
ERROR 206
ERROR 211
ERROR 214
ERROR 215
ERROR 216
ERROR 220
ERROR 221
ERROR 225
ERROR 229
ERROR 234
ERROR 236
ERROR 237
ERROR 243
ERROR 249
ERROR 253
ERROR 254
ERROR 255
ERROR 259
ERROR 261
ERROR 268
ERROR 271
ERROR 272
ERROR 273
ERROR 274
ERROR 275
ERROR 278
ERROR 279
ERROR 283
ERROR 286
ERROR 288
ERROR 289
ERROR 290
ERROR 291
ERROR 297
ERROR 298
ERROR 299
ERROR 302
ERROR 304
ERROR 306
ERROR 307
ERROR 309
ERROR 314
ERROR 319
ERROR 322
ERROR 323
ERROR 326
ERROR 328
ERROR 332
ERROR 334
ERROR 336
ERROR 338
ERROR 340
ERROR 342
ERROR 344
ERROR 346
ERROR 348
ERROR 350
ERROR 352
ERROR 353
ERROR 356
ERROR 359
ERROR 360
ERROR 362
ERROR 363
ERROR 364
ERROR 367
ERROR 375
ERROR 376
ERROR 378
ERROR 380
ERROR 381
ERROR 385
ERROR 386
ERROR 387
ERROR 389
ERROR 390
ERROR 392
ERROR 395
ERROR 398
ERROR 400
ERROR 401
ERROR 405
ERROR 406
ERROR 407
ERROR 416
ERROR 423
ERROR 425
ERROR 426
ERROR 430
ERROR 432
ERROR 436
ERROR 438
ERROR 439
ERROR 443
ERROR 444
ERROR 446
ERROR 448
ERROR 449
ERROR 452
ERROR 454
ERROR 455
ERROR 458
ERROR 459
ERROR 461
ERROR 462
ERROR 464
ERROR 467
ERROR 468
ERROR 470
ERROR 471
ERROR 473
ERROR 474
ERROR 475
ERROR 477
ERROR 479
ERROR 480
ERROR 481
ERROR 484
ERROR 486
ERROR 487
ERROR 490
ERROR 492
ERROR 495
ERROR 497
ERROR 498
ERROR 499
ERROR 502
ERROR 505
ERROR 506
ERROR 507
ERROR 508
ERROR 509
ERROR 513
ERROR 518
ERROR 519
ERROR 520
ERROR 526
ERROR 527
ERROR 528
ERROR 530
ERROR 535
ERROR 536
ERROR 537
ERROR 538
ERROR 539
ERROR 541
ERROR 542
ERROR 544
ERROR 546
ERROR 548
ERROR 549
ERROR 550
ERROR 555
ERROR 556
ERROR 557
ERROR 559
ERROR 560
ERROR 561
ERROR 563
ERROR 567
ERROR 571
ERROR 582
ERROR 583
ERROR 584
ERROR 585
ERROR 586
ERROR 590
ERROR 591
ERROR 592
ERROR 593
ERROR 596
ERROR 597
ERROR 599
ERROR 600
ERROR 601
ERROR 603
ERROR 607
ERROR 611
ERROR 614
ERROR 618
ERROR 619
ERROR 620
ERROR 621
ERROR 624
ERROR 625
ERROR 626
ERROR 627
ERROR 628
ERROR 629
ERROR 630
ERROR 631
ERROR 632
ERROR 633
ERROR 638
ERROR 639
ERROR 640
ERROR 641
ERROR 643
ERROR 644
ERROR 645
ERROR 651
ERROR 655
ERROR 662
ERROR 664
ERROR 665
ERROR 666
ERROR 667
ERROR 668
ERROR 670
ERROR 673
ERROR 675
ERROR 677
ERROR 678
ERROR 679
ERROR 680
ERROR 681
ERROR 682
ERROR 683
ERROR 684
ERROR 686
ERROR 688
ERROR 693
ERROR 694
ERROR 697
ERROR 698
ERROR 699
ERROR 700
ERROR 702
ERROR 703
ERROR 706
ERROR 712
ERROR 714
ERROR 715
ERROR 717
ERROR 718
ERROR 719
ERROR 720
ERROR 721
ERROR 722
ERROR 723
ERROR 727
ERROR 730
ERROR 732
ERROR 733
ERROR 739
ERROR 740
ERROR 741
ERROR 742
ERROR 745
ERROR 746
ERROR 749
ERROR 751
ERROR 753
ERROR 754
ERROR 756
ERROR 757
ERROR 760
ERROR 761
ERROR 763
ERROR 766
ERROR 768
ERROR 769
ERROR 770
ERROR 771
ERROR 772
ERROR 776
ERROR 778
ERROR 780
ERROR 782
ERROR 783
ERROR 784
ERROR 785
ERROR 788
ERROR 789
ERROR 793
ERROR 794
ERROR 796
ERROR 797
ERROR 798
ERROR 800
ERROR 802
ERROR 804
ERROR 807
ERROR 808
ERROR 811
ERROR 815
ERROR 820
ERROR 822
ERROR 823
ERROR 824
ERROR 828
ERROR 829
ERROR 830
ERROR 831
ERROR 832
ERROR 834
ERROR 835
ERROR 836
ERROR 840
ERROR 844
ERROR 846
ERROR 848
ERROR 853
ERROR 856
ERROR 858
ERROR 859
ERROR 862
ERROR 865
ERROR 866
ERROR 870
ERROR 872
ERROR 874
ERROR 875
ERROR 876
ERROR 880
ERROR 882
ERROR 885
ERROR 888
ERROR 889
ERROR 890
ERROR 894
ERROR 896
ERROR 897
ERROR 902
ERROR 905
ERROR 907
ERROR 908
ERROR 910
ERROR 913
ERROR 914
ERROR 915
ERROR 916
ERROR 917
ERROR 922
ERROR 923
ERROR 924
ERROR 928
ERROR 929
ERROR 933
ERROR 934
ERROR 940
ERROR 941
ERROR 942
ERROR 944
ERROR 945
ERROR 947
ERROR 948
ERROR 949
ERROR 952
ERROR 953
ERROR 954
ERROR 955
ERROR 958
ERROR 961
ERROR 962
ERROR 964
ERROR 966
ERROR 967
ERROR 968
ERROR 969
ERROR 972
ERROR 976
ERROR 978
ERROR 984
ERROR 986
ERROR 987
ERROR 988
ERROR 989
ERROR 991
ERROR 992
ERROR 993
ERROR 995
ERROR 997
ERROR 1002
ERROR 1003
ERROR 1004
ERROR 1005
ERROR 1006
ERROR 1008
ERROR 1009
ERROR 1010
ERROR 1016
ERROR 1017
ERROR 1018
ERROR 1020
ERROR 1022
ERROR 1025
ERROR 1026
ERROR 1027
ERROR 1029
ERROR 1031
ERROR 1032
ERROR 1033
ERROR 1036
ERROR 1038
ERROR 1044
ERROR 1046
ERROR 1048
ERROR 1050
ERROR 1052
ERROR 1054
ERROR 1055
ERROR 1056
ERROR 1057
ERROR 1058
ERROR 1059
ERROR 1061
ERROR 1062
ERROR 1065
ERROR 1066
ERROR 1069
ERROR 1071
ERROR 1073
ERROR 1074
ERROR 1075
ERROR 1076
ERROR 1080
ERROR 1081
ERROR 1082
ERROR 1083
ERROR 1084
ERROR 1087
ERROR 1088
ERROR 1089
ERROR 1090
ERROR 1091
ERROR 1093
ERROR 1094
ERROR 1097
ERROR 1098
ERROR 1101
ERROR 1102
ERROR 1104
ERROR 1105
ERROR 1108
ERROR 1109
ERROR 1110
ERROR 1114
ERROR 1116
ERROR 1118
ERROR 1120
ERROR 1122
ERROR 1124
ERROR 1127
ERROR 1129
ERROR 1132
ERROR 1134
ERROR 1135
ERROR 1136
ERROR 1137
ERROR 1139
ERROR 1141
ERROR 1142
ERROR 1145
ERROR 1146
ERROR 1148
ERROR 1149
ERROR 1150
ERROR 1151
ERROR 1152
ERROR 1154
ERROR 1156
ERROR 1158
ERROR 1162
ERROR 1165
ERROR 1166
ERROR 1170
ERROR 1175
ERROR 1176
ERROR 1177
ERROR 1178
ERROR 1179
ERROR 1180
ERROR 1181
ERROR 1184
ERROR 1186
ERROR 1187
ERROR 1188
ERROR 1189
ERROR 1191
ERROR 1194
ERROR 1198
ERROR 1200
ERROR 1203
ERROR 1209
ERROR 1211
ERROR 1212
ERROR 1215
ERROR 1218
ERROR 1219
ERROR 1221
ERROR 1223
ERROR 1227
ERROR 1228
ERROR 1230
ERROR 1231
ERROR 1233
ERROR 1234
ERROR 1235
ERROR 1236
ERROR 1237
ERROR 1245
ERROR 1248
ERROR 1249
ERROR 1250
ERROR 1251
ERROR 1252
ERROR 1253
ERROR 1254
ERROR 1256
ERROR 1259
ERROR 1260
ERROR 1261
ERROR 1263
ERROR 1264
ERROR 1269
ERROR 1270
ERROR 1271
ERROR 1273
ERROR 1275
ERROR 1276
ERROR 1277
ERROR 1281
ERROR 1285
ERROR 1288
ERROR 1290
ERROR 1292
ERROR 1299
ERROR 1302
ERROR 1309
ERROR 1313
ERROR 1314
ERROR 1322
ERROR 1323
ERROR 1325
ERROR 1326
ERROR 1327
ERROR 1329
ERROR 1331
ERROR 1332
ERROR 1335
ERROR 1336
ERROR 1337
ERROR 1338
ERROR 1340
ERROR 1342
ERROR 1343
ERROR 1344
ERROR 1345
ERROR 1346
ERROR 1347
ERROR 1348
ERROR 1349
ERROR 1351
ERROR 1354
ERROR 1355
ERROR 1356
ERROR 1361
ERROR 1362
ERROR 1365
ERROR 1372
ERROR 1373
ERROR 1377
ERROR 1378
ERROR 1379
ERROR 1380
ERROR 1381
ERROR 1382
ERROR 1384
ERROR 1385
ERROR 1387
ERROR 1390
ERROR 1392
ERROR 1395
ERROR 1398
ERROR 1400
ERROR 1401
ERROR 1403
ERROR 1409
ERROR 1413
ERROR 1415
ERROR 1416
ERROR 1423
ERROR 1424
ERROR 1425
ERROR 1430
ERROR 1431
ERROR 1432
ERROR 1433
ERROR 1435
ERROR 1436
ERROR 1437
ERROR 1438
ERROR 1440
ERROR 1441
ERROR 1443
ERROR 1445
ERROR 1446
ERROR 1447
ERROR 1448
ERROR 1451
ERROR 1452
ERROR 1457
ERROR 1458
ERROR 1460
ERROR 1461
ERROR 1463
ERROR 1464
ERROR 1465
ERROR 1468
ERROR 1469
ERROR 1470
ERROR 1471
ERROR 1472
ERROR 1475
ERROR 1477
ERROR 1480
ERROR 1481
ERROR 1484
ERROR 1485
ERROR 1486
ERROR 1487
ERROR 1489
ERROR 1490
ERROR 1491
ERROR 1493
ERROR 1494
ERROR 1495
ERROR 1496
ERROR 1501
ERROR 1502
ERROR 1503
ERROR 1508
ERROR 1510
ERROR 1513
ERROR 1515
ERROR 1516
ERROR 1522
ERROR 1523
ERROR 1525
ERROR 1526
ERROR 1527
ERROR 1532
ERROR 1533
ERROR 1536
ERROR 1543
ERROR 1544
ERROR 1545
ERROR 1547
ERROR 1550
ERROR 1552
ERROR 1553
ERROR 1554
ERROR 1556
ERROR 1558
ERROR 1559
ERROR 1564
ERROR 1565
ERROR 1566
ERROR 1572
ERROR 1573
ERROR 1574
ERROR 1575
ERROR 1578
ERROR 1579
ERROR 1582
ERROR 1583
ERROR 1585
ERROR 1586
ERROR 1587
ERROR 1589
ERROR 1591
ERROR 1594
ERROR 1597
ERROR 1600
ERROR 1601
ERROR 1603
ERROR 1604
ERROR 1606
ERROR 1607
ERROR 1608
ERROR 1609
ERROR 1610
ERROR 1611
ERROR 1613
ERROR 1615
ERROR 1616
ERROR 1617
ERROR 1620
ERROR 1621
ERROR 1622
ERROR 1623
ERROR 1626
ERROR 1627
ERROR 1628
ERROR 1632
ERROR 1634
ERROR 1636
ERROR 1637
ERROR 1638
ERROR 1639
ERROR 1640
ERROR 1645
ERROR 1646
ERROR 1648
ERROR 1650
ERROR 1651
ERROR 1652
ERROR 1655
ERROR 1657
ERROR 1658
ERROR 1659
ERROR 1661
ERROR 1662
ERROR 1663
ERROR 1664
ERROR 1667
ERROR 1668
ERROR 1669
ERROR 1670
ERROR 1671
ERROR 1672
ERROR 1673
ERROR 1675
ERROR 1677
ERROR 1678
ERROR 1679
ERROR 1680
ERROR 1681
ERROR 1683
ERROR 1684
ERROR 1689
ERROR 1690
ERROR 1691
ERROR 1692
ERROR 1693
ERROR 1694
ERROR 1696
ERROR 1700
ERROR 1701
ERROR 1703
ERROR 1704
ERROR 1707
ERROR 1708
ERROR 1710
ERROR 1712
ERROR 1713
ERROR 1714
ERROR 1717
ERROR 1720
ERROR 1721
ERROR 1723
ERROR 1724
ERROR 1727
ERROR 1729
ERROR 1735
ERROR 1736
ERROR 1737
ERROR 1738
ERROR 1739
ERROR 1742
ERROR 1744
ERROR 1745
ERROR 1747
ERROR 1748
ERROR 1749
ERROR 1753
ERROR 1755
ERROR 1757
ERROR 1758
ERROR 1760
ERROR 1770
ERROR 1771
ERROR 1774
ERROR 1775
ERROR 1779
ERROR 1783
ERROR 1785
ERROR 1786
ERROR 1787
ERROR 1791
ERROR 1793
ERROR 1794
ERROR 1795
ERROR 1797
ERROR 1800
ERROR 1801
ERROR 1802
ERROR 1804
ERROR 1807
ERROR 1809
ERROR 1810
ERROR 1812
ERROR 1813
ERROR 1815
ERROR 1816
ERROR 1819
ERROR 1821
ERROR 1822
ERROR 1824
ERROR 1825
ERROR 1826
ERROR 1827
ERROR 1828
ERROR 1830
ERROR 1831
ERROR 1832
ERROR 1833
ERROR 1834
ERROR 1835
ERROR 1836
ERROR 1839
ERROR 1842
ERROR 1843
ERROR 1845
ERROR 1847
ERROR 1848
ERROR 1849
ERROR 1851
ERROR 1852
ERROR 1855
ERROR 1856
ERROR 1861
ERROR 1863
ERROR 1868
ERROR 1870
ERROR 1871
ERROR 1872
ERROR 1874
ERROR 1876
ERROR 1879
ERROR 1881
ERROR 1887
ERROR 1888
ERROR 1889
ERROR 1892
ERROR 1893
ERROR 1895
ERROR 1896
ERROR 1897
ERROR 1898
ERROR 1900
ERROR 1905
ERROR 1906
ERROR 1910
ERROR 1912
ERROR 1914
ERROR 1915
ERROR 1917
ERROR 1921
ERROR 1923
ERROR 1924
ERROR 1925
ERROR 1926
ERROR 1927
ERROR 1930
ERROR 1931
ERROR 1932
