








135;city271;182;158;city96;73;221;city255;180;190;city209;236;429;city213;224;313;city124;115;245;city270;92;318;city98;381;16;city273;25;206;city220;424;268;city60;467;117;city67;139;410;city142;390;392;city215;113;66;city82;36;145;city167;236;330;city181;121;370;city145








141;city137;37;54;city66;95;439;city165;166;378;city56;175;495;city135;284;184;city274;31;9;city139;5;169;city120;166;40;city259;142;487;city90;213;296;city240;96;294;city197

165;city172;22;185;city79;234;20;city187;285;479;city235;396;329;city174;399;386;city275;63;261;city261;86;323;city170;302;42;city228;38;364;city241;347;217;city96;61;219;city124;69;290;city291;407;60;city222;89;148;city56;226;118;city128;271;120;city181;10;244;city142;488;387;city213



133;city204;85;43;city281;11;155;city226;318;84;city263;402;166;city299;247;422;city95;14;216;city298;47;311;city161;201;159;city168;424;468;city250;96;171;city61;95;283;city229;328;398;city126;491;312;city72;471;303;city74


143;city172;185;258;city186;283;417;city197;418;310;city110;301;486;city291;279;395;city280;408;143;city131;245;224;city95;86;49;city223;30;430;city58;46;432;city272;331;377;city187;53;421;city298;130;139;city50;110;416;city52;5;264;city191;354;85;city240;89;117;city258




134;city115;165;290;city155;135;405;city194;173;457;city81;279;199;city279
141;city137;37;54;city66;95;439;city165;166;378;city56;175;495;city135;284;184;city274;31;9;city139;5;169;city120;166;40;city259;142;487;city90;213;296;city240;96;294;city197
131;city110;393;446;city182;153;22;city287;423;447;city83;99;403;city87;96;199;city254;386;2;city144;406;378;city200;363;497;city242;395;468;city104;59;314;city217;236;275;city172;149;134;city284;324;74;city161
156;city104;454;60;city164;345;28;city57;495;450;city230;45;215;city286;196;120;city152
136;city178;411;265;city147;146;53;city97;266;425;city124;28;104;city292;485;93;city175;90;330;city245;103;416;city143;181;85;city190;466;324;city283;420;150;city188;88;117;city74;12;35;city120;398;497;city207;245;341;city104
166;city135;236;238;city211


134;city115;165;290;city155;135;405;city194;173;457;city81;279;199;city279

153;city101;67;41;city268;283;365;city298;167;381;city201
140;city252;342;304;city282;78;58;city261;309;346;city67;120;310;city260;320;21;city299;130;316;city61;82;399;city285;239;310;city225;33;390;city68;309;459;city165;239;386;city184;7;440;city143
140;city252;342;304;city282;78;58;city261;309;346;city67;120;310;city260;320;21;city299;130;316;city61;82;399;city285;239;310;city225;33;390;city68;309;459;city165;239;386;city184;7;440;city143
133;city204;85;43;city281;11;155;city226;318;84;city263;402;166;city299;247;422;city95;14;216;city298;47;311;city161;201;159;city168;424;468;city250;96;171;city61;95;283;city229;328;398;city126;491;312;city72;471;303;city74

166;city135;236;238;city211

147;city169;475;177;city198;116;337;city245;205;151;city157


153;city101;67;41;city268;283;365;city298;167;381;city201
166;city135;236;238;city211
168;city250;184;366;city231;73;435;city262;51;9;city214;181;77;city205;164;121;city291;439;193;city245;113;49;city155;376;109;city203;374;484;city234;75;106;city122;164;486;city146;320;382;city293;364;127;city185;340;132;city85;179;165;city195
128;city257;428;279;city142;424;242;city270;269;464;city272;177;424;city262;7;57;city123;325;247;city53;359;382;city186;235;425;city183;157;298;city56;158;432;city95;172;110;city78;207;101;city234;37;101;city131;227;403;city85;54;299;city213;5;422;city207;422;356;city177
134;city115;165;290;city155;135;405;city194;173;457;city81;279;199;city279

141;city137;37;54;city66;95;439;city165;166;378;city56;175;495;city135;284;184;city274;31;9;city139;5;169;city120;166;40;city259;142;487;city90;213;296;city240;96;294;city197
159;city243;250;370;city123;9;409;city254;387;400;city171;320;252;city81;199;138;city184;472;458;city261;133;332;city237;385;155;city231;368;2;city143
128;city257;428;279;city142;424;242;city270;269;464;city272;177;424;city262;7;57;city123;325;247;city53;359;382;city186;235;425;city183;157;298;city56;158;432;city95;172;110;city78;207;101;city234;37;101;city131;227;403;city85;54;299;city213;5;422;city207;422;356;city177
162;city274;411;417;city220;479;114;city232;162;98;city125;120;96;city278;10;152;city256;158;47;city157;363;385;city59;308;220;city152;403;91;city253;221;494;city286;94;186;city97
154;city123;190;297;city244;43;321;city144;419;294;city50;86;184;city76;84;197;city236;144;323;city110;266;26;city269;251;216;city298

147;city169;475;177;city198;116;337;city245;205;151;city157
136;city178;411;265;city147;146;53;city97;266;425;city124;28;104;city292;485;93;city175;90;330;city245;103;416;city143;181;85;city190;466;324;city283;420;150;city188;88;117;city74;12;35;city120;398;497;city207;245;341;city104
156;city104;454;60;city164;345;28;city57;495;450;city230;45;215;city286;196;120;city152

157;city203;84;464;city292;291;442;city131;423;274;city108;232;425;city130;370;371;city259;117;225;city97;500;479;city53;401;130;city93;31;235;city260;211;239;city123;260;91;city241;8;360;city85;35;380;city113;149;424;city263;243;313;city145;103;330;city243;441;436;city298;142;144;city286


160;city179;117;345;city281;391;435;city267;150;57;city94;186;474;city286;373;409;city108;163;311;city216;100;113;city162;110;236;city142;167;497;city147

154;city123;190;297;city244;43;321;city144;419;294;city50;86;184;city76;84;197;city236;144;323;city110;266;26;city269;251;216;city298
154;city123;190;297;city244;43;321;city144;419;294;city50;86;184;city76;84;197;city236;144;323;city110;266;26;city269;251;216;city298
144;city220;189;69;city145;248;108;city94;470;41;city114


153;city101;67;41;city268;283;365;city298;167;381;city201
154;city123;190;297;city244;43;321;city144;419;294;city50;86;184;city76;84;197;city236;144;323;city110;266;26;city269;251;216;city298
172;city107;446;66;city101;166;265;city296;100;430;city162;208;19;city125;430;274;city224;417;216;city169;251;145;city253;67;99;city105;463;53;city65;285;378;city295
151;city158;211;473;city113;491;341;city296;190;311;city299;164;3629;city139;89;283;city290;266;40;city163;255;464;city286;466;397;city220;333;63;city84;421;296;city273
174;city224;96;447;city172;259;417;city95;68;307;city65;335;87;city136;472;85;city188;426;123;city61;170;149;city87;56;428;city67;188;286;city187

143;city172;185;258;city186;283;417;city197;418;310;city110;301;486;city291;279;395;city280;408;143;city131;245;224;city95;86;49;city223;30;430;city58;46;432;city272;331;377;city187;53;421;city298;130;139;city50;110;416;city52;5;264;city191;354;85;city240;89;117;city258
146;city127;63;283;city73;16;156;city242;279;328;city228;270;252;city102;278;451;city201;311;493;city227;197;317;city103;237;345;city161;28;228;city113;454;12;city179;459;125;city188
138;city69;264;18;city51;460;354;city98;242;116;city183;324;415;city233;132;452;city154;54;400;city213;153;394;city103;262;355;city255;110;236;city116
159;city243;250;370;city123;9;409;city254;387;400;city171;320;252;city81;199;138;city184;472;458;city261;133;332;city237;385;155;city231;368;2;city143

170;city240;335;293;city112;478;362;city51;444;415;city118;211;474;city55;165;383;city123;209;350;city199;470;238;city71;106;427;city202;337;482;city80;469;300;city206;61;104;city238;112;70;city160;3;193;city271
154;city123;190;297;city244;43;321;city144;419;294;city50;86;184;city76;84;197;city236;144;323;city110;266;26;city269;251;216;city298
143;city172;185;258;city186;283;417;city197;418;310;city110;301;486;city291;279;395;city280;408;143;city131;245;224;city95;86;49;city223;30;430;city58;46;432;city272;331;377;city187;53;421;city298;130;139;city50;110;416;city52;5;264;city191;354;85;city240;89;117;city258
146;city127;63;283;city73;16;156;city242;279;328;city228;270;252;city102;278;451;city201;311;493;city227;197;317;city103;237;345;city161;28;228;city113;454;12;city179;459;125;city188
172;city107;446;66;city101;166;265;city296;100;430;city162;208;19;city125;430;274;city224;417;216;city169;251;145;city253;67;99;city105;463;53;city65;285;378;city295
155;city263;318;409;city184;242;47;city79;264;288;city85;169;104;city274;289;488;city166;244;6;city298;45;268;city295;484;3;city138;422;234;city52;317;336;city209;206;8;city246
154;city123;190;297;city244;43;321;city144;419;294;city50;86;184;city76;84;197;city236;144;323;city110;266;26;city269;251;216;city298
174;city224;96;447;city172;259;417;city95;68;307;city65;335;87;city136;472;85;city188;426;123;city61;170;149;city87;56;428;city67;188;286;city187
131;city110;393;446;city182;153;22;city287;423;447;city83;99;403;city87;96;199;city254;386;2;city144;406;378;city200;363;497;city242;395;468;city104;59;314;city217;236;275;city172;149;134;city284;324;74;city161
144;city220;189;6752;city145;248;108;city94;470;41;city114
163;city296;410;105;city104;70;444;city251;117;135;city242;191;381;city160

158;city66;418;276;city226;410;7;city81;224;288;city70;327;415;city214;353;85;city198;20;175;city151;53;404;city285;285;309;city296;192;463;city64;70;278;city71;247;433;city140;284;26;city248;341;497;city173;326;488;city230
165;city172;22;185;city79;234;20;city187;285;479;city235;396;329;city174;399;386;city275;63;261;city261;86;323;city170;302;42;city228;38;364;city241;347;217;city96;61;7352;city124;69;290;city291;407;60;city222;89;148;city56;226;118;city128;271;120;city181;10;244;city142;488;387;city213
154;city123;190;297;city244;43;321;city144;419;294;city50;86;184;city76;84;197;city236;144;323;city110;266;26;city269;251;216;city298
154;city123;190;297;city244;43;321;city144;419;294;city50;86;184;city76;84;197;city236;144;323;city110;266;26;city269;251;216;city298

170;city240;335;293;city112;478;362;city51;444;2595;city118;211;474;city55;165;383;city123;209;350;city199;470;238;city71;106;427;city202;337;482;city80;469;300;city206;61;104;city238;112;70;city160;3;193;city271
154;city123;190;297;city244;43;321;city144;419;294;city50;86;184;city76;84;197;city236;144;323;city110;266;26;city269;251;216;city298
157;city203;84;464;city292;291;442;city131;423;274;city108;232;425;city130;370;371;city259;117;225;city97;500;479;city53;401;130;city93;31;235;city260;211;239;city123;260;91;city241;8;360;city85;35;380;city113;149;424;city263;243;313;city145;103;330;city243;441;436;city298;142;144;city286
147;city169;475;177;city198;116;337;city245;205;151;city157
153;city101;67;41;city268;283;365;city298;167;381;city201
172;city107;446;66;city101;166;265;city296;100;430;city162;208;19;city125;430;274;city224;417;216;city169;251;145;city253;67;99;city105;463;53;city65;285;378;city295
145;city62;295;488;city275;14;446;city256;430;201;city108;158;103;city95;342;444;city182;288;409;city79;422;383;city283;376;441;city245;431;337;city298;344;30;city82
140;city252;342;304;city282;78;58;city261;309;346;city67;120;310;city260;320;21;city299;130;316;city61;82;399;city285;239;310;city225;33;390;city68;309;459;city165;239;386;city184;7;440;city143
170;city240;335;293;city112;478;362;city51;444;2595;city118;211;474;city55;165;383;city123;209;350;city199;470;238;city71;106;427;city202;337;482;city80;469;300;city206;61;104;city238;112;70;city160;3;193;city271
159;city243;250;370;city123;9;409;city254;387;400;city171;320;252;city81;199;138;city184;472;458;city261;133;332;city237;385;155;city231;368;2;city143

125;city200;9;357;city98;212;55;city93;276;317;city150;231;389;city251;101;372;city102;196;387;city229;202;339;city51;173;456;city146;47;442;city133
140;city252;342;304;city282;78;58;city261;309;346;city67;120;310;city260;320;21;city299;130;316;city61;82;399;city285;239;310;city225;33;390;city68;309;459;city165;239;386;city184;7;440;city143

140;city252;342;304;city282;78;58;city261;309;346;city67;120;310;city260;320;21;city299;130;316;city61;82;399;city285;239;310;city225;33;390;city68;309;459;city165;239;386;city184;7;440;city143
151;city158;211;473;city113;491;341;city296;190;311;city299;164;3629;city139;89;283;city290;266;40;city163;255;464;city286;466;397;city220;333;63;city84;421;296;city273
127;city71;399;309;city291;312;231;city120;423;456;city195;283;270;city184;356;155;city204;134;442;city103;233;36;city158;400;496;city171;490;444;city193;9;116;city164
128;city257;428;279;city142;424;242;city270;269;464;city272;177;424;city262;7;57;city123;325;247;city53;359;382;city186;235;425;city183;157;298;city56;158;432;city95;172;110;city78;207;101;city234;37;101;city131;227;403;city85;54;299;city213;5;422;city207;422;356;city177
128;city257;428;279;city142;424;242;city270;269;464;city272;177;424;city262;7;57;city123;325;247;city53;359;382;city186;235;425;city183;157;298;city56;158;432;city95;172;110;city78;207;101;city234;37;101;city131;227;403;city85;54;299;city213;5;422;city207;422;356;city177
170;city240;335;293;city112;478;362;city51;444;2595;city118;211;474;city55;165;383;city123;209;350;city199;470;238;city71;106;427;city202;337;482;city80;469;300;city206;61;104;city238;112;70;city160;3;193;city271
147;city169;475;177;city198;116;337;city245;205;151;city157
170;city240;335;293;city112;478;362;city51;444;2595;city118;211;474;city55;165;383;city123;209;350;city199;470;238;city71;106;427;city202;337;482;city80;469;300;city206;61;104;city238;112;70;city160;3;193;city271
155;city263;318;409;city184;242;47;city79;264;288;city85;169;104;city274;289;488;city166;244;6;city298;45;268;city295;484;3;city138;422;234;city52;317;336;city209;206;8;city246
160;city179;117;345;city281;391;435;city267;150;57;city94;186;474;city286;373;409;city108;163;311;city216;100;113;city162;110;236;city142;167;497;city147
145;city62;295;488;city275;14;446;city256;430;201;city108;158;103;city95;342;444;city182;288;409;city79;422;383;city283;376;441;city245;431;337;city298;344;30;city82
132;city274;187;362;city235;372;463;city296;351;388;city210;476;204;city96;92;441;city143;371;499;city198;190;67;city98;457;423;city158;388;375;city278;319;36;city119;63;401;city108;500;60;city50;384;211;city75;338;84;city88;165;444;city240;421;401;city219;248;115;city172
170;city240;335;293;city112;478;362;city51;444;2595;city118;211;474;city55;165;383;city123;209;350;city199;470;238;city71;106;427;city202;337;482;city80;469;300;city206;61;104;city238;112;70;city160;3;193;city271

134;city115;165;290;city155;135;405;city194;173;457;city81;279;199;city279
162;city274;411;417;city220;479;114;city232;162;98;city125;120;96;city278;10;152;city256;158;47;city157;363;385;city59;308;220;city152;403;91;city253;221;494;city286;94;186;city97
137;city147;322;415;city238;268;150;city272;62;224;city196;182;251;city140
149;city215;227;37;city250;288;448;city209
172;city107;446;66;city101;166;265;city296;100;430;city162;208;19;city125;430;274;city224;417;216;city169;251;145;city253;67;99;city105;463;53;city65;285;378;city295
136;city178;411;265;city147;146;53;city97;266;425;city124;28;104;city292;485;93;city175;90;330;city245;103;416;city143;181;85;city190;466;324;city283;420;150;city188;88;117;city74;12;35;city120;398;497;city207;245;341;city104
147;city169;475;177;city198;116;337;city245;205;151;city157
139;city202;235;65;city246;73;298;city180;226;134;city62
140;city252;342;304;city282;78;58;city261;309;346;city67;120;310;city260;320;21;city299;130;316;city61;82;399;city285;239;310;city225;33;390;city68;309;459;city165;239;386;city184;7;440;city143

143;city172;185;258;city186;283;417;city197;418;310;city110;301;486;city291;279;395;city280;408;143;city131;245;224;city95;86;49;city223;30;430;city58;46;432;city272;331;377;city187;53;421;city298;130;139;city50;110;416;city52;5;264;city191;354;85;city240;89;117;city258
138;city69;264;18;city51;460;354;city98;242;116;city183;324;415;city233;132;452;city154;54;400;city213;153;394;city103;262;355;city255;110;236;city116


133;city204;85;43;city281;11;155;city226;318;84;city263;402;166;city299;247;422;city95;14;216;city298;47;311;city161;201;159;city168;424;468;city250;96;171;city61;95;283;city229;328;398;city126;491;312;city72;471;303;city74
166;city135;236;238;city211

165;city172;22;185;city79;234;20;city187;285;479;city235;396;329;city174;399;386;city275;63;261;city261;86;323;city170;302;42;city228;38;364;city241;347;217;city96;61;7352;city124;69;290;city291;407;60;city222;89;148;city56;226;118;city128;271;120;city181;10;244;city142;488;387;city213
153;city101;67;41;city268;283;365;city298;167;381;city201
142;city260;52;279;city196;162;362;city176;21;300;city268;238;196;city161;407;107;city277;487;435;city58;440;346;city226;332;264;city243;42;277;city103;299;3;city224;308;446;city147;108;266;city62
151;city158;211;473;city113;491;341;city296;190;311;city299;164;3629;city139;89;283;city290;266;40;city163;255;464;city286;466;397;city220;333;63;city84;421;296;city273
166;city135;236;238;city211
155;city263;318;409;city184;242;47;city79;264;288;city85;169;104;city274;289;488;city166;244;6;city298;45;268;city295;484;3;city138;422;234;city52;317;336;city209;206;8;city246
142;city260;52;279;city196;162;362;city176;21;300;city268;238;196;city161;407;107;city277;487;435;city58;440;346;city226;332;264;city243;42;277;city103;299;3;city224;308;446;city147;108;266;city62
146;city127;63;283;city73;16;156;city242;279;328;city228;270;252;city102;278;451;city201;311;493;city227;197;317;city103;237;345;city161;28;228;city113;454;12;city179;459;125;city188
146;city127;63;283;city73;16;156;city242;279;328;city228;270;252;city102;278;451;city201;311;493;city227;197;317;city103;237;345;city161;28;228;city113;454;12;city179;459;125;city188
142;city260;52;279;city196;162;362;city176;21;300;city268;238;196;city161;407;107;city277;487;435;city58;440;346;city226;332;264;city243;42;277;city103;299;3;city224;308;446;city147;108;266;city62
142;city260;52;279;city196;162;362;city176;21;300;city268;238;196;city161;407;107;city277;487;435;city58;440;346;city226;332;264;city243;42;277;city103;299;3;city224;308;446;city147;108;266;city62
168;city250;184;366;city231;73;435;city262;51;9;city214;181;835;city205;164;121;city291;439;193;city245;113;49;city155;376;109;city203;374;484;city234;75;106;city122;164;486;city146;320;382;city293;364;127;city185;340;132;city85;179;165;city195
154;city123;190;297;city244;43;321;city144;419;294;city50;86;184;city76;84;197;city236;144;323;city110;266;26;city269;251;216;city298
133;city204;85;43;city281;11;155;city226;318;84;city263;402;166;city299;247;422;city95;14;216;city298;47;311;city161;201;159;city168;424;468;city250;96;171;city61;95;283;city229;328;398;city126;491;312;city72;471;303;city74
144;city220;189;6752;city145;248;108;city94;470;41;city114
136;city178;411;265;city147;146;53;city97;266;425;city124;28;104;city292;485;93;city175;90;330;city245;103;416;city143;181;85;city190;466;324;city283;420;150;city188;88;117;city74;12;35;city120;398;497;city207;245;341;city104
155;city263;318;409;city184;242;47;city79;264;288;city85;169;104;city274;289;488;city166;244;6;city298;45;268;city295;484;3;city138;422;234;city52;317;336;city209;206;8;city246
127;city71;399;309;city291;312;231;city120;423;456;city195;283;270;city184;356;155;city204;134;442;city103;233;36;city158;400;496;city171;490;444;city193;9;116;city164
153;city101;67;41;city268;283;365;city298;167;381;city201
157;city203;84;464;city292;291;442;city131;423;274;city108;232;425;city130;370;371;city259;117;225;city97;500;479;city53;401;130;city93;31;235;city260;211;239;city123;260;91;city241;8;360;city85;35;380;city113;149;424;city263;243;313;city145;103;330;city243;441;436;city298;142;144;city286
126;city288;487;375;city99;188;157;city211;165;452;city167;449;377;city223;31;445;city160;102;40;city232;282;254;city242;276;116;city117;67;281;city246;93;74;city150;318;171;city298;212;34;city188
134;city115;165;290;city155;135;405;city194;173;457;city81;279;199;city279
139;city202;235;65;city246;73;298;city180;226;134;city62
166;city135;236;238;city211
164;city249;259;22;city232;236;299;city158;182;436;city220;226;224;city112;363;55;city266;90;187;city80;222;432;city185
173;city95;495;212;city155;183;287;city59
136;city178;411;265;city147;146;53;city97;266;425;city124;28;104;city292;485;93;city175;90;330;city245;103;416;city143;181;85;city190;466;324;city283;420;150;city188;88;117;city74;12;35;city120;398;497;city207;245;341;city104
168;city250;184;366;city231;73;435;city262;51;9;city214;181;835;city205;164;121;city291;439;193;city245;113;49;city155;376;109;city203;374;484;city234;75;106;city122;164;486;city146;320;382;city293;364;127;city185;340;132;city85;179;165;city195
143;city172;185;258;city186;283;417;city197;418;310;city110;301;486;city291;279;395;city280;408;143;city131;245;224;city95;86;49;city223;30;430;city58;46;432;city272;331;377;city187;53;421;city298;130;139;city50;110;416;city52;5;264;city191;354;85;city240;89;117;city258
147;city169;475;177;city198;116;337;city245;205;151;city157
163;city296;410;105;city104;70;444;city251;117;135;city242;191;381;city160
140;city252;342;304;city282;78;58;city261;309;346;city67;120;310;city260;320;21;city299;130;316;city61;82;399;city285;239;310;city225;33;390;city68;309;459;city165;239;386;city184;7;440;city143
138;city69;264;18;city51;460;354;city98;242;116;city183;324;415;city233;132;452;city154;54;400;city213;153;394;city103;262;355;city255;110;236;city116
156;city104;454;60;city164;345;28;city57;495;450;city230;45;215;city286;196;120;city152
150;city69;210;204;city52
126;city288;487;375;city99;188;157;city211;165;452;city167;449;377;city223;31;445;city160;102;40;city232;282;254;city242;276;116;city117;67;281;city246;93;74;city150;318;171;city298;212;34;city188
164;city249;259;22;city232;236;299;city158;182;436;city220;226;224;city112;363;55;city266;90;187;city80;222;432;city185
132;city274;187;362;city235;372;463;city296;351;388;city210;476;204;city96;92;441;city143;371;499;city198;190;67;city98;457;423;city158;388;375;city278;319;36;city119;63;401;city108;500;60;city50;384;211;city75;338;84;city88;165;444;city240;421;401;city219;248;115;city172
164;city249;259;22;city232;236;299;city158;182;436;city220;226;224;city112;363;55;city266;90;187;city80;222;432;city185
138;city69;264;18;city51;460;354;city98;242;116;city183;324;415;city233;132;452;city154;54;400;city213;153;394;city103;262;355;city255;110;236;city116
146;city127;63;283;city73;16;156;city242;279;328;city228;270;252;city102;278;451;city201;311;493;city227;197;317;city103;237;345;city161;28;228;city113;454;12;city179;459;125;city188
152;city101;85;64;city194;327;164;city197;49;349;city227;414;494;city53;80;378;city289;289;207;city125;305;243;city145;443;484;city139;81;315;city215;13;308;city97;341;341;city204;492;230;city72;348;313;city200;12;122;city212
158;city66;418;276;city226;410;7;city81;224;288;city70;327;415;city214;353;85;city198;20;175;city151;53;404;city285;285;309;city296;192;463;city64;70;278;city71;247;433;city140;284;26;city248;341;497;city173;326;488;city230
173;city95;495;212;city155;183;287;city59
146;city127;63;283;city73;16;156;city242;279;328;city228;270;252;city102;278;451;city201;311;493;city227;197;317;city103;237;345;city161;28;228;city113;454;12;city179;459;125;city188
143;city172;185;258;city186;283;417;city197;418;310;city110;301;486;city291;279;395;city280;408;143;city131;245;224;city95;86;49;city223;30;430;city58;46;432;city272;331;377;city187;53;421;city298;130;139;city50;110;416;city52;5;264;city191;354;85;city240;89;117;city258
142;city260;52;279;city196;162;362;city176;21;300;city268;238;196;city161;407;107;city277;487;435;city58;440;346;city226;332;264;city243;42;277;city103;299;3;city224;308;446;city147;108;266;city62
173;city95;495;212;city155;183;287;city59
149;city215;227;37;city250;288;448;city209
165;city172;22;185;city79;234;20;city187;285;479;city235;396;329;city174;399;386;city275;63;261;city261;86;323;city170;302;42;city228;38;364;city241;347;217;city96;61;7352;city124;69;290;city291;407;60;city222;89;148;city56;226;118;city128;271;120;city181;10;244;city142;488;387;city213
161;city101;35;131;city279;448;107;city111;142;91;city223;209;470;city251;306;334;city93;148;207;city128;279;310;city122;159;48;city91;14;364;city239;101;424;city294;32;134;city70;428;99;city268;459;389;city281;179;365;city92;348;339;city195;338;416;city125
136;city178;411;265;city147;146;53;city97;266;425;city124;28;104;city292;485;93;city175;90;330;city245;103;416;city143;181;85;city190;466;324;city283;420;150;city188;88;117;city74;12;35;city120;398;497;city207;245;341;city104
174;city224;96;447;city172;259;417;city95;68;307;city65;335;87;city136;472;85;city188;426;123;city61;170;149;city87;56;428;city67;188;286;city187
158;city66;418;276;city226;410;7;city81;224;288;city70;327;415;city214;353;85;city198;20;175;city151;53;404;city285;285;309;city296;192;463;city64;70;278;city71;247;433;city140;284;26;city248;341;497;city173;326;488;city230
144;city220;189;6752;city145;248;108;city94;470;41;city114
140;city252;342;304;city282;78;58;city261;309;346;city67;120;310;city260;320;21;city299;130;316;city61;82;399;city285;239;310;city225;33;390;city68;309;459;city165;239;386;city184;7;440;city143
170;city240;335;293;city112;478;362;city51;444;2595;city118;211;474;city55;165;383;city123;209;350;city199;470;238;city71;106;427;city202;337;482;city80;469;300;city206;61;104;city238;112;70;city160;3;193;city271
157;city203;84;464;city292;291;442;city131;423;274;city108;232;425;city130;370;371;city259;117;225;city97;500;479;city53;401;130;city93;31;235;city260;211;239;city123;260;91;city241;8;360;city85;35;380;city113;149;424;city263;243;313;city145;103;330;city243;441;436;city298;142;144;city286
154;city123;190;297;city244;43;321;city144;419;294;city50;86;184;city76;84;197;city236;144;323;city110;266;26;city269;251;216;city298
130;city57;493;228;city228;179;285;city83;108;426;city137;440;258;city114;7;229;city253;102;244;city227;192;92;city284
145;city62;295;488;city275;14;446;city256;430;201;city108;158;103;city95;342;444;city182;288;409;city79;422;383;city283;376;441;city245;431;337;city298;344;30;city82
140;city252;342;304;city282;78;58;city261;309;346;city67;120;310;city260;320;21;city299;130;316;city61;82;399;city285;239;310;city225;33;390;city68;309;459;city165;239;386;city184;7;440;city143
159;city243;250;370;city123;9;409;city254;387;400;city171;320;252;city81;199;138;city184;472;458;city261;133;332;city237;385;155;city231;368;7571;city143
133;city204;85;43;city281;11;155;city226;318;84;city263;402;166;city299;247;422;city95;14;216;city298;47;311;city161;201;159;city168;424;468;city250;96;171;city61;95;283;city229;328;398;city126;491;312;city72;471;303;city74
161;city101;35;131;city279;448;107;city111;142;91;city223;209;470;city251;306;334;city93;148;207;city128;279;310;city122;159;48;city91;14;364;city239;101;424;city294;32;134;city70;428;99;city268;459;389;city281;179;365;city92;348;339;city195;338;416;city125
166;city135;236;238;city211
144;city220;189;6752;city145;248;108;city94;470;41;city114
131;city110;393;446;city182;153;22;city287;423;447;city83;99;403;city87;96;199;city254;386;2;city144;406;378;city200;363;497;city242;395;468;city104;59;314;city217;236;275;city172;149;134;city284;324;4761;city161
126;city288;487;375;city99;188;157;city211;165;452;city167;449;377;city223;31;445;city160;102;40;city232;282;254;city242;276;116;city117;67;281;city246;93;74;city150;318;171;city298;212;34;city188
145;city62;295;488;city275;14;446;city256;430;201;city108;158;103;city95;342;444;city182;288;409;city79;422;383;city283;376;441;city245;431;337;city298;344;30;city82
150;city69;210;204;city52
172;city107;446;66;city101;166;265;city296;100;430;city162;208;19;city125;430;274;city224;417;216;city169;251;145;city253;67;99;city105;463;53;city65;285;378;city295
141;city137;37;54;city66;95;439;city165;166;378;city56;175;495;city135;284;184;city274;31;9;city139;5;169;city120;166;40;city259;142;487;city90;213;296;city240;96;294;city197
144;city220;189;6752;city145;248;108;city94;470;41;city114
170;city240;335;293;city112;478;362;city51;444;2595;city118;211;474;city55;165;383;city123;209;350;city199;470;238;city71;106;427;city202;337;482;city80;469;300;city206;61;104;city238;112;70;city160;3;193;city271
163;city296;410;105;city104;70;444;city251;117;135;city242;191;381;city160
160;city179;117;345;city281;391;435;city267;150;57;city94;186;474;city286;373;409;city108;163;311;city216;100;113;city162;110;236;city142;167;497;city147
169;city70;241;430;city238;124;20;city63;148;311;city98;114;444;city192;380;12;city56;138;492;city164;92;338;city141;38;52;city282;394;10;city105
153;city101;67;41;city268;283;365;city298;167;381;city201
146;city127;63;283;city73;16;156;city242;279;328;city228;270;252;city102;278;451;city201;311;493;city227;197;317;city103;237;345;city161;28;228;city113;454;12;city179;459;125;city188
170;city240;335;293;city112;478;362;city51;444;2595;city118;211;474;city55;165;383;city123;209;350;city199;470;238;city71;106;427;city202;337;482;city80;469;300;city206;61;104;city238;112;70;city160;3;193;city271
134;city115;165;290;city155;135;405;city194;173;457;city81;279;199;city279
150;city69;210;204;city52
140;city252;342;304;city282;78;58;city261;309;346;city67;120;310;city260;320;21;city299;130;316;city61;82;399;city285;239;310;city225;33;390;city68;309;459;city165;239;386;city184;7;440;city143
146;city127;63;283;city73;16;156;city242;279;328;city228;270;252;city102;278;451;city201;311;493;city227;197;317;city103;237;345;city161;28;228;city113;454;12;city179;459;125;city188
139;city202;235;65;city246;73;298;city180;226;134;city62
133;city204;85;43;city281;11;155;city226;318;84;city263;402;166;city299;247;422;city95;14;216;city298;47;311;city161;201;159;city168;424;468;city250;96;171;city61;95;283;city229;328;398;city126;491;312;city72;471;303;city74
129;city268;296;11;city119
164;city249;259;22;city232;236;299;city158;182;436;city220;226;224;city112;363;55;city266;90;187;city80;222;432;city185
135;city271;182;158;city96;73;221;city255;180;190;city209;236;429;city213;224;313;city124;115;245;city270;92;318;city98;381;16;city273;25;206;city220;424;268;city60;467;117;city67;139;410;city142;390;392;city215;113;66;city82;36;145;city167;236;330;city181;121;370;city145

136;city178;411;265;city147;146;53;city97;266;425;city124;28;104;city292;485;93;city175;90;330;city245;103;416;city143;181;85;city190;466;324;city283;420;150;city188;88;117;city74;12;35;city120;398;497;city207;245;341;city104
140;city252;342;304;city282;78;58;city261;309;346;city67;120;310;city260;320;21;city299;130;316;city61;82;399;city285;239;310;city225;33;390;city68;309;459;city165;239;386;city184;7;440;city143
150;city69;210;204;city52
128;city257;428;279;city142;424;242;city270;269;464;city272;177;424;city262;7;57;city123;325;247;city53;359;382;city186;235;425;city183;157;298;city56;158;432;city95;172;110;city78;207;101;city234;37;101;city131;227;403;city85;54;299;city213;5;422;city207;422;356;city177
154;city123;190;297;city244;43;321;city144;419;294;city50;86;184;city76;84;197;city236;144;323;city110;266;26;city269;251;216;city298
134;city115;165;290;city155;135;405;city194;173;457;city81;279;199;city279
163;city296;410;105;city104;70;444;city251;117;135;city242;191;381;city160
129;city268;296;11;city119
131;city110;393;446;city182;153;22;city287;423;447;city83;99;403;city87;96;199;city254;386;2;city144;406;378;city200;363;497;city242;395;468;city104;59;314;city217;236;275;city172;149;134;city284;324;4761;city161
154;city123;190;297;city244;43;321;city144;419;294;city50;86;184;city76;84;197;city236;144;323;city110;266;26;city269;251;216;city298
125;city200;9;357;city98;212;55;city93;276;317;city150;231;389;city251;101;372;city102;196;387;city229;202;339;city51;173;456;city146;47;442;city133
127;city71;399;309;city291;312;231;city120;423;456;city195;283;270;city184;356;155;city204;134;442;city103;233;36;city158;400;496;city171;490;444;city193;9;116;city164
131;city110;393;446;city182;153;22;city287;423;447;city83;99;403;city87;96;199;city254;386;2;city144;406;378;city200;363;497;city242;395;468;city104;59;314;city217;236;275;city172;149;134;city284;324;4761;city161
147;city169;475;177;city198;116;337;city245;205;151;city157
162;city274;411;417;city220;479;114;city232;162;98;city125;120;96;city278;10;152;city256;158;47;city157;363;385;city59;308;220;city152;403;91;city253;221;494;city286;94;186;city97
129;city268;296;11;city119
156;city104;454;60;city164;345;28;city57;495;450;city230;45;215;city286;196;120;city152
151;city158;211;473;city113;491;341;city296;190;311;city299;164;3629;city139;89;283;city290;266;40;city163;255;464;city286;466;397;city220;333;63;city84;421;296;city273
161;city101;35;131;city279;448;107;city111;142;91;city223;209;470;city251;306;334;city93;148;207;city128;279;310;city122;159;48;city91;14;364;city239;101;424;city294;32;134;city70;428;99;city268;459;389;city281;179;365;city92;348;339;city195;338;416;city125
129;city268;296;11;city119
139;city202;235;65;city246;73;298;city180;226;134;city62
147;city169;475;177;city198;116;337;city245;205;151;city157
129;city268;296;11;city119
148;city200;73;426;city145;96;424;city228;270;198;city291;499;201;city223;173;243;city50;344;18;city183;442;98;city178;222;394;city286;396;264;city207;441;240;city251;345;246;city214;468;343;city284
149;city215;227;37;city250;288;448;city209
161;city101;35;131;city279;448;107;city111;142;91;city223;209;470;city251;306;334;city93;148;207;city128;279;310;city122;159;48;city91;14;364;city239;101;424;city294;32;134;city70;428;99;city268;459;389;city281;179;365;city92;348;339;city195;338;416;city125
135;city271;182;158;city96;73;221;city255;180;190;city209;236;429;city213;224;313;city124;115;245;city270;92;318;city98;381;16;city273;25;206;city220;424;268;city60;467;117;city67;139;410;city142;390;392;city215;113;66;city82;36;145;city167;236;330;city181;121;370;city145
157;city203;84;464;city292;291;442;city131;423;274;city108;232;425;city130;370;371;city259;117;225;city97;500;479;city53;401;130;city93;31;235;city260;211;239;city123;260;91;city241;8;360;city85;35;380;city113;149;424;city263;243;313;city145;103;330;city243;441;436;city298;142;144;city286
152;city101;85;64;city194;327;164;city197;49;349;city227;414;494;city53;80;378;city289;289;207;city125;305;243;city145;443;484;city139;81;315;city215;13;308;city97;341;341;city204;492;230;city72;348;313;city200;12;122;city212
135;city271;182;158;city96;73;221;city255;180;190;city209;236;429;city213;224;313;city124;115;245;city270;92;318;city98;381;16;city273;25;206;city220;424;268;city60;467;117;city67;139;410;city142;390;392;city215;113;66;city82;36;145;city167;236;330;city181;121;370;city145
169;city70;241;430;city238;124;20;city63;148;311;city98;114;444;city192;380;12;city56;138;492;city164;92;338;city141;38;52;city282;394;10;city105
173;city95;495;212;city155;183;287;city59
170;city240;335;293;city112;478;362;city51;444;2595;city118;211;474;city55;165;383;city123;209;350;city199;470;238;city71;106;427;city202;337;482;city80;469;300;city206;61;104;city238;112;70;city160;3;193;city271
155;city263;318;409;city184;242;47;city79;264;288;city85;169;104;city274;289;488;city166;244;6;city298;45;268;city295;484;3;city138;422;234;city52;317;336;city209;206;8;city246
148;city200;73;426;city145;96;424;city228;270;198;city291;499;201;city223;173;243;city50;344;18;city183;442;98;city178;222;394;city286;396;264;city207;441;240;city251;345;246;city214;468;343;city284
168;city250;184;366;city231;73;435;city262;51;9;city214;181;835;city205;164;121;city291;439;193;city245;113;49;city155;376;109;city203;374;484;city234;75;106;city122;164;486;city146;320;382;city293;364;127;city185;340;132;city85;179;165;city195
172;city107;446;66;city101;166;265;city296;100;430;city162;208;19;city125;430;274;city224;417;216;city169;251;145;city253;67;99;city105;463;53;city65;285;378;city295
162;city274;411;417;city220;479;114;city232;162;98;city125;120;96;city278;10;152;city256;158;47;city157;363;385;city59;308;220;city152;403;91;city253;221;494;city286;94;186;city97
129;city268;296;11;city119
169;city70;241;430;city238;124;20;city63;148;311;city98;114;444;city192;380;12;city56;138;492;city164;92;338;city141;38;52;city282;394;10;city105
163;city296;410;105;city104;70;444;city251;117;135;city242;191;381;city160
153;city101;67;41;city268;283;365;city298;167;381;city201
142;city260;52;279;city196;162;362;city176;21;300;city268;238;196;city161;407;107;city277;487;435;city58;440;346;city226;332;264;city243;42;277;city103;299;3;city224;308;446;city147;108;266;city62
139;city202;235;65;city246;73;298;city180;226;134;city62
136;city178;411;265;city147;146;53;city97;266;425;city124;28;104;city292;485;93;city175;90;330;city245;103;416;city143;181;85;city190;466;324;city283;420;150;city188;88;117;city74;12;35;city120;398;497;city207;245;341;city104
160;city179;117;345;city281;391;435;city267;150;57;city94;186;474;city286;373;409;city108;163;311;city216;100;113;city162;110;236;city142;167;497;city147
140;city252;342;304;city282;78;58;city261;309;346;city67;120;310;city260;320;21;city299;130;316;city61;82;399;city285;239;310;city225;33;390;city68;309;459;city165;239;386;city184;7;440;city143
136;city178;411;265;city147;146;53;city97;266;425;city124;28;104;city292;485;93;city175;90;330;city245;103;416;city143;181;85;city190;466;324;city283;420;150;city188;88;117;city74;12;35;city120;398;497;city207;245;341;city104
130;city57;493;228;city228;179;285;city83;108;426;city137;440;258;city114;7;229;city253;102;244;city227;192;92;city284
162;city274;411;417;city220;479;114;city232;162;98;city125;120;96;city278;10;152;city256;158;47;city157;363;385;city59;308;220;city152;403;91;city253;221;494;city286;94;186;city97
160;city179;117;345;city281;391;435;city267;150;57;city94;186;474;city286;373;409;city108;163;311;city216;100;113;city162;110;236;city142;167;497;city147
163;city296;410;105;city104;70;444;city251;117;135;city242;191;381;city160
149;city215;227;37;city250;288;448;city209
171;city290;259;477;city177
153;city101;67;41;city268;283;365;city298;167;381;city201
140;city252;342;304;city282;78;58;city261;309;346;city67;120;310;city260;320;21;city299;130;316;city61;82;399;city285;239;310;city225;33;390;city68;309;459;city165;239;386;city184;7;440;city143
128;city257;428;279;city142;424;242;city270;269;464;city272;177;424;city262;7;57;city123;325;247;city53;359;382;city186;235;425;city183;157;298;city56;158;432;city95;172;110;city78;207;101;city234;37;101;city131;227;403;city85;54;299;city213;5;422;city207;422;356;city177
160;city179;117;345;city281;391;435;city267;150;57;city94;186;474;city286;373;409;city108;163;311;city216;100;113;city162;110;236;city142;167;497;city147
162;city274;411;417;city220;479;114;city232;162;98;city125;120;96;city278;10;152;city256;158;47;city157;363;385;city59;308;220;city152;403;91;city253;221;494;city286;94;186;city97
161;city101;35;131;city279;448;107;city111;142;91;city223;209;470;city251;306;334;city93;148;207;city128;279;310;city122;159;48;city91;14;364;city239;101;424;city294;32;134;city70;428;99;city268;459;389;city281;179;365;city92;348;339;city195;338;416;city125
132;city274;187;362;city235;372;463;city296;351;388;city210;476;204;city96;92;441;city143;371;499;city198;190;67;city98;457;423;city158;388;375;city278;319;36;city119;63;401;city108;500;60;city50;384;211;city75;338;84;city88;165;444;city240;421;401;city219;248;115;city172
