ERROR 2
ERROR 4
ERROR 5
ERROR 6
ERROR 7
ERROR 8
ERROR 11
ERROR 20
ERROR 22
ERROR 24
ERROR 45
ERROR 46
ERROR 47
ERROR 49
ERROR 51
ERROR 52
ERROR 58
ERROR 60
ERROR 62
ERROR 71
ERROR 72
ERROR 77
ERROR 87
ERROR 88
ERROR 89
ERROR 97
ERROR 99
ERROR 102
ERROR 104
ERROR 110
ERROR 113
ERROR 115
ERROR 122
ERROR 123
ERROR 124
ERROR 126
ERROR 127
ERROR 129
ERROR 131
ERROR 134
ERROR 141
ERROR 144
ERROR 146
ERROR 147
ERROR 150
ERROR 151
ERROR 154
ERROR 156
ERROR 157
ERROR 158
ERROR 161
ERROR 165
ERROR 166
ERROR 168
ERROR 170
ERROR 173
ERROR 177
ERROR 178
ERROR 184
ERROR 185
ERROR 187
ERROR 194
ERROR 196
ERROR 197
ERROR 199
ERROR 201
ERROR 203
ERROR 204
ERROR 205
ERROR 207
ERROR 213
ERROR 217
ERROR 219
ERROR 220
ERROR 221
ERROR 222
ERROR 227
ERROR 229
ERROR 230
ERROR 231
ERROR 234
ERROR 238
ERROR 239
ERROR 240
ERROR 246
ERROR 248
ERROR 254
ERROR 255
ERROR 259
ERROR 260
ERROR 261
ERROR 262
ERROR 263
ERROR 264
ERROR 267
ERROR 268
ERROR 271
ERROR 273
ERROR 274
ERROR 277
ERROR 279
ERROR 284
ERROR 286
ERROR 288
ERROR 289
ERROR 290
ERROR 293
ERROR 294
ERROR 295
ERROR 299
ERROR 301
ERROR 303
ERROR 306
ERROR 308
ERROR 311
ERROR 312
ERROR 313
ERROR 314
ERROR 316
ERROR 318
ERROR 320
ERROR 322
ERROR 326
ERROR 327
ERROR 329
ERROR 331
ERROR 332
ERROR 334
ERROR 335
ERROR 336
ERROR 338
ERROR 339
ERROR 340
ERROR 343
ERROR 348
ERROR 349
ERROR 352
ERROR 354
ERROR 356
ERROR 357
ERROR 358
ERROR 361
ERROR 362
ERROR 363
ERROR 369
ERROR 370
ERROR 376
ERROR 379
ERROR 380
ERROR 381
ERROR 382
ERROR 384
ERROR 386
ERROR 387
ERROR 388
ERROR 392
ERROR 393
ERROR 396
ERROR 398
ERROR 402
ERROR 403
ERROR 405
ERROR 406
ERROR 408
ERROR 412
ERROR 416
ERROR 420
ERROR 423
ERROR 424
ERROR 425
ERROR 426
ERROR 429
ERROR 431
ERROR 433
ERROR 434
ERROR 437
ERROR 440
ERROR 441
ERROR 445
ERROR 446
ERROR 450
ERROR 452
ERROR 453
ERROR 456
ERROR 457
ERROR 459
ERROR 460
ERROR 462
ERROR 463
ERROR 465
ERROR 467
ERROR 469
ERROR 474
ERROR 476
ERROR 477
ERROR 479
ERROR 480
ERROR 482
ERROR 483
ERROR 484
ERROR 485
ERROR 489
ERROR 491
ERROR 493
ERROR 495
ERROR 499
ERROR 500
ERROR 501
ERROR 504
ERROR 508
ERROR 509
ERROR 510
ERROR 513
ERROR 520
ERROR 521
ERROR 524
ERROR 525
ERROR 526
ERROR 527
ERROR 529
ERROR 533
ERROR 534
ERROR 535
ERROR 537
ERROR 538
ERROR 540
ERROR 541
ERROR 544
ERROR 545
ERROR 546
ERROR 547
ERROR 550
ERROR 551
ERROR 552
ERROR 555
ERROR 557
ERROR 559
ERROR 561
ERROR 562
ERROR 563
ERROR 564
ERROR 565
ERROR 567
ERROR 569
ERROR 570
ERROR 572
ERROR 573
ERROR 575
ERROR 578
ERROR 582
ERROR 583
ERROR 584
ERROR 587
ERROR 590
ERROR 592
ERROR 593
ERROR 595
ERROR 596
ERROR 603
ERROR 604
ERROR 606
ERROR 610
ERROR 614
ERROR 615
ERROR 616
ERROR 617
ERROR 618
ERROR 619
ERROR 620
ERROR 621
ERROR 622
ERROR 623
ERROR 626
ERROR 630
ERROR 631
ERROR 633
ERROR 634
ERROR 636
ERROR 637
ERROR 638
ERROR 640
ERROR 641
ERROR 642
ERROR 644
ERROR 646
ERROR 647
ERROR 651
ERROR 654
ERROR 655
ERROR 657
ERROR 658
ERROR 661
ERROR 662
ERROR 664
ERROR 665
ERROR 669
ERROR 670
ERROR 671
ERROR 673
ERROR 675
ERROR 676
ERROR 677
ERROR 679
ERROR 681
ERROR 682
ERROR 684
ERROR 685
ERROR 688
ERROR 689
ERROR 690
ERROR 691
ERROR 692
ERROR 693
ERROR 694
ERROR 695
ERROR 697
ERROR 699
ERROR 700
ERROR 701
ERROR 702
ERROR 703
ERROR 704
ERROR 705
ERROR 707
ERROR 708
ERROR 710
ERROR 711
ERROR 714
ERROR 716
ERROR 718
ERROR 719
ERROR 721
ERROR 726
ERROR 727
ERROR 731
ERROR 732
ERROR 734
ERROR 735
ERROR 737
ERROR 738
ERROR 739
ERROR 740
ERROR 743
ERROR 744
ERROR 745
ERROR 746
ERROR 747
ERROR 749
ERROR 752
ERROR 753
ERROR 754
ERROR 758
ERROR 761
ERROR 762
ERROR 763
ERROR 764
ERROR 767
ERROR 768
ERROR 772
ERROR 774
ERROR 776
ERROR 779
ERROR 782
ERROR 784
ERROR 789
ERROR 791
ERROR 792
ERROR 793
ERROR 794
ERROR 795
ERROR 798
ERROR 799
ERROR 800
ERROR 802
ERROR 803
ERROR 806
ERROR 807
ERROR 808
ERROR 810
ERROR 811
ERROR 813
ERROR 815
ERROR 816
ERROR 820
ERROR 822
ERROR 823
ERROR 825
ERROR 826
ERROR 827
ERROR 828
ERROR 829
ERROR 831
ERROR 832
ERROR 833
ERROR 834
ERROR 836
ERROR 837
ERROR 838
ERROR 840
ERROR 841
ERROR 842
ERROR 843
ERROR 844
ERROR 849
ERROR 850
ERROR 852
ERROR 854
ERROR 857
ERROR 863
ERROR 864
ERROR 866
ERROR 869
ERROR 870
ERROR 872
ERROR 874
ERROR 876
ERROR 877
ERROR 879
ERROR 881
ERROR 882
ERROR 884
ERROR 885
ERROR 886
ERROR 887
ERROR 889
ERROR 890
ERROR 891
ERROR 892
ERROR 894
ERROR 896
ERROR 898
ERROR 900
ERROR 902
ERROR 904
ERROR 905
ERROR 906
ERROR 907
ERROR 908
ERROR 909
ERROR 911
ERROR 913
ERROR 915
ERROR 918
ERROR 921
ERROR 922
ERROR 923
ERROR 926
ERROR 928
ERROR 929
ERROR 934
ERROR 935
ERROR 938
ERROR 941
ERROR 945
ERROR 949
ERROR 951
ERROR 953
ERROR 954
ERROR 956
ERROR 959
ERROR 960
ERROR 961
ERROR 962
ERROR 963
ERROR 969
ERROR 971
ERROR 972
ERROR 974
ERROR 975
ERROR 977
ERROR 982
ERROR 983
ERROR 984
ERROR 986
ERROR 987
ERROR 989
ERROR 991
ERROR 997
ERROR 999
ERROR 1000
ERROR 1004
ERROR 1006
ERROR 1008
ERROR 1009
ERROR 1010
ERROR 1012
ERROR 1013
ERROR 1017
ERROR 1018
ERROR 1020
ERROR 1021
ERROR 1024
ERROR 1025
ERROR 1026
ERROR 1027
ERROR 1031
ERROR 1035
ERROR 1037
ERROR 1041
ERROR 1045
ERROR 1046
ERROR 1047
ERROR 1048
ERROR 1050
ERROR 1052
ERROR 1053
ERROR 1054
ERROR 1056
ERROR 1057
ERROR 1058
ERROR 1059
ERROR 1062
ERROR 1066
ERROR 1067
ERROR 1068
ERROR 1069
ERROR 1070
ERROR 1072
ERROR 1073
ERROR 1074
ERROR 1076
ERROR 1077
ERROR 1078
ERROR 1079
ERROR 1080
ERROR 1081
ERROR 1085
ERROR 1086
ERROR 1089
ERROR 1090
ERROR 1093
ERROR 1094
ERROR 1095
ERROR 1096
ERROR 1097
ERROR 1098
ERROR 1101
ERROR 1103
ERROR 1104
ERROR 1105
ERROR 1106
ERROR 1107
ERROR 1108
ERROR 1109
ERROR 1110
ERROR 1111
ERROR 1119
ERROR 1120
ERROR 1122
ERROR 1124
ERROR 1127
ERROR 1128
ERROR 1129
ERROR 1132
ERROR 1133
ERROR 1135
ERROR 1136
ERROR 1137
ERROR 1140
ERROR 1141
ERROR 1142
ERROR 1143
ERROR 1144
ERROR 1145
ERROR 1148
ERROR 1151
ERROR 1154
ERROR 1155
ERROR 1156
ERROR 1158
ERROR 1160
ERROR 1161
ERROR 1162
ERROR 1164
ERROR 1167
ERROR 1169
ERROR 1173
ERROR 1177
ERROR 1178
ERROR 1181
ERROR 1184
ERROR 1188
ERROR 1191
ERROR 1194
ERROR 1197
ERROR 1198
ERROR 1200
ERROR 1202
ERROR 1203
ERROR 1204
ERROR 1209
ERROR 1210
ERROR 1216
ERROR 1218
ERROR 1223
ERROR 1224
ERROR 1225
ERROR 1226
ERROR 1227
ERROR 1228
ERROR 1230
ERROR 1231
ERROR 1238
ERROR 1239
ERROR 1240
ERROR 1241
ERROR 1244
ERROR 1250
ERROR 1251
ERROR 1252
ERROR 1253
ERROR 1256
ERROR 1258
ERROR 1260
ERROR 1261
ERROR 1265
ERROR 1266
ERROR 1267
ERROR 1269
ERROR 1270
ERROR 1271
ERROR 1272
ERROR 1273
ERROR 1275
ERROR 1276
ERROR 1277
ERROR 1280
ERROR 1282
ERROR 1284
ERROR 1286
ERROR 1287
ERROR 1288
ERROR 1291
ERROR 1292
ERROR 1294
ERROR 1296
ERROR 1297
ERROR 1299
ERROR 1301
ERROR 1303
ERROR 1304
ERROR 1307
ERROR 1308
ERROR 1309
ERROR 1313
ERROR 1317
ERROR 1318
ERROR 1320
ERROR 1323
ERROR 1325
ERROR 1332
ERROR 1333
ERROR 1334
ERROR 1336
ERROR 1337
ERROR 1338
ERROR 1339
ERROR 1340
ERROR 1342
ERROR 1344
ERROR 1345
ERROR 1346
ERROR 1348
ERROR 1350
ERROR 1351
ERROR 1355
ERROR 1358
ERROR 1361
ERROR 1362
ERROR 1366
ERROR 1370
ERROR 1371
ERROR 1374
ERROR 1375
ERROR 1378
ERROR 1381
ERROR 1383
ERROR 1385
ERROR 1386
ERROR 1387
ERROR 1388
ERROR 1389
ERROR 1390
ERROR 1395
ERROR 1397
ERROR 1399
ERROR 1403
ERROR 1405
ERROR 1408
ERROR 1409
ERROR 1410
ERROR 1411
ERROR 1414
ERROR 1416
ERROR 1417
ERROR 1419
ERROR 1420
ERROR 1422
ERROR 1423
ERROR 1424
ERROR 1425
ERROR 1426
ERROR 1428
ERROR 1430
ERROR 1431
ERROR 1432
ERROR 1435
ERROR 1437
ERROR 1438
ERROR 1439
ERROR 1440
ERROR 1444
ERROR 1446
ERROR 1447
ERROR 1448
ERROR 1449
ERROR 1450
ERROR 1451
ERROR 1452
ERROR 1454
ERROR 1456
ERROR 1457
ERROR 1460
ERROR 1461
ERROR 1462
ERROR 1465
ERROR 1466
ERROR 1468
ERROR 1469
ERROR 1472
ERROR 1473
ERROR 1474
ERROR 1475
ERROR 1479
ERROR 1480
ERROR 1482
ERROR 1484
ERROR 1485
ERROR 1486
ERROR 1487
ERROR 1488
ERROR 1489
ERROR 1490
ERROR 1492
ERROR 1494
ERROR 1495
ERROR 1496
ERROR 1498
ERROR 1500
ERROR 1501
ERROR 1504
ERROR 1506
ERROR 1507
ERROR 1508
ERROR 1512
ERROR 1516
ERROR 1517
ERROR 1518
ERROR 1519
ERROR 1520
ERROR 1521
ERROR 1522
ERROR 1523
ERROR 1524
ERROR 1525
ERROR 1527
ERROR 1528
ERROR 1529
ERROR 1533
ERROR 1534
ERROR 1536
ERROR 1537
ERROR 1538
ERROR 1539
ERROR 1546
ERROR 1547
ERROR 1551
ERROR 1552
ERROR 1553
ERROR 1554
ERROR 1559
ERROR 1560
ERROR 1561
ERROR 1562
ERROR 1567
ERROR 1573
ERROR 1576
ERROR 1577
ERROR 1579
ERROR 1582
ERROR 1590
ERROR 1591
ERROR 1592
ERROR 1594
ERROR 1595
ERROR 1601
ERROR 1602
ERROR 1604
ERROR 1608
ERROR 1611
ERROR 1612
ERROR 1613
ERROR 1614
ERROR 1615
ERROR 1617
ERROR 1620
ERROR 1621
ERROR 1622
ERROR 1626
ERROR 1628
ERROR 1629
ERROR 1632
ERROR 1633
ERROR 1634
ERROR 1635
ERROR 1637
ERROR 1638
ERROR 1639
ERROR 1640
ERROR 1641
ERROR 1644
ERROR 1646
ERROR 1647
ERROR 1648
ERROR 1650
ERROR 1651
ERROR 1653
ERROR 1654
ERROR 1658
ERROR 1660
ERROR 1663
ERROR 1669
ERROR 1671
ERROR 1672
ERROR 1673
ERROR 1674
ERROR 1675
ERROR 1677
ERROR 1678
ERROR 1680
ERROR 1681
ERROR 1688
ERROR 1689
ERROR 1691
ERROR 1692
ERROR 1694
ERROR 1695
ERROR 1696
ERROR 1701
ERROR 1704
ERROR 1705
ERROR 1707
ERROR 1708
ERROR 1709
ERROR 1710
ERROR 1711
ERROR 1713
ERROR 1718
ERROR 1719
ERROR 1720
ERROR 1727
ERROR 1728
ERROR 1730
ERROR 1731
ERROR 1732
ERROR 1734
ERROR 1735
ERROR 1736
ERROR 1740
ERROR 1742
ERROR 1744
ERROR 1745
ERROR 1746
ERROR 1749
ERROR 1750
ERROR 1753
ERROR 1755
ERROR 1756
ERROR 1760
ERROR 1765
ERROR 1767
ERROR 1768
ERROR 1771
ERROR 1772
ERROR 1774
ERROR 1775
ERROR 1776
ERROR 1777
ERROR 1781
ERROR 1782
ERROR 1783
ERROR 1785
ERROR 1787
ERROR 1788
ERROR 1789
ERROR 1790
ERROR 1791
ERROR 1792
ERROR 1795
ERROR 1796
ERROR 1800
ERROR 1801
ERROR 1803
ERROR 1806
ERROR 1807
