ERROR 10
ERROR 13
ERROR 15
ERROR 19
ERROR 30
ERROR 32
ERROR 33
ERROR 36
ERROR 40
ERROR 42
ERROR 43
ERROR 45
ERROR 46
ERROR 54
ERROR 60
ERROR 61
ERROR 62
ERROR 70
ERROR 75
ERROR 79
ERROR 81
ERROR 83
ERROR 84
ERROR 85
ERROR 86
ERROR 92
ERROR 98
ERROR 99
ERROR 102
ERROR 107
ERROR 110
ERROR 111
ERROR 121
ERROR 124
ERROR 126
ERROR 132
ERROR 133
ERROR 136
ERROR 138
ERROR 144
ERROR 146
ERROR 149
ERROR 150
ERROR 152
ERROR 156
ERROR 159
ERROR 161
ERROR 162
ERROR 165
ERROR 167
ERROR 168
ERROR 170
ERROR 173
ERROR 174
ERROR 177
ERROR 178
ERROR 181
ERROR 182
ERROR 185
ERROR 186
ERROR 187
ERROR 188
ERROR 189
ERROR 191
ERROR 195
ERROR 197
ERROR 201
ERROR 202
ERROR 206
ERROR 211
ERROR 213
ERROR 214
ERROR 216
ERROR 217
ERROR 218
ERROR 219
ERROR 220
ERROR 221
ERROR 224
ERROR 225
ERROR 228
ERROR 231
ERROR 232
ERROR 234
ERROR 237
ERROR 239
ERROR 241
ERROR 246
ERROR 247
ERROR 250
ERROR 253
ERROR 254
ERROR 257
ERROR 262
ERROR 266
ERROR 267
ERROR 268
ERROR 269
ERROR 270
ERROR 273
ERROR 274
ERROR 276
ERROR 277
ERROR 278
ERROR 281
ERROR 282
ERROR 287
ERROR 288
ERROR 293
ERROR 296
ERROR 297
ERROR 301
ERROR 302
ERROR 303
ERROR 305
ERROR 306
ERROR 309
ERROR 310
ERROR 318
ERROR 319
ERROR 321
ERROR 324
ERROR 325
ERROR 330
ERROR 331
ERROR 334
ERROR 335
ERROR 336
ERROR 341
ERROR 344
ERROR 348
ERROR 351
ERROR 352
ERROR 356
ERROR 358
ERROR 359
ERROR 362
ERROR 363
ERROR 365
ERROR 368
ERROR 371
ERROR 372
ERROR 373
ERROR 374
ERROR 375
ERROR 376
ERROR 378
ERROR 380
ERROR 383
ERROR 384
ERROR 388
ERROR 391
ERROR 392
ERROR 394
ERROR 396
ERROR 397
ERROR 401
ERROR 405
ERROR 409
ERROR 410
ERROR 412
ERROR 416
ERROR 419
ERROR 420
ERROR 422
ERROR 424
ERROR 425
ERROR 427
ERROR 429
ERROR 431
ERROR 434
ERROR 435
ERROR 436
ERROR 437
ERROR 441
ERROR 442
ERROR 443
ERROR 444
ERROR 446
ERROR 450
ERROR 451
ERROR 452
ERROR 454
ERROR 455
ERROR 456
ERROR 457
ERROR 459
ERROR 460
ERROR 461
ERROR 463
ERROR 466
ERROR 467
ERROR 472
ERROR 476
ERROR 480
ERROR 483
ERROR 484
ERROR 485
ERROR 486
ERROR 488
ERROR 489
ERROR 490
ERROR 492
ERROR 494
ERROR 496
ERROR 498
ERROR 502
ERROR 505
ERROR 506
ERROR 510
ERROR 511
ERROR 516
ERROR 517
ERROR 520
ERROR 523
ERROR 524
ERROR 526
ERROR 530
ERROR 533
ERROR 534
ERROR 537
ERROR 541
ERROR 542
ERROR 544
ERROR 546
ERROR 549
ERROR 550
ERROR 554
ERROR 555
ERROR 558
ERROR 559
ERROR 560
ERROR 564
ERROR 565
ERROR 566
ERROR 567
ERROR 568
ERROR 570
ERROR 571
ERROR 572
ERROR 573
ERROR 576
ERROR 578
ERROR 579
ERROR 580
ERROR 582
ERROR 583
ERROR 584
ERROR 585
ERROR 588
ERROR 589
ERROR 591
ERROR 593
ERROR 597
ERROR 599
ERROR 601
ERROR 602
ERROR 603
ERROR 604
ERROR 612
ERROR 613
ERROR 614
ERROR 621
ERROR 622
ERROR 623
ERROR 625
ERROR 626
ERROR 627
ERROR 629
ERROR 631
ERROR 634
ERROR 635
ERROR 636
ERROR 637
ERROR 638
ERROR 639
ERROR 641
ERROR 645
ERROR 647
ERROR 654
ERROR 655
ERROR 658
ERROR 659
ERROR 661
ERROR 662
ERROR 664
ERROR 665
ERROR 667
ERROR 668
ERROR 671
ERROR 672
ERROR 673
ERROR 678
ERROR 682
ERROR 685
ERROR 686
ERROR 688
ERROR 693
ERROR 694
ERROR 695
ERROR 696
ERROR 698
ERROR 699
ERROR 700
ERROR 705
ERROR 712
ERROR 717
ERROR 722
ERROR 723
ERROR 726
ERROR 727
ERROR 729
ERROR 730
ERROR 731
ERROR 735
ERROR 736
ERROR 737
ERROR 739
ERROR 742
ERROR 743
ERROR 744
ERROR 745
ERROR 749
ERROR 751
ERROR 753
ERROR 755
ERROR 757
ERROR 759
ERROR 760
ERROR 762
ERROR 763
ERROR 764
ERROR 767
ERROR 768
ERROR 769
ERROR 772
ERROR 776
ERROR 777
ERROR 779
ERROR 783
ERROR 786
ERROR 787
ERROR 788
ERROR 789
ERROR 790
ERROR 794
ERROR 795
ERROR 797
ERROR 799
ERROR 800
ERROR 802
ERROR 803
ERROR 805
ERROR 806
ERROR 807
ERROR 809
ERROR 811
ERROR 812
ERROR 816
ERROR 820
ERROR 821
ERROR 824
ERROR 826
ERROR 829
ERROR 832
ERROR 834
ERROR 835
ERROR 837
ERROR 838
ERROR 839
ERROR 840
ERROR 842
ERROR 843
ERROR 844
ERROR 845
ERROR 846
ERROR 847
ERROR 851
ERROR 852
ERROR 855
ERROR 857
ERROR 858
ERROR 859
ERROR 861
ERROR 862
ERROR 863
ERROR 865
ERROR 867
ERROR 868
ERROR 869
ERROR 871
ERROR 874
ERROR 875
ERROR 878
ERROR 885
ERROR 886
ERROR 889
ERROR 890
ERROR 893
ERROR 894
ERROR 895
ERROR 898
ERROR 899
ERROR 901
ERROR 902
ERROR 905
ERROR 906
ERROR 907
ERROR 910
ERROR 911
ERROR 914
ERROR 918
ERROR 919
ERROR 920
ERROR 922
ERROR 924
ERROR 926
ERROR 927
ERROR 930
ERROR 933
ERROR 936
ERROR 937
ERROR 939
ERROR 940
ERROR 943
ERROR 945
ERROR 947
ERROR 948
ERROR 950
ERROR 952
ERROR 953
ERROR 954
ERROR 955
ERROR 956
ERROR 960
ERROR 961
ERROR 965
ERROR 968
ERROR 971
ERROR 974
ERROR 975
ERROR 976
ERROR 980
ERROR 982
ERROR 983
ERROR 987
ERROR 989
ERROR 991
ERROR 992
ERROR 995
ERROR 996
ERROR 997
ERROR 998
ERROR 1002
ERROR 1003
ERROR 1004
ERROR 1006
ERROR 1007
ERROR 1008
ERROR 1009
ERROR 1012
ERROR 1013
ERROR 1014
ERROR 1016
ERROR 1018
ERROR 1019
ERROR 1020
ERROR 1023
ERROR 1025
ERROR 1026
ERROR 1029
ERROR 1030
ERROR 1036
ERROR 1038
ERROR 1040
ERROR 1041
ERROR 1043
ERROR 1045
ERROR 1048
ERROR 1050
ERROR 1052
ERROR 1054
ERROR 1057
ERROR 1058
ERROR 1059
ERROR 1062
ERROR 1065
ERROR 1067
ERROR 1068
ERROR 1069
ERROR 1072
ERROR 1076
ERROR 1078
ERROR 1080
ERROR 1082
ERROR 1083
ERROR 1086
ERROR 1088
ERROR 1089
ERROR 1090
ERROR 1091
ERROR 1094
ERROR 1095
ERROR 1097
ERROR 1099
ERROR 1101
ERROR 1103
ERROR 1104
ERROR 1106
ERROR 1110
ERROR 1111
ERROR 1112
ERROR 1114
ERROR 1116
ERROR 1118
ERROR 1119
ERROR 1123
ERROR 1124
ERROR 1125
ERROR 1128
ERROR 1130
ERROR 1134
ERROR 1138
ERROR 1140
ERROR 1141
ERROR 1142
ERROR 1143
ERROR 1146
ERROR 1149
ERROR 1155
ERROR 1156
ERROR 1159
ERROR 1160
ERROR 1161
ERROR 1168
ERROR 1170
ERROR 1177
ERROR 1179
ERROR 1181
ERROR 1183
ERROR 1185
ERROR 1187
ERROR 1189
ERROR 1190
ERROR 1192
ERROR 1194
ERROR 1195
ERROR 1196
ERROR 1199
ERROR 1202
ERROR 1207
