













132;city119;257;83;city199;351;316;city146;333;97;city266;293;305;city296;311;467;city221;204;279;city133


174;city141;58;402;city66;37;82;city207;385;219;city110;25;185;city51



159;city210;370;147;city217;468;41;city58
140;city198;200;165;city274;413;237;city201;271;273;city224;276;389;city227;442;261;city144;457;471;city131;235;155;city156;154;488;city188;9;477;city178;383;163;city259;162;385;city138;218;294;city64
172;city53;396;141;city265;154;15;city74;87;446;city294;388;81;city125;472;273;city103;289;249;city244;34;60;city185;344;337;city173

152;city173;359;414;city70;374;279;city89



153;city164;70;107;city55;24;245;city87;14;289;city70;425;239;city153;476;309;city91;421;23;city157;41;451;city254;81;58;city99;18;249;city189;496;451;city140;464;3;city227;73;496;city162
132;city119;257;83;city199;351;316;city146;333;97;city266;293;305;city296;311;467;city221;204;279;city133
130;city71;495;215;city138;233;71;city121;334;327;city122;414;278;city232;341;170;city277;155;475;city165;48;129;city231;17;409;city254;103;75;city136;446;451;city171;70;450;city63;437;99;city219;70;65;city141;154;184;city220;134;217;city111

170;city55;274;112;city75;444;16;city248;144;421;city181

146;city144;152;339;city223;298;74;city246;3;103;city293;97;249;city229;85;176;city154;181;477;city77;206;258;city282;86;36;city52;97;69;city190;203;37;city213;201;445;city120;487;396;city289
128;city228;244;443;city229;59;138;city59;465;496;city189;227;30;city163;6;364;city94;316;24;city132;182;284;city131;205;323;city155;243;76;city117;343;441;city273;154;232;city85;117;118;city252;328;56;city192;419;8;city159;367;417;city235

170;city55;274;112;city75;444;16;city248;144;421;city181

131;city271;42;446;city165;332;177;city71;74;16;city147;20;351;city127;229;6;city261;9;371;city163;295;326;city237;247;87;city161;157;25;city121;317;40;city98;468;244;city215;409;398;city259;237;496;city223
128;city228;244;443;city229;59;138;city59;465;496;city189;227;30;city163;6;364;city94;316;24;city132;182;284;city131;205;323;city155;243;76;city117;343;441;city273;154;232;city85;117;118;city252;328;56;city192;419;8;city159;367;417;city235
174;city141;58;402;city66;37;82;city207;385;219;city110;25;185;city51
159;city210;370;147;city217;468;41;city58
174;city141;58;402;city66;37;82;city207;385;219;city110;25;185;city51
159;city210;370;147;city217;468;41;city58


172;city53;396;141;city265;154;15;city74;87;446;city294;388;81;city125;472;273;city103;289;249;city244;34;60;city185;344;337;city173
161;city284;492;236;city232;466;345;city71;330;186;city228;197;7;city274;42;224;city123;180;390;city93;487;37;city258;441;264;city54;142;421;city147;485;59;city94;488;421;city85;303;327;city50;370;387;city120;221;158;city168;311;223;city178;286;384;city152;113;184;city233;258;499;city223;389;431;city89

171;city278;224;344;city122;339;166;city154;459;311;city250;477;17;city220;303;352;city288;157;234;city164;65;451;city65;294;63;city267;115;55;city280;167;211;city221
162;city275;252;318;city213;384;219;city82;446;27;city111;237;90;city217;370;418;city184;337;131;city115;417;379;city294;442;329;city63;267;247;city212;137;249;city104;105;257;city152;22;106;city246;35;498;city93
160;city253;488;350;city220;76;127;city285;280;143;city172;47;12;city142;110;212;city215;152;152;city291;485;417;city124;398;132;city61;182;434;city117;442;318;city224;237;320;city246;168;266;city173;171;399;city247

168;city247;204;362;city149;122;222;city267;370;103;city135;181;483;city175;218;390;city185;232;22;city78;243;70;city227;271;260;city118
126;city272;431;234;city231;132;266;city239;370;21;city216;238;456;city164
142;city268;383;74;city221;426;191;city189;17;249;city69;479;419;city260;359;171;city133;263;151;city207;118;137;city196;304;123;city256;215;169;city140;167;435;city83;432;83;city80;307;78;city219;47;476;city200;312;52;city236;154;303;city152;138;454;city198;369;198;city157
160;city253;488;350;city220;76;127;city285;280;143;city172;47;12;city142;110;212;city215;152;152;city291;485;417;city124;398;132;city61;182;434;city117;442;318;city224;237;320;city246;168;266;city173;171;399;city247
162;city275;252;318;city213;384;219;city82;446;27;city111;237;90;city217;370;418;city184;337;131;city115;417;379;city294;442;329;city63;267;247;city212;137;249;city104;105;257;city152;22;106;city246;35;498;city93
167;city238;368;9;city208;120;446;city273;3;102;city255;159;352;city211;413;415;city52;453;14;city152;52;11;city243;18;198;city150
148;city101;127;280;city158;157;223;city83
132;city119;257;83;city199;351;316;city146;333;97;city266;293;305;city296;311;467;city221;204;279;city133
169;city286;480;279;city181;308;69;city225;334;466;city207;180;26;city223;299;361;city295;75;424;city91;424;481;city284;297;121;city105;215;417;city236;233;304;city71;414;5;city198;112;83;city148;130;478;city110
148;city101;127;280;city158;157;223;city83
130;city71;495;215;city138;233;71;city121;334;327;city122;414;278;city232;341;170;city277;155;475;city165;48;129;city231;17;409;city254;103;75;city136;446;451;city171;70;450;city63;437;99;city219;70;65;city141;154;184;city220;134;217;city111
132;city119;257;83;city199;351;316;city146;333;97;city266;293;305;city296;311;467;city221;204;279;city133
125;city284;63;163;city283;477;17;city176;84;429;city259;278;167;city252;251;303;city248;144;103;city130;357;253;city51
138;city275;270;494;city224;487;424;city77;58;454;city227;284;102;city102;284;499;city181;239;139;city50;147;123;city297;289;417;city194;258;403;city193
125;city284;63;163;city283;477;17;city176;84;429;city259;278;167;city252;251;303;city248;144;103;city130;357;253;city51
161;city284;492;236;city232;466;345;city71;330;186;city228;197;7;city274;42;224;city123;180;390;city93;487;37;city258;441;264;city54;142;421;city147;485;59;city94;488;421;city85;303;327;city50;370;387;city120;221;158;city168;311;223;city178;286;384;city152;113;184;city233;258;499;city223;389;431;city89

148;city101;127;280;city158;157;223;city83
171;city278;224;344;city122;339;166;city154;459;311;city250;477;17;city220;303;352;city288;157;234;city164;65;451;city65;294;63;city267;115;55;city280;167;211;city221
137;city160;425;196;city208;157;153;city95;250;150;city279;209;498;city123;97;445;city64;414;191;city257;500;180;city103;237;34;city66;156;122;city245;76;171;city78;247;225;city88;145;107;city86;132;69;city232;339;377;city280;305;260;city222;256;422;city113

140;city198;200;165;city274;413;237;city201;271;273;city224;276;389;city227;442;261;city144;457;471;city131;235;155;city156;154;488;city188;9;477;city178;383;163;city259;162;385;city138;218;294;city64
138;city275;270;494;city224;487;424;city77;58;454;city227;284;102;city102;284;499;city181;239;139;city50;147;123;city297;289;417;city194;258;403;city193
142;city268;383;74;city221;426;191;city189;17;249;city69;479;419;city260;359;171;city133;263;151;city207;118;137;city196;304;123;city256;215;169;city140;167;435;city83;432;83;city80;307;78;city219;47;476;city200;312;52;city236;154;303;city152;138;454;city198;369;198;city157
167;city238;368;9;city208;120;446;city273;3;102;city255;159;352;city211;413;415;city52;453;14;city152;52;11;city243;18;198;city150
144;city181;291;201;city249;454;85;city144;245;447;city281;132;224;city277;478;367;city111;289;266;city143;128;473;city296;422;250;city227;70;34;city169;5;360;city112;68;113;city276;149;391;city60;152;461;city179;495;439;city115
140;city198;200;165;city274;413;237;city201;271;273;city224;276;389;city227;442;261;city144;457;471;city131;235;155;city156;154;488;city188;9;477;city178;383;163;city259;162;385;city138;218;294;city64
162;city275;252;318;city213;384;219;city82;446;27;city111;237;90;city217;370;418;city184;337;131;city115;417;379;city294;442;329;city63;267;247;city212;137;249;city104;105;257;city152;22;106;city246;35;498;city93
165;city77;143;390;city220;341;81;city211;435;269;city57;346;160;city156;490;309;city231;224;49;city99;105;364;city140;62;134;city50;126;75;city155;54;282;city88;340;288;city115;68;45;city68;177;49;city80;361;48;city269
161;city284;492;236;city232;466;345;city71;330;186;city228;197;7;city274;42;224;city123;180;390;city93;487;37;city258;441;264;city54;142;421;city147;485;59;city94;488;421;city85;303;327;city50;370;387;city120;221;158;city168;311;223;city178;286;384;city152;113;184;city233;258;499;city223;389;431;city89
168;city247;204;362;city149;122;222;city267;370;103;city135;181;483;city175;218;390;city185;232;22;city78;243;70;city227;271;260;city118

169;city286;480;279;city181;308;69;city225;334;466;city207;180;26;city223;299;361;city295;75;424;city91;424;481;city284;297;121;city105;215;417;city236;233;304;city71;414;5;city198;112;83;city148;130;478;city110

170;city55;274;112;city75;444;16;city248;144;421;city181
156;city253;108;378;city52;247;293;city60;466;202;city57
132;city119;257;83;city199;351;316;city146;333;97;city266;293;305;city296;311;467;city221;204;279;city133
170;city55;274;112;city75;444;16;city248;144;421;city181
141;city282;55;412;city240;102;452;city137;479;321;city82;335;447;city53;160;289;city163;193;315;city284;312;190;city233;361;256;city95;184;18;city286;284;477;city259;49;497;city192;5;251;city247;77;7;city262;335;115;city250;488;478;city263
169;city286;480;279;city181;308;69;city225;334;466;city207;180;26;city223;299;361;city295;75;424;city91;424;481;city284;297;121;city105;215;417;city236;233;304;city71;414;5;city198;112;83;city148;130;478;city110
137;city160;425;196;city208;157;153;city95;250;150;city279;209;498;city123;97;445;city64;414;191;city257;500;180;city103;237;34;city66;156;122;city245;76;171;city78;247;225;city88;145;107;city86;132;69;city232;339;377;city280;305;260;city222;256;422;city113
159;city210;370;147;city217;468;41;city58
131;city271;42;446;city165;332;177;city71;74;16;city147;20;351;city127;229;6;city261;9;371;city163;295;326;city237;247;87;city161;157;25;city121;317;40;city98;468;244;city215;409;398;city259;237;496;city223
167;city238;368;9;city208;120;446;city273;3;102;city255;159;352;city211;413;415;city52;453;14;city152;52;11;city243;18;198;city150
150;city82;218;24;city267;460;170;city237;452;317;city130;168;128;city160;71;133;city108;112;145;city269;466;99;city102;486;484;city53;111;380;city220;388;373;city213;386;460;city158;478;465;city52;362;362;city230;61;255;city233;477;269;city260;208;494;city289;436;212;city173;110;9;city241
170;city55;274;112;city75;444;16;city248;144;421;city181
165;city77;143;390;city220;341;81;city211;435;269;city57;346;160;city156;490;309;city231;224;49;city99;105;364;city140;62;134;city50;126;75;city155;54;282;city88;340;288;city115;68;45;city68;177;49;city80;361;48;city269
156;city253;108;378;city52;247;293;city60;466;202;city57
126;city272;431;234;city231;132;266;city239;370;21;city216;238;456;city164
161;city284;492;236;city232;466;345;city71;330;186;city228;197;7;city274;42;224;city123;180;390;city93;487;37;city258;441;264;city54;142;421;city147;485;59;city94;488;421;city85;303;327;city50;370;387;city120;221;158;city168;311;223;city178;286;384;city152;113;184;city233;258;499;city223;389;431;city89
165;city77;143;390;city220;341;81;city211;435;269;city57;346;160;city156;490;309;city231;224;49;city99;105;364;city140;62;134;city50;126;75;city155;54;282;city88;340;288;city115;68;45;city68;177;49;city80;361;48;city269
140;city198;200;165;city274;413;237;city201;271;273;city224;276;389;city227;442;261;city144;457;471;city131;235;155;city156;154;488;city188;9;477;city178;383;163;city259;162;385;city138;218;294;city64
138;city275;270;494;city224;487;424;city77;58;454;city227;284;102;city102;284;499;city181;239;139;city50;147;123;city297;289;417;city194;258;403;city193
166;city299;469;337;city298;449;152;city244;81;184;city163;298;318;city150;318;225;city139;443;95;city131;326;424;city142;445;424;city206
174;city141;58;402;city66;37;82;city207;385;219;city110;25;185;city51
174;city141;58;402;city66;37;82;city207;385;219;city110;25;185;city51
166;city299;469;337;city298;449;152;city244;81;184;city163;298;318;city150;318;225;city139;443;95;city131;326;424;city142;445;424;city206
161;city284;492;236;city232;466;345;city71;330;186;city228;197;7;city274;42;224;city123;180;390;city93;487;37;city258;441;264;city54;142;421;city147;485;59;city94;488;421;city85;303;327;city50;370;387;city120;221;158;city168;311;223;city178;286;384;city152;113;184;city233;258;499;city223;389;431;city89
135;city126;141;302;city132;195;115;city51;345;334;city190;459;146;city140
136;city176;307;74;city89;112;377;city252;35;367;city60;455;129;city214;246;217;city221;69;175;city148;271;192;city131;383;237;city283;275;47;city191
171;city278;224;344;city122;339;166;city154;459;311;city250;477;17;city220;303;352;city288;157;234;city164;65;451;city65;294;63;city267;115;55;city280;167;211;city221
126;city272;431;234;city231;132;266;city239;370;21;city216;238;456;city164
139;city157;169;218;city111;315;5;city278;492;493;city213;427;74;city61;88;339;city109;89;302;city150;302;493;city53;7;285;city244;363;205;city168;206;494;city81;394;330;city237;457;308;city178;49;162;city283;181;147;city231;154;36;city65
127;city225;265;397;city147;333;225;city83;308;166;city132;76;162;city232;418;290;city248;301;71;city104;176;146;city77;87;24;city275;395;71;city299;194;18;city213;320;238;city165;430;59;city67
136;city176;307;74;city89;112;377;city252;35;367;city60;455;129;city214;246;217;city221;69;175;city148;271;192;city131;383;237;city283;275;47;city191
172;city53;396;141;city265;154;15;city74;87;446;city294;388;81;city125;472;273;city103;289;249;city244;34;60;city185;344;337;city173
173;city123;179;148;city117;483;491;city160;414;331;city204;227;436;city130;244;492;city293;228;242;city145;240;267;city243;387;38;city149;28;35;city173

141;city282;55;412;city240;102;452;city137;479;321;city82;335;447;city53;160;289;city163;193;315;city284;312;190;city233;361;256;city95;184;18;city286;284;477;city259;49;497;city192;5;251;city247;77;7;city262;335;115;city250;488;478;city263
163;city51;294;175;city93;212;413;city127;97;254;city252;280;457;city217;214;108;city136;76;30;city251
156;city253;108;378;city52;247;293;city60;466;202;city57
129;city231;190;152;city93

172;city53;396;141;city265;154;15;city74;87;446;city294;388;81;city125;472;273;city103;289;249;city244;34;60;city185;344;337;city173
141;city282;55;412;city240;102;452;city137;479;321;city82;335;447;city53;160;289;city163;193;315;city284;312;190;city233;361;256;city95;184;18;city286;284;477;city259;49;497;city192;5;251;city247;77;7;city262;335;115;city250;488;478;city263
136;city176;307;74;city89;112;377;city252;35;367;city60;455;129;city214;246;217;city221;69;175;city148;271;192;city131;383;237;city283;275;47;city191
148;city101;127;280;city158;157;223;city83
129;city231;190;152;city93
130;city71;495;215;city138;233;71;city121;334;327;city122;414;278;city232;341;170;city277;155;475;city165;48;129;city231;17;409;city254;103;75;city136;446;451;city171;70;450;city63;437;99;city219;70;65;city141;154;184;city220;134;217;city111
150;city82;218;24;city267;460;170;city237;452;317;city130;168;128;city160;71;133;city108;112;145;city269;466;99;city102;486;484;city53;111;380;city220;388;373;city213;386;460;city158;478;465;city52;362;362;city230;61;255;city233;477;269;city260;208;494;city289;436;212;city173;110;9;city241
153;city164;70;107;city55;24;245;city87;14;289;city70;425;239;city153;476;309;city91;421;23;city157;41;451;city254;81;58;city99;18;249;city189;496;451;city140;464;3;city227;73;496;city162
145;city154;194;461;city69;89;234;city108;214;455;city211;461;469;city282;208;243;city57;475;179;city219;452;438;city136;35;400;city59
149;city71;6;250;city195;261;297;city227;269;82;city171;241;425;city198;496;181;city229;134;337;city209;231;391;city108;469;450;city143;123;266;city245;397;216;city274;238;424;city235;387;491;city292;366;78;city176;316;133;city105;137;25;city79;443;54;city189;140;263;city238
167;city238;368;9;city208;120;446;city273;3;102;city255;159;352;city211;413;415;city52;453;14;city152;52;11;city243;18;198;city150
163;city51;294;175;city93;212;413;city127;97;254;city252;280;457;city217;214;108;city136;76;30;city251
137;city160;425;196;city208;157;153;city95;250;150;city279;209;498;city123;97;445;city64;414;191;city257;500;180;city103;237;34;city66;156;122;city245;76;171;city78;247;225;city88;145;107;city86;132;69;city232;339;377;city280;305;260;city222;256;422;city113
134;city134;134;238;city252;414;76;city198;486;201;city136;341;251;city125;243;252;city289;467;233;city219;57;364;city268
140;city198;200;165;city274;413;237;city201;271;273;city224;276;389;city227;442;261;city144;457;471;city131;235;155;city156;154;488;city188;9;477;city178;383;163;city259;162;385;city138;218;294;city64
154;city291;170;182;city157;237;92;city269;139;360;city281
173;city123;179;148;city117;483;491;city160;414;331;city204;227;436;city130;244;492;city293;228;242;city145;240;267;city243;387;38;city149;28;35;city173
151;city102;124;471;city223;257;459;city168;313;392;city208;460;166;city280;347;438;city229;348;434;city271;414;248;city250;231;297;city210;455;398;city258;51;498;city241
146;city144;152;339;city223;298;74;city246;3;103;city293;97;249;city229;85;176;city154;181;477;city77;206;258;city282;86;36;city52;97;69;city190;203;37;city213;201;445;city120;487;396;city289
170;city55;274;112;city75;444;16;city248;144;421;city181
172;city53;396;141;city265;154;15;city74;87;446;city294;388;81;city125;472;273;city103;289;249;city244;34;60;city185;344;337;city173
150;city82;218;24;city267;460;170;city237;452;317;city130;168;128;city160;71;133;city108;112;145;city269;466;99;city102;486;484;city53;111;380;city220;388;373;city213;386;460;city158;478;465;city52;362;362;city230;61;255;city233;477;269;city260;208;494;city289;436;212;city173;110;9;city241
154;city291;170;182;city157;237;92;city269;139;360;city281
165;city77;143;390;city220;341;81;city211;435;269;city57;346;160;city156;490;309;city231;224;49;city99;105;364;city140;62;134;city50;126;75;city155;54;282;city88;340;288;city115;68;45;city68;177;49;city80;361;48;city269
130;city71;495;215;city138;233;71;city121;334;327;city122;414;278;city232;341;170;city277;155;475;city165;48;129;city231;17;409;city254;103;75;city136;446;451;city171;70;450;city63;437;99;city219;70;65;city141;154;184;city220;134;217;city111
159;city210;370;147;city217;468;41;city58
141;city282;55;412;city240;102;452;city137;479;321;city82;335;447;city53;160;289;city163;193;315;city284;312;190;city233;361;256;city95;184;18;city286;284;477;city259;49;497;city192;5;251;city247;77;7;city262;335;115;city250;488;478;city263
169;city286;480;279;city181;308;69;city225;334;466;city207;180;26;city223;299;361;city295;75;424;city91;424;481;city284;297;121;city105;215;417;city236;233;304;city71;414;5;city198;112;83;city148;130;478;city110
163;city51;294;175;city93;212;413;city127;97;254;city252;280;457;city217;214;108;city136;76;30;city251
161;city284;492;236;city232;466;345;city71;330;186;city228;197;7;city274;42;224;city123;180;390;city93;487;37;city258;441;264;city54;142;421;city147;485;59;city94;488;421;city85;303;327;city50;370;387;city120;221;158;city168;311;223;city178;286;384;city152;113;184;city233;258;499;city223;389;431;city89
145;city154;194;461;city69;89;234;city108;214;455;city211;461;469;city282;208;243;city57;475;179;city219;452;438;city136;35;400;city59
172;city53;396;141;city265;154;15;city74;87;446;city294;388;81;city125;472;273;city103;289;249;city244;34;60;city185;344;337;city173
151;city102;124;471;city223;257;459;city168;313;392;city208;460;166;city280;347;438;city229;348;434;city271;414;248;city250;231;297;city210;455;398;city258;51;498;city241
142;city268;383;74;city221;426;191;city189;17;249;city69;479;419;city260;359;171;city133;263;151;city207;118;137;city196;304;123;city256;215;169;city140;167;435;city83;432;83;city80;307;78;city219;47;476;city200;312;52;city236;154;303;city152;138;454;city198;369;198;city157
163;city51;294;175;city93;212;413;city127;97;254;city252;280;457;city217;214;108;city136;76;30;city251
165;city77;143;390;city220;341;81;city211;435;269;city57;346;160;city156;490;309;city231;224;49;city99;105;364;city140;62;134;city50;126;75;city155;54;282;city88;340;288;city115;68;45;city68;177;49;city80;361;48;city269
127;city225;265;397;city147;333;225;city83;308;166;city132;76;162;city232;418;290;city248;301;71;city104;176;146;city77;87;24;city275;395;71;city299;194;18;city213;320;238;city165;430;59;city67
158;city85;348;153;city128;123;356;city289;144;295;city63;418;374;city199;425;406;city165;241;387;city104;63;87;city109;446;117;city124;343;418;city123;440;210;city242
162;city275;252;318;city213;384;219;city82;446;27;city111;237;90;city217;370;418;city184;337;131;city115;417;379;city294;442;329;city63;267;247;city212;137;249;city104;105;257;city152;22;106;city246;35;498;city93
172;city53;396;141;city265;154;15;city74;87;446;city294;388;81;city125;472;273;city103;289;249;city244;34;60;city185;344;337;city173
171;city278;224;344;city122;339;166;city154;459;311;city250;477;17;city220;303;352;city288;157;234;city164;65;451;city65;294;63;city267;115;55;city280;167;211;city221
159;city210;370;147;city217;468;41;city58
168;city247;204;362;city149;122;222;city267;370;103;city135;181;483;city175;218;390;city185;232;22;city78;243;70;city227;271;260;city118
144;city181;291;201;city249;454;85;city144;245;447;city281;132;224;city277;478;367;city111;289;266;city143;128;473;city296;422;250;city227;70;34;city169;5;360;city112;68;113;city276;149;391;city60;152;461;city179;495;439;city115
130;city71;495;215;city138;233;71;city121;334;327;city122;414;278;city232;341;170;city277;155;475;city165;48;129;city231;17;409;city254;103;75;city136;446;451;city171;70;450;city63;437;99;city219;70;65;city141;154;184;city220;134;217;city111
130;city71;495;215;city138;233;71;city121;334;327;city122;414;278;city232;341;170;city277;155;475;city165;48;129;city231;17;409;city254;103;75;city136;446;451;city171;70;450;city63;437;99;city219;70;65;city141;154;184;city220;134;217;city111
127;city225;265;397;city147;333;225;city83;308;166;city132;76;162;city232;418;290;city248;301;71;city104;176;146;city77;87;24;city275;395;71;city299;194;18;city213;320;238;city165;430;59;city67
143;city249;48;66;city119;356;321;city89;11;325;city240;273;230;city91;363;492;city106
144;city181;291;201;city249;454;85;city144;245;447;city281;132;224;city277;478;367;city111;289;266;city143;128;473;city296;422;250;city227;70;34;city169;5;360;city112;68;113;city276;149;391;city60;152;461;city179;495;439;city115
174;city141;58;402;city66;37;82;city207;385;219;city110;25;185;city51
172;city53;396;141;city265;154;15;city74;87;446;city294;388;81;city125;472;273;city103;289;249;city244;34;60;city185;344;337;city173
162;city275;252;318;city213;384;219;city82;446;27;city111;237;90;city217;370;418;city184;337;131;city115;417;379;city294;442;329;city63;267;247;city212;137;249;city104;105;257;city152;22;106;city246;35;498;city93
154;city291;170;182;city157;237;92;city269;139;360;city281
164;city109;50;406;city57;269;322;city173
154;city291;170;182;city157;237;92;city269;139;360;city281
159;city210;370;147;city217;468;41;city58
169;city286;480;279;city181;308;69;city225;334;466;city207;180;26;city223;299;361;city295;75;424;city91;424;481;city284;297;121;city105;215;417;city236;233;304;city71;414;5;city198;112;83;city148;130;478;city110
174;city141;58;402;city66;37;82;city207;385;219;city110;25;2509;city51
161;city284;492;236;city232;466;345;city71;330;186;city228;197;7;city274;42;224;city123;180;390;city93;487;37;city258;441;264;city54;142;421;city147;485;59;city94;488;421;city85;303;327;city50;370;387;city120;221;158;city168;311;223;city178;286;384;city152;113;184;city233;258;499;city223;389;431;city89
141;city282;55;412;city240;102;452;city137;479;321;city82;335;447;city53;160;289;city163;193;315;city284;312;190;city233;361;256;city95;184;18;city286;284;477;city259;49;497;city192;5;251;city247;77;7;city262;335;115;city250;488;478;city263
165;city77;143;390;city220;341;81;city211;435;269;city57;346;160;city156;490;309;city231;224;49;city99;105;364;city140;62;134;city50;126;75;city155;54;282;city88;340;288;city115;68;45;city68;177;49;city80;361;48;city269
149;city71;6;250;city195;261;297;city227;269;82;city171;241;425;city198;496;181;city229;134;337;city209;231;391;city108;469;450;city143;123;266;city245;397;216;city274;238;424;city235;387;491;city292;366;78;city176;316;133;city105;137;25;city79;443;54;city189;140;263;city238
144;city181;291;201;city249;454;85;city144;245;447;city281;132;224;city277;478;367;city111;289;266;city143;128;473;city296;422;250;city227;70;34;city169;5;360;city112;68;113;city276;149;391;city60;152;461;city179;495;439;city115
129;city231;190;152;city93
146;city144;152;339;city223;298;74;city246;3;103;city293;97;249;city229;85;176;city154;181;477;city77;206;258;city282;86;36;city52;97;69;city190;203;37;city213;201;445;city120;487;396;city289
146;city144;152;339;city223;298;74;city246;3;103;city293;97;249;city229;85;176;city154;181;477;city77;206;258;city282;86;36;city52;97;69;city190;203;37;city213;201;445;city120;487;396;city289
126;city272;431;234;city231;132;266;city239;370;21;city216;238;456;city164
149;city71;6;250;city195;261;297;city227;269;82;city171;241;425;city198;496;181;city229;134;337;city209;231;391;city108;469;450;city143;123;266;city245;397;216;city274;238;424;city235;387;491;city292;366;78;city176;316;133;city105;137;25;city79;443;54;city189;140;263;city238
159;city210;370;147;city217;468;41;city58
133;city191;442;469;city209;461;432;city245;426;85;city266;206;361;city198
168;city247;204;362;city149;122;222;city267;370;103;city135;181;483;city175;218;390;city185;232;22;city78;243;70;city227;271;260;city118
142;city268;383;74;city221;426;191;city189;17;249;city69;479;419;city260;359;171;city133;263;151;city207;118;137;city196;304;123;city256;215;169;city140;167;435;city83;432;83;city80;307;78;city219;47;476;city200;312;52;city236;154;303;city152;138;454;city198;369;198;city157
154;city291;170;182;city157;237;92;city269;139;360;city281
136;city176;307;74;city89;112;377;city252;35;367;city60;455;129;city214;246;217;city221;69;175;city148;271;192;city131;383;237;city283;275;47;city191
146;city144;152;339;city223;298;74;city246;3;103;city293;97;249;city229;85;176;city154;181;477;city77;206;258;city282;86;36;city52;97;69;city190;203;37;city213;201;445;city120;487;396;city289
159;city210;370;147;city217;468;41;city58
136;city176;307;74;city89;112;377;city252;35;367;city60;455;129;city214;246;217;city221;69;175;city148;271;192;city131;383;237;city283;275;47;city191
127;city225;265;397;city147;333;225;city83;308;166;city132;76;162;city232;418;290;city248;301;71;city104;176;146;city77;87;24;city275;395;71;city299;194;18;city213;320;238;city165;430;59;city67
154;city291;170;182;city157;237;92;city269;139;360;city281
126;city272;431;234;city231;132;266;city239;370;21;city216;238;456;city164
163;city51;294;175;city93;212;413;city127;97;254;city252;280;457;city217;214;108;city136;76;30;city251
145;city154;194;461;city69;89;234;city108;214;455;city211;461;469;city282;208;243;city57;475;179;city219;452;438;city136;35;400;city59
150;city82;218;24;city267;460;170;city237;452;317;city130;168;128;city160;71;133;city108;112;145;city269;466;99;city102;486;484;city53;111;380;city220;388;373;city213;386;460;city158;478;465;city52;362;362;city230;61;255;city233;477;269;city260;208;494;city289;436;212;city173;110;9;city241
154;city291;170;182;city157;237;92;city269;139;360;city281
129;city231;190;152;city93
131;city271;42;446;city165;332;177;city71;74;16;city147;20;351;city127;229;6;city261;9;371;city163;295;326;city237;247;87;city161;157;25;city121;317;40;city98;468;244;city215;409;398;city259;237;496;city223
126;city272;431;234;city231;132;266;city239;370;21;city216;238;456;city164
126;city272;431;234;city231;132;266;city239;370;21;city216;238;456;city164
158;city85;348;153;city128;123;356;city289;144;295;city63;418;374;city199;425;406;city165;241;387;city104;63;87;city109;446;117;city124;343;418;city123;440;210;city242
168;city247;204;362;city149;122;222;city267;370;103;city135;181;483;city175;218;390;city185;232;22;city78;243;70;city227;271;260;city118
141;city282;55;412;city240;102;452;city137;479;321;city82;335;447;city53;160;289;city163;193;315;city284;312;190;city233;361;256;city95;184;18;city286;284;477;city259;49;497;city192;5;251;city247;77;7;city262;335;115;city250;488;478;city263
154;city291;170;182;city157;237;92;city269;139;360;city281
174;city141;58;402;city66;37;82;city207;385;219;city110;25;2509;city51
148;city101;127;280;city158;157;223;city83
132;city119;257;83;city199;351;316;city146;333;97;city266;293;305;city296;311;467;city221;204;279;city133
125;city284;63;163;city283;477;17;city176;84;429;city259;278;167;city252;251;1740;city248;144;103;city130;357;253;city51
133;city191;442;469;city209;461;432;city245;426;85;city266;206;361;city198
169;city286;480;279;city181;308;69;city225;334;466;city207;180;26;city223;299;361;city295;75;424;city91;424;481;city284;297;121;city105;215;417;city236;233;304;city71;414;5;city198;112;83;city148;130;478;city110
132;city119;257;83;city199;351;316;city146;333;97;city266;293;305;city296;311;467;city221;204;279;city133
156;city253;108;378;city52;247;293;city60;466;202;city57
143;city249;48;66;city119;356;321;city89;11;325;city240;273;230;city91;363;492;city106
170;city55;274;112;city75;444;16;city248;144;421;city181
133;city191;442;469;city209;461;432;city245;426;85;city266;206;361;city198
134;city134;134;238;city252;414;76;city198;486;201;city136;341;251;city125;243;252;city289;467;233;city219;57;364;city268
158;city85;348;153;city128;123;356;city289;144;295;city63;418;374;city199;425;406;city165;241;387;city104;63;87;city109;446;117;city124;343;418;city123;440;210;city242
143;city249;48;66;city119;356;321;city89;11;325;city240;273;230;city91;363;492;city106
169;city286;480;279;city181;308;69;city225;334;466;city207;180;26;city223;299;361;city295;75;424;city91;424;481;city284;297;121;city105;215;417;city236;233;304;city71;414;5;city198;112;83;city148;130;478;city110
163;city51;294;175;city93;212;413;city127;97;254;city252;280;457;city217;214;108;city136;76;30;city251
164;city109;50;406;city57;269;322;city173
169;city286;480;279;city181;308;69;city225;334;466;city207;180;26;city223;299;361;city295;75;424;city91;424;481;city284;297;121;city105;215;417;city236;233;304;city71;414;5;city198;112;83;city148;130;478;city110
131;city271;42;446;city165;332;177;city71;74;16;city147;20;351;city127;229;6;city261;9;371;city163;295;326;city237;247;87;city161;157;25;city121;317;40;city98;468;244;city215;409;398;city259;237;496;city223
141;city282;55;412;city240;102;452;city137;479;321;city82;335;447;city53;160;289;city163;193;315;city284;312;190;city233;361;256;city95;184;18;city286;284;477;city259;49;497;city192;5;251;city247;77;7;city262;335;115;city250;488;478;city263
171;city278;224;344;city122;339;166;city154;459;311;city250;477;17;city220;303;352;city288;157;234;city164;65;451;city65;294;63;city267;115;55;city280;167;211;city221
130;city71;495;215;city138;233;71;city121;334;327;city122;414;278;city232;341;170;city277;155;475;city165;48;129;city231;17;409;city254;103;75;city136;446;451;city171;70;450;city63;437;99;city219;70;65;city141;154;184;city220;134;217;city111
134;city134;134;238;city252;414;76;city198;486;201;city136;341;251;city125;243;252;city289;467;233;city219;57;364;city268
143;city249;48;66;city119;356;321;city89;11;325;city240;273;230;city91;363;492;city106
165;city77;143;390;city220;341;81;city211;435;269;city57;346;160;city156;490;309;city231;224;49;city99;105;364;city140;62;134;city50;126;75;city155;54;282;city88;340;288;city115;68;45;city68;177;49;city80;361;48;city269
154;city291;170;182;city157;237;92;city269;139;360;city281
158;city85;348;153;city128;123;356;city289;144;295;city63;418;374;city199;425;406;city165;241;387;city104;63;87;city109;446;117;city124;343;418;city123;440;210;city242
161;city284;492;236;city232;466;345;city71;330;186;city228;197;7;city274;42;224;city123;180;390;city93;487;37;city258;441;264;city54;142;421;city147;485;59;city94;488;421;city85;303;327;city50;370;387;city120;221;158;city168;311;223;city178;286;384;city152;113;184;city233;258;499;city223;389;431;city89
140;city198;200;165;city274;413;237;city201;271;273;city224;276;389;city227;442;261;city144;457;471;city131;235;155;city156;154;488;city188;9;477;city178;383;163;city259;162;385;city138;218;294;city64
162;city275;252;318;city213;384;219;city82;446;27;city111;237;90;city217;370;418;city184;337;131;city115;417;379;city294;442;329;city63;267;247;city212;137;249;city104;105;257;city152;22;106;city246;35;498;city93
165;city77;143;390;city220;341;81;city211;435;269;city57;346;160;city156;490;309;city231;224;49;city99;105;364;city140;62;134;city50;126;75;city155;54;282;city88;340;288;city115;68;45;city68;177;49;city80;361;48;city269
168;city247;204;362;city149;122;222;city267;370;103;city135;181;483;city175;218;390;city185;232;22;city78;243;70;city227;271;260;city118
169;city286;480;279;city181;308;69;city225;334;466;city207;180;26;city223;299;361;city295;75;424;city91;424;481;city284;297;121;city105;215;417;city236;233;304;city71;414;5;city198;112;83;city148;130;478;city110
158;city85;348;153;city128;123;356;city289;144;295;city63;418;374;city199;425;406;city165;241;387;city104;63;87;city109;446;117;city124;343;418;city123;440;210;city242
155;city164;96;285;city286;410;366;city213;62;298;city176
125;city284;63;163;city283;477;17;city176;84;429;city259;278;167;city252;251;1740;city248;144;103;city130;357;253;city51
127;city225;265;397;city147;333;225;city83;308;166;city132;76;162;city232;418;290;city248;301;71;city104;176;146;city77;87;24;city275;395;71;city299;194;18;city213;320;238;city165;430;59;city67
125;city284;63;163;city283;477;17;city176;84;429;city259;278;167;city252;251;1740;city248;144;103;city130;357;253;city51
165;city77;143;390;city220;341;81;city211;435;269;city57;346;160;city156;490;309;city231;224;49;city99;105;364;city140;62;134;city50;126;75;city155;54;282;city88;340;288;city115;68;45;city68;177;49;city80;361;48;city269
169;city286;480;279;city181;308;69;city225;334;466;city207;180;26;city223;299;361;city295;75;424;city91;424;481;city284;297;121;city105;215;417;city236;233;304;city71;414;5;city198;112;83;city148;130;478;city110
144;city181;291;201;city249;454;85;city144;245;447;city281;132;224;city277;478;367;city111;289;266;city143;128;473;city296;422;250;city227;70;34;city169;5;360;city112;68;113;city276;149;391;city60;152;461;city179;495;439;city115
140;city198;200;165;city274;413;237;city201;271;273;city224;276;389;city227;442;261;city144;457;471;city131;235;155;city156;154;488;city188;9;477;city178;383;163;city259;162;385;city138;218;294;city64
174;city141;58;402;city66;37;82;city207;385;219;city110;25;2509;city51
133;city191;442;469;city209;461;432;city245;426;85;city266;206;361;city198
142;city268;383;74;city221;426;191;city189;17;249;city69;479;419;city260;359;171;city133;263;151;city207;118;137;city196;304;123;city256;215;169;city140;167;435;city83;432;83;city80;307;78;city219;47;476;city200;312;52;city236;154;303;city152;138;454;city198;369;198;city157
156;city253;108;378;city52;247;293;city60;466;202;city57
126;city272;431;234;city231;132;266;city239;370;21;city216;238;456;city164
158;city85;348;153;city128;123;356;city289;144;295;city63;418;374;city199;425;406;city165;241;387;city104;63;87;city109;446;117;city124;343;418;city123;440;210;city242
150;city82;218;24;city267;460;170;city237;452;317;city130;168;128;city160;71;133;city108;112;145;city269;466;99;city102;486;484;city53;111;380;city220;388;373;city213;386;460;city158;478;465;city52;362;362;city230;61;255;city233;477;269;city260;208;494;city289;436;212;city173;110;9;city241
170;city55;274;112;city75;444;16;city248;144;421;city181
159;city210;370;147;city217;468;41;city58
129;city231;190;152;city93
170;city55;274;112;city75;444;16;city248;144;421;city181
139;city157;169;218;city111;315;5;city278;492;493;city213;427;74;city61;88;339;city109;89;302;city150;302;493;city53;7;285;city244;363;205;city168;206;494;city81;394;330;city237;457;308;city178;49;162;city283;181;147;city231;154;36;city65
145;city154;194;461;city69;89;234;city108;214;455;city211;461;469;city282;208;243;city57;475;179;city219;452;438;city136;35;400;city59
171;city278;224;344;city122;339;166;city154;459;311;city250;477;17;city220;303;352;city288;157;234;city164;65;451;city65;294;63;city267;115;55;city280;167;211;city221
157;city193;183;356;city278;435;355;city272;250;14;city183;311;154;city279;382;384;city241;490;270;city147;314;265;city131;206;341;city269;490;246;city213;443;301;city285;464;306;city78;178;316;city168;254;173;city94;269;397;city262;21;384;city221;488;181;city212;149;47;city96
125;city284;63;163;city283;477;17;city176;84;429;city259;278;167;city252;251;1740;city248;144;103;city130;357;253;city51
170;city55;274;112;city75;444;16;city248;144;421;city181
174;city141;58;402;city66;37;82;city207;385;219;city110;25;2509;city51
125;city284;63;163;city283;477;17;city176;84;429;city259;278;167;city252;251;1740;city248;144;103;city130;357;253;city51
141;city282;55;412;city240;102;452;city137;479;321;city82;335;447;city53;160;289;city163;193;315;city284;312;190;city233;361;256;city95;184;18;city286;284;477;city259;49;497;city192;5;251;city247;77;7;city262;335;115;city250;488;478;city263
150;city82;218;24;city267;460;170;city237;452;317;city130;168;128;city160;71;133;city108;112;145;city269;466;99;city102;486;484;city53;111;380;city220;388;373;city213;386;460;city158;478;465;city52;362;362;city230;61;255;city233;477;269;city260;208;494;city289;436;212;city173;110;9;city241
141;city282;55;412;city240;102;452;city137;479;321;city82;335;447;city53;160;289;city163;193;315;city284;312;190;city233;361;256;city95;184;18;city286;284;477;city259;49;497;city192;5;251;city247;77;7;city262;335;115;city250;488;478;city263
146;city144;152;339;city223;298;74;city246;3;103;city293;97;249;city229;85;176;city154;181;477;city77;206;258;city282;86;36;city52;97;69;city190;203;37;city213;201;445;city120;487;396;city289
168;city247;204;362;city149;122;222;city267;370;103;city135;181;483;city175;218;390;city185;232;22;city78;243;70;city227;271;260;city118
134;city134;134;238;city252;414;76;city198;486;201;city136;341;251;city125;243;252;city289;467;233;city219;57;364;city268
167;city238;368;9;city208;120;446;city273;3;102;city255;159;352;city211;413;415;city52;453;14;city152;52;11;city243;18;198;city150
163;city51;294;175;city93;212;413;city127;97;254;city252;280;457;city217;214;108;city136;76;30;city251
146;city144;152;339;city223;298;74;city246;3;103;city293;97;249;city229;85;176;city154;181;477;city77;206;258;city282;86;36;city52;97;69;city190;203;37;city213;201;445;city120;487;396;city289
154;city291;170;182;city157;237;92;city269;139;360;city281
159;city210;370;147;city217;468;41;city58
127;city225;265;397;city147;333;225;city83;308;166;city132;76;162;city232;418;290;city248;301;71;city104;176;146;city77;87;24;city275;395;71;city299;194;18;city213;320;238;city165;430;59;city67
153;city164;70;107;city55;24;245;city87;14;289;city70;425;239;city153;476;309;city91;421;23;city157;41;451;city254;81;58;city99;18;249;city189;496;451;city140;464;3;city227;73;496;city162
158;city85;348;153;city128;123;356;city289;144;295;city63;418;374;city199;425;406;city165;241;387;city104;63;87;city109;446;117;city124;343;418;city123;440;210;city242
164;city109;50;406;city57;269;322;city173
126;city272;431;234;city231;132;266;city239;370;21;city216;238;456;city164
130;city71;495;215;city138;233;71;city121;334;327;city122;414;278;city232;341;170;city277;155;475;city165;48;129;city231;17;409;city254;103;75;city136;446;451;city171;70;450;city63;437;99;city219;70;65;city141;154;184;city220;134;217;city111
145;city154;194;461;city69;89;234;city108;214;455;city211;461;469;city282;208;243;city57;475;179;city219;452;438;city136;35;400;city59
125;city284;63;163;city283;477;17;city176;84;429;city259;278;167;city252;251;1740;city248;144;103;city130;357;253;city51
149;city71;6;250;city195;261;297;city227;269;82;city171;241;425;city198;496;181;city229;134;337;city209;231;391;city108;469;450;city143;123;266;city245;397;216;city274;238;424;city235;387;491;city292;366;78;city176;316;133;city105;137;25;city79;443;54;city189;140;263;city238
166;city299;469;337;city298;449;152;city244;81;184;city163;298;318;city150;318;225;city139;443;95;city131;326;424;city142;445;424;city206
130;city71;495;215;city138;233;71;city121;334;327;city122;414;278;city232;341;170;city277;155;475;city165;48;129;city231;17;409;city254;103;75;city136;446;451;city171;70;450;city63;437;99;city219;70;65;city141;154;184;city220;134;217;city111
135;city126;141;302;city132;195;115;city51;345;334;city190;459;146;city140
165;city77;143;390;city220;341;81;city211;435;269;city57;346;160;city156;490;309;city231;224;49;city99;105;364;city140;62;134;city50;126;75;city155;54;282;city88;340;288;city115;68;45;city68;177;49;city80;361;48;city269
164;city109;50;406;city57;269;322;city173
134;city134;134;238;city252;414;76;city198;486;201;city136;341;251;city125;243;252;city289;467;233;city219;57;364;city268
145;city154;194;461;city69;89;234;city108;214;455;city211;461;469;city282;208;243;city57;475;179;city219;452;438;city136;35;400;city59
167;city238;368;9;city208;120;446;city273;3;102;city255;159;352;city211;413;415;city52;453;14;city152;52;11;city243;18;198;city150
141;city282;55;412;city240;102;452;city137;479;321;city82;335;447;city53;160;289;city163;193;315;city284;312;190;city233;361;256;city95;184;18;city286;284;477;city259;49;497;city192;5;251;city247;77;7;city262;335;115;city250;488;478;city263
139;city157;169;218;city111;315;5;city278;492;493;city213;427;74;city61;88;339;city109;89;302;city150;302;493;city53;7;285;city244;363;205;city168;206;494;city81;394;330;city237;457;308;city178;49;162;city283;181;147;city231;154;36;city65
172;city53;396;141;city265;154;15;city74;87;446;city294;388;81;city125;472;273;city103;289;249;city244;34;60;city185;344;337;city173
159;city210;370;147;city217;468;41;city58
126;city272;431;234;city231;132;266;city239;370;21;city216;238;456;city164
174;city141;58;402;city66;37;82;city207;385;219;city110;25;2509;city51
127;city225;265;397;city147;333;225;city83;308;166;city132;76;162;city232;418;290;city248;301;71;city104;176;146;city77;87;24;city275;395;71;city299;194;18;city213;320;238;city165;430;59;city67
144;city181;291;201;city249;454;85;city144;245;447;city281;132;224;city277;478;367;city111;289;266;city143;128;473;city296;422;250;city227;70;34;city169;5;360;city112;68;113;city276;149;391;city60;152;461;city179;495;439;city115
169;city286;480;279;city181;308;69;city225;334;466;city207;180;26;city223;299;361;city295;75;424;city91;424;481;city284;297;121;city105;215;417;city236;233;304;city71;414;5;city198;112;83;city148;130;478;city110
145;city154;194;461;city69;89;234;city108;214;455;city211;461;469;city282;208;243;city57;475;179;city219;452;438;city136;35;400;city59
173;city123;179;148;city117;483;491;city160;414;331;city204;227;436;city130;244;492;city293;228;242;city145;240;267;city243;387;38;city149;28;35;city173
125;city284;63;163;city283;477;17;city176;84;429;city259;278;167;city252;251;1740;city248;144;103;city130;357;253;city51
145;city154;194;461;city69;89;234;city108;214;455;city211;461;469;city282;208;243;city57;475;179;city219;452;438;city136;35;400;city59
161;city284;492;236;city232;466;345;city71;330;186;city228;197;7;city274;42;224;city123;180;390;city93;487;37;city258;441;264;city54;142;421;city147;485;59;city94;488;421;city85;303;327;city50;370;387;city120;221;158;city168;311;223;city178;286;384;city152;113;184;city233;258;499;city223;389;431;city89
153;city164;70;107;city55;24;245;city87;14;289;city70;425;239;city153;476;309;city91;421;23;city157;41;451;city254;81;58;city99;18;249;city189;496;451;city140;464;3;city227;73;496;city162
169;city286;480;279;city181;308;69;city225;334;466;city207;180;26;city223;299;361;city295;75;424;city91;424;481;city284;297;121;city105;215;417;city236;233;304;city71;414;5;city198;112;83;city148;130;478;city110
146;city144;152;339;city223;298;74;city246;3;103;city293;97;249;city229;85;176;city154;181;477;city77;206;258;city282;86;36;city52;97;69;city190;203;37;city213;201;445;city120;487;396;city289
163;city51;294;175;city93;212;413;city127;97;254;city252;280;457;city217;214;108;city136;76;30;city251
162;city275;252;318;city213;384;219;city82;446;27;city111;237;90;city217;370;418;city184;337;131;city115;417;379;city294;442;329;city63;267;247;city212;137;249;city104;105;257;city152;22;106;city246;35;498;city93
162;city275;252;318;city213;384;219;city82;446;27;city111;237;90;city217;370;418;city184;337;131;city115;417;379;city294;442;329;city63;267;247;city212;137;249;city104;105;257;city152;22;106;city246;35;498;city93
166;city299;469;337;city298;449;152;city244;81;184;city163;298;318;city150;318;225;city139;443;95;city131;326;424;city142;445;424;city206
143;city249;48;66;city119;356;321;city89;11;325;city240;273;230;city91;363;492;city106
144;city181;291;201;city249;454;85;city144;245;447;city281;132;224;city277;478;367;city111;289;266;city143;128;473;city296;422;250;city227;70;34;city169;5;360;city112;68;113;city276;149;391;city60;152;461;city179;495;439;city115
162;city275;252;318;city213;384;219;city82;446;27;city111;237;90;city217;370;418;city184;337;131;city115;417;379;city294;442;329;city63;267;247;city212;137;249;city104;105;257;city152;22;106;city246;35;498;city93
143;city249;48;66;city119;356;321;city89;11;325;city240;273;230;city91;363;492;city106
126;city272;431;234;city231;132;266;city239;370;21;city216;238;456;city164
174;city141;58;402;city66;37;82;city207;385;219;city110;25;2509;city51
148;city101;127;280;city158;157;223;city83
168;city247;204;362;city149;122;222;city267;370;103;city135;181;483;city175;218;390;city185;232;22;city78;243;70;city227;271;260;city118
138;city275;270;8770;city224;487;424;city77;58;454;city227;284;102;city102;284;499;city181;239;139;city50;147;123;city297;289;7819;city194;258;403;city193
169;city286;480;279;city181;308;69;city225;334;466;city207;180;26;city223;299;361;city295;75;424;city91;424;481;city284;297;121;city105;215;417;city236;233;304;city71;414;5;city198;112;83;city148;130;478;city110
157;city193;183;356;city278;435;355;city272;250;14;city183;311;154;city279;382;384;city241;490;270;city147;314;265;city131;206;341;city269;490;246;city213;443;301;city285;464;306;city78;178;316;city168;254;173;city94;269;397;city262;21;384;city221;488;181;city212;149;47;city96
171;city278;224;344;city122;339;166;city154;459;311;city250;477;17;city220;303;352;city288;157;234;city164;65;451;city65;294;63;city267;115;55;city280;167;211;city221
131;city271;42;446;city165;332;177;city71;74;16;city147;20;351;city127;229;6;city261;9;371;city163;295;326;city237;247;87;city161;157;25;city121;317;40;city98;468;244;city215;409;398;city259;237;496;city223
159;city210;370;147;city217;468;41;city58
136;city176;307;74;city89;112;377;city252;35;367;city60;455;129;city214;246;217;city221;69;175;city148;271;192;city131;383;237;city283;275;47;city191
127;city225;265;397;city147;333;225;city83;308;166;city132;76;162;city232;418;290;city248;301;71;city104;176;146;city77;87;24;city275;395;71;city299;194;18;city213;320;238;city165;430;59;city67
130;city71;495;215;city138;233;71;city121;334;327;city122;414;278;city232;341;170;city277;155;475;city165;48;129;city231;17;409;city254;103;75;city136;446;451;city171;70;450;city63;437;99;city219;70;65;city141;154;184;city220;134;217;city111
158;city85;348;153;city128;123;356;city289;144;295;city63;418;374;city199;425;406;city165;241;387;city104;63;87;city109;446;117;city124;343;418;city123;440;210;city242
165;city77;143;390;city220;341;81;city211;435;269;city57;346;160;city156;490;309;city231;224;49;city99;105;364;city140;62;134;city50;126;75;city155;54;282;city88;340;288;city115;68;45;city68;177;49;city80;361;48;city269
145;city154;194;461;city69;89;234;city108;214;455;city211;461;469;city282;208;243;city57;475;179;city219;452;438;city136;35;400;city59
163;city51;294;175;city93;212;413;city127;97;254;city252;280;457;city217;214;108;city136;76;30;city251
140;city198;200;165;city274;413;237;city201;271;273;city224;276;389;city227;442;261;city144;457;471;city131;235;155;city156;154;488;city188;9;477;city178;383;163;city259;162;385;city138;218;294;city64
151;city102;124;471;city223;257;459;city168;313;392;city208;460;166;city280;347;438;city229;348;434;city271;414;248;city250;231;297;city210;455;398;city258;51;498;city241
171;city278;224;344;city122;339;166;city154;459;311;city250;477;17;city220;303;352;city288;157;234;city164;65;451;city65;294;63;city267;115;55;city280;167;211;city221
133;city191;442;469;city209;461;432;city245;426;85;city266;206;361;city198
143;city249;48;66;city119;356;321;city89;11;325;city240;273;230;city91;363;492;city106
130;city71;495;215;city138;233;71;city121;334;327;city122;414;278;city232;341;170;city277;155;475;city165;48;129;city231;17;409;city254;103;75;city136;446;451;city171;70;450;city63;437;99;city219;70;65;city141;154;184;city220;134;217;city111
141;city282;55;412;city240;102;452;city137;479;321;city82;335;447;city53;160;289;city163;193;315;city284;312;190;city233;361;256;city95;184;18;city286;284;477;city259;49;497;city192;5;251;city247;77;7;city262;335;115;city250;488;478;city263
128;city228;244;443;city229;59;138;city59;465;496;city189;227;30;city163;6;364;city94;316;24;city132;182;284;city131;205;323;city155;243;6788;city117;343;441;city273;154;232;city85;117;118;city252;328;56;city192;419;8;city159;367;417;city235
167;city238;368;9;city208;120;446;city273;3;102;city255;159;352;city211;413;415;city52;453;14;city152;52;11;city243;18;198;city150
153;city164;70;107;city55;24;245;city87;14;289;city70;425;239;city153;476;309;city91;421;23;city157;41;451;city254;81;58;city99;18;249;city189;496;451;city140;464;3;city227;73;496;city162
155;city164;96;285;city286;410;366;city213;62;298;city176
139;city157;169;218;city111;315;5;city278;492;493;city213;427;74;city61;88;339;city109;89;302;city150;302;493;city53;7;285;city244;363;205;city168;206;494;city81;394;330;city237;457;308;city178;49;162;city283;181;147;city231;154;36;city65
131;city271;42;446;city165;332;177;city71;74;16;city147;20;351;city127;229;6;city261;9;371;city163;295;326;city237;247;87;city161;157;25;city121;317;40;city98;468;244;city215;409;398;city259;237;496;city223
135;city126;141;302;city132;195;115;city51;345;334;city190;459;146;city140
157;city193;183;356;city278;435;355;city272;250;14;city183;311;154;city279;382;384;city241;490;270;city147;314;265;city131;206;341;city269;490;246;city213;443;301;city285;464;306;city78;178;316;city168;254;173;city94;269;397;city262;21;384;city221;488;181;city212;149;47;city96
135;city126;141;302;city132;195;115;city51;345;334;city190;459;146;city140
144;city181;291;201;city249;454;85;city144;245;447;city281;132;224;city277;478;367;city111;289;266;city143;128;473;city296;422;250;city227;70;34;city169;5;360;city112;68;113;city276;149;391;city60;152;461;city179;495;439;city115
131;city271;42;446;city165;332;177;city71;74;16;city147;20;351;city127;229;6;city261;9;371;city163;295;326;city237;247;87;city161;157;25;city121;317;40;city98;468;244;city215;409;398;city259;237;496;city223
149;city71;6;250;city195;261;297;city227;269;82;city171;241;425;city198;496;181;city229;134;337;city209;231;391;city108;469;450;city143;123;266;city245;397;216;city274;238;424;city235;387;491;city292;366;78;city176;316;133;city105;137;25;city79;443;54;city189;140;263;city238
164;city109;50;406;city57;269;322;city173
143;city249;48;66;city119;356;321;city89;11;325;city240;273;230;city91;363;492;city106
168;city247;204;362;city149;122;222;city267;370;103;city135;181;483;city175;218;390;city185;232;22;city78;243;70;city227;271;260;city118
141;city282;55;412;city240;102;452;city137;479;321;city82;335;447;city53;160;289;city163;193;315;city284;312;190;city233;361;256;city95;184;18;city286;284;477;city259;49;497;city192;5;251;city247;77;7;city262;335;115;city250;488;478;city263
137;city160;425;196;city208;157;153;city95;250;150;city279;209;498;city123;97;445;city64;414;191;city257;500;180;city103;237;34;city66;156;122;city245;76;171;city78;247;225;city88;145;107;city86;132;69;city232;339;377;city280;305;260;city222;256;422;city113
155;city164;96;285;city286;410;366;city213;62;298;city176
142;city268;383;74;city221;426;191;city189;17;249;city69;479;419;city260;359;171;city133;263;151;city207;118;137;city196;304;123;city256;215;169;city140;167;435;city83;432;83;city80;307;78;city219;47;476;city200;312;52;city236;154;303;city152;138;454;city198;369;198;city157
148;city101;127;280;city158;157;223;city83
157;city193;183;356;city278;435;355;city272;250;14;city183;311;154;city279;382;384;city241;490;270;city147;314;265;city131;206;341;city269;490;246;city213;443;301;city285;464;306;city78;178;316;city168;254;173;city94;269;397;city262;21;384;city221;488;181;city212;149;47;city96
127;city225;265;397;city147;333;225;city83;308;166;city132;76;162;city232;418;290;city248;301;71;city104;176;146;city77;87;24;city275;395;71;city299;194;18;city213;320;238;city165;430;59;city67
135;city126;141;302;city132;195;115;city51;345;334;city190;459;146;city140
146;city144;152;339;city223;298;74;city246;3;103;city293;97;249;city229;85;176;city154;181;477;city77;206;258;city282;86;36;city52;97;69;city190;203;37;city213;201;445;city120;487;396;city289
127;city225;265;397;city147;333;225;city83;308;166;city132;76;162;city232;418;290;city248;301;71;city104;176;146;city77;87;24;city275;395;71;city299;194;18;city213;320;238;city165;430;59;city67
133;city191;442;469;city209;461;432;city245;426;85;city266;206;361;city198
152;city173;359;414;city70;374;279;city89
146;city144;152;339;city223;298;74;city246;3;103;city293;97;249;city229;85;176;city154;181;477;city77;206;258;city282;86;36;city52;97;69;city190;203;37;city213;201;445;city120;487;396;city289
166;city299;469;337;city298;449;152;city244;81;184;city163;298;318;city150;318;225;city139;443;95;city131;326;424;city142;445;424;city206
125;city284;63;163;city283;477;17;city176;84;429;city259;278;167;city252;251;1740;city248;144;103;city130;357;253;city51
146;city144;152;339;city223;298;74;city246;3;103;city293;97;249;city229;85;176;city154;181;477;city77;206;258;city282;86;36;city52;97;69;city190;203;37;city213;201;445;city120;487;396;city289
173;city123;179;148;city117;483;491;city160;414;331;city204;227;436;city130;244;492;city293;228;242;city145;240;267;city243;387;38;city149;28;35;city173
148;city101;127;280;city158;157;223;city83
166;city299;469;337;city298;449;152;city244;81;184;city163;298;318;city150;318;225;city139;443;95;city131;326;424;city142;445;424;city206
140;city198;200;165;city274;413;237;city201;271;273;city224;276;389;city227;442;261;city144;457;471;city131;235;155;city156;154;488;city188;9;477;city178;383;163;city259;162;385;city138;218;294;city64
130;city71;495;215;city138;233;71;city121;334;327;city122;414;278;city232;341;170;city277;155;475;city165;48;129;city231;17;409;city254;103;75;city136;446;451;city171;70;450;city63;437;99;city219;70;65;city141;154;184;city220;134;217;city111
160;city253;488;350;city220;76;127;city285;280;143;city172;47;12;city142;110;212;city215;152;152;city291;485;417;city124;398;132;city61;182;434;city117;442;318;city224;237;320;city246;168;266;city173;171;399;city247
140;city198;200;165;city274;413;237;city201;271;273;city224;276;389;city227;442;261;city144;457;471;city131;235;155;city156;154;488;city188;9;477;city178;383;163;city259;162;385;city138;218;294;city64
162;city275;252;318;city213;384;219;city82;446;27;city111;237;90;city217;370;418;city184;337;131;city115;417;379;city294;442;329;city63;267;247;city212;137;249;city104;105;257;city152;22;106;city246;35;498;city93
140;city198;200;165;city274;413;237;city201;271;273;city224;276;389;city227;442;261;city144;457;471;city131;235;155;city156;154;488;city188;9;477;city178;383;163;city259;162;385;city138;218;294;city64
164;city109;50;406;city57;269;322;city173
128;city228;244;443;city229;59;138;city59;465;496;city189;227;30;city163;6;364;city94;316;24;city132;182;284;city131;205;323;city155;243;6788;city117;343;441;city273;154;232;city85;117;118;city252;328;56;city192;419;8;city159;367;417;city235
166;city299;469;337;city298;449;152;city244;81;184;city163;298;318;city150;318;225;city139;443;95;city131;326;424;city142;445;424;city206
168;city247;204;362;city149;122;222;city267;370;103;city135;181;483;city175;218;390;city185;232;22;city78;243;70;city227;271;260;city118
167;city238;368;9;city208;120;446;city273;3;102;city255;159;352;city211;413;415;city52;453;14;city152;52;11;city243;18;198;city150
138;city275;270;8770;city224;487;424;city77;58;454;city227;284;102;city102;284;499;city181;239;139;city50;147;123;city297;289;7819;city194;258;403;city193
149;city71;6;250;city195;261;297;city227;269;82;city171;241;425;city198;496;181;city229;134;337;city209;231;391;city108;469;450;city143;123;266;city245;397;216;city274;238;424;city235;387;491;city292;366;78;city176;316;133;city105;137;25;city79;443;54;city189;140;263;city238
133;city191;442;469;city209;461;432;city245;426;85;city266;206;361;city198
125;city284;63;163;city283;477;17;city176;84;429;city259;278;167;city252;251;1740;city248;144;103;city130;357;253;city51
142;city268;383;74;city221;426;191;city189;17;249;city69;479;419;city260;359;171;city133;263;151;city207;118;137;city196;304;123;city256;215;169;city140;167;435;city83;432;83;city80;307;78;city219;47;476;city200;312;52;city236;154;303;city152;138;454;city198;369;198;city157
149;city71;6;250;city195;261;297;city227;269;82;city171;241;425;city198;496;181;city229;134;337;city209;231;391;city108;469;450;city143;123;266;city245;397;216;city274;238;424;city235;387;491;city292;366;78;city176;316;133;city105;137;25;city79;443;54;city189;140;263;city238
127;city225;265;397;city147;333;225;city83;308;166;city132;76;162;city232;418;290;city248;301;71;city104;176;146;city77;87;24;city275;395;71;city299;194;18;city213;320;238;city165;430;59;city67
153;city164;70;107;city55;24;245;city87;14;289;city70;425;239;city153;476;309;city91;421;23;city157;41;451;city254;81;58;city99;18;249;city189;496;451;city140;464;3;city227;73;496;city162
153;city164;70;107;city55;24;245;city87;14;289;city70;425;239;city153;476;309;city91;421;23;city157;41;451;city254;81;58;city99;18;249;city189;496;451;city140;464;3;city227;73;496;city162
170;city55;274;112;city75;444;16;city248;144;421;city181
159;city210;370;147;city217;468;41;city58
149;city71;6;250;city195;261;297;city227;269;82;city171;241;425;city198;496;181;city229;134;337;city209;231;391;city108;469;450;city143;123;266;city245;397;216;city274;238;424;city235;387;491;city292;366;78;city176;316;133;city105;137;25;city79;443;54;city189;140;263;city238
146;city144;152;339;city223;298;74;city246;3;103;city293;97;249;city229;85;176;city154;181;477;city77;206;258;city282;86;36;city52;97;69;city190;203;37;city213;201;445;city120;487;396;city289
150;city82;218;24;city267;460;170;city237;452;317;city130;168;128;city160;71;133;city108;112;145;city269;466;99;city102;486;484;city53;111;380;city220;388;373;city213;386;460;city158;478;465;city52;362;362;city230;61;255;city233;477;269;city260;208;494;city289;436;212;city173;110;9;city241
165;city77;143;390;city220;341;81;city211;435;269;city57;346;160;city156;490;309;city231;224;49;city99;105;364;city140;62;134;city50;126;75;city155;54;282;city88;340;288;city115;68;45;city68;177;49;city80;361;48;city269
155;city164;96;285;city286;410;366;city213;62;298;city176
162;city275;252;318;city213;384;219;city82;446;27;city111;237;90;city217;370;418;city184;337;131;city115;417;379;city294;442;329;city63;267;247;city212;137;249;city104;105;257;city152;22;106;city246;35;498;city93
128;city228;244;443;city229;59;138;city59;465;496;city189;227;30;city163;6;364;city94;316;24;city132;182;284;city131;205;323;city155;243;6788;city117;343;441;city273;154;232;city85;117;118;city252;328;56;city192;419;8;city159;367;417;city235
163;city51;294;175;city93;212;413;city127;97;254;city252;280;457;city217;214;108;city136;76;30;city251
166;city299;469;337;city298;449;152;city244;81;184;city163;298;318;city150;318;225;city139;443;95;city131;326;424;city142;445;424;city206
132;city119;257;83;city199;351;316;city146;333;97;city266;293;305;city296;311;467;city221;204;279;city133
171;city278;224;344;city122;339;166;city154;459;311;city250;477;17;city220;303;352;city288;157;234;city164;65;451;city65;294;63;city267;115;55;city280;167;211;city221
132;city119;257;83;city199;351;316;city146;333;97;city266;293;305;city296;311;467;city221;204;279;city133
141;city282;55;412;city240;102;452;city137;479;321;city82;335;447;city53;160;289;city163;193;315;city284;312;190;city233;361;256;city95;184;18;city286;284;477;city259;49;497;city192;5;251;city247;77;7;city262;335;115;city250;488;478;city263
144;city181;291;201;city249;454;85;city144;245;447;city281;132;224;city277;478;367;city111;289;266;city143;128;473;city296;422;250;city227;70;34;city169;5;360;city112;68;113;city276;149;391;city60;152;461;city179;495;439;city115
138;city275;270;8770;city224;487;424;city77;58;454;city227;284;102;city102;284;499;city181;239;139;city50;147;123;city297;289;7819;city194;258;403;city193
172;city53;396;141;city265;154;15;city74;87;446;city294;388;81;city125;472;273;city103;289;249;city244;34;60;city185;344;337;city173
154;city291;170;182;city157;237;92;city269;139;360;city281
167;city238;368;9;city208;120;446;city273;3;102;city255;159;352;city211;413;415;city52;453;14;city152;52;11;city243;18;198;city150
149;city71;6;250;city195;261;297;city227;269;82;city171;241;425;city198;496;181;city229;134;337;city209;231;391;city108;469;450;city143;123;266;city245;397;216;city274;238;424;city235;387;491;city292;366;78;city176;316;133;city105;137;25;city79;443;54;city189;140;263;city238
172;city53;396;141;city265;154;15;city74;87;446;city294;388;81;city125;472;273;city103;289;249;city244;34;60;city185;344;337;city173
143;city249;48;66;city119;356;321;city89;11;325;city240;273;230;city91;363;492;city106
137;city160;425;196;city208;157;153;city95;250;150;city279;209;498;city123;97;445;city64;414;191;city257;500;180;city103;237;34;city66;156;122;city245;76;171;city78;247;225;city88;145;107;city86;132;69;city232;339;377;city280;305;260;city222;256;422;city113
174;city141;58;402;city66;37;82;city207;385;219;city110;25;2509;city51
139;city157;169;218;city111;315;5;city278;492;493;city213;427;74;city61;88;339;city109;89;302;city150;302;493;city53;7;285;city244;363;205;city168;206;494;city81;394;330;city237;457;308;city178;49;162;city283;181;147;city231;154;36;city65
165;city77;143;390;city220;341;81;city211;435;269;city57;346;160;city156;490;309;city231;224;49;city99;105;364;city140;62;134;city50;126;75;city155;54;282;city88;340;288;city115;68;45;city68;177;49;city80;361;48;city269
137;city160;425;196;city208;157;153;city95;250;150;city279;209;498;city123;97;445;city64;414;191;city257;500;180;city103;237;34;city66;156;122;city245;76;171;city78;247;225;city88;145;107;city86;132;69;city232;339;377;city280;305;260;city222;256;422;city113
170;city55;274;112;city75;444;16;city248;144;421;city181
126;city272;431;234;city231;132;266;city239;370;21;city216;238;456;city164
164;city109;50;406;city57;269;322;city173
170;city55;274;112;city75;444;16;city248;144;421;city181
136;city176;307;74;city89;112;377;city252;35;367;city60;455;129;city214;246;217;city221;69;175;city148;271;192;city131;383;237;city283;275;47;city191
151;city102;124;471;city223;257;459;city168;313;392;city208;460;166;city280;347;438;city229;348;434;city271;414;248;city250;231;297;city210;455;398;city258;51;498;city241
157;city193;183;356;city278;435;355;city272;250;14;city183;311;154;city279;382;384;city241;490;270;city147;314;265;city131;206;341;city269;490;246;city213;443;301;city285;464;306;city78;178;316;city168;254;173;city94;269;397;city262;21;384;city221;488;181;city212;149;47;city96
141;city282;55;412;city240;102;452;city137;479;321;city82;335;447;city53;160;289;city163;193;315;city284;312;190;city233;361;256;city95;184;18;city286;284;477;city259;49;497;city192;5;251;city247;77;7;city262;335;115;city250;488;478;city263
146;city144;152;339;city223;298;74;city246;3;103;city293;97;249;city229;85;176;city154;181;477;city77;206;258;city282;86;36;city52;97;69;city190;203;37;city213;201;445;city120;487;396;city289
136;city176;307;74;city89;112;377;city252;35;367;city60;455;129;city214;246;217;city221;69;175;city148;271;192;city131;383;237;city283;275;47;city191
145;city154;194;461;city69;89;234;city108;214;455;city211;461;469;city282;208;243;city57;475;179;city219;452;438;city136;35;400;city59
146;city144;152;339;city223;298;74;city246;3;103;city293;97;249;city229;85;176;city154;181;477;city77;206;258;city282;86;36;city52;97;69;city190;203;37;city213;201;445;city120;487;396;city289
134;city134;134;238;city252;414;76;city198;486;201;city136;341;251;city125;243;252;city289;467;233;city219;57;364;city268
127;city225;265;397;city147;333;225;city83;308;166;city132;76;162;city232;418;290;city248;301;71;city104;176;146;city77;87;24;city275;395;71;city299;194;18;city213;320;238;city165;430;59;city67
158;city85;348;153;city128;123;356;city289;144;295;city63;418;374;city199;425;406;city165;241;387;city104;63;87;city109;446;117;city124;343;418;city123;440;210;city242
171;city278;224;344;city122;339;166;city154;459;311;city250;477;17;city220;303;352;city288;157;234;city164;65;451;city65;294;63;city267;115;55;city280;167;211;city221
168;city247;204;362;city149;122;222;city267;370;103;city135;181;483;city175;218;390;city185;232;22;city78;243;70;city227;271;260;city118
151;city102;124;471;city223;257;459;city168;313;392;city208;460;166;city280;347;438;city229;348;434;city271;414;248;city250;231;297;city210;455;398;city258;51;498;city241
165;city77;143;390;city220;341;81;city211;435;269;city57;346;160;city156;490;309;city231;224;49;city99;105;364;city140;62;134;city50;126;75;city155;54;282;city88;340;288;city115;68;45;city68;177;49;city80;361;48;city269
154;city291;170;182;city157;237;92;city269;139;360;city281
138;city275;270;8770;city224;487;424;city77;58;454;city227;284;102;city102;284;499;city181;239;139;city50;147;123;city297;289;7819;city194;258;403;city193
140;city198;200;165;city274;413;237;city201;271;273;city224;276;389;city227;442;261;city144;457;471;city131;235;155;city156;154;488;city188;9;477;city178;383;163;city259;162;385;city138;218;294;city64
169;city286;480;279;city181;308;69;city225;334;466;city207;180;26;city223;299;361;city295;75;424;city91;424;481;city284;297;121;city105;215;417;city236;233;304;city71;414;5;city198;112;83;city148;130;478;city110
153;city164;70;107;city55;24;245;city87;14;289;city70;425;239;city153;476;309;city91;421;23;city157;41;451;city254;81;58;city99;18;249;city189;496;451;city140;464;3;city227;73;496;city162
167;city238;368;9;city208;120;446;city273;3;102;city255;159;352;city211;413;415;city52;453;14;city152;52;11;city243;18;198;city150
170;city55;274;112;city75;444;16;city248;144;421;city181
163;city51;294;175;city93;212;413;city127;97;254;city252;280;457;city217;214;108;city136;76;30;city251
160;city253;488;350;city220;76;127;city285;280;143;city172;47;12;city142;110;212;city215;152;152;city291;485;417;city124;398;132;city61;182;434;city117;442;318;city224;237;320;city246;168;266;city173;171;399;city247
169;city286;480;279;city181;308;69;city225;334;466;city207;180;26;city223;299;361;city295;75;424;city91;424;481;city284;297;121;city105;215;417;city236;233;304;city71;414;5;city198;112;83;city148;130;478;city110
149;city71;6;250;city195;261;297;city227;269;82;city171;241;425;city198;496;181;city229;134;337;city209;231;391;city108;469;450;city143;123;266;city245;397;216;city274;238;424;city235;387;491;city292;366;78;city176;316;133;city105;137;25;city79;443;54;city189;140;263;city238
168;city247;204;362;city149;122;222;city267;370;103;city135;181;483;city175;218;390;city185;232;22;city78;243;70;city227;271;260;city118
155;city164;96;285;city286;410;366;city213;62;298;city176
169;city286;480;279;city181;308;69;city225;334;466;city207;180;26;city223;299;361;city295;75;424;city91;424;481;city284;297;121;city105;215;417;city236;233;304;city71;414;5;city198;112;83;city148;130;478;city110
174;city141;58;402;city66;37;82;city207;385;219;city110;25;2509;city51
157;city193;183;356;city278;435;355;city272;250;14;city183;311;154;city279;382;384;city241;490;270;city147;314;265;city131;206;341;city269;490;246;city213;443;301;city285;464;306;city78;178;316;city168;254;173;city94;269;397;city262;21;384;city221;488;181;city212;149;47;city96
169;city286;480;279;city181;308;69;city225;334;466;city207;180;26;city223;299;361;city295;75;424;city91;424;481;city284;297;121;city105;215;417;city236;233;304;city71;414;5;city198;112;83;city148;130;478;city110
128;city228;244;443;city229;59;138;city59;465;496;city189;227;30;city163;6;364;city94;316;24;city132;182;284;city131;205;323;city155;243;6788;city117;343;441;city273;154;232;city85;117;118;city252;328;56;city192;419;8;city159;367;417;city235
148;city101;127;280;city158;157;223;city83
155;city164;96;285;city286;410;366;city213;62;298;city176
128;city228;244;443;city229;59;138;city59;465;496;city189;227;30;city163;6;364;city94;316;24;city132;182;284;city131;205;323;city155;243;6788;city117;343;441;city273;154;232;city85;117;118;city252;328;56;city192;419;8;city159;367;417;city235
159;city210;370;147;city217;468;41;city58
159;city210;370;147;city217;468;41;city58
132;city119;257;83;city199;351;316;city146;333;97;city266;293;305;city296;311;467;city221;204;279;city133
145;city154;194;461;city69;89;234;city108;214;455;city211;461;469;city282;208;243;city57;475;179;city219;452;438;city136;35;400;city59
162;city275;252;318;city213;384;219;city82;446;27;city111;237;90;city217;370;418;city184;337;131;city115;417;379;city294;442;329;city63;267;247;city212;137;249;city104;105;257;city152;22;106;city246;35;498;city93
152;city173;359;414;city70;374;279;city89
143;city249;48;66;city119;356;321;city89;11;325;city240;273;230;city91;363;492;city106
127;city225;265;397;city147;333;225;city83;308;166;city132;76;162;city232;418;290;city248;301;71;city104;176;146;city77;87;24;city275;395;71;city299;194;18;city213;320;238;city165;430;59;city67
160;city253;488;350;city220;76;127;city285;280;143;city172;47;12;city142;110;212;city215;152;152;city291;485;417;city124;398;132;city61;182;434;city117;442;318;city224;237;320;city246;168;266;city173;171;399;city247
157;city193;183;356;city278;435;355;city272;250;14;city183;311;154;city279;382;384;city241;490;270;city147;314;265;city131;206;341;city269;490;246;city213;443;301;city285;464;306;city78;178;316;city168;254;173;city94;269;397;city262;21;384;city221;488;181;city212;149;47;city96
169;city286;480;279;city181;308;69;city225;334;466;city207;180;26;city223;299;361;city295;75;424;city91;424;481;city284;297;121;city105;215;417;city236;233;304;city71;414;5;city198;112;83;city148;130;478;city110
139;city157;169;218;city111;315;5;city278;492;493;city213;427;74;city61;88;339;city109;89;302;city150;302;493;city53;7;285;city244;363;205;city168;206;494;city81;394;330;city237;457;308;city178;49;162;city283;181;147;city231;154;36;city65
156;city253;108;378;city52;247;293;city60;466;202;city57
125;city284;63;163;city283;477;17;city176;84;429;city259;278;167;city252;251;1740;city248;144;103;city130;357;253;city51
