
















167;city200;449;287;city275;101;285;city193;306;155;city97;30;120;city239;277;345;city293;469;367;city209;307;472;city178;191;483;city288;57;244;city271;453;295;city258;202;150;city233;88;43;city102;393;357;city90;82;168;city266;47;36;city66;469;496;city62;286;349;city139


139;city77;43;261;city297;95;198;city133





167;city200;449;287;city275;101;285;city193;306;155;city97;30;120;city239;277;345;city293;469;367;city209;307;472;city178;191;483;city288;57;244;city271;453;295;city258;202;150;city233;88;43;city102;393;357;city90;82;168;city266;47;36;city66;469;496;city62;286;349;city139
151;city136;364;388;city73;371;280;city223;456;382;city298;282;434;city79;296;458;city127

131;city221;61;187;city136;62;106;city83;172;83;city137;306;343;city190;496;220;city161;227;77;city265;170;282;city205;198;188;city268;337;372;city154;344;203;city233;148;20;city280;431;242;city57;255;71;city148;426;439;city269;176;133;city71;236;438;city62;355;39;city163;26;256;city213;393;156;city171
136;city135;276;81;city235;341;84;city233;313;491;city56;184;188;city292;309;383;city262;489;150;city101;28;447;city267;378;176;city192;453;115;city108

163;city87;444;65;city280;369;304;city127;102;159;city161;225;293;city158
144;city68;185;17;city186;43;417;city115;259;454;city76;190;196;city259;400;113;city294;221;425;city199;331;276;city155;280;414;city82;20;381;city160;78;356;city218;310;179;city237;372;161;city127;124;403;city252;64;197;city61;71;376;city267;500;398;city130;296;3;city236
167;city200;449;287;city275;101;285;city193;306;155;city97;30;120;city239;277;345;city293;469;367;city209;307;472;city178;191;483;city288;57;244;city271;453;295;city258;202;150;city233;88;43;city102;393;357;city90;82;168;city266;47;36;city66;469;496;city62;286;349;city139


138;city82;60;143;city212;128;143;city66;295;185;city240;224;466;city129;30;480;city131;183;166;city149;191;3;city276;443;187;city231;252;441;city278;158;99;city271;346;340;city209;104;354;city97;47;404;city150;308;180;city191;58;396;city201;208;84;city72;27;371;city190;322;349;city235;289;473;city51


136;city135;276;81;city235;341;84;city233;313;491;city56;184;188;city292;309;383;city262;489;150;city101;28;447;city267;378;176;city192;453;115;city108
149;city51;113;208;city109;30;121;city253;82;139;city239
125;city175;365;441;city78;470;73;city244;366;376;city195;75;382;city140;163;308;city88;497;6;city255;353;450;city67;92;104;city112;307;314;city269;406;489;city103;381;429;city154;175;489;city291;387;378;city95;220;48;city92;139;498;city290;338;99;city263;372;252;city177;228;371;city131

152;city184;202;158;city268;402;369;city153
152;city184;202;158;city268;402;369;city153
174;city277;405;461;city233;243;467;city113;16;308;city254;114;158;city65;165;458;city98;380;126;city270;473;332;city96;62;421;city84;129;217;city132;389;317;city170;7;460;city71;107;182;city141;403;182;city191;320;11;city260;463;376;city108;394;411;city61;258;441;city259
174;city277;405;461;city233;243;467;city113;16;308;city254;114;158;city65;165;458;city98;380;126;city270;473;332;city96;62;421;city84;129;217;city132;389;317;city170;7;460;city71;107;182;city141;403;182;city191;320;11;city260;463;376;city108;394;411;city61;258;441;city259
145;city215;296;416;city104;67;121;city185;239;372;city220;347;236;city116;381;74;city107;104;472;city178;439;464;city153;87;99;city273;300;271;city232



147;city125;327;30;city197;81;11;city222;432;493;city242;221;450;city146;341;273;city69;499;441;city205;371;313;city277;168;96;city240

135;city228;263;96;city143;41;387;city270;40;79;city146
139;city77;43;261;city297;95;198;city133

135;city228;263;96;city143;41;387;city270;40;79;city146
167;city200;449;287;city275;101;285;city193;306;155;city97;30;120;city239;277;345;city293;469;367;city209;307;472;city178;191;483;city288;57;244;city271;453;295;city258;202;150;city233;88;43;city102;393;357;city90;82;168;city266;47;36;city66;469;496;city62;286;349;city139
145;city215;296;416;city104;67;121;city185;239;372;city220;347;236;city116;381;74;city107;104;472;city178;439;464;city153;87;99;city273;300;271;city232
174;city277;405;461;city233;243;467;city113;16;308;city254;114;158;city65;165;458;city98;380;126;city270;473;332;city96;62;421;city84;129;217;city132;389;317;city170;7;460;city71;107;182;city141;403;182;city191;320;11;city260;463;376;city108;394;411;city61;258;441;city259
130;city168;251;437;city296;25;345;city179;44;160;city101;332;271;city84;165;54;city53;391;455;city167;403;495;city246;76;87;city164;136;278;city177;9;273;city110;142;472;city133;173;364;city199;309;113;city236
143;city180;232;236;city152;282;270;city70;55;174;city98;295;433;city53;268;479;city105;257;256;city153;41;170;city280;18;244;city287;132;358;city248;326;321;city242;460;51;city239;157;392;city78
145;city215;296;416;city104;67;121;city185;239;372;city220;347;236;city116;381;74;city107;104;472;city178;439;464;city153;87;99;city273;300;271;city232
147;city125;327;30;city197;81;11;city222;432;493;city242;221;450;city146;341;273;city69;499;441;city205;371;313;city277;168;96;city240
125;city175;365;441;city78;470;73;city244;366;376;city195;75;382;city140;163;308;city88;497;6;city255;353;450;city67;92;104;city112;307;314;city269;406;489;city103;381;429;city154;175;489;city291;387;378;city95;220;48;city92;139;498;city290;338;99;city263;372;252;city177;228;371;city131
152;city184;202;158;city268;402;369;city153
139;city77;43;261;city297;95;198;city133
147;city125;327;30;city197;81;11;city222;432;493;city242;221;450;city146;341;273;city69;499;441;city205;371;313;city277;168;96;city240
139;city77;43;261;city297;95;198;city133

131;city221;61;187;city136;62;106;city83;172;83;city137;306;343;city190;496;220;city161;227;77;city265;170;282;city205;198;188;city268;337;372;city154;344;203;city233;148;20;city280;431;242;city57;255;71;city148;426;439;city269;176;133;city71;236;438;city62;355;39;city163;26;256;city213;393;156;city171
142;city103;168;254;city163;365;44;city187;259;454;city215

135;city228;263;96;city143;41;387;city270;40;79;city146

172;city150;288;2;city176;374;299;city111;110;395;city253;177;368;city169;123;465;city70;394;196;city102;225;300;city284;386;37;city98;427;149;city280;306;165;city221;99;127;city114;202;325;city84;130;241;city291;111;270;city292;436;375;city59;462;188;city118;149;105;city244;262;43;city249;121;346;city251
165;city141;274;197;city85;33;427;city123;75;465;city218;204;495;city284
136;city135;276;81;city235;341;84;city233;313;491;city56;184;188;city292;309;383;city262;489;150;city101;28;447;city267;378;176;city192;453;115;city108
141;city209;48;459;city215;354;158;city90;44;393;city83;135;180;city264;159;293;city78;448;80;city248;162;495;city266;478;15;city207;200;329;city287;268;2;city102;12;40;city267;43;431;city69;370;263;city281;100;137;city205;67;294;city104;289;21;city251;391;267;city50;331;31;city254
144;city68;185;17;city186;43;417;city115;259;454;city76;190;196;city259;400;113;city294;221;425;city199;331;276;city155;280;414;city82;20;381;city160;78;356;city218;310;179;city237;372;161;city127;124;403;city252;64;197;city61;71;376;city267;500;398;city130;296;3;city236
174;city277;405;461;city233;243;467;city113;16;308;city254;114;158;city65;165;458;city98;380;126;city270;473;332;city96;62;421;city84;129;217;city132;389;317;city170;7;460;city71;107;182;city141;403;182;city191;320;11;city260;463;376;city108;394;411;city61;258;441;city259
149;city51;113;208;city109;30;121;city253;82;139;city239
161;city178;434;54;city118;416;370;city54;432;433;city150;229;489;city213;266;436;city289;128;45;city177;53;414;city176;482;149;city68;154;260;city62;17;25;city220;333;229;city162
156;city78;341;5171;city178;191;373;city206;347;392;city203;223;135;city175;69;54;city118;202;127;city242;386;25;city188;231;201;city225;195;209;city257
149;city51;113;208;city109;30;121;city253;82;139;city239
162;city88;221;310;city177;174;330;city243;439;5;city56
169;city257;14;17;city296;66;376;city173;279;10;city272;458;57;city212;297;308;city151;19;32;city265;476;351;city52;215;118;city91;152;297;city127;136;142;city246;353;173;city219;306;411;city200;17;29;city254;367;7125;city224;353;424;city209
127;city207;112;84;city110;66;136;city233
139;city77;43;261;city297;95;198;city133
148;city261;56;141;city296;465;454;city232;8;180;city93;400;385;city75;177;188;city61;373;143;city157;480;474;city274;240;137;city189;182;490;city155;389;345;city177;396;81;city173
156;city78;341;5171;city178;191;373;city206;347;392;city203;223;135;city175;69;54;city118;202;127;city242;386;25;city188;231;201;city225;195;209;city257
128;city96;289;342;city68;488;402;city136;28;451;city224;187;430;city199;296;456;city84;59;35;city265;449;334;city98;322;8;city214;264;120;city165;319;288;city213;277;87;city270;347;491;city58;206;486;city60
169;city257;14;17;city296;66;376;city173;279;10;city272;458;57;city212;297;308;city151;19;32;city265;476;351;city52;215;118;city91;152;297;city127;136;142;city246;353;173;city219;306;411;city200;17;29;city254;367;7125;city224;353;424;city209


154;city90;98;215;city249;376;203;city105;103;442;city82;7;250;city94;226;313;city158;103;260;city168;153;66;city52;438;78;city219;5;278;city91;102;351;city167;308;4;city85;461;377;city124
139;city77;43;261;city297;95;198;city133
149;city51;113;208;city109;30;121;city253;82;139;city239
164;city170;38;383;city120;51;245;city226;108;197;city264;437;451;city175;359;410;city75;400;2;city164;249;266;city110;463;439;city113;169;77;city230;365;416;city173;359;199;city135;269;290;city72;404;207;city101;240;39;city261;70;265;city155;58;366;city78;188;476;city286;479;363;city148
149;city51;113;208;city109;30;121;city253;82;139;city239

174;city277;405;461;city233;243;467;city113;16;308;city254;114;158;city65;165;458;city98;380;126;city270;473;332;city96;62;421;city84;129;217;city132;389;317;city170;7;460;city71;107;182;city141;403;182;city191;320;11;city260;463;376;city108;394;411;city61;258;441;city259
174;city277;405;461;city233;243;467;city113;16;308;city254;114;158;city65;165;458;city98;380;126;city270;473;332;city96;62;421;city84;129;217;city132;389;317;city170;7;460;city71;107;182;city141;403;182;city191;320;11;city260;463;376;city108;394;411;city61;258;441;city259
137;city91;86;296;city137;457;159;city221;382;352;city179;480;176;city131;242;375;city250;42;486;city172;39;56;city55;153;94;city195;134;247;city165;137;427;city194;379;79;city237;387;147;city262;42;278;city136;23;6;city97;21;419;city281;175;236;city122;430;71;city228;317;221;city80
149;city51;113;208;city109;30;121;city253;82;139;city239
144;city68;185;17;city186;43;417;city115;259;454;city76;190;196;city259;400;113;city294;221;425;city199;331;276;city155;280;414;city82;20;381;city160;78;356;city218;310;179;city237;372;161;city127;124;403;city252;64;197;city61;71;376;city267;500;398;city130;296;3;city236
170;city160;488;354;city243;233;236;city287;73;22;city108;334;480;city143
148;city261;56;141;city296;465;454;city232;8;180;city93;400;385;city75;177;188;city61;373;143;city157;480;474;city274;240;137;city189;182;490;city155;389;345;city177;396;81;city173
173;city155;446;371;city62;4;439;city104;168;172;city288;31;431;city210
138;city82;60;143;city212;128;143;city66;295;185;city240;224;466;city129;30;480;city131;183;166;city149;191;3;city276;443;187;city231;252;441;city278;158;99;city271;346;340;city209;104;354;city97;47;404;city150;308;180;city191;58;396;city201;208;84;city72;27;371;city190;322;349;city235;289;473;city51
142;city103;168;254;city163;365;44;city187;259;454;city215
158;city211;223;453;city231;312;314;city182;212;62;city268;255;344;city193
129;city225;104;137;city265;159;309;city155;117;478;city180;371;264;city64;433;444;city227;14;474;city130;453;468;city120;63;150;city76;120;147;city297;236;428;city152;92;325;city79;107;307;city114;76;412;city163;390;281;city222;128;286;city91;50;462;city69;460;176;city293
141;city209;48;459;city215;354;158;city90;44;393;city83;135;180;city264;159;293;city78;448;80;city248;162;495;city266;478;15;city207;200;329;city287;268;2;city102;12;40;city267;43;431;city69;370;263;city281;100;137;city205;67;294;city104;289;21;city251;391;267;city50;331;31;city254
157;city234;196;350;city237;156;28;city76;365;16;city242;80;414;city168;149;241;city60;249;28;city252;69;244;city164;309;98;city106;341;250;city194;295;159;city188
134;city114;299;380;city115;224;23;city295;467;363;city274;371;152;city299;140;389;city135;214;312;city272;198;402;city201;96;177;city237;272;173;city167;361;208;city251;434;119;city289
160;city172;399;92;city82;235;483;city79;422;155;city116;17;47;city87;398;177;city197
153;city131;195;99;city247;257;169;city287;446;357;city252;379;316;city141;409;478;city296;478;451;city150;406;415;city276;369;397;city105;13;410;city157;396;388;city219;317;272;city106;89;352;city72;494;244;city107
142;city103;168;254;city163;365;44;city187;259;454;city215
162;city88;221;310;city177;174;330;city243;439;5;city56
156;city78;341;5171;city178;191;373;city206;347;392;city203;223;135;city175;69;54;city118;202;127;city242;386;25;city188;231;201;city225;195;209;city257
128;city96;289;342;city68;488;402;city136;28;451;city224;187;430;city199;296;456;city84;59;35;city265;449;334;city98;322;8;city214;264;120;city165;319;288;city213;277;87;city270;347;491;city58;206;486;city60
128;city96;289;342;city68;488;402;city136;28;451;city224;187;430;city199;296;456;city84;59;35;city265;449;334;city98;322;8;city214;264;120;city165;319;288;city213;277;87;city270;347;491;city58;206;486;city60
127;city207;112;84;city110;66;136;city233
146;city122;444;156;city166;387;324;city83;358;430;city262;292;237;city118;104;213;city267;62;356;city276;341;294;city93;336;15;city84;24;123;city229;16;250;city201;186;218;city127;124;82;city245
147;city125;327;30;city197;81;11;city222;432;493;city242;221;450;city146;341;273;city69;499;441;city205;371;313;city277;168;96;city240
170;city160;488;354;city243;233;236;city287;73;22;city108;334;480;city143
149;city51;113;208;city109;30;121;city253;82;139;city239
143;city180;232;236;city152;282;270;city70;55;174;city98;295;433;city53;268;479;city105;257;256;city153;41;170;city280;18;244;city287;132;358;city248;326;321;city242;460;51;city239;157;392;city78
157;city234;196;350;city237;156;28;city76;365;16;city242;80;414;city168;149;241;city60;249;28;city252;69;244;city164;309;98;city106;341;250;city194;295;159;city188
137;city91;86;296;city137;457;159;city221;382;352;city179;480;176;city131;242;375;city250;42;486;city172;39;56;city55;153;94;city195;134;247;city165;137;427;city194;379;79;city237;387;147;city262;42;278;city136;23;6;city97;21;419;city281;175;236;city122;430;71;city228;317;221;city80
142;city103;168;254;city163;365;44;city187;259;454;city215
138;city82;60;143;city212;128;143;city66;295;185;city240;224;466;city129;30;480;city131;183;166;city149;191;3;city276;443;187;city231;252;441;city278;158;99;city271;346;340;city209;104;354;city97;47;404;city150;308;180;city191;58;396;city201;208;84;city72;27;371;city190;322;349;city235;289;473;city51
162;city88;221;310;city177;174;330;city243;439;5;city56
159;city68;275;288;city150;99;414;city186
164;city170;38;383;city120;51;245;city226;108;197;city264;437;451;city175;359;410;city75;400;2;city164;249;266;city110;463;439;city113;169;77;city230;365;416;city173;359;199;city135;269;290;city72;404;207;city101;240;39;city261;70;265;city155;58;366;city78;188;476;city286;479;363;city148
134;city114;299;380;city115;224;23;city295;467;363;city274;371;152;city299;140;389;city135;214;312;city272;198;402;city201;96;177;city237;272;173;city167;361;208;city251;434;119;city289
135;city228;263;96;city143;41;387;city270;40;79;city146
163;city87;444;65;city280;369;304;city127;102;159;city161;225;293;city158
157;city234;196;350;city237;156;28;city76;365;16;city242;80;414;city168;149;241;city60;249;28;city252;69;244;city164;309;98;city106;341;250;city194;295;159;city188
172;city150;288;2;city176;374;299;city111;110;395;city253;177;368;city169;123;465;city70;394;196;city102;225;300;city284;386;37;city98;427;149;city280;306;165;city221;99;127;city114;202;325;city84;130;241;city291;111;270;city292;436;375;city59;462;188;city118;149;105;city244;262;43;city249;121;346;city251
137;city91;86;296;city137;457;159;city221;382;352;city179;480;176;city131;242;375;city250;42;486;city172;39;56;city55;153;94;city195;134;247;city165;137;427;city194;379;79;city237;387;147;city262;42;278;city136;23;6;city97;21;419;city281;175;236;city122;430;71;city228;317;221;city80
147;city125;327;30;city197;81;11;city222;432;493;city242;221;450;city146;341;273;city69;499;441;city205;371;313;city277;168;96;city240
140;city96;340;147;city66;332;294;city68;373;423;city91;35;298;city220;191;22;city242;341;237;city122;86;78;city261;446;139;city172;53;102;city98;375;396;city162;82;99;city229;356;297;city244;247;168;city227;71;328;city234;174;7;city117;298;243;city60;88;476;city200;256;394;city161;84;281;city225
170;city160;488;354;city243;233;236;city287;73;22;city108;334;480;city143
153;city131;195;99;city247;257;169;city287;446;357;city252;379;316;city141;409;478;city296;478;451;city150;406;415;city276;369;397;city105;13;410;city157;396;388;city219;317;272;city106;89;352;city72;494;244;city107
163;city87;444;65;city280;369;304;city127;102;159;city161;225;293;city158
168;city138;160;263;city282;402;60;city75;321;294;city248;436;232;city203;463;378;city219;329;410;city135;158;313;city190;310;366;city279
165;city141;274;197;city85;33;427;city123;75;465;city218;204;495;city284
165;city141;274;197;city85;33;427;city123;75;465;city218;204;495;city284
146;city122;444;156;city166;387;324;city83;358;430;city262;292;237;city118;104;213;city267;62;356;city276;341;294;city93;336;15;city84;24;123;city229;16;250;city201;186;218;city127;124;82;city245
158;city211;223;453;city231;312;314;city182;212;62;city268;255;344;city193
129;city225;104;137;city265;159;309;city155;117;478;city180;371;264;city64;433;444;city227;14;474;city130;453;468;city120;63;150;city76;120;147;city297;236;428;city152;92;325;city79;107;307;city114;76;412;city163;390;281;city222;128;286;city91;50;462;city69;460;176;city293
157;city234;196;350;city237;156;28;city76;365;16;city242;80;414;city168;149;241;city60;249;28;city252;69;244;city164;309;98;city106;341;250;city194;295;159;city188
127;city207;112;84;city110;66;136;city233
158;city211;223;453;city231;312;314;city182;212;62;city268;255;344;city193
129;city225;104;137;city265;159;309;city155;117;478;city180;371;264;city64;433;444;city227;14;474;city130;453;468;city120;63;150;city76;120;147;city297;236;428;city152;92;325;city79;107;307;city114;76;412;city163;390;281;city222;128;286;city91;50;462;city69;460;176;city293
133;city76;404;135;city53;115;20;city262;281;187;city214;494;212;city168;28;98;city55;416;467;city64;341;111;city261;465;409;city284;171;35;city215;21;17;city265;30;471;city62;189;201;city225;186;480;city258;368;178;city260
139;city77;43;261;city297;95;198;city133
138;city82;60;143;city212;128;143;city66;295;185;city240;224;466;city129;30;480;city131;183;166;city149;191;3;city276;443;187;city231;252;441;city278;158;99;city271;346;340;city209;104;354;city97;47;404;city150;308;180;city191;58;396;city201;208;84;city72;27;371;city190;322;349;city235;289;473;city51
132;city76;155;147;city217;349;441;city90;59;33;city242;144;79;city91;323;431;city292
135;city228;263;96;city143;41;387;city270;40;79;city146

164;city170;38;383;city120;51;245;city226;108;197;city264;437;451;city175;359;410;city75;400;2;city164;249;266;city110;463;439;city113;169;77;city230;365;416;city173;359;199;city135;269;290;city72;404;207;city101;240;39;city261;70;265;city155;58;366;city78;188;476;city286;479;363;city148
134;city114;299;380;city115;224;23;city295;467;363;city274;371;152;city299;140;389;city135;214;312;city272;198;402;city201;96;177;city237;272;173;city167;361;208;city251;434;119;city289
145;city215;296;416;city104;67;121;city185;239;372;city220;347;236;city116;381;74;city107;104;472;city178;439;464;city153;87;99;city273;300;271;city232
142;city103;168;254;city163;365;44;city187;259;454;city215
166;city141;194;61;city289;308;467;city92;395;40;city196;4;130;city186;171;128;city93;440;79;city156;463;338;city234;153;438;city83;373;468;city288;52;28;city132;359;384;city297;383;276;city276;209;45;city163;123;305;city155;165;427;city224;228;413;city219;441;36;city266
127;city207;112;84;city110;66;136;city233
170;city160;488;354;city243;233;236;city287;73;22;city108;334;480;city143
161;city178;434;54;city118;416;370;city54;432;433;city150;229;489;city213;266;436;city289;128;45;city177;53;414;city176;482;149;city68;154;260;city62;17;25;city220;333;229;city162
163;city87;444;65;city280;369;304;city127;102;159;city161;225;293;city158
144;city68;185;17;city186;43;417;city115;259;454;city76;190;196;city259;400;113;city294;221;425;city199;331;276;city155;280;414;city82;20;381;city160;78;356;city218;310;179;city237;372;161;city127;124;403;city252;64;197;city61;71;376;city267;500;398;city130;296;3;city236
163;city87;444;65;city280;369;304;city127;102;159;city161;225;293;city158
153;city131;195;99;city247;257;169;city287;446;357;city252;379;316;city141;409;478;city296;478;451;city150;406;415;city276;369;397;city105;13;410;city157;396;388;city219;317;272;city106;89;352;city72;494;244;city107
172;city150;288;2;city176;374;299;city111;110;395;city253;177;368;city169;123;465;city70;394;196;city102;225;300;city284;386;37;city98;427;149;city280;306;165;city221;99;127;city114;202;325;city84;130;241;city291;111;270;city292;436;375;city59;462;188;city118;149;105;city244;262;43;city249;121;346;city251
170;city160;488;354;city243;233;236;city287;73;22;city108;334;480;city143
158;city211;223;453;city231;312;314;city182;212;62;city268;255;344;city193
132;city76;155;147;city217;349;441;city90;59;33;city242;144;79;city91;323;431;city292
160;city172;399;92;city82;235;483;city79;422;155;city116;17;47;city87;398;177;city197
137;city91;86;296;city137;457;159;city221;382;352;city179;480;176;city131;242;375;city250;42;486;city172;39;56;city55;153;94;city195;134;247;city165;137;427;city194;379;79;city237;387;147;city262;42;278;city136;23;6;city97;21;419;city281;175;236;city122;430;71;city228;317;221;city80
149;city51;113;208;city109;30;121;city253;82;139;city239
157;city234;196;350;city237;156;28;city76;365;16;city242;80;414;city168;149;241;city60;249;28;city252;69;244;city164;309;98;city106;341;250;city194;295;159;city188
163;city87;444;65;city280;369;304;city127;102;159;city161;225;293;city158
129;city225;104;137;city265;159;309;city155;117;478;city180;371;264;city64;433;444;city227;14;474;city130;453;468;city120;63;150;city76;120;147;city297;236;428;city152;92;325;city79;107;307;city114;76;412;city163;390;281;city222;128;286;city91;50;462;city69;460;176;city293
131;city221;61;187;city136;62;106;city83;172;83;city137;306;343;city190;496;220;city161;227;77;city265;170;282;city205;198;188;city268;337;372;city154;344;203;city233;148;20;city280;431;242;city57;255;71;city148;426;439;city269;176;133;city71;236;438;city62;355;39;city163;26;256;city213;393;156;city171
170;city160;488;354;city243;233;236;city287;73;22;city108;334;480;city143
127;city207;112;84;city110;66;136;city233
150;city174;4;389;city250;159;156;city67;311;382;city216;104;394;city143;428;272;city88;91;41;city260;325;421;city257
125;city175;365;441;city78;470;73;city244;366;376;city195;75;382;city140;163;308;city88;497;6;city255;353;450;city67;92;104;city112;307;314;city269;406;489;city103;381;429;city154;175;489;city291;387;378;city95;220;48;city92;139;498;city290;338;99;city263;372;252;city177;228;371;city131
168;city138;160;263;city282;402;60;city75;321;294;city248;436;232;city203;463;378;city219;329;410;city135;158;313;city190;310;366;city279
165;city141;274;197;city85;33;427;city123;75;465;city218;204;495;city284
150;city174;4;389;city250;159;156;city67;311;382;city216;104;394;city143;428;272;city88;91;41;city260;325;421;city257
163;city87;444;65;city280;369;304;city127;102;159;city161;225;293;city158
135;city228;263;96;city143;41;387;city270;40;79;city146
136;city135;276;81;city235;341;84;city233;313;491;city56;184;188;city292;309;383;city262;489;150;city101;28;447;city267;378;176;city192;453;115;city108
164;city170;38;383;city120;51;245;city226;108;197;city264;437;451;city175;359;410;city75;400;2;city164;249;266;city110;463;439;city113;169;77;city230;365;416;city173;359;199;city135;269;290;city72;404;207;city101;240;39;city261;70;265;city155;58;366;city78;188;476;city286;479;363;city148
133;city76;404;135;city53;115;20;city262;281;187;city214;494;212;city168;28;98;city55;416;467;city64;341;111;city261;465;409;city284;171;35;city215;21;17;city265;30;471;city62;189;201;city225;186;480;city258;368;178;city260
154;city90;98;215;city249;376;203;city105;103;442;city82;7;250;city94;226;313;city158;103;260;city168;153;66;city52;438;78;city219;5;278;city91;102;351;city167;308;4;city85;461;377;city124
172;city150;288;2;city176;374;299;city111;110;395;city253;177;368;city169;123;465;city70;394;196;city102;225;300;city284;386;37;city98;427;149;city280;306;165;city221;99;2857;city114;202;325;city84;130;241;city291;111;270;city292;436;375;city59;462;188;city118;149;105;city244;262;43;city249;121;346;city251
129;city225;104;137;city265;159;309;city155;117;478;city180;371;264;city64;433;444;city227;14;474;city130;453;468;city120;63;150;city76;120;147;city297;236;428;city152;92;325;city79;107;307;city114;76;412;city163;390;281;city222;128;286;city91;50;462;city69;460;176;city293
173;city155;446;371;city62;4;439;city104;168;172;city288;31;431;city210
156;city78;341;5171;city178;191;373;city206;347;392;city203;223;135;city175;69;54;city118;202;127;city242;386;25;city188;231;201;city225;195;209;city257
142;city103;168;254;city163;365;44;city187;259;454;city215
156;city78;341;5171;city178;191;373;city206;347;392;city203;223;135;city175;69;54;city118;202;127;city242;386;25;city188;231;201;city225;195;209;city257
165;city141;274;197;city85;33;427;city123;75;465;city218;204;495;city284
162;city88;221;310;city177;174;330;city243;439;5;city56
161;city178;434;54;city118;416;370;city54;432;433;city150;229;489;city213;266;436;city289;128;45;city177;53;414;city176;482;149;city68;154;260;city62;17;25;city220;333;229;city162
159;city68;275;288;city150;99;414;city186
150;city174;4;389;city250;159;156;city67;311;382;city216;104;394;city143;428;272;city88;91;41;city260;325;421;city257
125;city175;365;441;city78;470;73;city244;366;376;city195;75;382;city140;163;308;city88;497;6;city255;353;450;city67;92;104;city112;307;314;city269;406;489;city103;381;429;city154;175;489;city291;387;378;city95;220;48;city92;139;498;city290;338;99;city263;372;252;city177;228;371;city131
140;city96;340;147;city66;332;294;city68;373;423;city91;35;298;city220;191;22;city242;341;237;city122;86;78;city261;446;139;city172;53;102;city98;375;396;city162;82;99;city229;356;297;city244;247;168;city227;71;328;city234;174;7;city117;298;243;city60;88;476;city200;256;394;city161;84;281;city225
161;city178;434;54;city118;416;370;city54;432;433;city150;229;489;city213;266;436;city289;128;45;city177;53;414;city176;482;149;city68;154;260;city62;17;25;city220;333;229;city162
152;city184;202;158;city268;402;369;city153
129;city225;104;137;city265;159;309;city155;117;478;city180;371;264;city64;433;444;city227;14;474;city130;453;468;city120;63;150;city76;120;147;city297;236;428;city152;92;325;city79;107;307;city114;76;412;city163;390;281;city222;128;286;city91;50;462;city69;460;176;city293
164;city170;38;383;city120;51;245;city226;108;197;city264;437;451;city175;359;410;city75;400;2;city164;249;266;city110;463;439;city113;169;77;city230;365;416;city173;359;199;city135;269;290;city72;404;207;city101;240;39;city261;70;265;city155;58;366;city78;188;476;city286;479;363;city148
143;city180;232;236;city152;282;270;city70;55;174;city98;295;433;city53;268;479;city105;257;256;city153;41;170;city280;18;244;city287;132;358;city248;326;321;city242;460;51;city239;157;392;city78
137;city91;86;296;city137;457;159;city221;382;352;city179;480;176;city131;242;375;city250;42;486;city172;39;56;city55;153;94;city195;134;247;city165;137;427;city194;379;79;city237;387;147;city262;42;278;city136;23;6;city97;21;419;city281;175;236;city122;430;71;city228;317;221;city80
129;city225;104;137;city265;159;309;city155;117;478;city180;371;264;city64;433;444;city227;14;474;city130;453;468;city120;63;150;city76;120;147;city297;236;428;city152;92;325;city79;107;307;city114;76;412;city163;390;281;city222;128;286;city91;50;462;city69;460;176;city293
131;city221;61;187;city136;62;106;city83;172;83;city137;306;343;city190;496;220;city161;227;77;city265;170;282;city205;198;188;city268;337;372;city154;344;203;city233;148;20;city280;431;242;city57;255;71;city148;426;439;city269;176;133;city71;236;438;city62;355;39;city163;26;256;city213;393;156;city171
168;city138;160;263;city282;402;60;city75;321;294;city248;436;232;city203;463;378;city219;329;410;city135;158;313;city190;310;366;city279
166;city141;194;61;city289;308;467;city92;395;40;city196;4;130;city186;171;128;city93;440;79;city156;463;338;city234;153;438;city83;373;468;city288;52;28;city132;359;384;city297;383;276;city276;209;45;city163;123;305;city155;165;427;city224;228;413;city219;441;36;city266
158;city211;223;453;city231;312;314;city182;212;62;city268;255;344;city193
129;city225;104;137;city265;159;309;city155;117;478;city180;371;264;city64;433;444;city227;14;474;city130;453;468;city120;63;150;city76;120;147;city297;236;428;city152;92;325;city79;107;307;city114;76;412;city163;390;281;city222;128;286;city91;50;462;city69;460;176;city293
143;city180;232;236;city152;282;270;city70;55;174;city98;295;433;city53;268;479;city105;257;256;city153;41;170;city280;18;244;city287;132;358;city248;326;321;city242;460;51;city239;157;392;city78
129;city225;104;137;city265;159;309;city155;117;478;city180;371;264;city64;433;444;city227;14;474;city130;453;468;city120;63;150;city76;120;147;city297;236;428;city152;92;325;city79;107;307;city114;76;412;city163;390;281;city222;128;286;city91;50;462;city69;460;176;city293
129;city225;104;137;city265;159;309;city155;117;478;city180;371;264;city64;433;444;city227;14;474;city130;453;468;city120;63;150;city76;120;147;city297;236;428;city152;92;325;city79;107;307;city114;76;412;city163;390;281;city222;128;286;city91;50;462;city69;460;176;city293
156;city78;341;5171;city178;191;373;city206;347;392;city203;223;135;city175;69;54;city118;202;127;city242;386;25;city188;231;201;city225;195;209;city257
161;city178;434;54;city118;416;370;city54;432;433;city150;229;489;city213;266;436;city289;128;45;city177;53;414;city176;482;149;city68;154;260;city62;17;25;city220;333;229;city162
162;city88;221;310;city177;174;330;city243;439;5;city56
154;city90;98;215;city249;376;203;city105;103;442;city82;7;250;city94;226;313;city158;103;260;city168;153;66;city52;438;78;city219;5;278;city91;102;351;city167;308;4;city85;461;377;city124
154;city90;98;215;city249;376;203;city105;103;442;city82;7;250;city94;226;313;city158;103;260;city168;153;66;city52;438;78;city219;5;278;city91;102;351;city167;308;4;city85;461;377;city124
140;city96;340;147;city66;332;294;city68;373;423;city91;35;298;city220;191;22;city242;341;237;city122;86;78;city261;446;139;city172;53;102;city98;375;396;city162;82;99;city229;356;297;city244;247;168;city227;71;328;city234;174;7;city117;298;243;city60;88;476;city200;256;394;city161;84;281;city225
143;city180;232;236;city152;282;270;city70;55;174;city98;295;433;city53;268;479;city105;257;256;city153;41;170;city280;18;244;city287;132;358;city248;326;321;city242;460;51;city239;157;392;city78
155;city158;235;435;city78;270;497;city103;424;149;city186;227;166;city61;121;403;city125
153;city131;195;99;city247;257;169;city287;446;357;city252;379;316;city141;409;478;city296;478;451;city150;406;415;city276;369;397;city105;13;410;city157;396;388;city219;317;272;city106;89;352;city72;494;244;city107
152;city184;202;158;city268;402;369;city153
140;city96;340;147;city66;332;294;city68;373;423;city91;35;298;city220;191;22;city242;341;237;city122;86;78;city261;446;139;city172;53;102;city98;375;396;city162;82;99;city229;356;297;city244;247;168;city227;71;328;city234;174;7;city117;298;243;city60;88;476;city200;256;394;city161;84;281;city225
154;city90;98;215;city249;376;203;city105;103;442;city82;7;250;city94;226;313;city158;103;260;city168;153;66;city52;438;78;city219;5;278;city91;102;351;city167;308;4;city85;461;377;city124
164;city170;38;383;city120;51;245;city226;108;197;city264;437;451;city175;359;410;city75;400;2;city164;249;266;city110;463;439;city113;169;77;city230;365;416;city173;359;199;city135;269;290;city72;404;207;city101;240;39;city261;70;265;city155;58;366;city78;188;476;city286;479;363;city148
169;city257;14;17;city296;66;376;city173;279;10;city272;458;57;city212;297;308;city151;19;32;city265;476;351;city52;215;118;city91;152;297;city127;136;142;city246;353;173;city219;306;411;city200;17;29;city254;367;7125;city224;353;424;city209
130;city168;251;437;city296;25;345;city179;44;160;city101;332;271;city84;165;54;city53;391;455;city167;403;495;city246;76;87;city164;136;278;city177;9;273;city110;142;472;city133;173;364;city199;309;113;city236
174;city277;405;461;city233;243;467;city113;16;308;city254;114;158;city65;165;458;city98;380;126;city270;473;332;city96;62;421;city84;129;217;city132;389;317;city170;7;460;city71;107;182;city141;403;182;city191;320;11;city260;463;376;city108;394;411;city61;258;762;city259
138;city82;60;143;city212;128;143;city66;295;185;city240;224;466;city129;30;480;city131;183;166;city149;191;3;city276;443;187;city231;252;441;city278;158;99;city271;346;340;city209;104;354;city97;47;404;city150;308;180;city191;58;396;city201;208;84;city72;27;371;city190;322;349;city235;289;473;city51
127;city207;112;84;city110;66;136;city233
164;city170;38;383;city120;51;245;city226;108;197;city264;437;451;city175;359;410;city75;400;2;city164;249;266;city110;463;439;city113;169;77;city230;365;416;city173;359;199;city135;269;290;city72;404;207;city101;240;39;city261;70;265;city155;58;366;city78;188;476;city286;479;363;city148
172;city150;288;2;city176;374;299;city111;110;395;city253;177;368;city169;123;465;city70;394;196;city102;225;300;city284;386;37;city98;427;149;city280;306;165;city221;99;2857;city114;202;325;city84;130;241;city291;111;270;city292;436;375;city59;462;188;city118;149;105;city244;262;43;city249;121;346;city251
134;city114;299;380;city115;224;23;city295;467;363;city274;371;152;city299;140;389;city135;214;312;city272;198;402;city201;96;177;city237;272;173;city167;361;208;city251;434;119;city289
132;city76;155;147;city217;349;441;city90;59;33;city242;144;79;city91;323;431;city292
158;city211;223;453;city231;312;314;city182;212;62;city268;255;344;city193
134;city114;299;380;city115;224;23;city295;467;363;city274;371;152;city299;140;389;city135;214;312;city272;198;402;city201;96;177;city237;272;173;city167;361;208;city251;434;119;city289
173;city155;446;371;city62;4;439;city104;168;172;city288;31;431;city210
172;city150;288;2;city176;374;299;city111;110;395;city253;177;368;city169;123;465;city70;394;196;city102;225;300;city284;386;37;city98;427;149;city280;306;165;city221;99;2857;city114;202;325;city84;130;241;city291;111;270;city292;436;375;city59;462;188;city118;149;105;city244;262;43;city249;121;346;city251
165;city141;274;197;city85;33;427;city123;75;465;city218;204;495;city284
126;city137;397;89;city110;399;475;city213;288;47;city231;481;338;city216;90;62;city97;380;431;city222;198;268;city207;48;242;city196;248;9;city51;325;460;city259;460;340;city68;393;339;city174;97;368;city208;463;158;city272;311;20;city150;251;297;city144;455;248;city100
132;city76;155;147;city217;349;441;city90;59;33;city242;144;79;city91;323;431;city292
142;city103;168;254;city163;365;44;city187;259;454;city215
170;city160;488;354;city243;233;236;city287;73;22;city108;334;480;city143
151;city136;364;388;city73;371;280;city223;456;382;city298;282;434;city79;296;458;city127
164;city170;38;383;city120;51;245;city226;108;197;city264;437;451;city175;359;410;city75;400;2;city164;249;266;city110;463;439;city113;169;77;city230;365;416;city173;359;199;city135;269;290;city72;404;207;city101;240;39;city261;70;265;city155;58;366;city78;188;476;city286;479;363;city148
141;city209;48;459;city215;354;158;city90;44;393;city83;135;180;city264;159;293;city78;448;80;city248;162;495;city266;478;15;city207;200;329;city287;268;2;city102;12;40;city267;43;431;city69;370;263;city281;100;137;city205;67;294;city104;289;21;city251;391;267;city50;331;31;city254
125;city175;365;441;city78;470;73;city244;366;376;city195;75;382;city140;163;308;city88;497;6;city255;353;450;city67;92;104;city112;307;314;city269;406;489;city103;381;429;city154;175;489;city291;387;378;city95;220;48;city92;139;498;city290;338;99;city263;372;252;city177;228;371;city131
167;city200;449;287;city275;101;285;city193;306;155;city97;30;120;city239;277;345;city293;469;367;city209;307;472;city178;191;483;city288;57;244;city271;453;295;city258;202;150;city233;88;43;city102;393;357;city90;82;168;city266;47;36;city66;469;496;city62;286;349;city139
126;city137;397;89;city110;399;475;city213;288;47;city231;481;338;city216;90;62;city97;380;431;city222;198;268;city207;48;242;city196;248;9;city51;325;460;city259;460;340;city68;393;339;city174;97;368;city208;463;158;city272;311;20;city150;251;297;city144;455;248;city100
139;city77;43;261;city297;95;198;city133
136;city135;276;81;city235;341;84;city233;313;491;city56;184;188;city292;309;383;city262;489;150;city101;28;447;city267;378;176;city192;453;115;city108
125;city175;365;441;city78;470;73;city244;366;376;city195;75;382;city140;163;308;city88;497;6;city255;353;450;city67;92;104;city112;307;314;city269;406;489;city103;381;429;city154;175;489;city291;387;378;city95;220;48;city92;139;498;city290;338;99;city263;372;252;city177;228;371;city131
128;city96;289;342;city68;488;402;city136;28;451;city224;187;430;city199;296;456;city84;59;35;city265;449;334;city98;322;8;city214;264;120;city165;319;288;city213;277;87;city270;347;491;city58;206;486;city60
153;city131;195;99;city247;257;169;city287;446;357;city252;379;316;city141;409;478;city296;478;451;city150;406;415;city276;369;397;city105;13;410;city157;396;388;city219;317;272;city106;89;352;city72;494;244;city107
160;city172;399;92;city82;235;483;city79;422;155;city116;17;47;city87;398;177;city197
143;city180;232;236;city152;282;270;city70;55;174;city98;295;433;city53;268;479;city105;257;256;city153;41;170;city280;18;244;city287;132;358;city248;326;321;city242;460;51;city239;157;392;city78
135;city228;263;96;city143;41;387;city270;40;79;city146
146;city122;444;156;city166;387;324;city83;358;430;city262;292;237;city118;104;213;city267;62;356;city276;341;294;city93;336;15;city84;24;123;city229;16;250;city201;186;218;city127;124;82;city245
158;city211;223;453;city231;312;314;city182;212;62;city268;255;344;city193
140;city96;340;147;city66;332;294;city68;373;423;city91;35;298;city220;191;22;city242;341;237;city122;86;78;city261;446;139;city172;53;102;city98;375;396;city162;82;99;city229;356;297;city244;247;168;city227;71;328;city234;174;7;city117;298;243;city60;88;476;city200;256;394;city161;84;281;city225
157;city234;196;350;city237;156;28;city76;365;16;city242;80;414;city168;149;241;city60;249;28;city252;69;244;city164;309;98;city106;341;250;city194;295;159;city188
149;city51;113;208;city109;30;121;city253;82;139;city239
149;city51;113;208;city109;30;121;city253;82;139;city239
159;city68;275;288;city150;99;414;city186
144;city68;185;17;city186;43;417;city115;259;454;city76;190;196;city259;400;113;city294;221;425;city199;331;276;city155;280;414;city82;20;381;city160;78;356;city218;310;179;city237;372;161;city127;124;403;city252;64;197;city61;71;376;city267;500;398;city130;296;3;city236
136;city135;276;81;city235;341;84;city233;313;491;city56;184;188;city292;309;383;city262;489;150;city101;28;447;city267;378;176;city192;453;115;city108
129;city225;104;137;city265;159;309;city155;117;478;city180;371;264;city64;433;444;city227;14;474;city130;453;468;city120;63;150;city76;120;147;city297;236;428;city152;92;325;city79;107;307;city114;76;412;city163;390;281;city222;128;286;city91;50;462;city69;460;176;city293
134;city114;299;380;city115;224;23;city295;467;363;city274;371;152;city299;140;389;city135;214;312;city272;198;402;city201;96;177;city237;272;173;city167;361;208;city251;434;119;city289
159;city68;275;288;city150;99;414;city186
142;city103;168;254;city163;365;44;city187;259;454;city215
139;city77;43;261;city297;95;198;city133
166;city141;194;61;city289;308;467;city92;395;40;city196;4;130;city186;171;128;city93;440;79;city156;463;338;city234;153;438;city83;373;468;city288;52;28;city132;359;384;city297;383;276;city276;209;45;city163;123;305;city155;165;427;city224;228;413;city219;441;36;city266
168;city138;160;263;city282;402;60;city75;321;294;city248;436;232;city203;463;378;city219;329;410;city135;158;313;city190;310;366;city279
174;city277;405;461;city233;243;467;city113;16;308;city254;114;158;city65;165;458;city98;380;126;city270;473;332;city96;62;421;city84;129;217;city132;389;317;city170;7;460;city71;107;182;city141;403;182;city191;320;11;city260;463;376;city108;394;411;city61;258;762;city259
128;city96;289;342;city68;488;402;city136;28;451;city224;187;430;city199;296;456;city84;59;35;city265;449;334;city98;322;8;city214;264;120;city165;319;288;city213;277;87;city270;347;491;city58;206;486;city60
142;city103;168;254;city163;365;44;city187;259;454;city215
173;city155;446;371;city62;4;439;city104;168;172;city288;31;431;city210
144;city68;185;17;city186;43;417;city115;259;454;city76;190;196;city259;400;113;city294;221;425;city199;331;276;city155;280;414;city82;20;381;city160;78;356;city218;310;179;city237;372;161;city127;124;403;city252;64;197;city61;71;376;city267;500;398;city130;296;3;city236
140;city96;340;147;city66;332;294;city68;373;423;city91;35;298;city220;191;22;city242;341;237;city122;86;78;city261;446;139;city172;53;102;city98;375;396;city162;82;99;city229;356;297;city244;247;168;city227;71;328;city234;174;7;city117;298;243;city60;88;476;city200;256;394;city161;84;281;city225
163;city87;444;65;city280;369;304;city127;102;159;city161;225;293;city158
169;city257;14;17;city296;66;376;city173;279;10;city272;458;57;city212;297;308;city151;19;32;city265;476;351;city52;215;118;city91;152;297;city127;136;142;city246;353;173;city219;306;411;city200;17;29;city254;367;7125;city224;353;424;city209
166;city141;194;61;city289;308;467;city92;395;40;city196;4;130;city186;171;128;city93;440;79;city156;463;338;city234;153;438;city83;373;468;city288;52;28;city132;359;384;city297;383;276;city276;209;45;city163;123;305;city155;165;427;city224;228;413;city219;441;36;city266
164;city170;38;383;city120;51;245;city226;108;197;city264;437;451;city175;359;410;city75;400;2;city164;249;266;city110;463;439;city113;169;77;city230;365;416;city173;359;199;city135;269;290;city72;404;207;city101;240;39;city261;70;265;city155;58;366;city78;188;476;city286;479;363;city148
138;city82;60;143;city212;128;143;city66;295;185;city240;224;466;city129;30;480;city131;183;166;city149;191;3;city276;443;187;city231;252;441;city278;158;99;city271;346;340;city209;104;354;city97;47;404;city150;308;180;city191;58;396;city201;208;84;city72;27;371;city190;322;349;city235;289;473;city51
151;city136;364;388;city73;371;280;city223;456;382;city298;282;434;city79;296;458;city127
133;city76;404;135;city53;115;20;city262;281;187;city214;494;212;city168;28;98;city55;416;467;city64;341;111;city261;465;409;city284;171;35;city215;21;17;city265;30;471;city62;189;201;city225;186;480;city258;368;178;city260
173;city155;446;371;city62;4;439;city104;168;172;city288;31;431;city210
163;city87;444;65;city280;369;304;city127;102;159;city161;225;293;city158
169;city257;14;17;city296;66;376;city173;279;10;city272;458;57;city212;297;308;city151;19;32;city265;476;351;city52;215;118;city91;152;297;city127;136;142;city246;353;173;city219;306;411;city200;17;29;city254;367;7125;city224;353;424;city209
155;city158;235;435;city78;270;497;city103;424;149;city186;227;166;city61;121;403;city125
172;city150;288;2;city176;374;299;city111;110;395;city253;177;368;city169;123;465;city70;394;196;city102;225;300;city284;386;37;city98;427;149;city280;306;165;city221;99;2857;city114;202;325;city84;130;241;city291;111;270;city292;436;375;city59;462;188;city118;149;105;city244;262;43;city249;121;346;city251
140;city96;340;147;city66;332;294;city68;373;423;city91;35;298;city220;191;22;city242;341;237;city122;86;78;city261;446;139;city172;53;102;city98;375;396;city162;82;99;city229;356;297;city244;247;168;city227;71;328;city234;174;7;city117;298;243;city60;88;476;city200;256;394;city161;84;281;city225
131;city221;61;187;city136;62;106;city83;172;83;city137;306;343;city190;496;220;city161;227;77;city265;170;282;city205;198;188;city268;337;372;city154;344;203;city233;148;20;city280;431;242;city57;255;71;city148;426;439;city269;176;133;city71;236;438;city62;355;39;city163;26;256;city213;393;156;city171
161;city178;434;54;city118;416;370;city54;432;433;city150;229;489;city213;266;436;city289;128;45;city177;53;414;city176;482;149;city68;154;260;city62;17;25;city220;333;229;city162
160;city172;399;92;city82;235;483;city79;422;155;city116;17;47;city87;398;177;city197
154;city90;98;215;city249;376;203;city105;103;442;city82;7;250;city94;226;313;city158;103;260;city168;153;66;city52;438;78;city219;5;278;city91;102;351;city167;308;4;city85;461;377;city124
147;city125;327;30;city197;81;11;city222;432;493;city242;221;450;city146;341;273;city69;499;441;city205;371;313;city277;168;96;city240
155;city158;235;435;city78;270;497;city103;424;149;city186;227;166;city61;121;403;city125
138;city82;60;143;city212;128;143;city66;295;185;city240;224;466;city129;30;480;city131;183;166;city149;191;3;city276;443;187;city231;252;441;city278;158;99;city271;346;340;city209;104;354;city97;47;404;city150;308;180;city191;58;396;city201;208;84;city72;27;371;city190;322;349;city235;289;473;city51
132;city76;155;147;city217;349;441;city90;59;33;city242;144;79;city91;323;431;city292
169;city257;14;17;city296;66;376;city173;279;10;city272;458;57;city212;297;308;city151;19;32;city265;476;351;city52;215;118;city91;152;297;city127;136;142;city246;353;173;city219;306;411;city200;17;29;city254;367;7125;city224;353;424;city209
131;city221;61;187;city136;62;106;city83;172;83;city137;306;343;city190;496;220;city161;227;77;city265;170;282;city205;198;188;city268;337;372;city154;344;203;city233;148;20;city280;431;242;city57;255;71;city148;426;439;city269;176;133;city71;236;438;city62;355;39;city163;26;256;city213;393;156;city171
132;city76;155;147;city217;349;441;city90;59;33;city242;144;79;city91;323;431;city292
163;city87;444;65;city280;369;304;city127;102;159;city161;225;293;city158
151;city136;364;388;city73;371;280;city223;456;382;city298;282;434;city79;296;458;city127
160;city172;399;92;city82;235;483;city79;422;155;city116;17;47;city87;398;177;city197
174;city277;405;461;city233;243;467;city113;16;308;city254;114;158;city65;165;458;city98;380;126;city270;473;332;city96;62;421;city84;129;217;city132;389;317;city170;7;460;city71;107;182;city141;403;182;city191;320;11;city260;463;376;city108;394;411;city61;258;762;city259
153;city131;195;99;city247;257;169;city287;446;357;city252;379;316;city141;409;478;city296;478;451;city150;406;415;city276;369;397;city105;13;410;city157;396;388;city219;317;272;city106;89;352;city72;494;244;city107
143;city180;232;236;city152;282;270;city70;55;174;city98;295;433;city53;268;479;city105;257;256;city153;41;170;city280;18;244;city287;132;358;city248;326;321;city242;460;51;city239;157;392;city78
135;city228;263;96;city143;41;387;city270;40;79;city146
132;city76;155;147;city217;349;441;city90;59;33;city242;144;79;city91;323;431;city292
156;city78;341;5171;city178;191;373;city206;347;392;city203;223;135;city175;69;54;city118;202;127;city242;386;25;city188;231;201;city225;195;209;city257
152;city184;202;158;city268;402;369;city153
157;city234;196;350;city237;156;28;city76;365;16;city242;80;414;city168;149;241;city60;249;28;city252;69;244;city164;309;98;city106;341;250;city194;295;159;city188
152;city184;202;158;city268;402;369;city153
150;city174;4;389;city250;159;156;city67;311;382;city216;104;394;city143;428;272;city88;91;41;city260;325;421;city257
154;city90;98;215;city249;376;203;city105;103;442;city82;7;250;city94;226;313;city158;103;260;city168;153;66;city52;438;78;city219;5;278;city91;102;351;city167;308;4;city85;461;377;city124
171;city162;401;135;city142;69;418;city211;6;136;city296;236;436;city287;396;13;city197;197;339;city251;169;47;city101;175;137;city129;386;119;city114;75;166;city219;144;9512;city72;310;249;city183;279;422;city190;118;236;city132;274;178;city143;426;441;city165;98;37;city247
169;city257;14;17;city296;66;376;city173;279;10;city272;458;57;city212;297;308;city151;19;32;city265;476;351;city52;215;118;city91;152;297;city127;136;142;city246;353;173;city219;306;411;city200;17;29;city254;367;7125;city224;353;424;city209
171;city162;401;135;city142;69;418;city211;6;136;city296;236;436;city287;396;13;city197;197;339;city251;169;47;city101;175;137;city129;386;119;city114;75;166;city219;144;9512;city72;310;249;city183;279;422;city190;118;236;city132;274;178;city143;426;441;city165;98;37;city247
131;city221;61;187;city136;62;106;city83;172;83;city137;306;343;city190;496;220;city161;227;77;city265;170;282;city205;198;188;city268;337;372;city154;344;203;city233;148;20;city280;431;242;city57;255;71;city148;426;439;city269;176;133;city71;236;438;city62;355;39;city163;26;256;city213;393;156;city171
159;city68;275;288;city150;99;414;city186
165;city141;274;197;city85;33;427;city123;75;465;city218;204;495;city284
150;city174;4;389;city250;159;156;city67;311;382;city216;104;394;city143;428;272;city88;91;41;city260;325;421;city257
151;city136;364;388;city73;371;280;city223;456;382;city298;282;434;city79;296;458;city127
142;city103;168;254;city163;365;44;city187;259;454;city215
158;city211;223;453;city231;312;314;city182;212;62;city268;255;344;city193
137;city91;86;296;city137;457;159;city221;382;352;city179;480;176;city131;242;375;city250;42;486;city172;39;56;city55;153;94;city195;134;247;city165;137;427;city194;379;79;city237;387;147;city262;42;278;city136;23;6;city97;21;419;city281;175;236;city122;430;71;city228;317;221;city80
155;city158;235;435;city78;270;497;city103;424;149;city186;227;166;city61;121;403;city125
134;city114;299;380;city115;224;23;city295;467;363;city274;371;152;city299;140;389;city135;214;312;city272;198;402;city201;96;177;city237;272;173;city167;361;208;city251;434;119;city289
151;city136;364;388;city73;371;280;city223;456;382;city298;282;434;city79;296;458;city127
168;city138;160;263;city282;402;60;city75;321;294;city248;436;232;city203;463;378;city219;329;410;city135;158;313;city190;310;366;city279
156;city78;341;5171;city178;191;373;city206;347;392;city203;223;135;city175;69;54;city118;202;127;city242;386;25;city188;231;201;city225;195;209;city257
156;city78;341;5171;city178;191;373;city206;347;392;city203;223;135;city175;69;54;city118;202;127;city242;386;25;city188;231;201;city225;195;209;city257
140;city96;340;147;city66;332;294;city68;373;423;city91;35;298;city220;191;22;city242;341;237;city122;86;78;city261;446;139;city172;53;102;city98;375;396;city162;82;99;city229;356;297;city244;247;168;city227;71;328;city234;174;7;city117;298;243;city60;88;476;city200;256;394;city161;84;281;city225
172;city150;288;2;city176;374;299;city111;110;395;city253;177;368;city169;123;465;city70;394;196;city102;225;300;city284;386;37;city98;427;149;city280;306;165;city221;99;2857;city114;202;325;city84;130;241;city291;111;270;city292;436;375;city59;462;188;city118;149;105;city244;262;43;city249;121;346;city251
171;city162;401;135;city142;69;418;city211;6;136;city296;236;436;city287;396;13;city197;197;339;city251;169;47;city101;175;137;city129;386;119;city114;75;166;city219;144;9512;city72;310;249;city183;279;422;city190;118;236;city132;274;178;city143;426;441;city165;98;37;city247
157;city234;196;350;city237;156;28;city76;365;16;city242;80;414;city168;149;241;city60;249;28;city252;69;244;city164;309;98;city106;341;250;city194;295;159;city188
151;city136;364;388;city73;371;280;city223;456;382;city298;282;434;city79;296;458;city127
162;city88;221;310;city177;174;330;city243;439;5;city56
126;city137;397;89;city110;399;475;city213;288;47;city231;481;338;city216;90;62;city97;380;431;city222;198;268;city207;48;242;city196;248;9;city51;325;460;city259;460;340;city68;393;339;city174;97;368;city208;463;158;city272;311;20;city150;251;297;city144;455;248;city100
171;city162;401;135;city142;69;418;city211;6;136;city296;236;436;city287;396;13;city197;197;339;city251;169;47;city101;175;137;city129;386;119;city114;75;166;city219;144;9512;city72;310;249;city183;279;422;city190;118;236;city132;274;178;city143;426;441;city165;98;37;city247
156;city78;341;5171;city178;191;373;city206;347;392;city203;223;135;city175;69;54;city118;202;127;city242;386;25;city188;231;201;city225;195;209;city257
145;city215;296;416;city104;67;121;city185;239;372;city220;347;236;city116;381;74;city107;104;472;city178;439;464;city153;87;99;city273;300;271;city232
174;city277;405;461;city233;243;467;city113;16;308;city254;114;158;city65;165;458;city98;380;126;city270;473;332;city96;62;421;city84;129;217;city132;389;317;city170;7;460;city71;107;182;city141;403;182;city191;320;11;city260;463;376;city108;394;411;city61;258;762;city259
136;city135;276;81;city235;341;84;city233;313;491;city56;184;188;city292;309;383;city262;489;150;city101;28;447;city267;378;176;city192;453;115;city108
162;city88;221;310;city177;174;330;city243;439;5;city56
155;city158;235;435;city78;270;497;city103;424;149;city186;227;166;city61;121;403;city125
133;city76;404;135;city53;115;20;city262;281;187;city214;494;212;city168;28;98;city55;416;467;city64;341;111;city261;465;409;city284;171;35;city215;21;17;city265;30;471;city62;189;201;city225;186;480;city258;368;178;city260
147;city125;327;30;city197;81;11;city222;432;493;city242;221;450;city146;341;273;city69;499;441;city205;371;313;city277;168;96;city240
154;city90;98;215;city249;376;203;city105;103;442;city82;7;250;city94;226;313;city158;103;260;city168;153;66;city52;438;78;city219;5;278;city91;102;351;city167;308;4;city85;461;377;city124
163;city87;444;65;city280;369;304;city127;102;159;city161;225;293;city158
149;city51;113;208;city109;30;121;city253;82;139;city239
157;city234;196;350;city237;156;28;city76;365;16;city242;80;414;city168;149;241;city60;249;28;city252;69;244;city164;309;98;city106;341;250;city194;295;159;city188
145;city215;296;416;city104;67;121;city185;239;372;city220;347;236;city116;381;74;city107;104;472;city178;439;464;city153;87;99;city273;300;271;city232
168;city138;160;263;city282;402;60;city75;321;294;city248;436;232;city203;463;378;city219;329;410;city135;158;313;city190;310;366;city279
163;city87;444;65;city280;369;304;city127;102;159;city161;225;293;city158
148;city261;56;141;city296;465;454;city232;8;180;city93;400;385;city75;177;188;city61;373;143;city157;480;474;city274;240;137;city189;182;490;city155;389;345;city177;396;81;city173
159;city68;275;288;city150;99;414;city186
144;city68;185;17;city186;43;417;city115;259;454;city76;190;196;city259;400;113;city294;221;425;city199;331;276;city155;280;414;city82;20;381;city160;78;356;city218;310;179;city237;372;161;city127;124;403;city252;64;197;city61;71;376;city267;500;398;city130;296;3;city236
167;city200;449;287;city275;101;285;city193;306;155;city97;30;120;city239;277;345;city293;469;367;city209;307;472;city178;191;483;city288;57;244;city271;453;295;city258;202;150;city233;88;43;city102;393;357;city90;82;168;city266;47;36;city66;469;496;city62;286;349;city139
168;city138;160;263;city282;402;60;city75;321;294;city248;436;232;city203;463;378;city219;329;410;city135;158;313;city190;310;366;city279
170;city160;488;354;city243;233;236;city287;73;22;city108;334;480;city143
166;city141;194;61;city289;308;467;city92;395;40;city196;4;130;city186;171;128;city93;440;79;city156;463;338;city234;153;438;city83;373;468;city288;52;28;city132;359;384;city297;383;276;city276;209;45;city163;123;305;city155;165;427;city224;228;413;city219;441;36;city266
127;city207;112;84;city110;66;136;city233
161;city178;434;54;city118;416;370;city54;432;433;city150;229;489;city213;266;436;city289;128;45;city177;53;414;city176;482;149;city68;154;260;city62;17;25;city220;333;229;city162
172;city150;288;2;city176;374;299;city111;110;395;city253;177;368;city169;123;465;city70;394;196;city102;225;300;city284;386;37;city98;427;149;city280;306;165;city221;99;2857;city114;202;325;city84;130;241;city291;111;270;city292;436;375;city59;462;188;city118;149;105;city244;262;43;city249;121;346;city251
170;city160;488;354;city243;233;236;city287;73;22;city108;334;480;city143
159;city68;275;288;city150;99;414;city186
162;city88;221;310;city177;174;330;city243;439;5;city56
170;city160;488;354;city243;233;236;city287;73;22;city108;334;480;city143
129;city225;104;137;city265;159;309;city155;117;478;city180;371;264;city64;433;444;city227;14;474;city130;453;468;city120;63;150;city76;120;147;city297;236;428;city152;92;325;city79;107;307;city114;76;412;city163;390;281;city222;128;286;city91;50;462;city69;460;176;city293
137;city91;86;296;city137;457;159;city221;382;352;city179;480;176;city131;242;375;city250;42;486;city172;39;56;city55;153;94;city195;134;247;city165;137;427;city194;379;79;city237;387;147;city262;42;278;city136;23;6;city97;21;419;city281;175;236;city122;430;71;city228;317;221;city80
154;city90;98;215;city249;376;203;city105;103;442;city82;7;250;city94;226;313;city158;103;260;city168;153;66;city52;438;78;city219;5;278;city91;102;351;city167;308;4;city85;461;377;city124
141;city209;48;459;city215;354;158;city90;44;393;city83;135;180;city264;159;293;city78;448;80;city248;162;495;city266;478;15;city207;200;329;city287;268;2;city102;12;40;city267;43;431;city69;370;263;city281;100;137;city205;67;294;city104;289;21;city251;391;267;city50;331;31;city254
160;city172;399;92;city82;235;483;city79;422;155;city116;17;47;city87;398;177;city197
134;city114;299;380;city115;224;23;city295;467;363;city274;371;152;city299;140;389;city135;214;312;city272;198;402;city201;96;177;city237;272;173;city167;361;208;city251;434;119;city289
133;city76;404;135;city53;115;20;city262;281;187;city214;494;212;city168;28;98;city55;416;467;city64;341;111;city261;465;409;city284;171;35;city215;21;17;city265;30;471;city62;189;201;city225;186;480;city258;368;178;city260
163;city87;444;65;city280;369;304;city127;102;159;city161;225;293;city158
166;city141;194;61;city289;308;467;city92;395;40;city196;4;130;city186;171;128;city93;440;79;city156;463;338;city234;153;438;city83;373;468;city288;52;28;city132;359;384;city297;383;276;city276;209;45;city163;123;305;city155;165;427;city224;228;413;city219;441;36;city266
170;city160;488;354;city243;233;236;city287;73;22;city108;334;480;city143
173;city155;446;371;city62;4;439;city104;168;172;city288;31;431;city210
173;city155;446;371;city62;4;439;city104;168;172;city288;31;431;city210
169;city257;14;17;city296;66;376;city173;279;10;city272;458;57;city212;297;308;city151;19;32;city265;476;351;city52;215;118;city91;152;297;city127;136;142;city246;353;173;city219;306;411;city200;17;29;city254;367;7125;city224;353;424;city209
130;city168;251;437;city296;25;345;city179;44;160;city101;332;271;city84;165;54;city53;391;455;city167;403;495;city246;76;87;city164;136;278;city177;9;273;city110;142;472;city133;173;364;city199;309;113;city236
151;city136;364;388;city73;371;280;city223;456;382;city298;282;434;city79;296;458;city127
140;city96;340;147;city66;332;294;city68;373;423;city91;35;298;city220;191;22;city242;341;237;city122;86;78;city261;446;139;city172;53;102;city98;375;396;city162;82;99;city229;356;297;city244;247;168;city227;71;328;city234;174;7;city117;298;243;city60;88;476;city200;256;394;city161;84;281;city225
157;city234;196;350;city237;156;28;city76;365;16;city242;80;414;city168;149;241;city60;249;28;city252;69;244;city164;309;98;city106;341;250;city194;295;159;city188
157;city234;196;350;city237;156;28;city76;365;16;city242;80;414;city168;149;241;city60;249;28;city252;69;244;city164;309;98;city106;341;250;city194;295;159;city188
131;city221;61;187;city136;62;106;city83;172;83;city137;306;343;city190;496;220;city161;227;77;city265;170;282;city205;198;188;city268;337;372;city154;344;203;city233;148;20;city280;431;242;city57;255;71;city148;426;439;city269;176;133;city71;236;438;city62;355;39;city163;26;256;city213;393;156;city171
165;city141;274;197;city85;33;427;city123;75;465;city218;204;495;city284
149;city51;113;208;city109;30;121;city253;82;139;city239
137;city91;86;296;city137;457;159;city221;382;352;city179;480;176;city131;242;375;city250;42;486;city172;39;56;city55;153;94;city195;134;247;city165;137;427;city194;379;79;city237;387;147;city262;42;278;city136;23;6;city97;21;419;city281;175;236;city122;430;71;city228;317;221;city80
126;city137;397;89;city110;399;475;city213;288;47;city231;481;338;city216;90;62;city97;380;431;city222;198;268;city207;48;242;city196;248;9;city51;325;460;city259;460;340;city68;393;339;city174;97;368;city208;463;158;city272;311;20;city150;251;297;city144;455;248;city100
166;city141;194;61;city289;308;467;city92;395;40;city196;4;130;city186;171;128;city93;440;79;city156;463;338;city234;153;438;city83;373;468;city288;52;28;city132;359;384;city297;383;276;city276;209;45;city163;123;305;city155;165;427;city224;228;413;city219;441;36;city266
154;city90;98;215;city249;376;203;city105;103;442;city82;7;250;city94;226;313;city158;103;260;city168;153;66;city52;438;78;city219;5;278;city91;102;351;city167;308;4;city85;461;377;city124
139;city77;43;261;city297;95;198;city133
172;city150;288;2;city176;374;299;city111;110;395;city253;177;368;city169;123;465;city70;394;196;city102;225;300;city284;386;37;city98;427;149;city280;306;165;city221;99;2857;city114;202;325;city84;130;241;city291;111;270;city292;436;375;city59;462;188;city118;149;105;city244;262;43;city249;121;346;city251
170;city160;488;354;city243;233;236;city287;73;22;city108;334;480;city143
162;city88;221;310;city177;174;330;city243;439;5;city56
144;city68;185;17;city186;43;417;city115;259;454;city76;190;196;city259;400;113;city294;221;425;city199;331;276;city155;280;414;city82;20;381;city160;78;356;city218;310;179;city237;372;161;city127;124;403;city252;64;197;city61;71;376;city267;500;398;city130;296;3;city236
126;city137;397;89;city110;399;475;city213;288;47;city231;481;338;city216;90;62;city97;380;431;city222;198;268;city207;48;242;city196;248;9;city51;325;460;city259;460;340;city68;393;339;city174;97;368;city208;463;158;city272;311;20;city150;251;297;city144;455;248;city100
165;city141;274;197;city85;33;427;city123;75;465;city218;204;495;city284
131;city221;61;187;city136;62;106;city83;172;83;city137;306;343;city190;496;220;city161;227;77;city265;170;282;city205;198;188;city268;337;372;city154;344;203;city233;148;20;city280;431;242;city57;255;71;city148;426;439;city269;176;133;city71;236;438;city62;355;39;city163;26;256;city213;393;156;city171
169;city257;14;17;city296;66;376;city173;279;10;city272;458;57;city212;297;308;city151;19;32;city265;476;351;city52;215;118;city91;152;297;city127;136;142;city246;353;173;city219;306;411;city200;17;29;city254;367;7125;city224;353;424;city209
146;city122;444;156;city166;387;324;city83;358;430;city262;292;237;city118;104;213;city267;62;356;city276;341;294;city93;336;15;city84;24;123;city229;16;250;city201;186;218;city127;124;82;city245
171;city162;401;135;city142;69;418;city211;6;136;city296;236;436;city287;396;13;city197;197;339;city251;169;47;city101;175;137;city129;386;119;city114;75;166;city219;144;9512;city72;310;249;city183;279;422;city190;118;236;city132;274;178;city143;426;441;city165;98;37;city247
126;city137;397;89;city110;399;475;city213;288;47;city231;481;338;city216;90;62;city97;380;431;city222;198;268;city207;48;242;city196;248;9;city51;325;460;city259;460;340;city68;393;339;city174;97;368;city208;463;158;city272;311;20;city150;251;297;city144;455;248;city100
162;city88;221;310;city177;174;330;city243;439;5;city56
162;city88;221;310;city177;174;330;city243;439;5;city56
163;city87;444;65;city280;369;304;city127;102;159;city161;225;293;city158
145;city215;296;416;city104;67;121;city185;239;372;city220;347;236;city116;381;74;city107;104;472;city178;439;464;city153;87;99;city273;300;271;city232
156;city78;341;5171;city178;191;373;city206;347;392;city203;223;135;city175;69;54;city118;202;127;city242;386;25;city188;231;201;city225;195;209;city257
137;city91;86;296;city137;457;159;city221;382;352;city179;480;176;city131;242;375;city250;42;486;city172;39;56;city55;153;94;city195;134;247;city165;137;427;city194;379;79;city237;387;147;city262;42;278;city136;23;6;city97;21;419;city281;175;236;city122;430;71;city228;317;221;city80
171;city162;401;135;city142;69;418;city211;6;136;city296;236;436;city287;396;13;city197;197;339;city251;169;47;city101;175;137;city129;386;119;city114;75;166;city219;144;9512;city72;310;249;city183;279;422;city190;118;236;city132;274;178;city143;426;441;city165;98;37;city247
148;city261;56;141;city296;465;454;city232;8;180;city93;400;385;city75;177;188;city61;373;143;city157;480;474;city274;240;137;city189;182;490;city155;389;345;city177;396;81;city173
136;city135;276;81;city235;341;84;city233;313;491;city56;184;188;city292;309;383;city262;489;150;city101;28;447;city267;378;176;city192;453;115;city108
173;city155;446;371;city62;4;439;city104;168;172;city288;31;431;city210
160;city172;399;92;city82;235;483;city79;422;155;city116;17;47;city87;398;177;city197
149;city51;113;208;city109;30;121;city253;82;139;city239
163;city87;444;65;city280;369;304;city127;102;159;city161;225;293;city158
147;city125;327;30;city197;81;11;city222;432;493;city242;221;450;city146;341;273;city69;499;441;city205;371;313;city277;168;96;city240
130;city168;251;437;city296;25;345;city179;44;160;city101;332;271;city84;165;54;city53;391;455;city167;403;495;city246;76;87;city164;136;278;city177;9;273;city110;142;472;city133;173;364;city199;309;113;city236
149;city51;113;208;city109;30;121;city253;82;139;city239
