







140;city185;394;151;city181;71;57;city105;169;313;city286;214;27;city119;500;289;city54;237;185;city244;245;301;city255;307;381;city230;176;238;city169;142;32;city157;109;311;city110












128;city132;224;174;city83;43;435;city166;189;111;city205;205;87;city139;390;125;city238;297;76;city243;192;197;city150;364;403;city267;377;290;city78;494;267;city252;219;122;city180;56;141;city287









162;city155;469;230;city229;220;165;city270;49;216;city264;173;111;city205;175;444;city225;96;419;city127;74;34;city147;420;46;city183;288;74;city268;230;14;city178;266;394;city99;338;320;city148;147;356;city156;460;314;city286;424;444;city142;173;37;city261;374;220;city200;256;38;city252;467;407;city258
152;city283;22;255;city253;26;264;city257;409;38;city198;10;145;city50;105;449;city237;448;198;city201;444;195;city200;360;220;city177;184;469;city101;213;336;city231;352;433;city129;332;74;city284




128;city132;224;174;city83;43;435;city166;189;111;city205;205;87;city139;390;125;city238;297;76;city243;192;197;city150;364;403;city267;377;290;city78;494;267;city252;219;122;city180;56;141;city287
152;city283;22;255;city253;26;264;city257;409;38;city198;10;145;city50;105;449;city237;448;198;city201;444;195;city200;360;220;city177;184;469;city101;213;336;city231;352;433;city129;332;74;city284


159;city292;57;196;city128;426;360;city80;425;449;city280;290;57;city114;387;109;city217;446;12;city81;256;453;city120;78;228;city283;191;323;city137;19;466;city180;352;3;city229;444;296;city191
143;city211;41;284;city68;68;53;city66;237;10;city289;286;115;city223;23;214;city220;183;200;city245;448;429;city206
172;city106;142;469;city259;269;463;city204;266;7;city247;6;350;city271;186;234;city169;328;66;city286;87;115;city240;394;70;city110;496;178;city75;7;123;city130;92;263;city191;440;142;city214;289;467;city245

138;city233;148;283;city241


152;city283;22;255;city253;26;264;city257;409;38;city198;10;145;city50;105;449;city237;448;198;city201;444;195;city200;360;220;city177;184;469;city101;213;336;city231;352;433;city129;332;74;city284

135;city54;350;256;city266;11;31;city103;74;450;city246;160;138;city270;89;343;city293;25;54;city134;57;85;city135;255;451;city214;474;242;city201;130;201;city101;445;26;city156;478;263;city95;169;315;city292



158;city214;330;104;city75;140;447;city177;346;416;city245;340;467;city97;329;289;city239;184;340;city113
139;city237;123;456;city260;310;374;city169;465;348;city85;130;153;city91;215;6;city167;184;305;city296;176;57;city112;357;7;city149;207;56;city145
141;city276;215;490;city253;247;313;city173;294;134;city291;451;120;city56;413;91;city206;54;256;city168;143;452;city236;51;24;city84;43;61;city52;144;408;city71;353;291;city241;8;158;city260

154;city173;353;241;city166;464;296;city267;113;39;city286;420;211;city168;150;48;city69;476;480;city153;24;222;city158;431;97;city224;492;26;city295;126;324;city252
158;city214;330;104;city75;140;447;city177;346;416;city245;340;467;city97;329;289;city239;184;340;city113
162;city155;469;230;city229;220;165;city270;49;216;city264;173;111;city205;175;444;city225;96;419;city127;74;34;city147;420;46;city183;288;74;city268;230;14;city178;266;394;city99;338;320;city148;147;356;city156;460;314;city286;424;444;city142;173;37;city261;374;220;city200;256;38;city252;467;407;city258

162;city155;469;230;city229;220;165;city270;49;216;city264;173;111;city205;175;444;city225;96;419;city127;74;34;city147;420;46;city183;288;74;city268;230;14;city178;266;394;city99;338;320;city148;147;356;city156;460;314;city286;424;444;city142;173;37;city261;374;220;city200;256;38;city252;467;407;city258
133;city61;89;57;city259;241;35;city62;358;448;city179;344;56;city140;412;431;city52;253;129;city223;230;443;city239;221;426;city167;234;417;city290;210;472;city147;230;52;city57;70;155;city192;200;436;city110


130;city132;407;220;city135;413;121;city174;41;325;city125;343;464;city60;95;362;city202;119;436;city156;209;488;city165;309;90;city199;75;35;city200;346;439;city141
143;city211;41;284;city68;68;53;city66;237;10;city289;286;115;city223;23;214;city220;183;200;city245;448;429;city206
134;city152;120;276;city103;302;386;city200;91;388;city264;467;373;city120;287;468;city195;219;169;city68;231;426;city172;457;213;city166;39;310;city131;208;476;city127;154;485;city202;401;347;city221;69;406;city163;333;324;city285;226;68;city224;307;293;city96
162;city155;469;230;city229;220;165;city270;49;216;city264;173;111;city205;175;444;city225;96;419;city127;74;34;city147;420;46;city183;288;74;city268;230;14;city178;266;394;city99;338;320;city148;147;356;city156;460;314;city286;424;444;city142;173;37;city261;374;220;city200;256;38;city252;467;407;city258
167;city212;223;134;city260;105;433;city55;108;433;city238;117;333;city267;378;485;city278;151;469;city178;341;172;city127;353;74;city217;168;32;city51;125;392;city104;315;384;city273;379;451;city74;374;218;city231;205;53;city125;346;248;city215;497;3;city88;358;416;city191;183;76;city123;67;46;city97


132;city277;365;133;city214;487;121;city221;27;150;city150

167;city212;223;134;city260;105;433;city55;108;433;city238;117;333;city267;378;485;city278;151;469;city178;341;172;city127;353;74;city217;168;32;city51;125;392;city104;315;384;city273;379;451;city74;374;218;city231;205;53;city125;346;248;city215;497;3;city88;358;416;city191;183;76;city123;67;46;city97
158;city214;330;104;city75;140;447;city177;346;416;city245;340;467;city97;329;289;city239;184;340;city113
158;city214;330;104;city75;140;447;city177;346;416;city245;340;467;city97;329;289;city239;184;340;city113

158;city214;330;104;city75;140;447;city177;346;416;city245;340;467;city97;329;289;city239;184;340;city113
172;city106;142;469;city259;269;463;city204;266;7;city247;6;350;city271;186;234;city169;328;66;city286;87;115;city240;394;70;city110;496;178;city75;7;123;city130;92;263;city191;440;142;city214;289;467;city245
136;city127;193;268;city290;41;439;city172;261;462;city81;476;146;city144;14;250;city139;386;101;city109
168;city182;439;421;city91;139;316;city224;154;367;city287;116;127;city93;152;105;city190;202;139;city86;329;43;city144;44;258;city141;475;114;city244;329;332;city140;382;413;city61;131;153;city107;189;295;city281;214;463;city258;188;291;city154;372;128;city123;59;298;city114;283;427;city98
132;city277;365;133;city214;487;121;city221;27;150;city150
135;city54;350;256;city266;11;31;city103;74;450;city246;160;138;city270;89;343;city293;25;54;city134;57;85;city135;255;451;city214;474;242;city201;130;201;city101;445;26;city156;478;263;city95;169;315;city292
136;city127;193;268;city290;41;439;city172;261;462;city81;476;146;city144;14;250;city139;386;101;city109
136;city127;193;268;city290;41;439;city172;261;462;city81;476;146;city144;14;250;city139;386;101;city109
159;city292;57;196;city128;426;360;city80;425;449;city280;290;57;city114;387;109;city217;446;12;city81;256;453;city120;78;228;city283;191;323;city137;19;466;city180;352;3;city229;444;296;city191
171;city278;279;354;city159;337;358;city120;385;460;city207;328;136;city260;23;166;city165;37;444;city176;465;28;city73;16;240;city169;348;51;city171
148;city152;103;109;city149;345;289;city110;52;497;city69;275;112;city82;428;9;city291;284;384;city107;401;153;city50;479;37;city90;165;366;city217;474;476;city162;62;126;city63;111;243;city294;441;357;city83;392;94;city183;268;471;city259
147;city60;136;272;city271;127;362;city79;345;11;city264;115;3;city280;385;328;city143;455;339;city130
166;city219;99;365;city178;198;471;city291;271;449;city128;62;148;city229;41;272;city65;151;264;city191;274;414;city239;440;437;city82;100;150;city271;153;318;city137;315;9;city274;32;90;city174
137;city67;158;79;city120;218;422;city297;41;192;city282;27;200;city279;386;140;city75;486;158;city187;324;277;city273;150;92;city243;9;219;city135;251;52;city262;64;499;city167;149;386;city124;105;57;city122
135;city54;350;256;city266;11;31;city103;74;450;city246;160;138;city270;89;343;city293;25;54;city134;57;85;city135;255;451;city214;474;242;city201;130;201;city101;445;26;city156;478;263;city95;169;315;city292
139;city237;123;456;city260;310;374;city169;465;348;city85;130;153;city91;215;6;city167;184;305;city296;176;57;city112;357;7;city149;207;56;city145

163;city64;220;456;city160;479;163;city52;479;196;city212;385;174;city114;137;355;city272;477;118;city175;228;329;city113;271;132;city165;497;453;city61;436;138;city290;230;300;city241;104;21;city183
147;city60;136;272;city271;127;362;city79;345;11;city264;115;3;city280;385;328;city143;455;339;city130
142;city268;381;337;city191;39;340;city137;78;20;city99;475;325;city105;402;375;city135;457;478;city139;339;486;city255;409;205;city200;193;389;city265;401;15;city128;238;129;city273;6;185;city286;217;461;city152;38;264;city176;370;154;city144;77;77;city120
132;city277;365;133;city214;487;121;city221;27;150;city150
172;city106;142;469;city259;269;463;city204;266;7;city247;6;350;city271;186;234;city169;328;66;city286;87;115;city240;394;70;city110;496;178;city75;7;123;city130;92;263;city191;440;142;city214;289;467;city245
136;city127;193;268;city290;41;439;city172;261;462;city81;476;146;city144;14;250;city139;386;101;city109
127;city228;349;331;city254;94;463;city233;249;96;city134
135;city54;350;256;city266;11;31;city103;74;450;city246;160;138;city270;89;343;city293;25;54;city134;57;85;city135;255;451;city214;474;242;city201;130;201;city101;445;26;city156;478;263;city95;169;315;city292

151;city241;68;132;city148;340;491;city94
138;city233;148;283;city241
128;city132;224;174;city83;43;435;city166;189;111;city205;205;87;city139;390;125;city238;297;76;city243;192;197;city150;364;403;city267;377;290;city78;494;267;city252;219;122;city180;56;141;city287
125;city220;495;355;city273;349;156;city105;344;318;city232;430;55;city177;259;279;city174;245;375;city241;28;26;city211;411;368;city175;426;483;city87;482;309;city106
168;city182;439;421;city91;139;316;city224;154;367;city287;116;127;city93;152;105;city190;202;139;city86;329;43;city144;44;258;city141;475;114;city244;329;332;city140;382;413;city61;131;153;city107;189;295;city281;214;463;city258;188;291;city154;372;128;city123;59;298;city114;283;427;city98
149;city263;241;361;city60;384;61;city160
149;city263;241;361;city60;384;61;city160
125;city220;495;355;city273;349;156;city105;344;318;city232;430;55;city177;259;279;city174;245;375;city241;28;26;city211;411;368;city175;426;483;city87;482;309;city106
157;city253;20;377;city272;69;291;city132;417;486;city116;22;488;city164;68;98;city193;408;237;city80;172;397;city57;427;35;city50;208;267;city211;20;187;city264;428;207;city223;161;391;city183;315;166;city182


149;city263;241;361;city60;384;61;city160

128;city132;224;174;city83;43;435;city166;189;111;city205;205;87;city139;390;125;city238;297;76;city243;192;197;city150;364;403;city267;377;290;city78;494;267;city252;219;122;city180;56;141;city287
174;city108;68;307;city285;188;352;city261;325;297;city71;225;472;city181;169;67;city148;338;53;city140;393;450;city215;331;259;city60
131;city289;279;251;city69;154;440;city207;331;415;city241;396;443;city222;429;190;city192;75;89;city132;344;220;city214
152;city283;22;255;city253;26;264;city257;409;38;city198;10;145;city50;105;449;city237;448;198;city201;444;195;city200;360;220;city177;184;469;city101;213;336;city231;352;433;city129;332;74;city284
155;city76;262;124;city60
136;city127;193;268;city290;41;439;city172;261;462;city81;476;146;city144;14;250;city139;386;101;city109
170;city158;395;353;city132;454;254;city71;493;15;city108;302;130;city190;197;110;city266;69;74;city84;382;203;city291
172;city106;142;469;city259;269;463;city204;266;7;city247;6;350;city271;186;234;city169;328;66;city286;87;115;city240;394;70;city110;496;178;city75;7;123;city130;92;263;city191;440;142;city214;289;467;city245
130;city132;407;220;city135;413;121;city174;41;325;city125;343;464;city60;95;362;city202;119;436;city156;209;488;city165;309;90;city199;75;35;city200;346;439;city141
167;city212;223;134;city260;105;433;city55;108;433;city238;117;333;city267;378;485;city278;151;469;city178;341;172;city127;353;74;city217;168;32;city51;125;392;city104;315;384;city273;379;451;city74;374;218;city231;205;53;city125;346;248;city215;497;3;city88;358;416;city191;183;76;city123;67;46;city97
138;city233;148;283;city241
150;city240;41;96;city293;219;295;city196;194;221;city64
174;city108;68;307;city285;188;352;city261;325;297;city71;225;472;city181;169;67;city148;338;53;city140;393;450;city215;331;259;city60
155;city76;262;124;city60
170;city158;395;353;city132;454;254;city71;493;15;city108;302;130;city190;197;110;city266;69;74;city84;382;203;city291

147;city60;136;272;city271;127;362;city79;345;11;city264;115;3;city280;385;328;city143;455;339;city130
172;city106;142;469;city259;269;463;city204;266;7;city247;6;350;city271;186;234;city169;328;66;city286;87;115;city240;394;70;city110;496;178;city75;7;123;city130;92;263;city191;440;142;city214;289;467;city245
131;city289;279;251;city69;154;440;city207;331;415;city241;396;443;city222;429;190;city192;75;89;city132;344;220;city214
134;city152;120;276;city103;302;386;city200;91;388;city264;467;373;city120;287;468;city195;219;169;city68;231;426;city172;457;213;city166;39;310;city131;208;476;city127;154;485;city202;401;347;city221;69;406;city163;333;324;city285;226;68;city224;307;293;city96

131;city289;279;251;city69;154;440;city207;331;415;city241;396;443;city222;429;190;city192;75;89;city132;344;220;city214
162;city155;469;230;city229;220;165;city270;49;216;city264;173;111;city205;175;444;city225;96;419;city127;74;34;city147;420;46;city183;288;74;city268;230;14;city178;266;394;city99;338;320;city148;147;356;city156;460;314;city286;424;444;city142;173;37;city261;374;220;city200;256;38;city252;467;407;city258
170;city158;395;353;city132;454;254;city71;493;15;city108;302;130;city190;197;110;city266;69;74;city84;382;203;city291

132;city277;365;133;city214;487;121;city221;27;150;city150
157;city253;20;377;city272;69;291;city132;417;486;city116;22;488;city164;68;98;city193;408;237;city80;172;397;city57;427;35;city50;208;267;city211;20;187;city264;428;207;city223;161;391;city183;315;166;city182

148;city152;103;109;city149;345;289;city110;52;497;city69;275;112;city82;428;9;city291;284;384;city107;401;153;city50;479;37;city90;165;366;city217;474;476;city162;62;126;city63;111;243;city294;441;357;city83;392;94;city183;268;471;city259
171;city278;279;354;city159;337;358;city120;385;460;city207;328;136;city260;23;166;city165;37;444;city176;465;28;city73;16;240;city169;348;51;city171
128;city132;224;174;city83;43;435;city166;189;111;city205;205;87;city139;390;125;city238;297;76;city243;192;197;city150;364;403;city267;377;290;city78;494;267;city252;219;122;city180;56;141;city287
168;city182;439;421;city91;139;316;city224;154;367;city287;116;127;city93;152;105;city190;202;139;city86;329;43;city144;44;258;city141;475;114;city244;329;332;city140;382;413;city61;131;153;city107;189;295;city281;214;463;city258;188;291;city154;372;128;city123;59;298;city114;283;427;city98
136;city127;193;268;city290;41;439;city172;261;462;city81;476;146;city144;14;250;city139;386;101;city109
136;city127;193;268;city290;41;439;city172;261;462;city81;476;146;city144;14;250;city139;386;101;city109
131;city289;279;251;city69;154;440;city207;331;415;city241;396;443;city222;429;190;city192;75;89;city132;344;220;city214
165;city67;495;454;city144;487;149;city174;24;22;city157;118;455;city192;131;120;city295;263;166;city135;459;183;city209;211;419;city160;458;360;city211;231;90;city290;36;478;city216;276;84;city200
142;city268;381;337;city191;39;340;city137;78;20;city99;475;325;city105;402;375;city135;457;478;city139;339;486;city255;409;205;city200;193;389;city265;401;15;city128;238;129;city273;6;185;city286;217;461;city152;38;264;city176;370;154;city144;77;77;city120


132;city277;365;133;city214;487;121;city221;27;150;city150
153;city153;348;309;city146;245;472;city265;76;428;city71;388;258;city169;326;159;city188;416;376;city243;469;378;city145;300;218;city57;5;258;city53;348;200;city142;187;301;city62;147;339;city86;139;242;city84;23;326;city271;265;229;city91;479;368;city113;270;413;city118
154;city173;353;241;city166;464;296;city267;113;39;city286;420;211;city168;150;48;city69;476;480;city153;24;222;city158;431;97;city224;492;26;city295;126;324;city252
138;city233;148;283;city241
158;city214;330;104;city75;140;447;city177;346;416;city245;340;467;city97;329;289;city239;184;340;city113
140;city185;394;151;city181;71;57;city105;169;313;city286;214;27;city119;500;289;city54;237;185;city244;245;301;city255;307;381;city230;176;238;city169;142;32;city157;109;311;city110
128;city132;224;174;city83;43;435;city166;189;111;city205;205;87;city139;390;125;city238;297;76;city243;192;197;city150;364;403;city267;377;290;city78;494;267;city252;219;122;city180;56;141;city287
152;city283;22;255;city253;26;264;city257;409;38;city198;10;145;city50;105;449;city237;448;198;city201;444;195;city200;360;220;city177;184;469;city101;213;336;city231;352;433;city129;332;74;city284
130;city132;407;220;city135;413;121;city174;41;325;city125;343;464;city60;95;362;city202;119;436;city156;209;488;city165;309;90;city199;75;35;city200;346;439;city141
159;city292;57;196;city128;426;360;city80;425;449;city280;290;57;city114;387;109;city217;446;12;city81;256;453;city120;78;228;city283;191;323;city137;19;466;city180;352;3;city229;444;296;city191
165;city67;495;454;city144;487;149;city174;24;22;city157;118;455;city192;131;120;city295;263;166;city135;459;183;city209;211;419;city160;458;360;city211;231;90;city290;36;478;city216;276;84;city200
146;city284;46;313;city195;382;296;city138;347;194;city108;229;376;city280;272;214;city233;362;120;city282;159;382;city77;174;411;city92
162;city155;469;230;city229;220;165;city270;49;216;city264;173;111;city205;175;444;city225;96;419;city127;74;34;city147;420;46;city183;288;74;city268;230;14;city178;266;394;city99;338;320;city148;147;356;city156;460;314;city286;424;444;city142;173;37;city261;374;220;city200;256;38;city252;467;407;city258
131;city289;279;251;city69;154;440;city207;331;415;city241;396;443;city222;429;190;city192;75;89;city132;344;220;city214
163;city64;220;456;city160;479;163;city52;479;196;city212;385;174;city114;137;355;city272;477;118;city175;228;329;city113;271;132;city165;497;453;city61;436;138;city290;230;300;city241;104;21;city183
155;city76;262;124;city60
154;city173;353;241;city166;464;296;city267;113;39;city286;420;211;city168;150;48;city69;476;480;city153;24;222;city158;431;97;city224;492;26;city295;126;324;city252
152;city283;22;255;city253;26;264;city257;409;38;city198;10;145;city50;105;449;city237;448;198;city201;444;195;city200;360;220;city177;184;469;city101;213;336;city231;352;433;city129;332;74;city284
129;city66;319;320;city250;408;389;city112;458;163;city183;393;269;city192;245;358;city258;234;395;city297
133;city61;89;57;city259;241;35;city62;358;448;city179;344;56;city140;412;431;city52;253;129;city223;230;443;city239;221;426;city167;234;417;city290;210;472;city147;230;52;city57;70;155;city192;200;436;city110
139;city237;123;456;city260;310;374;city169;465;348;city85;130;153;city91;215;6;city167;184;305;city296;176;57;city112;357;7;city149;207;56;city145
170;city158;395;353;city132;454;254;city71;493;15;city108;302;130;city190;197;110;city266;69;74;city84;382;203;city291
169;city137;350;464;city256;109;425;city142;304;167;city105;249;146;city238;90;379;city146;392;363;city107;371;490;city161;436;378;city288;45;405;city296;39;135;city250;375;88;city89;320;356;city284;343;203;city63;35;381;city60
158;city214;330;104;city75;140;447;city177;346;416;city245;340;467;city97;329;289;city239;184;340;city113
151;city241;68;132;city148;340;491;city94
167;city212;223;134;city260;105;433;city55;108;433;city238;117;333;city267;378;485;city278;151;469;city178;341;172;city127;353;74;city217;168;32;city51;125;392;city104;315;384;city273;379;451;city74;374;218;city231;205;53;city125;346;248;city215;497;3;city88;358;416;city191;183;76;city123;67;46;city97
147;city60;136;272;city271;127;362;city79;345;11;city264;115;3;city280;385;328;city143;455;339;city130
152;city283;22;255;city253;26;264;city257;409;38;city198;10;145;city50;105;449;city237;448;198;city201;444;195;city200;360;220;city177;184;469;city101;213;336;city231;352;433;city129;332;74;city284
133;city61;89;57;city259;241;35;city62;358;448;city179;344;56;city140;412;431;city52;253;129;city223;230;443;city239;221;426;city167;234;417;city290;210;472;city147;230;52;city57;70;155;city192;200;436;city110
141;city276;215;490;city253;247;313;city173;294;134;city291;451;120;city56;413;91;city206;54;256;city168;143;452;city236;51;24;city84;43;61;city52;144;408;city71;353;291;city241;8;158;city260
136;city127;193;268;city290;41;439;city172;261;462;city81;476;146;city144;14;250;city139;386;101;city109
165;city67;495;454;city144;487;149;city174;24;22;city157;118;455;city192;131;120;city295;263;166;city135;459;183;city209;211;419;city160;458;360;city211;231;90;city290;36;478;city216;276;84;city200
163;city64;220;456;city160;479;163;city52;479;196;city212;385;174;city114;137;355;city272;477;118;city175;228;329;city113;271;132;city165;497;453;city61;436;138;city290;230;300;city241;104;21;city183
133;city61;89;57;city259;241;35;city62;358;448;city179;344;56;city140;412;431;city52;253;129;city223;230;443;city239;221;426;city167;234;417;city290;210;472;city147;230;52;city57;70;155;city192;200;436;city110
165;city67;495;454;city144;487;149;city174;24;22;city157;118;455;city192;131;120;city295;263;166;city135;459;183;city209;211;419;city160;458;360;city211;231;90;city290;36;478;city216;276;84;city200
150;city240;41;96;city293;219;295;city196;194;221;city64
169;city137;350;464;city256;109;425;city142;304;167;city105;249;146;city238;90;379;city146;392;363;city107;371;490;city161;436;378;city288;45;405;city296;39;135;city250;375;88;city89;320;356;city284;343;203;city63;35;381;city60
142;city268;381;337;city191;39;340;city137;78;20;city99;475;325;city105;402;375;city135;457;478;city139;339;486;city255;409;205;city200;193;389;city265;401;15;city128;238;129;city273;6;185;city286;217;461;city152;38;264;city176;370;154;city144;77;77;city120
149;city263;241;361;city60;384;61;city160
165;city67;495;454;city144;487;149;city174;24;22;city157;118;455;city192;131;120;city295;263;166;city135;459;183;city209;211;419;city160;458;360;city211;231;90;city290;36;478;city216;276;84;city200
170;city158;395;353;city132;454;254;city71;493;15;city108;302;130;city190;197;110;city266;69;74;city84;382;203;city291
159;city292;57;196;city128;426;360;city80;425;449;city280;290;57;city114;387;109;city217;446;12;city81;256;453;city120;78;228;city283;191;323;city137;19;466;city180;352;3;city229;444;296;city191
154;city173;353;241;city166;464;296;city267;113;39;city286;420;211;city168;150;48;city69;476;480;city153;24;222;city158;431;97;city224;492;26;city295;126;324;city252
147;city60;136;272;city271;127;362;city79;345;11;city264;115;3;city280;385;328;city143;455;339;city130
153;city153;348;309;city146;245;472;city265;76;428;city71;388;258;city169;326;159;city188;416;376;city243;469;378;city145;300;218;city57;5;258;city53;348;200;city142;187;301;city62;147;339;city86;139;242;city84;23;326;city271;265;229;city91;479;368;city113;270;413;city118
146;city284;46;313;city195;382;296;city138;347;194;city108;229;376;city280;272;214;city233;362;120;city282;159;382;city77;174;411;city92
154;city173;353;241;city166;464;296;city267;113;39;city286;420;211;city168;150;48;city69;476;480;city153;24;222;city158;431;97;city224;492;26;city295;126;324;city252
171;city278;279;354;city159;337;358;city120;385;460;city207;328;136;city260;23;166;city165;37;444;city176;465;28;city73;16;240;city169;348;51;city171
151;city241;68;132;city148;340;491;city94
173;city248;274;320;city163
168;city182;439;421;city91;139;316;city224;154;367;city287;116;127;city93;152;105;city190;202;139;city86;329;43;city144;44;258;city141;475;114;city244;329;332;city140;382;413;city61;131;153;city107;189;295;city281;214;463;city258;188;1002;city154;372;128;city123;59;298;city114;283;427;city98
129;city66;319;320;city250;408;389;city112;458;163;city183;393;269;city192;245;358;city258;234;395;city297
169;city137;350;464;city256;109;425;city142;304;167;city105;249;146;city238;90;379;city146;392;363;city107;371;490;city161;436;378;city288;45;405;city296;39;135;city250;375;88;city89;320;356;city284;343;203;city63;35;381;city60
170;city158;395;353;city132;454;254;city71;493;15;city108;302;130;city190;197;110;city266;69;74;city84;382;203;city291
141;city276;215;490;city253;247;313;city173;294;134;city291;451;120;city56;413;91;city206;54;256;city168;143;452;city236;51;24;city84;43;61;city52;144;408;city71;353;291;city241;8;158;city260
148;city152;103;109;city149;345;289;city110;52;497;city69;275;112;city82;428;9;city291;284;384;city107;401;153;city50;479;37;city90;165;366;city217;474;476;city162;62;126;city63;111;243;city294;441;357;city83;392;94;city183;268;471;city259
151;city241;68;132;city148;340;491;city94
152;city283;22;255;city253;26;264;city257;409;38;city198;10;145;city50;105;449;city237;448;198;city201;444;195;city200;360;220;city177;184;469;city101;213;336;city231;352;433;city129;332;74;city284
159;city292;57;196;city128;426;360;city80;425;449;city280;290;57;city114;387;109;city217;446;12;city81;256;453;city120;78;228;city283;191;323;city137;19;466;city180;352;3;city229;444;296;city191
158;city214;330;104;city75;140;447;city177;346;416;city245;340;467;city97;329;289;city239;184;340;city113
174;city108;68;307;city285;188;352;city261;325;297;city71;225;472;city181;169;67;city148;338;53;city140;393;450;city215;331;259;city60
125;city220;495;355;city273;349;156;city105;344;318;city232;430;55;city177;259;279;city174;245;375;city241;28;26;city211;411;368;city175;426;483;city87;482;309;city106
146;city284;46;313;city195;382;296;city138;347;194;city108;229;376;city280;272;214;city233;362;120;city282;159;382;city77;174;411;city92
169;city137;350;464;city256;109;425;city142;304;167;city105;249;146;city238;90;379;city146;392;363;city107;371;490;city161;436;378;city288;45;405;city296;39;135;city250;375;88;city89;320;356;city284;343;203;city63;35;381;city60
163;city64;220;456;city160;479;163;city52;479;196;city212;385;174;city114;137;355;city272;477;118;city175;228;329;city113;271;132;city165;497;453;city61;436;138;city290;230;300;city241;104;21;city183
140;city185;394;151;city181;71;57;city105;169;313;city286;214;27;city119;500;289;city54;237;185;city244;245;301;city255;307;381;city230;176;238;city169;142;32;city157;109;311;city110
142;city268;381;337;city191;39;340;city137;78;20;city99;475;325;city105;402;375;city135;457;478;city139;339;486;city255;409;205;city200;193;389;city265;401;15;city128;238;129;city273;6;185;city286;217;461;city152;38;264;city176;370;154;city144;77;77;city120
155;city76;262;124;city60
131;city289;279;251;city69;154;440;city207;331;415;city241;396;443;city222;429;190;city192;75;89;city132;344;220;city214
163;city64;220;456;city160;479;163;city52;479;196;city212;385;174;city114;137;355;city272;477;118;city175;228;329;city113;271;132;city165;497;453;city61;436;138;city290;230;300;city241;104;21;city183
127;city228;349;331;city254;94;463;city233;249;96;city134
158;city214;330;104;city75;140;447;city177;346;416;city245;340;467;city97;329;289;city239;184;340;city113
139;city237;123;456;city260;310;374;city169;465;348;city85;130;153;city91;215;6;city167;184;305;city296;176;57;city112;357;7;city149;207;56;city145
166;city219;99;365;city178;198;471;city291;271;449;city128;62;148;city229;41;272;city65;151;264;city191;274;414;city239;440;437;city82;100;150;city271;153;318;city137;315;9;city274;32;90;city174
132;city277;365;133;city214;487;121;city221;27;150;city150
170;city158;395;353;city132;454;254;city71;493;15;city108;302;130;city190;197;110;city266;69;74;city84;382;203;city291
169;city137;350;464;city256;109;425;city142;304;167;city105;249;146;city238;90;379;city146;392;363;city107;371;490;city161;436;378;city288;45;405;city296;39;135;city250;375;88;city89;320;356;city284;343;203;city63;35;381;city60
138;city233;148;283;city241
144;city298;362;461;city196;331;398;city224;414;371;city176;436;249;city238;174;364;city129;39;108;city197;146;224;city231;277;388;city173;404;145;city108;292;254;city55;440;80;city259;202;36;city112;468;489;city154
150;city240;41;96;city293;219;295;city196;194;221;city64
133;city61;89;57;city259;241;35;city62;358;448;city179;344;56;city140;412;431;city52;253;129;city223;230;443;city239;221;426;city167;234;417;city290;210;472;city147;230;52;city57;70;155;city192;200;436;city110
129;city66;319;320;city250;408;389;city112;458;163;city183;393;269;city192;245;358;city258;234;395;city297
140;city185;394;151;city181;71;57;city105;169;313;city286;214;27;city119;500;289;city54;237;185;city244;245;301;city255;307;381;city230;176;238;city169;142;32;city157;109;311;city110
143;city211;41;284;city68;68;53;city66;237;10;city289;286;115;city223;23;214;city220;183;200;city245;448;429;city206
154;city173;353;241;city166;464;296;city267;113;39;city286;420;211;city168;150;48;city69;476;480;city153;24;222;city158;431;97;city224;492;26;city295;126;324;city252
138;city233;148;283;city241
174;city108;68;307;city285;188;352;city261;325;297;city71;225;472;city181;169;67;city148;338;53;city140;393;450;city215;331;259;city60
129;city66;319;320;city250;408;389;city112;458;163;city183;393;269;city192;245;358;city258;234;395;city297
128;city132;224;174;city83;43;435;city166;189;111;city205;205;87;city139;390;125;city238;297;76;city243;192;197;city150;364;403;city267;377;290;city78;494;267;city252;219;122;city180;56;141;city287
152;city283;22;255;city253;26;264;city257;409;38;city198;10;145;city50;105;449;city237;448;198;city201;444;195;city200;360;220;city177;184;469;city101;213;336;city231;352;433;city129;332;74;city284
167;city212;223;134;city260;105;433;city55;108;433;city238;117;333;city267;378;485;city278;151;469;city178;341;172;city127;353;74;city217;168;32;city51;125;392;city104;315;384;city273;379;451;city74;374;218;city231;205;53;city125;346;248;city215;497;3;city88;358;416;city191;183;76;city123;67;46;city97

162;city155;469;230;city229;220;165;city270;49;216;city264;173;111;city205;175;444;city225;96;419;city127;74;34;city147;420;7133;city183;288;74;city268;230;14;city178;266;394;city99;338;320;city148;147;356;city156;460;314;city286;424;444;city142;173;37;city261;374;220;city200;256;38;city252;467;407;city258
174;city108;68;307;city285;188;352;city261;325;297;city71;225;472;city181;169;67;city148;338;53;city140;393;450;city215;331;259;city60
159;city292;57;196;city128;426;360;city80;425;449;city280;290;57;city114;387;109;city217;446;12;city81;256;453;city120;78;228;city283;191;323;city137;19;466;city180;352;3;city229;444;296;city191
137;city67;158;79;city120;218;422;city297;41;192;city282;27;200;city279;386;140;city75;486;158;city187;324;277;city273;150;92;city243;9;219;city135;251;52;city262;64;499;city167;149;386;city124;105;57;city122
143;city211;41;284;city68;68;53;city66;237;10;city289;286;115;city223;23;214;city220;183;200;city245;448;429;city206
146;city284;46;313;city195;382;296;city138;347;194;city108;229;376;city280;272;214;city233;362;120;city282;159;382;city77;174;411;city92
173;city248;274;320;city163
126;city147;319;40;city137;457;465;city235;80;120;city189;432;361;city164
161;city154;452;273;city111;406;241;city249;164;266;city94;147;202;city276;435;439;city120;111;60;city270;360;195;city52;405;169;city142;458;272;city184;134;187;city295;338;59;city160;343;235;city59;263;119;city90;226;257;city123;46;50;city63;7;201;city222
