







125;city146;164;496;city157;262;299;city260;229;296;city252;65;273;city175;308;265;city126;140;184;city155;305;408;city133;164;390;city269;207;411;city239;81;102;city161;396;445;city216;48;460;city119;220;452;city53;39;365;city286;56;168;city75;335;500;city229;469;19;city172;472;440;city193






132;city62;81;356;city232;239;292;city298;426;192;city61;151;87;city201;468;498;city176;289;496;city261;233;212;city203;176;353;city273;445;428;city117;155;25;city101;262;169;city139;117;248;city215;463;450;city208;360;482;city239;342;368;city177

164;city291;322;287;city283;284;291;city116;82;468;city71

137;city199;332;433;city269;132;353;city221;103;335;city254;99;378;city285;456;82;city179;268;91;city272;490;425;city253;316;163;city58;53;231;city65;193;74;city132;194;493;city139;29;272;city88;126;148;city62;28;486;city95

157;city142;82;493;city238;444;117;city233;31;105;city290;161;301;city228;368;117;city65;216;112;city171
143;city99;470;191;city292;74;488;city151;57;177;city113;114;359;city206;423;444;city191;56;20;city249;397;267;city162;14;4;city140;257;187;city276;361;14;city241;376;320;city294;54;95;city130;175;230;city264;50;326;city83;485;104;city243;31;222;city119;174;99;city96
153;city199;331;209;city163;111;32;city233;392;157;city192;329;346;city191;199;93;city272;254;252;city190;108;357;city294;453;479;city61;17;85;city87;189;212;city60;185;198;city204;103;151;city263;393;250;city260
149;city131;264;85;city81;33;394;city133;46;347;city189;131;392;city282;151;98;city284;91;144;city115;203;21;city141;342;80;city171;72;160;city169;404;311;city102;112;451;city188;54;365;city98;271;375;city56;348;104;city265;110;469;city168;498;399;city57;92;309;city279



133;city120;135;251;city123;207;312;city122;253;364;city208;431;47;city117;386;197;city85;12;425;city236;444;262;city221
144;city295;469;275;city236;287;355;city124;142;153;city144;344;163;city283;311;341;city181;374;166;city97;455;7;city278;35;252;city166;109;162;city254;240;31;city240;356;262;city76;482;366;city95;434;346;city84;276;224;city104;263;91;city93;63;293;city57;497;490;city69;232;283;city243;434;87;city287
173;city143;18;60;city123;406;120;city158;205;220;city168;299;128;city125;261;10;city239
170;city212;39;61;city203;208;360;city257;217;209;city274;281;252;city73;382;381;city80;357;322;city210
144;city295;469;275;city236;287;355;city124;142;153;city144;344;163;city283;311;341;city181;374;166;city97;455;7;city278;35;252;city166;109;162;city254;240;31;city240;356;262;city76;482;366;city95;434;346;city84;276;224;city104;263;91;city93;63;293;city57;497;490;city69;232;283;city243;434;87;city287

161;city269;471;417;city232;340;119;city267;79;89;city142;20;337;city159;86;74;city65;95;118;city74;430;15;city125;265;86;city84;118;450;city55;35;235;city93;371;142;city260;388;383;city282;13;11;city180;283;8;city279;147;336;city60;191;448;city100;265;182;city237;412;215;city126;405;181;city187
173;city143;18;60;city123;406;120;city158;205;220;city168;299;128;city125;261;10;city239
143;city99;470;191;city292;74;488;city151;57;177;city113;114;359;city206;423;444;city191;56;20;city249;397;267;city162;14;4;city140;257;187;city276;361;14;city241;376;320;city294;54;95;city130;175;230;city264;50;326;city83;485;104;city243;31;222;city119;174;99;city96


143;city99;470;191;city292;74;488;city151;57;177;city113;114;359;city206;423;444;city191;56;20;city249;397;267;city162;14;4;city140;257;187;city276;361;14;city241;376;320;city294;54;95;city130;175;230;city264;50;326;city83;485;104;city243;31;222;city119;174;99;city96

129;city146;200;74;city186;488;47;city197;311;378;city295;179;498;city242;482;132;city188;330;163;city180;82;163;city263;86;392;city184;417;471;city127;170;247;city57;161;285;city298;43;32;city79;135;146;city292;213;278;city179;268;29;city59;244;447;city163
138;city299;182;373;city164;413;422;city183;497;34;city155;145;109;city269;422;485;city162;486;33;city234
168;city201;351;423;city212;8;477;city190;53;55;city133;135;275;city172;477;175;city279;186;491;city95;22;258;city260;255;332;city210;24;204;city254;478;115;city141;246;68;city191;340;403;city66;280;448;city275;96;459;city228;315;298;city77


169;city231;17;163;city165;316;137;city126;387;426;city92;262;479;city60;430;56;city123;257;118;city228;11;320;city242;293;369;city121;459;322;city214;440;421;city88;5;60;city279;164;314;city86;65;143;city93;327;463;city124
170;city212;39;61;city203;208;360;city257;217;209;city274;281;252;city73;382;381;city80;357;322;city210


143;city99;470;191;city292;74;488;city151;57;177;city113;114;359;city206;423;444;city191;56;20;city249;397;267;city162;14;4;city140;257;187;city276;361;14;city241;376;320;city294;54;95;city130;175;230;city264;50;326;city83;485;104;city243;31;222;city119;174;99;city96
129;city146;200;74;city186;488;47;city197;311;378;city295;179;498;city242;482;132;city188;330;163;city180;82;163;city263;86;392;city184;417;471;city127;170;247;city57;161;285;city298;43;32;city79;135;146;city292;213;278;city179;268;29;city59;244;447;city163
127;city265;272;225;city283;425;97;city56;201;242;city75;374;267;city255;197;440;city62;376;417;city134;338;357;city245;179;334;city288
153;city199;331;209;city163;111;32;city233;392;157;city192;329;346;city191;199;93;city272;254;252;city190;108;357;city294;453;479;city61;17;85;city87;189;212;city60;185;198;city204;103;151;city263;393;250;city260
167;city239;142;411;city146;369;204;city136;414;339;city127;314;429;city277;378;210;city66;159;89;city291;334;402;city184;155;173;city75;462;14;city221;323;312;city85;488;325;city260


164;city291;322;287;city283;284;291;city116;82;468;city71
170;city212;39;61;city203;208;360;city257;217;209;city274;281;252;city73;382;381;city80;357;322;city210
136;city224;16;156;city184;100;371;city101;84;440;city66;307;270;city185;472;350;city60;380;356;city209;114;350;city77;228;437;city153;96;306;city68;448;477;city197;216;306;city120;324;390;city236;28;306;city229;335;115;city114;145;23;city297;363;197;city127;47;489;city59;475;450;city264
153;city199;331;209;city163;111;32;city233;392;157;city192;329;346;city191;199;93;city272;254;252;city190;108;357;city294;453;479;city61;17;85;city87;189;212;city60;185;198;city204;103;151;city263;393;250;city260



166;city60;328;409;city268;354;440;city248;112;175;city108;119;394;city166;77;185;city297;311;450;city140;500;476;city159;353;350;city179;449;61;city289;434;431;city144;407;121;city70;338;241;city183;30;319;city263;317;286;city253

164;city291;322;287;city283;284;291;city116;82;468;city71

141;city142;212;296;city165;19;70;city285;433;400;city124;293;300;city51;429;319;city77;29;133;city187;171;161;city59;135;59;city218;327;304;city149;209;113;city204;471;232;city170;351;461;city127;4;240;city141;30;439;city263;315;408;city279;493;241;city252;13;151;city129
169;city231;17;163;city165;316;137;city126;387;426;city92;262;479;city60;430;56;city123;257;118;city228;11;320;city242;293;369;city121;459;322;city214;440;421;city88;5;60;city279;164;314;city86;65;143;city93;327;463;city124
133;city120;135;251;city123;207;312;city122;253;364;city208;431;47;city117;386;197;city85;12;425;city236;444;262;city221
125;city146;164;496;city157;262;299;city260;229;296;city252;65;273;city175;308;265;city126;140;184;city155;305;408;city133;164;390;city269;207;411;city239;81;102;city161;396;445;city216;48;460;city119;220;452;city53;39;365;city286;56;168;city75;335;500;city229;469;19;city172;472;440;city193

139;city119;255;472;city181;339;194;city273;423;14;city220;53;176;city272;58;376;city99;205;306;city51;297;447;city62;54;375;city176
168;city201;351;423;city212;8;477;city190;53;55;city133;135;275;city172;477;175;city279;186;491;city95;22;258;city260;255;332;city210;24;204;city254;478;115;city141;246;68;city191;340;403;city66;280;448;city275;96;459;city228;315;298;city77
136;city224;16;156;city184;100;371;city101;84;440;city66;307;270;city185;472;350;city60;380;356;city209;114;350;city77;228;437;city153;96;306;city68;448;477;city197;216;306;city120;324;390;city236;28;306;city229;335;115;city114;145;23;city297;363;197;city127;47;489;city59;475;450;city264
170;city212;39;61;city203;208;360;city257;217;209;city274;281;252;city73;382;381;city80;357;322;city210
132;city62;81;356;city232;239;292;city298;426;192;city61;151;87;city201;468;498;city176;289;496;city261;233;212;city203;176;353;city273;445;428;city117;155;25;city101;262;169;city139;117;248;city215;463;450;city208;360;482;city239;342;368;city177
168;city201;351;423;city212;8;477;city190;53;55;city133;135;275;city172;477;175;city279;186;491;city95;22;258;city260;255;332;city210;24;204;city254;478;115;city141;246;68;city191;340;403;city66;280;448;city275;96;459;city228;315;298;city77
149;city131;264;85;city81;33;394;city133;46;347;city189;131;392;city282;151;98;city284;91;144;city115;203;21;city141;342;80;city171;72;160;city169;404;311;city102;112;451;city188;54;365;city98;271;375;city56;348;104;city265;110;469;city168;498;399;city57;92;309;city279
167;city239;142;411;city146;369;204;city136;414;339;city127;314;429;city277;378;210;city66;159;89;city291;334;402;city184;155;173;city75;462;14;city221;323;312;city85;488;325;city260
142;city82;425;96;city181;136;101;city107;351;445;city169;30;19;city95;298;40;city79;204;444;city112;71;432;city297;75;147;city240;360;149;city224
158;city180;87;202;city270
168;city201;351;423;city212;8;477;city190;53;55;city133;135;275;city172;477;175;city279;186;491;city95;22;258;city260;255;332;city210;24;204;city254;478;115;city141;246;68;city191;340;403;city66;280;448;city275;96;459;city228;315;298;city77
150;city280;167;244;city159;185;204;city283;411;252;city204;146;8;city299;158;74;city59;377;286;city232;404;456;city190;486;475;city52;262;223;city187;203;372;city166;268;456;city170;393;175;city142;29;229;city195;261;142;city174
166;city60;328;409;city268;354;440;city248;112;175;city108;119;394;city166;77;185;city297;311;450;city140;500;476;city159;353;350;city179;449;61;city289;434;431;city144;407;121;city70;338;241;city183;30;319;city263;317;286;city253
132;city62;81;356;city232;239;292;city298;426;192;city61;151;87;city201;468;498;city176;289;496;city261;233;212;city203;176;353;city273;445;428;city117;155;25;city101;262;169;city139;117;248;city215;463;450;city208;360;482;city239;342;368;city177
131;city156;367;101;city71;215;403;city297;495;145;city169;304;28;city296;243;486;city164;7;460;city161;182;186;city55
155;city206;31;32;city59;458;283;city292;53;397;city104;486;177;city166;100;184;city149
150;city280;167;244;city159;185;204;city283;411;252;city204;146;8;city299;158;74;city59;377;286;city232;404;456;city190;486;475;city52;262;223;city187;203;372;city166;268;456;city170;393;175;city142;29;229;city195;261;142;city174
138;city299;182;373;city164;413;422;city183;497;34;city155;145;109;city269;422;485;city162;486;33;city234
155;city206;31;32;city59;458;283;city292;53;397;city104;486;177;city166;100;184;city149
170;city212;39;61;city203;208;360;city257;217;209;city274;281;252;city73;382;381;city80;357;322;city210
125;city146;164;496;city157;262;299;city260;229;296;city252;65;273;city175;308;265;city126;140;184;city155;305;408;city133;164;390;city269;207;411;city239;81;102;city161;396;445;city216;48;460;city119;220;452;city53;39;365;city286;56;168;city75;335;500;city229;469;19;city172;472;440;city193
165;city166;178;139;city132;302;412;city149;310;435;city124;430;35;city60;272;182;city137;42;280;city169;341;76;city69;208;334;city211
140;city220;54;243;city237;466;8;city269;444;421;city226;498;363;city125;371;475;city163;500;200;city218;436;484;city251;180;330;city178;76;313;city186;312;204;city203;120;451;city90;140;173;city194
139;city119;255;472;city181;339;194;city273;423;14;city220;53;176;city272;58;376;city99;205;306;city51;297;447;city62;54;375;city176

142;city82;425;96;city181;136;101;city107;351;445;city169;30;19;city95;298;40;city79;204;444;city112;71;432;city297;75;147;city240;360;149;city224
150;city280;167;244;city159;185;204;city283;411;252;city204;146;8;city299;158;74;city59;377;286;city232;404;456;city190;486;475;city52;262;223;city187;203;372;city166;268;456;city170;393;175;city142;29;229;city195;261;142;city174
147;city243;90;273;city85;308;184;city140;232;247;city96
169;city231;17;163;city165;316;137;city126;387;426;city92;262;479;city60;430;56;city123;257;118;city228;11;320;city242;293;369;city121;459;322;city214;440;421;city88;5;60;city279;164;314;city86;65;143;city93;327;463;city124
162;city281;295;40;city68;84;4;city299;495;488;city126;399;385;city203
166;city60;328;409;city268;354;440;city248;112;175;city108;119;394;city166;77;185;city297;311;450;city140;500;476;city159;353;350;city179;449;61;city289;434;431;city144;407;121;city70;338;241;city183;30;319;city263;317;286;city253
125;city146;164;496;city157;262;299;city260;229;296;city252;65;273;city175;308;265;city126;140;184;city155;305;408;city133;164;390;city269;207;411;city239;81;102;city161;396;445;city216;48;460;city119;220;452;city53;39;365;city286;56;168;city75;335;500;city229;469;19;city172;472;440;city193
128;city151;3;262;city62;248;420;city76;454;123;city219
136;city224;16;156;city184;100;371;city101;84;440;city66;307;270;city185;472;350;city60;380;356;city209;114;350;city77;228;437;city153;96;306;city68;448;477;city197;216;306;city120;324;390;city236;28;306;city229;335;115;city114;145;23;city297;363;197;city127;47;489;city59;475;450;city264
134;city182;397;421;city296;436;372;city82;232;304;city224;39;490;city173;457;73;city188;166;450;city232;79;380;city246;121;391;city152;135;254;city297
139;city119;255;472;city181;339;194;city273;423;14;city220;53;176;city272;58;376;city99;205;306;city51;297;447;city62;54;375;city176
161;city269;471;417;city232;340;119;city267;79;89;city142;20;337;city159;86;74;city65;95;118;city74;430;15;city125;265;86;city84;118;450;city55;35;235;city93;371;142;city260;388;383;city282;13;11;city180;283;8;city279;147;336;city60;191;448;city100;265;182;city237;412;215;city126;405;181;city187
134;city182;397;421;city296;436;372;city82;232;304;city224;39;490;city173;457;73;city188;166;450;city232;79;380;city246;121;391;city152;135;254;city297

129;city146;200;74;city186;488;47;city197;311;378;city295;179;498;city242;482;132;city188;330;163;city180;82;163;city263;86;392;city184;417;471;city127;170;247;city57;161;285;city298;43;32;city79;135;146;city292;213;278;city179;268;29;city59;244;447;city163
131;city156;367;101;city71;215;403;city297;495;145;city169;304;28;city296;243;486;city164;7;460;city161;182;186;city55
170;city212;39;61;city203;208;360;city257;217;209;city274;281;252;city73;382;381;city80;357;322;city210
132;city62;81;356;city232;239;292;city298;426;192;city61;151;87;city201;468;498;city176;289;496;city261;233;212;city203;176;353;city273;445;428;city117;155;25;city101;262;169;city139;117;248;city215;463;450;city208;360;482;city239;342;368;city177
158;city180;87;202;city270
138;city299;182;373;city164;413;422;city183;497;34;city155;145;109;city269;422;485;city162;486;33;city234
136;city224;16;156;city184;100;371;city101;84;440;city66;307;270;city185;472;350;city60;380;356;city209;114;350;city77;228;437;city153;96;306;city68;448;477;city197;216;306;city120;324;390;city236;28;306;city229;335;115;city114;145;23;city297;363;197;city127;47;489;city59;475;450;city264
160;city51;280;33;city105;85;416;city97;61;303;city218;166;464;city144;47;399;city131;138;336;city278;195;19;city61;181;79;city191;482;171;city295;3;406;city128;352;245;city287;332;135;city234
127;city265;272;225;city283;425;97;city56;201;242;city75;374;267;city255;197;440;city62;376;417;city134;338;357;city245;179;334;city288
141;city142;212;296;city165;19;70;city285;433;400;city124;293;300;city51;429;319;city77;29;133;city187;171;161;city59;135;59;city218;327;304;city149;209;113;city204;471;232;city170;351;461;city127;4;240;city141;30;439;city263;315;408;city279;493;241;city252;13;151;city129

137;city199;332;433;city269;132;353;city221;103;335;city254;99;378;city285;456;82;city179;268;91;city272;490;425;city253;316;163;city58;53;231;city65;193;74;city132;194;493;city139;29;272;city88;126;148;city62;28;486;city95
159;city57;295;161;city271;66;114;city244;171;418;city106;476;47;city192;418;460;city132;428;100;city251;405;316;city99;417;260;city254;489;310;city84
152;city108;16;215;city147

131;city156;367;101;city71;215;403;city297;495;145;city169;304;28;city296;243;486;city164;7;460;city161;182;186;city55
157;city142;82;493;city238;444;117;city233;31;105;city290;161;301;city228;368;117;city65;216;112;city171

129;city146;200;74;city186;488;47;city197;311;378;city295;179;498;city242;482;132;city188;330;163;city180;82;163;city263;86;392;city184;417;471;city127;170;247;city57;161;285;city298;43;8607;city79;135;146;city292;213;278;city179;268;29;city59;244;447;city163
157;city142;82;493;city238;444;117;city233;31;105;city290;161;301;city228;368;117;city65;216;112;city171
151;city207;77;390;city163;138;39;city215;392;24;city283;12;79;city121;194;419;city85;317;444;city157;272;415;city75;125;474;city80
153;city199;331;209;city163;111;32;city233;392;157;city192;329;346;city191;199;93;city272;254;252;city190;108;357;city294;453;479;city61;17;85;city87;189;212;city60;185;198;city204;103;151;city263;393;250;city260
171;city238;492;207;city131;178;479;city222;33;121;city287;180;334;city65;41;33;city186;233;222;city176;482;153;city230;451;69;city54;324;251;city253
160;city51;280;33;city105;85;416;city97;61;303;city218;166;464;city144;47;399;city131;138;336;city278;195;19;city61;181;79;city191;482;171;city295;3;406;city128;352;245;city287;332;135;city234

132;city62;81;356;city232;239;292;city298;426;192;city61;151;87;city201;468;498;city176;289;496;city261;233;212;city203;176;353;city273;445;428;city117;155;25;city101;262;169;city139;117;248;city215;463;450;city208;360;482;city239;342;368;city177

144;city295;469;275;city236;287;355;city124;142;153;city144;344;163;city283;311;341;city181;374;166;city97;455;7;city278;35;252;city166;109;162;city254;240;31;city240;356;262;city76;482;366;city95;434;346;city84;276;224;city104;263;91;city93;63;293;city57;497;490;city69;232;283;city243;434;87;city287
171;city238;492;207;city131;178;479;city222;33;121;city287;180;334;city65;41;33;city186;233;222;city176;482;153;city230;451;69;city54;324;251;city253
160;city51;280;33;city105;85;416;city97;61;303;city218;166;464;city144;47;399;city131;138;336;city278;195;19;city61;181;79;city191;482;171;city295;3;406;city128;352;245;city287;332;135;city234
152;city108;16;215;city147
133;city120;135;251;city123;207;312;city122;253;364;city208;431;47;city117;386;197;city85;12;425;city236;444;262;city221
128;city151;3;262;city62;248;420;city76;454;123;city219
140;city220;54;243;city237;466;8;city269;444;421;city226;498;363;city125;371;475;city163;500;200;city218;436;484;city251;180;330;city178;76;313;city186;312;204;city203;120;451;city90;140;173;city194
158;city180;87;202;city270
144;city295;469;275;city236;287;355;city124;142;153;city144;344;163;city283;311;341;city181;374;166;city97;455;7;city278;35;252;city166;109;162;city254;240;31;city240;356;262;city76;482;366;city95;434;346;city84;276;224;city104;263;91;city93;63;293;city57;497;490;city69;232;283;city243;434;87;city287
125;city146;164;496;city157;262;299;city260;229;296;city252;65;273;city175;308;265;city126;140;184;city155;305;408;city133;164;390;city269;207;411;city239;81;102;city161;396;445;city216;48;460;city119;220;452;city53;39;365;city286;56;168;city75;335;500;city229;469;19;city172;472;440;city193
144;city295;469;275;city236;287;355;city124;142;153;city144;344;163;city283;311;341;city181;374;166;city97;455;7;city278;35;252;city166;109;162;city254;240;31;city240;356;262;city76;482;366;city95;434;346;city84;276;224;city104;263;91;city93;63;293;city57;497;490;city69;232;283;city243;434;87;city287
152;city108;16;215;city147
157;city142;82;493;city238;444;117;city233;31;105;city290;161;301;city228;368;117;city65;216;112;city171
133;city120;135;251;city123;207;312;city122;253;364;city208;431;47;city117;386;197;city85;12;425;city236;444;262;city221
140;city220;54;243;city237;466;8;city269;444;421;city226;498;363;city125;371;475;city163;500;200;city218;436;484;city251;180;330;city178;76;313;city186;312;204;city203;120;451;city90;140;173;city194
157;city142;82;493;city238;444;117;city233;31;105;city290;161;301;city228;368;117;city65;216;112;city171
128;city151;3;262;city62;248;420;city76;454;123;city219
169;city231;17;163;city165;316;137;city126;387;426;city92;262;479;city60;430;56;city123;257;118;city228;11;320;city242;293;369;city121;459;322;city214;440;421;city88;5;60;city279;164;314;city86;65;143;city93;327;463;city124
150;city280;167;244;city159;185;204;city283;411;252;city204;146;8;city299;158;74;city59;377;286;city232;404;456;city190;486;475;city52;262;223;city187;203;372;city166;268;456;city170;393;175;city142;29;229;city195;261;142;city174
160;city51;280;33;city105;85;416;city97;61;303;city218;166;464;city144;47;399;city131;138;336;city278;195;19;city61;181;79;city191;482;171;city295;3;406;city128;352;245;city287;332;135;city234
128;city151;3;262;city62;248;420;city76;454;123;city219
169;city231;17;163;city165;316;137;city126;387;426;city92;262;479;city60;430;56;city123;257;118;city228;11;320;city242;293;369;city121;459;322;city214;440;421;city88;5;60;city279;164;314;city86;65;143;city93;327;463;city124
150;city280;167;244;city159;185;204;city283;411;252;city204;146;8;city299;158;74;city59;377;286;city232;404;456;city190;486;475;city52;262;223;city187;203;372;city166;268;456;city170;393;175;city142;29;229;city195;261;142;city174

157;city142;82;493;city238;444;117;city233;31;105;city290;161;301;city228;368;117;city65;216;112;city171
169;city231;17;163;city165;316;137;city126;387;426;city92;262;479;city60;430;56;city123;257;118;city228;11;320;city242;293;369;city121;459;322;city214;440;421;city88;5;60;city279;164;314;city86;65;143;city93;327;463;city124
164;city291;322;287;city283;284;291;city116;82;468;city71
134;city182;397;421;city296;436;372;city82;232;304;city224;39;490;city173;457;73;city188;166;450;city232;79;380;city246;121;391;city152;135;254;city297
139;city119;255;472;city181;339;194;city273;423;14;city220;53;176;city272;58;376;city99;205;306;city51;297;447;city62;54;375;city176
167;city239;142;411;city146;369;204;city136;414;339;city127;314;429;city277;378;210;city66;159;89;city291;334;402;city184;155;173;city75;462;14;city221;323;312;city85;488;325;city260
146;city118;62;346;city89;189;100;city262
141;city142;212;296;city165;19;70;city285;433;400;city124;293;300;city51;429;319;city77;29;133;city187;171;161;city59;135;59;city218;327;304;city149;209;113;city204;471;232;city170;351;461;city127;4;240;city141;30;439;city263;315;408;city279;493;241;city252;13;151;city129
135;city87;323;261;city282;430;79;city63;357;59;city258;400;393;city156;439;352;city120;21;47;city237;457;353;city89;408;435;city210;498;304;city244;205;226;city90;191;385;city209;161;320;city238;128;326;city215;182;420;city217;217;67;city166;95;140;city139;384;445;city261;415;34;city257;215;140;city52
144;city295;469;275;city236;287;355;city124;142;153;city144;344;163;city283;311;341;city181;374;166;city97;455;7;city278;35;252;city166;109;162;city254;240;31;city240;356;262;city76;482;366;city95;434;346;city84;276;224;city104;263;91;city93;63;293;city57;497;490;city69;232;283;city243;434;87;city287
134;city182;397;421;city296;436;372;city82;232;304;city224;39;490;city173;457;73;city188;166;450;city232;79;380;city246;121;391;city152;135;254;city297
148;city147;364;166;city128;364;287;city284;245;143;city91;480;181;city245;23;25;city152
127;city265;272;225;city283;425;97;city56;201;242;city75;374;267;city255;197;440;city62;376;417;city134;338;357;city245;179;334;city288
130;city215;427;381;city244;459;435;city59;219;199;city55;411;135;city204;174;107;city223;152;463;city69;191;314;city114;328;130;city61;256;282;city281;181;439;city52;276;486;city137;214;90;city139;272;66;city51;455;245;city116;439;281;city135;454;328;city254;38;326;city170;180;232;city182;409;18;city229
146;city118;62;346;city89;189;100;city262
168;city201;351;423;city212;8;477;city190;53;55;city133;135;275;city172;477;175;city279;186;491;city95;22;258;city260;255;332;city210;24;204;city254;478;115;city141;246;68;city191;340;403;city66;280;448;city275;96;459;city228;315;298;city77
147;city243;90;273;city85;308;184;city140;232;247;city96
161;city269;471;417;city232;340;119;city267;79;89;city142;20;337;city159;86;74;city65;95;118;city74;430;15;city125;265;86;city84;118;450;city55;35;235;city93;371;142;city260;388;383;city282;13;11;city180;283;8;city279;147;336;city60;191;448;city100;265;182;city237;412;215;city126;405;181;city187
165;city166;178;139;city132;302;412;city149;310;435;city124;430;35;city60;272;182;city137;42;280;city169;341;76;city69;208;334;city211
129;city146;200;74;city186;488;47;city197;311;378;city295;179;498;city242;482;132;city188;330;163;city180;82;163;city263;86;392;city184;417;471;city127;170;247;city57;161;285;city298;43;8607;city79;135;146;city292;213;278;city179;268;29;city59;244;447;city163
150;city280;167;244;city159;185;204;city283;411;252;city204;146;8;city299;158;74;city59;377;286;city232;404;456;city190;486;475;city52;262;223;city187;203;372;city166;268;456;city170;393;175;city142;29;229;city195;261;142;city174
168;city201;351;423;city212;8;477;city190;53;55;city133;135;275;city172;477;175;city279;186;491;city95;22;258;city260;255;332;city210;24;204;city254;478;115;city141;246;68;city191;340;403;city66;280;448;city275;96;459;city228;315;298;city77
164;city291;322;287;city283;284;291;city116;82;468;city71
149;city131;264;85;city81;33;394;city133;46;347;city189;131;392;city282;151;98;city284;91;144;city115;203;21;city141;342;80;city171;72;160;city169;404;311;city102;112;451;city188;54;365;city98;271;375;city56;348;104;city265;110;469;city168;498;399;city57;92;309;city279
140;city220;54;243;city237;466;8;city269;444;421;city226;498;363;city125;371;475;city163;500;200;city218;436;484;city251;180;330;city178;76;313;city186;312;204;city203;120;451;city90;140;173;city194
141;city142;212;296;city165;19;70;city285;433;400;city124;293;300;city51;429;319;city77;29;133;city187;171;161;city59;135;59;city218;327;304;city149;209;113;city204;471;232;city170;351;461;city127;4;240;city141;30;439;city263;315;408;city279;493;241;city252;13;151;city129
130;city215;427;381;city244;459;435;city59;219;199;city55;411;135;city204;174;107;city223;152;463;city69;191;314;city114;328;130;city61;256;282;city281;181;439;city52;276;486;city137;214;90;city139;272;66;city51;455;245;city116;439;281;city135;454;328;city254;38;326;city170;180;232;city182;409;18;city229
168;city201;351;423;city212;8;477;city190;53;55;city133;135;275;city172;477;175;city279;186;491;city95;22;258;city260;255;332;city210;24;204;city254;478;115;city141;246;68;city191;340;403;city66;280;448;city275;96;459;city228;315;298;city77
131;city156;367;101;city71;215;403;city297;495;145;city169;304;28;city296;243;486;city164;7;460;city161;182;186;city55
147;city243;90;273;city85;308;184;city140;232;247;city96
139;city119;255;472;city181;339;194;city273;423;14;city220;53;176;city272;58;376;city99;205;306;city51;297;447;city62;54;375;city176

164;city291;322;287;city283;284;291;city116;82;468;city71
166;city60;328;409;city268;354;440;city248;112;175;city108;119;394;city166;77;185;city297;311;450;city140;500;476;city159;353;350;city179;449;61;city289;434;431;city144;407;121;city70;338;241;city183;30;319;city263;317;286;city253
166;city60;328;409;city268;354;440;city248;112;175;city108;119;394;city166;77;185;city297;311;450;city140;500;476;city159;353;350;city179;449;61;city289;434;431;city144;407;121;city70;338;241;city183;30;319;city263;317;286;city253
141;city142;212;296;city165;19;70;city285;433;400;city124;293;300;city51;429;319;city77;29;133;city187;171;161;city59;135;59;city218;327;304;city149;209;113;city204;471;232;city170;351;461;city127;4;240;city141;30;439;city263;315;408;city279;493;241;city252;13;151;city129
142;city82;425;96;city181;136;101;city107;351;445;city169;30;19;city95;298;40;city79;204;444;city112;71;432;city297;75;147;city240;360;149;city224
164;city291;322;287;city283;284;291;city116;82;468;city71
173;city143;18;60;city123;406;120;city158;205;220;city168;299;128;city125;261;10;city239
140;city220;54;243;city237;466;8;city269;444;421;city226;498;363;city125;371;475;city163;500;200;city218;436;484;city251;180;330;city178;76;313;city186;312;204;city203;120;451;city90;140;173;city194
169;city231;17;163;city165;316;137;city126;387;426;city92;262;479;city60;430;56;city123;257;118;city228;11;320;city242;293;369;city121;459;322;city214;440;421;city88;5;60;city279;164;314;city86;65;143;city93;327;463;city124
159;city57;295;161;city271;66;114;city244;171;418;city106;476;47;city192;418;460;city132;428;100;city251;405;316;city99;417;260;city254;489;310;city84
174;city154;493;296;city256;317;160;city204;440;241;city192;337;115;city95;106;400;city225;491;167;city130;136;236;city74;217;47;city218;384;67;city51;477;203;city207;397;179;city166;368;277;city257;379;327;city212;93;67;city56
162;city281;295;40;city68;84;4;city299;495;488;city126;399;385;city203
141;city142;212;296;city165;19;70;city285;433;400;city124;293;300;city51;429;319;city77;29;133;city187;171;161;city59;135;59;city218;327;304;city149;209;113;city204;471;232;city170;351;461;city127;4;240;city141;30;439;city263;315;408;city279;493;241;city252;13;151;city129
142;city82;425;96;city181;136;101;city107;351;445;city169;30;19;city95;298;40;city79;204;444;city112;71;432;city297;75;147;city240;360;149;city224
144;city295;469;275;city236;287;355;city124;142;153;city144;344;163;city283;311;341;city181;374;166;city97;455;7;city278;35;252;city166;109;162;city254;240;31;city240;356;262;city76;482;366;city95;434;346;city84;276;224;city104;263;91;city93;63;293;city57;497;490;city69;232;283;city243;434;87;city287
150;city280;167;244;city159;185;204;city283;411;252;city204;146;8;city299;158;74;city59;377;286;city232;404;456;city190;486;475;city52;262;223;city187;203;372;city166;268;456;city170;393;175;city142;29;229;city195;261;142;city174

129;city146;200;74;city186;488;47;city197;311;378;city295;179;498;city242;482;132;city188;330;163;city180;82;163;city263;86;392;city184;417;471;city127;170;247;city57;161;285;city298;43;8607;city79;135;146;city292;213;278;city179;268;29;city59;244;447;city163
127;city265;272;225;city283;425;97;city56;201;242;city75;374;267;city255;197;440;city62;376;417;city134;338;357;city245;179;334;city288
174;city154;493;296;city256;317;160;city204;440;241;city192;337;115;city95;106;400;city225;491;167;city130;136;236;city74;217;47;city218;384;67;city51;477;203;city207;397;179;city166;368;277;city257;379;327;city212;93;67;city56
158;city180;87;202;city270
174;city154;493;296;city256;317;160;city204;440;241;city192;337;115;city95;106;400;city225;491;167;city130;136;236;city74;217;47;city218;384;67;city51;477;203;city207;397;179;city166;368;277;city257;379;327;city212;93;67;city56
143;city99;470;191;city292;74;488;city151;57;177;city113;114;359;city206;423;444;city191;56;20;city249;397;267;city162;14;4;city140;257;187;city276;361;14;city241;376;320;city294;54;95;city130;175;230;city264;50;326;city83;485;104;city243;31;222;city119;174;99;city96
131;city156;367;101;city71;215;403;city297;495;145;city169;304;28;city296;243;486;city164;7;460;city161;182;186;city55
159;city57;295;161;city271;66;114;city244;171;418;city106;476;47;city192;418;460;city132;428;100;city251;405;316;city99;417;260;city254;489;310;city84
161;city269;471;417;city232;340;119;city267;79;89;city142;20;337;city159;86;74;city65;95;118;city74;430;15;city125;265;86;city84;118;450;city55;35;235;city93;371;142;city260;388;383;city282;13;11;city180;283;8;city279;147;336;city60;191;448;city100;265;182;city237;412;215;city126;405;181;city187
152;city108;16;215;city147
166;city60;328;409;city268;354;440;city248;112;175;city108;119;394;city166;77;185;city297;311;450;city140;500;476;city159;353;350;city179;449;61;city289;434;431;city144;407;121;city70;338;241;city183;30;319;city263;317;286;city253

125;city146;164;496;city157;262;299;city260;229;296;city252;65;273;city175;308;265;city126;140;184;city155;305;408;city133;164;390;city269;207;411;city239;81;102;city161;396;445;city216;48;460;city119;220;452;city53;39;365;city286;56;168;city75;335;500;city229;469;19;city172;472;440;city193
151;city207;77;390;city163;138;39;city215;392;24;city283;12;79;city121;194;419;city85;317;444;city157;272;415;city75;125;474;city80
135;city87;323;261;city282;430;79;city63;357;59;city258;400;393;city156;439;352;city120;21;47;city237;457;353;city89;408;435;city210;498;304;city244;205;226;city90;191;385;city209;161;320;city238;128;326;city215;182;420;city217;217;67;city166;95;140;city139;384;445;city261;415;34;city257;215;140;city52
148;city147;364;166;city128;364;287;city284;245;143;city91;480;181;city245;23;25;city152
168;city201;351;423;city212;8;477;city190;53;55;city133;135;275;city172;477;175;city279;186;491;city95;22;258;city260;255;332;city210;24;204;city254;478;115;city141;246;68;city191;340;403;city66;280;448;city275;96;459;city228;315;298;city77
125;city146;164;496;city157;262;299;city260;229;296;city252;65;273;city175;308;265;city126;140;184;city155;305;408;city133;164;390;city269;207;411;city239;81;102;city161;396;445;city216;48;460;city119;220;452;city53;39;365;city286;56;168;city75;335;500;city229;469;19;city172;472;440;city193
149;city131;264;85;city81;33;394;city133;46;347;city189;131;392;city282;151;98;city284;91;144;city115;203;21;city141;342;80;city171;72;160;city169;404;311;city102;112;451;city188;54;365;city98;271;375;city56;348;104;city265;110;469;city168;498;399;city57;92;309;city279
150;city280;167;244;city159;185;204;city283;411;252;city204;146;8;city299;158;74;city59;377;286;city232;404;456;city190;486;475;city52;262;223;city187;203;372;city166;268;456;city170;393;175;city142;29;229;city195;261;142;city174
151;city207;77;390;city163;138;39;city215;392;24;city283;12;79;city121;194;419;city85;317;444;city157;272;415;city75;125;474;city80

161;city269;471;417;city232;340;119;city267;79;89;city142;20;337;city159;86;74;city65;95;118;city74;430;15;city125;265;86;city84;118;450;city55;35;235;city93;371;142;city260;388;383;city282;13;11;city180;283;8;city279;147;336;city60;191;448;city100;265;182;city237;412;215;city126;405;181;city187
128;city151;3;262;city62;248;420;city76;454;123;city219
173;city143;18;60;city123;406;120;city158;205;220;city168;299;128;city125;261;10;city239
149;city131;264;85;city81;33;394;city133;46;347;city189;131;392;city282;151;98;city284;91;144;city115;203;21;city141;342;80;city171;72;160;city169;404;311;city102;112;451;city188;54;365;city98;271;375;city56;348;104;city265;110;469;city168;498;399;city57;92;309;city279
158;city180;87;202;city270
157;city142;82;493;city238;444;117;city233;31;105;city290;161;301;city228;368;117;city65;216;112;city171
135;city87;323;261;city282;430;79;city63;357;59;city258;400;393;city156;439;352;city120;21;47;city237;457;353;city89;408;435;city210;498;304;city244;205;226;city90;191;385;city209;161;320;city238;128;326;city215;182;420;city217;217;67;city166;95;140;city139;384;445;city261;415;34;city257;215;140;city52
127;city265;272;225;city283;425;97;city56;201;242;city75;374;267;city255;197;440;city62;376;417;city134;338;357;city245;179;334;city288
157;city142;82;493;city238;444;117;city233;31;105;city290;161;301;city228;368;117;city65;216;112;city171
152;city108;16;215;city147
138;city299;182;373;city164;413;422;city183;497;34;city155;145;109;city269;422;485;city162;486;33;city234
170;city212;39;61;city203;208;360;city257;217;209;city274;281;252;city73;382;381;city80;357;322;city210
164;city291;322;287;city283;284;291;city116;82;468;city71
174;city154;493;296;city256;317;160;city204;440;241;city192;337;115;city95;106;400;city225;491;167;city130;136;236;city74;217;47;city218;384;67;city51;477;203;city207;397;179;city166;368;277;city257;379;327;city212;93;67;city56
150;city280;167;244;city159;185;204;city283;411;252;city204;146;8;city299;158;74;city59;377;286;city232;404;456;city190;486;475;city52;262;223;city187;203;372;city166;268;456;city170;393;175;city142;29;229;city195;261;142;city174
163;city295;113;175;city100;196;223;city179
127;city265;272;225;city283;425;97;city56;201;242;city75;374;267;city255;197;440;city62;376;417;city134;338;357;city245;179;334;city288
131;city156;367;101;city71;215;403;city297;495;145;city169;304;28;city296;243;486;city164;7;460;city161;182;186;city55
128;city151;3;262;city62;248;420;city76;454;123;city219
139;city119;255;472;city181;339;194;city273;423;14;city220;53;176;city272;58;376;city99;205;306;city51;297;447;city62;54;375;city176

139;city119;255;472;city181;339;194;city273;423;14;city220;53;176;city272;58;376;city99;205;306;city51;297;447;city62;54;375;city176
166;city60;328;409;city268;354;440;city248;112;175;city108;119;394;city166;77;185;city297;311;450;city140;500;476;city159;353;350;city179;449;61;city289;434;431;city144;407;121;city70;338;241;city183;30;319;city263;317;286;city253
127;city265;272;225;city283;425;97;city56;201;242;city75;374;267;city255;197;440;city62;376;417;city134;338;357;city245;179;334;city288
138;city299;182;373;city164;413;422;city183;497;34;city155;145;109;city269;422;485;city162;486;33;city234
130;city215;427;381;city244;459;435;city59;219;199;city55;411;135;city204;174;107;city223;152;463;city69;191;314;city114;328;130;city61;256;282;city281;181;439;city52;276;486;city137;214;90;city139;272;66;city51;455;245;city116;439;281;city135;454;328;city254;38;326;city170;180;232;city182;409;18;city229
151;city207;77;390;city163;138;39;city215;392;24;city283;12;79;city121;194;419;city85;317;444;city157;272;415;city75;125;474;city80
167;city239;142;411;city146;369;204;city136;414;339;city127;314;429;city277;378;210;city66;159;89;city291;334;402;city184;155;173;city75;462;14;city221;323;312;city85;488;325;city260
140;city220;54;243;city237;466;8;city269;444;421;city226;498;363;city125;371;475;city163;500;200;city218;436;484;city251;180;330;city178;76;313;city186;312;204;city203;120;451;city90;140;173;city194
162;city281;295;40;city68;84;4;city299;495;488;city126;399;385;city203
136;city224;16;156;city184;100;371;city101;84;440;city66;307;270;city185;472;350;city60;380;356;city209;114;350;city77;228;437;city153;96;306;city68;448;477;city197;216;306;city120;324;390;city236;28;306;city229;335;115;city114;145;23;city297;363;197;city127;47;489;city59;475;450;city264
141;city142;212;296;city165;19;70;city285;433;400;city124;293;300;city51;429;319;city77;29;133;city187;171;161;city59;135;59;city218;327;304;city149;209;113;city204;471;232;city170;351;461;city127;4;240;city141;30;439;city263;315;408;city279;493;241;city252;13;151;city129
128;city151;3;262;city62;248;420;city76;454;123;city219
125;city146;164;496;city157;262;299;city260;229;296;city252;65;273;city175;308;265;city126;140;184;city155;305;408;city133;164;390;city269;207;411;city239;81;102;city161;396;445;city216;48;460;city119;220;452;city53;39;365;city286;56;168;city75;335;500;city229;469;19;city172;472;440;city193
166;city60;328;409;city268;354;440;city248;112;175;city108;119;394;city166;77;185;city297;311;450;city140;500;476;city159;353;350;city179;449;61;city289;434;431;city144;407;121;city70;338;241;city183;30;319;city263;317;286;city253
168;city201;351;423;city212;8;477;city190;53;55;city133;135;275;city172;477;175;city279;186;491;city95;22;258;city260;255;332;city210;24;204;city254;478;115;city141;246;68;city191;340;403;city66;280;448;city275;96;459;city228;315;298;city77
143;city99;470;191;city292;74;488;city151;57;177;city113;114;359;city206;423;444;city191;56;20;city249;397;267;city162;14;4;city140;257;187;city276;361;14;city241;376;320;city294;54;95;city130;175;230;city264;50;326;city83;485;104;city243;31;222;city119;174;99;city96
144;city295;469;275;city236;287;355;city124;142;153;city144;344;163;city283;311;341;city181;374;166;city97;455;7;city278;35;252;city166;109;162;city254;240;31;city240;356;262;city76;482;366;city95;434;346;city84;276;224;city104;263;91;city93;63;293;city57;497;490;city69;232;283;city243;434;87;city287
142;city82;425;96;city181;136;101;city107;351;445;city169;30;19;city95;298;40;city79;204;444;city112;71;432;city297;75;147;city240;360;149;city224
147;city243;90;273;city85;308;184;city140;232;247;city96

144;city295;469;275;city236;287;355;city124;142;153;city144;344;163;city283;311;341;city181;374;166;city97;455;7;city278;35;252;city166;109;162;city254;240;31;city240;356;262;city76;482;366;city95;434;346;city84;276;224;city104;263;91;city93;63;293;city57;497;490;city69;232;283;city243;434;87;city287
127;city265;272;225;city283;425;97;city56;201;242;city75;374;267;city255;197;440;city62;376;417;city134;338;357;city245;179;334;city288
149;city131;264;85;city81;33;394;city133;46;347;city189;131;392;city282;151;98;city284;91;144;city115;203;21;city141;342;80;city171;72;160;city169;404;311;city102;112;451;city188;54;365;city98;271;375;city56;348;104;city265;110;469;city168;498;399;city57;92;309;city279
157;city142;82;493;city238;444;117;city233;31;105;city290;161;301;city228;368;117;city65;216;112;city171
131;city156;367;101;city71;215;403;city297;495;145;city169;304;28;city296;243;486;city164;7;460;city161;182;186;city55
136;city224;16;156;city184;100;371;city101;84;440;city66;307;270;city185;472;350;city60;380;356;city209;114;350;city77;228;437;city153;96;306;city68;448;477;city197;216;306;city120;324;390;city236;28;306;city229;335;115;city114;145;23;city297;363;197;city127;47;489;city59;475;450;city264
145;city53;218;370;city288;135;326;city185;126;480;city268;316;488;city261;164;60;city190;223;157;city170;224;31;city157;131;26;city74;285;482;city57;166;186;city150;277;352;city279;49;22;city67;419;70;city162
134;city182;397;421;city296;436;372;city82;232;304;city224;39;490;city173;457;73;city188;166;450;city232;79;380;city246;121;391;city152;135;254;city297
145;city53;218;370;city288;135;326;city185;126;480;city268;316;488;city261;164;60;city190;223;157;city170;224;31;city157;131;26;city74;285;482;city57;166;186;city150;277;352;city279;49;22;city67;419;70;city162
162;city281;295;40;city68;84;4;city299;495;488;city126;399;385;city203
126;city66;164;212;city138;394;439;city205;278;377;city112;75;33;city58;66;59;city290;185;414;city90;111;352;city264;194;181;city236;230;248;city190;481;472;city271;237;47;city83;234;360;city100
164;city291;322;287;city283;284;291;city116;82;468;city71
141;city142;212;296;city165;19;70;city285;433;400;city124;293;300;city51;429;319;city77;29;133;city187;171;161;city59;135;59;city218;327;304;city149;209;113;city204;471;232;city170;351;461;city127;4;240;city141;30;439;city263;315;408;city279;493;241;city252;13;151;city129
149;city131;264;85;city81;33;394;city133;46;347;city189;131;392;city282;151;98;city284;91;144;city115;203;21;city141;342;80;city171;72;160;city169;404;311;city102;112;451;city188;54;365;city98;271;375;city56;348;104;city265;110;469;city168;498;399;city57;92;309;city279

142;city82;425;96;city181;136;101;city107;351;445;city169;30;19;city95;298;40;city79;204;444;city112;71;432;city297;75;147;city240;360;149;city224
141;city142;212;296;city165;19;70;city285;433;400;city124;293;300;city51;429;319;city77;29;133;city187;171;161;city59;135;59;city218;327;304;city149;209;113;city204;471;232;city170;351;461;city127;4;240;city141;30;439;city263;315;408;city279;493;241;city252;13;151;city129
147;city243;90;273;city85;308;184;city140;232;247;city96
140;city220;54;243;city237;466;8;city269;444;421;city226;498;363;city125;371;475;city163;500;200;city218;436;484;city251;180;330;city178;76;313;city186;312;204;city203;120;451;city90;140;173;city194
159;city57;295;161;city271;66;114;city244;171;418;city106;476;47;city192;418;460;city132;428;100;city251;405;316;city99;417;260;city254;489;310;city84
159;city57;295;161;city271;66;114;city244;171;418;city106;476;47;city192;418;460;city132;428;100;city251;405;316;city99;417;260;city254;489;310;city84
165;city166;178;139;city132;302;412;city149;310;435;city124;430;35;city60;272;182;city137;42;280;city169;341;76;city69;208;334;city211
170;city212;39;61;city203;208;360;city257;217;209;city274;281;252;city73;382;381;city80;357;322;city210
148;city147;364;166;city128;364;287;city284;245;143;city91;480;181;city245;23;25;city152
167;city239;142;411;city146;369;204;city136;414;339;city127;314;429;city277;378;210;city66;159;89;city291;334;402;city184;155;173;city75;462;14;city221;323;312;city85;488;325;city260
163;city295;113;175;city100;196;223;city179
149;city131;264;85;city81;33;394;city133;46;347;city189;131;392;city282;151;98;city284;91;144;city115;203;21;city141;342;80;city171;72;160;city169;404;311;city102;112;451;city188;54;365;city98;271;375;city56;348;104;city265;110;469;city168;498;399;city57;92;309;city279
137;city199;332;433;city269;132;353;city221;103;335;city254;99;378;city285;456;82;city179;268;91;city272;490;425;city253;316;163;city58;53;231;city65;193;74;city132;194;493;city139;29;272;city88;126;148;city62;28;486;city95
139;city119;255;472;city181;339;194;city273;423;14;city220;53;176;city272;58;376;city99;205;306;city51;297;447;city62;54;375;city176
161;city269;471;417;city232;340;119;city267;79;89;city142;20;337;city159;86;74;city65;95;118;city74;430;15;city125;265;86;city84;118;450;city55;35;235;city93;371;142;city260;388;383;city282;13;11;city180;283;8;city279;147;336;city60;191;448;city100;265;182;city237;412;215;city126;405;181;city187
171;city238;492;207;city131;178;479;city222;33;121;city287;180;334;city65;41;33;city186;233;222;city176;482;153;city230;451;69;city54;324;251;city253
133;city120;135;251;city123;207;312;city122;253;364;city208;431;47;city117;386;197;city85;12;425;city236;444;262;city221
160;city51;280;33;city105;85;416;city97;61;303;city218;166;464;city144;47;399;city131;138;336;city278;195;19;city61;181;79;city191;482;171;city295;3;406;city128;352;245;city287;332;135;city234
137;city199;332;433;city269;132;353;city221;103;335;city254;99;378;city285;456;82;city179;268;91;city272;490;425;city253;316;163;city58;53;231;city65;193;74;city132;194;493;city139;29;272;city88;126;148;city62;28;486;city95
136;city224;16;156;city184;100;371;city101;84;440;city66;307;270;city185;472;350;city60;380;356;city209;114;350;city77;228;437;city153;96;306;city68;448;477;city197;216;306;city120;324;390;city236;28;306;city229;335;115;city114;145;23;city297;363;197;city127;47;489;city59;475;450;city264
152;city108;16;215;city147
125;city146;164;496;city157;262;299;city260;229;296;city252;65;273;city175;308;265;city126;140;184;city155;305;408;city133;164;390;city269;207;411;city239;81;102;city161;396;445;city216;48;460;city119;220;452;city53;39;365;city286;56;168;city75;335;500;city229;469;19;city172;472;440;city193
157;city142;82;493;city238;444;117;city233;31;105;city290;161;301;city228;368;117;city65;216;112;city171
148;city147;364;166;city128;364;287;city284;245;143;city91;480;181;city245;23;25;city152
127;city265;272;225;city283;425;97;city56;201;242;city75;374;267;city255;197;440;city62;376;417;city134;338;357;city245;179;334;city288
170;city212;39;61;city203;208;360;city257;217;209;city274;281;252;city73;382;381;city80;357;322;city210
131;city156;367;101;city71;215;403;city297;495;145;city169;304;28;city296;243;486;city164;7;460;city161;182;186;city55
131;city156;367;101;city71;215;403;city297;495;145;city169;304;28;city296;243;486;city164;7;460;city161;182;186;city55
151;city207;77;390;city163;138;39;city215;392;24;city283;12;79;city121;194;419;city85;317;444;city157;272;415;city75;125;474;city80
173;city143;18;60;city123;406;120;city158;205;220;city168;299;128;city125;261;10;city239
164;city291;322;287;city283;284;291;city116;82;468;city71
162;city281;295;40;city68;84;4;city299;495;488;city126;399;385;city203
126;city66;164;212;city138;394;439;city205;278;377;city112;75;33;city58;66;59;city290;185;414;city90;111;352;city264;194;181;city236;230;248;city190;481;472;city271;237;47;city83;234;360;city100
164;city291;322;287;city283;284;291;city116;82;468;city71
152;city108;16;215;city147
140;city220;54;243;city237;466;8;city269;444;421;city226;498;363;city125;371;475;city163;500;200;city218;436;484;city251;180;330;city178;76;313;city186;312;204;city203;120;451;city90;140;173;city194
132;city62;81;356;city232;239;292;city298;426;192;city61;151;87;city201;468;498;city176;289;496;city261;233;212;city203;176;353;city273;445;428;city117;155;25;city101;262;169;city139;117;248;city215;463;450;city208;360;482;city239;342;368;city177
131;city156;367;101;city71;215;403;city297;495;145;city169;304;28;city296;243;486;city164;7;460;city161;182;186;city55

144;city295;469;275;city236;287;355;city124;142;153;city144;344;163;city283;311;341;city181;374;166;city97;455;7;city278;35;252;city166;109;162;city254;240;31;city240;356;262;city76;482;366;city95;434;346;city84;276;224;city104;263;91;city93;63;293;city57;497;490;city69;232;283;city243;434;87;city287
168;city201;351;423;city212;8;477;city190;53;55;city133;135;275;city172;477;175;city279;186;491;city95;22;258;city260;255;332;city210;24;204;city254;478;115;city141;246;68;city191;340;403;city66;280;448;city275;96;459;city228;315;298;city77
145;city53;218;370;city288;135;326;city185;126;480;city268;316;488;city261;164;60;city190;223;157;city170;224;31;city157;131;26;city74;285;482;city57;166;186;city150;277;352;city279;49;22;city67;419;70;city162
147;city243;90;273;city85;308;184;city140;232;247;city96
147;city243;90;273;city85;308;184;city140;232;247;city96
150;city280;167;244;city159;185;204;city283;411;252;city204;146;8;city299;158;74;city59;377;286;city232;404;456;city190;486;475;city52;262;223;city187;203;372;city166;268;456;city170;393;175;city142;29;229;city195;261;142;city174
126;city66;164;212;city138;394;439;city205;278;377;city112;75;33;city58;66;59;city290;185;414;city90;111;352;city264;194;181;city236;230;248;city190;481;472;city271;237;47;city83;234;360;city100
153;city199;331;209;city163;111;32;city233;392;157;city192;329;346;city191;199;93;city272;254;252;city190;108;357;city294;453;479;city61;17;85;city87;189;212;city60;185;198;city204;103;151;city263;393;250;city260
150;city280;167;244;city159;185;204;city283;411;252;city204;146;8;city299;158;74;city59;377;286;city232;404;456;city190;486;475;city52;262;223;city187;203;372;city166;268;456;city170;393;175;city142;29;229;city195;261;142;city174
163;city295;113;175;city100;196;223;city179
159;city57;295;161;city271;66;114;city244;171;418;city106;476;47;city192;418;460;city132;428;100;city251;405;316;city99;417;260;city254;489;310;city84
132;city62;81;356;city232;239;292;city298;426;192;city61;151;87;city201;468;498;city176;289;496;city261;233;212;city203;176;353;city273;445;428;city117;155;25;city101;262;169;city139;117;248;city215;463;450;city208;360;482;city239;342;368;city177
126;city66;164;212;city138;394;439;city205;278;377;city112;75;33;city58;66;59;city290;185;414;city90;111;352;city264;194;181;city236;230;248;city190;481;472;city271;237;47;city83;234;360;city100
142;city82;425;96;city181;136;101;city107;351;445;city169;30;19;city95;298;40;city79;204;444;city112;71;432;city297;75;147;city240;360;149;city224
169;city231;17;163;city165;316;137;city126;387;426;city92;262;479;city60;430;56;city123;257;118;city228;11;320;city242;293;369;city121;459;322;city214;440;421;city88;5;60;city279;164;314;city86;65;143;city93;327;463;city124
165;city166;178;139;city132;302;412;city149;310;435;city124;430;35;city60;272;182;city137;42;280;city169;341;76;city69;208;334;city211
125;city146;164;496;city157;262;299;city260;229;296;city252;65;273;city175;308;265;city126;140;184;city155;305;408;city133;164;390;city269;207;411;city239;81;102;city161;396;445;city216;48;460;city119;220;452;city53;39;365;city286;56;168;city75;335;500;city229;469;19;city172;472;440;city193
132;city62;81;356;city232;239;292;city298;426;192;city61;151;87;city201;468;498;city176;289;496;city261;233;212;city203;176;353;city273;445;428;city117;155;25;city101;262;169;city139;117;248;city215;463;450;city208;360;482;city239;342;368;city177
151;city207;77;390;city163;138;39;city215;392;24;city283;12;79;city121;194;419;city85;317;444;city157;272;415;city75;125;474;city80
162;city281;295;40;city68;84;4;city299;495;488;city126;399;385;city203
171;city238;492;207;city131;178;479;city222;33;121;city287;180;334;city65;41;33;city186;233;222;city176;482;153;city230;451;69;city54;324;251;city253
141;city142;212;296;city165;19;70;city285;433;400;city124;293;300;city51;429;319;city77;29;133;city187;171;161;city59;135;59;city218;327;304;city149;209;113;city204;471;232;city170;351;461;city127;4;240;city141;30;439;city263;315;408;city279;493;241;city252;13;151;city129
166;city60;328;409;city268;354;440;city248;112;175;city108;119;394;city166;77;185;city297;311;450;city140;500;476;city159;353;350;city179;449;61;city289;434;431;city144;407;121;city70;338;241;city183;30;319;city263;317;286;city253
126;city66;164;212;city138;394;439;city205;278;377;city112;75;33;city58;66;59;city290;185;414;city90;111;352;city264;194;181;city236;230;248;city190;481;472;city271;237;47;city83;234;360;city100
153;city199;331;209;city163;111;32;city233;392;157;city192;329;346;city191;199;93;city272;254;252;city190;108;357;city294;453;479;city61;17;85;city87;189;212;city60;185;198;city204;103;151;city263;393;250;city260
165;city166;178;139;city132;302;412;city149;310;435;city124;430;35;city60;272;182;city137;42;280;city169;341;76;city69;208;334;city211
153;city199;331;209;city163;111;32;city233;392;157;city192;329;346;city191;199;93;city272;254;252;city190;108;357;city294;453;479;city61;17;85;city87;189;212;city60;185;198;city204;103;151;city263;393;250;city260
164;city291;322;287;city283;284;291;city116;82;468;city71
159;city57;295;161;city271;66;114;city244;171;418;city106;476;47;city192;418;460;city132;428;100;city251;405;316;city99;417;260;city254;489;310;city84
133;city120;135;251;city123;207;312;city122;253;364;city208;431;47;city117;386;197;city85;12;425;city236;444;262;city221
134;city182;397;421;city296;436;372;city82;232;304;city224;39;490;city173;457;73;city188;166;450;city232;79;380;city246;121;391;city152;135;254;city297
135;city87;323;261;city282;430;79;city63;357;59;city258;400;393;city156;439;352;city120;21;47;city237;457;353;city89;408;435;city210;498;304;city244;205;226;city90;191;385;city209;161;320;city238;128;326;city215;182;420;city217;217;67;city166;95;140;city139;384;445;city261;415;34;city257;215;140;city52
153;city199;331;209;city163;111;32;city233;392;157;city192;329;346;city191;199;93;city272;254;252;city190;108;357;city294;453;479;city61;17;85;city87;189;212;city60;185;198;city204;103;151;city263;393;250;city260
140;city220;54;243;city237;466;8;city269;444;421;city226;498;363;city125;371;475;city163;500;200;city218;436;484;city251;180;330;city178;76;313;city186;312;204;city203;120;451;city90;140;173;city194
146;city118;62;346;city89;189;100;city262
159;city57;295;161;city271;66;114;city244;171;418;city106;476;47;city192;418;460;city132;428;100;city251;405;316;city99;417;260;city254;489;310;city84
136;city224;16;156;city184;100;371;city101;84;440;city66;307;270;city185;472;350;city60;380;356;city209;114;350;city77;228;437;city153;96;306;city68;448;477;city197;216;306;city120;324;390;city236;28;306;city229;335;115;city114;145;23;city297;363;197;city127;47;489;city59;475;450;city264
138;city299;182;373;city164;413;422;city183;497;34;city155;145;109;city269;422;485;city162;486;33;city234
146;city118;62;346;city89;189;100;city262
173;city143;18;60;city123;406;120;city158;205;220;city168;299;128;city125;261;10;city239
155;city206;31;32;city59;458;283;city292;53;397;city104;486;177;city166;100;184;city149
159;city57;295;161;city271;66;114;city244;171;418;city106;476;47;city192;418;460;city132;428;100;city251;405;316;city99;417;260;city254;489;310;city84
126;city66;164;212;city138;394;439;city205;278;377;city112;75;33;city58;66;59;city290;185;414;city90;111;352;city264;194;181;city236;230;248;city190;481;472;city271;237;47;city83;234;360;city100
137;city199;332;433;city269;132;353;city221;103;335;city254;99;378;city285;456;82;city179;268;91;city272;490;425;city253;316;163;city58;53;231;city65;193;74;city132;194;493;city139;29;272;city88;126;148;city62;28;486;city95
143;city99;470;191;city292;74;488;city151;57;177;city113;114;359;city206;423;444;city191;56;20;city249;397;267;city162;14;4;city140;257;187;city276;361;14;city241;376;320;city294;54;95;city130;175;230;city264;50;326;city83;485;104;city243;31;222;city119;174;99;city96
133;city120;135;251;city123;207;312;city122;253;364;city208;431;47;city117;386;197;city85;12;425;city236;444;262;city221
155;city206;31;32;city59;458;283;city292;53;397;city104;486;177;city166;100;184;city149
136;city224;16;156;city184;100;371;city101;84;440;city66;307;270;city185;472;350;city60;380;356;city209;114;350;city77;228;437;city153;96;306;city68;448;477;city197;216;306;city120;324;390;city236;28;306;city229;335;115;city114;145;23;city297;363;197;city127;47;489;city59;475;450;city264
148;city147;364;166;city128;364;287;city284;245;143;city91;480;181;city245;23;25;city152
167;city239;142;411;city146;369;204;city136;414;339;city127;314;429;city277;378;210;city66;159;89;city291;334;402;city184;155;173;city75;462;14;city221;323;312;city85;488;325;city260
159;city57;295;161;city271;66;114;city244;171;418;city106;476;47;city192;418;460;city132;428;100;city251;405;316;city99;417;260;city254;489;310;city84
141;city142;212;296;city165;19;70;city285;433;400;city124;293;300;city51;429;319;city77;29;133;city187;171;161;city59;135;59;city218;327;304;city149;209;113;city204;471;232;city170;351;461;city127;4;240;city141;30;439;city263;315;408;city279;493;241;city252;13;151;city129
168;city201;351;423;city212;8;477;city190;53;55;city133;135;275;city172;477;175;city279;186;491;city95;22;258;city260;255;332;city210;24;204;city254;478;115;city141;246;68;city191;340;403;city66;280;448;city275;96;459;city228;315;298;city77
129;city146;200;74;city186;488;47;city197;311;378;city295;179;498;city242;482;132;city188;330;163;city180;82;163;city263;86;392;city184;417;471;city127;170;247;city57;161;285;city298;43;8607;city79;135;146;city292;213;278;city179;268;29;city59;244;447;city163
171;city238;492;207;city131;178;479;city222;33;121;city287;180;334;city65;41;33;city186;233;222;city176;482;153;city230;451;69;city54;324;251;city253
149;city131;264;85;city81;33;394;city133;46;347;city189;131;392;city282;151;98;city284;91;144;city115;203;21;city141;342;80;city171;72;160;city169;404;311;city102;112;451;city188;54;365;city98;271;375;city56;348;104;city265;110;469;city168;498;399;city57;92;309;city279
173;city143;18;60;city123;406;120;city158;205;220;city168;299;128;city125;261;10;city239
167;city239;142;411;city146;369;204;city136;414;339;city127;314;429;city277;378;210;city66;159;89;city291;334;402;city184;155;173;city75;462;14;city221;323;312;city85;488;325;city260
129;city146;200;74;city186;488;47;city197;311;378;city295;179;498;city242;482;132;city188;330;163;city180;82;163;city263;86;392;city184;417;471;city127;170;247;city57;161;285;city298;43;8607;city79;135;146;city292;213;278;city179;268;29;city59;244;447;city163
171;city238;492;207;city131;178;479;city222;33;121;city287;180;334;city65;41;33;city186;233;222;city176;482;153;city230;451;69;city54;324;251;city253
150;city280;167;244;city159;185;204;city283;411;252;city204;146;8;city299;158;74;city59;377;286;city232;404;456;city190;486;475;city52;262;223;city187;203;372;city166;268;456;city170;393;175;city142;29;229;city195;261;142;city174
149;city131;264;85;city81;33;394;city133;46;347;city189;131;392;city282;151;98;city284;91;144;city115;203;21;city141;342;80;city171;72;160;city169;404;311;city102;112;451;city188;54;365;city98;271;375;city56;348;104;city265;110;469;city168;498;399;city57;92;309;city279
128;city151;3;262;city62;248;420;city76;454;123;city219
141;city142;212;296;city165;19;70;city285;433;400;city124;293;300;city51;429;319;city77;29;133;city187;171;161;city59;135;59;city218;327;304;city149;209;113;city204;471;232;city170;351;461;city127;4;240;city141;30;439;city263;315;408;city279;493;241;city252;13;151;city129
125;city146;164;496;city157;262;299;city260;229;296;city252;65;273;city175;308;265;city126;140;184;city155;305;408;city133;164;390;city269;207;411;city239;81;102;city161;396;445;city216;48;460;city119;220;452;city53;39;365;city286;56;168;city75;335;500;city229;469;19;city172;472;440;city193
167;city239;142;411;city146;369;204;city136;414;339;city127;314;429;city277;378;210;city66;159;89;city291;334;402;city184;155;173;city75;462;14;city221;323;312;city85;488;325;city260
145;city53;218;370;city288;135;326;city185;126;480;city268;316;488;city261;164;60;city190;223;157;city170;224;31;city157;131;26;city74;285;482;city57;166;186;city150;277;352;city279;49;22;city67;419;70;city162
125;city146;164;496;city157;262;299;city260;229;296;city252;65;273;city175;308;265;city126;140;184;city155;305;408;city133;164;390;city269;207;411;city239;81;102;city161;396;445;city216;48;460;city119;220;452;city53;39;365;city286;56;168;city75;335;500;city229;469;19;city172;472;440;city193
167;city239;142;411;city146;369;204;city136;414;339;city127;314;429;city277;378;210;city66;159;89;city291;334;402;city184;155;173;city75;462;14;city221;323;312;city85;488;325;city260
138;city299;182;373;city164;413;422;city183;497;34;city155;145;109;city269;422;485;city162;486;33;city234
127;city265;272;225;city283;425;97;city56;201;242;city75;374;267;city255;197;440;city62;376;417;city134;338;357;city245;179;334;city288
132;city62;81;356;city232;239;292;city298;426;192;city61;151;87;city201;468;498;city176;289;496;city261;233;212;city203;176;353;city273;445;428;city117;155;25;city101;262;169;city139;117;248;city215;463;450;city208;360;482;city239;342;368;city177
157;city142;82;493;city238;444;117;city233;31;105;city290;161;301;city228;368;117;city65;216;112;city171
162;city281;295;40;city68;84;4;city299;495;488;city126;399;385;city203
147;city243;90;273;city85;308;184;city140;232;247;city96
135;city87;323;261;city282;430;79;city63;357;59;city258;400;393;city156;439;352;city120;21;47;city237;457;353;city89;408;435;city210;498;304;city244;205;226;city90;191;385;city209;161;320;city238;128;326;city215;182;420;city217;217;67;city166;95;140;city139;384;445;city261;415;34;city257;215;140;city52
156;city144;167;420;city177;53;63;city61;447;215;city286;62;265;city178;278;483;city87;179;382;city252;59;480;city296;486;47;city141;220;392;city91;212;499;city134;179;438;city60;490;5580;city122
133;city120;135;251;city123;207;312;city122;253;364;city208;431;47;city117;386;197;city85;12;425;city236;444;262;city221
170;city212;39;61;city203;208;360;city257;217;209;city274;281;252;city73;382;381;city80;357;322;city210
144;city295;469;275;city236;287;355;city124;142;153;city144;344;163;city283;311;341;city181;374;166;city97;455;7;city278;35;252;city166;109;162;city254;240;31;city240;356;262;city76;482;366;city95;434;346;city84;276;224;city104;263;91;city93;63;293;city57;497;490;city69;232;283;city243;434;87;city287
159;city57;295;161;city271;66;114;city244;171;418;city106;476;47;city192;418;460;city132;428;100;city251;405;316;city99;417;260;city254;489;310;city84
145;city53;218;370;city288;135;326;city185;126;480;city268;316;488;city261;164;60;city190;223;157;city170;224;31;city157;131;26;city74;285;482;city57;166;186;city150;277;352;city279;49;22;city67;419;70;city162
158;city180;87;202;city270
141;city142;212;296;city165;19;70;city285;433;400;city124;293;300;city51;429;319;city77;29;133;city187;171;161;city59;135;59;city218;327;304;city149;209;113;city204;471;232;city170;351;461;city127;4;240;city141;30;439;city263;315;408;city279;493;241;city252;13;151;city129
131;city156;367;101;city71;215;403;city297;495;145;city169;304;28;city296;243;486;city164;7;460;city161;182;186;city55
144;city295;469;275;city236;287;355;city124;142;153;city144;344;163;city283;311;341;city181;374;166;city97;455;7;city278;35;252;city166;109;162;city254;240;31;city240;356;262;city76;482;366;city95;434;346;city84;276;224;city104;263;91;city93;63;293;city57;497;490;city69;232;283;city243;434;87;city287
148;city147;364;166;city128;364;287;city284;245;143;city91;480;181;city245;23;25;city152
133;city120;135;251;city123;207;312;city122;253;364;city208;431;47;city117;386;197;city85;12;425;city236;444;262;city221
140;city220;54;243;city237;466;8;city269;444;421;city226;498;363;city125;371;475;city163;500;200;city218;436;484;city251;180;330;city178;76;313;city186;312;204;city203;120;451;city90;140;173;city194
171;city238;492;207;city131;178;479;city222;33;121;city287;180;334;city65;41;33;city186;233;222;city176;482;153;city230;451;69;city54;324;251;city253
142;city82;425;96;city181;136;101;city107;351;445;city169;30;19;city95;298;40;city79;204;444;city112;71;432;city297;75;147;city240;360;149;city224
127;city265;272;225;city283;425;97;city56;201;242;city75;374;267;city255;197;440;city62;376;417;city134;338;357;city245;179;334;city288
142;city82;425;96;city181;136;101;city107;351;445;city169;30;19;city95;298;40;city79;204;444;city112;71;432;city297;75;147;city240;360;149;city224
173;city143;18;60;city123;406;120;city158;205;220;city168;299;128;city125;261;10;city239
144;city295;469;275;city236;287;355;city124;142;153;city144;344;163;city283;311;341;city181;374;166;city97;455;7;city278;35;252;city166;109;162;city254;240;31;city240;356;262;city76;482;366;city95;434;346;city84;276;224;city104;263;91;city93;63;293;city57;497;490;city69;232;283;city243;434;87;city287
158;city180;87;202;city270
173;city143;18;60;city123;406;120;city158;205;220;city168;299;128;city125;261;10;city239
171;city238;492;207;city131;178;479;city222;33;121;city287;180;334;city65;41;33;city186;233;222;city176;482;153;city230;451;69;city54;324;251;city253
148;city147;364;166;city128;364;287;city284;245;143;city91;480;181;city245;23;25;city152
167;city239;142;411;city146;369;204;city136;414;339;city127;314;429;city277;378;210;city66;159;89;city291;334;402;city184;155;173;city75;462;14;city221;323;312;city85;488;325;city260
137;city199;332;433;city269;132;353;city221;103;335;city254;99;378;city285;456;82;city179;268;91;city272;490;425;city253;316;163;city58;53;231;city65;193;74;city132;194;493;city139;29;272;city88;126;148;city62;28;486;city95
132;city62;81;356;city232;239;292;city298;426;192;city61;151;87;city201;468;498;city176;289;496;city261;233;212;city203;176;353;city273;445;428;city117;155;25;city101;262;169;city139;117;248;city215;463;450;city208;360;482;city239;342;368;city177
170;city212;39;61;city203;208;360;city257;217;209;city274;281;252;city73;382;381;city80;357;322;city210
141;city142;212;296;city165;19;70;city285;433;400;city124;293;300;city51;429;319;city77;29;133;city187;171;161;city59;135;59;city218;327;304;city149;209;113;city204;471;232;city170;351;461;city127;4;240;city141;30;439;city263;315;408;city279;493;241;city252;13;151;city129
168;city201;351;423;city212;8;477;city190;53;55;city133;135;275;city172;477;175;city279;186;491;city95;22;258;city260;255;332;city210;24;204;city254;478;115;city141;246;68;city191;340;403;city66;280;448;city275;96;459;city228;315;298;city77
140;city220;54;243;city237;466;8;city269;444;421;city226;498;363;city125;371;475;city163;500;200;city218;436;484;city251;180;330;city178;76;313;city186;312;204;city203;120;451;city90;140;173;city194
152;city108;16;215;city147
153;city199;331;209;city163;111;32;city233;392;157;city192;329;346;city191;199;93;city272;254;252;city190;108;357;city294;453;479;city61;17;85;city87;189;212;city60;185;198;city204;103;151;city263;393;250;city260
171;city238;492;207;city131;178;479;city222;33;121;city287;180;334;city65;41;33;city186;233;222;city176;482;153;city230;451;69;city54;324;251;city253
139;city119;255;472;city181;339;194;city273;423;14;city220;53;176;city272;58;376;city99;205;306;city51;297;447;city62;54;375;city176
157;city142;82;493;city238;444;117;city233;31;105;city290;161;301;city228;368;117;city65;216;112;city171
140;city220;54;243;city237;466;8;city269;444;421;city226;498;363;city125;371;475;city163;500;200;city218;436;484;city251;180;330;city178;76;313;city186;312;204;city203;120;451;city90;140;173;city194
144;city295;469;275;city236;287;355;city124;142;153;city144;344;163;city283;311;341;city181;374;166;city97;455;7;city278;35;252;city166;109;162;city254;240;31;city240;356;262;city76;482;366;city95;434;346;city84;276;224;city104;263;91;city93;63;293;city57;497;490;city69;232;283;city243;434;87;city287
132;city62;81;356;city232;239;292;city298;426;192;city61;151;87;city201;468;498;city176;289;496;city261;233;212;city203;176;353;city273;445;428;city117;155;25;city101;262;169;city139;117;248;city215;463;450;city208;360;482;city239;342;368;city177
157;city142;82;493;city238;444;117;city233;31;105;city290;161;301;city228;368;117;city65;216;112;city171
140;city220;54;243;city237;466;8;city269;444;421;city226;498;363;city125;371;475;city163;500;200;city218;436;484;city251;180;330;city178;76;313;city186;312;204;city203;120;451;city90;140;173;city194
174;city154;493;296;city256;317;160;city204;440;241;city192;337;115;city95;106;400;city225;491;167;city130;136;236;city74;217;47;city218;384;67;city51;477;203;city207;397;179;city166;368;277;city257;379;327;city212;93;67;city56
155;city206;31;32;city59;458;283;city292;53;397;city104;486;177;city166;100;184;city149
161;city269;471;417;city232;340;119;city267;79;89;city142;20;337;city159;86;74;city65;95;118;city74;430;15;city125;265;86;city84;118;450;city55;35;235;city93;371;142;city260;388;383;city282;13;11;city180;283;8;city279;147;336;city60;191;448;city100;265;182;city237;412;215;city126;405;181;city187
162;city281;295;40;city68;84;4;city299;495;488;city126;399;385;city203
144;city295;469;275;city236;287;355;city124;142;153;city144;344;163;city283;311;341;city181;374;166;city97;455;7;city278;35;252;city166;109;162;city254;240;31;city240;356;262;city76;482;366;city95;434;346;city84;276;224;city104;263;91;city93;63;293;city57;497;490;city69;232;283;city243;434;87;city287
164;city291;322;287;city283;284;291;city116;82;468;city71
168;city201;351;423;city212;8;477;city190;53;55;city133;135;275;city172;477;175;city279;186;491;city95;22;258;city260;255;332;city210;24;204;city254;478;115;city141;246;68;city191;340;403;city66;280;448;city275;96;459;city228;315;298;city77
157;city142;82;493;city238;444;117;city233;31;105;city290;161;301;city228;368;117;city65;216;112;city171
125;city146;164;496;city157;262;299;city260;229;296;city252;65;273;city175;308;265;city126;140;184;city155;305;408;city133;164;390;city269;207;411;city239;81;102;city161;396;445;city216;48;460;city119;220;452;city53;39;365;city286;56;168;city75;335;500;city229;469;19;city172;472;440;city193
145;city53;218;370;city288;135;326;city185;126;480;city268;316;488;city261;164;60;city190;223;157;city170;224;31;city157;131;26;city74;285;482;city57;166;186;city150;277;352;city279;49;22;city67;419;70;city162
166;city60;328;409;city268;354;440;city248;112;175;city108;119;394;city166;77;185;city297;311;450;city140;500;476;city159;353;350;city179;449;61;city289;434;431;city144;407;121;city70;338;241;city183;30;319;city263;317;286;city253
140;city220;54;243;city237;466;8;city269;444;421;city226;498;363;city125;371;475;city163;500;200;city218;436;484;city251;180;330;city178;76;313;city186;312;204;city203;120;451;city90;140;173;city194
146;city118;62;346;city89;189;100;city262
166;city60;328;409;city268;354;440;city248;112;175;city108;119;394;city166;77;185;city297;311;450;city140;500;476;city159;353;350;city179;449;61;city289;434;431;city144;407;121;city70;338;241;city183;30;319;city263;317;286;city253
144;city295;469;275;city236;287;355;city124;142;153;city144;344;163;city283;311;341;city181;374;166;city97;455;7;city278;35;252;city166;109;162;city254;240;31;city240;356;262;city76;482;366;city95;434;346;city84;276;224;city104;263;91;city93;63;293;city57;497;490;city69;232;283;city243;434;87;city287
167;city239;142;411;city146;369;204;city136;414;339;city127;314;429;city277;378;210;city66;159;89;city291;334;402;city184;155;173;city75;462;14;city221;323;312;city85;488;325;city260
133;city120;135;251;city123;207;312;city122;253;364;city208;431;47;city117;386;197;city85;12;425;city236;444;262;city221
153;city199;331;209;city163;111;32;city233;392;157;city192;329;346;city191;199;93;city272;254;252;city190;108;357;city294;453;479;city61;17;85;city87;189;212;city60;185;198;city204;103;151;city263;393;250;city260
156;city144;167;420;city177;53;63;city61;447;215;city286;62;265;city178;278;483;city87;179;382;city252;59;480;city296;486;47;city141;220;392;city91;212;499;city134;179;438;city60;490;5580;city122
165;city166;178;139;city132;302;412;city149;310;435;city124;430;35;city60;272;182;city137;42;280;city169;341;76;city69;208;334;city211
142;city82;425;96;city181;136;101;city107;351;445;city169;30;19;city95;298;40;city79;204;444;city112;71;432;city297;75;147;city240;360;149;city224
141;city142;212;296;city165;19;70;city285;433;400;city124;293;300;city51;429;319;city77;29;133;city187;171;161;city59;135;59;city218;327;304;city149;209;113;city204;471;232;city170;351;461;city127;4;240;city141;30;439;city263;315;408;city279;493;241;city252;13;151;city129
163;city295;113;175;city100;196;223;city179
147;city243;90;273;city85;308;184;city140;232;247;city96
161;city269;471;417;city232;340;119;city267;79;89;city142;20;337;city159;86;74;city65;95;118;city74;430;15;city125;265;86;city84;118;450;city55;35;235;city93;371;142;city260;388;383;city282;13;11;city180;283;8;city279;147;336;city60;191;448;city100;265;182;city237;412;215;city126;405;181;city187
165;city166;178;139;city132;302;412;city149;310;435;city124;430;35;city60;272;182;city137;42;280;city169;341;76;city69;208;334;city211
143;city99;470;191;city292;74;488;city151;57;177;city113;114;359;city206;423;444;city191;56;20;city249;397;267;city162;14;4;city140;257;187;city276;361;14;city241;376;320;city294;54;95;city130;175;230;city264;50;326;city83;485;104;city243;31;222;city119;174;99;city96
148;city147;364;166;city128;364;287;city284;245;143;city91;480;181;city245;23;25;city152
134;city182;397;421;city296;436;372;city82;232;304;city224;39;490;city173;457;73;city188;166;450;city232;79;380;city246;121;391;city152;135;254;city297
162;city281;295;40;city68;84;4;city299;495;488;city126;399;385;city203
152;city108;16;215;city147
160;city51;280;33;city105;85;416;city97;61;303;city218;166;464;city144;47;399;city131;138;336;city278;195;19;city61;181;79;city191;482;171;city295;3;406;city128;352;245;city287;332;135;city234
145;city53;218;370;city288;135;326;city185;126;480;city268;316;488;city261;164;60;city190;223;157;city170;224;31;city157;131;26;city74;285;482;city57;166;186;city150;277;352;city279;49;22;city67;419;70;city162
144;city295;469;275;city236;287;355;city124;142;153;city144;344;163;city283;311;341;city181;374;166;city97;455;7;city278;35;252;city166;109;162;city254;240;31;city240;356;262;city76;482;366;city95;434;346;city84;276;224;city104;263;91;city93;63;293;city57;497;490;city69;232;283;city243;434;87;city287
134;city182;397;421;city296;436;372;city82;232;304;city224;39;490;city173;457;73;city188;166;450;city232;79;380;city246;121;391;city152;135;254;city297
171;city238;492;207;city131;178;479;city222;33;121;city287;180;334;city65;41;33;city186;233;222;city176;482;153;city230;451;69;city54;324;251;city253
153;city199;331;209;city163;111;32;city233;392;157;city192;329;346;city191;199;93;city272;254;252;city190;108;357;city294;453;479;city61;17;85;city87;189;212;city60;185;198;city204;103;151;city263;393;250;city260
131;city156;367;101;city71;215;403;city297;495;145;city169;304;28;city296;243;486;city164;7;460;city161;182;186;city55
169;city231;17;163;city165;316;137;city126;387;426;city92;262;479;city60;430;56;city123;257;118;city228;11;320;city242;293;369;city121;459;322;city214;440;421;city88;5;60;city279;164;314;city86;65;143;city93;327;463;city124
161;city269;471;417;city232;340;119;city267;79;89;city142;20;337;city159;86;74;city65;95;118;city74;430;15;city125;265;86;city84;118;450;city55;35;235;city93;371;142;city260;388;383;city282;13;11;city180;283;8;city279;147;336;city60;191;448;city100;265;182;city237;412;215;city126;405;181;city187
