


171;city189;330;450;city253;199;172;city176;106;331;city242;151;273;city219;69;175;city225;274;479;city271;431;404;city202;296;187;city108;117;286;city280;384;161;city117;440;101;city276



139;city132;425;363;city168;158;368;city154;146;101;city57;304;369;city77;285;76;city98;481;398;city138;28;394;city274;311;208;city175;142;47;city257;12;2;city52;204;63;city117;308;404;city269;458;391;city265;60;414;city148;10;487;city218


144;city141;443;307;city166



160;city121;363;20;city290;190;223;city268;379;486;city77;69;231;city248;172;171;city136;132;103;city208;63;70;city187;430;275;city241;264;446;city214

148;city223;117;33;city216;462;56;city88;380;363;city190;21;33;city206;85;165;city207;431;196;city172;314;272;city285;345;434;city212;100;485;city258
171;city189;330;450;city253;199;172;city176;106;331;city242;151;273;city219;69;175;city225;274;479;city271;431;404;city202;296;187;city108;117;286;city280;384;161;city117;440;101;city276




151;city87;323;426;city235;281;297;city155;248;430;city120;355;126;city81;37;409;city138;17;150;city220;151;149;city225;185;425;city123;81;141;city110;437;43;city115;407;492;city77;472;340;city131;99;236;city207;223;326;city114;188;64;city144;397;396;city234;333;272;city232;438;416;city65;260;322;city178
141;city81;359;29;city153;390;448;city263;86;190;city152;172;141;city146;91;155;city173

141;city81;359;29;city153;390;448;city263;86;190;city152;172;141;city146;91;155;city173
128;city100;164;181;city224;474;147;city299;226;128;city115;437;199;city135;212;99;city221;119;449;city108;120;193;city126;218;44;city252;305;193;city142;352;429;city164;253;254;city95;341;267;city275
159;city202;87;79;city115;230;237;city209;499;469;city182;33;479;city178;262;469;city222;296;362;city81;290;468;city125;46;331;city264;271;9;city216;249;157;city83
141;city81;359;29;city153;390;448;city263;86;190;city152;172;141;city146;91;155;city173


155;city76;495;479;city239;236;141;city286;378;72;city156;161;189;city275;314;303;city103;499;74;city210;40;41;city192;121;155;city137;378;182;city277;202;208;city152;314;406;city299;251;120;city110;472;354;city196;296;275;city108;140;417;city194;412;291;city105

146;city124;217;238;city284;493;100;city180;63;320;city174;329;74;city186;259;255;city264;484;19;city253
126;city86;444;481;city164;495;339;city102;408;110;city205;196;70;city155;95;65;city214;338;118;city177;231;245;city290;410;39;city244;355;26;city108;433;346;city200;434;359;city55;302;222;city120;437;350;city105
129;city183;439;384;city212;15;273;city120;46;31;city211;379;43;city283;404;330;city233;38;319;city239;234;239;city186;65;77;city206;282;441;city241
170;city202;311;138;city235;222;379;city281;483;453;city113;100;420;city84;243;219;city161;234;33;city254
141;city81;359;29;city153;390;448;city263;86;190;city152;172;141;city146;91;155;city173
126;city86;444;481;city164;495;339;city102;408;110;city205;196;70;city155;95;65;city214;338;118;city177;231;245;city290;410;39;city244;355;26;city108;433;346;city200;434;359;city55;302;222;city120;437;350;city105
162;city254;386;9;city200;248;463;city89;11;72;city116;348;13;city247;389;67;city151;136;426;city173;353;329;city52
130;city53;229;59;city58;15;482;city112;307;181;city248;282;84;city129;144;233;city298;63;117;city170;131;68;city284;230;198;city71;498;353;city73;134;284;city232;199;394;city181;82;70;city179;169;48;city132;179;480;city183
164;city223;432;159;city206;359;9;city133;246;53;city224;196;215;city176;355;464;city135;65;284;city137;86;396;city260;161;176;city177;185;414;city217;112;498;city55;309;299;city198;32;214;city141;31;63;city149;258;421;city267;346;339;city111;20;488;city215;212;491;city283;42;18;city99;68;58;city80
135;city201;300;160;city203;454;212;city66;131;58;city230;364;441;city78;303;247;city240;150;88;city133;284;233;city262;445;210;city89;137;41;city119;364;228;city249;274;321;city224;230;182;city270;182;391;city216
160;city121;363;20;city290;190;223;city268;379;486;city77;69;231;city248;172;171;city136;132;103;city208;63;70;city187;430;275;city241;264;446;city214
160;city121;363;20;city290;190;223;city268;379;486;city77;69;231;city248;172;171;city136;132;103;city208;63;70;city187;430;275;city241;264;446;city214

147;city56;471;49;city90;437;260;city272;451;242;city58;42;326;city216;10;487;city197;91;411;city181;396;101;city80;45;247;city59;360;372;city289;432;386;city76;185;202;city101;156;164;city61;251;140;city278;47;324;city200;274;20;city53;304;14;city50;125;265;city73;358;320;city229;358;112;city67
173;city159;478;49;city279;7;227;city216;373;179;city62;154;170;city167;158;444;city98;127;421;city149;288;381;city82;341;41;city169;245;437;city184;171;212;city78
160;city121;363;20;city290;190;223;city268;379;486;city77;69;231;city248;172;171;city136;132;103;city208;63;70;city187;430;275;city241;264;446;city214

145;city156;132;298;city257;418;45;city124;179;237;city276;380;42;city112;181;475;city98;372;45;city127;272;105;city59;338;283;city267;114;368;city235;290;421;city279;471;2;city56;289;287;city83
128;city100;164;181;city224;474;147;city299;226;128;city115;437;199;city135;212;99;city221;119;449;city108;120;193;city126;218;44;city252;305;193;city142;352;429;city164;253;254;city95;341;267;city275
173;city159;478;49;city279;7;227;city216;373;179;city62;154;170;city167;158;444;city98;127;421;city149;288;381;city82;341;41;city169;245;437;city184;171;212;city78
156;city154;342;490;city292;277;382;city193;339;247;city53;104;420;city245;258;335;city269;47;397;city201;261;212;city113;196;270;city88;331;189;city125;5;305;city74;56;357;city118;16;215;city183;485;379;city188
129;city183;439;384;city212;15;273;city120;46;31;city211;379;43;city283;404;330;city233;38;319;city239;234;239;city186;65;77;city206;282;441;city241

137;city69;345;294;city292;91;459;city147;345;362;city288;425;244;city136;441;394;city195;406;35;city131;446;30;city236
148;city223;117;33;city216;462;56;city88;380;363;city190;21;33;city206;85;165;city207;431;196;city172;314;272;city285;345;434;city212;100;485;city258
128;city100;164;181;city224;474;147;city299;226;128;city115;437;199;city135;212;99;city221;119;449;city108;120;193;city126;218;44;city252;305;193;city142;352;429;city164;253;254;city95;341;267;city275
172;city89;302;196;city189;383;354;city219;197;446;city295;220;169;city101;248;245;city232;272;442;city138;453;476;city173;199;78;city57;275;197;city216;285;234;city120;100;362;city291;85;417;city259;124;54;city99;255;455;city256;72;15;city121
150;city187;51;191;city224;408;13;city122;341;431;city298;84;207;city154;202;470;city206;339;258;city56;230;186;city66;240;204;city236;472;492;city265;498;295;city210;183;339;city293;89;128;city143;124;486;city172
148;city223;117;33;city216;462;56;city88;380;363;city190;21;33;city206;85;165;city207;431;196;city172;314;272;city285;345;434;city212;100;485;city258

128;city100;164;181;city224;474;147;city299;226;128;city115;437;199;city135;212;99;city221;119;449;city108;120;193;city126;218;44;city252;305;193;city142;352;429;city164;253;254;city95;341;267;city275
165;city279;103;434;city222;31;275;city245;122;295;city61
158;city210;116;135;city62;484;115;city270;474;25;city160;313;363;city176;181;63;city156;241;316;city227;164;383;city236;437;313;city89;363;372;city93;467;380;city90;135;106;city206;60;178;city274;238;305;city235;202;268;city152;373;129;city297;195;121;city58;242;99;city139;471;109;city147
149;city180;457;494;city227;432;314;city295;447;58;city192;255;146;city144;71;11;city204;426;156;city187;137;22;city279;160;79;city230;291;225;city217;357;89;city139;301;311;city264;2;474;city283

155;city76;495;479;city239;236;141;city286;378;72;city156;161;189;city275;314;303;city103;499;74;city210;40;41;city192;121;155;city137;378;182;city277;202;208;city152;314;406;city299;251;120;city110;472;354;city196;296;275;city108;140;417;city194;412;291;city105
146;city124;217;238;city284;493;100;city180;63;320;city174;329;74;city186;259;255;city264;484;19;city253
164;city223;432;159;city206;359;9;city133;246;53;city224;196;215;city176;355;464;city135;65;284;city137;86;396;city260;161;176;city177;185;414;city217;112;498;city55;309;299;city198;32;214;city141;31;63;city149;258;421;city267;346;339;city111;20;488;city215;212;491;city283;42;18;city99;68;58;city80
126;city86;444;481;city164;495;339;city102;408;110;city205;196;70;city155;95;65;city214;338;118;city177;231;245;city290;410;39;city244;355;26;city108;433;346;city200;434;359;city55;302;222;city120;437;350;city105
153;city173;304;366;city198;123;306;city252;202;34;city115;20;280;city154;497;498;city220;112;287;city186;28;156;city294;144;91;city228;208;462;city190;164;146;city201;150;468;city63;368;132;city297;338;452;city123
141;city81;359;29;city153;390;448;city263;86;190;city152;172;141;city146;91;155;city173
136;city88;127;468;city198;379;84;city293;11;215;city71;90;274;city256
126;city86;444;481;city164;495;339;city102;408;110;city205;196;70;city155;95;65;city214;338;118;city177;231;245;city290;410;39;city244;355;26;city108;433;346;city200;434;359;city55;302;222;city120;437;350;city105
126;city86;444;481;city164;495;339;city102;408;110;city205;196;70;city155;95;65;city214;338;118;city177;231;245;city290;410;39;city244;355;26;city108;433;346;city200;434;359;city55;302;222;city120;437;350;city105
142;city64;373;409;city222;147;480;city273;360;438;city231;481;388;city241;499;383;city94;269;354;city82;128;42;city110;264;140;city269;58;87;city103;23;487;city198;103;268;city225;383;155;city56;178;26;city224;329;9;city153;335;455;city155
166;city136;287;374;city141;85;188;city60;43;317;city92;247;497;city286;160;277;city280;141;94;city171;175;380;city250;243;359;city83;460;296;city144;376;481;city203

136;city88;127;468;city198;379;84;city293;11;215;city71;90;274;city256
163;city189;426;144;city195;8;131;city280;288;66;city261;4;363;city187;330;122;city53;183;472;city255;45;124;city260
140;city252;472;41;city258;60;413;city138;157;266;city184;470;40;city267;386;22;city65;489;83;city83;166;370;city215

163;city189;426;144;city195;8;131;city280;288;66;city261;4;363;city187;330;122;city53;183;472;city255;45;124;city260

152;city95;314;492;city191;408;434;city196;81;310;city285;230;35;city297;413;146;city117;234;129;city289;278;383;city142;474;86;city129;171;167;city230;20;258;city56;475;421;city93;27;159;city245;359;229;city283;320;113;city175;224;213;city137;15;88;city145;488;334;city200
126;city86;444;481;city164;495;339;city102;408;110;city205;196;70;city155;95;65;city214;338;118;city177;231;245;city290;410;39;city244;355;26;city108;433;346;city200;434;359;city55;302;222;city120;437;350;city105
171;city189;330;450;city253;199;172;city176;106;331;city242;151;273;city219;69;175;city225;274;479;city271;431;404;city202;296;187;city108;117;286;city280;384;161;city117;440;101;city276
126;city86;444;481;city164;495;339;city102;408;110;city205;196;70;city155;95;65;city214;338;118;city177;231;245;city290;410;39;city244;355;26;city108;433;346;city200;434;359;city55;302;222;city120;437;350;city105
147;city56;471;49;city90;437;260;city272;451;242;city58;42;326;city216;10;487;city197;91;411;city181;396;101;city80;45;247;city59;360;372;city289;432;386;city76;185;202;city101;156;164;city61;251;140;city278;47;324;city200;274;20;city53;304;14;city50;125;265;city73;358;320;city229;358;112;city67
128;city100;164;181;city224;474;147;city299;226;128;city115;437;199;city135;212;99;city221;119;449;city108;120;193;city126;218;44;city252;305;193;city142;352;429;city164;253;254;city95;341;267;city275
132;city164;56;40;city150;416;328;city280;246;216;city266;84;31;city230;84;499;city128;461;259;city106;90;227;city186;310;262;city74;276;253;city195
162;city254;386;9;city200;248;463;city89;11;72;city116;348;13;city247;389;67;city151;136;426;city173;353;329;city52
139;city132;425;363;city168;158;368;city154;146;101;city57;304;369;city77;285;76;city98;481;398;city138;28;394;city274;311;208;city175;142;47;city257;12;2;city52;204;63;city117;308;404;city269;458;391;city265;60;414;city148;10;487;city218

133;city132;120;8;city213;310;407;city215;60;67;city130;432;182;city193;186;346;city67;381;213;city236
148;city223;117;33;city216;462;56;city88;380;363;city190;21;33;city206;85;165;city207;431;196;city172;314;272;city285;345;434;city212;100;485;city258
146;city124;217;238;city284;493;100;city180;63;320;city174;329;74;city186;259;255;city264;484;19;city253

126;city86;444;481;city164;495;339;city102;408;110;city205;196;70;city155;95;65;city214;338;118;city177;231;245;city290;410;39;city244;355;26;city108;433;346;city200;434;359;city55;302;222;city120;437;350;city105
174;city260;490;213;city54;460;87;city150;134;182;city206;75;424;city111;387;75;city261;63;139;city234;386;454;city61;459;458;city173;388;257;city282;313;262;city219;335;402;city52;332;393;city174;306;152;city191;370;161;city148;477;17;city194;310;381;city98;320;497;city233
162;city254;386;9;city200;248;463;city89;11;72;city116;348;13;city247;389;67;city151;136;426;city173;353;329;city52
171;city189;330;450;city253;199;172;city176;106;331;city242;151;273;city219;69;175;city225;274;479;city271;431;404;city202;296;187;city108;117;286;city280;384;161;city117;440;101;city276
160;city121;363;20;city290;190;223;city268;379;486;city77;69;231;city248;172;171;city136;132;103;city208;63;70;city187;430;275;city241;264;446;city214
137;city69;345;294;city292;91;459;city147;345;362;city288;425;244;city136;441;394;city195;406;35;city131;446;30;city236
143;city244;100;466;city256;269;52;city185;352;375;city202;288;373;city247;300;478;city154
157;city244;346;77;city100;240;288;city116;207;90;city80;78;455;city233;168;329;city280;43;350;city54;335;2;city55;282;184;city53;215;425;city96;227;128;city152;31;55;city81;113;87;city287;62;493;city212;486;52;city128;210;91;city223;33;134;city172;141;353;city267;127;7;city189;271;19;city273
136;city88;127;468;city198;379;84;city293;11;215;city71;90;274;city256
129;city183;439;384;city212;15;273;city120;46;31;city211;379;43;city283;404;330;city233;38;319;city239;234;239;city186;65;77;city206;282;441;city241
172;city89;302;196;city189;383;354;city219;197;446;city295;220;169;city101;248;245;city232;272;442;city138;453;476;city173;199;78;city57;275;197;city216;285;234;city120;100;362;city291;85;417;city259;124;54;city99;255;455;city256;72;15;city121
126;city86;444;481;city164;495;339;city102;408;110;city205;196;70;city155;95;65;city214;338;118;city177;231;245;city290;410;39;city244;355;26;city108;433;346;city200;434;359;city55;302;222;city120;437;350;city105
160;city121;363;20;city290;190;223;city268;379;486;city77;69;231;city248;172;171;city136;132;103;city208;63;70;city187;430;275;city241;264;446;city214
135;city201;300;160;city203;454;212;city66;131;58;city230;364;441;city78;303;247;city240;150;88;city133;284;233;city262;445;210;city89;137;41;city119;364;228;city249;274;321;city224;230;182;city270;182;391;city216

143;city244;100;466;city256;269;52;city185;352;375;city202;288;373;city247;300;478;city154
144;city141;443;307;city166
171;city189;330;450;city253;199;172;city176;106;331;city242;151;273;city219;69;175;city225;274;479;city271;431;404;city202;296;187;city108;117;286;city280;384;161;city117;440;101;city276

128;city100;164;181;city224;474;147;city299;226;128;city115;437;199;city135;212;99;city221;119;449;city108;120;193;city126;218;44;city252;305;193;city142;352;429;city164;253;254;city95;341;267;city275
142;city64;373;409;city222;147;480;city273;360;438;city231;481;388;city241;499;383;city94;269;354;city82;128;42;city110;264;140;city269;58;87;city103;23;487;city198;103;268;city225;383;155;city56;178;26;city224;329;9;city153;335;455;city155
127;city69;101;114;city112;290;249;city87;240;242;city59;317;267;city236;139;267;city136;351;154;city124;433;192;city80;68;26;city253;265;483;city159;125;231;city198;297;144;city106;127;406;city224;300;374;city275
141;city81;359;29;city153;390;448;city263;86;190;city152;172;141;city146;91;155;city173
152;city95;314;492;city191;408;434;city196;81;310;city285;230;35;city297;413;146;city117;234;129;city289;278;383;city142;474;86;city129;171;167;city230;20;258;city56;475;421;city93;27;159;city245;359;229;city283;320;113;city175;224;213;city137;15;88;city145;488;334;city200
166;city136;287;374;city141;85;188;city60;43;317;city92;247;497;city286;160;277;city280;141;94;city171;175;380;city250;243;359;city83;460;296;city144;376;481;city203
157;city244;346;77;city100;240;288;city116;207;90;city80;78;455;city233;168;329;city280;43;350;city54;335;2;city55;282;184;city53;215;425;city96;227;128;city152;31;55;city81;113;87;city287;62;493;city212;486;52;city128;210;91;city223;33;134;city172;141;353;city267;127;7;city189;271;19;city273
131;city141;93;407;city115;154;249;city105;281;231;city114
149;city180;457;494;city227;432;314;city295;447;58;city192;255;146;city144;71;11;city204;426;156;city187;137;22;city279;160;79;city230;291;225;city217;357;89;city139;301;311;city264;2;474;city283
143;city244;100;466;city256;269;52;city185;352;375;city202;288;373;city247;300;478;city154
171;city189;330;450;city253;199;172;city176;106;331;city242;151;273;city219;69;175;city225;274;479;city271;431;404;city202;296;187;city108;117;286;city280;384;161;city117;440;101;city276
145;city156;132;298;city257;418;45;city124;179;237;city276;380;42;city112;181;475;city98;372;45;city127;272;105;city59;338;283;city267;114;368;city235;290;421;city279;471;2;city56;289;287;city83
126;city86;444;481;city164;495;339;city102;408;110;city205;196;70;city155;95;65;city214;338;118;city177;231;245;city290;410;39;city244;355;26;city108;433;346;city200;434;359;city55;302;222;city120;437;350;city105
132;city164;56;40;city150;416;328;city280;246;216;city266;84;31;city230;84;499;city128;461;259;city106;90;227;city186;310;262;city74;276;253;city195
160;city121;363;20;city290;190;223;city268;379;486;city77;69;231;city248;172;171;city136;132;103;city208;63;70;city187;430;275;city241;264;446;city214
146;city124;217;238;city284;493;100;city180;63;320;city174;329;74;city186;259;255;city264;484;19;city253
167;city57;414;421;city94;346;214;city56;48;321;city182;66;283;city176;148;239;city162;461;307;city146;42;26;city168;403;86;city242;99;273;city128;276;300;city84;337;159;city296;299;445;city170;500;288;city67;336;414;city234;235;153;city69;170;36;city77
174;city260;490;213;city54;460;87;city150;134;182;city206;75;424;city111;387;75;city261;63;139;city234;386;454;city61;459;458;city173;388;257;city282;313;262;city219;335;402;city52;332;393;city174;306;152;city191;370;161;city148;477;17;city194;310;381;city98;320;497;city233
171;city189;330;450;city253;199;172;city176;106;331;city242;151;273;city219;69;175;city225;274;479;city271;431;404;city202;296;187;city108;117;286;city280;384;161;city117;440;101;city276
125;city96;480;305;city126;221;302;city106;186;412;city64;122;476;city125;46;347;city112;152;131;city239;235;82;city187;5;178;city74;142;12;city70
127;city69;101;114;city112;290;249;city87;240;242;city59;317;267;city236;139;267;city136;351;154;city124;433;192;city80;68;26;city253;265;483;city159;125;231;city198;297;144;city106;127;406;city224;300;374;city275
151;city87;323;426;city235;281;297;city155;248;430;city120;355;126;city81;37;409;city138;17;150;city220;151;149;city225;185;425;city123;81;141;city110;437;43;city115;407;492;city77;472;340;city131;99;236;city207;223;326;city114;188;64;city144;397;396;city234;333;272;city232;438;416;city65;260;322;city178
147;city56;471;49;city90;437;260;city272;451;242;city58;42;326;city216;10;487;city197;91;411;city181;396;101;city80;45;247;city59;360;372;city289;432;386;city76;185;202;city101;156;164;city61;251;140;city278;47;324;city200;274;20;city53;304;14;city50;125;265;city73;358;320;city229;358;112;city67
156;city154;342;490;city292;277;382;city193;339;247;city53;104;420;city245;258;335;city269;47;397;city201;261;212;city113;196;270;city88;331;189;city125;5;305;city74;56;357;city118;16;215;city183;485;379;city188
129;city183;439;384;city212;15;273;city120;46;31;city211;379;43;city283;404;330;city233;38;319;city239;234;239;city186;65;77;city206;282;441;city241
134;city79;433;322;city251;380;215;city286;202;451;city168;255;332;city144;86;264;city176;212;231;city239;307;372;city218;200;429;city245;485;41;city231;383;245;city154;5;275;city175;180;231;city86;15;470;city184
152;city95;314;492;city191;408;434;city196;81;310;city285;230;35;city297;413;146;city117;234;129;city289;278;383;city142;474;86;city129;171;167;city230;20;258;city56;475;421;city93;27;159;city245;359;229;city283;320;113;city175;224;213;city137;15;88;city145;488;334;city200
150;city187;51;191;city224;408;13;city122;341;431;city298;84;207;city154;202;470;city206;339;258;city56;230;186;city66;240;204;city236;472;492;city265;498;295;city210;183;339;city293;89;128;city143;124;486;city172
172;city89;302;196;city189;383;354;city219;197;446;city295;220;169;city101;248;245;city232;272;442;city138;453;476;city173;199;78;city57;275;197;city216;285;234;city120;100;362;city291;85;417;city259;124;54;city99;255;455;city256;72;15;city121
135;city201;300;160;city203;454;212;city66;131;58;city230;364;441;city78;303;247;city240;150;88;city133;284;233;city262;445;210;city89;137;41;city119;364;228;city249;274;321;city224;230;182;city270;182;391;city216
129;city183;439;384;city212;15;273;city120;46;31;city211;379;43;city283;404;330;city233;38;319;city239;234;239;city186;65;77;city206;282;441;city241
169;city213;279;361;city75;219;21;city89;305;144;city287;72;61;city143;51;434;city192;59;276;city132;125;145;city134;94;70;city115;243;121;city235;133;158;city271;445;445;city130;441;364;city137;489;450;city173;422;88;city159
154;city273;180;176;city285;26;390;city180;194;131;city109
134;city79;433;322;city251;380;215;city286;202;451;city168;255;332;city144;86;264;city176;212;231;city239;307;372;city218;200;429;city245;485;41;city231;383;245;city154;5;275;city175;180;231;city86;15;470;city184
154;city273;180;176;city285;26;390;city180;194;131;city109
168;city139;497;302;city276;35;163;city85;217;328;city285;440;390;city168;303;305;city109;114;481;city167;17;108;city261;373;193;city248;150;402;city133;450;294;city54
173;city159;478;49;city279;7;227;city216;373;179;city62;154;170;city167;158;444;city98;127;421;city149;288;381;city82;341;41;city169;245;437;city184;171;212;city78
136;city88;127;468;city198;379;84;city293;11;215;city71;90;274;city256
147;city56;471;49;city90;437;260;city272;451;242;city58;42;326;city216;10;487;city197;91;411;city181;396;101;city80;45;247;city59;360;372;city289;432;386;city76;185;202;city101;156;164;city61;251;140;city278;47;324;city200;274;20;city53;304;14;city50;125;265;city73;358;320;city229;358;112;city67
159;city202;87;79;city115;230;237;city209;499;469;city182;33;479;city178;262;469;city222;296;362;city81;290;468;city125;46;331;city264;271;9;city216;249;157;city83
174;city260;490;213;city54;460;87;city150;134;182;city206;75;424;city111;387;75;city261;63;139;city234;386;454;city61;459;458;city173;388;257;city282;313;262;city219;335;402;city52;332;393;city174;306;152;city191;370;161;city148;477;17;city194;310;381;city98;320;497;city233
173;city159;478;49;city279;7;227;city216;373;179;city62;154;170;city167;158;444;city98;127;421;city149;288;381;city82;341;41;city169;245;437;city184;171;212;city78
165;city279;103;434;city222;31;275;city245;122;295;city61
172;city89;302;196;city189;383;354;city219;197;446;city295;220;169;city101;248;245;city232;272;442;city138;453;476;city173;199;78;city57;275;197;city216;285;234;city120;100;362;city291;85;417;city259;124;54;city99;255;455;city256;72;15;city121
146;city124;217;238;city284;493;100;city180;63;320;city174;329;74;city186;259;255;city264;484;19;city253
154;city273;180;176;city285;26;390;city180;194;131;city109
143;city244;100;466;city256;269;52;city185;352;375;city202;288;373;city247;300;478;city154
126;city86;444;481;city164;495;339;city102;408;110;city205;196;70;city155;95;65;city214;338;118;city177;231;245;city290;410;39;city244;355;26;city108;433;346;city200;434;359;city55;302;222;city120;437;350;city105
151;city87;323;426;city235;281;297;city155;248;430;city120;355;126;city81;37;409;city138;17;150;city220;151;149;city225;185;425;city123;81;141;city110;437;43;city115;407;492;city77;472;340;city131;99;236;city207;223;326;city114;188;64;city144;397;396;city234;333;272;city232;438;416;city65;260;322;city178
147;city56;471;49;city90;437;260;city272;451;242;city58;42;326;city216;10;487;city197;91;411;city181;396;101;city80;45;247;city59;360;372;city289;432;386;city76;185;202;city101;156;164;city61;251;140;city278;47;324;city200;274;20;city53;304;14;city50;125;265;city73;358;320;city229;358;112;city67
151;city87;323;426;city235;281;297;city155;248;430;city120;355;126;city81;37;409;city138;17;150;city220;151;149;city225;185;425;city123;81;141;city110;437;43;city115;407;492;city77;472;340;city131;99;236;city207;223;326;city114;188;64;city144;397;396;city234;333;272;city232;438;416;city65;260;322;city178
134;city79;433;322;city251;380;215;city286;202;451;city168;255;332;city144;86;264;city176;212;231;city239;307;372;city218;200;429;city245;485;41;city231;383;245;city154;5;275;city175;180;231;city86;15;470;city184
151;city87;323;426;city235;281;297;city155;248;430;city120;355;126;city81;37;409;city138;17;150;city220;151;149;city225;185;425;city123;81;141;city110;437;43;city115;407;492;city77;472;340;city131;99;236;city207;223;326;city114;188;64;city144;397;396;city234;333;272;city232;438;416;city65;260;322;city178
139;city132;425;363;city168;158;368;city154;146;101;city57;304;369;city77;285;76;city98;481;398;city138;28;394;city274;311;208;city175;142;47;city257;12;2;city52;204;63;city117;308;404;city269;458;391;city265;60;414;city148;10;487;city218
158;city210;116;135;city62;484;115;city270;474;25;city160;313;363;city176;181;63;city156;241;316;city227;164;383;city236;437;313;city89;363;372;city93;467;380;city90;135;106;city206;60;178;city274;238;305;city235;202;268;city152;373;129;city297;195;121;city58;242;99;city139;471;109;city147
162;city254;386;9;city200;248;463;city89;11;72;city116;348;13;city247;389;67;city151;136;426;city173;353;329;city52
155;city76;495;479;city239;236;141;city286;378;72;city156;161;189;city275;314;303;city103;499;74;city210;40;41;city192;121;155;city137;378;182;city277;202;208;city152;314;406;city299;251;120;city110;472;354;city196;296;275;city108;140;417;city194;412;291;city105
125;city96;480;305;city126;221;302;city106;186;412;city64;122;476;city125;46;347;city112;152;131;city239;235;82;city187;5;178;city74;142;12;city70
129;city183;439;384;city212;15;273;city120;46;31;city211;379;43;city283;404;330;city233;38;319;city239;234;239;city186;65;77;city206;282;441;city241
147;city56;471;49;city90;437;260;city272;451;242;city58;42;326;city216;10;487;city197;91;411;city181;396;101;city80;45;247;city59;360;372;city289;432;386;city76;185;202;city101;156;164;city61;251;140;city278;47;324;city200;274;20;city53;304;14;city50;125;265;city73;358;320;city229;358;112;city67
147;city56;471;49;city90;437;260;city272;451;242;city58;42;326;city216;10;487;city197;91;411;city181;396;101;city80;45;247;city59;360;372;city289;432;386;city76;185;202;city101;156;164;city61;251;140;city278;47;324;city200;274;20;city53;304;14;city50;125;265;city73;358;320;city229;358;112;city67
139;city132;425;363;city168;158;368;city154;146;101;city57;304;369;city77;285;76;city98;481;398;city138;28;394;city274;311;208;city175;142;47;city257;12;2;city52;204;63;city117;308;404;city269;458;391;city265;60;414;city148;10;487;city218
143;city244;100;466;city256;269;52;city185;352;375;city202;288;373;city247;300;478;city154
173;city159;478;49;city279;7;227;city216;373;179;city62;154;170;city167;158;444;city98;127;421;city149;288;381;city82;341;41;city169;245;437;city184;171;212;city78
174;city260;490;213;city54;460;87;city150;134;182;city206;75;424;city111;387;75;city261;63;139;city234;386;454;city61;459;458;city173;388;257;city282;313;262;city219;335;402;city52;332;393;city174;306;152;city191;370;161;city148;477;17;city194;310;381;city98;320;497;city233
153;city173;304;366;city198;123;306;city252;202;34;city115;20;280;city154;497;498;city220;112;287;city186;28;156;city294;144;91;city228;208;462;city190;164;146;city201;150;468;city63;368;132;city297;338;452;city123
169;city213;279;361;city75;219;21;city89;305;144;city287;72;61;city143;51;434;city192;59;276;city132;125;145;city134;94;70;city115;243;121;city235;133;158;city271;445;445;city130;441;364;city137;489;450;city173;422;88;city159
150;city187;51;191;city224;408;13;city122;341;431;city298;84;207;city154;202;470;city206;339;258;city56;230;186;city66;240;204;city236;472;492;city265;498;295;city210;183;339;city293;89;128;city143;124;486;city172
164;city223;432;159;city206;359;9;city133;246;53;city224;196;215;city176;355;464;city135;65;284;city137;86;396;city260;161;176;city177;185;414;city217;112;498;city55;309;299;city198;32;214;city141;31;63;city149;258;421;city267;346;339;city111;20;488;city215;212;491;city283;42;18;city99;68;58;city80
125;city96;480;305;city126;221;302;city106;186;412;city64;122;476;city125;46;347;city112;152;131;city239;235;82;city187;5;178;city74;142;12;city70
161;city109;216;21;city176
131;city141;93;407;city115;154;249;city105;281;231;city114
168;city139;497;302;city276;35;163;city85;217;328;city285;440;390;city168;303;305;city109;114;481;city167;17;108;city261;373;193;city248;150;402;city133;450;294;city54
156;city154;342;490;city292;277;382;city193;339;247;city53;104;420;city245;258;335;city269;47;397;city201;261;212;city113;196;270;city88;331;189;city125;5;305;city74;56;357;city118;16;215;city183;485;379;city188
172;city89;302;196;city189;383;354;city219;197;446;city295;220;169;city101;248;245;city232;272;442;city138;453;476;city173;199;78;city57;275;197;city216;285;234;city120;100;362;city291;85;417;city259;124;54;city99;255;455;city256;72;15;city121
145;city156;132;298;city257;418;45;city124;179;237;city276;380;42;city112;181;475;city98;372;45;city127;272;105;city59;338;283;city267;114;368;city235;290;421;city279;471;2;city56;289;287;city83
151;city87;323;426;city235;281;297;city155;248;430;city120;355;126;city81;37;409;city138;17;150;city220;151;149;city225;185;425;city123;81;141;city110;437;43;city115;407;492;city77;472;340;city131;99;236;city207;223;326;city114;188;64;city144;397;396;city234;333;272;city232;438;416;city65;260;322;city178
162;city254;386;9;city200;248;463;city89;11;72;city116;348;13;city247;389;67;city151;136;426;city173;353;329;city52
169;city213;279;361;city75;219;21;city89;305;144;city287;72;61;city143;51;434;city192;59;276;city132;125;145;city134;94;70;city115;243;121;city235;133;158;city271;445;445;city130;441;364;city137;489;450;city173;422;88;city159
125;city96;480;305;city126;221;302;city106;186;412;city64;122;476;city125;46;347;city112;152;131;city239;235;82;city187;5;178;city74;142;12;city70
148;city223;117;33;city216;462;56;city88;380;363;city190;21;33;city206;85;165;city207;431;6139;city172;314;272;city285;345;434;city212;100;485;city258
145;city156;132;298;city257;418;45;city124;179;237;city276;380;42;city112;181;475;city98;372;45;city127;272;105;city59;338;283;city267;114;368;city235;290;421;city279;471;2;city56;289;287;city83
149;city180;457;494;city227;432;314;city295;447;58;city192;255;146;city144;71;11;city204;426;156;city187;137;22;city279;160;79;city230;291;225;city217;357;89;city139;301;311;city264;2;474;city283
128;city100;164;181;city224;474;147;city299;226;128;city115;437;199;city135;212;99;city221;119;449;city108;120;193;city126;218;44;city252;305;193;city142;352;429;city164;253;254;city95;341;267;city275
141;city81;359;29;city153;390;448;city263;86;190;city152;172;141;city146;91;155;city173
174;city260;490;213;city54;460;87;city150;134;182;city206;75;424;city111;387;75;city261;63;139;city234;386;454;city61;459;458;city173;388;257;city282;313;262;city219;335;402;city52;332;393;city174;306;152;city191;370;161;city148;477;17;city194;310;381;city98;320;497;city233
125;city96;480;305;city126;221;302;city106;186;412;city64;122;476;city125;46;347;city112;152;131;city239;235;82;city187;5;178;city74;142;12;city70
159;city202;87;79;city115;230;237;city209;499;469;city182;33;479;city178;262;469;city222;296;362;city81;290;468;city125;46;331;city264;271;9;city216;249;157;city83
135;city201;300;160;city203;454;212;city66;131;58;city230;364;441;city78;303;247;city240;150;88;city133;284;233;city262;445;210;city89;137;41;city119;364;228;city249;274;321;city224;230;182;city270;182;391;city216
172;city89;302;196;city189;383;354;city219;197;446;city295;220;169;city101;248;245;city232;272;442;city138;453;476;city173;199;78;city57;275;197;city216;285;234;city120;100;362;city291;85;417;city259;124;54;city99;255;455;city256;72;15;city121
153;city173;304;366;city198;123;306;city252;202;34;city115;20;280;city154;497;498;city220;112;287;city186;28;156;city294;144;91;city228;208;462;city190;164;146;city201;150;468;city63;368;132;city297;338;452;city123
170;city202;311;138;city235;222;379;city281;483;453;city113;100;420;city84;243;219;city161;234;33;city254
142;city64;373;409;city222;147;480;city273;360;438;city231;481;388;city241;499;383;city94;269;354;city82;128;42;city110;264;140;city269;58;87;city103;23;487;city198;103;268;city225;383;155;city56;178;26;city224;329;9;city153;335;455;city155
125;city96;480;305;city126;221;302;city106;186;412;city64;122;476;city125;46;347;city112;152;131;city239;235;82;city187;5;178;city74;142;12;city70
128;city100;164;181;city224;474;147;city299;226;128;city115;437;199;city135;212;99;city221;119;449;city108;120;193;city126;218;44;city252;305;193;city142;352;429;city164;253;254;city95;341;267;city275
173;city159;478;49;city279;7;227;city216;373;179;city62;154;170;city167;158;444;city98;127;421;city149;288;381;city82;341;41;city169;245;437;city184;171;212;city78
171;city189;330;450;city253;199;172;city176;106;331;city242;151;273;city219;69;175;city225;274;479;city271;431;404;city202;296;187;city108;117;286;city280;384;161;city117;440;101;city276
125;city96;480;305;city126;221;302;city106;186;412;city64;122;476;city125;46;347;city112;152;131;city239;235;82;city187;5;178;city74;142;12;city70
136;city88;127;468;city198;379;84;city293;11;215;city71;90;274;city256
155;city76;495;479;city239;236;141;city286;378;72;city156;161;189;city275;314;303;city103;499;74;city210;40;41;city192;121;155;city137;378;182;city277;202;208;city152;314;406;city299;251;120;city110;472;354;city196;296;275;city108;140;417;city194;412;291;city105
169;city213;279;361;city75;219;21;city89;305;144;city287;72;61;city143;51;434;city192;59;276;city132;125;145;city134;94;70;city115;243;121;city235;133;158;city271;445;445;city130;441;364;city137;489;450;city173;422;88;city159
129;city183;439;384;city212;15;273;city120;46;31;city211;379;43;city283;404;330;city233;38;319;city239;234;239;city186;65;77;city206;282;441;city241
141;city81;359;29;city153;390;448;city263;86;190;city152;172;141;city146;91;155;city173
131;city141;93;407;city115;154;249;city105;281;231;city114
139;city132;425;363;city168;158;368;city154;146;101;city57;304;369;city77;285;76;city98;481;398;city138;28;394;city274;311;208;city175;142;47;city257;12;2;city52;204;63;city117;308;404;city269;458;391;city265;60;414;city148;10;487;city218
151;city87;323;426;city235;281;297;city155;248;430;city120;355;126;city81;37;409;city138;17;150;city220;151;149;city225;185;425;city123;81;141;city110;437;43;city115;407;492;city77;472;340;city131;99;236;city207;223;326;city114;188;64;city144;397;396;city234;333;272;city232;438;416;city65;260;322;city178
149;city180;457;494;city227;432;314;city295;447;58;city192;255;146;city144;71;11;city204;426;156;city187;137;22;city279;160;79;city230;291;225;city217;357;89;city139;301;311;city264;2;474;city283
134;city79;433;322;city251;380;215;city286;202;451;city168;255;332;city144;86;264;city176;212;231;city239;307;372;city218;200;429;city245;485;41;city231;383;245;city154;5;275;city175;180;231;city86;15;470;city184
139;city132;425;363;city168;158;368;city154;146;101;city57;304;369;city77;285;76;city98;481;398;city138;28;394;city274;311;208;city175;142;47;city257;12;2;city52;204;63;city117;308;404;city269;458;391;city265;60;414;city148;10;487;city218
163;city189;426;144;city195;8;131;city280;288;66;city261;4;363;city187;330;122;city53;183;472;city255;45;124;city260
147;city56;471;49;city90;437;260;city272;451;242;city58;42;326;city216;10;487;city197;91;411;city181;396;101;city80;45;247;city59;360;372;city289;432;386;city76;185;202;city101;156;164;city61;251;140;city278;47;324;city200;274;20;city53;304;14;city50;125;265;city73;358;320;city229;358;112;city67
143;city244;100;466;city256;269;52;city185;352;375;city202;288;373;city247;300;478;city154
171;city189;330;450;city253;199;172;city176;106;331;city242;151;273;city219;69;175;city225;274;479;city271;431;404;city202;296;187;city108;117;286;city280;384;161;city117;440;101;city276
163;city189;426;144;city195;8;131;city280;288;66;city261;4;363;city187;330;122;city53;183;472;city255;45;124;city260
165;city279;103;434;city222;31;275;city245;122;295;city61
144;city141;443;307;city166
148;city223;117;33;city216;462;56;city88;380;363;city190;21;33;city206;85;165;city207;431;6139;city172;314;272;city285;345;434;city212;100;485;city258
156;city154;342;490;city292;277;382;city193;339;247;city53;104;420;city245;258;335;city269;47;397;city201;261;212;city113;196;270;city88;331;189;city125;5;305;city74;56;357;city118;16;215;city183;485;379;city188
147;city56;471;49;city90;437;260;city272;451;242;city58;42;326;city216;10;487;city197;91;411;city181;396;101;city80;45;247;city59;360;372;city289;432;386;city76;185;202;city101;156;164;city61;251;140;city278;47;324;city200;274;20;city53;304;14;city50;125;265;city73;358;320;city229;358;2346;city67
126;city86;444;481;city164;495;339;city102;408;110;city205;196;70;city155;95;65;city214;338;118;city177;231;245;city290;410;39;city244;355;26;city108;433;346;city200;434;359;city55;302;222;city120;437;350;city105
168;city139;497;302;city276;35;163;city85;217;328;city285;440;390;city168;303;305;city109;114;481;city167;17;108;city261;373;193;city248;150;402;city133;450;294;city54
151;city87;323;426;city235;281;297;city155;248;430;city120;355;126;city81;37;409;city138;17;150;city220;151;149;city225;185;425;city123;81;141;city110;437;43;city115;407;492;city77;472;340;city131;99;236;city207;223;326;city114;188;64;city144;397;396;city234;333;272;city232;438;416;city65;260;322;city178
159;city202;87;79;city115;230;237;city209;499;469;city182;33;479;city178;262;469;city222;296;362;city81;290;468;city125;46;331;city264;271;9;city216;249;157;city83
130;city53;229;59;city58;15;482;city112;307;181;city248;282;84;city129;144;233;city298;63;117;city170;131;68;city284;230;198;city71;498;353;city73;134;284;city232;199;394;city181;82;70;city179;169;48;city132;179;480;city183
166;city136;287;374;city141;85;188;city60;43;317;city92;247;497;city286;160;277;city280;141;94;city171;175;380;city250;243;359;city83;460;296;city144;376;481;city203
