














139;city177;146;421;city150;261;311;city157;174;276;city286;99;329;city276;33;471;city224;246;468;city283;199;173;city86;491;198;city258;360;420;city56;338;106;city69;239;257;city54;379;476;city274;207;133;city193;207;195;city288;418;49;city124;280;324;city226;215;107;city195;477;16;city204

173;city59;291;50;city78;369;290;city294;148;100;city117;93;304;city242;235;6;city109;180;126;city269;308;16;city276;208;397;city121;475;345;city101


153;city126;280;73;city297;424;424;city170;279;291;city278;203;424;city164;248;2;city193;57;49;city81;81;142;city57;167;23;city238;420;25;city233;336;190;city186;404;136;city292;281;223;city157;335;371;city217;298;227;city120;246;108;city262

138;city207;329;64;city272;415;173;city163;330;38;city214;133;238;city186;466;222;city89;471;210;city292;432;180;city136;128;496;city278
138;city207;329;64;city272;415;173;city163;330;38;city214;133;238;city186;466;222;city89;471;210;city292;432;180;city136;128;496;city278

130;city51;92;389;city249;130;270;city139;211;195;city76;273;142;city85;338;416;city197;330;122;city265;311;422;city207;411;289;city149;151;145;city142;110;471;city155;382;236;city105;313;160;city191;444;440;city165;325;130;city246;230;271;city158;176;468;city242;168;177;city58;319;20;city239;200;265;city93


125;city251;107;230;city239;219;79;city65;333;202;city265;482;494;city80;101;148;city88;104;327;city235;7;50;city130;436;373;city193;76;458;city56;6;164;city151;367;145;city157;51;127;city297;294;255;city117;456;183;city82;478;221;city101;85;62;city230;306;272;city115;35;394;city246

139;city177;146;421;city150;261;311;city157;174;276;city286;99;329;city276;33;471;city224;246;468;city283;199;173;city86;491;198;city258;360;420;city56;338;106;city69;239;257;city54;379;476;city274;207;133;city193;207;195;city288;418;49;city124;280;324;city226;215;107;city195;477;16;city204

126;city145;175;251;city60;89;17;city64;102;474;city292
128;city138;27;133;city124;8;171;city201



146;city80;324;179;city119;81;353;city171;436;120;city251;159;466;city164;194;337;city259;373;292;city120;204;359;city216;74;344;city68;58;181;city156;164;192;city57;175;71;city136;130;60;city103



130;city51;92;389;city249;130;270;city139;211;195;city76;273;142;city85;338;416;city197;330;122;city265;311;422;city207;411;289;city149;151;145;city142;110;471;city155;382;236;city105;313;160;city191;444;440;city165;325;130;city246;230;271;city158;176;468;city242;168;177;city58;319;20;city239;200;265;city93



138;city207;329;64;city272;415;173;city163;330;38;city214;133;238;city186;466;222;city89;471;210;city292;432;180;city136;128;496;city278

170;city206;228;171;city73;409;29;city86;33;63;city143;191;463;city67
137;city52;417;40;city214;402;70;city239;200;328;city87;153;498;city186;207;142;city112;279;93;city271;9;322;city164;387;446;city184;119;337;city67;332;70;city57

132;city254;135;392;city234
153;city126;280;73;city297;424;424;city170;279;291;city278;203;424;city164;248;2;city193;57;49;city81;81;142;city57;167;23;city238;420;25;city233;336;190;city186;404;136;city292;281;223;city157;335;371;city217;298;227;city120;246;108;city262

125;city251;107;230;city239;219;79;city65;333;202;city265;482;494;city80;101;148;city88;104;327;city235;7;50;city130;436;373;city193;76;458;city56;6;164;city151;367;145;city157;51;127;city297;294;255;city117;456;183;city82;478;221;city101;85;62;city230;306;272;city115;35;394;city246


132;city254;135;392;city234
131;city116;349;419;city232;410;500;city248


154;city82;83;135;city295
158;city141;147;292;city177;130;367;city88;120;399;city168;187;73;city185;409;395;city235;159;471;city63;85;68;city144;424;180;city83;78;461;city186;371;284;city129;89;389;city136;283;292;city89;263;325;city251;443;394;city198;452;152;city90;443;495;city261

174;city233;341;264;city229;238;94;city108;337;10;city60;69;271;city291;297;380;city199;4;127;city222
137;city52;417;40;city214;402;70;city239;200;328;city87;153;498;city186;207;142;city112;279;93;city271;9;322;city164;387;446;city184;119;337;city67;332;70;city57


165;city170;141;353;city250;44;43;city290;272;483;city226;150;477;city261;188;308;city280;160;26;city105;449;17;city194;229;22;city67;365;191;city240;244;336;city174;408;269;city286;492;164;city265;433;379;city87;423;189;city65;470;325;city93;2;374;city119


131;city116;349;419;city232;410;500;city248


165;city170;141;353;city250;44;43;city290;272;483;city226;150;477;city261;188;308;city280;160;26;city105;449;17;city194;229;22;city67;365;191;city240;244;336;city174;408;269;city286;492;164;city265;433;379;city87;423;189;city65;470;325;city93;2;374;city119
163;city274;430;227;city53;200;284;city199;264;401;city110;357;254;city261;174;378;city168;299;283;city150;177;274;city69;259;440;city79;176;56;city107;111;239;city89;241;470;city284;375;52;city116;475;254;city66;379;63;city278;228;163;city280;103;59;city95;129;20;city183;280;374;city153;282;145;city181
130;city51;92;389;city249;130;270;city139;211;195;city76;273;142;city85;338;416;city197;330;122;city265;311;422;city207;411;289;city149;151;145;city142;110;471;city155;382;236;city105;313;160;city191;444;440;city165;325;130;city246;230;271;city158;176;468;city242;168;177;city58;319;20;city239;200;265;city93

173;city59;291;50;city78;369;290;city294;148;100;city117;93;304;city242;235;6;city109;180;126;city269;308;16;city276;208;397;city121;475;345;city101



167;city175;221;460;city298;437;405;city56;70;432;city144;50;20;city155;437;294;city55;243;62;city260;58;196;city272;222;499;city91;393;231;city180;197;299;city150
127;city248;94;500;city142;254;177;city75;300;371;city239;374;437;city59;137;262;city273;441;488;city89;166;59;city237;316;373;city99;136;313;city77;489;401;city63;159;285;city92;213;113;city275;30;125;city201;153;438;city240;169;297;city241;285;220;city198;50;38;city162;150;165;city257;367;180;city65
172;city74;86;328;city171;356;414;city209;191;386;city164;269;339;city133


136;city62;404;322;city151;43;21;city178;474;401;city265;289;347;city92;227;276;city230;207;346;city186
141;city137;149;22;city158;234;310;city177;452;61;city191
165;city170;141;353;city250;44;43;city290;272;483;city226;150;477;city261;188;308;city280;160;26;city105;449;17;city194;229;22;city67;365;191;city240;244;336;city174;408;269;city286;492;164;city265;433;379;city87;423;189;city65;470;325;city93;2;374;city119

163;city274;430;227;city53;200;284;city199;264;401;city110;357;254;city261;174;378;city168;299;283;city150;177;274;city69;259;440;city79;176;56;city107;111;239;city89;241;470;city284;375;52;city116;475;254;city66;379;63;city278;228;163;city280;103;59;city95;129;20;city183;280;374;city153;282;145;city181
130;city51;92;389;city249;130;270;city139;211;195;city76;273;142;city85;338;416;city197;330;122;city265;311;422;city207;411;289;city149;151;145;city142;110;471;city155;382;236;city105;313;160;city191;444;440;city165;325;130;city246;230;271;city158;176;468;city242;168;177;city58;319;20;city239;200;265;city93
172;city74;86;328;city171;356;414;city209;191;386;city164;269;339;city133
153;city126;280;73;city297;424;424;city170;279;291;city278;203;424;city164;248;2;city193;57;49;city81;81;142;city57;167;23;city238;420;25;city233;336;190;city186;404;136;city292;281;223;city157;335;371;city217;298;227;city120;246;108;city262
165;city170;141;353;city250;44;43;city290;272;483;city226;150;477;city261;188;308;city280;160;26;city105;449;17;city194;229;22;city67;365;191;city240;244;336;city174;408;269;city286;492;164;city265;433;379;city87;423;189;city65;470;325;city93;2;374;city119



158;city141;147;292;city177;130;367;city88;120;399;city168;187;73;city185;409;395;city235;159;471;city63;85;68;city144;424;180;city83;78;461;city186;371;284;city129;89;389;city136;283;292;city89;263;325;city251;443;394;city198;452;152;city90;443;495;city261

126;city145;175;251;city60;89;17;city64;102;474;city292
155;city142;142;352;city212;216;400;city50;413;408;city247;82;318;city160;13;69;city295;12;449;city157;111;416;city120;296;428;city226;158;97;city230;305;425;city90;40;193;city244;254;299;city107;244;405;city269;474;414;city241;402;392;city243;454;400;city242

166;city271;52;215;city240;360;383;city102;200;425;city128;459;380;city252;15;303;city51;279;243;city80;296;121;city229;93;194;city181;133;178;city213;382;6;city163;157;479;city121;122;178;city272;36;352;city73;197;33;city247;132;176;city146;104;213;city293
130;city51;92;389;city249;130;270;city139;211;195;city76;273;142;city85;338;416;city197;330;122;city265;311;422;city207;411;289;city149;151;145;city142;110;471;city155;382;236;city105;313;160;city191;444;440;city165;325;130;city246;230;271;city158;176;468;city242;168;177;city58;319;20;city239;200;265;city93

169;city63;40;239;city211;130;177;city53;463;350;city163;201;479;city59;338;136;city286;32;122;city254;485;42;city86;276;236;city268;202;447;city178
149;city195;377;322;city84;281;285;city78;317;271;city282;381;435;city181;403;401;city73;321;146;city191
138;city207;329;64;city272;415;173;city163;330;38;city214;133;238;city186;466;222;city89;471;210;city292;432;180;city136;128;496;city278
159;city191;361;83;city83;157;134;city62;289;500;city122;297;97;city114;455;245;city195;380;286;city69;164;353;city179
128;city138;27;133;city124;8;171;city201
127;city248;94;500;city142;254;177;city75;300;371;city239;374;437;city59;137;262;city273;441;488;city89;166;59;city237;316;373;city99;136;313;city77;489;401;city63;159;285;city92;213;113;city275;30;125;city201;153;438;city240;169;297;city241;285;220;city198;50;38;city162;150;165;city257;367;180;city65

160;city95;374;207;city281;361;449;city178;460;71;city257;85;348;city89;213;426;city256;499;214;city131;35;333;city262
146;city80;324;179;city119;81;353;city171;436;120;city251;159;466;city164;194;337;city259;373;292;city120;204;359;city216;74;344;city68;58;181;city156;164;192;city57;175;71;city136;130;60;city103

154;city82;83;135;city295

144;city52;497;228;city71;8;211;city114;288;364;city276;457;250;city182;304;316;city97;481;193;city130;121;354;city137
149;city195;377;322;city84;281;285;city78;317;271;city282;381;435;city181;403;401;city73;321;146;city191

129;city111;131;105;city281;184;454;city69;185;419;city241;404;60;city212;168;448;city191;182;65;city115;93;104;city61;482;202;city84;211;151;city231
169;city63;40;239;city211;130;177;city53;463;350;city163;201;479;city59;338;136;city286;32;122;city254;485;42;city86;276;236;city268;202;447;city178

137;city52;417;40;city214;402;70;city239;200;328;city87;153;498;city186;207;142;city112;279;93;city271;9;322;city164;387;446;city184;119;337;city67;332;70;city57
169;city63;40;239;city211;130;177;city53;463;350;city163;201;479;city59;338;136;city286;32;122;city254;485;42;city86;276;236;city268;202;447;city178

137;city52;417;40;city214;402;70;city239;200;328;city87;153;498;city186;207;142;city112;279;93;city271;9;322;city164;387;446;city184;119;337;city67;332;70;city57
141;city137;149;22;city158;234;310;city177;452;61;city191
129;city111;131;105;city281;184;454;city69;185;419;city241;404;60;city212;168;448;city191;182;65;city115;93;104;city61;482;202;city84;211;151;city231
130;city51;92;389;city249;130;270;city139;211;195;city76;273;142;city85;338;416;city197;330;122;city265;311;422;city207;411;289;city149;151;145;city142;110;471;city155;382;236;city105;313;160;city191;444;440;city165;325;130;city246;230;271;city158;176;468;city242;168;177;city58;319;20;city239;200;265;city93
156;city84;232;245;city146;288;290;city102;434;237;city118;304;466;city204;349;97;city250;178;123;city135;94;288;city90;58;9;city80;456;140;city74;161;104;city243;249;167;city248;160;262;city136;155;393;city289;158;21;city209
141;city137;149;22;city158;234;310;city177;452;61;city191

131;city116;349;419;city232;410;500;city248
171;city271;453;228;city70;145;263;city183;150;479;city233;62;5;city213;338;45;city161;205;428;city176
169;city63;40;239;city211;130;177;city53;463;350;city163;201;479;city59;338;136;city286;32;122;city254;485;42;city86;276;236;city268;202;447;city178
142;city270;87;300;city193
161;city167;56;212;city86;40;12;city168;282;198;city152
127;city248;94;500;city142;254;177;city75;300;371;city239;374;437;city59;137;262;city273;441;488;city89;166;59;city237;316;373;city99;136;313;city77;489;401;city63;159;285;city92;213;113;city275;30;125;city201;153;438;city240;169;297;city241;285;220;city198;50;38;city162;150;165;city257;367;180;city65
153;city126;280;73;city297;424;424;city170;279;291;city278;203;424;city164;248;2;city193;57;49;city81;81;142;city57;167;23;city238;420;25;city233;336;190;city186;404;136;city292;281;223;city157;335;371;city217;298;227;city120;246;108;city262
164;city198;27;103;city253;395;486;city165;253;351;city289;194;25;city138;332;477;city209;114;276;city271;462;72;city69;177;469;city196;3;459;city297


149;city195;377;322;city84;281;285;city78;317;271;city282;381;435;city181;403;401;city73;321;146;city191
160;city95;374;207;city281;361;449;city178;460;71;city257;85;348;city89;213;426;city256;499;214;city131;35;333;city262
134;city56;14;397;city256
127;city248;94;500;city142;254;177;city75;300;371;city239;374;437;city59;137;262;city273;441;488;city89;166;59;city237;316;373;city99;136;313;city77;489;401;city63;159;285;city92;213;113;city275;30;125;city201;153;438;city240;169;297;city241;285;220;city198;50;38;city162;150;165;city257;367;180;city65
131;city116;349;419;city232;410;500;city248
129;city111;131;105;city281;184;454;city69;185;419;city241;404;60;city212;168;448;city191;182;65;city115;93;104;city61;482;202;city84;211;151;city231
131;city116;349;419;city232;410;500;city248
130;city51;92;389;city249;130;270;city139;211;195;city76;273;142;city85;338;416;city197;330;122;city265;311;422;city207;411;289;city149;151;145;city142;110;471;city155;382;236;city105;313;160;city191;444;440;city165;325;130;city246;230;271;city158;176;468;city242;168;177;city58;319;20;city239;200;265;city93
159;city191;361;83;city83;157;134;city62;289;500;city122;297;97;city114;455;245;city195;380;286;city69;164;353;city179
160;city95;374;207;city281;361;449;city178;460;71;city257;85;348;city89;213;426;city256;499;214;city131;35;333;city262
139;city177;146;421;city150;261;311;city157;174;276;city286;99;329;city276;33;471;city224;246;468;city283;199;173;city86;491;198;city258;360;420;city56;338;106;city69;239;257;city54;379;476;city274;207;133;city193;207;195;city288;418;49;city124;280;324;city226;215;107;city195;477;16;city204
135;city99;480;437;city297;99;49;city80;3;49;city203;389;445;city195;68;122;city93;211;6;city172;7;44;city76;143;49;city224;417;274;city221;186;326;city181;341;161;city110;359;4;city281;12;500;city294;66;186;city86
138;city207;329;64;city272;415;173;city163;330;38;city214;133;238;city186;466;222;city89;471;210;city292;432;180;city136;128;496;city278
135;city99;480;437;city297;99;49;city80;3;49;city203;389;445;city195;68;122;city93;211;6;city172;7;44;city76;143;49;city224;417;274;city221;186;326;city181;341;161;city110;359;4;city281;12;500;city294;66;186;city86


158;city141;147;292;city177;130;367;city88;120;399;city168;187;73;city185;409;395;city235;159;471;city63;85;68;city144;424;180;city83;78;461;city186;371;284;city129;89;389;city136;283;292;city89;263;325;city251;443;394;city198;452;152;city90;443;495;city261
140;city217;130;124;city103;44;436;city269;225;415;city225;56;366;city197;170;102;city92;402;361;city72

162;city270;168;340;city142;9;180;city254;204;324;city257;373;317;city272;183;479;city147;442;71;city250;59;62;city256;36;59;city80;131;378;city172;455;338;city74;280;413;city196
160;city95;374;207;city281;361;449;city178;460;71;city257;85;348;city89;213;426;city256;499;214;city131;35;333;city262
158;city141;147;292;city177;130;367;city88;120;399;city168;187;73;city185;409;395;city235;159;471;city63;85;68;city144;424;180;city83;78;461;city186;371;284;city129;89;389;city136;283;292;city89;263;325;city251;443;394;city198;452;152;city90;443;495;city261

139;city177;146;421;city150;261;311;city157;174;276;city286;99;329;city276;33;471;city224;246;468;city283;199;173;city86;491;198;city258;360;420;city56;338;106;city69;239;257;city54;379;476;city274;207;133;city193;207;195;city288;418;49;city124;280;324;city226;215;107;city195;477;16;city204
160;city95;374;207;city281;361;449;city178;460;71;city257;85;348;city89;213;426;city256;499;214;city131;35;333;city262
132;city254;135;392;city234
139;city177;146;421;city150;261;311;city157;174;276;city286;99;329;city276;33;471;city224;246;468;city283;199;173;city86;491;198;city258;360;420;city56;338;106;city69;239;257;city54;379;476;city274;207;133;city193;207;195;city288;418;49;city124;280;324;city226;215;107;city195;477;16;city204
132;city254;135;392;city234
130;city51;92;389;city249;130;270;city139;211;195;city76;273;142;city85;338;416;city197;330;122;city265;311;422;city207;411;289;city149;151;145;city142;110;471;city155;382;236;city105;313;160;city191;444;440;city165;325;130;city246;230;271;city158;176;468;city242;168;177;city58;319;20;city239;200;265;city93

144;city52;497;228;city71;8;211;city114;288;364;city276;457;250;city182;304;316;city97;481;193;city130;121;354;city137
152;city103;272;59;city278;410;325;city277;498;365;city193
159;city191;361;83;city83;157;134;city62;289;500;city122;297;97;city114;455;245;city195;380;286;city69;164;353;city179
162;city270;168;340;city142;9;180;city254;204;324;city257;373;317;city272;183;479;city147;442;71;city250;59;62;city256;36;59;city80;131;378;city172;455;338;city74;280;413;city196
167;city175;221;460;city298;437;405;city56;70;432;city144;50;20;city155;437;294;city55;243;62;city260;58;196;city272;222;499;city91;393;231;city180;197;299;city150
165;city170;141;353;city250;44;43;city290;272;483;city226;150;477;city261;188;308;city280;160;26;city105;449;17;city194;229;22;city67;365;191;city240;244;336;city174;408;269;city286;492;164;city265;433;379;city87;423;189;city65;470;325;city93;2;374;city119
127;city248;94;500;city142;254;177;city75;300;371;city239;374;437;city59;137;262;city273;441;488;city89;166;59;city237;316;373;city99;136;313;city77;489;401;city63;159;285;city92;213;113;city275;30;125;city201;153;438;city240;169;297;city241;285;220;city198;50;38;city162;150;165;city257;367;180;city65
131;city116;349;419;city232;410;500;city248
168;city180;166;320;city68;174;241;city158;462;153;city62;484;209;city94;446;6;city141;430;397;city202;18;322;city121;87;265;city161
155;city142;142;352;city212;216;400;city50;413;408;city247;82;318;city160;13;69;city295;12;449;city157;111;416;city120;296;428;city226;158;97;city230;305;425;city90;40;193;city244;254;299;city107;244;405;city269;474;414;city241;402;392;city243;454;400;city242
162;city270;168;340;city142;9;180;city254;204;324;city257;373;317;city272;183;479;city147;442;71;city250;59;62;city256;36;59;city80;131;378;city172;455;338;city74;280;413;city196
139;city177;146;421;city150;261;311;city157;174;276;city286;99;329;city276;33;471;city224;246;468;city283;199;173;city86;491;198;city258;360;420;city56;338;106;city69;239;257;city54;379;476;city274;207;133;city193;207;195;city288;418;49;city124;280;324;city226;215;107;city195;477;16;city204
146;city80;324;179;city119;81;353;city171;436;120;city251;159;466;city164;194;337;city259;373;292;city120;204;359;city216;74;344;city68;58;181;city156;164;192;city57;175;71;city136;130;60;city103
160;city95;374;207;city281;361;449;city178;460;71;city257;85;348;city89;213;426;city256;499;214;city131;35;333;city262
136;city62;404;322;city151;43;21;city178;474;401;city265;289;347;city92;227;276;city230;207;346;city186
163;city274;430;227;city53;200;284;city199;264;401;city110;357;254;city261;174;378;city168;299;283;city150;177;274;city69;259;440;city79;176;56;city107;111;239;city89;241;470;city284;375;52;city116;475;254;city66;379;63;city278;228;163;city280;103;59;city95;129;20;city183;280;374;city153;282;145;city181
164;city198;27;103;city253;395;486;city165;253;351;city289;194;25;city138;332;477;city209;114;276;city271;462;72;city69;177;469;city196;3;459;city297
166;city271;52;215;city240;360;383;city102;200;425;city128;459;380;city252;15;303;city51;279;243;city80;296;121;city229;93;194;city181;133;178;city213;382;6;city163;157;479;city121;122;178;city272;36;352;city73;197;33;city247;132;176;city146;104;213;city293
169;city63;40;239;city211;130;177;city53;463;350;city163;201;479;city59;338;136;city286;32;122;city254;485;42;city86;276;236;city268;202;447;city178
136;city62;404;322;city151;43;21;city178;474;401;city265;289;347;city92;227;276;city230;207;346;city186
143;city184;442;437;city292;265;43;city160;478;99;city224;50;323;city227;462;251;city143;210;150;city62;448;103;city163;360;182;city221;445;25;city107;470;369;city193;36;63;city296;48;373;city212;214;31;city253;229;305;city207;42;364;city70;321;314;city152;171;446;city95;493;228;city208;223;40;city183
137;city52;417;40;city214;402;70;city239;200;328;city87;153;498;city186;207;142;city112;279;93;city271;9;322;city164;387;446;city184;119;337;city67;332;70;city57

129;city111;131;105;city281;184;454;city69;185;419;city241;404;60;city212;168;448;city191;182;65;city115;93;104;city61;482;202;city84;211;151;city231
136;city62;404;322;city151;43;21;city178;474;401;city265;289;347;city92;227;276;city230;207;346;city186

137;city52;417;40;city214;402;70;city239;200;328;city87;153;498;city186;207;142;city112;279;93;city271;9;322;city164;387;446;city184;119;337;city67;332;70;city57
154;city82;83;135;city295
165;city170;141;353;city250;44;43;city290;272;483;city226;150;477;city261;188;308;city280;160;26;city105;449;17;city194;229;22;city67;365;191;city240;244;336;city174;408;269;city286;492;164;city265;433;379;city87;423;189;city65;470;325;city93;2;374;city119
167;city175;221;460;city298;437;405;city56;70;432;city144;50;20;city155;437;294;city55;243;62;city260;58;196;city272;222;499;city91;393;231;city180;197;299;city150
155;city142;142;352;city212;216;400;city50;413;408;city247;82;318;city160;13;69;city295;12;449;city157;111;416;city120;296;428;city226;158;97;city230;305;425;city90;40;193;city244;254;299;city107;244;405;city269;474;414;city241;402;392;city243;454;400;city242
152;city103;272;59;city278;410;325;city277;498;365;city193
166;city271;52;215;city240;360;383;city102;200;425;city128;459;380;city252;15;303;city51;279;243;city80;296;121;city229;93;194;city181;133;178;city213;382;6;city163;157;479;city121;122;178;city272;36;352;city73;197;33;city247;132;176;city146;104;213;city293
174;city233;341;264;city229;238;94;city108;337;10;city60;69;271;city291;297;380;city199;4;127;city222
168;city180;166;320;city68;174;241;city158;462;153;city62;484;209;city94;446;6;city141;430;397;city202;18;322;city121;87;265;city161
132;city254;135;392;city234
172;city74;86;328;city171;356;414;city209;191;386;city164;269;339;city133
140;city217;130;124;city103;44;436;city269;225;415;city225;56;366;city197;170;102;city92;402;361;city72
157;city191;331;125;city167;338;196;city68;316;9;city294;321;143;city218;295;385;city56;280;277;city104;253;348;city180;5;497;city279;164;235;city95;92;440;city66;76;450;city269;101;132;city161;96;269;city224;128;310;city152;128;22;city222;378;41;city196;126;360;city166;315;85;city268
149;city195;377;322;city84;281;285;city78;317;271;city282;381;435;city181;403;401;city73;321;146;city191
140;city217;130;124;city103;44;436;city269;225;415;city225;56;366;city197;170;102;city92;402;361;city72
169;city63;40;239;city211;130;177;city53;463;350;city163;201;479;city59;338;136;city286;32;122;city254;485;42;city86;276;236;city268;202;447;city178
167;city175;221;460;city298;437;405;city56;70;432;city144;50;20;city155;437;294;city55;243;62;city260;58;196;city272;222;499;city91;393;231;city180;197;299;city150
164;city198;27;103;city253;395;486;city165;253;351;city289;194;25;city138;332;477;city209;114;276;city271;462;72;city69;177;469;city196;3;459;city297
145;city166;269;234;city295;103;45;city174
125;city251;107;230;city239;219;79;city65;333;202;city265;482;494;city80;101;148;city88;104;327;city235;7;50;city130;436;373;city193;76;458;city56;6;164;city151;367;145;city157;51;127;city297;294;255;city117;456;183;city82;478;221;city101;85;62;city230;306;272;city115;35;394;city246
140;city217;130;124;city103;44;436;city269;225;415;city225;56;366;city197;170;102;city92;402;361;city72
137;city52;417;40;city214;402;70;city239;200;328;city87;153;498;city186;207;142;city112;279;93;city271;9;322;city164;387;446;city184;119;337;city67;332;70;city57
156;city84;232;245;city146;288;290;city102;434;237;city118;304;466;city204;349;97;city250;178;123;city135;94;288;city90;58;9;city80;456;140;city74;161;104;city243;249;167;city248;160;262;city136;155;393;city289;158;21;city209
158;city141;147;292;city177;130;367;city88;120;399;city168;187;73;city185;409;395;city235;159;471;city63;85;68;city144;424;180;city83;78;461;city186;371;284;city129;89;389;city136;283;292;city89;263;325;city251;443;394;city198;452;152;city90;443;495;city261
153;city126;280;73;city297;424;424;city170;279;291;city278;203;424;city164;248;2;city193;57;49;city81;81;142;city57;167;23;city238;420;25;city233;336;190;city186;404;136;city292;281;223;city157;335;371;city217;298;227;city120;246;108;city262
172;city74;86;328;city171;356;414;city209;191;386;city164;269;339;city133
170;city206;228;171;city73;409;29;city86;33;63;city143;191;463;city67
136;city62;404;322;city151;43;21;city178;474;401;city265;289;347;city92;227;276;city230;207;346;city186
155;city142;142;352;city212;216;400;city50;413;408;city247;82;318;city160;13;69;city295;12;449;city157;111;416;city120;296;428;city226;158;97;city230;305;425;city90;40;193;city244;254;299;city107;244;405;city269;474;414;city241;402;392;city243;454;400;city242
162;city270;168;340;city142;9;180;city254;204;324;city257;373;317;city272;183;479;city147;442;71;city250;59;62;city256;36;59;city80;131;378;city172;455;338;city74;280;413;city196
156;city84;232;245;city146;288;290;city102;434;237;city118;304;466;city204;349;97;city250;178;123;city135;94;288;city90;58;9;city80;456;140;city74;161;104;city243;249;167;city248;160;262;city136;155;393;city289;158;21;city209
172;city74;86;328;city171;356;414;city209;191;386;city164;269;339;city133
140;city217;130;124;city103;44;436;city269;225;415;city225;56;366;city197;170;102;city92;402;361;city72
130;city51;92;389;city249;130;270;city139;211;195;city76;273;142;city85;338;416;city197;330;122;city265;311;422;city207;411;289;city149;151;145;city142;110;471;city155;382;236;city105;313;160;city191;444;440;city165;325;130;city246;230;271;city158;176;468;city242;168;177;city58;319;20;city239;200;265;city93
137;city52;417;40;city214;402;70;city239;200;328;city87;153;498;city186;207;142;city112;279;93;city271;9;322;city164;387;446;city184;119;337;city67;332;70;city57
166;city271;52;215;city240;360;383;city102;200;425;city128;459;380;city252;15;303;city51;279;243;city80;296;121;city229;93;194;city181;133;178;city213;382;6;city163;157;479;city121;122;178;city272;36;352;city73;197;33;city247;132;176;city146;104;213;city293
134;city56;14;397;city256
174;city233;341;264;city229;238;94;city108;337;10;city60;69;271;city291;297;380;city199;4;127;city222
126;city145;175;251;city60;89;17;city64;102;474;city292
134;city56;14;397;city256
148;city146;285;33;city290;188;291;city241;140;106;city254;86;139;city269;109;308;city282;57;151;city193;300;467;city207;308;157;city119;276;419;city134;72;315;city59;109;498;city229;232;446;city133;188;401;city203;183;155;city161
146;city80;324;179;city119;81;353;city171;436;120;city251;159;466;city164;194;337;city259;373;292;city120;204;359;city216;74;344;city68;58;181;city156;164;192;city57;175;71;city136;130;60;city103
137;city52;417;40;city214;402;70;city239;200;328;city87;153;498;city186;207;142;city112;279;93;city271;9;322;city164;387;446;city184;119;337;city67;332;70;city57
173;city59;291;50;city78;369;290;city294;148;100;city117;93;304;city242;235;6;city109;180;126;city269;308;16;city276;208;397;city121;475;345;city101
161;city167;56;212;city86;40;12;city168;282;198;city152
167;city175;221;460;city298;437;405;city56;70;432;city144;50;20;city155;437;294;city55;243;62;city260;58;196;city272;222;499;city91;393;231;city180;197;299;city150
174;city233;341;264;city229;238;94;city108;337;10;city60;69;271;city291;297;380;city199;4;127;city222
142;city270;87;300;city193
166;city271;52;215;city240;360;383;city102;200;425;city128;459;380;city252;15;303;city51;279;243;city80;296;121;city229;93;194;city181;133;178;city213;382;6;city163;157;479;city121;122;178;city272;36;352;city73;197;33;city247;132;176;city146;104;213;city293
131;city116;349;419;city232;410;500;city248
125;city251;107;230;city239;219;79;city65;333;202;city265;482;494;city80;101;148;city88;104;327;city235;7;50;city130;436;373;city193;76;458;city56;6;164;city151;367;145;city157;51;127;city297;294;255;city117;456;183;city82;478;221;city101;85;62;city230;306;272;city115;35;394;city246
127;city248;94;500;city142;254;177;city75;300;371;city239;374;437;city59;137;262;city273;441;488;city89;166;59;city237;316;9909;city99;136;313;city77;489;401;city63;159;285;city92;213;113;city275;30;125;city201;153;438;city240;169;297;city241;285;220;city198;50;38;city162;150;165;city257;367;180;city65
163;city274;430;227;city53;200;284;city199;264;401;city110;357;254;city261;174;378;city168;299;283;city150;177;274;city69;259;440;city79;176;56;city107;111;239;city89;241;470;city284;375;52;city116;475;254;city66;379;63;city278;228;163;city280;103;59;city95;129;20;city183;280;374;city153;282;145;city181
166;city271;52;215;city240;360;383;city102;200;425;city128;459;380;city252;15;303;city51;279;243;city80;296;121;city229;93;194;city181;133;178;city213;382;6;city163;157;479;city121;122;178;city272;36;352;city73;197;33;city247;132;176;city146;104;213;city293
157;city191;331;125;city167;338;196;city68;316;9;city294;321;143;city218;295;385;city56;280;277;city104;253;348;city180;5;497;city279;164;235;city95;92;440;city66;76;450;city269;101;132;city161;96;269;city224;128;310;city152;128;22;city222;378;41;city196;126;360;city166;315;85;city268
143;city184;442;437;city292;265;43;city160;478;99;city224;50;323;city227;462;251;city143;210;150;city62;448;103;city163;360;182;city221;445;25;city107;470;369;city193;36;63;city296;48;373;city212;214;31;city253;229;305;city207;42;364;city70;321;314;city152;171;446;city95;493;228;city208;223;40;city183
162;city270;168;340;city142;9;180;city254;204;324;city257;373;317;city272;183;479;city147;442;71;city250;59;62;city256;36;59;city80;131;378;city172;455;338;city74;280;413;city196
144;city52;497;228;city71;8;211;city114;288;364;city276;457;250;city182;304;316;city97;481;193;city130;121;354;city137
146;city80;324;179;city119;81;353;city171;436;120;city251;159;466;city164;194;337;city259;373;292;city120;204;359;city216;74;344;city68;58;181;city156;164;192;city57;175;71;city136;130;60;city103
128;city138;27;133;city124;8;171;city201
132;city254;135;392;city234
168;city180;166;320;city68;174;241;city158;462;153;city62;484;209;city94;446;6;city141;430;397;city202;18;322;city121;87;265;city161
137;city52;417;40;city214;402;70;city239;200;328;city87;153;498;city186;207;142;city112;279;93;city271;9;322;city164;387;446;city184;119;337;city67;332;70;city57
165;city170;141;353;city250;44;43;city290;272;483;city226;150;477;city261;188;308;city280;160;26;city105;449;17;city194;229;22;city67;365;191;city240;244;336;city174;408;269;city286;492;164;city265;433;379;city87;423;189;city65;470;325;city93;2;374;city119
145;city166;269;234;city295;103;45;city174
163;city274;430;227;city53;200;284;city199;264;401;city110;357;254;city261;174;378;city168;299;283;city150;177;274;city69;259;440;city79;176;56;city107;111;239;city89;241;470;city284;375;52;city116;475;254;city66;379;63;city278;228;163;city280;103;59;city95;129;20;city183;280;374;city153;282;145;city181
145;city166;269;234;city295;103;45;city174
172;city74;86;328;city171;356;414;city209;191;386;city164;269;339;city133
155;city142;142;352;city212;216;400;city50;413;408;city247;82;318;city160;13;69;city295;12;449;city157;111;416;city120;296;428;city226;158;97;city230;305;425;city90;40;193;city244;254;299;city107;244;405;city269;474;414;city241;402;392;city243;454;400;city242
144;city52;497;228;city71;8;211;city114;288;364;city276;457;250;city182;304;316;city97;481;193;city130;121;354;city137
141;city137;149;22;city158;234;310;city177;452;61;city191
128;city138;27;133;city124;8;171;city201
132;city254;135;392;city234
158;city141;147;292;city177;130;367;city88;120;399;city168;187;73;city185;409;395;city235;159;471;city63;85;68;city144;424;180;city83;78;461;city186;371;284;city129;89;389;city136;283;292;city89;263;325;city251;443;394;city198;452;152;city90;443;495;city261
166;city271;52;215;city240;360;383;city102;200;425;city128;459;380;city252;15;303;city51;279;243;city80;296;121;city229;93;194;city181;133;178;city213;382;6;city163;157;479;city121;122;178;city272;36;352;city73;197;33;city247;132;176;city146;104;213;city293
158;city141;147;292;city177;130;367;city88;120;399;city168;187;73;city185;409;395;city235;159;471;city63;85;68;city144;424;180;city83;78;461;city186;371;284;city129;89;389;city136;283;292;city89;263;325;city251;443;394;city198;452;152;city90;443;495;city261
166;city271;52;215;city240;360;383;city102;200;425;city128;459;380;city252;15;303;city51;279;243;city80;296;121;city229;93;194;city181;133;178;city213;382;6;city163;157;479;city121;122;178;city272;36;352;city73;197;33;city247;132;176;city146;104;213;city293
141;city137;149;22;city158;234;310;city177;452;61;city191
157;city191;331;125;city167;338;196;city68;316;9;city294;321;143;city218;295;385;city56;280;277;city104;253;348;city180;5;497;city279;164;235;city95;92;440;city66;76;450;city269;101;132;city161;96;269;city224;128;310;city152;128;22;city222;378;41;city196;126;360;city166;315;85;city268

145;city166;269;234;city295;103;45;city174
132;city254;135;392;city234
126;city145;175;251;city60;89;17;city64;102;474;city292
145;city166;269;234;city295;103;45;city174
167;city175;221;460;city298;437;405;city56;70;432;city144;50;20;city155;437;294;city55;243;62;city260;58;196;city272;222;499;city91;393;231;city180;197;299;city150
132;city254;135;392;city234
165;city170;141;353;city250;44;43;city290;272;483;city226;150;477;city261;188;308;city280;160;26;city105;449;17;city194;229;22;city67;365;191;city240;244;336;city174;408;269;city286;492;164;city265;433;379;city87;423;189;city65;470;325;city93;2;374;city119
155;city142;142;352;city212;216;400;city50;413;408;city247;82;318;city160;13;69;city295;12;449;city157;111;416;city120;296;428;city226;158;97;city230;305;425;city90;40;193;city244;254;299;city107;244;405;city269;474;414;city241;402;392;city243;454;400;city242
162;city270;168;340;city142;9;180;city254;204;324;city257;373;317;city272;183;479;city147;442;71;city250;59;62;city256;36;59;city80;131;378;city172;455;338;city74;280;413;city196
159;city191;361;83;city83;157;134;city62;289;500;city122;297;97;city114;455;245;city195;380;286;city69;164;353;city179
137;city52;417;40;city214;402;70;city239;200;328;city87;153;498;city186;207;142;city112;279;93;city271;9;322;city164;387;446;city184;119;337;city67;332;70;city57
146;city80;324;179;city119;81;353;city171;436;120;city251;159;466;city164;194;337;city259;373;292;city120;204;359;city216;74;344;city68;58;181;city156;164;192;city57;175;71;city136;130;60;city103
132;city254;135;392;city234
155;city142;142;352;city212;216;400;city50;413;408;city247;82;318;city160;13;69;city295;12;449;city157;111;416;city120;296;428;city226;158;97;city230;305;425;city90;40;193;city244;254;299;city107;244;405;city269;474;414;city241;402;392;city243;454;400;city242
144;city52;497;228;city71;8;211;city114;288;364;city276;457;250;city182;304;316;city97;481;193;city130;121;354;city137
138;city207;329;64;city272;415;173;city163;330;38;city214;133;238;city186;466;222;city89;471;210;city292;432;180;city136;128;496;city278
149;city195;377;322;city84;281;285;city78;317;271;city282;381;435;city181;403;401;city73;321;146;city191
129;city111;131;105;city281;184;454;city69;185;419;city241;404;60;city212;168;448;city191;182;65;city115;93;104;city61;482;202;city84;211;151;city231
164;city198;27;103;city253;395;486;city165;253;351;city289;194;25;city138;332;477;city209;114;276;city271;462;72;city69;177;469;city196;3;459;city297
148;city146;285;33;city290;188;291;city241;140;106;city254;86;139;city269;109;308;city282;57;151;city193;300;467;city207;308;157;city119;276;419;city134;72;315;city59;109;498;city229;232;446;city133;188;401;city203;183;155;city161
142;city270;87;300;city193
138;city207;329;64;city272;415;173;city163;330;38;city214;133;238;city186;466;222;city89;471;210;city292;432;180;city136;128;496;city278
167;city175;221;460;city298;437;405;city56;70;432;city144;50;20;city155;437;294;city55;243;62;city260;58;196;city272;222;499;city91;393;231;city180;197;299;city150
127;city248;94;500;city142;254;177;city75;300;371;city239;374;437;city59;137;262;city273;441;488;city89;166;59;city237;316;9909;city99;136;313;city77;489;401;city63;159;285;city92;213;113;city275;30;125;city201;153;438;city240;169;297;city241;285;220;city198;50;38;city162;150;165;city257;367;180;city65
164;city198;27;103;city253;395;486;city165;253;351;city289;194;25;city138;332;477;city209;114;276;city271;462;72;city69;177;469;city196;3;459;city297
161;city167;56;212;city86;40;12;city168;282;198;city152
130;city51;92;389;city249;130;270;city139;211;195;city76;273;142;city85;338;416;city197;330;122;city265;311;422;city207;411;289;city149;151;145;city142;110;471;city155;382;236;city105;313;160;city191;444;440;city165;325;130;city246;230;271;city158;176;468;city242;168;177;city58;319;20;city239;200;265;city93
133;city152;302;40;city83;382;304;city55;185;318;city147;210;134;city145;179;421;city65;111;75;city66;191;83;city297;335;338;city155;246;159;city97;180;95;city256;35;194;city82;246;320;city276;164;229;city265;333;93;city237;100;169;city88;146;453;city153
153;city126;280;73;city297;424;424;city170;279;291;city278;203;424;city164;248;2;city193;57;49;city81;81;142;city57;167;23;city238;420;25;city233;336;190;city186;404;136;city292;281;223;city157;335;371;city217;298;227;city120;246;108;city262
156;city84;232;245;city146;288;290;city102;434;237;city118;304;466;city204;349;97;city250;178;123;city135;94;288;city90;58;9;city80;456;140;city74;161;104;city243;249;167;city248;160;262;city136;155;393;city289;158;21;city209
126;city145;175;251;city60;89;17;city64;102;474;city292
156;city84;232;245;city146;288;290;city102;434;237;city118;304;466;city204;349;97;city250;178;123;city135;94;288;city90;58;9;city80;456;140;city74;161;104;city243;249;167;city248;160;262;city136;155;393;city289;158;21;city209
127;city248;94;500;city142;254;177;city75;300;371;city239;374;437;city59;137;262;city273;441;488;city89;166;59;city237;316;9909;city99;136;313;city77;489;401;city63;159;285;city92;213;113;city275;30;125;city201;153;438;city240;169;297;city241;285;220;city198;50;38;city162;150;165;city257;367;180;city65
157;city191;331;125;city167;338;196;city68;316;9;city294;321;143;city218;295;385;city56;280;277;city104;253;348;city180;5;497;city279;164;235;city95;92;440;city66;76;450;city269;101;132;city161;96;269;city224;128;310;city152;128;22;city222;378;41;city196;126;360;city166;315;85;city268
164;city198;27;103;city253;395;486;city165;253;351;city289;194;25;city138;332;477;city209;114;276;city271;462;72;city69;177;469;city196;3;459;city297
148;city146;285;33;city290;188;291;city241;140;106;city254;86;139;city269;109;308;city282;57;151;city193;300;467;city207;308;157;city119;276;419;city134;72;315;city59;109;498;city229;232;446;city133;188;401;city203;183;155;city161
174;city233;341;264;city229;238;94;city108;337;10;city60;69;271;city291;297;380;city199;4;127;city222
133;city152;302;40;city83;382;304;city55;185;318;city147;210;134;city145;179;421;city65;111;75;city66;191;83;city297;335;338;city155;246;159;city97;180;95;city256;35;194;city82;246;320;city276;164;229;city265;333;93;city237;100;169;city88;146;453;city153
167;city175;221;460;city298;437;405;city56;70;432;city144;50;20;city155;437;294;city55;243;62;city260;58;196;city272;222;499;city91;393;231;city180;197;299;city150
168;city180;166;320;city68;174;241;city158;462;153;city62;484;209;city94;446;6;city141;430;397;city202;18;322;city121;87;265;city161
132;city254;135;392;city234
133;city152;302;40;city83;382;304;city55;185;318;city147;210;134;city145;179;421;city65;111;75;city66;191;83;city297;335;338;city155;246;159;city97;180;95;city256;35;194;city82;246;320;city276;164;229;city265;333;93;city237;100;169;city88;146;453;city153
136;city62;404;322;city151;43;21;city178;474;401;city265;289;347;city92;227;276;city230;207;346;city186
164;city198;27;103;city253;395;486;city165;253;351;city289;194;25;city138;332;477;city209;114;276;city271;462;72;city69;177;469;city196;3;459;city297
163;city274;430;227;city53;200;284;city199;264;401;city110;357;254;city261;174;378;city168;299;283;city150;177;274;city69;259;440;city79;176;56;city107;111;239;city89;241;470;city284;375;52;city116;475;254;city66;379;63;city278;228;163;city280;103;59;city95;129;20;city183;280;374;city153;282;145;city181
168;city180;166;320;city68;174;241;city158;462;153;city62;484;209;city94;446;6;city141;430;397;city202;18;322;city121;87;265;city161
133;city152;302;40;city83;382;304;city55;185;318;city147;210;134;city145;179;421;city65;111;75;city66;191;83;city297;335;338;city155;246;159;city97;180;95;city256;35;194;city82;246;320;city276;164;229;city265;333;93;city237;100;169;city88;146;453;city153
161;city167;56;212;city86;40;12;city168;282;198;city152
138;city207;329;64;city272;415;173;city163;330;38;city214;133;238;city186;466;222;city89;471;210;city292;432;180;city136;128;496;city278
139;city177;146;421;city150;261;311;city157;174;276;city286;99;329;city276;33;471;city224;246;468;city283;199;173;city86;491;198;city258;360;420;city56;338;106;city69;239;257;city54;379;476;city274;207;133;city193;207;195;city288;418;49;city124;280;324;city226;215;107;city195;477;16;city204
150;city294;200;421;city223;73;492;city76;344;75;city164;89;474;city57;27;72;city121;406;234;city243;238;418;city87;131;315;city184
127;city248;94;500;city142;254;177;city75;300;371;city239;374;437;city59;137;262;city273;441;488;city89;166;59;city237;316;9909;city99;136;313;city77;489;401;city63;159;285;city92;213;113;city275;30;125;city201;153;438;city240;169;297;city241;285;220;city198;50;38;city162;150;165;city257;367;180;city65
129;city111;131;105;city281;184;454;city69;185;419;city241;404;60;city212;168;448;city191;182;65;city115;93;104;city61;482;202;city84;211;151;city231
155;city142;142;352;city212;216;400;city50;413;408;city247;82;318;city160;13;69;city295;12;449;city157;111;416;city120;296;428;city226;158;97;city230;305;425;city90;40;193;city244;254;299;city107;244;405;city269;474;414;city241;402;392;city243;454;400;city242
138;city207;329;64;city272;415;173;city163;330;38;city214;133;238;city186;466;222;city89;471;210;city292;432;180;city136;128;496;city278
136;city62;404;322;city151;43;21;city178;474;401;city265;289;347;city92;227;276;city230;207;346;city186
147;city275;316;202;city195;8;77;city262;249;364;city256;157;9;city128;366;374;city113
129;city111;131;105;city281;184;454;city69;185;419;city241;404;60;city212;168;448;city191;182;65;city115;93;104;city61;482;202;city84;211;151;city231
169;city63;40;239;city211;130;177;city53;463;350;city163;201;479;city59;338;136;city286;32;122;city254;485;42;city86;276;236;city268;202;447;city178
143;city184;442;437;city292;265;43;city160;478;99;city224;50;323;city227;462;251;city143;210;150;city62;448;103;city163;360;182;city221;445;25;city107;470;369;city193;36;63;city296;48;373;city212;214;31;city253;229;305;city207;42;364;city70;321;314;city152;171;446;city95;493;228;city208;223;40;city183
128;city138;27;133;city124;8;171;city201
139;city177;146;421;city150;261;311;city157;174;276;city286;99;329;city276;33;471;city224;246;468;city283;199;173;city86;491;198;city258;360;420;city56;338;106;city69;239;257;city54;379;476;city274;207;133;city193;207;195;city288;418;49;city124;280;324;city226;215;107;city195;477;16;city204
171;city271;453;228;city70;145;263;city183;150;479;city233;62;5;city213;338;45;city161;205;428;city176
135;city99;480;437;city297;99;49;city80;3;49;city203;389;445;city195;68;122;city93;211;6;city172;7;44;city76;143;49;city224;417;274;city221;186;326;city181;341;161;city110;359;4;city281;12;500;city294;66;186;city86
139;city177;146;421;city150;261;311;city157;174;276;city286;99;329;city276;33;471;city224;246;468;city283;199;173;city86;491;198;city258;360;420;city56;338;106;city69;239;257;city54;379;476;city274;207;133;city193;207;195;city288;418;49;city124;280;324;city226;215;107;city195;477;16;city204
131;city116;349;419;city232;410;500;city248
156;city84;232;245;city146;288;290;city102;434;237;city118;304;466;city204;349;97;city250;178;123;city135;94;288;city90;58;9;city80;456;140;city74;161;104;city243;249;167;city248;160;262;city136;155;393;city289;158;21;city209
173;city59;291;50;city78;369;290;city294;148;100;city117;93;304;city242;235;6;city109;180;126;city269;308;16;city276;208;397;city121;475;345;city101
152;city103;272;59;city278;410;325;city277;498;365;city193
136;city62;404;322;city151;43;21;city178;474;401;city265;289;347;city92;227;276;city230;207;346;city186
136;city62;404;322;city151;43;21;city178;474;401;city265;289;347;city92;227;276;city230;207;346;city186
168;city180;166;320;city68;174;241;city158;462;153;city62;484;209;city94;446;6;city141;430;397;city202;18;322;city121;87;265;city161
150;city294;200;421;city223;73;492;city76;344;75;city164;89;474;city57;27;72;city121;406;234;city243;238;418;city87;131;315;city184
172;city74;86;328;city171;356;414;city209;191;386;city164;269;339;city133
141;city137;149;22;city158;234;310;city177;452;61;city191
169;city63;40;239;city211;130;177;city53;463;350;city163;201;479;city59;338;136;city286;32;122;city254;485;42;city86;276;236;city268;202;447;city178
162;city270;168;340;city142;9;180;city254;204;324;city257;373;317;city272;183;479;city147;442;71;city250;59;62;city256;36;59;city80;131;378;city172;455;338;city74;280;413;city196
162;city270;168;340;city142;9;180;city254;204;324;city257;373;317;city272;183;479;city147;442;71;city250;59;62;city256;36;59;city80;131;378;city172;455;338;city74;280;413;city196
142;city270;87;300;city193
171;city271;453;228;city70;145;263;city183;150;479;city233;62;5;city213;338;45;city161;205;428;city176
174;city233;341;264;city229;238;94;city108;337;10;city60;69;271;city291;297;380;city199;4;127;city222
145;city166;269;234;city295;103;45;city174
164;city198;27;103;city253;395;486;city165;253;351;city289;194;25;city138;332;477;city209;114;276;city271;462;72;city69;177;469;city196;3;459;city297
130;city51;92;389;city249;130;270;city139;211;195;city76;273;142;city85;338;416;city197;330;122;city265;311;422;city207;411;289;city149;151;145;city142;110;471;city155;382;236;city105;313;160;city191;444;440;city165;325;130;city246;230;271;city158;176;468;city242;168;177;city58;319;20;city239;200;265;city93
149;city195;377;322;city84;281;285;city78;317;271;city282;381;435;city181;403;401;city73;321;146;city191
163;city274;430;227;city53;200;284;city199;264;401;city110;357;254;city261;174;378;city168;299;283;city150;177;274;city69;259;440;city79;176;56;city107;111;239;city89;241;470;city284;375;52;city116;475;254;city66;379;63;city278;228;163;city280;103;59;city95;129;20;city183;280;374;city153;282;145;city181
160;city95;374;207;city281;361;449;city178;460;71;city257;85;348;city89;213;426;city256;499;214;city131;35;333;city262
166;city271;52;215;city240;360;383;city102;200;425;city128;459;380;city252;15;303;city51;279;243;city80;296;121;city229;93;194;city181;133;178;city213;382;6;city163;157;479;city121;122;178;city272;36;352;city73;197;33;city247;132;176;city146;104;213;city293
