ERROR 4
ERROR 11
ERROR 15
ERROR 16
ERROR 24
ERROR 26
ERROR 27
ERROR 29
ERROR 38
ERROR 39
ERROR 40
ERROR 42
ERROR 45
ERROR 47
ERROR 52
ERROR 61
ERROR 62
ERROR 66
ERROR 72
ERROR 75
ERROR 76
ERROR 78
ERROR 79
ERROR 83
ERROR 89
ERROR 90
ERROR 92
ERROR 93
ERROR 95
ERROR 96
ERROR 97
ERROR 100
ERROR 102
ERROR 106
ERROR 110
ERROR 115
ERROR 119
ERROR 123
ERROR 125
ERROR 132
ERROR 134
ERROR 135
ERROR 147
ERROR 150
ERROR 151
ERROR 152
ERROR 157
ERROR 158
ERROR 159
ERROR 162
ERROR 165
ERROR 170
ERROR 171
ERROR 176
ERROR 177
ERROR 178
ERROR 179
ERROR 181
ERROR 182
ERROR 183
ERROR 187
ERROR 191
ERROR 197
ERROR 202
ERROR 203
ERROR 205
ERROR 207
ERROR 210
ERROR 211
ERROR 214
ERROR 217
ERROR 219
ERROR 220
ERROR 222
ERROR 224
ERROR 225
ERROR 228
ERROR 229
ERROR 230
ERROR 234
ERROR 237
ERROR 239
ERROR 245
ERROR 247
ERROR 248
ERROR 250
ERROR 253
ERROR 255
ERROR 258
ERROR 263
ERROR 264
ERROR 266
ERROR 271
ERROR 272
ERROR 274
ERROR 275
ERROR 279
ERROR 283
ERROR 287
ERROR 290
ERROR 291
ERROR 293
ERROR 294
ERROR 296
ERROR 300
ERROR 301
ERROR 303
ERROR 304
ERROR 305
ERROR 311
ERROR 313
ERROR 319
ERROR 322
ERROR 335
ERROR 336
ERROR 338
ERROR 340
ERROR 341
ERROR 342
ERROR 343
ERROR 346
ERROR 350
ERROR 351
ERROR 353
ERROR 354
ERROR 357
ERROR 358
ERROR 360
ERROR 361
ERROR 362
ERROR 365
ERROR 369
ERROR 370
ERROR 371
ERROR 373
ERROR 374
ERROR 380
ERROR 381
ERROR 382
ERROR 388
ERROR 390
ERROR 391
ERROR 392
ERROR 394
ERROR 400
ERROR 401
ERROR 402
ERROR 403
ERROR 407
ERROR 410
ERROR 412
ERROR 415
ERROR 417
ERROR 418
ERROR 419
ERROR 420
ERROR 422
ERROR 424
ERROR 426
ERROR 427
ERROR 428
ERROR 429
ERROR 431
ERROR 432
ERROR 434
ERROR 437
ERROR 442
ERROR 447
ERROR 448
ERROR 449
ERROR 451
ERROR 452
ERROR 454
ERROR 455
ERROR 456
ERROR 457
ERROR 458
ERROR 460
ERROR 461
ERROR 463
ERROR 469
ERROR 472
ERROR 474
ERROR 475
ERROR 476
ERROR 479
ERROR 485
ERROR 488
ERROR 491
ERROR 492
ERROR 494
ERROR 497
ERROR 500
ERROR 501
ERROR 503
ERROR 504
ERROR 506
ERROR 511
ERROR 512
ERROR 513
ERROR 514
ERROR 517
ERROR 518
ERROR 522
ERROR 524
ERROR 525
ERROR 527
ERROR 533
ERROR 537
ERROR 538
ERROR 539
ERROR 540
ERROR 541
ERROR 544
ERROR 546
ERROR 547
ERROR 548
ERROR 549
ERROR 550
ERROR 551
ERROR 553
ERROR 554
ERROR 555
ERROR 559
ERROR 560
ERROR 562
ERROR 565
ERROR 567
ERROR 568
ERROR 569
ERROR 570
ERROR 572
ERROR 573
ERROR 574
ERROR 575
ERROR 576
ERROR 577
ERROR 582
ERROR 583
ERROR 584
ERROR 587
ERROR 588
ERROR 590
ERROR 593
ERROR 594
ERROR 595
ERROR 598
ERROR 599
ERROR 600
ERROR 601
ERROR 602
ERROR 603
ERROR 604
ERROR 609
ERROR 611
ERROR 613
ERROR 614
ERROR 615
ERROR 616
ERROR 617
ERROR 619
ERROR 622
ERROR 623
ERROR 625
ERROR 626
ERROR 628
ERROR 630
ERROR 633
ERROR 636
ERROR 637
ERROR 638
ERROR 641
ERROR 642
ERROR 644
ERROR 647
ERROR 648
ERROR 652
ERROR 653
ERROR 659
ERROR 660
ERROR 664
ERROR 665
ERROR 666
ERROR 669
ERROR 670
ERROR 671
ERROR 672
ERROR 675
ERROR 678
ERROR 681
ERROR 685
ERROR 688
ERROR 691
ERROR 692
ERROR 693
ERROR 696
ERROR 699
ERROR 700
ERROR 704
ERROR 705
ERROR 706
ERROR 708
ERROR 711
ERROR 714
ERROR 715
ERROR 719
ERROR 720
ERROR 722
ERROR 724
ERROR 730
ERROR 733
ERROR 734
ERROR 736
ERROR 738
ERROR 741
ERROR 742
ERROR 743
ERROR 749
ERROR 750
ERROR 753
ERROR 754
ERROR 756
ERROR 759
ERROR 760
ERROR 763
ERROR 768
ERROR 770
ERROR 771
ERROR 774
ERROR 776
ERROR 777
ERROR 778
ERROR 781
ERROR 782
ERROR 784
ERROR 785
ERROR 786
ERROR 788
ERROR 790
ERROR 791
ERROR 793
ERROR 794
ERROR 797
ERROR 798
ERROR 799
ERROR 800
ERROR 804
ERROR 806
ERROR 807
ERROR 808
ERROR 809
ERROR 812
ERROR 813
ERROR 814
ERROR 816
ERROR 818
ERROR 821
ERROR 822
ERROR 823
ERROR 824
ERROR 826
ERROR 827
ERROR 828
ERROR 829
ERROR 832
ERROR 834
ERROR 835
ERROR 839
ERROR 846
ERROR 847
ERROR 848
ERROR 850
ERROR 851
ERROR 854
ERROR 856
ERROR 857
ERROR 860
ERROR 863
ERROR 869
ERROR 874
ERROR 876
ERROR 877
ERROR 878
ERROR 885
ERROR 892
ERROR 894
ERROR 895
ERROR 897
ERROR 901
ERROR 904
ERROR 905
ERROR 907
ERROR 910
ERROR 913
ERROR 914
ERROR 915
ERROR 919
ERROR 921
ERROR 922
ERROR 926
ERROR 930
ERROR 932
ERROR 934
ERROR 935
ERROR 939
ERROR 940
ERROR 943
ERROR 944
ERROR 946
ERROR 947
ERROR 948
ERROR 949
ERROR 950
ERROR 954
ERROR 955
ERROR 956
ERROR 957
ERROR 961
ERROR 962
ERROR 963
ERROR 964
ERROR 965
ERROR 967
ERROR 969
ERROR 970
ERROR 974
ERROR 976
ERROR 978
ERROR 979
ERROR 980
ERROR 981
ERROR 985
ERROR 986
ERROR 987
ERROR 989
ERROR 990
ERROR 994
ERROR 995
ERROR 996
ERROR 998
ERROR 999
ERROR 1000
ERROR 1004
ERROR 1005
ERROR 1006
ERROR 1007
ERROR 1009
ERROR 1011
ERROR 1013
ERROR 1014
ERROR 1015
ERROR 1016
ERROR 1017
ERROR 1022
ERROR 1023
ERROR 1024
ERROR 1025
ERROR 1029
ERROR 1031
ERROR 1035
ERROR 1036
ERROR 1037
ERROR 1038
ERROR 1039
ERROR 1041
ERROR 1044
ERROR 1045
ERROR 1047
ERROR 1049
ERROR 1052
ERROR 1053
ERROR 1055
ERROR 1056
ERROR 1059
ERROR 1060
ERROR 1064
ERROR 1070
ERROR 1071
ERROR 1074
ERROR 1076
ERROR 1078
ERROR 1080
ERROR 1082
ERROR 1084
ERROR 1085
ERROR 1087
ERROR 1089
ERROR 1092
ERROR 1093
ERROR 1095
ERROR 1096
ERROR 1097
ERROR 1098
ERROR 1102
ERROR 1103
ERROR 1105
ERROR 1106
ERROR 1107
ERROR 1110
ERROR 1111
ERROR 1113
ERROR 1117
ERROR 1120
ERROR 1122
ERROR 1124
ERROR 1130
ERROR 1131
ERROR 1132
ERROR 1136
ERROR 1138
ERROR 1139
ERROR 1142
ERROR 1143
ERROR 1146
ERROR 1147
ERROR 1148
ERROR 1149
ERROR 1152
ERROR 1153
ERROR 1155
ERROR 1156
ERROR 1157
ERROR 1158
ERROR 1160
ERROR 1164
ERROR 1165
ERROR 1169
ERROR 1177
ERROR 1179
ERROR 1180
ERROR 1185
ERROR 1187
ERROR 1189
ERROR 1193
ERROR 1194
ERROR 1195
ERROR 1196
ERROR 1198
ERROR 1201
ERROR 1207
ERROR 1209
ERROR 1210
ERROR 1211
ERROR 1214
ERROR 1215
ERROR 1217
ERROR 1218
ERROR 1220
ERROR 1223
ERROR 1224
ERROR 1225
ERROR 1226
ERROR 1229
ERROR 1230
ERROR 1233
ERROR 1234
ERROR 1238
ERROR 1239
ERROR 1240
ERROR 1241
ERROR 1242
ERROR 1243
ERROR 1245
ERROR 1247
ERROR 1248
ERROR 1249
ERROR 1250
ERROR 1252
ERROR 1253
ERROR 1254
ERROR 1255
ERROR 1258
ERROR 1259
ERROR 1261
ERROR 1262
ERROR 1263
ERROR 1266
ERROR 1267
ERROR 1270
ERROR 1271
ERROR 1272
ERROR 1278
ERROR 1279
ERROR 1280
ERROR 1287
ERROR 1289
ERROR 1291
ERROR 1294
ERROR 1297
ERROR 1298
ERROR 1300
ERROR 1301
ERROR 1304
ERROR 1306
ERROR 1307
ERROR 1310
ERROR 1311
ERROR 1312
ERROR 1313
ERROR 1316
ERROR 1319
ERROR 1329
ERROR 1332
ERROR 1333
ERROR 1337
ERROR 1338
ERROR 1339
ERROR 1340
ERROR 1341
ERROR 1342
ERROR 1343
ERROR 1344
ERROR 1345
ERROR 1346
ERROR 1347
ERROR 1351
ERROR 1352
ERROR 1354
ERROR 1359
ERROR 1364
ERROR 1367
ERROR 1369
ERROR 1371
ERROR 1372
ERROR 1376
ERROR 1381
ERROR 1382
ERROR 1385
ERROR 1386
ERROR 1388
ERROR 1389
ERROR 1391
ERROR 1393
ERROR 1394
ERROR 1395
ERROR 1396
ERROR 1397
ERROR 1398
ERROR 1399
ERROR 1400
ERROR 1401
ERROR 1403
ERROR 1405
ERROR 1406
ERROR 1407
ERROR 1409
ERROR 1410
ERROR 1411
ERROR 1412
ERROR 1414
ERROR 1415
ERROR 1416
ERROR 1419
ERROR 1423
ERROR 1424
ERROR 1425
ERROR 1427
ERROR 1430
ERROR 1431
ERROR 1434
ERROR 1437
ERROR 1442
ERROR 1445
ERROR 1448
ERROR 1451
ERROR 1452
ERROR 1453
ERROR 1455
ERROR 1456
ERROR 1457
ERROR 1458
ERROR 1460
ERROR 1463
ERROR 1467
ERROR 1468
ERROR 1473
ERROR 1475
ERROR 1476
ERROR 1477
ERROR 1479
ERROR 1480
ERROR 1484
ERROR 1486
ERROR 1488
ERROR 1491
ERROR 1492
ERROR 1493
ERROR 1494
ERROR 1496
ERROR 1498
ERROR 1500
ERROR 1503
ERROR 1504
ERROR 1506
ERROR 1508
ERROR 1515
ERROR 1516
ERROR 1517
ERROR 1518
ERROR 1519
ERROR 1523
ERROR 1524
ERROR 1525
ERROR 1526
ERROR 1528
ERROR 1529
ERROR 1534
ERROR 1536
ERROR 1537
ERROR 1540
ERROR 1541
ERROR 1542
ERROR 1543
ERROR 1546
ERROR 1548
ERROR 1550
ERROR 1556
ERROR 1559
ERROR 1560
ERROR 1561
ERROR 1562
ERROR 1564
ERROR 1566
ERROR 1568
ERROR 1570
