ERROR 3
ERROR 4
ERROR 8
ERROR 10
ERROR 18
ERROR 22
ERROR 23
ERROR 29
ERROR 34
ERROR 37
ERROR 38
ERROR 39
ERROR 40
ERROR 45
ERROR 48
ERROR 49
ERROR 51
ERROR 60
ERROR 65
ERROR 66
ERROR 67
ERROR 71
ERROR 72
ERROR 75
ERROR 77
ERROR 80
ERROR 81
ERROR 82
ERROR 83
ERROR 84
ERROR 86
ERROR 87
ERROR 92
ERROR 94
ERROR 95
ERROR 97
ERROR 104
ERROR 105
ERROR 111
ERROR 114
ERROR 116
ERROR 129
ERROR 132
ERROR 133
ERROR 136
ERROR 138
ERROR 143
ERROR 150
ERROR 152
ERROR 153
ERROR 154
ERROR 155
ERROR 158
ERROR 162
ERROR 165
ERROR 169
ERROR 171
ERROR 174
ERROR 175
ERROR 179
ERROR 180
ERROR 181
ERROR 183
ERROR 185
ERROR 193
ERROR 198
ERROR 199
ERROR 200
ERROR 201
ERROR 202
ERROR 203
ERROR 204
ERROR 209
ERROR 214
ERROR 219
ERROR 222
ERROR 223
ERROR 227
ERROR 228
ERROR 229
ERROR 230
ERROR 231
ERROR 234
ERROR 235
ERROR 239
ERROR 242
ERROR 244
ERROR 245
ERROR 248
ERROR 251
ERROR 253
ERROR 256
ERROR 259
ERROR 260
ERROR 263
ERROR 264
ERROR 266
ERROR 267
ERROR 268
ERROR 270
ERROR 272
ERROR 274
ERROR 276
ERROR 277
ERROR 280
ERROR 284
ERROR 288
ERROR 289
ERROR 291
ERROR 292
ERROR 293
ERROR 297
ERROR 298
ERROR 300
ERROR 301
ERROR 302
ERROR 304
ERROR 306
ERROR 307
ERROR 309
ERROR 313
ERROR 316
ERROR 317
ERROR 318
ERROR 322
ERROR 323
ERROR 324
ERROR 326
ERROR 330
ERROR 332
ERROR 338
ERROR 339
ERROR 340
ERROR 341
ERROR 344
ERROR 345
ERROR 346
ERROR 347
ERROR 348
ERROR 349
ERROR 354
ERROR 361
ERROR 362
ERROR 363
ERROR 364
ERROR 366
ERROR 367
ERROR 368
ERROR 369
ERROR 371
ERROR 373
ERROR 374
ERROR 378
ERROR 379
ERROR 381
ERROR 382
ERROR 383
ERROR 384
ERROR 386
ERROR 387
ERROR 389
ERROR 392
ERROR 396
ERROR 398
ERROR 399
ERROR 400
ERROR 403
ERROR 406
ERROR 408
ERROR 409
ERROR 413
ERROR 414
ERROR 417
ERROR 420
ERROR 422
ERROR 423
ERROR 426
ERROR 429
ERROR 430
ERROR 432
ERROR 435
ERROR 436
ERROR 437
ERROR 438
ERROR 440
ERROR 442
ERROR 443
ERROR 445
ERROR 447
ERROR 448
ERROR 452
ERROR 455
ERROR 456
ERROR 457
ERROR 459
ERROR 465
ERROR 466
ERROR 468
ERROR 470
ERROR 476
ERROR 477
ERROR 483
ERROR 485
ERROR 486
ERROR 488
ERROR 489
ERROR 491
ERROR 496
ERROR 497
ERROR 498
ERROR 500
ERROR 504
ERROR 514
ERROR 516
ERROR 517
ERROR 518
ERROR 520
ERROR 521
ERROR 523
ERROR 524
ERROR 527
ERROR 530
ERROR 532
ERROR 534
ERROR 535
ERROR 536
ERROR 537
ERROR 538
ERROR 540
ERROR 541
ERROR 544
ERROR 546
ERROR 547
ERROR 549
ERROR 552
ERROR 553
ERROR 556
ERROR 557
ERROR 562
ERROR 565
ERROR 569
ERROR 570
ERROR 573
ERROR 574
ERROR 575
ERROR 582
ERROR 583
ERROR 586
ERROR 587
ERROR 588
ERROR 589
ERROR 590
ERROR 597
ERROR 598
ERROR 600
ERROR 601
ERROR 604
ERROR 605
ERROR 607
ERROR 608
ERROR 611
ERROR 613
ERROR 614
ERROR 616
ERROR 617
ERROR 618
ERROR 619
ERROR 621
ERROR 622
ERROR 624
ERROR 631
ERROR 633
ERROR 634
ERROR 635
ERROR 636
ERROR 637
ERROR 638
ERROR 639
ERROR 640
ERROR 642
ERROR 644
ERROR 645
ERROR 648
ERROR 649
ERROR 655
ERROR 656
ERROR 659
ERROR 661
ERROR 662
ERROR 663
ERROR 664
ERROR 665
ERROR 666
ERROR 673
ERROR 674
ERROR 676
ERROR 678
ERROR 679
ERROR 680
ERROR 683
ERROR 684
ERROR 685
ERROR 686
ERROR 688
ERROR 689
ERROR 691
ERROR 692
ERROR 697
ERROR 698
ERROR 701
ERROR 702
ERROR 703
ERROR 704
ERROR 706
ERROR 707
ERROR 711
ERROR 713
ERROR 719
ERROR 720
ERROR 721
ERROR 722
ERROR 723
ERROR 724
ERROR 726
ERROR 728
ERROR 730
ERROR 731
ERROR 733
ERROR 734
ERROR 737
ERROR 738
ERROR 739
ERROR 740
ERROR 741
ERROR 744
ERROR 745
ERROR 746
ERROR 747
ERROR 748
ERROR 749
ERROR 752
ERROR 756
ERROR 761
ERROR 762
ERROR 764
ERROR 765
ERROR 766
ERROR 772
ERROR 774
ERROR 777
ERROR 779
ERROR 782
ERROR 783
ERROR 785
ERROR 786
ERROR 787
ERROR 788
ERROR 789
ERROR 790
ERROR 791
ERROR 794
ERROR 797
ERROR 801
ERROR 802
ERROR 804
ERROR 808
ERROR 809
ERROR 810
ERROR 811
ERROR 812
ERROR 814
ERROR 816
ERROR 817
ERROR 818
ERROR 821
ERROR 827
ERROR 828
ERROR 830
ERROR 831
ERROR 833
ERROR 835
ERROR 837
ERROR 839
ERROR 841
ERROR 842
ERROR 847
ERROR 848
ERROR 849
ERROR 850
ERROR 851
ERROR 853
ERROR 855
ERROR 860
ERROR 864
ERROR 870
ERROR 871
ERROR 872
ERROR 873
ERROR 874
ERROR 876
ERROR 877
ERROR 879
ERROR 882
ERROR 883
ERROR 884
ERROR 885
ERROR 887
ERROR 888
ERROR 889
ERROR 891
ERROR 892
ERROR 893
ERROR 897
ERROR 899
ERROR 903
ERROR 904
ERROR 906
ERROR 908
ERROR 911
ERROR 912
ERROR 915
ERROR 916
ERROR 925
ERROR 928
ERROR 931
ERROR 932
ERROR 935
ERROR 937
ERROR 939
ERROR 940
ERROR 941
ERROR 942
ERROR 944
ERROR 947
ERROR 950
ERROR 951
ERROR 952
ERROR 959
ERROR 961
ERROR 962
ERROR 964
ERROR 966
ERROR 967
ERROR 969
ERROR 972
ERROR 973
ERROR 974
ERROR 975
ERROR 976
ERROR 977
ERROR 978
ERROR 979
ERROR 980
ERROR 981
ERROR 982
ERROR 983
ERROR 985
ERROR 988
ERROR 989
ERROR 991
ERROR 992
ERROR 993
ERROR 995
ERROR 997
ERROR 1003
ERROR 1004
ERROR 1005
ERROR 1010
ERROR 1011
ERROR 1012
ERROR 1014
ERROR 1015
ERROR 1017
ERROR 1019
ERROR 1021
ERROR 1022
ERROR 1028
ERROR 1029
ERROR 1030
ERROR 1031
ERROR 1033
ERROR 1036
ERROR 1037
ERROR 1038
ERROR 1041
ERROR 1047
ERROR 1048
ERROR 1051
ERROR 1054
ERROR 1057
ERROR 1058
ERROR 1059
ERROR 1060
ERROR 1061
ERROR 1063
ERROR 1066
ERROR 1067
ERROR 1069
ERROR 1071
ERROR 1073
ERROR 1079
ERROR 1080
ERROR 1084
ERROR 1086
ERROR 1088
ERROR 1091
ERROR 1092
ERROR 1093
ERROR 1097
ERROR 1098
ERROR 1099
ERROR 1101
ERROR 1103
ERROR 1104
ERROR 1106
ERROR 1111
ERROR 1112
ERROR 1114
ERROR 1116
ERROR 1125
ERROR 1133
ERROR 1134
ERROR 1138
ERROR 1142
ERROR 1143
ERROR 1144
ERROR 1147
ERROR 1148
ERROR 1149
ERROR 1151
ERROR 1152
ERROR 1154
ERROR 1155
ERROR 1156
ERROR 1158
ERROR 1159
ERROR 1160
ERROR 1163
ERROR 1164
ERROR 1165
ERROR 1166
ERROR 1167
ERROR 1168
ERROR 1169
ERROR 1171
ERROR 1173
ERROR 1174
ERROR 1177
ERROR 1180
ERROR 1185
ERROR 1186
ERROR 1187
ERROR 1188
ERROR 1189
ERROR 1190
ERROR 1192
ERROR 1194
ERROR 1197
ERROR 1201
ERROR 1204
ERROR 1206
ERROR 1208
ERROR 1209
ERROR 1215
ERROR 1216
ERROR 1220
ERROR 1221
ERROR 1223
ERROR 1225
ERROR 1226
ERROR 1227
ERROR 1228
ERROR 1230
ERROR 1233
ERROR 1236
ERROR 1239
ERROR 1245
ERROR 1247
ERROR 1251
ERROR 1255
ERROR 1256
ERROR 1257
ERROR 1259
ERROR 1261
ERROR 1263
ERROR 1267
ERROR 1268
ERROR 1269
ERROR 1270
ERROR 1274
ERROR 1276
ERROR 1277
ERROR 1283
ERROR 1284
ERROR 1287
ERROR 1289
ERROR 1291
ERROR 1296
ERROR 1297
ERROR 1300
ERROR 1301
ERROR 1302
ERROR 1303
ERROR 1306
ERROR 1307
ERROR 1309
ERROR 1310
ERROR 1316
ERROR 1317
ERROR 1319
ERROR 1321
ERROR 1323
ERROR 1324
ERROR 1325
ERROR 1326
ERROR 1328
ERROR 1329
ERROR 1333
ERROR 1337
ERROR 1339
ERROR 1342
ERROR 1343
ERROR 1345
ERROR 1346
ERROR 1348
ERROR 1351
ERROR 1352
ERROR 1353
ERROR 1354
ERROR 1358
ERROR 1359
ERROR 1360
ERROR 1361
ERROR 1362
ERROR 1363
ERROR 1365
ERROR 1366
ERROR 1367
ERROR 1368
ERROR 1370
ERROR 1372
ERROR 1375
ERROR 1376
ERROR 1379
ERROR 1381
ERROR 1384
ERROR 1388
ERROR 1389
ERROR 1391
ERROR 1392
ERROR 1393
ERROR 1397
ERROR 1398
ERROR 1399
ERROR 1400
ERROR 1401
ERROR 1403
ERROR 1404
ERROR 1405
ERROR 1407
ERROR 1410
ERROR 1412
ERROR 1413
ERROR 1414
ERROR 1415
ERROR 1416
ERROR 1417
ERROR 1419
ERROR 1422
ERROR 1424
ERROR 1425
ERROR 1430
ERROR 1433
ERROR 1435
ERROR 1436
ERROR 1437
ERROR 1440
ERROR 1441
ERROR 1442
ERROR 1443
ERROR 1446
ERROR 1447
ERROR 1448
ERROR 1449
ERROR 1450
ERROR 1451
ERROR 1454
ERROR 1455
ERROR 1456
ERROR 1458
ERROR 1460
ERROR 1466
ERROR 1467
ERROR 1468
ERROR 1469
ERROR 1470
ERROR 1473
ERROR 1474
ERROR 1475
ERROR 1476
ERROR 1477
ERROR 1478
ERROR 1482
ERROR 1483
ERROR 1484
ERROR 1486
ERROR 1487
ERROR 1488
ERROR 1489
ERROR 1491
