













149;city209;181;301;city238;218;36;city293;337;471;city150;181;348;city186;335;383;city136;454;100;city223;305;140;city62;428;376;city273;454;271;city228;218;230;city260;161;146;city224


150;city212;342;135;city65;249;395;city87;452;138;city276;421;437;city55;349;447;city122;172;424;city144;251;77;city72;343;226;city204;436;229;city150
151;city183;40;425;city134;67;315;city237;119;123;city161;453;290;city96;200;391;city95;175;80;city209;156;22;city295;267;373;city125;266;183;city174;6;346;city190;480;23;city55;14;198;city248

149;city209;181;301;city238;218;36;city293;337;471;city150;181;348;city186;335;383;city136;454;100;city223;305;140;city62;428;376;city273;454;271;city228;218;230;city260;161;146;city224

143;city191;308;426;city196;154;347;city97;177;46;city284;334;134;city228;295;114;city200;201;235;city138;344;263;city265;389;471;city58;228;371;city209;71;433;city180;183;494;city257;66;386;city252;318;143;city101;110;213;city274;211;289;city153;379;474;city134;173;68;city92;367;290;city60;47;249;city173



169;city145;304;344;city216;276;197;city293;298;19;city142;203;212;city141
130;city252;421;485;city217;198;113;city128;140;205;city113;72;155;city296;4;440;city275;242;121;city73;471;12;city222;400;293;city65;289;455;city293;252;162;city188;251;410;city153;4;73;city93;206;366;city133;213;432;city203;284;174;city100

130;city252;421;485;city217;198;113;city128;140;205;city113;72;155;city296;4;440;city275;242;121;city73;471;12;city222;400;293;city65;289;455;city293;252;162;city188;251;410;city153;4;73;city93;206;366;city133;213;432;city203;284;174;city100


153;city174;410;45;city230;27;216;city273
174;city199;35;449;city114;117;72;city133;438;114;city223;14;283;city119;163;283;city215;342;52;city252;375;303;city266;215;341;city174;470;472;city193;360;203;city136;212;248;city240;272;259;city128
150;city212;342;135;city65;249;395;city87;452;138;city276;421;437;city55;349;447;city122;172;424;city144;251;77;city72;343;226;city204;436;229;city150


129;city247;289;360;city105;496;282;city98;161;107;city118;226;260;city173;160;399;city169
134;city74;251;237;city297
137;city94;451;239;city122;405;434;city280;310;200;city275;46;100;city85;404;318;city299;449;464;city156;239;17;city189;149;474;city283;405;275;city184

130;city252;421;485;city217;198;113;city128;140;205;city113;72;155;city296;4;440;city275;242;121;city73;471;12;city222;400;293;city65;289;455;city293;252;162;city188;251;410;city153;4;73;city93;206;366;city133;213;432;city203;284;174;city100
136;city109;325;324;city188;21;404;city156;317;438;city55;109;50;city79;475;15;city223;275;349;city277

132;city138;149;110;city262;102;230;city66;278;397;city190;157;49;city199;186;20;city73;146;322;city89;9;103;city113;238;340;city168;248;442;city275;140;362;city247

174;city199;35;449;city114;117;72;city133;438;114;city223;14;283;city119;163;283;city215;342;52;city252;375;303;city266;215;341;city174;470;472;city193;360;203;city136;212;248;city240;272;259;city128

154;city185;369;487;city138;392;483;city263;37;48;city238;344;249;city128;348;421;city81;145;405;city76;350;323;city218;273;438;city85;152;457;city131;18;179;city153;476;435;city206;79;486;city257;219;270;city189
147;city108;430;205;city197;418;282;city185;322;322;city188;482;58;city276;144;233;city51;375;363;city286;459;419;city125;195;301;city189;70;213;city84;118;69;city193;208;458;city111
144;city298;168;57;city224;189;228;city280;407;240;city51;108;457;city144;203;131;city166;105;251;city211;479;111;city230

159;city113;421;159;city71;436;446;city132;333;478;city116;9;242;city281;82;322;city231;211;366;city75;163;487;city62
153;city174;410;45;city230;27;216;city273
131;city87;370;252;city288;29;116;city176;491;352;city135;371;65;city291;303;492;city66;108;158;city281;364;217;city58;435;160;city267;117;97;city139;69;466;city132
169;city145;304;344;city216;276;197;city293;298;19;city142;203;212;city141


164;city225;491;56;city67;439;356;city96;327;78;city59;498;126;city196;173;215;city114;286;100;city195;490;56;city248;143;499;city90;446;203;city54;216;99;city263;485;422;city193
125;city76;445;480;city238;288;46;city67;276;487;city242;483;246;city263;184;232;city280;218;172;city190;478;352;city178;235;113;city286
173;city256;221;114;city277;237;452;city217;479;225;city237;122;342;city158;428;366;city135;269;89;city278;417;257;city294

132;city138;149;110;city262;102;230;city66;278;397;city190;157;49;city199;186;20;city73;146;322;city89;9;103;city113;238;340;city168;248;442;city275;140;362;city247
150;city212;342;135;city65;249;395;city87;452;138;city276;421;437;city55;349;447;city122;172;424;city144;251;77;city72;343;226;city204;436;229;city150
139;city126;456;193;city260;482;399;city244;445;479;city270;460;214;city219;279;258;city90
151;city183;40;425;city134;67;315;city237;119;123;city161;453;290;city96;200;391;city95;175;80;city209;156;22;city295;267;373;city125;266;183;city174;6;346;city190;480;23;city55;14;198;city248
146;city51;486;348;city240;258;54;city121;144;169;city162
131;city87;370;252;city288;29;116;city176;491;352;city135;371;65;city291;303;492;city66;108;158;city281;364;217;city58;435;160;city267;117;97;city139;69;466;city132

164;city225;491;56;city67;439;356;city96;327;78;city59;498;126;city196;173;215;city114;286;100;city195;490;56;city248;143;499;city90;446;203;city54;216;99;city263;485;422;city193
130;city252;421;485;city217;198;113;city128;140;205;city113;72;155;city296;4;440;city275;242;121;city73;471;12;city222;400;293;city65;289;455;city293;252;162;city188;251;410;city153;4;73;city93;206;366;city133;213;432;city203;284;174;city100

149;city209;181;301;city238;218;36;city293;337;471;city150;181;348;city186;335;383;city136;454;100;city223;305;140;city62;428;376;city273;454;271;city228;218;230;city260;161;146;city224

167;city299;187;499;city173;189;500;city210;427;391;city296;50;278;city121;109;206;city212;125;279;city187;189;102;city76;268;487;city291;193;119;city295;210;411;city223;490;46;city205
143;city191;308;426;city196;154;347;city97;177;46;city284;334;134;city228;295;114;city200;201;235;city138;344;263;city265;389;471;city58;228;371;city209;71;433;city180;183;494;city257;66;386;city252;318;143;city101;110;213;city274;211;289;city153;379;474;city134;173;68;city92;367;290;city60;47;249;city173
154;city185;369;487;city138;392;483;city263;37;48;city238;344;249;city128;348;421;city81;145;405;city76;350;323;city218;273;438;city85;152;457;city131;18;179;city153;476;435;city206;79;486;city257;219;270;city189
172;city124;410;30;city118;103;305;city285;345;190;city216;375;468;city91;365;404;city160;486;404;city211
144;city298;168;57;city224;189;228;city280;407;240;city51;108;457;city144;203;131;city166;105;251;city211;479;111;city230
173;city256;221;114;city277;237;452;city217;479;225;city237;122;342;city158;428;366;city135;269;89;city278;417;257;city294
141;city275;231;356;city163;165;450;city299;271;126;city66;20;188;city135;358;138;city100;468;429;city69

147;city108;430;205;city197;418;282;city185;322;322;city188;482;58;city276;144;233;city51;375;363;city286;459;419;city125;195;301;city189;70;213;city84;118;69;city193;208;458;city111
171;city189;10;67;city112;417;127;city94;91;498;city60;319;395;city101;52;197;city113;66;229;city84;82;421;city93;103;93;city142;266;293;city194
166;city294;146;374;city188;243;327;city212;157;193;city239;274;338;city85;278;410;city236;367;121;city277;479;369;city57;45;176;city127;222;371;city116;426;460;city269;493;371;city195;410;52;city197;209;435;city61

126;city51;315;255;city127
166;city294;146;374;city188;243;327;city212;157;193;city239;274;338;city85;278;410;city236;367;121;city277;479;369;city57;45;176;city127;222;371;city116;426;460;city269;493;371;city195;410;52;city197;209;435;city61
161;city214;470;489;city252;153;334;city142;133;197;city59;387;379;city192;57;104;city286;64;480;city227;198;286;city193;137;380;city296;126;13;city144;416;423;city226;351;458;city256;270;54;city283;40;404;city180
132;city138;149;110;city262;102;230;city66;278;397;city190;157;49;city199;186;20;city73;146;322;city89;9;103;city113;238;340;city168;248;442;city275;140;362;city247



153;city174;410;45;city230;27;216;city273
162;city67;297;61;city200;444;60;city218;343;48;city163;296;109;city260;408;434;city170;343;9;city146;191;74;city183;452;494;city186
133;city92;183;321;city65
138;city137;149;238;city148;439;218;city100;239;6;city90
153;city174;410;45;city230;27;216;city273
143;city191;308;426;city196;154;347;city97;177;46;city284;334;134;city228;295;114;city200;201;235;city138;344;263;city265;389;471;city58;228;371;city209;71;433;city180;183;494;city257;66;386;city252;318;143;city101;110;213;city274;211;289;city153;379;474;city134;173;68;city92;367;290;city60;47;249;city173
162;city67;297;61;city200;444;60;city218;343;48;city163;296;109;city260;408;434;city170;343;9;city146;191;74;city183;452;494;city186
133;city92;183;321;city65
171;city189;10;67;city112;417;127;city94;91;498;city60;319;395;city101;52;197;city113;66;229;city84;82;421;city93;103;93;city142;266;293;city194
141;city275;231;356;city163;165;450;city299;271;126;city66;20;188;city135;358;138;city100;468;429;city69
141;city275;231;356;city163;165;450;city299;271;126;city66;20;188;city135;358;138;city100;468;429;city69
149;city209;181;301;city238;218;36;city293;337;471;city150;181;348;city186;335;383;city136;454;100;city223;305;140;city62;428;376;city273;454;271;city228;218;230;city260;161;146;city224
143;city191;308;426;city196;154;347;city97;177;46;city284;334;134;city228;295;114;city200;201;235;city138;344;263;city265;389;471;city58;228;371;city209;71;433;city180;183;494;city257;66;386;city252;318;143;city101;110;213;city274;211;289;city153;379;474;city134;173;68;city92;367;290;city60;47;249;city173
149;city209;181;301;city238;218;36;city293;337;471;city150;181;348;city186;335;383;city136;454;100;city223;305;140;city62;428;376;city273;454;271;city228;218;230;city260;161;146;city224
145;city105;15;356;city257

149;city209;181;301;city238;218;36;city293;337;471;city150;181;348;city186;335;383;city136;454;100;city223;305;140;city62;428;376;city273;454;271;city228;218;230;city260;161;146;city224
147;city108;430;205;city197;418;282;city185;322;322;city188;482;58;city276;144;233;city51;375;363;city286;459;419;city125;195;301;city189;70;213;city84;118;69;city193;208;458;city111
153;city174;410;45;city230;27;216;city273
152;city65;356;327;city183;64;354;city106
148;city105;11;68;city162;266;14;city234;75;232;city112;422;409;city101;180;104;city165;258;217;city113;485;446;city216;329;410;city204;242;32;city91;405;181;city244;451;76;city75;234;241;city183;483;287;city176;462;138;city271;69;256;city289;195;101;city198
170;city219;462;167;city280;40;304;city157;161;328;city260;101;488;city92;498;19;city263;253;156;city168;63;421;city114;129;292;city131;260;10;city159;52;202;city283;155;188;city202;41;92;city139;159;413;city204;147;355;city117;435;467;city81;276;156;city163;198;191;city187;476;91;city75;203;64;city277
148;city105;11;68;city162;266;14;city234;75;232;city112;422;409;city101;180;104;city165;258;217;city113;485;446;city216;329;410;city204;242;32;city91;405;181;city244;451;76;city75;234;241;city183;483;287;city176;462;138;city271;69;256;city289;195;101;city198

127;city195;108;389;city276
146;city51;486;348;city240;258;54;city121;144;169;city162
170;city219;462;167;city280;40;304;city157;161;328;city260;101;488;city92;498;19;city263;253;156;city168;63;421;city114;129;292;city131;260;10;city159;52;202;city283;155;188;city202;41;92;city139;159;413;city204;147;355;city117;435;467;city81;276;156;city163;198;191;city187;476;91;city75;203;64;city277
145;city105;15;356;city257
169;city145;304;344;city216;276;197;city293;298;19;city142;203;212;city141
135;city219;393;33;city198;310;403;city291;98;184;city196;256;486;city224;50;365;city206;139;340;city284;234;329;city242;234;207;city258;418;113;city67;161;210;city128;458;109;city58;56;18;city188
166;city294;146;374;city188;243;327;city212;157;193;city239;274;338;city85;278;410;city236;367;121;city277;479;369;city57;45;176;city127;222;371;city116;426;460;city269;493;371;city195;410;52;city197;209;435;city61
160;city297;416;147;city139;159;423;city163;193;368;city75;407;273;city61;42;405;city82;145;357;city81;438;242;city62;168;370;city248;31;400;city111;471;42;city64;438;114;city251;385;235;city178;492;36;city289;408;8;city232;396;130;city291;57;307;city223
165;city116;383;149;city179;282;420;city130
143;city191;308;426;city196;154;347;city97;177;46;city284;334;134;city228;295;114;city200;201;235;city138;344;263;city265;389;471;city58;228;371;city209;71;433;city180;183;494;city257;66;386;city252;318;143;city101;110;213;city274;211;289;city153;379;474;city134;173;68;city92;367;290;city60;47;249;city173
151;city183;40;425;city134;67;315;city237;119;123;city161;453;290;city96;200;391;city95;175;80;city209;156;22;city295;267;373;city125;266;183;city174;6;346;city190;480;23;city55;14;198;city248
147;city108;430;205;city197;418;282;city185;322;322;city188;482;58;city276;144;233;city51;375;363;city286;459;419;city125;195;301;city189;70;213;city84;118;69;city193;208;458;city111
141;city275;231;356;city163;165;450;city299;271;126;city66;20;188;city135;358;138;city100;468;429;city69
128;city99;404;439;city108;486;499;city177;483;189;city262
162;city67;297;61;city200;444;60;city218;343;48;city163;296;109;city260;408;434;city170;343;9;city146;191;74;city183;452;494;city186
174;city199;35;449;city114;117;72;city133;438;114;city223;14;283;city119;163;283;city215;342;52;city252;375;303;city266;215;341;city174;470;472;city193;360;203;city136;212;248;city240;272;259;city128
137;city94;451;239;city122;405;434;city280;310;200;city275;46;100;city85;404;318;city299;449;464;city156;239;17;city189;149;474;city283;405;275;city184
146;city51;486;348;city240;258;54;city121;144;169;city162
174;city199;35;449;city114;117;72;city133;438;114;city223;14;283;city119;163;283;city215;342;52;city252;375;303;city266;215;341;city174;470;472;city193;360;203;city136;212;248;city240;272;259;city128
165;city116;383;149;city179;282;420;city130
146;city51;486;348;city240;258;54;city121;144;169;city162
126;city51;315;255;city127
139;city126;456;193;city260;482;399;city244;445;479;city270;460;214;city219;279;258;city90
126;city51;315;255;city127
136;city109;325;324;city188;21;404;city156;317;438;city55;109;50;city79;475;15;city223;275;349;city277
156;city60;133;438;city272;50;194;city139;328;223;city266;246;341;city115;84;200;city211;37;281;city258;196;456;city275
162;city67;297;61;city200;444;60;city218;343;48;city163;296;109;city260;408;434;city170;343;9;city146;191;74;city183;452;494;city186
135;city219;393;33;city198;310;403;city291;98;184;city196;256;486;city224;50;365;city206;139;340;city284;234;329;city242;234;207;city258;418;113;city67;161;210;city128;458;109;city58;56;18;city188

137;city94;451;239;city122;405;434;city280;310;200;city275;46;100;city85;404;318;city299;449;464;city156;239;17;city189;149;474;city283;405;275;city184
127;city195;108;389;city276
132;city138;149;110;city262;102;230;city66;278;397;city190;157;49;city199;186;20;city73;146;322;city89;9;103;city113;238;340;city168;248;442;city275;140;362;city247
165;city116;383;149;city179;282;420;city130
168;city60;315;131;city230;119;430;city299;412;25;city264;495;54;city91;36;423;city187;351;56;city90;65;64;city137;68;328;city224;98;157;city208;224;105;city203;94;466;city281;207;180;city146;177;463;city114
163;city87;217;383;city50;350;351;city209;283;149;city89;84;396;city179;7;480;city205;288;372;city112;495;70;city111;254;411;city221;288;71;city235;167;397;city72;432;227;city177;238;250;city151;101;394;city159;249;488;city58
128;city99;404;439;city108;486;499;city177;483;189;city262
166;city294;146;374;city188;243;327;city212;157;193;city239;274;338;city85;278;410;city236;367;121;city277;479;369;city57;45;176;city127;222;371;city116;426;460;city269;493;371;city195;410;52;city197;209;435;city61
164;city225;491;56;city67;439;356;city96;327;78;city59;498;126;city196;173;215;city114;286;100;city195;490;56;city248;143;499;city90;446;203;city54;216;99;city263;485;422;city193
149;city209;181;301;city238;218;36;city293;337;471;city150;181;348;city186;335;383;city136;454;100;city223;305;140;city62;428;376;city273;454;271;city228;218;230;city260;161;146;city224
146;city51;486;348;city240;258;54;city121;144;169;city162
157;city95;499;144;city217;440;461;city227;37;25;city158;400;445;city183;25;44;city80;52;22;city113;475;256;city221;364;51;city243;365;295;city197;99;245;city82;65;313;city50;171;494;city284;42;354;city259;31;40;city75;474;490;city242
157;city95;499;144;city217;440;461;city227;37;25;city158;400;445;city183;25;44;city80;52;22;city113;475;256;city221;364;51;city243;365;295;city197;99;245;city82;65;313;city50;171;494;city284;42;354;city259;31;40;city75;474;490;city242
150;city212;342;135;city65;249;395;city87;452;138;city276;421;437;city55;349;447;city122;172;424;city144;251;77;city72;343;226;city204;436;229;city150
137;city94;451;239;city122;405;434;city280;310;200;city275;46;100;city85;404;318;city299;449;464;city156;239;17;city189;149;474;city283;405;275;city184
139;city126;456;193;city260;482;399;city244;445;479;city270;460;214;city219;279;258;city90
148;city105;11;68;city162;266;14;city234;75;232;city112;422;409;city101;180;104;city165;258;217;city113;485;446;city216;329;410;city204;242;32;city91;405;181;city244;451;76;city75;234;241;city183;483;287;city176;462;138;city271;69;256;city289;195;101;city198
150;city212;342;135;city65;249;395;city87;452;138;city276;421;437;city55;349;447;city122;172;424;city144;251;77;city72;343;226;city204;436;229;city150
148;city105;11;68;city162;266;14;city234;75;232;city112;422;409;city101;180;104;city165;258;217;city113;485;446;city216;329;410;city204;242;32;city91;405;181;city244;451;76;city75;234;241;city183;483;287;city176;462;138;city271;69;256;city289;195;101;city198

133;city92;183;321;city65
174;city199;35;449;city114;117;72;city133;438;114;city223;14;283;city119;163;283;city215;342;52;city252;375;303;city266;215;341;city174;470;472;city193;360;203;city136;212;248;city240;272;259;city128
125;city76;445;480;city238;288;46;city67;276;487;city242;483;246;city263;184;232;city280;218;172;city190;478;352;city178;235;113;city286
137;city94;451;239;city122;405;434;city280;310;200;city275;46;100;city85;404;318;city299;449;464;city156;239;17;city189;149;474;city283;405;275;city184
172;city124;410;30;city118;103;305;city285;345;190;city216;375;468;city91;365;404;city160;486;404;city211
129;city247;289;360;city105;496;282;city98;161;107;city118;226;260;city173;160;399;city169

129;city247;289;360;city105;496;282;city98;161;107;city118;226;260;city173;160;399;city169
158;city170;110;280;city160;425;204;city118;323;16;city75;368;26;city184;144;219;city83;61;98;city205;274;88;city108;369;303;city241;468;178;city89;247;131;city219;418;454;city181;155;39;city192;27;348;city200;459;378;city101
152;city65;356;327;city183;64;354;city106
129;city247;289;360;city105;496;282;city98;161;107;city118;226;260;city173;160;399;city169
127;city195;108;389;city276

142;city99;402;306;city296;387;424;city287;446;149;city152;161;71;city177;440;269;city227;371;440;city67;300;416;city277;452;15;city130;161;201;city58
161;city214;470;489;city252;153;334;city142;133;197;city59;387;379;city192;57;104;city286;64;480;city227;198;286;city193;137;380;city296;126;13;city144;416;423;city226;351;458;city256;270;54;city283;40;404;city180

142;city99;402;306;city296;387;424;city287;446;149;city152;161;71;city177;440;269;city227;371;440;city67;300;416;city277;452;15;city130;161;201;city58
153;city174;410;45;city230;27;216;city273
127;city195;108;389;city276
138;city137;149;238;city148;439;218;city100;239;6;city90
134;city74;251;237;city297
125;city76;445;480;city238;288;46;city67;276;487;city242;483;246;city263;184;232;city280;218;172;city190;478;352;city178;235;113;city286
157;city95;499;144;city217;440;461;city227;37;25;city158;400;445;city183;25;44;city80;52;22;city113;475;256;city221;364;51;city243;365;295;city197;99;245;city82;65;313;city50;171;494;city284;42;354;city259;31;40;city75;474;490;city242
162;city67;297;61;city200;444;60;city218;343;48;city163;296;109;city260;408;434;city170;343;9;city146;191;74;city183;452;494;city186
154;city185;369;487;city138;392;483;city263;37;48;city238;344;249;city128;348;421;city81;145;405;city76;350;323;city218;273;438;city85;152;457;city131;18;179;city153;476;435;city206;79;486;city257;219;270;city189
151;city183;40;425;city134;67;315;city237;119;123;city161;453;290;city96;200;391;city95;175;80;city209;156;22;city295;267;373;city125;266;183;city174;6;346;city190;480;23;city55;14;198;city248
157;city95;499;144;city217;440;461;city227;37;25;city158;400;445;city183;25;44;city80;52;22;city113;475;256;city221;364;51;city243;365;295;city197;99;245;city82;65;313;city50;171;494;city284;42;354;city259;31;40;city75;474;490;city242
162;city67;297;61;city200;444;60;city218;343;48;city163;296;109;city260;408;434;city170;343;9;city146;191;74;city183;452;494;city186
154;city185;369;487;city138;392;483;city263;37;48;city238;344;249;city128;348;421;city81;145;405;city76;350;323;city218;273;438;city85;152;457;city131;18;179;city153;476;435;city206;79;486;city257;219;270;city189
167;city299;187;499;city173;189;500;city210;427;391;city296;50;278;city121;109;206;city212;125;279;city187;189;102;city76;268;487;city291;193;119;city295;210;411;city223;490;46;city205
141;city275;231;356;city163;165;450;city299;271;126;city66;20;188;city135;358;138;city100;468;429;city69
149;city209;181;301;city238;218;36;city293;337;471;city150;181;348;city186;335;383;city136;454;100;city223;305;140;city62;428;376;city273;454;271;city228;218;230;city260;161;146;city224
163;city87;217;383;city50;350;351;city209;283;149;city89;84;396;city179;7;480;city205;288;372;city112;495;70;city111;254;411;city221;288;71;city235;167;397;city72;432;227;city177;238;250;city151;101;394;city159;249;488;city58
143;city191;308;426;city196;154;347;city97;177;46;city284;334;134;city228;295;114;city200;201;235;city138;344;263;city265;389;471;city58;228;371;city209;71;433;city180;183;494;city257;66;386;city252;318;143;city101;110;213;city274;211;289;city153;379;474;city134;173;68;city92;367;290;city60;47;249;city173
138;city137;149;238;city148;439;218;city100;239;6;city90
158;city170;110;280;city160;425;204;city118;323;16;city75;368;26;city184;144;219;city83;61;98;city205;274;88;city108;369;303;city241;468;178;city89;247;131;city219;418;454;city181;155;39;city192;27;348;city200;459;378;city101
145;city105;15;356;city257
127;city195;108;389;city276
128;city99;404;439;city108;486;499;city177;483;189;city262
143;city191;308;426;city196;154;347;city97;177;46;city284;334;134;city228;295;114;city200;201;235;city138;344;263;city265;389;471;city58;228;371;city209;71;433;city180;183;494;city257;66;386;city252;318;143;city101;110;213;city274;211;289;city153;379;474;city134;173;68;city92;367;290;city60;47;249;city173
160;city297;416;147;city139;159;423;city163;193;368;city75;407;273;city61;42;405;city82;145;357;city81;438;242;city62;168;370;city248;31;400;city111;471;42;city64;438;114;city251;385;235;city178;492;36;city289;408;8;city232;396;130;city291;57;307;city223
133;city92;183;321;city65
146;city51;486;348;city240;258;54;city121;144;169;city162
127;city195;108;389;city276
155;city123;408;389;city157;47;479;city269;351;435;city265;163;310;city189
162;city67;297;61;city200;444;60;city218;343;48;city163;296;109;city260;408;434;city170;343;9;city146;191;74;city183;452;494;city186
155;city123;408;389;city157;47;479;city269;351;435;city265;163;310;city189
150;city212;342;135;city65;249;395;city87;452;138;city276;421;437;city55;349;447;city122;172;424;city144;251;77;city72;343;226;city204;436;229;city150
174;city199;35;449;city114;117;72;city133;438;114;city223;14;283;city119;163;283;city215;342;52;city252;375;303;city266;215;341;city174;470;472;city193;360;203;city136;212;248;city240;272;259;city128
131;city87;370;8529;city288;29;116;city176;491;352;city135;371;65;city291;303;492;city66;108;158;city281;364;217;city58;435;160;city267;117;97;city139;69;466;city132
152;city65;356;327;city183;64;354;city106
153;city174;410;45;city230;27;216;city273
142;city99;402;306;city296;387;424;city287;446;149;city152;161;71;city177;440;269;city227;371;440;city67;300;416;city277;452;15;city130;161;201;city58
155;city123;408;389;city157;47;479;city269;351;435;city265;163;310;city189
167;city299;187;499;city173;189;500;city210;427;391;city296;50;278;city121;109;206;city212;125;279;city187;189;102;city76;268;487;city291;193;119;city295;210;411;city223;490;46;city205
162;city67;297;61;city200;444;60;city218;343;48;city163;296;109;city260;408;434;city170;343;9;city146;191;74;city183;452;494;city186
168;city60;315;131;city230;119;430;city299;412;25;city264;495;54;city91;36;423;city187;351;56;city90;65;64;city137;68;328;city224;98;157;city208;224;105;city203;94;466;city281;207;180;city146;177;463;city114
128;city99;404;439;city108;486;499;city177;483;189;city262
171;city189;10;67;city112;417;127;city94;91;498;city60;319;395;city101;52;197;city113;66;229;city84;82;421;city93;103;93;city142;266;293;city194
169;city145;304;344;city216;276;197;city293;298;19;city142;203;212;city141
161;city214;470;489;city252;153;334;city142;133;197;city59;387;379;city192;57;104;city286;64;480;city227;198;286;city193;137;380;city296;126;13;city144;416;423;city226;351;458;city256;270;54;city283;40;404;city180

153;city174;410;45;city230;27;216;city273
156;city60;133;438;city272;50;194;city139;328;223;city266;246;341;city115;84;200;city211;37;281;city258;196;456;city275
126;city51;315;255;city127
152;city65;356;327;city183;64;354;city106
162;city67;297;61;city200;444;60;city218;343;48;city163;296;109;city260;408;434;city170;343;9;city146;191;74;city183;452;494;city186
131;city87;370;8529;city288;29;116;city176;491;352;city135;371;65;city291;303;492;city66;108;158;city281;364;217;city58;435;160;city267;117;97;city139;69;466;city132
134;city74;251;237;city297
166;city294;146;374;city188;243;327;city212;157;193;city239;274;338;city85;278;410;city236;367;121;city277;479;369;city57;45;176;city127;222;371;city116;426;460;city269;493;371;city195;410;52;city197;209;435;city61
155;city123;408;389;city157;47;479;city269;351;435;city265;163;310;city189
160;city297;416;147;city139;159;423;city163;193;368;city75;407;273;city61;42;405;city82;145;357;city81;438;242;city62;168;370;city248;31;400;city111;471;42;city64;438;114;city251;385;235;city178;492;36;city289;408;8;city232;396;130;city291;57;307;city223
168;city60;315;131;city230;119;430;city299;412;25;city264;495;54;city91;36;423;city187;351;56;city90;65;64;city137;68;328;city224;98;157;city208;224;105;city203;94;466;city281;207;180;city146;177;463;city114
147;city108;430;205;city197;418;282;city185;322;322;city188;482;58;city276;144;233;city51;375;363;city286;459;419;city125;195;301;city189;70;213;city84;118;69;city193;208;458;city111
154;city185;369;487;city138;392;483;city263;37;48;city238;344;249;city128;348;421;city81;145;405;city76;350;323;city218;273;438;city85;152;457;city131;18;179;city153;476;435;city206;79;486;city257;219;270;city189
132;city138;149;110;city262;102;230;city66;278;397;city190;157;49;city199;186;20;city73;146;322;city89;9;103;city113;238;340;city168;248;442;city275;140;362;city247
149;city209;181;301;city238;218;36;city293;337;471;city150;181;348;city186;335;383;city136;454;100;city223;305;140;city62;428;376;city273;454;271;city228;218;230;city260;161;146;city224
157;city95;499;144;city217;440;461;city227;37;25;city158;400;445;city183;25;44;city80;52;22;city113;475;256;city221;364;51;city243;365;295;city197;99;245;city82;65;313;city50;171;494;city284;42;354;city259;31;40;city75;474;490;city242
168;city60;315;131;city230;119;430;city299;412;25;city264;495;54;city91;36;423;city187;351;56;city90;65;64;city137;68;328;city224;98;157;city208;224;105;city203;94;466;city281;207;180;city146;177;463;city114
157;city95;499;144;city217;440;461;city227;37;25;city158;400;445;city183;25;44;city80;52;22;city113;475;256;city221;364;51;city243;365;295;city197;99;245;city82;65;313;city50;171;494;city284;42;354;city259;31;40;city75;474;490;city242
139;city126;456;193;city260;482;399;city244;445;479;city270;460;214;city219;279;258;city90
143;city191;308;426;city196;154;347;city97;177;46;city284;334;134;city228;295;114;city200;201;235;city138;344;263;city265;389;471;city58;228;371;city209;71;433;city180;183;494;city257;66;386;city252;318;143;city101;110;213;city274;211;289;city153;379;474;city134;173;68;city92;367;290;city60;47;249;city173
173;city256;221;114;city277;237;452;city217;479;225;city237;122;342;city158;428;366;city135;269;89;city278;417;257;city294
156;city60;133;438;city272;50;194;city139;328;223;city266;246;341;city115;84;200;city211;37;281;city258;196;456;city275
164;city225;491;56;city67;439;356;city96;327;78;city59;498;126;city196;173;215;city114;286;100;city195;490;56;city248;143;499;city90;446;203;city54;216;99;city263;485;422;city193
135;city219;393;33;city198;310;403;city291;98;184;city196;256;486;city224;50;365;city206;139;340;city284;234;329;city242;234;207;city258;418;113;city67;161;210;city128;458;109;city58;56;18;city188
165;city116;383;149;city179;282;420;city130
138;city137;149;238;city148;439;218;city100;239;6;city90
143;city191;308;426;city196;154;347;city97;177;46;city284;334;134;city228;295;114;city200;201;235;city138;344;263;city265;389;471;city58;228;371;city209;71;433;city180;183;494;city257;66;386;city252;318;143;city101;110;213;city274;211;289;city153;379;474;city134;173;68;city92;367;290;city60;47;249;city173
142;city99;402;306;city296;387;424;city287;446;149;city152;161;71;city177;440;269;city227;371;440;city67;300;416;city277;452;15;city130;161;201;city58

145;city105;15;356;city257
145;city105;15;356;city257
157;city95;499;144;city217;440;461;city227;37;25;city158;400;445;city183;25;44;city80;52;22;city113;475;256;city221;364;51;city243;365;295;city197;99;245;city82;65;313;city50;171;494;city284;42;354;city259;31;40;city75;474;490;city242
146;city51;486;348;city240;258;54;city121;144;169;city162
137;city94;451;239;city122;405;434;city280;310;200;city275;46;100;city85;404;318;city299;449;464;city156;239;17;city189;149;474;city283;405;275;city184
172;city124;410;30;city118;103;305;city285;345;190;city216;375;468;city91;365;404;city160;486;404;city211
154;city185;369;487;city138;392;483;city263;37;48;city238;344;249;city128;348;421;city81;145;405;city76;350;323;city218;273;438;city85;152;457;city131;18;179;city153;476;435;city206;79;486;city257;219;270;city189
135;city219;393;33;city198;310;403;city291;98;184;city196;256;486;city224;50;365;city206;139;340;city284;234;329;city242;234;207;city258;418;113;city67;161;210;city128;458;109;city58;56;18;city188
128;city99;404;439;city108;486;499;city177;483;189;city262
141;city275;231;356;city163;165;450;city299;271;126;city66;20;188;city135;358;138;city100;468;429;city69
171;city189;10;67;city112;417;127;city94;91;498;city60;319;395;city101;52;197;city113;66;229;city84;82;421;city93;103;93;city142;266;293;city194
155;city123;408;389;city157;47;479;city269;351;435;city265;163;310;city189
125;city76;445;480;city238;288;46;city67;276;487;city242;483;246;city263;184;232;city280;218;172;city190;478;352;city178;235;113;city286
153;city174;410;45;city230;27;216;city273
153;city174;410;45;city230;27;216;city273
141;city275;231;356;city163;165;450;city299;271;126;city66;20;188;city135;358;138;city100;468;429;city69
163;city87;217;383;city50;350;351;city209;283;149;city89;84;396;city179;7;480;city205;288;372;city112;495;70;city111;254;411;city221;288;71;city235;167;397;city72;432;227;city177;238;250;city151;101;394;city159;249;488;city58
148;city105;11;68;city162;266;14;city234;75;232;city112;422;409;city101;180;104;city165;258;217;city113;485;446;city216;329;4688;city204;242;32;city91;405;181;city244;451;76;city75;234;241;city183;483;287;city176;462;138;city271;69;256;city289;195;101;city198
161;city214;470;489;city252;153;334;city142;133;197;city59;387;379;city192;57;104;city286;64;480;city227;198;286;city193;137;380;city296;126;13;city144;416;423;city226;351;458;city256;270;54;city283;40;404;city180
174;city199;35;449;city114;117;72;city133;438;114;city223;14;283;city119;163;283;city215;342;52;city252;375;303;city266;215;341;city174;470;472;city193;360;203;city136;212;248;city240;272;259;city128
142;city99;402;306;city296;387;424;city287;446;149;city152;161;71;city177;440;269;city227;371;440;city67;300;416;city277;452;15;city130;161;201;city58
152;city65;356;327;city183;64;354;city106
159;city113;421;159;city71;436;446;city132;333;478;city116;9;242;city281;82;322;city231;211;366;city75;163;487;city62
147;city108;430;205;city197;418;282;city185;322;322;city188;482;58;city276;144;233;city51;375;363;city286;459;419;city125;195;301;city189;70;213;city84;118;69;city193;208;458;city111
137;city94;451;239;city122;405;434;city280;310;200;city275;46;100;city85;404;318;city299;449;464;city156;239;17;city189;149;474;city283;405;275;city184
160;city297;416;147;city139;159;423;city163;193;368;city75;407;273;city61;42;405;city82;145;357;city81;438;242;city62;168;370;city248;31;400;city111;471;42;city64;438;114;city251;385;235;city178;492;36;city289;408;8;city232;396;130;city291;57;307;city223
159;city113;421;159;city71;436;446;city132;333;478;city116;9;242;city281;82;322;city231;211;366;city75;163;487;city62
142;city99;402;306;city296;387;424;city287;446;149;city152;161;71;city177;440;269;city227;371;440;city67;300;416;city277;452;15;city130;161;201;city58
165;city116;383;149;city179;282;420;city130

167;city299;187;499;city173;189;500;city210;427;391;city296;50;278;city121;109;206;city212;125;279;city187;189;102;city76;268;487;city291;193;119;city295;210;411;city223;490;46;city205
168;city60;315;131;city230;119;430;city299;412;25;city264;495;54;city91;36;423;city187;351;56;city90;65;64;city137;68;328;city224;98;157;city208;224;105;city203;94;466;city281;207;180;city146;177;463;city114
141;city275;231;356;city163;165;450;city299;271;126;city66;20;188;city135;358;138;city100;468;429;city69
130;city252;421;485;city217;198;113;city128;140;205;city113;72;155;city296;4;440;city275;242;121;city73;471;12;city222;400;293;city65;289;455;city293;252;162;city188;251;410;city153;4;73;city93;206;366;city133;213;432;city203;284;174;city100
150;city212;342;135;city65;249;395;city87;452;138;city276;421;437;city55;349;447;city122;172;424;city144;251;77;city72;343;226;city204;436;229;city150
148;city105;11;68;city162;266;14;city234;75;232;city112;422;409;city101;180;104;city165;258;217;city113;485;446;city216;329;4688;city204;242;32;city91;405;181;city244;451;76;city75;234;241;city183;483;287;city176;462;138;city271;69;256;city289;195;101;city198
162;city67;297;61;city200;444;60;city218;343;48;city163;296;109;city260;408;434;city170;343;9;city146;191;74;city183;452;494;city186
174;city199;35;449;city114;117;72;city133;438;114;city223;14;283;city119;163;283;city215;342;52;city252;375;303;city266;215;341;city174;470;472;city193;360;203;city136;212;248;city240;272;259;city128
126;city51;315;255;city127
147;city108;430;205;city197;418;282;city185;322;322;city188;482;58;city276;144;233;city51;375;363;city286;459;419;city125;195;301;city189;70;213;city84;118;69;city193;208;458;city111
130;city252;421;485;city217;198;113;city128;140;205;city113;72;155;city296;4;440;city275;242;121;city73;471;12;city222;400;293;city65;289;455;city293;252;162;city188;251;410;city153;4;73;city93;206;366;city133;213;432;city203;284;174;city100
135;city219;393;33;city198;310;403;city291;98;184;city196;256;486;city224;50;365;city206;139;340;city284;234;329;city242;234;207;city258;418;113;city67;161;210;city128;458;109;city58;56;18;city188
173;city256;221;114;city277;237;452;city217;479;225;city237;122;342;city158;428;366;city135;269;89;city278;417;257;city294
137;city94;451;239;city122;405;434;city280;310;200;city275;46;100;city85;404;318;city299;449;464;city156;239;17;city189;149;474;city283;405;275;city184
150;city212;342;135;city65;249;395;city87;452;138;city276;421;437;city55;349;447;city122;172;424;city144;251;77;city72;343;226;city204;436;229;city150
128;city99;404;439;city108;486;499;city177;483;189;city262
173;city256;221;114;city277;237;452;city217;479;225;city237;122;342;city158;428;366;city135;269;89;city278;417;257;city294
161;city214;470;489;city252;153;334;city142;133;197;city59;387;379;city192;57;104;city286;64;480;city227;198;286;city193;137;380;city296;126;13;city144;416;423;city226;351;458;city256;270;54;city283;40;404;city180
171;city189;10;67;city112;417;127;city94;91;498;city60;319;395;city101;52;197;city113;66;229;city84;82;421;city93;103;93;city142;266;293;city194
166;city294;146;374;city188;243;327;city212;157;193;city239;274;338;city85;278;410;city236;367;121;city277;479;369;city57;45;176;city127;222;371;city116;426;460;city269;493;371;city195;410;52;city197;209;435;city61
161;city214;470;489;city252;153;334;city142;133;197;city59;387;379;city192;57;104;city286;64;480;city227;198;286;city193;137;380;city296;126;13;city144;416;423;city226;351;458;city256;270;54;city283;40;404;city180
151;city183;40;425;city134;67;315;city237;119;123;city161;453;290;city96;200;391;city95;175;80;city209;156;22;city295;267;373;city125;266;183;city174;6;346;city190;480;23;city55;14;198;city248
141;city275;231;356;city163;165;450;city299;271;126;city66;20;188;city135;358;138;city100;468;429;city69
157;city95;499;144;city217;440;461;city227;37;25;city158;400;445;city183;25;44;city80;52;22;city113;475;256;city221;364;51;city243;365;295;city197;99;245;city82;65;313;city50;171;494;city284;42;354;city259;31;40;city75;474;490;city242
165;city116;383;149;city179;282;420;city130
152;city65;356;327;city183;64;354;city106
145;city105;15;356;city257
170;city219;462;167;city280;40;304;city157;161;328;city260;101;488;city92;498;19;city263;253;156;city168;63;421;city114;129;292;city131;260;10;city159;52;202;city283;155;188;city202;41;92;city139;159;413;city204;147;355;city117;435;467;city81;276;156;city163;198;191;city187;476;91;city75;203;64;city277
134;city74;251;237;city297
141;city275;231;356;city163;165;450;city299;271;126;city66;20;188;city135;358;138;city100;468;429;city69
156;city60;133;438;city272;50;194;city139;328;223;city266;246;341;city115;84;200;city211;37;281;city258;196;456;city275
128;city99;404;439;city108;486;499;city177;483;189;city262
133;city92;183;321;city65
128;city99;404;439;city108;486;499;city177;483;189;city262
158;city170;110;280;city160;425;204;city118;323;16;city75;368;26;city184;144;219;city83;61;98;city205;274;88;city108;369;303;city241;468;178;city89;247;131;city219;418;454;city181;155;39;city192;27;348;city200;459;378;city101
127;city195;108;389;city276
139;city126;456;193;city260;482;399;city244;445;479;city270;460;214;city219;279;258;city90
157;city95;499;144;city217;440;461;city227;37;25;city158;400;445;city183;25;44;city80;52;22;city113;475;256;city221;364;51;city243;365;295;city197;99;245;city82;65;313;city50;171;494;city284;42;354;city259;31;40;city75;474;490;city242
155;city123;408;389;city157;47;479;city269;351;435;city265;163;310;city189
133;city92;183;321;city65
127;city195;108;389;city276
163;city87;217;383;city50;350;351;city209;283;149;city89;84;396;city179;7;480;city205;288;372;city112;495;70;city111;254;411;city221;288;71;city235;167;397;city72;432;227;city177;238;250;city151;101;394;city159;249;488;city58
171;city189;10;67;city112;417;127;city94;91;498;city60;319;395;city101;52;197;city113;66;229;city84;82;421;city93;103;93;city142;266;293;city194
159;city113;421;159;city71;436;446;city132;333;478;city116;9;242;city281;82;322;city231;211;366;city75;163;487;city62
128;city99;404;439;city108;486;499;city177;483;189;city262
157;city95;499;144;city217;440;461;city227;37;25;city158;400;445;city183;25;44;city80;52;22;city113;475;256;city221;364;51;city243;365;295;city197;99;245;city82;65;313;city50;171;494;city284;42;354;city259;31;40;city75;474;490;city242
139;city126;456;193;city260;482;399;city244;445;479;city270;460;214;city219;279;258;city90
127;city195;108;389;city276
148;city105;11;68;city162;266;14;city234;75;232;city112;422;409;city101;180;104;city165;258;217;city113;485;446;city216;329;4688;city204;242;32;city91;405;181;city244;451;76;city75;234;241;city183;483;287;city176;462;138;city271;69;256;city289;195;101;city198
173;city256;221;114;city277;237;452;city217;479;225;city237;122;342;city158;428;366;city135;269;89;city278;417;257;city294
166;city294;146;374;city188;243;327;city212;157;193;city239;274;338;city85;278;410;city236;367;121;city277;479;369;city57;45;176;city127;222;371;city116;426;460;city269;493;371;city195;410;52;city197;209;435;city61
145;city105;15;356;city257
151;city183;40;425;city134;67;315;city237;119;123;city161;453;290;city96;200;391;city95;175;80;city209;156;22;city295;267;373;city125;266;183;city174;6;346;city190;480;23;city55;14;198;city248
130;city252;421;485;city217;198;113;city128;140;205;city113;72;155;city296;4;440;city275;242;121;city73;471;12;city222;400;293;city65;289;455;city293;252;162;city188;251;410;city153;4;73;city93;206;366;city133;213;432;city203;284;174;city100
164;city225;491;56;city67;439;356;city96;327;78;city59;498;126;city196;173;215;city114;286;100;city195;490;56;city248;143;499;city90;446;203;city54;216;99;city263;485;422;city193
130;city252;421;485;city217;198;113;city128;140;205;city113;72;155;city296;4;440;city275;242;121;city73;471;12;city222;400;293;city65;289;455;city293;252;162;city188;251;410;city153;4;73;city93;206;366;city133;213;432;city203;284;174;city100
139;city126;456;193;city260;482;399;city244;445;479;city270;460;214;city219;279;258;city90
146;city51;486;348;city240;258;54;city121;144;169;city162
158;city170;110;280;city160;425;204;city118;323;16;city75;368;26;city184;144;219;city83;61;98;city205;274;88;city108;369;303;city241;468;178;city89;247;131;city219;418;454;city181;155;39;city192;27;348;city200;459;378;city101
171;city189;10;67;city112;417;127;city94;91;498;city60;319;395;city101;52;197;city113;66;229;city84;82;421;city93;103;93;city142;266;293;city194
165;city116;383;149;city179;282;420;city130
158;city170;110;280;city160;425;204;city118;323;16;city75;368;26;city184;144;219;city83;61;98;city205;274;88;city108;369;303;city241;468;178;city89;247;131;city219;418;454;city181;155;39;city192;27;348;city200;459;378;city101
154;city185;369;487;city138;392;483;city263;37;48;city238;344;249;city128;348;421;city81;145;405;city76;350;323;city218;273;438;city85;152;457;city131;18;179;city153;476;435;city206;79;486;city257;219;270;city189
132;city138;149;110;city262;102;230;city66;278;397;city190;157;49;city199;186;20;city73;146;322;city89;9;103;city113;238;340;city168;248;442;city275;140;362;city247
143;city191;308;426;city196;154;347;city97;177;46;city284;334;134;city228;295;114;city200;201;235;city138;344;263;city265;389;471;city58;228;371;city209;71;433;city180;183;494;city257;66;386;city252;318;143;city101;110;213;city274;211;289;city153;379;474;city134;173;68;city92;367;290;city60;47;249;city173
167;city299;187;499;city173;189;500;city210;427;391;city296;50;278;city121;109;206;city212;125;279;city187;189;102;city76;268;487;city291;193;119;city295;210;411;city223;490;46;city205
160;city297;416;147;city139;159;423;city163;193;368;city75;407;273;city61;42;405;city82;145;357;city81;438;242;city62;168;370;city248;31;400;city111;471;42;city64;438;114;city251;385;235;city178;492;36;city289;408;8;city232;396;130;city291;57;307;city223
139;city126;456;193;city260;482;399;city244;445;479;city270;460;214;city219;279;258;city90
159;city113;421;159;city71;436;446;city132;333;478;city116;9;242;city281;82;322;city231;211;366;city75;163;487;city62
155;city123;408;389;city157;47;479;city269;351;435;city265;163;310;city189
131;city87;370;8529;city288;29;116;city176;491;352;city135;371;65;city291;303;492;city66;108;158;city281;364;217;city58;435;160;city267;117;97;city139;69;466;city132
146;city51;486;348;city240;258;54;city121;144;169;city162
130;city252;421;485;city217;198;113;city128;140;205;city113;72;155;city296;4;440;city275;242;121;city73;471;12;city222;400;293;city65;289;455;city293;252;162;city188;251;410;city153;4;73;city93;206;366;city133;213;432;city203;284;174;city100
150;city212;342;135;city65;249;395;city87;452;138;city276;421;437;city55;349;447;city122;172;424;city144;251;77;city72;343;226;city204;436;229;city150
144;city298;168;57;city224;189;228;city280;407;240;city51;108;457;city144;203;131;city166;105;251;city211;479;111;city230
166;city294;146;374;city188;243;327;city212;157;193;city239;274;338;city85;278;410;city236;367;121;city277;479;369;city57;45;176;city127;222;371;city116;426;460;city269;493;371;city195;410;52;city197;209;435;city61
149;city209;181;301;city238;218;36;city293;337;471;city150;181;348;city186;335;383;city136;454;100;city223;305;140;city62;428;376;city273;454;271;city228;218;230;city260;161;146;city224
155;city123;408;389;city157;47;479;city269;351;435;city265;163;310;city189
161;city214;470;489;city252;153;334;city142;133;197;city59;387;379;city192;57;104;city286;64;480;city227;198;286;city193;137;380;city296;126;13;city144;416;423;city226;351;458;city256;270;54;city283;40;404;city180
159;city113;421;159;city71;436;446;city132;333;478;city116;9;242;city281;82;322;city231;211;366;city75;163;487;city62
172;city124;410;30;city118;103;305;city285;345;190;city216;375;468;city91;365;404;city160;486;404;city211
138;city137;149;238;city148;439;218;city100;239;6;city90
127;city195;108;389;city276
170;city219;462;167;city280;40;304;city157;161;328;city260;101;488;city92;498;19;city263;253;156;city168;63;421;city114;129;292;city131;260;10;city159;52;202;city283;155;188;city202;41;92;city139;159;413;city204;147;355;city117;435;467;city81;276;156;city163;198;191;city187;476;91;city75;203;64;city277
143;city191;308;426;city196;154;347;city97;177;46;city284;334;134;city228;295;114;city200;201;235;city138;344;263;city265;389;471;city58;228;371;city209;71;433;city180;183;494;city257;66;386;city252;318;143;city101;110;213;city274;211;289;city153;379;474;city134;173;68;city92;367;290;city60;47;249;city173
153;city174;410;45;city230;27;216;city273
170;city219;462;167;city280;40;304;city157;161;328;city260;101;488;city92;498;19;city263;253;156;city168;63;421;city114;129;292;city131;260;10;city159;52;202;city283;155;188;city202;41;92;city139;159;413;city204;147;355;city117;435;467;city81;276;156;city163;198;191;city187;476;91;city75;203;64;city277
128;city99;404;439;city108;486;499;city177;483;189;city262
151;city183;40;425;city134;67;315;city237;119;123;city161;453;290;city96;200;391;city95;175;80;city209;156;22;city295;267;373;city125;266;183;city174;6;346;city190;480;23;city55;14;198;city248
128;city99;404;439;city108;486;499;city177;483;189;city262
158;city170;110;280;city160;425;204;city118;323;16;city75;368;26;city184;144;219;city83;61;98;city205;274;88;city108;369;303;city241;468;178;city89;247;131;city219;418;454;city181;155;39;city192;27;348;city200;459;378;city101
128;city99;404;439;city108;486;499;city177;483;189;city262
135;city219;393;33;city198;310;403;city291;98;184;city196;256;486;city224;50;365;city206;139;340;city284;234;329;city242;234;207;city258;418;113;city67;161;210;city128;458;109;city58;56;18;city188
131;city87;370;8529;city288;29;116;city176;491;352;city135;371;65;city291;303;492;city66;108;158;city281;364;217;city58;435;160;city267;117;97;city139;69;466;city132
147;city108;430;205;city197;418;282;city185;322;322;city188;482;58;city276;144;233;city51;375;363;city286;459;419;city125;195;301;city189;70;213;city84;118;69;city193;208;458;city111
156;city60;133;438;city272;50;194;city139;328;223;city266;246;341;city115;84;200;city211;37;281;city258;196;456;city275
166;city294;146;374;city188;243;327;city212;157;193;city239;274;338;city85;278;410;city236;367;121;city277;479;369;city57;45;176;city127;222;371;city116;426;460;city269;493;371;city195;410;52;city197;209;435;city61
142;city99;402;306;city296;387;424;city287;446;149;city152;161;71;city177;440;269;city227;371;440;city67;300;416;city277;452;15;city130;161;201;city58
159;city113;421;159;city71;436;446;city132;333;478;city116;9;242;city281;82;322;city231;211;366;city75;163;487;city62
173;city256;221;114;city277;237;452;city217;479;225;city237;122;342;city158;428;366;city135;269;89;city278;417;257;city294
166;city294;146;374;city188;243;327;city212;157;193;city239;274;338;city85;278;410;city236;367;121;city277;479;369;city57;45;176;city127;222;371;city116;426;460;city269;493;371;city195;410;52;city197;209;435;city61
148;city105;11;68;city162;266;14;city234;75;232;city112;422;409;city101;180;104;city165;258;217;city113;485;446;city216;329;4688;city204;242;32;city91;405;181;city244;451;76;city75;234;241;city183;483;287;city176;462;138;city271;69;256;city289;195;101;city198
149;city209;181;301;city238;218;36;city293;337;471;city150;181;348;city186;335;383;city136;454;100;city223;305;140;city62;428;376;city273;454;271;city228;218;230;city260;161;146;city224
170;city219;462;167;city280;40;304;city157;161;328;city260;101;488;city92;498;19;city263;253;156;city168;63;421;city114;129;292;city131;260;10;city159;52;202;city283;155;188;city202;41;92;city139;159;413;city204;147;355;city117;435;467;city81;276;156;city163;198;191;city187;476;91;city75;203;64;city277
146;city51;486;348;city240;258;54;city121;144;169;city162
165;city116;383;149;city179;282;420;city130
126;city51;315;255;city127
168;city60;315;131;city230;119;430;city299;412;25;city264;495;54;city91;36;423;city187;351;56;city90;65;64;city137;68;328;city224;98;157;city208;224;105;city203;94;466;city281;207;180;city146;177;463;city114
146;city51;486;348;city240;258;54;city121;144;169;city162
147;city108;430;205;city197;418;282;city185;322;322;city188;482;58;city276;144;233;city51;375;363;city286;459;419;city125;195;301;city189;70;213;city84;118;69;city193;208;458;city111
150;city212;342;135;city65;249;395;city87;452;138;city276;421;437;city55;349;447;city122;172;424;city144;251;77;city72;343;226;city204;436;229;city150
125;city76;445;480;city238;288;46;city67;276;487;city242;483;246;city263;184;232;city280;218;172;city190;478;352;city178;235;113;city286
167;city299;187;499;city173;189;500;city210;427;391;city296;50;278;city121;109;206;city212;125;279;city187;189;102;city76;268;487;city291;193;119;city295;210;411;city223;490;46;city205
165;city116;383;149;city179;282;420;city130
140;city153;37;107;city195;3;289;city166;311;178;city267
130;city252;421;485;city217;198;113;city128;140;205;city113;72;155;city296;4;440;city275;242;121;city73;471;12;city222;400;293;city65;289;455;city293;252;162;city188;251;410;city153;4;73;city93;206;366;city133;213;432;city203;284;174;city100
174;city199;35;449;city114;117;72;city133;438;114;city223;14;283;city119;163;283;city215;342;52;city252;375;303;city266;215;341;city174;470;472;city193;360;203;city136;212;248;city240;272;259;city128
152;city65;356;327;city183;64;354;city106
146;city51;486;348;city240;258;54;city121;144;169;city162
135;city219;393;33;city198;310;403;city291;98;184;city196;256;486;city224;50;365;city206;139;340;city284;234;329;city242;234;207;city258;418;113;city67;161;210;city128;458;109;city58;56;18;city188
137;city94;451;239;city122;405;434;city280;310;200;city275;46;100;city85;404;318;city299;449;464;city156;239;17;city189;149;474;city283;405;275;city184
132;city138;149;110;city262;102;230;city66;278;397;city190;157;49;city199;186;20;city73;146;322;city89;9;103;city113;238;340;city168;248;442;city275;140;362;city247
163;city87;217;383;city50;350;351;city209;283;149;city89;84;396;city179;7;480;city205;288;372;city112;495;70;city111;254;411;city221;288;71;city235;167;397;city72;432;227;city177;238;250;city151;101;394;city159;249;488;city58
148;city105;11;68;city162;266;14;city234;75;232;city112;422;409;city101;180;104;city165;258;217;city113;485;446;city216;329;4688;city204;242;32;city91;405;181;city244;451;76;city75;234;241;city183;483;287;city176;462;138;city271;69;256;city289;195;101;city198
156;city60;133;438;city272;50;194;city139;328;223;city266;246;341;city115;84;200;city211;37;281;city258;196;456;city275
167;city299;187;499;city173;189;500;city210;427;391;city296;50;278;city121;109;206;city212;125;279;city187;189;102;city76;268;487;city291;193;119;city295;210;411;city223;490;46;city205
131;city87;370;8529;city288;29;116;city176;491;352;city135;371;65;city291;303;492;city66;108;158;city281;364;217;city58;435;160;city267;117;97;city139;69;466;city132
151;city183;40;425;city134;67;315;city237;119;123;city161;453;290;city96;200;391;city95;175;80;city209;156;22;city295;267;373;city125;266;183;city174;6;346;city190;480;23;city55;14;198;city248
126;city51;315;255;city127
129;city247;289;360;city105;496;282;city98;161;107;city118;226;260;city173;160;399;city169
147;city108;430;205;city197;418;282;city185;322;322;city188;482;58;city276;144;233;city51;375;363;city286;459;419;city125;195;301;city189;70;213;city84;118;69;city193;208;458;city111
154;city185;369;487;city138;392;483;city263;37;48;city238;344;249;city128;348;421;city81;145;405;city76;350;323;city218;273;438;city85;152;457;city131;18;179;city153;476;435;city206;79;486;city257;219;270;city189
162;city67;297;61;city200;444;60;city218;343;48;city163;296;109;city260;408;434;city170;343;9;city146;191;74;city183;452;494;city186
168;city60;315;131;city230;119;430;city299;412;25;city264;495;54;city91;36;423;city187;351;56;city90;65;64;city137;68;328;city224;98;157;city208;224;105;city203;94;466;city281;207;180;city146;177;463;city114
159;city113;421;159;city71;436;446;city132;333;478;city116;9;242;city281;82;322;city231;211;366;city75;163;487;city62
137;city94;451;239;city122;405;434;city280;310;200;city275;46;100;city85;404;318;city299;449;464;city156;239;17;city189;149;474;city283;405;275;city184
137;city94;451;239;city122;405;434;city280;310;200;city275;46;100;city85;404;318;city299;449;464;city156;239;17;city189;149;474;city283;405;275;city184
162;city67;297;61;city200;444;60;city218;343;48;city163;296;109;city260;408;434;city170;343;9;city146;191;74;city183;452;494;city186
166;city294;146;374;city188;243;327;city212;157;193;city239;274;338;city85;278;410;city236;367;121;city277;479;369;city57;45;176;city127;222;371;city116;426;460;city269;493;371;city195;410;52;city197;209;435;city61
141;city275;231;356;city163;165;450;city299;271;126;city66;20;188;city135;358;138;city100;468;429;city69
160;city297;416;147;city139;159;423;city163;193;368;city75;407;273;city61;42;405;city82;145;357;city81;438;242;city62;168;370;city248;31;400;city111;471;42;city64;438;114;city251;385;235;city178;492;36;city289;408;8;city232;396;130;city291;57;307;city223
138;city137;149;238;city148;439;218;city100;239;6;city90
159;city113;421;159;city71;436;446;city132;333;478;city116;9;242;city281;82;322;city231;211;366;city75;163;487;city62
163;city87;217;383;city50;350;351;city209;283;149;city89;84;396;city179;7;480;city205;288;372;city112;495;70;city111;254;411;city221;288;71;city235;167;397;city72;432;227;city177;238;250;city151;101;394;city159;249;488;city58
131;city87;370;8529;city288;29;116;city176;491;352;city135;371;65;city291;303;492;city66;108;158;city281;364;217;city58;435;160;city267;117;97;city139;69;466;city132
172;city124;410;30;city118;103;305;city285;345;190;city216;375;468;city91;365;404;city160;486;404;city211
168;city60;315;131;city230;119;430;city299;412;25;city264;495;54;city91;36;423;city187;351;56;city90;65;64;city137;68;328;city224;98;157;city208;224;105;city203;94;466;city281;207;180;city146;177;463;city114
142;city99;402;306;city296;387;424;city287;446;149;city152;161;71;city177;440;269;city227;371;440;city67;300;416;city277;452;15;city130;161;201;city58
162;city67;297;61;city200;444;60;city218;343;48;city163;296;109;city260;408;434;city170;343;9;city146;191;74;city183;452;494;city186
170;city219;462;167;city280;40;304;city157;161;328;city260;101;488;city92;498;19;city263;253;156;city168;63;421;city114;129;292;city131;260;10;city159;52;202;city283;155;188;city202;41;92;city139;159;413;city204;147;355;city117;435;467;city81;276;156;city163;198;191;city187;476;91;city75;203;64;city277
160;city297;416;147;city139;159;423;city163;193;368;city75;407;273;city61;42;405;city82;145;357;city81;438;242;city62;168;370;city248;31;400;city111;471;42;city64;438;114;city251;385;235;city178;492;36;city289;408;8;city232;396;130;city291;57;307;city223
153;city174;410;45;city230;27;216;city273
147;city108;430;205;city197;418;282;city185;322;322;city188;482;58;city276;144;233;city51;375;363;city286;459;419;city125;195;301;city189;70;213;city84;118;69;city193;208;458;city111
153;city174;410;45;city230;27;216;city273
154;city185;369;487;city138;392;483;city263;37;48;city238;344;249;city128;348;421;city81;145;405;city76;350;323;city218;273;438;city85;152;457;city131;18;179;city153;476;435;city206;79;486;city257;219;270;city189
160;city297;416;147;city139;159;423;city163;193;368;city75;407;273;city61;42;405;city82;145;357;city81;438;242;city62;168;370;city248;31;400;city111;471;42;city64;438;114;city251;385;235;city178;492;36;city289;408;8;city232;396;130;city291;57;307;city223
162;city67;297;61;city200;444;60;city218;343;48;city163;296;109;city260;408;434;city170;343;9;city146;191;74;city183;452;494;city186
167;city299;187;499;city173;189;500;city210;427;391;city296;50;278;city121;109;206;city212;125;279;city187;189;102;city76;268;487;city291;193;119;city295;210;411;city223;490;46;city205
152;city65;356;327;city183;64;354;city106
156;city60;133;438;city272;50;194;city139;328;223;city266;246;341;city115;84;200;city211;37;281;city258;196;456;city275
134;city74;251;237;city297
142;city99;402;306;city296;387;424;city287;446;149;city152;161;71;city177;440;269;city227;371;440;city67;300;416;city277;452;15;city130;161;201;city58
133;city92;183;321;city65
135;city219;393;33;city198;310;403;city291;98;184;city196;256;486;city224;50;365;city206;139;340;city284;234;329;city242;234;207;city258;418;113;city67;161;210;city128;458;109;city58;56;18;city188
160;city297;416;147;city139;159;423;city163;193;368;city75;407;273;city61;42;405;city82;145;357;city81;438;242;city62;168;370;city248;31;400;city111;471;42;city64;438;114;city251;385;235;city178;492;36;city289;408;8;city232;396;130;city291;57;307;city223
164;city225;491;56;city67;439;356;city96;327;78;city59;498;126;city196;173;215;city114;286;100;city195;490;56;city248;143;499;city90;446;203;city54;216;99;city263;485;422;city193
146;city51;486;348;city240;258;54;city121;144;169;city162
141;city275;231;356;city163;165;450;city299;271;126;city66;20;188;city135;358;138;city100;468;429;city69
173;city256;221;114;city277;237;452;city217;479;225;city237;122;342;city158;428;366;city135;269;89;city278;417;257;city294
151;city183;40;425;city134;67;315;city237;119;123;city161;453;290;city96;200;391;city95;175;80;city209;156;22;city295;267;373;city125;266;183;city174;6;346;city190;480;23;city55;14;198;city248
131;city87;370;8529;city288;29;116;city176;491;352;city135;371;65;city291;303;492;city66;108;158;city281;364;217;city58;435;160;city267;117;97;city139;69;466;city132
169;city145;304;344;city216;276;197;city293;298;19;city142;203;212;city141
138;city137;149;238;city148;439;218;city100;239;6;city90
144;city298;168;57;city224;189;228;city280;407;240;city51;108;457;city144;203;131;city166;105;251;city211;479;111;city230
132;city138;149;110;city262;102;230;city66;278;397;city190;157;49;city199;186;20;city73;146;322;city89;9;103;city113;238;340;city168;248;442;city275;140;362;city247
169;city145;304;344;city216;276;197;city293;298;19;city142;203;212;city141
137;city94;451;239;city122;405;434;city280;310;200;city275;46;100;city85;404;318;city299;449;464;city156;239;17;city189;149;474;city283;405;275;city184
128;city99;404;439;city108;486;499;city177;483;189;city262
174;city199;35;449;city114;117;72;city133;438;114;city223;14;283;city119;163;283;city215;342;52;city252;375;303;city266;215;341;city174;470;472;city193;360;203;city136;212;248;city240;272;259;city128
127;city195;108;389;city276
145;city105;15;356;city257
157;city95;499;144;city217;440;461;city227;37;25;city158;400;445;city183;25;44;city80;52;22;city113;475;256;city221;364;51;city243;365;295;city197;99;245;city82;65;313;city50;171;494;city284;42;354;city259;31;40;city75;474;490;city242
156;city60;133;438;city272;50;194;city139;328;223;city266;246;341;city115;84;200;city211;37;281;city258;196;456;city275
166;city294;146;374;city188;243;327;city212;157;193;city239;274;338;city85;278;410;city236;367;121;city277;479;369;city57;45;176;city127;222;371;city116;426;460;city269;493;371;city195;410;52;city197;209;435;city61
154;city185;369;487;city138;392;483;city263;37;48;city238;344;249;city128;348;421;city81;145;405;city76;350;323;city218;273;438;city85;152;457;city131;18;179;city153;476;435;city206;79;486;city257;219;270;city189
140;city153;37;107;city195;3;289;city166;311;178;city267
154;city185;369;487;city138;392;483;city263;37;48;city238;344;249;city128;348;421;city81;145;405;city76;350;323;city218;273;438;city85;152;457;city131;18;179;city153;476;435;city206;79;486;city257;219;270;city189
145;city105;15;356;city257
162;city67;297;61;city200;444;60;city218;343;48;city163;296;109;city260;408;434;city170;343;9;city146;191;74;city183;452;494;city186
144;city298;168;57;city224;189;228;city280;407;240;city51;108;457;city144;203;131;city166;105;251;city211;479;111;city230
130;city252;421;485;city217;198;113;city128;140;205;city113;72;155;city296;4;440;city275;242;121;city73;471;12;city222;400;293;city65;289;455;city293;252;162;city188;251;410;city153;4;73;city93;206;366;city133;213;432;city203;284;174;city100
156;city60;133;438;city272;50;194;city139;328;223;city266;246;341;city115;84;200;city211;37;281;city258;196;456;city275
125;city76;445;480;city238;288;46;city67;276;487;city242;483;246;city263;184;232;city280;218;172;city190;478;352;city178;235;113;city286
152;city65;356;327;city183;64;354;city106
128;city99;404;439;city108;486;499;city177;483;189;city262
136;city109;325;324;city188;21;404;city156;317;438;city55;109;50;city79;475;15;city223;275;349;city277
145;city105;15;356;city257
146;city51;486;348;city240;258;54;city121;144;169;city162
163;city87;217;383;city50;350;351;city209;283;149;city89;84;396;city179;7;480;city205;288;372;city112;495;70;city111;254;411;city221;288;71;city235;167;397;city72;432;227;city177;238;250;city151;101;394;city159;249;488;city58
149;city209;181;301;city238;218;36;city293;337;471;city150;181;348;city186;335;383;city136;454;100;city223;305;140;city62;428;376;city273;454;271;city228;218;230;city260;161;146;city224
138;city137;149;238;city148;439;218;city100;239;6;city90
168;city60;315;131;city230;119;430;city299;412;25;city264;495;54;city91;36;423;city187;351;56;city90;65;64;city137;68;328;city224;98;157;city208;224;105;city203;94;466;city281;207;180;city146;177;463;city114
145;city105;15;356;city257
128;city99;404;439;city108;486;499;city177;483;189;city262
156;city60;133;438;city272;50;194;city139;328;223;city266;246;341;city115;84;200;city211;37;281;city258;196;456;city275
156;city60;133;438;city272;50;194;city139;328;223;city266;246;341;city115;84;200;city211;37;281;city258;196;456;city275
161;city214;470;489;city252;153;334;city142;133;197;city59;387;379;city192;57;104;city286;64;480;city227;198;286;city193;137;380;city296;126;13;city144;416;423;city226;351;458;city256;270;54;city283;40;404;city180
154;city185;369;487;city138;392;483;city263;37;48;city238;344;249;city128;348;421;city81;145;405;city76;350;323;city218;273;438;city85;152;457;city131;18;179;city153;476;435;city206;79;486;city257;219;270;city189
