

173;town907;460;324;town924;224;209;town988;445;325;town987;457;353;town909;338;171;town1032;457;173;town914;33;131;town917;465;122;town906;364;213;town996






165;town948;319;392;town1029;287;127;town1040;53;13;town903




143;town903;479;394;town963;223;486;town1015;390;88;town936;102;128;town990;285;53;town1041;151;185;town1020;466;78;town917;249;200;town1027;444;116;town941;233;160;town1024;236;154;town943;186;495;town954;412;329;town1046;243;357;town1006;243;102;town1007;334;378;town947









171;town1010;34;307;town1038;461;295;town938;305;158;town985;39;138;town900;54;205;town983;294;14;town1039;271;328;town956;242;187;town975;214;172;town933;92;225;town1006;474;109;town928;101;374;town1014;55;365;town922;223;454;town1001;98;193;town904;451;298;town968


137;town1021;227;335;town918;473;91;town975;56;282;town1020;23;301;town992;316;120;town931;334;107;town1006;32;122;town936;272;195;town929;6;357;town999




135;town1032;419;233;town953;27;296;town979;498;420;town1003;33;500;town950;440;378;town977;152;465;town955;327;315;town931;245;164;town1012;319;499;town947;232;280;town917;69;406;town965;254;472;town924;22;259;town1009;141;353;town901;186;386;town981;400;415;town990;270;365;town900;141;487;town960

165;town948;319;392;town1029;287;127;town1040;53;13;town903


161;town965;167;338;town9



173;town907;460;324;town924;224;209;town988;445;325;town987;457;353;town909;338;171;town1032;457;173;town914;33;131;town917;465;122;town906;364;213;town996




143;town903;479;394;town963;223;486;town1015;390;88;town936;102;128;town990;285;53;town1041;151;185;town1020;466;78;town917;249;200;town1027;444;116;town941;233;160;town1024;236;154;town943;186;495;town954;412;329;town1046;243;357;town1006;243;102;town1007;334;378;town947
137;town1021;227;335;town918;473;91;town975;56;282;town1020;23;301;town992;316;120;town931;334;107;town1006;32;122;town936;272;195;town929;6;357;town999

157;town938;138;329;town988;367;395;town953;403;147;town1008;117;145;town955;244;271;town1036;287;29;town1041;276;395;town1014;198;137;town1003;325;172;town997;195;97;town937
156;town1016;368;134;town1014;410;62;town1044;286;454;town989;75;424;town901;278;488;town1006;71;57;town1019;428;389;town912;27;28;town953;440;497;town915
128;town974;481;481;town1002;471;244;town932;33;446;town1039;465;355;town962;281;398;town1005;137;270;town1028;400;109;town928;90;111;town923;254;280;town1037;172;67;town922;70;150;town970;147;121;town925;37;136;town975;257;387;town986;463;348;town952;268;443;town1031;289;321;town1034
168;town906;49;347;town1017;266;371;town1040;248;119;town1004;268;394;town962;395;166;town995;124;134;town1034;22;396;town912;261;59;town901;374;251;town1011;252;385;town979;446;247;town905


139;town919;18;247;town986;89;338;town1035;429;41;town988;453;100;town903;478;143;town920;334;249;town944;324;168;town1049;354;16;town922;230;286;town1044;15;135;town907;306;346;town914;263;206;town908
135;town1032;419;233;town953;27;296;town979;498;420;town1003;33;500;town950;440;378;town977;152;465;town955;327;315;town931;245;164;town1012;319;499;town947;232;280;town917;69;406;town965;254;472;town924;22;259;town1009;141;353;town901;186;386;town981;400;415;town990;270;365;town900;141;487;town960

150;town1032;259;415;town961;99;71;town921;416;373;town930;239;27;town1022;382;379;town1006;398;477;town918;132;41;town931;379;290;town1031;139;326;town985;353;472;town1010;334;96;town913;403;471;town981;161;426;town926;77;387;town983
141;town927;245;385;town992;348;354;town1032;242;149;town1018;11;296;town1028;496;172;town1045;397;22;town912;494;289;town1001


125;town1020;103;424;town933;160;165;town1035
152;town1046;335;454;town986;335;279;town1018;256;58;town912

134;town940;451;444;t
165;town948;319;392;town1029;287;127;town1040;53;13;town903
157;town938;138;329;town988;367;395;town953;403;147;town1008;117;145;town955;244;271;town1036;287;29;town1041;276;395;town1014;198;137;town1003;325;172;town997;195;97;town937
157;town938;138;329;town988;367;395;town953;403;147;town1008;117;145;town955;244;271;town1036;287;29;town1041;276;395;town1014;198;137;town1003;325;172;town997;195;97;town937
169;town911;215;374;town104
149;town1020;355;230;town1037;114;290;town932;209;169;town923;374;334;town
161;town965;167;338;town9
1;town976;450;3;town959;424;32;town909;488;312;town1047;210;342;town911;325;174;town928;415;300;town927;340;126;town900
157;town938;138;329;town988;367;395;town953;403;147;town1008;117;145;town955;244;271;town1036;287;29;town1041;276;395;town1014;198;137;town1003;325;172;town997;195;97;town937

143;town903;479;394;town963;223;486;town1015;390;88;town936;102;128;town990;285;53;town1041;151;185;town1020;466;78;town917;249;200;town1027;444;116;town941;233;160;town1024;236;154;town943;186;495;town954;412;329;town1046;243;357;town1006;243;102;town1007;334;378;town947
147;town998;8;256;town909;482;4;town1039;489;97;town942;84;192;town1034;89;325;town1027;12;76;town971;363;406;town1021;225;136;town1004;299;228;town1035;461;414;town946
169;town911;215;374;town104
159;town981;258;73;town988;391;159;town1002;435;495;town972;468;441;town973;428;17;town922;119;334;town1030;300;11;town974;84;273;town1005
144;town957;146;487;town959;278;236;town1015;223;390;town998;101;256;town996;190;140;town943
147;town998;8;256;town909;482;4;town1039;489;97;town942;84;192;town1034;89;325;town1027;12;76;town971;363;406;town1021;225;136;town1004;299;228;town1035;461;414;town946
173;town907;460;324;town924;224;209;town988;445;325;town987;457;353;town909;338;171;town1032;457;173;town914;33;131;town917;465;122;town906;364;213;town996
131;town941;25;325;town961;163;285;town933;31;392;town927


139;town919;18;247;town986;89;338;town1035;429;41;town988;453;100;town903;478;143;town920;334;249;town944;324;168;town1049;354;16;town922;230;286;town1044;15;135;town907;306;346;town914;263;206;town908
140;town1017;280;69;town911;161;26;town974;419;160;town968;71;83;town1042;75;407;town1015;162;339;town987;55;57;town972;42;202;town961;179;323;town1018;10;77;town910;228;377;town995
147;town998;8;256;town909;482;4;town1039;489;97;town942;84;192;town1034;89;325;town1027;12;76;town971;363;406;town1021;225;136;town1004;299;228;town1035;461;414;town946

160;town926;487;206;town1001;289;7;town1034;497;383;town943;379;100;town953;81;265;town945;125;99;town961
129;town923;41;102;town916;316;303;town909;459;80;town976;361;402;town932;94;220;town970;349;468;town1008;282;74;town946;464;145;town940;482;358;town925;469;225;town955;60;312;town919;307;249;town913;217;216;town937;293;387;town1046;167;280;town979

151;town1037;297;186;town1032;241;241;town1021;488;258;town941;7;24;town905;168;345;town938;395;470;town969;257;139;town988;190;248;town993;439;417;town1034;111;159;town900;171;46;town1002;73;244;town975;458;280;town994;376;363;town1016;334;410;town991;199;135;town958;377;466;town965;420;10;town927;407;388;town989

141;town927;245;385;town992;348;354;town1032;242;149;town1018;11;296;town1028;496;172;town1045;397;22;town912;494;289;town1001


135;town1032;419;233;town953;27;296;town979;498;420;town1003;33;500;town950;440;378;town977;152;465;town955;327;315;town931;245;164;town1012;319;499;town947;232;280;town917;69;406;town965;254;472;town924;22;259;town1009;141;353;town901;186;386;town981;400;415;town990;270;365;town900;141;487;town960
130;town953;9;410;town1036;212;416;town918;308;453;town1046;234;462;town994;307;373;town923;416;333;town910;43;305;town945;403;365;town1017;42;143;town982;380;76;town964
160;town926;487;206;town1001;289;7;town1034;497;383;town943;379;100;town953;81;265;town945;125;99;town961
167;town996;211;88;town1032;440;255;town1004;365;437;town1002;404;415;t
138;town1015;263;335;town1004;52;460;town921;305;235;town919;420;441;town923;456;265;town926;119;366;town946;233;153;town1037;51;419;town1045;62;361;town910;116;127;town947;181;197;town972;317;342;town912;300;431;town954;135;140;town1044;194;432;town901;121;405;town982;455;37;town916;406;448;town1001


155;town923;359;348;town908;92;216;town901;153;372;town1020;68;132;town1030;344;13;town976;98;101;town1045;419;164;town1017;434;140;town903

164;town954;348;318;town996;279;70;town936;494;189;to
152;town1046;335;454;town986;335;279;town1018;256;58;town912
128;town974;481;481;town1002;471;244;town932;33;446;town1039;465;355;town962;281;398;town1005;137;270;town1028;400;109;town928;90;111;town923;254;280;town1037;172;67;town922;70;150;town970;147;121;town925;37;136;town975;257;387;town986;463;348;town952;268;443;town1031;289;321;town1034
137;town1021;227;335;town918;473;91;town975;56;282;town1020;23;301;town992;316;120;town931;334;107;town1006;32;122;town936;272;195;town929;6;357;town999
144;town957;146;487;town959;278;236;town1015;223;390;town998;101;5079;town996;190;140;town943
140;town1017;280;69;town911;161;26;town974;419;160;town968;71;83;town1042;75;407;town1015;162;339;town987;55;57;town972;42;202;town961;179;323;town1018;10;77;town910;228;377;town995

1;town976;450;3;town959;424;32;town909;488;312;town1047;210;342;town911;325;174;town928;415;300;town927;340;126;town900

152;town1046;335;454;town986;335;279;town1018;256;58;town912
132;town998;246;359;town927;170;446;town907;109;346;town954;418;140;town929;190;41;town918;340;161;town1020;20;167;town1015;334;349;town1012;362;473;town975;79;33;town1041;260;333;town933;479;401;town1042;251;417;town944;397;105;town961;72;71;town1003;9;73;town936;239;85;town956;363;438;town926
135;town1032;419;233;town953;27;296;town979;498;420;town1003;33;500;town950;440;378;town977;152;465;town955;327;315;town931;245;164;town1012;319;499;town947;232;280;town917;69;406;town965;254;472;town924;22;259;town1009;141;353;town901;186;386;town981;400;415;town990;270;365;town900;141;487;town960
147;town998;8;256;town909;482;4;town1039;489;97;town942;84;192;town1034;89;325;town1027;12;76;town971;363;406;town1021;225;136;town1004;299;228;town1035;461;414;town946
130;town953;9;410;town1036;212;416;town918;308;453;town1046;234;462;town994;307;373;town923;416;333;town910;43;305;town945;403;365;town1017;42;143;town982;380;76;town964
142;town963;19;470;town994;216;260;town1039;66;46;town1009;7;220;town1005;210;399;town917;355;478;town928
158;town1032;373;177;town908;284;326;town909;340;302;town986;419;150;town962;164;354;town996;431;466;town939;353;498;town927;106;92;town1003;2;325;town1017;258;448;town1009;413;369;town988;65;489;town1029;310;32;town970;274;476;town948;217;272;town933
141;town927;245;385;town992;348;354;town1032;242;149;town1018;11;296;town1028;496;172;town1045;397;22;town912;494;289;town1001
131;town941;25;325;town961;163;285;town933;31;392;town927
150;town1032;259;415;town961;99;71;town921;416;373;town930;239;27;town1022;382;379;town1006;398;477;town918;132;41;town931;379;290;town1031;139;326;town985;353;472;town1010;334;96;town913;403;471;town981;161;426;town926;77;387;town983
130;town953;9;410;town1036;212;416;town918;308;453;town1046;234;462;town994;307;373;town923;416;333;town910;43;305;town945;403;365;town1017;42;143;town982;380;76;town964

159;town981;258;73;town988;391;159;town1002;435;495;town972;468;441;town973;428;17;town922;119;334;town1030;300;11;town974;84;273;town1005
129;town923;41;102;town916;316;303;town909;459;80;town976;361;402;town932;94;220;town970;349;468;town1008;282;74;town946;464;145;town940;482;358;town925;469;225;town955;60;312;town919;307;249;town913;217;216;town937;293;387;town1046;167;280;town979
142;town963;19;470;town994;216;260;town1039;66;46;town1009;7;220;town1005;210;399;town917;355;478;town928
149;town1020;355;230;town1037;114;290;town932;209;169;town923;374;334;town
170;town900;279;4;town963;76;13;town1042;138;71;town1036;426;119;town1012
132;town998;246;359;town927;170;446;town907;109;346;town954;418;140;town929;190;41;town918;340;161;town1020;20;167;town1015;334;349;town1012;362;473;town975;79;33;town1041;260;333;town933;479;401;town1042;251;417;town944;397;105;town961;72;71;town1003;9;73;town936;239;85;town956;363;438;town926
130;town953;9;410;town1036;212;416;town918;308;453;town1046;234;462;town994;307;373;town923;416;333;town910;43;305;town945;403;365;town1017;42;143;town982;380;76;town964
