


126;town999;285;281;town923;328;169;town1010;433;51;t

126;town999;285;281;town923;328;169;town1010;433;51;t

171;town916;189;144;town985;10;103;town914;286;233;town1012;400;428;town958;79;210;town960;200;286;town930;385;152;town962;397;166;town1040;308;181;town1005;54;362;town906;212;16;town988;386;399;town971;25;115;town1044;53;369;town934;110;54;town926;100;175;town1020;379;489;town1007;488;89;town913;300;311;town1006






174;town999;348;262;town1022;34;285;town976;475;256;town984;176;230;town1034







159;town913;261;471;town1046;305;401;town1000;485;402;town918;125;176;town1005;123;22;town928;434;146;town945;97;43;town924;161;265;town973;39;381;town943;326;418;town933;313;219;town1041;78;9;town1044;445;200;town926;50;150;town902;218;419;town932;437;441;town1039;393;416;town1038;78;33;town960;166;189;town946
137;town1045;67;329;town1036;51;34;town993;17;367;town1002;319;167;town966;340;305;town991

154;town1042;341;87;town904;65;449;town909;430;154;town957;44;315;town917;208;247;town950;233;243;town955;289;111;town956;287;83;town1048;166;462;town976;35;243;to


156;town912;42;500;town908;479;169;town1010;323;50;town970;439;29;town906;241;386;town1017;107;284;town1047;35;220;town1025;400;163;town914;167;325;town951;481;492;town940;116;425;town1023;424;267;town1007;326;485;town994;251;313;town910;82;6;town952

170;town1012;359;73;town1025;45;44;town1006

134;town907;278;412;town1027;322;283;town996;23;354;town1040;378;345;town1003;261;102;town945;370;143;town955;109;194;town919;381;424;town1017;182;386;town1007;313;290;town964;55;237;town1024;363;330;town966;61;355;town1045

166;town990;221;356;town998;11;208;town919;282;55;town1021;432;292;town1033;145;295;town963;149;197;town914;248;444;town920;321;111;town973;324;263;town1014;191;11;town1040;326;200;town901;86;234;town996;325;38;town1005;258;129;town948;65;122;town1020;51;265;town983

161;town924;225;3;town997;489;22;town978;232;322;town977;156;338;town1038;115;351;town942;296;267;town1016;182;111;town923;341;331;town905;87;470;town1010;447;465;town967;182;219;town953;5;92;town990;195;235;town920;356;40;town947;379;438;town929;264;400;town1021
161;town924;225;3;town997;489;22;town978;232;322;town977;156;338;town1038;115;351;town942;296;267;town1016;182;111;town923;341;331;town905;87;470;town1010;447;465;town967;182;219;town953;5;92;town990;195;235;town920;356;40;town947;379;438;town929;264;400;town1021
166;town990;221;356;town998;11;208;town919;282;55;town1021;432;292;town1033;145;295;town963;149;197;town914;248;444;town920;321;111;town973;324;263;town1014;191;11;town1040;326;200;town901;86;234;town996;325;38;town1005;258;129;town948;65;122;town1020;51;265;town983
152;town1000;498;389;town1043;346;16;town1032;29;125;town936;434;212;town1010;288;329;town918;45;303;town988;283;447;town954;282;83;town1030;234;425;town953;54;113;town1039

167;town987;44;243;town905;190;77;town951;431;158;town1042;415;469;town981;105;282;town1016;335;54;town952;237;498;town993;282;454;town1030;419;478;town1008;428;216;t
167;town987;44;243;town905;190;77;town951;431;158;town1042;415;469;town981;105;282;town1016;335;54;town952;237;498;town993;282;454;town1030;419;478;town1008;428;216;t

144;town980;75;200;town1039;17;411;town1005;91;353;town1042;379;355;town911;455;229;town1001;319;279;town1028;31;287;town956;393;155;town969;362;231;town908;50;350;town981;99;169;town955;358;330;town920
166;town990;221;356;town998;11;208;town919;282;55;town1021;432;292;town1033;145;295;town963;149;197;town914;248;444;town920;321;111;town973;324;263;town1014;191;11;town1040;326;200;town901;86;234;town996;325;38;town1005;258;129;town948;65;122;town1020;51;265;town983

174;town999;348;262;town1022;34;285;town976;475;256;town984;176;230;town1034
163;town1002;39;354;town915;360;377;town962;228;41;town1030;198;115;town950;250;330;town966;336;50;town981;274;293;town954;397;167;town928;240;102;town990;387;131;town901;158;306;town953;95;432;town1023;80;116;town1039;233;298;town964;219;391;town929;208;426;town952
171;town916;189;144;town985;10;103;town914;286;233;town1012;400;428;town958;79;210;town960;200;286;town930;385;152;town962;397;166;town1040;308;181;town1005;54;362;town906;212;16;town988;386;399;town971;25;115;town1044;53;369;town934;110;54;town926;100;175;town1020;379;489;town1007;488;89;town913;300;311;town1006
132;town988;263;12;town962;15;15;town986;442;78;town1006;5;161;town963;25;429;town1034;272;330;town950;171;335;town960;81;84;town1035;331;429;town1013;212;236;town927;223;109;town935;453;459;town974
158;town1033;228;433;town989;460;311;town935

172;town974;389;148;town978;331;379;town947;300;8;town1036;404;350;town994;251;215;town951;474;242;town995;442;70;t
140;town947;297;454;town10



154;town1042;341;87;town904;65;449;town909;430;154;town957;44;315;town917;208;247;town950;233;243;town955;289;111;town956;287;83;town1048;166;462;town976;35;243;to
136;town977;284;495;town944;223;409;town970;48;43;town1019;354;95;town937;166;283;town1032;294;51;town948;203;258;town958;54;150;town1021;26;185;town1027;129;452;town922;426;404;town936;92;191;town1029



167;town987;44;243;town905;190;77;town951;431;158;town1042;415;469;town981;105;282;town1016;335;54;town952;237;498;town993;282;454;town1030;419;478;town1008;428;216;t
136;town977;284;495;town944;223;409;town970;48;43;town1019;354;95;town937;166;283;town1032;294;51;town948;203;258;town958;54;150;town1021;26;185;town1027;129;452;town922;426;404;town936;92;191;town1029
152;town1000;498;389;town1043;346;16;town1032;29;125;town936;434;212;town1010;288;329;town918;45;303;town988;283;447;town954;282;83;town1030;234;425;town953;54;113;town1039
168;town947;288;370;town1020;321;156;town946;420;358;town1028;362;447;town963;144;357;town1011;398;376;town985;146;200;town1045;475;135;town1039;251;143;town967;405;174;town924;235;360;town920;143;174;town965;471;87;town957;448;244;town1008;326;191;town971;388;134;town1012;360;339;town1033;82;49;town981;95;418;town956
170;town1012;359;73;town1025;45;44;town1006




128;town979;435;122;town945;208;120;town939;78;37;town948;237;16;town974;433;57;town1005;167;214;town1010;367;368;town1012;72;146;town929
168;town947;288;370;town1020;321;156;town946;420;358;town1028;362;447;town963;144;357;town1011;398;376;town985;146;200;town1045;475;135;town1039;251;143;town967;405;174;town924;235;360;town920;143;174;town965;471;87;town957;448;244;town1008;326;191;town971;388;134;town1012;360;339;town1033;82;49;town981;95;418;town956
126;town999;285;281;town923;328;169;town1010;433;51;t
144;town980;75;200;town1039;17;411;town1005;91;353;town1042;379;355;town911;455;229;town1001;319;279;town1028;31;287;town956;393;155;town969;362;231;town908;50;350;town981;99;169;town955;358;330;town920
167;town987;44;243;town905;190;77;town951;431;158;town1042;415;469;town981;105;282;town1016;335;54;town952;237;498;town993;282;454;town1030;419;478;town1008;428;216;t


126;town999;285;281;town923;328;169;town1010;433;51;t
152;town1000;498;389;town1043;346;16;town1032;29;125;town936;434;212;town1010;288;329;town918;45;303;town988;283;447;town954;282;83;town1030;234;425;town953;54;113;town1039
142;town1019;119;362;town1013;472;127;town933;485;422;town969;409;408;town957;85;373;town945;111;258;town1023



174;town999;348;262;town1022;34;285;town976;475;256;town984;176;230;town1034



169;town1009;39;422;town915;361;36;town952;38;379;town1045
148;town1021;174;283;town999;335;455;town910;381;472;town1049;467;29;town998;68;419;town1016;350;198;town1048;435;478;town992;423;121;town1017;421;24;town1044;79;150;town1004;327;41;town902;282;165;town1019;421;487;town940;337;325;town930;57;16;town1012;160;486;town915;221;132;town975;350;105;town958

151;town1020;43;353;town980;329;387;town915;341;109;town1026;316;280;town1001;39;47;town1047;437;77;town992;180;228;town966;360;85;town1006;278;160;town939;95;42;town1005;84;151;town1027;395;7;town917;371;44;town943;332;348;town962;273;181;town1002

158;town1033;228;433;town989;460;311;town935
169;town1009;39;422;town915;361;36;town952;38;379;town1045
128;town979;435;122;town945;208;120;town939;78;37;town948;237;16;town974;433;57;town1005;167;214;town1010;367;368;town1012;72;146;town929
132;town988;263;12;town962;15;15;town986;442;78;town1006;5;161;town963;25;429;town1034;272;330;town950;171;335;town960;81;84;town1035;331;429;town1013;212;236;town927;223;109;town935;453;459;town974
128;town979;435;122;town945;208;120;town939;78;37;town948;237;16;town974;433;57;town1005;167;214;town1010;367;368;town1012;72;146;town929

130;town932;237;481;town940;448;190;town970;492;492;town977;11;235;town906;376;342;town1018;7;365;town1022;255;138;town1040;45;4;town961;370;365;town1039;286;394;town908;431;306;town950;193;438;town988;28;464;town1028
166;town990;221;356;town998;11;208;town919;282;55;town1021;432;292;town1033;145;295;town963;149;197;town914;248;444;town920;321;111;town973;324;263;town1014;191;11;town1040;326;200;town901;86;234;town996;325;38;town1005;258;129;town948;65;122;town1020;51;265;town983
161;town924;225;3;town997;489;22;town978;232;322;town977;156;338;town1038;115;351;town942;296;267;town1016;182;111;town923;341;331;town905;87;470;town1010;447;465;town967;182;219;town953;5;92;town990;195;235;town920;356;40;town947;379;438;town929;264;400;town1021
136;town977;284;495;town944;223;409;town970;48;43;town1019;354;95;town937;166;283;town1032;294;51;town948;203;258;town958;54;150;town1021;26;185;town1027;129;452;town922;426;404;town936;92;191;town1029
165;town1026;254;491;town996;222;429;town932;364;116;town952;12;205;town1009;414;294;town939;336;336;town920;497;166;town956;366;134;town901;195;60;town1042;472;149;town1047;406;327;town916;218;26;town1019
144;town980;75;200;town1039;17;411;town1005;91;353;town1042;379;355;town911;455;229;town1001;319;279;town1028;31;287;town956;393;155;town969;362;231;town908;50;350;town981;99;169;town955;358;330;town920

151;town1020;43;353;town980;329;387;town915;341;109;town1026;316;280;town1001;39;47;town1047;437;77;town992;180;228;town966;360;85;town1006;278;160;town939;95;42;town1005;84;151;town1027;395;7;town917;371;44;town943;332;348;town962;273;181;town1002
148;town1021;174;283;town999;335;455;town910;381;472;town1049;467;29;town998;68;419;town1016;350;198;town1048;435;478;town992;423;121;town1017;421;24;town1044;79;150;town1004;327;41;town902;282;165;town1019;421;487;town940;337;325;town930;57;16;town1012;160;486;town915;221;132;town975;350;105;town958
140;town947;297;454;town10
148;town1021;174;283;town999;335;455;town910;381;472;town1049;467;29;town998;68;419;town1016;350;198;town1048;435;478;town992;423;121;town1017;421;24;town1044;79;150;town1004;327;41;town902;282;165;town1019;421;487;town940;337;325;town930;57;16;town1012;160;486;town915;221;132;town975;350;105;town958
160;town981;245;486;town912;488;87;town985;349;128;town947;362;119;town99


174;town999;348;262;town1022;34;285;town976;475;256;town984;176;230;town1034
169;town1009;39;422;town915;361;36;town952;38;379;town1045
172;town974;389;148;town978;331;379;town947;300;8;town1036;404;350;town994;251;215;town951;474;242;town995;442;70;t
171;town916;189;144;town985;10;103;town914;286;233;town1012;400;428;town958;79;210;town960;200;286;town930;385;152;town962;397;166;town1040;308;181;town1005;54;362;town906;212;16;town988;386;399;town971;25;115;town1044;53;369;town934;110;54;town926;100;175;town1020;379;489;town1007;488;89;town913;300;4381;town1006

168;town947;288;370;town1020;321;156;town946;420;358;town1028;362;447;town963;144;357;town1011;398;376;town985;146;200;town1045;475;135;town1039;251;143;town967;405;174;town924;235;360;town920;143;174;town965;471;87;town957;448;244;town1008;326;191;town971;388;134;town1012;360;339;town1033;82;49;town981;95;418;town956
143;town948;177;141;town959;77;393;town960;346;223;town1010;390;89;town949;285;360;town945;394;259;town941;290;353;town1004;351;229;town1023;199;144;town1042;213;117;town950;347;133;town963;434;421;town903;161;50;town907;168;165;town1017;478;101;town1000;374;177;town905

158;town1033;228;433;town989;460;311;town935
168;town947;288;370;town1020;321;156;town946;420;358;town1028;362;447;town963;144;357;town1011;398;376;town985;146;200;town1045;475;135;town1039;251;143;town967;405;174;town924;235;360;town920;143;174;town965;471;87;town957;448;244;town1008;326;191;town971;388;134;town1012;360;339;town1033;82;49;town981;95;418;town956
152;town1000;498;389;town1043;346;16;town1032;29;125;town936;434;212;town1010;288;329;town918;45;303;town988;283;447;town954;282;83;town1030;234;425;town953;54;113;town1039
141;town942;116;298;town1045;312;275;town959;254;473;town902;59;34;town984;201;240;town971;11;415;town962;372;224;town1023
126;town999;285;281;town923;328;169;town1010;433;51;t
154;town1042;341;87;town904;65;449;town909;430;154;town957;44;315;town917;208;247;town950;233;243;town955;289;111;town956;287;83;town1048;166;462;town976;35;243;to
139;town909;453;217;town994;223;491;town904;492;144;town908;173;303;town961;381;494;town1010;323;80;town981
146;town1003;92;329;town1011;30;17;town960;10;103;town903;425;179;town936;381;314;town916;277;240;town959;98;222;town944;174;366;town988;161;342;town953;29;108;town917;418;361;town1032
141;town942;116;298;town1045;312;275;town959;254;473;town902;59;34;town984;201;240;town971;11;415;town962;372;224;town1023
159;town913;261;471;town1046;305;401;town1000;485;402;town918;125;176;town1005;123;22;town928;434;146;town945;97;43;town924;161;265;town973;39;381;town943;326;418;town933;313;219;town1041;78;9;town1044;445;200;town926;50;150;town902;218;419;town932;437;441;town1039;393;416;town1038;78;33;town960;166;189;town946
164;town963;80;76;town927;80;46;town988;422;382;town1033;233;51;town966;490;315;town977;468;406;town948;200;249;town1047;61;52;town10
166;town990;221;356;town998;11;208;town919;282;55;town1021;432;292;town1033;145;295;town963;149;197;town914;248;444;town920;321;111;town973;324;263;town1014;191;11;town1040;326;200;town901;86;234;town996;325;38;town1005;258;129;town948;65;122;town1020;51;265;town983
130;town932;237;481;town940;448;190;town970;492;492;town977;11;235;town906;376;342;town1018;7;365;town1022;255;138;town1040;45;4;town961;370;365;town1039;286;394;town908;431;306;town950;193;438;town988;28;464;town1028

168;town947;288;370;town1020;321;156;town946;420;358;town1028;362;447;town963;144;357;town1011;398;376;town985;146;200;town1045;475;135;town1039;251;143;town967;405;174;town924;235;360;town920;143;174;town965;471;87;town957;448;244;town1008;326;191;town971;388;134;town1012;360;339;town1033;82;49;town981;95;418;town956
144;town980;75;200;town1039;17;411;town1005;91;353;town1042;379;355;town911;455;229;town1001;319;279;town1028;31;287;town956;393;155;town969;362;231;town908;50;350;town981;99;169;town955;358;330;town920
165;town1026;254;491;town996;222;429;town932;364;116;town952;12;205;town1009;414;294;town939;336;336;town920;497;166;town956;366;134;town901;195;60;town1042;472;149;town1047;406;327;town916;218;26;town1019
159;town913;261;471;town1046;305;401;town1000;485;402;town918;125;176;town1005;123;22;town928;434;146;town945;97;43;town924;161;265;town973;39;381;town943;326;418;town933;313;219;town1041;78;9;town1044;445;200;town926;50;150;town902;218;419;town932;437;441;town1039;393;416;town1038;78;33;town960;166;189;town946
151;town1020;43;353;town980;329;387;town915;341;109;town1026;316;280;town1001;39;47;town1047;437;77;town992;180;228;town966;360;85;town1006;278;160;town939;95;42;town1005;84;151;town1027;395;7;town917;371;44;town943;332;348;town962;273;181;town1002
133;town990;11;277;town910;475;403;town1030;374;38;town956;230;349;town940;71;295;town1045;214;241;town982;498;149;town918;303;63;town947;298;434;town966
168;town947;288;370;town1020;321;156;town946;420;358;town1028;362;447;town963;144;357;town1011;398;376;town985;146;200;town1045;475;135;town1039;251;143;town967;405;174;town924;235;360;town920;143;174;town965;471;87;town957;448;244;town1008;326;191;town971;388;134;town1012;360;339;town1033;82;49;town981;95;418;town956

160;town981;245;486;town912;488;87;town985;349;128;town947;362;119;town99
168;town947;288;370;town1020;321;156;town946;420;358;town1028;362;447;town963;144;357;town1011;398;376;town985;146;200;town1045;475;135;town1039;251;143;town967;405;174;town924;235;360;town920;143;174;town965;471;87;town957;448;244;town1008;326;191;town971;388;134;town1012;360;339;town1033;82;49;town981;95;418;town956

161;town924;225;3;town997;489;22;town978;232;322;town977;156;338;town1038;115;351;town942;296;267;town1016;182;111;town923;341;331;town905;87;470;town1010;447;465;town967;182;219;town953;5;92;town990;195;235;town920;356;40;town947;379;438;town929;264;400;town1021

174;town999;348;262;town1022;34;285;town976;475;256;town984;176;230;town1034

165;town1026;254;491;town996;222;429;town932;364;116;town952;12;205;town1009;414;294;town939;336;336;town920;497;166;town956;366;134;town901;195;60;town1042;472;149;town1047;406;327;town916;218;26;town1019
130;town932;237;481;town940;448;190;town970;492;492;town977;11;235;town906;376;342;town1018;7;365;town1022;255;138;town1040;45;4;town961;370;365;town1039;286;394;town908;431;306;town950;193;438;town988;28;464;town1028
128;town979;435;122;town945;208;120;town939;78;37;town948;237;16;town974;433;57;town1005;167;214;town1010;367;368;town1012;72;146;town929
157;town1039;357;88;town948;286;471;town1045

140;town947;297;454;town10
136;town977;284;495;town944;223;409;town970;48;43;town1019;354;95;town937;166;283;town1032;294;51;town948;203;258;town958;54;150;town1021;26;185;town1027;129;452;town922;426;404;town936;92;191;town1029
130;town932;237;481;town940;448;190;town970;492;492;town977;11;235;town906;376;342;town1018;7;365;town1022;255;138;town1040;45;4;town961;370;365;town1039;286;394;town908;431;306;town950;193;438;town988;28;464;town1028

158;town1033;228;433;town989;460;311;town935
174;town999;348;262;town1022;34;285;town976;475;256;town984;176;230;town1034
151;town1020;43;353;town980;329;387;town915;341;109;town1026;316;280;town1001;39;47;town1047;437;77;town992;180;228;town966;360;85;town1006;278;160;town939;95;42;town1005;84;151;town1027;395;7;town917;371;44;town943;332;348;town962;273;181;town1002

152;town1000;498;389;town1043;346;16;town1032;29;125;town936;434;212;town1010;288;329;town918;45;303;town988;283;447;town954;282;83;town1030;234;425;town953;54;113;town1039
164;town963;80;76;town927;80;46;town988;422;382;town1033;233;51;town966;490;315;town977;468;406;town948;200;249;town1047;61;52;town10
130;town932;237;481;town940;448;190;town970;492;492;town977;11;235;town906;376;342;town1018;7;365;town1022;255;138;town1040;45;4;town961;370;365;town1039;286;394;town908;431;306;town950;193;438;town988;28;464;town1028
159;town913;261;471;town1046;305;401;town1000;485;402;town918;125;176;town1005;123;22;town928;434;146;town945;97;43;town924;161;265;town973;39;381;town943;326;418;town933;313;219;town1041;78;9;town1044;445;200;town926;50;150;town902;218;419;town932;437;441;town1039;393;416;town1038;78;33;town960;166;189;town946
145;town1012;451;438;town956;421;337;town1008;205;480;town1045;141;140;town1015;341;146;town908;447;181;town966;107;197;town1043;16;381;town993;126;481;town932;108;327;town1028;195;359;town926;349;438;town924;373;37;town1044
169;town1009;39;422;town915;361;36;town952;38;379;town1045

126;town999;285;281;town923;328;169;town1010;433;51;t
145;town1012;451;438;town956;421;337;town1008;205;480;town1045;141;140;town1015;341;146;town908;447;181;town966;107;197;town1043;16;381;town993;126;481;town932;108;327;town1028;195;359;town926;349;438;town924;373;37;town1044
167;town987;44;243;town905;190;77;town951;431;158;town1042;415;469;town981;105;282;town1016;335;54;town952;237;498;town993;282;454;town1030;419;478;town1008;428;216;t
134;town907;278;4753;town1027;322;283;town996;23;354;town1040;378;345;town1003;261;102;town945;370;143;town955;109;194;town919;381;424;town1017;182;386;town1007;313;290;town964;55;237;town1024;363;330;town966;61;355;town1045
149;town907;451;497;town922;265;500;town902;478;456;town957;119;293;town937
160;town981;245;486;town912;488;87;town985;349;128;town947;362;119;town99
152;town1000;498;389;town1043;346;16;town1032;29;125;town936;434;212;town1010;288;329;town918;45;303;town988;283;447;town954;282;83;town1030;234;425;town953;54;113;town1039
142;town1019;119;362;town1013;472;127;town933;485;422;town969;409;408;town957;85;373;town945;111;258;town1023
148;town1021;174;283;town999;335;455;town910;381;472;town1049;467;29;town998;68;419;town1016;350;198;town1048;435;478;town992;423;121;town1017;421;24;town1044;79;150;town1004;327;41;town902;282;165;town1019;421;487;town940;337;325;town930;57;16;town1012;160;486;town915;221;132;town975;350;105;town958
172;town974;389;148;town978;331;379;town947;300;8;town1036;404;350;town994;251;215;town951;474;242;town995;442;70;t
150;town932;256;183;town913;389;488;town946;122;379;town916;250;437;town998;5;88;town953;376;475;town982;349;291;town1011;17;471;town942;294;210;town903;483;421;town975;249;270;town947;169;482;town1027;475;329;town1002;97;285;town1036;449;398;town987;236;146;town908;193;415;town976;266;361;town994;338;481;town1043
142;town1019;119;362;town1013;472;127;town933;485;422;town969;409;408;town957;85;373;town945;111;258;town1023
168;town947;288;370;town1020;321;156;town946;420;358;town1028;362;447;town963;144;357;town1011;398;376;town985;146;200;town1045;475;135;town1039;251;143;town967;405;174;town924;235;360;town920;143;174;town965;471;87;town957;448;244;town1008;326;191;town971;388;134;town1012;360;339;town1033;82;49;town981;95;418;town956
143;town948;177;141;town959;77;393;town960;346;223;town1010;390;89;town949;285;360;town945;394;259;town941;290;353;town1004;351;229;town1023;199;144;town1042;213;117;town950;347;133;town963;434;421;town903;161;50;town907;168;165;town1017;478;101;town1000;374;177;town905
136;town977;284;495;town944;223;409;town970;48;43;town1019;354;95;town937;166;283;town1032;294;51;town948;203;258;town958;54;150;town1021;26;185;town1027;129;452;town922;426;404;town936;92;191;town1029
163;town1002;39;354;town915;360;377;town962;228;41;town1030;198;115;town950;250;330;town966;336;50;town981;274;293;town954;397;167;town928;240;102;town990;387;131;town901;158;306;town953;95;432;town1023;80;116;town1039;233;298;town964;219;391;town929;208;426;town952
