





163;town1002;289;350;town951;167;463;town1042;270;409;town954





165;town969;117;387;town946;201;52;town1046;175;342;town1023;46;225;to






165;town969;117;387;town946;201;52;town1046;175;342;town1023;46;225;to


166;town943;330;411;town931;360;307;town1029;452;22;town913;423;83;town1027;498;72;town907;284;57;town1033;468;228;town1048;452;124;town1043


172;town955;163;299;town977;273;363;town910;37;242;town908;366;471;town971;148;317;town948;466;265;town1028;101;212;town1004;319;180;town947;245;149;tow

163;town1002;289;350;town951;167;463;town1042;270;409;town954

172;town955;163;299;town977;273;363;town910;37;242;town908;366;471;town971;148;317;town948;466;265;town1028;101;212;town1004;319;180;town947;245;149;tow






156;town925;186;31;town102
167;town1008;384;307;town954;371;247;town985;490;135;town952;437;262;town934;150;17;town1002;452;200;town921;155;469;town986;227;448;town976;250;144;town942;222;405;town1044;309;69;town1015;47;16;town912
150;town932;312;172;town1023;236;124;town934;234;343;town922
139;town960;418;407;town972;174;20;town917;209;438;town1003;321;34;town927;79;105;town919;452;460;town965
161;town971;198;347;town1011;362;292;town1045;192;423;town945;88;336;town1022;177;362;town940
126;town936;236;464;town987;153;260;town1035;410;71;town943

143;town965;197;389;town952;157;181;town962
134;town903;492;424;town921;286;248;town961;434;132;town1021;297;244;town1036;225;216;town993;18;176;town909;248;318;town965;226;383;town1044

156;town925;186;31;town102
160;town907;263;22;town1034;135;214;town992;9;57;town1002;34;12;town940;448;111;town935;10;378;town980;194;357;town1019;300;54;town998;258;481;town1040;316;126;town1031;89;143;town1015;354;146;town954;230;382;town941;39;470;town1035;56;57;town925;299;252;town943;129;313;town1044;479;227;town955;61;265;town906
142;town940;487;274;town917;270;249;town914

148;town971;70;116;town955;445;357;town980;401;475;town1025;26;121;town953;170;323;town902;261;372;town904;256;175;town1045;253;300;town912;59;123;town1049;27;382;town905;35;236;town925;399;337;town940;434;83;town965;144;6;town922;68;81;town989;483;167;town1027;44;97;town934;64;438;town977
164;town914;363;76;town974;145;423;town1026;64;266;town1049;479;490;town956
153;town1017;31;413;town955;159;483;town970;381;270;town908;155;197;town904;62;498;town936
161;town971;198;347;town1011;362;292;town1045;192;423;town945;88;336;town1022;177;362;town940


135;town1029;264;67;town1042;46;388;town1031;339;304;town985;104;293;town933;147;401;town922;420;168;town981;176;406;town994;333;486;town1035;172;342;town986;418;406;town1018;144;381;town923;469;237;town1000
151;town1033;380;105;town1016;313;260;town968;433;180;town985;270;419;town950;90;178;town959

143;town965;197;389;town952;157;181;town962
161;town971;198;347;town1011;362;292;town1045;192;423;town945;88;336;town1022;177;362;town940
164;town914;363;76;town974;145;423;town1026;64;266;town1049;479;490;town956
138;town981;390;304;town932;63;448;town1045;277;46;town1046;469;300;town956;348;486;town970;435;2;town935;13;270;town944;413;482;town924
142;town940;487;274;town917;270;249;town914
155;town983;56;145;town999;329;425;town905;476;297;town1026;464;342;town950;400;380;town1035;347;77;town1043;238;79;town915;32;356;town981;18;145;town1033


135;town1029;264;67;town1042;46;388;town1031;339;304;town985;104;293;town933;147;401;town922;420;168;town981;176;406;town994;333;486;town1035;172;342;town986;418;406;town1018;144;381;town923;469;237;town1000

153;town1017;31;413;town955;159;483;town970;381;270;town908;155;197;town904;62;498;town936
134;town903;492;424;town921;286;248;town961;434;132;town1021;297;244;town1036;225;216;town993;18;176;town909;248;318;town965;226;383;town1044
156;town925;186;31;town102
127;town957;453;253;town963;478;10;town1047;197;466;town104

161;town971;198;347;town1011;362;292;town1045;192;423;town945;88;336;town1022;177;362;town940

127;town957;453;253;town963;478;10;town1047;197;466;town104
126;town936;236;464;town987;153;260;town1035;410;71;town943
171;town997;196;260;town9

156;town925;186;31;town102
163;town1002;289;350;town951;167;463;town1042;270;409;town954
138;town981;390;304;town932;63;448;town1045;277;46;town1046;469;300;town956;348;486;town970;435;2;town935;13;270;town944;413;482;town924
156;town925;186;31;town102
167;town1008;384;307;town954;371;247;town985;490;135;town952;437;262;town934;150;17;town1002;452;200;town921;155;469;town986;227;448;town976;250;144;town942;222;405;town1044;309;69;town1015;47;16;town912
135;town1029;264;67;town1042;46;388;town1031;339;304;town985;104;293;town933;147;401;town922;420;168;town981;176;406;town994;333;486;town1035;172;342;town986;418;406;town1018;144;381;town923;469;237;town1000
159;town957;150;439;town962;210;353;town1029;485;23;town933;32;135;town939;423;21;town960;167;218;town1044;288;238;town919;484;262;town945;445;363;town986;477;369;town948

164;town914;363;76;town974;145;423;town1026;64;266;town1049;479;490;town956
138;town981;390;304;town932;63;448;town1045;277;46;town1046;469;300;town956;348;486;town970;435;2;town935;13;270;town944;413;482;town924
160;town907;263;22;town1034;135;214;town992;9;57;town1002;34;12;town940;448;111;town935;10;378;town980;194;357;town1019;300;54;town998;258;481;town1040;316;126;town1031;89;143;town1015;354;146;town954;230;382;town941;39;470;town1035;56;57;town925;299;252;town943;129;313;town1044;479;227;town955;61;265;town906

164;town914;363;76;town974;145;423;town1026;64;266;town1049;479;490;town956
137;town1026;457;409;town1040;391;180;town1014


153;town1017;31;413;town955;159;483;town970;381;270;town908;155;197;town904;62;498;town936
138;town981;390;304;town932;63;448;town1045;277;46;town1046;469;300;town956;348;486;town970;435;2;town935;13;270;town944;413;482;town924
160;town907;263;22;town1034;135;214;town992;9;57;town1002;34;12;town940;448;111;town935;10;378;town980;194;357;town1019;300;54;town998;258;481;town1040;316;126;town1031;89;143;town1015;354;146;town954;230;382;town941;39;470;town1035;56;57;town925;299;252;town943;129;313;town1044;479;227;town955;61;265;town906
150;town932;312;172;town1023;236;124;town934;234;343;town922
144;town959;405;446;town963;6;329;town947;401;42;town914;293;52;town986;112;20;town961;84;379;town1040;386;121;town1012

163;town1002;289;350;town951;167;463;town1042;270;409;town954



127;town957;453;253;town963;478;10;town1047;197;466;town104
168;town997;137;384;town974;90;223;town969;455;21;town994;378;177;town963;330;106;town91

129;town933;161;343;town1044;285;395;town977;346;129;town9

171;town997;196;260;town9
174;town977;240;274;town918;336;74;town1007;244;393;town938;434;460;town987;462;452;town1025;355;346;town1045;108;126;town994;386;186;town908;222;339;town907;12;482;town1001;14;118;town943;196;385;town989;499;83;town979;37;392;town921;62;441;town914;53;412;town1022;375;101;town995;406;359;town1040
143;town965;197;389;town952;157;181;town962
135;town1029;264;67;town1042;46;388;town1031;339;304;town985;104;293;town933;147;401;town922;420;168;town981;176;406;town994;333;486;town1035;172;342;town986;418;406;town1018;144;381;town923;469;237;town1000
135;town1029;264;67;town1042;46;388;town1031;339;304;town985;104;293;town933;147;401;town922;420;168;town981;176;406;town994;333;486;town1035;172;342;town986;418;406;town1018;144;381;town923;469;237;town1000
155;town983;56;145;town999;329;425;town905;476;297;town1026;464;342;town950;400;380;town1035;347;77;town1043;238;79;town915;32;356;town981;18;145;town1033
145;town919;224;87;town937;96;11;town999;434;29;town1020;385;373;town1032;349;436;town1017;278;329;town914;338;326;town920;65;14;town1034;150;62;town963;354;87;town1022;213;50;town939;63;480;town972;289;110;town916;253;343;town979;162;114;town1027;418;243;town917;164;138;town900

150;town932;312;172;town1023;236;124;town934;234;343;town922
142;town940;487;274;town917;270;249;town914


153;town1017;31;413;town955;159;483;town970;381;270;town908;155;197;town904;62;498;town936
130;town1045;460;101;town1048;335;45;town991;303;194;town925;414;70;town945;326;490;town906;76;102;town932;413;379;town956;182;500;town1036;485;148;town936;187;40;town920
126;town936;236;464;town987;153;260;town1035;410;71;town943

148;town971;70;116;town955;445;357;town980;401;475;town1025;26;121;town953;170;323;town902;261;372;town904;256;175;town1045;253;300;town912;59;123;town1049;27;382;town905;35;236;town925;399;337;town940;434;83;town965;144;6;town922;68;81;town989;483;167;town1027;44;97;town934;64;438;town977

163;town1002;289;350;town951;167;463;town1042;270;409;town954
163;town1002;289;350;town951;167;463;town1042;270;409;town954
156;town925;186;31;town102
172;town955;163;299;town977;273;363;town910;37;242;town908;366;471;town971;148;317;town948;466;265;town1028;101;212;town1004;319;180;town947;245;149;tow
143;town965;197;389;town952;157;181;town962
135;town1029;264;67;town1042;46;388;town1031;339;304;town985;104;293;town933;147;401;town922;420;168;town981;176;406;town994;333;486;town1035;172;342;town986;418;406;town1018;144;381;town923;469;237;town1000
145;town919;224;87;town937;96;11;town999;434;29;town1020;385;373;town1032;349;436;town1017;278;329;town914;338;326;town920;65;14;town1034;150;62;town963;354;87;town1022;213;50;town939;63;480;town972;289;110;town916;253;343;town979;162;114;town1027;418;243;town917;164;138;town900
130;town1045;460;101;town1048;335;45;town991;303;194;town925;414;70;town945;326;490;town906;76;102;town932;413;379;town956;182;500;town1036;485;148;town936;187;40;town920

