









157;town977;132;301;town1046;379;444;town934;207;457;town1026;78;260;town992;451;358;town997;215;271;town1019;334;325;town988;213;145;town1020;54;297;to



172;town907;122;365;town939;402;168;town991;59;241;town1014;56;194;town1020;481;93;town960;131;2;town900;338;435;town1013;379;426;town972;315;448;town







168;town973;255;378;town928;448;243;town972;34;180;town921;97;471;town990;199;244;town984;449;102;town991;459;484;town901;84;303;town947;425;262;town1045;147;11;town974;305;488;town980;343;490;town989;45;199;to

135;town1034;243;349;town1017;51;303;town1015;86;269;town950
171;town925;412;142;town919;139;209;town943;242;4;town968;311;450;town960;154;248;town936;250;148;town957;461;178;to

148;town1042;156;383;town987;207;170;town905;453;468;town945;468;80;town909;365;295;town970;3;337;town954;115;366;town1025;248;174;town1028;260;356;town903;294;86;town1003;489;326;town900;242;192;town906;342;476;town1005
164;town999;13;380;town964;59;282;town986;55;77;town1031;68;347;town930;481;23;town960;337;409;town1000;209;381;town927


167;town1044;259;260;town955;324;307;town999;499;13;town1045;433;174;town908;122;347;town991;372;389;town909;118;339;town989;474;349;town1012;416;44;town1021;292;383;town937;364;216;town990;372;453;town920;489;472;town982;320;162;town930;313;414;town10

162;town1049;420;179;town1047
161;town901;389;12;town908;388;412;town956;456;497;town985;382;141;town917;59;460;town1037;437;495;town981;452;309;town923;400;253;town1033;199;91;town1006;340;454;town998;39;217;town909;311;485;town961;76;159;town1049;391;437;town948;395;480;town1015;200;409;town971;108;468;town973;478;458;town926
146;town930;161;340;town984;330;473;town1045;312;472;town1033;489;233;town1013;375;129;town904






162;town1049;420;179;town1047

132;town952;104;228;town928;440;19;town961;168;486;town919;298;247;town977

168;town973;255;378;town928;448;243;town972;34;180;town921;97;471;town990;199;244;town984;449;102;town991;459;484;town901;84;303;town947;425;262;town1045;147;11;town974;305;488;town980;343;490;town989;45;199;to
169;town945;200;71;town1
128;town956;455;152;town961;145;325;town966;129;156;town1010;113;324;town927;363;497;town1014;54;379;town1044;262;317;town974;370;19;town999;239;413;town928;263;106;town996;244;372;town958;176;152;town929;67;464;town1006
171;town925;412;142;town919;139;209;town943;242;4;town968;311;450;town960;154;248;town936;250;148;town957;461;178;to

130;town992;200;57;town981;193;45;town922;493;42;town918;94;400;town942;297;223;town1031;211;413;town920;238;271;town929;79;311;town970

169;town945;200;71;town1
142;town934;46;235;town990;239;362;town1008;57;333;town909;174;313;town1
128;town956;455;152;town961;145;325;town966;129;156;town1010;113;324;town927;363;497;town1014;54;379;town1044;262;317;town974;370;19;town999;239;413;town928;263;106;town996;244;372;town958;176;152;town929;67;464;town1006
164;town999;13;380;town964;59;282;town986;55;77;town1031;68;347;town930;481;23;town960;337;409;town1000;209;381;town927
146;town930;161;340;town984;330;473;town1045;312;472;town1033;489;233;town1013;375;129;town904
135;town1034;243;349;town1017;51;303;town1015;86;269;town950

174;town948;108;357;town972;11;25;town962;244;49;town947;457;248;town909;170;122;town912;105;268;town998;325;45;town985;301;267;town945;112;208;town908;373;147;town923;438;161;town1046;289;349;town933;409;384;town1037;116;385;town978;168;275;town986;198;346;town1032;76;352;town989;10;315;town1015
130;town992;200;57;town981;193;45;town922;493;42;town918;94;400;town942;297;223;town1031;211;413;town920;238;271;town929;79;311;town970
143;town1013;292;243;town1027;350;413;town940

164;town999;13;380;town964;59;282;town986;55;77;town1031;68;347;town930;481;23;town960;337;409;town1000;209;381;town927

150;town1034;344;221;town951;364;265;town1012;467;301;town1015;16;94;town1037;439;228;town997;485;154;town903;32;313;town991;293;90;town986

150;town1034;344;221;town951;364;265;town1012;467;301;town1015;16;94;town1037;439;228;town997;485;154;town903;32;313;town991;293;90;town986
166;town978;343;126;town1048;339;390;town988;47;180;town959;106;187;town1003;178;262;town901;143;205;town1038;378;121;town1023;156;283;town991;413;365;town1039;381;434;town945
154;town987;257;63;town915;168;311;town924;451;161;town1010;258;201;town1007;148;411;town961
171;town925;412;142;town919;139;209;town943;242;4;town968;311;450;town960;154;248;town936;250;148;town957;461;178;to
166;town978;343;126;town1048;339;390;town988;47;180;town959;106;187;town1003;178;262;town901;143;205;town1038;378;121;town1023;156;283;town991;413;365;town1039;381;434;town945

130;town992;200;57;town981;193;45;town922;493;42;town918;94;400;town942;297;223;town1031;211;413;town920;238;271;town929;79;311;town970
167;town1044;259;260;town955;324;307;town999;499;13;town1045;433;174;town908;122;347;town991;372;389;town909;118;339;town989;474;349;town1012;416;44;town1021;292;383;town937;364;216;town990;372;453;town920;489;472;town982;320;162;town930;313;414;town10
167;town1044;259;260;town955;324;307;town999;499;13;town1045;433;174;town908;122;347;town991;372;389;town909;118;339;town989;474;349;town1012;416;44;town1021;292;383;town937;364;216;town990;372;453;town920;489;472;town982;320;162;town930;313;414;town10
145;town1046;333;377;town927;213;45;town1008;268;402;town985;194;124;town993;8;383;town1028;20;389;town996;324;13;town957;133;57;town952;225;404;town1018;473;75;town1037;432;457;town909;243;233;town920;160;420;town989;445;413;town947;199;159;town1038;227;271;town1024;287;238;town1015
128;town956;455;152;town961;145;325;town966;129;156;town1010;113;324;town927;363;497;town1014;54;379;town1044;262;317;town974;370;19;town999;239;413;town928;263;106;town996;244;372;town958;176;152;town929;67;464;town1006


143;town1013;292;243;town1027;350;413;town940
152;town982;238;383;town981;163;204;town903

151;town919;224;82;town1028;173;464;town905;115;313;town998;480;334;town932;398;481;town979;26;281;town1027;25;177;town961;366;412;town901
130;town992;200;57;town981;193;45;town922;493;42;town918;94;400;town942;297;223;town1031;211;413;town920;238;271;town929;79;311;town970
148;town1042;156;383;town987;207;170;town905;453;468;town945;468;80;town909;365;295;town970;3;337;town954;115;366;town1025;248;174;town1028;260;356;town903;294;86;town1003;489;326;town900;242;192;town906;342;476;town1005
169;town945;200;71;town1

144;town976;342;409;town1018;385;319;town916;102;373;town974;14;480;town939;286;134;town948;10;381;town1004;69;428;town1008;267;140;town1013;314;27;town966;263;111;town954;398;113;town907;395;247;town908;194;84;town1001;492;347;town979
162;town1049;420;179;town1047
144;town976;342;409;town1018;385;319;town916;102;373;town974;14;480;town939;286;134;town948;10;381;town1004;69;428;town1008;267;140;town1013;314;27;town966;263;111;town954;398;113;town907;395;247;town908;194;84;town1001;492;347;town979
157;town977;132;301;town1046;379;444;town934;207;457;town1026;78;260;town992;451;358;town997;215;271;town1019;334;325;town988;213;145;town1020;54;297;to
127;town1025;339;276;town1038;206;8;town1026;19;365;town985;333;22;town924
163;town1030;103;302;town1034
133;town1017;40;52;town997;368;393;town968;82;70;town904;462;395;town980;337;8;town920;59;258;tow
145;town1046;333;377;town927;213;45;town1008;268;402;town985;194;124;town993;8;383;town1028;20;389;town996;324;13;town957;133;57;town952;225;404;town1018;473;75;town1037;432;457;town909;243;233;town920;160;420;town989;445;413;town947;199;159;town1038;227;271;town1024;287;238;town1015
135;town1034;243;349;town1017;51;303;town1015;86;269;town950

151;town919;224;82;town1028;173;464;town905;115;313;town998;480;334;town932;398;481;town979;26;281;town1027;25;177;town961;366;412;town901
143;town1013;292;243;town1027;350;413;town940
168;town973;255;378;town928;448;243;town972;34;180;town921;97;471;town990;199;244;town984;449;102;town991;459;484;town901;84;303;town947;425;262;town1045;147;11;town974;305;488;town980;343;9540;town989;45;199;to

139;town921;273;180;town983;443;258;town994;26;70;town1045;74;229;town1009;451;333;town918;243;324;town920;264;277;town997;229;223;town902;288;472;town1033;32;27;town1005;452;369;town999;205;239;town982;268;288;town1014;350;327;town970
164;town999;13;380;town964;59;282;town986;55;77;town1031;68;347;town930;481;23;town960;337;409;town1000;209;381;town927
145;town1046;333;377;town927;213;45;town1008;268;402;town985;194;124;town993;8;383;town1028;20;389;town996;324;13;town957;133;57;town952;225;404;town1018;473;75;town1037;432;457;town909;243;233;town920;160;420;town989;445;413;town947;199;159;town1038;227;271;town1024;287;238;town1015
147;town915;466;237;town997;139;40;town1029;498;300;town920;306;181;town935;374;213;town969;172;254;town922;417;475;town1038;54;35;town974;403;36;town1031;103;383;town1037;433;253;town1016
155;town1044;192;461;town993;73;477;town987;83;470;town937;415;393;town1041;315;495;town1043;353;42;town994;196;130;town922;421;434;town10
143;town1013;292;243;town1027;350;413;town940
141;town997;139;155;town933;70;214;town959;423;317;town974;123;323;town941;11;113;town975;211;85;town925;41;378;town934;87;364;town964;251;280;town958;20;325;town1036;500;60;town922;297;146;town1046;466;269;town1047
169;town945;200;71;town1
172;town907;122;365;town939;402;168;town991;59;241;town1014;56;194;town1020;481;93;town960;131;2;town900;338;435;town1013;379;426;town972;315;448;town

129;town1023;51;59;town1021;212;251;town935;286;40;town1010;90;293;town913;105;114;town909;243;67;town960;257;219;town940;279;176;town952;484;285;town982;58;342;town902
152;town982;238;383;town981;163;204;town903

137;town948;417;125;town984;67;155;town943;297;407;town900;169;83;town1048;279;25;town1001;123;248;town963;22;317;town997;485;31;town1027;33;294;town934;43;372;town960;400;200;town1013;350;28;town1032;203;303;town946;295;65;town1020;175;307;town935;44;497;town908;371;59;town1015
167;town1044;259;260;town955;324;307;town999;499;13;town1045;433;174;town908;122;347;town991;372;389;town909;118;339;town989;474;349;town1012;416;44;town1021;292;383;town937;364;216;town990;372;453;town920;489;472;town982;320;162;town930;313;414;town10
142;town934;46;235;town990;239;362;town1008;57;333;town909;174;313;town1
133;town1017;40;52;town997;368;393;town968;82;70;town904;462;395;town980;337;8;town920;59;258;tow
162;town1049;420;179;town1047
160;town901;64;12;town914;277;426;town933;170;93;town994;475;171;town964;53;167;town969;358;133;town1005;115;46;town996;432;275;town1002;285;219;town998;472;120;town956;54;290;town912;189;387;town1010;157;142;town983;317;500;town929;76;232;town976;161;481;town952;418;191;town930;379;426;town1015
167;town1044;259;260;town955;324;307;town999;499;13;town1045;433;174;town908;122;347;town991;372;389;town909;118;339;town989;474;349;town1012;416;44;town1021;292;383;town937;364;216;town990;372;453;town920;489;472;town982;320;162;town930;313;414;town10
138;town1042;386;127;town958;350;363;town1010;165;494;town1022;17;177;town1017;478;311;town901;32;84;town1023;44;235;town936;336;160;town1004;412;251;town917;369;421;town1014;210;467;town932;331;157;town938;71;238;town1029
160;town901;64;12;town914;277;426;town933;170;93;town994;475;171;town964;53;167;town969;358;133;town1005;115;46;town996;432;275;town1002;285;219;town998;472;120;town956;54;290;town912;189;387;town1010;157;142;town983;317;500;town929;76;232;town976;161;481;town952;418;191;town930;379;426;town1015
164;town999;13;380;town964;59;282;town986;55;77;town1031;68;347;town930;481;23;town960;337;409;town1000;209;381;town927
133;town1017;40;52;town997;368;393;town968;82;70;town904;462;395;town980;337;8;town920;59;258;tow
132;town952;104;228;town928;440;19;town961;168;486;town919;298;247;town977
