ERROR 2
ERROR 3
ERROR 5
ERROR 6
ERROR 7
ERROR 8
ERROR 9
ERROR 10
ERROR 11
ERROR 13
ERROR 14
ERROR 17
ERROR 18
ERROR 23
ERROR 24
ERROR 26
ERROR 27
ERROR 28
ERROR 29
ERROR 31
ERROR 33
ERROR 36
ERROR 37
ERROR 40
ERROR 41
ERROR 42
ERROR 49
ERROR 50
ERROR 52
ERROR 53
ERROR 54
ERROR 56
ERROR 57
ERROR 58
ERROR 61
ERROR 62
ERROR 63
ERROR 64
ERROR 65
ERROR 67
ERROR 68
ERROR 69
ERROR 71
ERROR 72
ERROR 73
ERROR 77
ERROR 78
ERROR 80
ERROR 82
ERROR 83
ERROR 86
ERROR 89
ERROR 91
ERROR 94
ERROR 95
ERROR 97
ERROR 98
ERROR 99
ERROR 100
ERROR 101
ERROR 103
ERROR 105
ERROR 109
ERROR 113
ERROR 114
ERROR 117
ERROR 118
ERROR 119
ERROR 120
ERROR 121
ERROR 122
ERROR 123
ERROR 124
ERROR 125
ERROR 126
ERROR 128
ERROR 129
ERROR 130
ERROR 131
ERROR 132
ERROR 133
ERROR 135
ERROR 136
ERROR 138
ERROR 139
ERROR 142
ERROR 144
ERROR 145
ERROR 148
ERROR 149
ERROR 151
ERROR 152
ERROR 153
ERROR 154
ERROR 156
ERROR 158
ERROR 159
ERROR 162
ERROR 163
ERROR 165
ERROR 166
ERROR 168
ERROR 169
ERROR 170
ERROR 171
ERROR 172
ERROR 173
ERROR 175
ERROR 176
ERROR 179
ERROR 181
ERROR 187
ERROR 188
ERROR 189
ERROR 191
ERROR 192
ERROR 194
ERROR 195
ERROR 196
ERROR 197
ERROR 198
ERROR 199
ERROR 200
ERROR 201
ERROR 204
ERROR 205
ERROR 207
ERROR 208
ERROR 211
ERROR 213
ERROR 215
ERROR 217
ERROR 218
ERROR 219
ERROR 220
ERROR 221
ERROR 222
ERROR 223
ERROR 224
ERROR 226
ERROR 227
ERROR 229
ERROR 232
ERROR 233
ERROR 235
ERROR 236
ERROR 239
ERROR 240
ERROR 241
ERROR 244
ERROR 246
ERROR 248
ERROR 249
ERROR 251
ERROR 252
ERROR 255
ERROR 256
ERROR 261
ERROR 262
ERROR 265
ERROR 267
ERROR 271
ERROR 274
ERROR 275
ERROR 277
ERROR 278
ERROR 279
ERROR 280
ERROR 281
ERROR 282
ERROR 283
ERROR 284
ERROR 285
ERROR 286
ERROR 287
ERROR 288
ERROR 289
ERROR 291
ERROR 292
ERROR 294
ERROR 296
ERROR 297
ERROR 298
ERROR 299
ERROR 300
ERROR 301
ERROR 302
ERROR 303
ERROR 307
ERROR 308
ERROR 309
ERROR 311
ERROR 312
ERROR 313
ERROR 314
ERROR 315
ERROR 316
ERROR 321
ERROR 323
ERROR 324
ERROR 325
ERROR 328
ERROR 329
ERROR 330
ERROR 332
ERROR 333
ERROR 335
ERROR 336
ERROR 337
ERROR 341
ERROR 342
ERROR 343
ERROR 344
ERROR 345
ERROR 346
ERROR 349
ERROR 351
ERROR 352
ERROR 354
ERROR 356
ERROR 357
ERROR 358
ERROR 359
ERROR 360
ERROR 361
ERROR 362
ERROR 363
ERROR 366
ERROR 367
ERROR 368
ERROR 371
ERROR 373
ERROR 374
ERROR 376
ERROR 378
ERROR 379
ERROR 381
ERROR 382
ERROR 383
ERROR 385
ERROR 386
ERROR 387
ERROR 388
ERROR 391
ERROR 393
ERROR 395
ERROR 396
ERROR 397
ERROR 400
ERROR 401
ERROR 402
ERROR 404
ERROR 405
ERROR 407
ERROR 409
ERROR 410
ERROR 411
ERROR 412
ERROR 416
ERROR 418
ERROR 422
ERROR 425
ERROR 427
ERROR 428
ERROR 429
ERROR 431
ERROR 435
ERROR 438
ERROR 439
ERROR 440
ERROR 441
ERROR 442
ERROR 443
ERROR 444
ERROR 445
ERROR 446
ERROR 448
ERROR 449
ERROR 450
ERROR 451
ERROR 452
ERROR 454
ERROR 455
ERROR 456
ERROR 457
ERROR 459
ERROR 460
ERROR 461
ERROR 462
ERROR 463
ERROR 464
ERROR 465
ERROR 468
ERROR 469
ERROR 470
ERROR 471
ERROR 473
ERROR 474
ERROR 475
ERROR 476
ERROR 480
ERROR 481
ERROR 483
ERROR 484
ERROR 485
ERROR 486
ERROR 487
ERROR 488
ERROR 489
ERROR 491
ERROR 492
ERROR 494
ERROR 495
ERROR 496
ERROR 497
ERROR 498
ERROR 499
ERROR 500
ERROR 501
ERROR 502
ERROR 504
ERROR 507
ERROR 509
ERROR 510
ERROR 511
ERROR 512
ERROR 513
ERROR 517
ERROR 518
ERROR 519
ERROR 520
ERROR 521
ERROR 522
ERROR 523
ERROR 524
ERROR 527
ERROR 528
ERROR 529
ERROR 530
ERROR 531
ERROR 532
ERROR 533
ERROR 534
ERROR 535
ERROR 536
ERROR 538
ERROR 539
ERROR 540
ERROR 541
ERROR 542
ERROR 543
ERROR 544
ERROR 552
ERROR 553
ERROR 554
ERROR 555
ERROR 556
ERROR 557
ERROR 558
ERROR 559
ERROR 560
ERROR 561
ERROR 563
ERROR 566
ERROR 567
ERROR 568
ERROR 569
ERROR 572
ERROR 573
ERROR 577
ERROR 578
ERROR 579
ERROR 581
ERROR 583
ERROR 584
ERROR 586
ERROR 587
ERROR 590
ERROR 591
ERROR 592
ERROR 593
ERROR 594
ERROR 595
ERROR 596
ERROR 597
ERROR 598
ERROR 599
ERROR 601
ERROR 603
ERROR 604
ERROR 605
ERROR 607
ERROR 608
ERROR 610
ERROR 611
ERROR 612
ERROR 615
ERROR 616
ERROR 617
ERROR 619
ERROR 621
ERROR 622
ERROR 623
ERROR 624
ERROR 625
ERROR 626
ERROR 627
ERROR 629
ERROR 631
ERROR 632
ERROR 633
ERROR 634
ERROR 635
ERROR 636
ERROR 638
ERROR 639
ERROR 643
ERROR 646
ERROR 648
ERROR 649
ERROR 651
ERROR 653
ERROR 654
ERROR 656
ERROR 657
ERROR 659
ERROR 661
ERROR 663
ERROR 664
ERROR 666
ERROR 668
ERROR 670
ERROR 671
ERROR 674
ERROR 676
ERROR 677
ERROR 678
ERROR 680
ERROR 684
ERROR 685
ERROR 686
ERROR 687
ERROR 688
ERROR 691
ERROR 692
ERROR 693
ERROR 696
ERROR 697
ERROR 698
ERROR 699
ERROR 701
ERROR 702
ERROR 703
ERROR 704
ERROR 705
ERROR 706
ERROR 707
ERROR 708
ERROR 709
ERROR 710
ERROR 711
ERROR 712
ERROR 713
ERROR 714
ERROR 715
ERROR 716
ERROR 717
ERROR 719
ERROR 720
ERROR 721
ERROR 723
ERROR 725
ERROR 727
ERROR 728
ERROR 729
ERROR 730
ERROR 731
ERROR 733
ERROR 734
ERROR 735
ERROR 736
ERROR 737
ERROR 739
ERROR 740
ERROR 741
ERROR 744
ERROR 745
ERROR 746
ERROR 749
ERROR 750
ERROR 751
ERROR 752
ERROR 753
ERROR 754
ERROR 755
ERROR 756
ERROR 758
ERROR 759
ERROR 761
ERROR 762
ERROR 763
ERROR 764
ERROR 765
ERROR 766
ERROR 767
ERROR 769
ERROR 770
ERROR 772
ERROR 773
ERROR 775
ERROR 776
ERROR 777
ERROR 778
ERROR 779
ERROR 780
ERROR 781
ERROR 782
ERROR 783
ERROR 785
ERROR 786
ERROR 787
ERROR 788
ERROR 791
ERROR 792
ERROR 794
ERROR 796
ERROR 797
ERROR 798
ERROR 799
ERROR 800
ERROR 801
ERROR 803
ERROR 804
ERROR 805
ERROR 807
ERROR 808
ERROR 809
ERROR 812
ERROR 815
ERROR 816
ERROR 817
ERROR 819
ERROR 820
ERROR 821
ERROR 822
ERROR 824
ERROR 825
ERROR 827
ERROR 828
ERROR 830
ERROR 831
ERROR 833
ERROR 834
ERROR 835
ERROR 836
ERROR 837
ERROR 838
ERROR 843
ERROR 845
ERROR 847
ERROR 848
ERROR 850
ERROR 851
ERROR 853
ERROR 854
ERROR 855
ERROR 856
ERROR 858
ERROR 859
ERROR 861
ERROR 862
ERROR 864
ERROR 865
ERROR 866
ERROR 867
ERROR 868
ERROR 869
ERROR 870
ERROR 871
ERROR 872
ERROR 873
ERROR 874
ERROR 875
ERROR 876
ERROR 878
ERROR 879
ERROR 880
ERROR 881
ERROR 882
ERROR 884
ERROR 885
ERROR 886
ERROR 888
ERROR 889
ERROR 890
ERROR 892
ERROR 895
ERROR 897
ERROR 898
ERROR 899
ERROR 900
ERROR 901
ERROR 902
ERROR 903
ERROR 904
ERROR 905
ERROR 906
ERROR 907
ERROR 908
ERROR 909
ERROR 913
ERROR 914
ERROR 916
ERROR 918
ERROR 922
ERROR 924
ERROR 925
ERROR 926
ERROR 927
ERROR 928
ERROR 929
ERROR 930
ERROR 932
ERROR 934
ERROR 935
ERROR 936
ERROR 937
ERROR 938
ERROR 939
ERROR 940
ERROR 941
ERROR 942
ERROR 943
ERROR 944
ERROR 945
ERROR 947
ERROR 949
ERROR 950
ERROR 951
ERROR 952
ERROR 954
ERROR 955
ERROR 956
ERROR 957
ERROR 958
ERROR 959
ERROR 961
ERROR 962
ERROR 965
ERROR 967
ERROR 968
ERROR 969
ERROR 970
ERROR 971
ERROR 976
ERROR 977
ERROR 978
ERROR 980
ERROR 981
ERROR 982
ERROR 985
ERROR 986
ERROR 987
ERROR 988
ERROR 989
ERROR 991
ERROR 993
ERROR 994
ERROR 995
ERROR 996
ERROR 997
ERROR 999
ERROR 1000
ERROR 1001
ERROR 1002
ERROR 1003
ERROR 1005
ERROR 1006
ERROR 1007
ERROR 1009
ERROR 1010
ERROR 1011
ERROR 1013
ERROR 1015
ERROR 1019
ERROR 1021
ERROR 1022
ERROR 1023
ERROR 1025
ERROR 1026
ERROR 1027
ERROR 1028
ERROR 1029
ERROR 1030
ERROR 1031
ERROR 1033
ERROR 1034
ERROR 1037
ERROR 1039
ERROR 1040
ERROR 1041
ERROR 1043
ERROR 1044
ERROR 1045
ERROR 1047
ERROR 1050
ERROR 1051
ERROR 1053
ERROR 1054
ERROR 1055
ERROR 1058
ERROR 1059
ERROR 1060
ERROR 1061
ERROR 1062
ERROR 1063
ERROR 1064
ERROR 1065
ERROR 1067
ERROR 1068
ERROR 1069
ERROR 1070
ERROR 1071
ERROR 1072
ERROR 1074
ERROR 1075
ERROR 1078
ERROR 1080
ERROR 1082
ERROR 1085
ERROR 1086
ERROR 1087
ERROR 1089
ERROR 1090
ERROR 1093
ERROR 1094
ERROR 1095
ERROR 1096
ERROR 1099
ERROR 1100
ERROR 1101
ERROR 1102
ERROR 1103
ERROR 1104
ERROR 1105
ERROR 1107
ERROR 1108
ERROR 1110
ERROR 1111
ERROR 1112
ERROR 1113
ERROR 1114
ERROR 1115
ERROR 1117
ERROR 1121
ERROR 1123
ERROR 1125
ERROR 1127
ERROR 1128
ERROR 1129
ERROR 1130
ERROR 1131
ERROR 1132
ERROR 1134
ERROR 1135
ERROR 1137
ERROR 1138
ERROR 1139
ERROR 1140
ERROR 1142
ERROR 1144
ERROR 1145
ERROR 1146
ERROR 1147
ERROR 1150
ERROR 1151
ERROR 1152
ERROR 1153
ERROR 1154
ERROR 1155
ERROR 1157
ERROR 1158
ERROR 1159
ERROR 1160
ERROR 1162
ERROR 1163
ERROR 1164
ERROR 1165
ERROR 1167
ERROR 1168
ERROR 1170
ERROR 1171
ERROR 1174
ERROR 1175
ERROR 1176
ERROR 1179
ERROR 1180
ERROR 1183
ERROR 1184
ERROR 1186
ERROR 1187
ERROR 1188
ERROR 1189
ERROR 1190
ERROR 1192
ERROR 1196
ERROR 1198
ERROR 1201
ERROR 1202
ERROR 1203
ERROR 1204
ERROR 1205
ERROR 1206
ERROR 1207
ERROR 1208
ERROR 1211
ERROR 1212
ERROR 1215
ERROR 1216
ERROR 1217
ERROR 1219
ERROR 1220
ERROR 1221
ERROR 1224
ERROR 1226
ERROR 1229
ERROR 1230
ERROR 1231
ERROR 1232
ERROR 1233
ERROR 1235
ERROR 1236
ERROR 1237
ERROR 1238
ERROR 1239
ERROR 1240
ERROR 1241
ERROR 1242
ERROR 1244
ERROR 1245
ERROR 1247
ERROR 1248
ERROR 1250
ERROR 1251
ERROR 1253
ERROR 1254
ERROR 1257
ERROR 1258
ERROR 1259
ERROR 1260
ERROR 1261
ERROR 1262
ERROR 1263
ERROR 1264
ERROR 1265
ERROR 1267
ERROR 1268
ERROR 1269
ERROR 1271
ERROR 1272
ERROR 1273
ERROR 1274
ERROR 1275
ERROR 1276
ERROR 1277
ERROR 1278
ERROR 1279
ERROR 1280
ERROR 1281
ERROR 1282
ERROR 1283
ERROR 1284
ERROR 1285
ERROR 1286
ERROR 1287
ERROR 1288
ERROR 1289
ERROR 1290
ERROR 1291
ERROR 1292
ERROR 1293
ERROR 1294
ERROR 1295
ERROR 1296
ERROR 1297
ERROR 1298
ERROR 1299
ERROR 1300
ERROR 1301
ERROR 1302
ERROR 1304
ERROR 1306
ERROR 1307
ERROR 1309
ERROR 1310
ERROR 1311
ERROR 1312
ERROR 1313
ERROR 1314
ERROR 1315
ERROR 1316
ERROR 1317
ERROR 1318
ERROR 1319
ERROR 1320
ERROR 1323
ERROR 1324
ERROR 1325
ERROR 1329
ERROR 1332
ERROR 1335
ERROR 1336
ERROR 1337
ERROR 1338
ERROR 1339
ERROR 1341
ERROR 1342
ERROR 1344
ERROR 1345
ERROR 1347
ERROR 1348
ERROR 1349
ERROR 1350
ERROR 1352
ERROR 1353
ERROR 1354
ERROR 1357
ERROR 1358
ERROR 1360
ERROR 1361
ERROR 1362
ERROR 1365
ERROR 1366
ERROR 1368
ERROR 1369
ERROR 1370
ERROR 1371
ERROR 1372
ERROR 1373
ERROR 1374
ERROR 1375
ERROR 1377
ERROR 1378
ERROR 1379
ERROR 1380
ERROR 1381
ERROR 1382
ERROR 1385
ERROR 1387
