









130;town964;330;363;town936;168;455;town906;489;322;town908;377;209;town983;82;136;town909



135;town997;436;124;town1026







134;town942;321;204;town1007;357;40;town1041;372;392;town905;114;330;town917;31;31;town989;188;346;town1015;213;308;town901;284;322;town955;237;17;town1018;11;57;town945;447;25;town906;66;176;town928;294;327;town941;43;191;town954;63;135;tow
166;town1037;445;224;town1033;259;464;town981
167;town963;274;254;town1016;64;86;town1029;63;345;town1033
128;town964;180;377;town1000;208;422;town963;136;338;town941;32;22;town913;296;22;town943;186;434;town969;32;236;town1006;314;347;town919;17;458;town935;272;34;town947




130;town964;330;363;town936;168;455;town906;489;322;town908;377;209;town983;82;136;town909

134;town942;321;204;town1007;357;40;town1041;372;392;town905;114;330;town917;31;31;town989;188;346;town1015;213;308;town901;284;322;town955;237;17;town1018;11;57;town945;447;25;town906;66;176;town928;294;327;town941;43;191;town954;63;135;tow
173;town1006;496;18;town910;162;92;town1028;496;382;town908;445;134;town1024;112;9;town906;403;189;town914;427;66;town970;492;276;town1008;163;339;town990;280;143;town994;22;418;town1003;31;438;town1032;112;476;town944;465;18;town936;309;443;town957;306;295;town998


150;town904;466;16;town966;100;491;town


125;town920;442;52;town909;84;36;town1035;346;46;town994;271;15;town963;420;140;town974;381;396;town990;247;37;town1010;265;329;town943;240;142;town948;204;103;town956;423;288;town91
146;town1003;252;253;town940;308;248;town973;42;270;town932;429;187;town921;118;389;town979;290;120;town924;395;177;town982;97;88;town91


166;town1037;445;224;town1033;259;464;town981

173;town1006;496;18;town910;162;92;town1028;496;382;town908;445;134;town1024;112;9;town906;403;189;town914;427;66;town970;492;276;town1008;163;339;town990;280;143;town994;22;418;town1003;31;438;town1032;112;476;town944;465;18;town936;309;443;town957;306;295;town998
130;town964;330;363;town936;168;455;town906;489;322;town908;377;209;town983;82;136;town909
153;town1045;404;198;town939;362;67;town1037;422;429;town936
138;town910;131;269;town999;257;278;town968
129;town983;87;126;town995;153;437;town961;230;33;town1041;97;61;town946;174;368;town926;288;350;town976;326;176;town1024;129;108;town1043;422;484;town1022;206;201;town984;14;373;town969
137;town947;228;388;town990;401;88;town983;101;420;town973;330;3;town908;242;315;town912;493;74;town955;65;169;town1046;390;390;town993;293;396;town914;66;162;town1001;293;225;town1045;408;439;town903

133;town1012;65;145;town907;423;85;town904;117;287;town1014;322;457;town928;75;91;town980;386;146;town990;375;270;town916;387;5;town979
152;town1042;232;21;town927;421;128;town929;163;84;town1038;66;261;town1003;47;458;town975;359;122;town1035;271;289;town1007;387;407;town1028;167;237;town986;68;291;town933;441;453;town922;171;219;town906;105;336;town934;137;29;town1004;235;151;town1031;359;252;town925;411;395;town1033

169;town958;138;326;town969;70;255;town942;476;211;town1006;465;71;town1044;105;215;town1038;16;159;town938;318;425;town932;386;170;town991;163;393;town972
131;town930;352;460;town1034;274;167;town977;66;358;town937;176;35;town971;297;220;town961;444;269;town957;397;341;town947

168;town933;377;492;town936;467;191;town922;311;8;town986;273;213;town921;405;433;town991;58;368;town951;434;209;town931;34;117;town1008;121;101;town966;274;260;town900;145;389;town926;486;211;town981;397;246;town1035;443;156;town964
150;town904;466;16;town966;100;491;town
171;town1029;456;436;town1026;201;192;town1032;203;34;town975;307;413;town991;380;251;town916;263;212;town969;125;340;town1045;436;71;town
126;town986;455;384;town976;320;311;town1031;222;406;town1002;276;158;town950;368;442;town1018;51;152;town1021;310;181;town920;157;449;town987
125;town920;442;52;town909;84;36;town1035;346;46;town994;271;15;town963;420;140;town974;381;396;town990;247;37;town1010;265;329;town943;240;142;town948;204;103;town956;423;288;town91
137;town947;228;388;town990;401;88;town983;101;420;town973;330;3;town908;242;315;town912;493;74;town955;65;169;town1046;390;390;town993;293;396;town914;66;162;town1001;293;225;town1045;408;439;town903
158;town934;406;99;town923;435;40;town969;125;342;town976;394;234;town992;257;498;town1010;456;452;town948
147;town957;51;85;town919;370;51;town953;354;380;town999;337;487;town1035;4;416;town1037;445;238;town958;403;21;town937;119;181;town1028;165;352;town982;340;141;town1010;341;77;town916;433;391;town904


150;town904;466;16;town966;100;491;town
125;town920;442;52;town909;84;36;town1035;346;46;town994;271;15;town963;420;140;town974;381;396;town990;247;37;town1010;265;329;town943;240;142;town948;204;103;town956;423;288;town91
163;town929;130;270;town975;367;126;town931;450;498;town1022;472;189;town1004;444;255;town932;279;6;town906

173;town1006;496;18;town910;162;92;town1028;496;382;town908;445;134;town1024;112;9;town906;403;189;town914;427;66;town970;492;276;town1008;163;339;town990;280;143;town994;22;418;town1003;31;438;town1032;112;476;town944;465;18;town936;309;443;town957;306;295;town998
162;town1039;391;476;town924;319;302;town941;209;363;town1009;263;409;town1028;240;321;town976;19;439;town902
144;town1025;357;78;town950
125;town920;442;52;town909;84;36;town1035;346;46;town994;271;15;town963;420;140;town974;381;396;town990;247;37;town1010;265;329;town943;240;142;town948;204;103;town956;423;288;town91
168;town933;377;492;town936;467;191;town922;311;8;town986;273;213;town921;405;433;town991;58;368;town951;434;209;town931;34;117;town1008;121;101;town966;274;260;town900;145;389;town926;486;211;town981;397;246;town1035;443;156;town964


152;town1042;232;21;town927;421;128;town929;163;84;town1038;66;261;town1003;47;458;town975;359;122;town1035;271;289;town1007;387;407;town1028;167;237;town986;68;291;town933;441;453;town922;171;219;town906;105;336;town934;137;29;town1004;235;151;town1031;359;252;town925;411;395;town1033
155;town1032;154;277;town918;280;453;town1011

130;town964;330;363;town936;168;455;town906;489;322;town908;377;209;town983;82;136;town909
173;town1006;496;18;town910;162;92;town1028;496;382;town908;445;134;town1024;112;9;town906;403;189;town914;427;66;town970;492;276;town1008;163;339;town990;280;143;town994;22;418;town1003;31;438;town1032;112;476;town944;465;18;town936;309;443;town957;306;295;town998
153;town1045;404;198;town939;362;67;town1037;422;429;town936
155;town1032;154;277;town918;280;453;town1011
161;town971;219;136;town10
125;town920;442;52;town909;84;36;town1035;346;46;town994;271;15;town963;420;140;town974;381;396;town990;247;37;town1010;265;329;town943;240;142;town948;204;103;town956;423;288;town91

164;town968;378;491;town978;75;375;town930;75;197;town1038;429;237;town970;193;121;town923;226;227;town1020;443;164;town953;294;43;town1043;26;453;town924;169;292;town934;242;83;town916;116;151;town1011;288;36;town995


157;town1005;202;268;town1008;88;453;town972;61;467;town962;369;269;town937;436;137;town989;208;338;town1040;243;194;town1034;171;394;town911

149;town1041;114;284;town982;116;494;town1029;109;247;town1045;375;450;town931;259;480;town1026;450;84;town965;113;90;town936;223;203;town940;482;169;town983;182;331;town1039;266;382;town903;345;58;town956;179;449;town1033;123;138;town1032
147;town957;51;85;town919;370;51;town953;354;380;town999;337;487;town1035;4;416;town1037;445;238;town958;403;21;town937;119;181;town1028;165;352;town982;340;141;town1010;341;77;town916;433;391;town904
164;town968;378;491;town978;75;375;town930;75;197;town1038;429;237;town970;193;121;town923;226;227;town1020;443;164;town953;294;43;town1043;26;453;town924;169;292;town934;242;83;town916;116;151;town1011;288;36;town995
159;town981;480;216;town905;413;66;town963;86;451;town970;315;359;town902;144;420;town1006;317;83;town915;234;325;town945;151;270;town977;63;410;town1021;491;374;town990;27;163;town1026;219;282;town1017;160;46;town942;371;356;town925;499;474;town1034;376;169;town940;150;111;town1008;102;395;town1045;288;269;town1031
132;town935;455;84;town952;121;331;town1022
173;town1006;496;18;town910;162;92;town1028;496;382;town908;445;134;town1024;112;9;town906;403;189;town914;427;66;town970;492;276;town1008;163;339;town990;280;143;town994;22;418;town1003;31;438;town1032;112;476;town944;465;18;town936;309;443;town957;306;295;town998

166;town1037;445;224;town1033;259;464;town981
152;town1042;232;21;town927;421;128;town929;163;84;town1038;66;261;town1003;47;458;town975;359;122;town1035;271;289;town1007;387;407;town1028;167;237;town986;68;291;town933;441;453;town922;171;219;town906;105;336;town934;137;29;town1004;235;151;town1031;359;252;town925;411;395;town1033

143;town916;476;46;town971;404;420;town1006;353;366;town1033;241;281;town1019
171;town1029;456;436;town1026;201;192;town1032;203;34;town975;307;413;town991;380;251;town916;263;212;town969;125;340;town1045;436;71;town

154;town935;152;5;town1018;148;302;town1019;334;389;town934;249;197;town1049
163;town929;130;270;town975;367;126;town931;450;498;town1022;472;189;town1004;444;255;town932;279;6;town906
158;town934;406;99;town923;435;40;town969;125;342;town976;394;234;town992;257;498;town1010;456;452;town948
134;town942;321;204;town1007;357;40;town1041;372;392;town905;114;330;town917;31;31;town989;188;346;town1015;213;308;town901;284;322;town955;237;17;town1018;11;57;town945;447;25;town906;66;176;town928;294;327;town941;43;191;town954;63;135;tow
160;town986;145;5;town906;500;328;town1006;210;55;town943;110;99;town1000;30;136;town959;128;78;town927;112;208;town1039;218;312;town1030;283;201;town1038;301;367;town960;130;173;town1028

154;town935;152;5;town1018;148;302;town1019;334;389;town934;249;197;town1049
145;town955;245;252;town988;307;266;town945;18;352;town968;435;299;town960;429;335;town990;22;246;town939;339;371;town1048;135;80;town972;125;60;town900;466;11;town992;68;168;town930;69;185;town966;213;67;town973;300;57;town916;278;370;town984
143;town916;476;46;town971;404;420;town1006;353;366;town1033;241;281;town1019
144;town1025;357;78;town950
163;town929;130;270;town975;367;126;town931;450;498;town1022;472;189;town1004;444;255;town932;279;6;town906
145;town955;245;252;town988;307;266;town945;18;352;town968;435;299;town960;429;335;town990;22;246;town939;339;371;town1048;135;80;town972;125;60;town900;466;11;town992;68;168;town930;69;185;town966;213;67;town973;300;57;town916;278;370;town984

160;town986;145;5;town906;500;328;town1006;210;55;town943;110;99;town1000;30;136;town959;128;78;town927;112;208;town1039;218;312;town1030;283;201;town1038;301;367;town960;130;173;town1028

145;town955;245;252;town988;307;266;town945;18;352;town968;435;299;town960;429;335;town990;22;246;town939;339;371;town1048;135;80;town972;125;60;town900;466;11;town992;68;168;town930;69;185;town966;213;67;town973;300;57;town916;278;370;town984

155;town1032;154;277;town918;280;453;town1011
142;town950;354;119;town915;352;212;town1027;109;292;town1004;151;94;town1026;352;377;town1018;236;431;town957;411;347;town1043;92;390;town993;433;493;town1007
163;town929;130;270;town975;367;126;town931;450;498;town1022;472;189;town1004;444;255;town932;279;6;town906
151;town989;439;103;town959;125;174;town1005;421;129;town976;282;439;town961;50;237;town941;323;164;town901;30;298;town948;492;115;town982;468;50;town974;246;479;town1011;386;352;town922;377;317;town950;496;357;town1049;324;360;town953;298;126;town902
157;town1005;202;268;town1008;88;453;town972;61;467;town962;369;269;town937;436;137;town989;208;338;town1040;243;194;town1034;171;394;town911
174;town935;262;481;town1008;368;210;town914;287;352;town1037;68;308;town985;249;332;town994;125;160;town1022;138;184;town970;387;452;town1047;55;201;town911;200;316;town965;311;157;town1041;114;243;town922;355;268;town974
161;town971;219;136;town10
148;town961;207;238;town1027;130;268;town1018
169;town958;138;326;town969;70;255;town942;476;211;town1006;465;71;town1044;105;215;town1038;16;159;town938;318;425;town932;386;170;town991;163;393;town972
139;town935;400;300;town981;446;331;town971;22;231;town915;46;262;town959;405;142;town1028;167;163;town1048;392;67;town998;72;84;town952;280;263;town924
163;town929;130;270;town975;367;126;town931;450;498;town1022;472;189;town1004;444;255;town932;279;6;town906
152;town1042;232;21;town927;421;128;town929;163;84;town1038;66;261;town1003;47;458;town975;359;122;town1035;271;289;town1007;387;407;town1028;167;237;town986;68;291;town933;441;453;town922;171;219;town906;105;336;town934;137;29;town1004;235;151;town1031;359;252;town925;411;395;town1033
155;town1032;154;277;town918;280;453;town1011
167;town963;274;254;town1016;64;86;town1029;63;345;town1033
168;town933;377;492;town936;467;191;town922;311;8;town986;273;213;town921;405;433;town991;58;368;town951;434;209;town931;34;117;town1008;121;101;town966;274;260;town900;145;389;town926;486;211;town981;397;246;town1035;443;156;town964
174;town935;262;481;town1008;368;210;town914;287;352;town1037;68;308;town985;249;332;town994;125;160;town1022;138;184;town970;387;452;town1047;55;201;town911;200;316;town965;311;157;town1041;114;243;town922;355;268;town974
140;town1035;135;115;town934;415;177;town971;447;25;town1000;360;275;town927;92;402;town904;168;140;town1047
