ERROR 1
ERROR 2
ERROR 3
ERROR 4
ERROR 5
ERROR 6
ERROR 10
ERROR 12
ERROR 13
ERROR 15
ERROR 16
ERROR 17
ERROR 18
ERROR 19
ERROR 20
ERROR 21
ERROR 22
ERROR 23
ERROR 24
ERROR 26
ERROR 27
ERROR 28
ERROR 31
ERROR 34
ERROR 35
ERROR 36
ERROR 43
ERROR 46
ERROR 47
ERROR 49
ERROR 51
ERROR 53
ERROR 56
ERROR 61
ERROR 64
ERROR 66
ERROR 67
ERROR 68
ERROR 70
ERROR 71
ERROR 72
ERROR 74
ERROR 77
ERROR 78
ERROR 79
ERROR 81
ERROR 82
ERROR 86
ERROR 87
ERROR 88
ERROR 89
ERROR 90
ERROR 91
ERROR 94
ERROR 95
ERROR 97
ERROR 98
ERROR 100
ERROR 101
ERROR 104
ERROR 107
ERROR 109
ERROR 112
ERROR 114
ERROR 118
ERROR 119
ERROR 120
ERROR 121
ERROR 122
ERROR 124
ERROR 126
ERROR 127
ERROR 128
ERROR 129
ERROR 131
ERROR 133
ERROR 135
ERROR 136
ERROR 137
ERROR 139
ERROR 141
ERROR 142
ERROR 143
ERROR 146
ERROR 149
ERROR 150
ERROR 151
ERROR 152
ERROR 153
ERROR 155
ERROR 156
ERROR 157
ERROR 158
ERROR 161
ERROR 162
ERROR 163
ERROR 164
ERROR 166
ERROR 167
ERROR 168
ERROR 169
ERROR 170
ERROR 171
ERROR 172
ERROR 174
ERROR 175
ERROR 180
ERROR 181
ERROR 182
ERROR 184
ERROR 188
ERROR 191
ERROR 192
ERROR 193
ERROR 194
ERROR 195
ERROR 196
ERROR 197
ERROR 198
ERROR 200
ERROR 201
ERROR 202
ERROR 203
ERROR 205
ERROR 206
ERROR 207
ERROR 209
ERROR 210
ERROR 212
ERROR 215
ERROR 216
ERROR 217
ERROR 218
ERROR 222
ERROR 225
ERROR 226
ERROR 227
ERROR 229
ERROR 231
ERROR 233
ERROR 237
ERROR 240
ERROR 242
ERROR 243
ERROR 246
ERROR 247
ERROR 248
ERROR 249
ERROR 251
ERROR 252
ERROR 253
ERROR 254
ERROR 255
ERROR 256
ERROR 257
ERROR 258
ERROR 259
ERROR 261
ERROR 262
ERROR 263
ERROR 267
ERROR 270
ERROR 271
ERROR 272
ERROR 273
ERROR 274
ERROR 275
ERROR 277
ERROR 279
ERROR 280
ERROR 281
ERROR 282
ERROR 286
ERROR 288
ERROR 290
ERROR 291
ERROR 292
ERROR 293
ERROR 294
ERROR 295
ERROR 296
ERROR 297
ERROR 298
ERROR 299
ERROR 300
ERROR 303
ERROR 304
ERROR 305
ERROR 306
ERROR 308
ERROR 309
ERROR 311
ERROR 312
ERROR 315
ERROR 317
ERROR 318
ERROR 319
ERROR 321
ERROR 323
ERROR 325
ERROR 326
ERROR 327
ERROR 328
ERROR 329
ERROR 330
ERROR 331
ERROR 332
ERROR 333
ERROR 334
ERROR 335
ERROR 336
ERROR 337
ERROR 338
ERROR 339
ERROR 341
ERROR 343
ERROR 344
ERROR 345
ERROR 347
ERROR 348
ERROR 349
ERROR 350
ERROR 351
ERROR 352
ERROR 353
ERROR 354
ERROR 355
ERROR 357
ERROR 358
ERROR 359
ERROR 360
ERROR 363
ERROR 365
ERROR 366
ERROR 370
ERROR 372
ERROR 373
ERROR 375
ERROR 376
ERROR 377
ERROR 378
ERROR 379
ERROR 380
ERROR 381
ERROR 383
ERROR 385
ERROR 386
ERROR 387
ERROR 388
ERROR 390
ERROR 391
ERROR 392
ERROR 393
ERROR 394
ERROR 395
ERROR 396
ERROR 398
ERROR 399
ERROR 400
ERROR 401
ERROR 403
ERROR 404
ERROR 406
ERROR 407
ERROR 408
ERROR 409
ERROR 410
ERROR 411
ERROR 412
ERROR 413
ERROR 414
ERROR 421
ERROR 422
ERROR 423
ERROR 424
ERROR 425
ERROR 426
ERROR 428
ERROR 431
ERROR 432
ERROR 433
ERROR 434
ERROR 435
ERROR 436
ERROR 437
ERROR 438
ERROR 439
ERROR 440
ERROR 441
ERROR 442
ERROR 443
ERROR 444
ERROR 445
ERROR 447
ERROR 449
ERROR 451
ERROR 453
ERROR 454
ERROR 457
ERROR 458
ERROR 459
ERROR 460
ERROR 463
ERROR 464
ERROR 466
ERROR 467
ERROR 470
ERROR 471
ERROR 472
ERROR 473
ERROR 475
ERROR 477
ERROR 479
ERROR 480
ERROR 481
ERROR 482
ERROR 483
ERROR 485
ERROR 486
ERROR 487
ERROR 489
ERROR 491
ERROR 493
ERROR 494
ERROR 496
ERROR 497
ERROR 501
ERROR 502
ERROR 504
ERROR 507
ERROR 508
ERROR 511
ERROR 515
ERROR 517
ERROR 518
ERROR 519
ERROR 524
ERROR 528
ERROR 529
ERROR 530
ERROR 532
ERROR 534
ERROR 535
ERROR 536
ERROR 539
ERROR 540
ERROR 543
ERROR 544
ERROR 545
ERROR 546
ERROR 548
ERROR 549
ERROR 551
ERROR 552
ERROR 553
ERROR 555
ERROR 557
ERROR 559
ERROR 560
ERROR 561
ERROR 564
ERROR 565
ERROR 566
ERROR 567
ERROR 569
ERROR 570
ERROR 572
ERROR 574
ERROR 575
ERROR 576
ERROR 577
ERROR 578
ERROR 580
ERROR 581
ERROR 582
ERROR 584
ERROR 585
ERROR 586
ERROR 588
ERROR 589
ERROR 591
ERROR 592
ERROR 593
ERROR 594
ERROR 595
ERROR 596
ERROR 598
ERROR 600
ERROR 602
ERROR 603
ERROR 604
ERROR 607
ERROR 608
ERROR 609
ERROR 610
ERROR 611
ERROR 612
ERROR 614
ERROR 615
ERROR 617
ERROR 618
ERROR 621
ERROR 623
ERROR 624
ERROR 625
ERROR 626
ERROR 628
ERROR 629
ERROR 631
ERROR 632
ERROR 634
ERROR 635
ERROR 636
ERROR 637
ERROR 639
ERROR 640
ERROR 641
ERROR 642
ERROR 643
ERROR 645
ERROR 646
ERROR 647
ERROR 648
ERROR 649
ERROR 653
ERROR 654
ERROR 655
ERROR 656
ERROR 657
ERROR 663
ERROR 664
ERROR 665
ERROR 666
ERROR 667
ERROR 668
ERROR 670
ERROR 671
ERROR 674
ERROR 675
ERROR 678
ERROR 679
ERROR 680
ERROR 681
ERROR 682
ERROR 683
ERROR 686
ERROR 689
ERROR 690
ERROR 691
ERROR 693
ERROR 694
ERROR 695
ERROR 700
ERROR 702
ERROR 703
ERROR 705
ERROR 706
ERROR 708
ERROR 709
ERROR 710
ERROR 711
ERROR 712
ERROR 714
ERROR 715
ERROR 716
ERROR 717
ERROR 718
ERROR 720
ERROR 721
ERROR 722
ERROR 723
ERROR 724
ERROR 725
ERROR 726
ERROR 728
ERROR 729
ERROR 730
ERROR 731
ERROR 732
ERROR 734
ERROR 737
ERROR 738
ERROR 741
ERROR 742
ERROR 744
ERROR 745
ERROR 747
ERROR 748
ERROR 752
ERROR 753
ERROR 755
ERROR 757
ERROR 759
ERROR 763
ERROR 764
ERROR 765
ERROR 766
ERROR 767
ERROR 768
ERROR 769
ERROR 770
ERROR 771
ERROR 774
ERROR 775
ERROR 776
ERROR 777
ERROR 778
ERROR 779
ERROR 781
ERROR 782
ERROR 783
ERROR 785
ERROR 786
ERROR 787
ERROR 789
ERROR 790
ERROR 791
ERROR 792
ERROR 794
ERROR 796
ERROR 797
ERROR 798
ERROR 799
ERROR 804
ERROR 805
ERROR 806
ERROR 807
ERROR 809
ERROR 811
ERROR 812
ERROR 814
ERROR 815
ERROR 816
ERROR 818
ERROR 819
ERROR 820
ERROR 821
ERROR 824
ERROR 826
ERROR 827
ERROR 828
ERROR 831
ERROR 832
ERROR 833
ERROR 834
ERROR 835
ERROR 836
ERROR 838
ERROR 839
ERROR 840
ERROR 841
ERROR 842
ERROR 843
ERROR 844
ERROR 845
ERROR 846
ERROR 847
ERROR 848
ERROR 849
ERROR 850
ERROR 851
ERROR 853
ERROR 854
ERROR 855
ERROR 856
ERROR 858
ERROR 860
ERROR 862
ERROR 863
ERROR 865
ERROR 866
ERROR 867
ERROR 868
ERROR 869
ERROR 871
ERROR 874
ERROR 875
ERROR 876
ERROR 877
ERROR 878
ERROR 881
ERROR 882
ERROR 883
ERROR 884
ERROR 885
ERROR 888
ERROR 889
ERROR 890
ERROR 891
ERROR 892
ERROR 893
ERROR 895
ERROR 897
ERROR 899
ERROR 900
ERROR 901
ERROR 902
ERROR 903
ERROR 905
ERROR 907
ERROR 908
ERROR 909
ERROR 910
ERROR 911
ERROR 912
ERROR 913
ERROR 914
ERROR 917
ERROR 918
ERROR 919
ERROR 920
ERROR 925
ERROR 926
ERROR 929
ERROR 932
ERROR 933
ERROR 935
ERROR 936
ERROR 937
ERROR 938
ERROR 939
ERROR 941
ERROR 942
ERROR 943
ERROR 944
ERROR 945
ERROR 946
ERROR 948
ERROR 951
ERROR 952
ERROR 953
ERROR 954
ERROR 955
ERROR 956
ERROR 957
ERROR 958
ERROR 959
ERROR 960
ERROR 961
ERROR 962
ERROR 963
ERROR 964
ERROR 965
ERROR 966
ERROR 969
ERROR 970
ERROR 971
ERROR 972
ERROR 973
ERROR 974
ERROR 975
ERROR 976
ERROR 977
ERROR 978
ERROR 979
ERROR 982
ERROR 983
ERROR 985
ERROR 986
ERROR 988
ERROR 989
ERROR 990
ERROR 992
ERROR 993
ERROR 994
ERROR 996
ERROR 997
ERROR 998
ERROR 999
ERROR 1001
ERROR 1002
ERROR 1003
ERROR 1004
ERROR 1005
ERROR 1006
ERROR 1007
ERROR 1008
ERROR 1009
ERROR 1010
ERROR 1012
ERROR 1013
ERROR 1014
ERROR 1016
ERROR 1017
ERROR 1018
ERROR 1021
ERROR 1022
ERROR 1023
ERROR 1026
ERROR 1028
ERROR 1029
ERROR 1031
ERROR 1032
ERROR 1034
ERROR 1038
ERROR 1040
ERROR 1041
ERROR 1042
ERROR 1043
ERROR 1045
ERROR 1046
ERROR 1050
ERROR 1053
ERROR 1054
ERROR 1057
ERROR 1058
ERROR 1059
ERROR 1060
ERROR 1061
ERROR 1062
ERROR 1063
ERROR 1066
ERROR 1071
ERROR 1072
ERROR 1073
ERROR 1074
ERROR 1076
ERROR 1077
ERROR 1079
ERROR 1080
ERROR 1081
ERROR 1085
ERROR 1086
ERROR 1087
ERROR 1088
ERROR 1089
ERROR 1090
ERROR 1091
ERROR 1092
ERROR 1093
ERROR 1094
ERROR 1096
ERROR 1097
ERROR 1098
ERROR 1099
ERROR 1100
ERROR 1101
ERROR 1102
ERROR 1103
ERROR 1104
ERROR 1105
ERROR 1107
ERROR 1108
ERROR 1109
ERROR 1110
ERROR 1112
ERROR 1113
ERROR 1114
ERROR 1115
ERROR 1117
ERROR 1119
ERROR 1121
ERROR 1122
ERROR 1125
ERROR 1126
ERROR 1127
ERROR 1129
ERROR 1130
ERROR 1131
ERROR 1132
ERROR 1133
ERROR 1134
ERROR 1135
ERROR 1137
ERROR 1138
ERROR 1139
ERROR 1141
ERROR 1142
ERROR 1146
ERROR 1147
ERROR 1148
ERROR 1150
ERROR 1151
ERROR 1152
ERROR 1154
ERROR 1155
ERROR 1156
ERROR 1157
ERROR 1159
ERROR 1160
ERROR 1161
ERROR 1162
ERROR 1163
ERROR 1164
ERROR 1165
ERROR 1166
ERROR 1167
ERROR 1168
ERROR 1169
ERROR 1170
ERROR 1171
ERROR 1172
ERROR 1173
ERROR 1176
ERROR 1177
ERROR 1178
ERROR 1179
ERROR 1181
ERROR 1184
ERROR 1185
ERROR 1186
ERROR 1187
ERROR 1188
ERROR 1192
ERROR 1193
ERROR 1195
ERROR 1196
ERROR 1197
ERROR 1198
ERROR 1199
ERROR 1200
ERROR 1201
ERROR 1203
ERROR 1204
ERROR 1205
ERROR 1206
ERROR 1207
ERROR 1208
ERROR 1209
ERROR 1210
ERROR 1212
ERROR 1214
ERROR 1215
ERROR 1216
ERROR 1217
ERROR 1218
ERROR 1220
ERROR 1221
ERROR 1222
ERROR 1223
ERROR 1224
ERROR 1225
ERROR 1226
ERROR 1227
ERROR 1229
ERROR 1230
ERROR 1231
ERROR 1232
ERROR 1233
ERROR 1235
ERROR 1236
ERROR 1237
ERROR 1238
ERROR 1239
ERROR 1242
ERROR 1243
ERROR 1245
ERROR 1247
ERROR 1248
ERROR 1251
ERROR 1252
