





153;town996;41;59;town904;88;207;town1036











165;town1015;58;272;town910;425;415;town990;36;316;town965;256;154;town995;328;326;town908;105;90;town978


165;town1015;58;272;town910;425;415;town990;36;316;town965;256;154;town995;328;326;town908;105;90;town978



165;town1015;58;272;town910;425;415;town990;36;316;town965;256;154;town995;328;326;town908;105;90;town978



140;town952;24;305;town990;450;72;tow
156;town974;82;222;town926;425;102;town1044;9;106;town976;346;386;town957;192;65;town916;260;214;town956;227;282;town958;120;180;town1020;405;149;town1010;371;110;town1016;15;267;town950
165;town1015;58;272;town910;425;415;town990;36;316;town965;256;154;town995;328;326;town908;105;90;town978
161;town1022;186;409;town946;151;475;town910;468;41;town1018;349;384;town999;383;464;town945;468;119;town972;386;59;town957;415;285;town1032;423;31;town929;300;97;t
144;town1007;181;62;town998;53;222;town917;486;238;town995;305;50;town948;80;293;town955;364;316;town1010;229;237;town981;12;414;town945;322;140;town941;445;451;town949;156;353;town915;246;476;town1017;125;339;town997;436;172;town927;298;422;town920


172;town903;12;291;town974;476;494;town1003;201;280;town968;43;49;town1019;427;183;town999;302;396;town920;294;396;town965;93;95;town938;31;75;town1029;369;337;town944;268;4;town934;313;404;town1026;310;286;town931;455;492;town918;186;118;town975
154;town1040;477;227;town1001;373;422;town949;215;110;town1010;51;177;town987;452;225;town1028;162;393;town934

134;town923;177;168;town1013;291;182;town903;33;304;to



165;town1015;58;272;town910;425;415;town990;36;316;town965;256;154;town995;328;326;town908;105;90;town978
153;town996;41;59;town904;88;207;town1036
144;town1007;181;62;town998;53;222;town917;486;238;town995;305;50;town948;80;293;town955;364;316;town1010;229;237;town981;12;414;town945;322;140;town941;445;451;town949;156;353;town915;246;476;town1017;125;339;town997;436;172;town927;298;422;town920
155;town925;185;334;town1010;163;265;town970;82;244;town915;209;121;town1013;56;460;town1023;149;88;town1020;147;50;town1000;411;451;town981;388;202;town980;425;341;town995;373;81;town1028;128;400;town1002
127;town1013;341;40;town1010;365;324;town1032;153;274;town999;300;464;town1003;116;402;town1044;463;324;town957;209;150;town934;428;131;town923;440;350;town904;323;412;town1016;40;258;town914
134;town923;177;168;town1013;291;182;town903;33;304;to
167;town1000;262;427;town924;390;166;town906;81;167;town946;239;315;town959;182;14;town1043;88;450;town969;363;458;town952;2;415;town984;487;28;town956;428;255;town1023;167;283;town1025;419;63;town1003;270;276;town980;160;464;town1047

134;town923;177;168;town1013;291;182;town903;33;304;to



170;town983;98;477;town919;360;172;town989;413;113;town1048;7;46;town921;295;393;town998;188;143;town1003;57;341;town1020;327;336;town956;328;316;town962;21;47;town940;9;91;town952;230;365;town985;437;90;town1019;418;486;town1036
154;town1040;477;227;town1001;373;422;town949;215;110;town1010;51;177;town987;452;225;town1028;162;393;town934

135;town984;288;4;town992;81;182;town1047;375;67;town975;331;461;town916;365;337;town1005;211;9;town976;221;387;town929;271;48;town1027;191;111;town1040;343;68;town970;307;416;town936;320;146;town920
142;town932;76;140;town929;426;223;town971;36;263;town969;37;337;town983;445;341;town1016;460;151;town940

154;town1040;477;227;town1001;373;422;town949;215;110;town1010;51;177;town987;452;225;town1028;162;393;town934
167;town1000;262;427;town924;390;166;town906;81;167;town946;239;315;town959;182;14;town1043;88;450;town969;363;458;town952;2;415;town984;487;28;town956;428;255;town1023;167;283;town1025;419;63;town1003;270;276;town980;160;464;town1047
134;town923;177;168;town1013;291;182;town903;33;304;to
134;town923;177;168;town1013;291;182;town903;33;304;to
169;town1008;136;311;town902;361;466;town986;442;140;town944;154;389;town907;94;80;town931;434;319;town980;390;486;town997;155;340;town955;56;453;town949;205;109;town990
173;town946;186;500;town1004;429;451;town1048;270;72;town92
174;town947;325;48;town961;455;34;town998;77;477;town1031;388;492;town969;263;64;town953;191;39;town956;211;36;town954;375;345;town933;148;460;town913;276;308;town1044
163;town990;273;396;town992;178;19;town960;369;151;town1005;254;135;town900;209;377;town1035;72;250;town980;368;241;town971;38;151;town999;494;480;town923;102;386;town912;285;112;town935;474;497;town928;479;464;town989;389;343;town1019;253;146;town925;124;291;town1044
174;town947;325;48;town961;455;34;town998;77;477;town1031;388;492;town969;263;64;town953;191;39;town956;211;36;town954;375;345;town933;148;460;town913;276;308;town1044

130;town939;479;180;town1039;333;20;town1022;425;347;town999;239;258;town925;393;242;town917;460;439;town959;299;264;town1046;50;22;town948;317;499;town908;417;37;town909;399;354;town1021;498;28;town967;486;81;town1040;435;173;town978;167;254;town927;220;31;town911;407;162;town1047;243;273;town991

154;town1040;477;227;town1001;373;422;town949;215;110;town1010;51;177;town987;452;225;town1028;162;393;town934

167;town1000;262;427;town924;390;166;town906;81;167;town946;239;315;town959;182;14;town1043;88;450;town969;363;458;town952;2;415;town984;487;28;town956;428;255;town1023;167;283;town1025;419;63;town1003;270;276;town980;160;464;town1047
140;town952;24;305;town990;450;72;tow
174;town947;325;48;town961;455;34;town998;77;477;town1031;388;492;town969;263;64;town953;191;39;town956;211;36;town954;375;345;town933;148;460;town913;276;308;town1044


155;town925;185;334;town1010;163;265;town970;82;244;town915;209;121;town1013;56;460;town1023;149;88;town1020;147;50;town1000;411;451;town981;388;202;town980;425;341;town995;373;81;town1028;128;400;town1002
126;town901;195;149;town930;17;9;town936;181;457;town954;143;116;town948;267;44;town1003;290;439;town1027;445;366;town1046;165;292;town1042;108;88;town925;362;40;town980;312;90;town975
157;town996;123;170;town969;150;316;town1026;421;397;town935;109;240;town995;353;135;town1047;86;65;town943;209;172;town928;233;53;town914;36;6;town924;128;315;town1011;168;360;town1036;457;455;town1046;16;264;town992;420;128;town908;300;272;town925;118;332;town964;387;243;town1032
150;town945;296;179;town955;223;159;town929;384;425;town933;47;483;town916;245;71;town946



125;town1036;449;383;town989;139;377;town992;451;31;town1001;371;371;town1038;353;248;town932;306;104;town1035;87;116;town1002;254;254;town973;315;491;town1027;400;61;town951;329;358;town1018;215;302;town1042;20;231;town982;363;288;town904;398;329;town994;207;189;town929;384;253;town926;251;175;town981;201;379;town1032
172;town903;12;291;town974;476;494;town1003;201;280;town968;43;49;town1019;427;183;town999;302;396;town920;294;396;town965;93;95;town938;31;75;town1029;369;337;town944;268;4;town934;313;404;town1026;310;286;town931;455;492;town918;186;118;town975
126;town901;195;149;town930;17;9;town936;181;457;town954;143;116;town948;267;44;town1003;290;439;town1027;445;366;town1046;165;292;town1042;108;88;town925;362;40;town980;312;90;town975
128;town1022;129;463;town1013;459;106;town957;75;489;town923;203;351;town905;373;417;town1044;121;488;town959;434;37;town947;246;36;town930;360;386;town984

149;town1037;121;434;town919;366;448;town960;182;489;town908;51;223;town944;386;328;town900;183;366;town935;408;118;town977;454;238;town904;162;468;town936;86;92;town995;21;776;town989;155;452;town948;482;493;town1045;109;70;town993
156;town974;82;222;town926;425;102;town1044;9;106;town976;346;386;town957;192;65;town916;260;214;town956;227;282;town958;120;180;town1020;405;149;town1010;371;110;town1016;15;267;town950
170;town983;98;477;town919;360;172;town989;413;113;town1048;7;46;town921;295;393;town998;188;143;town1003;57;341;town1020;327;336;town956;328;316;town962;21;47;town940;9;91;town952;230;365;town985;437;90;town1019;418;486;town1036
130;town939;479;180;town1039;333;20;town1022;425;347;town999;239;258;town925;393;242;town917;460;439;town959;299;264;town1046;50;22;town948;317;499;town908;417;37;town909;399;354;town1021;498;28;town967;486;81;town1040;435;173;town978;167;254;town927;220;31;town911;407;162;town1047;243;273;town991
140;town952;24;305;town990;450;72;tow
135;town984;288;4;town992;81;182;town1047;375;67;town975;331;461;town916;365;337;town1005;211;9;town976;221;387;town929;271;48;town1027;191;111;town1040;343;68;town970;307;416;town936;320;146;town920
173;town946;186;500;town1004;429;451;town1048;270;72;town92
165;town1015;58;272;town910;425;415;town990;36;316;town965;256;154;town995;328;326;town908;105;90;town978

130;town939;479;180;town1039;333;20;town1022;425;347;town999;239;258;town925;393;242;town917;460;439;town959;299;264;town1046;50;22;town948;317;499;town908;417;37;town909;399;354;town1021;498;28;town967;486;81;town1040;435;173;town978;167;254;town927;220;31;town911;407;162;town1047;243;273;town991
173;town946;186;500;town1004;429;451;town1048;270;72;town92

161;town1022;186;409;town946;151;475;town910;468;41;town1018;349;384;town999;383;464;town945;468;119;town972;386;59;town957;415;285;town1032;423;31;town929;300;97;t
161;town1022;186;409;town946;151;475;town910;468;41;town1018;349;384;town999;383;464;town945;468;119;town972;386;59;town957;415;285;town1032;423;31;town929;300;97;t
150;town945;296;179;town955;223;159;town929;384;425;town933;47;483;town916;245;71;town946
156;town974;82;222;town926;425;102;town1044;9;106;town976;346;386;town957;192;65;town916;260;214;town956;227;282;town958;120;180;town1020;405;149;town1010;371;110;town1016;15;267;town950
149;town1037;121;434;town919;366;448;town960;182;489;town908;51;223;town944;386;328;town900;183;366;town935;408;118;town977;454;238;town904;162;468;town936;86;92;town995;21;776;town989;155;452;town948;482;493;town1045;109;70;town993
140;town952;24;305;town990;450;72;tow


154;town1040;477;227;town1001;373;422;town949;215;110;town1010;51;177;town987;452;225;town1028;162;393;town934
170;town983;98;477;town919;360;172;town989;413;113;town1048;7;46;town921;295;393;town998;188;143;town1003;57;341;town1020;327;336;town956;328;316;town962;21;47;town940;9;91;town952;230;365;town985;437;90;town1019;418;486;town1036
170;town983;98;477;town919;360;172;town989;413;113;town1048;7;46;town921;295;393;town998;188;143;town1003;57;341;town1020;327;336;town956;328;316;town962;21;47;town940;9;91;town952;230;365;town985;437;90;town1019;418;486;town1036
141;town999;21;12;town914;425;166;town1042;16;422;town1000;113;495;town1045;3;442;town1022

150;town945;296;179;town955;223;159;town929;384;425;town933;47;483;town916;245;71;town946
163;town990;273;396;town992;178;19;town960;369;151;town1005;254;135;town900;209;377;town1035;72;250;town980;368;241;town971;38;151;town999;494;480;town923;102;386;town912;285;112;town935;474;497;town928;479;464;town989;389;343;town1019;253;146;town925;124;291;town1044
153;town996;41;59;town904;88;207;town1036
173;town946;186;500;town1004;429;451;town1048;270;72;town92
139;town993;39;427;town969;52;29;town961
149;town1037;121;434;town919;366;448;town960;182;489;town908;51;223;town944;386;328;town900;183;366;town935;408;118;town977;454;238;town904;162;468;town936;86;92;town995;21;776;town989;155;452;town948;482;493;town1045;109;70;town993
157;town996;123;170;town969;150;316;town1026;421;397;town935;109;240;town995;353;135;town1047;86;65;town943;209;172;town928;233;53;town914;36;6;town924;128;315;town1011;168;360;town1036;457;455;town1046;16;264;town992;420;128;town908;300;272;town925;118;332;town964;387;243;town1032
135;town984;288;4;town992;81;182;town1047;375;67;town975;331;461;town916;365;337;town1005;211;9;town976;221;387;town929;271;48;town1027;191;111;town1040;343;68;town970;307;416;town936;320;146;town920
164;town1026;491;187;town971;101;469;town990;161;47;town978;241;254;town973;49;441;town1034;397;456;town9

157;town996;123;170;town969;150;316;town1026;421;397;town935;109;240;town995;353;135;town1047;86;65;town943;209;172;town928;233;53;town914;36;6;town924;128;315;town1011;168;360;town1036;457;455;town1046;16;264;town992;420;128;town908;300;272;town925;118;332;town964;387;243;town1032
174;town947;325;48;town961;455;34;town998;77;477;town1031;388;492;town969;263;64;town953;191;39;town956;211;36;town954;375;345;town933;148;460;town913;276;308;town1044
144;town1007;181;62;town998;53;222;town917;486;238;town995;305;50;town948;80;293;town955;364;316;town1010;229;237;town981;12;414;town945;322;140;town941;445;451;town949;156;353;town915;246;476;town1017;125;339;town997;436;172;town927;298;422;town920
142;town932;76;140;town929;426;223;town971;36;263;town969;37;337;town983;445;341;town1016;460;151;town940
164;town1026;491;187;town971;101;469;town990;161;47;town978;241;254;town973;49;441;town1034;397;456;town9
158;town920;416;29;town1015
