ERROR 2
ERROR 5
ERROR 8
ERROR 9
ERROR 10
ERROR 16
ERROR 17
ERROR 18
ERROR 19
ERROR 24
ERROR 26
ERROR 27
ERROR 28
ERROR 29
ERROR 30
ERROR 31
ERROR 32
ERROR 33
ERROR 34
ERROR 35
ERROR 36
ERROR 37
ERROR 38
ERROR 39
ERROR 40
ERROR 43
ERROR 44
ERROR 45
ERROR 48
ERROR 49
ERROR 50
ERROR 52
ERROR 57
ERROR 58
ERROR 60
ERROR 64
ERROR 65
ERROR 66
ERROR 67
ERROR 68
ERROR 69
ERROR 70
ERROR 71
ERROR 72
ERROR 74
ERROR 80
ERROR 82
ERROR 84
ERROR 85
ERROR 86
ERROR 89
ERROR 93
ERROR 95
ERROR 97
ERROR 98
ERROR 99
ERROR 101
ERROR 102
ERROR 104
ERROR 105
ERROR 106
ERROR 107
ERROR 108
ERROR 110
ERROR 111
ERROR 112
ERROR 113
ERROR 114
ERROR 117
ERROR 121
ERROR 122
ERROR 123
ERROR 124
ERROR 125
ERROR 126
ERROR 128
ERROR 129
ERROR 130
ERROR 131
ERROR 132
ERROR 133
ERROR 134
ERROR 136
ERROR 137
ERROR 140
ERROR 141
ERROR 142
ERROR 143
ERROR 144
ERROR 145
ERROR 146
ERROR 147
ERROR 152
ERROR 153
ERROR 155
ERROR 156
ERROR 157
ERROR 158
ERROR 159
ERROR 160
ERROR 161
ERROR 162
ERROR 163
ERROR 164
ERROR 167
ERROR 169
ERROR 171
ERROR 173
ERROR 174
ERROR 175
ERROR 176
ERROR 177
ERROR 179
ERROR 182
ERROR 184
ERROR 188
ERROR 190
ERROR 191
ERROR 192
ERROR 193
ERROR 194
ERROR 195
ERROR 196
ERROR 198
ERROR 201
ERROR 202
ERROR 203
ERROR 204
ERROR 209
ERROR 211
ERROR 212
ERROR 215
ERROR 216
ERROR 219
ERROR 221
ERROR 222
ERROR 223
ERROR 225
ERROR 226
ERROR 227
ERROR 228
ERROR 229
ERROR 230
ERROR 231
ERROR 234
ERROR 235
ERROR 236
ERROR 239
ERROR 240
ERROR 241
ERROR 242
ERROR 243
ERROR 246
ERROR 247
ERROR 249
ERROR 250
ERROR 251
ERROR 253
ERROR 254
ERROR 255
ERROR 256
ERROR 257
ERROR 258
ERROR 260
ERROR 262
ERROR 263
ERROR 266
ERROR 267
ERROR 268
ERROR 270
ERROR 271
ERROR 275
ERROR 277
ERROR 278
ERROR 280
ERROR 281
ERROR 282
ERROR 283
ERROR 285
ERROR 288
ERROR 289
ERROR 290
ERROR 293
ERROR 294
ERROR 296
ERROR 298
ERROR 299
ERROR 300
ERROR 301
ERROR 302
ERROR 304
ERROR 306
ERROR 309
ERROR 310
ERROR 311
ERROR 312
ERROR 313
ERROR 314
ERROR 315
ERROR 317
ERROR 318
ERROR 320
ERROR 321
ERROR 322
ERROR 323
ERROR 324
ERROR 326
ERROR 327
ERROR 330
ERROR 332
ERROR 333
ERROR 334
ERROR 335
ERROR 336
ERROR 337
ERROR 339
ERROR 340
ERROR 342
ERROR 343
ERROR 344
ERROR 346
ERROR 347
ERROR 348
ERROR 349
ERROR 351
ERROR 352
ERROR 353
ERROR 354
ERROR 356
ERROR 358
ERROR 360
ERROR 361
ERROR 362
ERROR 364
ERROR 367
ERROR 368
ERROR 369
ERROR 370
ERROR 372
ERROR 374
ERROR 379
ERROR 380
ERROR 381
ERROR 384
ERROR 386
ERROR 387
ERROR 388
ERROR 390
ERROR 391
ERROR 392
ERROR 396
ERROR 397
ERROR 398
ERROR 399
ERROR 402
ERROR 404
ERROR 405
ERROR 407
ERROR 408
ERROR 409
ERROR 412
ERROR 414
ERROR 415
ERROR 416
ERROR 417
ERROR 418
ERROR 419
ERROR 426
ERROR 427
ERROR 429
ERROR 430
ERROR 431
ERROR 432
ERROR 435
ERROR 436
ERROR 437
ERROR 438
ERROR 440
ERROR 443
ERROR 445
ERROR 448
ERROR 449
ERROR 450
ERROR 451
ERROR 452
ERROR 454
ERROR 455
ERROR 457
ERROR 458
ERROR 459
ERROR 461
ERROR 462
ERROR 465
ERROR 466
ERROR 468
ERROR 469
ERROR 471
ERROR 472
ERROR 474
ERROR 476
ERROR 477
ERROR 478
ERROR 479
ERROR 480
ERROR 481
ERROR 482
ERROR 483
ERROR 484
ERROR 486
ERROR 487
ERROR 488
ERROR 489
ERROR 490
ERROR 491
ERROR 492
ERROR 493
ERROR 495
ERROR 498
ERROR 499
ERROR 500
ERROR 501
ERROR 502
ERROR 503
ERROR 506
ERROR 507
ERROR 509
ERROR 510
ERROR 512
ERROR 514
ERROR 515
ERROR 516
ERROR 517
ERROR 520
ERROR 522
ERROR 523
ERROR 524
ERROR 525
ERROR 527
ERROR 528
ERROR 529
ERROR 531
ERROR 532
ERROR 533
ERROR 534
ERROR 535
ERROR 536
ERROR 537
ERROR 538
ERROR 539
ERROR 541
ERROR 544
ERROR 546
ERROR 547
ERROR 548
ERROR 549
ERROR 550
ERROR 553
ERROR 554
ERROR 555
ERROR 556
ERROR 557
ERROR 558
ERROR 559
ERROR 563
ERROR 564
ERROR 565
ERROR 567
ERROR 568
ERROR 569
ERROR 570
ERROR 571
ERROR 572
ERROR 573
ERROR 578
ERROR 579
ERROR 580
ERROR 581
ERROR 582
ERROR 583
ERROR 584
ERROR 585
ERROR 586
ERROR 587
ERROR 589
ERROR 590
ERROR 591
ERROR 592
ERROR 593
ERROR 594
ERROR 596
ERROR 597
ERROR 599
ERROR 601
ERROR 604
ERROR 605
ERROR 606
ERROR 608
ERROR 609
ERROR 610
ERROR 611
ERROR 612
ERROR 613
ERROR 614
ERROR 615
ERROR 616
ERROR 617
ERROR 618
ERROR 619
ERROR 620
ERROR 621
ERROR 623
ERROR 624
ERROR 626
ERROR 627
ERROR 628
ERROR 630
ERROR 632
ERROR 635
ERROR 637
ERROR 640
ERROR 641
ERROR 643
ERROR 644
ERROR 645
ERROR 646
ERROR 647
ERROR 648
ERROR 649
ERROR 650
ERROR 651
ERROR 652
ERROR 653
ERROR 657
ERROR 659
ERROR 660
ERROR 661
ERROR 662
ERROR 663
ERROR 666
ERROR 668
ERROR 669
ERROR 674
ERROR 676
ERROR 677
ERROR 678
ERROR 682
ERROR 683
ERROR 684
ERROR 686
ERROR 687
ERROR 689
ERROR 690
ERROR 691
ERROR 692
ERROR 693
ERROR 694
ERROR 696
ERROR 697
ERROR 698
ERROR 699
ERROR 701
ERROR 704
ERROR 709
ERROR 711
ERROR 712
ERROR 713
ERROR 714
ERROR 715
ERROR 718
ERROR 720
ERROR 721
ERROR 722
ERROR 723
ERROR 724
ERROR 725
ERROR 726
ERROR 727
ERROR 729
ERROR 730
ERROR 733
ERROR 734
ERROR 735
ERROR 736
ERROR 737
ERROR 739
ERROR 741
ERROR 742
ERROR 743
ERROR 744
ERROR 745
ERROR 747
ERROR 748
ERROR 749
ERROR 752
ERROR 757
ERROR 759
ERROR 760
ERROR 761
ERROR 762
ERROR 763
ERROR 764
ERROR 765
ERROR 766
ERROR 767
ERROR 769
ERROR 770
ERROR 771
ERROR 772
ERROR 773
ERROR 774
ERROR 775
ERROR 777
ERROR 778
ERROR 779
ERROR 780
ERROR 781
ERROR 782
ERROR 783
ERROR 784
ERROR 785
ERROR 786
ERROR 788
ERROR 790
ERROR 791
ERROR 792
ERROR 793
ERROR 794
ERROR 795
ERROR 796
ERROR 797
ERROR 798
ERROR 799
ERROR 800
ERROR 801
ERROR 803
ERROR 804
ERROR 806
ERROR 807
ERROR 808
ERROR 809
ERROR 810
ERROR 811
ERROR 812
ERROR 814
ERROR 815
ERROR 816
ERROR 818
ERROR 819
ERROR 820
ERROR 822
ERROR 823
ERROR 824
ERROR 825
ERROR 826
ERROR 827
ERROR 828
ERROR 833
ERROR 835
ERROR 838
ERROR 839
ERROR 840
ERROR 841
ERROR 842
ERROR 843
ERROR 845
ERROR 846
ERROR 847
ERROR 850
ERROR 851
ERROR 852
ERROR 853
ERROR 854
ERROR 855
ERROR 856
ERROR 857
ERROR 858
ERROR 862
ERROR 863
ERROR 865
ERROR 866
ERROR 867
ERROR 869
ERROR 870
ERROR 872
ERROR 873
ERROR 874
ERROR 875
ERROR 876
ERROR 877
ERROR 880
ERROR 882
ERROR 883
ERROR 885
ERROR 886
ERROR 887
ERROR 888
ERROR 889
ERROR 890
ERROR 891
ERROR 892
ERROR 893
ERROR 894
ERROR 895
ERROR 896
ERROR 897
ERROR 899
ERROR 901
ERROR 904
ERROR 905
ERROR 906
ERROR 908
ERROR 910
ERROR 911
ERROR 912
ERROR 916
ERROR 918
ERROR 919
ERROR 921
ERROR 922
