















133;town925;477;354;town987;431;272;town1024;177;300;town908;388;355;town979;282;213;town981;202;294;town1014;139;185;town941;204;428;town936;491;18;town983;441;220;town938;60;300;town930;103;45;town901;194;147;town921;338;79;town928;21;241;town985;100;466;town963;341;6;town1013;334;464;town951






142;town1002;97;233;town918;353;351;town913;246;363;town1003;272;348;town993;133;112;town976;404;256;town951;412;55;town1049;105;307;town1001;280;191;town1011

142;town1002;97;233;town918;353;351;town913;246;363;town1003;272;348;town993;133;112;town976;404;256;town951;412;55;town1049;105;307;town1001;280;191;town1011





126;town904;143;478;town969;273;426;town905




162;town974;79;416;town953;359;439;town923;203;173;town977;201;423;town1007;29;477;town1030;300;107;town1024;62;62;town931;352;156;town1016;417;192;town1043;53;458;town984;377;173;town969;436;329;town1003;214;426;town902;258;21;town930;159;491;town1042;342;256;town908



167;town1022;213;490;town1009;352;359;town1015;207;145;town950;83;283;town907;211;475;town1036;135;263;town900;431;345;town1049;466;16;town1044;315;470;town917



149;town1027;387;56;town957;199;41;tow
141;town1044;391;497;town998;414;408;town952





162;town974;79;416;town953;359;439;town923;203;173;town977;201;423;town1007;29;477;town1030;300;107;town1024;62;62;town931;352;156;town1016;417;192;town1043;53;458;town984;377;173;town969;436;329;town1003;214;426;town902;258;21;town930;159;491;town1042;342;256;town908
149;town1027;387;56;town957;199;41;tow

143;town935;60;146;town1049;488;295;town985;166;43;town1026;345;376;town912;35;401;town939;281;415;town994;349;451;town1003;234;492;town1013;100;500;town1041;365;371;town919;409;423;town950;479;435;town1033;259;80;town997;471;24;town928;334;128;town986;159;228;town1035;437;155;town992;406;129;town949;476;331;town974



170;town911;60;11;town1039;286;54;town1011;88;144;t
169;town1030;74;479;town959;402;77;town1032

152;town1028;268;417;t
141;town1044;391;497;town998;414;408;town952


159;town942;430;123;town1040;275;382;town1034;303;352;town933
142;town1002;97;233;town918;353;351;town913;246;363;town1003;272;348;town993;133;112;town976;404;256;town951;412;55;town1049;105;307;town1001;280;191;town1011

131;town943;331;292;town963
150;town1004;28;226;town931;17;197;town925;374;404;town900;102;26;town919;180;475;town916;433;88;town974;341;15;town904;422;415;town1032;338;121;town915;392;223;town906;155;427;town907;35;137;town1011;498;178;town984;227;123;town979;221;222;town994;400;321;town995;48;187;town901;482;278;town1044;243;183;town1008
172;town952;430;402;town1015;378;324;town1041;26;231;town1025;422;450;town
167;town1022;213;490;town1009;352;359;town1015;207;145;town950;83;283;town907;211;475;town1036;135;263;town900;431;345;town1049;466;16;town1044;315;470;town917


162;town974;79;416;town953;359;439;town923;203;173;town977;201;423;town1007;29;477;town1030;300;107;town1024;62;62;town931;352;156;town1016;417;192;town1043;53;458;town984;377;173;town969;436;329;town1003;214;426;town902;258;21;town930;159;491;town1042;342;256;town908

152;town1028;268;417;t




131;town943;331;292;town963
157;town901;188;391;town968;252;143;town996;336;259;town913;177;215;town939;190;426;town957;149;406;town945;433;320;town915;280;415;town1049;458;104;town1040;122;83;town956;392;359;town960;198;222;town929;314;359;town1046;487;265;town966;286;446;town928;226;412;town917

129;town1003;29;384;town987;29;413;town913;317;477;town935;57;222;town970;113;391;town914;273;260;town1027;489;336;town1014;485;483;town910;456;359;town916;261;176;town1005;267;200;town1016
131;town943;331;292;town963

167;town1022;213;490;town1009;352;359;town1015;207;145;town950;83;283;town907;211;475;town1036;135;263;town900;431;345;town1049;466;16;town1044;315;470;town917
135;town996;401;378;town959;299;6949;town978;482;269;town932;130;286;town999;22;391;town913;220;103;town947;326;387;town1028;491;335;town1031;59;23;town1000;416;187;town990;243;492;town970
171;town903;51;400;town1046;133;202;town1049;190;424;town936;340;124;town972;253;315;town979;199;270;town996;353;112;town1020;419;193;town981;183;185;town1005;481;443;town950;15;11;town1044

140;town1020;300;39;town933;178;263;town988;17;416;town915;228;26;town956;437;221;town1013;283;327;town981;131;10;town947
168;town1047;184;112;town909;78;348;town913;434;62;town931;169;461;town942;202;6329;town911;48;117;town919;467;195;town976;76;141;town1045;68;470;town917;329;375;town952;292;122;town903;355;293;town900;419;486;town935;22;391;town965;114;154;town920;73;315;town992;399;270;town989;124;114;town968

163;town928;44;105;town977;157;439;town1019;36;407;town1005;82;283;town1017;79;246;town906;25;41;town920;492;205;town1026

130;town902;258;363;town950;462;362;town941;163;259;town959;175;57;town914;476;493;town1007;402;85;town906;34;79;town927;349;39;town991

141;town1044;391;497;town998;414;408;town952

174;town929;147;202;town944;133;54;town1010;390;477;town1016;50;327;town967
158;town989;313;214;town981;262;104;town905;436;298;town934;173;5;town993;458;43;town969;398;84;town911;72;480;town908;312;60;town943;329;117;town942;408;305;town987
164;town973;436;339;town1009;235;90;town977;219;26;town908;195;38;town926
144;town920;99;52;town1034;32;423;town1018;322;77;town918;286;51;town1032;34;497;town949;256;334;town1044;195;281;town914;290;40;town930;98;7;town1006;377;245;town953;139;277;town951;268;189;town978;429;383;town908;27;414;town1016


152;town1028;268;417;t
160;town964;52;499;town986;252;32;town1044;42;25;town959;206;156;town993;232;49;town909;77;2;town952;128;127;town1028;290;112;town923
169;town1030;74;479;town959;402;77;town1032
149;town1027;387;56;town957;199;41;tow
174;town929;147;202;town944;133;54;town1010;390;477;town1016;50;327;town967

159;town942;430;123;town1040;275;382;town1034;303;352;town933
160;town964;52;499;town986;252;32;town1044;42;25;town959;206;156;town993;232;49;town909;77;2;town952;128;127;town1028;290;112;town923
133;town925;477;354;town987;431;272;town1024;177;300;town908;388;355;town979;282;213;town981;202;294;town1014;139;185;town941;204;428;town936;491;18;town983;441;220;town938;60;300;town930;103;45;town901;194;147;town921;338;79;town928;21;241;town985;100;466;town963;341;6;town1013;334;464;town951
133;town925;477;354;town987;431;272;town1024;177;300;town908;388;355;town979;282;213;town981;202;294;town1014;139;185;town941;204;428;town936;491;18;town983;441;220;town938;60;300;town930;103;45;town901;194;147;town921;338;79;town928;21;241;town985;100;466;town963;341;6;town1013;334;464;town951

174;town929;147;202;town944;133;54;town1010;390;477;town1016;50;327;town967
130;town902;258;363;town950;462;362;town941;163;259;town959;175;57;town914;476;493;town1007;402;85;town906;34;79;town927;349;39;town991
136;town1001;269;283;town1045;212;443;town1031;208;260;town904;13;413;town1034;201;129;t
157;town901;188;391;town968;252;143;town996;336;259;town913;177;215;town939;190;426;town957;149;406;town945;433;320;town915;280;415;town1049;458;104;town1040;122;83;town956;392;359;town960;198;222;town929;314;359;town1046;487;265;town966;286;446;town928;226;412;town917

138;town958;192;149;town1009;54;487;town1036;253;435;town990;262;71;town986;436;250;town974;186;166;town903;305;8;town983;65;249;town1048

168;town1047;184;112;town909;78;348;town913;434;62;town931;169;461;town942;202;6329;town911;48;117;town919;467;195;town976;76;141;town1045;68;470;town917;329;375;town952;292;122;town903;355;293;town900;419;486;town935;22;391;town965;114;154;town920;73;315;town992;399;270;town989;124;114;town968
151;town1042;373;68;to
126;town904;143;478;town969;273;426;town905
148;town932;419;35;town1025;483;489;town958;75;145;town90

163;town928;44;105;town977;157;439;town1019;36;407;town1005;82;283;town1017;79;246;town906;25;41;town920;492;205;town1026
168;town1047;184;112;town909;78;348;town913;434;62;town931;169;461;town942;202;6329;town911;48;117;town919;467;195;town976;76;141;town1045;68;470;town917;329;375;town952;292;122;town903;355;293;town900;419;486;town935;22;391;town965;114;154;town920;73;315;town992;399;270;town989;124;114;town968
159;town942;430;123;town1040;275;382;town1034;303;352;town933
136;town1001;269;283;town1045;212;443;town1031;208;260;town904;13;413;town1034;201;129;t
152;town1028;268;417;t
150;town1004;28;226;town931;17;197;town925;374;404;town900;102;26;town919;180;475;town916;433;88;town974;341;15;town904;422;415;town1032;338;121;town915;392;223;town906;155;427;town907;35;137;town1011;498;178;town984;227;123;town979;221;222;town994;400;321;town995;48;187;town901;482;278;town1044;243;183;town1008
171;town903;51;400;town1046;133;202;town1049;190;424;town936;340;124;town972;253;315;town979;199;270;town996;353;112;town1020;419;193;town981;183;185;town1005;481;443;town950;15;11;town1044

169;town1030;74;479;town959;402;77;town1032
160;town964;52;499;town986;252;32;town1044;42;25;town959;206;156;town993;232;49;town909;77;2;town952;128;127;town1028;290;112;town923
167;town1022;213;490;town1009;352;359;town1015;207;145;town950;83;283;town907;211;475;town1036;135;263;town900;431;345;town1049;466;16;town1044;315;470;town917
160;town964;52;499;town986;252;32;town1044;42;25;town959;206;156;town993;232;49;town909;77;2;town952;128;127;town1028;290;1123;town923
159;town942;430;123;town1040;275;382;town1034;303;352;town933
125;town902;20;213;town1032;279;196;town1012;168;123;town941;159;401;town1025;450;242;town925;397;282;town1036;152;272;town928;230;233;town970;114;342;town931;129;441;town969;98;129;town1020;248;421;town998;475;384;town985
171;town903;51;400;town1046;133;202;town1049;190;424;town936;340;124;town972;253;315;town979;199;270;town996;353;112;town1020;419;193;town981;183;185;town1005;481;443;town950;15;11;town1044
