130;town922;92;154;town983








157;town1047;402;6;town986;21;369;town910
154;town1044;163;395;town958;451;294;town1025
135;town946;246;52;town945;490;79;town

157;town1047;402;6;town986;21;369;town910
172;town907;201;367;town942;341;339;town988;43;102;town1045;443;383;town964;419;350;town1027;418;402;town936


161;town943;95;99;town964;155;143;town903;64;14;town1040;321;177;town991;419;435;town929
158;town928;472;427;town914;247;124;town1035;317;290;town912
166;town914;19;478;town970;234;85;town1031;2;497;town1030;217;459;town1000;170;57;town976;219;154;town1025;185;262;town944;195;449;town946;107;419;town1045;165;319;town955;215;497;town1023;342;337;town975;194;277;town1014;29;495;town952;193;90;town912;197;280;town1011;158;442;town935;354;223;town981






158;town928;472;427;town914;247;124;town1035;317;290;town912

153;town1024;117;274;town958;201;276;town976;447;416;town981;310;364;town921;260;274;town909;101;53;town1014;458;190;town977;113;299;town970;271;423;town954;455;477;town956

172;town907;201;367;town942;341;339;town988;43;102;town1045;443;383;town964;419;350;town1027;418;402;town936
135;town946;246;52;town945;490;79;town
143;town915;93;39;town978;356;217;town1024;179;477;town1013;452;455;town10
145;town939;228;119;town926;142;322;town965;205;388;town901;2;110;town931;252;435;town956;186;140;town922;151;165;town1027;213;212;town915;396;112;town982;13;95;town1021;365;487;town1030;264;173;town991;377;436;town913;180;7;town1003;282;329;town948;496;229;town1039;116;70;town1009;102;103;town934;88;407;town1022

140;town956;86;106;town961;10;500;town974;152;444;town913;245;120;town985;312;428;town924;18;378;town988;87;343;town970;119;431;town949;190;24;town900;109;173;town963;494;399;town907;245;434;town957;205;445;town1025;74;178;town1032
153;town1024;117;274;town958;201;276;town976;447;416;town981;310;364;town921;260;274;town909;101;53;town1014;458;190;town977;113;299;town970;271;423;town954;455;477;town956
136;town1001;370;42;town980







157;town1047;402;6;town986;21;369;town910


127;town1004;312;310;town1025;84;485;town911;379;284;town1049;111;174;town1005;193;283;town1018;59;29;town989;156;386;town975;394;341;town925;445;47;town901;386;194;town942


158;town928;472;427;town914;247;124;town1035;317;290;town912



127;town1004;312;310;town1025;84;485;town911;379;284;town1049;111;174;town1005;193;283;town1018;59;29;town989;156;386;town975;394;341;town925;445;47;town901;386;194;town942
141;town945;284;295;town1048;448;125;town1031;207;200;town1024;475;370;town976;86;144;town979;428;456;town1046;223;173;town1011;377;255;town1036;40;322;town1022;290;494;town1012;163;79;town1043;447;33;town921;41;29;town1028



133;town1012;98;142;town947;153;379;town958;179;316;town1043;373;249;town1037;410;402;town992;118;483;town939;472;212;town1028;278;404;town936;423;165;town1020;178;415;town1031
157;town1047;402;6;town986;21;369;town910


169;town957;464;318;town1008;325;158;town985;242;71;town969;438;333;town1026;39;48;town923;149;389;town1015;49;181;town901;159;310;town1045;219;239;town939
166;town914;19;478;town970;234;85;town1031;2;497;town1030;217;459;town1000;170;57;town976;219;154;town1025;185;262;town944;195;449;town946;107;419;town1045;165;319;town955;215;497;town1023;342;337;town975;194;277;town1014;29;495;town952;193;90;town912;197;280;town1011;158;442;town935;354;223;town981
140;town956;86;106;town961;10;500;town974;152;444;town913;245;120;town985;312;428;town924;18;378;town988;87;343;town970;119;431;town949;190;24;town900;109;173;town963;494;399;town907;245;434;town957;205;445;town1025;74;178;town1032

130;town922;92;154;town983
136;town1001;370;42;town980

136;town1001;370;42;town980


133;town1012;98;142;town947;153;379;town958;179;316;town1043;373;249;town1037;410;402;town992;118;483;town939;472;212;town1028;278;404;town936;423;165;town1020;178;415;town1031
154;town1044;163;395;town958;451;294;town1025
153;town1024;117;274;town958;201;276;town976;447;416;town981;310;364;town921;260;274;town909;101;53;town1014;458;190;town977;113;299;town970;271;423;town954;455;477;town956
145;town939;228;119;town926;142;322;town965;205;388;town901;2;110;town931;252;435;town956;186;140;town922;151;165;town1027;213;212;town915;396;112;town982;13;95;town1021;365;487;town1030;264;173;town991;377;436;town913;180;7;town1003;282;329;town948;496;229;town1039;116;70;town1009;102;103;town934;88;407;town1022
153;town1024;117;274;town958;201;276;town976;447;416;town981;310;364;town921;260;274;town909;101;53;town1014;458;190;town977;113;299;town970;271;423;town954;455;477;town956
135;town946;246;52;town945;490;79;town

151;town966;327;93;town970;435;129;town1006;231;225;town927;228;185;town986;161;429;town951;47;277;town1014;124;143;town1035;437;323;town905;404;29;town910
161;town943;95;99;town964;155;143;town903;64;14;town1040;321;177;town991;419;435;town929
145;town939;228;119;town926;142;322;town965;205;388;town901;2;110;town931;252;435;town956;186;140;town922;151;165;town1027;213;212;town915;396;112;town982;13;95;town1021;365;487;town1030;264;173;town991;377;436;town913;180;7;town1003;282;329;town948;496;229;town1039;116;70;town1009;102;103;town934;88;407;town1022

169;town957;464;318;town1008;325;158;town985;242;71;town969;438;333;town1026;39;48;town923;149;389;town1015;49;181;town901;159;310;town1045;219;239;town939
143;town915;93;39;town978;356;217;town1024;179;477;town1013;452;455;town10
167;town914;363;75;town936;342;406;town905;487;30;town1009;357;291;town970;98;165;town944;304;85;town1038;73;288;town956;338;428;town1000;5;436;town924;325;28;town935;351;381;town909;227;251;town948;181;452;town902;434;35;town1034;108;454;town912;198;199;town1013;247;320;town1003;294;152;town939;293;67;town908
146;town910;379;21;town1031;453;264;town924;376;109;town946;13;95;town998;74;17;town962;339;165;town949;338;45;town958;349;25;town1049;180;449;town1002;168;116;town917;287;113;town941;395;224;town1045;192;4;town919;367;235;town978;362;359;town1022;464;180;town915;101;4042;town987
150;town1033;284;243;town947;202;126;town993;475;394;town983;107;250;town919;187;388;town994;271;256;town927;340;430;town966;254;81;town911;127;53;town960;295;25;town989;464;370;town969;117;207;town984;233;229;town967;117;468;town980;282;70;town1004;338;398;town902

154;town1044;163;395;town958;451;294;town1025


174;town999;178;66;town945;6;487;town956
164;town1009;12;498;town1045;493;207;town1026;148;20;town953;260;490;town981;65;456;town1002;173;478;town996;190;495;town1000;58;101;town934;352;458;town960
166;town914;19;478;town970;234;85;town1031;2;497;town1030;217;459;town1000;170;57;town976;219;154;town1025;185;262;town944;195;449;town946;107;419;town1045;165;319;town955;215;497;town1023;342;337;town975;194;277;town1014;29;495;town952;193;90;town912;197;280;town1011;158;442;town935;354;223;town981

161;town943;95;99;town964;155;143;town903;64;14;town1040;321;177;town991;419;435;town929
1;town971;205;153;town909;84;275;town985;220;394;town1002;469;42;town1045;128;227;town999
129;town925;464;475;town964;428;337;town912;323;236;town1024;114;201;town974
170;town997;157;358;town1005;187;382;town1019;119;32;town1004;110;470;town1031;273;393;town985;466;405;town982;457;254;town1038;120;141;town1010
167;town914;363;75;town936;342;406;town905;487;30;town1009;357;291;town970;98;165;town944;304;85;town1038;73;288;town956;338;428;town1000;5;436;town924;325;28;town935;351;381;town909;227;251;town948;181;452;town902;434;35;town1034;108;454;town912;198;199;town1013;247;320;town1003;294;152;town939;293;67;town908
153;town1024;117;274;town958;201;276;town976;447;416;town981;310;364;town921;260;274;town909;101;53;town1014;458;190;town977;113;299;town970;271;423;town954;455;477;town956
159;town947;162;27;town1042;209;43;town913;199;394;town941;110;298;town937;185;246;town1046;132;488;town995;309;101;town1022;166;352;town945;353;301;town936;68;307;town911;227;165;town984;165;248;town1011;85;273;town1010;372;40;town1016;169;297;town928;222;239;town1033;149;481;town1013;463;382;town1015
144;town922;373;39;town917;474;188;town1037;170;123;town1047;487;428;town1028;8;341;town944;285;112;town934;285;112;town941;84;259;town1041;30;226;town918;101;8;town923;417;129;town1036;8;491;town1033;181;187;town993;206;205;town978
151;town966;327;93;town970;435;129;town1006;231;225;town927;228;185;town986;161;429;town951;47;277;town1014;124;143;town1035;437;323;town905;404;29;town910
155;town1007;251;262;town1017;63;17;town933;65;180;town907;328;255;town927;182;395;town987;497;60;town1016;295;243;town962;300;48;town900;334;100;town1012;234;145;town968;251;108;town959;152;203;town982;120;76;town945;2;61;town989;289;151;town925;158;106;town917;378;53;town965
164;town1009;12;498;town1045;493;207;town1026;148;20;town953;260;490;town981;65;456;town1002;173;478;town996;190;495;town1000;58;101;town934;352;458;town960
128;town1008;71;32;town917;224;401;town1005

162;town913;5;177;town1027;123;421;town970

146;town910;379;21;town1031;453;264;town924;376;109;town946;13;95;town998;74;17;town962;339;165;town949;338;45;town958;349;25;town1049;180;449;town1002;168;116;town917;287;113;town941;395;224;town1045;192;4;town919;367;235;town978;362;359;town1022;464;180;town915;101;4042;town987
126;town1046;356;256;town950;290;303;town900;113;249;town956;410;341;town978;441;327;town932;473;124;town1014;153;83;town1039;72;391;town972;88;309;town1007;178;101;town1012;152;390;town1002;311;283;town1043;246;82;town911;94;333;town1003;407;196;town1041;384;155;town1021;166;158;town990;380;399;town945;177;307;town1037
152;town1037;199;144;town1040;114;430;town965;260;149;town907;228;234;town924
132;town1002;386;446;town1018;314;500;town983;43;372;town991;58;459;town1027;80;470;town1040;371;357;town961;346;332;town949;460;55;town999;447;379;town934;125;323;town1039;177;81;town981;197;158;town987;386;208;town944;417;169;town1017;17;36;town958;164;116;town1014;363;48;town980;442;47;town1038
171;town1034;19;164;town938;252;166;town914;32;62;town903;137;447;town939;282;346;town956
164;town1009;12;498;town1045;493;207;town1026;148;20;town953;260;490;town981;65;456;town1002;173;478;town996;190;495;town1000;58;101;town934;352;458;town960
146;town910;379;21;town1031;453;264;town924;376;109;town946;13;95;town998;74;17;town962;339;165;town949;338;45;town958;349;25;town1049;180;449;town1002;168;116;town917;287;113;town941;395;224;town1045;192;4;town919;367;235;town978;362;359;town1022;464;180;town915;101;4042;town987
132;town1002;386;446;town1018;314;500;town983;43;372;town991;58;459;town1027;80;470;town1040;371;357;town961;346;332;town949;460;55;town999;447;379;town934;125;323;town1039;177;81;town981;197;158;town987;386;208;town944;417;169;town1017;17;36;town958;164;116;town1014;363;48;town980;442;47;town1038
132;town1002;386;446;town1018;314;500;town983;43;372;town991;58;459;town1027;80;470;town1040;371;357;town961;346;332;town949;460;55;town999;447;379;town934;125;323;town1039;177;81;town981;197;158;town987;386;208;town944;417;169;town1017;17;36;town958;164;116;town1014;363;48;town980;442;47;town1038
134;town1021;156;320;town1005;71;409;town946;251;218;town943;109;260;town1036;273;381;town1004;52;337;town904
143;town915;93;39;town978;356;217;town1024;179;477;town1013;452;455;town10
167;town914;363;75;town936;342;406;town905;487;30;town1009;357;291;town970;98;165;town944;304;85;town1038;73;288;town956;338;428;town1000;5;436;town924;325;28;town935;351;381;town909;227;251;town948;181;452;town902;434;35;town1034;108;454;town912;198;199;town1013;247;320;town1003;294;152;town939;293;67;town908
147;town942;409;384;town1021;170;58;town1048

161;town943;95;99;town964;155;143;town903;64;14;town1040;321;177;town991;419;435;town929
174;town999;178;66;town945;6;487;town956
169;town957;464;318;town1008;325;158;town985;242;71;town969;438;333;town1026;39;48;town923;149;389;town1015;49;181;town901;159;310;town1045;219;239;town939
144;town922;373;39;town917;474;188;town1037;170;123;town1047;487;428;town1028;8;341;town944;285;112;town934;285;112;town941;84;259;town1041;30;226;town918;101;8;town923;417;129;town1036;8;491;town1033;181;187;town993;206;205;town978
151;town966;327;93;town970;435;129;town1006;231;225;town927;228;185;town986;161;429;town951;47;277;town1014;124;143;town1035;437;323;town905;404;29;town910
147;town942;409;384;town1021;170;58;town1048

154;town1044;163;395;town958;451;294;town1025

142;town979;37;422;town968;8;19;town927;426;288;town1043;391;424;town1046;12;356;town1028;210;264;town997;127;420;town961;404;28;town1010;181;323;town1005;397;108;town905;284;425;town924;422;213;town970;127;243;town1042
167;town914;363;75;town936;342;406;town905;487;30;town1009;357;291;town970;98;165;town944;304;85;town1038;73;288;town956;338;428;town1000;5;436;town924;325;28;town935;351;381;town909;227;251;town948;181;452;town902;434;35;town1034;108;454;town912;198;199;town1013;247;320;town1003;294;152;town939;293;67;town908
150;town1033;284;243;town947;202;126;town993;475;394;town983;107;250;town919;187;388;town994;271;256;town927;340;430;town966;254;81;town911;127;53;town960;295;25;town989;464;370;town969;117;207;town984;233;229;town967;117;468;town980;282;70;town1004;338;398;town902
157;town1047;402;6;town986;21;369;town910
155;town1007;251;262;town1017;63;17;town933;65;180;town907;328;255;town927;182;395;town987;497;60;town1016;295;243;town962;300;48;town900;334;100;town1012;234;145;town968;251;108;town959;152;203;town982;120;76;town945;2;61;town989;289;151;town925;158;106;town917;378;53;town965

165;town937;493;133;town980
157;town1047;402;6;town986;21;369;town910
156;town974;362;400;town1012;498;256;town941;326;200;town991;99;355;town1024;219;69;town928;67;76;town981;176;246;town955
151;town966;327;93;town970;435;129;town1006;231;225;town927;228;185;town986;161;429;town951;47;277;town1014;124;143;town1035;437;323;town905;404;29;town910
143;town915;93;39;town978;356;217;town1024;179;477;town1013;452;455;town10

150;town1033;284;243;town947;202;126;town993;475;394;town983;107;250;town919;187;388;town994;271;256;town927;340;430;town966;254;81;town911;127;53;town960;295;25;town989;464;370;town969;117;207;town984;233;229;town967;117;468;town980;282;70;town1004;338;398;town902
136;town1001;370;42;town980
128;town1008;71;32;town917;224;401;town1005
169;town957;464;318;town1008;325;158;town985;242;71;town969;438;333;town1026;39;48;town923;149;389;town1015;49;181;town901;159;310;town1045;219;239;town939

137;town912;128;206;to
143;town915;93;39;town978;356;217;town1024;179;477;town1013;452;455;town10
142;town979;37;422;town968;8;19;town927;426;288;town1043;391;424;town1046;12;356;town1028;210;264;town997;127;420;town961;404;28;town1010;181;323;town1005;397;108;town905;284;425;town924;422;213;town970;127;243;town1042
154;town1044;163;395;town958;451;294;town1025
129;town925;464;475;town964;428;337;town912;323;236;town1024;114;201;town974
126;town1046;356;256;town950;290;303;town900;113;249;town956;410;341;town978;441;327;town932;473;124;town1014;153;83;town1039;72;391;town972;88;309;town1007;178;101;town1012;152;390;town1002;311;283;town1043;246;82;town911;94;333;town1003;407;196;town1041;384;155;town1021;166;158;town990;380;399;town945;177;307;town1037
151;town966;327;93;town970;435;129;town1006;231;225;town927;228;185;town986;161;429;town951;47;277;town1014;124;143;town1035;437;323;town905;404;29;town910
133;town1012;98;142;town947;153;379;town958;179;316;town1043;373;249;town1037;410;402;town992;118;483;town939;472;212;town1028;278;404;town936;423;165;town1020;178;415;town1031



154;town1044;163;395;town958;451;294;town1025


136;town1001;370;42;town980
157;town1047;402;6;town986;21;369;town910
1;town971;205;153;town909;84;889;town985;220;394;town1002;469;42;town1045;128;227;town999
132;town1002;386;446;town1018;314;500;town983;43;372;town991;58;459;town1027;80;470;town1040;371;357;town961;346;332;town949;460;55;town999;447;379;town934;125;323;town1039;177;81;town981;197;158;town987;386;208;town944;417;169;town1017;17;36;town958;164;116;town1014;363;48;town980;442;47;town1038
132;town1002;386;446;town1018;314;500;town983;43;372;town991;58;459;town1027;80;470;town1040;371;357;town961;346;332;town949;460;55;town999;447;379;town934;125;323;town1039;177;81;town981;197;158;town987;386;208;town944;417;169;town1017;17;36;town958;164;116;town1014;363;48;town980;442;47;town1038
169;town957;464;318;town1008;325;158;town985;242;71;town969;438;333;town1026;39;48;town923;149;389;town1015;49;181;town901;159;310;town1045;219;239;town939
150;town1033;284;243;town947;202;126;town993;475;394;town983;107;250;town919;187;388;town994;271;256;town927;340;430;town966;254;81;town911;127;53;town960;295;25;town989;464;370;town969;117;207;town984;233;229;town967;117;468;town980;282;70;town1004;338;398;town902

132;town1002;386;446;town1018;314;500;town983;43;372;town991;58;459;town1027;80;470;town1040;371;357;town961;346;332;town949;460;55;town999;447;379;town934;125;323;town1039;177;81;town981;197;158;town987;386;208;town944;417;169;town1017;17;36;town958;164;116;town1014;363;48;town980;442;47;town1038

152;town1037;199;144;town1040;114;430;town965;260;149;town907;228;234;town924
130;town922;92;154;town983
1;town971;205;153;town909;84;889;town985;220;394;town1002;469;42;town1045;128;227;town999
152;town1037;199;144;town1040;114;430;town965;260;149;town907;228;234;town924

135;town946;246;52;town945;490;79;town
174;town999;178;66;town945;6;487;town956
170;town997;157;358;town1005;187;382;town1019;119;32;town1004;110;470;town1031;273;393;town985;466;405;town982;457;254;town1038;120;141;town1010
150;town1033;284;243;town947;202;126;town993;475;394;town983;107;250;town919;187;388;town994;271;256;town927;340;430;town966;254;81;town911;127;53;town960;295;25;town989;464;370;town969;117;207;town984;233;229;town967;117;468;town980;282;70;town1004;338;398;town902
133;town1012;98;142;town947;153;379;town958;179;316;town1043;373;249;town1037;410;402;town992;118;483;town939;472;212;town1028;278;404;town936;423;165;town1020;178;415;town1031
171;town1034;19;164;town938;252;166;town914;32;62;town903;137;447;town939;282;346;town956
172;town907;201;367;town942;341;339;town988;43;102;town1045;443;383;town964;419;350;town1027;418;402;town936
126;town1046;356;256;town950;290;303;town900;113;249;town956;410;341;town978;441;327;town932;473;124;town1014;153;83;town1039;72;391;town972;88;309;town1007;178;101;town1012;152;390;town1002;311;283;town1043;246;82;town911;94;333;town1003;407;196;town1041;384;155;town1021;166;158;town990;380;399;town945;177;307;town1037
126;town1046;356;256;town950;290;303;town900;113;249;town956;410;341;town978;441;327;town932;473;124;town1014;153;83;town1039;72;391;town972;88;309;town1007;178;101;town1012;152;390;town1002;311;283;town1043;246;82;town911;94;333;town1003;407;196;town1041;384;155;town1021;166;158;town990;380;399;town945;177;307;town1037
170;town997;157;358;town1005;187;382;town1019;119;32;town1004;110;470;town1031;273;393;town985;466;405;town982;457;254;town1038;120;141;town1010
172;town907;201;367;town942;341;339;town988;43;102;town1045;443;383;town964;419;350;town1027;418;402;town936
144;town922;373;39;town917;474;188;town1037;170;123;town1047;487;428;town1028;8;341;town944;285;112;town934;285;112;town941;84;259;town1041;30;226;town918;101;8;town923;417;129;town1036;8;491;town1033;181;187;town993;206;205;town978
135;town946;246;52;town945;490;79;town
132;town1002;386;446;town1018;314;500;town983;43;372;town991;58;459;town1027;80;470;town1040;371;357;town961;346;332;town949;460;55;town999;447;379;town934;125;323;town1039;177;81;town981;197;158;town987;386;208;town944;417;169;town1017;17;36;town958;164;116;town1014;363;48;town980;442;47;town1038
169;town957;464;318;town1008;325;158;town985;242;71;town969;438;333;town1026;39;48;town923;149;389;town1015;49;181;town901;159;310;town1045;219;239;town939
141;town945;284;295;town1048;448;125;town1031;207;200;town1024;475;370;town976;86;144;town979;428;456;town1046;223;173;town1011;377;255;town1036;40;322;town1022;290;494;town1012;163;79;town1043;447;33;town921;41;29;town1028
132;town1002;386;446;town1018;314;500;town983;43;372;town991;58;459;town1027;80;470;town1040;371;357;town961;346;332;town949;460;55;town999;447;379;town934;125;323;town1039;177;81;town981;197;158;town987;386;208;town944;417;169;town1017;17;36;town958;164;116;town1014;363;48;town980;442;47;town1038
144;town922;373;39;town917;474;188;town1037;170;123;town1047;487;428;town1028;8;341;town944;285;112;town934;285;112;town941;84;259;town1041;30;226;town918;101;8;town923;417;129;town1036;8;491;town1033;181;187;town993;206;205;town978
125;town1017;476;83;town939;207;256;town990;399;68;town962;168;46;town946
170;town997;157;358;town1005;187;382;town1019;119;32;town1004;110;470;town1031;273;393;town985;466;405;town982;457;254;town1038;120;141;town1010
146;town910;379;21;town1031;453;264;town924;376;109;town946;13;95;town998;74;17;town962;339;165;town949;338;45;town958;349;25;town1049;180;449;town1002;168;116;town917;287;113;town941;395;224;town1045;192;4;town919;367;235;town978;362;359;town1022;464;180;town915;101;4042;town987
155;town1007;251;262;town1017;63;17;town933;65;180;town907;328;255;town927;182;395;town987;497;60;town1016;295;243;town962;300;48;town900;334;100;town1012;234;145;town968;251;108;town959;152;203;town982;120;76;town945;2;61;town989;289;151;town925;158;106;town917;378;53;town965
156;town974;362;400;town1012;498;256;town941;326;200;town991;99;355;town1024;219;69;town928;67;76;town981;176;246;town955
168;town1041;184;236;town979;271;9676;town909;307;349;town927;494;225;town955;243;329;town984
139;town909;478;335;town1044;448;336;town964;338;63;town1008
152;town1037;199;144;town1040;114;430;town965;260;149;town907;228;234;town924
127;town1004;312;310;town1025;84;485;town911;379;284;town1049;111;174;town1005;193;283;town1018;59;29;town989;156;386;town975;394;341;town925;445;47;town901;386;194;town942
