

156;town932;105;99;town1047;457;247;town1037


142;town954;322;290;town991;270;215;town1010;89;15;town1047;295;33;town1040;468;369;town915;171;12;town937;480;451;town913;124;109;town985;277;96;town952;241;209;town929;55;296;town960;433;243;town1033;119;3;t
142;town954;322;290;town991;270;215;town1010;89;15;town1047;295;33;town1040;468;369;town915;171;12;town937;480;451;town913;124;109;town985;277;96;town952;241;209;town929;55;296;town960;433;243;town1033;119;3;t


159;town995;349;351;town917;352;430;town994;402;297;town974;395;115;town1033;368;457;town946;270;189;town968









131;town999;43;173;town


160;town925;387;8;town1008;330;272;town964;220;95;town960;383;15;town1040;383;12;town950;492;57;town1028;500;426;town1018;238;133;town1038;233;367;town961;293;469;town1030;293;200;town998;342;234;town926;414;411;town975


156;town932;105;99;town1047;457;247;town1037




145;town1009;187;25;town1044









158;town991;433;294;town1018;11;246;town1010;34;285;town932;46;63;town931;357;384;town1043


172;town1024;12;340;town1029;272;355;town994;483;284;town924;463;196;town960;144;370;town908;107;319;town1039;225;384;town961;67;30;town969;29;122;town982;45;425;town966;295;420;town1014;81;326;town958;480;414;town906;137;78;town1020;257;222;town1046;261;85;town1004;28;273;town967
168;town1038;11;126;town974;268;252;town972;417;134;town971;421;198;town984;146;256;town917;369;377;town987;72;22;town936;30;341;town922;294;94;town939;110;311;town1000

151;town1031;486;81;town956;196;84;town1046;455;496;town1025;117;21;town1021;458;496;town1001;128;29;town1011;58;397;town919;185;362;town1013

167;town1002;489;498;town983;453;319;town926;356;290;town982;499;5;town1004;325;243;town924;385;23;town973;297;120;town1011;472;327;town1042;409;206;town979;44;77;town903;31;95;town947;451;139;town1007;337;496;town964;490;97;town936;283;413;town902;32;160;town956

148;town920;9;493;town1009;206;123;town1042;480;422;town1025;97;41;town1047
152;town1045;299;188;town959;228;149;town969;412;391;town1024;229;184;town954;404;371;town989;244;10;town958;402;471;town934;163;499;town1042;205;326;town956;179;136;town926;444;131;town986;199;141;town1019;90;81;town917;34;377;town1026
169;town960;455;445;town1002;269;336;t

158;town991;433;294;town1018;11;246;town1010;34;285;town932;46;63;town931;357;384;town1043
139;town1022;232;66;town952;225;498;town991;290;441;town1041;230;490;town943;133;413;town997;86;327;town1000;183;4;town960;73;411;town913;372;132;town1020;105;448;town984;457;133;town1043;209;132;town912;301;318;town1011;140;357;town1044
151;town1031;486;81;town956;196;84;town1046;455;496;town1025;117;21;town1021;458;496;town1001;128;29;town1011;58;397;town919;185;362;town1013
142;town954;322;290;town991;270;215;town1010;89;15;town1047;295;33;town1040;468;369;town915;171;12;town937;480;451;town913;124;109;town985;277;96;town952;241;209;town929;55;296;town960;433;243;town1033;119;3;t

169;town960;455;445;town1002;269;336;t
167;town1002;489;498;town983;453;319;town926;356;290;town982;499;5;town1004;325;243;town924;385;23;town973;297;120;town1011;472;327;town1042;409;206;town979;44;77;town903;31;95;town947;451;139;town1007;337;496;town964;490;97;town936;283;413;town902;32;160;town956

151;town1031;486;81;town956;196;84;town1046;455;496;town1025;117;21;town1021;458;496;town1001;128;29;town1011;58;397;town919;185;362;town1013
131;town999;43;173;town
142;town954;322;290;town991;270;215;town1010;89;15;town1047;295;33;town1040;468;369;town915;171;12;town937;480;451;town913;124;109;town985;277;96;town952;241;209;town929;55;296;town960;433;243;town1033;119;3;t
172;town1024;12;340;town1029;272;355;town994;483;284;town924;463;196;town960;144;370;town908;107;319;town1039;225;384;town961;67;30;town969;29;122;town982;45;425;town966;295;420;town1014;81;326;town958;480;414;town906;137;78;town1020;257;222;town1046;261;85;town1004;28;273;town967
132;town958;396;484;town1005;461;428;town1049;38;305;town954;180;332;town986;485;102;town972;462;358;town957;129;204;town975;207;196;town1046;53;262;town1011;294;295;town1000;382;4;town921;369;450;town1015;242;226;town908;307;54;town906;205;332;town912;297;169;town1026;401;311;town924;336;276;town979;105;450;town967
133;town974;394;51;town945;250;292;town960;13;195;town914;18;196;town907;447;181;town1015;186;187;town994
142;town954;322;290;town991;270;215;town1010;89;15;town1047;295;33;town1040;468;369;town915;171;12;town937;480;451;town913;124;109;town985;277;96;town952;241;209;town929;55;296;town960;433;243;town1033;119;3;t



143;town991;206;399;town981;492;475;town1017;27;86;town935;32;425;town980;286;41;town1016;357;218;town920;208;432;town998;112;314;town1037;316;359;town1045;64;122;town1041;480;253;town999;458;268;town948;36;403;town923
148;town920;9;493;town1009;206;123;town1042;480;422;town1025;97;41;town1047
167;town1002;489;498;town983;453;319;town926;356;290;town982;499;5;town1004;325;243;town924;385;23;town973;297;120;town1011;472;327;town1042;409;206;town979;44;77;town903;31;95;town947;451;139;town1007;337;496;town964;490;97;town936;283;413;town902;32;160;town956
154;town905;485;381;town968;418;308;town959;74;179;town937;256;321;town930;290;388;town913;20;196;town977;122;158;town1032


152;town1045;299;188;town959;228;149;town969;412;391;town1024;229;184;town954;404;371;town989;244;10;town958;402;471;town934;163;499;town1042;205;326;town956;179;136;town926;444;131;town986;199;141;town1019;90;81;town917;34;377;town1026
174;town916;230;41;town1017;22;413;town965;289;283;town996;113;367;town1047;461;401;town917;261;80;town945;447;88;town934;84;392;town940;83;230;town984;289;31;town968;121;278;town979;154;342;town975;365;230;town1033;227;194;town1014;387;18;town973;34;260;town1041;119;150;town913
133;town974;394;51;town945;250;292;town960;13;195;town914;18;196;town907;447;181;town1015;186;187;town994
160;town925;387;8;town1008;330;272;town964;220;95;town960;383;15;town1040;383;12;town950;492;57;town1028;500;426;town1018;238;133;town1038;233;367;town961;293;469;town1030;293;200;town998;342;234;town926;414;411;town975
153;town992;480;80;town912;383;80;town936;7;396;town1039;173;235;town996;177;199;town1037;116;65;town997;399;444;town1027;83;429;town918
164;town1003;269;62;town984;306;240;town933;441;275;town1023;284;9;town914;163;414;town1038;125;433;town992;85;464;town923;284;174;town1047;168;294;town1034;484;318;town911;383;26;town1012;24;465;town1015;197;252;town929;185;486;town988;86;426;town948;390;452;town1031;467;359;town1029;421;289;town1010;152;322;town906
128;town978;457;295;town901;392;265;town1025;408;368;town933;452;33;town947;245;237;town915;326;20;town912;278;47;town948;87;306;town913;168;111;town1047;152;464;town991;245;346;town966;176;2;town1003;289;248;town904;374;354;town1032
132;town958;396;484;town1005;461;428;town1049;38;305;town954;180;332;town986;485;102;town972;462;358;town957;129;204;town975;207;196;town1046;53;262;town1011;294;295;town1000;382;4;town921;369;450;town1015;242;226;town908;307;54;town906;205;332;town912;297;169;town1026;401;311;town924;336;276;town979;105;450;town967
167;town1002;489;498;town983;453;319;town926;356;290;town982;499;5;town1004;325;243;town924;385;23;town973;297;120;town1011;472;327;town1042;409;206;town979;44;77;town903;31;95;town947;451;139;town1007;337;496;town964;490;97;town936;283;413;town902;32;160;town956

174;town916;230;41;town1017;22;413;town965;289;283;town996;113;367;town1047;461;401;town917;261;80;town945;447;88;town934;84;392;town940;83;230;town984;289;31;town968;121;278;town979;154;342;town975;365;230;town1033;227;194;town1014;387;18;town973;34;260;town1041;119;150;town913

128;town978;457;295;town901;392;265;town1025;408;368;town933;452;33;town947;245;237;town915;326;20;town912;278;47;town948;87;306;town913;168;111;town1047;152;464;town991;245;346;town966;176;2;town1003;289;248;town904;374;354;town1032
141;town1029;500;356;town1016;491;498;town927;299;83;town1006;280;114;town981;456;440;town1045;23;316;town911;123;134;town1036;64;208;town902;26;355;town1027;355;24;town952;91;434;town934;140;362;town1030;18;113;town1042


132;town958;396;484;town1005;461;428;town1049;38;305;town954;180;332;town986;485;102;town972;462;358;town957;129;204;town975;207;196;town1046;53;262;town1011;294;295;town1000;382;4;town921;369;450;town1015;242;226;town908;307;54;town906;205;332;town912;297;169;town1026;401;311;town924;336;276;town979;105;450;town967
153;town992;480;80;town912;383;80;town936;7;396;town1039;173;235;town996;177;199;town1037;116;65;town997;399;444;town1027;83;429;town918
153;town992;480;80;town912;383;80;town936;7;396;town1039;173;235;town996;177;199;town1037;116;65;town997;399;444;town1027;83;429;town918
129;town1040;138;48;town916;285;126;town1032;484;115;town930
154;town905;485;381;town968;418;308;town959;74;179;town937;256;321;town930;290;388;town913;20;196;town977;122;158;town1032
155;town926;398;73;town950;240;31;town1006;93;79;town957;284;166;town1040;75;384;town93
155;town926;398;73;town950;240;31;town1006;93;79;town957;284;166;town1040;75;384;town93
147;town1023;196;320;town930
159;town995;349;351;town917;352;430;town994;402;297;town974;395;115;town1033;368;457;town946;270;189;town968


166;town969;113;247;town912;468;174;to
172;town1024;12;340;town1029;272;355;town994;483;284;town924;463;196;town960;144;370;town908;107;319;town1039;225;384;town961;67;30;town969;29;122;town982;45;425;town966;295;420;town1014;81;326;town958;480;414;town906;137;78;town1020;257;222;town1046;261;85;town1004;28;273;town967
153;town992;480;80;town912;383;80;town936;7;396;town1039;173;235;town996;177;199;town1037;116;65;town997;399;444;town1027;83;429;town918

128;town978;457;295;town901;392;265;town1025;408;368;town933;452;33;town947;245;237;town915;326;20;town912;278;47;town948;87;306;town913;168;111;town1047;152;464;town991;245;346;town966;176;2;town1003;289;248;town904;374;354;town1032
150;town968;288;337;town980;389;499;town913;229;310;to
128;town978;457;295;town901;392;265;town1025;408;368;town933;452;33;town947;245;237;town915;326;20;town912;278;47;town948;87;306;town913;168;111;town1047;152;464;town991;245;346;town966;176;2;town1003;289;248;town904;374;354;town1032
160;town925;387;8;town1008;330;272;town964;220;95;town960;383;15;town1040;383;12;town950;492;57;town1028;500;426;town1018;238;133;town1038;233;367;town961;293;469;town1030;293;200;town998;342;234;town926;414;411;town975
166;town969;113;247;town912;468;174;to
169;town960;455;445;town1002;269;336;t
150;town968;288;337;town980;389;499;town913;229;310;to

141;town1029;500;356;town1016;491;498;town927;299;83;town1006;280;114;town981;456;440;town1045;23;316;town911;123;134;town1036;64;208;town902;26;355;town1027;355;24;town952;91;434;town934;140;362;town1030;18;113;town1042
157;town910;469;440;town933;483;121;town986;240;466;town960

172;town1024;12;340;town1029;272;355;town994;483;284;town924;463;196;town960;144;370;town908;107;319;town1039;225;384;town961;67;30;town969;29;122;town982;45;425;town966;295;420;town1014;81;326;town958;480;414;town906;137;78;town1020;257;222;town1046;261;85;town1004;28;273;town967
167;town1002;489;498;town983;453;319;town926;356;290;town982;499;5;town1004;325;243;town924;385;23;town973;297;120;town1011;472;327;town1042;409;206;town979;44;77;town903;31;95;town947;451;139;town1007;337;496;town964;490;97;town936;283;413;town902;32;160;town956

