












137;town931;421;436;town917
129;town912;292;155;town919;248;116;town920;313;199;town927;466;23;town980;431;328;town1044;347;478;town1041;411;279;town909;125;373;town923;319;207;town1019;151;14;town953;165;396;town911;73;279;town954;401;302;town1028;158;85;town965;456;407;town1035;384;237;town922;359;229;town948;235;305;town908

142;town928;411;64;town967;245;379;town960

143;town956;438;44;town1014;45;160;town1042;485;450;town1002;181;153;town926;45;133;town938;200;373;town944;416;466;town1007;292;481;town931;314;232;town1022;25;252;town955;30;450;town952;68;233;town924;23;282;town1011

164;town966;337;48;town917;5;118;town1022;254;397;town1039;288;91;town905;403;455;town943;441;436;town979;410;491;town908;216;415;town1011;157;68;town916;93;159;town904
164;town966;337;48;town917;5;118;town1022;254;397;town1039;288;91;town905;403;455;town943;441;436;town979;410;491;town908;216;415;town1011;157;68;town916;93;159;town904






130;town974;269;262;town1009;312;398;town932;93;151;town923;444;409;town916



156;town1038;136;180;town1042;99;347;town979;69;31;town910;124;408;town1047;418;206;town991;244;51;town901;489;352;town992
143;town956;438;44;town1014;45;160;town1042;485;450;town1002;181;153;town926;45;133;town938;200;373;town944;416;466;town1007;292;481;town931;314;232;town1022;25;252;town955;30;450;town952;68;233;town924;23;282;town1011
142;town928;411;64;town967;245;379;town960
156;town1038;136;180;town1042;99;347;town979;69;31;town910;124;408;town1047;418;206;town991;244;51;town901;489;352;town992
168;town1002;180;153;town945;406;112;town968;43;311;town1036;265;239;town907;466;32;town990;379;71;town951;265;201;town1033;430;219;town922;361;28;town1049;125;114;town920;169;487;town911

167;town965;212;15;town1029;251;128;town983;371;258;town1019;471;217;town1026;359;131;town1031;471;344;town909;452;187;town951;313;142;town906;4;70;town910;397;158;town981;236;389;town918;408;476;town915;169;256;town911
146;town1013;443;197;town1035;98;437;town943;126;440;town1010;14;491;town966;483;220;town957;205;124;town968;375;162;town1002;374;364;town1023;439;470;town991;365;369;town1014;459;270;town938;173;289;town1005
142;town928;411;64;town967;245;379;town960

172;town1024;35;152;town1017;7;133;town1026;181;24;town1047;262;230;town941;444;471;town938;448;6;town967;345;487;town945;204;478;town1007;93;398;town998
149;town924;427;464;town984;273;89;town917;61;500;town930;181;316;town1002;181;213;town1045;481;174;town991;317;328;town1026;462;161;town1022;489;186;town911


135;town1005;211;237;town1041;47;279;town1045;354;404;town977;282;89;town1049;422;166;town1032;76;284;town944;269;400;town1038;238;292;town1024;246;131;town1018;333;49;town992;75;71;town989;19;435;tow
167;town965;212;15;town1029;251;128;town983;371;258;town1019;471;217;town1026;359;131;town1031;471;344;town909;452;187;town951;313;142;town906;4;70;town910;397;158;town981;236;389;town918;408;476;town915;169;256;town911
168;town1002;180;153;town945;406;112;town968;43;311;town1036;265;239;town907;466;32;town990;379;71;town951;265;201;town1033;430;219;town922;361;28;town1049;125;114;town920;169;487;town911


167;town965;212;15;town1029;251;128;town983;371;258;town1019;471;217;town1026;359;131;town1031;471;344;town909;452;187;town951;313;142;town906;4;70;town910;397;158;town981;236;389;town918;408;476;town915;169;256;town911
167;town965;212;15;town1029;251;128;town983;371;258;town1019;471;217;town1026;359;131;town1031;471;344;town909;452;187;town951;313;142;town906;4;70;town910;397;158;town981;236;389;town918;408;476;town915;169;256;town911

165;town925;7;276;town921;410;436;town905;265;372;town988;224;23;town992;370;108;town909;464;54;town945
152;town925;54;288;town973;38;358;town1018;376;343;town911;467;198;town946;213;136;town1002;463;144;town905;107;451;town987;321;276;town964;44;313;town937;158;273;town1043;51;159;town981;58;41;town955

127;town1001;418;346;town976;287;150;town979;26;98;town983;446;447;town1003;162;414;town956;377;461;town974;172;156;town904;72;438;town924;343;286;town986;183;142;town903
145;town1019;160;457;town903;164;153;town905;441;186;town925;484;32;town901;351;435;town1042;2;452;town969
138;town999;401;395;town988;296;447;town1006;418;336;town924;66;369;town1045;253;371;town1032;415;226;town916;487;54;town975;288;320;town970;462;26;town901;166;338;town971;420;434;town1020;18;3828;town964
154;town989;116;368;town921;162;54;town976;126;107;town930;322;149;town1031;165;393;town1027;283;454;town902;91;488;town940;497;128;town1017;436;411;town1014;190;72;town994;281;187;town1023;202;35;town924;229;124;town1022;87;149;town1045

167;town965;212;15;town1029;251;128;town983;371;258;town1019;471;217;town1026;359;131;town1031;471;344;town909;452;187;town951;313;142;town906;4;70;town910;397;158;town981;236;389;town918;408;476;town915;169;256;town911

149;town924;427;464;town984;273;89;town917;61;500;town930;181;316;town1002;181;213;town1045;481;174;town991;317;328;town1026;462;161;town1022;489;186;town911
145;town1019;160;457;town903;164;153;town905;441;186;town925;484;32;town901;351;435;town1042;2;452;town969
170;town953;81;180;town1046;131;15;town1008
165;town925;7;276;town921;410;436;town905;265;372;town988;224;23;town992;370;108;town909;464;54;town945
163;town1042;149;333;town942;73;240;town1048;115;97;town932;227;305;town943;31;47;town1036;81;193;town1041;223;36;town925;464;104;town1021;363;179;town1035;179;444;town967;180;120;town1003;51;124;town949;43;326;town1017


174;town986;41;35;town1039;327;24;town951;243;59;town915;193;18;town984;181;8;town948
132;town922;214;168;town917;29;231;town1010;219;452;town975;377;317;town928;358;256;town905;99;322;town999;314;463;town1015;374;205;town1042;472;254;town1006;302;285;town1024;387;440;town940

142;town928;411;64;town967;245;379;town960
127;town1001;418;346;town976;287;150;town979;26;98;town983;446;447;town1003;162;414;town956;377;461;town974;172;156;town904;72;438;town924;343;286;town986;183;142;town903
174;town986;41;35;town1039;327;24;town951;243;59;town915;193;18;town984;181;8;town948

149;town924;427;464;town984;273;89;town917;61;500;town930;181;316;town1002;181;213;town1045;481;174;town991;317;328;town1026;462;161;town1022;489;186;town911
136;town972;342;118;town996;453;13;town1022;430;373;town948;331;318;town934;456;48;town980;472;361;town967;196;23;town1010;129;270;town1004;280;467;town962;54;428;town1020;494;340;to

137;town931;421;436;town917
154;town989;116;368;town921;162;54;town976;126;107;town930;322;149;town1031;165;393;town1027;283;454;town902;91;488;town940;497;128;town1017;436;411;town1014;190;72;town994;281;187;town1023;202;35;town924;229;124;town1022;87;149;town1045
172;town1024;35;152;town1017;7;133;town1026;181;24;town1047;262;230;town941;444;471;town938;448;6;town967;345;487;town945;204;478;town1007;93;398;town998

160;town924;60;327;town922;227;38;town984;326;223;town1037;144;461;town930;367;237;town1039;59;17;town1012;161;316;town960;426;373;town933;31;191;town948;206;118;town931;115;498;town1020
145;town1019;160;457;town903;164;153;town905;441;186;town925;484;32;town901;351;435;town1042;2;452;town969
156;town1038;136;180;town1042;99;347;town979;69;31;town910;124;408;town1047;418;206;town991;244;51;town901;489;352;town992

144;town970;130;260;town978;281;353;town977
128;town1027;198;157;town1030;173;410;town972;347;342;town995;28;132;town954;157;248;town951;455;303;town940;474;487;town955;273;7;town922;443;351;town998
166;town999;396;262;town1022;263;130;town1002;426;312;town995;289;154;town958;64;394;town902;134;40;town914;282;38;town944;287;164;town983;420;452;town970;442;256;town939;55;56;town916;311;313;town948;150;29;town907;239;234;town1007;151;332;town982;34;341;town929;349;189;town977;52;357;town984;193;236;town1033
136;town972;342;118;town996;453;13;town1022;430;373;town948;331;318;town934;456;48;town980;472;361;town967;196;23;town1010;129;270;town1004;280;467;town962;54;428;town1020;494;340;to
125;town949;223;437;town907;438;383;town976;386;193;town975;201;144;town909;492;424;town981;166;222;town965;64;199;town936;305;49;town933;366;336;town920;393;89;town951;142;32;town966
168;town1002;180;153;town945;406;112;town968;43;311;town1036;265;239;town907;466;32;town990;379;71;town951;265;201;town1033;430;219;town922;361;28;town1049;125;114;town920;169;487;town911
165;town925;7;276;town921;410;436;town905;265;372;town988;224;23;town992;370;108;town909;464;54;town945

134;town963;156;190;town913;440;447;town905;366;500;town934;494;89;town989;412;306;town916;306;237;town935;337;273;town988;256;443;town952;258;108;town929;354;24;town1015;142;195;town931;244;121;town924;423;350;town1020;431;250;town926


145;town1019;160;457;town903;164;153;town905;441;186;town925;484;32;town901;351;435;town1042;2;452;town969
164;town966;337;48;town917;5;118;town1022;254;397;town1039;288;91;town905;403;455;town943;441;436;town979;410;491;town908;216;415;town1011;157;68;town916;93;159;town904
156;town1038;136;180;town1042;99;347;town979;69;31;town910;124;408;town1047;418;206;town991;244;51;town901;489;352;town992

144;town970;130;260;town978;281;353;town977
136;town972;342;118;town996;453;13;town1022;430;373;town948;331;318;town934;456;48;town980;472;361;town967;196;23;town1010;129;270;town1004;280;467;town962;54;428;town1020;494;340;to
149;town924;427;464;town984;273;89;town917;61;500;town930;181;316;town1002;181;213;town1045;481;174;town991;317;328;town1026;462;161;town1022;489;186;town911
168;town1002;180;153;town945;406;112;town968;43;311;town1036;265;239;town907;466;32;town990;379;71;town951;265;201;town1033;430;219;town922;361;28;town1049;125;114;town920;169;487;town911
149;town924;427;464;town984;273;89;town917;61;500;town930;181;316;town1002;181;213;town1045;481;174;town991;317;328;town1026;462;161;town1022;489;186;town911
171;town941;392;201;town911;37;449;town1014;26;439;town983
141;town961;289;314;town1030
127;town1001;418;346;town976;287;150;town979;26;98;town983;446;447;town1003;162;414;town956;377;461;town974;172;156;town904;72;438;town924;343;286;town986;183;142;town903
132;town922;214;168;town917;29;231;town1010;219;452;town975;377;317;town928;358;256;town905;99;322;town999;314;463;town1015;374;205;town1042;472;254;town1006;302;285;town1024;387;440;town940



160;town924;60;327;town922;227;38;town984;326;223;town1037;144;461;town930;367;237;town1039;59;17;town1012;161;316;town960;426;373;town933;31;191;town948;206;118;town931;115;498;town1020
143;town956;438;44;town1014;45;160;town1042;485;450;town1002;181;153;town926;45;133;town938;200;373;town944;416;466;town1007;292;481;town931;314;232;town1022;25;252;town955;30;450;town952;68;233;town924;23;282;town1011

136;town972;342;118;town996;453;13;town1022;430;373;town948;331;318;town934;456;48;town980;472;361;town967;196;23;town1010;129;270;town1004;280;467;town962;54;428;town1020;494;340;to

143;town956;438;44;town1014;45;160;town1042;485;450;town1002;181;153;town926;45;133;town938;200;373;town944;416;466;town1007;292;481;town931;314;232;town1022;25;252;town955;30;450;town952;68;233;town924;23;282;town1011

134;town963;156;190;town913;440;447;town905;366;500;town934;494;89;town989;412;306;town916;306;237;town935;337;273;town988;256;443;town952;258;108;town929;354;24;town1015;142;195;town931;244;121;town924;423;350;town1020;431;250;town926
149;town924;427;464;town984;273;89;town917;61;500;town930;181;316;town1002;181;213;town1045;481;174;town991;317;328;town1026;462;161;town1022;489;186;town911
142;town928;411;64;town967;245;379;town960
130;town974;269;262;town1009;312;398;town932;93;151;town923;444;409;town916
132;town922;214;168;town917;29;231;town1010;219;452;town975;377;317;town928;358;256;town905;99;322;town999;314;463;town1015;374;205;town1042;472;254;town1006;302;285;town1024;387;440;town940
136;town972;342;118;town996;453;13;town1022;430;373;town948;331;318;town934;456;48;town980;472;361;town967;196;23;town1010;129;270;town1004;280;467;town962;54;428;town1020;494;340;to
138;town999;401;395;town988;296;447;town1006;418;336;town924;66;369;town1045;253;371;town1032;415;226;town916;487;54;town975;288;320;town970;462;26;town901;166;338;town971;420;434;town1020;18;3828;town964
142;town928;411;64;town967;245;379;town960
143;town956;438;44;town1014;45;160;town1042;485;450;town1002;181;153;town926;45;133;town938;200;373;town944;416;466;town1007;292;481;town931;314;232;town1022;25;252;town955;30;450;town952;68;233;town924;23;282;town1011
165;town925;7;276;town921;410;436;town905;265;372;town988;224;23;town992;370;108;town909;464;54;town945
126;town1037;169;48;town918;129;482;town972;9;244;town973;112;310;town912;124;58;town941;76;344;town1006;241;77;town940;280;321;town974;454;298;town1013;263;148;town987;182;315;town1032;184;470;town950
151;town962;18;83;town1024;276;331;town923;399;326;town972;173;8;town959;198;378;town969;81;276;town992;177;7;town996;278;79;town975;377;331;town953


167;town965;212;15;town1029;251;128;town983;371;258;town1019;471;217;town1026;359;131;town1031;471;344;town909;452;187;town951;313;142;town906;4;70;town910;397;158;town981;236;389;town918;408;476;town915;169;256;town911
130;town974;269;262;town1009;312;398;town932;93;151;town923;444;409;town916
136;town972;342;118;town996;453;13;town1022;430;373;town948;331;318;town934;456;48;town980;472;361;town967;196;23;town1010;129;270;town1004;280;467;town962;54;428;town1020;494;340;to
153;town900;177;287;town966;34;142;town1037;90;487;town916;234;492;town1019;16;319;town949;308;76;town1043;210;17;town962;258;457;town1008;361;369;town1033;398;234;town957;369;148;town1035;106;90;town1038;73;195;town1006;413;11;town994;161;328;town910;491;19;town1039;407;499;town1016

130;town974;269;262;town1009;312;398;town932;93;151;town923;444;409;town916
125;town949;223;437;town907;438;383;town976;386;193;town975;201;144;town909;492;424;town981;166;222;town965;64;199;town936;305;49;town933;366;336;town920;393;89;town951;142;32;town966
164;town966;337;48;town917;5;118;town1022;254;397;town1039;288;91;town905;403;455;town943;441;436;town979;410;491;town908;216;415;town1011;157;68;town916;93;159;town904

160;town924;60;327;town922;227;38;town984;326;223;town1037;144;461;town930;367;237;town1039;59;17;town1012;161;316;town960;426;373;town933;31;191;town948;206;118;town931;115;498;town1020
155;town962;31;221;to
160;town924;60;327;town922;227;38;town984;326;223;town1037;144;461;town930;367;237;town1039;59;17;town1012;161;316;town960;426;373;town933;31;191;town948;206;118;town931;115;498;town1020
132;town922;214;168;town917;29;231;town1010;219;452;town975;377;317;town928;358;256;town905;99;322;town999;314;463;town1015;374;205;town1042;472;254;town1006;302;285;town1024;387;440;town940
128;town1027;198;157;town1030;173;410;town972;347;342;town995;28;132;town954;157;248;town951;455;303;town940;474;487;town955;273;7;town922;443;351;town998
133;town1032;8;458;town1009;48;13;town
136;town972;342;118;town996;453;13;town1022;430;373;town948;331;318;town934;456;48;town980;472;361;town967;196;23;town1010;129;270;town1004;280;467;town962;54;428;town1020;494;340;to
133;town1032;8;458;town1009;48;13;town

153;town900;177;287;town966;34;142;town1037;90;487;town916;234;492;town1019;16;319;town949;308;76;town1043;210;17;town962;258;457;town1008;361;369;town1033;398;234;town957;369;148;town1035;106;90;town1038;73;195;town1006;413;11;town994;161;328;town910;491;19;town1039;407;499;town1016
146;town1013;443;197;town1035;98;437;town943;126;440;town1010;14;491;town966;483;220;town957;205;124;town968;375;162;town1002;374;364;town1023;439;470;town991;365;369;town1014;459;270;town938;173;289;town1005
130;town974;269;262;town1009;312;398;town932;93;151;town923;444;409;town916
169;town925;122;326;town907;352;371;town919
131;town1035;314;289;town9


148;town951;342;328;town918;79;91;town931;10;208;town961;102;432;town941;251;270;town1015;19;242;town965;10;425;town911;311;312;town1041;2;240;town980;410;211;town1030;176;354;town905;219;485;town1044;117;303;town948;225;345;town995;416;328;town975;489;79;town986
164;town966;337;48;town917;5;118;town1022;254;397;town1039;288;91;town905;403;455;town943;441;436;town979;410;491;town908;216;415;town1011;157;68;town916;93;159;town904

142;town928;411;64;town967;245;379;town960
127;town1001;418;346;town976;287;150;town979;26;98;town983;446;447;town1003;162;414;town956;377;461;town974;172;156;town904;72;438;town924;343;286;town986;183;142;town903
130;town974;269;262;town1009;312;398;town932;93;151;town923;444;409;town916
134;town963;156;190;town913;440;447;town905;366;500;town934;494;89;town989;412;306;town916;306;237;town935;337;273;town988;256;443;town952;258;108;town929;354;24;town1015;142;1960;town931;244;121;town924;423;350;town1020;431;250;town926

167;town965;212;15;town1029;251;128;town983;371;258;town1019;471;217;town1026;359;131;town1031;471;344;town909;452;187;town951;313;142;town906;4;70;town910;397;158;town981;236;389;town918;408;476;town915;169;256;town911
131;town1035;314;289;town9

137;town931;421;436;town917
130;town974;269;262;town1009;312;398;town932;93;151;town923;444;409;town916

163;town1042;149;333;town942;73;240;town1048;115;97;town932;227;305;town943;31;47;town1036;81;193;town1041;223;36;town925;464;104;town1021;363;179;town1035;179;444;town967;180;120;town1003;51;124;town949;43;326;town1017
134;town963;156;190;town913;440;447;town905;366;500;town934;494;89;town989;412;306;town916;306;237;town935;337;273;town988;256;443;town952;258;108;town929;354;24;town1015;142;1960;town931;244;121;town924;423;350;town1020;431;250;town926
126;town1037;169;48;town918;129;482;town972;9;244;town973;112;310;town912;124;58;town941;76;344;town1006;241;77;town940;280;321;town974;454;298;town1013;263;148;town987;182;315;town1032;184;470;town950
146;town1013;443;197;town1035;98;437;town943;126;440;town1010;14;491;town966;483;220;town957;205;124;town968;375;162;town1002;374;364;town1023;439;470;town991;365;369;town1014;459;270;town938;173;289;town1005
133;town1032;8;458;town1009;48;13;town
167;town965;212;15;town1029;251;128;town983;371;258;town1019;471;217;town1026;359;131;town1031;471;344;town909;452;187;town951;313;142;town906;4;70;town910;397;158;town981;236;389;town918;408;476;town915;169;256;town911
131;town1035;314;289;town9
174;town986;41;35;town1039;327;24;town951;243;59;town915;193;18;town984;181;8;town948
125;town949;223;437;town907;438;383;town976;386;193;town975;201;144;town909;492;424;town981;166;222;town965;64;199;town936;305;49;town933;366;336;town920;393;89;town951;142;32;town966
141;town961;289;314;town1030
174;town986;41;35;town1039;327;24;town951;243;59;town915;193;18;town984;181;8;town948
164;town966;337;48;town917;5;118;town1022;254;397;town1039;288;91;town905;403;455;town943;441;436;town979;410;491;town908;216;415;town1011;157;68;town916;93;159;town904
158;town1008;317;260;town999;421;83;town991
