ERROR 4
ERROR 5
ERROR 7
ERROR 9
ERROR 11
ERROR 12
ERROR 13
ERROR 14
ERROR 15
ERROR 16
ERROR 19
ERROR 20
ERROR 21
ERROR 22
ERROR 23
ERROR 24
ERROR 25
ERROR 29
ERROR 30
ERROR 33
ERROR 34
ERROR 36
ERROR 37
ERROR 39
ERROR 41
ERROR 43
ERROR 44
ERROR 46
ERROR 49
ERROR 50
ERROR 51
ERROR 52
ERROR 53
ERROR 54
ERROR 55
ERROR 56
ERROR 57
ERROR 58
ERROR 59
ERROR 60
ERROR 63
ERROR 64
ERROR 65
ERROR 66
ERROR 67
ERROR 68
ERROR 70
ERROR 72
ERROR 73
ERROR 74
ERROR 77
ERROR 78
ERROR 79
ERROR 80
ERROR 81
ERROR 82
ERROR 83
ERROR 85
ERROR 86
ERROR 87
ERROR 88
ERROR 89
ERROR 93
ERROR 94
ERROR 96
ERROR 97
ERROR 98
ERROR 101
ERROR 102
ERROR 103
ERROR 104
ERROR 106
ERROR 107
ERROR 108
ERROR 109
ERROR 110
ERROR 111
ERROR 113
ERROR 115
ERROR 116
ERROR 117
ERROR 120
ERROR 122
ERROR 123
ERROR 125
ERROR 127
ERROR 129
ERROR 130
ERROR 133
ERROR 134
ERROR 139
ERROR 145
ERROR 147
ERROR 148
ERROR 149
ERROR 150
ERROR 152
ERROR 153
ERROR 155
ERROR 157
ERROR 158
ERROR 163
ERROR 164
ERROR 165
ERROR 167
ERROR 168
ERROR 170
ERROR 171
ERROR 176
ERROR 177
ERROR 180
ERROR 183
ERROR 184
ERROR 186
ERROR 187
ERROR 188
ERROR 189
ERROR 190
ERROR 192
ERROR 194
ERROR 195
ERROR 196
ERROR 197
ERROR 198
ERROR 199
ERROR 200
ERROR 201
ERROR 202
ERROR 203
ERROR 206
ERROR 207
ERROR 208
ERROR 209
ERROR 210
ERROR 214
ERROR 216
ERROR 217
ERROR 219
ERROR 221
ERROR 222
ERROR 223
ERROR 224
ERROR 225
ERROR 228
ERROR 229
ERROR 235
ERROR 237
ERROR 238
ERROR 239
ERROR 240
ERROR 242
ERROR 243
ERROR 245
ERROR 247
ERROR 249
ERROR 251
ERROR 252
ERROR 254
ERROR 255
ERROR 256
ERROR 257
ERROR 259
ERROR 260
ERROR 263
ERROR 267
ERROR 268
ERROR 269
ERROR 270
ERROR 271
ERROR 272
ERROR 273
ERROR 279
ERROR 280
ERROR 282
ERROR 283
ERROR 284
ERROR 285
ERROR 288
ERROR 291
ERROR 293
ERROR 294
ERROR 297
ERROR 298
ERROR 301
ERROR 302
ERROR 303
ERROR 304
ERROR 309
ERROR 310
ERROR 311
ERROR 313
ERROR 314
ERROR 315
ERROR 316
ERROR 317
ERROR 318
ERROR 319
ERROR 322
ERROR 323
ERROR 324
ERROR 325
ERROR 326
ERROR 327
ERROR 328
ERROR 330
ERROR 331
ERROR 332
ERROR 333
ERROR 336
ERROR 338
ERROR 341
ERROR 342
ERROR 343
ERROR 344
ERROR 345
ERROR 346
ERROR 347
ERROR 348
ERROR 351
ERROR 354
ERROR 355
ERROR 357
ERROR 361
ERROR 362
ERROR 363
ERROR 365
ERROR 366
ERROR 367
ERROR 369
ERROR 371
ERROR 372
ERROR 373
ERROR 377
ERROR 378
ERROR 379
ERROR 380
ERROR 381
ERROR 382
ERROR 383
ERROR 385
ERROR 386
ERROR 387
ERROR 388
ERROR 389
ERROR 390
ERROR 392
ERROR 393
ERROR 394
ERROR 395
ERROR 396
ERROR 397
ERROR 400
ERROR 401
ERROR 402
ERROR 403
ERROR 404
ERROR 406
ERROR 407
ERROR 408
ERROR 409
ERROR 410
ERROR 411
ERROR 412
ERROR 413
ERROR 415
ERROR 416
ERROR 417
ERROR 418
ERROR 419
ERROR 420
ERROR 421
ERROR 422
ERROR 423
ERROR 426
ERROR 428
ERROR 429
ERROR 430
ERROR 431
ERROR 432
ERROR 433
ERROR 434
ERROR 435
ERROR 436
ERROR 438
ERROR 441
ERROR 444
ERROR 445
ERROR 446
ERROR 450
ERROR 451
ERROR 452
ERROR 455
ERROR 457
ERROR 458
ERROR 459
ERROR 460
ERROR 461
ERROR 463
ERROR 464
ERROR 465
ERROR 466
ERROR 470
ERROR 471
ERROR 472
ERROR 474
ERROR 475
ERROR 476
ERROR 477
ERROR 481
ERROR 482
ERROR 484
ERROR 485
ERROR 486
ERROR 487
ERROR 488
ERROR 491
ERROR 494
ERROR 495
ERROR 496
ERROR 497
ERROR 498
ERROR 499
ERROR 500
ERROR 502
ERROR 503
ERROR 504
ERROR 505
ERROR 506
ERROR 507
ERROR 509
ERROR 511
ERROR 512
ERROR 515
ERROR 516
ERROR 518
ERROR 519
ERROR 521
ERROR 522
ERROR 523
ERROR 524
ERROR 525
ERROR 526
ERROR 527
ERROR 529
ERROR 530
ERROR 533
ERROR 535
ERROR 537
ERROR 538
ERROR 542
ERROR 544
ERROR 545
ERROR 547
ERROR 548
ERROR 549
ERROR 550
ERROR 551
ERROR 552
ERROR 553
ERROR 554
ERROR 557
ERROR 558
ERROR 559
ERROR 560
ERROR 561
ERROR 562
ERROR 563
ERROR 564
ERROR 565
ERROR 566
ERROR 567
ERROR 568
ERROR 569
ERROR 570
ERROR 571
ERROR 573
ERROR 575
ERROR 576
ERROR 577
ERROR 578
ERROR 579
ERROR 580
ERROR 581
ERROR 583
ERROR 584
ERROR 586
ERROR 590
ERROR 591
ERROR 592
ERROR 593
ERROR 595
ERROR 596
ERROR 597
ERROR 600
ERROR 601
ERROR 602
ERROR 603
ERROR 604
ERROR 605
ERROR 606
ERROR 607
ERROR 610
ERROR 612
ERROR 614
ERROR 615
ERROR 616
ERROR 620
ERROR 621
ERROR 622
ERROR 623
ERROR 624
ERROR 627
ERROR 629
ERROR 630
ERROR 631
ERROR 632
ERROR 634
ERROR 636
ERROR 638
ERROR 639
ERROR 640
ERROR 642
ERROR 643
ERROR 644
ERROR 645
ERROR 648
ERROR 650
ERROR 652
ERROR 655
ERROR 657
ERROR 658
ERROR 659
ERROR 662
ERROR 663
ERROR 664
ERROR 665
ERROR 666
ERROR 668
ERROR 670
ERROR 671
ERROR 672
ERROR 674
ERROR 675
ERROR 676
ERROR 677
ERROR 678
ERROR 679
ERROR 680
ERROR 681
ERROR 682
ERROR 683
ERROR 685
ERROR 686
ERROR 687
ERROR 690
ERROR 691
ERROR 693
ERROR 694
ERROR 695
ERROR 696
ERROR 697
ERROR 698
ERROR 699
ERROR 700
ERROR 701
ERROR 702
ERROR 706
ERROR 707
ERROR 708
ERROR 709
ERROR 712
ERROR 713
ERROR 714
ERROR 715
ERROR 716
ERROR 718
ERROR 719
ERROR 720
ERROR 721
ERROR 722
ERROR 724
ERROR 727
ERROR 728
ERROR 730
ERROR 731
ERROR 735
ERROR 736
ERROR 738
ERROR 739
ERROR 741
ERROR 743
ERROR 744
ERROR 745
ERROR 746
ERROR 747
ERROR 748
ERROR 749
ERROR 750
ERROR 752
ERROR 754
ERROR 755
ERROR 756
ERROR 757
ERROR 758
ERROR 759
ERROR 760
ERROR 761
ERROR 763
ERROR 764
ERROR 765
ERROR 766
ERROR 767
ERROR 768
ERROR 769
ERROR 773
ERROR 774
ERROR 776
ERROR 777
ERROR 779
ERROR 780
ERROR 781
ERROR 782
ERROR 783
ERROR 784
ERROR 785
ERROR 787
ERROR 790
ERROR 791
ERROR 792
ERROR 794
ERROR 797
ERROR 798
ERROR 799
ERROR 800
ERROR 801
ERROR 802
ERROR 803
ERROR 807
ERROR 808
ERROR 809
ERROR 810
ERROR 811
ERROR 812
ERROR 815
ERROR 816
ERROR 817
ERROR 818
ERROR 820
ERROR 822
ERROR 823
ERROR 824
ERROR 825
ERROR 826
ERROR 828
ERROR 829
ERROR 830
ERROR 831
ERROR 833
ERROR 834
ERROR 835
ERROR 836
ERROR 837
ERROR 838
ERROR 839
ERROR 840
ERROR 841
ERROR 842
ERROR 843
ERROR 844
ERROR 845
ERROR 846
ERROR 848
ERROR 849
ERROR 850
ERROR 851
ERROR 854
ERROR 856
ERROR 857
ERROR 858
ERROR 859
ERROR 861
ERROR 864
ERROR 865
ERROR 866
ERROR 867
ERROR 868
ERROR 869
ERROR 871
ERROR 872
ERROR 874
ERROR 875
ERROR 876
ERROR 877
ERROR 878
ERROR 879
ERROR 881
ERROR 882
ERROR 883
ERROR 884
ERROR 885
ERROR 887
ERROR 888
ERROR 889
ERROR 890
ERROR 891
ERROR 892
ERROR 893
ERROR 894
ERROR 897
ERROR 898
ERROR 899
ERROR 900
ERROR 901
ERROR 903
ERROR 904
ERROR 906
ERROR 907
ERROR 909
ERROR 913
ERROR 915
ERROR 916
ERROR 917
ERROR 918
ERROR 919
ERROR 920
ERROR 921
ERROR 922
ERROR 923
ERROR 925
ERROR 926
ERROR 928
ERROR 929
ERROR 930
ERROR 932
ERROR 934
ERROR 935
ERROR 937
ERROR 938
ERROR 940
ERROR 941
ERROR 942
ERROR 943
ERROR 944
ERROR 945
ERROR 947
ERROR 948
ERROR 949
ERROR 950
ERROR 951
ERROR 953
ERROR 954
ERROR 955
ERROR 956
ERROR 957
