










163;town965;120;281;town935










129;town903;477;184;town924;456;66;town1028;7;334;town1036;232;397;town988;497;234;town977;455;143;town1041;102;265;town948;405;234;town919;293;438;town955
129;town903;477;184;town924;456;66;town1028;7;334;town1036;232;397;town988;497;234;town977;455;143;town1041;102;265;town948;405;234;town919;293;438;town955



129;town903;477;184;town924;456;66;town1028;7;334;town1036;232;397;town988;497;234;town977;455;143;town1041;102;265;town948;405;234;town919;293;438;town955
128;town1037;165;171;town1017;323;387;town907;219;406;town944;459;408;town967;355;69;town1

148;town1011;476;46;town963;366;282;town957;150;312;town900;272;31;town1033;171;103;town916;392;430;town908;225;172;town1019



150;town977;372;399;town995;77;372;town960;258;59;town971;292;205;town1023;60;61;town990;405;271;town900;435;343;town974;437;393;town961;23;15;town910;25;341;town987;216;287;town988;388;425;town1002
136;town962;85;62;town1008





160;town939;95;440;town950

126;town1018;81;13;town1027;445;229;town1012;362;265;town991;265;384;town964;151;80;town936;142;394;town986;254;435;town1024;67;474;town1013;350;386;town967;166;194;town1020;357;150;town951;209;66;town972;56;391;town989;208;147;town992


165;town901;219;72;town1011;227;333;town990;204;146;town952;293;348;town908;250;31;town938;145;469;town924;292;47;town973;38;366;town1004;88;23;town970;371;127;town1013;53;21;town962;179;428;town1025;362;188;town983;341;127;town985;270;6;town906;206;319;town956;42;182;town975;119;256;town915
136;town962;85;62;town1008
136;town962;85;62;town1008
157;town989;340;182;town1004;129;350;town1001;255;222;town965;273;63;town1046;482;210;town1036;366;15;town970


166;town996;214;274;town1044
167;town914;171;327;town908;170;416;town930;354;369;town1015;493;25;town1005;109;48;town1021

143;town999;324;217;town998;246;271;town975;322;392;town949;86;208;town910;391;457;town908
160;town939;95;440;town950
143;town999;324;217;town998;246;271;town975;322;392;town949;86;208;town910;391;457;town908
131;town1042;2;163;town969;275;248;town1015;390;362;town1020;422;108;town973;219;491;town907;229;420;town1005;380;165;town957;7;313;town979;74;6;town961;178;320;town1039
166;town996;214;274;town1044
163;town965;120;281;town935
155;town950;437;124;town941;229;289;town930;155;104;town927
162;town1032;127;203;town901;452;171;town981;197;340;town949;111;14;town966;86;266;town1045;29;65;town1035;256;81;town1017;378;51;town950;194;363;town917
142;town979;382;158;town986;98;498;town939;475;379;town996;444;88;town994;407;85;town913;397;11;town902;467;280;town916;380;214;town905;445;57;town951;352;8;town934;359;16;town1044;261;316;town957;287;154;town926;364;310;town991;85;206;town961;82;219;town967;292;24;town1028
142;town979;382;158;town986;98;498;town939;475;379;town996;444;88;town994;407;85;town913;397;11;town902;467;280;town916;380;214;town905;445;57;town951;352;8;town934;359;16;town1044;261;316;town957;287;154;town926;364;310;town991;85;206;town961;82;219;town967;292;24;town1028

127;town939;72;181;town1005;420;48;town1035;402;266;town1038;42;288;town900;89;18;town980;409;338;town1016;302;446;town995;191;416;town971
147;town969;241;29;town1028;400;172;town905;492;478;town980;437;777;town960;249;377;town912;141;426;town1042
157;town989;340;182;town1004;129;350;town1001;255;222;town965;273;63;town1046;482;210;town1036;366;15;town970
148;town1011;476;46;town963;366;282;town957;150;312;town900;272;31;town1033;171;103;town916;392;430;town908;225;172;town1019
136;town962;85;62;town1008
126;town1018;81;13;town1027;445;229;town1012;362;265;town991;265;384;town964;151;80;town936;142;394;town986;254;435;town1024;67;474;town1013;350;386;town967;166;194;town1020;357;150;town951;209;66;town972;56;391;town989;208;147;town992

140;town913;110;454;town924;51;256;town977;482;250;town950;63;191;town905;78;472;town992;349;341;town982;229;482;town1047;101;41;town973;222;441;town968;26;119;town908;305;105;town975;239;130;town917;28;413;town1002;73;228;town963;127;26;town1017;227;47;town1024;253;181;town914


140;town913;110;454;town924;51;256;town977;482;250;town950;63;191;town905;78;472;town992;349;341;town982;229;482;town1047;101;41;town973;222;441;town968;26;119;town908;305;105;town975;239;130;town917;28;413;town1002;73;228;town963;127;26;town1017;227;47;town1024;253;181;town914



144;town980;43;460;town956;231;282;town1027;234;444;town903;481;445;town909;179;486;town1043;389;16;town941;265;496;town998;124;226;town983;269;33;town957;184;126;town1029;216;378;town929;271;433;town1012;442;336;town917;135;409;town1006;94;487;town966;337;399;town987;245;266;town977;433;52;town1024;273;469;town1037
149;town996;438;383;town1002;332;472;town916;352;368;town990;183;185;town937
126;town1018;81;13;town1027;445;229;town1012;362;265;town991;265;384;town964;151;80;town936;142;394;town986;254;435;town1024;67;474;town1013;350;386;town967;166;194;town1020;357;150;town951;209;66;town972;56;391;town989;208;147;town992
144;town980;43;460;town956;231;282;town1027;234;444;town903;481;445;town909;179;486;town1043;389;16;town941;265;496;town998;124;226;town983;269;33;town957;184;126;town1029;216;378;town929;271;433;town1012;442;336;town917;135;409;town1006;94;487;town966;337;399;town987;245;266;town977;433;52;town1024;273;469;town1037
149;town996;438;383;town1002;332;472;town916;352;368;town990;183;185;town937
149;town996;438;383;town1002;332;472;town916;352;368;town990;183;185;town937



164;town1037;428;196;town1006;487;402;town1047;383;262;town1049;42;352;town983;450;384;town904;389;123;town974;235;331;town979

140;town913;110;454;town924;51;256;town977;482;250;town950;63;191;town905;78;472;town992;349;341;town982;229;482;town1047;101;41;town973;222;441;town968;26;119;town908;305;105;town975;239;130;town917;28;413;town1002;73;228;town963;127;26;town1017;227;47;town1024;253;181;town914
139;town960;369;134;town929;231;227;town992;308;29;town953;348;210;town974;170;323;town994;262;133;town922;324;407;town977;158;484;town908;336;263;town1008;266;462;town1006;236;342;town925;131;132;town1005;103;44;town949;351;310;town902

169;town1036;339;489;town1047;57;93;town950;80;424;town973;77;64;town1013;412;316;town992;312;493;town1007;393;114;town951;439;198;town978;243;388;town926;440;343;town908;113;114;town993;378;279;town1003;272;426;town960;167;303;town998;353;451;town910;30;244;town967;250;273;town995;350;303;town1009
157;town989;340;182;town1004;129;350;town1001;255;222;town965;273;63;town1046;482;210;town1036;366;15;town970

141;town996;322;306;town1035;12;298;town981;153;430;town956;67;388;town1010;211;110;town921;77;201;town1014;437;161;town1020;351;80;town987
157;town989;340;182;town1004;129;350;town1001;255;222;town965;273;63;town1046;482;210;town1036;366;15;town970

139;town960;369;134;town929;231;227;town992;308;29;town953;348;210;town974;170;323;town994;262;133;town922;324;407;town977;158;484;town908;336;263;town1008;266;462;town1006;236;342;town925;131;132;town1005;103;44;town949;351;310;town902
147;town969;241;29;town1028;400;172;town905;492;478;town980;437;777;town960;249;377;town912;141;426;town1042
167;town914;171;327;town908;170;416;town930;354;369;town1015;493;25;town1005;109;48;town1021
155;town950;437;124;town941;229;289;town930;155;104;town927
147;town969;241;29;town1028;400;172;town905;492;478;town980;437;777;town960;249;377;town912;141;426;town1042
132;town1001;172;195;town946;473;70;town1017;401;183;town954
151;town1046;256;52;town949;63;170;town1002;287;171;town941;52;342;town93
133;town934;398;224;town1013;112;124;town901;254;254;town957


136;town962;85;62;town1008

150;town977;372;399;town995;77;372;town960;258;59;town971;292;205;town1023;60;61;town990;405;271;town900;435;343;town974;437;393;town961;23;15;town910;25;341;town987;216;287;town988;388;425;town1002
149;town996;438;383;town1002;332;472;town916;352;368;town990;183;185;town937
167;town914;171;327;town908;170;416;town930;354;369;town1015;493;25;town1005;109;48;town1021
165;town901;219;72;town1011;227;333;town990;204;146;town952;293;348;town908;250;31;town938;145;469;town924;292;47;town973;38;366;town1004;88;23;town970;371;127;town1013;53;21;town962;179;428;town1025;362;188;town983;341;127;town985;270;6;town906;206;319;town956;42;182;town975;119;256;town915

174;town949;260;397;town984;50;116;town962;430;317;town929;215;378;town900;69;14;town994;380;55;town1046;326;349;town10
151;town1046;256;52;town949;63;170;town1002;287;171;town941;52;342;town93
126;town1018;81;13;town1027;445;229;town1012;362;265;town991;265;384;town964;151;80;town936;142;394;town986;254;435;town1024;67;474;town1013;350;386;town967;166;194;town1020;357;150;town951;209;66;town972;56;391;town989;208;147;town992
148;town1011;476;46;town963;366;282;town957;150;312;town900;272;31;town1033;171;103;town916;392;430;town908;225;172;town1019
132;town1001;172;195;town946;473;70;town1017;401;183;town954


140;town913;110;454;town924;51;256;town977;482;250;town950;63;191;town905;78;472;town992;349;341;town982;229;482;town1047;101;41;town973;222;441;town968;26;119;town908;305;105;town975;239;130;town917;28;413;town1002;73;228;town963;127;26;town1017;227;47;town1024;253;181;town914
125;town1024;362;329;town997;316;175;town1005;366;248;town992;330;454;town954;499;214;town951;366;305;town930;287;58;town1034;487;448;town1009;355;260;town1031;230;436;town953;442;174;town971;157;321;town966
141;town996;322;306;town1035;12;298;town981;153;430;town956;67;388;town1010;211;110;town921;77;201;town1014;437;161;town1020;351;80;town987
154;town901;236;460;town952;71;305;town1002;107;213;town1038;319;127;town1023;381;289;town930;154;222;town997;320;357;town1016;283;327;town905
128;town1037;165;171;town1017;323;387;town907;219;406;town944;459;408;town967;355;69;town1
149;town996;438;383;town1002;332;472;town916;352;368;town990;183;185;town937
130;town988;70;126;town994;482;450;town933;476;396;town995;143;279;town1017;108;239;town959;355;416;town936
144;town980;43;460;town956;231;282;town1027;234;444;town903;481;445;town909;179;486;town1043;389;16;town941;265;496;town998;124;226;town983;269;33;town957;184;126;town1029;216;378;town929;271;433;town1012;442;336;town917;135;409;town1006;94;487;town966;337;399;town987;245;266;town977;433;52;town1024;273;469;town1037
129;town903;477;184;town924;456;66;town1028;7;334;town1036;232;397;town988;497;234;town977;455;143;town1041;102;265;town948;405;234;town919;293;438;town955
165;town901;219;72;town1011;227;333;town990;204;146;town952;293;348;town908;250;31;town938;145;469;town924;292;47;town973;38;366;town1004;88;23;town970;371;127;town1013;53;21;town962;179;428;town1025;362;188;town983;341;127;town985;270;6;town906;206;319;town956;42;182;town975;119;256;town915
168;town1033;137;236;town952;277;307;town1018;184;466;town1043;304;369;town931;260;341;town991;174;114;town993;285;273;town999
149;town996;438;383;town1002;332;472;town916;352;368;town990;183;185;town937
133;town934;398;224;town1013;112;124;town901;254;254;town957
168;town1033;137;236;town952;277;307;town1018;184;466;town1043;304;369;town931;260;341;town991;174;114;town993;285;273;town999
155;town950;437;124;town941;229;289;town930;155;104;town927

146;town975;31;485;town1008;49;149;town1004;229;328;town917;278;368;town986;464;211;town906;300;121;town1027;101;313;town943;182;234;town1011;308;426;town991;267;121;town1015;285;171;town1013;462;168;town903;15;447;town954;247;57;town978;251;95;town949;372;64;town939;147;362;town1031;363;44;town1006
131;town1042;2;163;town969;275;248;town1015;390;362;town1020;422;108;town973;219;491;town907;229;420;town1005;380;165;town957;7;313;town979;74;6;town961;178;320;town1039
169;town1036;339;489;town1047;57;93;town950;80;424;town973;77;64;town1013;412;316;town992;312;493;town1007;393;114;town951;439;198;town978;243;388;town926;440;343;town908;113;114;town993;378;279;town1003;272;426;town960;167;303;town998;353;451;town910;30;244;town967;250;273;town995;350;303;town1009
133;town934;398;224;town1013;112;124;town901;254;254;town957
152;town947;283;315;town1002;370;478;town999;79;49;town980;323;244;town912;73;404;town906;364;473;town941;255;321;town953;8;197;town986;85;386;town959;395;287;town1048;36;450;town1016;457;370;town1024;485;291;town936;490;206;town1004;25;75;town938;422;119;town1009;320;367;town922;118;325;town917;127;159;town961
147;town969;241;29;town1028;400;172;town905;492;478;town980;437;777;town960;249;377;town912;141;426;town1042
136;town962;85;62;town1008
168;town1033;137;236;town952;277;307;town1018;184;466;town1043;304;369;town931;260;341;town991;174;114;town993;285;273;town999
158;town998;279;378;town1029;495;479;town924;55;48;town925;483;332;town930;499;492;town923;200;222;town901;453;14;town950;108;42;town927;408;427;town982;60;330;town1000;48;167;town907;221;481;town1004;483;462;town1044;208;292;town1026;226;143;town995;434;302;town959;48;199;town1047;260;296;town1010;452;99;town918
162;town1032;127;203;town901;452;171;town981;197;340;town949;111;14;town966;86;266;town1045;29;65;town1035;256;81;town1017;378;51;town950;194;363;town917
136;town962;85;62;town1008
151;town1046;256;52;town949;63;170;town1002;287;171;town941;52;342;town93
