















129;town1012;115;429;town932;391;192;town1014;45;60;town948;181;80;tow

147;town1019;17;140;town917




159;town992;261;15;town1008;202;463;town1048;154;435;town944;477;252;town905;2;320;town1045
147;town1019;17;140;town917

126;town978;366;190;town919;59;416;town1001;471;270;town1008;234;358;town1046;210;263;town982;178;473;town1017;213;200;town932;77;446;town1039;229;129;town1028



143;town948;318;23;town929;11;205;town960;261;286;town1026;131;71;town901;474;244;town956;150;497;town973;275;387;town1016;401;138;town934;482;339;town1045;269;186;town903;302;166;town970;444;382;town1046;363;349;town996;163;21;town1003


159;town992;261;15;town1008;202;463;town1048;154;435;town944;477;252;town905;2;320;town1045
139;town900;176;207;town948;194;368;town1011;234;191;town936;207;47;town1003;316;242;town1015;267;420;town955;363;469;town1008;335;473;town916;301;449;town1031;255;204;town938
164;town993;6;15;town1036;492;282;town967;216;434;town941;102;173;town950;24;208;town916;486;319;town1046;364;376;town906;286;184;town977;495;266;town982;314;479;town925;99;457;town976
126;town978;366;190;town919;59;416;town1001;471;270;town1008;234;358;town1046;210;263;town982;178;473;town1017;213;200;town932;77;446;town1039;229;129;town1028


135;town988;89;264;town914;385;148;town908;2;464;town1014;388;37;town962;116;396;town1003;141;384;town944;308;212;town996;41;472;town1025;187;101;town910;437;131;town998;80;316;town954;301;366;town930;142;264;town990;73;436;town1043



144;town1008;64;155;town1026;325;182;town1048;382;306;town920;277;163;town939;489;303;town1045;416;235;town1033
168;town902;72;203;town920;257;454;town994;131;436;town1035;236;347;town937;397;404;town1003;49;288;town933;18;95;town970;453;415;town900;451;323;town912;203;322;town1046;60;336;town968;153;160;town1038;233;61;town939;435;162;town1006;276;387;town1010
167;town985;458;443;town995;144;458;town1014;170;295;town966;333;146;town1016;183;472;town1018;441;71;town997;318;270;town961;369;367;town909;349;177;town957;160;15;town905;184;184;town951;72;269;town968;227;495;town920;405;410;town1041
153;town934;180;22;town925;478;307;town940;406;195;town970;51;384;town921;79;174;town912;353;167;town954;323;327;town1029;387;208;town956;439;37;town1015

128;town946;217;448;town903;216;167;town930

174;town997;21;288;town1022;297;466;town930;89;390;town1043;318;86;town989;68;419;town910
166;town1008;271;219;town952;298;330;town1044;216;424;town1033;190;200;town926;295;316;town1005;97;112;town1035;445;53;town981;361;460;town1017;481;259;t
151;town910;440;440;town922;358;477;town923;394;140;town983;248;161;town946;416;151;town963;425;77;town924;238;368;town1010;76;451;town979;247;41;town1018;99;175;town906;204;486;town1005;401;338;town1045;58;391;town967;35;314;town1007;250;378;town1046;103;245;town986;378;113;town949;178;145;town997;330;151;town985
126;town978;366;190;town919;59;416;town1001;471;270;town1008;234;358;town1046;210;263;town982;178;473;town1017;213;200;town932;77;446;town1039;229;129;town1028

151;town910;440;440;town922;358;477;town923;394;140;town983;248;161;town946;416;151;town963;425;77;town924;238;368;town1010;76;451;town979;247;41;town1018;99;175;town906;204;486;town1005;401;338;town1045;58;391;town967;35;314;town1007;250;378;town1046;103;245;town986;378;113;town949;178;145;town997;330;151;town985
150;town910;86;171;town962;28;109;town907;234;488;town928;202;167;town978;472;451;town1024;113;219;town950;285;388;town1045;165;217;town968;329;335;town931

154;town1004;265;119;town1038;129;165;town970;374;7;town1019;440;413;town935;157;269;town1037;245;151;town926;126;401;town918;341;131;town948;411;26;town974;279;244;town923;234;232;town999;94;498;town1028;190;62;town954;59;462;town1005
135;town988;89;264;town914;385;148;town908;2;464;town1014;388;37;town962;116;396;town1003;141;384;town944;308;212;town996;41;472;town1025;187;101;town910;437;131;town998;80;316;town954;301;366;town930;142;264;town990;73;436;town1043

166;town1008;271;219;town952;298;330;town1044;216;424;town1033;190;200;town926;295;316;town1005;97;112;town1035;445;53;town981;361;460;town1017;481;259;t
148;town993;347;210;town950;256;204;town992;155;469;town1003;162;316;town989;233;53;town1041;471;11;town969;93;3;town906;473;181;town985
148;town993;347;210;town950;256;204;town992;155;469;town1003;162;316;town989;233;53;town1041;471;11;town969;93;3;town906;473;181;town985
164;town993;6;15;town1036;492;282;town967;216;434;town941;102;173;town950;24;208;town916;486;319;town1046;364;376;town906;286;184;town977;495;266;town982;314;479;town925;99;457;town976
164;town993;6;15;town1036;492;282;town967;216;434;town941;102;173;town950;24;208;town916;486;319;town1046;364;376;town906;286;184;town977;495;266;town982;314;479;town925;99;457;town976
148;town993;347;210;town950;256;204;town992;155;469;town1003;162;316;town989;233;53;town1041;471;11;town969;93;3;town906;473;181;town985

173;town1000;393;410;town988;145;446;town917;388;154;town1011;68;224;town927;78;448;town919;399;243;town1049;196;24;town920;65;178;town932;169;317;town909;360;117;town1022;228;371;town924;256;153;town954;304;278;town933;59;479;town957;211;474;town964
149;town989;202;297;town953;182;114;town1011;419;165;town1015;344;43;town1037;427;108;town1008;214;50;town1045;114;2;town918;77;460;town993;396;24;town981;6;238;town1003

146;town906;411;297;town1027;187;97;town1034;13;322;town917;126;482;town1039;189;382;town925;381;246;town1024;129;4;to
141;town933;123;440;town997;275;204;town1006;219;482;town1019;178;240;town1039;345;306;town981;158;68;town1018;118;371;town963;85;77;town976;143;385;town941;127;342;town1035;230;178;town953;206;12;town915;77;337;town975;477;13;town956;475;465;town1030;232;128;town928;196;373;town983;245;488;town934
153;town934;180;22;town925;478;307;town940;406;195;town970;51;384;town921;79;174;town912;353;167;town954;323;327;town1029;387;208;town956;439;37;town1015

152;town1016;260;408;town1027;419;109;town991;65;333;town966;210;169;town990;395;237;town960;374;387;town1048;278;392;town988;163;367;town925
154;town1004;265;119;town1038;129;165;town970;374;7;town1019;440;413;town935;157;269;town1037;245;151;town926;126;401;town918;341;131;town948;411;26;town974;279;244;town923;234;232;town999;94;498;town1028;190;62;town954;59;462;town1005
153;town934;180;22;town925;478;307;town940;406;195;town970;51;384;town921;79;174;town912;353;167;town954;323;327;town1029;387;208;town956;439;37;town1015
131;town975;288;366;town980;425;450;town925
131;town975;288;366;town980;425;450;town925
152;town1016;260;408;town1027;419;109;town991;65;333;town966;210;169;town990;395;237;town960;374;387;town1048;278;392;town988;163;367;town925
164;town993;6;15;town1036;492;282;town967;216;434;town941;102;173;town950;24;208;town916;486;319;town1046;364;376;town906;286;184;town977;495;266;town982;314;479;town925;99;457;town976
164;town993;6;15;town1036;492;282;town967;216;434;town941;102;173;town950;24;208;town916;486;319;town1046;364;376;town906;286;184;town977;495;266;town982;314;479;town925;99;457;town976

146;town906;411;297;town1027;187;97;town1034;13;322;town917;126;482;town1039;189;382;town925;381;246;town1024;129;4;to
149;town989;202;297;town953;182;114;town1011;419;165;town1015;344;43;town1037;427;108;town1008;214;50;town1045;114;2;town918;77;460;town993;396;24;town981;6;238;town1003
162;town1017;149;45;town996;270;167;town937;67;367;town933;319;363;town1027;494;184;town973;164;15;town965;182;123;town1025;302;231;town971;53;491;town1001
146;town906;411;297;town1027;187;97;town1034;13;322;town917;126;482;town1039;189;382;town925;381;246;town1024;129;4;to
129;town1012;115;429;town932;391;192;town1014;45;60;town948;181;80;tow
129;town1012;115;429;town932;391;192;town1014;45;60;town948;181;80;tow
130;town997;494;314;town922;494;403;town1017;160;56;town985;173;253;town983;230;342;town1033
141;town933;123;440;town997;275;204;town1006;219;482;town1019;178;240;town1039;345;306;town981;158;68;town1018;118;371;town963;85;77;town976;143;385;town941;127;342;town1035;230;178;town953;206;12;town915;77;337;town975;477;13;town956;475;465;town1030;232;128;town928;196;373;town983;245;488;town934
165;town1017;248;226;town988;121;239;town909;124;122;town949;89;487;town955;272;320;town1046;364;153;town9
154;town1004;265;119;town1038;129;165;town970;374;7;town1019;440;413;town935;157;269;town1037;245;151;town926;126;401;town918;341;131;town948;411;26;town974;279;244;town923;234;232;town999;94;498;town1028;190;62;town954;59;462;town1005
172;town950;16;264;town928;5;219;town945;111;414;town957;4;430;town938;457;205;town968
141;town933;123;440;town997;275;204;town1006;219;482;town1019;178;240;town1039;345;306;town981;158;68;town1018;118;371;town963;85;77;town976;143;385;town941;127;342;town1035;230;178;town953;206;12;town915;77;337;town975;477;13;town956;475;465;town1030;232;128;town928;196;373;town983;245;488;town934

168;town902;72;203;town920;257;454;town994;131;436;town1035;236;347;town937;397;404;town1003;49;288;town933;18;95;town970;453;415;town900;451;323;town912;203;322;town1046;60;336;town968;153;160;town1038;233;61;town939;435;162;town1006;276;387;town1010
141;town933;123;440;town997;275;204;town1006;219;482;town1019;178;240;town1039;345;306;town981;158;68;town1018;118;371;town963;85;77;town976;143;385;town941;127;342;town1035;230;178;town953;206;12;town915;77;337;town975;477;13;town956;475;465;town1030;232;128;town928;196;373;town983;245;488;town934
130;town997;494;314;town922;494;403;town1017;160;56;town985;173;253;town983;230;342;town1033
164;town993;6;15;town1036;492;282;town967;216;434;town941;102;173;town950;24;208;town916;486;319;town1046;364;376;town906;286;184;town977;495;266;town982;314;479;town925;99;457;town976

130;town997;494;314;town922;494;403;town1017;160;56;town985;173;253;town983;230;342;town1033
132;town948;143;208;town1025

158;town999;356;46;town1026;409;430;town1037;260;350;town1048;209;439;town1007;55;233;town958;117;131;town903;500;329;town1049;365;18;town988;390;277;town1011;70;429;town1035;493;495;town1020;225;57;town1013;317;171;town981;13;128;town1045
168;town902;72;203;town920;257;454;town994;131;436;town1035;236;347;town937;397;404;town1003;49;288;town933;18;95;town970;453;415;town900;451;323;town912;203;322;town1046;60;336;town968;153;160;town1038;233;61;town939;435;162;town1006;276;387;town1010
148;town993;347;210;town950;256;204;town992;155;469;town1003;162;316;town989;233;53;town1041;471;11;town969;93;3;town906;473;181;town985
172;town950;16;264;town928;5;219;town945;111;414;town957;4;430;town938;457;205;town968
143;town948;318;23;town929;11;205;town960;261;286;town1026;131;71;town901;474;244;town956;150;497;town973;275;387;town1016;401;138;town934;482;339;town1045;269;186;town903;302;166;town970;444;382;town1046;363;349;town996;163;21;town1003
127;town949;39;497;town1018;376;488;town966;59;301;town972;100;398;town921;357;474;town974;358;285;town1046;380;153;town957;422;262;town954;431;159;town923;339;495;town934;145;166;town984;163;431;town960
141;town933;123;440;town997;275;204;town1006;219;482;town1019;178;240;town1039;345;306;town981;158;68;town1018;118;371;town963;85;77;town976;143;385;town941;127;342;town1035;230;178;town953;206;12;town915;77;337;town975;477;13;town956;475;465;town1030;232;128;town928;196;373;town983;245;488;town934
143;town948;318;23;town929;11;205;town960;261;286;town1026;131;71;town901;474;244;town956;150;497;town973;275;387;town1016;401;138;town934;482;339;town1045;269;186;town903;302;166;town970;444;382;town1046;363;349;town996;163;21;town1003

165;town1017;248;226;town988;121;239;town909;124;122;town949;89;487;town955;272;320;town1046;364;153;town9
165;town1017;248;226;town988;121;239;town909;124;122;town949;89;487;town955;272;320;town1046;364;153;town9
149;town989;202;297;town953;182;114;town1011;419;165;town1015;344;43;town1037;427;108;town1008;214;50;town1045;114;2;town918;77;460;town993;396;24;town981;6;238;town1003
170;town1040;51;368;town1024;87;322;town1026;217;107;town943;137;500;town959;62;163;town1001;337;312;town980
149;town989;202;297;town953;182;114;town1011;419;165;town1015;344;43;town1037;427;108;town1008;214;50;town1045;114;2;town918;77;460;town993;396;24;town981;6;238;town1003
151;town910;440;440;town922;358;477;town923;394;140;town983;248;161;town946;416;151;town963;425;77;town924;238;368;town1010;76;451;town979;247;41;town1018;99;175;town906;204;486;town1005;401;338;town1045;58;391;town967;35;314;town1007;250;378;town1046;103;245;town986;378;113;town949;178;145;town997;330;151;town985
143;town948;318;23;town929;11;205;town960;261;286;town1026;131;71;town901;474;244;town956;150;497;town973;275;387;town1016;401;138;town934;482;339;town1045;269;186;town903;302;166;town970;444;382;town1046;363;349;town996;163;21;town1003
174;town997;21;288;town1022;297;466;town930;89;390;town1043;318;86;town989;68;419;town910
128;town946;217;448;town903;216;167;town930

137;town967;90;76;town907;255;83;town985;58;489;town935;107;323;town1042;218;55;town964;65;94;town1041;473;369;town913;450;485;town1013;24;420;town1038;330;402;town1005;58;490;town909
166;town1008;271;219;town952;298;330;town1044;216;424;town1033;190;200;town926;295;316;town1005;97;112;town1035;445;53;town981;361;460;town1017;481;259;t
153;town934;180;22;town925;478;307;town940;406;195;town970;51;384;town921;79;174;town912;353;167;town954;323;327;town1029;387;208;town956;439;37;town1015
167;town985;458;443;town995;144;458;town1014;170;295;town966;333;146;town1016;183;472;town1018;441;71;town997;318;270;town961;369;367;town909;349;177;town957;160;15;town905;184;184;town951;72;269;town968;227;495;town920;405;410;town1041
143;town948;318;23;town929;11;205;town960;261;286;town1026;131;71;town901;474;244;town956;150;497;town973;275;387;town1016;401;138;town934;482;339;town1045;269;186;town903;302;166;town970;444;382;town1046;363;349;town996;163;21;town1003
134;town982;329;148;town980;87;190;town950;276;27;town937;407;356;town906;91;413;town1023;140;12;town1004;275;163;town949;257;17;town999;482;454;town1017;199;394;town992;87;20;town1049;497;43;town936;411;212;town985
126;town978;366;190;town919;59;416;town1001;471;270;town1008;234;358;town1046;210;263;town982;178;473;town1017;213;200;town932;77;446;town1039;229;129;town1028
165;town1017;248;226;town988;121;239;town909;124;122;town949;89;487;town955;272;320;town1046;364;153;town9
161;town937;215;254;town1009
160;town1005;146;414;town937;405;58;town1047;457;322;town965;194;310;town1039;45;290;town945;401;88;town925;480;254;town955;155;160;town
130;town997;494;314;town922;494;403;town1017;160;56;town985;173;253;town983;230;342;town1033
148;town993;347;210;town950;256;204;town992;155;469;town1003;162;316;town989;233;53;town1041;471;11;town969;93;3;town906;473;181;town985
173;town1000;393;410;town988;145;446;town917;388;154;town1011;68;224;town927;78;448;town919;399;243;town1049;196;24;town920;65;178;town932;169;317;town909;360;117;town1022;228;371;town924;256;153;town954;304;278;town933;59;479;town957;211;474;town964
164;town993;6;15;town1036;492;282;town967;216;434;town941;102;173;town950;24;208;town916;486;319;town1046;364;376;town906;286;184;town977;495;266;town982;314;479;town925;99;457;town976

173;town1000;393;410;town988;145;446;town917;388;154;town1011;68;224;town927;78;448;town919;399;243;town1049;196;24;town920;65;178;town932;169;317;town909;360;117;town1022;228;371;town924;256;153;town954;304;278;town933;59;479;town957;211;474;town964
161;town937;215;254;town1009
162;town1017;149;45;town996;270;167;town937;67;367;town933;319;363;town1027;494;184;town973;164;15;town965;182;123;town1025;302;231;town971;53;491;town1001
