ERROR 3
ERROR 4
ERROR 5
ERROR 6
ERROR 7
ERROR 10
ERROR 11
ERROR 12
ERROR 14
ERROR 16
ERROR 17
ERROR 19
ERROR 20
ERROR 21
ERROR 23
ERROR 25
ERROR 28
ERROR 29
ERROR 32
ERROR 33
ERROR 35
ERROR 36
ERROR 37
ERROR 38
ERROR 40
ERROR 44
ERROR 45
ERROR 47
ERROR 49
ERROR 50
ERROR 52
ERROR 53
ERROR 55
ERROR 58
ERROR 59
ERROR 60
ERROR 64
ERROR 65
ERROR 66
ERROR 67
ERROR 73
ERROR 75
ERROR 76
ERROR 78
ERROR 79
ERROR 82
ERROR 83
ERROR 84
ERROR 85
ERROR 87
ERROR 89
ERROR 90
ERROR 91
ERROR 93
ERROR 96
ERROR 97
ERROR 102
ERROR 103
ERROR 104
ERROR 106
ERROR 107
ERROR 108
ERROR 111
ERROR 112
ERROR 113
ERROR 115
ERROR 116
ERROR 117
ERROR 118
ERROR 119
ERROR 121
ERROR 123
ERROR 124
ERROR 126
ERROR 128
ERROR 131
ERROR 134
ERROR 135
ERROR 138
ERROR 139
ERROR 140
ERROR 142
ERROR 143
ERROR 144
ERROR 146
ERROR 149
ERROR 150
ERROR 152
ERROR 154
ERROR 155
ERROR 158
ERROR 161
ERROR 162
ERROR 163
ERROR 164
ERROR 165
ERROR 166
ERROR 168
ERROR 169
ERROR 174
ERROR 178
ERROR 180
ERROR 181
ERROR 182
ERROR 184
ERROR 187
ERROR 188
ERROR 190
ERROR 191
ERROR 192
ERROR 193
ERROR 194
ERROR 195
ERROR 196
ERROR 197
ERROR 201
ERROR 203
ERROR 205
ERROR 206
ERROR 212
ERROR 213
ERROR 214
ERROR 215
ERROR 216
ERROR 217
ERROR 218
ERROR 219
ERROR 222
ERROR 223
ERROR 224
ERROR 225
ERROR 228
ERROR 229
ERROR 230
ERROR 231
ERROR 236
ERROR 237
ERROR 238
ERROR 239
ERROR 241
ERROR 243
ERROR 244
ERROR 246
ERROR 252
ERROR 254
ERROR 256
ERROR 258
ERROR 259
ERROR 260
ERROR 261
ERROR 262
ERROR 263
ERROR 264
ERROR 269
ERROR 270
ERROR 273
ERROR 275
ERROR 276
ERROR 277
ERROR 278
ERROR 279
ERROR 280
ERROR 282
ERROR 285
ERROR 286
ERROR 287
ERROR 290
ERROR 292
ERROR 294
ERROR 298
ERROR 302
ERROR 303
ERROR 307
ERROR 309
ERROR 310
ERROR 311
ERROR 312
ERROR 314
ERROR 315
ERROR 316
ERROR 317
ERROR 318
ERROR 319
ERROR 320
ERROR 321
ERROR 324
ERROR 325
ERROR 327
ERROR 328
ERROR 329
ERROR 331
ERROR 332
ERROR 336
ERROR 337
ERROR 338
ERROR 339
ERROR 342
ERROR 344
ERROR 345
ERROR 347
ERROR 348
ERROR 349
ERROR 350
ERROR 351
ERROR 352
ERROR 353
ERROR 354
ERROR 355
ERROR 357
ERROR 358
ERROR 360
ERROR 361
ERROR 362
ERROR 364
ERROR 366
ERROR 367
ERROR 368
ERROR 369
ERROR 373
ERROR 376
ERROR 379
ERROR 380
ERROR 383
ERROR 385
ERROR 388
ERROR 390
ERROR 391
ERROR 392
ERROR 393
ERROR 395
ERROR 397
ERROR 398
ERROR 403
ERROR 406
ERROR 408
ERROR 410
ERROR 411
ERROR 412
ERROR 413
ERROR 414
ERROR 415
ERROR 421
ERROR 422
ERROR 424
ERROR 425
ERROR 426
ERROR 427
ERROR 428
ERROR 429
ERROR 430
ERROR 431
ERROR 433
ERROR 434
ERROR 436
ERROR 437
ERROR 438
ERROR 439
ERROR 440
ERROR 441
ERROR 442
ERROR 443
ERROR 444
ERROR 446
ERROR 451
ERROR 452
ERROR 453
ERROR 454
ERROR 455
ERROR 456
ERROR 460
ERROR 462
ERROR 464
ERROR 465
ERROR 466
ERROR 467
ERROR 468
ERROR 470
ERROR 471
ERROR 472
ERROR 473
ERROR 474
ERROR 476
ERROR 477
ERROR 478
ERROR 479
ERROR 481
ERROR 483
ERROR 484
ERROR 485
ERROR 486
ERROR 488
ERROR 489
ERROR 490
ERROR 492
ERROR 493
ERROR 495
ERROR 496
ERROR 497
ERROR 498
ERROR 499
ERROR 500
ERROR 501
ERROR 503
ERROR 504
ERROR 507
ERROR 508
ERROR 509
ERROR 510
ERROR 511
ERROR 513
ERROR 514
ERROR 515
ERROR 517
ERROR 519
ERROR 520
ERROR 521
ERROR 524
ERROR 527
ERROR 528
ERROR 529
ERROR 532
ERROR 534
ERROR 539
ERROR 540
ERROR 541
ERROR 543
ERROR 546
ERROR 547
ERROR 549
ERROR 550
ERROR 551
ERROR 557
ERROR 558
ERROR 560
ERROR 561
ERROR 563
ERROR 564
ERROR 565
ERROR 567
ERROR 568
ERROR 569
ERROR 570
ERROR 571
ERROR 572
ERROR 574
ERROR 575
ERROR 577
ERROR 578
ERROR 579
ERROR 580
ERROR 581
ERROR 582
ERROR 583
ERROR 584
ERROR 585
ERROR 586
ERROR 587
ERROR 588
ERROR 590
ERROR 591
ERROR 592
ERROR 593
ERROR 595
ERROR 596
ERROR 597
ERROR 598
ERROR 599
ERROR 602
ERROR 603
ERROR 604
ERROR 606
ERROR 607
ERROR 608
ERROR 609
ERROR 610
ERROR 611
ERROR 613
ERROR 614
ERROR 616
ERROR 617
ERROR 620
ERROR 621
ERROR 622
ERROR 623
ERROR 624
ERROR 625
ERROR 626
ERROR 627
ERROR 628
ERROR 629
ERROR 630
ERROR 631
ERROR 632
ERROR 633
ERROR 634
ERROR 635
ERROR 637
ERROR 638
ERROR 640
ERROR 643
ERROR 646
ERROR 648
ERROR 649
ERROR 650
ERROR 654
ERROR 655
ERROR 656
ERROR 658
ERROR 660
ERROR 661
ERROR 662
ERROR 663
ERROR 664
ERROR 665
ERROR 666
ERROR 667
ERROR 668
ERROR 669
ERROR 670
ERROR 673
ERROR 674
ERROR 675
ERROR 676
ERROR 678
ERROR 679
ERROR 680
ERROR 682
ERROR 683
ERROR 685
ERROR 686
ERROR 687
ERROR 688
ERROR 689
ERROR 690
ERROR 691
ERROR 693
ERROR 694
ERROR 696
ERROR 697
ERROR 698
ERROR 699
ERROR 702
ERROR 703
ERROR 705
ERROR 706
ERROR 711
ERROR 712
ERROR 715
ERROR 716
ERROR 717
ERROR 721
ERROR 723
ERROR 725
ERROR 726
ERROR 727
ERROR 729
ERROR 730
ERROR 732
ERROR 733
ERROR 734
ERROR 735
ERROR 737
ERROR 738
ERROR 739
ERROR 740
ERROR 743
ERROR 745
ERROR 746
ERROR 748
ERROR 749
ERROR 751
ERROR 752
ERROR 753
ERROR 758
ERROR 759
ERROR 760
ERROR 761
ERROR 762
ERROR 763
ERROR 764
ERROR 765
ERROR 766
ERROR 768
ERROR 770
ERROR 772
ERROR 773
ERROR 774
ERROR 775
ERROR 776
ERROR 777
ERROR 779
ERROR 780
ERROR 782
ERROR 783
ERROR 784
ERROR 785
ERROR 786
ERROR 788
ERROR 789
ERROR 790
ERROR 792
ERROR 795
ERROR 796
ERROR 797
ERROR 798
ERROR 799
ERROR 800
ERROR 801
ERROR 802
ERROR 803
ERROR 805
ERROR 806
ERROR 807
ERROR 808
ERROR 809
ERROR 810
ERROR 811
ERROR 814
ERROR 816
ERROR 817
ERROR 818
ERROR 819
ERROR 820
ERROR 821
ERROR 823
ERROR 824
ERROR 826
ERROR 828
ERROR 829
ERROR 830
ERROR 831
ERROR 834
ERROR 835
ERROR 836
ERROR 837
ERROR 838
ERROR 839
ERROR 840
ERROR 842
ERROR 843
ERROR 845
ERROR 846
ERROR 847
ERROR 848
ERROR 849
ERROR 850
ERROR 851
ERROR 852
ERROR 853
ERROR 855
ERROR 856
ERROR 858
ERROR 859
ERROR 860
ERROR 863
ERROR 864
ERROR 865
ERROR 866
ERROR 867
ERROR 868
ERROR 869
ERROR 870
ERROR 872
ERROR 874
ERROR 875
ERROR 878
ERROR 879
ERROR 880
ERROR 881
ERROR 882
ERROR 884
ERROR 885
ERROR 886
ERROR 890
ERROR 891
ERROR 892
ERROR 893
ERROR 895
ERROR 896
ERROR 898
ERROR 899
ERROR 900
ERROR 901
ERROR 904
ERROR 905
ERROR 906
ERROR 907
ERROR 908
ERROR 909
ERROR 910
ERROR 912
ERROR 913
ERROR 914
ERROR 916
ERROR 917
ERROR 918
ERROR 920
ERROR 921
ERROR 924
ERROR 925
ERROR 926
ERROR 927
ERROR 928
ERROR 929
ERROR 931
