ERROR 4
ERROR 7
ERROR 8
ERROR 10
ERROR 11
ERROR 12
ERROR 13
ERROR 15
ERROR 16
ERROR 20
ERROR 22
ERROR 25
ERROR 26
ERROR 28
ERROR 31
ERROR 32
ERROR 33
ERROR 36
ERROR 39
ERROR 40
ERROR 42
ERROR 47
ERROR 48
ERROR 50
ERROR 51
ERROR 53
ERROR 55
ERROR 56
ERROR 57
ERROR 58
ERROR 59
ERROR 62
ERROR 64
ERROR 65
ERROR 66
ERROR 67
ERROR 68
ERROR 70
ERROR 71
ERROR 73
ERROR 74
ERROR 76
ERROR 77
ERROR 78
ERROR 79
ERROR 82
ERROR 83
ERROR 88
ERROR 89
ERROR 91
ERROR 92
ERROR 93
ERROR 94
ERROR 95
ERROR 96
ERROR 97
ERROR 99
ERROR 100
ERROR 101
ERROR 103
ERROR 105
ERROR 106
ERROR 108
ERROR 111
ERROR 112
ERROR 113
ERROR 114
ERROR 116
ERROR 117
ERROR 122
ERROR 123
ERROR 124
ERROR 125
ERROR 126
ERROR 127
ERROR 129
ERROR 131
ERROR 134
ERROR 135
ERROR 136
ERROR 138
ERROR 139
ERROR 141
ERROR 142
ERROR 143
ERROR 144
ERROR 146
ERROR 147
ERROR 148
ERROR 150
ERROR 151
ERROR 152
ERROR 153
ERROR 154
ERROR 155
ERROR 157
ERROR 159
ERROR 160
ERROR 161
ERROR 162
ERROR 163
ERROR 164
ERROR 165
ERROR 166
ERROR 167
ERROR 168
ERROR 169
ERROR 173
ERROR 174
ERROR 176
ERROR 177
ERROR 179
ERROR 180
ERROR 181
ERROR 182
ERROR 183
ERROR 185
ERROR 189
ERROR 190
ERROR 191
ERROR 195
ERROR 196
ERROR 197
ERROR 198
ERROR 202
ERROR 203
ERROR 206
ERROR 207
ERROR 208
ERROR 210
ERROR 211
ERROR 213
ERROR 214
ERROR 216
ERROR 217
ERROR 218
ERROR 221
ERROR 223
ERROR 224
ERROR 225
ERROR 226
ERROR 227
ERROR 228
ERROR 229
ERROR 230
ERROR 232
ERROR 233
ERROR 234
ERROR 235
ERROR 236
ERROR 238
ERROR 239
ERROR 240
ERROR 241
ERROR 243
ERROR 245
ERROR 246
ERROR 247
ERROR 249
ERROR 250
ERROR 251
ERROR 252
ERROR 253
ERROR 255
ERROR 256
ERROR 258
ERROR 261
ERROR 262
ERROR 263
ERROR 264
ERROR 266
ERROR 267
ERROR 270
ERROR 271
ERROR 272
ERROR 273
ERROR 277
ERROR 278
ERROR 279
ERROR 280
ERROR 281
ERROR 282
ERROR 283
ERROR 284
ERROR 285
ERROR 287
ERROR 289
ERROR 290
ERROR 292
ERROR 299
ERROR 301
ERROR 302
ERROR 303
ERROR 304
ERROR 308
ERROR 309
ERROR 311
ERROR 312
ERROR 313
ERROR 316
ERROR 318
ERROR 319
ERROR 321
ERROR 322
ERROR 323
ERROR 324
ERROR 325
ERROR 326
ERROR 327
ERROR 329
ERROR 330
ERROR 331
ERROR 332
ERROR 335
ERROR 336
ERROR 337
ERROR 338
ERROR 339
ERROR 340
ERROR 343
ERROR 344
ERROR 345
ERROR 346
ERROR 348
ERROR 349
ERROR 350
ERROR 351
ERROR 352
ERROR 353
ERROR 354
ERROR 355
ERROR 356
ERROR 357
ERROR 358
ERROR 360
ERROR 362
ERROR 363
ERROR 366
ERROR 367
ERROR 368
ERROR 369
ERROR 371
ERROR 372
ERROR 374
ERROR 375
ERROR 377
ERROR 380
ERROR 382
ERROR 385
ERROR 386
ERROR 387
ERROR 388
ERROR 389
ERROR 390
ERROR 391
ERROR 392
ERROR 393
ERROR 394
ERROR 396
ERROR 397
ERROR 399
ERROR 400
ERROR 401
ERROR 402
ERROR 407
ERROR 408
ERROR 409
ERROR 410
ERROR 411
ERROR 413
ERROR 414
ERROR 416
ERROR 417
ERROR 418
ERROR 419
ERROR 420
ERROR 421
ERROR 422
ERROR 424
ERROR 426
ERROR 428
ERROR 431
ERROR 432
ERROR 433
ERROR 434
ERROR 435
ERROR 436
ERROR 440
ERROR 442
ERROR 443
ERROR 444
ERROR 445
ERROR 446
ERROR 449
ERROR 450
ERROR 451
ERROR 452
ERROR 453
ERROR 455
ERROR 456
ERROR 457
ERROR 458
ERROR 459
ERROR 462
ERROR 463
ERROR 464
ERROR 465
ERROR 467
ERROR 468
ERROR 470
ERROR 471
ERROR 472
ERROR 475
ERROR 479
ERROR 481
ERROR 484
ERROR 485
ERROR 486
ERROR 487
ERROR 488
ERROR 489
ERROR 490
ERROR 492
ERROR 493
ERROR 494
ERROR 495
ERROR 496
ERROR 497
ERROR 498
ERROR 499
ERROR 500
ERROR 503
ERROR 507
ERROR 508
ERROR 509
ERROR 511
ERROR 512
ERROR 513
ERROR 514
ERROR 517
ERROR 518
ERROR 519
ERROR 520
ERROR 521
ERROR 522
ERROR 523
ERROR 526
ERROR 528
ERROR 529
ERROR 531
ERROR 532
ERROR 533
ERROR 534
ERROR 535
ERROR 537
ERROR 538
ERROR 539
ERROR 540
ERROR 541
ERROR 542
ERROR 543
ERROR 544
ERROR 546
ERROR 547
ERROR 548
ERROR 549
ERROR 550
ERROR 551
ERROR 552
ERROR 554
ERROR 558
ERROR 559
ERROR 560
ERROR 561
ERROR 562
ERROR 563
ERROR 566
ERROR 568
ERROR 569
ERROR 571
ERROR 573
ERROR 574
ERROR 576
ERROR 579
ERROR 580
ERROR 581
ERROR 583
ERROR 584
ERROR 585
ERROR 586
ERROR 588
ERROR 591
ERROR 593
ERROR 595
ERROR 596
ERROR 597
ERROR 598
ERROR 599
ERROR 601
ERROR 602
ERROR 603
ERROR 604
ERROR 605
ERROR 606
ERROR 607
ERROR 609
ERROR 610
ERROR 611
ERROR 613
ERROR 614
ERROR 615
ERROR 616
ERROR 619
ERROR 620
ERROR 621
ERROR 623
ERROR 624
ERROR 625
ERROR 626
ERROR 627
ERROR 628
ERROR 630
ERROR 631
ERROR 635
ERROR 636
ERROR 637
ERROR 639
ERROR 640
ERROR 641
ERROR 642
ERROR 643
ERROR 644
ERROR 647
ERROR 648
ERROR 649
ERROR 650
ERROR 651
ERROR 653
ERROR 654
ERROR 658
ERROR 659
ERROR 660
ERROR 661
ERROR 662
ERROR 663
ERROR 664
ERROR 665
ERROR 667
ERROR 668
ERROR 669
ERROR 670
ERROR 671
ERROR 672
ERROR 673
ERROR 675
ERROR 676
ERROR 677
ERROR 678
ERROR 679
ERROR 681
ERROR 682
ERROR 685
ERROR 686
ERROR 687
ERROR 689
ERROR 690
ERROR 691
ERROR 692
ERROR 695
ERROR 698
ERROR 699
ERROR 700
ERROR 701
ERROR 702
ERROR 703
ERROR 704
ERROR 706
ERROR 707
ERROR 708
ERROR 709
ERROR 710
ERROR 711
ERROR 713
ERROR 714
ERROR 715
ERROR 716
ERROR 718
ERROR 719
ERROR 721
ERROR 722
ERROR 723
ERROR 725
ERROR 726
ERROR 729
ERROR 730
ERROR 733
ERROR 734
ERROR 735
ERROR 736
ERROR 737
ERROR 738
ERROR 741
ERROR 745
ERROR 746
ERROR 750
ERROR 752
ERROR 753
ERROR 756
ERROR 759
ERROR 760
ERROR 761
ERROR 765
ERROR 767
ERROR 770
ERROR 772
ERROR 773
ERROR 774
ERROR 775
ERROR 777
ERROR 778
ERROR 780
ERROR 782
ERROR 784
ERROR 786
ERROR 787
ERROR 788
ERROR 789
ERROR 791
ERROR 792
ERROR 793
ERROR 794
ERROR 795
ERROR 798
ERROR 801
ERROR 803
ERROR 804
ERROR 805
ERROR 806
ERROR 807
ERROR 808
ERROR 809
ERROR 811
ERROR 813
ERROR 815
ERROR 816
ERROR 817
ERROR 818
ERROR 819
ERROR 823
ERROR 824
ERROR 825
ERROR 827
ERROR 828
ERROR 829
ERROR 830
ERROR 831
ERROR 832
ERROR 833
ERROR 834
ERROR 839
ERROR 840
ERROR 841
ERROR 842
ERROR 843
ERROR 844
ERROR 845
ERROR 847
ERROR 848
ERROR 849
ERROR 850
ERROR 851
ERROR 852
ERROR 854
ERROR 855
ERROR 856
ERROR 859
ERROR 860
ERROR 862
ERROR 865
ERROR 866
ERROR 867
ERROR 872
ERROR 873
ERROR 874
ERROR 875
ERROR 876
ERROR 877
ERROR 878
ERROR 879
ERROR 880
ERROR 881
ERROR 882
ERROR 884
ERROR 887
ERROR 888
ERROR 889
ERROR 891
ERROR 892
ERROR 893
ERROR 894
ERROR 895
ERROR 896
ERROR 897
ERROR 899
ERROR 900
ERROR 901
ERROR 902
ERROR 904
ERROR 905
ERROR 909
ERROR 910
ERROR 912
ERROR 913
ERROR 914
ERROR 916
ERROR 917
ERROR 921
ERROR 922
ERROR 923
ERROR 924
ERROR 925
ERROR 926
ERROR 927
ERROR 930
ERROR 935
ERROR 936
ERROR 937
ERROR 938
ERROR 940
ERROR 941
ERROR 942
ERROR 945
ERROR 947
ERROR 948
ERROR 949
ERROR 950
ERROR 952
ERROR 953
ERROR 956
ERROR 957
ERROR 958
ERROR 960
ERROR 961
ERROR 962
ERROR 963
ERROR 965
ERROR 967
ERROR 969
ERROR 970
ERROR 971
ERROR 973
ERROR 974
ERROR 975
ERROR 976
ERROR 977
ERROR 979
ERROR 980
ERROR 981
ERROR 982
ERROR 983
ERROR 984
ERROR 985
ERROR 986
ERROR 987
ERROR 990
ERROR 993
ERROR 994
ERROR 995
ERROR 998
ERROR 999
ERROR 1000
ERROR 1001
ERROR 1002
ERROR 1003
ERROR 1005
ERROR 1006
ERROR 1007
ERROR 1010
ERROR 1011
ERROR 1012
ERROR 1014
ERROR 1015
ERROR 1016
ERROR 1017
ERROR 1019
ERROR 1021
ERROR 1022
ERROR 1023
ERROR 1024
ERROR 1025
ERROR 1026
ERROR 1027
ERROR 1029
ERROR 1030
ERROR 1031
ERROR 1032
ERROR 1035
ERROR 1036
ERROR 1038
ERROR 1041
ERROR 1042
ERROR 1043
ERROR 1045
ERROR 1046
ERROR 1047
ERROR 1048
ERROR 1049
ERROR 1050
ERROR 1052
ERROR 1053
ERROR 1054
ERROR 1055
ERROR 1057
ERROR 1058
ERROR 1060
ERROR 1061
ERROR 1062
ERROR 1063
ERROR 1065
ERROR 1066
ERROR 1067
ERROR 1068
ERROR 1069
ERROR 1070
ERROR 1072
ERROR 1073
ERROR 1074
ERROR 1075
ERROR 1076
ERROR 1077
ERROR 1078
ERROR 1079
ERROR 1080
ERROR 1082
ERROR 1083
ERROR 1085
ERROR 1086
ERROR 1089
ERROR 1090
ERROR 1091
ERROR 1092
ERROR 1093
ERROR 1094
ERROR 1095
ERROR 1096
ERROR 1097
ERROR 1101
ERROR 1105
ERROR 1106
ERROR 1107
ERROR 1108
ERROR 1109
ERROR 1110
ERROR 1112
ERROR 1113
ERROR 1114
ERROR 1115
ERROR 1116
ERROR 1117
ERROR 1119
ERROR 1121
ERROR 1122
ERROR 1124
ERROR 1125
ERROR 1127
ERROR 1129
ERROR 1130
ERROR 1131
ERROR 1132
ERROR 1134
ERROR 1135
ERROR 1137
ERROR 1138
ERROR 1140
ERROR 1141
ERROR 1142
ERROR 1143
ERROR 1144
ERROR 1147
ERROR 1148
ERROR 1149
ERROR 1150
ERROR 1151
ERROR 1152
ERROR 1153
ERROR 1154
ERROR 1155
ERROR 1156
ERROR 1157
ERROR 1158
ERROR 1159
ERROR 1161
ERROR 1162
ERROR 1163
ERROR 1165
ERROR 1166
ERROR 1167
ERROR 1168
ERROR 1169
ERROR 1170
ERROR 1171
ERROR 1172
ERROR 1173
ERROR 1174
ERROR 1175
ERROR 1178
ERROR 1179
ERROR 1180
ERROR 1181
ERROR 1182
ERROR 1183
ERROR 1185
ERROR 1186
ERROR 1189
ERROR 1190
ERROR 1191
ERROR 1192
ERROR 1194
ERROR 1195
ERROR 1196
ERROR 1197
ERROR 1198
ERROR 1199
ERROR 1200
ERROR 1201
ERROR 1202
ERROR 1203
ERROR 1204
ERROR 1205
