










133;town987;292;314;town1021;493;37;town982;243;485;town991;269;264;town906;128;447;town1005;467;477;town915;75;290;town979;185;301;town996;251;71;town930;355;443;town978;131;316;town928;196;348;town1044;91;95;town1026;2;447;town905;368;250;town903;373;372;town1015



155;town1008;427;229;town1044;155;42;town1033;414;199;town913;325;152;town930;199;44;town1017;13;138;town940;477;396;town1031;283;32;town963;294;390;town1019;288;81;town916;489;39;town958;45;244;town1012;374;465;town1034;466;321;town932








136;town933;70;149;town932;200;93;town941;195;234;town942;211;141;town10







159;town984;94;339;tow



169;town1042;341;69;town996;340;48;town976;264;321;town909;401;200;town1011;204;8;town1027;211;465;town1002;478;8;town910;101;450;town1012;212;69;town990;425;99;town946;253;100;town998;428;200;town981;335;57;town1047;84;313;town939


161;town929;178;172;town932;339;139;town1009;189;366;town1034;206;384;town966;83;183;town945;215;449;town902;13;123;town1011;149;169;town1013


145;town1010;473;25;town1003;267;41;town974;158;279;town939;371;139;town991;318;119;town1026;341;16;town981;80;68;town1002;20;8;town1024;285;21;town1030;135;94;town1012;46;438;town947;65;267;town933;193;377;town988
152;town1015;36;430;town938;276;36;town1008;345;182;town985
164;town1016;150;287;town1027
160;town943;125;91;town913
125;town927;438;365;town964;20;78;town1011;489;343;town907;178;158;town1044;405;462;town989;301;218;town1019;255;227;town1005;289;424;town998;405;87;town953;130;430;town956;363;81;town1020
159;town984;94;339;tow
166;town1008;372;15;town908;255;277;town
160;town943;125;91;town913
173;town929;91;258;town907;214;413;town911;232;248;town1033;350;109;town974;450;262;town957;380;144;town960;273;135;town933;20;346;town1016;114;155;town906;481;103;town924;130;106;town914;438;413;town945;375;456;town9

137;town960;435;352;town972;11;281;town932;267;378;town1024;236;393;town970;283;127;town920;471;431;town1037;172;50;town950;325;227;town993;50;108;town978;418;18;town927;17;484;town922;393;156;town964;239;255;town977;385;30;town967;253;221;town995;443;113;town934;299;304;town1045

145;town1010;473;25;town1003;267;41;town974;158;279;town939;371;139;town991;318;119;town1026;341;16;town981;80;68;town1002;20;8;town1024;285;21;town1030;135;94;town1012;46;438;town947;65;267;town933;193;377;town988
172;town940;323;445;town919;138;338;town980;140;68;town1023;494;142;town1024
150;town922;134;323;t

153;town943;334;363;town1005;250;169;town988;219;392;town990;104;380;town972;423;291;town1038;271;426;town975

152;town1015;36;430;town938;276;36;town1008;345;182;town985
166;town1008;372;15;town908;255;277;town
158;town952;291;183;town900;447;230;town983;19;432;town999;306;76;town942;87;453;town1002;176;423;town967;134;223;town1041;3;169;town932;135;185;town901;87;321;town990;338;281;town918;187;297;town944;68;290;town947;481;65;town1040;428;303;town972;131;329;town920;320;420;town958
169;town1042;341;69;town996;340;48;town976;264;321;town909;401;200;town1011;204;8;town1027;211;465;town1002;478;8;town910;101;450;town1012;212;69;town990;425;99;town946;253;100;town998;428;200;town981;335;57;town1047;84;313;town939
133;town987;292;314;town1021;493;37;town982;243;485;town991;269;264;town906;128;447;town1005;467;477;town915;75;290;town979;185;301;town996;251;71;town930;355;443;town978;131;316;town928;196;348;town1044;91;95;town1026;2;447;town905;368;250;town903;373;372;town1015

143;town1003;412;194;town900;437;164;town955;130;86;town1039;455;220;town1031
139;town950;402;209;town967;6;220;town976;25;433;town999;17;308;town1017;331;235;town978;175;338;town1002;206;6;town951;487;155;town1033
131;town910;368;440;town959


134;town1003;488;72;town966;318;128;town930;219;185;town935;201;191;town901;452;103;town912;385;466;town1024;159;66;town1025;170;496;town965;271;93;town1009;296;355;t
145;town1010;473;25;town1003;267;41;town974;158;279;town939;371;139;town991;318;119;town1026;341;16;town981;80;68;town1002;20;8;town1024;285;21;town1030;135;94;town1012;46;438;town947;65;267;town933;193;377;town988
129;town1024;431;477;town1034;276;106;town919;69;170;town1026;36;332;town961;482;462;town915;45;200;town908;260;436;town916;41;235;town917;477;146;town1002;99;66;town1011;142;325;town980;14;122;town985


126;town1039;500;327;town1002;245;488;town1042;397;76;town934;4;302;town991;146;440;town1048;438;368;town1015;230;147;town957;232;360;town1028;242;120;town966;431;227;town1019;168;334;town1012;460;172;town922;492;364;town1004;277;161;town987;209;405;town949;470;223;town1043
144;town949;276;68;town1007;484;2;town900
169;town1042;341;69;town996;340;48;town976;264;321;town909;401;200;town1011;204;8;town1027;211;465;town1002;478;8;town910;101;450;town1012;212;69;town990;425;99;town946;253;100;town998;428;200;town981;335;57;town1047;84;313;town939
132;town900;70;402;town1019;71;71;town1041;365;395;town1013;118;319;town958;483;460;town1045;337;13;town1001;2;12;town935
150;town922;134;323;t
147;town911;187;257;town987;11;98;town902;442;203;town1030;95;408;town1015;142;140;town1042;412;52;town912;308;432;town927;57;437;town967;91;369;town1026;57;156;town993;411;236;town1027;499;482;town928;332;408;town985;32;75;town923;195;40;town1020;458;367;town918;246;390;town1006;24;61;town932;167;202;town1025
157;town964;401;420;town951;282;361;town932;266;115;town1049;459;158;town980;358;188;town947;491;276;town1007;222;2;town984;76;167;town930;307;421;town1009;135;181;town935;421;66;town956;94;80;town918;480;32;town975;31;375;town928
155;town1008;427;229;town1044;155;42;town1033;414;199;town913;325;152;town930;199;44;town1017;13;138;town940;477;396;town1031;283;32;town963;294;390;town1019;288;81;town916;489;39;town958;45;244;town1012;374;465;town1034;466;321;town932



165;town1048;42;120;town971;371;201;town920;28;262;town919;89;414;town951;134;146;town942;266;481;town1025;90;53;town1031;500;96;town950;44;197;town1007;293;165;town992;103;244;town913;487;485;town947;239;413;town910;276;351;town902;91;13;town1028
166;town1008;372;15;town908;255;277;town
153;town943;334;363;town1005;250;169;town988;219;392;town990;104;380;town972;423;291;town1038;271;426;town975
141;town927;13;35;town1007;166;381;town1013
173;town929;91;258;town907;214;413;town911;232;248;town1033;350;109;town974;450;262;town957;380;144;town960;273;135;town933;20;346;town1016;114;155;town906;481;103;town924;130;106;town914;438;413;town945;375;456;town9
134;town1003;488;72;town966;318;128;town930;219;185;town935;201;191;town901;452;103;town912;385;466;town1024;159;66;town1025;170;496;town965;271;93;town1009;296;355;t
153;town943;334;363;town1005;250;169;town988;219;392;town990;104;380;town972;423;291;town1038;271;426;town975
169;town1042;341;69;town996;340;48;town976;264;321;town909;401;200;town1011;204;8;town1027;211;465;town1002;478;8;town910;101;450;town1012;212;69;town990;425;99;town946;253;100;town998;428;200;town981;335;57;town1047;84;313;town939
145;town1010;473;25;town1003;267;41;town974;158;279;town939;371;139;town991;318;119;town1026;341;16;town981;80;68;town1002;20;8;town1024;285;21;town1030;135;94;town1012;46;438;town947;65;267;town933;193;377;town988
158;town952;291;183;town900;447;230;town983;19;432;town999;306;76;town942;87;453;town1002;176;423;town967;134;223;town1041;3;169;town932;135;185;town901;87;321;town990;338;281;town918;187;297;town944;68;290;town947;481;65;town1040;428;303;town972;131;329;town920;320;420;town958
125;town927;438;365;town964;20;78;town1011;489;343;town907;178;158;town1044;405;462;town989;301;218;town1019;255;227;town1005;289;424;town998;405;87;town953;130;430;town956;363;81;town1020
135;town965;292;135;town944;491;223;town995;235;165;town955;187;279;town904;108;197;town907;469;422;town941;402;97;town925
163;town1022;277;201;town910;337;395;town954;274;198;town1001;163;382;town1046;152;401;town1014;42;334;town1032;98;449;town908;428;220;town920;481;498;town989;318;445;town982;477;115;town948;179;15;town906;404;263;town943;387;286;town1024
170;town1029;191;348;town954;285;331;town1012;259;30;town1047;193;272;town1046;123;247;town1039;417;496;town917;259;146;town104
129;town1024;431;477;town1034;276;106;town919;69;170;town1026;36;332;town961;482;462;town915;45;200;town908;260;436;town916;41;235;town917;477;146;town1002;99;66;town1011;142;325;town980;14;122;town985
144;town949;276;68;town1007;484;2;town900
159;town984;94;339;tow
143;town1003;412;194;town900;437;164;town955;130;86;town1039;455;220;town1031
153;town943;334;363;town1005;250;169;town988;219;392;town990;104;380;town972;423;291;town1038;271;426;town975
141;town927;13;35;town1007;166;381;town1013
133;town987;292;314;town1021;493;37;town982;243;485;town991;269;264;town906;128;447;town1005;467;477;town915;75;290;town979;185;301;town996;251;71;town930;355;443;town978;131;316;town928;196;348;town1044;91;95;town1026;2;447;town905;368;250;town903;373;372;town1015

170;town1029;191;348;town954;285;331;town1012;259;30;town1047;193;272;town1046;123;247;town1039;417;496;town917;259;146;town104
141;town927;13;35;town1007;166;381;town1013
127;town1006;197;322;town1026;81;134;town929;382;175;town981;36;174;town933;165;461;town953;24;262;town968;24;459;town960;55;97;town984;419;215;town906;395;69;town915;491;110;town938;77;243;town980;416;257;town967;8;114;town1018;307;305;town905
151;town1047;156;493;town907;220;154;town1006;188;380;town986;84;147;town1026;31;244;town1009;38;257;town988;408;77;town992;247;384;town1035
142;town1029;152;444;town1000;332;364;town979
133;town987;292;314;town1021;493;37;town982;243;485;town991;269;264;town906;128;447;town1005;467;477;town915;75;290;town979;185;301;town996;251;71;town930;355;443;town978;131;316;town928;196;348;town1044;91;95;town1026;2;447;town905;368;250;town903;373;372;town1015
136;town933;70;149;town932;200;93;town941;195;234;town942;211;141;town10
155;town1008;427;229;town1044;155;42;town1033;414;199;town913;325;152;town930;199;44;town1017;13;138;town940;477;396;town1031;283;32;town963;294;390;town1019;288;81;town916;489;39;town958;45;244;town1012;374;465;town1034;466;321;town932
150;town922;134;323;t
164;town1016;150;287;town1027
151;town1047;156;493;town907;220;154;town1006;188;380;town986;84;147;town1026;31;244;town1009;38;257;town988;408;77;town992;247;384;town1035
145;town1010;473;25;town1003;267;41;town974;158;279;town939;371;139;town991;318;119;town1026;341;16;town981;80;68;town1002;20;8;town1024;285;21;town1030;135;94;town1012;46;438;town947;65;267;town933;193;377;town988
139;town950;402;209;town967;6;220;town976;25;433;town999;17;308;town1017;331;235;town978;175;338;town1002;206;6;town951;487;155;town1033
154;town927;161;469;town934;435;285;town977;113;232;town1035;17;479;town963;404;115;town907;187;92;town993
129;town1024;431;477;town1034;276;106;town919;69;170;town1026;36;332;town961;482;462;town915;45;200;town908;260;436;town916;41;235;town917;477;146;town1002;99;66;town1011;142;325;town980;14;122;town985
161;town929;178;172;town932;339;139;town1009;189;366;town1034;206;384;town966;83;183;town945;215;449;town902;13;123;town1011;149;169;town1013
126;town1039;500;327;town1002;245;488;town1042;397;76;town934;4;302;town991;146;440;town1048;438;368;town1015;230;147;town957;232;360;town1028;242;120;town966;431;227;town1019;168;334;town1012;460;172;town922;492;364;town1004;277;161;town987;209;405;town949;470;223;town1043
166;town1008;372;15;town908;255;277;town
137;town960;435;352;town972;11;281;town932;267;378;town1024;236;393;town970;283;127;town920;471;431;town1037;172;50;town950;325;227;town993;50;108;town978;418;18;town927;17;484;town922;393;156;town964;239;255;town977;385;30;town967;253;221;town995;443;113;town934;299;304;town1045
143;town1003;412;194;town900;437;164;town955;130;86;town1039;455;220;town1031
147;town911;187;257;town987;11;98;town902;442;203;town1030;95;408;town1015;142;140;town1042;412;52;town912;308;432;town927;57;437;town967;91;369;town1026;57;156;town993;411;236;town1027;499;482;town928;332;408;town985;32;75;town923;195;40;town1020;458;367;town918;246;390;town1006;24;61;town932;167;202;town1025
131;town910;368;440;town959
147;town911;187;257;town987;11;98;town902;442;203;town1030;95;408;town1015;142;140;town1042;412;52;town912;308;432;town927;57;437;town967;91;369;town1026;57;156;town993;411;236;town1027;499;482;town928;332;408;town985;32;75;town923;195;40;town1020;458;367;town918;246;390;town1006;24;61;town932;167;202;town1025
157;town964;401;420;town951;282;361;town932;266;115;town1049;459;158;town980;358;188;town947;491;276;town1007;222;2;town984;76;167;town930;307;421;town1009;135;181;town935;421;66;town956;94;80;town918;480;32;town975;31;375;town928
154;town927;161;469;town934;435;285;town977;113;232;town1035;17;479;town963;404;115;town907;187;92;town993
137;town960;435;352;town972;11;281;town932;267;378;town1024;236;393;town970;283;127;town920;471;431;town1037;172;50;town950;325;227;town993;50;108;town978;418;18;town927;17;484;town922;393;156;town964;239;255;town977;385;30;town967;253;221;town995;443;113;town934;299;304;town1045
