ERROR 2
ERROR 3
ERROR 4
ERROR 6
ERROR 8
ERROR 13
ERROR 15
ERROR 16
ERROR 17
ERROR 19
ERROR 20
ERROR 21
ERROR 22
ERROR 25
ERROR 28
ERROR 31
ERROR 33
ERROR 36
ERROR 37
ERROR 40
ERROR 41
ERROR 42
ERROR 45
ERROR 46
ERROR 48
ERROR 49
ERROR 52
ERROR 55
ERROR 57
ERROR 59
ERROR 61
ERROR 62
ERROR 63
ERROR 64
ERROR 65
ERROR 66
ERROR 67
ERROR 68
ERROR 72
ERROR 73
ERROR 77
ERROR 78
ERROR 79
ERROR 80
ERROR 83
ERROR 84
ERROR 86
ERROR 88
ERROR 89
ERROR 91
ERROR 93
ERROR 95
ERROR 97
ERROR 98
ERROR 99
ERROR 100
ERROR 102
ERROR 103
ERROR 104
ERROR 107
ERROR 108
ERROR 109
ERROR 110
ERROR 111
ERROR 112
ERROR 113
ERROR 115
ERROR 117
ERROR 118
ERROR 120
ERROR 121
ERROR 123
ERROR 129
ERROR 130
ERROR 132
ERROR 134
ERROR 138
ERROR 141
ERROR 142
ERROR 143
ERROR 144
ERROR 145
ERROR 148
ERROR 149
ERROR 150
ERROR 153
ERROR 154
ERROR 155
ERROR 156
ERROR 157
ERROR 159
ERROR 162
ERROR 163
ERROR 166
ERROR 167
ERROR 168
ERROR 170
ERROR 171
ERROR 172
ERROR 174
ERROR 176
ERROR 177
ERROR 181
ERROR 182
ERROR 183
ERROR 184
ERROR 186
ERROR 187
ERROR 188
ERROR 189
ERROR 190
ERROR 192
ERROR 193
ERROR 195
ERROR 196
ERROR 197
ERROR 198
ERROR 199
ERROR 200
ERROR 205
ERROR 207
ERROR 209
ERROR 210
ERROR 213
ERROR 214
ERROR 215
ERROR 216
ERROR 218
ERROR 220
ERROR 221
ERROR 222
ERROR 224
ERROR 225
ERROR 227
ERROR 229
ERROR 231
ERROR 232
ERROR 233
ERROR 235
ERROR 238
ERROR 239
ERROR 241
ERROR 242
ERROR 243
ERROR 245
ERROR 246
ERROR 247
ERROR 249
ERROR 252
ERROR 253
ERROR 259
ERROR 260
ERROR 261
ERROR 262
ERROR 263
ERROR 265
ERROR 267
ERROR 268
ERROR 269
ERROR 271
ERROR 272
ERROR 273
ERROR 275
ERROR 276
ERROR 280
ERROR 282
ERROR 283
ERROR 284
ERROR 285
ERROR 286
ERROR 287
ERROR 288
ERROR 291
ERROR 292
ERROR 293
ERROR 294
ERROR 295
ERROR 296
ERROR 297
ERROR 299
ERROR 300
ERROR 301
ERROR 302
ERROR 303
ERROR 305
ERROR 306
ERROR 308
ERROR 309
ERROR 310
ERROR 311
ERROR 312
ERROR 314
ERROR 315
ERROR 316
ERROR 317
ERROR 318
ERROR 319
ERROR 321
ERROR 322
ERROR 324
ERROR 325
ERROR 328
ERROR 330
ERROR 331
ERROR 332
ERROR 333
ERROR 334
ERROR 335
ERROR 337
ERROR 338
ERROR 339
ERROR 342
ERROR 343
ERROR 347
ERROR 348
ERROR 349
ERROR 350
ERROR 351
ERROR 352
ERROR 353
ERROR 354
ERROR 355
ERROR 356
ERROR 357
ERROR 358
ERROR 359
ERROR 360
ERROR 363
ERROR 364
ERROR 365
ERROR 367
ERROR 368
ERROR 369
ERROR 370
ERROR 371
ERROR 372
ERROR 373
ERROR 374
ERROR 375
ERROR 376
ERROR 377
ERROR 378
ERROR 382
ERROR 386
ERROR 388
ERROR 389
ERROR 392
ERROR 393
ERROR 394
ERROR 397
ERROR 399
ERROR 400
ERROR 401
ERROR 402
ERROR 403
ERROR 404
ERROR 405
ERROR 406
ERROR 408
ERROR 411
ERROR 412
ERROR 413
ERROR 415
ERROR 416
ERROR 417
ERROR 419
ERROR 420
ERROR 422
ERROR 423
ERROR 424
ERROR 426
ERROR 427
ERROR 428
ERROR 429
ERROR 430
ERROR 431
ERROR 432
ERROR 433
ERROR 434
ERROR 436
ERROR 438
ERROR 439
ERROR 441
ERROR 442
ERROR 443
ERROR 444
ERROR 445
ERROR 446
ERROR 447
ERROR 448
ERROR 452
ERROR 453
ERROR 454
ERROR 455
ERROR 456
ERROR 457
ERROR 458
ERROR 460
ERROR 461
ERROR 462
ERROR 463
ERROR 464
ERROR 465
ERROR 467
ERROR 468
ERROR 471
ERROR 473
ERROR 474
ERROR 475
ERROR 476
ERROR 478
ERROR 480
ERROR 483
ERROR 486
ERROR 487
ERROR 488
ERROR 489
ERROR 490
ERROR 492
ERROR 494
ERROR 496
ERROR 497
ERROR 498
ERROR 499
ERROR 501
ERROR 502
ERROR 503
ERROR 505
ERROR 506
ERROR 507
ERROR 511
ERROR 512
ERROR 513
ERROR 515
ERROR 516
ERROR 519
ERROR 521
ERROR 523
ERROR 524
ERROR 526
ERROR 528
ERROR 531
ERROR 532
ERROR 533
ERROR 534
ERROR 535
ERROR 537
ERROR 538
ERROR 539
ERROR 540
ERROR 541
ERROR 543
ERROR 546
ERROR 548
ERROR 550
ERROR 551
ERROR 552
ERROR 553
ERROR 554
ERROR 555
ERROR 558
ERROR 559
ERROR 560
ERROR 561
ERROR 562
ERROR 563
ERROR 565
ERROR 567
ERROR 568
ERROR 569
ERROR 570
ERROR 571
ERROR 577
ERROR 578
ERROR 579
ERROR 582
ERROR 583
ERROR 584
ERROR 586
ERROR 587
ERROR 589
ERROR 590
ERROR 592
ERROR 593
ERROR 595
ERROR 596
ERROR 597
ERROR 599
ERROR 600
ERROR 601
ERROR 602
ERROR 605
ERROR 606
ERROR 607
ERROR 610
ERROR 613
ERROR 615
ERROR 616
ERROR 617
ERROR 619
ERROR 620
ERROR 621
ERROR 623
ERROR 625
ERROR 626
ERROR 627
ERROR 628
ERROR 629
ERROR 631
ERROR 633
ERROR 634
ERROR 635
ERROR 636
ERROR 637
ERROR 638
ERROR 639
ERROR 640
ERROR 641
ERROR 642
ERROR 644
ERROR 645
ERROR 647
ERROR 649
ERROR 650
ERROR 651
ERROR 654
ERROR 656
ERROR 657
ERROR 658
ERROR 660
ERROR 663
ERROR 665
ERROR 666
ERROR 667
ERROR 669
ERROR 670
ERROR 671
ERROR 672
ERROR 674
ERROR 675
ERROR 677
ERROR 679
ERROR 681
ERROR 682
ERROR 686
ERROR 687
ERROR 688
ERROR 689
ERROR 690
ERROR 691
ERROR 692
ERROR 693
ERROR 695
ERROR 698
ERROR 700
ERROR 701
ERROR 702
ERROR 704
ERROR 705
ERROR 706
ERROR 711
ERROR 712
ERROR 713
ERROR 715
ERROR 716
ERROR 717
ERROR 718
ERROR 719
ERROR 721
ERROR 722
ERROR 724
ERROR 725
ERROR 726
ERROR 727
ERROR 728
ERROR 729
ERROR 732
ERROR 735
ERROR 736
ERROR 737
ERROR 738
ERROR 739
ERROR 741
ERROR 742
ERROR 745
ERROR 746
ERROR 747
ERROR 748
ERROR 749
ERROR 753
ERROR 755
ERROR 756
ERROR 757
ERROR 758
ERROR 759
ERROR 761
ERROR 763
ERROR 764
ERROR 765
ERROR 766
ERROR 767
ERROR 769
ERROR 771
ERROR 772
ERROR 773
ERROR 774
ERROR 775
ERROR 776
ERROR 781
ERROR 782
ERROR 785
ERROR 786
ERROR 787
ERROR 788
ERROR 789
ERROR 790
ERROR 792
ERROR 793
ERROR 795
ERROR 796
ERROR 797
ERROR 798
ERROR 799
ERROR 801
ERROR 802
ERROR 803
ERROR 804
ERROR 805
ERROR 806
ERROR 807
ERROR 809
ERROR 811
ERROR 812
ERROR 813
ERROR 814
ERROR 817
ERROR 818
ERROR 819
ERROR 820
ERROR 821
ERROR 822
ERROR 825
ERROR 826
ERROR 828
ERROR 831
ERROR 832
ERROR 833
ERROR 834
ERROR 835
ERROR 836
ERROR 837
ERROR 838
ERROR 839
ERROR 840
ERROR 841
ERROR 843
ERROR 845
ERROR 846
ERROR 847
ERROR 848
ERROR 850
ERROR 851
ERROR 852
ERROR 853
ERROR 855
ERROR 857
ERROR 858
ERROR 859
ERROR 861
ERROR 862
ERROR 863
ERROR 866
ERROR 867
ERROR 868
ERROR 873
ERROR 874
ERROR 875
ERROR 876
ERROR 879
ERROR 880
ERROR 881
ERROR 882
ERROR 883
ERROR 885
ERROR 889
ERROR 890
ERROR 892
ERROR 893
ERROR 896
ERROR 897
ERROR 899
ERROR 900
ERROR 901
ERROR 902
ERROR 903
ERROR 904
ERROR 906
ERROR 908
ERROR 909
ERROR 910
ERROR 911
ERROR 913
ERROR 914
ERROR 916
ERROR 917
ERROR 918
ERROR 920
ERROR 921
ERROR 923
ERROR 924
ERROR 926
ERROR 927
ERROR 928
ERROR 929
ERROR 930
ERROR 931
ERROR 932
ERROR 933
ERROR 934
ERROR 935
ERROR 936
ERROR 938
ERROR 939
ERROR 940
ERROR 941
ERROR 942
ERROR 944
ERROR 945
ERROR 946
ERROR 948
ERROR 949
ERROR 952
ERROR 953
ERROR 954
ERROR 955
ERROR 958
ERROR 960
ERROR 961
ERROR 963
ERROR 964
ERROR 966
ERROR 968
ERROR 969
ERROR 970
ERROR 971
ERROR 972
ERROR 973
ERROR 974
ERROR 975
ERROR 976
ERROR 977
ERROR 978
ERROR 979
ERROR 981
ERROR 982
ERROR 983
ERROR 985
ERROR 986
ERROR 987
ERROR 988
ERROR 989
ERROR 990
ERROR 991
ERROR 992
ERROR 993
ERROR 994
ERROR 995
ERROR 996
ERROR 998
ERROR 999
ERROR 1000
ERROR 1001
ERROR 1002
ERROR 1004
ERROR 1005
ERROR 1006
ERROR 1009
ERROR 1011
ERROR 1012
ERROR 1013
ERROR 1015
ERROR 1016
ERROR 1017
ERROR 1018
ERROR 1019
ERROR 1020
ERROR 1021
ERROR 1022
ERROR 1024
ERROR 1025
ERROR 1026
ERROR 1028
ERROR 1029
ERROR 1030
ERROR 1032
ERROR 1037
ERROR 1040
ERROR 1041
ERROR 1042
ERROR 1043
ERROR 1045
ERROR 1048
ERROR 1049
ERROR 1051
ERROR 1052
ERROR 1053
ERROR 1054
ERROR 1056
ERROR 1057
ERROR 1058
ERROR 1059
ERROR 1061
ERROR 1062
ERROR 1063
ERROR 1065
ERROR 1066
ERROR 1067
ERROR 1069
ERROR 1070
ERROR 1073
ERROR 1074
ERROR 1076
ERROR 1078
ERROR 1079
ERROR 1081
ERROR 1082
ERROR 1084
ERROR 1085
ERROR 1086
ERROR 1087
ERROR 1088
ERROR 1089
ERROR 1090
ERROR 1091
ERROR 1093
ERROR 1094
ERROR 1095
ERROR 1097
ERROR 1098
ERROR 1099
ERROR 1100
ERROR 1101
ERROR 1102
ERROR 1105
ERROR 1107
ERROR 1108
ERROR 1109
ERROR 1110
ERROR 1111
ERROR 1112
ERROR 1113
ERROR 1114
ERROR 1115
ERROR 1118
ERROR 1119
ERROR 1120
ERROR 1121
ERROR 1122
ERROR 1124
ERROR 1127
ERROR 1128
ERROR 1131
ERROR 1132
ERROR 1133
ERROR 1134
ERROR 1135
ERROR 1136
ERROR 1137
ERROR 1139
ERROR 1141
ERROR 1142
ERROR 1143
ERROR 1146
ERROR 1147
ERROR 1151
ERROR 1152
ERROR 1154
ERROR 1158
ERROR 1159
ERROR 1160
ERROR 1161
ERROR 1162
ERROR 1163
ERROR 1164
ERROR 1165
ERROR 1166
ERROR 1167
ERROR 1168
ERROR 1170
ERROR 1171
ERROR 1172
ERROR 1173
ERROR 1174
ERROR 1175
ERROR 1176
ERROR 1177
ERROR 1178
ERROR 1179
ERROR 1180
ERROR 1181
ERROR 1182
ERROR 1184
ERROR 1189
ERROR 1190
ERROR 1193
ERROR 1194
ERROR 1195
ERROR 1197
ERROR 1198
ERROR 1199
ERROR 1200
ERROR 1201
ERROR 1202
ERROR 1203
ERROR 1204
ERROR 1205
ERROR 1207
ERROR 1208
ERROR 1210
ERROR 1211
ERROR 1212
ERROR 1213
ERROR 1214
ERROR 1215
ERROR 1216
ERROR 1218
ERROR 1219
ERROR 1220
ERROR 1221
ERROR 1222
ERROR 1224
ERROR 1227
ERROR 1228
ERROR 1230
ERROR 1231
ERROR 1232
ERROR 1233
ERROR 1234
ERROR 1235
ERROR 1236
ERROR 1237
ERROR 1238
ERROR 1239
ERROR 1241
ERROR 1242
ERROR 1243
ERROR 1244
ERROR 1246
ERROR 1247
ERROR 1248
ERROR 1249
ERROR 1252
ERROR 1253
ERROR 1254
ERROR 1257
ERROR 1258
ERROR 1259
ERROR 1261
ERROR 1262
ERROR 1263
ERROR 1264
ERROR 1265
ERROR 1266
ERROR 1267
ERROR 1269
ERROR 1270
ERROR 1272
ERROR 1273
ERROR 1274
ERROR 1276
ERROR 1277
ERROR 1278
ERROR 1280
ERROR 1282
ERROR 1283
ERROR 1284
ERROR 1285
ERROR 1286
ERROR 1287
ERROR 1288
ERROR 1289
ERROR 1291
ERROR 1294
ERROR 1295
ERROR 1296
ERROR 1297
ERROR 1298
ERROR 1299
ERROR 1300
ERROR 1301
ERROR 1302
ERROR 1303
ERROR 1304
ERROR 1306
ERROR 1307
ERROR 1308
ERROR 1309
ERROR 1310
ERROR 1311
ERROR 1312
ERROR 1313
ERROR 1314
ERROR 1316
ERROR 1317
ERROR 1318
ERROR 1319
ERROR 1320
ERROR 1321
ERROR 1322
ERROR 1323
ERROR 1324
ERROR 1325
ERROR 1326
ERROR 1327
ERROR 1328
ERROR 1329
ERROR 1330
ERROR 1332
ERROR 1333
ERROR 1334
ERROR 1335
ERROR 1336
ERROR 1337
ERROR 1339
ERROR 1341
ERROR 1342
ERROR 1344
ERROR 1347
ERROR 1348
ERROR 1349
ERROR 1351
ERROR 1354
ERROR 1355
ERROR 1356
ERROR 1360
ERROR 1361
ERROR 1363
ERROR 1367
ERROR 1368
ERROR 1369
ERROR 1370
ERROR 1371
ERROR 1373
ERROR 1374
ERROR 1375
ERROR 1376
ERROR 1377
ERROR 1378
ERROR 1379
ERROR 1380
ERROR 1382
ERROR 1383
ERROR 1384
ERROR 1387
ERROR 1388
ERROR 1389
ERROR 1391
ERROR 1392
ERROR 1393
ERROR 1394
ERROR 1396
ERROR 1397
ERROR 1398
ERROR 1399
ERROR 1401
ERROR 1402
ERROR 1403
ERROR 1404
ERROR 1405
ERROR 1406
ERROR 1408
ERROR 1409
ERROR 1410
ERROR 1411
ERROR 1412
ERROR 1414
ERROR 1415
ERROR 1418
ERROR 1419
ERROR 1420
ERROR 1421
ERROR 1422
ERROR 1425
ERROR 1427
ERROR 1428
ERROR 1429
ERROR 1430
ERROR 1431
ERROR 1432
ERROR 1433
ERROR 1434
ERROR 1435
ERROR 1437
ERROR 1438
ERROR 1440
ERROR 1441
ERROR 1442
ERROR 1443
ERROR 1445
ERROR 1446
ERROR 1448
ERROR 1449
ERROR 1451
ERROR 1452
ERROR 1453
ERROR 1454
ERROR 1455
ERROR 1457
ERROR 1458
ERROR 1459
ERROR 1460
ERROR 1462
ERROR 1465
ERROR 1467
ERROR 1468
ERROR 1470
ERROR 1471
ERROR 1473
ERROR 1474
ERROR 1475
ERROR 1476
ERROR 1477
ERROR 1478
ERROR 1481
ERROR 1482
ERROR 1483
ERROR 1484
ERROR 1485
ERROR 1486
ERROR 1487
ERROR 1490
ERROR 1492
ERROR 1493
ERROR 1494
ERROR 1495
ERROR 1496
ERROR 1498
ERROR 1499
