ERROR 1
ERROR 2
ERROR 5
ERROR 7
ERROR 9
ERROR 10
ERROR 14
ERROR 16
ERROR 20
ERROR 21
ERROR 22
ERROR 24
ERROR 27
ERROR 30
ERROR 31
ERROR 32
ERROR 33
ERROR 34
ERROR 36
ERROR 37
ERROR 38
ERROR 39
ERROR 40
ERROR 41
ERROR 42
ERROR 43
ERROR 45
ERROR 46
ERROR 47
ERROR 49
ERROR 50
ERROR 53
ERROR 54
ERROR 55
ERROR 56
ERROR 57
ERROR 58
ERROR 59
ERROR 63
ERROR 65
ERROR 66
ERROR 67
ERROR 70
ERROR 72
ERROR 76
ERROR 77
ERROR 78
ERROR 82
ERROR 83
ERROR 84
ERROR 87
ERROR 88
ERROR 89
ERROR 90
ERROR 91
ERROR 96
ERROR 97
ERROR 100
ERROR 107
ERROR 109
ERROR 110
ERROR 114
ERROR 116
ERROR 117
ERROR 119
ERROR 121
ERROR 123
ERROR 124
ERROR 126
ERROR 132
ERROR 133
ERROR 135
ERROR 136
ERROR 137
ERROR 138
ERROR 142
ERROR 147
ERROR 152
ERROR 153
ERROR 154
ERROR 159
ERROR 160
ERROR 161
ERROR 162
ERROR 163
ERROR 165
ERROR 167
ERROR 168
ERROR 169
ERROR 170
ERROR 171
ERROR 172
ERROR 173
ERROR 174
ERROR 177
ERROR 180
ERROR 181
ERROR 182
ERROR 183
ERROR 185
ERROR 187
ERROR 188
ERROR 190
ERROR 193
ERROR 195
ERROR 197
ERROR 198
ERROR 199
ERROR 201
ERROR 202
ERROR 204
ERROR 205
ERROR 206
ERROR 207
ERROR 208
ERROR 209
ERROR 210
ERROR 213
ERROR 215
ERROR 216
ERROR 217
ERROR 221
ERROR 223
ERROR 224
ERROR 225
ERROR 226
ERROR 227
ERROR 228
ERROR 229
ERROR 230
ERROR 231
ERROR 232
ERROR 234
ERROR 236
ERROR 238
ERROR 241
ERROR 242
ERROR 243
ERROR 244
ERROR 245
ERROR 246
ERROR 247
ERROR 248
ERROR 249
ERROR 251
ERROR 253
ERROR 255
ERROR 257
ERROR 258
ERROR 259
ERROR 261
ERROR 262
ERROR 263
ERROR 264
ERROR 265
ERROR 266
ERROR 267
ERROR 268
ERROR 269
ERROR 270
ERROR 273
ERROR 274
ERROR 275
ERROR 276
ERROR 277
ERROR 279
ERROR 281
ERROR 283
ERROR 284
ERROR 287
ERROR 288
ERROR 289
ERROR 290
ERROR 292
ERROR 293
ERROR 296
ERROR 297
ERROR 299
ERROR 300
ERROR 302
ERROR 304
ERROR 305
ERROR 306
ERROR 307
ERROR 309
ERROR 311
ERROR 314
ERROR 315
ERROR 316
ERROR 317
ERROR 318
ERROR 319
ERROR 324
ERROR 325
ERROR 326
ERROR 327
ERROR 328
ERROR 331
ERROR 333
ERROR 335
ERROR 336
ERROR 337
ERROR 338
ERROR 339
ERROR 342
ERROR 344
ERROR 346
ERROR 348
ERROR 350
ERROR 351
ERROR 354
ERROR 355
ERROR 357
ERROR 358
ERROR 359
ERROR 360
ERROR 361
ERROR 363
ERROR 364
ERROR 365
ERROR 366
ERROR 368
ERROR 369
ERROR 370
ERROR 371
ERROR 372
ERROR 373
ERROR 376
ERROR 378
ERROR 380
ERROR 384
ERROR 385
ERROR 386
ERROR 387
ERROR 388
ERROR 389
ERROR 390
ERROR 391
ERROR 392
ERROR 394
ERROR 396
ERROR 398
ERROR 400
ERROR 406
ERROR 408
ERROR 409
ERROR 411
ERROR 415
ERROR 416
ERROR 418
ERROR 420
ERROR 422
ERROR 423
ERROR 424
ERROR 426
ERROR 428
ERROR 429
ERROR 431
ERROR 432
ERROR 434
ERROR 435
ERROR 436
ERROR 438
ERROR 439
ERROR 441
ERROR 442
ERROR 443
ERROR 445
ERROR 447
ERROR 449
ERROR 451
ERROR 452
ERROR 453
ERROR 454
ERROR 455
ERROR 456
ERROR 458
ERROR 459
ERROR 463
ERROR 464
ERROR 465
ERROR 466
ERROR 467
ERROR 468
ERROR 470
ERROR 471
ERROR 472
ERROR 474
ERROR 475
ERROR 476
ERROR 478
ERROR 479
ERROR 481
ERROR 482
ERROR 483
ERROR 484
ERROR 485
ERROR 486
ERROR 487
ERROR 489
ERROR 490
ERROR 492
ERROR 493
ERROR 494
ERROR 495
ERROR 496
ERROR 498
ERROR 499
ERROR 500
ERROR 501
ERROR 502
ERROR 504
ERROR 505
ERROR 507
ERROR 509
ERROR 510
ERROR 512
ERROR 513
ERROR 518
ERROR 520
ERROR 521
ERROR 522
ERROR 523
ERROR 526
ERROR 528
ERROR 529
ERROR 530
ERROR 533
ERROR 535
ERROR 537
ERROR 538
ERROR 539
ERROR 541
ERROR 545
ERROR 546
ERROR 547
ERROR 548
ERROR 549
ERROR 550
ERROR 551
ERROR 552
ERROR 553
ERROR 554
ERROR 557
ERROR 559
ERROR 560
ERROR 561
ERROR 563
ERROR 564
ERROR 566
ERROR 567
ERROR 568
ERROR 569
ERROR 570
ERROR 571
ERROR 572
ERROR 577
ERROR 578
ERROR 580
ERROR 581
ERROR 582
ERROR 585
ERROR 588
ERROR 589
ERROR 590
ERROR 591
ERROR 593
ERROR 594
ERROR 595
ERROR 596
ERROR 599
ERROR 600
ERROR 601
ERROR 602
ERROR 605
ERROR 606
ERROR 607
ERROR 609
ERROR 611
ERROR 612
ERROR 613
ERROR 615
ERROR 616
ERROR 617
ERROR 618
ERROR 619
ERROR 621
ERROR 622
ERROR 623
ERROR 625
ERROR 626
ERROR 629
ERROR 630
ERROR 631
ERROR 632
ERROR 633
ERROR 635
ERROR 636
ERROR 638
ERROR 639
ERROR 641
ERROR 643
ERROR 646
ERROR 647
ERROR 649
ERROR 650
ERROR 651
ERROR 652
ERROR 654
ERROR 657
ERROR 658
ERROR 659
ERROR 660
ERROR 661
ERROR 662
ERROR 663
ERROR 664
ERROR 665
ERROR 666
ERROR 667
ERROR 668
ERROR 669
ERROR 670
ERROR 671
ERROR 672
ERROR 673
ERROR 674
ERROR 675
ERROR 676
ERROR 677
ERROR 678
ERROR 681
ERROR 682
ERROR 683
ERROR 685
ERROR 688
ERROR 689
ERROR 690
ERROR 691
ERROR 692
ERROR 693
ERROR 694
ERROR 695
ERROR 696
ERROR 697
ERROR 698
ERROR 699
ERROR 700
ERROR 702
ERROR 704
ERROR 706
ERROR 708
ERROR 709
ERROR 711
ERROR 712
ERROR 713
ERROR 714
ERROR 717
ERROR 718
ERROR 719
ERROR 722
ERROR 725
ERROR 726
ERROR 728
ERROR 729
ERROR 730
ERROR 731
ERROR 732
ERROR 733
ERROR 735
ERROR 738
ERROR 739
ERROR 740
ERROR 742
ERROR 743
ERROR 744
ERROR 746
ERROR 747
ERROR 751
ERROR 752
ERROR 753
ERROR 754
ERROR 758
ERROR 759
ERROR 761
ERROR 762
ERROR 764
ERROR 766
ERROR 767
ERROR 768
ERROR 769
ERROR 770
ERROR 771
ERROR 772
ERROR 773
ERROR 774
ERROR 776
ERROR 778
ERROR 779
ERROR 781
ERROR 782
ERROR 786
ERROR 787
ERROR 788
ERROR 789
ERROR 790
ERROR 791
ERROR 792
ERROR 793
ERROR 795
ERROR 796
ERROR 797
ERROR 798
ERROR 800
ERROR 801
ERROR 802
ERROR 803
ERROR 804
ERROR 805
ERROR 807
ERROR 810
ERROR 811
ERROR 812
ERROR 813
ERROR 814
ERROR 816
ERROR 817
ERROR 819
ERROR 822
ERROR 823
ERROR 824
ERROR 830
ERROR 831
ERROR 832
ERROR 833
ERROR 834
ERROR 835
ERROR 836
ERROR 837
ERROR 840
ERROR 841
ERROR 842
ERROR 844
ERROR 846
ERROR 847
ERROR 849
ERROR 850
ERROR 851
ERROR 854
ERROR 855
ERROR 857
ERROR 858
ERROR 860
ERROR 863
ERROR 864
ERROR 865
ERROR 866
ERROR 867
ERROR 868
ERROR 869
ERROR 870
ERROR 873
ERROR 876
ERROR 877
ERROR 878
ERROR 879
ERROR 880
ERROR 881
ERROR 882
ERROR 885
ERROR 886
ERROR 887
ERROR 888
ERROR 889
ERROR 890
ERROR 891
ERROR 892
ERROR 893
ERROR 894
ERROR 896
ERROR 897
ERROR 898
ERROR 900
ERROR 901
ERROR 902
ERROR 903
ERROR 904
ERROR 905
ERROR 906
ERROR 908
ERROR 910
ERROR 911
ERROR 914
ERROR 915
ERROR 916
ERROR 919
ERROR 920
ERROR 921
ERROR 923
ERROR 924
