ERROR 1
ERROR 4
ERROR 7
ERROR 8
ERROR 9
ERROR 12
ERROR 13
ERROR 16
ERROR 18
ERROR 19
ERROR 20
ERROR 21
ERROR 24
ERROR 25
ERROR 27
ERROR 29
ERROR 30
ERROR 35
ERROR 36
ERROR 38
ERROR 39
ERROR 40
ERROR 41
ERROR 44
ERROR 48
ERROR 49
ERROR 50
ERROR 51
ERROR 55
ERROR 56
ERROR 57
ERROR 58
ERROR 60
ERROR 65
ERROR 67
ERROR 68
ERROR 69
ERROR 74
ERROR 76
ERROR 78
ERROR 81
ERROR 83
ERROR 84
ERROR 85
ERROR 86
ERROR 87
ERROR 89
ERROR 90
ERROR 93
ERROR 94
ERROR 96
ERROR 99
ERROR 104
ERROR 105
ERROR 107
ERROR 108
ERROR 111
ERROR 112
ERROR 113
ERROR 114
ERROR 115
ERROR 117
ERROR 118
ERROR 120
ERROR 124
ERROR 125
ERROR 126
ERROR 127
ERROR 131
ERROR 132
ERROR 134
ERROR 135
ERROR 136
ERROR 140
ERROR 143
ERROR 146
ERROR 148
ERROR 149
ERROR 151
ERROR 152
ERROR 153
ERROR 154
ERROR 155
ERROR 156
ERROR 157
ERROR 158
ERROR 162
ERROR 165
ERROR 166
ERROR 167
ERROR 168
ERROR 170
ERROR 171
ERROR 172
ERROR 175
ERROR 176
ERROR 177
ERROR 180
ERROR 182
ERROR 183
ERROR 184
ERROR 187
ERROR 189
ERROR 190
ERROR 191
ERROR 192
ERROR 193
ERROR 194
ERROR 195
ERROR 196
ERROR 197
ERROR 205
ERROR 206
ERROR 208
ERROR 209
ERROR 212
ERROR 213
ERROR 214
ERROR 216
ERROR 217
ERROR 220
ERROR 224
ERROR 225
ERROR 226
ERROR 227
ERROR 228
ERROR 231
ERROR 232
ERROR 233
ERROR 234
ERROR 236
ERROR 238
ERROR 240
ERROR 241
ERROR 242
ERROR 243
ERROR 244
ERROR 245
ERROR 246
ERROR 247
ERROR 248
ERROR 250
ERROR 255
ERROR 257
ERROR 258
ERROR 259
ERROR 260
ERROR 261
ERROR 262
ERROR 265
ERROR 266
ERROR 268
ERROR 270
ERROR 271
ERROR 272
ERROR 273
ERROR 274
ERROR 276
ERROR 277
ERROR 278
ERROR 279
ERROR 281
ERROR 282
ERROR 289
ERROR 290
ERROR 292
ERROR 293
ERROR 294
ERROR 295
ERROR 296
ERROR 300
ERROR 303
ERROR 305
ERROR 306
ERROR 309
ERROR 310
ERROR 313
ERROR 314
ERROR 315
ERROR 317
ERROR 319
ERROR 320
ERROR 321
ERROR 322
ERROR 323
ERROR 325
ERROR 326
ERROR 328
ERROR 330
ERROR 332
ERROR 333
ERROR 334
ERROR 335
ERROR 336
ERROR 338
ERROR 340
ERROR 341
ERROR 342
ERROR 343
ERROR 344
ERROR 345
ERROR 346
ERROR 347
ERROR 349
ERROR 350
ERROR 351
ERROR 352
ERROR 353
ERROR 355
ERROR 357
ERROR 358
ERROR 360
ERROR 364
ERROR 365
ERROR 366
ERROR 368
ERROR 369
ERROR 371
ERROR 374
ERROR 375
ERROR 377
ERROR 378
ERROR 379
ERROR 380
ERROR 383
ERROR 385
ERROR 387
ERROR 389
ERROR 391
ERROR 392
ERROR 394
ERROR 396
ERROR 397
ERROR 398
ERROR 399
ERROR 400
ERROR 401
ERROR 402
ERROR 406
ERROR 408
ERROR 409
ERROR 410
ERROR 412
ERROR 413
ERROR 416
ERROR 418
ERROR 420
ERROR 421
ERROR 423
ERROR 424
ERROR 425
ERROR 426
ERROR 427
ERROR 428
ERROR 429
ERROR 431
ERROR 432
ERROR 433
ERROR 434
ERROR 435
ERROR 437
ERROR 438
ERROR 440
ERROR 441
ERROR 442
ERROR 443
ERROR 446
ERROR 447
ERROR 448
ERROR 451
ERROR 452
ERROR 453
ERROR 455
ERROR 457
ERROR 460
ERROR 462
ERROR 463
ERROR 464
ERROR 466
ERROR 469
ERROR 471
ERROR 474
ERROR 475
ERROR 479
ERROR 481
ERROR 484
ERROR 485
ERROR 487
ERROR 488
ERROR 489
ERROR 490
ERROR 493
ERROR 494
ERROR 496
ERROR 499
ERROR 500
ERROR 501
ERROR 503
ERROR 504
ERROR 505
ERROR 506
ERROR 508
ERROR 509
ERROR 511
ERROR 513
ERROR 514
ERROR 515
ERROR 516
ERROR 518
ERROR 519
ERROR 521
ERROR 522
ERROR 524
ERROR 525
ERROR 526
ERROR 529
ERROR 532
ERROR 533
ERROR 534
ERROR 535
ERROR 536
ERROR 537
ERROR 539
ERROR 541
ERROR 542
ERROR 543
ERROR 546
ERROR 547
ERROR 548
ERROR 549
ERROR 550
ERROR 551
ERROR 554
ERROR 555
ERROR 556
ERROR 557
ERROR 558
ERROR 560
ERROR 562
ERROR 563
ERROR 564
ERROR 566
ERROR 568
ERROR 569
ERROR 570
ERROR 571
ERROR 572
ERROR 573
ERROR 576
ERROR 579
ERROR 581
ERROR 583
ERROR 585
ERROR 589
ERROR 590
ERROR 591
ERROR 592
ERROR 593
ERROR 594
ERROR 595
ERROR 596
ERROR 597
ERROR 598
ERROR 600
ERROR 601
ERROR 602
ERROR 603
ERROR 605
ERROR 606
ERROR 608
ERROR 609
ERROR 610
ERROR 611
ERROR 612
ERROR 614
ERROR 616
ERROR 618
ERROR 619
ERROR 620
ERROR 621
ERROR 622
ERROR 623
ERROR 624
ERROR 625
ERROR 626
ERROR 627
ERROR 628
ERROR 629
ERROR 630
ERROR 631
ERROR 632
ERROR 635
ERROR 636
ERROR 637
ERROR 639
ERROR 640
ERROR 641
ERROR 642
ERROR 643
ERROR 644
ERROR 645
ERROR 647
ERROR 648
ERROR 650
ERROR 651
ERROR 652
ERROR 653
ERROR 654
ERROR 655
ERROR 656
ERROR 658
ERROR 660
ERROR 661
ERROR 664
ERROR 666
ERROR 667
ERROR 669
ERROR 670
ERROR 671
ERROR 673
ERROR 674
ERROR 675
ERROR 677
ERROR 679
ERROR 681
ERROR 682
ERROR 683
ERROR 684
ERROR 685
ERROR 686
ERROR 687
ERROR 688
ERROR 689
ERROR 691
ERROR 693
ERROR 694
ERROR 695
ERROR 696
ERROR 697
ERROR 698
ERROR 700
ERROR 701
ERROR 703
ERROR 704
ERROR 705
ERROR 707
ERROR 708
ERROR 711
ERROR 712
ERROR 713
ERROR 715
ERROR 717
ERROR 718
ERROR 719
ERROR 720
ERROR 721
ERROR 722
ERROR 724
ERROR 725
ERROR 726
ERROR 727
ERROR 728
ERROR 729
ERROR 730
ERROR 732
ERROR 734
ERROR 737
ERROR 740
ERROR 742
ERROR 743
ERROR 744
ERROR 745
ERROR 748
ERROR 750
ERROR 751
ERROR 752
ERROR 753
ERROR 754
ERROR 755
ERROR 756
ERROR 757
ERROR 758
ERROR 759
ERROR 760
ERROR 761
ERROR 762
ERROR 763
ERROR 764
ERROR 766
ERROR 767
ERROR 768
ERROR 770
ERROR 771
ERROR 772
ERROR 773
ERROR 774
ERROR 776
ERROR 777
ERROR 779
ERROR 780
ERROR 781
ERROR 783
ERROR 787
ERROR 788
ERROR 789
ERROR 792
ERROR 794
ERROR 795
ERROR 796
ERROR 798
ERROR 800
ERROR 803
ERROR 806
ERROR 809
ERROR 811
ERROR 812
ERROR 814
ERROR 816
ERROR 818
ERROR 819
ERROR 822
ERROR 823
ERROR 825
ERROR 826
ERROR 828
ERROR 829
ERROR 830
ERROR 832
ERROR 833
ERROR 834
ERROR 836
ERROR 838
ERROR 839
ERROR 840
ERROR 841
ERROR 842
ERROR 843
ERROR 845
ERROR 848
ERROR 849
ERROR 851
ERROR 852
ERROR 853
ERROR 855
ERROR 857
ERROR 860
ERROR 861
ERROR 862
ERROR 863
ERROR 867
ERROR 869
ERROR 871
ERROR 872
ERROR 875
ERROR 876
ERROR 877
ERROR 879
ERROR 880
ERROR 882
ERROR 883
ERROR 884
ERROR 886
ERROR 887
ERROR 888
ERROR 890
ERROR 891
ERROR 892
ERROR 893
ERROR 894
ERROR 897
ERROR 900
ERROR 902
ERROR 903
ERROR 904
ERROR 905
ERROR 906
ERROR 907
ERROR 910
ERROR 911
ERROR 912
ERROR 913
ERROR 919
ERROR 921
ERROR 926
ERROR 927
ERROR 929
ERROR 931
ERROR 933
ERROR 934
ERROR 935
ERROR 936
ERROR 937
ERROR 938
ERROR 939
ERROR 940
ERROR 941
ERROR 942
ERROR 943
ERROR 945
ERROR 946
ERROR 947
ERROR 948
ERROR 949
ERROR 950
ERROR 952
ERROR 954
ERROR 955
ERROR 957
ERROR 958
ERROR 959
ERROR 961
ERROR 962
ERROR 964
ERROR 965
ERROR 966
ERROR 967
ERROR 968
ERROR 969
ERROR 971
ERROR 972
ERROR 973
ERROR 974
ERROR 975
ERROR 977
ERROR 978
ERROR 979
ERROR 980
ERROR 981
ERROR 982
ERROR 983
ERROR 984
ERROR 986
ERROR 987
ERROR 988
ERROR 989
ERROR 990
ERROR 991
ERROR 992
ERROR 993
ERROR 994
ERROR 995
ERROR 996
ERROR 997
ERROR 998
ERROR 1004
ERROR 1005
ERROR 1006
ERROR 1007
ERROR 1008
ERROR 1010
ERROR 1011
ERROR 1012
ERROR 1013
ERROR 1015
ERROR 1017
ERROR 1018
ERROR 1019
ERROR 1020
ERROR 1021
ERROR 1022
ERROR 1024
ERROR 1025
ERROR 1027
ERROR 1028
ERROR 1031
ERROR 1032
ERROR 1033
ERROR 1034
ERROR 1036
ERROR 1038
ERROR 1039
ERROR 1040
ERROR 1043
ERROR 1045
ERROR 1046
ERROR 1048
ERROR 1049
ERROR 1050
ERROR 1051
ERROR 1052
ERROR 1054
ERROR 1056
ERROR 1057
ERROR 1059
ERROR 1061
ERROR 1062
ERROR 1063
ERROR 1064
ERROR 1065
ERROR 1067
ERROR 1069
ERROR 1071
ERROR 1073
ERROR 1074
ERROR 1077
ERROR 1078
ERROR 1079
ERROR 1080
ERROR 1081
ERROR 1082
ERROR 1083
ERROR 1084
ERROR 1085
ERROR 1086
ERROR 1087
ERROR 1088
ERROR 1089
ERROR 1090
ERROR 1091
ERROR 1092
ERROR 1093
ERROR 1094
ERROR 1095
ERROR 1096
ERROR 1098
ERROR 1101
ERROR 1102
ERROR 1104
ERROR 1105
ERROR 1106
ERROR 1107
ERROR 1108
ERROR 1110
ERROR 1111
ERROR 1112
ERROR 1113
ERROR 1114
ERROR 1116
ERROR 1117
ERROR 1118
ERROR 1119
ERROR 1120
ERROR 1122
ERROR 1123
ERROR 1124
ERROR 1127
ERROR 1128
ERROR 1129
ERROR 1130
ERROR 1131
ERROR 1132
ERROR 1133
ERROR 1134
ERROR 1135
ERROR 1137
ERROR 1138
ERROR 1140
ERROR 1142
ERROR 1144
ERROR 1145
ERROR 1146
ERROR 1147
ERROR 1149
ERROR 1152
ERROR 1153
ERROR 1154
ERROR 1155
ERROR 1156
ERROR 1157
ERROR 1160
ERROR 1162
ERROR 1163
ERROR 1166
ERROR 1167
ERROR 1168
ERROR 1169
ERROR 1171
ERROR 1173
ERROR 1174
ERROR 1175
ERROR 1176
ERROR 1179
ERROR 1181
ERROR 1183
ERROR 1185
ERROR 1186
ERROR 1191
ERROR 1194
ERROR 1195
ERROR 1196
ERROR 1197
ERROR 1198
ERROR 1199
ERROR 1200
ERROR 1201
ERROR 1202
ERROR 1203
ERROR 1204
ERROR 1205
ERROR 1207
ERROR 1208
ERROR 1210
ERROR 1211
ERROR 1212
ERROR 1213
ERROR 1214
ERROR 1215
ERROR 1216
ERROR 1217
ERROR 1218
ERROR 1219
ERROR 1220
ERROR 1221
ERROR 1223
ERROR 1224
ERROR 1225
ERROR 1226
ERROR 1228
ERROR 1230
ERROR 1232
ERROR 1233
ERROR 1236
ERROR 1237
ERROR 1240
ERROR 1241
ERROR 1242
ERROR 1243
ERROR 1247
ERROR 1248
ERROR 1249
ERROR 1251
ERROR 1252
ERROR 1253
ERROR 1254
ERROR 1255
ERROR 1256
ERROR 1258
ERROR 1260
ERROR 1265
ERROR 1267
ERROR 1268
ERROR 1269
ERROR 1270
ERROR 1271
ERROR 1274
ERROR 1275
ERROR 1276
ERROR 1278
ERROR 1280
ERROR 1281
ERROR 1282
ERROR 1283
ERROR 1284
ERROR 1288
ERROR 1290
ERROR 1291
ERROR 1292
ERROR 1294
ERROR 1296
ERROR 1298
