









157;town991;143;496;town931;87;46;town959;378;28;to




125;town933;4;78;town997;210;494;town1038;291;291;town903;121;132;town968;146;158;tow
168;town1007;112;460;town930;394;130;town982;114;282;town994;55;32;town1019;254;415;town1000;437;456;town1009;53;424;town954;318;316;town1039;127;149;town1042;54;95;town912;424;81;town901;394;482;town969;164;148;town1029;419;367;town1036;58;378;town1045;463;10;town920;409;445;town908;155;406;town1025;168;437;town907
156;town946;171;251;town916;499;392;town934;159;452;t
151;town1048;160;454;town946;427;184;town1016;229;48;town926;418;7;town933;291;314;town965
132;town949;145;409;town916;160;457;town1033;433;242;town987;20;495;town1042;69;419;town962;20;17;town900;444;372;town1028;316;154;town957;429;290;town1029;76;479;town904;72;460;town952;218;132;town980;45;192;town915;211;389;town963;306;287;town1009;339;186;town1030;168;324;town1022;370;75;town908

168;town1007;112;460;town930;394;130;town982;114;282;town994;55;32;town1019;254;415;town1000;437;456;town1009;53;424;town954;318;316;town1039;127;149;town1042;54;95;town912;424;81;town901;394;482;town969;164;148;town1029;419;367;town1036;58;378;town1045;463;10;town920;409;445;town908;155;406;town1025;168;437;town907

157;town991;143;496;town931;87;46;town959;378;28;to
168;town1007;112;460;town930;394;130;town982;114;282;town994;55;32;town1019;254;415;town1000;437;456;town1009;53;424;town954;318;316;town1039;127;149;town1042;54;95;town912;424;81;town901;394;482;town969;164;148;town1029;419;367;town1036;58;378;town1045;463;10;town920;409;445;town908;155;406;town1025;168;437;town907
174;town987;147;323;town930
128;town991;365;36;town961;142;359;town960;345;414;town923;170;223;town956;246;130;town935;398;169;town1038;238;250;town964;2;210;town1020;12;463;town928;10;95;town1006;286;484;town958;453;159;town965;245;379;town959;259;461;town902;331;168;town932;260;48;town982;314;387;town1012;456;287;town973;50;465;town948


126;town991;14;358;town1015;282;150;town1041;215;449;town902;475;310;town1011;311;417;town


155;town991;350;237;town1011;204;323;town1036;99;97;town915;101;478;town971;498;95;town922;19;358;town989;281;307;town1046
128;town991;365;36;town961;142;359;town960;345;414;town923;170;223;town956;246;130;town935;398;169;town1038;238;250;town964;2;210;town1020;12;463;town928;10;95;town1006;286;484;town958;453;159;town965;245;379;town959;259;461;town902;331;168;town932;260;48;town982;314;387;town1012;456;287;town973;50;465;town948

164;town918;284;332;town912;185;142;town945;132;475;town958;430;86;town1015;4;344;town919;149;205;town1018;161;187;town986;11;315;town967;72;313;town1001;43;6;town997





130;town940;447;489;town923;116;133;town990;254;17;town993;266;263;town1034;403;43;town918;391;174;town1006;293;495;town968;184;276;town963;215;244;town947;9;434;town908;238;218;town1005;382;388;town996;352;437;town980
174;town987;147;323;town930


133;town920;444;8;town928;79;139;town1005;347;217;town930;12;259;town922;345;330;town914
156;town946;171;251;town916;499;392;town934;159;452;t
133;town920;444;8;town928;79;139;town1005;347;217;town930;12;259;town922;345;330;town914
134;town917;109;85;town912;485;466;town926;51;358;town998;240;472;town954;356;366;town976;324;88;town994
139;town936;74;471;town915;354;445;town986;75;70;town979;477;192;town924;420;173;town931;344;243;town1002;100;313;town1027;7;400;town983;404;237;town1048;64;150;town1035;94;362;town1030;228;184;town1014;487;3;town934;398;327;town927;448;111;town963


146;town1039;129;164;town908;367;118;town915;456;140;town990;272;174;town960;55;175;town1035;109;332;town1044;39;77;town1027;402;314;town938;484;125;t
140;town961;393;454;town900;2;76;town924;68;441;town997;391;445;town959;175;226;town917;215;364;town902;188;107;town956;316;164;town980;154;479;town1042;441;86;town978;494;458;town939;371;12;town949;78;252;town1015;269;202;town1019

158;town1029;159;350;town965;436;155;town937;156;55;town971;147;151;town1000;362;172;town938;337;379;town976;194;404;town1020;201;25;town995;251;404;town1027;92;141;town908;432;257;town979;225;60;town970;249;5;town940
140;town961;393;454;town900;2;76;town924;68;441;town997;391;445;town959;175;226;town917;215;364;town902;188;107;town956;316;164;town980;154;479;town1042;441;86;town978;494;458;town939;371;12;town949;78;252;town1015;269;202;town1019


126;town991;14;358;town1015;282;150;town1041;215;449;town902;475;310;town1011;311;417;town
167;town981;41;360;town998;223;195;town1010;62;365;town1038;210;251;town993;368;75;town1026;489;115;town1027;342;27;town970;434;417;town1030;390;499;town1045;436;52;town
146;town1039;129;164;town908;367;118;town915;456;140;town990;272;174;town960;55;175;town1035;109;332;town1044;39;77;town1027;402;314;town938;484;125;t

158;town1029;159;350;town965;436;155;town937;156;55;town971;147;151;town1000;362;172;town938;337;379;town976;194;404;town1020;201;25;town995;251;404;town1027;92;141;town908;432;257;town979;225;60;town970;249;5;town940
139;town936;74;471;town915;354;445;town986;75;70;town979;477;192;town924;420;173;town931;344;243;town1002;100;313;town1027;7;400;town983;404;237;town1048;64;150;town1035;94;362;town1030;228;184;town1014;487;3;town934;398;327;town927;448;111;town963
144;town901;326;17;town1019;253;123;town929;138;100;town1046;264;378;town930;100;92;town978;398;397;town925;448;383;town1013;29;337;town908;220;238;town951;130;468;town971;281;91;town1011;154;375;town984;220;238;to

140;town961;393;454;town900;2;76;town924;68;441;town997;391;445;town959;175;226;town917;215;364;town902;188;107;town956;316;164;town980;154;479;town1042;441;86;town978;494;458;town939;371;12;town949;78;252;town1015;269;202;town1019

130;town940;447;489;town923;116;133;town990;254;17;town993;266;263;town1034;403;43;town918;391;174;town1006;293;495;town968;184;276;town963;215;244;town947;9;434;town908;238;218;town1005;382;388;town996;352;437;town980
165;town1026;249;427;town955;358;278;town1027;438;254;town941;492;286;town929;468;173;town937;25;256;town1016;411;151;town952;332;219;town1004;167;395;town1031;5;438;town1038;414;164;town1041;228;92;town933;88;200;town969;110;446;town991;52;235;town963;232;486;town935
148;town990;95;91;town1022;440;339;town954;118;56;town919;204;274;town958;332;312;town999;413;55;town1031
127;town901;287;316;town939;27;433;town950;238;28;town918;18;500;town1012;70;302;town930;124;142;town1015;441;176;town978


161;town960;287;253;town946;31;19;town981;25;133;town996;172;211;town1037;67;123;town1047;131;154;town1023;154;211;town1034;311;355;town950;250;9;town919
147;town1031;444;459;town1010;133;173;town953;466;69;town1033;460;270;town1008;120;295;town1039;269;76;town912;195;314;town902;440;149;town965;419;87;town907;271;57;town1040;273;481;town987;219;457;town1026;106;286;town975;461;49;town1037;57;219;town910;207;428;town961
149;town934;149;67;town1024;386;495;town1011;500;76;town914;153;295;town1013;235;292;town981;262;358;town938;34;218;town1001;273;287;town942



145;town1032;64;141;town947;100;426;town917;314;75;town1045;481;166;town1020;340;220;town1043;141;342;town1021;308;459;town1030;150;122;town925;347;82;town1033;352;187;town938;474;419;town968;422;425;town1000;190;102;town985;52;213;town909;452;260;town936;207;17;town941
147;town1031;444;459;town1010;133;173;town953;466;69;town1033;460;270;town1008;120;295;town1039;269;76;town912;195;314;town902;440;149;town965;419;87;town907;271;57;town1040;273;481;town987;219;457;town1026;106;286;town975;461;49;town1037;57;219;town910;207;428;town961
143;town977;131;18;town939;314;294;town946;355;449;town996;107;482;town961;389;490;town950;214;269;town997;270;345;town965;37;344;town918;472;243;town921;290;257;town944;272;193;town1027;174;431;town937;450;84;town1017;171;350;town988;254;338;town901;104;485;town935
156;town946;171;251;town916;499;392;town934;159;452;t
173;town980;91;180;town985;130;211;town938;201;414;town977;126;479;town953;390;349;town967;71;145;town946;330;258;town1035
149;town934;149;67;town1024;386;495;town1011;500;76;town914;153;295;town1013;235;292;town981;262;358;town938;34;218;town1001;273;287;town942
151;town1048;160;454;town946;427;184;town1016;229;48;town926;418;7;town933;291;314;town965
154;town990;481;477;town1018;152;167;town1004;70;151;town971;87;247;town906;240;353;town939;440;367;town927;287;333;town1024;190;294;town1014;171;132;town949;163;288;town993;138;453;town1046;404;337;town946;177;413;town917;125;290;town1026;118;127;town1010
157;town991;143;496;town931;87;46;town959;378;28;to

158;town1029;159;350;town965;436;155;town937;156;55;town971;147;151;town1000;362;172;town938;337;379;town976;194;404;town1020;201;25;town995;251;404;town1027;92;141;town908;432;257;town979;225;60;town970;249;5;town940
125;town933;4;78;town997;210;494;town1038;291;291;town903;121;132;town968;146;158;tow

172;town988;396;474;town915;101;260;town968;481;328;town958;4;474;town1037;78;138;town947;217;438;town912
172;town988;396;474;town915;101;260;town968;481;328;town958;4;474;town1037;78;138;town947;217;438;town912

143;town977;131;18;town939;314;294;town946;355;449;town996;107;482;town961;389;490;town950;214;269;town997;270;345;town965;37;344;town918;472;243;town921;290;257;town944;272;193;town1027;174;431;town937;450;84;town1017;171;350;town988;254;338;town901;104;485;town935
162;town1047;255;452;town1024;336;426;town962;223;119;town998;80;441;town965;170;383;town1014;322;365;town1008;223;350;town956;399;444;town939;465;459;town1005;180;248;town1041;130;427;town927;246;469;town935
157;town991;143;496;town931;87;46;town959;378;28;to


163;town974;122;223;town925;362;92;town1024;73;315;town1026;218;382;town915;157;145;town979;441;458;town920;492;258;town938;286;468;town924;3;285;town1013;125;391;town996;476;484;town1017;448;222;town919;364;74;town939
159;town906;178;352;town1011;318;267;town982;167;218;town964;340;309;town926;325;436;town931;400;277;town905;117;329;town994;331;174;town935;266;149;town965
126;town991;14;358;town1015;282;150;town1041;215;449;town902;475;310;town1011;311;417;town
173;town980;91;180;town985;130;211;town938;201;414;town977;126;479;town953;390;349;town967;71;145;town946;330;258;town1035


157;town991;143;496;town931;87;46;town959;378;28;to
142;town903;184;205;town1041;135;434;town1002;66;145;town962;456;234;town927;481;136;town949;335;440;town936;306;194;town926;495;246;town1040;229;93;town938;323;372;town991;303;298;town917;457;63;town951;224;478;town1021;169;477;town970
147;town1031;444;459;town1010;133;173;town953;466;69;town1033;460;270;town1008;120;295;town1039;269;76;town912;195;314;town902;440;149;town965;419;87;town907;271;57;town1040;273;481;town987;219;457;town1026;106;286;town975;461;49;town1037;57;219;town910;207;428;town961
157;town991;143;496;town931;87;46;town959;378;28;to
162;town1047;255;452;town1024;336;426;town962;223;119;town998;80;441;town965;170;383;town1014;322;365;town1008;223;350;town956;399;444;town939;465;459;town1005;180;248;town1041;130;427;town927;246;469;town935
