













174;town958;451;307;town1041;284;385;town965;172;392;town1028;20;137;town1031;184;124;town1021;275;329;to



166;town904;432;104;town1038;140;401;town927







149;town983;65;40;town915;288;433;town1028;407;372;town1005;89;310;town1023;115;390;town94
144;town1002;144;278;town992;262;91;town928;329;179;town954;144;348;town1033;321;157;town905;22;162;town996;466;223;town936

170;town992;208;283;town1018

172;town976;248;355;town993;493;467;town953;294;373;town936;285;201;town1045;381;372;town1013;179;301;town1008;169;172;town903;220;115;town916;192;15;town972;257;422;town1003;182;172;town912;185;283;town925;327;415;town923;440;470;town997;389;473;town954;488;201;town949;275;475;town987

172;town976;248;355;town993;493;467;town953;294;373;town936;285;201;town1045;381;372;town1013;179;301;town1008;169;172;town903;220;115;town916;192;15;town972;257;422;town1003;182;172;town912;185;283;town925;327;415;town923;440;470;town997;389;473;town954;488;201;town949;275;475;town987
159;town943;320;69;town931;442;176;town958;161;407;town992;350;378;town922;449;488;town946;228;499;town1009;266;404;town1019;40;464;town950;4;463;town1046;133;315;town917;297;247;town947;108;29;town963;410;368;town975;256;109;town900;331;437;town910;66;322;town942;500;25;town1013
164;town949;416;339;town901;87;209;town927;283;321;town1044;22;231;town1046;272;95;town957;287;263;town978;468;491;town984;138;74;town998;483;139;town1031;491;75;town947;284;377;town1035;305;265;town1029;360;286;town904;464;478;town1042;296;117;t

173;town923;207;471;town956;71;224;town969;337;163;town1028;337;451;town978;168;457;town918;86;460;town919;170;209;town1010;114;38;town1001;392;163;town1030;366;134;town991;225;65;town1049

137;town1043;61;408;town1035;233;110;town921
161;town973;291;230;town1029
144;town1002;144;278;town992;262;91;town928;329;179;town954;144;348;town1033;321;157;town905;22;162;town996;466;223;town936
153;town974;36;447;town1037;171;110;town1035;56;197;town1004;359;300;town1030;104;424;town934;303;51;town975;91;90;town1048;472;27;town937;153;5;town986;345;398;town901;454;274;town959;276;307;town1032;379;298;town987;449;285;town1019;354;22;town906;205;224;town940;54;366;town900;342;419;town949
162;town994;279;25;town912;211;86;town1020;403;18;town1046;375;198;town1006;408;276;town986;458;128;town958;92;354;town1022;22;373;town969;69;112;town992;491;344;town933;116;460;town930;10;215;town977;258;8;town955
161;town973;291;230;town1029


147;town973;366;88;town939;27;495;town955;66;60;town953;393;177;town1045;198;432;town905;230;497;town1006;17;459;town1038;262;3;town959;11;192;town1041


149;town983;65;40;town915;288;433;town1028;407;372;town1005;89;310;town1023;115;390;town94
158;town956;355;448;town919;183;339;town909;340;374;town990;100;65;town906;235;184;town1040;119;385;town953
150;town1047;353;451;town1009;321;223;town938;165;158;town1044;254;93;town919;336;200;town955;93;337;town988;446;328;town989;455;437;town1003;163;412;town999;156;159;town961;398;125;town981;419;315;town941;496;279;town922;468;365;town1039;300;13;town991
148;town921;221;469;town995;419;446;town1003;8;220;town908;445;350;town906;41;192;town974;494;174;town1044;113;498;town917
125;town972;172;132;town951;118;138;town944;416;270;town1037;224;389;town1031;397;475;to
138;town1027;41;301;town987;392;118;town986;181;326;town983;322;307;town955;224;235;town979;170;292;town1028;401;135;town919;118;398;town970;469;273;town904;279;28;town909;343;493;town923;371;178;town926;417;23;town1036;28;386;town939;58;307;town1040;466;61;town911;39;130;town1039;320;469;town1042

173;town923;207;471;town956;71;224;town969;337;163;town1028;337;451;town978;168;457;town918;86;460;town919;170;209;town1010;114;38;town1001;392;163;town1030;366;134;town991;225;65;town1049
150;town1047;353;451;town1009;321;223;town938;165;158;town1044;254;93;town919;336;200;town955;93;337;town988;446;328;town989;455;437;town1003;163;412;town999;156;159;town961;398;125;town981;419;315;town941;496;279;town922;468;365;town1039;300;13;town991
162;town994;279;25;town912;211;86;town1020;403;18;town1046;375;198;town1006;408;276;town986;458;128;town958;92;354;town1022;22;373;town969;69;112;town992;491;344;town933;116;460;town930;10;215;town977;258;8;town955
153;town974;36;447;town1037;171;110;town1035;56;197;town1004;359;300;town1030;104;424;town934;303;51;town975;91;90;town1048;472;27;town937;153;5;town986;345;398;town901;454;274;town959;276;307;town1032;379;298;town987;449;285;town1019;354;22;town906;205;224;town940;54;366;town900;342;419;town949

127;town1044;479;103;town988;472;315;town996;11;201;town1042;294;247;town911;134;363;town1004;455;343;town979;451;118;town1000;407;311;town913;110;33;town1011;343;257;town986;303;342;town941;317;83;town916
145;town942;365;344;town923;270;424;town965;223;31;town1006;196;337;town943;74;372;town1014;46;192;town1043;193;354;town1009;244;96;town1030;91;474;town977;388;267;tow
136;town937;453;386;town962;335;50;town932;15;498;town1041;310;47;town960;275;441;town943;168;256;town904;58;209;town969;187;419;town988;113;231;town1022;148;112;town984;464;164;town1008;270;230;town1034
139;town1016;114;435;town949;44;449;town1006;270;141;town947;237;111;town1043;111;22;town991;214;68;town925;13;139;town1039;271;294;town98
128;town930;280;489;town998;118;180;town947;164;362;town938;126;251;town937
167;town1023;204;355;town1024;191;153;town1026;236;250;town985;72;43;town1045;326;391;town968;116;80;town975;465;407;town987;405;146;town991;442;113;town944;215;160;town965;191;437;town931;421;190;town981;28;163;town905;294;230;town1030;84;471;town980;175;421;town917;472;122;town961;205;32;town959;76;410;town957
140;town907;125;27;town1029
149;town983;65;40;town915;288;433;town1028;407;372;town1005;89;310;town1023;115;390;town94
143;town997;417;145;town975;58;229;town901;230;217;town954;403;100;town986;252;25;town926;389;273;town1018;87;69;town1032;294;377;town1009;424;232;town940;389;204;town1027;121;122;town939;103;254;town1038;270;108;town1010
139;town1016;114;435;town949;44;449;town1006;270;141;town947;237;111;town1043;111;22;town991;214;68;town925;13;139;town1039;271;294;town98
163;town972;209;318;town946;364;139;town983;392;398;town956;66;34;town1017;237;210;town913;256;36;town999;10;71;town924;155;136;town912;23;184;town965;3;208;town981;185;438;town991;490;281;town988


137;town1043;61;408;town1035;233;110;town921

154;town1024;155;294;town959;375;214;town905;48;496;town1026;71;147;town917;177;69;town927;115;231;town1010;38;139;town984;420;64;town904;208;309;town990;217;233;town958;376;381;town1013;91;487;town921
136;town937;453;386;town962;335;50;town932;15;498;town1041;310;47;town960;275;441;town943;168;256;town904;58;209;town969;187;419;town988;113;231;town1022;148;112;town984;464;164;town1008;270;230;town1034
151;town1002;422;6;town986;53;357;town925;126;176;town911;38;432;town1027;62;405;town1018;378;421;town902;490;235;town909;81;241;town934;164;218;town1023
151;town1002;422;6;town986;53;357;town925;126;176;town911;38;432;town1027;62;405;town1018;378;421;town902;490;235;town909;81;241;town934;164;218;town1023
163;town972;209;318;town946;364;139;town983;392;398;town956;66;34;town1017;237;210;town913;256;36;town999;10;71;town924;155;136;town912;23;184;town965;3;208;town981;185;438;town991;490;281;town988
140;town907;125;27;town1029


142;town946;12;69;town924;121;202;town1015;101;214;town947;12;28;town929;114;486;town1045;284;266;town989;457;43;town963;355;8;town1014;15;379;town923;348;69;town908;80;288;town940;294;109;town1000
138;town1027;41;301;town987;392;118;town986;181;326;town983;322;307;town955;224;235;town979;170;292;town1028;401;135;town919;118;398;town970;469;273;town904;279;28;town909;343;493;town923;371;178;town926;417;23;town1036;28;386;town939;58;307;town1040;466;61;town911;39;130;town1039;320;469;town1042
138;town1027;41;301;town987;392;118;town986;181;326;town983;322;307;town955;224;235;town979;170;292;town1028;401;135;town919;118;398;town970;469;273;town904;279;28;town909;343;493;town923;371;178;town926;417;23;town1036;28;386;town939;58;307;town1040;466;61;town911;39;130;town1039;320;469;town1042
128;town930;280;489;town998;118;180;town947;164;362;town938;126;251;town937
144;town1002;144;278;town992;262;91;town928;329;179;town954;144;348;town1033;321;157;town905;22;162;town996;466;223;town936

159;town943;320;69;town931;442;176;town958;161;407;town992;350;378;town922;449;488;town946;228;499;town1009;266;404;town1019;40;464;town950;4;463;town1046;133;315;town917;297;247;town947;108;29;town963;410;368;town975;256;109;town900;331;437;town910;66;322;town942;500;25;town1013


146;town963;104;80;town1044;333;74;town1000;422;295;town924;341;9;town944

164;town949;416;339;town901;87;209;town927;283;321;town1044;22;231;town1046;272;95;town957;287;263;town978;468;491;town984;138;74;town998;483;139;town1031;491;75;town947;284;377;town1035;305;265;town1029;360;286;town904;464;478;town1042;296;117;t
147;town973;366;88;town939;27;495;town955;66;60;town953;393;177;town1045;198;432;town905;230;497;town1006;17;459;town1038;262;3;town959;11;192;town1041

160;town917;336;252;town967;376;335;town995;417;351;town988;255;361;town932;299;427;town998;7;447;town969;205;295;town1004
171;town985;362;260;town972;277;222;town905;353;301;town974;465;17;town988;55;436;town957;329;161;town962;40;295;town936;207;186;town973;339;461;town908;266;107;town959;150;348;town1009;204;174;town970;211;423;town940;31;82;town1003;479;61;town1011;37;10;town927;102;75;town942;212;325;town1043;47;25;town921
146;town963;104;80;town1044;333;74;town1000;422;295;town924;341;9;town944
162;town994;279;25;town912;211;86;town1020;403;18;town1046;375;198;town1006;408;276;town986;458;128;town958;92;354;town1022;22;373;town969;69;112;town992;491;344;town933;116;460;town930;10;215;town977;258;8;town955
173;town923;207;471;town956;71;224;town969;337;163;town1028;337;451;town978;168;457;town918;86;460;town919;170;209;town1010;114;38;town1001;392;163;town1030;366;134;town991;225;65;town1049
174;town958;451;307;town1041;284;385;town965;172;392;town1028;20;137;town1031;184;124;town1021;275;329;to

172;town976;248;355;town993;493;467;town953;294;373;town936;285;201;town1045;381;372;town1013;179;301;town1008;169;172;town903;220;115;town916;192;15;town972;257;422;town1003;182;172;town912;185;283;town925;327;415;town923;440;470;town997;389;473;town954;488;201;town949;275;475;town987
141;town904;314;22;town938;409;125;town971;448;447;town1026;195;269;town996;255;96;town990;119;244;to

153;town974;36;447;town1037;171;110;town1035;56;197;town1004;359;300;town1030;104;424;town934;303;51;town975;91;90;town1048;472;27;town937;153;5;town986;345;398;town901;454;274;town959;276;307;town1032;379;298;town987;449;285;town1019;354;22;town906;205;224;town940;54;366;town900;342;419;town949
150;town1047;353;451;town1009;321;223;town938;165;158;town1044;254;93;town919;336;200;town955;93;337;town988;446;328;town989;455;437;town1003;163;412;town999;156;159;town961;398;125;town981;419;315;town941;496;279;town922;468;365;town1039;300;13;town991

150;town1047;353;451;town1009;321;223;town938;165;158;town1044;254;93;town919;336;200;town955;93;337;town988;446;328;town989;455;437;town1003;163;412;town999;156;159;town961;398;125;town981;419;315;town941;496;279;town922;468;365;town1039;300;13;town991

167;town1023;204;355;town1024;191;153;town1026;236;250;town985;72;43;town1045;326;391;town968;116;80;town975;465;407;town987;405;146;town991;442;113;town944;215;160;town965;191;437;town931;421;190;town981;28;163;town905;294;230;town1030;84;471;town980;175;421;town917;472;122;town961;205;32;town959;76;410;town957
162;town994;279;25;town912;211;86;town1020;403;18;town1046;375;198;town1006;408;276;town986;458;128;town958;92;354;town1022;22;373;town969;69;112;town992;491;344;town933;116;460;town930;10;215;town977;258;8;town955
137;town1043;61;408;town1035;233;110;town921

165;town917;170;17;town977;329;17;town927;58;261;town1043;270;153;town941;431;202;town1009;350;64;town930;455;421;town912;23;436;town996;173;318;town957;443;55;town1047
164;town949;416;339;town901;87;209;town927;283;321;town1044;22;231;town1046;272;95;town957;287;263;town978;468;491;town984;138;74;town998;483;139;town1031;491;75;town947;284;377;town1035;305;265;town1029;360;286;town904;464;478;town1042;296;117;t
152;town926;193;316;town905;139;192;town962;500;348;town954;63;77;town977;106;125;town975
137;town1043;61;408;town1035;233;110;town921
157;town1023;479;208;town948;25;407;town945;119;333;town928;147;142;town960;62;287;town907;127;318;town931;484;190;town1027
172;town976;248;355;town993;493;467;town953;294;373;town936;285;201;town1045;381;372;town1013;179;301;town1008;169;172;town903;220;115;town916;192;15;town972;257;422;town1003;182;172;town912;185;283;town925;327;415;town923;440;470;town997;389;473;town954;488;201;town949;275;475;town987

153;town974;36;447;town1037;171;110;town1035;56;197;town1004;359;300;town1030;104;424;town934;303;51;town975;91;90;town1048;472;27;town937;153;5;town986;345;398;town901;454;274;town959;276;307;town1032;379;298;town987;449;285;town1019;354;22;town906;205;224;town940;54;366;town900;342;419;town949
