ERROR 2
ERROR 4
ERROR 5
ERROR 8
ERROR 9
ERROR 15
ERROR 16
ERROR 19
ERROR 21
ERROR 22
ERROR 24
ERROR 25
ERROR 26
ERROR 28
ERROR 29
ERROR 33
ERROR 34
ERROR 37
ERROR 38
ERROR 39
ERROR 42
ERROR 43
ERROR 46
ERROR 48
ERROR 51
ERROR 52
ERROR 54
ERROR 55
ERROR 57
ERROR 58
ERROR 60
ERROR 61
ERROR 63
ERROR 65
ERROR 66
ERROR 68
ERROR 69
ERROR 71
ERROR 72
ERROR 75
ERROR 76
ERROR 77
ERROR 78
ERROR 79
ERROR 81
ERROR 82
ERROR 84
ERROR 87
ERROR 88
ERROR 89
ERROR 93
ERROR 94
ERROR 97
ERROR 98
ERROR 99
ERROR 102
ERROR 103
ERROR 104
ERROR 105
ERROR 106
ERROR 107
ERROR 111
ERROR 112
ERROR 113
ERROR 114
ERROR 115
ERROR 116
ERROR 117
ERROR 118
ERROR 120
ERROR 125
ERROR 126
ERROR 127
ERROR 131
ERROR 133
ERROR 135
ERROR 136
ERROR 137
ERROR 138
ERROR 139
ERROR 143
ERROR 144
ERROR 145
ERROR 149
ERROR 150
ERROR 151
ERROR 152
ERROR 153
ERROR 154
ERROR 155
ERROR 156
ERROR 158
ERROR 159
ERROR 160
ERROR 161
ERROR 162
ERROR 163
ERROR 164
ERROR 165
ERROR 166
ERROR 167
ERROR 169
ERROR 172
ERROR 173
ERROR 174
ERROR 175
ERROR 176
ERROR 177
ERROR 180
ERROR 182
ERROR 184
ERROR 185
ERROR 186
ERROR 191
ERROR 193
ERROR 194
ERROR 195
ERROR 197
ERROR 198
ERROR 201
ERROR 202
ERROR 203
ERROR 204
ERROR 206
ERROR 208
ERROR 209
ERROR 211
ERROR 212
ERROR 213
ERROR 215
ERROR 216
ERROR 217
ERROR 218
ERROR 219
ERROR 220
ERROR 221
ERROR 224
ERROR 226
ERROR 228
ERROR 229
ERROR 231
ERROR 234
ERROR 235
ERROR 236
ERROR 237
ERROR 239
ERROR 242
ERROR 243
ERROR 244
ERROR 245
ERROR 246
ERROR 247
ERROR 248
ERROR 249
ERROR 250
ERROR 251
ERROR 253
ERROR 254
ERROR 255
ERROR 256
ERROR 257
ERROR 258
ERROR 259
ERROR 260
ERROR 261
ERROR 262
ERROR 264
ERROR 265
ERROR 266
ERROR 268
ERROR 271
ERROR 272
ERROR 275
ERROR 276
ERROR 277
ERROR 280
ERROR 281
ERROR 283
ERROR 284
ERROR 286
ERROR 287
ERROR 288
ERROR 292
ERROR 293
ERROR 294
ERROR 296
ERROR 297
ERROR 299
ERROR 302
ERROR 304
ERROR 306
ERROR 309
ERROR 310
ERROR 311
ERROR 312
ERROR 315
ERROR 316
ERROR 319
ERROR 321
ERROR 322
ERROR 323
ERROR 325
ERROR 326
ERROR 327
ERROR 329
ERROR 330
ERROR 331
ERROR 332
ERROR 334
ERROR 335
ERROR 338
ERROR 340
ERROR 343
ERROR 346
ERROR 348
ERROR 350
ERROR 351
ERROR 352
ERROR 353
ERROR 354
ERROR 356
ERROR 357
ERROR 358
ERROR 359
ERROR 360
ERROR 361
ERROR 362
ERROR 363
ERROR 364
ERROR 365
ERROR 368
ERROR 369
ERROR 370
ERROR 371
ERROR 374
ERROR 376
ERROR 377
ERROR 379
ERROR 380
ERROR 381
ERROR 382
ERROR 383
ERROR 385
ERROR 386
ERROR 388
ERROR 390
ERROR 392
ERROR 393
ERROR 394
ERROR 395
ERROR 396
ERROR 397
ERROR 398
ERROR 399
ERROR 400
ERROR 401
ERROR 402
ERROR 403
ERROR 404
ERROR 406
ERROR 407
ERROR 411
ERROR 412
ERROR 414
ERROR 420
ERROR 421
ERROR 425
ERROR 426
ERROR 427
ERROR 428
ERROR 430
ERROR 431
ERROR 432
ERROR 433
ERROR 434
ERROR 435
ERROR 437
ERROR 438
ERROR 440
ERROR 441
ERROR 443
ERROR 445
ERROR 448
ERROR 449
ERROR 452
ERROR 453
ERROR 454
ERROR 455
ERROR 456
ERROR 458
ERROR 459
ERROR 461
ERROR 462
ERROR 463
ERROR 465
ERROR 466
ERROR 468
ERROR 469
ERROR 471
ERROR 472
ERROR 473
ERROR 474
ERROR 475
ERROR 476
ERROR 477
ERROR 478
ERROR 479
ERROR 483
ERROR 484
ERROR 487
ERROR 488
ERROR 489
ERROR 490
ERROR 491
ERROR 493
ERROR 495
ERROR 502
ERROR 504
ERROR 505
ERROR 506
ERROR 507
ERROR 508
ERROR 509
ERROR 510
ERROR 511
ERROR 514
ERROR 515
ERROR 516
ERROR 517
ERROR 518
ERROR 520
ERROR 521
ERROR 522
ERROR 523
ERROR 525
ERROR 526
ERROR 527
ERROR 528
ERROR 530
ERROR 531
ERROR 532
ERROR 533
ERROR 534
ERROR 536
ERROR 537
ERROR 538
ERROR 539
ERROR 540
ERROR 542
ERROR 543
ERROR 544
ERROR 545
ERROR 546
ERROR 547
ERROR 548
ERROR 549
ERROR 551
ERROR 553
ERROR 554
ERROR 555
ERROR 558
ERROR 559
ERROR 562
ERROR 563
ERROR 564
ERROR 565
ERROR 567
ERROR 568
ERROR 570
ERROR 571
ERROR 572
ERROR 574
ERROR 575
ERROR 578
ERROR 579
ERROR 581
ERROR 582
ERROR 583
ERROR 584
ERROR 587
ERROR 591
ERROR 593
ERROR 595
ERROR 596
ERROR 598
ERROR 599
ERROR 600
ERROR 601
ERROR 602
ERROR 603
ERROR 606
ERROR 608
ERROR 609
ERROR 611
ERROR 612
ERROR 614
ERROR 615
ERROR 616
ERROR 618
ERROR 619
ERROR 620
ERROR 621
ERROR 623
ERROR 624
ERROR 625
ERROR 627
ERROR 628
ERROR 629
ERROR 631
ERROR 633
ERROR 634
ERROR 635
ERROR 637
ERROR 638
ERROR 640
ERROR 643
ERROR 644
ERROR 645
ERROR 647
ERROR 648
ERROR 649
ERROR 650
ERROR 651
ERROR 652
ERROR 654
ERROR 656
ERROR 657
ERROR 658
ERROR 659
ERROR 660
ERROR 661
ERROR 664
ERROR 665
ERROR 666
ERROR 669
ERROR 670
ERROR 671
ERROR 673
ERROR 674
ERROR 675
ERROR 676
ERROR 677
ERROR 678
ERROR 679
ERROR 680
ERROR 681
ERROR 682
ERROR 686
ERROR 688
ERROR 690
ERROR 692
ERROR 695
ERROR 698
ERROR 699
ERROR 700
ERROR 701
ERROR 704
ERROR 705
ERROR 709
ERROR 710
ERROR 711
ERROR 714
ERROR 716
ERROR 718
ERROR 719
ERROR 720
ERROR 721
ERROR 722
ERROR 724
ERROR 727
ERROR 728
ERROR 730
ERROR 731
ERROR 732
ERROR 733
ERROR 734
ERROR 736
ERROR 738
ERROR 739
ERROR 740
ERROR 741
ERROR 742
ERROR 744
ERROR 745
ERROR 746
ERROR 747
ERROR 748
ERROR 749
ERROR 753
ERROR 754
ERROR 755
ERROR 756
ERROR 757
ERROR 758
ERROR 759
ERROR 760
ERROR 761
ERROR 762
ERROR 763
ERROR 765
ERROR 766
ERROR 767
ERROR 768
ERROR 769
ERROR 773
ERROR 774
ERROR 775
ERROR 776
ERROR 777
ERROR 779
ERROR 780
ERROR 781
ERROR 782
ERROR 783
ERROR 786
ERROR 788
ERROR 790
ERROR 791
ERROR 792
ERROR 793
ERROR 794
ERROR 796
ERROR 797
ERROR 798
ERROR 799
ERROR 802
ERROR 803
ERROR 804
ERROR 805
ERROR 809
ERROR 810
ERROR 813
ERROR 814
ERROR 815
ERROR 816
ERROR 817
ERROR 818
ERROR 819
ERROR 820
ERROR 821
ERROR 822
ERROR 823
ERROR 824
ERROR 825
ERROR 826
ERROR 827
ERROR 829
ERROR 830
ERROR 831
ERROR 834
ERROR 835
ERROR 836
ERROR 838
ERROR 839
ERROR 840
ERROR 841
ERROR 842
ERROR 843
ERROR 845
ERROR 846
ERROR 847
ERROR 848
ERROR 849
ERROR 850
ERROR 853
ERROR 855
ERROR 857
ERROR 858
ERROR 859
ERROR 860
ERROR 861
ERROR 862
ERROR 864
ERROR 866
ERROR 867
ERROR 868
ERROR 870
ERROR 874
ERROR 876
ERROR 878
ERROR 880
ERROR 881
ERROR 882
ERROR 883
ERROR 885
ERROR 887
ERROR 889
ERROR 894
ERROR 896
ERROR 897
ERROR 898
ERROR 899
ERROR 900
ERROR 902
ERROR 904
ERROR 905
ERROR 908
ERROR 909
ERROR 911
ERROR 912
ERROR 913
ERROR 914
ERROR 917
ERROR 918
ERROR 919
ERROR 921
ERROR 922
ERROR 923
ERROR 924
ERROR 925
ERROR 926
ERROR 928
ERROR 929
ERROR 930
ERROR 931
ERROR 934
ERROR 937
ERROR 938
ERROR 939
ERROR 940
ERROR 941
ERROR 942
ERROR 943
ERROR 944
ERROR 945
ERROR 946
ERROR 947
ERROR 948
ERROR 949
ERROR 951
ERROR 953
ERROR 955
ERROR 956
ERROR 957
ERROR 959
ERROR 960
ERROR 961
ERROR 962
ERROR 963
ERROR 964
ERROR 965
ERROR 966
ERROR 967
ERROR 968
ERROR 969
ERROR 970
ERROR 971
ERROR 972
ERROR 973
ERROR 974
ERROR 975
ERROR 976
ERROR 977
ERROR 978
ERROR 979
ERROR 980
ERROR 981
ERROR 982
ERROR 983
ERROR 984
ERROR 986
ERROR 988
ERROR 989
ERROR 990
ERROR 993
ERROR 994
ERROR 995
ERROR 996
ERROR 998
ERROR 999
ERROR 1000
ERROR 1001
ERROR 1002
ERROR 1003
ERROR 1004
ERROR 1005
ERROR 1006
ERROR 1009
ERROR 1011
ERROR 1012
ERROR 1013
ERROR 1015
ERROR 1016
ERROR 1017
ERROR 1018
ERROR 1019
ERROR 1020
ERROR 1023
ERROR 1024
ERROR 1025
ERROR 1028
ERROR 1029
ERROR 1030
ERROR 1031
ERROR 1032
ERROR 1033
ERROR 1036
ERROR 1037
ERROR 1039
ERROR 1040
ERROR 1042
ERROR 1043
ERROR 1044
ERROR 1046
ERROR 1048
ERROR 1049
ERROR 1050
ERROR 1051
ERROR 1052
ERROR 1053
ERROR 1055
ERROR 1056
ERROR 1057
ERROR 1058
ERROR 1059
ERROR 1060
ERROR 1061
ERROR 1062
ERROR 1063
ERROR 1065
ERROR 1066
ERROR 1067
ERROR 1068
ERROR 1069
ERROR 1070
ERROR 1071
ERROR 1072
ERROR 1074
ERROR 1077
ERROR 1080
ERROR 1082
ERROR 1083
ERROR 1084
ERROR 1085
ERROR 1086
ERROR 1088
ERROR 1089
ERROR 1090
ERROR 1093
ERROR 1094
ERROR 1095
ERROR 1096
ERROR 1097
ERROR 1098
