





167;town959;81;417;town1044;257;21;town1036;339;316;town958;166;139;town949;79;387;town993;65;408;town992;283;148;town922;103;87;town997;311;65;town984

156;town986;293;69;town1012;24;257;town932;90;214;town1021;13;207;town970;442;461;t

136;town973;293;330;town925;279;373;town966;253;6;town1011;285;347;town931;110;23;town951;205;440;town950;206;31;town940;314;469;town1033;67;494;town1038;78;298;town914;258;459;town968



150;town967;312;141;town945;108;61;town957;87;229;town958;492;90;town948;147;341;town1039;435;446;town1012;319;74;town973;25;396;town966;414;102;town914;75;248;town1041;314;474;town975;297;240;town1036

169;town908;435;327;town1033;471;197;town1041;489;88;town965;319;295;town901;106;216;town1027;485;126;town952
169;town908;435;327;town1033;471;197;town1041;489;88;town965;319;295;town901;106;216;town1027;485;126;town952
143;town951;407;229;town1027


157;town998;142;141;town942;226;150;town979;414;344;town928;276;256;town901;47;195;town902





156;town986;293;69;town1012;24;257;town932;90;214;town1021;13;207;town970;442;461;t
145;town938;209;319;town920;36;335;town999;312;373;town945;157;316;town1042;404;265;town1044;383;16;town1027;294;48;town918;68;114;town1020;204;108;town1040

154;town925;100;67;town1039;322;397;town917;145;429;town1046;471;210;town1015;200;433;town949;378;488;town973;135;114;town948;65;199;town1035;70;448;town911;370;183;town924;364;387;town928;295;473;town950

163;town999;81;17;town944;364;265;town978;373;110;town959;45;400;town919;128;457;to



166;town988;152;53;town1018;99;410;town1037;480;209;town1040;451;438;town960;143;316;town934;496;342;town940;85;271;town908;86;91;town997;340;314;town1039;313;145;town1033;447;5;town1029;357;175;town962;90;241;town932
164;town915;221;76;town1038;183;473;town1036;251;10;tow
158;town933;189;8;town
132;town1035;386;482;town913;244;365;town967;44;495;town972;432;379;town1023;252;415;town1043;457;419;town911;388;139;town940;257;157;town983;337;474;town955;157;52;town927

147;town1025;97;208;town971;74;276;town944;455;325;town995;163;70;town992;11;290;town972;118;47;town990
167;town959;81;417;town1044;257;21;town1036;339;316;town958;166;139;town949;79;387;town993;65;408;town992;283;148;town922;103;87;town997;311;65;town984
156;town986;293;69;town1012;24;257;town932;90;214;town1021;13;207;town970;442;461;t
144;town1021;363;470;town952;353;415;town999;306;402;town932
147;town1025;97;208;town971;74;276;town944;455;325;town995;163;70;town992;11;290;town972;118;47;town990
147;town1025;97;208;town971;74;276;town944;455;325;town995;163;70;town992;11;290;town972;118;47;town990
135;town941;493;266;town956;213;321;town1037;404;404;town1035;393;170;town938;286;346;town950
147;town1025;97;208;town971;74;276;town944;455;325;town995;163;70;town992;11;290;town972;118;47;town990
169;town908;435;327;town1033;471;197;town1041;489;88;town965;319;295;town901;106;216;town1027;485;126;town952

126;town1040;321;288;town1045;265;278;town1038;286;330;town961;318;101;town945;219;113;town994;158;267;town909;493;342;t
132;town1035;386;482;town913;244;365;town967;44;495;town972;432;379;town1023;252;415;town1043;457;419;town911;388;139;town940;257;157;town983;337;474;town955;157;52;town927
138;town932;413;374;town914;241;462;town970;343;288;town910;126;353;town1002;488;332;town1045;52;190;town1041;139;449;town1024;55;209;town934;249;8;town1007;382;297;town1020

138;town932;413;374;town914;241;462;town970;343;288;town910;126;353;town1002;488;332;town1045;52;190;town1041;139;449;town1024;55;209;town934;249;8;town1007;382;297;town1020
171;town941;228;463;town1033;132;63;town923;394;496;town1036;19;358;town968;243;369;town931;178;116;town933;470;230;town970;221;169;town957;403;258;town990;334;385;town958
166;town988;152;53;town1018;99;410;town1037;480;209;town1040;451;438;town960;143;316;town934;496;342;town940;85;271;town908;86;91;town997;340;314;town1039;313;145;town1033;447;5;town1029;357;175;town962;90;241;town932
133;town963;463;441;town958;271;95;town908;482;446;town1026;355;368;town1042;21;456;town930;334;329;town938;264;293;town985;43;437;town953;250;465;town961;338;462;town1001;168;423;town952
164;town915;221;76;town1038;183;473;town1036;251;10;tow

129;town981;186;75;town909;401;165;town903;384;120;town1017;431;414;town927;464;211;town986

141;town910;376;480;town997;36;473;town916;315;357;town931;163;415;town985;158;355;town923;410;437;town980;104;99;town909;123;344;town1028;181;273;town989;438;244;town900;128;81;town963
126;town1040;321;288;town1045;265;278;town1038;286;330;town961;318;101;town945;219;113;town994;158;267;town909;493;342;t
134;town903;186;334;town937;39;384;town1012;307;499;town1013;269;145;town955;243;290;town1035;274;33;town1031;80;301;town913;322;337;town956
147;town1025;97;208;town971;74;276;town944;455;325;town995;163;70;town992;11;290;town972;118;47;town990
169;town908;435;327;town1033;471;197;town1041;489;88;town965;319;295;town901;106;216;town1027;485;126;town952

134;town903;186;334;town937;39;384;town1012;307;499;town1013;269;145;town955;243;290;town1035;274;33;town1031;80;301;town913;322;337;town956


169;town908;435;327;town1033;471;197;town1041;489;88;town965;319;295;town901;106;216;town1027;485;126;town952

173;town1021;44;290;town912;467;347;town911;328;90;town986;244;57;town957;5;236;town913;473;230;town971;439;264;town932;59;463;town978;409;433;town1020;307;89;town941;457;324;town967;135;273;town920;59;271;town10

162;town916;71;392;town956;391;399;town1031;466;139;town970;455;472;town947;182;92;town1026
156;town986;293;69;town1012;24;257;town932;90;214;town1021;13;207;town970;442;461;t
156;town986;293;69;town1012;24;257;town932;90;214;town1021;13;207;town970;442;461;t

149;town970;454;133;town10

152;town1034;354;209;town1044;332;98;town998;21;245;town1019;50;172;town902;53;305;town996;104;155;town993;140;109;town995;463;287;town937;245;313;town1023;423;383;town1021;476;316;town1007;52;349;town939;8;345;town951;494;346;town1012;231;172;town943;107;306;town928;36;407;town1028
153;town1011;101;273;town935;189;113;town919;93;327;town992;432;467;town925;432;69;town1048;101;107;town1016;207;367;town975;425;445;town1027;439;142;town1042;346;119;town915;19;71;town1014;264;261;town1025;30;307;town970;120;90;town972;142;231;town1000;20;187;town953;356;372;town949;257;329;town962;459;308;town961
155;town1031;109;331;town914;11;377;town985;71;297;town1035;411;71;town970;276;143;town984;10;325;town959;56;181;town947;449;221;town915;266;492;town913;335;36;town952;342;380;town979;432;436;town1023;491;411;town949;279;352;town939;409;190;town1032;106;85;town1000;301;269;town956;332;347;town918
143;town951;407;229;town1027
133;town963;463;441;town958;271;95;town908;482;446;town1026;355;368;town1042;21;456;town930;334;329;town938;264;293;town985;43;437;town953;250;465;town961;338;462;town1001;168;423;town952
145;town938;209;319;town920;36;335;town999;312;373;town945;157;316;town1042;404;265;town1044;383;16;town1027;294;48;town918;68;114;town1020;204;108;town1040
129;town981;186;75;town909;401;165;town903;384;120;town1017;431;414;town927;464;211;town986
132;town1035;386;482;town913;244;365;town967;44;495;town972;432;379;town1023;252;415;town1043;457;419;town911;388;139;town940;257;157;town983;337;474;town955;157;52;town927
142;town916;235;272;town959;472;7;town1001;368;425;town906;100;374;town997;119;27;town9
150;town967;312;141;town945;108;61;town957;87;229;town958;492;90;town948;147;3509;town1039;435;446;town1012;319;74;town973;25;396;town966;414;102;town914;75;248;town1041;314;474;town975;297;240;town1036
163;town999;81;17;town944;364;265;town978;373;110;town959;45;400;town919;128;457;to
159;town1040;41;237;town1012;398;447;town909;170;127;town1008;103;199;town1020;492;301;town1022
127;town983;113;219;town903;348;379;town925;387;394;town980;299;312;town918;460;68;town964;72;158;town952;210;465;town988;412;27;town956;129;495;town1038;254;249;town1044;336;368;town920;239;48;town998;309;489;town965;165;88;town945;363;452;town1048
162;town916;71;392;town956;391;399;town1031;466;139;town970;455;472;town947;182;92;town1026
153;town1011;101;273;town935;189;113;town919;93;327;town992;432;467;town925;432;69;town1048;101;107;town1016;207;367;town975;425;445;town1027;439;142;town1042;346;119;town915;19;71;town1014;264;261;town1025;30;307;town970;120;90;town972;142;231;town1000;20;187;town953;356;372;town949;257;329;town962;459;308;town961
172;town1030;483;450;town931;463;76;town919;228;319;town962;144;255;town1002;151;199;town1021;420;177;town935;75;240;town995

149;town970;454;133;town10
170;town1043;317;28;town970;365;251;town975;448;268;town908;145;378;town1049;75;61;town971
159;town1040;41;237;town1012;398;447;town909;170;127;town1008;103;199;town1020;492;301;town1022

147;town1025;97;208;town971;74;276;town944;455;325;town995;163;70;town992;11;290;town972;118;47;town990
157;town998;142;141;town942;226;150;town979;414;344;town928;276;256;town901;47;195;town902


171;town941;228;463;town1033;132;63;town923;394;496;town1036;19;358;town968;243;369;town931;178;116;town933;470;230;town970;221;169;town957;403;258;town990;334;385;town958
170;town1043;317;28;town970;365;251;town975;448;268;town908;145;378;town1049;75;61;town971
166;town988;152;53;town1018;99;410;town1037;480;209;town1040;451;438;town960;143;316;town934;496;342;town940;85;271;town908;86;91;town997;340;314;town1039;313;145;town1033;447;5;town1029;357;175;town962;90;241;town932
129;town981;186;75;town909;401;165;town903;384;120;town1017;431;414;town927;464;211;town986

154;town925;100;67;town1039;322;397;town917;145;429;town1046;471;210;town1015;200;433;town949;378;488;town973;135;114;town948;65;199;town1035;70;448;town911;370;183;town924;364;387;town928;295;473;town950
172;town1030;483;450;town931;463;76;town919;228;319;town962;144;255;town1002;151;199;town1021;420;177;town935;75;240;town995

152;town1034;354;209;town1044;332;98;town998;21;245;town1019;50;172;town902;53;305;town996;104;155;town993;140;109;town995;463;287;town937;245;313;town1023;423;383;town1021;476;316;town1007;52;349;town939;8;345;town951;494;346;town1012;231;172;town943;107;306;town928;36;407;town1028
139;town963;129;375;town983;309;287;town960;261;37;town925;193;385;town1023;338;131;town1024;476;304;town1014;65;159;town906
141;town910;376;480;town997;36;473;town916;315;357;town931;163;415;town985;158;355;town923;410;437;town980;104;99;town909;123;344;town1028;181;273;town989;438;244;town900;128;81;town963
150;town967;312;141;town945;108;61;town957;87;229;town958;492;90;town948;147;3509;town1039;435;446;town1012;319;74;town973;25;396;town966;414;102;town914;75;248;town1041;314;474;town975;297;240;town1036

157;town998;142;141;town942;226;150;town979;414;344;town928;276;256;town901;47;195;town902
163;town999;81;17;town944;364;265;town978;373;110;town959;45;400;town919;128;457;to
129;town981;186;75;town909;401;165;town903;384;120;town1017;431;414;town927;464;211;town986
132;town1035;386;482;town913;244;365;town967;44;495;town972;432;379;town1023;252;415;town1043;457;419;town911;388;139;town940;257;157;town983;337;474;town955;157;52;town927

127;town983;113;219;town903;348;379;town925;387;394;town980;299;312;town918;460;68;town964;72;158;town952;210;465;town988;412;27;town956;129;495;town1038;254;249;town1044;336;368;town920;239;48;town998;309;489;town965;165;88;town945;363;452;town1048
172;town1030;483;450;town931;463;76;town919;228;319;town962;144;255;town1002;151;199;town1021;420;177;town935;75;240;town995
145;town938;209;319;town920;36;335;town999;312;373;town945;157;316;town1042;404;265;town1044;383;16;town1027;294;48;town918;68;114;town1020;204;108;town1040
160;town912;79;259;town953;101;219;town934;105;167;town1046;115;397;town1021;8;373;town916;324;131;town1007;397;282;town1038;115;279;town969;415;243;town988;45;98;town1028;491;215;town958;280;490;town941;118;238;town936;335;210;town1020;99;130;town1001;206;331;town9
162;town916;71;392;town956;391;399;town1031;466;139;town970;455;472;town947;182;92;town1026
127;town983;113;219;town903;348;379;town925;387;394;town980;299;312;town918;460;68;town964;72;158;town952;210;465;town988;412;27;town956;129;495;town1038;254;249;town1044;336;368;town920;239;48;town998;309;489;town965;165;88;town945;363;452;town1048
140;town1045;351;931;town912;327;445;town974;46;278;town921;286;414;town991;405;497;town918
134;town903;186;334;town937;39;384;town1012;307;499;town1013;269;145;town955;243;290;town1035;274;33;town1031;80;301;town913;322;337;town956
125;town1037;181;287;town1026;333;476;town920;113;77;town919;175;260;town1017;377;7;town991;144;175;town904;257;119;town1028;353;305;town924;437;483;town931
126;town1040;321;288;town1045;265;278;town1038;286;330;town961;318;101;town945;219;113;town994;158;267;town909;493;342;t
132;town1035;386;482;town913;244;365;town967;44;495;town972;432;379;town1023;252;415;town1043;457;419;town911;388;139;town940;257;157;town983;337;474;town955;157;52;town927
153;town1011;101;273;town935;189;113;town919;93;327;town992;432;467;town925;432;69;town1048;101;107;town1016;207;367;town975;425;445;town1027;439;142;town1042;346;119;town915;19;71;town1014;264;261;town1025;30;307;town970;120;90;town972;142;231;town1000;20;187;town953;356;372;town949;257;329;town962;459;308;town961
133;town963;463;441;town958;271;95;town908;482;446;town1026;355;368;town1042;21;456;town930;334;329;town938;264;293;town985;43;437;town953;250;465;town961;338;462;town1001;168;423;town952

143;town951;407;229;town1027
138;town932;413;374;town914;241;462;town970;343;288;town910;126;353;town1002;488;332;town1045;52;190;town1041;139;449;town1024;55;209;town934;249;8;town1007;382;297;town1020


138;town932;413;374;town914;241;462;town970;343;288;town910;126;353;town1002;488;332;town1045;52;190;town1041;139;449;town1024;55;209;town934;249;8;town1007;382;297;town1020
