







170;town906;281;221;town1038;101;217;town1034;441;393;town994;235;259;town1001;383;117;town924;174;440;town992;151;77;town1006;420;428;town912;40;482;town903












145;town1017;72;73;town928;364;487;town933;405;458;town960;222;431;town971;178;353;town977;366;277;town992;36;233;town969;388;403;town1023;63;200;town1013;182;267;town987;383;320;town944;458;326;town1048;416;135;town951;4;489;town949;97;474;town967;137;341;town937;210;228;town913;358;190;town998




129;town917;324;500;town912;410;267;town1036;456;7;town927;203;199;town1018;326;416;town1006;136;242;town1001;370;171;town931;278;70;town1023
168;town1005;34;395;town932;209;227;town934;327;45;town967;237;99;town925;374;407;town961;469;314;town1041;379;204;town913;154;21;town979;14;481;town917;52;181;town999;123;309;town1026;319;394;town1021;250;364;town1037;291;299;town1024;280;225;town918

142;town984;240;285;town1004;48;312;town1027;399;412;town993;242;394;town968
157;town952;379;228;town971;146;414;town990;68;239;town1020;348;121;town1009;466;232;town968;466;376;town1003;82;221;town1010;299;498;town1019;408;456;town915;166;488;town924;15;326;town1024;31;164;town962;440;39;town1007
165;town928;466;54;town938;109;421;town960;250;394;town965;9;402;town1014;104;410;town1033;373;284;town959;68;171;town974;222;234;town953;261;405;town956;230;188;town929
142;town984;240;285;town1004;48;312;town1027;399;412;town993;242;394;town968

157;town952;379;228;town971;146;414;town990;68;239;town1020;348;121;town1009;466;232;town968;466;376;town1003;82;221;town1010;299;498;town1019;408;456;town915;166;488;town924;15;326;town1024;31;164;town962;440;39;town1007
128;town976;378;481;town985;438;455;town964;482;500;town916;243;293;town940;201;124;town959;130;365;town955;89;105;town921;293;8;town973;106;150;town1045;242;33;town1038;436;10;town991;393;106;town961;241;136;town1042;184;110;town972;318;304;town1016;290;194;town1010;457;402;town1025;386;388;town1032;498;233;town987

151;town1021;162;196;town1004;274;53;town1008;418;416;town1007;125;221;town953;439;455;town923;218;121;town934
162;town950;432;435;town928;229;129;town977;198;138;town949;38;19;town957;32;136;town988;125;194;town932;91;140;town916;367;163;town943;470;436;town955;260;36;town999;247;216;town918;446;61;town987;218;86;town1036
141;town998;39;49;town970;315;61;town1022;45;191;town994;208;29;town976
145;town1017;72;73;town928;364;487;town933;405;458;town960;222;431;town971;178;353;town977;366;277;town992;36;233;town969;388;403;town1023;63;200;town1013;182;267;town987;383;320;town944;458;326;town1048;416;135;town951;4;489;town949;97;474;town967;137;341;town937;210;228;town913;358;190;town998


174;town943;355;91;town935
155;town949;217;36;town1019;42;270;town977;253;330;town979;321;436;town919;412;69;town929;307;451;town1014;336;415;town911;294;274;town1023;296;198;town1020;141;117;town984;320;378;town960;258;17;town989;308;3;town917;262;214;town954;16;445;town1036;31;210;town1021;468;254;town978;422;240;town1025

147;town1008;149;429;town953;192;374;town993;177;178;town1029;412;318;town916;385;491;town1035;463;288;town982;458;223;town998;51;205;town919
135;town990;263;185;town906;103;225;town1000;160;167;town967;45;168;town995;399;83;town1036
152;town993;233;289;town923;490;52;town930;257;491;town1013;321;154;town1001;226;469;town953

140;town905;392;431;town1039;464;19;town1005;98;461;town931;35;273;town1008;375;453;town977;364;198;town942;454;266;town914;374;441;town934;426;382;town906;73;99;town969;114;391;town1003;428;27;town956;439;114;town959;72;275;town908;252;330;town952;46;469;town953;42;95;town1034;282;407;town930;156;53;town924

162;town950;432;435;town928;229;129;town977;198;138;town949;38;19;town957;32;136;town988;125;194;town932;91;140;town916;367;163;town943;470;436;town955;260;36;town999;247;216;town918;446;61;town987;218;86;town1036
172;town949;193;138;town970;296;420;town957;60;402;town991;274;131;town929;490;483;town963;212;420;town987;402;55;town912;414;350;town993;41;126;town1040;334;17;town966;38;65;town980;431;54;town1017

171;town943;27;49;town1016;8;453;town958;85;111;town1018;245;80;town989
129;town917;324;500;town912;410;267;town1036;456;7;town927;203;199;town1018;326;416;town1006;136;242;town1001;370;171;town931;278;70;town1023
133;town947;145;430;town916;304;385;town908;448;47;town911;448;303;town924;203;194;town923;281;395;town1049;55;356;town944
128;town976;378;481;town985;438;455;town964;482;500;town916;243;293;town940;201;124;town959;130;365;town955;89;105;town921;293;8;town973;106;150;town1045;242;33;town1038;436;10;town991;393;106;town961;241;136;town1042;184;110;town972;318;304;town1016;290;194;town1010;457;402;town1025;386;388;town1032;498;233;town987
127;town906;475;361;town997;89;350;town960;226;330;town958;122;188;town959;263;359;town944;201;471;town951;478;417;town902
170;town906;281;221;town1038;101;217;town1034;441;393;town994;235;259;town1001;383;117;town924;174;440;town992;151;77;town1006;420;428;town912;40;482;town903
157;town952;379;228;town971;146;414;town990;68;239;town1020;348;121;town1009;466;232;town968;466;376;town1003;82;221;town1010;299;498;town1019;408;456;town915;166;488;town924;15;326;town1024;31;164;town962;440;39;town1007
170;town906;281;221;town1038;101;217;town1034;441;393;town994;235;259;town1001;383;117;town924;174;440;town992;151;77;town1006;420;428;town912;40;482;town903
157;town952;379;228;town971;146;414;town990;68;239;town1020;348;121;town1009;466;232;town968;466;376;town1003;82;221;town1010;299;498;town1019;408;456;town915;166;488;town924;15;326;town1024;31;164;town962;440;39;town1007
173;town904;68;366;town996;28;431;town985;293;496;town971;173;196;town1027;186;95;town1026;147;104;to
136;town992;255;309;town973;245;81;town1034;490;268;town944;251;482;town942;193;251;town913;152;497;town945;5;442;town903
167;town963;65;96;town926;37;303;to
146;town1035;103;315;town964;378;125;to
174;town943;355;91;town935
165;town928;466;54;town938;109;421;town960;250;394;town965;9;402;town1014;104;410;town1033;373;284;town959;68;171;town974;222;234;town953;261;405;town956;230;188;town929

150;town1018;254;401;town1037;293;348;town912;172;254;town952;225;105;town1017;457;270;town950;482;277;town1024;198;155;town979;426;386;town978;167;132;town94
162;town950;432;435;town928;229;129;town977;198;138;town949;38;19;town957;32;136;town988;125;194;town932;91;140;town916;367;163;town943;470;436;town955;260;36;town999;247;216;town918;446;61;town987;218;86;town1036
125;town1040;371;462;town1011

147;town1008;149;429;town953;192;374;town993;177;178;town1029;412;318;town916;385;491;town1035;463;288;town982;458;223;town998;51;205;town919

133;town947;145;430;town916;304;385;town908;448;47;town911;448;303;town924;203;194;town923;281;395;town1049;55;356;town944
134;town994;174;49;town963;227;88;town945;247;430;town995
128;town976;378;481;town985;438;455;town964;482;500;town916;243;293;town940;201;124;town959;130;365;town955;89;105;town921;293;8;town973;106;150;town1045;242;33;town1038;436;10;town991;393;106;town961;241;136;town1042;184;110;town972;318;304;town1016;290;194;town1010;457;402;town1025;386;388;town1032;498;233;town987
165;town928;466;54;town938;109;421;town960;250;394;town965;9;402;town1014;104;410;town1033;373;284;town959;68;171;town974;222;234;town953;261;405;town956;230;188;town929
133;town947;145;430;town916;304;385;town908;448;47;town911;448;303;town924;203;194;town923;281;395;town1049;55;356;town944


138;town1033;184;480;town942;48;425;town952;499;23;town925;116;190;town1008;161;174;town934;104;336;town984
153;town998;333;260;town1027;238;8;town919;376;455;town1017;220;175;town951;313;354;town959;214;126;town1036;369;49;town1005;287;200;town989;431;69;town946;313;259;town916;86;228;town944;303;24;town957;346;237;town961;404;443;town966;409;492;town986
165;town928;466;54;town938;109;421;town960;250;394;town965;9;402;town1014;104;410;town1033;373;284;town959;68;171;town974;222;234;town953;261;405;town956;230;188;town929
149;town918;81;366;town943;437;382;town994
167;town963;65;96;town926;37;303;to
166;town947;116;228;town1048;280;129;town921;359;61;town974;391;40;town932;289;366;town928;321;378;town969

158;town951;243;89;town991;151;392;town1030;96;125;town902;252;477;town1038;391;32;town1025;306;370;town929;79;221;town977;445;166;town906;83;277;town1040;287;22;town992;168;132;town967;343;465;town976;182;57;town927

150;town1018;254;401;town1037;293;348;town912;172;254;town952;225;105;town1017;457;270;town950;482;277;town1024;198;155;town979;426;386;town978;167;132;town94
138;town1033;184;480;town942;48;425;town952;499;23;town925;116;190;town1008;161;174;town934;104;336;town984
125;town1040;371;462;town1011
150;town1018;254;401;town1037;293;348;town912;172;254;town952;225;105;town1017;457;270;town950;482;277;town1024;198;155;town979;426;386;town978;167;132;town94

174;town943;355;91;town935

171;town943;27;49;town1016;8;453;town958;85;111;town1018;245;80;town989
146;town1035;103;315;town964;378;125;to

169;town1028;401;438;town1001;87;136;town999;466;76;town981;405;396;town982;443;421;town949;178;77;town932
162;town950;432;435;town928;229;129;town977;198;138;town949;38;19;town957;32;136;town988;125;194;town932;91;140;town916;367;163;town943;470;436;town955;260;36;town999;247;216;town918;446;61;town987;218;86;town1036
162;town950;432;435;town928;229;129;town977;198;138;town949;38;19;town957;32;136;town988;125;194;town932;91;140;town916;367;163;town943;470;436;town955;260;36;town999;247;216;town918;446;61;town987;218;86;town1036
141;town998;39;49;town970;315;61;town1022;45;191;town994;208;29;town976
167;town963;65;96;town926;37;303;to

136;town992;255;309;town973;245;81;town1034;490;268;town944;251;482;town942;193;251;town913;152;497;town945;5;442;town903
168;town1005;34;395;town932;209;227;town934;327;45;town967;237;99;town925;374;407;town961;469;314;town1041;379;204;town913;154;21;town979;14;481;town917;52;181;town999;123;309;town1026;319;394;town1021;250;364;town1037;291;299;town1024;280;225;town918
141;town998;39;49;town970;315;61;town1022;45;191;town994;208;29;town976
153;town998;333;260;town1027;238;8;town919;376;455;town1017;220;175;town951;313;354;town959;214;126;town1036;369;49;town1005;287;200;town989;431;69;town946;313;259;town916;86;228;town944;303;24;town957;346;237;town961;404;443;town966;409;492;town986
155;town949;217;36;town1019;42;270;town977;253;330;town979;321;436;town919;412;69;town929;307;451;town1014;336;415;town911;294;274;town1023;296;198;town1020;141;117;town984;320;378;town960;258;17;town989;308;3;town917;262;214;town954;16;445;town1036;31;210;town1021;468;254;town978;422;240;town1025
166;town947;116;228;town1048;280;129;town921;359;61;town974;391;40;town932;289;366;town928;321;378;town969
160;town1043;85;235;town979;209;388;town1035;318;61;town945;243;372;town980;226;467;town1030;133;434;town987;318;437;town1041;149;68;town947;255;376;town921;366;470;town1009;332;320;town956;16;361;town925;223;494;town1023;374;494;town920;37;29;town937;490;218;town936;243;105;town1020;238;130;town997
143;town1007;310;192;town906;386;46;town1003;326;438;town1039;257;337;town1018;382;480;town918;284;159;town915;168;411;town953;293;318;town1028;201;436;town1032;383;180;town1023;430;233;town996;336;234;town925;295;256;town951;494;347;town926;450;238;town969;72;332;town919;293;90;town928;369;353;town992
146;town1035;103;315;town964;378;125;to
151;town1021;162;196;town1004;274;53;town1008;418;416;town1007;125;221;town953;439;455;town923;218;121;town934
146;town1035;103;315;town964;378;125;to
171;town943;27;49;town1016;8;453;town958;85;111;town1018;245;80;town989


128;town976;378;481;town985;438;455;town964;482;500;town916;243;293;town940;201;124;town959;130;365;town955;89;105;town921;293;8;town973;106;150;town1045;242;33;town1038;436;10;town991;393;106;town961;241;136;town1042;184;110;town972;318;304;town1016;290;194;town1010;457;402;town1025;386;388;town1032;498;233;town987
151;town1021;162;196;town1004;274;53;town1008;418;416;town1007;125;221;town953;439;455;town923;218;121;town934
159;town1011;389;26;town961;376;58;town908;180;357;town1040;77;445;town936;111;138;town994;130;404;town955;492;56;town1024
132;town920;430;378;town1043
165;town928;466;54;town938;109;421;town960;250;394;town965;9;402;town1014;104;410;town1033;373;284;town959;68;171;town974;222;234;town953;261;405;town956;230;188;town929
169;town1028;401;438;town1001;87;136;town999;466;76;town981;405;396;town982;443;421;town949;178;77;town932
139;town995;169;249;town1013;496;206;town982;197;135;town929;217;141;town1038
166;town947;116;228;town1048;280;129;town921;359;61;town974;391;40;town932;289;366;town928;321;378;town969
165;town928;466;54;town938;109;421;town960;250;394;town965;9;402;town1014;104;410;town1033;373;284;town959;68;171;town974;222;234;town953;261;405;town956;230;188;town929
163;town1042;415;484;town965;478;91;town1007;432;287;town954;240;277;town1012;337;177;town956;40;85;town1037;244;276;town948;321;213;town1025;490;66;town981;294;137;town995;335;322;town918;174;425;town903;451;161;town940;217;470;town1034;258;152;town932;83;93;town1024

154;town1021;415;469;town940;68;463;town1024;361;493;town987
135;town990;263;185;town906;103;225;town1000;160;167;town967;45;168;town995;399;83;town1036

139;town995;169;249;town1013;496;206;town982;197;135;town929;217;141;town1038
159;town1011;389;26;town961;376;58;town908;180;357;town1040;77;445;town936;111;138;town994;130;404;town955;492;56;town1024
163;town1042;415;484;town965;478;91;town1007;432;287;town954;240;277;town1012;337;177;town956;40;85;town1037;244;276;town948;321;213;town1025;490;66;town981;294;137;town995;335;322;town918;174;425;town903;451;161;town940;217;470;town1034;258;152;town932;83;93;town1024
136;town992;255;309;town973;245;81;town1034;490;268;town944;251;482;town942;193;251;town913;152;497;town945;5;442;town903
149;town918;81;366;town943;437;382;town994
140;town905;392;431;town1039;464;19;town1005;98;461;town931;35;273;town1008;375;453;town977;364;198;town942;454;266;town914;374;441;town934;426;382;town906;73;99;town969;114;391;town1003;428;27;town956;439;114;town959;72;275;town908;252;330;town952;46;469;town953;42;95;town1034;282;407;town930;156;53;town924




151;town1021;162;196;town1004;274;53;town1008;418;416;town1007;125;221;town953;439;455;town923;218;121;town934
141;town998;39;49;town970;315;9229;town1022;45;191;town994;208;29;town976
150;town1018;254;401;town1037;293;348;town912;172;254;town952;225;105;town1017;457;270;town950;482;277;town1024;198;155;town979;426;386;town978;167;132;town94
134;town994;174;49;town963;227;88;town945;247;430;town995
160;town1043;85;235;town979;209;388;town1035;318;61;town945;243;372;town980;226;467;town1030;133;434;town987;318;437;town1041;149;68;town947;255;376;town921;366;470;town1009;332;320;town956;16;361;town925;223;494;town1023;374;494;town920;37;29;town937;490;218;town936;243;105;town1020;238;130;town997
131;town988;145;123;town1015;164;445;town1045
125;town1040;371;462;town1011
127;town906;475;361;town997;89;350;town960;226;330;town958;122;188;town959;263;359;town944;201;471;town951;478;417;town902

160;town1043;85;235;town979;209;388;town1035;318;61;town945;243;372;town980;226;467;town1030;133;434;town987;318;437;town1041;149;68;town947;255;376;town921;366;470;town1009;332;320;town956;16;361;town925;223;494;town1023;374;494;town920;37;29;town937;490;218;town936;243;105;town1020;238;130;town997
149;town918;81;366;town943;437;382;town994
170;town906;281;221;town1038;101;217;town1034;441;393;town994;235;259;town1001;383;117;town924;174;440;town992;151;77;town1006;420;428;town912;40;482;town903
155;town949;217;36;town1019;42;270;town977;253;330;town979;321;436;town919;412;69;town929;307;451;town1014;336;415;town911;294;274;town1023;296;198;town1020;141;117;town984;320;378;town960;258;17;town989;308;3;town917;262;214;town954;16;445;town1036;31;210;town1021;468;254;town978;422;240;town1025
142;town984;240;285;town1004;48;312;town1027;399;412;town993;242;394;town968
154;town1021;415;469;town940;68;463;town1024;361;493;town987
169;town1028;401;438;town1001;87;136;town999;466;76;town981;405;396;town982;443;421;town949;178;77;town932
137;town987;162;44;town954;330;327;town965;442;458;town929;284;354;town932;22;141;town970;204;213;town1007;49;240;town922;7;463;town950;149;116;town1025;454;142;town943;41;401;town997;333;142;town982;208;448;town902;375;113;town957;496;461;town941;30;449;town984;104;137;town913
167;town963;65;96;town926;37;303;to
127;town906;475;361;town997;89;350;town960;226;330;town958;122;188;town959;263;359;town944;201;471;town951;478;417;town902
146;town1035;103;315;town964;378;125;to
167;town963;65;96;town926;37;303;to
144;town1005;403;131;town1029;392;12;town1030;485;433;town1036;443;397;town968;117;415;town946;168;342;town1002;53;59;town1022;429;446;town1019;233;399;town981;349;70;town1045;20;337;town911;266;204;town986;51;98;town934;189;178;town977;22;105;town933;49;7;town949;210;430;town975;427;232;town996;28;218;town1046
165;town928;466;54;town938;109;421;town960;250;394;town965;9;402;town1014;104;410;town1033;373;284;town959;68;171;town974;222;234;town953;261;405;town956;230;188;town929
144;town1005;403;131;town1029;392;12;town1030;485;433;town1036;443;397;town968;117;415;town946;168;342;town1002;53;59;town1022;429;446;town1019;233;399;town981;349;70;town1045;20;337;town911;266;204;town986;51;98;town934;189;178;town977;22;105;town933;49;7;town949;210;430;town975;427;232;town996;28;218;town1046
171;town943;27;49;town1016;8;453;town958;85;111;town1018;245;80;town989
146;town1035;103;315;town964;378;125;to
158;town951;243;89;town991;151;392;town1030;96;125;town902;252;477;town1038;391;32;town1025;306;370;town929;79;221;town977;445;166;town906;83;277;town1040;287;22;town992;168;132;town967;343;465;town976;182;57;town927
153;town998;333;260;town1027;238;8;town919;376;455;town1017;220;175;town951;313;354;town959;214;126;town1036;369;49;town1005;287;200;town989;431;69;town946;313;259;town916;86;228;town944;303;24;town957;346;237;town961;404;443;town966;409;492;town986

134;town994;174;49;town963;227;88;town945;247;430;town995
142;town984;240;285;town1004;48;312;town1027;399;412;town993;242;394;town968
172;town949;193;138;town970;296;420;town957;60;402;town991;274;131;town929;490;483;town963;212;420;town987;402;55;town912;414;350;town993;41;126;town1040;334;17;town966;38;65;town980;431;54;town1017
159;town1011;389;26;town961;376;58;town908;180;357;town1040;77;445;town936;111;138;town994;130;404;town955;492;56;town1024
143;town1007;310;192;town906;386;46;town1003;326;438;town1039;257;337;town1018;382;480;town918;284;159;town915;168;411;town953;293;318;town1028;201;436;town1032;383;180;town1023;430;233;town996;336;234;town925;295;256;town951;494;347;town926;450;238;town969;72;332;town919;293;90;town928;369;353;town992
