





143;town960;336;361;town911;51;64;town996;410;128;town1042;93;383;town914;148;207;town938;24;382;town1013;266;375;town968;336;350;town949;200;477;town979;274;177;town990;407;161;town998;89;205;town1046

132;town962;405;466;town1029;162;173;town928;50;238;town965;337;356;town1046;126;102;town916;406;500;town1014;180;63;town1002;59;84;town1023;475;461;town992;493;359;town958



163;town971;55;182;town956;224;138;town981;464;122;town920;377;283;town909;137;129;town969;204;438;town976;134;223;town957;141;457;town965;274;323;town1022;366;374;town1010;378;281;town907;400;459;town929;177;50;town1009;301;358;town1037;283;321;town936;395;223;town1019;293;453;town998;12;31;town961;311;468;town978





146;town1034;10;97;town1048;143;201;t

170;town1001;284;220;town920;116;260;town936;221;339;town960;420;257;town991;398;217;town943;199;53;town979;145;360;town1041;381;348;town917;212;316;town1027;400;11;town1019;10;260;town1003;28;106;town1020;444;322;town1022

163;town971;55;182;town956;224;138;town981;464;122;town920;377;283;town909;137;129;town969;204;438;town976;134;223;town957;141;457;town965;274;323;town1022;366;374;town1010;378;281;town907;400;459;town929;177;50;town1009;301;358;town1037;283;321;town936;395;223;town1019;293;453;town998;12;31;town961;311;468;town978


132;town962;405;466;town1029;162;173;town928;50;238;town965;337;356;town1046;126;102;town916;406;500;town1014;180;63;town1002;59;84;town1023;475;461;town992;493;359;town958



144;town913;55;316;town967;148;479;town1033;148;252;town1001;473;475;town945;158;174;town1022;64;234;town1024;425;347;town911;200;306;town1030;326;389;town907;333;137;town953;126;219;town928;165;389;town1019;301;331;town904;130;468;town954;308;55;town966;400;253;town1015;330;377;town1042;127;237;town976


143;town960;336;361;town911;51;64;town996;410;128;town1042;93;383;town914;148;207;town938;24;382;town1013;266;375;town968;336;350;town949;200;477;town979;274;177;town990;407;161;town998;89;205;town1046

156;town997;117;94;town1006;79;264;town995
158;town1041;48;327;town1045;355;417;town1002;76;419;town1026;352;158;town991;82;262;town934;206;22;town1029;305;400;town916;14;276;town1036;144;146;town982;205;11;town1027;441;100;town997;56;323;town1039;466;355;town935;181;324;town920;246;188;town980;125;64;town906;243;333;town954
147;town931;20;409;town901;490;302;town964;327;40;town933;429;266;town1021;269;439;town1036;18;117;town998;165;267;town921;323;170;town937;212;47;town935;149;38;town984;300;9;town979;116;115;town1015;188;245;town1030;111;414;town1012;114;402;town1019;449;468;town909;385;317;town916




161;town1030;408;197;town932;315;268;town1029;342;313;town95

129;town916;206;131;town993;225;227;town1011;468;329;town982;146;60;town1038;187;262;town1007;489;29;town968;19;96;town1020;322;456;town964;318;139;town911
144;town913;55;316;town967;148;479;town1033;148;252;town1001;473;475;town945;158;174;town1022;64;234;town1024;425;347;town911;200;306;town1030;326;389;town907;333;137;town953;126;219;town928;165;389;town1019;301;331;town904;130;468;town954;308;55;town966;400;253;town1015;330;377;town1042;127;237;town976





163;town971;55;182;town956;224;138;town981;464;122;town920;377;283;town909;137;129;town969;204;438;town976;134;223;town957;141;457;town965;274;323;town1022;366;374;town1010;378;281;town907;400;459;town929;177;50;town1009;301;358;town1037;283;321;town936;395;223;town1019;293;453;town998;12;31;town961;311;468;town978
170;town1001;284;220;town920;116;260;town936;221;339;town960;420;257;town991;398;217;town943;199;53;town979;145;360;town1041;381;348;town917;212;316;town1027;400;11;town1019;10;260;town1003;28;106;town1020;444;322;town1022


130;town1009;198;477;town998;220;207;town937;160;327;town1049;134;15;town1048;300;130;town1035;330;120;town1043;114;33;town1000;245;439;town931;449;93;town1046;158;390;town986

144;town913;55;316;town967;148;479;town1033;148;252;town1001;473;475;town945;158;174;town1022;64;234;town1024;425;347;town911;200;306;town1030;326;389;town907;333;137;town953;126;219;town928;165;389;town1019;301;331;town904;130;468;town954;308;55;town966;400;253;town1015;330;377;town1042;127;237;town976
164;town1007;319;316;town902;270;119;town1002;99;346;town982;406;178;town928;421;86;town949;310;386;town988;416;406;town969;357;158;town914;64;41;town1017;41;322;town994;181;45;town1049;267;81;town952;277;377;town956
130;town1009;198;477;town998;220;207;town937;160;327;town1049;134;15;town1048;300;130;town1035;330;120;town1043;114;33;town1000;245;439;town931;449;93;town1046;158;390;town986
131;town1043;53;114;town1002;496;74;town1027


146;town1034;10;97;town1048;143;201;t
147;town931;20;409;town901;490;302;town964;327;40;town933;429;266;town1021;269;439;town1036;18;117;town998;165;267;town921;323;170;town937;212;47;town935;149;38;town984;300;9;town979;116;115;town1015;188;245;town1030;111;414;town1012;114;402;town1019;449;468;town909;385;317;town916
15;town986;20;72;town947;146;240;town972;218;176;town1002;343;204;town1039

153;town976;370;125;town1043;179;19;town1015;195;267;town945
156;town997;117;94;town1006;79;264;town995

158;town1041;48;327;town1045;355;417;town1002;76;419;town1026;352;158;town991;82;262;town934;206;22;town1029;305;400;town916;14;276;town1036;144;146;town982;205;11;town1027;441;100;town997;56;323;town1039;466;355;town935;181;324;town920;246;188;town980;125;64;town906;243;333;town954
163;town971;55;182;town956;224;138;town981;464;122;town920;377;283;town909;137;129;town969;204;438;town976;134;223;town957;141;457;town965;274;323;town1022;366;374;town1010;378;281;town907;400;459;town929;177;50;town1009;301;358;town1037;283;321;town936;395;223;town1019;293;453;town998;12;31;town961;311;468;town978

161;town1030;408;197;town932;315;268;town1029;342;313;town95
153;town976;370;125;town1043;179;19;town1015;195;267;town945


135;town908;486;98;town1014;470;48;town910;231;254;town1027;461;66;town1047;111;266;town998;165;325;town911;76;243;town1032;328;417;town

147;town931;20;409;town901;490;302;town964;327;40;town933;429;266;town1021;269;439;town1036;18;117;town998;165;267;town921;323;170;town937;212;47;town935;149;38;town984;300;9;town979;116;115;town1015;188;245;town1030;111;414;town1012;114;402;town1019;449;468;town909;385;317;town916
164;town1007;319;316;town902;270;119;town1002;99;346;town982;406;178;town928;421;86;town949;310;386;town988;416;406;town969;357;158;town914;64;41;town1017;41;322;town994;181;45;town1049;267;81;town952;277;377;town956
126;town1032;68;456;town1003;331;132;town943;441;265;town999;363;273;town957;186;95;town970;221;141;town1031;341;378;town983;230;290;town1036;481;353;town1048;10;457;town1030;31;289;town1008;380;431;town966;5;331;town1014;42;171;town1024;95;363;town933
138;town1013;136;380;town934;410;301;town935;477;305;town917;71;482;town1025
126;town1032;68;456;town1003;331;132;town943;441;265;town999;363;273;town957;186;95;town970;221;141;town1031;341;378;town983;230;290;town1036;481;353;town1048;10;457;town1030;31;289;town1008;380;431;town966;5;331;town1014;42;171;town1024;95;363;town933
165;town982;461;326;town984;315;288;town1027
130;town1009;198;477;town998;220;207;town937;160;327;town1049;134;15;town1048;300;130;town1035;330;120;town1043;114;33;town1000;245;439;town931;449;93;town1046;158;390;town986


161;town1030;408;197;town932;315;268;town1029;342;313;town95
136;town932;204;143;tow

150;town939;120;292;town1023;218;229;town1029;10;417;town1018;178;142;town911;483;327;town914;243;406;town976
136;town932;204;143;tow
163;town971;55;182;town956;224;138;town981;464;122;town920;377;283;town909;137;129;town969;204;438;town976;134;223;town957;141;457;town965;274;323;town1022;366;374;town1010;378;281;town907;400;459;town929;177;50;town1009;301;358;town1037;283;321;town936;395;223;town1019;293;453;town998;12;31;town961;311;468;town978
144;town913;55;316;town967;148;479;town1033;148;252;town1001;473;475;town945;158;174;town1022;64;234;town1024;425;347;town911;200;306;town1030;326;389;town907;333;137;town953;126;219;town928;165;389;town1019;301;331;town904;130;468;town954;308;55;town966;400;253;town1015;330;377;town1042;127;237;town976

125;town912;47;429;town960
141;town1042;412;346;town984;170;262;town914;343;254;town959;252;373;town948;400;97;town
163;town971;55;182;town956;224;138;town981;464;122;town920;377;283;town909;137;129;town969;204;438;town976;134;223;town957;141;457;town965;274;323;town1022;366;374;town1010;378;281;town907;400;459;town929;177;50;town1009;301;358;town1037;283;321;town936;395;223;town1019;293;453;town998;12;31;town961;311;468;town978
131;town1043;53;114;town1002;496;74;town1027
160;town919;178;271;town934;239;204;tow
152;town904;402;177;town1029;480;334;town996;174;132;town943;208;211;town1023;488;482;town935;500;497;town953;475;326;town948;242;395;town1049;233;264;town1025;257;237;town944;24;194;town1034
128;town986;163;435;town989;496;205;town955;290;50;town1028;148;15;town936;461;438;town1047;464;492;town937;86;52;town933;129;356;town949
147;town931;20;409;town901;490;302;town964;327;40;town933;429;266;town1021;269;439;town1036;18;117;town998;165;267;town921;323;170;town937;212;47;town935;149;38;town984;300;9;town979;116;115;town1015;188;245;town1030;111;414;town1012;114;402;town1019;449;468;town909;385;317;town916
164;town1007;319;316;town902;270;119;town1002;99;346;town982;406;178;town928;421;86;town949;310;386;town988;416;406;town969;357;158;town914;64;41;town1017;41;322;town994;181;45;town1049;267;81;town952;277;377;town956
138;town1013;136;380;town934;410;301;town935;477;305;town917;71;482;town1025

136;town932;204;143;tow

130;town1009;198;477;town998;220;207;town937;160;327;town1049;134;15;town1048;300;130;town1035;330;120;town1043;114;33;town1000;245;439;town931;449;93;town1046;158;390;town986
135;town908;486;98;town1014;470;48;town910;231;254;town1027;461;66;town1047;111;266;town998;165;325;town911;76;243;town1032;328;417;town
150;town939;120;292;town1023;218;229;town1029;10;417;town1018;178;142;town911;483;327;town914;243;406;town976
130;town1009;198;477;town998;220;207;town937;160;327;town1049;134;15;town1048;300;130;town1035;330;120;town1043;114;33;town1000;245;439;town931;449;93;town1046;158;390;town986
164;town1007;319;316;town902;270;119;town1002;99;346;town982;406;178;town928;421;86;town949;310;386;town988;416;406;town969;357;158;town914;64;41;town1017;41;322;town994;181;45;town1049;267;81;town952;277;377;town956
157;town1040;114;234;town913;379;163;town907;421;184;town972;319;78;town922;5;314;town934;252;327;town952;220;166;town923;331;325;town963;15;387;town969;47;170;town1022;327;84;town946;379;14;t
153;town976;370;125;town1043;179;19;town1015;195;267;town945
140;town954;411;166;town1046;400;322;town1030;64;403;town983;415;21;town951;434;222;town959;435;378;town988;183;363;town1027;294;491;town919;270;474;town942;471;252;town1042;499;89;town960;334;232;town990;112;348;town914
165;town982;461;326;town984;315;288;town1027
163;town971;55;182;town956;224;138;town981;464;122;town920;377;283;town909;137;129;town969;204;438;town976;134;223;town957;141;457;town965;274;323;town1022;366;374;town1010;378;281;town907;400;459;town929;177;50;town1009;301;358;town1037;283;321;town936;395;223;town1019;293;453;town998;12;31;town961;311;468;town978

137;town1049;246;141;town926;374;28;town1036;59;7;town1025;97;214;town1013;38;419;town916;69;303;town924;265;267;town992;198;198;town908;334;268;town949
140;town954;411;166;town1046;400;322;town1030;64;403;town983;415;21;town951;434;222;town959;435;378;town988;183;363;town1027;294;491;town919;270;474;town942;471;252;town1042;499;89;town960;334;232;town990;112;348;town914
165;town982;461;326;town984;315;288;town1027
130;town1009;198;477;town998;220;207;town937;160;327;town1049;134;15;town1048;300;130;town1035;330;120;town1043;114;33;town1000;245;439;town931;449;93;town1046;158;390;town986
131;town1043;53;114;town1002;496;74;town1027
138;town1013;136;380;town934;410;301;town935;477;305;town917;71;482;town1025
128;town986;163;435;town989;496;205;town955;290;50;town1028;148;15;town936;461;438;town1047;464;492;town937;86;52;town933;129;356;town949
158;town1041;48;327;town1045;355;417;town1002;76;419;town1026;352;158;town991;82;262;town934;206;22;town1029;305;400;town916;14;276;town1036;144;146;town982;205;11;town1027;441;100;town997;56;323;town1039;466;355;town935;181;324;town920;246;188;town980;125;64;town906;243;333;town954
133;town992;83;256;town948;386;179;town1014;298;357;town965;393;437;town1020;112;486;town913;190;383;town1042;339;450;town1047;25;468;town972;447;219;town991;307;241;town993;357;296;town924;278;106;town900;378;139;town922;154;270;town911
142;town924;276;395;town961;59;364;town903;464;223;town911
174;town1026;162;240;town983;265;242;town1042;222;369;town909;98;467;town913
140;town954;411;166;town1046;400;322;town1030;64;403;town983;415;21;town951;434;222;town959;435;378;town988;183;363;town1027;294;491;town919;270;474;town942;471;252;town1042;499;89;town960;334;232;town990;112;348;town914
140;town954;411;166;town1046;400;322;town1030;64;403;town983;415;21;town951;434;222;town959;435;378;town988;183;363;town1027;294;491;town919;270;474;town942;471;252;town1042;499;89;town960;334;232;town990;112;348;town914
166;town1015;317;85;town971;401;25;town1027;269;341;town1032;102;500;town959;469;277;town954;377;271;town920;412;340;town942;112;214;town946;490;20;town994;209;89;town915;159;281;town1044;35;484;town987;433;309;town936;314;258;town977
152;town904;402;177;town1029;480;334;town996;174;132;town943;208;211;town1023;488;482;town935;500;497;town953;475;326;town948;242;395;town1049;233;264;town1025;257;237;town944;24;194;town1034
162;town1041;484;26;town940;211;99;town1025;141;247;town916;399;293;town972;365;281;town964;66;401;town1006;392;132;town970;444;354;town930;325;260;town988;473;42;town955;122;316;town909;107;26;town1046;344;198;town960
174;town1026;162;240;town983;265;242;town1042;222;369;town909;98;467;town913
159;town963;255;183;town1049;151;453;town920;480;167;town1012
137;town1049;246;141;town926;374;28;town1036;59;7;town1025;97;214;town1013;38;419;town916;69;303;town924;265;267;town992;198;198;town908;334;268;town949
144;town913;55;316;town967;148;479;town1033;148;252;town1001;473;475;town945;158;174;town1022;64;234;town1024;425;347;town911;200;306;town1030;326;389;town907;333;137;town953;126;219;town928;165;389;town1019;301;331;town904;130;468;town954;308;55;town966;400;253;town1015;330;377;town1042;127;237;town976
141;town1042;412;346;town984;170;262;town914;343;254;town959;252;373;town948;400;97;town
156;town997;117;94;town1006;79;264;town995
169;town1030;488;61;town927;21;183;town918;260;72;town908;90;477;town1022;206;360;town929
168;town984;396;43;town936;196;138;town1004;125;18;town1044;363;31;town990;30;353;town967;70;189;town941;482;66;to
174;town1026;162;240;town983;265;242;town1042;222;369;town909;98;467;town913
130;town1009;198;477;town998;220;207;town937;160;327;town1049;134;15;town1048;300;130;town1035;330;120;town1043;114;33;town1000;245;439;town931;449;93;town1046;158;390;town986
166;town1015;317;85;town971;401;25;town1027;269;341;town1032;102;500;town959;469;277;town954;377;271;town920;412;340;town942;112;214;town946;490;20;town994;209;89;town915;159;281;town1044;35;484;town987;433;309;town936;314;258;town977
159;town963;255;183;town1049;151;453;town920;480;167;town1012
128;town986;163;435;town989;496;205;town955;290;50;town1028;148;15;town936;461;438;town1047;464;492;town937;86;52;town933;129;356;town949
139;town901;147;253;town979;164;467;town987
134;town1048;263;403;town911;184;40;town985;273;326;town1002;402;439;town916;268;475;town1044;270;269;town964;104;425;town932;76;253;town909;117;315;town990;432;318;town902;77;388;town1032;116;251;town1017;239;447;town900
139;town901;147;253;town979;164;467;town987
159;town963;255;183;town1049;151;453;town920;480;167;town1012
166;town1015;317;85;town971;401;25;town1027;269;341;town1032;102;500;town959;469;277;town954;377;271;town920;412;340;town942;112;214;town946;490;20;town994;209;89;town915;159;281;town1044;35;484;town987;433;309;town936;314;258;town977
142;town924;276;395;town961;59;364;town903;464;223;town911
129;town916;206;131;town993;225;227;town1011;468;329;town982;146;60;town1038;187;262;town1007;489;29;town968;19;96;town1020;322;456;town964;318;139;town911
167;town1027;417;80;town979;69;66;town1001;458;199;town1046;275;130;town990
164;town1007;319;316;town902;270;119;town1002;99;346;town982;406;178;town928;421;86;town949;310;386;town988;416;406;town969;357;158;town914;64;41;town1017;41;322;town994;181;45;town1049;267;81;town952;277;377;town956
