






135;town927;337;169;town975;460;107;town1000;385;392;town940;446;239;town997;256;186;town957;152;192;town909;324;320;town1016;23;340;town938;328;354;town964;473;361;town902;322;50;town981;454;278;town1047;352;386;town922;33;439;town1013;168;9;town969;296;280;town1022;289;206;town953;495;107;town1044;426;493;town906









164;town947;388;344;town994;492;5;town1029;244;200;town951;212;332;town934;195;65;town909;376;134;town1026;250;371;town1046;276;500;town992;51;169;town999;262;436;town1033




155;town911;6;29;town1048;401;19;town1045;432;493;town986;85;83;town915;165;25;town964;120;131;town947;90;406;town1010;106;316;town968;57;5;town1009;338;411;town920;6;491;town949;153;495;town916;29;36;town963;337;31;town1038;297;171;town1039;221;253;town940







125;town961;224;300;town1039;304;137;town957;363;285;town1000

171;town1001;355;77;town904;407;358;town924;327;371;town1036;500;369;town1022;496;444;town907;480;100;town1025;366;146;town942;269;98;town911;167;482;town961;233;175;town976;249;128;town920;238;91;town931;235;98;town1031;319;489;town1020;318;158;town1042;191;81;town940
155;town911;6;29;town1048;401;19;town1045;432;493;town986;85;83;town915;165;25;town964;120;131;town947;90;406;town1010;106;316;town968;57;5;town1009;338;411;town920;6;491;town949;153;495;town916;29;36;town963;337;31;town1038;297;171;town1039;221;253;town940




169;town1046;499;271;town1006;7;448;town1004;176;64;town1045
173;town920;443;67;town1044;24;243;town913;494;218;town1021;90;208;town930

147;town971;22;336;town957;312;434;town1038;429;32;town999;446;460;town1039;342;494;town930;494;485;town1010;374;360;town967;10;447;town1007;95;174;town954;158;278;town979;305;169;town936;252;440;town1023;354;483;town1047;434;6;town1026;191;110;town966

125;town961;224;300;town1039;304;137;town957;363;285;town1000

127;town1007;395;339;town994;378;158;town902;175;122;town1044;381;205;town959;120;241;town1039;43;185;town988;359;327;town909;344;86;town911;191;108;town1002;250;403;town1034;310;10;town1006;92;310;town956;159;196;town967;119;218;town999;377;434;town960;262;195;town939
131;town962;500;124;town974;326;243;town1033;218;240;town944;287;242;town1022;7;45;town1039;177;147;town1041;412;41;town911;70;74;town901;198;182;town1029;24;67;town980;363;338;town905;439;121;town991

127;town1007;395;339;town994;378;158;town902;175;122;town1044;381;205;town959;120;241;town1039;43;185;town988;359;327;town909;344;86;town911;191;108;town1002;250;403;town1034;310;10;town1006;92;310;town956;159;196;town967;119;218;town999;377;434;town960;262;195;town939




146;town998;315;329;town944;418;316;town1019
161;town912;149;145;town979;461;194;town1022;74;113;town972;294;486;town924;238;378;town956;172;423;town1005;370;113;town949;242;79;town918;132;70;town99
135;town927;337;169;town975;460;107;town1000;385;392;town940;446;239;town997;256;186;town957;152;192;town909;324;320;town1016;23;340;town938;328;354;town964;473;361;town902;322;50;town981;454;278;town1047;352;386;town922;33;439;town1013;168;9;town969;296;280;town1022;289;206;town953;495;107;town1044;426;493;town906

125;town961;224;300;town1039;304;137;town957;363;285;town1000

133;town1042;24;442;town927
139;town1015;181;229;town910;430;438;town903;97;351;town949;479;202;town937
125;town961;224;300;town1039;304;137;town957;363;285;town1000
127;town1007;395;339;town994;378;158;town902;175;122;town1044;381;205;town959;120;241;town1039;43;185;town988;359;327;town909;344;86;town911;191;108;town1002;250;403;town1034;310;10;town1006;92;310;town956;159;196;town967;119;218;town999;377;434;town960;262;195;town939




164;town947;388;344;town994;492;5;town1029;244;200;town951;212;332;town934;195;65;town909;376;134;town1026;250;371;town1046;276;500;town992;51;169;town999;262;436;town1033
137;town910;160;452;town1047;395;381;town1014;457;465;town986;434;250;town991;114;309;town1026;241;91;town1019;364;470;town907;118;355;town968;111;374;town955;4;334;town976
144;town995;315;152;town967;199;391;town1011;192;89;town917;399;414;town919;136;13;town925;292;435;town1045;358;478;town913;193;307;town905;273;73;town958;230;144;town1006;256;16;town914;495;305;town927;143;56;town1009;482;494;town1018;341;320;town932;10;152;town1013;413;258;town1016;248;385;town981;442;228;town1000
147;town971;22;336;town957;312;434;town1038;429;32;town999;446;460;town1039;342;494;town930;494;485;town1010;374;360;town967;10;447;town1007;95;174;town954;158;278;town979;305;169;town936;252;440;town1023;354;483;town1047;434;6;town1026;191;110;town966

133;town1042;24;442;town927
131;town962;500;124;town974;326;243;town1033;218;240;town944;287;242;town1022;7;45;town1039;177;147;town1041;412;41;town911;70;74;town901;198;182;town1029;24;67;town980;363;338;town905;439;121;town991



152;town987;429;32;town905;74;452;town1045;153;217;town965;56;188;town1003;217;397;town1048;294;276;town920;303;136;town1037;487;345;town926;83;211;town960;44;349;town1033;370;436;town990;140;53;town936
161;town912;149;145;town979;461;194;town1022;74;113;town972;294;486;town924;238;378;town956;172;423;town1005;370;113;town949;242;79;town918;132;70;town99
151;town996;267;396;town962;225;444;town


153;town1004;393;420;town942;300;449;town1003;349;209;town945;493;462;town932;447;57;town1027;147;128;town921;470;234;town999
169;town1046;499;271;town1006;7;448;town1004;176;64;town1045
131;town962;500;124;town974;326;243;town1033;218;240;town944;287;242;town1022;7;45;town1039;177;147;town1041;412;41;town911;70;74;town901;198;182;town1029;24;67;town980;363;338;town905;439;121;town991
128;town904;404;447;town1006;56;456;tow

159;town916;314;222;town915;485;372;town1032;55;459;town1041;346;122;town982;329;7;town968;136;9;tow
135;town927;337;169;town975;460;107;town1000;385;392;town940;446;239;town997;256;186;town957;152;192;town909;324;320;town1016;23;340;town938;328;354;town964;473;361;town902;322;50;town981;454;278;town1047;352;386;town922;33;439;town1013;168;9;town969;296;280;town1022;289;206;town953;495;107;town1044;426;493;town906
144;town995;315;152;town967;199;391;town1011;192;89;town917;399;414;town919;136;13;town925;292;435;town1045;358;478;town913;193;307;town905;273;73;town958;230;144;town1006;256;16;town914;495;305;town927;143;56;town1009;482;494;town1018;341;320;town932;10;152;town1013;413;258;town1016;248;385;town981;442;228;town1000

155;town911;6;29;town1048;401;19;town1045;432;493;town986;85;83;town915;165;25;town964;120;131;town947;90;406;town1010;106;316;town968;57;5;town1009;338;411;town920;6;491;town949;153;495;town916;29;36;town963;337;31;town1038;297;171;town1039;221;253;town940



171;town1001;355;77;town904;407;358;town924;327;371;town1036;500;369;town1022;496;444;town907;480;100;town1025;366;146;town942;269;98;town911;167;482;town961;233;175;town976;249;128;town920;238;91;town931;235;98;town1031;319;489;town1020;318;158;town1042;191;81;town940
137;town910;160;452;town1047;395;381;town1014;457;465;town986;434;250;town991;114;309;town1026;241;91;town1019;364;470;town907;118;355;town968;111;374;town955;4;334;town976
141;town1020;43;99;town901;238;366;town951;475;45;town904;455;362;town940;369;474;town946;335;396;town938;34;360;town967;235;284;town939;332;147;town962;467;186;town909;205;46;town1043
125;town961;224;300;town1039;304;137;town957;363;285;town1000
131;town962;500;124;town974;326;243;town1033;218;240;town944;287;242;town1022;7;45;town1039;177;147;town1041;412;41;town911;70;74;town901;198;182;town1029;24;67;town980;363;338;town905;439;121;town991
172;town967;290;411;town1047;163;98;town1042;236;204;town1005;322;164;town989;137;253;town959;188;262;town934;476;385;town1045;449;449;town982;77;272;town919;333;467;town1009;75;440;town1040

161;town912;149;145;town979;461;194;town1022;74;113;town972;294;486;town924;238;378;town956;172;423;town1005;370;113;town949;242;79;town918;132;70;town99
125;town961;224;300;town1039;304;137;town957;363;285;town1000
151;town996;267;396;town962;225;444;town
167;town910;342;307;town927;500;379;town918;497;134;town995;57;403;town9
140;town1019;266;118;town915;113;346;town1041
165;town917;336;413;town934;235;486;town923;467;33;town937;104;420;town1032;230;170;town971;254;488;town939;42;131;town935;206;106;town943;472;408;town924;283;70;town1003
155;town911;6;29;town1048;401;19;town1045;432;493;town986;85;83;town915;165;25;town964;120;131;town947;90;406;town1010;106;316;town968;57;5;town1009;338;411;town920;6;491;town949;153;495;town916;29;36;town963;337;31;town1038;297;171;town1039;221;253;town940
148;town1024;479;333;town945;479;478;town1036;480;125;town952;207;118;town975

160;town957;134;482;town98
127;town1007;395;339;town994;378;158;town902;175;122;town1044;381;205;town959;120;241;town1039;43;185;town988;359;327;town909;344;86;town911;191;108;town1002;250;403;town1034;310;10;town1006;92;310;town956;159;196;town967;119;218;town999;377;434;town960;262;195;town939
130;town994;110;384;town948;6;484;town952
159;town916;314;222;town915;485;372;town1032;55;459;town1041;346;122;town982;329;7;town968;136;9;tow
165;town917;336;413;town934;235;486;town923;467;33;town937;104;420;town1032;230;170;town971;254;488;town939;42;131;town935;206;106;town943;472;408;town924;283;70;town1003
152;town987;429;32;town905;74;452;town1045;153;217;town965;56;188;town1003;217;397;town1048;294;276;town920;303;136;town1037;487;345;town926;83;211;town960;44;349;town1033;370;436;town990;140;53;town936

133;town1042;24;442;town927

134;town906;305;414;town1026;221;357;town911;178;250;town923;246;392;town1039;394;397;town1027;193;222;town925
162;town991;77;280;town956;199;399;town93
172;town967;290;411;town1047;163;98;town1042;236;204;town1005;322;164;town989;137;253;town959;188;262;town934;476;385;town1045;449;449;town982;77;272;town919;333;467;town1009;75;440;town1040
135;town927;337;169;town975;460;107;town1000;385;392;town940;446;239;town997;256;186;town957;152;192;town909;324;320;town1016;23;340;town938;328;354;town964;473;361;town902;322;50;town981;454;278;town1047;352;386;town922;33;439;town1013;168;9;town969;296;280;town1022;289;206;town953;495;107;town1044;426;493;town906
166;town992;442;156;town1018;41;193;town926;265;421;town903;409;335;town1032;294;391;town1042;426;267;town1043;110;108;town1025;111;336;town980;493;325;town943;418;381;town997;70;355;town954;86;393;town1046;78;24;town1001;241;429;town968;226;435;town1026;327;441;town1024;412;428;town955;432;363;town1031;339;300;town1002
140;town1019;266;118;town915;113;346;town1041
142;town921;480;327;town993;57;89;town1014;28;289;town990;430;425;town902;184;381;town957;75;368;town918;131;107;town963;86;432;town1043;107;102;town932;378;416;town946;275;437;town979;374;480;town927;138;213;town948;422;427;town904
125;town961;224;300;town1039;304;137;town957;363;285;town1000
144;town995;315;152;town967;199;391;town1011;192;89;town917;399;414;town919;136;13;town925;292;435;town1045;358;478;town913;193;307;town905;273;73;town958;230;144;town1006;256;16;town914;495;305;town927;143;56;town1009;482;494;town1018;341;320;town932;10;152;town1013;413;258;town1016;248;385;town981;442;228;town1000
156;town1001;248;227;town901;333;257;town913;300;167;town1025;116;393;town1036;378;150;town941;37;365;town927;423;333;town907;34;270;town979

130;town994;110;384;town948;6;484;town952
133;town1042;24;442;town927
145;town901;16;4;town949;132;325;town900;261;448;town1046;107;6;town929;430;145;town968;77;190;town995;437;36;town919;196;160;town972
169;town1046;499;271;town1006;7;448;town1004;176;64;town1045
125;town961;224;300;town1039;304;137;town957;363;285;town1000
147;town971;22;336;town957;312;434;town1038;429;32;town999;446;460;town1039;342;494;town930;494;485;town1010;374;360;town967;10;447;town1007;95;174;town954;158;278;town979;305;169;town936;252;440;town1023;354;483;town1047;434;6;town1026;191;110;town966
148;town1024;479;333;town945;479;478;town1036;480;125;town952;207;118;town975

145;town901;16;4;town949;132;325;town900;261;448;town1046;107;6;town929;430;145;town968;77;190;town995;437;36;town919;196;160;town972
146;town998;315;329;town944;418;316;town1019
141;town1020;43;99;town901;238;366;town951;475;45;town904;455;362;town940;369;474;town946;335;396;town938;34;360;town967;235;284;town939;332;147;town962;467;186;town909;205;46;town1043
156;town1001;248;227;town901;333;257;town913;300;167;town1025;116;393;town1036;378;150;town941;37;365;town927;423;333;town907;34;270;town979
135;town927;337;169;town975;460;107;town1000;385;392;town940;446;239;town997;256;186;town957;152;192;town909;324;320;town1016;23;340;town938;328;354;town964;473;361;town902;322;50;town981;454;278;town1047;352;386;town922;33;439;town1013;168;9;town969;296;280;town1022;289;206;town953;495;107;town1044;426;493;town906
160;town957;134;482;town98
133;town1042;24;442;town927

150;town968;160;495;town921;175;12;town1026;108;371;town980;466;262;town912;448;21;town918;421;299;town950;227;327;town970;27;349;town1038;154;186;town1015;291;121;town916;475;392;town979;118;121;town949;184;117;town1033;121;143;town942
130;town994;110;384;town948;6;484;town952

143;town910;361;310;town997;109;496;town952;260;204;town100
172;town967;290;411;town1047;163;98;town1042;236;204;town1005;322;164;town989;137;253;town959;188;262;town934;476;385;town1045;449;449;town982;77;272;town919;333;467;town1009;75;440;town1040
149;town934;433;11;town996;44;290;town956;468;120;town1000;170;480;town1018;67;97;town900;480;20;town930;165;404;town917;17;10;town1043;191;354;town922;401;356;tow
154;town914;48;456;town916;216;470;town988;331;415;town1021;357;336;town981;341;33;town985;459;176;town1023;61;481;town911;381;432;town987;361;130;town929;97;321;town1012
165;town917;336;413;town934;235;486;town923;467;33;town937;104;420;town1032;230;170;town971;254;488;town939;42;131;town935;206;106;town943;472;408;town924;283;70;town1003
128;town904;404;447;town1006;56;456;tow
143;town910;361;310;town997;109;496;town952;260;204;town100
172;town967;290;411;town1047;163;98;town1042;236;204;town1005;322;164;town989;137;253;town959;188;262;town934;476;385;town1045;449;449;town982;77;272;town919;333;467;town1009;75;440;town1040
159;town916;314;222;town915;485;372;town1032;55;459;town1041;346;122;town982;329;7;town968;136;9;tow
135;town927;337;169;town975;460;107;town1000;385;392;town940;446;239;town997;256;186;town957;152;192;town909;324;320;town1016;23;340;town938;328;354;town964;473;361;town902;322;50;town981;454;278;town1047;352;386;town922;33;439;town1013;168;9;town969;296;280;town1022;289;206;town953;495;107;town1044;426;493;town906
160;town957;134;482;town98
165;town917;336;413;town934;235;486;town923;467;33;town937;104;420;town1032;230;170;town971;254;488;town939;42;131;town935;206;106;town943;472;408;town924;283;70;town1003
155;town911;6;29;town1048;401;19;town1045;432;493;town986;85;83;town915;165;25;town964;120;131;town947;90;406;town1010;106;316;town968;57;5;town1009;338;411;town920;6;491;town949;153;495;town916;29;36;town963;337;31;town1038;297;171;town1039;221;253;town940
144;town995;315;152;town967;199;391;town1011;192;89;town917;399;414;town919;136;13;town925;292;435;town1045;358;478;town913;193;307;town905;273;73;town958;230;144;town1006;256;16;town914;495;305;town927;143;56;town1009;482;494;town1018;341;320;town932;10;152;town1013;413;258;town1016;248;385;town981;442;228;town1000
152;town987;429;32;town905;74;452;town1045;153;217;town965;56;188;town1003;217;397;town1048;294;276;town920;303;136;town1037;487;345;town926;83;211;town960;44;349;town1033;370;436;town990;140;53;town936
160;town957;134;482;town98
174;town1023;167;271;town928;19;186;town1010;457;343;town975;364;51;town1028;378;261;town
173;town920;443;67;town1044;24;243;town913;494;218;town1021;90;208;town930
144;town995;315;152;town967;199;391;town1011;192;89;town917;399;414;town919;136;13;town925;292;435;town1045;358;478;town913;193;307;town905;273;73;town958;230;144;town1006;256;16;town914;495;305;town927;143;56;town1009;482;494;town1018;341;320;town932;10;152;town1013;413;258;town1016;248;385;town981;442;228;town1000
130;town994;110;384;town948;6;484;town952
138;town981;101;124;town993;391;204;town912;475;330;town913;334;48;town1028;205;210;town1048;161;413;town900;270;401;town983;452;467;town1026;456;76;town955
133;town1042;24;442;town927
126;town970;375;220;town969;76;86;town964;440;71;town1013;179;466;town945;323;371;town936;324;291;town1002;433;384;town1012;476;306;town916;237;115;town950
167;town910;342;307;town927;500;379;town918;497;134;town995;57;403;town9
147;town971;22;336;town957;312;434;town1038;429;32;town999;446;460;town1039;342;494;town930;494;485;town1010;374;360;town967;10;447;town1007;95;174;town954;158;278;town979;305;169;town936;252;440;town1023;354;483;town1047;434;6;town1026;191;110;town966
129;town980;129;155;town1027;116;126;town902;225;358;town993;69;461;town1023;429;12;town961
156;town1001;248;227;town901;333;257;town913;300;167;town1025;116;393;town1036;378;150;town941;37;365;town927;423;333;town907;34;270;town979
154;town914;48;456;town916;216;470;town988;331;415;town1021;357;336;town981;341;33;town985;459;176;town1023;61;481;town911;381;432;town987;361;130;town929;97;321;town1012
157;town984;316;406;town1001;2;188;town1031;319;239;town917;52;341;town923;361;209;town1002;453;301;town1028;447;460;town931
167;town910;342;307;town927;500;379;town918;497;134;town995;57;403;town9
153;town1004;393;420;town942;300;449;town1003;349;209;town945;493;462;town932;447;57;town1027;147;128;town921;470;234;town999
149;town934;433;11;town996;44;290;town956;468;120;town1000;170;480;town1018;67;97;town900;480;20;town930;165;404;town917;17;10;town1043;191;354;town922;401;356;tow
159;town916;314;222;town915;485;372;town1032;55;459;town1041;346;122;town982;329;7;town968;136;9;tow
125;town961;224;300;town1039;304;137;town957;363;285;town1000
133;town1042;24;442;town927
150;town968;160;495;town921;175;12;town1026;108;371;town980;466;262;town912;448;21;town918;421;299;town950;227;327;town970;27;349;town1038;154;186;town1015;291;121;town916;475;392;town979;118;121;town949;184;117;town1033;121;143;town942
166;town992;442;156;town1018;41;193;town926;265;421;town903;409;335;town1032;294;391;town1042;426;267;town1043;110;108;town1025;111;336;town980;493;325;town943;418;381;town997;70;355;town954;86;393;town1046;78;24;town1001;241;429;town968;226;435;town1026;327;441;town1024;412;428;town955;432;363;town1031;339;300;town1002
151;town996;267;396;town962;225;444;town
167;town910;342;307;town927;500;379;town918;497;134;town995;57;403;town9
147;town971;22;336;town957;312;434;town1038;429;32;town999;446;460;town1039;342;494;town930;494;485;town1010;374;360;town967;10;447;town1007;95;174;town954;158;278;town979;305;169;town936;252;440;town1023;354;483;town1047;434;6;town1026;191;110;town966
173;town920;443;67;town1044;24;243;town913;494;218;town1021;90;208;town930
155;town911;6;29;town1048;401;19;town1045;432;493;town986;85;83;town915;165;25;town964;120;131;town947;90;406;town1010;106;316;town968;57;5;town1009;338;411;town920;6;491;town949;153;495;town916;29;36;town963;337;31;town1038;297;171;town1039;221;253;town940
134;town906;305;414;town1026;221;357;town911;178;250;town923;246;392;town1039;394;397;town1027;193;222;town925
142;town921;480;9293;town993;57;89;town1014;28;289;town990;430;425;town902;184;381;town957;75;368;town918;131;107;town963;86;432;town1043;107;102;town932;378;416;town946;275;437;town979;374;480;town927;138;213;town948;422;427;town904
162;town991;77;280;town956;199;399;town93
169;town1046;499;271;town1006;7;448;town1004;176;64;town1045
131;town962;500;124;town974;326;243;town1033;218;240;town944;287;242;town1022;7;45;town1039;177;147;town1041;412;41;town911;70;74;town901;198;182;town1029;24;67;town980;363;338;town905;439;121;town991
155;town911;6;29;town1048;401;19;town1045;432;493;town986;85;83;town915;165;25;town964;120;131;town947;90;406;town1010;106;316;town968;57;5;town1009;338;411;town920;6;491;town949;153;495;town916;29;36;town963;337;31;town1038;297;171;town1039;221;253;town940
135;town927;337;169;town975;460;107;town1000;385;392;town940;446;239;town997;256;186;town957;152;192;town909;324;320;town1016;23;340;town938;328;354;town964;473;361;town902;322;50;town981;454;278;town1047;352;386;town922;33;439;town1013;168;9;town969;296;280;town1022;289;206;town953;495;107;town1044;426;493;town906
143;town910;361;310;town997;109;496;town952;260;204;town100
